<?xml version="1.0" encoding="UTF-8"?>
<testsuite name="com.jbilling.test.TestVerifyOrderProvisioningTaskTriggersEvent" tests="1" skipped="0" failures="1" errors="0" timestamp="2016-08-09T09:07:55" hostname="Shashank-PC" time="136.929">
  <properties/>
  <testcase name="testVerifyOrderProvisioningTaskTriggersEvent" classname="com.jbilling.test.TestVerifyOrderProvisioningTaskTriggersEvent" time="136.929">
    <failure message="java.lang.Exception: No list item found with value &quot;&quot; in its list element" type="java.lang.Exception">java.lang.Exception: No list item found with value &quot;&quot; in its list element
	at com.jbilling.framework.interfaces.impl.selenium.BrowserSelenium._getListItem(BrowserSelenium.java:256)
	at com.jbilling.framework.interfaces.impl.selenium.BrowserSelenium.selectListItem(BrowserSelenium.java:853)
	at com.jbilling.framework.pageclasses.CustomersPage.selectcustomer(CustomersPage.java:1402)
	at com.jbilling.framework.pageclasses.CustomersPage.selectCustomerToAddOrder(CustomersPage.java:1446)
	at com.jbilling.test.TestVerifyOrderProvisioningTaskTriggersEvent.testVerifyOrderProvisioningTaskTriggersEvent(TestVerifyOrderProvisioningTaskTriggersEvent.java:44)
	at sun.reflect.NativeMethodAccessorImpl.invoke0(Native Method)
	at sun.reflect.NativeMethodAccessorImpl.invoke(NativeMethodAccessorImpl.java:62)
	at sun.reflect.DelegatingMethodAccessorImpl.invoke(DelegatingMethodAccessorImpl.java:43)
	at java.lang.reflect.Method.invoke(Method.java:497)
	at org.testng.internal.MethodInvocationHelper.invokeMethod(MethodInvocationHelper.java:86)
	at org.testng.internal.Invoker.invokeMethod(Invoker.java:643)
	at org.testng.internal.Invoker.invokeTestMethod(Invoker.java:820)
	at org.testng.internal.Invoker.invokeTestMethods(Invoker.java:1128)
	at org.testng.internal.TestMethodWorker.invokeTestMethods(TestMethodWorker.java:129)
	at org.testng.internal.TestMethodWorker.run(TestMethodWorker.java:112)
	at org.testng.TestRunner.privateRun(TestRunner.java:782)
	at org.testng.TestRunner.run(TestRunner.java:632)
	at org.testng.SuiteRunner.runTest(SuiteRunner.java:366)
	at org.testng.SuiteRunner.runSequentially(SuiteRunner.java:361)
	at org.testng.SuiteRunner.privateRun(SuiteRunner.java:319)
	at org.testng.SuiteRunner.run(SuiteRunner.java:268)
	at org.testng.SuiteRunnerWorker.runSuite(SuiteRunnerWorker.java:52)
	at org.testng.SuiteRunnerWorker.run(SuiteRunnerWorker.java:86)
	at org.testng.TestNG.runSuitesSequentially(TestNG.java:1244)
	at org.testng.TestNG.runSuitesLocally(TestNG.java:1169)
	at org.testng.TestNG.run(TestNG.java:1064)
	at org.gradle.api.internal.tasks.testing.testng.TestNGTestClassProcessor.runTests(TestNGTestClassProcessor.java:133)
	at org.gradle.api.internal.tasks.testing.testng.TestNGTestClassProcessor.stop(TestNGTestClassProcessor.java:83)
	at org.gradle.api.internal.tasks.testing.SuiteTestClassProcessor.stop(SuiteTestClassProcessor.java:61)
	at sun.reflect.NativeMethodAccessorImpl.invoke0(Native Method)
	at sun.reflect.NativeMethodAccessorImpl.invoke(NativeMethodAccessorImpl.java:62)
	at sun.reflect.DelegatingMethodAccessorImpl.invoke(DelegatingMethodAccessorImpl.java:43)
	at java.lang.reflect.Method.invoke(Method.java:497)
	at org.gradle.messaging.dispatch.ReflectionDispatch.dispatch(ReflectionDispatch.java:35)
	at org.gradle.messaging.dispatch.ReflectionDispatch.dispatch(ReflectionDispatch.java:24)
	at org.gradle.messaging.dispatch.ContextClassLoaderDispatch.dispatch(ContextClassLoaderDispatch.java:32)
	at org.gradle.messaging.dispatch.ProxyDispatchAdapter$DispatchingInvocationHandler.invoke(ProxyDispatchAdapter.java:93)
	at com.sun.proxy.$Proxy2.stop(Unknown Source)
	at org.gradle.api.internal.tasks.testing.worker.TestWorker.stop(TestWorker.java:120)
	at sun.reflect.NativeMethodAccessorImpl.invoke0(Native Method)
	at sun.reflect.NativeMethodAccessorImpl.invoke(NativeMethodAccessorImpl.java:62)
	at sun.reflect.DelegatingMethodAccessorImpl.invoke(DelegatingMethodAccessorImpl.java:43)
	at java.lang.reflect.Method.invoke(Method.java:497)
	at org.gradle.messaging.dispatch.ReflectionDispatch.dispatch(ReflectionDispatch.java:35)
	at org.gradle.messaging.dispatch.ReflectionDispatch.dispatch(ReflectionDispatch.java:24)
	at org.gradle.messaging.remote.internal.hub.MessageHub$Handler.run(MessageHub.java:364)
	at org.gradle.internal.concurrent.ExecutorPolicy$CatchAndRecordFailures.onExecute(ExecutorPolicy.java:54)
	at org.gradle.internal.concurrent.StoppableExecutorImpl$1.run(StoppableExecutorImpl.java:40)
	at java.util.concurrent.ThreadPoolExecutor.runWorker(ThreadPoolExecutor.java:1142)
	at java.util.concurrent.ThreadPoolExecutor$Worker.run(ThreadPoolExecutor.java:617)
	at java.lang.Thread.run(Thread.java:745)
</failure>
  </testcase>
  <system-out><![CDATA[14:37:55,245 INFO  [TestVerifyOrderProvisioningTaskTriggersEvent] ENTER --> (testVerifyOrderProvisioningTaskTriggersEvent)
14:37:55,245 INFO  [BrowserSelenium] ENTER --> (clickLinkText)
14:37:55,245 INFO  [BrowserSelenium] ENTER --> (_waitForElement) --> Waiting for element: null
14:37:55,246 INFO  [BrowserSelenium] ENTER --> (waitForElement)
14:38:03,229 INFO  [BrowserSelenium] ENTER --> (_getByLocator)
14:38:03,229 INFO  [BrowserSelenium] (_getByLocator) -> Getting locator for null
14:38:03,229 INFO  [BrowserSelenium] (_getByLocator) -> Locator info found for XPATH attribute as: //a[@href='/jbilling/config/index']
14:38:03,229 INFO  [BrowserSelenium] ENTER --> (_parseElementOnXpath)
14:38:03,230 INFO  [BrowserSelenium] (_parseElementOnXpath) -> //a[@href='/jbilling/config/index'] is used
14:38:03,230 INFO  [BrowserSelenium] EXIT --> (_parseElementOnXpath)
14:38:03,230 INFO  [BrowserSelenium] EXIT --> (_getByLocator)
14:38:03,262 INFO  [BrowserSelenium] ENTER --> (_getByLocator)
14:38:03,262 INFO  [BrowserSelenium] (_getByLocator) -> Getting locator for null
14:38:03,263 INFO  [BrowserSelenium] (_getByLocator) -> Locator info found for XPATH attribute as: //a[@href='/jbilling/config/index']
14:38:03,263 INFO  [BrowserSelenium] ENTER --> (_parseElementOnXpath)
14:38:03,263 INFO  [BrowserSelenium] (_parseElementOnXpath) -> //a[@href='/jbilling/config/index'] is used
14:38:03,263 INFO  [BrowserSelenium] EXIT --> (_parseElementOnXpath)
14:38:03,263 INFO  [BrowserSelenium] EXIT --> (_getByLocator)
14:38:03,287 INFO  [BrowserSelenium] ENTER --> (_getByLocator)
14:38:03,287 INFO  [BrowserSelenium] (_getByLocator) -> Getting locator for null
14:38:03,288 INFO  [BrowserSelenium] (_getByLocator) -> Locator info found for XPATH attribute as: //a[@href='/jbilling/config/index']
14:38:03,288 INFO  [BrowserSelenium] ENTER --> (_parseElementOnXpath)
14:38:03,288 INFO  [BrowserSelenium] (_parseElementOnXpath) -> //a[@href='/jbilling/config/index'] is used
14:38:03,288 INFO  [BrowserSelenium] EXIT --> (_parseElementOnXpath)
14:38:03,288 INFO  [BrowserSelenium] EXIT --> (_getByLocator)
14:38:03,309 INFO  [BrowserSelenium] ENTER --> (_getByLocator)
14:38:03,309 INFO  [BrowserSelenium] (_getByLocator) -> Getting locator for null
14:38:03,309 INFO  [BrowserSelenium] (_getByLocator) -> Locator info found for XPATH attribute as: //a[@href='/jbilling/config/index']
14:38:03,309 INFO  [BrowserSelenium] ENTER --> (_parseElementOnXpath)
14:38:03,310 INFO  [BrowserSelenium] (_parseElementOnXpath) -> //a[@href='/jbilling/config/index'] is used
14:38:03,310 INFO  [BrowserSelenium] EXIT --> (_parseElementOnXpath)
14:38:03,310 INFO  [BrowserSelenium] EXIT --> (_getByLocator)
14:38:03,362 INFO  [BrowserSelenium] ENTER --> (_getByLocator)
14:38:03,362 INFO  [BrowserSelenium] (_getByLocator) -> Getting locator for null
14:38:03,363 INFO  [BrowserSelenium] (_getByLocator) -> Locator info found for XPATH attribute as: //a[@href='/jbilling/config/index']
14:38:03,363 INFO  [BrowserSelenium] ENTER --> (_parseElementOnXpath)
14:38:03,363 INFO  [BrowserSelenium] (_parseElementOnXpath) -> //a[@href='/jbilling/config/index'] is used
14:38:03,363 INFO  [BrowserSelenium] EXIT --> (_parseElementOnXpath)
14:38:03,363 INFO  [BrowserSelenium] EXIT --> (_getByLocator)
14:38:03,396 INFO  [BrowserSelenium] ENTER --> (_getByLocator)
14:38:03,396 INFO  [BrowserSelenium] (_getByLocator) -> Getting locator for null
14:38:03,396 INFO  [BrowserSelenium] (_getByLocator) -> Locator info found for XPATH attribute as: //a[@href='/jbilling/config/index']
14:38:03,397 INFO  [BrowserSelenium] ENTER --> (_parseElementOnXpath)
14:38:03,397 INFO  [BrowserSelenium] (_parseElementOnXpath) -> //a[@href='/jbilling/config/index'] is used
14:38:03,397 INFO  [BrowserSelenium] EXIT --> (_parseElementOnXpath)
14:38:03,398 INFO  [BrowserSelenium] EXIT --> (_getByLocator)
14:38:03,433 INFO  [BrowserSelenium] ENTER --> (_getByLocator)
14:38:03,433 INFO  [BrowserSelenium] (_getByLocator) -> Getting locator for null
14:38:03,433 INFO  [BrowserSelenium] (_getByLocator) -> Locator info found for XPATH attribute as: //a[@href='/jbilling/config/index']
14:38:03,433 INFO  [BrowserSelenium] ENTER --> (_parseElementOnXpath)
14:38:03,434 INFO  [BrowserSelenium] (_parseElementOnXpath) -> //a[@href='/jbilling/config/index'] is used
14:38:03,434 INFO  [BrowserSelenium] EXIT --> (_parseElementOnXpath)
14:38:03,434 INFO  [BrowserSelenium] EXIT --> (_getByLocator)
14:38:03,463 INFO  [BrowserSelenium] ENTER --> (_getByLocator)
14:38:03,463 INFO  [BrowserSelenium] (_getByLocator) -> Getting locator for null
14:38:03,464 INFO  [BrowserSelenium] (_getByLocator) -> Locator info found for XPATH attribute as: //a[@href='/jbilling/config/index']
14:38:03,464 INFO  [BrowserSelenium] ENTER --> (_parseElementOnXpath)
14:38:03,464 INFO  [BrowserSelenium] (_parseElementOnXpath) -> //a[@href='/jbilling/config/index'] is used
14:38:03,464 INFO  [BrowserSelenium] EXIT --> (_parseElementOnXpath)
14:38:03,464 INFO  [BrowserSelenium] EXIT --> (_getByLocator)
14:38:03,499 INFO  [BrowserSelenium] ENTER --> (_getByLocator)
14:38:03,499 INFO  [BrowserSelenium] (_getByLocator) -> Getting locator for null
14:38:03,499 INFO  [BrowserSelenium] (_getByLocator) -> Locator info found for XPATH attribute as: //a[@href='/jbilling/config/index']
14:38:03,499 INFO  [BrowserSelenium] ENTER --> (_parseElementOnXpath)
14:38:03,500 INFO  [BrowserSelenium] (_parseElementOnXpath) -> //a[@href='/jbilling/config/index'] is used
14:38:03,500 INFO  [BrowserSelenium] EXIT --> (_parseElementOnXpath)
14:38:03,500 INFO  [BrowserSelenium] EXIT --> (_getByLocator)
14:38:03,530 INFO  [BrowserSelenium] ENTER --> (_getByLocator)
14:38:03,530 INFO  [BrowserSelenium] (_getByLocator) -> Getting locator for null
14:38:03,530 INFO  [BrowserSelenium] (_getByLocator) -> Locator info found for XPATH attribute as: //a[@href='/jbilling/config/index']
14:38:03,531 INFO  [BrowserSelenium] ENTER --> (_parseElementOnXpath)
14:38:03,531 INFO  [BrowserSelenium] (_parseElementOnXpath) -> //a[@href='/jbilling/config/index'] is used
14:38:03,531 INFO  [BrowserSelenium] EXIT --> (_parseElementOnXpath)
14:38:03,531 INFO  [BrowserSelenium] EXIT --> (_getByLocator)
14:38:03,566 INFO  [BrowserSelenium] ENTER --> (_getByLocator)
14:38:03,566 INFO  [BrowserSelenium] (_getByLocator) -> Getting locator for null
14:38:03,566 INFO  [BrowserSelenium] (_getByLocator) -> Locator info found for XPATH attribute as: //a[@href='/jbilling/config/index']
14:38:03,566 INFO  [BrowserSelenium] ENTER --> (_parseElementOnXpath)
14:38:03,567 INFO  [BrowserSelenium] (_parseElementOnXpath) -> //a[@href='/jbilling/config/index'] is used
14:38:03,567 INFO  [BrowserSelenium] EXIT --> (_parseElementOnXpath)
14:38:03,567 INFO  [BrowserSelenium] EXIT --> (_getByLocator)
14:38:03,599 INFO  [BrowserSelenium] ENTER --> (_getByLocator)
14:38:03,600 INFO  [BrowserSelenium] (_getByLocator) -> Getting locator for null
14:38:03,600 INFO  [BrowserSelenium] (_getByLocator) -> Locator info found for XPATH attribute as: //a[@href='/jbilling/config/index']
14:38:03,600 INFO  [BrowserSelenium] ENTER --> (_parseElementOnXpath)
14:38:03,600 INFO  [BrowserSelenium] (_parseElementOnXpath) -> //a[@href='/jbilling/config/index'] is used
14:38:03,601 INFO  [BrowserSelenium] EXIT --> (_parseElementOnXpath)
14:38:03,601 INFO  [BrowserSelenium] EXIT --> (_getByLocator)
14:38:03,633 INFO  [BrowserSelenium] ENTER --> (_getByLocator)
14:38:03,634 INFO  [BrowserSelenium] (_getByLocator) -> Getting locator for null
14:38:03,634 INFO  [BrowserSelenium] (_getByLocator) -> Locator info found for XPATH attribute as: //a[@href='/jbilling/config/index']
14:38:03,635 INFO  [BrowserSelenium] ENTER --> (_parseElementOnXpath)
14:38:03,635 INFO  [BrowserSelenium] (_parseElementOnXpath) -> //a[@href='/jbilling/config/index'] is used
14:38:03,635 INFO  [BrowserSelenium] EXIT --> (_parseElementOnXpath)
14:38:03,635 INFO  [BrowserSelenium] EXIT --> (_getByLocator)
14:38:03,676 INFO  [BrowserSelenium] ENTER --> (_getByLocator)
14:38:03,676 INFO  [BrowserSelenium] (_getByLocator) -> Getting locator for null
14:38:03,677 INFO  [BrowserSelenium] (_getByLocator) -> Locator info found for XPATH attribute as: //a[@href='/jbilling/config/index']
14:38:03,677 INFO  [BrowserSelenium] ENTER --> (_parseElementOnXpath)
14:38:03,677 INFO  [BrowserSelenium] (_parseElementOnXpath) -> //a[@href='/jbilling/config/index'] is used
14:38:03,678 INFO  [BrowserSelenium] EXIT --> (_parseElementOnXpath)
14:38:03,678 INFO  [BrowserSelenium] EXIT --> (_getByLocator)
14:38:03,803 INFO  [BrowserSelenium] ENTER --> (_getByLocator)
14:38:03,804 INFO  [BrowserSelenium] (_getByLocator) -> Getting locator for null
14:38:03,804 INFO  [BrowserSelenium] (_getByLocator) -> Locator info found for XPATH attribute as: //a[@href='/jbilling/config/index']
14:38:03,804 INFO  [BrowserSelenium] ENTER --> (_parseElementOnXpath)
14:38:03,804 INFO  [BrowserSelenium] (_parseElementOnXpath) -> //a[@href='/jbilling/config/index'] is used
14:38:03,804 INFO  [BrowserSelenium] EXIT --> (_parseElementOnXpath)
14:38:03,804 INFO  [BrowserSelenium] EXIT --> (_getByLocator)
14:38:03,828 INFO  [BrowserSelenium] ENTER --> (_getByLocator)
14:38:03,828 INFO  [BrowserSelenium] (_getByLocator) -> Getting locator for null
14:38:03,828 INFO  [BrowserSelenium] (_getByLocator) -> Locator info found for XPATH attribute as: //a[@href='/jbilling/config/index']
14:38:03,828 INFO  [BrowserSelenium] ENTER --> (_parseElementOnXpath)
14:38:03,828 INFO  [BrowserSelenium] (_parseElementOnXpath) -> //a[@href='/jbilling/config/index'] is used
14:38:03,828 INFO  [BrowserSelenium] EXIT --> (_parseElementOnXpath)
14:38:03,829 INFO  [BrowserSelenium] EXIT --> (_getByLocator)
14:38:03,846 INFO  [BrowserSelenium] ENTER --> (_getByLocator)
14:38:03,846 INFO  [BrowserSelenium] (_getByLocator) -> Getting locator for null
14:38:03,846 INFO  [BrowserSelenium] (_getByLocator) -> Locator info found for XPATH attribute as: //a[@href='/jbilling/config/index']
14:38:03,846 INFO  [BrowserSelenium] ENTER --> (_parseElementOnXpath)
14:38:03,846 INFO  [BrowserSelenium] (_parseElementOnXpath) -> //a[@href='/jbilling/config/index'] is used
14:38:03,847 INFO  [BrowserSelenium] EXIT --> (_parseElementOnXpath)
14:38:03,847 INFO  [BrowserSelenium] EXIT --> (_getByLocator)
14:38:03,865 INFO  [BrowserSelenium] ENTER --> (_getByLocator)
14:38:03,865 INFO  [BrowserSelenium] (_getByLocator) -> Getting locator for null
14:38:03,865 INFO  [BrowserSelenium] (_getByLocator) -> Locator info found for XPATH attribute as: //a[@href='/jbilling/config/index']
14:38:03,865 INFO  [BrowserSelenium] ENTER --> (_parseElementOnXpath)
14:38:03,865 INFO  [BrowserSelenium] (_parseElementOnXpath) -> //a[@href='/jbilling/config/index'] is used
14:38:03,866 INFO  [BrowserSelenium] EXIT --> (_parseElementOnXpath)
14:38:03,866 INFO  [BrowserSelenium] EXIT --> (_getByLocator)
14:38:03,884 INFO  [BrowserSelenium] ENTER --> (_getByLocator)
14:38:03,884 INFO  [BrowserSelenium] (_getByLocator) -> Getting locator for null
14:38:03,884 INFO  [BrowserSelenium] (_getByLocator) -> Locator info found for XPATH attribute as: //a[@href='/jbilling/config/index']
14:38:03,884 INFO  [BrowserSelenium] ENTER --> (_parseElementOnXpath)
14:38:03,884 INFO  [BrowserSelenium] (_parseElementOnXpath) -> //a[@href='/jbilling/config/index'] is used
14:38:03,884 INFO  [BrowserSelenium] EXIT --> (_parseElementOnXpath)
14:38:03,885 INFO  [BrowserSelenium] EXIT --> (_getByLocator)
14:38:03,917 INFO  [BrowserSelenium] ENTER --> (_getByLocator)
14:38:03,917 INFO  [BrowserSelenium] (_getByLocator) -> Getting locator for null
14:38:03,917 INFO  [BrowserSelenium] (_getByLocator) -> Locator info found for XPATH attribute as: //a[@href='/jbilling/config/index']
14:38:03,917 INFO  [BrowserSelenium] ENTER --> (_parseElementOnXpath)
14:38:03,918 INFO  [BrowserSelenium] (_parseElementOnXpath) -> //a[@href='/jbilling/config/index'] is used
14:38:03,918 INFO  [BrowserSelenium] EXIT --> (_parseElementOnXpath)
14:38:03,918 INFO  [BrowserSelenium] EXIT --> (_getByLocator)
14:38:03,939 INFO  [BrowserSelenium] ENTER --> (_getByLocator)
14:38:03,940 INFO  [BrowserSelenium] (_getByLocator) -> Getting locator for null
14:38:03,940 INFO  [BrowserSelenium] (_getByLocator) -> Locator info found for XPATH attribute as: //a[@href='/jbilling/config/index']
14:38:03,940 INFO  [BrowserSelenium] ENTER --> (_parseElementOnXpath)
14:38:03,940 INFO  [BrowserSelenium] (_parseElementOnXpath) -> //a[@href='/jbilling/config/index'] is used
14:38:03,941 INFO  [BrowserSelenium] EXIT --> (_parseElementOnXpath)
14:38:03,941 INFO  [BrowserSelenium] EXIT --> (_getByLocator)
14:38:03,961 INFO  [BrowserSelenium] ENTER --> (_getByLocator)
14:38:03,961 INFO  [BrowserSelenium] (_getByLocator) -> Getting locator for null
14:38:03,961 INFO  [BrowserSelenium] (_getByLocator) -> Locator info found for XPATH attribute as: //a[@href='/jbilling/config/index']
14:38:03,961 INFO  [BrowserSelenium] ENTER --> (_parseElementOnXpath)
14:38:03,962 INFO  [BrowserSelenium] (_parseElementOnXpath) -> //a[@href='/jbilling/config/index'] is used
14:38:03,962 INFO  [BrowserSelenium] EXIT --> (_parseElementOnXpath)
14:38:03,962 INFO  [BrowserSelenium] EXIT --> (_getByLocator)
14:38:03,982 INFO  [BrowserSelenium] ENTER --> (_getByLocator)
14:38:03,983 INFO  [BrowserSelenium] (_getByLocator) -> Getting locator for null
14:38:03,983 INFO  [BrowserSelenium] (_getByLocator) -> Locator info found for XPATH attribute as: //a[@href='/jbilling/config/index']
14:38:03,983 INFO  [BrowserSelenium] ENTER --> (_parseElementOnXpath)
14:38:03,983 INFO  [BrowserSelenium] (_parseElementOnXpath) -> //a[@href='/jbilling/config/index'] is used
14:38:03,983 INFO  [BrowserSelenium] EXIT --> (_parseElementOnXpath)
14:38:03,983 INFO  [BrowserSelenium] EXIT --> (_getByLocator)
14:38:04,006 INFO  [BrowserSelenium] ENTER --> (_getByLocator)
14:38:04,006 INFO  [BrowserSelenium] (_getByLocator) -> Getting locator for null
14:38:04,006 INFO  [BrowserSelenium] (_getByLocator) -> Locator info found for XPATH attribute as: //a[@href='/jbilling/config/index']
14:38:04,006 INFO  [BrowserSelenium] ENTER --> (_parseElementOnXpath)
14:38:04,006 INFO  [BrowserSelenium] (_parseElementOnXpath) -> //a[@href='/jbilling/config/index'] is used
14:38:04,007 INFO  [BrowserSelenium] EXIT --> (_parseElementOnXpath)
14:38:04,007 INFO  [BrowserSelenium] EXIT --> (_getByLocator)
14:38:04,027 INFO  [BrowserSelenium] ENTER --> (_getByLocator)
14:38:04,027 INFO  [BrowserSelenium] (_getByLocator) -> Getting locator for null
14:38:04,027 INFO  [BrowserSelenium] (_getByLocator) -> Locator info found for XPATH attribute as: //a[@href='/jbilling/config/index']
14:38:04,027 INFO  [BrowserSelenium] ENTER --> (_parseElementOnXpath)
14:38:04,028 INFO  [BrowserSelenium] (_parseElementOnXpath) -> //a[@href='/jbilling/config/index'] is used
14:38:04,028 INFO  [BrowserSelenium] EXIT --> (_parseElementOnXpath)
14:38:04,028 INFO  [BrowserSelenium] EXIT --> (_getByLocator)
14:38:04,047 INFO  [BrowserSelenium] ENTER --> (_getByLocator)
14:38:04,048 INFO  [BrowserSelenium] (_getByLocator) -> Getting locator for null
14:38:04,048 INFO  [BrowserSelenium] (_getByLocator) -> Locator info found for XPATH attribute as: //a[@href='/jbilling/config/index']
14:38:04,048 INFO  [BrowserSelenium] ENTER --> (_parseElementOnXpath)
14:38:04,048 INFO  [BrowserSelenium] (_parseElementOnXpath) -> //a[@href='/jbilling/config/index'] is used
14:38:04,048 INFO  [BrowserSelenium] EXIT --> (_parseElementOnXpath)
14:38:04,049 INFO  [BrowserSelenium] EXIT --> (_getByLocator)
14:38:04,070 INFO  [BrowserSelenium] ENTER --> (_getByLocator)
14:38:04,071 INFO  [BrowserSelenium] (_getByLocator) -> Getting locator for null
14:38:04,071 INFO  [BrowserSelenium] (_getByLocator) -> Locator info found for XPATH attribute as: //a[@href='/jbilling/config/index']
14:38:04,071 INFO  [BrowserSelenium] ENTER --> (_parseElementOnXpath)
14:38:04,071 INFO  [BrowserSelenium] (_parseElementOnXpath) -> //a[@href='/jbilling/config/index'] is used
14:38:04,071 INFO  [BrowserSelenium] EXIT --> (_parseElementOnXpath)
14:38:04,071 INFO  [BrowserSelenium] EXIT --> (_getByLocator)
14:38:04,091 INFO  [BrowserSelenium] ENTER --> (_getByLocator)
14:38:04,091 INFO  [BrowserSelenium] (_getByLocator) -> Getting locator for null
14:38:04,091 INFO  [BrowserSelenium] (_getByLocator) -> Locator info found for XPATH attribute as: //a[@href='/jbilling/config/index']
14:38:04,091 INFO  [BrowserSelenium] ENTER --> (_parseElementOnXpath)
14:38:04,091 INFO  [BrowserSelenium] (_parseElementOnXpath) -> //a[@href='/jbilling/config/index'] is used
14:38:04,091 INFO  [BrowserSelenium] EXIT --> (_parseElementOnXpath)
14:38:04,092 INFO  [BrowserSelenium] EXIT --> (_getByLocator)
14:38:04,109 INFO  [BrowserSelenium] ENTER --> (_getByLocator)
14:38:04,110 INFO  [BrowserSelenium] (_getByLocator) -> Getting locator for null
14:38:04,110 INFO  [BrowserSelenium] (_getByLocator) -> Locator info found for XPATH attribute as: //a[@href='/jbilling/config/index']
14:38:04,110 INFO  [BrowserSelenium] ENTER --> (_parseElementOnXpath)
14:38:04,110 INFO  [BrowserSelenium] (_parseElementOnXpath) -> //a[@href='/jbilling/config/index'] is used
14:38:04,110 INFO  [BrowserSelenium] EXIT --> (_parseElementOnXpath)
14:38:04,110 INFO  [BrowserSelenium] EXIT --> (_getByLocator)
14:38:04,131 INFO  [BrowserSelenium] ENTER --> (_getByLocator)
14:38:04,131 INFO  [BrowserSelenium] (_getByLocator) -> Getting locator for null
14:38:04,131 INFO  [BrowserSelenium] (_getByLocator) -> Locator info found for XPATH attribute as: //a[@href='/jbilling/config/index']
14:38:04,131 INFO  [BrowserSelenium] ENTER --> (_parseElementOnXpath)
14:38:04,131 INFO  [BrowserSelenium] (_parseElementOnXpath) -> //a[@href='/jbilling/config/index'] is used
14:38:04,132 INFO  [BrowserSelenium] EXIT --> (_parseElementOnXpath)
14:38:04,132 INFO  [BrowserSelenium] EXIT --> (_getByLocator)
14:38:04,152 INFO  [BrowserSelenium] ENTER --> (_getByLocator)
14:38:04,152 INFO  [BrowserSelenium] (_getByLocator) -> Getting locator for null
14:38:04,152 INFO  [BrowserSelenium] (_getByLocator) -> Locator info found for XPATH attribute as: //a[@href='/jbilling/config/index']
14:38:04,153 INFO  [BrowserSelenium] ENTER --> (_parseElementOnXpath)
14:38:04,153 INFO  [BrowserSelenium] (_parseElementOnXpath) -> //a[@href='/jbilling/config/index'] is used
14:38:04,153 INFO  [BrowserSelenium] EXIT --> (_parseElementOnXpath)
14:38:04,153 INFO  [BrowserSelenium] EXIT --> (_getByLocator)
14:38:04,173 INFO  [BrowserSelenium] ENTER --> (_getByLocator)
14:38:04,174 INFO  [BrowserSelenium] (_getByLocator) -> Getting locator for null
14:38:04,174 INFO  [BrowserSelenium] (_getByLocator) -> Locator info found for XPATH attribute as: //a[@href='/jbilling/config/index']
14:38:04,174 INFO  [BrowserSelenium] ENTER --> (_parseElementOnXpath)
14:38:04,174 INFO  [BrowserSelenium] (_parseElementOnXpath) -> //a[@href='/jbilling/config/index'] is used
14:38:04,174 INFO  [BrowserSelenium] EXIT --> (_parseElementOnXpath)
14:38:04,174 INFO  [BrowserSelenium] EXIT --> (_getByLocator)
14:38:04,195 INFO  [BrowserSelenium] ENTER --> (_getByLocator)
14:38:04,196 INFO  [BrowserSelenium] (_getByLocator) -> Getting locator for null
14:38:04,196 INFO  [BrowserSelenium] (_getByLocator) -> Locator info found for XPATH attribute as: //a[@href='/jbilling/config/index']
14:38:04,196 INFO  [BrowserSelenium] ENTER --> (_parseElementOnXpath)
14:38:04,196 INFO  [BrowserSelenium] (_parseElementOnXpath) -> //a[@href='/jbilling/config/index'] is used
14:38:04,196 INFO  [BrowserSelenium] EXIT --> (_parseElementOnXpath)
14:38:04,196 INFO  [BrowserSelenium] EXIT --> (_getByLocator)
14:38:04,214 INFO  [BrowserSelenium] ENTER --> (_getByLocator)
14:38:04,214 INFO  [BrowserSelenium] (_getByLocator) -> Getting locator for null
14:38:04,215 INFO  [BrowserSelenium] (_getByLocator) -> Locator info found for XPATH attribute as: //a[@href='/jbilling/config/index']
14:38:04,215 INFO  [BrowserSelenium] ENTER --> (_parseElementOnXpath)
14:38:04,215 INFO  [BrowserSelenium] (_parseElementOnXpath) -> //a[@href='/jbilling/config/index'] is used
14:38:04,215 INFO  [BrowserSelenium] EXIT --> (_parseElementOnXpath)
14:38:04,215 INFO  [BrowserSelenium] EXIT --> (_getByLocator)
14:38:04,234 INFO  [BrowserSelenium] ENTER --> (_getByLocator)
14:38:04,235 INFO  [BrowserSelenium] (_getByLocator) -> Getting locator for null
14:38:04,235 INFO  [BrowserSelenium] (_getByLocator) -> Locator info found for XPATH attribute as: //a[@href='/jbilling/config/index']
14:38:04,235 INFO  [BrowserSelenium] ENTER --> (_parseElementOnXpath)
14:38:04,235 INFO  [BrowserSelenium] (_parseElementOnXpath) -> //a[@href='/jbilling/config/index'] is used
14:38:04,235 INFO  [BrowserSelenium] EXIT --> (_parseElementOnXpath)
14:38:04,235 INFO  [BrowserSelenium] EXIT --> (_getByLocator)
14:38:04,260 INFO  [BrowserSelenium] ENTER --> (_getByLocator)
14:38:04,260 INFO  [BrowserSelenium] (_getByLocator) -> Getting locator for null
14:38:04,260 INFO  [BrowserSelenium] (_getByLocator) -> Locator info found for XPATH attribute as: //a[@href='/jbilling/config/index']
14:38:04,261 INFO  [BrowserSelenium] ENTER --> (_parseElementOnXpath)
14:38:04,261 INFO  [BrowserSelenium] (_parseElementOnXpath) -> //a[@href='/jbilling/config/index'] is used
14:38:04,261 INFO  [BrowserSelenium] EXIT --> (_parseElementOnXpath)
14:38:04,261 INFO  [BrowserSelenium] EXIT --> (_getByLocator)
14:38:04,287 INFO  [BrowserSelenium] ENTER --> (_getByLocator)
14:38:04,287 INFO  [BrowserSelenium] (_getByLocator) -> Getting locator for null
14:38:04,287 INFO  [BrowserSelenium] (_getByLocator) -> Locator info found for XPATH attribute as: //a[@href='/jbilling/config/index']
14:38:04,288 INFO  [BrowserSelenium] ENTER --> (_parseElementOnXpath)
14:38:04,288 INFO  [BrowserSelenium] (_parseElementOnXpath) -> //a[@href='/jbilling/config/index'] is used
14:38:04,288 INFO  [BrowserSelenium] EXIT --> (_parseElementOnXpath)
14:38:04,288 INFO  [BrowserSelenium] EXIT --> (_getByLocator)
14:38:04,309 INFO  [BrowserSelenium] ENTER --> (_getByLocator)
14:38:04,309 INFO  [BrowserSelenium] (_getByLocator) -> Getting locator for null
14:38:04,310 INFO  [BrowserSelenium] (_getByLocator) -> Locator info found for XPATH attribute as: //a[@href='/jbilling/config/index']
14:38:04,310 INFO  [BrowserSelenium] ENTER --> (_parseElementOnXpath)
14:38:04,310 INFO  [BrowserSelenium] (_parseElementOnXpath) -> //a[@href='/jbilling/config/index'] is used
14:38:04,310 INFO  [BrowserSelenium] EXIT --> (_parseElementOnXpath)
14:38:04,310 INFO  [BrowserSelenium] EXIT --> (_getByLocator)
14:38:04,327 INFO  [BrowserSelenium] ENTER --> (_getByLocator)
14:38:04,328 INFO  [BrowserSelenium] (_getByLocator) -> Getting locator for null
14:38:04,328 INFO  [BrowserSelenium] (_getByLocator) -> Locator info found for XPATH attribute as: //a[@href='/jbilling/config/index']
14:38:04,328 INFO  [BrowserSelenium] ENTER --> (_parseElementOnXpath)
14:38:04,328 INFO  [BrowserSelenium] (_parseElementOnXpath) -> //a[@href='/jbilling/config/index'] is used
14:38:04,328 INFO  [BrowserSelenium] EXIT --> (_parseElementOnXpath)
14:38:04,329 INFO  [BrowserSelenium] EXIT --> (_getByLocator)
14:38:04,349 INFO  [BrowserSelenium] ENTER --> (_getByLocator)
14:38:04,350 INFO  [BrowserSelenium] (_getByLocator) -> Getting locator for null
14:38:04,350 INFO  [BrowserSelenium] (_getByLocator) -> Locator info found for XPATH attribute as: //a[@href='/jbilling/config/index']
14:38:04,350 INFO  [BrowserSelenium] ENTER --> (_parseElementOnXpath)
14:38:04,350 INFO  [BrowserSelenium] (_parseElementOnXpath) -> //a[@href='/jbilling/config/index'] is used
14:38:04,350 INFO  [BrowserSelenium] EXIT --> (_parseElementOnXpath)
14:38:04,350 INFO  [BrowserSelenium] EXIT --> (_getByLocator)
14:38:04,370 INFO  [BrowserSelenium] ENTER --> (_getByLocator)
14:38:04,370 INFO  [BrowserSelenium] (_getByLocator) -> Getting locator for null
14:38:04,370 INFO  [BrowserSelenium] (_getByLocator) -> Locator info found for XPATH attribute as: //a[@href='/jbilling/config/index']
14:38:04,370 INFO  [BrowserSelenium] ENTER --> (_parseElementOnXpath)
14:38:04,371 INFO  [BrowserSelenium] (_parseElementOnXpath) -> //a[@href='/jbilling/config/index'] is used
14:38:04,371 INFO  [BrowserSelenium] EXIT --> (_parseElementOnXpath)
14:38:04,371 INFO  [BrowserSelenium] EXIT --> (_getByLocator)
14:38:04,388 INFO  [BrowserSelenium] ENTER --> (_getByLocator)
14:38:04,388 INFO  [BrowserSelenium] (_getByLocator) -> Getting locator for null
14:38:04,388 INFO  [BrowserSelenium] (_getByLocator) -> Locator info found for XPATH attribute as: //a[@href='/jbilling/config/index']
14:38:04,389 INFO  [BrowserSelenium] ENTER --> (_parseElementOnXpath)
14:38:04,389 INFO  [BrowserSelenium] (_parseElementOnXpath) -> //a[@href='/jbilling/config/index'] is used
14:38:04,389 INFO  [BrowserSelenium] EXIT --> (_parseElementOnXpath)
14:38:04,389 INFO  [BrowserSelenium] EXIT --> (_getByLocator)
14:38:04,410 INFO  [BrowserSelenium] ENTER --> (_getByLocator)
14:38:04,410 INFO  [BrowserSelenium] (_getByLocator) -> Getting locator for null
14:38:04,411 INFO  [BrowserSelenium] (_getByLocator) -> Locator info found for XPATH attribute as: //a[@href='/jbilling/config/index']
14:38:04,411 INFO  [BrowserSelenium] ENTER --> (_parseElementOnXpath)
14:38:04,411 INFO  [BrowserSelenium] (_parseElementOnXpath) -> //a[@href='/jbilling/config/index'] is used
14:38:04,411 INFO  [BrowserSelenium] EXIT --> (_parseElementOnXpath)
14:38:04,411 INFO  [BrowserSelenium] EXIT --> (_getByLocator)
14:38:04,432 INFO  [BrowserSelenium] ENTER --> (_getByLocator)
14:38:04,432 INFO  [BrowserSelenium] (_getByLocator) -> Getting locator for null
14:38:04,432 INFO  [BrowserSelenium] (_getByLocator) -> Locator info found for XPATH attribute as: //a[@href='/jbilling/config/index']
14:38:04,432 INFO  [BrowserSelenium] ENTER --> (_parseElementOnXpath)
14:38:04,433 INFO  [BrowserSelenium] (_parseElementOnXpath) -> //a[@href='/jbilling/config/index'] is used
14:38:04,433 INFO  [BrowserSelenium] EXIT --> (_parseElementOnXpath)
14:38:04,433 INFO  [BrowserSelenium] EXIT --> (_getByLocator)
14:38:04,455 INFO  [BrowserSelenium] ENTER --> (_getByLocator)
14:38:04,455 INFO  [BrowserSelenium] (_getByLocator) -> Getting locator for null
14:38:04,456 INFO  [BrowserSelenium] (_getByLocator) -> Locator info found for XPATH attribute as: //a[@href='/jbilling/config/index']
14:38:04,456 INFO  [BrowserSelenium] ENTER --> (_parseElementOnXpath)
14:38:04,456 INFO  [BrowserSelenium] (_parseElementOnXpath) -> //a[@href='/jbilling/config/index'] is used
14:38:04,456 INFO  [BrowserSelenium] EXIT --> (_parseElementOnXpath)
14:38:04,456 INFO  [BrowserSelenium] EXIT --> (_getByLocator)
14:38:04,476 INFO  [BrowserSelenium] ENTER --> (_getByLocator)
14:38:04,476 INFO  [BrowserSelenium] (_getByLocator) -> Getting locator for null
14:38:04,476 INFO  [BrowserSelenium] (_getByLocator) -> Locator info found for XPATH attribute as: //a[@href='/jbilling/config/index']
14:38:04,476 INFO  [BrowserSelenium] ENTER --> (_parseElementOnXpath)
14:38:04,476 INFO  [BrowserSelenium] (_parseElementOnXpath) -> //a[@href='/jbilling/config/index'] is used
14:38:04,476 INFO  [BrowserSelenium] EXIT --> (_parseElementOnXpath)
14:38:04,477 INFO  [BrowserSelenium] EXIT --> (_getByLocator)
14:38:04,495 INFO  [BrowserSelenium] ENTER --> (_getByLocator)
14:38:04,495 INFO  [BrowserSelenium] (_getByLocator) -> Getting locator for null
14:38:04,495 INFO  [BrowserSelenium] (_getByLocator) -> Locator info found for XPATH attribute as: //a[@href='/jbilling/config/index']
14:38:04,495 INFO  [BrowserSelenium] ENTER --> (_parseElementOnXpath)
14:38:04,495 INFO  [BrowserSelenium] (_parseElementOnXpath) -> //a[@href='/jbilling/config/index'] is used
14:38:04,495 INFO  [BrowserSelenium] EXIT --> (_parseElementOnXpath)
14:38:04,495 INFO  [BrowserSelenium] EXIT --> (_getByLocator)
14:38:04,513 INFO  [BrowserSelenium] ENTER --> (_getByLocator)
14:38:04,513 INFO  [BrowserSelenium] (_getByLocator) -> Getting locator for null
14:38:04,513 INFO  [BrowserSelenium] (_getByLocator) -> Locator info found for XPATH attribute as: //a[@href='/jbilling/config/index']
14:38:04,513 INFO  [BrowserSelenium] ENTER --> (_parseElementOnXpath)
14:38:04,513 INFO  [BrowserSelenium] (_parseElementOnXpath) -> //a[@href='/jbilling/config/index'] is used
14:38:04,513 INFO  [BrowserSelenium] EXIT --> (_parseElementOnXpath)
14:38:04,513 INFO  [BrowserSelenium] EXIT --> (_getByLocator)
14:38:04,534 INFO  [BrowserSelenium] ENTER --> (_getByLocator)
14:38:04,535 INFO  [BrowserSelenium] (_getByLocator) -> Getting locator for null
14:38:04,535 INFO  [BrowserSelenium] (_getByLocator) -> Locator info found for XPATH attribute as: //a[@href='/jbilling/config/index']
14:38:04,535 INFO  [BrowserSelenium] ENTER --> (_parseElementOnXpath)
14:38:04,535 INFO  [BrowserSelenium] (_parseElementOnXpath) -> //a[@href='/jbilling/config/index'] is used
14:38:04,535 INFO  [BrowserSelenium] EXIT --> (_parseElementOnXpath)
14:38:04,535 INFO  [BrowserSelenium] EXIT --> (_getByLocator)
14:38:04,559 INFO  [BrowserSelenium] ENTER --> (_getByLocator)
14:38:04,560 INFO  [BrowserSelenium] (_getByLocator) -> Getting locator for null
14:38:04,560 INFO  [BrowserSelenium] (_getByLocator) -> Locator info found for XPATH attribute as: //a[@href='/jbilling/config/index']
14:38:04,560 INFO  [BrowserSelenium] ENTER --> (_parseElementOnXpath)
14:38:04,560 INFO  [BrowserSelenium] (_parseElementOnXpath) -> //a[@href='/jbilling/config/index'] is used
14:38:04,560 INFO  [BrowserSelenium] EXIT --> (_parseElementOnXpath)
14:38:04,561 INFO  [BrowserSelenium] EXIT --> (_getByLocator)
14:38:04,581 INFO  [BrowserSelenium] ENTER --> (_getByLocator)
14:38:04,581 INFO  [BrowserSelenium] (_getByLocator) -> Getting locator for null
14:38:04,581 INFO  [BrowserSelenium] (_getByLocator) -> Locator info found for XPATH attribute as: //a[@href='/jbilling/config/index']
14:38:04,581 INFO  [BrowserSelenium] ENTER --> (_parseElementOnXpath)
14:38:04,581 INFO  [BrowserSelenium] (_parseElementOnXpath) -> //a[@href='/jbilling/config/index'] is used
14:38:04,581 INFO  [BrowserSelenium] EXIT --> (_parseElementOnXpath)
14:38:04,581 INFO  [BrowserSelenium] EXIT --> (_getByLocator)
14:38:04,601 INFO  [BrowserSelenium] ENTER --> (_getByLocator)
14:38:04,601 INFO  [BrowserSelenium] (_getByLocator) -> Getting locator for null
14:38:04,601 INFO  [BrowserSelenium] (_getByLocator) -> Locator info found for XPATH attribute as: //a[@href='/jbilling/config/index']
14:38:04,601 INFO  [BrowserSelenium] ENTER --> (_parseElementOnXpath)
14:38:04,602 INFO  [BrowserSelenium] (_parseElementOnXpath) -> //a[@href='/jbilling/config/index'] is used
14:38:04,602 INFO  [BrowserSelenium] EXIT --> (_parseElementOnXpath)
14:38:04,602 INFO  [BrowserSelenium] EXIT --> (_getByLocator)
14:38:04,624 INFO  [BrowserSelenium] ENTER --> (_getByLocator)
14:38:04,625 INFO  [BrowserSelenium] (_getByLocator) -> Getting locator for null
14:38:04,625 INFO  [BrowserSelenium] (_getByLocator) -> Locator info found for XPATH attribute as: //a[@href='/jbilling/config/index']
14:38:04,625 INFO  [BrowserSelenium] ENTER --> (_parseElementOnXpath)
14:38:04,625 INFO  [BrowserSelenium] (_parseElementOnXpath) -> //a[@href='/jbilling/config/index'] is used
14:38:04,625 INFO  [BrowserSelenium] EXIT --> (_parseElementOnXpath)
14:38:04,626 INFO  [BrowserSelenium] EXIT --> (_getByLocator)
14:38:04,652 INFO  [BrowserSelenium] ENTER --> (_getByLocator)
14:38:04,652 INFO  [BrowserSelenium] (_getByLocator) -> Getting locator for null
14:38:04,653 INFO  [BrowserSelenium] (_getByLocator) -> Locator info found for XPATH attribute as: //a[@href='/jbilling/config/index']
14:38:04,653 INFO  [BrowserSelenium] ENTER --> (_parseElementOnXpath)
14:38:04,653 INFO  [BrowserSelenium] (_parseElementOnXpath) -> //a[@href='/jbilling/config/index'] is used
14:38:04,653 INFO  [BrowserSelenium] EXIT --> (_parseElementOnXpath)
14:38:04,653 INFO  [BrowserSelenium] EXIT --> (_getByLocator)
14:38:04,677 INFO  [BrowserSelenium] ENTER --> (_getByLocator)
14:38:04,677 INFO  [BrowserSelenium] (_getByLocator) -> Getting locator for null
14:38:04,677 INFO  [BrowserSelenium] (_getByLocator) -> Locator info found for XPATH attribute as: //a[@href='/jbilling/config/index']
14:38:04,677 INFO  [BrowserSelenium] ENTER --> (_parseElementOnXpath)
14:38:04,677 INFO  [BrowserSelenium] (_parseElementOnXpath) -> //a[@href='/jbilling/config/index'] is used
14:38:04,678 INFO  [BrowserSelenium] EXIT --> (_parseElementOnXpath)
14:38:04,678 INFO  [BrowserSelenium] EXIT --> (_getByLocator)
14:38:04,699 INFO  [BrowserSelenium] ENTER --> (_getByLocator)
14:38:04,699 INFO  [BrowserSelenium] (_getByLocator) -> Getting locator for null
14:38:04,699 INFO  [BrowserSelenium] (_getByLocator) -> Locator info found for XPATH attribute as: //a[@href='/jbilling/config/index']
14:38:04,700 INFO  [BrowserSelenium] ENTER --> (_parseElementOnXpath)
14:38:04,700 INFO  [BrowserSelenium] (_parseElementOnXpath) -> //a[@href='/jbilling/config/index'] is used
14:38:04,700 INFO  [BrowserSelenium] EXIT --> (_parseElementOnXpath)
14:38:04,700 INFO  [BrowserSelenium] EXIT --> (_getByLocator)
14:38:04,727 INFO  [BrowserSelenium] ENTER --> (_getByLocator)
14:38:04,727 INFO  [BrowserSelenium] (_getByLocator) -> Getting locator for null
14:38:04,727 INFO  [BrowserSelenium] (_getByLocator) -> Locator info found for XPATH attribute as: //a[@href='/jbilling/config/index']
14:38:04,727 INFO  [BrowserSelenium] ENTER --> (_parseElementOnXpath)
14:38:04,727 INFO  [BrowserSelenium] (_parseElementOnXpath) -> //a[@href='/jbilling/config/index'] is used
14:38:04,727 INFO  [BrowserSelenium] EXIT --> (_parseElementOnXpath)
14:38:04,728 INFO  [BrowserSelenium] EXIT --> (_getByLocator)
14:38:04,758 INFO  [BrowserSelenium] ENTER --> (_getByLocator)
14:38:04,759 INFO  [BrowserSelenium] (_getByLocator) -> Getting locator for null
14:38:04,759 INFO  [BrowserSelenium] (_getByLocator) -> Locator info found for XPATH attribute as: //a[@href='/jbilling/config/index']
14:38:04,759 INFO  [BrowserSelenium] ENTER --> (_parseElementOnXpath)
14:38:04,759 INFO  [BrowserSelenium] (_parseElementOnXpath) -> //a[@href='/jbilling/config/index'] is used
14:38:04,759 INFO  [BrowserSelenium] EXIT --> (_parseElementOnXpath)
14:38:04,759 INFO  [BrowserSelenium] EXIT --> (_getByLocator)
14:38:04,797 INFO  [BrowserSelenium] ENTER --> (_getByLocator)
14:38:04,797 INFO  [BrowserSelenium] (_getByLocator) -> Getting locator for null
14:38:04,797 INFO  [BrowserSelenium] (_getByLocator) -> Locator info found for XPATH attribute as: //a[@href='/jbilling/config/index']
14:38:04,797 INFO  [BrowserSelenium] ENTER --> (_parseElementOnXpath)
14:38:04,797 INFO  [BrowserSelenium] (_parseElementOnXpath) -> //a[@href='/jbilling/config/index'] is used
14:38:04,798 INFO  [BrowserSelenium] EXIT --> (_parseElementOnXpath)
14:38:04,798 INFO  [BrowserSelenium] EXIT --> (_getByLocator)
14:38:04,850 INFO  [BrowserSelenium] ENTER --> (_getByLocator)
14:38:04,850 INFO  [BrowserSelenium] (_getByLocator) -> Getting locator for null
14:38:04,850 INFO  [BrowserSelenium] (_getByLocator) -> Locator info found for XPATH attribute as: //a[@href='/jbilling/config/index']
14:38:04,850 INFO  [BrowserSelenium] ENTER --> (_parseElementOnXpath)
14:38:04,850 INFO  [BrowserSelenium] (_parseElementOnXpath) -> //a[@href='/jbilling/config/index'] is used
14:38:04,850 INFO  [BrowserSelenium] EXIT --> (_parseElementOnXpath)
14:38:04,850 INFO  [BrowserSelenium] EXIT --> (_getByLocator)
14:38:04,868 INFO  [BrowserSelenium] ENTER --> (_getByLocator)
14:38:04,868 INFO  [BrowserSelenium] (_getByLocator) -> Getting locator for null
14:38:04,868 INFO  [BrowserSelenium] (_getByLocator) -> Locator info found for XPATH attribute as: //a[@href='/jbilling/config/index']
14:38:04,868 INFO  [BrowserSelenium] ENTER --> (_parseElementOnXpath)
14:38:04,868 INFO  [BrowserSelenium] (_parseElementOnXpath) -> //a[@href='/jbilling/config/index'] is used
14:38:04,868 INFO  [BrowserSelenium] EXIT --> (_parseElementOnXpath)
14:38:04,868 INFO  [BrowserSelenium] EXIT --> (_getByLocator)
14:38:04,886 INFO  [BrowserSelenium] ENTER --> (_getByLocator)
14:38:04,886 INFO  [BrowserSelenium] (_getByLocator) -> Getting locator for null
14:38:04,886 INFO  [BrowserSelenium] (_getByLocator) -> Locator info found for XPATH attribute as: //a[@href='/jbilling/config/index']
14:38:04,887 INFO  [BrowserSelenium] ENTER --> (_parseElementOnXpath)
14:38:04,887 INFO  [BrowserSelenium] (_parseElementOnXpath) -> //a[@href='/jbilling/config/index'] is used
14:38:04,887 INFO  [BrowserSelenium] EXIT --> (_parseElementOnXpath)
14:38:04,887 INFO  [BrowserSelenium] EXIT --> (_getByLocator)
14:38:04,909 INFO  [BrowserSelenium] ENTER --> (_getByLocator)
14:38:04,909 INFO  [BrowserSelenium] (_getByLocator) -> Getting locator for null
14:38:04,909 INFO  [BrowserSelenium] (_getByLocator) -> Locator info found for XPATH attribute as: //a[@href='/jbilling/config/index']
14:38:04,909 INFO  [BrowserSelenium] ENTER --> (_parseElementOnXpath)
14:38:04,909 INFO  [BrowserSelenium] (_parseElementOnXpath) -> //a[@href='/jbilling/config/index'] is used
14:38:04,909 INFO  [BrowserSelenium] EXIT --> (_parseElementOnXpath)
14:38:04,909 INFO  [BrowserSelenium] EXIT --> (_getByLocator)
14:38:04,927 INFO  [BrowserSelenium] ENTER --> (_getByLocator)
14:38:04,928 INFO  [BrowserSelenium] (_getByLocator) -> Getting locator for null
14:38:04,928 INFO  [BrowserSelenium] (_getByLocator) -> Locator info found for XPATH attribute as: //a[@href='/jbilling/config/index']
14:38:04,928 INFO  [BrowserSelenium] ENTER --> (_parseElementOnXpath)
14:38:04,928 INFO  [BrowserSelenium] (_parseElementOnXpath) -> //a[@href='/jbilling/config/index'] is used
14:38:04,928 INFO  [BrowserSelenium] EXIT --> (_parseElementOnXpath)
14:38:04,928 INFO  [BrowserSelenium] EXIT --> (_getByLocator)
14:38:04,948 INFO  [BrowserSelenium] ENTER --> (_getByLocator)
14:38:04,948 INFO  [BrowserSelenium] (_getByLocator) -> Getting locator for null
14:38:04,948 INFO  [BrowserSelenium] (_getByLocator) -> Locator info found for XPATH attribute as: //a[@href='/jbilling/config/index']
14:38:04,948 INFO  [BrowserSelenium] ENTER --> (_parseElementOnXpath)
14:38:04,949 INFO  [BrowserSelenium] (_parseElementOnXpath) -> //a[@href='/jbilling/config/index'] is used
14:38:04,949 INFO  [BrowserSelenium] EXIT --> (_parseElementOnXpath)
14:38:04,949 INFO  [BrowserSelenium] EXIT --> (_getByLocator)
14:38:04,976 INFO  [BrowserSelenium] ENTER --> (_getByLocator)
14:38:04,977 INFO  [BrowserSelenium] (_getByLocator) -> Getting locator for null
14:38:04,977 INFO  [BrowserSelenium] (_getByLocator) -> Locator info found for XPATH attribute as: //a[@href='/jbilling/config/index']
14:38:04,977 INFO  [BrowserSelenium] ENTER --> (_parseElementOnXpath)
14:38:04,977 INFO  [BrowserSelenium] (_parseElementOnXpath) -> //a[@href='/jbilling/config/index'] is used
14:38:04,977 INFO  [BrowserSelenium] EXIT --> (_parseElementOnXpath)
14:38:04,977 INFO  [BrowserSelenium] EXIT --> (_getByLocator)
14:38:04,994 INFO  [BrowserSelenium] ENTER --> (_getByLocator)
14:38:04,995 INFO  [BrowserSelenium] (_getByLocator) -> Getting locator for null
14:38:04,995 INFO  [BrowserSelenium] (_getByLocator) -> Locator info found for XPATH attribute as: //a[@href='/jbilling/config/index']
14:38:04,995 INFO  [BrowserSelenium] ENTER --> (_parseElementOnXpath)
14:38:04,995 INFO  [BrowserSelenium] (_parseElementOnXpath) -> //a[@href='/jbilling/config/index'] is used
14:38:04,995 INFO  [BrowserSelenium] EXIT --> (_parseElementOnXpath)
14:38:04,995 INFO  [BrowserSelenium] EXIT --> (_getByLocator)
14:38:05,015 INFO  [BrowserSelenium] ENTER --> (_getByLocator)
14:38:05,015 INFO  [BrowserSelenium] (_getByLocator) -> Getting locator for null
14:38:05,015 INFO  [BrowserSelenium] (_getByLocator) -> Locator info found for XPATH attribute as: //a[@href='/jbilling/config/index']
14:38:05,015 INFO  [BrowserSelenium] ENTER --> (_parseElementOnXpath)
14:38:05,015 INFO  [BrowserSelenium] (_parseElementOnXpath) -> //a[@href='/jbilling/config/index'] is used
14:38:05,016 INFO  [BrowserSelenium] EXIT --> (_parseElementOnXpath)
14:38:05,016 INFO  [BrowserSelenium] EXIT --> (_getByLocator)
14:38:05,034 INFO  [BrowserSelenium] ENTER --> (_getByLocator)
14:38:05,034 INFO  [BrowserSelenium] (_getByLocator) -> Getting locator for null
14:38:05,035 INFO  [BrowserSelenium] (_getByLocator) -> Locator info found for XPATH attribute as: //a[@href='/jbilling/config/index']
14:38:05,035 INFO  [BrowserSelenium] ENTER --> (_parseElementOnXpath)
14:38:05,035 INFO  [BrowserSelenium] (_parseElementOnXpath) -> //a[@href='/jbilling/config/index'] is used
14:38:05,035 INFO  [BrowserSelenium] EXIT --> (_parseElementOnXpath)
14:38:05,035 INFO  [BrowserSelenium] EXIT --> (_getByLocator)
14:38:05,056 INFO  [BrowserSelenium] ENTER --> (_getByLocator)
14:38:05,056 INFO  [BrowserSelenium] (_getByLocator) -> Getting locator for null
14:38:05,056 INFO  [BrowserSelenium] (_getByLocator) -> Locator info found for XPATH attribute as: //a[@href='/jbilling/config/index']
14:38:05,056 INFO  [BrowserSelenium] ENTER --> (_parseElementOnXpath)
14:38:05,057 INFO  [BrowserSelenium] (_parseElementOnXpath) -> //a[@href='/jbilling/config/index'] is used
14:38:05,057 INFO  [BrowserSelenium] EXIT --> (_parseElementOnXpath)
14:38:05,057 INFO  [BrowserSelenium] EXIT --> (_getByLocator)
14:38:05,077 INFO  [BrowserSelenium] ENTER --> (_getByLocator)
14:38:05,077 INFO  [BrowserSelenium] (_getByLocator) -> Getting locator for null
14:38:05,077 INFO  [BrowserSelenium] (_getByLocator) -> Locator info found for XPATH attribute as: //a[@href='/jbilling/config/index']
14:38:05,078 INFO  [BrowserSelenium] ENTER --> (_parseElementOnXpath)
14:38:05,078 INFO  [BrowserSelenium] (_parseElementOnXpath) -> //a[@href='/jbilling/config/index'] is used
14:38:05,078 INFO  [BrowserSelenium] EXIT --> (_parseElementOnXpath)
14:38:05,078 INFO  [BrowserSelenium] EXIT --> (_getByLocator)
14:38:05,098 INFO  [BrowserSelenium] ENTER --> (_getByLocator)
14:38:05,098 INFO  [BrowserSelenium] (_getByLocator) -> Getting locator for null
14:38:05,098 INFO  [BrowserSelenium] (_getByLocator) -> Locator info found for XPATH attribute as: //a[@href='/jbilling/config/index']
14:38:05,098 INFO  [BrowserSelenium] ENTER --> (_parseElementOnXpath)
14:38:05,098 INFO  [BrowserSelenium] (_parseElementOnXpath) -> //a[@href='/jbilling/config/index'] is used
14:38:05,098 INFO  [BrowserSelenium] EXIT --> (_parseElementOnXpath)
14:38:05,098 INFO  [BrowserSelenium] EXIT --> (_getByLocator)
14:38:05,120 INFO  [BrowserSelenium] ENTER --> (_getByLocator)
14:38:05,120 INFO  [BrowserSelenium] (_getByLocator) -> Getting locator for null
14:38:05,120 INFO  [BrowserSelenium] (_getByLocator) -> Locator info found for XPATH attribute as: //a[@href='/jbilling/config/index']
14:38:05,121 INFO  [BrowserSelenium] ENTER --> (_parseElementOnXpath)
14:38:05,121 INFO  [BrowserSelenium] (_parseElementOnXpath) -> //a[@href='/jbilling/config/index'] is used
14:38:05,121 INFO  [BrowserSelenium] EXIT --> (_parseElementOnXpath)
14:38:05,121 INFO  [BrowserSelenium] EXIT --> (_getByLocator)
14:38:05,142 INFO  [BrowserSelenium] ENTER --> (_getByLocator)
14:38:05,142 INFO  [BrowserSelenium] (_getByLocator) -> Getting locator for null
14:38:05,142 INFO  [BrowserSelenium] (_getByLocator) -> Locator info found for XPATH attribute as: //a[@href='/jbilling/config/index']
14:38:05,142 INFO  [BrowserSelenium] ENTER --> (_parseElementOnXpath)
14:38:05,142 INFO  [BrowserSelenium] (_parseElementOnXpath) -> //a[@href='/jbilling/config/index'] is used
14:38:05,142 INFO  [BrowserSelenium] EXIT --> (_parseElementOnXpath)
14:38:05,143 INFO  [BrowserSelenium] EXIT --> (_getByLocator)
14:38:05,160 INFO  [BrowserSelenium] ENTER --> (_getByLocator)
14:38:05,160 INFO  [BrowserSelenium] (_getByLocator) -> Getting locator for null
14:38:05,161 INFO  [BrowserSelenium] (_getByLocator) -> Locator info found for XPATH attribute as: //a[@href='/jbilling/config/index']
14:38:05,161 INFO  [BrowserSelenium] ENTER --> (_parseElementOnXpath)
14:38:05,161 INFO  [BrowserSelenium] (_parseElementOnXpath) -> //a[@href='/jbilling/config/index'] is used
14:38:05,161 INFO  [BrowserSelenium] EXIT --> (_parseElementOnXpath)
14:38:05,161 INFO  [BrowserSelenium] EXIT --> (_getByLocator)
14:38:05,184 INFO  [BrowserSelenium] ENTER --> (_getByLocator)
14:38:05,184 INFO  [BrowserSelenium] (_getByLocator) -> Getting locator for null
14:38:05,184 INFO  [BrowserSelenium] (_getByLocator) -> Locator info found for XPATH attribute as: //a[@href='/jbilling/config/index']
14:38:05,184 INFO  [BrowserSelenium] ENTER --> (_parseElementOnXpath)
14:38:05,184 INFO  [BrowserSelenium] (_parseElementOnXpath) -> //a[@href='/jbilling/config/index'] is used
14:38:05,184 INFO  [BrowserSelenium] EXIT --> (_parseElementOnXpath)
14:38:05,184 INFO  [BrowserSelenium] EXIT --> (_getByLocator)
14:38:05,205 INFO  [BrowserSelenium] ENTER --> (_getByLocator)
14:38:05,205 INFO  [BrowserSelenium] (_getByLocator) -> Getting locator for null
14:38:05,205 INFO  [BrowserSelenium] (_getByLocator) -> Locator info found for XPATH attribute as: //a[@href='/jbilling/config/index']
14:38:05,205 INFO  [BrowserSelenium] ENTER --> (_parseElementOnXpath)
14:38:05,205 INFO  [BrowserSelenium] (_parseElementOnXpath) -> //a[@href='/jbilling/config/index'] is used
14:38:05,205 INFO  [BrowserSelenium] EXIT --> (_parseElementOnXpath)
14:38:05,206 INFO  [BrowserSelenium] EXIT --> (_getByLocator)
14:38:05,228 INFO  [BrowserSelenium] ENTER --> (_getByLocator)
14:38:05,228 INFO  [BrowserSelenium] (_getByLocator) -> Getting locator for null
14:38:05,228 INFO  [BrowserSelenium] (_getByLocator) -> Locator info found for XPATH attribute as: //a[@href='/jbilling/config/index']
14:38:05,228 INFO  [BrowserSelenium] ENTER --> (_parseElementOnXpath)
14:38:05,228 INFO  [BrowserSelenium] (_parseElementOnXpath) -> //a[@href='/jbilling/config/index'] is used
14:38:05,229 INFO  [BrowserSelenium] EXIT --> (_parseElementOnXpath)
14:38:05,229 INFO  [BrowserSelenium] EXIT --> (_getByLocator)
14:38:05,252 INFO  [BrowserSelenium] ENTER --> (_getByLocator)
14:38:05,252 INFO  [BrowserSelenium] (_getByLocator) -> Getting locator for null
14:38:05,252 INFO  [BrowserSelenium] (_getByLocator) -> Locator info found for XPATH attribute as: //a[@href='/jbilling/config/index']
14:38:05,252 INFO  [BrowserSelenium] ENTER --> (_parseElementOnXpath)
14:38:05,252 INFO  [BrowserSelenium] (_parseElementOnXpath) -> //a[@href='/jbilling/config/index'] is used
14:38:05,253 INFO  [BrowserSelenium] EXIT --> (_parseElementOnXpath)
14:38:05,253 INFO  [BrowserSelenium] EXIT --> (_getByLocator)
14:38:05,282 INFO  [BrowserSelenium] ENTER --> (_getByLocator)
14:38:05,282 INFO  [BrowserSelenium] (_getByLocator) -> Getting locator for null
14:38:05,283 INFO  [BrowserSelenium] (_getByLocator) -> Locator info found for XPATH attribute as: //a[@href='/jbilling/config/index']
14:38:05,283 INFO  [BrowserSelenium] ENTER --> (_parseElementOnXpath)
14:38:05,283 INFO  [BrowserSelenium] (_parseElementOnXpath) -> //a[@href='/jbilling/config/index'] is used
14:38:05,283 INFO  [BrowserSelenium] EXIT --> (_parseElementOnXpath)
14:38:05,283 INFO  [BrowserSelenium] EXIT --> (_getByLocator)
14:38:05,303 INFO  [BrowserSelenium] ENTER --> (_getByLocator)
14:38:05,303 INFO  [BrowserSelenium] (_getByLocator) -> Getting locator for null
14:38:05,303 INFO  [BrowserSelenium] (_getByLocator) -> Locator info found for XPATH attribute as: //a[@href='/jbilling/config/index']
14:38:05,304 INFO  [BrowserSelenium] ENTER --> (_parseElementOnXpath)
14:38:05,304 INFO  [BrowserSelenium] (_parseElementOnXpath) -> //a[@href='/jbilling/config/index'] is used
14:38:05,304 INFO  [BrowserSelenium] EXIT --> (_parseElementOnXpath)
14:38:05,304 INFO  [BrowserSelenium] EXIT --> (_getByLocator)
14:38:05,326 INFO  [BrowserSelenium] ENTER --> (_getByLocator)
14:38:05,326 INFO  [BrowserSelenium] (_getByLocator) -> Getting locator for null
14:38:05,326 INFO  [BrowserSelenium] (_getByLocator) -> Locator info found for XPATH attribute as: //a[@href='/jbilling/config/index']
14:38:05,327 INFO  [BrowserSelenium] ENTER --> (_parseElementOnXpath)
14:38:05,327 INFO  [BrowserSelenium] (_parseElementOnXpath) -> //a[@href='/jbilling/config/index'] is used
14:38:05,327 INFO  [BrowserSelenium] EXIT --> (_parseElementOnXpath)
14:38:05,327 INFO  [BrowserSelenium] EXIT --> (_getByLocator)
14:38:05,346 INFO  [BrowserSelenium] ENTER --> (_getByLocator)
14:38:05,347 INFO  [BrowserSelenium] (_getByLocator) -> Getting locator for null
14:38:05,347 INFO  [BrowserSelenium] (_getByLocator) -> Locator info found for XPATH attribute as: //a[@href='/jbilling/config/index']
14:38:05,347 INFO  [BrowserSelenium] ENTER --> (_parseElementOnXpath)
14:38:05,347 INFO  [BrowserSelenium] (_parseElementOnXpath) -> //a[@href='/jbilling/config/index'] is used
14:38:05,347 INFO  [BrowserSelenium] EXIT --> (_parseElementOnXpath)
14:38:05,348 INFO  [BrowserSelenium] EXIT --> (_getByLocator)
14:38:05,366 INFO  [BrowserSelenium] ENTER --> (_getByLocator)
14:38:05,367 INFO  [BrowserSelenium] (_getByLocator) -> Getting locator for null
14:38:05,367 INFO  [BrowserSelenium] (_getByLocator) -> Locator info found for XPATH attribute as: //a[@href='/jbilling/config/index']
14:38:05,367 INFO  [BrowserSelenium] ENTER --> (_parseElementOnXpath)
14:38:05,367 INFO  [BrowserSelenium] (_parseElementOnXpath) -> //a[@href='/jbilling/config/index'] is used
14:38:05,367 INFO  [BrowserSelenium] EXIT --> (_parseElementOnXpath)
14:38:05,368 INFO  [BrowserSelenium] EXIT --> (_getByLocator)
14:38:05,387 INFO  [BrowserSelenium] ENTER --> (_getByLocator)
14:38:05,388 INFO  [BrowserSelenium] (_getByLocator) -> Getting locator for null
14:38:05,388 INFO  [BrowserSelenium] (_getByLocator) -> Locator info found for XPATH attribute as: //a[@href='/jbilling/config/index']
14:38:05,388 INFO  [BrowserSelenium] ENTER --> (_parseElementOnXpath)
14:38:05,388 INFO  [BrowserSelenium] (_parseElementOnXpath) -> //a[@href='/jbilling/config/index'] is used
14:38:05,388 INFO  [BrowserSelenium] EXIT --> (_parseElementOnXpath)
14:38:05,388 INFO  [BrowserSelenium] EXIT --> (_getByLocator)
14:38:05,407 INFO  [BrowserSelenium] ENTER --> (_getByLocator)
14:38:05,407 INFO  [BrowserSelenium] (_getByLocator) -> Getting locator for null
14:38:05,407 INFO  [BrowserSelenium] (_getByLocator) -> Locator info found for XPATH attribute as: //a[@href='/jbilling/config/index']
14:38:05,407 INFO  [BrowserSelenium] ENTER --> (_parseElementOnXpath)
14:38:05,407 INFO  [BrowserSelenium] (_parseElementOnXpath) -> //a[@href='/jbilling/config/index'] is used
14:38:05,407 INFO  [BrowserSelenium] EXIT --> (_parseElementOnXpath)
14:38:05,408 INFO  [BrowserSelenium] EXIT --> (_getByLocator)
14:38:05,434 INFO  [BrowserSelenium] ENTER --> (_getByLocator)
14:38:05,434 INFO  [BrowserSelenium] (_getByLocator) -> Getting locator for null
14:38:05,434 INFO  [BrowserSelenium] (_getByLocator) -> Locator info found for XPATH attribute as: //a[@href='/jbilling/config/index']
14:38:05,435 INFO  [BrowserSelenium] ENTER --> (_parseElementOnXpath)
14:38:05,435 INFO  [BrowserSelenium] (_parseElementOnXpath) -> //a[@href='/jbilling/config/index'] is used
14:38:05,435 INFO  [BrowserSelenium] EXIT --> (_parseElementOnXpath)
14:38:05,435 INFO  [BrowserSelenium] EXIT --> (_getByLocator)
14:38:05,466 INFO  [BrowserSelenium] ENTER --> (_getByLocator)
14:38:05,466 INFO  [BrowserSelenium] (_getByLocator) -> Getting locator for null
14:38:05,466 INFO  [BrowserSelenium] (_getByLocator) -> Locator info found for XPATH attribute as: //a[@href='/jbilling/config/index']
14:38:05,466 INFO  [BrowserSelenium] ENTER --> (_parseElementOnXpath)
14:38:05,466 INFO  [BrowserSelenium] (_parseElementOnXpath) -> //a[@href='/jbilling/config/index'] is used
14:38:05,467 INFO  [BrowserSelenium] EXIT --> (_parseElementOnXpath)
14:38:05,467 INFO  [BrowserSelenium] EXIT --> (_getByLocator)
14:38:05,487 INFO  [BrowserSelenium] ENTER --> (_getByLocator)
14:38:05,487 INFO  [BrowserSelenium] (_getByLocator) -> Getting locator for null
14:38:05,488 INFO  [BrowserSelenium] (_getByLocator) -> Locator info found for XPATH attribute as: //a[@href='/jbilling/config/index']
14:38:05,488 INFO  [BrowserSelenium] ENTER --> (_parseElementOnXpath)
14:38:05,488 INFO  [BrowserSelenium] (_parseElementOnXpath) -> //a[@href='/jbilling/config/index'] is used
14:38:05,488 INFO  [BrowserSelenium] EXIT --> (_parseElementOnXpath)
14:38:05,488 INFO  [BrowserSelenium] EXIT --> (_getByLocator)
14:38:05,507 INFO  [BrowserSelenium] ENTER --> (_getByLocator)
14:38:05,507 INFO  [BrowserSelenium] (_getByLocator) -> Getting locator for null
14:38:05,507 INFO  [BrowserSelenium] (_getByLocator) -> Locator info found for XPATH attribute as: //a[@href='/jbilling/config/index']
14:38:05,507 INFO  [BrowserSelenium] ENTER --> (_parseElementOnXpath)
14:38:05,508 INFO  [BrowserSelenium] (_parseElementOnXpath) -> //a[@href='/jbilling/config/index'] is used
14:38:05,508 INFO  [BrowserSelenium] EXIT --> (_parseElementOnXpath)
14:38:05,508 INFO  [BrowserSelenium] EXIT --> (_getByLocator)
14:38:05,525 INFO  [BrowserSelenium] ENTER --> (_getByLocator)
14:38:05,526 INFO  [BrowserSelenium] (_getByLocator) -> Getting locator for null
14:38:05,526 INFO  [BrowserSelenium] (_getByLocator) -> Locator info found for XPATH attribute as: //a[@href='/jbilling/config/index']
14:38:05,526 INFO  [BrowserSelenium] ENTER --> (_parseElementOnXpath)
14:38:05,526 INFO  [BrowserSelenium] (_parseElementOnXpath) -> //a[@href='/jbilling/config/index'] is used
14:38:05,526 INFO  [BrowserSelenium] EXIT --> (_parseElementOnXpath)
14:38:05,526 INFO  [BrowserSelenium] EXIT --> (_getByLocator)
14:38:05,548 INFO  [BrowserSelenium] ENTER --> (_getByLocator)
14:38:05,548 INFO  [BrowserSelenium] (_getByLocator) -> Getting locator for null
14:38:05,548 INFO  [BrowserSelenium] (_getByLocator) -> Locator info found for XPATH attribute as: //a[@href='/jbilling/config/index']
14:38:05,548 INFO  [BrowserSelenium] ENTER --> (_parseElementOnXpath)
14:38:05,548 INFO  [BrowserSelenium] (_parseElementOnXpath) -> //a[@href='/jbilling/config/index'] is used
14:38:05,548 INFO  [BrowserSelenium] EXIT --> (_parseElementOnXpath)
14:38:05,549 INFO  [BrowserSelenium] EXIT --> (_getByLocator)
14:38:05,568 INFO  [BrowserSelenium] ENTER --> (_getByLocator)
14:38:05,568 INFO  [BrowserSelenium] (_getByLocator) -> Getting locator for null
14:38:05,568 INFO  [BrowserSelenium] (_getByLocator) -> Locator info found for XPATH attribute as: //a[@href='/jbilling/config/index']
14:38:05,568 INFO  [BrowserSelenium] ENTER --> (_parseElementOnXpath)
14:38:05,568 INFO  [BrowserSelenium] (_parseElementOnXpath) -> //a[@href='/jbilling/config/index'] is used
14:38:05,568 INFO  [BrowserSelenium] EXIT --> (_parseElementOnXpath)
14:38:05,569 INFO  [BrowserSelenium] EXIT --> (_getByLocator)
14:38:05,589 INFO  [BrowserSelenium] ENTER --> (_getByLocator)
14:38:05,589 INFO  [BrowserSelenium] (_getByLocator) -> Getting locator for null
14:38:05,590 INFO  [BrowserSelenium] (_getByLocator) -> Locator info found for XPATH attribute as: //a[@href='/jbilling/config/index']
14:38:05,590 INFO  [BrowserSelenium] ENTER --> (_parseElementOnXpath)
14:38:05,590 INFO  [BrowserSelenium] (_parseElementOnXpath) -> //a[@href='/jbilling/config/index'] is used
14:38:05,590 INFO  [BrowserSelenium] EXIT --> (_parseElementOnXpath)
14:38:05,590 INFO  [BrowserSelenium] EXIT --> (_getByLocator)
14:38:05,608 INFO  [BrowserSelenium] ENTER --> (_getByLocator)
14:38:05,608 INFO  [BrowserSelenium] (_getByLocator) -> Getting locator for null
14:38:05,608 INFO  [BrowserSelenium] (_getByLocator) -> Locator info found for XPATH attribute as: //a[@href='/jbilling/config/index']
14:38:05,608 INFO  [BrowserSelenium] ENTER --> (_parseElementOnXpath)
14:38:05,608 INFO  [BrowserSelenium] (_parseElementOnXpath) -> //a[@href='/jbilling/config/index'] is used
14:38:05,609 INFO  [BrowserSelenium] EXIT --> (_parseElementOnXpath)
14:38:05,609 INFO  [BrowserSelenium] EXIT --> (_getByLocator)
14:38:05,630 INFO  [BrowserSelenium] ENTER --> (_getByLocator)
14:38:05,630 INFO  [BrowserSelenium] (_getByLocator) -> Getting locator for null
14:38:05,630 INFO  [BrowserSelenium] (_getByLocator) -> Locator info found for XPATH attribute as: //a[@href='/jbilling/config/index']
14:38:05,630 INFO  [BrowserSelenium] ENTER --> (_parseElementOnXpath)
14:38:05,630 INFO  [BrowserSelenium] (_parseElementOnXpath) -> //a[@href='/jbilling/config/index'] is used
14:38:05,630 INFO  [BrowserSelenium] EXIT --> (_parseElementOnXpath)
14:38:05,631 INFO  [BrowserSelenium] EXIT --> (_getByLocator)
14:38:05,652 INFO  [BrowserSelenium] ENTER --> (_getByLocator)
14:38:05,652 INFO  [BrowserSelenium] (_getByLocator) -> Getting locator for null
14:38:05,652 INFO  [BrowserSelenium] (_getByLocator) -> Locator info found for XPATH attribute as: //a[@href='/jbilling/config/index']
14:38:05,652 INFO  [BrowserSelenium] ENTER --> (_parseElementOnXpath)
14:38:05,652 INFO  [BrowserSelenium] (_parseElementOnXpath) -> //a[@href='/jbilling/config/index'] is used
14:38:05,652 INFO  [BrowserSelenium] EXIT --> (_parseElementOnXpath)
14:38:05,652 INFO  [BrowserSelenium] EXIT --> (_getByLocator)
14:38:05,674 INFO  [BrowserSelenium] ENTER --> (_getByLocator)
14:38:05,674 INFO  [BrowserSelenium] (_getByLocator) -> Getting locator for null
14:38:05,675 INFO  [BrowserSelenium] (_getByLocator) -> Locator info found for XPATH attribute as: //a[@href='/jbilling/config/index']
14:38:05,675 INFO  [BrowserSelenium] ENTER --> (_parseElementOnXpath)
14:38:05,675 INFO  [BrowserSelenium] (_parseElementOnXpath) -> //a[@href='/jbilling/config/index'] is used
14:38:05,675 INFO  [BrowserSelenium] EXIT --> (_parseElementOnXpath)
14:38:05,675 INFO  [BrowserSelenium] EXIT --> (_getByLocator)
14:38:05,695 INFO  [BrowserSelenium] ENTER --> (_getByLocator)
14:38:05,695 INFO  [BrowserSelenium] (_getByLocator) -> Getting locator for null
14:38:05,695 INFO  [BrowserSelenium] (_getByLocator) -> Locator info found for XPATH attribute as: //a[@href='/jbilling/config/index']
14:38:05,696 INFO  [BrowserSelenium] ENTER --> (_parseElementOnXpath)
14:38:05,696 INFO  [BrowserSelenium] (_parseElementOnXpath) -> //a[@href='/jbilling/config/index'] is used
14:38:05,696 INFO  [BrowserSelenium] EXIT --> (_parseElementOnXpath)
14:38:05,696 INFO  [BrowserSelenium] EXIT --> (_getByLocator)
14:38:05,715 INFO  [BrowserSelenium] ENTER --> (_getByLocator)
14:38:05,716 INFO  [BrowserSelenium] (_getByLocator) -> Getting locator for null
14:38:05,716 INFO  [BrowserSelenium] (_getByLocator) -> Locator info found for XPATH attribute as: //a[@href='/jbilling/config/index']
14:38:05,716 INFO  [BrowserSelenium] ENTER --> (_parseElementOnXpath)
14:38:05,716 INFO  [BrowserSelenium] (_parseElementOnXpath) -> //a[@href='/jbilling/config/index'] is used
14:38:05,716 INFO  [BrowserSelenium] EXIT --> (_parseElementOnXpath)
14:38:05,716 INFO  [BrowserSelenium] EXIT --> (_getByLocator)
14:38:05,735 INFO  [BrowserSelenium] ENTER --> (_getByLocator)
14:38:05,736 INFO  [BrowserSelenium] (_getByLocator) -> Getting locator for null
14:38:05,736 INFO  [BrowserSelenium] (_getByLocator) -> Locator info found for XPATH attribute as: //a[@href='/jbilling/config/index']
14:38:05,736 INFO  [BrowserSelenium] ENTER --> (_parseElementOnXpath)
14:38:05,736 INFO  [BrowserSelenium] (_parseElementOnXpath) -> //a[@href='/jbilling/config/index'] is used
14:38:05,736 INFO  [BrowserSelenium] EXIT --> (_parseElementOnXpath)
14:38:05,737 INFO  [BrowserSelenium] EXIT --> (_getByLocator)
14:38:05,755 INFO  [BrowserSelenium] ENTER --> (_getByLocator)
14:38:05,755 INFO  [BrowserSelenium] (_getByLocator) -> Getting locator for null
14:38:05,756 INFO  [BrowserSelenium] (_getByLocator) -> Locator info found for XPATH attribute as: //a[@href='/jbilling/config/index']
14:38:05,756 INFO  [BrowserSelenium] ENTER --> (_parseElementOnXpath)
14:38:05,756 INFO  [BrowserSelenium] (_parseElementOnXpath) -> //a[@href='/jbilling/config/index'] is used
14:38:05,756 INFO  [BrowserSelenium] EXIT --> (_parseElementOnXpath)
14:38:05,756 INFO  [BrowserSelenium] EXIT --> (_getByLocator)
14:38:05,775 INFO  [BrowserSelenium] ENTER --> (_getByLocator)
14:38:05,775 INFO  [BrowserSelenium] (_getByLocator) -> Getting locator for null
14:38:05,775 INFO  [BrowserSelenium] (_getByLocator) -> Locator info found for XPATH attribute as: //a[@href='/jbilling/config/index']
14:38:05,775 INFO  [BrowserSelenium] ENTER --> (_parseElementOnXpath)
14:38:05,776 INFO  [BrowserSelenium] (_parseElementOnXpath) -> //a[@href='/jbilling/config/index'] is used
14:38:05,776 INFO  [BrowserSelenium] EXIT --> (_parseElementOnXpath)
14:38:05,776 INFO  [BrowserSelenium] EXIT --> (_getByLocator)
14:38:05,793 INFO  [BrowserSelenium] ENTER --> (_getByLocator)
14:38:05,793 INFO  [BrowserSelenium] (_getByLocator) -> Getting locator for null
14:38:05,793 INFO  [BrowserSelenium] (_getByLocator) -> Locator info found for XPATH attribute as: //a[@href='/jbilling/config/index']
14:38:05,794 INFO  [BrowserSelenium] ENTER --> (_parseElementOnXpath)
14:38:05,794 INFO  [BrowserSelenium] (_parseElementOnXpath) -> //a[@href='/jbilling/config/index'] is used
14:38:05,794 INFO  [BrowserSelenium] EXIT --> (_parseElementOnXpath)
14:38:05,794 INFO  [BrowserSelenium] EXIT --> (_getByLocator)
14:38:05,813 INFO  [BrowserSelenium] ENTER --> (_getByLocator)
14:38:05,813 INFO  [BrowserSelenium] (_getByLocator) -> Getting locator for null
14:38:05,813 INFO  [BrowserSelenium] (_getByLocator) -> Locator info found for XPATH attribute as: //a[@href='/jbilling/config/index']
14:38:05,813 INFO  [BrowserSelenium] ENTER --> (_parseElementOnXpath)
14:38:05,813 INFO  [BrowserSelenium] (_parseElementOnXpath) -> //a[@href='/jbilling/config/index'] is used
14:38:05,814 INFO  [BrowserSelenium] EXIT --> (_parseElementOnXpath)
14:38:05,814 INFO  [BrowserSelenium] EXIT --> (_getByLocator)
14:38:05,831 INFO  [BrowserSelenium] ENTER --> (_getByLocator)
14:38:05,831 INFO  [BrowserSelenium] (_getByLocator) -> Getting locator for null
14:38:05,831 INFO  [BrowserSelenium] (_getByLocator) -> Locator info found for XPATH attribute as: //a[@href='/jbilling/config/index']
14:38:05,832 INFO  [BrowserSelenium] ENTER --> (_parseElementOnXpath)
14:38:05,832 INFO  [BrowserSelenium] (_parseElementOnXpath) -> //a[@href='/jbilling/config/index'] is used
14:38:05,832 INFO  [BrowserSelenium] EXIT --> (_parseElementOnXpath)
14:38:05,832 INFO  [BrowserSelenium] EXIT --> (_getByLocator)
14:38:05,852 INFO  [BrowserSelenium] ENTER --> (_getByLocator)
14:38:05,853 INFO  [BrowserSelenium] (_getByLocator) -> Getting locator for null
14:38:05,853 INFO  [BrowserSelenium] (_getByLocator) -> Locator info found for XPATH attribute as: //a[@href='/jbilling/config/index']
14:38:05,853 INFO  [BrowserSelenium] ENTER --> (_parseElementOnXpath)
14:38:05,853 INFO  [BrowserSelenium] (_parseElementOnXpath) -> //a[@href='/jbilling/config/index'] is used
14:38:05,853 INFO  [BrowserSelenium] EXIT --> (_parseElementOnXpath)
14:38:05,853 INFO  [BrowserSelenium] EXIT --> (_getByLocator)
14:38:05,876 INFO  [BrowserSelenium] ENTER --> (_getByLocator)
14:38:05,876 INFO  [BrowserSelenium] (_getByLocator) -> Getting locator for null
14:38:05,877 INFO  [BrowserSelenium] (_getByLocator) -> Locator info found for XPATH attribute as: //a[@href='/jbilling/config/index']
14:38:05,877 INFO  [BrowserSelenium] ENTER --> (_parseElementOnXpath)
14:38:05,877 INFO  [BrowserSelenium] (_parseElementOnXpath) -> //a[@href='/jbilling/config/index'] is used
14:38:05,877 INFO  [BrowserSelenium] EXIT --> (_parseElementOnXpath)
14:38:05,877 INFO  [BrowserSelenium] EXIT --> (_getByLocator)
14:38:05,898 INFO  [BrowserSelenium] ENTER --> (_getByLocator)
14:38:05,898 INFO  [BrowserSelenium] (_getByLocator) -> Getting locator for null
14:38:05,899 INFO  [BrowserSelenium] (_getByLocator) -> Locator info found for XPATH attribute as: //a[@href='/jbilling/config/index']
14:38:05,899 INFO  [BrowserSelenium] ENTER --> (_parseElementOnXpath)
14:38:05,899 INFO  [BrowserSelenium] (_parseElementOnXpath) -> //a[@href='/jbilling/config/index'] is used
14:38:05,899 INFO  [BrowserSelenium] EXIT --> (_parseElementOnXpath)
14:38:05,899 INFO  [BrowserSelenium] EXIT --> (_getByLocator)
14:38:05,918 INFO  [BrowserSelenium] ENTER --> (_getByLocator)
14:38:05,918 INFO  [BrowserSelenium] (_getByLocator) -> Getting locator for null
14:38:05,918 INFO  [BrowserSelenium] (_getByLocator) -> Locator info found for XPATH attribute as: //a[@href='/jbilling/config/index']
14:38:05,918 INFO  [BrowserSelenium] ENTER --> (_parseElementOnXpath)
14:38:05,919 INFO  [BrowserSelenium] (_parseElementOnXpath) -> //a[@href='/jbilling/config/index'] is used
14:38:05,919 INFO  [BrowserSelenium] EXIT --> (_parseElementOnXpath)
14:38:05,919 INFO  [BrowserSelenium] EXIT --> (_getByLocator)
14:38:05,944 INFO  [BrowserSelenium] ENTER --> (_getByLocator)
14:38:05,944 INFO  [BrowserSelenium] (_getByLocator) -> Getting locator for null
14:38:05,944 INFO  [BrowserSelenium] (_getByLocator) -> Locator info found for XPATH attribute as: //a[@href='/jbilling/config/index']
14:38:05,944 INFO  [BrowserSelenium] ENTER --> (_parseElementOnXpath)
14:38:05,945 INFO  [BrowserSelenium] (_parseElementOnXpath) -> //a[@href='/jbilling/config/index'] is used
14:38:05,945 INFO  [BrowserSelenium] EXIT --> (_parseElementOnXpath)
14:38:05,945 INFO  [BrowserSelenium] EXIT --> (_getByLocator)
14:38:05,969 INFO  [BrowserSelenium] ENTER --> (_getByLocator)
14:38:05,969 INFO  [BrowserSelenium] (_getByLocator) -> Getting locator for null
14:38:05,969 INFO  [BrowserSelenium] (_getByLocator) -> Locator info found for XPATH attribute as: //a[@href='/jbilling/config/index']
14:38:05,969 INFO  [BrowserSelenium] ENTER --> (_parseElementOnXpath)
14:38:05,970 INFO  [BrowserSelenium] (_parseElementOnXpath) -> //a[@href='/jbilling/config/index'] is used
14:38:05,970 INFO  [BrowserSelenium] EXIT --> (_parseElementOnXpath)
14:38:05,970 INFO  [BrowserSelenium] EXIT --> (_getByLocator)
14:38:05,992 INFO  [BrowserSelenium] ENTER --> (_getByLocator)
14:38:05,992 INFO  [BrowserSelenium] (_getByLocator) -> Getting locator for null
14:38:05,992 INFO  [BrowserSelenium] (_getByLocator) -> Locator info found for XPATH attribute as: //a[@href='/jbilling/config/index']
14:38:05,992 INFO  [BrowserSelenium] ENTER --> (_parseElementOnXpath)
14:38:05,992 INFO  [BrowserSelenium] (_parseElementOnXpath) -> //a[@href='/jbilling/config/index'] is used
14:38:05,992 INFO  [BrowserSelenium] EXIT --> (_parseElementOnXpath)
14:38:05,993 INFO  [BrowserSelenium] EXIT --> (_getByLocator)
14:38:06,012 INFO  [BrowserSelenium] ENTER --> (_getByLocator)
14:38:06,012 INFO  [BrowserSelenium] (_getByLocator) -> Getting locator for null
14:38:06,012 INFO  [BrowserSelenium] (_getByLocator) -> Locator info found for XPATH attribute as: //a[@href='/jbilling/config/index']
14:38:06,012 INFO  [BrowserSelenium] ENTER --> (_parseElementOnXpath)
14:38:06,013 INFO  [BrowserSelenium] (_parseElementOnXpath) -> //a[@href='/jbilling/config/index'] is used
14:38:06,013 INFO  [BrowserSelenium] EXIT --> (_parseElementOnXpath)
14:38:06,013 INFO  [BrowserSelenium] EXIT --> (_getByLocator)
14:38:06,036 INFO  [BrowserSelenium] ENTER --> (_getByLocator)
14:38:06,036 INFO  [BrowserSelenium] (_getByLocator) -> Getting locator for null
14:38:06,037 INFO  [BrowserSelenium] (_getByLocator) -> Locator info found for XPATH attribute as: //a[@href='/jbilling/config/index']
14:38:06,037 INFO  [BrowserSelenium] ENTER --> (_parseElementOnXpath)
14:38:06,037 INFO  [BrowserSelenium] (_parseElementOnXpath) -> //a[@href='/jbilling/config/index'] is used
14:38:06,037 INFO  [BrowserSelenium] EXIT --> (_parseElementOnXpath)
14:38:06,037 INFO  [BrowserSelenium] EXIT --> (_getByLocator)
14:38:06,063 INFO  [BrowserSelenium] ENTER --> (_getByLocator)
14:38:06,063 INFO  [BrowserSelenium] (_getByLocator) -> Getting locator for null
14:38:06,063 INFO  [BrowserSelenium] (_getByLocator) -> Locator info found for XPATH attribute as: //a[@href='/jbilling/config/index']
14:38:06,063 INFO  [BrowserSelenium] ENTER --> (_parseElementOnXpath)
14:38:06,063 INFO  [BrowserSelenium] (_parseElementOnXpath) -> //a[@href='/jbilling/config/index'] is used
14:38:06,063 INFO  [BrowserSelenium] EXIT --> (_parseElementOnXpath)
14:38:06,064 INFO  [BrowserSelenium] EXIT --> (_getByLocator)
14:38:06,089 INFO  [BrowserSelenium] ENTER --> (_getByLocator)
14:38:06,089 INFO  [BrowserSelenium] (_getByLocator) -> Getting locator for null
14:38:06,089 INFO  [BrowserSelenium] (_getByLocator) -> Locator info found for XPATH attribute as: //a[@href='/jbilling/config/index']
14:38:06,089 INFO  [BrowserSelenium] ENTER --> (_parseElementOnXpath)
14:38:06,090 INFO  [BrowserSelenium] (_parseElementOnXpath) -> //a[@href='/jbilling/config/index'] is used
14:38:06,090 INFO  [BrowserSelenium] EXIT --> (_parseElementOnXpath)
14:38:06,090 INFO  [BrowserSelenium] EXIT --> (_getByLocator)
14:38:06,109 INFO  [BrowserSelenium] ENTER --> (_getByLocator)
14:38:06,109 INFO  [BrowserSelenium] (_getByLocator) -> Getting locator for null
14:38:06,109 INFO  [BrowserSelenium] (_getByLocator) -> Locator info found for XPATH attribute as: //a[@href='/jbilling/config/index']
14:38:06,109 INFO  [BrowserSelenium] ENTER --> (_parseElementOnXpath)
14:38:06,110 INFO  [BrowserSelenium] (_parseElementOnXpath) -> //a[@href='/jbilling/config/index'] is used
14:38:06,110 INFO  [BrowserSelenium] EXIT --> (_parseElementOnXpath)
14:38:06,110 INFO  [BrowserSelenium] EXIT --> (_getByLocator)
14:38:06,127 INFO  [BrowserSelenium] ENTER --> (_getByLocator)
14:38:06,128 INFO  [BrowserSelenium] (_getByLocator) -> Getting locator for null
14:38:06,128 INFO  [BrowserSelenium] (_getByLocator) -> Locator info found for XPATH attribute as: //a[@href='/jbilling/config/index']
14:38:06,128 INFO  [BrowserSelenium] ENTER --> (_parseElementOnXpath)
14:38:06,128 INFO  [BrowserSelenium] (_parseElementOnXpath) -> //a[@href='/jbilling/config/index'] is used
14:38:06,128 INFO  [BrowserSelenium] EXIT --> (_parseElementOnXpath)
14:38:06,128 INFO  [BrowserSelenium] EXIT --> (_getByLocator)
14:38:06,147 INFO  [BrowserSelenium] ENTER --> (_getByLocator)
14:38:06,147 INFO  [BrowserSelenium] (_getByLocator) -> Getting locator for null
14:38:06,147 INFO  [BrowserSelenium] (_getByLocator) -> Locator info found for XPATH attribute as: //a[@href='/jbilling/config/index']
14:38:06,147 INFO  [BrowserSelenium] ENTER --> (_parseElementOnXpath)
14:38:06,148 INFO  [BrowserSelenium] (_parseElementOnXpath) -> //a[@href='/jbilling/config/index'] is used
14:38:06,148 INFO  [BrowserSelenium] EXIT --> (_parseElementOnXpath)
14:38:06,148 INFO  [BrowserSelenium] EXIT --> (_getByLocator)
14:38:06,167 INFO  [BrowserSelenium] ENTER --> (_getByLocator)
14:38:06,167 INFO  [BrowserSelenium] (_getByLocator) -> Getting locator for null
14:38:06,167 INFO  [BrowserSelenium] (_getByLocator) -> Locator info found for XPATH attribute as: //a[@href='/jbilling/config/index']
14:38:06,168 INFO  [BrowserSelenium] ENTER --> (_parseElementOnXpath)
14:38:06,168 INFO  [BrowserSelenium] (_parseElementOnXpath) -> //a[@href='/jbilling/config/index'] is used
14:38:06,168 INFO  [BrowserSelenium] EXIT --> (_parseElementOnXpath)
14:38:06,168 INFO  [BrowserSelenium] EXIT --> (_getByLocator)
14:38:06,188 INFO  [BrowserSelenium] ENTER --> (_getByLocator)
14:38:06,188 INFO  [BrowserSelenium] (_getByLocator) -> Getting locator for null
14:38:06,188 INFO  [BrowserSelenium] (_getByLocator) -> Locator info found for XPATH attribute as: //a[@href='/jbilling/config/index']
14:38:06,188 INFO  [BrowserSelenium] ENTER --> (_parseElementOnXpath)
14:38:06,189 INFO  [BrowserSelenium] (_parseElementOnXpath) -> //a[@href='/jbilling/config/index'] is used
14:38:06,189 INFO  [BrowserSelenium] EXIT --> (_parseElementOnXpath)
14:38:06,189 INFO  [BrowserSelenium] EXIT --> (_getByLocator)
14:38:06,211 INFO  [BrowserSelenium] ENTER --> (_getByLocator)
14:38:06,211 INFO  [BrowserSelenium] (_getByLocator) -> Getting locator for null
14:38:06,211 INFO  [BrowserSelenium] (_getByLocator) -> Locator info found for XPATH attribute as: //a[@href='/jbilling/config/index']
14:38:06,211 INFO  [BrowserSelenium] ENTER --> (_parseElementOnXpath)
14:38:06,212 INFO  [BrowserSelenium] (_parseElementOnXpath) -> //a[@href='/jbilling/config/index'] is used
14:38:06,212 INFO  [BrowserSelenium] EXIT --> (_parseElementOnXpath)
14:38:06,212 INFO  [BrowserSelenium] EXIT --> (_getByLocator)
14:38:06,229 INFO  [BrowserSelenium] ENTER --> (_getByLocator)
14:38:06,229 INFO  [BrowserSelenium] (_getByLocator) -> Getting locator for null
14:38:06,229 INFO  [BrowserSelenium] (_getByLocator) -> Locator info found for XPATH attribute as: //a[@href='/jbilling/config/index']
14:38:06,230 INFO  [BrowserSelenium] ENTER --> (_parseElementOnXpath)
14:38:06,230 INFO  [BrowserSelenium] (_parseElementOnXpath) -> //a[@href='/jbilling/config/index'] is used
14:38:06,230 INFO  [BrowserSelenium] EXIT --> (_parseElementOnXpath)
14:38:06,230 INFO  [BrowserSelenium] EXIT --> (_getByLocator)
14:38:06,251 INFO  [BrowserSelenium] ENTER --> (_getByLocator)
14:38:06,251 INFO  [BrowserSelenium] (_getByLocator) -> Getting locator for null
14:38:06,252 INFO  [BrowserSelenium] (_getByLocator) -> Locator info found for XPATH attribute as: //a[@href='/jbilling/config/index']
14:38:06,252 INFO  [BrowserSelenium] ENTER --> (_parseElementOnXpath)
14:38:06,252 INFO  [BrowserSelenium] (_parseElementOnXpath) -> //a[@href='/jbilling/config/index'] is used
14:38:06,252 INFO  [BrowserSelenium] EXIT --> (_parseElementOnXpath)
14:38:06,252 INFO  [BrowserSelenium] EXIT --> (_getByLocator)
14:38:06,271 INFO  [BrowserSelenium] ENTER --> (_getByLocator)
14:38:06,271 INFO  [BrowserSelenium] (_getByLocator) -> Getting locator for null
14:38:06,272 INFO  [BrowserSelenium] (_getByLocator) -> Locator info found for XPATH attribute as: //a[@href='/jbilling/config/index']
14:38:06,272 INFO  [BrowserSelenium] ENTER --> (_parseElementOnXpath)
14:38:06,272 INFO  [BrowserSelenium] (_parseElementOnXpath) -> //a[@href='/jbilling/config/index'] is used
14:38:06,272 INFO  [BrowserSelenium] EXIT --> (_parseElementOnXpath)
14:38:06,272 INFO  [BrowserSelenium] EXIT --> (_getByLocator)
14:38:06,291 INFO  [BrowserSelenium] ENTER --> (_getByLocator)
14:38:06,291 INFO  [BrowserSelenium] (_getByLocator) -> Getting locator for null
14:38:06,291 INFO  [BrowserSelenium] (_getByLocator) -> Locator info found for XPATH attribute as: //a[@href='/jbilling/config/index']
14:38:06,291 INFO  [BrowserSelenium] ENTER --> (_parseElementOnXpath)
14:38:06,292 INFO  [BrowserSelenium] (_parseElementOnXpath) -> //a[@href='/jbilling/config/index'] is used
14:38:06,292 INFO  [BrowserSelenium] EXIT --> (_parseElementOnXpath)
14:38:06,292 INFO  [BrowserSelenium] EXIT --> (_getByLocator)
14:38:06,309 INFO  [BrowserSelenium] ENTER --> (_getByLocator)
14:38:06,310 INFO  [BrowserSelenium] (_getByLocator) -> Getting locator for null
14:38:06,310 INFO  [BrowserSelenium] (_getByLocator) -> Locator info found for XPATH attribute as: //a[@href='/jbilling/config/index']
14:38:06,310 INFO  [BrowserSelenium] ENTER --> (_parseElementOnXpath)
14:38:06,310 INFO  [BrowserSelenium] (_parseElementOnXpath) -> //a[@href='/jbilling/config/index'] is used
14:38:06,310 INFO  [BrowserSelenium] EXIT --> (_parseElementOnXpath)
14:38:06,311 INFO  [BrowserSelenium] EXIT --> (_getByLocator)
14:38:06,330 INFO  [BrowserSelenium] ENTER --> (_getByLocator)
14:38:06,330 INFO  [BrowserSelenium] (_getByLocator) -> Getting locator for null
14:38:06,330 INFO  [BrowserSelenium] (_getByLocator) -> Locator info found for XPATH attribute as: //a[@href='/jbilling/config/index']
14:38:06,330 INFO  [BrowserSelenium] ENTER --> (_parseElementOnXpath)
14:38:06,330 INFO  [BrowserSelenium] (_parseElementOnXpath) -> //a[@href='/jbilling/config/index'] is used
14:38:06,331 INFO  [BrowserSelenium] EXIT --> (_parseElementOnXpath)
14:38:06,331 INFO  [BrowserSelenium] EXIT --> (_getByLocator)
14:38:06,349 INFO  [BrowserSelenium] ENTER --> (_getByLocator)
14:38:06,349 INFO  [BrowserSelenium] (_getByLocator) -> Getting locator for null
14:38:06,350 INFO  [BrowserSelenium] (_getByLocator) -> Locator info found for XPATH attribute as: //a[@href='/jbilling/config/index']
14:38:06,350 INFO  [BrowserSelenium] ENTER --> (_parseElementOnXpath)
14:38:06,350 INFO  [BrowserSelenium] (_parseElementOnXpath) -> //a[@href='/jbilling/config/index'] is used
14:38:06,350 INFO  [BrowserSelenium] EXIT --> (_parseElementOnXpath)
14:38:06,350 INFO  [BrowserSelenium] EXIT --> (_getByLocator)
14:38:06,372 INFO  [BrowserSelenium] ENTER --> (_getByLocator)
14:38:06,373 INFO  [BrowserSelenium] (_getByLocator) -> Getting locator for null
14:38:06,373 INFO  [BrowserSelenium] (_getByLocator) -> Locator info found for XPATH attribute as: //a[@href='/jbilling/config/index']
14:38:06,373 INFO  [BrowserSelenium] ENTER --> (_parseElementOnXpath)
14:38:06,373 INFO  [BrowserSelenium] (_parseElementOnXpath) -> //a[@href='/jbilling/config/index'] is used
14:38:06,373 INFO  [BrowserSelenium] EXIT --> (_parseElementOnXpath)
14:38:06,374 INFO  [BrowserSelenium] EXIT --> (_getByLocator)
14:38:06,391 INFO  [BrowserSelenium] ENTER --> (_getByLocator)
14:38:06,391 INFO  [BrowserSelenium] (_getByLocator) -> Getting locator for null
14:38:06,391 INFO  [BrowserSelenium] (_getByLocator) -> Locator info found for XPATH attribute as: //a[@href='/jbilling/config/index']
14:38:06,392 INFO  [BrowserSelenium] ENTER --> (_parseElementOnXpath)
14:38:06,392 INFO  [BrowserSelenium] (_parseElementOnXpath) -> //a[@href='/jbilling/config/index'] is used
14:38:06,392 INFO  [BrowserSelenium] EXIT --> (_parseElementOnXpath)
14:38:06,392 INFO  [BrowserSelenium] EXIT --> (_getByLocator)
14:38:06,412 INFO  [BrowserSelenium] ENTER --> (_getByLocator)
14:38:06,412 INFO  [BrowserSelenium] (_getByLocator) -> Getting locator for null
14:38:06,412 INFO  [BrowserSelenium] (_getByLocator) -> Locator info found for XPATH attribute as: //a[@href='/jbilling/config/index']
14:38:06,412 INFO  [BrowserSelenium] ENTER --> (_parseElementOnXpath)
14:38:06,412 INFO  [BrowserSelenium] (_parseElementOnXpath) -> //a[@href='/jbilling/config/index'] is used
14:38:06,413 INFO  [BrowserSelenium] EXIT --> (_parseElementOnXpath)
14:38:06,413 INFO  [BrowserSelenium] EXIT --> (_getByLocator)
14:38:06,436 INFO  [BrowserSelenium] ENTER --> (_getByLocator)
14:38:06,437 INFO  [BrowserSelenium] (_getByLocator) -> Getting locator for null
14:38:06,437 INFO  [BrowserSelenium] (_getByLocator) -> Locator info found for XPATH attribute as: //a[@href='/jbilling/config/index']
14:38:06,437 INFO  [BrowserSelenium] ENTER --> (_parseElementOnXpath)
14:38:06,437 INFO  [BrowserSelenium] (_parseElementOnXpath) -> //a[@href='/jbilling/config/index'] is used
14:38:06,437 INFO  [BrowserSelenium] EXIT --> (_parseElementOnXpath)
14:38:06,437 INFO  [BrowserSelenium] EXIT --> (_getByLocator)
14:38:06,459 INFO  [BrowserSelenium] ENTER --> (_getByLocator)
14:38:06,459 INFO  [BrowserSelenium] (_getByLocator) -> Getting locator for null
14:38:06,459 INFO  [BrowserSelenium] (_getByLocator) -> Locator info found for XPATH attribute as: //a[@href='/jbilling/config/index']
14:38:06,460 INFO  [BrowserSelenium] ENTER --> (_parseElementOnXpath)
14:38:06,460 INFO  [BrowserSelenium] (_parseElementOnXpath) -> //a[@href='/jbilling/config/index'] is used
14:38:06,460 INFO  [BrowserSelenium] EXIT --> (_parseElementOnXpath)
14:38:06,460 INFO  [BrowserSelenium] EXIT --> (_getByLocator)
14:38:06,478 INFO  [BrowserSelenium] ENTER --> (_getByLocator)
14:38:06,478 INFO  [BrowserSelenium] (_getByLocator) -> Getting locator for null
14:38:06,478 INFO  [BrowserSelenium] (_getByLocator) -> Locator info found for XPATH attribute as: //a[@href='/jbilling/config/index']
14:38:06,478 INFO  [BrowserSelenium] ENTER --> (_parseElementOnXpath)
14:38:06,478 INFO  [BrowserSelenium] (_parseElementOnXpath) -> //a[@href='/jbilling/config/index'] is used
14:38:06,478 INFO  [BrowserSelenium] EXIT --> (_parseElementOnXpath)
14:38:06,479 INFO  [BrowserSelenium] EXIT --> (_getByLocator)
14:38:06,498 INFO  [BrowserSelenium] ENTER --> (_getByLocator)
14:38:06,498 INFO  [BrowserSelenium] (_getByLocator) -> Getting locator for null
14:38:06,499 INFO  [BrowserSelenium] (_getByLocator) -> Locator info found for XPATH attribute as: //a[@href='/jbilling/config/index']
14:38:06,499 INFO  [BrowserSelenium] ENTER --> (_parseElementOnXpath)
14:38:06,499 INFO  [BrowserSelenium] (_parseElementOnXpath) -> //a[@href='/jbilling/config/index'] is used
14:38:06,499 INFO  [BrowserSelenium] EXIT --> (_parseElementOnXpath)
14:38:06,499 INFO  [BrowserSelenium] EXIT --> (_getByLocator)
14:38:06,517 INFO  [BrowserSelenium] ENTER --> (_getByLocator)
14:38:06,517 INFO  [BrowserSelenium] (_getByLocator) -> Getting locator for null
14:38:06,517 INFO  [BrowserSelenium] (_getByLocator) -> Locator info found for XPATH attribute as: //a[@href='/jbilling/config/index']
14:38:06,517 INFO  [BrowserSelenium] ENTER --> (_parseElementOnXpath)
14:38:06,517 INFO  [BrowserSelenium] (_parseElementOnXpath) -> //a[@href='/jbilling/config/index'] is used
14:38:06,517 INFO  [BrowserSelenium] EXIT --> (_parseElementOnXpath)
14:38:06,517 INFO  [BrowserSelenium] EXIT --> (_getByLocator)
14:38:06,538 INFO  [BrowserSelenium] ENTER --> (_getByLocator)
14:38:06,538 INFO  [BrowserSelenium] (_getByLocator) -> Getting locator for null
14:38:06,538 INFO  [BrowserSelenium] (_getByLocator) -> Locator info found for XPATH attribute as: //a[@href='/jbilling/config/index']
14:38:06,538 INFO  [BrowserSelenium] ENTER --> (_parseElementOnXpath)
14:38:06,538 INFO  [BrowserSelenium] (_parseElementOnXpath) -> //a[@href='/jbilling/config/index'] is used
14:38:06,538 INFO  [BrowserSelenium] EXIT --> (_parseElementOnXpath)
14:38:06,538 INFO  [BrowserSelenium] EXIT --> (_getByLocator)
14:38:06,557 INFO  [BrowserSelenium] ENTER --> (_getByLocator)
14:38:06,557 INFO  [BrowserSelenium] (_getByLocator) -> Getting locator for null
14:38:06,557 INFO  [BrowserSelenium] (_getByLocator) -> Locator info found for XPATH attribute as: //a[@href='/jbilling/config/index']
14:38:06,557 INFO  [BrowserSelenium] ENTER --> (_parseElementOnXpath)
14:38:06,558 INFO  [BrowserSelenium] (_parseElementOnXpath) -> //a[@href='/jbilling/config/index'] is used
14:38:06,558 INFO  [BrowserSelenium] EXIT --> (_parseElementOnXpath)
14:38:06,558 INFO  [BrowserSelenium] EXIT --> (_getByLocator)
14:38:06,578 INFO  [BrowserSelenium] ENTER --> (_getByLocator)
14:38:06,579 INFO  [BrowserSelenium] (_getByLocator) -> Getting locator for null
14:38:06,579 INFO  [BrowserSelenium] (_getByLocator) -> Locator info found for XPATH attribute as: //a[@href='/jbilling/config/index']
14:38:06,579 INFO  [BrowserSelenium] ENTER --> (_parseElementOnXpath)
14:38:06,579 INFO  [BrowserSelenium] (_parseElementOnXpath) -> //a[@href='/jbilling/config/index'] is used
14:38:06,579 INFO  [BrowserSelenium] EXIT --> (_parseElementOnXpath)
14:38:06,579 INFO  [BrowserSelenium] EXIT --> (_getByLocator)
14:38:06,603 INFO  [BrowserSelenium] ENTER --> (_getByLocator)
14:38:06,603 INFO  [BrowserSelenium] (_getByLocator) -> Getting locator for null
14:38:06,603 INFO  [BrowserSelenium] (_getByLocator) -> Locator info found for XPATH attribute as: //a[@href='/jbilling/config/index']
14:38:06,604 INFO  [BrowserSelenium] ENTER --> (_parseElementOnXpath)
14:38:06,604 INFO  [BrowserSelenium] (_parseElementOnXpath) -> //a[@href='/jbilling/config/index'] is used
14:38:06,604 INFO  [BrowserSelenium] EXIT --> (_parseElementOnXpath)
14:38:06,604 INFO  [BrowserSelenium] EXIT --> (_getByLocator)
14:38:06,624 INFO  [BrowserSelenium] ENTER --> (_getByLocator)
14:38:06,624 INFO  [BrowserSelenium] (_getByLocator) -> Getting locator for null
14:38:06,624 INFO  [BrowserSelenium] (_getByLocator) -> Locator info found for XPATH attribute as: //a[@href='/jbilling/config/index']
14:38:06,624 INFO  [BrowserSelenium] ENTER --> (_parseElementOnXpath)
14:38:06,625 INFO  [BrowserSelenium] (_parseElementOnXpath) -> //a[@href='/jbilling/config/index'] is used
14:38:06,625 INFO  [BrowserSelenium] EXIT --> (_parseElementOnXpath)
14:38:06,625 INFO  [BrowserSelenium] EXIT --> (_getByLocator)
14:38:06,644 INFO  [BrowserSelenium] ENTER --> (_getByLocator)
14:38:06,645 INFO  [BrowserSelenium] (_getByLocator) -> Getting locator for null
14:38:06,645 INFO  [BrowserSelenium] (_getByLocator) -> Locator info found for XPATH attribute as: //a[@href='/jbilling/config/index']
14:38:06,645 INFO  [BrowserSelenium] ENTER --> (_parseElementOnXpath)
14:38:06,645 INFO  [BrowserSelenium] (_parseElementOnXpath) -> //a[@href='/jbilling/config/index'] is used
14:38:06,645 INFO  [BrowserSelenium] EXIT --> (_parseElementOnXpath)
14:38:06,645 INFO  [BrowserSelenium] EXIT --> (_getByLocator)
14:38:06,664 INFO  [BrowserSelenium] ENTER --> (_getByLocator)
14:38:06,665 INFO  [BrowserSelenium] (_getByLocator) -> Getting locator for null
14:38:06,665 INFO  [BrowserSelenium] (_getByLocator) -> Locator info found for XPATH attribute as: //a[@href='/jbilling/config/index']
14:38:06,665 INFO  [BrowserSelenium] ENTER --> (_parseElementOnXpath)
14:38:06,665 INFO  [BrowserSelenium] (_parseElementOnXpath) -> //a[@href='/jbilling/config/index'] is used
14:38:06,665 INFO  [BrowserSelenium] EXIT --> (_parseElementOnXpath)
14:38:06,665 INFO  [BrowserSelenium] EXIT --> (_getByLocator)
14:38:06,685 INFO  [BrowserSelenium] ENTER --> (_getByLocator)
14:38:06,686 INFO  [BrowserSelenium] (_getByLocator) -> Getting locator for null
14:38:06,686 INFO  [BrowserSelenium] (_getByLocator) -> Locator info found for XPATH attribute as: //a[@href='/jbilling/config/index']
14:38:06,686 INFO  [BrowserSelenium] ENTER --> (_parseElementOnXpath)
14:38:06,686 INFO  [BrowserSelenium] (_parseElementOnXpath) -> //a[@href='/jbilling/config/index'] is used
14:38:06,686 INFO  [BrowserSelenium] EXIT --> (_parseElementOnXpath)
14:38:06,687 INFO  [BrowserSelenium] EXIT --> (_getByLocator)
14:38:06,706 INFO  [BrowserSelenium] ENTER --> (_getByLocator)
14:38:06,706 INFO  [BrowserSelenium] (_getByLocator) -> Getting locator for null
14:38:06,706 INFO  [BrowserSelenium] (_getByLocator) -> Locator info found for XPATH attribute as: //a[@href='/jbilling/config/index']
14:38:06,707 INFO  [BrowserSelenium] ENTER --> (_parseElementOnXpath)
14:38:06,707 INFO  [BrowserSelenium] (_parseElementOnXpath) -> //a[@href='/jbilling/config/index'] is used
14:38:06,707 INFO  [BrowserSelenium] EXIT --> (_parseElementOnXpath)
14:38:06,707 INFO  [BrowserSelenium] EXIT --> (_getByLocator)
14:38:06,728 INFO  [BrowserSelenium] ENTER --> (_getByLocator)
14:38:06,728 INFO  [BrowserSelenium] (_getByLocator) -> Getting locator for null
14:38:06,728 INFO  [BrowserSelenium] (_getByLocator) -> Locator info found for XPATH attribute as: //a[@href='/jbilling/config/index']
14:38:06,728 INFO  [BrowserSelenium] ENTER --> (_parseElementOnXpath)
14:38:06,728 INFO  [BrowserSelenium] (_parseElementOnXpath) -> //a[@href='/jbilling/config/index'] is used
14:38:06,729 INFO  [BrowserSelenium] EXIT --> (_parseElementOnXpath)
14:38:06,729 INFO  [BrowserSelenium] EXIT --> (_getByLocator)
14:38:06,750 INFO  [BrowserSelenium] ENTER --> (_getByLocator)
14:38:06,750 INFO  [BrowserSelenium] (_getByLocator) -> Getting locator for null
14:38:06,751 INFO  [BrowserSelenium] (_getByLocator) -> Locator info found for XPATH attribute as: //a[@href='/jbilling/config/index']
14:38:06,751 INFO  [BrowserSelenium] ENTER --> (_parseElementOnXpath)
14:38:06,751 INFO  [BrowserSelenium] (_parseElementOnXpath) -> //a[@href='/jbilling/config/index'] is used
14:38:06,751 INFO  [BrowserSelenium] EXIT --> (_parseElementOnXpath)
14:38:06,751 INFO  [BrowserSelenium] EXIT --> (_getByLocator)
14:38:06,769 INFO  [BrowserSelenium] ENTER --> (_getByLocator)
14:38:06,770 INFO  [BrowserSelenium] (_getByLocator) -> Getting locator for null
14:38:06,770 INFO  [BrowserSelenium] (_getByLocator) -> Locator info found for XPATH attribute as: //a[@href='/jbilling/config/index']
14:38:06,770 INFO  [BrowserSelenium] ENTER --> (_parseElementOnXpath)
14:38:06,770 INFO  [BrowserSelenium] (_parseElementOnXpath) -> //a[@href='/jbilling/config/index'] is used
14:38:06,770 INFO  [BrowserSelenium] EXIT --> (_parseElementOnXpath)
14:38:06,770 INFO  [BrowserSelenium] EXIT --> (_getByLocator)
14:38:06,788 INFO  [BrowserSelenium] ENTER --> (_getByLocator)
14:38:06,789 INFO  [BrowserSelenium] (_getByLocator) -> Getting locator for null
14:38:06,789 INFO  [BrowserSelenium] (_getByLocator) -> Locator info found for XPATH attribute as: //a[@href='/jbilling/config/index']
14:38:06,789 INFO  [BrowserSelenium] ENTER --> (_parseElementOnXpath)
14:38:06,789 INFO  [BrowserSelenium] (_parseElementOnXpath) -> //a[@href='/jbilling/config/index'] is used
14:38:06,789 INFO  [BrowserSelenium] EXIT --> (_parseElementOnXpath)
14:38:06,789 INFO  [BrowserSelenium] EXIT --> (_getByLocator)
14:38:06,806 INFO  [BrowserSelenium] ENTER --> (_getByLocator)
14:38:06,807 INFO  [BrowserSelenium] (_getByLocator) -> Getting locator for null
14:38:06,807 INFO  [BrowserSelenium] (_getByLocator) -> Locator info found for XPATH attribute as: //a[@href='/jbilling/config/index']
14:38:06,807 INFO  [BrowserSelenium] ENTER --> (_parseElementOnXpath)
14:38:06,807 INFO  [BrowserSelenium] (_parseElementOnXpath) -> //a[@href='/jbilling/config/index'] is used
14:38:06,807 INFO  [BrowserSelenium] EXIT --> (_parseElementOnXpath)
14:38:06,807 INFO  [BrowserSelenium] EXIT --> (_getByLocator)
14:38:06,828 INFO  [BrowserSelenium] ENTER --> (_getByLocator)
14:38:06,828 INFO  [BrowserSelenium] (_getByLocator) -> Getting locator for null
14:38:06,828 INFO  [BrowserSelenium] (_getByLocator) -> Locator info found for XPATH attribute as: //a[@href='/jbilling/config/index']
14:38:06,829 INFO  [BrowserSelenium] ENTER --> (_parseElementOnXpath)
14:38:06,829 INFO  [BrowserSelenium] (_parseElementOnXpath) -> //a[@href='/jbilling/config/index'] is used
14:38:06,829 INFO  [BrowserSelenium] EXIT --> (_parseElementOnXpath)
14:38:06,829 INFO  [BrowserSelenium] EXIT --> (_getByLocator)
14:38:06,850 INFO  [BrowserSelenium] ENTER --> (_getByLocator)
14:38:06,850 INFO  [BrowserSelenium] (_getByLocator) -> Getting locator for null
14:38:06,850 INFO  [BrowserSelenium] (_getByLocator) -> Locator info found for XPATH attribute as: //a[@href='/jbilling/config/index']
14:38:06,850 INFO  [BrowserSelenium] ENTER --> (_parseElementOnXpath)
14:38:06,850 INFO  [BrowserSelenium] (_parseElementOnXpath) -> //a[@href='/jbilling/config/index'] is used
14:38:06,850 INFO  [BrowserSelenium] EXIT --> (_parseElementOnXpath)
14:38:06,850 INFO  [BrowserSelenium] EXIT --> (_getByLocator)
14:38:06,871 INFO  [BrowserSelenium] ENTER --> (_getByLocator)
14:38:06,871 INFO  [BrowserSelenium] (_getByLocator) -> Getting locator for null
14:38:06,872 INFO  [BrowserSelenium] (_getByLocator) -> Locator info found for XPATH attribute as: //a[@href='/jbilling/config/index']
14:38:06,872 INFO  [BrowserSelenium] ENTER --> (_parseElementOnXpath)
14:38:06,872 INFO  [BrowserSelenium] (_parseElementOnXpath) -> //a[@href='/jbilling/config/index'] is used
14:38:06,872 INFO  [BrowserSelenium] EXIT --> (_parseElementOnXpath)
14:38:06,872 INFO  [BrowserSelenium] EXIT --> (_getByLocator)
14:38:06,889 INFO  [BrowserSelenium] ENTER --> (_getByLocator)
14:38:06,890 INFO  [BrowserSelenium] (_getByLocator) -> Getting locator for null
14:38:06,890 INFO  [BrowserSelenium] (_getByLocator) -> Locator info found for XPATH attribute as: //a[@href='/jbilling/config/index']
14:38:06,890 INFO  [BrowserSelenium] ENTER --> (_parseElementOnXpath)
14:38:06,890 INFO  [BrowserSelenium] (_parseElementOnXpath) -> //a[@href='/jbilling/config/index'] is used
14:38:06,890 INFO  [BrowserSelenium] EXIT --> (_parseElementOnXpath)
14:38:06,891 INFO  [BrowserSelenium] EXIT --> (_getByLocator)
14:38:06,908 INFO  [BrowserSelenium] ENTER --> (_getByLocator)
14:38:06,908 INFO  [BrowserSelenium] (_getByLocator) -> Getting locator for null
14:38:06,908 INFO  [BrowserSelenium] (_getByLocator) -> Locator info found for XPATH attribute as: //a[@href='/jbilling/config/index']
14:38:06,909 INFO  [BrowserSelenium] ENTER --> (_parseElementOnXpath)
14:38:06,909 INFO  [BrowserSelenium] (_parseElementOnXpath) -> //a[@href='/jbilling/config/index'] is used
14:38:06,909 INFO  [BrowserSelenium] EXIT --> (_parseElementOnXpath)
14:38:06,909 INFO  [BrowserSelenium] EXIT --> (_getByLocator)
14:38:06,930 INFO  [BrowserSelenium] ENTER --> (_getByLocator)
14:38:06,931 INFO  [BrowserSelenium] (_getByLocator) -> Getting locator for null
14:38:06,931 INFO  [BrowserSelenium] (_getByLocator) -> Locator info found for XPATH attribute as: //a[@href='/jbilling/config/index']
14:38:06,931 INFO  [BrowserSelenium] ENTER --> (_parseElementOnXpath)
14:38:06,931 INFO  [BrowserSelenium] (_parseElementOnXpath) -> //a[@href='/jbilling/config/index'] is used
14:38:06,931 INFO  [BrowserSelenium] EXIT --> (_parseElementOnXpath)
14:38:06,931 INFO  [BrowserSelenium] EXIT --> (_getByLocator)
14:38:06,949 INFO  [BrowserSelenium] ENTER --> (_getByLocator)
14:38:06,950 INFO  [BrowserSelenium] (_getByLocator) -> Getting locator for null
14:38:06,950 INFO  [BrowserSelenium] (_getByLocator) -> Locator info found for XPATH attribute as: //a[@href='/jbilling/config/index']
14:38:06,950 INFO  [BrowserSelenium] ENTER --> (_parseElementOnXpath)
14:38:06,950 INFO  [BrowserSelenium] (_parseElementOnXpath) -> //a[@href='/jbilling/config/index'] is used
14:38:06,950 INFO  [BrowserSelenium] EXIT --> (_parseElementOnXpath)
14:38:06,950 INFO  [BrowserSelenium] EXIT --> (_getByLocator)
14:38:06,969 INFO  [BrowserSelenium] ENTER --> (_getByLocator)
14:38:06,969 INFO  [BrowserSelenium] (_getByLocator) -> Getting locator for null
14:38:06,969 INFO  [BrowserSelenium] (_getByLocator) -> Locator info found for XPATH attribute as: //a[@href='/jbilling/config/index']
14:38:06,970 INFO  [BrowserSelenium] ENTER --> (_parseElementOnXpath)
14:38:06,970 INFO  [BrowserSelenium] (_parseElementOnXpath) -> //a[@href='/jbilling/config/index'] is used
14:38:06,970 INFO  [BrowserSelenium] EXIT --> (_parseElementOnXpath)
14:38:06,970 INFO  [BrowserSelenium] EXIT --> (_getByLocator)
14:38:06,990 INFO  [BrowserSelenium] ENTER --> (_getByLocator)
14:38:06,990 INFO  [BrowserSelenium] (_getByLocator) -> Getting locator for null
14:38:06,990 INFO  [BrowserSelenium] (_getByLocator) -> Locator info found for XPATH attribute as: //a[@href='/jbilling/config/index']
14:38:06,990 INFO  [BrowserSelenium] ENTER --> (_parseElementOnXpath)
14:38:06,990 INFO  [BrowserSelenium] (_parseElementOnXpath) -> //a[@href='/jbilling/config/index'] is used
14:38:06,990 INFO  [BrowserSelenium] EXIT --> (_parseElementOnXpath)
14:38:06,991 INFO  [BrowserSelenium] EXIT --> (_getByLocator)
14:38:07,009 INFO  [BrowserSelenium] ENTER --> (_getByLocator)
14:38:07,009 INFO  [BrowserSelenium] (_getByLocator) -> Getting locator for null
14:38:07,009 INFO  [BrowserSelenium] (_getByLocator) -> Locator info found for XPATH attribute as: //a[@href='/jbilling/config/index']
14:38:07,009 INFO  [BrowserSelenium] ENTER --> (_parseElementOnXpath)
14:38:07,009 INFO  [BrowserSelenium] (_parseElementOnXpath) -> //a[@href='/jbilling/config/index'] is used
14:38:07,009 INFO  [BrowserSelenium] EXIT --> (_parseElementOnXpath)
14:38:07,010 INFO  [BrowserSelenium] EXIT --> (_getByLocator)
14:38:07,027 INFO  [BrowserSelenium] ENTER --> (_getByLocator)
14:38:07,027 INFO  [BrowserSelenium] (_getByLocator) -> Getting locator for null
14:38:07,027 INFO  [BrowserSelenium] (_getByLocator) -> Locator info found for XPATH attribute as: //a[@href='/jbilling/config/index']
14:38:07,027 INFO  [BrowserSelenium] ENTER --> (_parseElementOnXpath)
14:38:07,027 INFO  [BrowserSelenium] (_parseElementOnXpath) -> //a[@href='/jbilling/config/index'] is used
14:38:07,027 INFO  [BrowserSelenium] EXIT --> (_parseElementOnXpath)
14:38:07,027 INFO  [BrowserSelenium] EXIT --> (_getByLocator)
14:38:07,044 INFO  [BrowserSelenium] ENTER --> (_getByLocator)
14:38:07,045 INFO  [BrowserSelenium] (_getByLocator) -> Getting locator for null
14:38:07,045 INFO  [BrowserSelenium] (_getByLocator) -> Locator info found for XPATH attribute as: //a[@href='/jbilling/config/index']
14:38:07,045 INFO  [BrowserSelenium] ENTER --> (_parseElementOnXpath)
14:38:07,045 INFO  [BrowserSelenium] (_parseElementOnXpath) -> //a[@href='/jbilling/config/index'] is used
14:38:07,045 INFO  [BrowserSelenium] EXIT --> (_parseElementOnXpath)
14:38:07,045 INFO  [BrowserSelenium] EXIT --> (_getByLocator)
14:38:07,069 INFO  [BrowserSelenium] ENTER --> (_getByLocator)
14:38:07,069 INFO  [BrowserSelenium] (_getByLocator) -> Getting locator for null
14:38:07,070 INFO  [BrowserSelenium] (_getByLocator) -> Locator info found for XPATH attribute as: //a[@href='/jbilling/config/index']
14:38:07,070 INFO  [BrowserSelenium] ENTER --> (_parseElementOnXpath)
14:38:07,070 INFO  [BrowserSelenium] (_parseElementOnXpath) -> //a[@href='/jbilling/config/index'] is used
14:38:07,070 INFO  [BrowserSelenium] EXIT --> (_parseElementOnXpath)
14:38:07,070 INFO  [BrowserSelenium] EXIT --> (_getByLocator)
14:38:07,099 INFO  [BrowserSelenium] ENTER --> (_getByLocator)
14:38:07,099 INFO  [BrowserSelenium] (_getByLocator) -> Getting locator for null
14:38:07,100 INFO  [BrowserSelenium] (_getByLocator) -> Locator info found for XPATH attribute as: //a[@href='/jbilling/config/index']
14:38:07,100 INFO  [BrowserSelenium] ENTER --> (_parseElementOnXpath)
14:38:07,100 INFO  [BrowserSelenium] (_parseElementOnXpath) -> //a[@href='/jbilling/config/index'] is used
14:38:07,100 INFO  [BrowserSelenium] EXIT --> (_parseElementOnXpath)
14:38:07,100 INFO  [BrowserSelenium] EXIT --> (_getByLocator)
14:38:07,121 INFO  [BrowserSelenium] ENTER --> (_getByLocator)
14:38:07,121 INFO  [BrowserSelenium] (_getByLocator) -> Getting locator for null
14:38:07,121 INFO  [BrowserSelenium] (_getByLocator) -> Locator info found for XPATH attribute as: //a[@href='/jbilling/config/index']
14:38:07,121 INFO  [BrowserSelenium] ENTER --> (_parseElementOnXpath)
14:38:07,121 INFO  [BrowserSelenium] (_parseElementOnXpath) -> //a[@href='/jbilling/config/index'] is used
14:38:07,122 INFO  [BrowserSelenium] EXIT --> (_parseElementOnXpath)
14:38:07,122 INFO  [BrowserSelenium] EXIT --> (_getByLocator)
14:38:07,144 INFO  [BrowserSelenium] ENTER --> (_getByLocator)
14:38:07,144 INFO  [BrowserSelenium] (_getByLocator) -> Getting locator for null
14:38:07,144 INFO  [BrowserSelenium] (_getByLocator) -> Locator info found for XPATH attribute as: //a[@href='/jbilling/config/index']
14:38:07,144 INFO  [BrowserSelenium] ENTER --> (_parseElementOnXpath)
14:38:07,145 INFO  [BrowserSelenium] (_parseElementOnXpath) -> //a[@href='/jbilling/config/index'] is used
14:38:07,145 INFO  [BrowserSelenium] EXIT --> (_parseElementOnXpath)
14:38:07,145 INFO  [BrowserSelenium] EXIT --> (_getByLocator)
14:38:07,163 INFO  [BrowserSelenium] ENTER --> (_getByLocator)
14:38:07,164 INFO  [BrowserSelenium] (_getByLocator) -> Getting locator for null
14:38:07,164 INFO  [BrowserSelenium] (_getByLocator) -> Locator info found for XPATH attribute as: //a[@href='/jbilling/config/index']
14:38:07,164 INFO  [BrowserSelenium] ENTER --> (_parseElementOnXpath)
14:38:07,164 INFO  [BrowserSelenium] (_parseElementOnXpath) -> //a[@href='/jbilling/config/index'] is used
14:38:07,164 INFO  [BrowserSelenium] EXIT --> (_parseElementOnXpath)
14:38:07,164 INFO  [BrowserSelenium] EXIT --> (_getByLocator)
14:38:07,184 INFO  [BrowserSelenium] ENTER --> (_getByLocator)
14:38:07,184 INFO  [BrowserSelenium] (_getByLocator) -> Getting locator for null
14:38:07,184 INFO  [BrowserSelenium] (_getByLocator) -> Locator info found for XPATH attribute as: //a[@href='/jbilling/config/index']
14:38:07,184 INFO  [BrowserSelenium] ENTER --> (_parseElementOnXpath)
14:38:07,184 INFO  [BrowserSelenium] (_parseElementOnXpath) -> //a[@href='/jbilling/config/index'] is used
14:38:07,185 INFO  [BrowserSelenium] EXIT --> (_parseElementOnXpath)
14:38:07,185 INFO  [BrowserSelenium] EXIT --> (_getByLocator)
14:38:07,211 INFO  [BrowserSelenium] ENTER --> (_getByLocator)
14:38:07,211 INFO  [BrowserSelenium] (_getByLocator) -> Getting locator for null
14:38:07,212 INFO  [BrowserSelenium] (_getByLocator) -> Locator info found for XPATH attribute as: //a[@href='/jbilling/config/index']
14:38:07,212 INFO  [BrowserSelenium] ENTER --> (_parseElementOnXpath)
14:38:07,212 INFO  [BrowserSelenium] (_parseElementOnXpath) -> //a[@href='/jbilling/config/index'] is used
14:38:07,212 INFO  [BrowserSelenium] EXIT --> (_parseElementOnXpath)
14:38:07,212 INFO  [BrowserSelenium] EXIT --> (_getByLocator)
14:38:07,232 INFO  [BrowserSelenium] ENTER --> (_getByLocator)
14:38:07,232 INFO  [BrowserSelenium] (_getByLocator) -> Getting locator for null
14:38:07,232 INFO  [BrowserSelenium] (_getByLocator) -> Locator info found for XPATH attribute as: //a[@href='/jbilling/config/index']
14:38:07,232 INFO  [BrowserSelenium] ENTER --> (_parseElementOnXpath)
14:38:07,232 INFO  [BrowserSelenium] (_parseElementOnXpath) -> //a[@href='/jbilling/config/index'] is used
14:38:07,233 INFO  [BrowserSelenium] EXIT --> (_parseElementOnXpath)
14:38:07,233 INFO  [BrowserSelenium] EXIT --> (_getByLocator)
14:38:07,252 INFO  [BrowserSelenium] ENTER --> (_getByLocator)
14:38:07,252 INFO  [BrowserSelenium] (_getByLocator) -> Getting locator for null
14:38:07,252 INFO  [BrowserSelenium] (_getByLocator) -> Locator info found for XPATH attribute as: //a[@href='/jbilling/config/index']
14:38:07,252 INFO  [BrowserSelenium] ENTER --> (_parseElementOnXpath)
14:38:07,253 INFO  [BrowserSelenium] (_parseElementOnXpath) -> //a[@href='/jbilling/config/index'] is used
14:38:07,253 INFO  [BrowserSelenium] EXIT --> (_parseElementOnXpath)
14:38:07,253 INFO  [BrowserSelenium] EXIT --> (_getByLocator)
14:38:07,273 INFO  [BrowserSelenium] ENTER --> (_getByLocator)
14:38:07,273 INFO  [BrowserSelenium] (_getByLocator) -> Getting locator for null
14:38:07,273 INFO  [BrowserSelenium] (_getByLocator) -> Locator info found for XPATH attribute as: //a[@href='/jbilling/config/index']
14:38:07,273 INFO  [BrowserSelenium] ENTER --> (_parseElementOnXpath)
14:38:07,274 INFO  [BrowserSelenium] (_parseElementOnXpath) -> //a[@href='/jbilling/config/index'] is used
14:38:07,274 INFO  [BrowserSelenium] EXIT --> (_parseElementOnXpath)
14:38:07,274 INFO  [BrowserSelenium] EXIT --> (_getByLocator)
14:38:07,294 INFO  [BrowserSelenium] ENTER --> (_getByLocator)
14:38:07,294 INFO  [BrowserSelenium] (_getByLocator) -> Getting locator for null
14:38:07,294 INFO  [BrowserSelenium] (_getByLocator) -> Locator info found for XPATH attribute as: //a[@href='/jbilling/config/index']
14:38:07,295 INFO  [BrowserSelenium] ENTER --> (_parseElementOnXpath)
14:38:07,295 INFO  [BrowserSelenium] (_parseElementOnXpath) -> //a[@href='/jbilling/config/index'] is used
14:38:07,295 INFO  [BrowserSelenium] EXIT --> (_parseElementOnXpath)
14:38:07,295 INFO  [BrowserSelenium] EXIT --> (_getByLocator)
14:38:07,315 INFO  [BrowserSelenium] ENTER --> (_getByLocator)
14:38:07,315 INFO  [BrowserSelenium] (_getByLocator) -> Getting locator for null
14:38:07,315 INFO  [BrowserSelenium] (_getByLocator) -> Locator info found for XPATH attribute as: //a[@href='/jbilling/config/index']
14:38:07,315 INFO  [BrowserSelenium] ENTER --> (_parseElementOnXpath)
14:38:07,315 INFO  [BrowserSelenium] (_parseElementOnXpath) -> //a[@href='/jbilling/config/index'] is used
14:38:07,316 INFO  [BrowserSelenium] EXIT --> (_parseElementOnXpath)
14:38:07,316 INFO  [BrowserSelenium] EXIT --> (_getByLocator)
14:38:07,337 INFO  [BrowserSelenium] ENTER --> (_getByLocator)
14:38:07,338 INFO  [BrowserSelenium] (_getByLocator) -> Getting locator for null
14:38:07,338 INFO  [BrowserSelenium] (_getByLocator) -> Locator info found for XPATH attribute as: //a[@href='/jbilling/config/index']
14:38:07,338 INFO  [BrowserSelenium] ENTER --> (_parseElementOnXpath)
14:38:07,338 INFO  [BrowserSelenium] (_parseElementOnXpath) -> //a[@href='/jbilling/config/index'] is used
14:38:07,338 INFO  [BrowserSelenium] EXIT --> (_parseElementOnXpath)
14:38:07,339 INFO  [BrowserSelenium] EXIT --> (_getByLocator)
14:38:07,365 INFO  [BrowserSelenium] ENTER --> (_getByLocator)
14:38:07,365 INFO  [BrowserSelenium] (_getByLocator) -> Getting locator for null
14:38:07,365 INFO  [BrowserSelenium] (_getByLocator) -> Locator info found for XPATH attribute as: //a[@href='/jbilling/config/index']
14:38:07,366 INFO  [BrowserSelenium] ENTER --> (_parseElementOnXpath)
14:38:07,366 INFO  [BrowserSelenium] (_parseElementOnXpath) -> //a[@href='/jbilling/config/index'] is used
14:38:07,366 INFO  [BrowserSelenium] EXIT --> (_parseElementOnXpath)
14:38:07,366 INFO  [BrowserSelenium] EXIT --> (_getByLocator)
14:38:07,386 INFO  [BrowserSelenium] ENTER --> (_getByLocator)
14:38:07,386 INFO  [BrowserSelenium] (_getByLocator) -> Getting locator for null
14:38:07,387 INFO  [BrowserSelenium] (_getByLocator) -> Locator info found for XPATH attribute as: //a[@href='/jbilling/config/index']
14:38:07,387 INFO  [BrowserSelenium] ENTER --> (_parseElementOnXpath)
14:38:07,387 INFO  [BrowserSelenium] (_parseElementOnXpath) -> //a[@href='/jbilling/config/index'] is used
14:38:07,387 INFO  [BrowserSelenium] EXIT --> (_parseElementOnXpath)
14:38:07,387 INFO  [BrowserSelenium] EXIT --> (_getByLocator)
14:38:07,408 INFO  [BrowserSelenium] ENTER --> (_getByLocator)
14:38:07,408 INFO  [BrowserSelenium] (_getByLocator) -> Getting locator for null
14:38:07,408 INFO  [BrowserSelenium] (_getByLocator) -> Locator info found for XPATH attribute as: //a[@href='/jbilling/config/index']
14:38:07,408 INFO  [BrowserSelenium] ENTER --> (_parseElementOnXpath)
14:38:07,408 INFO  [BrowserSelenium] (_parseElementOnXpath) -> //a[@href='/jbilling/config/index'] is used
14:38:07,409 INFO  [BrowserSelenium] EXIT --> (_parseElementOnXpath)
14:38:07,409 INFO  [BrowserSelenium] EXIT --> (_getByLocator)
14:38:07,433 INFO  [BrowserSelenium] ENTER --> (_getByLocator)
14:38:07,434 INFO  [BrowserSelenium] (_getByLocator) -> Getting locator for null
14:38:07,434 INFO  [BrowserSelenium] (_getByLocator) -> Locator info found for XPATH attribute as: //a[@href='/jbilling/config/index']
14:38:07,434 INFO  [BrowserSelenium] ENTER --> (_parseElementOnXpath)
14:38:07,434 INFO  [BrowserSelenium] (_parseElementOnXpath) -> //a[@href='/jbilling/config/index'] is used
14:38:07,434 INFO  [BrowserSelenium] EXIT --> (_parseElementOnXpath)
14:38:07,435 INFO  [BrowserSelenium] EXIT --> (_getByLocator)
14:38:07,455 INFO  [BrowserSelenium] ENTER --> (_getByLocator)
14:38:07,455 INFO  [BrowserSelenium] (_getByLocator) -> Getting locator for null
14:38:07,455 INFO  [BrowserSelenium] (_getByLocator) -> Locator info found for XPATH attribute as: //a[@href='/jbilling/config/index']
14:38:07,456 INFO  [BrowserSelenium] ENTER --> (_parseElementOnXpath)
14:38:07,456 INFO  [BrowserSelenium] (_parseElementOnXpath) -> //a[@href='/jbilling/config/index'] is used
14:38:07,456 INFO  [BrowserSelenium] EXIT --> (_parseElementOnXpath)
14:38:07,456 INFO  [BrowserSelenium] EXIT --> (_getByLocator)
14:38:07,474 INFO  [BrowserSelenium] ENTER --> (_getByLocator)
14:38:07,474 INFO  [BrowserSelenium] (_getByLocator) -> Getting locator for null
14:38:07,475 INFO  [BrowserSelenium] (_getByLocator) -> Locator info found for XPATH attribute as: //a[@href='/jbilling/config/index']
14:38:07,475 INFO  [BrowserSelenium] ENTER --> (_parseElementOnXpath)
14:38:07,475 INFO  [BrowserSelenium] (_parseElementOnXpath) -> //a[@href='/jbilling/config/index'] is used
14:38:07,475 INFO  [BrowserSelenium] EXIT --> (_parseElementOnXpath)
14:38:07,475 INFO  [BrowserSelenium] EXIT --> (_getByLocator)
14:38:07,497 INFO  [BrowserSelenium] ENTER --> (_getByLocator)
14:38:07,497 INFO  [BrowserSelenium] (_getByLocator) -> Getting locator for null
14:38:07,497 INFO  [BrowserSelenium] (_getByLocator) -> Locator info found for XPATH attribute as: //a[@href='/jbilling/config/index']
14:38:07,497 INFO  [BrowserSelenium] ENTER --> (_parseElementOnXpath)
14:38:07,498 INFO  [BrowserSelenium] (_parseElementOnXpath) -> //a[@href='/jbilling/config/index'] is used
14:38:07,498 INFO  [BrowserSelenium] EXIT --> (_parseElementOnXpath)
14:38:07,498 INFO  [BrowserSelenium] EXIT --> (_getByLocator)
14:38:07,518 INFO  [BrowserSelenium] ENTER --> (_getByLocator)
14:38:07,518 INFO  [BrowserSelenium] (_getByLocator) -> Getting locator for null
14:38:07,518 INFO  [BrowserSelenium] (_getByLocator) -> Locator info found for XPATH attribute as: //a[@href='/jbilling/config/index']
14:38:07,519 INFO  [BrowserSelenium] ENTER --> (_parseElementOnXpath)
14:38:07,519 INFO  [BrowserSelenium] (_parseElementOnXpath) -> //a[@href='/jbilling/config/index'] is used
14:38:07,519 INFO  [BrowserSelenium] EXIT --> (_parseElementOnXpath)
14:38:07,519 INFO  [BrowserSelenium] EXIT --> (_getByLocator)
14:38:07,542 INFO  [BrowserSelenium] ENTER --> (_getByLocator)
14:38:07,542 INFO  [BrowserSelenium] (_getByLocator) -> Getting locator for null
14:38:07,542 INFO  [BrowserSelenium] (_getByLocator) -> Locator info found for XPATH attribute as: //a[@href='/jbilling/config/index']
14:38:07,542 INFO  [BrowserSelenium] ENTER --> (_parseElementOnXpath)
14:38:07,542 INFO  [BrowserSelenium] (_parseElementOnXpath) -> //a[@href='/jbilling/config/index'] is used
14:38:07,542 INFO  [BrowserSelenium] EXIT --> (_parseElementOnXpath)
14:38:07,543 INFO  [BrowserSelenium] EXIT --> (_getByLocator)
14:38:07,581 INFO  [BrowserSelenium] ENTER --> (_getByLocator)
14:38:07,582 INFO  [BrowserSelenium] (_getByLocator) -> Getting locator for null
14:38:07,582 INFO  [BrowserSelenium] (_getByLocator) -> Locator info found for XPATH attribute as: //a[@href='/jbilling/config/index']
14:38:07,582 INFO  [BrowserSelenium] ENTER --> (_parseElementOnXpath)
14:38:07,582 INFO  [BrowserSelenium] (_parseElementOnXpath) -> //a[@href='/jbilling/config/index'] is used
14:38:07,582 INFO  [BrowserSelenium] EXIT --> (_parseElementOnXpath)
14:38:07,583 INFO  [BrowserSelenium] EXIT --> (_getByLocator)
14:38:07,615 INFO  [BrowserSelenium] ENTER --> (_getByLocator)
14:38:07,615 INFO  [BrowserSelenium] (_getByLocator) -> Getting locator for null
14:38:07,616 INFO  [BrowserSelenium] (_getByLocator) -> Locator info found for XPATH attribute as: //a[@href='/jbilling/config/index']
14:38:07,616 INFO  [BrowserSelenium] ENTER --> (_parseElementOnXpath)
14:38:07,616 INFO  [BrowserSelenium] (_parseElementOnXpath) -> //a[@href='/jbilling/config/index'] is used
14:38:07,616 INFO  [BrowserSelenium] EXIT --> (_parseElementOnXpath)
14:38:07,616 INFO  [BrowserSelenium] EXIT --> (_getByLocator)
14:38:07,664 INFO  [BrowserSelenium] ENTER --> (_getByLocator)
14:38:07,664 INFO  [BrowserSelenium] (_getByLocator) -> Getting locator for null
14:38:07,665 INFO  [BrowserSelenium] (_getByLocator) -> Locator info found for XPATH attribute as: //a[@href='/jbilling/config/index']
14:38:07,665 INFO  [BrowserSelenium] ENTER --> (_parseElementOnXpath)
14:38:07,665 INFO  [BrowserSelenium] (_parseElementOnXpath) -> //a[@href='/jbilling/config/index'] is used
14:38:07,665 INFO  [BrowserSelenium] EXIT --> (_parseElementOnXpath)
14:38:07,665 INFO  [BrowserSelenium] EXIT --> (_getByLocator)
14:38:07,688 INFO  [BrowserSelenium] ENTER --> (_getByLocator)
14:38:07,688 INFO  [BrowserSelenium] (_getByLocator) -> Getting locator for null
14:38:07,688 INFO  [BrowserSelenium] (_getByLocator) -> Locator info found for XPATH attribute as: //a[@href='/jbilling/config/index']
14:38:07,689 INFO  [BrowserSelenium] ENTER --> (_parseElementOnXpath)
14:38:07,689 INFO  [BrowserSelenium] (_parseElementOnXpath) -> //a[@href='/jbilling/config/index'] is used
14:38:07,689 INFO  [BrowserSelenium] EXIT --> (_parseElementOnXpath)
14:38:07,689 INFO  [BrowserSelenium] EXIT --> (_getByLocator)
14:38:07,706 INFO  [BrowserSelenium] ENTER --> (_getByLocator)
14:38:07,706 INFO  [BrowserSelenium] (_getByLocator) -> Getting locator for null
14:38:07,706 INFO  [BrowserSelenium] (_getByLocator) -> Locator info found for XPATH attribute as: //a[@href='/jbilling/config/index']
14:38:07,706 INFO  [BrowserSelenium] ENTER --> (_parseElementOnXpath)
14:38:07,706 INFO  [BrowserSelenium] (_parseElementOnXpath) -> //a[@href='/jbilling/config/index'] is used
14:38:07,707 INFO  [BrowserSelenium] EXIT --> (_parseElementOnXpath)
14:38:07,707 INFO  [BrowserSelenium] EXIT --> (_getByLocator)
14:38:07,725 INFO  [BrowserSelenium] ENTER --> (_getByLocator)
14:38:07,726 INFO  [BrowserSelenium] (_getByLocator) -> Getting locator for null
14:38:07,726 INFO  [BrowserSelenium] (_getByLocator) -> Locator info found for XPATH attribute as: //a[@href='/jbilling/config/index']
14:38:07,726 INFO  [BrowserSelenium] ENTER --> (_parseElementOnXpath)
14:38:07,726 INFO  [BrowserSelenium] (_parseElementOnXpath) -> //a[@href='/jbilling/config/index'] is used
14:38:07,726 INFO  [BrowserSelenium] EXIT --> (_parseElementOnXpath)
14:38:07,726 INFO  [BrowserSelenium] EXIT --> (_getByLocator)
14:38:07,745 INFO  [BrowserSelenium] ENTER --> (_getByLocator)
14:38:07,745 INFO  [BrowserSelenium] (_getByLocator) -> Getting locator for null
14:38:07,745 INFO  [BrowserSelenium] (_getByLocator) -> Locator info found for XPATH attribute as: //a[@href='/jbilling/config/index']
14:38:07,745 INFO  [BrowserSelenium] ENTER --> (_parseElementOnXpath)
14:38:07,745 INFO  [BrowserSelenium] (_parseElementOnXpath) -> //a[@href='/jbilling/config/index'] is used
14:38:07,746 INFO  [BrowserSelenium] EXIT --> (_parseElementOnXpath)
14:38:07,746 INFO  [BrowserSelenium] EXIT --> (_getByLocator)
14:38:07,763 INFO  [BrowserSelenium] ENTER --> (_getByLocator)
14:38:07,763 INFO  [BrowserSelenium] (_getByLocator) -> Getting locator for null
14:38:07,763 INFO  [BrowserSelenium] (_getByLocator) -> Locator info found for XPATH attribute as: //a[@href='/jbilling/config/index']
14:38:07,763 INFO  [BrowserSelenium] ENTER --> (_parseElementOnXpath)
14:38:07,763 INFO  [BrowserSelenium] (_parseElementOnXpath) -> //a[@href='/jbilling/config/index'] is used
14:38:07,763 INFO  [BrowserSelenium] EXIT --> (_parseElementOnXpath)
14:38:07,763 INFO  [BrowserSelenium] EXIT --> (_getByLocator)
14:38:07,781 INFO  [BrowserSelenium] ENTER --> (_getByLocator)
14:38:07,781 INFO  [BrowserSelenium] (_getByLocator) -> Getting locator for null
14:38:07,781 INFO  [BrowserSelenium] (_getByLocator) -> Locator info found for XPATH attribute as: //a[@href='/jbilling/config/index']
14:38:07,782 INFO  [BrowserSelenium] ENTER --> (_parseElementOnXpath)
14:38:07,782 INFO  [BrowserSelenium] (_parseElementOnXpath) -> //a[@href='/jbilling/config/index'] is used
14:38:07,782 INFO  [BrowserSelenium] EXIT --> (_parseElementOnXpath)
14:38:07,782 INFO  [BrowserSelenium] EXIT --> (_getByLocator)
14:38:07,799 INFO  [BrowserSelenium] ENTER --> (_getByLocator)
14:38:07,799 INFO  [BrowserSelenium] (_getByLocator) -> Getting locator for null
14:38:07,799 INFO  [BrowserSelenium] (_getByLocator) -> Locator info found for XPATH attribute as: //a[@href='/jbilling/config/index']
14:38:07,799 INFO  [BrowserSelenium] ENTER --> (_parseElementOnXpath)
14:38:07,799 INFO  [BrowserSelenium] (_parseElementOnXpath) -> //a[@href='/jbilling/config/index'] is used
14:38:07,799 INFO  [BrowserSelenium] EXIT --> (_parseElementOnXpath)
14:38:07,800 INFO  [BrowserSelenium] EXIT --> (_getByLocator)
14:38:07,818 INFO  [BrowserSelenium] ENTER --> (_getByLocator)
14:38:07,818 INFO  [BrowserSelenium] (_getByLocator) -> Getting locator for null
14:38:07,818 INFO  [BrowserSelenium] (_getByLocator) -> Locator info found for XPATH attribute as: //a[@href='/jbilling/config/index']
14:38:07,818 INFO  [BrowserSelenium] ENTER --> (_parseElementOnXpath)
14:38:07,818 INFO  [BrowserSelenium] (_parseElementOnXpath) -> //a[@href='/jbilling/config/index'] is used
14:38:07,818 INFO  [BrowserSelenium] EXIT --> (_parseElementOnXpath)
14:38:07,818 INFO  [BrowserSelenium] EXIT --> (_getByLocator)
14:38:07,837 INFO  [BrowserSelenium] ENTER --> (_getByLocator)
14:38:07,838 INFO  [BrowserSelenium] (_getByLocator) -> Getting locator for null
14:38:07,838 INFO  [BrowserSelenium] (_getByLocator) -> Locator info found for XPATH attribute as: //a[@href='/jbilling/config/index']
14:38:07,838 INFO  [BrowserSelenium] ENTER --> (_parseElementOnXpath)
14:38:07,838 INFO  [BrowserSelenium] (_parseElementOnXpath) -> //a[@href='/jbilling/config/index'] is used
14:38:07,838 INFO  [BrowserSelenium] EXIT --> (_parseElementOnXpath)
14:38:07,838 INFO  [BrowserSelenium] EXIT --> (_getByLocator)
14:38:07,861 INFO  [BrowserSelenium] ENTER --> (_getByLocator)
14:38:07,861 INFO  [BrowserSelenium] (_getByLocator) -> Getting locator for null
14:38:07,861 INFO  [BrowserSelenium] (_getByLocator) -> Locator info found for XPATH attribute as: //a[@href='/jbilling/config/index']
14:38:07,861 INFO  [BrowserSelenium] ENTER --> (_parseElementOnXpath)
14:38:07,862 INFO  [BrowserSelenium] (_parseElementOnXpath) -> //a[@href='/jbilling/config/index'] is used
14:38:07,862 INFO  [BrowserSelenium] EXIT --> (_parseElementOnXpath)
14:38:07,862 INFO  [BrowserSelenium] EXIT --> (_getByLocator)
14:38:07,882 INFO  [BrowserSelenium] ENTER --> (_getByLocator)
14:38:07,883 INFO  [BrowserSelenium] (_getByLocator) -> Getting locator for null
14:38:07,883 INFO  [BrowserSelenium] (_getByLocator) -> Locator info found for XPATH attribute as: //a[@href='/jbilling/config/index']
14:38:07,883 INFO  [BrowserSelenium] ENTER --> (_parseElementOnXpath)
14:38:07,883 INFO  [BrowserSelenium] (_parseElementOnXpath) -> //a[@href='/jbilling/config/index'] is used
14:38:07,884 INFO  [BrowserSelenium] EXIT --> (_parseElementOnXpath)
14:38:07,884 INFO  [BrowserSelenium] EXIT --> (_getByLocator)
14:38:07,901 INFO  [BrowserSelenium] ENTER --> (_getByLocator)
14:38:07,901 INFO  [BrowserSelenium] (_getByLocator) -> Getting locator for null
14:38:07,902 INFO  [BrowserSelenium] (_getByLocator) -> Locator info found for XPATH attribute as: //a[@href='/jbilling/config/index']
14:38:07,902 INFO  [BrowserSelenium] ENTER --> (_parseElementOnXpath)
14:38:07,902 INFO  [BrowserSelenium] (_parseElementOnXpath) -> //a[@href='/jbilling/config/index'] is used
14:38:07,902 INFO  [BrowserSelenium] EXIT --> (_parseElementOnXpath)
14:38:07,902 INFO  [BrowserSelenium] EXIT --> (_getByLocator)
14:38:07,920 INFO  [BrowserSelenium] ENTER --> (_getByLocator)
14:38:07,920 INFO  [BrowserSelenium] (_getByLocator) -> Getting locator for null
14:38:07,920 INFO  [BrowserSelenium] (_getByLocator) -> Locator info found for XPATH attribute as: //a[@href='/jbilling/config/index']
14:38:07,920 INFO  [BrowserSelenium] ENTER --> (_parseElementOnXpath)
14:38:07,920 INFO  [BrowserSelenium] (_parseElementOnXpath) -> //a[@href='/jbilling/config/index'] is used
14:38:07,920 INFO  [BrowserSelenium] EXIT --> (_parseElementOnXpath)
14:38:07,921 INFO  [BrowserSelenium] EXIT --> (_getByLocator)
14:38:07,938 INFO  [BrowserSelenium] ENTER --> (_getByLocator)
14:38:07,938 INFO  [BrowserSelenium] (_getByLocator) -> Getting locator for null
14:38:07,938 INFO  [BrowserSelenium] (_getByLocator) -> Locator info found for XPATH attribute as: //a[@href='/jbilling/config/index']
14:38:07,938 INFO  [BrowserSelenium] ENTER --> (_parseElementOnXpath)
14:38:07,938 INFO  [BrowserSelenium] (_parseElementOnXpath) -> //a[@href='/jbilling/config/index'] is used
14:38:07,939 INFO  [BrowserSelenium] EXIT --> (_parseElementOnXpath)
14:38:07,939 INFO  [BrowserSelenium] EXIT --> (_getByLocator)
14:38:07,956 INFO  [BrowserSelenium] ENTER --> (_getByLocator)
14:38:07,956 INFO  [BrowserSelenium] (_getByLocator) -> Getting locator for null
14:38:07,956 INFO  [BrowserSelenium] (_getByLocator) -> Locator info found for XPATH attribute as: //a[@href='/jbilling/config/index']
14:38:07,956 INFO  [BrowserSelenium] ENTER --> (_parseElementOnXpath)
14:38:07,956 INFO  [BrowserSelenium] (_parseElementOnXpath) -> //a[@href='/jbilling/config/index'] is used
14:38:07,956 INFO  [BrowserSelenium] EXIT --> (_parseElementOnXpath)
14:38:07,957 INFO  [BrowserSelenium] EXIT --> (_getByLocator)
14:38:07,981 INFO  [BrowserSelenium] ENTER --> (_getByLocator)
14:38:07,982 INFO  [BrowserSelenium] (_getByLocator) -> Getting locator for null
14:38:07,982 INFO  [BrowserSelenium] (_getByLocator) -> Locator info found for XPATH attribute as: //a[@href='/jbilling/config/index']
14:38:07,982 INFO  [BrowserSelenium] ENTER --> (_parseElementOnXpath)
14:38:07,982 INFO  [BrowserSelenium] (_parseElementOnXpath) -> //a[@href='/jbilling/config/index'] is used
14:38:07,982 INFO  [BrowserSelenium] EXIT --> (_parseElementOnXpath)
14:38:07,982 INFO  [BrowserSelenium] EXIT --> (_getByLocator)
14:38:08,005 INFO  [BrowserSelenium] ENTER --> (_getByLocator)
14:38:08,005 INFO  [BrowserSelenium] (_getByLocator) -> Getting locator for null
14:38:08,005 INFO  [BrowserSelenium] (_getByLocator) -> Locator info found for XPATH attribute as: //a[@href='/jbilling/config/index']
14:38:08,005 INFO  [BrowserSelenium] ENTER --> (_parseElementOnXpath)
14:38:08,006 INFO  [BrowserSelenium] (_parseElementOnXpath) -> //a[@href='/jbilling/config/index'] is used
14:38:08,006 INFO  [BrowserSelenium] EXIT --> (_parseElementOnXpath)
14:38:08,006 INFO  [BrowserSelenium] EXIT --> (_getByLocator)
14:38:08,027 INFO  [BrowserSelenium] ENTER --> (_getByLocator)
14:38:08,027 INFO  [BrowserSelenium] (_getByLocator) -> Getting locator for null
14:38:08,028 INFO  [BrowserSelenium] (_getByLocator) -> Locator info found for XPATH attribute as: //a[@href='/jbilling/config/index']
14:38:08,028 INFO  [BrowserSelenium] ENTER --> (_parseElementOnXpath)
14:38:08,028 INFO  [BrowserSelenium] (_parseElementOnXpath) -> //a[@href='/jbilling/config/index'] is used
14:38:08,028 INFO  [BrowserSelenium] EXIT --> (_parseElementOnXpath)
14:38:08,028 INFO  [BrowserSelenium] EXIT --> (_getByLocator)
14:38:08,067 INFO  [BrowserSelenium] ENTER --> (_getByLocator)
14:38:08,067 INFO  [BrowserSelenium] (_getByLocator) -> Getting locator for null
14:38:08,067 INFO  [BrowserSelenium] (_getByLocator) -> Locator info found for XPATH attribute as: //a[@href='/jbilling/config/index']
14:38:08,067 INFO  [BrowserSelenium] ENTER --> (_parseElementOnXpath)
14:38:08,067 INFO  [BrowserSelenium] (_parseElementOnXpath) -> //a[@href='/jbilling/config/index'] is used
14:38:08,068 INFO  [BrowserSelenium] EXIT --> (_parseElementOnXpath)
14:38:08,068 INFO  [BrowserSelenium] EXIT --> (_getByLocator)
14:38:08,090 INFO  [BrowserSelenium] ENTER --> (_getByLocator)
14:38:08,090 INFO  [BrowserSelenium] (_getByLocator) -> Getting locator for null
14:38:08,090 INFO  [BrowserSelenium] (_getByLocator) -> Locator info found for XPATH attribute as: //a[@href='/jbilling/config/index']
14:38:08,091 INFO  [BrowserSelenium] ENTER --> (_parseElementOnXpath)
14:38:08,091 INFO  [BrowserSelenium] (_parseElementOnXpath) -> //a[@href='/jbilling/config/index'] is used
14:38:08,091 INFO  [BrowserSelenium] EXIT --> (_parseElementOnXpath)
14:38:08,091 INFO  [BrowserSelenium] EXIT --> (_getByLocator)
14:38:08,109 INFO  [BrowserSelenium] ENTER --> (_getByLocator)
14:38:08,109 INFO  [BrowserSelenium] (_getByLocator) -> Getting locator for null
14:38:08,109 INFO  [BrowserSelenium] (_getByLocator) -> Locator info found for XPATH attribute as: //a[@href='/jbilling/config/index']
14:38:08,110 INFO  [BrowserSelenium] ENTER --> (_parseElementOnXpath)
14:38:08,110 INFO  [BrowserSelenium] (_parseElementOnXpath) -> //a[@href='/jbilling/config/index'] is used
14:38:08,110 INFO  [BrowserSelenium] EXIT --> (_parseElementOnXpath)
14:38:08,110 INFO  [BrowserSelenium] EXIT --> (_getByLocator)
14:38:08,127 INFO  [BrowserSelenium] ENTER --> (_getByLocator)
14:38:08,127 INFO  [BrowserSelenium] (_getByLocator) -> Getting locator for null
14:38:08,127 INFO  [BrowserSelenium] (_getByLocator) -> Locator info found for XPATH attribute as: //a[@href='/jbilling/config/index']
14:38:08,127 INFO  [BrowserSelenium] ENTER --> (_parseElementOnXpath)
14:38:08,128 INFO  [BrowserSelenium] (_parseElementOnXpath) -> //a[@href='/jbilling/config/index'] is used
14:38:08,128 INFO  [BrowserSelenium] EXIT --> (_parseElementOnXpath)
14:38:08,128 INFO  [BrowserSelenium] EXIT --> (_getByLocator)
14:38:08,145 INFO  [BrowserSelenium] ENTER --> (_getByLocator)
14:38:08,145 INFO  [BrowserSelenium] (_getByLocator) -> Getting locator for null
14:38:08,146 INFO  [BrowserSelenium] (_getByLocator) -> Locator info found for XPATH attribute as: //a[@href='/jbilling/config/index']
14:38:08,146 INFO  [BrowserSelenium] ENTER --> (_parseElementOnXpath)
14:38:08,146 INFO  [BrowserSelenium] (_parseElementOnXpath) -> //a[@href='/jbilling/config/index'] is used
14:38:08,146 INFO  [BrowserSelenium] EXIT --> (_parseElementOnXpath)
14:38:08,146 INFO  [BrowserSelenium] EXIT --> (_getByLocator)
14:38:08,165 INFO  [BrowserSelenium] ENTER --> (_getByLocator)
14:38:08,165 INFO  [BrowserSelenium] (_getByLocator) -> Getting locator for null
14:38:08,165 INFO  [BrowserSelenium] (_getByLocator) -> Locator info found for XPATH attribute as: //a[@href='/jbilling/config/index']
14:38:08,165 INFO  [BrowserSelenium] ENTER --> (_parseElementOnXpath)
14:38:08,165 INFO  [BrowserSelenium] (_parseElementOnXpath) -> //a[@href='/jbilling/config/index'] is used
14:38:08,165 INFO  [BrowserSelenium] EXIT --> (_parseElementOnXpath)
14:38:08,165 INFO  [BrowserSelenium] EXIT --> (_getByLocator)
14:38:08,186 INFO  [BrowserSelenium] ENTER --> (_getByLocator)
14:38:08,186 INFO  [BrowserSelenium] (_getByLocator) -> Getting locator for null
14:38:08,186 INFO  [BrowserSelenium] (_getByLocator) -> Locator info found for XPATH attribute as: //a[@href='/jbilling/config/index']
14:38:08,186 INFO  [BrowserSelenium] ENTER --> (_parseElementOnXpath)
14:38:08,187 INFO  [BrowserSelenium] (_parseElementOnXpath) -> //a[@href='/jbilling/config/index'] is used
14:38:08,187 INFO  [BrowserSelenium] EXIT --> (_parseElementOnXpath)
14:38:08,187 INFO  [BrowserSelenium] EXIT --> (_getByLocator)
14:38:08,206 INFO  [BrowserSelenium] ENTER --> (_getByLocator)
14:38:08,207 INFO  [BrowserSelenium] (_getByLocator) -> Getting locator for null
14:38:08,207 INFO  [BrowserSelenium] (_getByLocator) -> Locator info found for XPATH attribute as: //a[@href='/jbilling/config/index']
14:38:08,207 INFO  [BrowserSelenium] ENTER --> (_parseElementOnXpath)
14:38:08,207 INFO  [BrowserSelenium] (_parseElementOnXpath) -> //a[@href='/jbilling/config/index'] is used
14:38:08,207 INFO  [BrowserSelenium] EXIT --> (_parseElementOnXpath)
14:38:08,207 INFO  [BrowserSelenium] EXIT --> (_getByLocator)
14:38:08,228 INFO  [BrowserSelenium] ENTER --> (_getByLocator)
14:38:08,228 INFO  [BrowserSelenium] (_getByLocator) -> Getting locator for null
14:38:08,228 INFO  [BrowserSelenium] (_getByLocator) -> Locator info found for XPATH attribute as: //a[@href='/jbilling/config/index']
14:38:08,228 INFO  [BrowserSelenium] ENTER --> (_parseElementOnXpath)
14:38:08,228 INFO  [BrowserSelenium] (_parseElementOnXpath) -> //a[@href='/jbilling/config/index'] is used
14:38:08,229 INFO  [BrowserSelenium] EXIT --> (_parseElementOnXpath)
14:38:08,229 INFO  [BrowserSelenium] EXIT --> (_getByLocator)
14:38:08,250 INFO  [BrowserSelenium] ENTER --> (_getByLocator)
14:38:08,250 INFO  [BrowserSelenium] (_getByLocator) -> Getting locator for null
14:38:08,250 INFO  [BrowserSelenium] (_getByLocator) -> Locator info found for XPATH attribute as: //a[@href='/jbilling/config/index']
14:38:08,250 INFO  [BrowserSelenium] ENTER --> (_parseElementOnXpath)
14:38:08,251 INFO  [BrowserSelenium] (_parseElementOnXpath) -> //a[@href='/jbilling/config/index'] is used
14:38:08,251 INFO  [BrowserSelenium] EXIT --> (_parseElementOnXpath)
14:38:08,251 INFO  [BrowserSelenium] EXIT --> (_getByLocator)
14:38:08,274 INFO  [BrowserSelenium] ENTER --> (_getByLocator)
14:38:08,274 INFO  [BrowserSelenium] (_getByLocator) -> Getting locator for null
14:38:08,274 INFO  [BrowserSelenium] (_getByLocator) -> Locator info found for XPATH attribute as: //a[@href='/jbilling/config/index']
14:38:08,275 INFO  [BrowserSelenium] ENTER --> (_parseElementOnXpath)
14:38:08,275 INFO  [BrowserSelenium] (_parseElementOnXpath) -> //a[@href='/jbilling/config/index'] is used
14:38:08,275 INFO  [BrowserSelenium] EXIT --> (_parseElementOnXpath)
14:38:08,275 INFO  [BrowserSelenium] EXIT --> (_getByLocator)
14:38:08,299 INFO  [BrowserSelenium] ENTER --> (_getByLocator)
14:38:08,299 INFO  [BrowserSelenium] (_getByLocator) -> Getting locator for null
14:38:08,299 INFO  [BrowserSelenium] (_getByLocator) -> Locator info found for XPATH attribute as: //a[@href='/jbilling/config/index']
14:38:08,299 INFO  [BrowserSelenium] ENTER --> (_parseElementOnXpath)
14:38:08,300 INFO  [BrowserSelenium] (_parseElementOnXpath) -> //a[@href='/jbilling/config/index'] is used
14:38:08,300 INFO  [BrowserSelenium] EXIT --> (_parseElementOnXpath)
14:38:08,300 INFO  [BrowserSelenium] EXIT --> (_getByLocator)
14:38:08,322 INFO  [BrowserSelenium] ENTER --> (_getByLocator)
14:38:08,322 INFO  [BrowserSelenium] (_getByLocator) -> Getting locator for null
14:38:08,322 INFO  [BrowserSelenium] (_getByLocator) -> Locator info found for XPATH attribute as: //a[@href='/jbilling/config/index']
14:38:08,323 INFO  [BrowserSelenium] ENTER --> (_parseElementOnXpath)
14:38:08,323 INFO  [BrowserSelenium] (_parseElementOnXpath) -> //a[@href='/jbilling/config/index'] is used
14:38:08,323 INFO  [BrowserSelenium] EXIT --> (_parseElementOnXpath)
14:38:08,323 INFO  [BrowserSelenium] EXIT --> (_getByLocator)
14:38:08,345 INFO  [BrowserSelenium] ENTER --> (_getByLocator)
14:38:08,346 INFO  [BrowserSelenium] (_getByLocator) -> Getting locator for null
14:38:08,346 INFO  [BrowserSelenium] (_getByLocator) -> Locator info found for XPATH attribute as: //a[@href='/jbilling/config/index']
14:38:08,346 INFO  [BrowserSelenium] ENTER --> (_parseElementOnXpath)
14:38:08,346 INFO  [BrowserSelenium] (_parseElementOnXpath) -> //a[@href='/jbilling/config/index'] is used
14:38:08,347 INFO  [BrowserSelenium] EXIT --> (_parseElementOnXpath)
14:38:08,347 INFO  [BrowserSelenium] EXIT --> (_getByLocator)
14:38:08,373 INFO  [BrowserSelenium] ENTER --> (_getByLocator)
14:38:08,373 INFO  [BrowserSelenium] (_getByLocator) -> Getting locator for null
14:38:08,374 INFO  [BrowserSelenium] (_getByLocator) -> Locator info found for XPATH attribute as: //a[@href='/jbilling/config/index']
14:38:08,374 INFO  [BrowserSelenium] ENTER --> (_parseElementOnXpath)
14:38:08,374 INFO  [BrowserSelenium] (_parseElementOnXpath) -> //a[@href='/jbilling/config/index'] is used
14:38:08,374 INFO  [BrowserSelenium] EXIT --> (_parseElementOnXpath)
14:38:08,374 INFO  [BrowserSelenium] EXIT --> (_getByLocator)
14:38:08,401 INFO  [BrowserSelenium] ENTER --> (_getByLocator)
14:38:08,401 INFO  [BrowserSelenium] (_getByLocator) -> Getting locator for null
14:38:08,402 INFO  [BrowserSelenium] (_getByLocator) -> Locator info found for XPATH attribute as: //a[@href='/jbilling/config/index']
14:38:08,402 INFO  [BrowserSelenium] ENTER --> (_parseElementOnXpath)
14:38:08,402 INFO  [BrowserSelenium] (_parseElementOnXpath) -> //a[@href='/jbilling/config/index'] is used
14:38:08,402 INFO  [BrowserSelenium] EXIT --> (_parseElementOnXpath)
14:38:08,402 INFO  [BrowserSelenium] EXIT --> (_getByLocator)
14:38:08,437 INFO  [BrowserSelenium] ENTER --> (_getByLocator)
14:38:08,437 INFO  [BrowserSelenium] (_getByLocator) -> Getting locator for null
14:38:08,437 INFO  [BrowserSelenium] (_getByLocator) -> Locator info found for XPATH attribute as: //a[@href='/jbilling/config/index']
14:38:08,437 INFO  [BrowserSelenium] ENTER --> (_parseElementOnXpath)
14:38:08,438 INFO  [BrowserSelenium] (_parseElementOnXpath) -> //a[@href='/jbilling/config/index'] is used
14:38:08,438 INFO  [BrowserSelenium] EXIT --> (_parseElementOnXpath)
14:38:08,438 INFO  [BrowserSelenium] EXIT --> (_getByLocator)
14:38:08,469 INFO  [BrowserSelenium] ENTER --> (_getByLocator)
14:38:08,469 INFO  [BrowserSelenium] (_getByLocator) -> Getting locator for null
14:38:08,469 INFO  [BrowserSelenium] (_getByLocator) -> Locator info found for XPATH attribute as: //a[@href='/jbilling/config/index']
14:38:08,469 INFO  [BrowserSelenium] ENTER --> (_parseElementOnXpath)
14:38:08,469 INFO  [BrowserSelenium] (_parseElementOnXpath) -> //a[@href='/jbilling/config/index'] is used
14:38:08,470 INFO  [BrowserSelenium] EXIT --> (_parseElementOnXpath)
14:38:08,470 INFO  [BrowserSelenium] EXIT --> (_getByLocator)
14:38:08,494 INFO  [BrowserSelenium] ENTER --> (_getByLocator)
14:38:08,494 INFO  [BrowserSelenium] (_getByLocator) -> Getting locator for null
14:38:08,495 INFO  [BrowserSelenium] (_getByLocator) -> Locator info found for XPATH attribute as: //a[@href='/jbilling/config/index']
14:38:08,495 INFO  [BrowserSelenium] ENTER --> (_parseElementOnXpath)
14:38:08,495 INFO  [BrowserSelenium] (_parseElementOnXpath) -> //a[@href='/jbilling/config/index'] is used
14:38:08,495 INFO  [BrowserSelenium] EXIT --> (_parseElementOnXpath)
14:38:08,495 INFO  [BrowserSelenium] EXIT --> (_getByLocator)
14:38:08,515 INFO  [BrowserSelenium] ENTER --> (_getByLocator)
14:38:08,515 INFO  [BrowserSelenium] (_getByLocator) -> Getting locator for null
14:38:08,515 INFO  [BrowserSelenium] (_getByLocator) -> Locator info found for XPATH attribute as: //a[@href='/jbilling/config/index']
14:38:08,515 INFO  [BrowserSelenium] ENTER --> (_parseElementOnXpath)
14:38:08,515 INFO  [BrowserSelenium] (_parseElementOnXpath) -> //a[@href='/jbilling/config/index'] is used
14:38:08,515 INFO  [BrowserSelenium] EXIT --> (_parseElementOnXpath)
14:38:08,516 INFO  [BrowserSelenium] EXIT --> (_getByLocator)
14:38:08,536 INFO  [BrowserSelenium] ENTER --> (_getByLocator)
14:38:08,536 INFO  [BrowserSelenium] (_getByLocator) -> Getting locator for null
14:38:08,536 INFO  [BrowserSelenium] (_getByLocator) -> Locator info found for XPATH attribute as: //a[@href='/jbilling/config/index']
14:38:08,537 INFO  [BrowserSelenium] ENTER --> (_parseElementOnXpath)
14:38:08,537 INFO  [BrowserSelenium] (_parseElementOnXpath) -> //a[@href='/jbilling/config/index'] is used
14:38:08,537 INFO  [BrowserSelenium] EXIT --> (_parseElementOnXpath)
14:38:08,537 INFO  [BrowserSelenium] EXIT --> (_getByLocator)
14:38:08,554 INFO  [BrowserSelenium] ENTER --> (_getByLocator)
14:38:08,554 INFO  [BrowserSelenium] (_getByLocator) -> Getting locator for null
14:38:08,554 INFO  [BrowserSelenium] (_getByLocator) -> Locator info found for XPATH attribute as: //a[@href='/jbilling/config/index']
14:38:08,554 INFO  [BrowserSelenium] ENTER --> (_parseElementOnXpath)
14:38:08,555 INFO  [BrowserSelenium] (_parseElementOnXpath) -> //a[@href='/jbilling/config/index'] is used
14:38:08,555 INFO  [BrowserSelenium] EXIT --> (_parseElementOnXpath)
14:38:08,555 INFO  [BrowserSelenium] EXIT --> (_getByLocator)
14:38:08,572 INFO  [BrowserSelenium] ENTER --> (_getByLocator)
14:38:08,572 INFO  [BrowserSelenium] (_getByLocator) -> Getting locator for null
14:38:08,572 INFO  [BrowserSelenium] (_getByLocator) -> Locator info found for XPATH attribute as: //a[@href='/jbilling/config/index']
14:38:08,573 INFO  [BrowserSelenium] ENTER --> (_parseElementOnXpath)
14:38:08,573 INFO  [BrowserSelenium] (_parseElementOnXpath) -> //a[@href='/jbilling/config/index'] is used
14:38:08,573 INFO  [BrowserSelenium] EXIT --> (_parseElementOnXpath)
14:38:08,573 INFO  [BrowserSelenium] EXIT --> (_getByLocator)
14:38:08,591 INFO  [BrowserSelenium] ENTER --> (_getByLocator)
14:38:08,591 INFO  [BrowserSelenium] (_getByLocator) -> Getting locator for null
14:38:08,591 INFO  [BrowserSelenium] (_getByLocator) -> Locator info found for XPATH attribute as: //a[@href='/jbilling/config/index']
14:38:08,591 INFO  [BrowserSelenium] ENTER --> (_parseElementOnXpath)
14:38:08,592 INFO  [BrowserSelenium] (_parseElementOnXpath) -> //a[@href='/jbilling/config/index'] is used
14:38:08,592 INFO  [BrowserSelenium] EXIT --> (_parseElementOnXpath)
14:38:08,592 INFO  [BrowserSelenium] EXIT --> (_getByLocator)
14:38:08,612 INFO  [BrowserSelenium] ENTER --> (_getByLocator)
14:38:08,612 INFO  [BrowserSelenium] (_getByLocator) -> Getting locator for null
14:38:08,612 INFO  [BrowserSelenium] (_getByLocator) -> Locator info found for XPATH attribute as: //a[@href='/jbilling/config/index']
14:38:08,612 INFO  [BrowserSelenium] ENTER --> (_parseElementOnXpath)
14:38:08,613 INFO  [BrowserSelenium] (_parseElementOnXpath) -> //a[@href='/jbilling/config/index'] is used
14:38:08,613 INFO  [BrowserSelenium] EXIT --> (_parseElementOnXpath)
14:38:08,613 INFO  [BrowserSelenium] EXIT --> (_getByLocator)
14:38:08,633 INFO  [BrowserSelenium] ENTER --> (_getByLocator)
14:38:08,633 INFO  [BrowserSelenium] (_getByLocator) -> Getting locator for null
14:38:08,633 INFO  [BrowserSelenium] (_getByLocator) -> Locator info found for XPATH attribute as: //a[@href='/jbilling/config/index']
14:38:08,633 INFO  [BrowserSelenium] ENTER --> (_parseElementOnXpath)
14:38:08,633 INFO  [BrowserSelenium] (_parseElementOnXpath) -> //a[@href='/jbilling/config/index'] is used
14:38:08,633 INFO  [BrowserSelenium] EXIT --> (_parseElementOnXpath)
14:38:08,636 INFO  [BrowserSelenium] EXIT --> (_getByLocator)
14:38:08,657 INFO  [BrowserSelenium] ENTER --> (_getByLocator)
14:38:08,657 INFO  [BrowserSelenium] (_getByLocator) -> Getting locator for null
14:38:08,657 INFO  [BrowserSelenium] (_getByLocator) -> Locator info found for XPATH attribute as: //a[@href='/jbilling/config/index']
14:38:08,657 INFO  [BrowserSelenium] ENTER --> (_parseElementOnXpath)
14:38:08,657 INFO  [BrowserSelenium] (_parseElementOnXpath) -> //a[@href='/jbilling/config/index'] is used
14:38:08,658 INFO  [BrowserSelenium] EXIT --> (_parseElementOnXpath)
14:38:08,658 INFO  [BrowserSelenium] EXIT --> (_getByLocator)
14:38:08,676 INFO  [BrowserSelenium] ENTER --> (_getByLocator)
14:38:08,677 INFO  [BrowserSelenium] (_getByLocator) -> Getting locator for null
14:38:08,677 INFO  [BrowserSelenium] (_getByLocator) -> Locator info found for XPATH attribute as: //a[@href='/jbilling/config/index']
14:38:08,677 INFO  [BrowserSelenium] ENTER --> (_parseElementOnXpath)
14:38:08,677 INFO  [BrowserSelenium] (_parseElementOnXpath) -> //a[@href='/jbilling/config/index'] is used
14:38:08,677 INFO  [BrowserSelenium] EXIT --> (_parseElementOnXpath)
14:38:08,677 INFO  [BrowserSelenium] EXIT --> (_getByLocator)
14:38:08,699 INFO  [BrowserSelenium] ENTER --> (_getByLocator)
14:38:08,699 INFO  [BrowserSelenium] (_getByLocator) -> Getting locator for null
14:38:08,699 INFO  [BrowserSelenium] (_getByLocator) -> Locator info found for XPATH attribute as: //a[@href='/jbilling/config/index']
14:38:08,699 INFO  [BrowserSelenium] ENTER --> (_parseElementOnXpath)
14:38:08,699 INFO  [BrowserSelenium] (_parseElementOnXpath) -> //a[@href='/jbilling/config/index'] is used
14:38:08,699 INFO  [BrowserSelenium] EXIT --> (_parseElementOnXpath)
14:38:08,699 INFO  [BrowserSelenium] EXIT --> (_getByLocator)
14:38:08,717 INFO  [BrowserSelenium] ENTER --> (_getByLocator)
14:38:08,718 INFO  [BrowserSelenium] (_getByLocator) -> Getting locator for null
14:38:08,718 INFO  [BrowserSelenium] (_getByLocator) -> Locator info found for XPATH attribute as: //a[@href='/jbilling/config/index']
14:38:08,718 INFO  [BrowserSelenium] ENTER --> (_parseElementOnXpath)
14:38:08,718 INFO  [BrowserSelenium] (_parseElementOnXpath) -> //a[@href='/jbilling/config/index'] is used
14:38:08,718 INFO  [BrowserSelenium] EXIT --> (_parseElementOnXpath)
14:38:08,719 INFO  [BrowserSelenium] EXIT --> (_getByLocator)
14:38:08,736 INFO  [BrowserSelenium] ENTER --> (_getByLocator)
14:38:08,736 INFO  [BrowserSelenium] (_getByLocator) -> Getting locator for null
14:38:08,736 INFO  [BrowserSelenium] (_getByLocator) -> Locator info found for XPATH attribute as: //a[@href='/jbilling/config/index']
14:38:08,736 INFO  [BrowserSelenium] ENTER --> (_parseElementOnXpath)
14:38:08,736 INFO  [BrowserSelenium] (_parseElementOnXpath) -> //a[@href='/jbilling/config/index'] is used
14:38:08,737 INFO  [BrowserSelenium] EXIT --> (_parseElementOnXpath)
14:38:08,737 INFO  [BrowserSelenium] EXIT --> (_getByLocator)
14:38:08,757 INFO  [BrowserSelenium] ENTER --> (_getByLocator)
14:38:08,757 INFO  [BrowserSelenium] (_getByLocator) -> Getting locator for null
14:38:08,757 INFO  [BrowserSelenium] (_getByLocator) -> Locator info found for XPATH attribute as: //a[@href='/jbilling/config/index']
14:38:08,757 INFO  [BrowserSelenium] ENTER --> (_parseElementOnXpath)
14:38:08,757 INFO  [BrowserSelenium] (_parseElementOnXpath) -> //a[@href='/jbilling/config/index'] is used
14:38:08,757 INFO  [BrowserSelenium] EXIT --> (_parseElementOnXpath)
14:38:08,758 INFO  [BrowserSelenium] EXIT --> (_getByLocator)
14:38:08,777 INFO  [BrowserSelenium] ENTER --> (_getByLocator)
14:38:08,777 INFO  [BrowserSelenium] (_getByLocator) -> Getting locator for null
14:38:08,778 INFO  [BrowserSelenium] (_getByLocator) -> Locator info found for XPATH attribute as: //a[@href='/jbilling/config/index']
14:38:08,778 INFO  [BrowserSelenium] ENTER --> (_parseElementOnXpath)
14:38:08,778 INFO  [BrowserSelenium] (_parseElementOnXpath) -> //a[@href='/jbilling/config/index'] is used
14:38:08,778 INFO  [BrowserSelenium] EXIT --> (_parseElementOnXpath)
14:38:08,778 INFO  [BrowserSelenium] EXIT --> (_getByLocator)
14:38:08,804 INFO  [BrowserSelenium] ENTER --> (_getByLocator)
14:38:08,804 INFO  [BrowserSelenium] (_getByLocator) -> Getting locator for null
14:38:08,804 INFO  [BrowserSelenium] (_getByLocator) -> Locator info found for XPATH attribute as: //a[@href='/jbilling/config/index']
14:38:08,804 INFO  [BrowserSelenium] ENTER --> (_parseElementOnXpath)
14:38:08,804 INFO  [BrowserSelenium] (_parseElementOnXpath) -> //a[@href='/jbilling/config/index'] is used
14:38:08,804 INFO  [BrowserSelenium] EXIT --> (_parseElementOnXpath)
14:38:08,805 INFO  [BrowserSelenium] EXIT --> (_getByLocator)
14:38:08,837 INFO  [BrowserSelenium] ENTER --> (_getByLocator)
14:38:08,837 INFO  [BrowserSelenium] (_getByLocator) -> Getting locator for null
14:38:08,837 INFO  [BrowserSelenium] (_getByLocator) -> Locator info found for XPATH attribute as: //a[@href='/jbilling/config/index']
14:38:08,838 INFO  [BrowserSelenium] ENTER --> (_parseElementOnXpath)
14:38:08,838 INFO  [BrowserSelenium] (_parseElementOnXpath) -> //a[@href='/jbilling/config/index'] is used
14:38:08,838 INFO  [BrowserSelenium] EXIT --> (_parseElementOnXpath)
14:38:08,838 INFO  [BrowserSelenium] EXIT --> (_getByLocator)
14:38:08,860 INFO  [BrowserSelenium] ENTER --> (_getByLocator)
14:38:08,860 INFO  [BrowserSelenium] (_getByLocator) -> Getting locator for null
14:38:08,860 INFO  [BrowserSelenium] (_getByLocator) -> Locator info found for XPATH attribute as: //a[@href='/jbilling/config/index']
14:38:08,860 INFO  [BrowserSelenium] ENTER --> (_parseElementOnXpath)
14:38:08,860 INFO  [BrowserSelenium] (_parseElementOnXpath) -> //a[@href='/jbilling/config/index'] is used
14:38:08,861 INFO  [BrowserSelenium] EXIT --> (_parseElementOnXpath)
14:38:08,861 INFO  [BrowserSelenium] EXIT --> (_getByLocator)
14:38:08,883 INFO  [BrowserSelenium] ENTER --> (_getByLocator)
14:38:08,884 INFO  [BrowserSelenium] (_getByLocator) -> Getting locator for null
14:38:08,884 INFO  [BrowserSelenium] (_getByLocator) -> Locator info found for XPATH attribute as: //a[@href='/jbilling/config/index']
14:38:08,884 INFO  [BrowserSelenium] ENTER --> (_parseElementOnXpath)
14:38:08,884 INFO  [BrowserSelenium] (_parseElementOnXpath) -> //a[@href='/jbilling/config/index'] is used
14:38:08,884 INFO  [BrowserSelenium] EXIT --> (_parseElementOnXpath)
14:38:08,884 INFO  [BrowserSelenium] EXIT --> (_getByLocator)
14:38:08,912 INFO  [BrowserSelenium] ENTER --> (_getByLocator)
14:38:08,912 INFO  [BrowserSelenium] (_getByLocator) -> Getting locator for null
14:38:08,912 INFO  [BrowserSelenium] (_getByLocator) -> Locator info found for XPATH attribute as: //a[@href='/jbilling/config/index']
14:38:08,912 INFO  [BrowserSelenium] ENTER --> (_parseElementOnXpath)
14:38:08,912 INFO  [BrowserSelenium] (_parseElementOnXpath) -> //a[@href='/jbilling/config/index'] is used
14:38:08,912 INFO  [BrowserSelenium] EXIT --> (_parseElementOnXpath)
14:38:08,913 INFO  [BrowserSelenium] EXIT --> (_getByLocator)
14:38:08,955 INFO  [BrowserSelenium] ENTER --> (_getByLocator)
14:38:08,955 INFO  [BrowserSelenium] (_getByLocator) -> Getting locator for null
14:38:08,955 INFO  [BrowserSelenium] (_getByLocator) -> Locator info found for XPATH attribute as: //a[@href='/jbilling/config/index']
14:38:08,955 INFO  [BrowserSelenium] ENTER --> (_parseElementOnXpath)
14:38:08,955 INFO  [BrowserSelenium] (_parseElementOnXpath) -> //a[@href='/jbilling/config/index'] is used
14:38:08,955 INFO  [BrowserSelenium] EXIT --> (_parseElementOnXpath)
14:38:08,956 INFO  [BrowserSelenium] EXIT --> (_getByLocator)
14:38:08,974 INFO  [BrowserSelenium] ENTER --> (_getByLocator)
14:38:08,974 INFO  [BrowserSelenium] (_getByLocator) -> Getting locator for null
14:38:08,974 INFO  [BrowserSelenium] (_getByLocator) -> Locator info found for XPATH attribute as: //a[@href='/jbilling/config/index']
14:38:08,974 INFO  [BrowserSelenium] ENTER --> (_parseElementOnXpath)
14:38:08,974 INFO  [BrowserSelenium] (_parseElementOnXpath) -> //a[@href='/jbilling/config/index'] is used
14:38:08,975 INFO  [BrowserSelenium] EXIT --> (_parseElementOnXpath)
14:38:08,975 INFO  [BrowserSelenium] EXIT --> (_getByLocator)
14:38:08,994 INFO  [BrowserSelenium] ENTER --> (_getByLocator)
14:38:08,994 INFO  [BrowserSelenium] (_getByLocator) -> Getting locator for null
14:38:08,994 INFO  [BrowserSelenium] (_getByLocator) -> Locator info found for XPATH attribute as: //a[@href='/jbilling/config/index']
14:38:08,994 INFO  [BrowserSelenium] ENTER --> (_parseElementOnXpath)
14:38:08,994 INFO  [BrowserSelenium] (_parseElementOnXpath) -> //a[@href='/jbilling/config/index'] is used
14:38:08,995 INFO  [BrowserSelenium] EXIT --> (_parseElementOnXpath)
14:38:08,995 INFO  [BrowserSelenium] EXIT --> (_getByLocator)
14:38:09,018 INFO  [BrowserSelenium] ENTER --> (_getByLocator)
14:38:09,018 INFO  [BrowserSelenium] (_getByLocator) -> Getting locator for null
14:38:09,018 INFO  [BrowserSelenium] (_getByLocator) -> Locator info found for XPATH attribute as: //a[@href='/jbilling/config/index']
14:38:09,018 INFO  [BrowserSelenium] ENTER --> (_parseElementOnXpath)
14:38:09,018 INFO  [BrowserSelenium] (_parseElementOnXpath) -> //a[@href='/jbilling/config/index'] is used
14:38:09,018 INFO  [BrowserSelenium] EXIT --> (_parseElementOnXpath)
14:38:09,018 INFO  [BrowserSelenium] EXIT --> (_getByLocator)
14:38:09,040 INFO  [BrowserSelenium] ENTER --> (_getByLocator)
14:38:09,040 INFO  [BrowserSelenium] (_getByLocator) -> Getting locator for null
14:38:09,040 INFO  [BrowserSelenium] (_getByLocator) -> Locator info found for XPATH attribute as: //a[@href='/jbilling/config/index']
14:38:09,040 INFO  [BrowserSelenium] ENTER --> (_parseElementOnXpath)
14:38:09,041 INFO  [BrowserSelenium] (_parseElementOnXpath) -> //a[@href='/jbilling/config/index'] is used
14:38:09,041 INFO  [BrowserSelenium] EXIT --> (_parseElementOnXpath)
14:38:09,041 INFO  [BrowserSelenium] EXIT --> (_getByLocator)
14:38:09,111 INFO  [BrowserSelenium] ENTER --> (_getByLocator)
14:38:09,111 INFO  [BrowserSelenium] (_getByLocator) -> Getting locator for null
14:38:09,111 INFO  [BrowserSelenium] (_getByLocator) -> Locator info found for XPATH attribute as: //a[@href='/jbilling/config/index']
14:38:09,111 INFO  [BrowserSelenium] ENTER --> (_parseElementOnXpath)
14:38:09,112 INFO  [BrowserSelenium] (_parseElementOnXpath) -> //a[@href='/jbilling/config/index'] is used
14:38:09,112 INFO  [BrowserSelenium] EXIT --> (_parseElementOnXpath)
14:38:09,112 INFO  [BrowserSelenium] EXIT --> (_getByLocator)
14:38:09,136 INFO  [BrowserSelenium] ENTER --> (_getByLocator)
14:38:09,136 INFO  [BrowserSelenium] (_getByLocator) -> Getting locator for null
14:38:09,137 INFO  [BrowserSelenium] (_getByLocator) -> Locator info found for XPATH attribute as: //a[@href='/jbilling/config/index']
14:38:09,137 INFO  [BrowserSelenium] ENTER --> (_parseElementOnXpath)
14:38:09,137 INFO  [BrowserSelenium] (_parseElementOnXpath) -> //a[@href='/jbilling/config/index'] is used
14:38:09,137 INFO  [BrowserSelenium] EXIT --> (_parseElementOnXpath)
14:38:09,137 INFO  [BrowserSelenium] EXIT --> (_getByLocator)
14:38:09,158 INFO  [BrowserSelenium] ENTER --> (_getByLocator)
14:38:09,159 INFO  [BrowserSelenium] (_getByLocator) -> Getting locator for null
14:38:09,159 INFO  [BrowserSelenium] (_getByLocator) -> Locator info found for XPATH attribute as: //a[@href='/jbilling/config/index']
14:38:09,159 INFO  [BrowserSelenium] ENTER --> (_parseElementOnXpath)
14:38:09,159 INFO  [BrowserSelenium] (_parseElementOnXpath) -> //a[@href='/jbilling/config/index'] is used
14:38:09,159 INFO  [BrowserSelenium] EXIT --> (_parseElementOnXpath)
14:38:09,159 INFO  [BrowserSelenium] EXIT --> (_getByLocator)
14:38:09,181 INFO  [BrowserSelenium] ENTER --> (_getByLocator)
14:38:09,181 INFO  [BrowserSelenium] (_getByLocator) -> Getting locator for null
14:38:09,181 INFO  [BrowserSelenium] (_getByLocator) -> Locator info found for XPATH attribute as: //a[@href='/jbilling/config/index']
14:38:09,181 INFO  [BrowserSelenium] ENTER --> (_parseElementOnXpath)
14:38:09,182 INFO  [BrowserSelenium] (_parseElementOnXpath) -> //a[@href='/jbilling/config/index'] is used
14:38:09,182 INFO  [BrowserSelenium] EXIT --> (_parseElementOnXpath)
14:38:09,182 INFO  [BrowserSelenium] EXIT --> (_getByLocator)
14:38:09,243 INFO  [BrowserSelenium] ENTER --> (_getByLocator)
14:38:09,243 INFO  [BrowserSelenium] (_getByLocator) -> Getting locator for null
14:38:09,243 INFO  [BrowserSelenium] (_getByLocator) -> Locator info found for XPATH attribute as: //a[@href='/jbilling/config/index']
14:38:09,243 INFO  [BrowserSelenium] ENTER --> (_parseElementOnXpath)
14:38:09,243 INFO  [BrowserSelenium] (_parseElementOnXpath) -> //a[@href='/jbilling/config/index'] is used
14:38:09,243 INFO  [BrowserSelenium] EXIT --> (_parseElementOnXpath)
14:38:09,243 INFO  [BrowserSelenium] EXIT --> (_getByLocator)
14:38:09,263 INFO  [BrowserSelenium] ENTER --> (_getByLocator)
14:38:09,263 INFO  [BrowserSelenium] (_getByLocator) -> Getting locator for null
14:38:09,263 INFO  [BrowserSelenium] (_getByLocator) -> Locator info found for XPATH attribute as: //a[@href='/jbilling/config/index']
14:38:09,263 INFO  [BrowserSelenium] ENTER --> (_parseElementOnXpath)
14:38:09,263 INFO  [BrowserSelenium] (_parseElementOnXpath) -> //a[@href='/jbilling/config/index'] is used
14:38:09,264 INFO  [BrowserSelenium] EXIT --> (_parseElementOnXpath)
14:38:09,264 INFO  [BrowserSelenium] EXIT --> (_getByLocator)
14:38:09,281 INFO  [BrowserSelenium] ENTER --> (_getByLocator)
14:38:09,282 INFO  [BrowserSelenium] (_getByLocator) -> Getting locator for null
14:38:09,282 INFO  [BrowserSelenium] (_getByLocator) -> Locator info found for XPATH attribute as: //a[@href='/jbilling/config/index']
14:38:09,282 INFO  [BrowserSelenium] ENTER --> (_parseElementOnXpath)
14:38:09,282 INFO  [BrowserSelenium] (_parseElementOnXpath) -> //a[@href='/jbilling/config/index'] is used
14:38:09,282 INFO  [BrowserSelenium] EXIT --> (_parseElementOnXpath)
14:38:09,282 INFO  [BrowserSelenium] EXIT --> (_getByLocator)
14:38:09,304 INFO  [BrowserSelenium] ENTER --> (_getByLocator)
14:38:09,304 INFO  [BrowserSelenium] (_getByLocator) -> Getting locator for null
14:38:09,304 INFO  [BrowserSelenium] (_getByLocator) -> Locator info found for XPATH attribute as: //a[@href='/jbilling/config/index']
14:38:09,304 INFO  [BrowserSelenium] ENTER --> (_parseElementOnXpath)
14:38:09,304 INFO  [BrowserSelenium] (_parseElementOnXpath) -> //a[@href='/jbilling/config/index'] is used
14:38:09,305 INFO  [BrowserSelenium] EXIT --> (_parseElementOnXpath)
14:38:09,305 INFO  [BrowserSelenium] EXIT --> (_getByLocator)
14:38:09,323 INFO  [BrowserSelenium] ENTER --> (_getByLocator)
14:38:09,324 INFO  [BrowserSelenium] (_getByLocator) -> Getting locator for null
14:38:09,324 INFO  [BrowserSelenium] (_getByLocator) -> Locator info found for XPATH attribute as: //a[@href='/jbilling/config/index']
14:38:09,324 INFO  [BrowserSelenium] ENTER --> (_parseElementOnXpath)
14:38:09,324 INFO  [BrowserSelenium] (_parseElementOnXpath) -> //a[@href='/jbilling/config/index'] is used
14:38:09,324 INFO  [BrowserSelenium] EXIT --> (_parseElementOnXpath)
14:38:09,324 INFO  [BrowserSelenium] EXIT --> (_getByLocator)
14:38:09,345 INFO  [BrowserSelenium] ENTER --> (_getByLocator)
14:38:09,345 INFO  [BrowserSelenium] (_getByLocator) -> Getting locator for null
14:38:09,345 INFO  [BrowserSelenium] (_getByLocator) -> Locator info found for XPATH attribute as: //a[@href='/jbilling/config/index']
14:38:09,345 INFO  [BrowserSelenium] ENTER --> (_parseElementOnXpath)
14:38:09,345 INFO  [BrowserSelenium] (_parseElementOnXpath) -> //a[@href='/jbilling/config/index'] is used
14:38:09,345 INFO  [BrowserSelenium] EXIT --> (_parseElementOnXpath)
14:38:09,345 INFO  [BrowserSelenium] EXIT --> (_getByLocator)
14:38:09,366 INFO  [BrowserSelenium] ENTER --> (_getByLocator)
14:38:09,366 INFO  [BrowserSelenium] (_getByLocator) -> Getting locator for null
14:38:09,366 INFO  [BrowserSelenium] (_getByLocator) -> Locator info found for XPATH attribute as: //a[@href='/jbilling/config/index']
14:38:09,366 INFO  [BrowserSelenium] ENTER --> (_parseElementOnXpath)
14:38:09,366 INFO  [BrowserSelenium] (_parseElementOnXpath) -> //a[@href='/jbilling/config/index'] is used
14:38:09,367 INFO  [BrowserSelenium] EXIT --> (_parseElementOnXpath)
14:38:09,367 INFO  [BrowserSelenium] EXIT --> (_getByLocator)
14:38:09,388 INFO  [BrowserSelenium] ENTER --> (_getByLocator)
14:38:09,388 INFO  [BrowserSelenium] (_getByLocator) -> Getting locator for null
14:38:09,388 INFO  [BrowserSelenium] (_getByLocator) -> Locator info found for XPATH attribute as: //a[@href='/jbilling/config/index']
14:38:09,388 INFO  [BrowserSelenium] ENTER --> (_parseElementOnXpath)
14:38:09,388 INFO  [BrowserSelenium] (_parseElementOnXpath) -> //a[@href='/jbilling/config/index'] is used
14:38:09,388 INFO  [BrowserSelenium] EXIT --> (_parseElementOnXpath)
14:38:09,389 INFO  [BrowserSelenium] EXIT --> (_getByLocator)
14:38:09,405 INFO  [BrowserSelenium] ENTER --> (_getByLocator)
14:38:09,406 INFO  [BrowserSelenium] (_getByLocator) -> Getting locator for null
14:38:09,406 INFO  [BrowserSelenium] (_getByLocator) -> Locator info found for XPATH attribute as: //a[@href='/jbilling/config/index']
14:38:09,406 INFO  [BrowserSelenium] ENTER --> (_parseElementOnXpath)
14:38:09,406 INFO  [BrowserSelenium] (_parseElementOnXpath) -> //a[@href='/jbilling/config/index'] is used
14:38:09,406 INFO  [BrowserSelenium] EXIT --> (_parseElementOnXpath)
14:38:09,406 INFO  [BrowserSelenium] EXIT --> (_getByLocator)
14:38:09,428 INFO  [BrowserSelenium] ENTER --> (_getByLocator)
14:38:09,428 INFO  [BrowserSelenium] (_getByLocator) -> Getting locator for null
14:38:09,429 INFO  [BrowserSelenium] (_getByLocator) -> Locator info found for XPATH attribute as: //a[@href='/jbilling/config/index']
14:38:09,429 INFO  [BrowserSelenium] ENTER --> (_parseElementOnXpath)
14:38:09,429 INFO  [BrowserSelenium] (_parseElementOnXpath) -> //a[@href='/jbilling/config/index'] is used
14:38:09,429 INFO  [BrowserSelenium] EXIT --> (_parseElementOnXpath)
14:38:09,429 INFO  [BrowserSelenium] EXIT --> (_getByLocator)
14:38:09,450 INFO  [BrowserSelenium] ENTER --> (_getByLocator)
14:38:09,450 INFO  [BrowserSelenium] (_getByLocator) -> Getting locator for null
14:38:09,450 INFO  [BrowserSelenium] (_getByLocator) -> Locator info found for XPATH attribute as: //a[@href='/jbilling/config/index']
14:38:09,450 INFO  [BrowserSelenium] ENTER --> (_parseElementOnXpath)
14:38:09,450 INFO  [BrowserSelenium] (_parseElementOnXpath) -> //a[@href='/jbilling/config/index'] is used
14:38:09,451 INFO  [BrowserSelenium] EXIT --> (_parseElementOnXpath)
14:38:09,451 INFO  [BrowserSelenium] EXIT --> (_getByLocator)
14:38:09,469 INFO  [BrowserSelenium] ENTER --> (_getByLocator)
14:38:09,470 INFO  [BrowserSelenium] (_getByLocator) -> Getting locator for null
14:38:09,470 INFO  [BrowserSelenium] (_getByLocator) -> Locator info found for XPATH attribute as: //a[@href='/jbilling/config/index']
14:38:09,470 INFO  [BrowserSelenium] ENTER --> (_parseElementOnXpath)
14:38:09,470 INFO  [BrowserSelenium] (_parseElementOnXpath) -> //a[@href='/jbilling/config/index'] is used
14:38:09,470 INFO  [BrowserSelenium] EXIT --> (_parseElementOnXpath)
14:38:09,470 INFO  [BrowserSelenium] EXIT --> (_getByLocator)
14:38:09,489 INFO  [BrowserSelenium] ENTER --> (_getByLocator)
14:38:09,490 INFO  [BrowserSelenium] (_getByLocator) -> Getting locator for null
14:38:09,490 INFO  [BrowserSelenium] (_getByLocator) -> Locator info found for XPATH attribute as: //a[@href='/jbilling/config/index']
14:38:09,490 INFO  [BrowserSelenium] ENTER --> (_parseElementOnXpath)
14:38:09,490 INFO  [BrowserSelenium] (_parseElementOnXpath) -> //a[@href='/jbilling/config/index'] is used
14:38:09,490 INFO  [BrowserSelenium] EXIT --> (_parseElementOnXpath)
14:38:09,490 INFO  [BrowserSelenium] EXIT --> (_getByLocator)
14:38:09,515 INFO  [BrowserSelenium] ENTER --> (_getByLocator)
14:38:09,516 INFO  [BrowserSelenium] (_getByLocator) -> Getting locator for null
14:38:09,516 INFO  [BrowserSelenium] (_getByLocator) -> Locator info found for XPATH attribute as: //a[@href='/jbilling/config/index']
14:38:09,516 INFO  [BrowserSelenium] ENTER --> (_parseElementOnXpath)
14:38:09,516 INFO  [BrowserSelenium] (_parseElementOnXpath) -> //a[@href='/jbilling/config/index'] is used
14:38:09,516 INFO  [BrowserSelenium] EXIT --> (_parseElementOnXpath)
14:38:09,516 INFO  [BrowserSelenium] EXIT --> (_getByLocator)
14:38:09,536 INFO  [BrowserSelenium] ENTER --> (_getByLocator)
14:38:09,537 INFO  [BrowserSelenium] (_getByLocator) -> Getting locator for null
14:38:09,537 INFO  [BrowserSelenium] (_getByLocator) -> Locator info found for XPATH attribute as: //a[@href='/jbilling/config/index']
14:38:09,537 INFO  [BrowserSelenium] ENTER --> (_parseElementOnXpath)
14:38:09,537 INFO  [BrowserSelenium] (_parseElementOnXpath) -> //a[@href='/jbilling/config/index'] is used
14:38:09,537 INFO  [BrowserSelenium] EXIT --> (_parseElementOnXpath)
14:38:09,537 INFO  [BrowserSelenium] EXIT --> (_getByLocator)
14:38:09,558 INFO  [BrowserSelenium] ENTER --> (_getByLocator)
14:38:09,558 INFO  [BrowserSelenium] (_getByLocator) -> Getting locator for null
14:38:09,559 INFO  [BrowserSelenium] (_getByLocator) -> Locator info found for XPATH attribute as: //a[@href='/jbilling/config/index']
14:38:09,559 INFO  [BrowserSelenium] ENTER --> (_parseElementOnXpath)
14:38:09,559 INFO  [BrowserSelenium] (_parseElementOnXpath) -> //a[@href='/jbilling/config/index'] is used
14:38:09,559 INFO  [BrowserSelenium] EXIT --> (_parseElementOnXpath)
14:38:09,559 INFO  [BrowserSelenium] EXIT --> (_getByLocator)
14:38:09,579 INFO  [BrowserSelenium] ENTER --> (_getByLocator)
14:38:09,579 INFO  [BrowserSelenium] (_getByLocator) -> Getting locator for null
14:38:09,579 INFO  [BrowserSelenium] (_getByLocator) -> Locator info found for XPATH attribute as: //a[@href='/jbilling/config/index']
14:38:09,580 INFO  [BrowserSelenium] ENTER --> (_parseElementOnXpath)
14:38:09,580 INFO  [BrowserSelenium] (_parseElementOnXpath) -> //a[@href='/jbilling/config/index'] is used
14:38:09,580 INFO  [BrowserSelenium] EXIT --> (_parseElementOnXpath)
14:38:09,580 INFO  [BrowserSelenium] EXIT --> (_getByLocator)
14:38:09,598 INFO  [BrowserSelenium] ENTER --> (_getByLocator)
14:38:09,598 INFO  [BrowserSelenium] (_getByLocator) -> Getting locator for null
14:38:09,598 INFO  [BrowserSelenium] (_getByLocator) -> Locator info found for XPATH attribute as: //a[@href='/jbilling/config/index']
14:38:09,598 INFO  [BrowserSelenium] ENTER --> (_parseElementOnXpath)
14:38:09,598 INFO  [BrowserSelenium] (_parseElementOnXpath) -> //a[@href='/jbilling/config/index'] is used
14:38:09,599 INFO  [BrowserSelenium] EXIT --> (_parseElementOnXpath)
14:38:09,599 INFO  [BrowserSelenium] EXIT --> (_getByLocator)
14:38:09,616 INFO  [BrowserSelenium] ENTER --> (_getByLocator)
14:38:09,616 INFO  [BrowserSelenium] (_getByLocator) -> Getting locator for null
14:38:09,616 INFO  [BrowserSelenium] (_getByLocator) -> Locator info found for XPATH attribute as: //a[@href='/jbilling/config/index']
14:38:09,616 INFO  [BrowserSelenium] ENTER --> (_parseElementOnXpath)
14:38:09,616 INFO  [BrowserSelenium] (_parseElementOnXpath) -> //a[@href='/jbilling/config/index'] is used
14:38:09,616 INFO  [BrowserSelenium] EXIT --> (_parseElementOnXpath)
14:38:09,617 INFO  [BrowserSelenium] EXIT --> (_getByLocator)
14:38:09,638 INFO  [BrowserSelenium] ENTER --> (_getByLocator)
14:38:09,639 INFO  [BrowserSelenium] (_getByLocator) -> Getting locator for null
14:38:09,639 INFO  [BrowserSelenium] (_getByLocator) -> Locator info found for XPATH attribute as: //a[@href='/jbilling/config/index']
14:38:09,639 INFO  [BrowserSelenium] ENTER --> (_parseElementOnXpath)
14:38:09,639 INFO  [BrowserSelenium] (_parseElementOnXpath) -> //a[@href='/jbilling/config/index'] is used
14:38:09,639 INFO  [BrowserSelenium] EXIT --> (_parseElementOnXpath)
14:38:09,639 INFO  [BrowserSelenium] EXIT --> (_getByLocator)
14:38:09,661 INFO  [BrowserSelenium] ENTER --> (_getByLocator)
14:38:09,661 INFO  [BrowserSelenium] (_getByLocator) -> Getting locator for null
14:38:09,661 INFO  [BrowserSelenium] (_getByLocator) -> Locator info found for XPATH attribute as: //a[@href='/jbilling/config/index']
14:38:09,661 INFO  [BrowserSelenium] ENTER --> (_parseElementOnXpath)
14:38:09,661 INFO  [BrowserSelenium] (_parseElementOnXpath) -> //a[@href='/jbilling/config/index'] is used
14:38:09,661 INFO  [BrowserSelenium] EXIT --> (_parseElementOnXpath)
14:38:09,662 INFO  [BrowserSelenium] EXIT --> (_getByLocator)
14:38:09,685 INFO  [BrowserSelenium] ENTER --> (_getByLocator)
14:38:09,685 INFO  [BrowserSelenium] (_getByLocator) -> Getting locator for null
14:38:09,685 INFO  [BrowserSelenium] (_getByLocator) -> Locator info found for XPATH attribute as: //a[@href='/jbilling/config/index']
14:38:09,686 INFO  [BrowserSelenium] ENTER --> (_parseElementOnXpath)
14:38:09,686 INFO  [BrowserSelenium] (_parseElementOnXpath) -> //a[@href='/jbilling/config/index'] is used
14:38:09,686 INFO  [BrowserSelenium] EXIT --> (_parseElementOnXpath)
14:38:09,686 INFO  [BrowserSelenium] EXIT --> (_getByLocator)
14:38:09,711 INFO  [BrowserSelenium] ENTER --> (_getByLocator)
14:38:09,711 INFO  [BrowserSelenium] (_getByLocator) -> Getting locator for null
14:38:09,712 INFO  [BrowserSelenium] (_getByLocator) -> Locator info found for XPATH attribute as: //a[@href='/jbilling/config/index']
14:38:09,712 INFO  [BrowserSelenium] ENTER --> (_parseElementOnXpath)
14:38:09,712 INFO  [BrowserSelenium] (_parseElementOnXpath) -> //a[@href='/jbilling/config/index'] is used
14:38:09,712 INFO  [BrowserSelenium] EXIT --> (_parseElementOnXpath)
14:38:09,712 INFO  [BrowserSelenium] EXIT --> (_getByLocator)
14:38:09,731 INFO  [BrowserSelenium] ENTER --> (_getByLocator)
14:38:09,732 INFO  [BrowserSelenium] (_getByLocator) -> Getting locator for null
14:38:09,732 INFO  [BrowserSelenium] (_getByLocator) -> Locator info found for XPATH attribute as: //a[@href='/jbilling/config/index']
14:38:09,732 INFO  [BrowserSelenium] ENTER --> (_parseElementOnXpath)
14:38:09,732 INFO  [BrowserSelenium] (_parseElementOnXpath) -> //a[@href='/jbilling/config/index'] is used
14:38:09,732 INFO  [BrowserSelenium] EXIT --> (_parseElementOnXpath)
14:38:09,733 INFO  [BrowserSelenium] EXIT --> (_getByLocator)
14:38:09,750 INFO  [BrowserSelenium] ENTER --> (_getByLocator)
14:38:09,750 INFO  [BrowserSelenium] (_getByLocator) -> Getting locator for null
14:38:09,750 INFO  [BrowserSelenium] (_getByLocator) -> Locator info found for XPATH attribute as: //a[@href='/jbilling/config/index']
14:38:09,750 INFO  [BrowserSelenium] ENTER --> (_parseElementOnXpath)
14:38:09,750 INFO  [BrowserSelenium] (_parseElementOnXpath) -> //a[@href='/jbilling/config/index'] is used
14:38:09,751 INFO  [BrowserSelenium] EXIT --> (_parseElementOnXpath)
14:38:09,751 INFO  [BrowserSelenium] EXIT --> (_getByLocator)
14:38:09,768 INFO  [BrowserSelenium] ENTER --> (_getByLocator)
14:38:09,768 INFO  [BrowserSelenium] (_getByLocator) -> Getting locator for null
14:38:09,768 INFO  [BrowserSelenium] (_getByLocator) -> Locator info found for XPATH attribute as: //a[@href='/jbilling/config/index']
14:38:09,768 INFO  [BrowserSelenium] ENTER --> (_parseElementOnXpath)
14:38:09,769 INFO  [BrowserSelenium] (_parseElementOnXpath) -> //a[@href='/jbilling/config/index'] is used
14:38:09,769 INFO  [BrowserSelenium] EXIT --> (_parseElementOnXpath)
14:38:09,769 INFO  [BrowserSelenium] EXIT --> (_getByLocator)
14:38:09,786 INFO  [BrowserSelenium] ENTER --> (_getByLocator)
14:38:09,786 INFO  [BrowserSelenium] (_getByLocator) -> Getting locator for null
14:38:09,786 INFO  [BrowserSelenium] (_getByLocator) -> Locator info found for XPATH attribute as: //a[@href='/jbilling/config/index']
14:38:09,787 INFO  [BrowserSelenium] ENTER --> (_parseElementOnXpath)
14:38:09,787 INFO  [BrowserSelenium] (_parseElementOnXpath) -> //a[@href='/jbilling/config/index'] is used
14:38:09,787 INFO  [BrowserSelenium] EXIT --> (_parseElementOnXpath)
14:38:09,787 INFO  [BrowserSelenium] EXIT --> (_getByLocator)
14:38:09,808 INFO  [BrowserSelenium] ENTER --> (_getByLocator)
14:38:09,809 INFO  [BrowserSelenium] (_getByLocator) -> Getting locator for null
14:38:09,809 INFO  [BrowserSelenium] (_getByLocator) -> Locator info found for XPATH attribute as: //a[@href='/jbilling/config/index']
14:38:09,809 INFO  [BrowserSelenium] ENTER --> (_parseElementOnXpath)
14:38:09,809 INFO  [BrowserSelenium] (_parseElementOnXpath) -> //a[@href='/jbilling/config/index'] is used
14:38:09,809 INFO  [BrowserSelenium] EXIT --> (_parseElementOnXpath)
14:38:09,809 INFO  [BrowserSelenium] EXIT --> (_getByLocator)
14:38:09,831 INFO  [BrowserSelenium] ENTER --> (_getByLocator)
14:38:09,831 INFO  [BrowserSelenium] (_getByLocator) -> Getting locator for null
14:38:09,831 INFO  [BrowserSelenium] (_getByLocator) -> Locator info found for XPATH attribute as: //a[@href='/jbilling/config/index']
14:38:09,831 INFO  [BrowserSelenium] ENTER --> (_parseElementOnXpath)
14:38:09,831 INFO  [BrowserSelenium] (_parseElementOnXpath) -> //a[@href='/jbilling/config/index'] is used
14:38:09,832 INFO  [BrowserSelenium] EXIT --> (_parseElementOnXpath)
14:38:09,832 INFO  [BrowserSelenium] EXIT --> (_getByLocator)
14:38:09,853 INFO  [BrowserSelenium] ENTER --> (_getByLocator)
14:38:09,853 INFO  [BrowserSelenium] (_getByLocator) -> Getting locator for null
14:38:09,854 INFO  [BrowserSelenium] (_getByLocator) -> Locator info found for XPATH attribute as: //a[@href='/jbilling/config/index']
14:38:09,854 INFO  [BrowserSelenium] ENTER --> (_parseElementOnXpath)
14:38:09,854 INFO  [BrowserSelenium] (_parseElementOnXpath) -> //a[@href='/jbilling/config/index'] is used
14:38:09,854 INFO  [BrowserSelenium] EXIT --> (_parseElementOnXpath)
14:38:09,854 INFO  [BrowserSelenium] EXIT --> (_getByLocator)
14:38:09,874 INFO  [BrowserSelenium] ENTER --> (_getByLocator)
14:38:09,874 INFO  [BrowserSelenium] (_getByLocator) -> Getting locator for null
14:38:09,875 INFO  [BrowserSelenium] (_getByLocator) -> Locator info found for XPATH attribute as: //a[@href='/jbilling/config/index']
14:38:09,875 INFO  [BrowserSelenium] ENTER --> (_parseElementOnXpath)
14:38:09,875 INFO  [BrowserSelenium] (_parseElementOnXpath) -> //a[@href='/jbilling/config/index'] is used
14:38:09,875 INFO  [BrowserSelenium] EXIT --> (_parseElementOnXpath)
14:38:09,875 INFO  [BrowserSelenium] EXIT --> (_getByLocator)
14:38:09,895 INFO  [BrowserSelenium] ENTER --> (_getByLocator)
14:38:09,895 INFO  [BrowserSelenium] (_getByLocator) -> Getting locator for null
14:38:09,896 INFO  [BrowserSelenium] (_getByLocator) -> Locator info found for XPATH attribute as: //a[@href='/jbilling/config/index']
14:38:09,896 INFO  [BrowserSelenium] ENTER --> (_parseElementOnXpath)
14:38:09,896 INFO  [BrowserSelenium] (_parseElementOnXpath) -> //a[@href='/jbilling/config/index'] is used
14:38:09,896 INFO  [BrowserSelenium] EXIT --> (_parseElementOnXpath)
14:38:09,896 INFO  [BrowserSelenium] EXIT --> (_getByLocator)
14:38:09,916 INFO  [BrowserSelenium] ENTER --> (_getByLocator)
14:38:09,916 INFO  [BrowserSelenium] (_getByLocator) -> Getting locator for null
14:38:09,916 INFO  [BrowserSelenium] (_getByLocator) -> Locator info found for XPATH attribute as: //a[@href='/jbilling/config/index']
14:38:09,917 INFO  [BrowserSelenium] ENTER --> (_parseElementOnXpath)
14:38:09,917 INFO  [BrowserSelenium] (_parseElementOnXpath) -> //a[@href='/jbilling/config/index'] is used
14:38:09,917 INFO  [BrowserSelenium] EXIT --> (_parseElementOnXpath)
14:38:09,917 INFO  [BrowserSelenium] EXIT --> (_getByLocator)
14:38:09,937 INFO  [BrowserSelenium] ENTER --> (_getByLocator)
14:38:09,937 INFO  [BrowserSelenium] (_getByLocator) -> Getting locator for null
14:38:09,937 INFO  [BrowserSelenium] (_getByLocator) -> Locator info found for XPATH attribute as: //a[@href='/jbilling/config/index']
14:38:09,937 INFO  [BrowserSelenium] ENTER --> (_parseElementOnXpath)
14:38:09,937 INFO  [BrowserSelenium] (_parseElementOnXpath) -> //a[@href='/jbilling/config/index'] is used
14:38:09,937 INFO  [BrowserSelenium] EXIT --> (_parseElementOnXpath)
14:38:09,937 INFO  [BrowserSelenium] EXIT --> (_getByLocator)
14:38:09,958 INFO  [BrowserSelenium] ENTER --> (_getByLocator)
14:38:09,958 INFO  [BrowserSelenium] (_getByLocator) -> Getting locator for null
14:38:09,958 INFO  [BrowserSelenium] (_getByLocator) -> Locator info found for XPATH attribute as: //a[@href='/jbilling/config/index']
14:38:09,958 INFO  [BrowserSelenium] ENTER --> (_parseElementOnXpath)
14:38:09,958 INFO  [BrowserSelenium] (_parseElementOnXpath) -> //a[@href='/jbilling/config/index'] is used
14:38:09,959 INFO  [BrowserSelenium] EXIT --> (_parseElementOnXpath)
14:38:09,959 INFO  [BrowserSelenium] EXIT --> (_getByLocator)
14:38:09,978 INFO  [BrowserSelenium] ENTER --> (_getByLocator)
14:38:09,978 INFO  [BrowserSelenium] (_getByLocator) -> Getting locator for null
14:38:09,978 INFO  [BrowserSelenium] (_getByLocator) -> Locator info found for XPATH attribute as: //a[@href='/jbilling/config/index']
14:38:09,978 INFO  [BrowserSelenium] ENTER --> (_parseElementOnXpath)
14:38:09,978 INFO  [BrowserSelenium] (_parseElementOnXpath) -> //a[@href='/jbilling/config/index'] is used
14:38:09,979 INFO  [BrowserSelenium] EXIT --> (_parseElementOnXpath)
14:38:09,979 INFO  [BrowserSelenium] EXIT --> (_getByLocator)
14:38:10,001 INFO  [BrowserSelenium] ENTER --> (_getByLocator)
14:38:10,002 INFO  [BrowserSelenium] (_getByLocator) -> Getting locator for null
14:38:10,002 INFO  [BrowserSelenium] (_getByLocator) -> Locator info found for XPATH attribute as: //a[@href='/jbilling/config/index']
14:38:10,002 INFO  [BrowserSelenium] ENTER --> (_parseElementOnXpath)
14:38:10,002 INFO  [BrowserSelenium] (_parseElementOnXpath) -> //a[@href='/jbilling/config/index'] is used
14:38:10,002 INFO  [BrowserSelenium] EXIT --> (_parseElementOnXpath)
14:38:10,003 INFO  [BrowserSelenium] EXIT --> (_getByLocator)
14:38:10,023 INFO  [BrowserSelenium] ENTER --> (_getByLocator)
14:38:10,023 INFO  [BrowserSelenium] (_getByLocator) -> Getting locator for null
14:38:10,023 INFO  [BrowserSelenium] (_getByLocator) -> Locator info found for XPATH attribute as: //a[@href='/jbilling/config/index']
14:38:10,023 INFO  [BrowserSelenium] ENTER --> (_parseElementOnXpath)
14:38:10,023 INFO  [BrowserSelenium] (_parseElementOnXpath) -> //a[@href='/jbilling/config/index'] is used
14:38:10,024 INFO  [BrowserSelenium] EXIT --> (_parseElementOnXpath)
14:38:10,024 INFO  [BrowserSelenium] EXIT --> (_getByLocator)
14:38:10,049 INFO  [BrowserSelenium] ENTER --> (_getByLocator)
14:38:10,049 INFO  [BrowserSelenium] (_getByLocator) -> Getting locator for null
14:38:10,049 INFO  [BrowserSelenium] (_getByLocator) -> Locator info found for XPATH attribute as: //a[@href='/jbilling/config/index']
14:38:10,049 INFO  [BrowserSelenium] ENTER --> (_parseElementOnXpath)
14:38:10,049 INFO  [BrowserSelenium] (_parseElementOnXpath) -> //a[@href='/jbilling/config/index'] is used
14:38:10,049 INFO  [BrowserSelenium] EXIT --> (_parseElementOnXpath)
14:38:10,050 INFO  [BrowserSelenium] EXIT --> (_getByLocator)
14:38:10,073 INFO  [BrowserSelenium] ENTER --> (_getByLocator)
14:38:10,073 INFO  [BrowserSelenium] (_getByLocator) -> Getting locator for null
14:38:10,073 INFO  [BrowserSelenium] (_getByLocator) -> Locator info found for XPATH attribute as: //a[@href='/jbilling/config/index']
14:38:10,073 INFO  [BrowserSelenium] ENTER --> (_parseElementOnXpath)
14:38:10,074 INFO  [BrowserSelenium] (_parseElementOnXpath) -> //a[@href='/jbilling/config/index'] is used
14:38:10,074 INFO  [BrowserSelenium] EXIT --> (_parseElementOnXpath)
14:38:10,074 INFO  [BrowserSelenium] EXIT --> (_getByLocator)
14:38:10,093 INFO  [BrowserSelenium] ENTER --> (_getByLocator)
14:38:10,093 INFO  [BrowserSelenium] (_getByLocator) -> Getting locator for null
14:38:10,093 INFO  [BrowserSelenium] (_getByLocator) -> Locator info found for XPATH attribute as: //a[@href='/jbilling/config/index']
14:38:10,093 INFO  [BrowserSelenium] ENTER --> (_parseElementOnXpath)
14:38:10,093 INFO  [BrowserSelenium] (_parseElementOnXpath) -> //a[@href='/jbilling/config/index'] is used
14:38:10,093 INFO  [BrowserSelenium] EXIT --> (_parseElementOnXpath)
14:38:10,094 INFO  [BrowserSelenium] EXIT --> (_getByLocator)
14:38:10,111 INFO  [BrowserSelenium] ENTER --> (_getByLocator)
14:38:10,111 INFO  [BrowserSelenium] (_getByLocator) -> Getting locator for null
14:38:10,112 INFO  [BrowserSelenium] (_getByLocator) -> Locator info found for XPATH attribute as: //a[@href='/jbilling/config/index']
14:38:10,112 INFO  [BrowserSelenium] ENTER --> (_parseElementOnXpath)
14:38:10,112 INFO  [BrowserSelenium] (_parseElementOnXpath) -> //a[@href='/jbilling/config/index'] is used
14:38:10,112 INFO  [BrowserSelenium] EXIT --> (_parseElementOnXpath)
14:38:10,112 INFO  [BrowserSelenium] EXIT --> (_getByLocator)
14:38:10,129 INFO  [BrowserSelenium] ENTER --> (_getByLocator)
14:38:10,130 INFO  [BrowserSelenium] (_getByLocator) -> Getting locator for null
14:38:10,130 INFO  [BrowserSelenium] (_getByLocator) -> Locator info found for XPATH attribute as: //a[@href='/jbilling/config/index']
14:38:10,130 INFO  [BrowserSelenium] ENTER --> (_parseElementOnXpath)
14:38:10,130 INFO  [BrowserSelenium] (_parseElementOnXpath) -> //a[@href='/jbilling/config/index'] is used
14:38:10,130 INFO  [BrowserSelenium] EXIT --> (_parseElementOnXpath)
14:38:10,130 INFO  [BrowserSelenium] EXIT --> (_getByLocator)
14:38:10,149 INFO  [BrowserSelenium] ENTER --> (_getByLocator)
14:38:10,149 INFO  [BrowserSelenium] (_getByLocator) -> Getting locator for null
14:38:10,150 INFO  [BrowserSelenium] (_getByLocator) -> Locator info found for XPATH attribute as: //a[@href='/jbilling/config/index']
14:38:10,150 INFO  [BrowserSelenium] ENTER --> (_parseElementOnXpath)
14:38:10,150 INFO  [BrowserSelenium] (_parseElementOnXpath) -> //a[@href='/jbilling/config/index'] is used
14:38:10,150 INFO  [BrowserSelenium] EXIT --> (_parseElementOnXpath)
14:38:10,150 INFO  [BrowserSelenium] EXIT --> (_getByLocator)
14:38:10,170 INFO  [BrowserSelenium] ENTER --> (_getByLocator)
14:38:10,170 INFO  [BrowserSelenium] (_getByLocator) -> Getting locator for null
14:38:10,170 INFO  [BrowserSelenium] (_getByLocator) -> Locator info found for XPATH attribute as: //a[@href='/jbilling/config/index']
14:38:10,170 INFO  [BrowserSelenium] ENTER --> (_parseElementOnXpath)
14:38:10,170 INFO  [BrowserSelenium] (_parseElementOnXpath) -> //a[@href='/jbilling/config/index'] is used
14:38:10,170 INFO  [BrowserSelenium] EXIT --> (_parseElementOnXpath)
14:38:10,170 INFO  [BrowserSelenium] EXIT --> (_getByLocator)
14:38:10,191 INFO  [BrowserSelenium] ENTER --> (_getByLocator)
14:38:10,191 INFO  [BrowserSelenium] (_getByLocator) -> Getting locator for null
14:38:10,192 INFO  [BrowserSelenium] (_getByLocator) -> Locator info found for XPATH attribute as: //a[@href='/jbilling/config/index']
14:38:10,192 INFO  [BrowserSelenium] ENTER --> (_parseElementOnXpath)
14:38:10,192 INFO  [BrowserSelenium] (_parseElementOnXpath) -> //a[@href='/jbilling/config/index'] is used
14:38:10,192 INFO  [BrowserSelenium] EXIT --> (_parseElementOnXpath)
14:38:10,192 INFO  [BrowserSelenium] EXIT --> (_getByLocator)
14:38:10,216 INFO  [BrowserSelenium] ENTER --> (_getByLocator)
14:38:10,216 INFO  [BrowserSelenium] (_getByLocator) -> Getting locator for null
14:38:10,216 INFO  [BrowserSelenium] (_getByLocator) -> Locator info found for XPATH attribute as: //a[@href='/jbilling/config/index']
14:38:10,216 INFO  [BrowserSelenium] ENTER --> (_parseElementOnXpath)
14:38:10,216 INFO  [BrowserSelenium] (_parseElementOnXpath) -> //a[@href='/jbilling/config/index'] is used
14:38:10,216 INFO  [BrowserSelenium] EXIT --> (_parseElementOnXpath)
14:38:10,216 INFO  [BrowserSelenium] EXIT --> (_getByLocator)
14:38:10,237 INFO  [BrowserSelenium] ENTER --> (_getByLocator)
14:38:10,237 INFO  [BrowserSelenium] (_getByLocator) -> Getting locator for null
14:38:10,238 INFO  [BrowserSelenium] (_getByLocator) -> Locator info found for XPATH attribute as: //a[@href='/jbilling/config/index']
14:38:10,238 INFO  [BrowserSelenium] ENTER --> (_parseElementOnXpath)
14:38:10,238 INFO  [BrowserSelenium] (_parseElementOnXpath) -> //a[@href='/jbilling/config/index'] is used
14:38:10,238 INFO  [BrowserSelenium] EXIT --> (_parseElementOnXpath)
14:38:10,238 INFO  [BrowserSelenium] EXIT --> (_getByLocator)
14:38:10,257 INFO  [BrowserSelenium] ENTER --> (_getByLocator)
14:38:10,258 INFO  [BrowserSelenium] (_getByLocator) -> Getting locator for null
14:38:10,258 INFO  [BrowserSelenium] (_getByLocator) -> Locator info found for XPATH attribute as: //a[@href='/jbilling/config/index']
14:38:10,258 INFO  [BrowserSelenium] ENTER --> (_parseElementOnXpath)
14:38:10,258 INFO  [BrowserSelenium] (_parseElementOnXpath) -> //a[@href='/jbilling/config/index'] is used
14:38:10,258 INFO  [BrowserSelenium] EXIT --> (_parseElementOnXpath)
14:38:10,258 INFO  [BrowserSelenium] EXIT --> (_getByLocator)
14:38:10,278 INFO  [BrowserSelenium] ENTER --> (_getByLocator)
14:38:10,278 INFO  [BrowserSelenium] (_getByLocator) -> Getting locator for null
14:38:10,279 INFO  [BrowserSelenium] (_getByLocator) -> Locator info found for XPATH attribute as: //a[@href='/jbilling/config/index']
14:38:10,279 INFO  [BrowserSelenium] ENTER --> (_parseElementOnXpath)
14:38:10,279 INFO  [BrowserSelenium] (_parseElementOnXpath) -> //a[@href='/jbilling/config/index'] is used
14:38:10,279 INFO  [BrowserSelenium] EXIT --> (_parseElementOnXpath)
14:38:10,279 INFO  [BrowserSelenium] EXIT --> (_getByLocator)
14:38:10,297 INFO  [BrowserSelenium] ENTER --> (_getByLocator)
14:38:10,297 INFO  [BrowserSelenium] (_getByLocator) -> Getting locator for null
14:38:10,297 INFO  [BrowserSelenium] (_getByLocator) -> Locator info found for XPATH attribute as: //a[@href='/jbilling/config/index']
14:38:10,297 INFO  [BrowserSelenium] ENTER --> (_parseElementOnXpath)
14:38:10,297 INFO  [BrowserSelenium] (_parseElementOnXpath) -> //a[@href='/jbilling/config/index'] is used
14:38:10,297 INFO  [BrowserSelenium] EXIT --> (_parseElementOnXpath)
14:38:10,298 INFO  [BrowserSelenium] EXIT --> (_getByLocator)
14:38:10,319 INFO  [BrowserSelenium] ENTER --> (_getByLocator)
14:38:10,319 INFO  [BrowserSelenium] (_getByLocator) -> Getting locator for null
14:38:10,319 INFO  [BrowserSelenium] (_getByLocator) -> Locator info found for XPATH attribute as: //a[@href='/jbilling/config/index']
14:38:10,319 INFO  [BrowserSelenium] ENTER --> (_parseElementOnXpath)
14:38:10,319 INFO  [BrowserSelenium] (_parseElementOnXpath) -> //a[@href='/jbilling/config/index'] is used
14:38:10,319 INFO  [BrowserSelenium] EXIT --> (_parseElementOnXpath)
14:38:10,320 INFO  [BrowserSelenium] EXIT --> (_getByLocator)
14:38:10,339 INFO  [BrowserSelenium] ENTER --> (_getByLocator)
14:38:10,339 INFO  [BrowserSelenium] (_getByLocator) -> Getting locator for null
14:38:10,339 INFO  [BrowserSelenium] (_getByLocator) -> Locator info found for XPATH attribute as: //a[@href='/jbilling/config/index']
14:38:10,339 INFO  [BrowserSelenium] ENTER --> (_parseElementOnXpath)
14:38:10,339 INFO  [BrowserSelenium] (_parseElementOnXpath) -> //a[@href='/jbilling/config/index'] is used
14:38:10,339 INFO  [BrowserSelenium] EXIT --> (_parseElementOnXpath)
14:38:10,340 INFO  [BrowserSelenium] EXIT --> (_getByLocator)
14:38:10,357 INFO  [BrowserSelenium] ENTER --> (_getByLocator)
14:38:10,357 INFO  [BrowserSelenium] (_getByLocator) -> Getting locator for null
14:38:10,357 INFO  [BrowserSelenium] (_getByLocator) -> Locator info found for XPATH attribute as: //a[@href='/jbilling/config/index']
14:38:10,357 INFO  [BrowserSelenium] ENTER --> (_parseElementOnXpath)
14:38:10,357 INFO  [BrowserSelenium] (_parseElementOnXpath) -> //a[@href='/jbilling/config/index'] is used
14:38:10,358 INFO  [BrowserSelenium] EXIT --> (_parseElementOnXpath)
14:38:10,358 INFO  [BrowserSelenium] EXIT --> (_getByLocator)
14:38:10,375 INFO  [BrowserSelenium] ENTER --> (_getByLocator)
14:38:10,375 INFO  [BrowserSelenium] (_getByLocator) -> Getting locator for null
14:38:10,376 INFO  [BrowserSelenium] (_getByLocator) -> Locator info found for XPATH attribute as: //a[@href='/jbilling/config/index']
14:38:10,376 INFO  [BrowserSelenium] ENTER --> (_parseElementOnXpath)
14:38:10,376 INFO  [BrowserSelenium] (_parseElementOnXpath) -> //a[@href='/jbilling/config/index'] is used
14:38:10,376 INFO  [BrowserSelenium] EXIT --> (_parseElementOnXpath)
14:38:10,376 INFO  [BrowserSelenium] EXIT --> (_getByLocator)
14:38:10,396 INFO  [BrowserSelenium] ENTER --> (_getByLocator)
14:38:10,396 INFO  [BrowserSelenium] (_getByLocator) -> Getting locator for null
14:38:10,396 INFO  [BrowserSelenium] (_getByLocator) -> Locator info found for XPATH attribute as: //a[@href='/jbilling/config/index']
14:38:10,396 INFO  [BrowserSelenium] ENTER --> (_parseElementOnXpath)
14:38:10,396 INFO  [BrowserSelenium] (_parseElementOnXpath) -> //a[@href='/jbilling/config/index'] is used
14:38:10,397 INFO  [BrowserSelenium] EXIT --> (_parseElementOnXpath)
14:38:10,397 INFO  [BrowserSelenium] EXIT --> (_getByLocator)
14:38:10,422 INFO  [BrowserSelenium] ENTER --> (_getByLocator)
14:38:10,422 INFO  [BrowserSelenium] (_getByLocator) -> Getting locator for null
14:38:10,423 INFO  [BrowserSelenium] (_getByLocator) -> Locator info found for XPATH attribute as: //a[@href='/jbilling/config/index']
14:38:10,423 INFO  [BrowserSelenium] ENTER --> (_parseElementOnXpath)
14:38:10,423 INFO  [BrowserSelenium] (_parseElementOnXpath) -> //a[@href='/jbilling/config/index'] is used
14:38:10,423 INFO  [BrowserSelenium] EXIT --> (_parseElementOnXpath)
14:38:10,423 INFO  [BrowserSelenium] EXIT --> (_getByLocator)
14:38:10,446 INFO  [BrowserSelenium] ENTER --> (_getByLocator)
14:38:10,447 INFO  [BrowserSelenium] (_getByLocator) -> Getting locator for null
14:38:10,447 INFO  [BrowserSelenium] (_getByLocator) -> Locator info found for XPATH attribute as: //a[@href='/jbilling/config/index']
14:38:10,447 INFO  [BrowserSelenium] ENTER --> (_parseElementOnXpath)
14:38:10,447 INFO  [BrowserSelenium] (_parseElementOnXpath) -> //a[@href='/jbilling/config/index'] is used
14:38:10,447 INFO  [BrowserSelenium] EXIT --> (_parseElementOnXpath)
14:38:10,448 INFO  [BrowserSelenium] EXIT --> (_getByLocator)
14:38:10,466 INFO  [BrowserSelenium] ENTER --> (_getByLocator)
14:38:10,466 INFO  [BrowserSelenium] (_getByLocator) -> Getting locator for null
14:38:10,467 INFO  [BrowserSelenium] (_getByLocator) -> Locator info found for XPATH attribute as: //a[@href='/jbilling/config/index']
14:38:10,467 INFO  [BrowserSelenium] ENTER --> (_parseElementOnXpath)
14:38:10,467 INFO  [BrowserSelenium] (_parseElementOnXpath) -> //a[@href='/jbilling/config/index'] is used
14:38:10,467 INFO  [BrowserSelenium] EXIT --> (_parseElementOnXpath)
14:38:10,467 INFO  [BrowserSelenium] EXIT --> (_getByLocator)
14:38:10,498 INFO  [BrowserSelenium] ENTER --> (_getByLocator)
14:38:10,499 INFO  [BrowserSelenium] (_getByLocator) -> Getting locator for null
14:38:10,499 INFO  [BrowserSelenium] (_getByLocator) -> Locator info found for XPATH attribute as: //a[@href='/jbilling/config/index']
14:38:10,499 INFO  [BrowserSelenium] ENTER --> (_parseElementOnXpath)
14:38:10,499 INFO  [BrowserSelenium] (_parseElementOnXpath) -> //a[@href='/jbilling/config/index'] is used
14:38:10,499 INFO  [BrowserSelenium] EXIT --> (_parseElementOnXpath)
14:38:10,500 INFO  [BrowserSelenium] EXIT --> (_getByLocator)
14:38:10,528 INFO  [BrowserSelenium] ENTER --> (_getByLocator)
14:38:10,529 INFO  [BrowserSelenium] (_getByLocator) -> Getting locator for null
14:38:10,529 INFO  [BrowserSelenium] (_getByLocator) -> Locator info found for XPATH attribute as: //a[@href='/jbilling/config/index']
14:38:10,529 INFO  [BrowserSelenium] ENTER --> (_parseElementOnXpath)
14:38:10,529 INFO  [BrowserSelenium] (_parseElementOnXpath) -> //a[@href='/jbilling/config/index'] is used
14:38:10,529 INFO  [BrowserSelenium] EXIT --> (_parseElementOnXpath)
14:38:10,529 INFO  [BrowserSelenium] EXIT --> (_getByLocator)
14:38:10,549 INFO  [BrowserSelenium] ENTER --> (_getByLocator)
14:38:10,549 INFO  [BrowserSelenium] (_getByLocator) -> Getting locator for null
14:38:10,549 INFO  [BrowserSelenium] (_getByLocator) -> Locator info found for XPATH attribute as: //a[@href='/jbilling/config/index']
14:38:10,549 INFO  [BrowserSelenium] ENTER --> (_parseElementOnXpath)
14:38:10,550 INFO  [BrowserSelenium] (_parseElementOnXpath) -> //a[@href='/jbilling/config/index'] is used
14:38:10,550 INFO  [BrowserSelenium] EXIT --> (_parseElementOnXpath)
14:38:10,550 INFO  [BrowserSelenium] EXIT --> (_getByLocator)
14:38:10,571 INFO  [BrowserSelenium] ENTER --> (_getByLocator)
14:38:10,572 INFO  [BrowserSelenium] (_getByLocator) -> Getting locator for null
14:38:10,572 INFO  [BrowserSelenium] (_getByLocator) -> Locator info found for XPATH attribute as: //a[@href='/jbilling/config/index']
14:38:10,572 INFO  [BrowserSelenium] ENTER --> (_parseElementOnXpath)
14:38:10,572 INFO  [BrowserSelenium] (_parseElementOnXpath) -> //a[@href='/jbilling/config/index'] is used
14:38:10,572 INFO  [BrowserSelenium] EXIT --> (_parseElementOnXpath)
14:38:10,572 INFO  [BrowserSelenium] EXIT --> (_getByLocator)
14:38:10,596 INFO  [BrowserSelenium] ENTER --> (_getByLocator)
14:38:10,596 INFO  [BrowserSelenium] (_getByLocator) -> Getting locator for null
14:38:10,596 INFO  [BrowserSelenium] (_getByLocator) -> Locator info found for XPATH attribute as: //a[@href='/jbilling/config/index']
14:38:10,596 INFO  [BrowserSelenium] ENTER --> (_parseElementOnXpath)
14:38:10,596 INFO  [BrowserSelenium] (_parseElementOnXpath) -> //a[@href='/jbilling/config/index'] is used
14:38:10,597 INFO  [BrowserSelenium] EXIT --> (_parseElementOnXpath)
14:38:10,597 INFO  [BrowserSelenium] EXIT --> (_getByLocator)
14:38:10,618 INFO  [BrowserSelenium] ENTER --> (_getByLocator)
14:38:10,618 INFO  [BrowserSelenium] (_getByLocator) -> Getting locator for null
14:38:10,618 INFO  [BrowserSelenium] (_getByLocator) -> Locator info found for XPATH attribute as: //a[@href='/jbilling/config/index']
14:38:10,619 INFO  [BrowserSelenium] ENTER --> (_parseElementOnXpath)
14:38:10,619 INFO  [BrowserSelenium] (_parseElementOnXpath) -> //a[@href='/jbilling/config/index'] is used
14:38:10,619 INFO  [BrowserSelenium] EXIT --> (_parseElementOnXpath)
14:38:10,619 INFO  [BrowserSelenium] EXIT --> (_getByLocator)
14:38:10,645 INFO  [BrowserSelenium] ENTER --> (_getByLocator)
14:38:10,645 INFO  [BrowserSelenium] (_getByLocator) -> Getting locator for null
14:38:10,646 INFO  [BrowserSelenium] (_getByLocator) -> Locator info found for XPATH attribute as: //a[@href='/jbilling/config/index']
14:38:10,646 INFO  [BrowserSelenium] ENTER --> (_parseElementOnXpath)
14:38:10,646 INFO  [BrowserSelenium] (_parseElementOnXpath) -> //a[@href='/jbilling/config/index'] is used
14:38:10,646 INFO  [BrowserSelenium] EXIT --> (_parseElementOnXpath)
14:38:10,646 INFO  [BrowserSelenium] EXIT --> (_getByLocator)
14:38:10,673 INFO  [BrowserSelenium] ENTER --> (_getByLocator)
14:38:10,673 INFO  [BrowserSelenium] (_getByLocator) -> Getting locator for null
14:38:10,673 INFO  [BrowserSelenium] (_getByLocator) -> Locator info found for XPATH attribute as: //a[@href='/jbilling/config/index']
14:38:10,673 INFO  [BrowserSelenium] ENTER --> (_parseElementOnXpath)
14:38:10,674 INFO  [BrowserSelenium] (_parseElementOnXpath) -> //a[@href='/jbilling/config/index'] is used
14:38:10,674 INFO  [BrowserSelenium] EXIT --> (_parseElementOnXpath)
14:38:10,674 INFO  [BrowserSelenium] EXIT --> (_getByLocator)
14:38:10,698 INFO  [BrowserSelenium] ENTER --> (_getByLocator)
14:38:10,699 INFO  [BrowserSelenium] (_getByLocator) -> Getting locator for null
14:38:10,699 INFO  [BrowserSelenium] (_getByLocator) -> Locator info found for XPATH attribute as: //a[@href='/jbilling/config/index']
14:38:10,699 INFO  [BrowserSelenium] ENTER --> (_parseElementOnXpath)
14:38:10,699 INFO  [BrowserSelenium] (_parseElementOnXpath) -> //a[@href='/jbilling/config/index'] is used
14:38:10,699 INFO  [BrowserSelenium] EXIT --> (_parseElementOnXpath)
14:38:10,699 INFO  [BrowserSelenium] EXIT --> (_getByLocator)
14:38:10,724 INFO  [BrowserSelenium] ENTER --> (_getByLocator)
14:38:10,724 INFO  [BrowserSelenium] (_getByLocator) -> Getting locator for null
14:38:10,724 INFO  [BrowserSelenium] (_getByLocator) -> Locator info found for XPATH attribute as: //a[@href='/jbilling/config/index']
14:38:10,724 INFO  [BrowserSelenium] ENTER --> (_parseElementOnXpath)
14:38:10,725 INFO  [BrowserSelenium] (_parseElementOnXpath) -> //a[@href='/jbilling/config/index'] is used
14:38:10,725 INFO  [BrowserSelenium] EXIT --> (_parseElementOnXpath)
14:38:10,726 INFO  [BrowserSelenium] EXIT --> (_getByLocator)
14:38:10,750 INFO  [BrowserSelenium] ENTER --> (_getByLocator)
14:38:10,750 INFO  [BrowserSelenium] (_getByLocator) -> Getting locator for null
14:38:10,750 INFO  [BrowserSelenium] (_getByLocator) -> Locator info found for XPATH attribute as: //a[@href='/jbilling/config/index']
14:38:10,751 INFO  [BrowserSelenium] ENTER --> (_parseElementOnXpath)
14:38:10,751 INFO  [BrowserSelenium] (_parseElementOnXpath) -> //a[@href='/jbilling/config/index'] is used
14:38:10,751 INFO  [BrowserSelenium] EXIT --> (_parseElementOnXpath)
14:38:10,751 INFO  [BrowserSelenium] EXIT --> (_getByLocator)
14:38:10,771 INFO  [BrowserSelenium] ENTER --> (_getByLocator)
14:38:10,771 INFO  [BrowserSelenium] (_getByLocator) -> Getting locator for null
14:38:10,771 INFO  [BrowserSelenium] (_getByLocator) -> Locator info found for XPATH attribute as: //a[@href='/jbilling/config/index']
14:38:10,772 INFO  [BrowserSelenium] ENTER --> (_parseElementOnXpath)
14:38:10,772 INFO  [BrowserSelenium] (_parseElementOnXpath) -> //a[@href='/jbilling/config/index'] is used
14:38:10,772 INFO  [BrowserSelenium] EXIT --> (_parseElementOnXpath)
14:38:10,772 INFO  [BrowserSelenium] EXIT --> (_getByLocator)
14:38:10,789 INFO  [BrowserSelenium] ENTER --> (_getByLocator)
14:38:10,789 INFO  [BrowserSelenium] (_getByLocator) -> Getting locator for null
14:38:10,789 INFO  [BrowserSelenium] (_getByLocator) -> Locator info found for XPATH attribute as: //a[@href='/jbilling/config/index']
14:38:10,789 INFO  [BrowserSelenium] ENTER --> (_parseElementOnXpath)
14:38:10,789 INFO  [BrowserSelenium] (_parseElementOnXpath) -> //a[@href='/jbilling/config/index'] is used
14:38:10,790 INFO  [BrowserSelenium] EXIT --> (_parseElementOnXpath)
14:38:10,790 INFO  [BrowserSelenium] EXIT --> (_getByLocator)
14:38:10,807 INFO  [BrowserSelenium] ENTER --> (_getByLocator)
14:38:10,808 INFO  [BrowserSelenium] (_getByLocator) -> Getting locator for null
14:38:10,808 INFO  [BrowserSelenium] (_getByLocator) -> Locator info found for XPATH attribute as: //a[@href='/jbilling/config/index']
14:38:10,808 INFO  [BrowserSelenium] ENTER --> (_parseElementOnXpath)
14:38:10,808 INFO  [BrowserSelenium] (_parseElementOnXpath) -> //a[@href='/jbilling/config/index'] is used
14:38:10,808 INFO  [BrowserSelenium] EXIT --> (_parseElementOnXpath)
14:38:10,808 INFO  [BrowserSelenium] EXIT --> (_getByLocator)
14:38:10,825 INFO  [BrowserSelenium] ENTER --> (_getByLocator)
14:38:10,825 INFO  [BrowserSelenium] (_getByLocator) -> Getting locator for null
14:38:10,826 INFO  [BrowserSelenium] (_getByLocator) -> Locator info found for XPATH attribute as: //a[@href='/jbilling/config/index']
14:38:10,826 INFO  [BrowserSelenium] ENTER --> (_parseElementOnXpath)
14:38:10,826 INFO  [BrowserSelenium] (_parseElementOnXpath) -> //a[@href='/jbilling/config/index'] is used
14:38:10,826 INFO  [BrowserSelenium] EXIT --> (_parseElementOnXpath)
14:38:10,826 INFO  [BrowserSelenium] EXIT --> (_getByLocator)
14:38:10,847 INFO  [BrowserSelenium] ENTER --> (_getByLocator)
14:38:10,847 INFO  [BrowserSelenium] (_getByLocator) -> Getting locator for null
14:38:10,847 INFO  [BrowserSelenium] (_getByLocator) -> Locator info found for XPATH attribute as: //a[@href='/jbilling/config/index']
14:38:10,847 INFO  [BrowserSelenium] ENTER --> (_parseElementOnXpath)
14:38:10,847 INFO  [BrowserSelenium] (_parseElementOnXpath) -> //a[@href='/jbilling/config/index'] is used
14:38:10,847 INFO  [BrowserSelenium] EXIT --> (_parseElementOnXpath)
14:38:10,848 INFO  [BrowserSelenium] EXIT --> (_getByLocator)
14:38:10,868 INFO  [BrowserSelenium] ENTER --> (_getByLocator)
14:38:10,868 INFO  [BrowserSelenium] (_getByLocator) -> Getting locator for null
14:38:10,868 INFO  [BrowserSelenium] (_getByLocator) -> Locator info found for XPATH attribute as: //a[@href='/jbilling/config/index']
14:38:10,868 INFO  [BrowserSelenium] ENTER --> (_parseElementOnXpath)
14:38:10,868 INFO  [BrowserSelenium] (_parseElementOnXpath) -> //a[@href='/jbilling/config/index'] is used
14:38:10,868 INFO  [BrowserSelenium] EXIT --> (_parseElementOnXpath)
14:38:10,869 INFO  [BrowserSelenium] EXIT --> (_getByLocator)
14:38:10,911 INFO  [BrowserSelenium] ENTER --> (_getByLocator)
14:38:10,911 INFO  [BrowserSelenium] (_getByLocator) -> Getting locator for null
14:38:10,911 INFO  [BrowserSelenium] (_getByLocator) -> Locator info found for XPATH attribute as: //a[@href='/jbilling/config/index']
14:38:10,911 INFO  [BrowserSelenium] ENTER --> (_parseElementOnXpath)
14:38:10,912 INFO  [BrowserSelenium] (_parseElementOnXpath) -> //a[@href='/jbilling/config/index'] is used
14:38:10,912 INFO  [BrowserSelenium] EXIT --> (_parseElementOnXpath)
14:38:10,912 INFO  [BrowserSelenium] EXIT --> (_getByLocator)
14:38:10,931 INFO  [BrowserSelenium] ENTER --> (_getByLocator)
14:38:10,931 INFO  [BrowserSelenium] (_getByLocator) -> Getting locator for null
14:38:10,931 INFO  [BrowserSelenium] (_getByLocator) -> Locator info found for XPATH attribute as: //a[@href='/jbilling/config/index']
14:38:10,932 INFO  [BrowserSelenium] ENTER --> (_parseElementOnXpath)
14:38:10,932 INFO  [BrowserSelenium] (_parseElementOnXpath) -> //a[@href='/jbilling/config/index'] is used
14:38:10,932 INFO  [BrowserSelenium] EXIT --> (_parseElementOnXpath)
14:38:10,932 INFO  [BrowserSelenium] EXIT --> (_getByLocator)
14:38:10,953 INFO  [BrowserSelenium] ENTER --> (_getByLocator)
14:38:10,953 INFO  [BrowserSelenium] (_getByLocator) -> Getting locator for null
14:38:10,953 INFO  [BrowserSelenium] (_getByLocator) -> Locator info found for XPATH attribute as: //a[@href='/jbilling/config/index']
14:38:10,953 INFO  [BrowserSelenium] ENTER --> (_parseElementOnXpath)
14:38:10,954 INFO  [BrowserSelenium] (_parseElementOnXpath) -> //a[@href='/jbilling/config/index'] is used
14:38:10,954 INFO  [BrowserSelenium] EXIT --> (_parseElementOnXpath)
14:38:10,954 INFO  [BrowserSelenium] EXIT --> (_getByLocator)
14:38:10,976 INFO  [BrowserSelenium] ENTER --> (_getByLocator)
14:38:10,976 INFO  [BrowserSelenium] (_getByLocator) -> Getting locator for null
14:38:10,976 INFO  [BrowserSelenium] (_getByLocator) -> Locator info found for XPATH attribute as: //a[@href='/jbilling/config/index']
14:38:10,977 INFO  [BrowserSelenium] ENTER --> (_parseElementOnXpath)
14:38:10,977 INFO  [BrowserSelenium] (_parseElementOnXpath) -> //a[@href='/jbilling/config/index'] is used
14:38:10,977 INFO  [BrowserSelenium] EXIT --> (_parseElementOnXpath)
14:38:10,977 INFO  [BrowserSelenium] EXIT --> (_getByLocator)
14:38:11,001 INFO  [BrowserSelenium] ENTER --> (_getByLocator)
14:38:11,001 INFO  [BrowserSelenium] (_getByLocator) -> Getting locator for null
14:38:11,001 INFO  [BrowserSelenium] (_getByLocator) -> Locator info found for XPATH attribute as: //a[@href='/jbilling/config/index']
14:38:11,001 INFO  [BrowserSelenium] ENTER --> (_parseElementOnXpath)
14:38:11,001 INFO  [BrowserSelenium] (_parseElementOnXpath) -> //a[@href='/jbilling/config/index'] is used
14:38:11,002 INFO  [BrowserSelenium] EXIT --> (_parseElementOnXpath)
14:38:11,002 INFO  [BrowserSelenium] EXIT --> (_getByLocator)
14:38:11,036 INFO  [BrowserSelenium] ENTER --> (_getByLocator)
14:38:11,036 INFO  [BrowserSelenium] (_getByLocator) -> Getting locator for null
14:38:11,037 INFO  [BrowserSelenium] (_getByLocator) -> Locator info found for XPATH attribute as: //a[@href='/jbilling/config/index']
14:38:11,037 INFO  [BrowserSelenium] ENTER --> (_parseElementOnXpath)
14:38:11,037 INFO  [BrowserSelenium] (_parseElementOnXpath) -> //a[@href='/jbilling/config/index'] is used
14:38:11,037 INFO  [BrowserSelenium] EXIT --> (_parseElementOnXpath)
14:38:11,037 INFO  [BrowserSelenium] EXIT --> (_getByLocator)
14:38:11,059 INFO  [BrowserSelenium] ENTER --> (_getByLocator)
14:38:11,059 INFO  [BrowserSelenium] (_getByLocator) -> Getting locator for null
14:38:11,059 INFO  [BrowserSelenium] (_getByLocator) -> Locator info found for XPATH attribute as: //a[@href='/jbilling/config/index']
14:38:11,059 INFO  [BrowserSelenium] ENTER --> (_parseElementOnXpath)
14:38:11,060 INFO  [BrowserSelenium] (_parseElementOnXpath) -> //a[@href='/jbilling/config/index'] is used
14:38:11,060 INFO  [BrowserSelenium] EXIT --> (_parseElementOnXpath)
14:38:11,060 INFO  [BrowserSelenium] EXIT --> (_getByLocator)
14:38:11,084 INFO  [BrowserSelenium] ENTER --> (_getByLocator)
14:38:11,084 INFO  [BrowserSelenium] (_getByLocator) -> Getting locator for null
14:38:11,084 INFO  [BrowserSelenium] (_getByLocator) -> Locator info found for XPATH attribute as: //a[@href='/jbilling/config/index']
14:38:11,084 INFO  [BrowserSelenium] ENTER --> (_parseElementOnXpath)
14:38:11,085 INFO  [BrowserSelenium] (_parseElementOnXpath) -> //a[@href='/jbilling/config/index'] is used
14:38:11,085 INFO  [BrowserSelenium] EXIT --> (_parseElementOnXpath)
14:38:11,085 INFO  [BrowserSelenium] EXIT --> (_getByLocator)
14:38:11,110 INFO  [BrowserSelenium] ENTER --> (_getByLocator)
14:38:11,110 INFO  [BrowserSelenium] (_getByLocator) -> Getting locator for null
14:38:11,110 INFO  [BrowserSelenium] (_getByLocator) -> Locator info found for XPATH attribute as: //a[@href='/jbilling/config/index']
14:38:11,110 INFO  [BrowserSelenium] ENTER --> (_parseElementOnXpath)
14:38:11,110 INFO  [BrowserSelenium] (_parseElementOnXpath) -> //a[@href='/jbilling/config/index'] is used
14:38:11,111 INFO  [BrowserSelenium] EXIT --> (_parseElementOnXpath)
14:38:11,111 INFO  [BrowserSelenium] EXIT --> (_getByLocator)
14:38:11,134 INFO  [BrowserSelenium] ENTER --> (_getByLocator)
14:38:11,135 INFO  [BrowserSelenium] (_getByLocator) -> Getting locator for null
14:38:11,135 INFO  [BrowserSelenium] (_getByLocator) -> Locator info found for XPATH attribute as: //a[@href='/jbilling/config/index']
14:38:11,135 INFO  [BrowserSelenium] ENTER --> (_parseElementOnXpath)
14:38:11,135 INFO  [BrowserSelenium] (_parseElementOnXpath) -> //a[@href='/jbilling/config/index'] is used
14:38:11,135 INFO  [BrowserSelenium] EXIT --> (_parseElementOnXpath)
14:38:11,136 INFO  [BrowserSelenium] EXIT --> (_getByLocator)
14:38:11,159 INFO  [BrowserSelenium] ENTER --> (_getByLocator)
14:38:11,159 INFO  [BrowserSelenium] (_getByLocator) -> Getting locator for null
14:38:11,159 INFO  [BrowserSelenium] (_getByLocator) -> Locator info found for XPATH attribute as: //a[@href='/jbilling/config/index']
14:38:11,159 INFO  [BrowserSelenium] ENTER --> (_parseElementOnXpath)
14:38:11,160 INFO  [BrowserSelenium] (_parseElementOnXpath) -> //a[@href='/jbilling/config/index'] is used
14:38:11,160 INFO  [BrowserSelenium] EXIT --> (_parseElementOnXpath)
14:38:11,160 INFO  [BrowserSelenium] EXIT --> (_getByLocator)
14:38:11,181 INFO  [BrowserSelenium] ENTER --> (_getByLocator)
14:38:11,181 INFO  [BrowserSelenium] (_getByLocator) -> Getting locator for null
14:38:11,182 INFO  [BrowserSelenium] (_getByLocator) -> Locator info found for XPATH attribute as: //a[@href='/jbilling/config/index']
14:38:11,182 INFO  [BrowserSelenium] ENTER --> (_parseElementOnXpath)
14:38:11,182 INFO  [BrowserSelenium] (_parseElementOnXpath) -> //a[@href='/jbilling/config/index'] is used
14:38:11,182 INFO  [BrowserSelenium] EXIT --> (_parseElementOnXpath)
14:38:11,182 INFO  [BrowserSelenium] EXIT --> (_getByLocator)
14:38:11,201 INFO  [BrowserSelenium] ENTER --> (_getByLocator)
14:38:11,202 INFO  [BrowserSelenium] (_getByLocator) -> Getting locator for null
14:38:11,202 INFO  [BrowserSelenium] (_getByLocator) -> Locator info found for XPATH attribute as: //a[@href='/jbilling/config/index']
14:38:11,202 INFO  [BrowserSelenium] ENTER --> (_parseElementOnXpath)
14:38:11,202 INFO  [BrowserSelenium] (_parseElementOnXpath) -> //a[@href='/jbilling/config/index'] is used
14:38:11,202 INFO  [BrowserSelenium] EXIT --> (_parseElementOnXpath)
14:38:11,203 INFO  [BrowserSelenium] EXIT --> (_getByLocator)
14:38:11,220 INFO  [BrowserSelenium] ENTER --> (_getByLocator)
14:38:11,221 INFO  [BrowserSelenium] (_getByLocator) -> Getting locator for null
14:38:11,221 INFO  [BrowserSelenium] (_getByLocator) -> Locator info found for XPATH attribute as: //a[@href='/jbilling/config/index']
14:38:11,221 INFO  [BrowserSelenium] ENTER --> (_parseElementOnXpath)
14:38:11,221 INFO  [BrowserSelenium] (_parseElementOnXpath) -> //a[@href='/jbilling/config/index'] is used
14:38:11,221 INFO  [BrowserSelenium] EXIT --> (_parseElementOnXpath)
14:38:11,221 INFO  [BrowserSelenium] EXIT --> (_getByLocator)
14:38:11,242 INFO  [BrowserSelenium] ENTER --> (_getByLocator)
14:38:11,242 INFO  [BrowserSelenium] (_getByLocator) -> Getting locator for null
14:38:11,242 INFO  [BrowserSelenium] (_getByLocator) -> Locator info found for XPATH attribute as: //a[@href='/jbilling/config/index']
14:38:11,242 INFO  [BrowserSelenium] ENTER --> (_parseElementOnXpath)
14:38:11,242 INFO  [BrowserSelenium] (_parseElementOnXpath) -> //a[@href='/jbilling/config/index'] is used
14:38:11,243 INFO  [BrowserSelenium] EXIT --> (_parseElementOnXpath)
14:38:11,243 INFO  [BrowserSelenium] EXIT --> (_getByLocator)
14:38:11,264 INFO  [BrowserSelenium] ENTER --> (_getByLocator)
14:38:11,264 INFO  [BrowserSelenium] (_getByLocator) -> Getting locator for null
14:38:11,264 INFO  [BrowserSelenium] (_getByLocator) -> Locator info found for XPATH attribute as: //a[@href='/jbilling/config/index']
14:38:11,264 INFO  [BrowserSelenium] ENTER --> (_parseElementOnXpath)
14:38:11,265 INFO  [BrowserSelenium] (_parseElementOnXpath) -> //a[@href='/jbilling/config/index'] is used
14:38:11,265 INFO  [BrowserSelenium] EXIT --> (_parseElementOnXpath)
14:38:11,265 INFO  [BrowserSelenium] EXIT --> (_getByLocator)
14:38:11,283 INFO  [BrowserSelenium] ENTER --> (_getByLocator)
14:38:11,283 INFO  [BrowserSelenium] (_getByLocator) -> Getting locator for null
14:38:11,283 INFO  [BrowserSelenium] (_getByLocator) -> Locator info found for XPATH attribute as: //a[@href='/jbilling/config/index']
14:38:11,283 INFO  [BrowserSelenium] ENTER --> (_parseElementOnXpath)
14:38:11,284 INFO  [BrowserSelenium] (_parseElementOnXpath) -> //a[@href='/jbilling/config/index'] is used
14:38:11,284 INFO  [BrowserSelenium] EXIT --> (_parseElementOnXpath)
14:38:11,284 INFO  [BrowserSelenium] EXIT --> (_getByLocator)
14:38:11,305 INFO  [BrowserSelenium] ENTER --> (_getByLocator)
14:38:11,305 INFO  [BrowserSelenium] (_getByLocator) -> Getting locator for null
14:38:11,305 INFO  [BrowserSelenium] (_getByLocator) -> Locator info found for XPATH attribute as: //a[@href='/jbilling/config/index']
14:38:11,306 INFO  [BrowserSelenium] ENTER --> (_parseElementOnXpath)
14:38:11,306 INFO  [BrowserSelenium] (_parseElementOnXpath) -> //a[@href='/jbilling/config/index'] is used
14:38:11,306 INFO  [BrowserSelenium] EXIT --> (_parseElementOnXpath)
14:38:11,306 INFO  [BrowserSelenium] EXIT --> (_getByLocator)
14:38:11,324 INFO  [BrowserSelenium] ENTER --> (_getByLocator)
14:38:11,325 INFO  [BrowserSelenium] (_getByLocator) -> Getting locator for null
14:38:11,325 INFO  [BrowserSelenium] (_getByLocator) -> Locator info found for XPATH attribute as: //a[@href='/jbilling/config/index']
14:38:11,325 INFO  [BrowserSelenium] ENTER --> (_parseElementOnXpath)
14:38:11,325 INFO  [BrowserSelenium] (_parseElementOnXpath) -> //a[@href='/jbilling/config/index'] is used
14:38:11,325 INFO  [BrowserSelenium] EXIT --> (_parseElementOnXpath)
14:38:11,326 INFO  [BrowserSelenium] EXIT --> (_getByLocator)
14:38:11,346 INFO  [BrowserSelenium] ENTER --> (_getByLocator)
14:38:11,346 INFO  [BrowserSelenium] (_getByLocator) -> Getting locator for null
14:38:11,346 INFO  [BrowserSelenium] (_getByLocator) -> Locator info found for XPATH attribute as: //a[@href='/jbilling/config/index']
14:38:11,346 INFO  [BrowserSelenium] ENTER --> (_parseElementOnXpath)
14:38:11,346 INFO  [BrowserSelenium] (_parseElementOnXpath) -> //a[@href='/jbilling/config/index'] is used
14:38:11,346 INFO  [BrowserSelenium] EXIT --> (_parseElementOnXpath)
14:38:11,346 INFO  [BrowserSelenium] EXIT --> (_getByLocator)
14:38:11,367 INFO  [BrowserSelenium] ENTER --> (_getByLocator)
14:38:11,367 INFO  [BrowserSelenium] (_getByLocator) -> Getting locator for null
14:38:11,367 INFO  [BrowserSelenium] (_getByLocator) -> Locator info found for XPATH attribute as: //a[@href='/jbilling/config/index']
14:38:11,367 INFO  [BrowserSelenium] ENTER --> (_parseElementOnXpath)
14:38:11,367 INFO  [BrowserSelenium] (_parseElementOnXpath) -> //a[@href='/jbilling/config/index'] is used
14:38:11,367 INFO  [BrowserSelenium] EXIT --> (_parseElementOnXpath)
14:38:11,367 INFO  [BrowserSelenium] EXIT --> (_getByLocator)
14:38:11,389 INFO  [BrowserSelenium] ENTER --> (_getByLocator)
14:38:11,389 INFO  [BrowserSelenium] (_getByLocator) -> Getting locator for null
14:38:11,390 INFO  [BrowserSelenium] (_getByLocator) -> Locator info found for XPATH attribute as: //a[@href='/jbilling/config/index']
14:38:11,390 INFO  [BrowserSelenium] ENTER --> (_parseElementOnXpath)
14:38:11,390 INFO  [BrowserSelenium] (_parseElementOnXpath) -> //a[@href='/jbilling/config/index'] is used
14:38:11,390 INFO  [BrowserSelenium] EXIT --> (_parseElementOnXpath)
14:38:11,390 INFO  [BrowserSelenium] EXIT --> (_getByLocator)
14:38:11,407 INFO  [BrowserSelenium] ENTER --> (_getByLocator)
14:38:11,407 INFO  [BrowserSelenium] (_getByLocator) -> Getting locator for null
14:38:11,407 INFO  [BrowserSelenium] (_getByLocator) -> Locator info found for XPATH attribute as: //a[@href='/jbilling/config/index']
14:38:11,407 INFO  [BrowserSelenium] ENTER --> (_parseElementOnXpath)
14:38:11,407 INFO  [BrowserSelenium] (_parseElementOnXpath) -> //a[@href='/jbilling/config/index'] is used
14:38:11,407 INFO  [BrowserSelenium] EXIT --> (_parseElementOnXpath)
14:38:11,407 INFO  [BrowserSelenium] EXIT --> (_getByLocator)
14:38:11,425 INFO  [BrowserSelenium] ENTER --> (_getByLocator)
14:38:11,425 INFO  [BrowserSelenium] (_getByLocator) -> Getting locator for null
14:38:11,425 INFO  [BrowserSelenium] (_getByLocator) -> Locator info found for XPATH attribute as: //a[@href='/jbilling/config/index']
14:38:11,426 INFO  [BrowserSelenium] ENTER --> (_parseElementOnXpath)
14:38:11,426 INFO  [BrowserSelenium] (_parseElementOnXpath) -> //a[@href='/jbilling/config/index'] is used
14:38:11,426 INFO  [BrowserSelenium] EXIT --> (_parseElementOnXpath)
14:38:11,426 INFO  [BrowserSelenium] EXIT --> (_getByLocator)
14:38:11,445 INFO  [BrowserSelenium] ENTER --> (_getByLocator)
14:38:11,446 INFO  [BrowserSelenium] (_getByLocator) -> Getting locator for null
14:38:11,446 INFO  [BrowserSelenium] (_getByLocator) -> Locator info found for XPATH attribute as: //a[@href='/jbilling/config/index']
14:38:11,446 INFO  [BrowserSelenium] ENTER --> (_parseElementOnXpath)
14:38:11,446 INFO  [BrowserSelenium] (_parseElementOnXpath) -> //a[@href='/jbilling/config/index'] is used
14:38:11,446 INFO  [BrowserSelenium] EXIT --> (_parseElementOnXpath)
14:38:11,446 INFO  [BrowserSelenium] EXIT --> (_getByLocator)
14:38:11,467 INFO  [BrowserSelenium] ENTER --> (_getByLocator)
14:38:11,467 INFO  [BrowserSelenium] (_getByLocator) -> Getting locator for null
14:38:11,467 INFO  [BrowserSelenium] (_getByLocator) -> Locator info found for XPATH attribute as: //a[@href='/jbilling/config/index']
14:38:11,467 INFO  [BrowserSelenium] ENTER --> (_parseElementOnXpath)
14:38:11,467 INFO  [BrowserSelenium] (_parseElementOnXpath) -> //a[@href='/jbilling/config/index'] is used
14:38:11,467 INFO  [BrowserSelenium] EXIT --> (_parseElementOnXpath)
14:38:11,468 INFO  [BrowserSelenium] EXIT --> (_getByLocator)
14:38:11,489 INFO  [BrowserSelenium] ENTER --> (_getByLocator)
14:38:11,489 INFO  [BrowserSelenium] (_getByLocator) -> Getting locator for null
14:38:11,489 INFO  [BrowserSelenium] (_getByLocator) -> Locator info found for XPATH attribute as: //a[@href='/jbilling/config/index']
14:38:11,489 INFO  [BrowserSelenium] ENTER --> (_parseElementOnXpath)
14:38:11,490 INFO  [BrowserSelenium] (_parseElementOnXpath) -> //a[@href='/jbilling/config/index'] is used
14:38:11,490 INFO  [BrowserSelenium] EXIT --> (_parseElementOnXpath)
14:38:11,490 INFO  [BrowserSelenium] EXIT --> (_getByLocator)
14:38:11,511 INFO  [BrowserSelenium] ENTER --> (_getByLocator)
14:38:11,512 INFO  [BrowserSelenium] (_getByLocator) -> Getting locator for null
14:38:11,512 INFO  [BrowserSelenium] (_getByLocator) -> Locator info found for XPATH attribute as: //a[@href='/jbilling/config/index']
14:38:11,512 INFO  [BrowserSelenium] ENTER --> (_parseElementOnXpath)
14:38:11,512 INFO  [BrowserSelenium] (_parseElementOnXpath) -> //a[@href='/jbilling/config/index'] is used
14:38:11,512 INFO  [BrowserSelenium] EXIT --> (_parseElementOnXpath)
14:38:11,513 INFO  [BrowserSelenium] EXIT --> (_getByLocator)
14:38:11,535 INFO  [BrowserSelenium] ENTER --> (_getByLocator)
14:38:11,535 INFO  [BrowserSelenium] (_getByLocator) -> Getting locator for null
14:38:11,535 INFO  [BrowserSelenium] (_getByLocator) -> Locator info found for XPATH attribute as: //a[@href='/jbilling/config/index']
14:38:11,536 INFO  [BrowserSelenium] ENTER --> (_parseElementOnXpath)
14:38:11,536 INFO  [BrowserSelenium] (_parseElementOnXpath) -> //a[@href='/jbilling/config/index'] is used
14:38:11,536 INFO  [BrowserSelenium] EXIT --> (_parseElementOnXpath)
14:38:11,536 INFO  [BrowserSelenium] EXIT --> (_getByLocator)
14:38:11,556 INFO  [BrowserSelenium] ENTER --> (_getByLocator)
14:38:11,556 INFO  [BrowserSelenium] (_getByLocator) -> Getting locator for null
14:38:11,557 INFO  [BrowserSelenium] (_getByLocator) -> Locator info found for XPATH attribute as: //a[@href='/jbilling/config/index']
14:38:11,557 INFO  [BrowserSelenium] ENTER --> (_parseElementOnXpath)
14:38:11,557 INFO  [BrowserSelenium] (_parseElementOnXpath) -> //a[@href='/jbilling/config/index'] is used
14:38:11,557 INFO  [BrowserSelenium] EXIT --> (_parseElementOnXpath)
14:38:11,557 INFO  [BrowserSelenium] EXIT --> (_getByLocator)
14:38:11,583 INFO  [BrowserSelenium] ENTER --> (_getByLocator)
14:38:11,583 INFO  [BrowserSelenium] (_getByLocator) -> Getting locator for null
14:38:11,583 INFO  [BrowserSelenium] (_getByLocator) -> Locator info found for XPATH attribute as: //a[@href='/jbilling/config/index']
14:38:11,584 INFO  [BrowserSelenium] ENTER --> (_parseElementOnXpath)
14:38:11,584 INFO  [BrowserSelenium] (_parseElementOnXpath) -> //a[@href='/jbilling/config/index'] is used
14:38:11,584 INFO  [BrowserSelenium] EXIT --> (_parseElementOnXpath)
14:38:11,584 INFO  [BrowserSelenium] EXIT --> (_getByLocator)
14:38:11,612 INFO  [BrowserSelenium] ENTER --> (_getByLocator)
14:38:11,612 INFO  [BrowserSelenium] (_getByLocator) -> Getting locator for null
14:38:11,612 INFO  [BrowserSelenium] (_getByLocator) -> Locator info found for XPATH attribute as: //a[@href='/jbilling/config/index']
14:38:11,612 INFO  [BrowserSelenium] ENTER --> (_parseElementOnXpath)
14:38:11,613 INFO  [BrowserSelenium] (_parseElementOnXpath) -> //a[@href='/jbilling/config/index'] is used
14:38:11,613 INFO  [BrowserSelenium] EXIT --> (_parseElementOnXpath)
14:38:11,613 INFO  [BrowserSelenium] EXIT --> (_getByLocator)
14:38:11,641 INFO  [BrowserSelenium] ENTER --> (_getByLocator)
14:38:11,642 INFO  [BrowserSelenium] (_getByLocator) -> Getting locator for null
14:38:11,642 INFO  [BrowserSelenium] (_getByLocator) -> Locator info found for XPATH attribute as: //a[@href='/jbilling/config/index']
14:38:11,642 INFO  [BrowserSelenium] ENTER --> (_parseElementOnXpath)
14:38:11,642 INFO  [BrowserSelenium] (_parseElementOnXpath) -> //a[@href='/jbilling/config/index'] is used
14:38:11,642 INFO  [BrowserSelenium] EXIT --> (_parseElementOnXpath)
14:38:11,643 INFO  [BrowserSelenium] EXIT --> (_getByLocator)
14:38:11,668 INFO  [BrowserSelenium] ENTER --> (_getByLocator)
14:38:11,669 INFO  [BrowserSelenium] (_getByLocator) -> Getting locator for null
14:38:11,669 INFO  [BrowserSelenium] (_getByLocator) -> Locator info found for XPATH attribute as: //a[@href='/jbilling/config/index']
14:38:11,669 INFO  [BrowserSelenium] ENTER --> (_parseElementOnXpath)
14:38:11,669 INFO  [BrowserSelenium] (_parseElementOnXpath) -> //a[@href='/jbilling/config/index'] is used
14:38:11,669 INFO  [BrowserSelenium] EXIT --> (_parseElementOnXpath)
14:38:11,670 INFO  [BrowserSelenium] EXIT --> (_getByLocator)
14:38:11,695 INFO  [BrowserSelenium] ENTER --> (_getByLocator)
14:38:11,695 INFO  [BrowserSelenium] (_getByLocator) -> Getting locator for null
14:38:11,695 INFO  [BrowserSelenium] (_getByLocator) -> Locator info found for XPATH attribute as: //a[@href='/jbilling/config/index']
14:38:11,695 INFO  [BrowserSelenium] ENTER --> (_parseElementOnXpath)
14:38:11,695 INFO  [BrowserSelenium] (_parseElementOnXpath) -> //a[@href='/jbilling/config/index'] is used
14:38:11,696 INFO  [BrowserSelenium] EXIT --> (_parseElementOnXpath)
14:38:11,696 INFO  [BrowserSelenium] EXIT --> (_getByLocator)
14:38:11,720 INFO  [BrowserSelenium] ENTER --> (_getByLocator)
14:38:11,720 INFO  [BrowserSelenium] (_getByLocator) -> Getting locator for null
14:38:11,721 INFO  [BrowserSelenium] (_getByLocator) -> Locator info found for XPATH attribute as: //a[@href='/jbilling/config/index']
14:38:11,721 INFO  [BrowserSelenium] ENTER --> (_parseElementOnXpath)
14:38:11,721 INFO  [BrowserSelenium] (_parseElementOnXpath) -> //a[@href='/jbilling/config/index'] is used
14:38:11,721 INFO  [BrowserSelenium] EXIT --> (_parseElementOnXpath)
14:38:11,721 INFO  [BrowserSelenium] EXIT --> (_getByLocator)
14:38:11,747 INFO  [BrowserSelenium] ENTER --> (_getByLocator)
14:38:11,747 INFO  [BrowserSelenium] (_getByLocator) -> Getting locator for null
14:38:11,748 INFO  [BrowserSelenium] (_getByLocator) -> Locator info found for XPATH attribute as: //a[@href='/jbilling/config/index']
14:38:11,748 INFO  [BrowserSelenium] ENTER --> (_parseElementOnXpath)
14:38:11,748 INFO  [BrowserSelenium] (_parseElementOnXpath) -> //a[@href='/jbilling/config/index'] is used
14:38:11,748 INFO  [BrowserSelenium] EXIT --> (_parseElementOnXpath)
14:38:11,748 INFO  [BrowserSelenium] EXIT --> (_getByLocator)
14:38:11,773 INFO  [BrowserSelenium] ENTER --> (_getByLocator)
14:38:11,773 INFO  [BrowserSelenium] (_getByLocator) -> Getting locator for null
14:38:11,773 INFO  [BrowserSelenium] (_getByLocator) -> Locator info found for XPATH attribute as: //a[@href='/jbilling/config/index']
14:38:11,773 INFO  [BrowserSelenium] ENTER --> (_parseElementOnXpath)
14:38:11,774 INFO  [BrowserSelenium] (_parseElementOnXpath) -> //a[@href='/jbilling/config/index'] is used
14:38:11,774 INFO  [BrowserSelenium] EXIT --> (_parseElementOnXpath)
14:38:11,774 INFO  [BrowserSelenium] EXIT --> (_getByLocator)
14:38:11,798 INFO  [BrowserSelenium] ENTER --> (_getByLocator)
14:38:11,799 INFO  [BrowserSelenium] (_getByLocator) -> Getting locator for null
14:38:11,799 INFO  [BrowserSelenium] (_getByLocator) -> Locator info found for XPATH attribute as: //a[@href='/jbilling/config/index']
14:38:11,799 INFO  [BrowserSelenium] ENTER --> (_parseElementOnXpath)
14:38:11,799 INFO  [BrowserSelenium] (_parseElementOnXpath) -> //a[@href='/jbilling/config/index'] is used
14:38:11,799 INFO  [BrowserSelenium] EXIT --> (_parseElementOnXpath)
14:38:11,799 INFO  [BrowserSelenium] EXIT --> (_getByLocator)
14:38:11,825 INFO  [BrowserSelenium] ENTER --> (_getByLocator)
14:38:11,826 INFO  [BrowserSelenium] (_getByLocator) -> Getting locator for null
14:38:11,826 INFO  [BrowserSelenium] (_getByLocator) -> Locator info found for XPATH attribute as: //a[@href='/jbilling/config/index']
14:38:11,826 INFO  [BrowserSelenium] ENTER --> (_parseElementOnXpath)
14:38:11,826 INFO  [BrowserSelenium] (_parseElementOnXpath) -> //a[@href='/jbilling/config/index'] is used
14:38:11,827 INFO  [BrowserSelenium] EXIT --> (_parseElementOnXpath)
14:38:11,827 INFO  [BrowserSelenium] EXIT --> (_getByLocator)
14:38:11,858 INFO  [BrowserSelenium] ENTER --> (_getByLocator)
14:38:11,858 INFO  [BrowserSelenium] (_getByLocator) -> Getting locator for null
14:38:11,859 INFO  [BrowserSelenium] (_getByLocator) -> Locator info found for XPATH attribute as: //a[@href='/jbilling/config/index']
14:38:11,859 INFO  [BrowserSelenium] ENTER --> (_parseElementOnXpath)
14:38:11,859 INFO  [BrowserSelenium] (_parseElementOnXpath) -> //a[@href='/jbilling/config/index'] is used
14:38:11,859 INFO  [BrowserSelenium] EXIT --> (_parseElementOnXpath)
14:38:11,859 INFO  [BrowserSelenium] EXIT --> (_getByLocator)
14:38:11,886 INFO  [BrowserSelenium] ENTER --> (_getByLocator)
14:38:11,886 INFO  [BrowserSelenium] (_getByLocator) -> Getting locator for null
14:38:11,887 INFO  [BrowserSelenium] (_getByLocator) -> Locator info found for XPATH attribute as: //a[@href='/jbilling/config/index']
14:38:11,887 INFO  [BrowserSelenium] ENTER --> (_parseElementOnXpath)
14:38:11,887 INFO  [BrowserSelenium] (_parseElementOnXpath) -> //a[@href='/jbilling/config/index'] is used
14:38:11,887 INFO  [BrowserSelenium] EXIT --> (_parseElementOnXpath)
14:38:11,888 INFO  [BrowserSelenium] EXIT --> (_getByLocator)
14:38:11,915 INFO  [BrowserSelenium] ENTER --> (_getByLocator)
14:38:11,915 INFO  [BrowserSelenium] (_getByLocator) -> Getting locator for null
14:38:11,916 INFO  [BrowserSelenium] (_getByLocator) -> Locator info found for XPATH attribute as: //a[@href='/jbilling/config/index']
14:38:11,916 INFO  [BrowserSelenium] ENTER --> (_parseElementOnXpath)
14:38:11,916 INFO  [BrowserSelenium] (_parseElementOnXpath) -> //a[@href='/jbilling/config/index'] is used
14:38:11,916 INFO  [BrowserSelenium] EXIT --> (_parseElementOnXpath)
14:38:11,916 INFO  [BrowserSelenium] EXIT --> (_getByLocator)
14:38:11,941 INFO  [BrowserSelenium] ENTER --> (_getByLocator)
14:38:11,941 INFO  [BrowserSelenium] (_getByLocator) -> Getting locator for null
14:38:11,942 INFO  [BrowserSelenium] (_getByLocator) -> Locator info found for XPATH attribute as: //a[@href='/jbilling/config/index']
14:38:11,942 INFO  [BrowserSelenium] ENTER --> (_parseElementOnXpath)
14:38:11,942 INFO  [BrowserSelenium] (_parseElementOnXpath) -> //a[@href='/jbilling/config/index'] is used
14:38:11,942 INFO  [BrowserSelenium] EXIT --> (_parseElementOnXpath)
14:38:11,942 INFO  [BrowserSelenium] EXIT --> (_getByLocator)
14:38:11,968 INFO  [BrowserSelenium] ENTER --> (_getByLocator)
14:38:11,968 INFO  [BrowserSelenium] (_getByLocator) -> Getting locator for null
14:38:11,969 INFO  [BrowserSelenium] (_getByLocator) -> Locator info found for XPATH attribute as: //a[@href='/jbilling/config/index']
14:38:11,969 INFO  [BrowserSelenium] ENTER --> (_parseElementOnXpath)
14:38:11,969 INFO  [BrowserSelenium] (_parseElementOnXpath) -> //a[@href='/jbilling/config/index'] is used
14:38:11,969 INFO  [BrowserSelenium] EXIT --> (_parseElementOnXpath)
14:38:11,969 INFO  [BrowserSelenium] EXIT --> (_getByLocator)
14:38:11,993 INFO  [BrowserSelenium] ENTER --> (_getByLocator)
14:38:11,993 INFO  [BrowserSelenium] (_getByLocator) -> Getting locator for null
14:38:11,993 INFO  [BrowserSelenium] (_getByLocator) -> Locator info found for XPATH attribute as: //a[@href='/jbilling/config/index']
14:38:11,993 INFO  [BrowserSelenium] ENTER --> (_parseElementOnXpath)
14:38:11,993 INFO  [BrowserSelenium] (_parseElementOnXpath) -> //a[@href='/jbilling/config/index'] is used
14:38:11,994 INFO  [BrowserSelenium] EXIT --> (_parseElementOnXpath)
14:38:11,994 INFO  [BrowserSelenium] EXIT --> (_getByLocator)
14:38:12,017 INFO  [BrowserSelenium] ENTER --> (_getByLocator)
14:38:12,017 INFO  [BrowserSelenium] (_getByLocator) -> Getting locator for null
14:38:12,017 INFO  [BrowserSelenium] (_getByLocator) -> Locator info found for XPATH attribute as: //a[@href='/jbilling/config/index']
14:38:12,017 INFO  [BrowserSelenium] ENTER --> (_parseElementOnXpath)
14:38:12,017 INFO  [BrowserSelenium] (_parseElementOnXpath) -> //a[@href='/jbilling/config/index'] is used
14:38:12,018 INFO  [BrowserSelenium] EXIT --> (_parseElementOnXpath)
14:38:12,018 INFO  [BrowserSelenium] EXIT --> (_getByLocator)
14:38:12,047 INFO  [BrowserSelenium] ENTER --> (_getByLocator)
14:38:12,047 INFO  [BrowserSelenium] (_getByLocator) -> Getting locator for null
14:38:12,047 INFO  [BrowserSelenium] (_getByLocator) -> Locator info found for XPATH attribute as: //a[@href='/jbilling/config/index']
14:38:12,047 INFO  [BrowserSelenium] ENTER --> (_parseElementOnXpath)
14:38:12,047 INFO  [BrowserSelenium] (_parseElementOnXpath) -> //a[@href='/jbilling/config/index'] is used
14:38:12,048 INFO  [BrowserSelenium] EXIT --> (_parseElementOnXpath)
14:38:12,048 INFO  [BrowserSelenium] EXIT --> (_getByLocator)
14:38:12,074 INFO  [BrowserSelenium] ENTER --> (_getByLocator)
14:38:12,074 INFO  [BrowserSelenium] (_getByLocator) -> Getting locator for null
14:38:12,074 INFO  [BrowserSelenium] (_getByLocator) -> Locator info found for XPATH attribute as: //a[@href='/jbilling/config/index']
14:38:12,074 INFO  [BrowserSelenium] ENTER --> (_parseElementOnXpath)
14:38:12,074 INFO  [BrowserSelenium] (_parseElementOnXpath) -> //a[@href='/jbilling/config/index'] is used
14:38:12,074 INFO  [BrowserSelenium] EXIT --> (_parseElementOnXpath)
14:38:12,075 INFO  [BrowserSelenium] EXIT --> (_getByLocator)
14:38:12,094 INFO  [BrowserSelenium] ENTER --> (_getByLocator)
14:38:12,095 INFO  [BrowserSelenium] (_getByLocator) -> Getting locator for null
14:38:12,095 INFO  [BrowserSelenium] (_getByLocator) -> Locator info found for XPATH attribute as: //a[@href='/jbilling/config/index']
14:38:12,095 INFO  [BrowserSelenium] ENTER --> (_parseElementOnXpath)
14:38:12,095 INFO  [BrowserSelenium] (_parseElementOnXpath) -> //a[@href='/jbilling/config/index'] is used
14:38:12,095 INFO  [BrowserSelenium] EXIT --> (_parseElementOnXpath)
14:38:12,095 INFO  [BrowserSelenium] EXIT --> (_getByLocator)
14:38:12,117 INFO  [BrowserSelenium] ENTER --> (_getByLocator)
14:38:12,117 INFO  [BrowserSelenium] (_getByLocator) -> Getting locator for null
14:38:12,118 INFO  [BrowserSelenium] (_getByLocator) -> Locator info found for XPATH attribute as: //a[@href='/jbilling/config/index']
14:38:12,118 INFO  [BrowserSelenium] ENTER --> (_parseElementOnXpath)
14:38:12,118 INFO  [BrowserSelenium] (_parseElementOnXpath) -> //a[@href='/jbilling/config/index'] is used
14:38:12,118 INFO  [BrowserSelenium] EXIT --> (_parseElementOnXpath)
14:38:12,118 INFO  [BrowserSelenium] EXIT --> (_getByLocator)
14:38:12,135 INFO  [BrowserSelenium] ENTER --> (_getByLocator)
14:38:12,135 INFO  [BrowserSelenium] (_getByLocator) -> Getting locator for null
14:38:12,135 INFO  [BrowserSelenium] (_getByLocator) -> Locator info found for XPATH attribute as: //a[@href='/jbilling/config/index']
14:38:12,135 INFO  [BrowserSelenium] ENTER --> (_parseElementOnXpath)
14:38:12,136 INFO  [BrowserSelenium] (_parseElementOnXpath) -> //a[@href='/jbilling/config/index'] is used
14:38:12,136 INFO  [BrowserSelenium] EXIT --> (_parseElementOnXpath)
14:38:12,136 INFO  [BrowserSelenium] EXIT --> (_getByLocator)
14:38:12,152 INFO  [BrowserSelenium] ENTER --> (_getByLocator)
14:38:12,153 INFO  [BrowserSelenium] (_getByLocator) -> Getting locator for null
14:38:12,153 INFO  [BrowserSelenium] (_getByLocator) -> Locator info found for XPATH attribute as: //a[@href='/jbilling/config/index']
14:38:12,153 INFO  [BrowserSelenium] ENTER --> (_parseElementOnXpath)
14:38:12,153 INFO  [BrowserSelenium] (_parseElementOnXpath) -> //a[@href='/jbilling/config/index'] is used
14:38:12,153 INFO  [BrowserSelenium] EXIT --> (_parseElementOnXpath)
14:38:12,153 INFO  [BrowserSelenium] EXIT --> (_getByLocator)
14:38:12,170 INFO  [BrowserSelenium] ENTER --> (_getByLocator)
14:38:12,171 INFO  [BrowserSelenium] (_getByLocator) -> Getting locator for null
14:38:12,171 INFO  [BrowserSelenium] (_getByLocator) -> Locator info found for XPATH attribute as: //a[@href='/jbilling/config/index']
14:38:12,171 INFO  [BrowserSelenium] ENTER --> (_parseElementOnXpath)
14:38:12,171 INFO  [BrowserSelenium] (_parseElementOnXpath) -> //a[@href='/jbilling/config/index'] is used
14:38:12,171 INFO  [BrowserSelenium] EXIT --> (_parseElementOnXpath)
14:38:12,171 INFO  [BrowserSelenium] EXIT --> (_getByLocator)
14:38:12,190 INFO  [BrowserSelenium] ENTER --> (_getByLocator)
14:38:12,191 INFO  [BrowserSelenium] (_getByLocator) -> Getting locator for null
14:38:12,191 INFO  [BrowserSelenium] (_getByLocator) -> Locator info found for XPATH attribute as: //a[@href='/jbilling/config/index']
14:38:12,191 INFO  [BrowserSelenium] ENTER --> (_parseElementOnXpath)
14:38:12,191 INFO  [BrowserSelenium] (_parseElementOnXpath) -> //a[@href='/jbilling/config/index'] is used
14:38:12,191 INFO  [BrowserSelenium] EXIT --> (_parseElementOnXpath)
14:38:12,191 INFO  [BrowserSelenium] EXIT --> (_getByLocator)
14:38:12,208 INFO  [BrowserSelenium] ENTER --> (_getByLocator)
14:38:12,208 INFO  [BrowserSelenium] (_getByLocator) -> Getting locator for null
14:38:12,208 INFO  [BrowserSelenium] (_getByLocator) -> Locator info found for XPATH attribute as: //a[@href='/jbilling/config/index']
14:38:12,208 INFO  [BrowserSelenium] ENTER --> (_parseElementOnXpath)
14:38:12,208 INFO  [BrowserSelenium] (_parseElementOnXpath) -> //a[@href='/jbilling/config/index'] is used
14:38:12,208 INFO  [BrowserSelenium] EXIT --> (_parseElementOnXpath)
14:38:12,209 INFO  [BrowserSelenium] EXIT --> (_getByLocator)
14:38:12,231 INFO  [BrowserSelenium] ENTER --> (_getByLocator)
14:38:12,231 INFO  [BrowserSelenium] (_getByLocator) -> Getting locator for null
14:38:12,231 INFO  [BrowserSelenium] (_getByLocator) -> Locator info found for XPATH attribute as: //a[@href='/jbilling/config/index']
14:38:12,231 INFO  [BrowserSelenium] ENTER --> (_parseElementOnXpath)
14:38:12,232 INFO  [BrowserSelenium] (_parseElementOnXpath) -> //a[@href='/jbilling/config/index'] is used
14:38:12,232 INFO  [BrowserSelenium] EXIT --> (_parseElementOnXpath)
14:38:12,232 INFO  [BrowserSelenium] EXIT --> (_getByLocator)
14:38:12,248 INFO  [BrowserSelenium] ENTER --> (_getByLocator)
14:38:12,249 INFO  [BrowserSelenium] (_getByLocator) -> Getting locator for null
14:38:12,249 INFO  [BrowserSelenium] (_getByLocator) -> Locator info found for XPATH attribute as: //a[@href='/jbilling/config/index']
14:38:12,249 INFO  [BrowserSelenium] ENTER --> (_parseElementOnXpath)
14:38:12,249 INFO  [BrowserSelenium] (_parseElementOnXpath) -> //a[@href='/jbilling/config/index'] is used
14:38:12,249 INFO  [BrowserSelenium] EXIT --> (_parseElementOnXpath)
14:38:12,249 INFO  [BrowserSelenium] EXIT --> (_getByLocator)
14:38:12,266 INFO  [BrowserSelenium] ENTER --> (_getByLocator)
14:38:12,266 INFO  [BrowserSelenium] (_getByLocator) -> Getting locator for null
14:38:12,266 INFO  [BrowserSelenium] (_getByLocator) -> Locator info found for XPATH attribute as: //a[@href='/jbilling/config/index']
14:38:12,266 INFO  [BrowserSelenium] ENTER --> (_parseElementOnXpath)
14:38:12,266 INFO  [BrowserSelenium] (_parseElementOnXpath) -> //a[@href='/jbilling/config/index'] is used
14:38:12,267 INFO  [BrowserSelenium] EXIT --> (_parseElementOnXpath)
14:38:12,267 INFO  [BrowserSelenium] EXIT --> (_getByLocator)
14:38:12,284 INFO  [BrowserSelenium] ENTER --> (_getByLocator)
14:38:12,284 INFO  [BrowserSelenium] (_getByLocator) -> Getting locator for null
14:38:12,284 INFO  [BrowserSelenium] (_getByLocator) -> Locator info found for XPATH attribute as: //a[@href='/jbilling/config/index']
14:38:12,284 INFO  [BrowserSelenium] ENTER --> (_parseElementOnXpath)
14:38:12,284 INFO  [BrowserSelenium] (_parseElementOnXpath) -> //a[@href='/jbilling/config/index'] is used
14:38:12,284 INFO  [BrowserSelenium] EXIT --> (_parseElementOnXpath)
14:38:12,284 INFO  [BrowserSelenium] EXIT --> (_getByLocator)
14:38:12,303 INFO  [BrowserSelenium] ENTER --> (_getByLocator)
14:38:12,304 INFO  [BrowserSelenium] (_getByLocator) -> Getting locator for null
14:38:12,304 INFO  [BrowserSelenium] (_getByLocator) -> Locator info found for XPATH attribute as: //a[@href='/jbilling/config/index']
14:38:12,304 INFO  [BrowserSelenium] ENTER --> (_parseElementOnXpath)
14:38:12,304 INFO  [BrowserSelenium] (_parseElementOnXpath) -> //a[@href='/jbilling/config/index'] is used
14:38:12,304 INFO  [BrowserSelenium] EXIT --> (_parseElementOnXpath)
14:38:12,305 INFO  [BrowserSelenium] EXIT --> (_getByLocator)
14:38:12,322 INFO  [BrowserSelenium] ENTER --> (_getByLocator)
14:38:12,323 INFO  [BrowserSelenium] (_getByLocator) -> Getting locator for null
14:38:12,323 INFO  [BrowserSelenium] (_getByLocator) -> Locator info found for XPATH attribute as: //a[@href='/jbilling/config/index']
14:38:12,323 INFO  [BrowserSelenium] ENTER --> (_parseElementOnXpath)
14:38:12,323 INFO  [BrowserSelenium] (_parseElementOnXpath) -> //a[@href='/jbilling/config/index'] is used
14:38:12,323 INFO  [BrowserSelenium] EXIT --> (_parseElementOnXpath)
14:38:12,323 INFO  [BrowserSelenium] EXIT --> (_getByLocator)
14:38:12,343 INFO  [BrowserSelenium] ENTER --> (_getByLocator)
14:38:12,344 INFO  [BrowserSelenium] (_getByLocator) -> Getting locator for null
14:38:12,344 INFO  [BrowserSelenium] (_getByLocator) -> Locator info found for XPATH attribute as: //a[@href='/jbilling/config/index']
14:38:12,344 INFO  [BrowserSelenium] ENTER --> (_parseElementOnXpath)
14:38:12,344 INFO  [BrowserSelenium] (_parseElementOnXpath) -> //a[@href='/jbilling/config/index'] is used
14:38:12,344 INFO  [BrowserSelenium] EXIT --> (_parseElementOnXpath)
14:38:12,344 INFO  [BrowserSelenium] EXIT --> (_getByLocator)
14:38:12,365 INFO  [BrowserSelenium] ENTER --> (_getByLocator)
14:38:12,365 INFO  [BrowserSelenium] (_getByLocator) -> Getting locator for null
14:38:12,365 INFO  [BrowserSelenium] (_getByLocator) -> Locator info found for XPATH attribute as: //a[@href='/jbilling/config/index']
14:38:12,365 INFO  [BrowserSelenium] ENTER --> (_parseElementOnXpath)
14:38:12,366 INFO  [BrowserSelenium] (_parseElementOnXpath) -> //a[@href='/jbilling/config/index'] is used
14:38:12,366 INFO  [BrowserSelenium] EXIT --> (_parseElementOnXpath)
14:38:12,366 INFO  [BrowserSelenium] EXIT --> (_getByLocator)
14:38:12,385 INFO  [BrowserSelenium] ENTER --> (_getByLocator)
14:38:12,385 INFO  [BrowserSelenium] (_getByLocator) -> Getting locator for null
14:38:12,385 INFO  [BrowserSelenium] (_getByLocator) -> Locator info found for XPATH attribute as: //a[@href='/jbilling/config/index']
14:38:12,385 INFO  [BrowserSelenium] ENTER --> (_parseElementOnXpath)
14:38:12,385 INFO  [BrowserSelenium] (_parseElementOnXpath) -> //a[@href='/jbilling/config/index'] is used
14:38:12,385 INFO  [BrowserSelenium] EXIT --> (_parseElementOnXpath)
14:38:12,385 INFO  [BrowserSelenium] EXIT --> (_getByLocator)
14:38:12,403 INFO  [BrowserSelenium] ENTER --> (_getByLocator)
14:38:12,404 INFO  [BrowserSelenium] (_getByLocator) -> Getting locator for null
14:38:12,404 INFO  [BrowserSelenium] (_getByLocator) -> Locator info found for XPATH attribute as: //a[@href='/jbilling/config/index']
14:38:12,404 INFO  [BrowserSelenium] ENTER --> (_parseElementOnXpath)
14:38:12,404 INFO  [BrowserSelenium] (_parseElementOnXpath) -> //a[@href='/jbilling/config/index'] is used
14:38:12,404 INFO  [BrowserSelenium] EXIT --> (_parseElementOnXpath)
14:38:12,404 INFO  [BrowserSelenium] EXIT --> (_getByLocator)
14:38:12,425 INFO  [BrowserSelenium] ENTER --> (_getByLocator)
14:38:12,425 INFO  [BrowserSelenium] (_getByLocator) -> Getting locator for null
14:38:12,425 INFO  [BrowserSelenium] (_getByLocator) -> Locator info found for XPATH attribute as: //a[@href='/jbilling/config/index']
14:38:12,425 INFO  [BrowserSelenium] ENTER --> (_parseElementOnXpath)
14:38:12,425 INFO  [BrowserSelenium] (_parseElementOnXpath) -> //a[@href='/jbilling/config/index'] is used
14:38:12,425 INFO  [BrowserSelenium] EXIT --> (_parseElementOnXpath)
14:38:12,425 INFO  [BrowserSelenium] EXIT --> (_getByLocator)
14:38:12,445 INFO  [BrowserSelenium] ENTER --> (_getByLocator)
14:38:12,446 INFO  [BrowserSelenium] (_getByLocator) -> Getting locator for null
14:38:12,446 INFO  [BrowserSelenium] (_getByLocator) -> Locator info found for XPATH attribute as: //a[@href='/jbilling/config/index']
14:38:12,446 INFO  [BrowserSelenium] ENTER --> (_parseElementOnXpath)
14:38:12,446 INFO  [BrowserSelenium] (_parseElementOnXpath) -> //a[@href='/jbilling/config/index'] is used
14:38:12,446 INFO  [BrowserSelenium] EXIT --> (_parseElementOnXpath)
14:38:12,446 INFO  [BrowserSelenium] EXIT --> (_getByLocator)
14:38:12,465 INFO  [BrowserSelenium] ENTER --> (_getByLocator)
14:38:12,465 INFO  [BrowserSelenium] (_getByLocator) -> Getting locator for null
14:38:12,465 INFO  [BrowserSelenium] (_getByLocator) -> Locator info found for XPATH attribute as: //a[@href='/jbilling/config/index']
14:38:12,465 INFO  [BrowserSelenium] ENTER --> (_parseElementOnXpath)
14:38:12,465 INFO  [BrowserSelenium] (_parseElementOnXpath) -> //a[@href='/jbilling/config/index'] is used
14:38:12,465 INFO  [BrowserSelenium] EXIT --> (_parseElementOnXpath)
14:38:12,465 INFO  [BrowserSelenium] EXIT --> (_getByLocator)
14:38:12,482 INFO  [BrowserSelenium] ENTER --> (_getByLocator)
14:38:12,482 INFO  [BrowserSelenium] (_getByLocator) -> Getting locator for null
14:38:12,482 INFO  [BrowserSelenium] (_getByLocator) -> Locator info found for XPATH attribute as: //a[@href='/jbilling/config/index']
14:38:12,482 INFO  [BrowserSelenium] ENTER --> (_parseElementOnXpath)
14:38:12,483 INFO  [BrowserSelenium] (_parseElementOnXpath) -> //a[@href='/jbilling/config/index'] is used
14:38:12,483 INFO  [BrowserSelenium] EXIT --> (_parseElementOnXpath)
14:38:12,483 INFO  [BrowserSelenium] EXIT --> (_getByLocator)
14:38:12,499 INFO  [BrowserSelenium] ENTER --> (_getByLocator)
14:38:12,499 INFO  [BrowserSelenium] (_getByLocator) -> Getting locator for null
14:38:12,500 INFO  [BrowserSelenium] (_getByLocator) -> Locator info found for XPATH attribute as: //a[@href='/jbilling/config/index']
14:38:12,500 INFO  [BrowserSelenium] ENTER --> (_parseElementOnXpath)
14:38:12,500 INFO  [BrowserSelenium] (_parseElementOnXpath) -> //a[@href='/jbilling/config/index'] is used
14:38:12,500 INFO  [BrowserSelenium] EXIT --> (_parseElementOnXpath)
14:38:12,500 INFO  [BrowserSelenium] EXIT --> (_getByLocator)
14:38:12,522 INFO  [BrowserSelenium] ENTER --> (_getByLocator)
14:38:12,522 INFO  [BrowserSelenium] (_getByLocator) -> Getting locator for null
14:38:12,522 INFO  [BrowserSelenium] (_getByLocator) -> Locator info found for XPATH attribute as: //a[@href='/jbilling/config/index']
14:38:12,522 INFO  [BrowserSelenium] ENTER --> (_parseElementOnXpath)
14:38:12,522 INFO  [BrowserSelenium] (_parseElementOnXpath) -> //a[@href='/jbilling/config/index'] is used
14:38:12,523 INFO  [BrowserSelenium] EXIT --> (_parseElementOnXpath)
14:38:12,523 INFO  [BrowserSelenium] EXIT --> (_getByLocator)
14:38:12,541 INFO  [BrowserSelenium] ENTER --> (_getByLocator)
14:38:12,541 INFO  [BrowserSelenium] (_getByLocator) -> Getting locator for null
14:38:12,542 INFO  [BrowserSelenium] (_getByLocator) -> Locator info found for XPATH attribute as: //a[@href='/jbilling/config/index']
14:38:12,542 INFO  [BrowserSelenium] ENTER --> (_parseElementOnXpath)
14:38:12,542 INFO  [BrowserSelenium] (_parseElementOnXpath) -> //a[@href='/jbilling/config/index'] is used
14:38:12,542 INFO  [BrowserSelenium] EXIT --> (_parseElementOnXpath)
14:38:12,542 INFO  [BrowserSelenium] EXIT --> (_getByLocator)
14:38:12,558 INFO  [BrowserSelenium] ENTER --> (_getByLocator)
14:38:12,559 INFO  [BrowserSelenium] (_getByLocator) -> Getting locator for null
14:38:12,559 INFO  [BrowserSelenium] (_getByLocator) -> Locator info found for XPATH attribute as: //a[@href='/jbilling/config/index']
14:38:12,559 INFO  [BrowserSelenium] ENTER --> (_parseElementOnXpath)
14:38:12,559 INFO  [BrowserSelenium] (_parseElementOnXpath) -> //a[@href='/jbilling/config/index'] is used
14:38:12,559 INFO  [BrowserSelenium] EXIT --> (_parseElementOnXpath)
14:38:12,559 INFO  [BrowserSelenium] EXIT --> (_getByLocator)
14:38:12,581 INFO  [BrowserSelenium] ENTER --> (_getByLocator)
14:38:12,581 INFO  [BrowserSelenium] (_getByLocator) -> Getting locator for null
14:38:12,582 INFO  [BrowserSelenium] (_getByLocator) -> Locator info found for XPATH attribute as: //a[@href='/jbilling/config/index']
14:38:12,582 INFO  [BrowserSelenium] ENTER --> (_parseElementOnXpath)
14:38:12,582 INFO  [BrowserSelenium] (_parseElementOnXpath) -> //a[@href='/jbilling/config/index'] is used
14:38:12,582 INFO  [BrowserSelenium] EXIT --> (_parseElementOnXpath)
14:38:12,582 INFO  [BrowserSelenium] EXIT --> (_getByLocator)
14:38:12,601 INFO  [BrowserSelenium] ENTER --> (_getByLocator)
14:38:12,601 INFO  [BrowserSelenium] (_getByLocator) -> Getting locator for null
14:38:12,601 INFO  [BrowserSelenium] (_getByLocator) -> Locator info found for XPATH attribute as: //a[@href='/jbilling/config/index']
14:38:12,601 INFO  [BrowserSelenium] ENTER --> (_parseElementOnXpath)
14:38:12,601 INFO  [BrowserSelenium] (_parseElementOnXpath) -> //a[@href='/jbilling/config/index'] is used
14:38:12,602 INFO  [BrowserSelenium] EXIT --> (_parseElementOnXpath)
14:38:12,602 INFO  [BrowserSelenium] EXIT --> (_getByLocator)
14:38:12,622 INFO  [BrowserSelenium] ENTER --> (_getByLocator)
14:38:12,623 INFO  [BrowserSelenium] (_getByLocator) -> Getting locator for null
14:38:12,623 INFO  [BrowserSelenium] (_getByLocator) -> Locator info found for XPATH attribute as: //a[@href='/jbilling/config/index']
14:38:12,623 INFO  [BrowserSelenium] ENTER --> (_parseElementOnXpath)
14:38:12,623 INFO  [BrowserSelenium] (_parseElementOnXpath) -> //a[@href='/jbilling/config/index'] is used
14:38:12,623 INFO  [BrowserSelenium] EXIT --> (_parseElementOnXpath)
14:38:12,623 INFO  [BrowserSelenium] EXIT --> (_getByLocator)
14:38:12,641 INFO  [BrowserSelenium] ENTER --> (_getByLocator)
14:38:12,641 INFO  [BrowserSelenium] (_getByLocator) -> Getting locator for null
14:38:12,641 INFO  [BrowserSelenium] (_getByLocator) -> Locator info found for XPATH attribute as: //a[@href='/jbilling/config/index']
14:38:12,642 INFO  [BrowserSelenium] ENTER --> (_parseElementOnXpath)
14:38:12,642 INFO  [BrowserSelenium] (_parseElementOnXpath) -> //a[@href='/jbilling/config/index'] is used
14:38:12,642 INFO  [BrowserSelenium] EXIT --> (_parseElementOnXpath)
14:38:12,642 INFO  [BrowserSelenium] EXIT --> (_getByLocator)
14:38:12,661 INFO  [BrowserSelenium] ENTER --> (_getByLocator)
14:38:12,662 INFO  [BrowserSelenium] (_getByLocator) -> Getting locator for null
14:38:12,662 INFO  [BrowserSelenium] (_getByLocator) -> Locator info found for XPATH attribute as: //a[@href='/jbilling/config/index']
14:38:12,662 INFO  [BrowserSelenium] ENTER --> (_parseElementOnXpath)
14:38:12,662 INFO  [BrowserSelenium] (_parseElementOnXpath) -> //a[@href='/jbilling/config/index'] is used
14:38:12,662 INFO  [BrowserSelenium] EXIT --> (_parseElementOnXpath)
14:38:12,662 INFO  [BrowserSelenium] EXIT --> (_getByLocator)
14:38:12,683 INFO  [BrowserSelenium] ENTER --> (_getByLocator)
14:38:12,683 INFO  [BrowserSelenium] (_getByLocator) -> Getting locator for null
14:38:12,684 INFO  [BrowserSelenium] (_getByLocator) -> Locator info found for XPATH attribute as: //a[@href='/jbilling/config/index']
14:38:12,684 INFO  [BrowserSelenium] ENTER --> (_parseElementOnXpath)
14:38:12,684 INFO  [BrowserSelenium] (_parseElementOnXpath) -> //a[@href='/jbilling/config/index'] is used
14:38:12,684 INFO  [BrowserSelenium] EXIT --> (_parseElementOnXpath)
14:38:12,684 INFO  [BrowserSelenium] EXIT --> (_getByLocator)
14:38:12,704 INFO  [BrowserSelenium] ENTER --> (_getByLocator)
14:38:12,704 INFO  [BrowserSelenium] (_getByLocator) -> Getting locator for null
14:38:12,704 INFO  [BrowserSelenium] (_getByLocator) -> Locator info found for XPATH attribute as: //a[@href='/jbilling/config/index']
14:38:12,704 INFO  [BrowserSelenium] ENTER --> (_parseElementOnXpath)
14:38:12,704 INFO  [BrowserSelenium] (_parseElementOnXpath) -> //a[@href='/jbilling/config/index'] is used
14:38:12,704 INFO  [BrowserSelenium] EXIT --> (_parseElementOnXpath)
14:38:12,704 INFO  [BrowserSelenium] EXIT --> (_getByLocator)
14:38:12,723 INFO  [BrowserSelenium] ENTER --> (_getByLocator)
14:38:12,724 INFO  [BrowserSelenium] (_getByLocator) -> Getting locator for null
14:38:12,724 INFO  [BrowserSelenium] (_getByLocator) -> Locator info found for XPATH attribute as: //a[@href='/jbilling/config/index']
14:38:12,724 INFO  [BrowserSelenium] ENTER --> (_parseElementOnXpath)
14:38:12,724 INFO  [BrowserSelenium] (_parseElementOnXpath) -> //a[@href='/jbilling/config/index'] is used
14:38:12,724 INFO  [BrowserSelenium] EXIT --> (_parseElementOnXpath)
14:38:12,724 INFO  [BrowserSelenium] EXIT --> (_getByLocator)
14:38:12,743 INFO  [BrowserSelenium] ENTER --> (_getByLocator)
14:38:12,743 INFO  [BrowserSelenium] (_getByLocator) -> Getting locator for null
14:38:12,743 INFO  [BrowserSelenium] (_getByLocator) -> Locator info found for XPATH attribute as: //a[@href='/jbilling/config/index']
14:38:12,744 INFO  [BrowserSelenium] ENTER --> (_parseElementOnXpath)
14:38:12,744 INFO  [BrowserSelenium] (_parseElementOnXpath) -> //a[@href='/jbilling/config/index'] is used
14:38:12,744 INFO  [BrowserSelenium] EXIT --> (_parseElementOnXpath)
14:38:12,744 INFO  [BrowserSelenium] EXIT --> (_getByLocator)
14:38:12,763 INFO  [BrowserSelenium] ENTER --> (_getByLocator)
14:38:12,763 INFO  [BrowserSelenium] (_getByLocator) -> Getting locator for null
14:38:12,763 INFO  [BrowserSelenium] (_getByLocator) -> Locator info found for XPATH attribute as: //a[@href='/jbilling/config/index']
14:38:12,763 INFO  [BrowserSelenium] ENTER --> (_parseElementOnXpath)
14:38:12,764 INFO  [BrowserSelenium] (_parseElementOnXpath) -> //a[@href='/jbilling/config/index'] is used
14:38:12,764 INFO  [BrowserSelenium] EXIT --> (_parseElementOnXpath)
14:38:12,764 INFO  [BrowserSelenium] EXIT --> (_getByLocator)
14:38:12,783 INFO  [BrowserSelenium] ENTER --> (_getByLocator)
14:38:12,783 INFO  [BrowserSelenium] (_getByLocator) -> Getting locator for null
14:38:12,783 INFO  [BrowserSelenium] (_getByLocator) -> Locator info found for XPATH attribute as: //a[@href='/jbilling/config/index']
14:38:12,783 INFO  [BrowserSelenium] ENTER --> (_parseElementOnXpath)
14:38:12,783 INFO  [BrowserSelenium] (_parseElementOnXpath) -> //a[@href='/jbilling/config/index'] is used
14:38:12,784 INFO  [BrowserSelenium] EXIT --> (_parseElementOnXpath)
14:38:12,784 INFO  [BrowserSelenium] EXIT --> (_getByLocator)
14:38:12,800 INFO  [BrowserSelenium] ENTER --> (_getByLocator)
14:38:12,800 INFO  [BrowserSelenium] (_getByLocator) -> Getting locator for null
14:38:12,801 INFO  [BrowserSelenium] (_getByLocator) -> Locator info found for XPATH attribute as: //a[@href='/jbilling/config/index']
14:38:12,801 INFO  [BrowserSelenium] ENTER --> (_parseElementOnXpath)
14:38:12,801 INFO  [BrowserSelenium] (_parseElementOnXpath) -> //a[@href='/jbilling/config/index'] is used
14:38:12,801 INFO  [BrowserSelenium] EXIT --> (_parseElementOnXpath)
14:38:12,801 INFO  [BrowserSelenium] EXIT --> (_getByLocator)
14:38:12,819 INFO  [BrowserSelenium] ENTER --> (_getByLocator)
14:38:12,819 INFO  [BrowserSelenium] (_getByLocator) -> Getting locator for null
14:38:12,819 INFO  [BrowserSelenium] (_getByLocator) -> Locator info found for XPATH attribute as: //a[@href='/jbilling/config/index']
14:38:12,819 INFO  [BrowserSelenium] ENTER --> (_parseElementOnXpath)
14:38:12,820 INFO  [BrowserSelenium] (_parseElementOnXpath) -> //a[@href='/jbilling/config/index'] is used
14:38:12,820 INFO  [BrowserSelenium] EXIT --> (_parseElementOnXpath)
14:38:12,820 INFO  [BrowserSelenium] EXIT --> (_getByLocator)
14:38:12,836 INFO  [BrowserSelenium] ENTER --> (_getByLocator)
14:38:12,837 INFO  [BrowserSelenium] (_getByLocator) -> Getting locator for null
14:38:12,837 INFO  [BrowserSelenium] (_getByLocator) -> Locator info found for XPATH attribute as: //a[@href='/jbilling/config/index']
14:38:12,837 INFO  [BrowserSelenium] ENTER --> (_parseElementOnXpath)
14:38:12,837 INFO  [BrowserSelenium] (_parseElementOnXpath) -> //a[@href='/jbilling/config/index'] is used
14:38:12,837 INFO  [BrowserSelenium] EXIT --> (_parseElementOnXpath)
14:38:12,837 INFO  [BrowserSelenium] EXIT --> (_getByLocator)
14:38:12,855 INFO  [BrowserSelenium] ENTER --> (_getByLocator)
14:38:12,856 INFO  [BrowserSelenium] (_getByLocator) -> Getting locator for null
14:38:12,856 INFO  [BrowserSelenium] (_getByLocator) -> Locator info found for XPATH attribute as: //a[@href='/jbilling/config/index']
14:38:12,856 INFO  [BrowserSelenium] ENTER --> (_parseElementOnXpath)
14:38:12,856 INFO  [BrowserSelenium] (_parseElementOnXpath) -> //a[@href='/jbilling/config/index'] is used
14:38:12,856 INFO  [BrowserSelenium] EXIT --> (_parseElementOnXpath)
14:38:12,856 INFO  [BrowserSelenium] EXIT --> (_getByLocator)
14:38:12,876 INFO  [BrowserSelenium] ENTER --> (_getByLocator)
14:38:12,876 INFO  [BrowserSelenium] (_getByLocator) -> Getting locator for null
14:38:12,876 INFO  [BrowserSelenium] (_getByLocator) -> Locator info found for XPATH attribute as: //a[@href='/jbilling/config/index']
14:38:12,876 INFO  [BrowserSelenium] ENTER --> (_parseElementOnXpath)
14:38:12,876 INFO  [BrowserSelenium] (_parseElementOnXpath) -> //a[@href='/jbilling/config/index'] is used
14:38:12,876 INFO  [BrowserSelenium] EXIT --> (_parseElementOnXpath)
14:38:12,876 INFO  [BrowserSelenium] EXIT --> (_getByLocator)
14:38:12,895 INFO  [BrowserSelenium] ENTER --> (_getByLocator)
14:38:12,895 INFO  [BrowserSelenium] (_getByLocator) -> Getting locator for null
14:38:12,895 INFO  [BrowserSelenium] (_getByLocator) -> Locator info found for XPATH attribute as: //a[@href='/jbilling/config/index']
14:38:12,895 INFO  [BrowserSelenium] ENTER --> (_parseElementOnXpath)
14:38:12,895 INFO  [BrowserSelenium] (_parseElementOnXpath) -> //a[@href='/jbilling/config/index'] is used
14:38:12,895 INFO  [BrowserSelenium] EXIT --> (_parseElementOnXpath)
14:38:12,896 INFO  [BrowserSelenium] EXIT --> (_getByLocator)
14:38:12,915 INFO  [BrowserSelenium] ENTER --> (_getByLocator)
14:38:12,915 INFO  [BrowserSelenium] (_getByLocator) -> Getting locator for null
14:38:12,915 INFO  [BrowserSelenium] (_getByLocator) -> Locator info found for XPATH attribute as: //a[@href='/jbilling/config/index']
14:38:12,915 INFO  [BrowserSelenium] ENTER --> (_parseElementOnXpath)
14:38:12,915 INFO  [BrowserSelenium] (_parseElementOnXpath) -> //a[@href='/jbilling/config/index'] is used
14:38:12,916 INFO  [BrowserSelenium] EXIT --> (_parseElementOnXpath)
14:38:12,916 INFO  [BrowserSelenium] EXIT --> (_getByLocator)
14:38:12,936 INFO  [BrowserSelenium] ENTER --> (_getByLocator)
14:38:12,936 INFO  [BrowserSelenium] (_getByLocator) -> Getting locator for null
14:38:12,936 INFO  [BrowserSelenium] (_getByLocator) -> Locator info found for XPATH attribute as: //a[@href='/jbilling/config/index']
14:38:12,936 INFO  [BrowserSelenium] ENTER --> (_parseElementOnXpath)
14:38:12,936 INFO  [BrowserSelenium] (_parseElementOnXpath) -> //a[@href='/jbilling/config/index'] is used
14:38:12,936 INFO  [BrowserSelenium] EXIT --> (_parseElementOnXpath)
14:38:12,937 INFO  [BrowserSelenium] EXIT --> (_getByLocator)
14:38:12,958 INFO  [BrowserSelenium] ENTER --> (_getByLocator)
14:38:12,958 INFO  [BrowserSelenium] (_getByLocator) -> Getting locator for null
14:38:12,958 INFO  [BrowserSelenium] (_getByLocator) -> Locator info found for XPATH attribute as: //a[@href='/jbilling/config/index']
14:38:12,958 INFO  [BrowserSelenium] ENTER --> (_parseElementOnXpath)
14:38:12,958 INFO  [BrowserSelenium] (_parseElementOnXpath) -> //a[@href='/jbilling/config/index'] is used
14:38:12,959 INFO  [BrowserSelenium] EXIT --> (_parseElementOnXpath)
14:38:12,959 INFO  [BrowserSelenium] EXIT --> (_getByLocator)
14:38:12,976 INFO  [BrowserSelenium] ENTER --> (_getByLocator)
14:38:12,976 INFO  [BrowserSelenium] (_getByLocator) -> Getting locator for null
14:38:12,976 INFO  [BrowserSelenium] (_getByLocator) -> Locator info found for XPATH attribute as: //a[@href='/jbilling/config/index']
14:38:12,977 INFO  [BrowserSelenium] ENTER --> (_parseElementOnXpath)
14:38:12,977 INFO  [BrowserSelenium] (_parseElementOnXpath) -> //a[@href='/jbilling/config/index'] is used
14:38:12,977 INFO  [BrowserSelenium] EXIT --> (_parseElementOnXpath)
14:38:12,977 INFO  [BrowserSelenium] EXIT --> (_getByLocator)
14:38:12,994 INFO  [BrowserSelenium] ENTER --> (_getByLocator)
14:38:12,994 INFO  [BrowserSelenium] (_getByLocator) -> Getting locator for null
14:38:12,994 INFO  [BrowserSelenium] (_getByLocator) -> Locator info found for XPATH attribute as: //a[@href='/jbilling/config/index']
14:38:12,994 INFO  [BrowserSelenium] ENTER --> (_parseElementOnXpath)
14:38:12,995 INFO  [BrowserSelenium] (_parseElementOnXpath) -> //a[@href='/jbilling/config/index'] is used
14:38:12,995 INFO  [BrowserSelenium] EXIT --> (_parseElementOnXpath)
14:38:12,995 INFO  [BrowserSelenium] EXIT --> (_getByLocator)
14:38:13,015 INFO  [BrowserSelenium] ENTER --> (_getByLocator)
14:38:13,015 INFO  [BrowserSelenium] (_getByLocator) -> Getting locator for null
14:38:13,015 INFO  [BrowserSelenium] (_getByLocator) -> Locator info found for XPATH attribute as: //a[@href='/jbilling/config/index']
14:38:13,016 INFO  [BrowserSelenium] ENTER --> (_parseElementOnXpath)
14:38:13,016 INFO  [BrowserSelenium] (_parseElementOnXpath) -> //a[@href='/jbilling/config/index'] is used
14:38:13,016 INFO  [BrowserSelenium] EXIT --> (_parseElementOnXpath)
14:38:13,016 INFO  [BrowserSelenium] EXIT --> (_getByLocator)
14:38:13,032 INFO  [BrowserSelenium] ENTER --> (_getByLocator)
14:38:13,033 INFO  [BrowserSelenium] (_getByLocator) -> Getting locator for null
14:38:13,033 INFO  [BrowserSelenium] (_getByLocator) -> Locator info found for XPATH attribute as: //a[@href='/jbilling/config/index']
14:38:13,033 INFO  [BrowserSelenium] ENTER --> (_parseElementOnXpath)
14:38:13,033 INFO  [BrowserSelenium] (_parseElementOnXpath) -> //a[@href='/jbilling/config/index'] is used
14:38:13,033 INFO  [BrowserSelenium] EXIT --> (_parseElementOnXpath)
14:38:13,033 INFO  [BrowserSelenium] EXIT --> (_getByLocator)
14:38:13,051 INFO  [BrowserSelenium] ENTER --> (_getByLocator)
14:38:13,051 INFO  [BrowserSelenium] (_getByLocator) -> Getting locator for null
14:38:13,051 INFO  [BrowserSelenium] (_getByLocator) -> Locator info found for XPATH attribute as: //a[@href='/jbilling/config/index']
14:38:13,052 INFO  [BrowserSelenium] ENTER --> (_parseElementOnXpath)
14:38:13,052 INFO  [BrowserSelenium] (_parseElementOnXpath) -> //a[@href='/jbilling/config/index'] is used
14:38:13,052 INFO  [BrowserSelenium] EXIT --> (_parseElementOnXpath)
14:38:13,052 INFO  [BrowserSelenium] EXIT --> (_getByLocator)
14:38:13,071 INFO  [BrowserSelenium] ENTER --> (_getByLocator)
14:38:13,071 INFO  [BrowserSelenium] (_getByLocator) -> Getting locator for null
14:38:13,071 INFO  [BrowserSelenium] (_getByLocator) -> Locator info found for XPATH attribute as: //a[@href='/jbilling/config/index']
14:38:13,071 INFO  [BrowserSelenium] ENTER --> (_parseElementOnXpath)
14:38:13,071 INFO  [BrowserSelenium] (_parseElementOnXpath) -> //a[@href='/jbilling/config/index'] is used
14:38:13,072 INFO  [BrowserSelenium] EXIT --> (_parseElementOnXpath)
14:38:13,072 INFO  [BrowserSelenium] EXIT --> (_getByLocator)
14:38:13,091 INFO  [BrowserSelenium] ENTER --> (_getByLocator)
14:38:13,092 INFO  [BrowserSelenium] (_getByLocator) -> Getting locator for null
14:38:13,092 INFO  [BrowserSelenium] (_getByLocator) -> Locator info found for XPATH attribute as: //a[@href='/jbilling/config/index']
14:38:13,092 INFO  [BrowserSelenium] ENTER --> (_parseElementOnXpath)
14:38:13,092 INFO  [BrowserSelenium] (_parseElementOnXpath) -> //a[@href='/jbilling/config/index'] is used
14:38:13,092 INFO  [BrowserSelenium] EXIT --> (_parseElementOnXpath)
14:38:13,092 INFO  [BrowserSelenium] EXIT --> (_getByLocator)
14:38:13,109 INFO  [BrowserSelenium] ENTER --> (_getByLocator)
14:38:13,110 INFO  [BrowserSelenium] (_getByLocator) -> Getting locator for null
14:38:13,110 INFO  [BrowserSelenium] (_getByLocator) -> Locator info found for XPATH attribute as: //a[@href='/jbilling/config/index']
14:38:13,110 INFO  [BrowserSelenium] ENTER --> (_parseElementOnXpath)
14:38:13,110 INFO  [BrowserSelenium] (_parseElementOnXpath) -> //a[@href='/jbilling/config/index'] is used
14:38:13,110 INFO  [BrowserSelenium] EXIT --> (_parseElementOnXpath)
14:38:13,110 INFO  [BrowserSelenium] EXIT --> (_getByLocator)
14:38:13,129 INFO  [BrowserSelenium] ENTER --> (_getByLocator)
14:38:13,129 INFO  [BrowserSelenium] (_getByLocator) -> Getting locator for null
14:38:13,130 INFO  [BrowserSelenium] (_getByLocator) -> Locator info found for XPATH attribute as: //a[@href='/jbilling/config/index']
14:38:13,130 INFO  [BrowserSelenium] ENTER --> (_parseElementOnXpath)
14:38:13,130 INFO  [BrowserSelenium] (_parseElementOnXpath) -> //a[@href='/jbilling/config/index'] is used
14:38:13,130 INFO  [BrowserSelenium] EXIT --> (_parseElementOnXpath)
14:38:13,130 INFO  [BrowserSelenium] EXIT --> (_getByLocator)
14:38:13,147 INFO  [BrowserSelenium] ENTER --> (_getByLocator)
14:38:13,147 INFO  [BrowserSelenium] (_getByLocator) -> Getting locator for null
14:38:13,147 INFO  [BrowserSelenium] (_getByLocator) -> Locator info found for XPATH attribute as: //a[@href='/jbilling/config/index']
14:38:13,147 INFO  [BrowserSelenium] ENTER --> (_parseElementOnXpath)
14:38:13,147 INFO  [BrowserSelenium] (_parseElementOnXpath) -> //a[@href='/jbilling/config/index'] is used
14:38:13,147 INFO  [BrowserSelenium] EXIT --> (_parseElementOnXpath)
14:38:13,147 INFO  [BrowserSelenium] EXIT --> (_getByLocator)
14:38:13,165 INFO  [BrowserSelenium] ENTER --> (_getByLocator)
14:38:13,165 INFO  [BrowserSelenium] (_getByLocator) -> Getting locator for null
14:38:13,165 INFO  [BrowserSelenium] (_getByLocator) -> Locator info found for XPATH attribute as: //a[@href='/jbilling/config/index']
14:38:13,165 INFO  [BrowserSelenium] ENTER --> (_parseElementOnXpath)
14:38:13,165 INFO  [BrowserSelenium] (_parseElementOnXpath) -> //a[@href='/jbilling/config/index'] is used
14:38:13,165 INFO  [BrowserSelenium] EXIT --> (_parseElementOnXpath)
14:38:13,165 INFO  [BrowserSelenium] EXIT --> (_getByLocator)
14:38:13,186 INFO  [BrowserSelenium] ENTER --> (_getByLocator)
14:38:13,186 INFO  [BrowserSelenium] (_getByLocator) -> Getting locator for null
14:38:13,187 INFO  [BrowserSelenium] (_getByLocator) -> Locator info found for XPATH attribute as: //a[@href='/jbilling/config/index']
14:38:13,187 INFO  [BrowserSelenium] ENTER --> (_parseElementOnXpath)
14:38:13,187 INFO  [BrowserSelenium] (_parseElementOnXpath) -> //a[@href='/jbilling/config/index'] is used
14:38:13,187 INFO  [BrowserSelenium] EXIT --> (_parseElementOnXpath)
14:38:13,187 INFO  [BrowserSelenium] EXIT --> (_getByLocator)
14:38:13,207 INFO  [BrowserSelenium] ENTER --> (_getByLocator)
14:38:13,208 INFO  [BrowserSelenium] (_getByLocator) -> Getting locator for null
14:38:13,208 INFO  [BrowserSelenium] (_getByLocator) -> Locator info found for XPATH attribute as: //a[@href='/jbilling/config/index']
14:38:13,208 INFO  [BrowserSelenium] ENTER --> (_parseElementOnXpath)
14:38:13,208 INFO  [BrowserSelenium] (_parseElementOnXpath) -> //a[@href='/jbilling/config/index'] is used
14:38:13,208 INFO  [BrowserSelenium] EXIT --> (_parseElementOnXpath)
14:38:13,208 INFO  [BrowserSelenium] EXIT --> (_getByLocator)
14:38:13,228 INFO  [BrowserSelenium] ENTER --> (_getByLocator)
14:38:13,228 INFO  [BrowserSelenium] (_getByLocator) -> Getting locator for null
14:38:13,228 INFO  [BrowserSelenium] (_getByLocator) -> Locator info found for XPATH attribute as: //a[@href='/jbilling/config/index']
14:38:13,229 INFO  [BrowserSelenium] ENTER --> (_parseElementOnXpath)
14:38:13,229 INFO  [BrowserSelenium] (_parseElementOnXpath) -> //a[@href='/jbilling/config/index'] is used
14:38:13,229 INFO  [BrowserSelenium] EXIT --> (_parseElementOnXpath)
14:38:13,229 INFO  [BrowserSelenium] EXIT --> (_getByLocator)
14:38:13,246 INFO  [BrowserSelenium] ENTER --> (_getByLocator)
14:38:13,246 INFO  [BrowserSelenium] (_getByLocator) -> Getting locator for null
14:38:13,246 INFO  [BrowserSelenium] (_getByLocator) -> Locator info found for XPATH attribute as: //a[@href='/jbilling/config/index']
14:38:13,246 INFO  [BrowserSelenium] ENTER --> (_parseElementOnXpath)
14:38:13,246 INFO  [BrowserSelenium] (_parseElementOnXpath) -> //a[@href='/jbilling/config/index'] is used
14:38:13,246 INFO  [BrowserSelenium] EXIT --> (_parseElementOnXpath)
14:38:13,247 INFO  [BrowserSelenium] EXIT --> (_getByLocator)
14:38:13,265 INFO  [BrowserSelenium] ENTER --> (_getByLocator)
14:38:13,265 INFO  [BrowserSelenium] (_getByLocator) -> Getting locator for null
14:38:13,265 INFO  [BrowserSelenium] (_getByLocator) -> Locator info found for XPATH attribute as: //a[@href='/jbilling/config/index']
14:38:13,265 INFO  [BrowserSelenium] ENTER --> (_parseElementOnXpath)
14:38:13,266 INFO  [BrowserSelenium] (_parseElementOnXpath) -> //a[@href='/jbilling/config/index'] is used
14:38:13,266 INFO  [BrowserSelenium] EXIT --> (_parseElementOnXpath)
14:38:13,266 INFO  [BrowserSelenium] EXIT --> (_getByLocator)
14:38:13,284 INFO  [BrowserSelenium] ENTER --> (_getByLocator)
14:38:13,284 INFO  [BrowserSelenium] (_getByLocator) -> Getting locator for null
14:38:13,284 INFO  [BrowserSelenium] (_getByLocator) -> Locator info found for XPATH attribute as: //a[@href='/jbilling/config/index']
14:38:13,284 INFO  [BrowserSelenium] ENTER --> (_parseElementOnXpath)
14:38:13,284 INFO  [BrowserSelenium] (_parseElementOnXpath) -> //a[@href='/jbilling/config/index'] is used
14:38:13,284 INFO  [BrowserSelenium] EXIT --> (_parseElementOnXpath)
14:38:13,285 INFO  [BrowserSelenium] EXIT --> (_getByLocator)
14:38:13,301 INFO  [BrowserSelenium] ENTER --> (_getByLocator)
14:38:13,301 INFO  [BrowserSelenium] (_getByLocator) -> Getting locator for null
14:38:13,301 INFO  [BrowserSelenium] (_getByLocator) -> Locator info found for XPATH attribute as: //a[@href='/jbilling/config/index']
14:38:13,301 INFO  [BrowserSelenium] ENTER --> (_parseElementOnXpath)
14:38:13,302 INFO  [BrowserSelenium] (_parseElementOnXpath) -> //a[@href='/jbilling/config/index'] is used
14:38:13,302 INFO  [BrowserSelenium] EXIT --> (_parseElementOnXpath)
14:38:13,302 INFO  [BrowserSelenium] EXIT --> (_getByLocator)
14:38:13,321 INFO  [BrowserSelenium] ENTER --> (_getByLocator)
14:38:13,321 INFO  [BrowserSelenium] (_getByLocator) -> Getting locator for null
14:38:13,321 INFO  [BrowserSelenium] (_getByLocator) -> Locator info found for XPATH attribute as: //a[@href='/jbilling/config/index']
14:38:13,321 INFO  [BrowserSelenium] ENTER --> (_parseElementOnXpath)
14:38:13,322 INFO  [BrowserSelenium] (_parseElementOnXpath) -> //a[@href='/jbilling/config/index'] is used
14:38:13,322 INFO  [BrowserSelenium] EXIT --> (_parseElementOnXpath)
14:38:13,322 INFO  [BrowserSelenium] EXIT --> (_getByLocator)
14:38:13,341 INFO  [BrowserSelenium] ENTER --> (_getByLocator)
14:38:13,341 INFO  [BrowserSelenium] (_getByLocator) -> Getting locator for null
14:38:13,341 INFO  [BrowserSelenium] (_getByLocator) -> Locator info found for XPATH attribute as: //a[@href='/jbilling/config/index']
14:38:13,341 INFO  [BrowserSelenium] ENTER --> (_parseElementOnXpath)
14:38:13,342 INFO  [BrowserSelenium] (_parseElementOnXpath) -> //a[@href='/jbilling/config/index'] is used
14:38:13,342 INFO  [BrowserSelenium] EXIT --> (_parseElementOnXpath)
14:38:13,342 INFO  [BrowserSelenium] EXIT --> (_getByLocator)
14:38:13,361 INFO  [BrowserSelenium] ENTER --> (_getByLocator)
14:38:13,361 INFO  [BrowserSelenium] (_getByLocator) -> Getting locator for null
14:38:13,361 INFO  [BrowserSelenium] (_getByLocator) -> Locator info found for XPATH attribute as: //a[@href='/jbilling/config/index']
14:38:13,361 INFO  [BrowserSelenium] ENTER --> (_parseElementOnXpath)
14:38:13,361 INFO  [BrowserSelenium] (_parseElementOnXpath) -> //a[@href='/jbilling/config/index'] is used
14:38:13,361 INFO  [BrowserSelenium] EXIT --> (_parseElementOnXpath)
14:38:13,361 INFO  [BrowserSelenium] EXIT --> (_getByLocator)
14:38:13,381 INFO  [BrowserSelenium] ENTER --> (_getByLocator)
14:38:13,381 INFO  [BrowserSelenium] (_getByLocator) -> Getting locator for null
14:38:13,382 INFO  [BrowserSelenium] (_getByLocator) -> Locator info found for XPATH attribute as: //a[@href='/jbilling/config/index']
14:38:13,382 INFO  [BrowserSelenium] ENTER --> (_parseElementOnXpath)
14:38:13,382 INFO  [BrowserSelenium] (_parseElementOnXpath) -> //a[@href='/jbilling/config/index'] is used
14:38:13,382 INFO  [BrowserSelenium] EXIT --> (_parseElementOnXpath)
14:38:13,382 INFO  [BrowserSelenium] EXIT --> (_getByLocator)
14:38:13,400 INFO  [BrowserSelenium] ENTER --> (_getByLocator)
14:38:13,400 INFO  [BrowserSelenium] (_getByLocator) -> Getting locator for null
14:38:13,400 INFO  [BrowserSelenium] (_getByLocator) -> Locator info found for XPATH attribute as: //a[@href='/jbilling/config/index']
14:38:13,400 INFO  [BrowserSelenium] ENTER --> (_parseElementOnXpath)
14:38:13,400 INFO  [BrowserSelenium] (_parseElementOnXpath) -> //a[@href='/jbilling/config/index'] is used
14:38:13,400 INFO  [BrowserSelenium] EXIT --> (_parseElementOnXpath)
14:38:13,401 INFO  [BrowserSelenium] EXIT --> (_getByLocator)
14:38:13,419 INFO  [BrowserSelenium] ENTER --> (_getByLocator)
14:38:13,419 INFO  [BrowserSelenium] (_getByLocator) -> Getting locator for null
14:38:13,419 INFO  [BrowserSelenium] (_getByLocator) -> Locator info found for XPATH attribute as: //a[@href='/jbilling/config/index']
14:38:13,419 INFO  [BrowserSelenium] ENTER --> (_parseElementOnXpath)
14:38:13,420 INFO  [BrowserSelenium] (_parseElementOnXpath) -> //a[@href='/jbilling/config/index'] is used
14:38:13,420 INFO  [BrowserSelenium] EXIT --> (_parseElementOnXpath)
14:38:13,420 INFO  [BrowserSelenium] EXIT --> (_getByLocator)
14:38:13,440 INFO  [BrowserSelenium] ENTER --> (_getByLocator)
14:38:13,441 INFO  [BrowserSelenium] (_getByLocator) -> Getting locator for null
14:38:13,441 INFO  [BrowserSelenium] (_getByLocator) -> Locator info found for XPATH attribute as: //a[@href='/jbilling/config/index']
14:38:13,441 INFO  [BrowserSelenium] ENTER --> (_parseElementOnXpath)
14:38:13,441 INFO  [BrowserSelenium] (_parseElementOnXpath) -> //a[@href='/jbilling/config/index'] is used
14:38:13,441 INFO  [BrowserSelenium] EXIT --> (_parseElementOnXpath)
14:38:13,441 INFO  [BrowserSelenium] EXIT --> (_getByLocator)
14:38:13,463 INFO  [BrowserSelenium] ENTER --> (_getByLocator)
14:38:13,464 INFO  [BrowserSelenium] (_getByLocator) -> Getting locator for null
14:38:13,464 INFO  [BrowserSelenium] (_getByLocator) -> Locator info found for XPATH attribute as: //a[@href='/jbilling/config/index']
14:38:13,464 INFO  [BrowserSelenium] ENTER --> (_parseElementOnXpath)
14:38:13,464 INFO  [BrowserSelenium] (_parseElementOnXpath) -> //a[@href='/jbilling/config/index'] is used
14:38:13,464 INFO  [BrowserSelenium] EXIT --> (_parseElementOnXpath)
14:38:13,464 INFO  [BrowserSelenium] EXIT --> (_getByLocator)
14:38:13,485 INFO  [BrowserSelenium] ENTER --> (_getByLocator)
14:38:13,485 INFO  [BrowserSelenium] (_getByLocator) -> Getting locator for null
14:38:13,485 INFO  [BrowserSelenium] (_getByLocator) -> Locator info found for XPATH attribute as: //a[@href='/jbilling/config/index']
14:38:13,485 INFO  [BrowserSelenium] ENTER --> (_parseElementOnXpath)
14:38:13,486 INFO  [BrowserSelenium] (_parseElementOnXpath) -> //a[@href='/jbilling/config/index'] is used
14:38:13,486 INFO  [BrowserSelenium] EXIT --> (_parseElementOnXpath)
14:38:13,486 INFO  [BrowserSelenium] EXIT --> (_getByLocator)
14:38:13,503 INFO  [BrowserSelenium] ENTER --> (_getByLocator)
14:38:13,503 INFO  [BrowserSelenium] (_getByLocator) -> Getting locator for null
14:38:13,503 INFO  [BrowserSelenium] (_getByLocator) -> Locator info found for XPATH attribute as: //a[@href='/jbilling/config/index']
14:38:13,504 INFO  [BrowserSelenium] ENTER --> (_parseElementOnXpath)
14:38:13,504 INFO  [BrowserSelenium] (_parseElementOnXpath) -> //a[@href='/jbilling/config/index'] is used
14:38:13,504 INFO  [BrowserSelenium] EXIT --> (_parseElementOnXpath)
14:38:13,504 INFO  [BrowserSelenium] EXIT --> (_getByLocator)
14:38:13,525 INFO  [BrowserSelenium] ENTER --> (_getByLocator)
14:38:13,525 INFO  [BrowserSelenium] (_getByLocator) -> Getting locator for null
14:38:13,525 INFO  [BrowserSelenium] (_getByLocator) -> Locator info found for XPATH attribute as: //a[@href='/jbilling/config/index']
14:38:13,526 INFO  [BrowserSelenium] ENTER --> (_parseElementOnXpath)
14:38:13,526 INFO  [BrowserSelenium] (_parseElementOnXpath) -> //a[@href='/jbilling/config/index'] is used
14:38:13,526 INFO  [BrowserSelenium] EXIT --> (_parseElementOnXpath)
14:38:13,526 INFO  [BrowserSelenium] EXIT --> (_getByLocator)
14:38:13,561 INFO  [BrowserSelenium] ENTER --> (_getByLocator)
14:38:13,561 INFO  [BrowserSelenium] (_getByLocator) -> Getting locator for null
14:38:13,561 INFO  [BrowserSelenium] (_getByLocator) -> Locator info found for XPATH attribute as: //a[@href='/jbilling/config/index']
14:38:13,562 INFO  [BrowserSelenium] ENTER --> (_parseElementOnXpath)
14:38:13,562 INFO  [BrowserSelenium] (_parseElementOnXpath) -> //a[@href='/jbilling/config/index'] is used
14:38:13,562 INFO  [BrowserSelenium] EXIT --> (_parseElementOnXpath)
14:38:13,562 INFO  [BrowserSelenium] EXIT --> (_getByLocator)
14:38:13,585 INFO  [BrowserSelenium] ENTER --> (_getByLocator)
14:38:13,585 INFO  [BrowserSelenium] (_getByLocator) -> Getting locator for null
14:38:13,585 INFO  [BrowserSelenium] (_getByLocator) -> Locator info found for XPATH attribute as: //a[@href='/jbilling/config/index']
14:38:13,585 INFO  [BrowserSelenium] ENTER --> (_parseElementOnXpath)
14:38:13,586 INFO  [BrowserSelenium] (_parseElementOnXpath) -> //a[@href='/jbilling/config/index'] is used
14:38:13,586 INFO  [BrowserSelenium] EXIT --> (_parseElementOnXpath)
14:38:13,586 INFO  [BrowserSelenium] EXIT --> (_getByLocator)
14:38:13,609 INFO  [BrowserSelenium] ENTER --> (_getByLocator)
14:38:13,609 INFO  [BrowserSelenium] (_getByLocator) -> Getting locator for null
14:38:13,609 INFO  [BrowserSelenium] (_getByLocator) -> Locator info found for XPATH attribute as: //a[@href='/jbilling/config/index']
14:38:13,609 INFO  [BrowserSelenium] ENTER --> (_parseElementOnXpath)
14:38:13,609 INFO  [BrowserSelenium] (_parseElementOnXpath) -> //a[@href='/jbilling/config/index'] is used
14:38:13,610 INFO  [BrowserSelenium] EXIT --> (_parseElementOnXpath)
14:38:13,610 INFO  [BrowserSelenium] EXIT --> (_getByLocator)
14:38:13,647 INFO  [BrowserSelenium] ENTER --> (_getByLocator)
14:38:13,647 INFO  [BrowserSelenium] (_getByLocator) -> Getting locator for null
14:38:13,647 INFO  [BrowserSelenium] (_getByLocator) -> Locator info found for XPATH attribute as: //a[@href='/jbilling/config/index']
14:38:13,647 INFO  [BrowserSelenium] ENTER --> (_parseElementOnXpath)
14:38:13,647 INFO  [BrowserSelenium] (_parseElementOnXpath) -> //a[@href='/jbilling/config/index'] is used
14:38:13,648 INFO  [BrowserSelenium] EXIT --> (_parseElementOnXpath)
14:38:13,648 INFO  [BrowserSelenium] EXIT --> (_getByLocator)
14:38:13,665 INFO  [BrowserSelenium] ENTER --> (_getByLocator)
14:38:13,666 INFO  [BrowserSelenium] (_getByLocator) -> Getting locator for null
14:38:13,666 INFO  [BrowserSelenium] (_getByLocator) -> Locator info found for XPATH attribute as: //a[@href='/jbilling/config/index']
14:38:13,666 INFO  [BrowserSelenium] ENTER --> (_parseElementOnXpath)
14:38:13,666 INFO  [BrowserSelenium] (_parseElementOnXpath) -> //a[@href='/jbilling/config/index'] is used
14:38:13,666 INFO  [BrowserSelenium] EXIT --> (_parseElementOnXpath)
14:38:13,666 INFO  [BrowserSelenium] EXIT --> (_getByLocator)
14:38:13,686 INFO  [BrowserSelenium] ENTER --> (_getByLocator)
14:38:13,686 INFO  [BrowserSelenium] (_getByLocator) -> Getting locator for null
14:38:13,687 INFO  [BrowserSelenium] (_getByLocator) -> Locator info found for XPATH attribute as: //a[@href='/jbilling/config/index']
14:38:13,687 INFO  [BrowserSelenium] ENTER --> (_parseElementOnXpath)
14:38:13,687 INFO  [BrowserSelenium] (_parseElementOnXpath) -> //a[@href='/jbilling/config/index'] is used
14:38:13,687 INFO  [BrowserSelenium] EXIT --> (_parseElementOnXpath)
14:38:13,687 INFO  [BrowserSelenium] EXIT --> (_getByLocator)
14:38:13,704 INFO  [BrowserSelenium] ENTER --> (_getByLocator)
14:38:13,704 INFO  [BrowserSelenium] (_getByLocator) -> Getting locator for null
14:38:13,704 INFO  [BrowserSelenium] (_getByLocator) -> Locator info found for XPATH attribute as: //a[@href='/jbilling/config/index']
14:38:13,705 INFO  [BrowserSelenium] ENTER --> (_parseElementOnXpath)
14:38:13,705 INFO  [BrowserSelenium] (_parseElementOnXpath) -> //a[@href='/jbilling/config/index'] is used
14:38:13,705 INFO  [BrowserSelenium] EXIT --> (_parseElementOnXpath)
14:38:13,705 INFO  [BrowserSelenium] EXIT --> (_getByLocator)
14:38:13,726 INFO  [BrowserSelenium] ENTER --> (_getByLocator)
14:38:13,726 INFO  [BrowserSelenium] (_getByLocator) -> Getting locator for null
14:38:13,726 INFO  [BrowserSelenium] (_getByLocator) -> Locator info found for XPATH attribute as: //a[@href='/jbilling/config/index']
14:38:13,726 INFO  [BrowserSelenium] ENTER --> (_parseElementOnXpath)
14:38:13,726 INFO  [BrowserSelenium] (_parseElementOnXpath) -> //a[@href='/jbilling/config/index'] is used
14:38:13,726 INFO  [BrowserSelenium] EXIT --> (_parseElementOnXpath)
14:38:13,727 INFO  [BrowserSelenium] EXIT --> (_getByLocator)
14:38:13,745 INFO  [BrowserSelenium] ENTER --> (_getByLocator)
14:38:13,745 INFO  [BrowserSelenium] (_getByLocator) -> Getting locator for null
14:38:13,745 INFO  [BrowserSelenium] (_getByLocator) -> Locator info found for XPATH attribute as: //a[@href='/jbilling/config/index']
14:38:13,745 INFO  [BrowserSelenium] ENTER --> (_parseElementOnXpath)
14:38:13,746 INFO  [BrowserSelenium] (_parseElementOnXpath) -> //a[@href='/jbilling/config/index'] is used
14:38:13,746 INFO  [BrowserSelenium] EXIT --> (_parseElementOnXpath)
14:38:13,746 INFO  [BrowserSelenium] EXIT --> (_getByLocator)
14:38:13,766 INFO  [BrowserSelenium] ENTER --> (_getByLocator)
14:38:13,766 INFO  [BrowserSelenium] (_getByLocator) -> Getting locator for null
14:38:13,766 INFO  [BrowserSelenium] (_getByLocator) -> Locator info found for XPATH attribute as: //a[@href='/jbilling/config/index']
14:38:13,766 INFO  [BrowserSelenium] ENTER --> (_parseElementOnXpath)
14:38:13,767 INFO  [BrowserSelenium] (_parseElementOnXpath) -> //a[@href='/jbilling/config/index'] is used
14:38:13,767 INFO  [BrowserSelenium] EXIT --> (_parseElementOnXpath)
14:38:13,767 INFO  [BrowserSelenium] EXIT --> (_getByLocator)
14:38:13,792 INFO  [BrowserSelenium] ENTER --> (_getByLocator)
14:38:13,792 INFO  [BrowserSelenium] (_getByLocator) -> Getting locator for null
14:38:13,792 INFO  [BrowserSelenium] (_getByLocator) -> Locator info found for XPATH attribute as: //a[@href='/jbilling/config/index']
14:38:13,792 INFO  [BrowserSelenium] ENTER --> (_parseElementOnXpath)
14:38:13,792 INFO  [BrowserSelenium] (_parseElementOnXpath) -> //a[@href='/jbilling/config/index'] is used
14:38:13,793 INFO  [BrowserSelenium] EXIT --> (_parseElementOnXpath)
14:38:13,793 INFO  [BrowserSelenium] EXIT --> (_getByLocator)
14:38:13,815 INFO  [BrowserSelenium] ENTER --> (_getByLocator)
14:38:13,815 INFO  [BrowserSelenium] (_getByLocator) -> Getting locator for null
14:38:13,815 INFO  [BrowserSelenium] (_getByLocator) -> Locator info found for XPATH attribute as: //a[@href='/jbilling/config/index']
14:38:13,815 INFO  [BrowserSelenium] ENTER --> (_parseElementOnXpath)
14:38:13,815 INFO  [BrowserSelenium] (_parseElementOnXpath) -> //a[@href='/jbilling/config/index'] is used
14:38:13,815 INFO  [BrowserSelenium] EXIT --> (_parseElementOnXpath)
14:38:13,816 INFO  [BrowserSelenium] EXIT --> (_getByLocator)
14:38:13,838 INFO  [BrowserSelenium] ENTER --> (_getByLocator)
14:38:13,838 INFO  [BrowserSelenium] (_getByLocator) -> Getting locator for null
14:38:13,839 INFO  [BrowserSelenium] (_getByLocator) -> Locator info found for XPATH attribute as: //a[@href='/jbilling/config/index']
14:38:13,839 INFO  [BrowserSelenium] ENTER --> (_parseElementOnXpath)
14:38:13,839 INFO  [BrowserSelenium] (_parseElementOnXpath) -> //a[@href='/jbilling/config/index'] is used
14:38:13,839 INFO  [BrowserSelenium] EXIT --> (_parseElementOnXpath)
14:38:13,839 INFO  [BrowserSelenium] EXIT --> (_getByLocator)
14:38:13,858 INFO  [BrowserSelenium] ENTER --> (_getByLocator)
14:38:13,858 INFO  [BrowserSelenium] (_getByLocator) -> Getting locator for null
14:38:13,858 INFO  [BrowserSelenium] (_getByLocator) -> Locator info found for XPATH attribute as: //a[@href='/jbilling/config/index']
14:38:13,858 INFO  [BrowserSelenium] ENTER --> (_parseElementOnXpath)
14:38:13,858 INFO  [BrowserSelenium] (_parseElementOnXpath) -> //a[@href='/jbilling/config/index'] is used
14:38:13,859 INFO  [BrowserSelenium] EXIT --> (_parseElementOnXpath)
14:38:13,859 INFO  [BrowserSelenium] EXIT --> (_getByLocator)
14:38:13,878 INFO  [BrowserSelenium] ENTER --> (_getByLocator)
14:38:13,878 INFO  [BrowserSelenium] (_getByLocator) -> Getting locator for null
14:38:13,878 INFO  [BrowserSelenium] (_getByLocator) -> Locator info found for XPATH attribute as: //a[@href='/jbilling/config/index']
14:38:13,879 INFO  [BrowserSelenium] ENTER --> (_parseElementOnXpath)
14:38:13,879 INFO  [BrowserSelenium] (_parseElementOnXpath) -> //a[@href='/jbilling/config/index'] is used
14:38:13,879 INFO  [BrowserSelenium] EXIT --> (_parseElementOnXpath)
14:38:13,879 INFO  [BrowserSelenium] EXIT --> (_getByLocator)
14:38:13,904 INFO  [BrowserSelenium] ENTER --> (_getByLocator)
14:38:13,904 INFO  [BrowserSelenium] (_getByLocator) -> Getting locator for null
14:38:13,905 INFO  [BrowserSelenium] (_getByLocator) -> Locator info found for XPATH attribute as: //a[@href='/jbilling/config/index']
14:38:13,905 INFO  [BrowserSelenium] ENTER --> (_parseElementOnXpath)
14:38:13,905 INFO  [BrowserSelenium] (_parseElementOnXpath) -> //a[@href='/jbilling/config/index'] is used
14:38:13,905 INFO  [BrowserSelenium] EXIT --> (_parseElementOnXpath)
14:38:13,905 INFO  [BrowserSelenium] EXIT --> (_getByLocator)
14:38:13,928 INFO  [BrowserSelenium] ENTER --> (_getByLocator)
14:38:13,929 INFO  [BrowserSelenium] (_getByLocator) -> Getting locator for null
14:38:13,929 INFO  [BrowserSelenium] (_getByLocator) -> Locator info found for XPATH attribute as: //a[@href='/jbilling/config/index']
14:38:13,929 INFO  [BrowserSelenium] ENTER --> (_parseElementOnXpath)
14:38:13,929 INFO  [BrowserSelenium] (_parseElementOnXpath) -> //a[@href='/jbilling/config/index'] is used
14:38:13,929 INFO  [BrowserSelenium] EXIT --> (_parseElementOnXpath)
14:38:13,930 INFO  [BrowserSelenium] EXIT --> (_getByLocator)
14:38:13,955 INFO  [BrowserSelenium] ENTER --> (_getByLocator)
14:38:13,955 INFO  [BrowserSelenium] (_getByLocator) -> Getting locator for null
14:38:13,955 INFO  [BrowserSelenium] (_getByLocator) -> Locator info found for XPATH attribute as: //a[@href='/jbilling/config/index']
14:38:13,955 INFO  [BrowserSelenium] ENTER --> (_parseElementOnXpath)
14:38:13,955 INFO  [BrowserSelenium] (_parseElementOnXpath) -> //a[@href='/jbilling/config/index'] is used
14:38:13,956 INFO  [BrowserSelenium] EXIT --> (_parseElementOnXpath)
14:38:13,956 INFO  [BrowserSelenium] EXIT --> (_getByLocator)
14:38:13,978 INFO  [BrowserSelenium] ENTER --> (_getByLocator)
14:38:13,979 INFO  [BrowserSelenium] (_getByLocator) -> Getting locator for null
14:38:13,979 INFO  [BrowserSelenium] (_getByLocator) -> Locator info found for XPATH attribute as: //a[@href='/jbilling/config/index']
14:38:13,979 INFO  [BrowserSelenium] ENTER --> (_parseElementOnXpath)
14:38:13,979 INFO  [BrowserSelenium] (_parseElementOnXpath) -> //a[@href='/jbilling/config/index'] is used
14:38:13,979 INFO  [BrowserSelenium] EXIT --> (_parseElementOnXpath)
14:38:13,980 INFO  [BrowserSelenium] EXIT --> (_getByLocator)
14:38:14,004 INFO  [BrowserSelenium] ENTER --> (_getByLocator)
14:38:14,004 INFO  [BrowserSelenium] (_getByLocator) -> Getting locator for null
14:38:14,004 INFO  [BrowserSelenium] (_getByLocator) -> Locator info found for XPATH attribute as: //a[@href='/jbilling/config/index']
14:38:14,004 INFO  [BrowserSelenium] ENTER --> (_parseElementOnXpath)
14:38:14,004 INFO  [BrowserSelenium] (_parseElementOnXpath) -> //a[@href='/jbilling/config/index'] is used
14:38:14,005 INFO  [BrowserSelenium] EXIT --> (_parseElementOnXpath)
14:38:14,005 INFO  [BrowserSelenium] EXIT --> (_getByLocator)
14:38:14,027 INFO  [BrowserSelenium] ENTER --> (_getByLocator)
14:38:14,027 INFO  [BrowserSelenium] (_getByLocator) -> Getting locator for null
14:38:14,027 INFO  [BrowserSelenium] (_getByLocator) -> Locator info found for XPATH attribute as: //a[@href='/jbilling/config/index']
14:38:14,027 INFO  [BrowserSelenium] ENTER --> (_parseElementOnXpath)
14:38:14,028 INFO  [BrowserSelenium] (_parseElementOnXpath) -> //a[@href='/jbilling/config/index'] is used
14:38:14,028 INFO  [BrowserSelenium] EXIT --> (_parseElementOnXpath)
14:38:14,028 INFO  [BrowserSelenium] EXIT --> (_getByLocator)
14:38:14,051 INFO  [BrowserSelenium] ENTER --> (_getByLocator)
14:38:14,051 INFO  [BrowserSelenium] (_getByLocator) -> Getting locator for null
14:38:14,052 INFO  [BrowserSelenium] (_getByLocator) -> Locator info found for XPATH attribute as: //a[@href='/jbilling/config/index']
14:38:14,052 INFO  [BrowserSelenium] ENTER --> (_parseElementOnXpath)
14:38:14,052 INFO  [BrowserSelenium] (_parseElementOnXpath) -> //a[@href='/jbilling/config/index'] is used
14:38:14,052 INFO  [BrowserSelenium] EXIT --> (_parseElementOnXpath)
14:38:14,052 INFO  [BrowserSelenium] EXIT --> (_getByLocator)
14:38:14,075 INFO  [BrowserSelenium] ENTER --> (_getByLocator)
14:38:14,075 INFO  [BrowserSelenium] (_getByLocator) -> Getting locator for null
14:38:14,075 INFO  [BrowserSelenium] (_getByLocator) -> Locator info found for XPATH attribute as: //a[@href='/jbilling/config/index']
14:38:14,076 INFO  [BrowserSelenium] ENTER --> (_parseElementOnXpath)
14:38:14,076 INFO  [BrowserSelenium] (_parseElementOnXpath) -> //a[@href='/jbilling/config/index'] is used
14:38:14,076 INFO  [BrowserSelenium] EXIT --> (_parseElementOnXpath)
14:38:14,076 INFO  [BrowserSelenium] EXIT --> (_getByLocator)
14:38:14,099 INFO  [BrowserSelenium] ENTER --> (_getByLocator)
14:38:14,099 INFO  [BrowserSelenium] (_getByLocator) -> Getting locator for null
14:38:14,099 INFO  [BrowserSelenium] (_getByLocator) -> Locator info found for XPATH attribute as: //a[@href='/jbilling/config/index']
14:38:14,099 INFO  [BrowserSelenium] ENTER --> (_parseElementOnXpath)
14:38:14,100 INFO  [BrowserSelenium] (_parseElementOnXpath) -> //a[@href='/jbilling/config/index'] is used
14:38:14,100 INFO  [BrowserSelenium] EXIT --> (_parseElementOnXpath)
14:38:14,100 INFO  [BrowserSelenium] EXIT --> (_getByLocator)
14:38:14,121 INFO  [BrowserSelenium] ENTER --> (_getByLocator)
14:38:14,122 INFO  [BrowserSelenium] (_getByLocator) -> Getting locator for null
14:38:14,122 INFO  [BrowserSelenium] (_getByLocator) -> Locator info found for XPATH attribute as: //a[@href='/jbilling/config/index']
14:38:14,122 INFO  [BrowserSelenium] ENTER --> (_parseElementOnXpath)
14:38:14,122 INFO  [BrowserSelenium] (_parseElementOnXpath) -> //a[@href='/jbilling/config/index'] is used
14:38:14,122 INFO  [BrowserSelenium] EXIT --> (_parseElementOnXpath)
14:38:14,123 INFO  [BrowserSelenium] EXIT --> (_getByLocator)
14:38:14,147 INFO  [BrowserSelenium] ENTER --> (_getByLocator)
14:38:14,147 INFO  [BrowserSelenium] (_getByLocator) -> Getting locator for null
14:38:14,147 INFO  [BrowserSelenium] (_getByLocator) -> Locator info found for XPATH attribute as: //a[@href='/jbilling/config/index']
14:38:14,147 INFO  [BrowserSelenium] ENTER --> (_parseElementOnXpath)
14:38:14,148 INFO  [BrowserSelenium] (_parseElementOnXpath) -> //a[@href='/jbilling/config/index'] is used
14:38:14,148 INFO  [BrowserSelenium] EXIT --> (_parseElementOnXpath)
14:38:14,148 INFO  [BrowserSelenium] EXIT --> (_getByLocator)
14:38:14,170 INFO  [BrowserSelenium] ENTER --> (_getByLocator)
14:38:14,170 INFO  [BrowserSelenium] (_getByLocator) -> Getting locator for null
14:38:14,170 INFO  [BrowserSelenium] (_getByLocator) -> Locator info found for XPATH attribute as: //a[@href='/jbilling/config/index']
14:38:14,170 INFO  [BrowserSelenium] ENTER --> (_parseElementOnXpath)
14:38:14,170 INFO  [BrowserSelenium] (_parseElementOnXpath) -> //a[@href='/jbilling/config/index'] is used
14:38:14,171 INFO  [BrowserSelenium] EXIT --> (_parseElementOnXpath)
14:38:14,171 INFO  [BrowserSelenium] EXIT --> (_getByLocator)
14:38:14,194 INFO  [BrowserSelenium] ENTER --> (_getByLocator)
14:38:14,194 INFO  [BrowserSelenium] (_getByLocator) -> Getting locator for null
14:38:14,195 INFO  [BrowserSelenium] (_getByLocator) -> Locator info found for XPATH attribute as: //a[@href='/jbilling/config/index']
14:38:14,195 INFO  [BrowserSelenium] ENTER --> (_parseElementOnXpath)
14:38:14,195 INFO  [BrowserSelenium] (_parseElementOnXpath) -> //a[@href='/jbilling/config/index'] is used
14:38:14,195 INFO  [BrowserSelenium] EXIT --> (_parseElementOnXpath)
14:38:14,195 INFO  [BrowserSelenium] EXIT --> (_getByLocator)
14:38:14,220 INFO  [BrowserSelenium] ENTER --> (_getByLocator)
14:38:14,220 INFO  [BrowserSelenium] (_getByLocator) -> Getting locator for null
14:38:14,220 INFO  [BrowserSelenium] (_getByLocator) -> Locator info found for XPATH attribute as: //a[@href='/jbilling/config/index']
14:38:14,220 INFO  [BrowserSelenium] ENTER --> (_parseElementOnXpath)
14:38:14,220 INFO  [BrowserSelenium] (_parseElementOnXpath) -> //a[@href='/jbilling/config/index'] is used
14:38:14,221 INFO  [BrowserSelenium] EXIT --> (_parseElementOnXpath)
14:38:14,221 INFO  [BrowserSelenium] EXIT --> (_getByLocator)
14:38:14,246 INFO  [BrowserSelenium] ENTER --> (_getByLocator)
14:38:14,246 INFO  [BrowserSelenium] (_getByLocator) -> Getting locator for null
14:38:14,246 INFO  [BrowserSelenium] (_getByLocator) -> Locator info found for XPATH attribute as: //a[@href='/jbilling/config/index']
14:38:14,246 INFO  [BrowserSelenium] ENTER --> (_parseElementOnXpath)
14:38:14,247 INFO  [BrowserSelenium] (_parseElementOnXpath) -> //a[@href='/jbilling/config/index'] is used
14:38:14,247 INFO  [BrowserSelenium] EXIT --> (_parseElementOnXpath)
14:38:14,247 INFO  [BrowserSelenium] EXIT --> (_getByLocator)
14:38:14,271 INFO  [BrowserSelenium] ENTER --> (_getByLocator)
14:38:14,271 INFO  [BrowserSelenium] (_getByLocator) -> Getting locator for null
14:38:14,272 INFO  [BrowserSelenium] (_getByLocator) -> Locator info found for XPATH attribute as: //a[@href='/jbilling/config/index']
14:38:14,272 INFO  [BrowserSelenium] ENTER --> (_parseElementOnXpath)
14:38:14,272 INFO  [BrowserSelenium] (_parseElementOnXpath) -> //a[@href='/jbilling/config/index'] is used
14:38:14,272 INFO  [BrowserSelenium] EXIT --> (_parseElementOnXpath)
14:38:14,272 INFO  [BrowserSelenium] EXIT --> (_getByLocator)
14:38:14,294 INFO  [BrowserSelenium] ENTER --> (_getByLocator)
14:38:14,294 INFO  [BrowserSelenium] (_getByLocator) -> Getting locator for null
14:38:14,294 INFO  [BrowserSelenium] (_getByLocator) -> Locator info found for XPATH attribute as: //a[@href='/jbilling/config/index']
14:38:14,295 INFO  [BrowserSelenium] ENTER --> (_parseElementOnXpath)
14:38:14,295 INFO  [BrowserSelenium] (_parseElementOnXpath) -> //a[@href='/jbilling/config/index'] is used
14:38:14,295 INFO  [BrowserSelenium] EXIT --> (_parseElementOnXpath)
14:38:14,295 INFO  [BrowserSelenium] EXIT --> (_getByLocator)
14:38:14,319 INFO  [BrowserSelenium] ENTER --> (_getByLocator)
14:38:14,319 INFO  [BrowserSelenium] (_getByLocator) -> Getting locator for null
14:38:14,319 INFO  [BrowserSelenium] (_getByLocator) -> Locator info found for XPATH attribute as: //a[@href='/jbilling/config/index']
14:38:14,319 INFO  [BrowserSelenium] ENTER --> (_parseElementOnXpath)
14:38:14,320 INFO  [BrowserSelenium] (_parseElementOnXpath) -> //a[@href='/jbilling/config/index'] is used
14:38:14,320 INFO  [BrowserSelenium] EXIT --> (_parseElementOnXpath)
14:38:14,320 INFO  [BrowserSelenium] EXIT --> (_getByLocator)
14:38:14,341 INFO  [BrowserSelenium] ENTER --> (_getByLocator)
14:38:14,341 INFO  [BrowserSelenium] (_getByLocator) -> Getting locator for null
14:38:14,341 INFO  [BrowserSelenium] (_getByLocator) -> Locator info found for XPATH attribute as: //a[@href='/jbilling/config/index']
14:38:14,341 INFO  [BrowserSelenium] ENTER --> (_parseElementOnXpath)
14:38:14,342 INFO  [BrowserSelenium] (_parseElementOnXpath) -> //a[@href='/jbilling/config/index'] is used
14:38:14,342 INFO  [BrowserSelenium] EXIT --> (_parseElementOnXpath)
14:38:14,342 INFO  [BrowserSelenium] EXIT --> (_getByLocator)
14:38:14,365 INFO  [BrowserSelenium] ENTER --> (_getByLocator)
14:38:14,366 INFO  [BrowserSelenium] (_getByLocator) -> Getting locator for null
14:38:14,366 INFO  [BrowserSelenium] (_getByLocator) -> Locator info found for XPATH attribute as: //a[@href='/jbilling/config/index']
14:38:14,366 INFO  [BrowserSelenium] ENTER --> (_parseElementOnXpath)
14:38:14,366 INFO  [BrowserSelenium] (_parseElementOnXpath) -> //a[@href='/jbilling/config/index'] is used
14:38:14,366 INFO  [BrowserSelenium] EXIT --> (_parseElementOnXpath)
14:38:14,366 INFO  [BrowserSelenium] EXIT --> (_getByLocator)
14:38:14,390 INFO  [BrowserSelenium] ENTER --> (_getByLocator)
14:38:14,390 INFO  [BrowserSelenium] (_getByLocator) -> Getting locator for null
14:38:14,390 INFO  [BrowserSelenium] (_getByLocator) -> Locator info found for XPATH attribute as: //a[@href='/jbilling/config/index']
14:38:14,390 INFO  [BrowserSelenium] ENTER --> (_parseElementOnXpath)
14:38:14,390 INFO  [BrowserSelenium] (_parseElementOnXpath) -> //a[@href='/jbilling/config/index'] is used
14:38:14,391 INFO  [BrowserSelenium] EXIT --> (_parseElementOnXpath)
14:38:14,391 INFO  [BrowserSelenium] EXIT --> (_getByLocator)
14:38:14,412 INFO  [BrowserSelenium] ENTER --> (_getByLocator)
14:38:14,413 INFO  [BrowserSelenium] (_getByLocator) -> Getting locator for null
14:38:14,413 INFO  [BrowserSelenium] (_getByLocator) -> Locator info found for XPATH attribute as: //a[@href='/jbilling/config/index']
14:38:14,413 INFO  [BrowserSelenium] ENTER --> (_parseElementOnXpath)
14:38:14,413 INFO  [BrowserSelenium] (_parseElementOnXpath) -> //a[@href='/jbilling/config/index'] is used
14:38:14,413 INFO  [BrowserSelenium] EXIT --> (_parseElementOnXpath)
14:38:14,413 INFO  [BrowserSelenium] EXIT --> (_getByLocator)
14:38:14,435 INFO  [BrowserSelenium] ENTER --> (_getByLocator)
14:38:14,436 INFO  [BrowserSelenium] (_getByLocator) -> Getting locator for null
14:38:14,436 INFO  [BrowserSelenium] (_getByLocator) -> Locator info found for XPATH attribute as: //a[@href='/jbilling/config/index']
14:38:14,436 INFO  [BrowserSelenium] ENTER --> (_parseElementOnXpath)
14:38:14,436 INFO  [BrowserSelenium] (_parseElementOnXpath) -> //a[@href='/jbilling/config/index'] is used
14:38:14,436 INFO  [BrowserSelenium] EXIT --> (_parseElementOnXpath)
14:38:14,436 INFO  [BrowserSelenium] EXIT --> (_getByLocator)
14:38:14,454 INFO  [BrowserSelenium] ENTER --> (_getByLocator)
14:38:14,454 INFO  [BrowserSelenium] (_getByLocator) -> Getting locator for null
14:38:14,454 INFO  [BrowserSelenium] (_getByLocator) -> Locator info found for XPATH attribute as: //a[@href='/jbilling/config/index']
14:38:14,454 INFO  [BrowserSelenium] ENTER --> (_parseElementOnXpath)
14:38:14,454 INFO  [BrowserSelenium] (_parseElementOnXpath) -> //a[@href='/jbilling/config/index'] is used
14:38:14,454 INFO  [BrowserSelenium] EXIT --> (_parseElementOnXpath)
14:38:14,455 INFO  [BrowserSelenium] EXIT --> (_getByLocator)
14:38:14,472 INFO  [BrowserSelenium] ENTER --> (_getByLocator)
14:38:14,472 INFO  [BrowserSelenium] (_getByLocator) -> Getting locator for null
14:38:14,472 INFO  [BrowserSelenium] (_getByLocator) -> Locator info found for XPATH attribute as: //a[@href='/jbilling/config/index']
14:38:14,472 INFO  [BrowserSelenium] ENTER --> (_parseElementOnXpath)
14:38:14,472 INFO  [BrowserSelenium] (_parseElementOnXpath) -> //a[@href='/jbilling/config/index'] is used
14:38:14,472 INFO  [BrowserSelenium] EXIT --> (_parseElementOnXpath)
14:38:14,472 INFO  [BrowserSelenium] EXIT --> (_getByLocator)
14:38:14,490 INFO  [BrowserSelenium] ENTER --> (_getByLocator)
14:38:14,490 INFO  [BrowserSelenium] (_getByLocator) -> Getting locator for null
14:38:14,490 INFO  [BrowserSelenium] (_getByLocator) -> Locator info found for XPATH attribute as: //a[@href='/jbilling/config/index']
14:38:14,490 INFO  [BrowserSelenium] ENTER --> (_parseElementOnXpath)
14:38:14,490 INFO  [BrowserSelenium] (_parseElementOnXpath) -> //a[@href='/jbilling/config/index'] is used
14:38:14,491 INFO  [BrowserSelenium] EXIT --> (_parseElementOnXpath)
14:38:14,491 INFO  [BrowserSelenium] EXIT --> (_getByLocator)
14:38:14,513 INFO  [BrowserSelenium] ENTER --> (_getByLocator)
14:38:14,513 INFO  [BrowserSelenium] (_getByLocator) -> Getting locator for null
14:38:14,513 INFO  [BrowserSelenium] (_getByLocator) -> Locator info found for XPATH attribute as: //a[@href='/jbilling/config/index']
14:38:14,513 INFO  [BrowserSelenium] ENTER --> (_parseElementOnXpath)
14:38:14,514 INFO  [BrowserSelenium] (_parseElementOnXpath) -> //a[@href='/jbilling/config/index'] is used
14:38:14,514 INFO  [BrowserSelenium] EXIT --> (_parseElementOnXpath)
14:38:14,514 INFO  [BrowserSelenium] EXIT --> (_getByLocator)
14:38:14,538 INFO  [BrowserSelenium] ENTER --> (_getByLocator)
14:38:14,538 INFO  [BrowserSelenium] (_getByLocator) -> Getting locator for null
14:38:14,538 INFO  [BrowserSelenium] (_getByLocator) -> Locator info found for XPATH attribute as: //a[@href='/jbilling/config/index']
14:38:14,538 INFO  [BrowserSelenium] ENTER --> (_parseElementOnXpath)
14:38:14,539 INFO  [BrowserSelenium] (_parseElementOnXpath) -> //a[@href='/jbilling/config/index'] is used
14:38:14,539 INFO  [BrowserSelenium] EXIT --> (_parseElementOnXpath)
14:38:14,539 INFO  [BrowserSelenium] EXIT --> (_getByLocator)
14:38:14,555 INFO  [BrowserSelenium] ENTER --> (_getByLocator)
14:38:14,556 INFO  [BrowserSelenium] (_getByLocator) -> Getting locator for null
14:38:14,556 INFO  [BrowserSelenium] (_getByLocator) -> Locator info found for XPATH attribute as: //a[@href='/jbilling/config/index']
14:38:14,556 INFO  [BrowserSelenium] ENTER --> (_parseElementOnXpath)
14:38:14,556 INFO  [BrowserSelenium] (_parseElementOnXpath) -> //a[@href='/jbilling/config/index'] is used
14:38:14,556 INFO  [BrowserSelenium] EXIT --> (_parseElementOnXpath)
14:38:14,556 INFO  [BrowserSelenium] EXIT --> (_getByLocator)
14:38:14,573 INFO  [BrowserSelenium] ENTER --> (_getByLocator)
14:38:14,573 INFO  [BrowserSelenium] (_getByLocator) -> Getting locator for null
14:38:14,573 INFO  [BrowserSelenium] (_getByLocator) -> Locator info found for XPATH attribute as: //a[@href='/jbilling/config/index']
14:38:14,574 INFO  [BrowserSelenium] ENTER --> (_parseElementOnXpath)
14:38:14,574 INFO  [BrowserSelenium] (_parseElementOnXpath) -> //a[@href='/jbilling/config/index'] is used
14:38:14,574 INFO  [BrowserSelenium] EXIT --> (_parseElementOnXpath)
14:38:14,574 INFO  [BrowserSelenium] EXIT --> (_getByLocator)
14:38:14,591 INFO  [BrowserSelenium] ENTER --> (_getByLocator)
14:38:14,591 INFO  [BrowserSelenium] (_getByLocator) -> Getting locator for null
14:38:14,591 INFO  [BrowserSelenium] (_getByLocator) -> Locator info found for XPATH attribute as: //a[@href='/jbilling/config/index']
14:38:14,591 INFO  [BrowserSelenium] ENTER --> (_parseElementOnXpath)
14:38:14,591 INFO  [BrowserSelenium] (_parseElementOnXpath) -> //a[@href='/jbilling/config/index'] is used
14:38:14,591 INFO  [BrowserSelenium] EXIT --> (_parseElementOnXpath)
14:38:14,592 INFO  [BrowserSelenium] EXIT --> (_getByLocator)
14:38:14,608 INFO  [BrowserSelenium] ENTER --> (_getByLocator)
14:38:14,608 INFO  [BrowserSelenium] (_getByLocator) -> Getting locator for null
14:38:14,608 INFO  [BrowserSelenium] (_getByLocator) -> Locator info found for XPATH attribute as: //a[@href='/jbilling/config/index']
14:38:14,608 INFO  [BrowserSelenium] ENTER --> (_parseElementOnXpath)
14:38:14,609 INFO  [BrowserSelenium] (_parseElementOnXpath) -> //a[@href='/jbilling/config/index'] is used
14:38:14,609 INFO  [BrowserSelenium] EXIT --> (_parseElementOnXpath)
14:38:14,609 INFO  [BrowserSelenium] EXIT --> (_getByLocator)
14:38:14,626 INFO  [BrowserSelenium] ENTER --> (_getByLocator)
14:38:14,626 INFO  [BrowserSelenium] (_getByLocator) -> Getting locator for null
14:38:14,626 INFO  [BrowserSelenium] (_getByLocator) -> Locator info found for XPATH attribute as: //a[@href='/jbilling/config/index']
14:38:14,626 INFO  [BrowserSelenium] ENTER --> (_parseElementOnXpath)
14:38:14,626 INFO  [BrowserSelenium] (_parseElementOnXpath) -> //a[@href='/jbilling/config/index'] is used
14:38:14,626 INFO  [BrowserSelenium] EXIT --> (_parseElementOnXpath)
14:38:14,627 INFO  [BrowserSelenium] EXIT --> (_getByLocator)
14:38:14,645 INFO  [BrowserSelenium] ENTER --> (_getByLocator)
14:38:14,646 INFO  [BrowserSelenium] (_getByLocator) -> Getting locator for null
14:38:14,646 INFO  [BrowserSelenium] (_getByLocator) -> Locator info found for XPATH attribute as: //a[@href='/jbilling/config/index']
14:38:14,646 INFO  [BrowserSelenium] ENTER --> (_parseElementOnXpath)
14:38:14,646 INFO  [BrowserSelenium] (_parseElementOnXpath) -> //a[@href='/jbilling/config/index'] is used
14:38:14,646 INFO  [BrowserSelenium] EXIT --> (_parseElementOnXpath)
14:38:14,647 INFO  [BrowserSelenium] EXIT --> (_getByLocator)
14:38:14,664 INFO  [BrowserSelenium] ENTER --> (_getByLocator)
14:38:14,665 INFO  [BrowserSelenium] (_getByLocator) -> Getting locator for null
14:38:14,665 INFO  [BrowserSelenium] (_getByLocator) -> Locator info found for XPATH attribute as: //a[@href='/jbilling/config/index']
14:38:14,665 INFO  [BrowserSelenium] ENTER --> (_parseElementOnXpath)
14:38:14,665 INFO  [BrowserSelenium] (_parseElementOnXpath) -> //a[@href='/jbilling/config/index'] is used
14:38:14,665 INFO  [BrowserSelenium] EXIT --> (_parseElementOnXpath)
14:38:14,665 INFO  [BrowserSelenium] EXIT --> (_getByLocator)
14:38:14,683 INFO  [BrowserSelenium] ENTER --> (_getByLocator)
14:38:14,683 INFO  [BrowserSelenium] (_getByLocator) -> Getting locator for null
14:38:14,683 INFO  [BrowserSelenium] (_getByLocator) -> Locator info found for XPATH attribute as: //a[@href='/jbilling/config/index']
14:38:14,684 INFO  [BrowserSelenium] ENTER --> (_parseElementOnXpath)
14:38:14,684 INFO  [BrowserSelenium] (_parseElementOnXpath) -> //a[@href='/jbilling/config/index'] is used
14:38:14,684 INFO  [BrowserSelenium] EXIT --> (_parseElementOnXpath)
14:38:14,684 INFO  [BrowserSelenium] EXIT --> (_getByLocator)
14:38:14,702 INFO  [BrowserSelenium] ENTER --> (_getByLocator)
14:38:14,703 INFO  [BrowserSelenium] (_getByLocator) -> Getting locator for null
14:38:14,703 INFO  [BrowserSelenium] (_getByLocator) -> Locator info found for XPATH attribute as: //a[@href='/jbilling/config/index']
14:38:14,703 INFO  [BrowserSelenium] ENTER --> (_parseElementOnXpath)
14:38:14,703 INFO  [BrowserSelenium] (_parseElementOnXpath) -> //a[@href='/jbilling/config/index'] is used
14:38:14,703 INFO  [BrowserSelenium] EXIT --> (_parseElementOnXpath)
14:38:14,704 INFO  [BrowserSelenium] EXIT --> (_getByLocator)
14:38:14,720 INFO  [BrowserSelenium] ENTER --> (_getByLocator)
14:38:14,720 INFO  [BrowserSelenium] (_getByLocator) -> Getting locator for null
14:38:14,721 INFO  [BrowserSelenium] (_getByLocator) -> Locator info found for XPATH attribute as: //a[@href='/jbilling/config/index']
14:38:14,721 INFO  [BrowserSelenium] ENTER --> (_parseElementOnXpath)
14:38:14,721 INFO  [BrowserSelenium] (_parseElementOnXpath) -> //a[@href='/jbilling/config/index'] is used
14:38:14,721 INFO  [BrowserSelenium] EXIT --> (_parseElementOnXpath)
14:38:14,721 INFO  [BrowserSelenium] EXIT --> (_getByLocator)
14:38:14,802 INFO  [BrowserSelenium] ENTER --> (_getByLocator)
14:38:14,802 INFO  [BrowserSelenium] (_getByLocator) -> Getting locator for null
14:38:14,802 INFO  [BrowserSelenium] (_getByLocator) -> Locator info found for XPATH attribute as: //a[@href='/jbilling/config/index']
14:38:14,802 INFO  [BrowserSelenium] ENTER --> (_parseElementOnXpath)
14:38:14,803 INFO  [BrowserSelenium] (_parseElementOnXpath) -> //a[@href='/jbilling/config/index'] is used
14:38:14,803 INFO  [BrowserSelenium] EXIT --> (_parseElementOnXpath)
14:38:14,803 INFO  [BrowserSelenium] EXIT --> (_getByLocator)
14:38:14,819 INFO  [BrowserSelenium] ENTER --> (_getByLocator)
14:38:14,819 INFO  [BrowserSelenium] (_getByLocator) -> Getting locator for null
14:38:14,819 INFO  [BrowserSelenium] (_getByLocator) -> Locator info found for XPATH attribute as: //a[@href='/jbilling/config/index']
14:38:14,819 INFO  [BrowserSelenium] ENTER --> (_parseElementOnXpath)
14:38:14,819 INFO  [BrowserSelenium] (_parseElementOnXpath) -> //a[@href='/jbilling/config/index'] is used
14:38:14,819 INFO  [BrowserSelenium] EXIT --> (_parseElementOnXpath)
14:38:14,819 INFO  [BrowserSelenium] EXIT --> (_getByLocator)
14:38:14,835 INFO  [BrowserSelenium] ENTER --> (_getByLocator)
14:38:14,836 INFO  [BrowserSelenium] (_getByLocator) -> Getting locator for null
14:38:14,836 INFO  [BrowserSelenium] (_getByLocator) -> Locator info found for XPATH attribute as: //a[@href='/jbilling/config/index']
14:38:14,836 INFO  [BrowserSelenium] ENTER --> (_parseElementOnXpath)
14:38:14,836 INFO  [BrowserSelenium] (_parseElementOnXpath) -> //a[@href='/jbilling/config/index'] is used
14:38:14,836 INFO  [BrowserSelenium] EXIT --> (_parseElementOnXpath)
14:38:14,836 INFO  [BrowserSelenium] EXIT --> (_getByLocator)
14:38:14,853 INFO  [BrowserSelenium] ENTER --> (_getByLocator)
14:38:14,853 INFO  [BrowserSelenium] (_getByLocator) -> Getting locator for null
14:38:14,853 INFO  [BrowserSelenium] (_getByLocator) -> Locator info found for XPATH attribute as: //a[@href='/jbilling/config/index']
14:38:14,854 INFO  [BrowserSelenium] ENTER --> (_parseElementOnXpath)
14:38:14,854 INFO  [BrowserSelenium] (_parseElementOnXpath) -> //a[@href='/jbilling/config/index'] is used
14:38:14,854 INFO  [BrowserSelenium] EXIT --> (_parseElementOnXpath)
14:38:14,854 INFO  [BrowserSelenium] EXIT --> (_getByLocator)
14:38:14,870 INFO  [BrowserSelenium] ENTER --> (_getByLocator)
14:38:14,870 INFO  [BrowserSelenium] (_getByLocator) -> Getting locator for null
14:38:14,870 INFO  [BrowserSelenium] (_getByLocator) -> Locator info found for XPATH attribute as: //a[@href='/jbilling/config/index']
14:38:14,870 INFO  [BrowserSelenium] ENTER --> (_parseElementOnXpath)
14:38:14,871 INFO  [BrowserSelenium] (_parseElementOnXpath) -> //a[@href='/jbilling/config/index'] is used
14:38:14,871 INFO  [BrowserSelenium] EXIT --> (_parseElementOnXpath)
14:38:14,871 INFO  [BrowserSelenium] EXIT --> (_getByLocator)
14:38:14,887 INFO  [BrowserSelenium] ENTER --> (_getByLocator)
14:38:14,887 INFO  [BrowserSelenium] (_getByLocator) -> Getting locator for null
14:38:14,887 INFO  [BrowserSelenium] (_getByLocator) -> Locator info found for XPATH attribute as: //a[@href='/jbilling/config/index']
14:38:14,887 INFO  [BrowserSelenium] ENTER --> (_parseElementOnXpath)
14:38:14,887 INFO  [BrowserSelenium] (_parseElementOnXpath) -> //a[@href='/jbilling/config/index'] is used
14:38:14,887 INFO  [BrowserSelenium] EXIT --> (_parseElementOnXpath)
14:38:14,887 INFO  [BrowserSelenium] EXIT --> (_getByLocator)
14:38:14,905 INFO  [BrowserSelenium] ENTER --> (_getByLocator)
14:38:14,905 INFO  [BrowserSelenium] (_getByLocator) -> Getting locator for null
14:38:14,905 INFO  [BrowserSelenium] (_getByLocator) -> Locator info found for XPATH attribute as: //a[@href='/jbilling/config/index']
14:38:14,905 INFO  [BrowserSelenium] ENTER --> (_parseElementOnXpath)
14:38:14,905 INFO  [BrowserSelenium] (_parseElementOnXpath) -> //a[@href='/jbilling/config/index'] is used
14:38:14,905 INFO  [BrowserSelenium] EXIT --> (_parseElementOnXpath)
14:38:14,906 INFO  [BrowserSelenium] EXIT --> (_getByLocator)
14:38:14,922 INFO  [BrowserSelenium] ENTER --> (_getByLocator)
14:38:14,922 INFO  [BrowserSelenium] (_getByLocator) -> Getting locator for null
14:38:14,922 INFO  [BrowserSelenium] (_getByLocator) -> Locator info found for XPATH attribute as: //a[@href='/jbilling/config/index']
14:38:14,922 INFO  [BrowserSelenium] ENTER --> (_parseElementOnXpath)
14:38:14,922 INFO  [BrowserSelenium] (_parseElementOnXpath) -> //a[@href='/jbilling/config/index'] is used
14:38:14,923 INFO  [BrowserSelenium] EXIT --> (_parseElementOnXpath)
14:38:14,923 INFO  [BrowserSelenium] EXIT --> (_getByLocator)
14:38:14,941 INFO  [BrowserSelenium] ENTER --> (_getByLocator)
14:38:14,942 INFO  [BrowserSelenium] (_getByLocator) -> Getting locator for null
14:38:14,942 INFO  [BrowserSelenium] (_getByLocator) -> Locator info found for XPATH attribute as: //a[@href='/jbilling/config/index']
14:38:14,942 INFO  [BrowserSelenium] ENTER --> (_parseElementOnXpath)
14:38:14,942 INFO  [BrowserSelenium] (_parseElementOnXpath) -> //a[@href='/jbilling/config/index'] is used
14:38:14,942 INFO  [BrowserSelenium] EXIT --> (_parseElementOnXpath)
14:38:14,942 INFO  [BrowserSelenium] EXIT --> (_getByLocator)
14:38:14,960 INFO  [BrowserSelenium] ENTER --> (_getByLocator)
14:38:14,960 INFO  [BrowserSelenium] (_getByLocator) -> Getting locator for null
14:38:14,960 INFO  [BrowserSelenium] (_getByLocator) -> Locator info found for XPATH attribute as: //a[@href='/jbilling/config/index']
14:38:14,960 INFO  [BrowserSelenium] ENTER --> (_parseElementOnXpath)
14:38:14,960 INFO  [BrowserSelenium] (_parseElementOnXpath) -> //a[@href='/jbilling/config/index'] is used
14:38:14,960 INFO  [BrowserSelenium] EXIT --> (_parseElementOnXpath)
14:38:14,960 INFO  [BrowserSelenium] EXIT --> (_getByLocator)
14:38:14,977 INFO  [BrowserSelenium] ENTER --> (_getByLocator)
14:38:14,977 INFO  [BrowserSelenium] (_getByLocator) -> Getting locator for null
14:38:14,977 INFO  [BrowserSelenium] (_getByLocator) -> Locator info found for XPATH attribute as: //a[@href='/jbilling/config/index']
14:38:14,977 INFO  [BrowserSelenium] ENTER --> (_parseElementOnXpath)
14:38:14,977 INFO  [BrowserSelenium] (_parseElementOnXpath) -> //a[@href='/jbilling/config/index'] is used
14:38:14,977 INFO  [BrowserSelenium] EXIT --> (_parseElementOnXpath)
14:38:14,978 INFO  [BrowserSelenium] EXIT --> (_getByLocator)
14:38:14,996 INFO  [BrowserSelenium] ENTER --> (_getByLocator)
14:38:14,996 INFO  [BrowserSelenium] (_getByLocator) -> Getting locator for null
14:38:14,997 INFO  [BrowserSelenium] (_getByLocator) -> Locator info found for XPATH attribute as: //a[@href='/jbilling/config/index']
14:38:14,997 INFO  [BrowserSelenium] ENTER --> (_parseElementOnXpath)
14:38:14,997 INFO  [BrowserSelenium] (_parseElementOnXpath) -> //a[@href='/jbilling/config/index'] is used
14:38:14,997 INFO  [BrowserSelenium] EXIT --> (_parseElementOnXpath)
14:38:14,997 INFO  [BrowserSelenium] EXIT --> (_getByLocator)
14:38:15,042 INFO  [BrowserSelenium] ENTER --> (_getByLocator)
14:38:15,042 INFO  [BrowserSelenium] (_getByLocator) -> Getting locator for null
14:38:15,042 INFO  [BrowserSelenium] (_getByLocator) -> Locator info found for XPATH attribute as: //a[@href='/jbilling/config/index']
14:38:15,042 INFO  [BrowserSelenium] ENTER --> (_parseElementOnXpath)
14:38:15,043 INFO  [BrowserSelenium] (_parseElementOnXpath) -> //a[@href='/jbilling/config/index'] is used
14:38:15,043 INFO  [BrowserSelenium] EXIT --> (_parseElementOnXpath)
14:38:15,043 INFO  [BrowserSelenium] EXIT --> (_getByLocator)
14:38:15,066 INFO  [BrowserSelenium] ENTER --> (_getByLocator)
14:38:15,066 INFO  [BrowserSelenium] (_getByLocator) -> Getting locator for null
14:38:15,067 INFO  [BrowserSelenium] (_getByLocator) -> Locator info found for XPATH attribute as: //a[@href='/jbilling/config/index']
14:38:15,067 INFO  [BrowserSelenium] ENTER --> (_parseElementOnXpath)
14:38:15,067 INFO  [BrowserSelenium] (_parseElementOnXpath) -> //a[@href='/jbilling/config/index'] is used
14:38:15,067 INFO  [BrowserSelenium] EXIT --> (_parseElementOnXpath)
14:38:15,067 INFO  [BrowserSelenium] EXIT --> (_getByLocator)
14:38:15,091 INFO  [BrowserSelenium] ENTER --> (_getByLocator)
14:38:15,091 INFO  [BrowserSelenium] (_getByLocator) -> Getting locator for null
14:38:15,091 INFO  [BrowserSelenium] (_getByLocator) -> Locator info found for XPATH attribute as: //a[@href='/jbilling/config/index']
14:38:15,091 INFO  [BrowserSelenium] ENTER --> (_parseElementOnXpath)
14:38:15,091 INFO  [BrowserSelenium] (_parseElementOnXpath) -> //a[@href='/jbilling/config/index'] is used
14:38:15,091 INFO  [BrowserSelenium] EXIT --> (_parseElementOnXpath)
14:38:15,092 INFO  [BrowserSelenium] EXIT --> (_getByLocator)
14:38:15,114 INFO  [BrowserSelenium] ENTER --> (_getByLocator)
14:38:15,114 INFO  [BrowserSelenium] (_getByLocator) -> Getting locator for null
14:38:15,114 INFO  [BrowserSelenium] (_getByLocator) -> Locator info found for XPATH attribute as: //a[@href='/jbilling/config/index']
14:38:15,114 INFO  [BrowserSelenium] ENTER --> (_parseElementOnXpath)
14:38:15,114 INFO  [BrowserSelenium] (_parseElementOnXpath) -> //a[@href='/jbilling/config/index'] is used
14:38:15,114 INFO  [BrowserSelenium] EXIT --> (_parseElementOnXpath)
14:38:15,114 INFO  [BrowserSelenium] EXIT --> (_getByLocator)
14:38:15,134 INFO  [BrowserSelenium] ENTER --> (_getByLocator)
14:38:15,134 INFO  [BrowserSelenium] (_getByLocator) -> Getting locator for null
14:38:15,134 INFO  [BrowserSelenium] (_getByLocator) -> Locator info found for XPATH attribute as: //a[@href='/jbilling/config/index']
14:38:15,134 INFO  [BrowserSelenium] ENTER --> (_parseElementOnXpath)
14:38:15,135 INFO  [BrowserSelenium] (_parseElementOnXpath) -> //a[@href='/jbilling/config/index'] is used
14:38:15,135 INFO  [BrowserSelenium] EXIT --> (_parseElementOnXpath)
14:38:15,135 INFO  [BrowserSelenium] EXIT --> (_getByLocator)
14:38:15,161 INFO  [BrowserSelenium] ENTER --> (_getByLocator)
14:38:15,161 INFO  [BrowserSelenium] (_getByLocator) -> Getting locator for null
14:38:15,161 INFO  [BrowserSelenium] (_getByLocator) -> Locator info found for XPATH attribute as: //a[@href='/jbilling/config/index']
14:38:15,161 INFO  [BrowserSelenium] ENTER --> (_parseElementOnXpath)
14:38:15,161 INFO  [BrowserSelenium] (_parseElementOnXpath) -> //a[@href='/jbilling/config/index'] is used
14:38:15,162 INFO  [BrowserSelenium] EXIT --> (_parseElementOnXpath)
14:38:15,162 INFO  [BrowserSelenium] EXIT --> (_getByLocator)
14:38:15,185 INFO  [BrowserSelenium] ENTER --> (_getByLocator)
14:38:15,185 INFO  [BrowserSelenium] (_getByLocator) -> Getting locator for null
14:38:15,186 INFO  [BrowserSelenium] (_getByLocator) -> Locator info found for XPATH attribute as: //a[@href='/jbilling/config/index']
14:38:15,186 INFO  [BrowserSelenium] ENTER --> (_parseElementOnXpath)
14:38:15,186 INFO  [BrowserSelenium] (_parseElementOnXpath) -> //a[@href='/jbilling/config/index'] is used
14:38:15,186 INFO  [BrowserSelenium] EXIT --> (_parseElementOnXpath)
14:38:15,186 INFO  [BrowserSelenium] EXIT --> (_getByLocator)
14:38:15,213 INFO  [BrowserSelenium] ENTER --> (_getByLocator)
14:38:15,213 INFO  [BrowserSelenium] (_getByLocator) -> Getting locator for null
14:38:15,213 INFO  [BrowserSelenium] (_getByLocator) -> Locator info found for XPATH attribute as: //a[@href='/jbilling/config/index']
14:38:15,213 INFO  [BrowserSelenium] ENTER --> (_parseElementOnXpath)
14:38:15,213 INFO  [BrowserSelenium] (_parseElementOnXpath) -> //a[@href='/jbilling/config/index'] is used
14:38:15,214 INFO  [BrowserSelenium] EXIT --> (_parseElementOnXpath)
14:38:15,214 INFO  [BrowserSelenium] EXIT --> (_getByLocator)
14:38:15,238 INFO  [BrowserSelenium] ENTER --> (_getByLocator)
14:38:15,238 INFO  [BrowserSelenium] (_getByLocator) -> Getting locator for null
14:38:15,238 INFO  [BrowserSelenium] (_getByLocator) -> Locator info found for XPATH attribute as: //a[@href='/jbilling/config/index']
14:38:15,239 INFO  [BrowserSelenium] ENTER --> (_parseElementOnXpath)
14:38:15,239 INFO  [BrowserSelenium] (_parseElementOnXpath) -> //a[@href='/jbilling/config/index'] is used
14:38:15,239 INFO  [BrowserSelenium] EXIT --> (_parseElementOnXpath)
14:38:15,239 INFO  [BrowserSelenium] EXIT --> (_getByLocator)
14:38:15,255 INFO  [BrowserSelenium] ENTER --> (_getByLocator)
14:38:15,256 INFO  [BrowserSelenium] (_getByLocator) -> Getting locator for null
14:38:15,256 INFO  [BrowserSelenium] (_getByLocator) -> Locator info found for XPATH attribute as: //a[@href='/jbilling/config/index']
14:38:15,256 INFO  [BrowserSelenium] ENTER --> (_parseElementOnXpath)
14:38:15,256 INFO  [BrowserSelenium] (_parseElementOnXpath) -> //a[@href='/jbilling/config/index'] is used
14:38:15,256 INFO  [BrowserSelenium] EXIT --> (_parseElementOnXpath)
14:38:15,256 INFO  [BrowserSelenium] EXIT --> (_getByLocator)
14:38:15,273 INFO  [BrowserSelenium] ENTER --> (_getByLocator)
14:38:15,273 INFO  [BrowserSelenium] (_getByLocator) -> Getting locator for null
14:38:15,273 INFO  [BrowserSelenium] (_getByLocator) -> Locator info found for XPATH attribute as: //a[@href='/jbilling/config/index']
14:38:15,273 INFO  [BrowserSelenium] ENTER --> (_parseElementOnXpath)
14:38:15,273 INFO  [BrowserSelenium] (_parseElementOnXpath) -> //a[@href='/jbilling/config/index'] is used
14:38:15,274 INFO  [BrowserSelenium] EXIT --> (_parseElementOnXpath)
14:38:15,274 INFO  [BrowserSelenium] EXIT --> (_getByLocator)
14:38:15,293 INFO  [BrowserSelenium] ENTER --> (_getByLocator)
14:38:15,293 INFO  [BrowserSelenium] (_getByLocator) -> Getting locator for null
14:38:15,294 INFO  [BrowserSelenium] (_getByLocator) -> Locator info found for XPATH attribute as: //a[@href='/jbilling/config/index']
14:38:15,294 INFO  [BrowserSelenium] ENTER --> (_parseElementOnXpath)
14:38:15,294 INFO  [BrowserSelenium] (_parseElementOnXpath) -> //a[@href='/jbilling/config/index'] is used
14:38:15,294 INFO  [BrowserSelenium] EXIT --> (_parseElementOnXpath)
14:38:15,294 INFO  [BrowserSelenium] EXIT --> (_getByLocator)
14:38:15,312 INFO  [BrowserSelenium] ENTER --> (_getByLocator)
14:38:15,312 INFO  [BrowserSelenium] (_getByLocator) -> Getting locator for null
14:38:15,312 INFO  [BrowserSelenium] (_getByLocator) -> Locator info found for XPATH attribute as: //a[@href='/jbilling/config/index']
14:38:15,312 INFO  [BrowserSelenium] ENTER --> (_parseElementOnXpath)
14:38:15,312 INFO  [BrowserSelenium] (_parseElementOnXpath) -> //a[@href='/jbilling/config/index'] is used
14:38:15,313 INFO  [BrowserSelenium] EXIT --> (_parseElementOnXpath)
14:38:15,313 INFO  [BrowserSelenium] EXIT --> (_getByLocator)
14:38:15,331 INFO  [BrowserSelenium] ENTER --> (_getByLocator)
14:38:15,332 INFO  [BrowserSelenium] (_getByLocator) -> Getting locator for null
14:38:15,332 INFO  [BrowserSelenium] (_getByLocator) -> Locator info found for XPATH attribute as: //a[@href='/jbilling/config/index']
14:38:15,332 INFO  [BrowserSelenium] ENTER --> (_parseElementOnXpath)
14:38:15,332 INFO  [BrowserSelenium] (_parseElementOnXpath) -> //a[@href='/jbilling/config/index'] is used
14:38:15,332 INFO  [BrowserSelenium] EXIT --> (_parseElementOnXpath)
14:38:15,333 INFO  [BrowserSelenium] EXIT --> (_getByLocator)
14:38:15,353 INFO  [BrowserSelenium] ENTER --> (_getByLocator)
14:38:15,353 INFO  [BrowserSelenium] (_getByLocator) -> Getting locator for null
14:38:15,353 INFO  [BrowserSelenium] (_getByLocator) -> Locator info found for XPATH attribute as: //a[@href='/jbilling/config/index']
14:38:15,353 INFO  [BrowserSelenium] ENTER --> (_parseElementOnXpath)
14:38:15,353 INFO  [BrowserSelenium] (_parseElementOnXpath) -> //a[@href='/jbilling/config/index'] is used
14:38:15,354 INFO  [BrowserSelenium] EXIT --> (_parseElementOnXpath)
14:38:15,354 INFO  [BrowserSelenium] EXIT --> (_getByLocator)
14:38:15,372 INFO  [BrowserSelenium] ENTER --> (_getByLocator)
14:38:15,372 INFO  [BrowserSelenium] (_getByLocator) -> Getting locator for null
14:38:15,373 INFO  [BrowserSelenium] (_getByLocator) -> Locator info found for XPATH attribute as: //a[@href='/jbilling/config/index']
14:38:15,373 INFO  [BrowserSelenium] ENTER --> (_parseElementOnXpath)
14:38:15,373 INFO  [BrowserSelenium] (_parseElementOnXpath) -> //a[@href='/jbilling/config/index'] is used
14:38:15,373 INFO  [BrowserSelenium] EXIT --> (_parseElementOnXpath)
14:38:15,373 INFO  [BrowserSelenium] EXIT --> (_getByLocator)
14:38:15,395 INFO  [BrowserSelenium] ENTER --> (_getByLocator)
14:38:15,395 INFO  [BrowserSelenium] (_getByLocator) -> Getting locator for null
14:38:15,395 INFO  [BrowserSelenium] (_getByLocator) -> Locator info found for XPATH attribute as: //a[@href='/jbilling/config/index']
14:38:15,396 INFO  [BrowserSelenium] ENTER --> (_parseElementOnXpath)
14:38:15,396 INFO  [BrowserSelenium] (_parseElementOnXpath) -> //a[@href='/jbilling/config/index'] is used
14:38:15,396 INFO  [BrowserSelenium] EXIT --> (_parseElementOnXpath)
14:38:15,396 INFO  [BrowserSelenium] EXIT --> (_getByLocator)
14:38:15,425 INFO  [BrowserSelenium] ENTER --> (_getByLocator)
14:38:15,425 INFO  [BrowserSelenium] (_getByLocator) -> Getting locator for null
14:38:15,425 INFO  [BrowserSelenium] (_getByLocator) -> Locator info found for XPATH attribute as: //a[@href='/jbilling/config/index']
14:38:15,425 INFO  [BrowserSelenium] ENTER --> (_parseElementOnXpath)
14:38:15,425 INFO  [BrowserSelenium] (_parseElementOnXpath) -> //a[@href='/jbilling/config/index'] is used
14:38:15,426 INFO  [BrowserSelenium] EXIT --> (_parseElementOnXpath)
14:38:15,426 INFO  [BrowserSelenium] EXIT --> (_getByLocator)
14:38:15,633 INFO  [BrowserSelenium] ENTER --> (_getByLocator)
14:38:15,633 INFO  [BrowserSelenium] (_getByLocator) -> Getting locator for null
14:38:15,633 INFO  [BrowserSelenium] (_getByLocator) -> Locator info found for XPATH attribute as: //a[@href='/jbilling/config/index']
14:38:15,633 INFO  [BrowserSelenium] ENTER --> (_parseElementOnXpath)
14:38:15,633 INFO  [BrowserSelenium] (_parseElementOnXpath) -> //a[@href='/jbilling/config/index'] is used
14:38:15,634 INFO  [BrowserSelenium] EXIT --> (_parseElementOnXpath)
14:38:15,634 INFO  [BrowserSelenium] EXIT --> (_getByLocator)
14:38:15,664 INFO  [BrowserSelenium] ENTER --> (_getByLocator)
14:38:15,664 INFO  [BrowserSelenium] (_getByLocator) -> Getting locator for null
14:38:15,664 INFO  [BrowserSelenium] (_getByLocator) -> Locator info found for XPATH attribute as: //a[@href='/jbilling/config/index']
14:38:15,664 INFO  [BrowserSelenium] ENTER --> (_parseElementOnXpath)
14:38:15,664 INFO  [BrowserSelenium] (_parseElementOnXpath) -> //a[@href='/jbilling/config/index'] is used
14:38:15,665 INFO  [BrowserSelenium] EXIT --> (_parseElementOnXpath)
14:38:15,665 INFO  [BrowserSelenium] EXIT --> (_getByLocator)
14:38:15,691 INFO  [BrowserSelenium] ENTER --> (_getByLocator)
14:38:15,692 INFO  [BrowserSelenium] (_getByLocator) -> Getting locator for null
14:38:15,692 INFO  [BrowserSelenium] (_getByLocator) -> Locator info found for XPATH attribute as: //a[@href='/jbilling/config/index']
14:38:15,692 INFO  [BrowserSelenium] ENTER --> (_parseElementOnXpath)
14:38:15,692 INFO  [BrowserSelenium] (_parseElementOnXpath) -> //a[@href='/jbilling/config/index'] is used
14:38:15,692 INFO  [BrowserSelenium] EXIT --> (_parseElementOnXpath)
14:38:15,692 INFO  [BrowserSelenium] EXIT --> (_getByLocator)
14:38:15,720 INFO  [BrowserSelenium] ENTER --> (_getByLocator)
14:38:15,720 INFO  [BrowserSelenium] (_getByLocator) -> Getting locator for null
14:38:15,720 INFO  [BrowserSelenium] (_getByLocator) -> Locator info found for XPATH attribute as: //a[@href='/jbilling/config/index']
14:38:15,720 INFO  [BrowserSelenium] ENTER --> (_parseElementOnXpath)
14:38:15,720 INFO  [BrowserSelenium] (_parseElementOnXpath) -> //a[@href='/jbilling/config/index'] is used
14:38:15,721 INFO  [BrowserSelenium] EXIT --> (_parseElementOnXpath)
14:38:15,721 INFO  [BrowserSelenium] EXIT --> (_getByLocator)
14:38:15,740 INFO  [BrowserSelenium] ENTER --> (_getByLocator)
14:38:15,740 INFO  [BrowserSelenium] (_getByLocator) -> Getting locator for null
14:38:15,740 INFO  [BrowserSelenium] (_getByLocator) -> Locator info found for XPATH attribute as: //a[@href='/jbilling/config/index']
14:38:15,740 INFO  [BrowserSelenium] ENTER --> (_parseElementOnXpath)
14:38:15,740 INFO  [BrowserSelenium] (_parseElementOnXpath) -> //a[@href='/jbilling/config/index'] is used
14:38:15,740 INFO  [BrowserSelenium] EXIT --> (_parseElementOnXpath)
14:38:15,740 INFO  [BrowserSelenium] EXIT --> (_getByLocator)
14:38:15,757 INFO  [BrowserSelenium] ENTER --> (_getByLocator)
14:38:15,758 INFO  [BrowserSelenium] (_getByLocator) -> Getting locator for null
14:38:15,758 INFO  [BrowserSelenium] (_getByLocator) -> Locator info found for XPATH attribute as: //a[@href='/jbilling/config/index']
14:38:15,758 INFO  [BrowserSelenium] ENTER --> (_parseElementOnXpath)
14:38:15,758 INFO  [BrowserSelenium] (_parseElementOnXpath) -> //a[@href='/jbilling/config/index'] is used
14:38:15,758 INFO  [BrowserSelenium] EXIT --> (_parseElementOnXpath)
14:38:15,758 INFO  [BrowserSelenium] EXIT --> (_getByLocator)
14:38:15,783 INFO  [BrowserSelenium] ENTER --> (_getByLocator)
14:38:15,783 INFO  [BrowserSelenium] (_getByLocator) -> Getting locator for null
14:38:15,784 INFO  [BrowserSelenium] (_getByLocator) -> Locator info found for XPATH attribute as: //a[@href='/jbilling/config/index']
14:38:15,784 INFO  [BrowserSelenium] ENTER --> (_parseElementOnXpath)
14:38:15,784 INFO  [BrowserSelenium] (_parseElementOnXpath) -> //a[@href='/jbilling/config/index'] is used
14:38:15,784 INFO  [BrowserSelenium] EXIT --> (_parseElementOnXpath)
14:38:15,784 INFO  [BrowserSelenium] EXIT --> (_getByLocator)
14:38:15,802 INFO  [BrowserSelenium] ENTER --> (_getByLocator)
14:38:15,802 INFO  [BrowserSelenium] (_getByLocator) -> Getting locator for null
14:38:15,803 INFO  [BrowserSelenium] (_getByLocator) -> Locator info found for XPATH attribute as: //a[@href='/jbilling/config/index']
14:38:15,803 INFO  [BrowserSelenium] ENTER --> (_parseElementOnXpath)
14:38:15,803 INFO  [BrowserSelenium] (_parseElementOnXpath) -> //a[@href='/jbilling/config/index'] is used
14:38:15,803 INFO  [BrowserSelenium] EXIT --> (_parseElementOnXpath)
14:38:15,803 INFO  [BrowserSelenium] EXIT --> (_getByLocator)
14:38:15,824 INFO  [BrowserSelenium] ENTER --> (_getByLocator)
14:38:15,824 INFO  [BrowserSelenium] (_getByLocator) -> Getting locator for null
14:38:15,824 INFO  [BrowserSelenium] (_getByLocator) -> Locator info found for XPATH attribute as: //a[@href='/jbilling/config/index']
14:38:15,825 INFO  [BrowserSelenium] ENTER --> (_parseElementOnXpath)
14:38:15,825 INFO  [BrowserSelenium] (_parseElementOnXpath) -> //a[@href='/jbilling/config/index'] is used
14:38:15,825 INFO  [BrowserSelenium] EXIT --> (_parseElementOnXpath)
14:38:15,825 INFO  [BrowserSelenium] EXIT --> (_getByLocator)
14:38:15,846 INFO  [BrowserSelenium] ENTER --> (_getByLocator)
14:38:15,846 INFO  [BrowserSelenium] (_getByLocator) -> Getting locator for null
14:38:15,847 INFO  [BrowserSelenium] (_getByLocator) -> Locator info found for XPATH attribute as: //a[@href='/jbilling/config/index']
14:38:15,847 INFO  [BrowserSelenium] ENTER --> (_parseElementOnXpath)
14:38:15,847 INFO  [BrowserSelenium] (_parseElementOnXpath) -> //a[@href='/jbilling/config/index'] is used
14:38:15,847 INFO  [BrowserSelenium] EXIT --> (_parseElementOnXpath)
14:38:15,847 INFO  [BrowserSelenium] EXIT --> (_getByLocator)
14:38:15,872 INFO  [BrowserSelenium] ENTER --> (_getByLocator)
14:38:15,872 INFO  [BrowserSelenium] (_getByLocator) -> Getting locator for null
14:38:15,872 INFO  [BrowserSelenium] (_getByLocator) -> Locator info found for XPATH attribute as: //a[@href='/jbilling/config/index']
14:38:15,872 INFO  [BrowserSelenium] ENTER --> (_parseElementOnXpath)
14:38:15,873 INFO  [BrowserSelenium] (_parseElementOnXpath) -> //a[@href='/jbilling/config/index'] is used
14:38:15,873 INFO  [BrowserSelenium] EXIT --> (_parseElementOnXpath)
14:38:15,873 INFO  [BrowserSelenium] EXIT --> (_getByLocator)
14:38:15,892 INFO  [BrowserSelenium] ENTER --> (_getByLocator)
14:38:15,892 INFO  [BrowserSelenium] (_getByLocator) -> Getting locator for null
14:38:15,893 INFO  [BrowserSelenium] (_getByLocator) -> Locator info found for XPATH attribute as: //a[@href='/jbilling/config/index']
14:38:15,893 INFO  [BrowserSelenium] ENTER --> (_parseElementOnXpath)
14:38:15,893 INFO  [BrowserSelenium] (_parseElementOnXpath) -> //a[@href='/jbilling/config/index'] is used
14:38:15,893 INFO  [BrowserSelenium] EXIT --> (_parseElementOnXpath)
14:38:15,893 INFO  [BrowserSelenium] EXIT --> (_getByLocator)
14:38:15,911 INFO  [BrowserSelenium] ENTER --> (_getByLocator)
14:38:15,911 INFO  [BrowserSelenium] (_getByLocator) -> Getting locator for null
14:38:15,911 INFO  [BrowserSelenium] (_getByLocator) -> Locator info found for XPATH attribute as: //a[@href='/jbilling/config/index']
14:38:15,912 INFO  [BrowserSelenium] ENTER --> (_parseElementOnXpath)
14:38:15,912 INFO  [BrowserSelenium] (_parseElementOnXpath) -> //a[@href='/jbilling/config/index'] is used
14:38:15,912 INFO  [BrowserSelenium] EXIT --> (_parseElementOnXpath)
14:38:15,912 INFO  [BrowserSelenium] EXIT --> (_getByLocator)
14:38:15,930 INFO  [BrowserSelenium] ENTER --> (_getByLocator)
14:38:15,930 INFO  [BrowserSelenium] (_getByLocator) -> Getting locator for null
14:38:15,930 INFO  [BrowserSelenium] (_getByLocator) -> Locator info found for XPATH attribute as: //a[@href='/jbilling/config/index']
14:38:15,930 INFO  [BrowserSelenium] ENTER --> (_parseElementOnXpath)
14:38:15,930 INFO  [BrowserSelenium] (_parseElementOnXpath) -> //a[@href='/jbilling/config/index'] is used
14:38:15,931 INFO  [BrowserSelenium] EXIT --> (_parseElementOnXpath)
14:38:15,931 INFO  [BrowserSelenium] EXIT --> (_getByLocator)
14:38:15,947 INFO  [BrowserSelenium] ENTER --> (_getByLocator)
14:38:15,947 INFO  [BrowserSelenium] (_getByLocator) -> Getting locator for null
14:38:15,948 INFO  [BrowserSelenium] (_getByLocator) -> Locator info found for XPATH attribute as: //a[@href='/jbilling/config/index']
14:38:15,948 INFO  [BrowserSelenium] ENTER --> (_parseElementOnXpath)
14:38:15,948 INFO  [BrowserSelenium] (_parseElementOnXpath) -> //a[@href='/jbilling/config/index'] is used
14:38:15,948 INFO  [BrowserSelenium] EXIT --> (_parseElementOnXpath)
14:38:15,948 INFO  [BrowserSelenium] EXIT --> (_getByLocator)
14:38:15,967 INFO  [BrowserSelenium] ENTER --> (_getByLocator)
14:38:15,967 INFO  [BrowserSelenium] (_getByLocator) -> Getting locator for null
14:38:15,967 INFO  [BrowserSelenium] (_getByLocator) -> Locator info found for XPATH attribute as: //a[@href='/jbilling/config/index']
14:38:15,967 INFO  [BrowserSelenium] ENTER --> (_parseElementOnXpath)
14:38:15,967 INFO  [BrowserSelenium] (_parseElementOnXpath) -> //a[@href='/jbilling/config/index'] is used
14:38:15,968 INFO  [BrowserSelenium] EXIT --> (_parseElementOnXpath)
14:38:15,968 INFO  [BrowserSelenium] EXIT --> (_getByLocator)
14:38:15,988 INFO  [BrowserSelenium] ENTER --> (_getByLocator)
14:38:15,989 INFO  [BrowserSelenium] (_getByLocator) -> Getting locator for null
14:38:15,989 INFO  [BrowserSelenium] (_getByLocator) -> Locator info found for XPATH attribute as: //a[@href='/jbilling/config/index']
14:38:15,989 INFO  [BrowserSelenium] ENTER --> (_parseElementOnXpath)
14:38:15,989 INFO  [BrowserSelenium] (_parseElementOnXpath) -> //a[@href='/jbilling/config/index'] is used
14:38:15,989 INFO  [BrowserSelenium] EXIT --> (_parseElementOnXpath)
14:38:15,989 INFO  [BrowserSelenium] EXIT --> (_getByLocator)
14:38:16,010 INFO  [BrowserSelenium] ENTER --> (_getByLocator)
14:38:16,011 INFO  [BrowserSelenium] (_getByLocator) -> Getting locator for null
14:38:16,011 INFO  [BrowserSelenium] (_getByLocator) -> Locator info found for XPATH attribute as: //a[@href='/jbilling/config/index']
14:38:16,011 INFO  [BrowserSelenium] ENTER --> (_parseElementOnXpath)
14:38:16,011 INFO  [BrowserSelenium] (_parseElementOnXpath) -> //a[@href='/jbilling/config/index'] is used
14:38:16,011 INFO  [BrowserSelenium] EXIT --> (_parseElementOnXpath)
14:38:16,011 INFO  [BrowserSelenium] EXIT --> (_getByLocator)
14:38:16,031 INFO  [BrowserSelenium] ENTER --> (_getByLocator)
14:38:16,031 INFO  [BrowserSelenium] (_getByLocator) -> Getting locator for null
14:38:16,032 INFO  [BrowserSelenium] (_getByLocator) -> Locator info found for XPATH attribute as: //a[@href='/jbilling/config/index']
14:38:16,032 INFO  [BrowserSelenium] ENTER --> (_parseElementOnXpath)
14:38:16,032 INFO  [BrowserSelenium] (_parseElementOnXpath) -> //a[@href='/jbilling/config/index'] is used
14:38:16,032 INFO  [BrowserSelenium] EXIT --> (_parseElementOnXpath)
14:38:16,032 INFO  [BrowserSelenium] EXIT --> (_getByLocator)
14:38:16,052 INFO  [BrowserSelenium] ENTER --> (_getByLocator)
14:38:16,053 INFO  [BrowserSelenium] (_getByLocator) -> Getting locator for null
14:38:16,053 INFO  [BrowserSelenium] (_getByLocator) -> Locator info found for XPATH attribute as: //a[@href='/jbilling/config/index']
14:38:16,053 INFO  [BrowserSelenium] ENTER --> (_parseElementOnXpath)
14:38:16,053 INFO  [BrowserSelenium] (_parseElementOnXpath) -> //a[@href='/jbilling/config/index'] is used
14:38:16,053 INFO  [BrowserSelenium] EXIT --> (_parseElementOnXpath)
14:38:16,053 INFO  [BrowserSelenium] EXIT --> (_getByLocator)
14:38:16,072 INFO  [BrowserSelenium] ENTER --> (_getByLocator)
14:38:16,072 INFO  [BrowserSelenium] (_getByLocator) -> Getting locator for null
14:38:16,072 INFO  [BrowserSelenium] (_getByLocator) -> Locator info found for XPATH attribute as: //a[@href='/jbilling/config/index']
14:38:16,073 INFO  [BrowserSelenium] ENTER --> (_parseElementOnXpath)
14:38:16,073 INFO  [BrowserSelenium] (_parseElementOnXpath) -> //a[@href='/jbilling/config/index'] is used
14:38:16,073 INFO  [BrowserSelenium] EXIT --> (_parseElementOnXpath)
14:38:16,073 INFO  [BrowserSelenium] EXIT --> (_getByLocator)
14:38:16,091 INFO  [BrowserSelenium] ENTER --> (_getByLocator)
14:38:16,091 INFO  [BrowserSelenium] (_getByLocator) -> Getting locator for null
14:38:16,091 INFO  [BrowserSelenium] (_getByLocator) -> Locator info found for XPATH attribute as: //a[@href='/jbilling/config/index']
14:38:16,091 INFO  [BrowserSelenium] ENTER --> (_parseElementOnXpath)
14:38:16,091 INFO  [BrowserSelenium] (_parseElementOnXpath) -> //a[@href='/jbilling/config/index'] is used
14:38:16,091 INFO  [BrowserSelenium] EXIT --> (_parseElementOnXpath)
14:38:16,091 INFO  [BrowserSelenium] EXIT --> (_getByLocator)
14:38:16,109 INFO  [BrowserSelenium] ENTER --> (_getByLocator)
14:38:16,109 INFO  [BrowserSelenium] (_getByLocator) -> Getting locator for null
14:38:16,109 INFO  [BrowserSelenium] (_getByLocator) -> Locator info found for XPATH attribute as: //a[@href='/jbilling/config/index']
14:38:16,109 INFO  [BrowserSelenium] ENTER --> (_parseElementOnXpath)
14:38:16,109 INFO  [BrowserSelenium] (_parseElementOnXpath) -> //a[@href='/jbilling/config/index'] is used
14:38:16,110 INFO  [BrowserSelenium] EXIT --> (_parseElementOnXpath)
14:38:16,110 INFO  [BrowserSelenium] EXIT --> (_getByLocator)
14:38:16,126 INFO  [BrowserSelenium] ENTER --> (_getByLocator)
14:38:16,127 INFO  [BrowserSelenium] (_getByLocator) -> Getting locator for null
14:38:16,127 INFO  [BrowserSelenium] (_getByLocator) -> Locator info found for XPATH attribute as: //a[@href='/jbilling/config/index']
14:38:16,127 INFO  [BrowserSelenium] ENTER --> (_parseElementOnXpath)
14:38:16,127 INFO  [BrowserSelenium] (_parseElementOnXpath) -> //a[@href='/jbilling/config/index'] is used
14:38:16,127 INFO  [BrowserSelenium] EXIT --> (_parseElementOnXpath)
14:38:16,127 INFO  [BrowserSelenium] EXIT --> (_getByLocator)
14:38:16,145 INFO  [BrowserSelenium] ENTER --> (_getByLocator)
14:38:16,145 INFO  [BrowserSelenium] (_getByLocator) -> Getting locator for null
14:38:16,145 INFO  [BrowserSelenium] (_getByLocator) -> Locator info found for XPATH attribute as: //a[@href='/jbilling/config/index']
14:38:16,145 INFO  [BrowserSelenium] ENTER --> (_parseElementOnXpath)
14:38:16,145 INFO  [BrowserSelenium] (_parseElementOnXpath) -> //a[@href='/jbilling/config/index'] is used
14:38:16,145 INFO  [BrowserSelenium] EXIT --> (_parseElementOnXpath)
14:38:16,145 INFO  [BrowserSelenium] EXIT --> (_getByLocator)
14:38:16,166 INFO  [BrowserSelenium] ENTER --> (_getByLocator)
14:38:16,166 INFO  [BrowserSelenium] (_getByLocator) -> Getting locator for null
14:38:16,166 INFO  [BrowserSelenium] (_getByLocator) -> Locator info found for XPATH attribute as: //a[@href='/jbilling/config/index']
14:38:16,166 INFO  [BrowserSelenium] ENTER --> (_parseElementOnXpath)
14:38:16,166 INFO  [BrowserSelenium] (_parseElementOnXpath) -> //a[@href='/jbilling/config/index'] is used
14:38:16,166 INFO  [BrowserSelenium] EXIT --> (_parseElementOnXpath)
14:38:16,166 INFO  [BrowserSelenium] EXIT --> (_getByLocator)
14:38:16,191 INFO  [BrowserSelenium] ENTER --> (_getByLocator)
14:38:16,191 INFO  [BrowserSelenium] (_getByLocator) -> Getting locator for null
14:38:16,191 INFO  [BrowserSelenium] (_getByLocator) -> Locator info found for XPATH attribute as: //a[@href='/jbilling/config/index']
14:38:16,191 INFO  [BrowserSelenium] ENTER --> (_parseElementOnXpath)
14:38:16,192 INFO  [BrowserSelenium] (_parseElementOnXpath) -> //a[@href='/jbilling/config/index'] is used
14:38:16,192 INFO  [BrowserSelenium] EXIT --> (_parseElementOnXpath)
14:38:16,192 INFO  [BrowserSelenium] EXIT --> (_getByLocator)
14:38:16,219 INFO  [BrowserSelenium] ENTER --> (_getByLocator)
14:38:16,219 INFO  [BrowserSelenium] (_getByLocator) -> Getting locator for null
14:38:16,219 INFO  [BrowserSelenium] (_getByLocator) -> Locator info found for XPATH attribute as: //a[@href='/jbilling/config/index']
14:38:16,220 INFO  [BrowserSelenium] ENTER --> (_parseElementOnXpath)
14:38:16,220 INFO  [BrowserSelenium] (_parseElementOnXpath) -> //a[@href='/jbilling/config/index'] is used
14:38:16,220 INFO  [BrowserSelenium] EXIT --> (_parseElementOnXpath)
14:38:16,220 INFO  [BrowserSelenium] EXIT --> (_getByLocator)
14:38:16,248 INFO  [BrowserSelenium] ENTER --> (_getByLocator)
14:38:16,248 INFO  [BrowserSelenium] (_getByLocator) -> Getting locator for null
14:38:16,248 INFO  [BrowserSelenium] (_getByLocator) -> Locator info found for XPATH attribute as: //a[@href='/jbilling/config/index']
14:38:16,248 INFO  [BrowserSelenium] ENTER --> (_parseElementOnXpath)
14:38:16,248 INFO  [BrowserSelenium] (_parseElementOnXpath) -> //a[@href='/jbilling/config/index'] is used
14:38:16,248 INFO  [BrowserSelenium] EXIT --> (_parseElementOnXpath)
14:38:16,249 INFO  [BrowserSelenium] EXIT --> (_getByLocator)
14:38:16,273 INFO  [BrowserSelenium] ENTER --> (_getByLocator)
14:38:16,273 INFO  [BrowserSelenium] (_getByLocator) -> Getting locator for null
14:38:16,273 INFO  [BrowserSelenium] (_getByLocator) -> Locator info found for XPATH attribute as: //a[@href='/jbilling/config/index']
14:38:16,273 INFO  [BrowserSelenium] ENTER --> (_parseElementOnXpath)
14:38:16,273 INFO  [BrowserSelenium] (_parseElementOnXpath) -> //a[@href='/jbilling/config/index'] is used
14:38:16,274 INFO  [BrowserSelenium] EXIT --> (_parseElementOnXpath)
14:38:16,274 INFO  [BrowserSelenium] EXIT --> (_getByLocator)
14:38:16,297 INFO  [BrowserSelenium] ENTER --> (_getByLocator)
14:38:16,297 INFO  [BrowserSelenium] (_getByLocator) -> Getting locator for null
14:38:16,297 INFO  [BrowserSelenium] (_getByLocator) -> Locator info found for XPATH attribute as: //a[@href='/jbilling/config/index']
14:38:16,297 INFO  [BrowserSelenium] ENTER --> (_parseElementOnXpath)
14:38:16,297 INFO  [BrowserSelenium] (_parseElementOnXpath) -> //a[@href='/jbilling/config/index'] is used
14:38:16,297 INFO  [BrowserSelenium] EXIT --> (_parseElementOnXpath)
14:38:16,298 INFO  [BrowserSelenium] EXIT --> (_getByLocator)
14:38:16,321 INFO  [BrowserSelenium] ENTER --> (_getByLocator)
14:38:16,321 INFO  [BrowserSelenium] (_getByLocator) -> Getting locator for null
14:38:16,322 INFO  [BrowserSelenium] (_getByLocator) -> Locator info found for XPATH attribute as: //a[@href='/jbilling/config/index']
14:38:16,322 INFO  [BrowserSelenium] ENTER --> (_parseElementOnXpath)
14:38:16,322 INFO  [BrowserSelenium] (_parseElementOnXpath) -> //a[@href='/jbilling/config/index'] is used
14:38:16,322 INFO  [BrowserSelenium] EXIT --> (_parseElementOnXpath)
14:38:16,322 INFO  [BrowserSelenium] EXIT --> (_getByLocator)
14:38:16,343 INFO  [BrowserSelenium] ENTER --> (_getByLocator)
14:38:16,343 INFO  [BrowserSelenium] (_getByLocator) -> Getting locator for null
14:38:16,343 INFO  [BrowserSelenium] (_getByLocator) -> Locator info found for XPATH attribute as: //a[@href='/jbilling/config/index']
14:38:16,343 INFO  [BrowserSelenium] ENTER --> (_parseElementOnXpath)
14:38:16,344 INFO  [BrowserSelenium] (_parseElementOnXpath) -> //a[@href='/jbilling/config/index'] is used
14:38:16,344 INFO  [BrowserSelenium] EXIT --> (_parseElementOnXpath)
14:38:16,344 INFO  [BrowserSelenium] EXIT --> (_getByLocator)
14:38:16,370 INFO  [BrowserSelenium] ENTER --> (_getByLocator)
14:38:16,370 INFO  [BrowserSelenium] (_getByLocator) -> Getting locator for null
14:38:16,370 INFO  [BrowserSelenium] (_getByLocator) -> Locator info found for XPATH attribute as: //a[@href='/jbilling/config/index']
14:38:16,371 INFO  [BrowserSelenium] ENTER --> (_parseElementOnXpath)
14:38:16,371 INFO  [BrowserSelenium] (_parseElementOnXpath) -> //a[@href='/jbilling/config/index'] is used
14:38:16,371 INFO  [BrowserSelenium] EXIT --> (_parseElementOnXpath)
14:38:16,372 INFO  [BrowserSelenium] EXIT --> (_getByLocator)
14:38:16,396 INFO  [BrowserSelenium] ENTER --> (_getByLocator)
14:38:16,396 INFO  [BrowserSelenium] (_getByLocator) -> Getting locator for null
14:38:16,396 INFO  [BrowserSelenium] (_getByLocator) -> Locator info found for XPATH attribute as: //a[@href='/jbilling/config/index']
14:38:16,396 INFO  [BrowserSelenium] ENTER --> (_parseElementOnXpath)
14:38:16,397 INFO  [BrowserSelenium] (_parseElementOnXpath) -> //a[@href='/jbilling/config/index'] is used
14:38:16,397 INFO  [BrowserSelenium] EXIT --> (_parseElementOnXpath)
14:38:16,397 INFO  [BrowserSelenium] EXIT --> (_getByLocator)
14:38:16,422 INFO  [BrowserSelenium] ENTER --> (_getByLocator)
14:38:16,422 INFO  [BrowserSelenium] (_getByLocator) -> Getting locator for null
14:38:16,422 INFO  [BrowserSelenium] (_getByLocator) -> Locator info found for XPATH attribute as: //a[@href='/jbilling/config/index']
14:38:16,422 INFO  [BrowserSelenium] ENTER --> (_parseElementOnXpath)
14:38:16,422 INFO  [BrowserSelenium] (_parseElementOnXpath) -> //a[@href='/jbilling/config/index'] is used
14:38:16,423 INFO  [BrowserSelenium] EXIT --> (_parseElementOnXpath)
14:38:16,423 INFO  [BrowserSelenium] EXIT --> (_getByLocator)
14:38:16,446 INFO  [BrowserSelenium] ENTER --> (_getByLocator)
14:38:16,446 INFO  [BrowserSelenium] (_getByLocator) -> Getting locator for null
14:38:16,447 INFO  [BrowserSelenium] (_getByLocator) -> Locator info found for XPATH attribute as: //a[@href='/jbilling/config/index']
14:38:16,447 INFO  [BrowserSelenium] ENTER --> (_parseElementOnXpath)
14:38:16,447 INFO  [BrowserSelenium] (_parseElementOnXpath) -> //a[@href='/jbilling/config/index'] is used
14:38:16,447 INFO  [BrowserSelenium] EXIT --> (_parseElementOnXpath)
14:38:16,447 INFO  [BrowserSelenium] EXIT --> (_getByLocator)
14:38:16,470 INFO  [BrowserSelenium] ENTER --> (_getByLocator)
14:38:16,471 INFO  [BrowserSelenium] (_getByLocator) -> Getting locator for null
14:38:16,471 INFO  [BrowserSelenium] (_getByLocator) -> Locator info found for XPATH attribute as: //a[@href='/jbilling/config/index']
14:38:16,471 INFO  [BrowserSelenium] ENTER --> (_parseElementOnXpath)
14:38:16,471 INFO  [BrowserSelenium] (_parseElementOnXpath) -> //a[@href='/jbilling/config/index'] is used
14:38:16,471 INFO  [BrowserSelenium] EXIT --> (_parseElementOnXpath)
14:38:16,472 INFO  [BrowserSelenium] EXIT --> (_getByLocator)
14:38:16,496 INFO  [BrowserSelenium] ENTER --> (_getByLocator)
14:38:16,496 INFO  [BrowserSelenium] (_getByLocator) -> Getting locator for null
14:38:16,496 INFO  [BrowserSelenium] (_getByLocator) -> Locator info found for XPATH attribute as: //a[@href='/jbilling/config/index']
14:38:16,496 INFO  [BrowserSelenium] ENTER --> (_parseElementOnXpath)
14:38:16,496 INFO  [BrowserSelenium] (_parseElementOnXpath) -> //a[@href='/jbilling/config/index'] is used
14:38:16,496 INFO  [BrowserSelenium] EXIT --> (_parseElementOnXpath)
14:38:16,497 INFO  [BrowserSelenium] EXIT --> (_getByLocator)
14:38:16,521 INFO  [BrowserSelenium] ENTER --> (_getByLocator)
14:38:16,521 INFO  [BrowserSelenium] (_getByLocator) -> Getting locator for null
14:38:16,522 INFO  [BrowserSelenium] (_getByLocator) -> Locator info found for XPATH attribute as: //a[@href='/jbilling/config/index']
14:38:16,522 INFO  [BrowserSelenium] ENTER --> (_parseElementOnXpath)
14:38:16,522 INFO  [BrowserSelenium] (_parseElementOnXpath) -> //a[@href='/jbilling/config/index'] is used
14:38:16,522 INFO  [BrowserSelenium] EXIT --> (_parseElementOnXpath)
14:38:16,522 INFO  [BrowserSelenium] EXIT --> (_getByLocator)
14:38:16,556 INFO  [BrowserSelenium] ENTER --> (_getByLocator)
14:38:16,556 INFO  [BrowserSelenium] (_getByLocator) -> Getting locator for null
14:38:16,556 INFO  [BrowserSelenium] (_getByLocator) -> Locator info found for XPATH attribute as: //a[@href='/jbilling/config/index']
14:38:16,556 INFO  [BrowserSelenium] ENTER --> (_parseElementOnXpath)
14:38:16,557 INFO  [BrowserSelenium] (_parseElementOnXpath) -> //a[@href='/jbilling/config/index'] is used
14:38:16,557 INFO  [BrowserSelenium] EXIT --> (_parseElementOnXpath)
14:38:16,557 INFO  [BrowserSelenium] EXIT --> (_getByLocator)
14:38:16,581 INFO  [BrowserSelenium] ENTER --> (_getByLocator)
14:38:16,581 INFO  [BrowserSelenium] (_getByLocator) -> Getting locator for null
14:38:16,581 INFO  [BrowserSelenium] (_getByLocator) -> Locator info found for XPATH attribute as: //a[@href='/jbilling/config/index']
14:38:16,582 INFO  [BrowserSelenium] ENTER --> (_parseElementOnXpath)
14:38:16,582 INFO  [BrowserSelenium] (_parseElementOnXpath) -> //a[@href='/jbilling/config/index'] is used
14:38:16,582 INFO  [BrowserSelenium] EXIT --> (_parseElementOnXpath)
14:38:16,582 INFO  [BrowserSelenium] EXIT --> (_getByLocator)
14:38:16,608 INFO  [BrowserSelenium] ENTER --> (_getByLocator)
14:38:16,608 INFO  [BrowserSelenium] (_getByLocator) -> Getting locator for null
14:38:16,608 INFO  [BrowserSelenium] (_getByLocator) -> Locator info found for XPATH attribute as: //a[@href='/jbilling/config/index']
14:38:16,608 INFO  [BrowserSelenium] ENTER --> (_parseElementOnXpath)
14:38:16,608 INFO  [BrowserSelenium] (_parseElementOnXpath) -> //a[@href='/jbilling/config/index'] is used
14:38:16,609 INFO  [BrowserSelenium] EXIT --> (_parseElementOnXpath)
14:38:16,609 INFO  [BrowserSelenium] EXIT --> (_getByLocator)
14:38:16,636 INFO  [BrowserSelenium] ENTER --> (_getByLocator)
14:38:16,636 INFO  [BrowserSelenium] (_getByLocator) -> Getting locator for null
14:38:16,636 INFO  [BrowserSelenium] (_getByLocator) -> Locator info found for XPATH attribute as: //a[@href='/jbilling/config/index']
14:38:16,637 INFO  [BrowserSelenium] ENTER --> (_parseElementOnXpath)
14:38:16,637 INFO  [BrowserSelenium] (_parseElementOnXpath) -> //a[@href='/jbilling/config/index'] is used
14:38:16,637 INFO  [BrowserSelenium] EXIT --> (_parseElementOnXpath)
14:38:16,637 INFO  [BrowserSelenium] EXIT --> (_getByLocator)
14:38:16,663 INFO  [BrowserSelenium] ENTER --> (_getByLocator)
14:38:16,663 INFO  [BrowserSelenium] (_getByLocator) -> Getting locator for null
14:38:16,663 INFO  [BrowserSelenium] (_getByLocator) -> Locator info found for XPATH attribute as: //a[@href='/jbilling/config/index']
14:38:16,663 INFO  [BrowserSelenium] ENTER --> (_parseElementOnXpath)
14:38:16,663 INFO  [BrowserSelenium] (_parseElementOnXpath) -> //a[@href='/jbilling/config/index'] is used
14:38:16,664 INFO  [BrowserSelenium] EXIT --> (_parseElementOnXpath)
14:38:16,664 INFO  [BrowserSelenium] EXIT --> (_getByLocator)
14:38:16,689 INFO  [BrowserSelenium] ENTER --> (_getByLocator)
14:38:16,690 INFO  [BrowserSelenium] (_getByLocator) -> Getting locator for null
14:38:16,690 INFO  [BrowserSelenium] (_getByLocator) -> Locator info found for XPATH attribute as: //a[@href='/jbilling/config/index']
14:38:16,690 INFO  [BrowserSelenium] ENTER --> (_parseElementOnXpath)
14:38:16,690 INFO  [BrowserSelenium] (_parseElementOnXpath) -> //a[@href='/jbilling/config/index'] is used
14:38:16,690 INFO  [BrowserSelenium] EXIT --> (_parseElementOnXpath)
14:38:16,690 INFO  [BrowserSelenium] EXIT --> (_getByLocator)
14:38:16,719 INFO  [BrowserSelenium] ENTER --> (_getByLocator)
14:38:16,719 INFO  [BrowserSelenium] (_getByLocator) -> Getting locator for null
14:38:16,719 INFO  [BrowserSelenium] (_getByLocator) -> Locator info found for XPATH attribute as: //a[@href='/jbilling/config/index']
14:38:16,720 INFO  [BrowserSelenium] ENTER --> (_parseElementOnXpath)
14:38:16,720 INFO  [BrowserSelenium] (_parseElementOnXpath) -> //a[@href='/jbilling/config/index'] is used
14:38:16,720 INFO  [BrowserSelenium] EXIT --> (_parseElementOnXpath)
14:38:16,720 INFO  [BrowserSelenium] EXIT --> (_getByLocator)
14:38:16,742 INFO  [BrowserSelenium] ENTER --> (_getByLocator)
14:38:16,743 INFO  [BrowserSelenium] (_getByLocator) -> Getting locator for null
14:38:16,743 INFO  [BrowserSelenium] (_getByLocator) -> Locator info found for XPATH attribute as: //a[@href='/jbilling/config/index']
14:38:16,743 INFO  [BrowserSelenium] ENTER --> (_parseElementOnXpath)
14:38:16,743 INFO  [BrowserSelenium] (_parseElementOnXpath) -> //a[@href='/jbilling/config/index'] is used
14:38:16,743 INFO  [BrowserSelenium] EXIT --> (_parseElementOnXpath)
14:38:16,744 INFO  [BrowserSelenium] EXIT --> (_getByLocator)
14:38:16,766 INFO  [BrowserSelenium] ENTER --> (_getByLocator)
14:38:16,766 INFO  [BrowserSelenium] (_getByLocator) -> Getting locator for null
14:38:16,766 INFO  [BrowserSelenium] (_getByLocator) -> Locator info found for XPATH attribute as: //a[@href='/jbilling/config/index']
14:38:16,767 INFO  [BrowserSelenium] ENTER --> (_parseElementOnXpath)
14:38:16,767 INFO  [BrowserSelenium] (_parseElementOnXpath) -> //a[@href='/jbilling/config/index'] is used
14:38:16,767 INFO  [BrowserSelenium] EXIT --> (_parseElementOnXpath)
14:38:16,767 INFO  [BrowserSelenium] EXIT --> (_getByLocator)
14:38:16,787 INFO  [BrowserSelenium] ENTER --> (_getByLocator)
14:38:16,787 INFO  [BrowserSelenium] (_getByLocator) -> Getting locator for null
14:38:16,787 INFO  [BrowserSelenium] (_getByLocator) -> Locator info found for XPATH attribute as: //a[@href='/jbilling/config/index']
14:38:16,787 INFO  [BrowserSelenium] ENTER --> (_parseElementOnXpath)
14:38:16,787 INFO  [BrowserSelenium] (_parseElementOnXpath) -> //a[@href='/jbilling/config/index'] is used
14:38:16,787 INFO  [BrowserSelenium] EXIT --> (_parseElementOnXpath)
14:38:16,788 INFO  [BrowserSelenium] EXIT --> (_getByLocator)
14:38:16,810 INFO  [BrowserSelenium] ENTER --> (_getByLocator)
14:38:16,811 INFO  [BrowserSelenium] (_getByLocator) -> Getting locator for null
14:38:16,811 INFO  [BrowserSelenium] (_getByLocator) -> Locator info found for XPATH attribute as: //a[@href='/jbilling/config/index']
14:38:16,811 INFO  [BrowserSelenium] ENTER --> (_parseElementOnXpath)
14:38:16,811 INFO  [BrowserSelenium] (_parseElementOnXpath) -> //a[@href='/jbilling/config/index'] is used
14:38:16,811 INFO  [BrowserSelenium] EXIT --> (_parseElementOnXpath)
14:38:16,812 INFO  [BrowserSelenium] EXIT --> (_getByLocator)
14:38:16,843 INFO  [BrowserSelenium] ENTER --> (_getByLocator)
14:38:16,844 INFO  [BrowserSelenium] (_getByLocator) -> Getting locator for null
14:38:16,844 INFO  [BrowserSelenium] (_getByLocator) -> Locator info found for XPATH attribute as: //a[@href='/jbilling/config/index']
14:38:16,844 INFO  [BrowserSelenium] ENTER --> (_parseElementOnXpath)
14:38:16,844 INFO  [BrowserSelenium] (_parseElementOnXpath) -> //a[@href='/jbilling/config/index'] is used
14:38:16,844 INFO  [BrowserSelenium] EXIT --> (_parseElementOnXpath)
14:38:16,845 INFO  [BrowserSelenium] EXIT --> (_getByLocator)
14:38:16,868 INFO  [BrowserSelenium] ENTER --> (_getByLocator)
14:38:16,868 INFO  [BrowserSelenium] (_getByLocator) -> Getting locator for null
14:38:16,868 INFO  [BrowserSelenium] (_getByLocator) -> Locator info found for XPATH attribute as: //a[@href='/jbilling/config/index']
14:38:16,869 INFO  [BrowserSelenium] ENTER --> (_parseElementOnXpath)
14:38:16,869 INFO  [BrowserSelenium] (_parseElementOnXpath) -> //a[@href='/jbilling/config/index'] is used
14:38:16,869 INFO  [BrowserSelenium] EXIT --> (_parseElementOnXpath)
14:38:16,869 INFO  [BrowserSelenium] EXIT --> (_getByLocator)
14:38:16,893 INFO  [BrowserSelenium] ENTER --> (_getByLocator)
14:38:16,894 INFO  [BrowserSelenium] (_getByLocator) -> Getting locator for null
14:38:16,894 INFO  [BrowserSelenium] (_getByLocator) -> Locator info found for XPATH attribute as: //a[@href='/jbilling/config/index']
14:38:16,894 INFO  [BrowserSelenium] ENTER --> (_parseElementOnXpath)
14:38:16,894 INFO  [BrowserSelenium] (_parseElementOnXpath) -> //a[@href='/jbilling/config/index'] is used
14:38:16,894 INFO  [BrowserSelenium] EXIT --> (_parseElementOnXpath)
14:38:16,894 INFO  [BrowserSelenium] EXIT --> (_getByLocator)
14:38:16,918 INFO  [BrowserSelenium] ENTER --> (_getByLocator)
14:38:16,918 INFO  [BrowserSelenium] (_getByLocator) -> Getting locator for null
14:38:16,918 INFO  [BrowserSelenium] (_getByLocator) -> Locator info found for XPATH attribute as: //a[@href='/jbilling/config/index']
14:38:16,918 INFO  [BrowserSelenium] ENTER --> (_parseElementOnXpath)
14:38:16,918 INFO  [BrowserSelenium] (_parseElementOnXpath) -> //a[@href='/jbilling/config/index'] is used
14:38:16,918 INFO  [BrowserSelenium] EXIT --> (_parseElementOnXpath)
14:38:16,918 INFO  [BrowserSelenium] EXIT --> (_getByLocator)
14:38:16,940 INFO  [BrowserSelenium] ENTER --> (_getByLocator)
14:38:16,941 INFO  [BrowserSelenium] (_getByLocator) -> Getting locator for null
14:38:16,941 INFO  [BrowserSelenium] (_getByLocator) -> Locator info found for XPATH attribute as: //a[@href='/jbilling/config/index']
14:38:16,941 INFO  [BrowserSelenium] ENTER --> (_parseElementOnXpath)
14:38:16,941 INFO  [BrowserSelenium] (_parseElementOnXpath) -> //a[@href='/jbilling/config/index'] is used
14:38:16,941 INFO  [BrowserSelenium] EXIT --> (_parseElementOnXpath)
14:38:16,942 INFO  [BrowserSelenium] EXIT --> (_getByLocator)
14:38:17,002 INFO  [BrowserSelenium] ENTER --> (_getByLocator)
14:38:17,003 INFO  [BrowserSelenium] (_getByLocator) -> Getting locator for null
14:38:17,003 INFO  [BrowserSelenium] (_getByLocator) -> Locator info found for XPATH attribute as: //a[@href='/jbilling/config/index']
14:38:17,003 INFO  [BrowserSelenium] ENTER --> (_parseElementOnXpath)
14:38:17,003 INFO  [BrowserSelenium] (_parseElementOnXpath) -> //a[@href='/jbilling/config/index'] is used
14:38:17,003 INFO  [BrowserSelenium] EXIT --> (_parseElementOnXpath)
14:38:17,003 INFO  [BrowserSelenium] EXIT --> (_getByLocator)
14:38:17,030 INFO  [BrowserSelenium] ENTER --> (_getByLocator)
14:38:17,030 INFO  [BrowserSelenium] (_getByLocator) -> Getting locator for null
14:38:17,030 INFO  [BrowserSelenium] (_getByLocator) -> Locator info found for XPATH attribute as: //a[@href='/jbilling/config/index']
14:38:17,030 INFO  [BrowserSelenium] ENTER --> (_parseElementOnXpath)
14:38:17,030 INFO  [BrowserSelenium] (_parseElementOnXpath) -> //a[@href='/jbilling/config/index'] is used
14:38:17,031 INFO  [BrowserSelenium] EXIT --> (_parseElementOnXpath)
14:38:17,031 INFO  [BrowserSelenium] EXIT --> (_getByLocator)
14:38:17,057 INFO  [BrowserSelenium] ENTER --> (_getByLocator)
14:38:17,057 INFO  [BrowserSelenium] (_getByLocator) -> Getting locator for null
14:38:17,057 INFO  [BrowserSelenium] (_getByLocator) -> Locator info found for XPATH attribute as: //a[@href='/jbilling/config/index']
14:38:17,057 INFO  [BrowserSelenium] ENTER --> (_parseElementOnXpath)
14:38:17,057 INFO  [BrowserSelenium] (_parseElementOnXpath) -> //a[@href='/jbilling/config/index'] is used
14:38:17,057 INFO  [BrowserSelenium] EXIT --> (_parseElementOnXpath)
14:38:17,058 INFO  [BrowserSelenium] EXIT --> (_getByLocator)
14:38:17,081 INFO  [BrowserSelenium] ENTER --> (_getByLocator)
14:38:17,081 INFO  [BrowserSelenium] (_getByLocator) -> Getting locator for null
14:38:17,082 INFO  [BrowserSelenium] (_getByLocator) -> Locator info found for XPATH attribute as: //a[@href='/jbilling/config/index']
14:38:17,082 INFO  [BrowserSelenium] ENTER --> (_parseElementOnXpath)
14:38:17,082 INFO  [BrowserSelenium] (_parseElementOnXpath) -> //a[@href='/jbilling/config/index'] is used
14:38:17,082 INFO  [BrowserSelenium] EXIT --> (_parseElementOnXpath)
14:38:17,082 INFO  [BrowserSelenium] EXIT --> (_getByLocator)
14:38:17,111 INFO  [BrowserSelenium] ENTER --> (_getByLocator)
14:38:17,111 INFO  [BrowserSelenium] (_getByLocator) -> Getting locator for null
14:38:17,111 INFO  [BrowserSelenium] (_getByLocator) -> Locator info found for XPATH attribute as: //a[@href='/jbilling/config/index']
14:38:17,111 INFO  [BrowserSelenium] ENTER --> (_parseElementOnXpath)
14:38:17,111 INFO  [BrowserSelenium] (_parseElementOnXpath) -> //a[@href='/jbilling/config/index'] is used
14:38:17,111 INFO  [BrowserSelenium] EXIT --> (_parseElementOnXpath)
14:38:17,111 INFO  [BrowserSelenium] EXIT --> (_getByLocator)
14:38:17,134 INFO  [BrowserSelenium] ENTER --> (_getByLocator)
14:38:17,134 INFO  [BrowserSelenium] (_getByLocator) -> Getting locator for null
14:38:17,135 INFO  [BrowserSelenium] (_getByLocator) -> Locator info found for XPATH attribute as: //a[@href='/jbilling/config/index']
14:38:17,135 INFO  [BrowserSelenium] ENTER --> (_parseElementOnXpath)
14:38:17,135 INFO  [BrowserSelenium] (_parseElementOnXpath) -> //a[@href='/jbilling/config/index'] is used
14:38:17,135 INFO  [BrowserSelenium] EXIT --> (_parseElementOnXpath)
14:38:17,135 INFO  [BrowserSelenium] EXIT --> (_getByLocator)
14:38:17,156 INFO  [BrowserSelenium] ENTER --> (_getByLocator)
14:38:17,157 INFO  [BrowserSelenium] (_getByLocator) -> Getting locator for null
14:38:17,157 INFO  [BrowserSelenium] (_getByLocator) -> Locator info found for XPATH attribute as: //a[@href='/jbilling/config/index']
14:38:17,157 INFO  [BrowserSelenium] ENTER --> (_parseElementOnXpath)
14:38:17,157 INFO  [BrowserSelenium] (_parseElementOnXpath) -> //a[@href='/jbilling/config/index'] is used
14:38:17,157 INFO  [BrowserSelenium] EXIT --> (_parseElementOnXpath)
14:38:17,157 INFO  [BrowserSelenium] EXIT --> (_getByLocator)
14:38:17,173 INFO  [BrowserSelenium] ENTER --> (_getByLocator)
14:38:17,174 INFO  [BrowserSelenium] (_getByLocator) -> Getting locator for null
14:38:17,174 INFO  [BrowserSelenium] (_getByLocator) -> Locator info found for XPATH attribute as: //a[@href='/jbilling/config/index']
14:38:17,174 INFO  [BrowserSelenium] ENTER --> (_parseElementOnXpath)
14:38:17,174 INFO  [BrowserSelenium] (_parseElementOnXpath) -> //a[@href='/jbilling/config/index'] is used
14:38:17,174 INFO  [BrowserSelenium] EXIT --> (_parseElementOnXpath)
14:38:17,174 INFO  [BrowserSelenium] EXIT --> (_getByLocator)
14:38:17,191 INFO  [BrowserSelenium] ENTER --> (_getByLocator)
14:38:17,191 INFO  [BrowserSelenium] (_getByLocator) -> Getting locator for null
14:38:17,191 INFO  [BrowserSelenium] (_getByLocator) -> Locator info found for XPATH attribute as: //a[@href='/jbilling/config/index']
14:38:17,191 INFO  [BrowserSelenium] ENTER --> (_parseElementOnXpath)
14:38:17,191 INFO  [BrowserSelenium] (_parseElementOnXpath) -> //a[@href='/jbilling/config/index'] is used
14:38:17,191 INFO  [BrowserSelenium] EXIT --> (_parseElementOnXpath)
14:38:17,192 INFO  [BrowserSelenium] EXIT --> (_getByLocator)
14:38:17,209 INFO  [BrowserSelenium] ENTER --> (_getByLocator)
14:38:17,209 INFO  [BrowserSelenium] (_getByLocator) -> Getting locator for null
14:38:17,209 INFO  [BrowserSelenium] (_getByLocator) -> Locator info found for XPATH attribute as: //a[@href='/jbilling/config/index']
14:38:17,209 INFO  [BrowserSelenium] ENTER --> (_parseElementOnXpath)
14:38:17,210 INFO  [BrowserSelenium] (_parseElementOnXpath) -> //a[@href='/jbilling/config/index'] is used
14:38:17,210 INFO  [BrowserSelenium] EXIT --> (_parseElementOnXpath)
14:38:17,210 INFO  [BrowserSelenium] EXIT --> (_getByLocator)
14:38:17,228 INFO  [BrowserSelenium] ENTER --> (_getByLocator)
14:38:17,229 INFO  [BrowserSelenium] (_getByLocator) -> Getting locator for null
14:38:17,229 INFO  [BrowserSelenium] (_getByLocator) -> Locator info found for XPATH attribute as: //a[@href='/jbilling/config/index']
14:38:17,229 INFO  [BrowserSelenium] ENTER --> (_parseElementOnXpath)
14:38:17,229 INFO  [BrowserSelenium] (_parseElementOnXpath) -> //a[@href='/jbilling/config/index'] is used
14:38:17,229 INFO  [BrowserSelenium] EXIT --> (_parseElementOnXpath)
14:38:17,230 INFO  [BrowserSelenium] EXIT --> (_getByLocator)
14:38:17,246 INFO  [BrowserSelenium] ENTER --> (_getByLocator)
14:38:17,246 INFO  [BrowserSelenium] (_getByLocator) -> Getting locator for null
14:38:17,246 INFO  [BrowserSelenium] (_getByLocator) -> Locator info found for XPATH attribute as: //a[@href='/jbilling/config/index']
14:38:17,246 INFO  [BrowserSelenium] ENTER --> (_parseElementOnXpath)
14:38:17,246 INFO  [BrowserSelenium] (_parseElementOnXpath) -> //a[@href='/jbilling/config/index'] is used
14:38:17,247 INFO  [BrowserSelenium] EXIT --> (_parseElementOnXpath)
14:38:17,247 INFO  [BrowserSelenium] EXIT --> (_getByLocator)
14:38:17,264 INFO  [BrowserSelenium] ENTER --> (_getByLocator)
14:38:17,264 INFO  [BrowserSelenium] (_getByLocator) -> Getting locator for null
14:38:17,264 INFO  [BrowserSelenium] (_getByLocator) -> Locator info found for XPATH attribute as: //a[@href='/jbilling/config/index']
14:38:17,264 INFO  [BrowserSelenium] ENTER --> (_parseElementOnXpath)
14:38:17,264 INFO  [BrowserSelenium] (_parseElementOnXpath) -> //a[@href='/jbilling/config/index'] is used
14:38:17,264 INFO  [BrowserSelenium] EXIT --> (_parseElementOnXpath)
14:38:17,264 INFO  [BrowserSelenium] EXIT --> (_getByLocator)
14:38:17,281 INFO  [BrowserSelenium] ENTER --> (_getByLocator)
14:38:17,281 INFO  [BrowserSelenium] (_getByLocator) -> Getting locator for null
14:38:17,282 INFO  [BrowserSelenium] (_getByLocator) -> Locator info found for XPATH attribute as: //a[@href='/jbilling/config/index']
14:38:17,282 INFO  [BrowserSelenium] ENTER --> (_parseElementOnXpath)
14:38:17,282 INFO  [BrowserSelenium] (_parseElementOnXpath) -> //a[@href='/jbilling/config/index'] is used
14:38:17,282 INFO  [BrowserSelenium] EXIT --> (_parseElementOnXpath)
14:38:17,282 INFO  [BrowserSelenium] EXIT --> (_getByLocator)
14:38:17,299 INFO  [BrowserSelenium] ENTER --> (_getByLocator)
14:38:17,299 INFO  [BrowserSelenium] (_getByLocator) -> Getting locator for null
14:38:17,299 INFO  [BrowserSelenium] (_getByLocator) -> Locator info found for XPATH attribute as: //a[@href='/jbilling/config/index']
14:38:17,299 INFO  [BrowserSelenium] ENTER --> (_parseElementOnXpath)
14:38:17,300 INFO  [BrowserSelenium] (_parseElementOnXpath) -> //a[@href='/jbilling/config/index'] is used
14:38:17,300 INFO  [BrowserSelenium] EXIT --> (_parseElementOnXpath)
14:38:17,300 INFO  [BrowserSelenium] EXIT --> (_getByLocator)
14:38:17,318 INFO  [BrowserSelenium] ENTER --> (_getByLocator)
14:38:17,318 INFO  [BrowserSelenium] (_getByLocator) -> Getting locator for null
14:38:17,319 INFO  [BrowserSelenium] (_getByLocator) -> Locator info found for XPATH attribute as: //a[@href='/jbilling/config/index']
14:38:17,319 INFO  [BrowserSelenium] ENTER --> (_parseElementOnXpath)
14:38:17,319 INFO  [BrowserSelenium] (_parseElementOnXpath) -> //a[@href='/jbilling/config/index'] is used
14:38:17,319 INFO  [BrowserSelenium] EXIT --> (_parseElementOnXpath)
14:38:17,319 INFO  [BrowserSelenium] EXIT --> (_getByLocator)
14:38:17,338 INFO  [BrowserSelenium] ENTER --> (_getByLocator)
14:38:17,338 INFO  [BrowserSelenium] (_getByLocator) -> Getting locator for null
14:38:17,338 INFO  [BrowserSelenium] (_getByLocator) -> Locator info found for XPATH attribute as: //a[@href='/jbilling/config/index']
14:38:17,339 INFO  [BrowserSelenium] ENTER --> (_parseElementOnXpath)
14:38:17,339 INFO  [BrowserSelenium] (_parseElementOnXpath) -> //a[@href='/jbilling/config/index'] is used
14:38:17,339 INFO  [BrowserSelenium] EXIT --> (_parseElementOnXpath)
14:38:17,339 INFO  [BrowserSelenium] EXIT --> (_getByLocator)
14:38:17,356 INFO  [BrowserSelenium] ENTER --> (_getByLocator)
14:38:17,356 INFO  [BrowserSelenium] (_getByLocator) -> Getting locator for null
14:38:17,356 INFO  [BrowserSelenium] (_getByLocator) -> Locator info found for XPATH attribute as: //a[@href='/jbilling/config/index']
14:38:17,356 INFO  [BrowserSelenium] ENTER --> (_parseElementOnXpath)
14:38:17,356 INFO  [BrowserSelenium] (_parseElementOnXpath) -> //a[@href='/jbilling/config/index'] is used
14:38:17,356 INFO  [BrowserSelenium] EXIT --> (_parseElementOnXpath)
14:38:17,356 INFO  [BrowserSelenium] EXIT --> (_getByLocator)
14:38:17,375 INFO  [BrowserSelenium] ENTER --> (_getByLocator)
14:38:17,375 INFO  [BrowserSelenium] (_getByLocator) -> Getting locator for null
14:38:17,375 INFO  [BrowserSelenium] (_getByLocator) -> Locator info found for XPATH attribute as: //a[@href='/jbilling/config/index']
14:38:17,375 INFO  [BrowserSelenium] ENTER --> (_parseElementOnXpath)
14:38:17,376 INFO  [BrowserSelenium] (_parseElementOnXpath) -> //a[@href='/jbilling/config/index'] is used
14:38:17,376 INFO  [BrowserSelenium] EXIT --> (_parseElementOnXpath)
14:38:17,376 INFO  [BrowserSelenium] EXIT --> (_getByLocator)
14:38:17,392 INFO  [BrowserSelenium] ENTER --> (_getByLocator)
14:38:17,393 INFO  [BrowserSelenium] (_getByLocator) -> Getting locator for null
14:38:17,393 INFO  [BrowserSelenium] (_getByLocator) -> Locator info found for XPATH attribute as: //a[@href='/jbilling/config/index']
14:38:17,393 INFO  [BrowserSelenium] ENTER --> (_parseElementOnXpath)
14:38:17,393 INFO  [BrowserSelenium] (_parseElementOnXpath) -> //a[@href='/jbilling/config/index'] is used
14:38:17,393 INFO  [BrowserSelenium] EXIT --> (_parseElementOnXpath)
14:38:17,393 INFO  [BrowserSelenium] EXIT --> (_getByLocator)
14:38:17,415 INFO  [BrowserSelenium] ENTER --> (_getByLocator)
14:38:17,415 INFO  [BrowserSelenium] (_getByLocator) -> Getting locator for null
14:38:17,415 INFO  [BrowserSelenium] (_getByLocator) -> Locator info found for XPATH attribute as: //a[@href='/jbilling/config/index']
14:38:17,415 INFO  [BrowserSelenium] ENTER --> (_parseElementOnXpath)
14:38:17,415 INFO  [BrowserSelenium] (_parseElementOnXpath) -> //a[@href='/jbilling/config/index'] is used
14:38:17,416 INFO  [BrowserSelenium] EXIT --> (_parseElementOnXpath)
14:38:17,416 INFO  [BrowserSelenium] EXIT --> (_getByLocator)
14:38:17,433 INFO  [BrowserSelenium] ENTER --> (_getByLocator)
14:38:17,433 INFO  [BrowserSelenium] (_getByLocator) -> Getting locator for null
14:38:17,433 INFO  [BrowserSelenium] (_getByLocator) -> Locator info found for XPATH attribute as: //a[@href='/jbilling/config/index']
14:38:17,433 INFO  [BrowserSelenium] ENTER --> (_parseElementOnXpath)
14:38:17,434 INFO  [BrowserSelenium] (_parseElementOnXpath) -> //a[@href='/jbilling/config/index'] is used
14:38:17,434 INFO  [BrowserSelenium] EXIT --> (_parseElementOnXpath)
14:38:17,434 INFO  [BrowserSelenium] EXIT --> (_getByLocator)
14:38:17,455 INFO  [BrowserSelenium] ENTER --> (_getByLocator)
14:38:17,455 INFO  [BrowserSelenium] (_getByLocator) -> Getting locator for null
14:38:17,455 INFO  [BrowserSelenium] (_getByLocator) -> Locator info found for XPATH attribute as: //a[@href='/jbilling/config/index']
14:38:17,455 INFO  [BrowserSelenium] ENTER --> (_parseElementOnXpath)
14:38:17,456 INFO  [BrowserSelenium] (_parseElementOnXpath) -> //a[@href='/jbilling/config/index'] is used
14:38:17,456 INFO  [BrowserSelenium] EXIT --> (_parseElementOnXpath)
14:38:17,456 INFO  [BrowserSelenium] EXIT --> (_getByLocator)
14:38:17,473 INFO  [BrowserSelenium] ENTER --> (_getByLocator)
14:38:17,473 INFO  [BrowserSelenium] (_getByLocator) -> Getting locator for null
14:38:17,474 INFO  [BrowserSelenium] (_getByLocator) -> Locator info found for XPATH attribute as: //a[@href='/jbilling/config/index']
14:38:17,474 INFO  [BrowserSelenium] ENTER --> (_parseElementOnXpath)
14:38:17,474 INFO  [BrowserSelenium] (_parseElementOnXpath) -> //a[@href='/jbilling/config/index'] is used
14:38:17,474 INFO  [BrowserSelenium] EXIT --> (_parseElementOnXpath)
14:38:17,474 INFO  [BrowserSelenium] EXIT --> (_getByLocator)
14:38:17,492 INFO  [BrowserSelenium] ENTER --> (_getByLocator)
14:38:17,493 INFO  [BrowserSelenium] (_getByLocator) -> Getting locator for null
14:38:17,493 INFO  [BrowserSelenium] (_getByLocator) -> Locator info found for XPATH attribute as: //a[@href='/jbilling/config/index']
14:38:17,493 INFO  [BrowserSelenium] ENTER --> (_parseElementOnXpath)
14:38:17,493 INFO  [BrowserSelenium] (_parseElementOnXpath) -> //a[@href='/jbilling/config/index'] is used
14:38:17,493 INFO  [BrowserSelenium] EXIT --> (_parseElementOnXpath)
14:38:17,493 INFO  [BrowserSelenium] EXIT --> (_getByLocator)
14:38:17,513 INFO  [BrowserSelenium] ENTER --> (_getByLocator)
14:38:17,513 INFO  [BrowserSelenium] (_getByLocator) -> Getting locator for null
14:38:17,513 INFO  [BrowserSelenium] (_getByLocator) -> Locator info found for XPATH attribute as: //a[@href='/jbilling/config/index']
14:38:17,513 INFO  [BrowserSelenium] ENTER --> (_parseElementOnXpath)
14:38:17,513 INFO  [BrowserSelenium] (_parseElementOnXpath) -> //a[@href='/jbilling/config/index'] is used
14:38:17,513 INFO  [BrowserSelenium] EXIT --> (_parseElementOnXpath)
14:38:17,513 INFO  [BrowserSelenium] EXIT --> (_getByLocator)
14:38:17,531 INFO  [BrowserSelenium] ENTER --> (_getByLocator)
14:38:17,531 INFO  [BrowserSelenium] (_getByLocator) -> Getting locator for null
14:38:17,531 INFO  [BrowserSelenium] (_getByLocator) -> Locator info found for XPATH attribute as: //a[@href='/jbilling/config/index']
14:38:17,531 INFO  [BrowserSelenium] ENTER --> (_parseElementOnXpath)
14:38:17,531 INFO  [BrowserSelenium] (_parseElementOnXpath) -> //a[@href='/jbilling/config/index'] is used
14:38:17,531 INFO  [BrowserSelenium] EXIT --> (_parseElementOnXpath)
14:38:17,532 INFO  [BrowserSelenium] EXIT --> (_getByLocator)
14:38:17,552 INFO  [BrowserSelenium] ENTER --> (_getByLocator)
14:38:17,552 INFO  [BrowserSelenium] (_getByLocator) -> Getting locator for null
14:38:17,552 INFO  [BrowserSelenium] (_getByLocator) -> Locator info found for XPATH attribute as: //a[@href='/jbilling/config/index']
14:38:17,552 INFO  [BrowserSelenium] ENTER --> (_parseElementOnXpath)
14:38:17,553 INFO  [BrowserSelenium] (_parseElementOnXpath) -> //a[@href='/jbilling/config/index'] is used
14:38:17,553 INFO  [BrowserSelenium] EXIT --> (_parseElementOnXpath)
14:38:17,553 INFO  [BrowserSelenium] EXIT --> (_getByLocator)
14:38:17,572 INFO  [BrowserSelenium] ENTER --> (_getByLocator)
14:38:17,572 INFO  [BrowserSelenium] (_getByLocator) -> Getting locator for null
14:38:17,572 INFO  [BrowserSelenium] (_getByLocator) -> Locator info found for XPATH attribute as: //a[@href='/jbilling/config/index']
14:38:17,572 INFO  [BrowserSelenium] ENTER --> (_parseElementOnXpath)
14:38:17,572 INFO  [BrowserSelenium] (_parseElementOnXpath) -> //a[@href='/jbilling/config/index'] is used
14:38:17,573 INFO  [BrowserSelenium] EXIT --> (_parseElementOnXpath)
14:38:17,573 INFO  [BrowserSelenium] EXIT --> (_getByLocator)
14:38:17,591 INFO  [BrowserSelenium] ENTER --> (_getByLocator)
14:38:17,591 INFO  [BrowserSelenium] (_getByLocator) -> Getting locator for null
14:38:17,591 INFO  [BrowserSelenium] (_getByLocator) -> Locator info found for XPATH attribute as: //a[@href='/jbilling/config/index']
14:38:17,591 INFO  [BrowserSelenium] ENTER --> (_parseElementOnXpath)
14:38:17,591 INFO  [BrowserSelenium] (_parseElementOnXpath) -> //a[@href='/jbilling/config/index'] is used
14:38:17,591 INFO  [BrowserSelenium] EXIT --> (_parseElementOnXpath)
14:38:17,591 INFO  [BrowserSelenium] EXIT --> (_getByLocator)
14:38:17,611 INFO  [BrowserSelenium] ENTER --> (_getByLocator)
14:38:17,611 INFO  [BrowserSelenium] (_getByLocator) -> Getting locator for null
14:38:17,611 INFO  [BrowserSelenium] (_getByLocator) -> Locator info found for XPATH attribute as: //a[@href='/jbilling/config/index']
14:38:17,611 INFO  [BrowserSelenium] ENTER --> (_parseElementOnXpath)
14:38:17,611 INFO  [BrowserSelenium] (_parseElementOnXpath) -> //a[@href='/jbilling/config/index'] is used
14:38:17,611 INFO  [BrowserSelenium] EXIT --> (_parseElementOnXpath)
14:38:17,612 INFO  [BrowserSelenium] EXIT --> (_getByLocator)
14:38:17,630 INFO  [BrowserSelenium] ENTER --> (_getByLocator)
14:38:17,630 INFO  [BrowserSelenium] (_getByLocator) -> Getting locator for null
14:38:17,630 INFO  [BrowserSelenium] (_getByLocator) -> Locator info found for XPATH attribute as: //a[@href='/jbilling/config/index']
14:38:17,630 INFO  [BrowserSelenium] ENTER --> (_parseElementOnXpath)
14:38:17,630 INFO  [BrowserSelenium] (_parseElementOnXpath) -> //a[@href='/jbilling/config/index'] is used
14:38:17,631 INFO  [BrowserSelenium] EXIT --> (_parseElementOnXpath)
14:38:17,631 INFO  [BrowserSelenium] EXIT --> (_getByLocator)
14:38:17,649 INFO  [BrowserSelenium] ENTER --> (_getByLocator)
14:38:17,650 INFO  [BrowserSelenium] (_getByLocator) -> Getting locator for null
14:38:17,650 INFO  [BrowserSelenium] (_getByLocator) -> Locator info found for XPATH attribute as: //a[@href='/jbilling/config/index']
14:38:17,650 INFO  [BrowserSelenium] ENTER --> (_parseElementOnXpath)
14:38:17,650 INFO  [BrowserSelenium] (_parseElementOnXpath) -> //a[@href='/jbilling/config/index'] is used
14:38:17,650 INFO  [BrowserSelenium] EXIT --> (_parseElementOnXpath)
14:38:17,650 INFO  [BrowserSelenium] EXIT --> (_getByLocator)
14:38:17,668 INFO  [BrowserSelenium] ENTER --> (_getByLocator)
14:38:17,668 INFO  [BrowserSelenium] (_getByLocator) -> Getting locator for null
14:38:17,668 INFO  [BrowserSelenium] (_getByLocator) -> Locator info found for XPATH attribute as: //a[@href='/jbilling/config/index']
14:38:17,668 INFO  [BrowserSelenium] ENTER --> (_parseElementOnXpath)
14:38:17,668 INFO  [BrowserSelenium] (_parseElementOnXpath) -> //a[@href='/jbilling/config/index'] is used
14:38:17,669 INFO  [BrowserSelenium] EXIT --> (_parseElementOnXpath)
14:38:17,669 INFO  [BrowserSelenium] EXIT --> (_getByLocator)
14:38:17,687 INFO  [BrowserSelenium] ENTER --> (_getByLocator)
14:38:17,688 INFO  [BrowserSelenium] (_getByLocator) -> Getting locator for null
14:38:17,688 INFO  [BrowserSelenium] (_getByLocator) -> Locator info found for XPATH attribute as: //a[@href='/jbilling/config/index']
14:38:17,688 INFO  [BrowserSelenium] ENTER --> (_parseElementOnXpath)
14:38:17,688 INFO  [BrowserSelenium] (_parseElementOnXpath) -> //a[@href='/jbilling/config/index'] is used
14:38:17,688 INFO  [BrowserSelenium] EXIT --> (_parseElementOnXpath)
14:38:17,688 INFO  [BrowserSelenium] EXIT --> (_getByLocator)
14:38:17,708 INFO  [BrowserSelenium] ENTER --> (_getByLocator)
14:38:17,709 INFO  [BrowserSelenium] (_getByLocator) -> Getting locator for null
14:38:17,709 INFO  [BrowserSelenium] (_getByLocator) -> Locator info found for XPATH attribute as: //a[@href='/jbilling/config/index']
14:38:17,709 INFO  [BrowserSelenium] ENTER --> (_parseElementOnXpath)
14:38:17,709 INFO  [BrowserSelenium] (_parseElementOnXpath) -> //a[@href='/jbilling/config/index'] is used
14:38:17,709 INFO  [BrowserSelenium] EXIT --> (_parseElementOnXpath)
14:38:17,709 INFO  [BrowserSelenium] EXIT --> (_getByLocator)
14:38:17,727 INFO  [BrowserSelenium] ENTER --> (_getByLocator)
14:38:17,727 INFO  [BrowserSelenium] (_getByLocator) -> Getting locator for null
14:38:17,727 INFO  [BrowserSelenium] (_getByLocator) -> Locator info found for XPATH attribute as: //a[@href='/jbilling/config/index']
14:38:17,727 INFO  [BrowserSelenium] ENTER --> (_parseElementOnXpath)
14:38:17,727 INFO  [BrowserSelenium] (_parseElementOnXpath) -> //a[@href='/jbilling/config/index'] is used
14:38:17,728 INFO  [BrowserSelenium] EXIT --> (_parseElementOnXpath)
14:38:17,728 INFO  [BrowserSelenium] EXIT --> (_getByLocator)
14:38:17,748 INFO  [BrowserSelenium] ENTER --> (_getByLocator)
14:38:17,748 INFO  [BrowserSelenium] (_getByLocator) -> Getting locator for null
14:38:17,749 INFO  [BrowserSelenium] (_getByLocator) -> Locator info found for XPATH attribute as: //a[@href='/jbilling/config/index']
14:38:17,749 INFO  [BrowserSelenium] ENTER --> (_parseElementOnXpath)
14:38:17,749 INFO  [BrowserSelenium] (_parseElementOnXpath) -> //a[@href='/jbilling/config/index'] is used
14:38:17,749 INFO  [BrowserSelenium] EXIT --> (_parseElementOnXpath)
14:38:17,749 INFO  [BrowserSelenium] EXIT --> (_getByLocator)
14:38:17,770 INFO  [BrowserSelenium] ENTER --> (_getByLocator)
14:38:17,770 INFO  [BrowserSelenium] (_getByLocator) -> Getting locator for null
14:38:17,770 INFO  [BrowserSelenium] (_getByLocator) -> Locator info found for XPATH attribute as: //a[@href='/jbilling/config/index']
14:38:17,770 INFO  [BrowserSelenium] ENTER --> (_parseElementOnXpath)
14:38:17,770 INFO  [BrowserSelenium] (_parseElementOnXpath) -> //a[@href='/jbilling/config/index'] is used
14:38:17,770 INFO  [BrowserSelenium] EXIT --> (_parseElementOnXpath)
14:38:17,770 INFO  [BrowserSelenium] EXIT --> (_getByLocator)
14:38:17,786 INFO  [BrowserSelenium] ENTER --> (_getByLocator)
14:38:17,787 INFO  [BrowserSelenium] (_getByLocator) -> Getting locator for null
14:38:17,787 INFO  [BrowserSelenium] (_getByLocator) -> Locator info found for XPATH attribute as: //a[@href='/jbilling/config/index']
14:38:17,787 INFO  [BrowserSelenium] ENTER --> (_parseElementOnXpath)
14:38:17,787 INFO  [BrowserSelenium] (_parseElementOnXpath) -> //a[@href='/jbilling/config/index'] is used
14:38:17,787 INFO  [BrowserSelenium] EXIT --> (_parseElementOnXpath)
14:38:17,787 INFO  [BrowserSelenium] EXIT --> (_getByLocator)
14:38:17,808 INFO  [BrowserSelenium] ENTER --> (_getByLocator)
14:38:17,808 INFO  [BrowserSelenium] (_getByLocator) -> Getting locator for null
14:38:17,809 INFO  [BrowserSelenium] (_getByLocator) -> Locator info found for XPATH attribute as: //a[@href='/jbilling/config/index']
14:38:17,809 INFO  [BrowserSelenium] ENTER --> (_parseElementOnXpath)
14:38:17,809 INFO  [BrowserSelenium] (_parseElementOnXpath) -> //a[@href='/jbilling/config/index'] is used
14:38:17,809 INFO  [BrowserSelenium] EXIT --> (_parseElementOnXpath)
14:38:17,809 INFO  [BrowserSelenium] EXIT --> (_getByLocator)
14:38:17,826 INFO  [BrowserSelenium] ENTER --> (_getByLocator)
14:38:17,826 INFO  [BrowserSelenium] (_getByLocator) -> Getting locator for null
14:38:17,826 INFO  [BrowserSelenium] (_getByLocator) -> Locator info found for XPATH attribute as: //a[@href='/jbilling/config/index']
14:38:17,826 INFO  [BrowserSelenium] ENTER --> (_parseElementOnXpath)
14:38:17,826 INFO  [BrowserSelenium] (_parseElementOnXpath) -> //a[@href='/jbilling/config/index'] is used
14:38:17,827 INFO  [BrowserSelenium] EXIT --> (_parseElementOnXpath)
14:38:17,827 INFO  [BrowserSelenium] EXIT --> (_getByLocator)
14:38:17,843 INFO  [BrowserSelenium] ENTER --> (_getByLocator)
14:38:17,843 INFO  [BrowserSelenium] (_getByLocator) -> Getting locator for null
14:38:17,843 INFO  [BrowserSelenium] (_getByLocator) -> Locator info found for XPATH attribute as: //a[@href='/jbilling/config/index']
14:38:17,844 INFO  [BrowserSelenium] ENTER --> (_parseElementOnXpath)
14:38:17,844 INFO  [BrowserSelenium] (_parseElementOnXpath) -> //a[@href='/jbilling/config/index'] is used
14:38:17,844 INFO  [BrowserSelenium] EXIT --> (_parseElementOnXpath)
14:38:17,844 INFO  [BrowserSelenium] EXIT --> (_getByLocator)
14:38:17,862 INFO  [BrowserSelenium] ENTER --> (_getByLocator)
14:38:17,862 INFO  [BrowserSelenium] (_getByLocator) -> Getting locator for null
14:38:17,862 INFO  [BrowserSelenium] (_getByLocator) -> Locator info found for XPATH attribute as: //a[@href='/jbilling/config/index']
14:38:17,862 INFO  [BrowserSelenium] ENTER --> (_parseElementOnXpath)
14:38:17,862 INFO  [BrowserSelenium] (_parseElementOnXpath) -> //a[@href='/jbilling/config/index'] is used
14:38:17,862 INFO  [BrowserSelenium] EXIT --> (_parseElementOnXpath)
14:38:17,862 INFO  [BrowserSelenium] EXIT --> (_getByLocator)
14:38:17,882 INFO  [BrowserSelenium] ENTER --> (_getByLocator)
14:38:17,882 INFO  [BrowserSelenium] (_getByLocator) -> Getting locator for null
14:38:17,882 INFO  [BrowserSelenium] (_getByLocator) -> Locator info found for XPATH attribute as: //a[@href='/jbilling/config/index']
14:38:17,882 INFO  [BrowserSelenium] ENTER --> (_parseElementOnXpath)
14:38:17,882 INFO  [BrowserSelenium] (_parseElementOnXpath) -> //a[@href='/jbilling/config/index'] is used
14:38:17,883 INFO  [BrowserSelenium] EXIT --> (_parseElementOnXpath)
14:38:17,883 INFO  [BrowserSelenium] EXIT --> (_getByLocator)
14:38:17,903 INFO  [BrowserSelenium] ENTER --> (_getByLocator)
14:38:17,903 INFO  [BrowserSelenium] (_getByLocator) -> Getting locator for null
14:38:17,903 INFO  [BrowserSelenium] (_getByLocator) -> Locator info found for XPATH attribute as: //a[@href='/jbilling/config/index']
14:38:17,903 INFO  [BrowserSelenium] ENTER --> (_parseElementOnXpath)
14:38:17,903 INFO  [BrowserSelenium] (_parseElementOnXpath) -> //a[@href='/jbilling/config/index'] is used
14:38:17,903 INFO  [BrowserSelenium] EXIT --> (_parseElementOnXpath)
14:38:17,903 INFO  [BrowserSelenium] EXIT --> (_getByLocator)
14:38:17,924 INFO  [BrowserSelenium] ENTER --> (_getByLocator)
14:38:17,924 INFO  [BrowserSelenium] (_getByLocator) -> Getting locator for null
14:38:17,924 INFO  [BrowserSelenium] (_getByLocator) -> Locator info found for XPATH attribute as: //a[@href='/jbilling/config/index']
14:38:17,924 INFO  [BrowserSelenium] ENTER --> (_parseElementOnXpath)
14:38:17,924 INFO  [BrowserSelenium] (_parseElementOnXpath) -> //a[@href='/jbilling/config/index'] is used
14:38:17,924 INFO  [BrowserSelenium] EXIT --> (_parseElementOnXpath)
14:38:17,924 INFO  [BrowserSelenium] EXIT --> (_getByLocator)
14:38:17,944 INFO  [BrowserSelenium] ENTER --> (_getByLocator)
14:38:17,944 INFO  [BrowserSelenium] (_getByLocator) -> Getting locator for null
14:38:17,944 INFO  [BrowserSelenium] (_getByLocator) -> Locator info found for XPATH attribute as: //a[@href='/jbilling/config/index']
14:38:17,945 INFO  [BrowserSelenium] ENTER --> (_parseElementOnXpath)
14:38:17,945 INFO  [BrowserSelenium] (_parseElementOnXpath) -> //a[@href='/jbilling/config/index'] is used
14:38:17,945 INFO  [BrowserSelenium] EXIT --> (_parseElementOnXpath)
14:38:17,945 INFO  [BrowserSelenium] EXIT --> (_getByLocator)
14:38:17,964 INFO  [BrowserSelenium] ENTER --> (_getByLocator)
14:38:17,964 INFO  [BrowserSelenium] (_getByLocator) -> Getting locator for null
14:38:17,964 INFO  [BrowserSelenium] (_getByLocator) -> Locator info found for XPATH attribute as: //a[@href='/jbilling/config/index']
14:38:17,964 INFO  [BrowserSelenium] ENTER --> (_parseElementOnXpath)
14:38:17,964 INFO  [BrowserSelenium] (_parseElementOnXpath) -> //a[@href='/jbilling/config/index'] is used
14:38:17,965 INFO  [BrowserSelenium] EXIT --> (_parseElementOnXpath)
14:38:17,965 INFO  [BrowserSelenium] EXIT --> (_getByLocator)
14:38:17,983 INFO  [BrowserSelenium] ENTER --> (_getByLocator)
14:38:17,983 INFO  [BrowserSelenium] (_getByLocator) -> Getting locator for null
14:38:17,983 INFO  [BrowserSelenium] (_getByLocator) -> Locator info found for XPATH attribute as: //a[@href='/jbilling/config/index']
14:38:17,984 INFO  [BrowserSelenium] ENTER --> (_parseElementOnXpath)
14:38:17,984 INFO  [BrowserSelenium] (_parseElementOnXpath) -> //a[@href='/jbilling/config/index'] is used
14:38:17,984 INFO  [BrowserSelenium] EXIT --> (_parseElementOnXpath)
14:38:17,984 INFO  [BrowserSelenium] EXIT --> (_getByLocator)
14:38:18,001 INFO  [BrowserSelenium] ENTER --> (_getByLocator)
14:38:18,002 INFO  [BrowserSelenium] (_getByLocator) -> Getting locator for null
14:38:18,002 INFO  [BrowserSelenium] (_getByLocator) -> Locator info found for XPATH attribute as: //a[@href='/jbilling/config/index']
14:38:18,002 INFO  [BrowserSelenium] ENTER --> (_parseElementOnXpath)
14:38:18,002 INFO  [BrowserSelenium] (_parseElementOnXpath) -> //a[@href='/jbilling/config/index'] is used
14:38:18,002 INFO  [BrowserSelenium] EXIT --> (_parseElementOnXpath)
14:38:18,002 INFO  [BrowserSelenium] EXIT --> (_getByLocator)
14:38:18,022 INFO  [BrowserSelenium] ENTER --> (_getByLocator)
14:38:18,022 INFO  [BrowserSelenium] (_getByLocator) -> Getting locator for null
14:38:18,022 INFO  [BrowserSelenium] (_getByLocator) -> Locator info found for XPATH attribute as: //a[@href='/jbilling/config/index']
14:38:18,022 INFO  [BrowserSelenium] ENTER --> (_parseElementOnXpath)
14:38:18,023 INFO  [BrowserSelenium] (_parseElementOnXpath) -> //a[@href='/jbilling/config/index'] is used
14:38:18,023 INFO  [BrowserSelenium] EXIT --> (_parseElementOnXpath)
14:38:18,023 INFO  [BrowserSelenium] EXIT --> (_getByLocator)
14:38:18,039 INFO  [BrowserSelenium] ENTER --> (_getByLocator)
14:38:18,039 INFO  [BrowserSelenium] (_getByLocator) -> Getting locator for null
14:38:18,039 INFO  [BrowserSelenium] (_getByLocator) -> Locator info found for XPATH attribute as: //a[@href='/jbilling/config/index']
14:38:18,040 INFO  [BrowserSelenium] ENTER --> (_parseElementOnXpath)
14:38:18,040 INFO  [BrowserSelenium] (_parseElementOnXpath) -> //a[@href='/jbilling/config/index'] is used
14:38:18,040 INFO  [BrowserSelenium] EXIT --> (_parseElementOnXpath)
14:38:18,040 INFO  [BrowserSelenium] EXIT --> (_getByLocator)
14:38:18,061 INFO  [BrowserSelenium] ENTER --> (_getByLocator)
14:38:18,061 INFO  [BrowserSelenium] (_getByLocator) -> Getting locator for null
14:38:18,061 INFO  [BrowserSelenium] (_getByLocator) -> Locator info found for XPATH attribute as: //a[@href='/jbilling/config/index']
14:38:18,061 INFO  [BrowserSelenium] ENTER --> (_parseElementOnXpath)
14:38:18,062 INFO  [BrowserSelenium] (_parseElementOnXpath) -> //a[@href='/jbilling/config/index'] is used
14:38:18,062 INFO  [BrowserSelenium] EXIT --> (_parseElementOnXpath)
14:38:18,062 INFO  [BrowserSelenium] EXIT --> (_getByLocator)
14:38:18,079 INFO  [BrowserSelenium] ENTER --> (_getByLocator)
14:38:18,079 INFO  [BrowserSelenium] (_getByLocator) -> Getting locator for null
14:38:18,079 INFO  [BrowserSelenium] (_getByLocator) -> Locator info found for XPATH attribute as: //a[@href='/jbilling/config/index']
14:38:18,080 INFO  [BrowserSelenium] ENTER --> (_parseElementOnXpath)
14:38:18,080 INFO  [BrowserSelenium] (_parseElementOnXpath) -> //a[@href='/jbilling/config/index'] is used
14:38:18,080 INFO  [BrowserSelenium] EXIT --> (_parseElementOnXpath)
14:38:18,080 INFO  [BrowserSelenium] EXIT --> (_getByLocator)
14:38:18,098 INFO  [BrowserSelenium] ENTER --> (_getByLocator)
14:38:18,098 INFO  [BrowserSelenium] (_getByLocator) -> Getting locator for null
14:38:18,098 INFO  [BrowserSelenium] (_getByLocator) -> Locator info found for XPATH attribute as: //a[@href='/jbilling/config/index']
14:38:18,099 INFO  [BrowserSelenium] ENTER --> (_parseElementOnXpath)
14:38:18,099 INFO  [BrowserSelenium] (_parseElementOnXpath) -> //a[@href='/jbilling/config/index'] is used
14:38:18,099 INFO  [BrowserSelenium] EXIT --> (_parseElementOnXpath)
14:38:18,099 INFO  [BrowserSelenium] EXIT --> (_getByLocator)
14:38:18,123 INFO  [BrowserSelenium] ENTER --> (_getByLocator)
14:38:18,123 INFO  [BrowserSelenium] (_getByLocator) -> Getting locator for null
14:38:18,123 INFO  [BrowserSelenium] (_getByLocator) -> Locator info found for XPATH attribute as: //a[@href='/jbilling/config/index']
14:38:18,123 INFO  [BrowserSelenium] ENTER --> (_parseElementOnXpath)
14:38:18,123 INFO  [BrowserSelenium] (_parseElementOnXpath) -> //a[@href='/jbilling/config/index'] is used
14:38:18,123 INFO  [BrowserSelenium] EXIT --> (_parseElementOnXpath)
14:38:18,123 INFO  [BrowserSelenium] EXIT --> (_getByLocator)
14:38:18,142 INFO  [BrowserSelenium] ENTER --> (_getByLocator)
14:38:18,142 INFO  [BrowserSelenium] (_getByLocator) -> Getting locator for null
14:38:18,142 INFO  [BrowserSelenium] (_getByLocator) -> Locator info found for XPATH attribute as: //a[@href='/jbilling/config/index']
14:38:18,143 INFO  [BrowserSelenium] ENTER --> (_parseElementOnXpath)
14:38:18,143 INFO  [BrowserSelenium] (_parseElementOnXpath) -> //a[@href='/jbilling/config/index'] is used
14:38:18,143 INFO  [BrowserSelenium] EXIT --> (_parseElementOnXpath)
14:38:18,143 INFO  [BrowserSelenium] EXIT --> (_getByLocator)
14:38:18,160 INFO  [BrowserSelenium] ENTER --> (_getByLocator)
14:38:18,160 INFO  [BrowserSelenium] (_getByLocator) -> Getting locator for null
14:38:18,160 INFO  [BrowserSelenium] (_getByLocator) -> Locator info found for XPATH attribute as: //a[@href='/jbilling/config/index']
14:38:18,160 INFO  [BrowserSelenium] ENTER --> (_parseElementOnXpath)
14:38:18,160 INFO  [BrowserSelenium] (_parseElementOnXpath) -> //a[@href='/jbilling/config/index'] is used
14:38:18,160 INFO  [BrowserSelenium] EXIT --> (_parseElementOnXpath)
14:38:18,161 INFO  [BrowserSelenium] EXIT --> (_getByLocator)
14:38:18,178 INFO  [BrowserSelenium] ENTER --> (_getByLocator)
14:38:18,179 INFO  [BrowserSelenium] (_getByLocator) -> Getting locator for null
14:38:18,179 INFO  [BrowserSelenium] (_getByLocator) -> Locator info found for XPATH attribute as: //a[@href='/jbilling/config/index']
14:38:18,179 INFO  [BrowserSelenium] ENTER --> (_parseElementOnXpath)
14:38:18,179 INFO  [BrowserSelenium] (_parseElementOnXpath) -> //a[@href='/jbilling/config/index'] is used
14:38:18,179 INFO  [BrowserSelenium] EXIT --> (_parseElementOnXpath)
14:38:18,179 INFO  [BrowserSelenium] EXIT --> (_getByLocator)
14:38:18,196 INFO  [BrowserSelenium] ENTER --> (_getByLocator)
14:38:18,196 INFO  [BrowserSelenium] (_getByLocator) -> Getting locator for null
14:38:18,196 INFO  [BrowserSelenium] (_getByLocator) -> Locator info found for XPATH attribute as: //a[@href='/jbilling/config/index']
14:38:18,196 INFO  [BrowserSelenium] ENTER --> (_parseElementOnXpath)
14:38:18,197 INFO  [BrowserSelenium] (_parseElementOnXpath) -> //a[@href='/jbilling/config/index'] is used
14:38:18,197 INFO  [BrowserSelenium] EXIT --> (_parseElementOnXpath)
14:38:18,197 INFO  [BrowserSelenium] EXIT --> (_getByLocator)
14:38:18,214 INFO  [BrowserSelenium] ENTER --> (_getByLocator)
14:38:18,214 INFO  [BrowserSelenium] (_getByLocator) -> Getting locator for null
14:38:18,215 INFO  [BrowserSelenium] (_getByLocator) -> Locator info found for XPATH attribute as: //a[@href='/jbilling/config/index']
14:38:18,215 INFO  [BrowserSelenium] ENTER --> (_parseElementOnXpath)
14:38:18,215 INFO  [BrowserSelenium] (_parseElementOnXpath) -> //a[@href='/jbilling/config/index'] is used
14:38:18,215 INFO  [BrowserSelenium] EXIT --> (_parseElementOnXpath)
14:38:18,215 INFO  [BrowserSelenium] EXIT --> (_getByLocator)
14:38:18,239 INFO  [BrowserSelenium] ENTER --> (_getByLocator)
14:38:18,239 INFO  [BrowserSelenium] (_getByLocator) -> Getting locator for null
14:38:18,239 INFO  [BrowserSelenium] (_getByLocator) -> Locator info found for XPATH attribute as: //a[@href='/jbilling/config/index']
14:38:18,239 INFO  [BrowserSelenium] ENTER --> (_parseElementOnXpath)
14:38:18,239 INFO  [BrowserSelenium] (_parseElementOnXpath) -> //a[@href='/jbilling/config/index'] is used
14:38:18,239 INFO  [BrowserSelenium] EXIT --> (_parseElementOnXpath)
14:38:18,239 INFO  [BrowserSelenium] EXIT --> (_getByLocator)
14:38:18,256 INFO  [BrowserSelenium] ENTER --> (_getByLocator)
14:38:18,256 INFO  [BrowserSelenium] (_getByLocator) -> Getting locator for null
14:38:18,256 INFO  [BrowserSelenium] (_getByLocator) -> Locator info found for XPATH attribute as: //a[@href='/jbilling/config/index']
14:38:18,256 INFO  [BrowserSelenium] ENTER --> (_parseElementOnXpath)
14:38:18,256 INFO  [BrowserSelenium] (_parseElementOnXpath) -> //a[@href='/jbilling/config/index'] is used
14:38:18,256 INFO  [BrowserSelenium] EXIT --> (_parseElementOnXpath)
14:38:18,257 INFO  [BrowserSelenium] EXIT --> (_getByLocator)
14:38:18,276 INFO  [BrowserSelenium] ENTER --> (_getByLocator)
14:38:18,276 INFO  [BrowserSelenium] (_getByLocator) -> Getting locator for null
14:38:18,276 INFO  [BrowserSelenium] (_getByLocator) -> Locator info found for XPATH attribute as: //a[@href='/jbilling/config/index']
14:38:18,276 INFO  [BrowserSelenium] ENTER --> (_parseElementOnXpath)
14:38:18,276 INFO  [BrowserSelenium] (_parseElementOnXpath) -> //a[@href='/jbilling/config/index'] is used
14:38:18,276 INFO  [BrowserSelenium] EXIT --> (_parseElementOnXpath)
14:38:18,277 INFO  [BrowserSelenium] EXIT --> (_getByLocator)
14:38:18,295 INFO  [BrowserSelenium] ENTER --> (_getByLocator)
14:38:18,295 INFO  [BrowserSelenium] (_getByLocator) -> Getting locator for null
14:38:18,295 INFO  [BrowserSelenium] (_getByLocator) -> Locator info found for XPATH attribute as: //a[@href='/jbilling/config/index']
14:38:18,295 INFO  [BrowserSelenium] ENTER --> (_parseElementOnXpath)
14:38:18,295 INFO  [BrowserSelenium] (_parseElementOnXpath) -> //a[@href='/jbilling/config/index'] is used
14:38:18,295 INFO  [BrowserSelenium] EXIT --> (_parseElementOnXpath)
14:38:18,295 INFO  [BrowserSelenium] EXIT --> (_getByLocator)
14:38:18,316 INFO  [BrowserSelenium] ENTER --> (_getByLocator)
14:38:18,316 INFO  [BrowserSelenium] (_getByLocator) -> Getting locator for null
14:38:18,316 INFO  [BrowserSelenium] (_getByLocator) -> Locator info found for XPATH attribute as: //a[@href='/jbilling/config/index']
14:38:18,316 INFO  [BrowserSelenium] ENTER --> (_parseElementOnXpath)
14:38:18,317 INFO  [BrowserSelenium] (_parseElementOnXpath) -> //a[@href='/jbilling/config/index'] is used
14:38:18,317 INFO  [BrowserSelenium] EXIT --> (_parseElementOnXpath)
14:38:18,317 INFO  [BrowserSelenium] EXIT --> (_getByLocator)
14:38:18,335 INFO  [BrowserSelenium] ENTER --> (_getByLocator)
14:38:18,336 INFO  [BrowserSelenium] (_getByLocator) -> Getting locator for null
14:38:18,336 INFO  [BrowserSelenium] (_getByLocator) -> Locator info found for XPATH attribute as: //a[@href='/jbilling/config/index']
14:38:18,336 INFO  [BrowserSelenium] ENTER --> (_parseElementOnXpath)
14:38:18,336 INFO  [BrowserSelenium] (_parseElementOnXpath) -> //a[@href='/jbilling/config/index'] is used
14:38:18,336 INFO  [BrowserSelenium] EXIT --> (_parseElementOnXpath)
14:38:18,336 INFO  [BrowserSelenium] EXIT --> (_getByLocator)
14:38:18,356 INFO  [BrowserSelenium] ENTER --> (_getByLocator)
14:38:18,356 INFO  [BrowserSelenium] (_getByLocator) -> Getting locator for null
14:38:18,356 INFO  [BrowserSelenium] (_getByLocator) -> Locator info found for XPATH attribute as: //a[@href='/jbilling/config/index']
14:38:18,356 INFO  [BrowserSelenium] ENTER --> (_parseElementOnXpath)
14:38:18,356 INFO  [BrowserSelenium] (_parseElementOnXpath) -> //a[@href='/jbilling/config/index'] is used
14:38:18,356 INFO  [BrowserSelenium] EXIT --> (_parseElementOnXpath)
14:38:18,356 INFO  [BrowserSelenium] EXIT --> (_getByLocator)
14:38:18,374 INFO  [BrowserSelenium] ENTER --> (_getByLocator)
14:38:18,374 INFO  [BrowserSelenium] (_getByLocator) -> Getting locator for null
14:38:18,374 INFO  [BrowserSelenium] (_getByLocator) -> Locator info found for XPATH attribute as: //a[@href='/jbilling/config/index']
14:38:18,374 INFO  [BrowserSelenium] ENTER --> (_parseElementOnXpath)
14:38:18,374 INFO  [BrowserSelenium] (_parseElementOnXpath) -> //a[@href='/jbilling/config/index'] is used
14:38:18,374 INFO  [BrowserSelenium] EXIT --> (_parseElementOnXpath)
14:38:18,375 INFO  [BrowserSelenium] EXIT --> (_getByLocator)
14:38:18,393 INFO  [BrowserSelenium] ENTER --> (_getByLocator)
14:38:18,393 INFO  [BrowserSelenium] (_getByLocator) -> Getting locator for null
14:38:18,393 INFO  [BrowserSelenium] (_getByLocator) -> Locator info found for XPATH attribute as: //a[@href='/jbilling/config/index']
14:38:18,393 INFO  [BrowserSelenium] ENTER --> (_parseElementOnXpath)
14:38:18,393 INFO  [BrowserSelenium] (_parseElementOnXpath) -> //a[@href='/jbilling/config/index'] is used
14:38:18,394 INFO  [BrowserSelenium] EXIT --> (_parseElementOnXpath)
14:38:18,394 INFO  [BrowserSelenium] EXIT --> (_getByLocator)
14:38:18,414 INFO  [BrowserSelenium] ENTER --> (_getByLocator)
14:38:18,414 INFO  [BrowserSelenium] (_getByLocator) -> Getting locator for null
14:38:18,415 INFO  [BrowserSelenium] (_getByLocator) -> Locator info found for XPATH attribute as: //a[@href='/jbilling/config/index']
14:38:18,415 INFO  [BrowserSelenium] ENTER --> (_parseElementOnXpath)
14:38:18,415 INFO  [BrowserSelenium] (_parseElementOnXpath) -> //a[@href='/jbilling/config/index'] is used
14:38:18,415 INFO  [BrowserSelenium] EXIT --> (_parseElementOnXpath)
14:38:18,415 INFO  [BrowserSelenium] EXIT --> (_getByLocator)
14:38:18,431 INFO  [BrowserSelenium] ENTER --> (_getByLocator)
14:38:18,432 INFO  [BrowserSelenium] (_getByLocator) -> Getting locator for null
14:38:18,432 INFO  [BrowserSelenium] (_getByLocator) -> Locator info found for XPATH attribute as: //a[@href='/jbilling/config/index']
14:38:18,432 INFO  [BrowserSelenium] ENTER --> (_parseElementOnXpath)
14:38:18,432 INFO  [BrowserSelenium] (_parseElementOnXpath) -> //a[@href='/jbilling/config/index'] is used
14:38:18,432 INFO  [BrowserSelenium] EXIT --> (_parseElementOnXpath)
14:38:18,433 INFO  [BrowserSelenium] EXIT --> (_getByLocator)
14:38:18,452 INFO  [BrowserSelenium] ENTER --> (_getByLocator)
14:38:18,452 INFO  [BrowserSelenium] (_getByLocator) -> Getting locator for null
14:38:18,452 INFO  [BrowserSelenium] (_getByLocator) -> Locator info found for XPATH attribute as: //a[@href='/jbilling/config/index']
14:38:18,452 INFO  [BrowserSelenium] ENTER --> (_parseElementOnXpath)
14:38:18,452 INFO  [BrowserSelenium] (_parseElementOnXpath) -> //a[@href='/jbilling/config/index'] is used
14:38:18,453 INFO  [BrowserSelenium] EXIT --> (_parseElementOnXpath)
14:38:18,453 INFO  [BrowserSelenium] EXIT --> (_getByLocator)
14:38:18,469 INFO  [BrowserSelenium] ENTER --> (_getByLocator)
14:38:18,469 INFO  [BrowserSelenium] (_getByLocator) -> Getting locator for null
14:38:18,469 INFO  [BrowserSelenium] (_getByLocator) -> Locator info found for XPATH attribute as: //a[@href='/jbilling/config/index']
14:38:18,470 INFO  [BrowserSelenium] ENTER --> (_parseElementOnXpath)
14:38:18,470 INFO  [BrowserSelenium] (_parseElementOnXpath) -> //a[@href='/jbilling/config/index'] is used
14:38:18,470 INFO  [BrowserSelenium] EXIT --> (_parseElementOnXpath)
14:38:18,470 INFO  [BrowserSelenium] EXIT --> (_getByLocator)
14:38:18,488 INFO  [BrowserSelenium] ENTER --> (_getByLocator)
14:38:18,488 INFO  [BrowserSelenium] (_getByLocator) -> Getting locator for null
14:38:18,488 INFO  [BrowserSelenium] (_getByLocator) -> Locator info found for XPATH attribute as: //a[@href='/jbilling/config/index']
14:38:18,488 INFO  [BrowserSelenium] ENTER --> (_parseElementOnXpath)
14:38:18,489 INFO  [BrowserSelenium] (_parseElementOnXpath) -> //a[@href='/jbilling/config/index'] is used
14:38:18,489 INFO  [BrowserSelenium] EXIT --> (_parseElementOnXpath)
14:38:18,489 INFO  [BrowserSelenium] EXIT --> (_getByLocator)
14:38:18,505 INFO  [BrowserSelenium] ENTER --> (_getByLocator)
14:38:18,505 INFO  [BrowserSelenium] (_getByLocator) -> Getting locator for null
14:38:18,505 INFO  [BrowserSelenium] (_getByLocator) -> Locator info found for XPATH attribute as: //a[@href='/jbilling/config/index']
14:38:18,505 INFO  [BrowserSelenium] ENTER --> (_parseElementOnXpath)
14:38:18,506 INFO  [BrowserSelenium] (_parseElementOnXpath) -> //a[@href='/jbilling/config/index'] is used
14:38:18,506 INFO  [BrowserSelenium] EXIT --> (_parseElementOnXpath)
14:38:18,506 INFO  [BrowserSelenium] EXIT --> (_getByLocator)
14:38:18,523 INFO  [BrowserSelenium] ENTER --> (_getByLocator)
14:38:18,523 INFO  [BrowserSelenium] (_getByLocator) -> Getting locator for null
14:38:18,523 INFO  [BrowserSelenium] (_getByLocator) -> Locator info found for XPATH attribute as: //a[@href='/jbilling/config/index']
14:38:18,523 INFO  [BrowserSelenium] ENTER --> (_parseElementOnXpath)
14:38:18,524 INFO  [BrowserSelenium] (_parseElementOnXpath) -> //a[@href='/jbilling/config/index'] is used
14:38:18,524 INFO  [BrowserSelenium] EXIT --> (_parseElementOnXpath)
14:38:18,524 INFO  [BrowserSelenium] EXIT --> (_getByLocator)
14:38:18,541 INFO  [BrowserSelenium] ENTER --> (_getByLocator)
14:38:18,541 INFO  [BrowserSelenium] (_getByLocator) -> Getting locator for null
14:38:18,541 INFO  [BrowserSelenium] (_getByLocator) -> Locator info found for XPATH attribute as: //a[@href='/jbilling/config/index']
14:38:18,541 INFO  [BrowserSelenium] ENTER --> (_parseElementOnXpath)
14:38:18,541 INFO  [BrowserSelenium] (_parseElementOnXpath) -> //a[@href='/jbilling/config/index'] is used
14:38:18,541 INFO  [BrowserSelenium] EXIT --> (_parseElementOnXpath)
14:38:18,542 INFO  [BrowserSelenium] EXIT --> (_getByLocator)
14:38:18,558 INFO  [BrowserSelenium] ENTER --> (_getByLocator)
14:38:18,558 INFO  [BrowserSelenium] (_getByLocator) -> Getting locator for null
14:38:18,559 INFO  [BrowserSelenium] (_getByLocator) -> Locator info found for XPATH attribute as: //a[@href='/jbilling/config/index']
14:38:18,559 INFO  [BrowserSelenium] ENTER --> (_parseElementOnXpath)
14:38:18,559 INFO  [BrowserSelenium] (_parseElementOnXpath) -> //a[@href='/jbilling/config/index'] is used
14:38:18,559 INFO  [BrowserSelenium] EXIT --> (_parseElementOnXpath)
14:38:18,559 INFO  [BrowserSelenium] EXIT --> (_getByLocator)
14:38:18,575 INFO  [BrowserSelenium] ENTER --> (_getByLocator)
14:38:18,576 INFO  [BrowserSelenium] (_getByLocator) -> Getting locator for null
14:38:18,576 INFO  [BrowserSelenium] (_getByLocator) -> Locator info found for XPATH attribute as: //a[@href='/jbilling/config/index']
14:38:18,576 INFO  [BrowserSelenium] ENTER --> (_parseElementOnXpath)
14:38:18,576 INFO  [BrowserSelenium] (_parseElementOnXpath) -> //a[@href='/jbilling/config/index'] is used
14:38:18,576 INFO  [BrowserSelenium] EXIT --> (_parseElementOnXpath)
14:38:18,576 INFO  [BrowserSelenium] EXIT --> (_getByLocator)
14:38:18,593 INFO  [BrowserSelenium] ENTER --> (_getByLocator)
14:38:18,593 INFO  [BrowserSelenium] (_getByLocator) -> Getting locator for null
14:38:18,593 INFO  [BrowserSelenium] (_getByLocator) -> Locator info found for XPATH attribute as: //a[@href='/jbilling/config/index']
14:38:18,594 INFO  [BrowserSelenium] ENTER --> (_parseElementOnXpath)
14:38:18,594 INFO  [BrowserSelenium] (_parseElementOnXpath) -> //a[@href='/jbilling/config/index'] is used
14:38:18,594 INFO  [BrowserSelenium] EXIT --> (_parseElementOnXpath)
14:38:18,594 INFO  [BrowserSelenium] EXIT --> (_getByLocator)
14:38:18,617 INFO  [BrowserSelenium] ENTER --> (_getByLocator)
14:38:18,618 INFO  [BrowserSelenium] (_getByLocator) -> Getting locator for null
14:38:18,618 INFO  [BrowserSelenium] (_getByLocator) -> Locator info found for XPATH attribute as: //a[@href='/jbilling/config/index']
14:38:18,618 INFO  [BrowserSelenium] ENTER --> (_parseElementOnXpath)
14:38:18,618 INFO  [BrowserSelenium] (_parseElementOnXpath) -> //a[@href='/jbilling/config/index'] is used
14:38:18,618 INFO  [BrowserSelenium] EXIT --> (_parseElementOnXpath)
14:38:18,618 INFO  [BrowserSelenium] EXIT --> (_getByLocator)
14:38:18,637 INFO  [BrowserSelenium] ENTER --> (_getByLocator)
14:38:18,637 INFO  [BrowserSelenium] (_getByLocator) -> Getting locator for null
14:38:18,637 INFO  [BrowserSelenium] (_getByLocator) -> Locator info found for XPATH attribute as: //a[@href='/jbilling/config/index']
14:38:18,637 INFO  [BrowserSelenium] ENTER --> (_parseElementOnXpath)
14:38:18,637 INFO  [BrowserSelenium] (_parseElementOnXpath) -> //a[@href='/jbilling/config/index'] is used
14:38:18,637 INFO  [BrowserSelenium] EXIT --> (_parseElementOnXpath)
14:38:18,637 INFO  [BrowserSelenium] EXIT --> (_getByLocator)
14:38:18,657 INFO  [BrowserSelenium] ENTER --> (_getByLocator)
14:38:18,657 INFO  [BrowserSelenium] (_getByLocator) -> Getting locator for null
14:38:18,657 INFO  [BrowserSelenium] (_getByLocator) -> Locator info found for XPATH attribute as: //a[@href='/jbilling/config/index']
14:38:18,657 INFO  [BrowserSelenium] ENTER --> (_parseElementOnXpath)
14:38:18,657 INFO  [BrowserSelenium] (_parseElementOnXpath) -> //a[@href='/jbilling/config/index'] is used
14:38:18,658 INFO  [BrowserSelenium] EXIT --> (_parseElementOnXpath)
14:38:18,658 INFO  [BrowserSelenium] EXIT --> (_getByLocator)
14:38:18,674 INFO  [BrowserSelenium] ENTER --> (_getByLocator)
14:38:18,674 INFO  [BrowserSelenium] (_getByLocator) -> Getting locator for null
14:38:18,675 INFO  [BrowserSelenium] (_getByLocator) -> Locator info found for XPATH attribute as: //a[@href='/jbilling/config/index']
14:38:18,675 INFO  [BrowserSelenium] ENTER --> (_parseElementOnXpath)
14:38:18,675 INFO  [BrowserSelenium] (_parseElementOnXpath) -> //a[@href='/jbilling/config/index'] is used
14:38:18,675 INFO  [BrowserSelenium] EXIT --> (_parseElementOnXpath)
14:38:18,675 INFO  [BrowserSelenium] EXIT --> (_getByLocator)
14:38:18,693 INFO  [BrowserSelenium] ENTER --> (_getByLocator)
14:38:18,693 INFO  [BrowserSelenium] (_getByLocator) -> Getting locator for null
14:38:18,693 INFO  [BrowserSelenium] (_getByLocator) -> Locator info found for XPATH attribute as: //a[@href='/jbilling/config/index']
14:38:18,693 INFO  [BrowserSelenium] ENTER --> (_parseElementOnXpath)
14:38:18,693 INFO  [BrowserSelenium] (_parseElementOnXpath) -> //a[@href='/jbilling/config/index'] is used
14:38:18,694 INFO  [BrowserSelenium] EXIT --> (_parseElementOnXpath)
14:38:18,694 INFO  [BrowserSelenium] EXIT --> (_getByLocator)
14:38:18,712 INFO  [BrowserSelenium] ENTER --> (_getByLocator)
14:38:18,713 INFO  [BrowserSelenium] (_getByLocator) -> Getting locator for null
14:38:18,713 INFO  [BrowserSelenium] (_getByLocator) -> Locator info found for XPATH attribute as: //a[@href='/jbilling/config/index']
14:38:18,713 INFO  [BrowserSelenium] ENTER --> (_parseElementOnXpath)
14:38:18,713 INFO  [BrowserSelenium] (_parseElementOnXpath) -> //a[@href='/jbilling/config/index'] is used
14:38:18,713 INFO  [BrowserSelenium] EXIT --> (_parseElementOnXpath)
14:38:18,713 INFO  [BrowserSelenium] EXIT --> (_getByLocator)
14:38:18,732 INFO  [BrowserSelenium] ENTER --> (_getByLocator)
14:38:18,732 INFO  [BrowserSelenium] (_getByLocator) -> Getting locator for null
14:38:18,732 INFO  [BrowserSelenium] (_getByLocator) -> Locator info found for XPATH attribute as: //a[@href='/jbilling/config/index']
14:38:18,732 INFO  [BrowserSelenium] ENTER --> (_parseElementOnXpath)
14:38:18,732 INFO  [BrowserSelenium] (_parseElementOnXpath) -> //a[@href='/jbilling/config/index'] is used
14:38:18,733 INFO  [BrowserSelenium] EXIT --> (_parseElementOnXpath)
14:38:18,733 INFO  [BrowserSelenium] EXIT --> (_getByLocator)
14:38:18,751 INFO  [BrowserSelenium] ENTER --> (_getByLocator)
14:38:18,751 INFO  [BrowserSelenium] (_getByLocator) -> Getting locator for null
14:38:18,751 INFO  [BrowserSelenium] (_getByLocator) -> Locator info found for XPATH attribute as: //a[@href='/jbilling/config/index']
14:38:18,752 INFO  [BrowserSelenium] ENTER --> (_parseElementOnXpath)
14:38:18,752 INFO  [BrowserSelenium] (_parseElementOnXpath) -> //a[@href='/jbilling/config/index'] is used
14:38:18,752 INFO  [BrowserSelenium] EXIT --> (_parseElementOnXpath)
14:38:18,752 INFO  [BrowserSelenium] EXIT --> (_getByLocator)
14:38:18,771 INFO  [BrowserSelenium] ENTER --> (_getByLocator)
14:38:18,771 INFO  [BrowserSelenium] (_getByLocator) -> Getting locator for null
14:38:18,771 INFO  [BrowserSelenium] (_getByLocator) -> Locator info found for XPATH attribute as: //a[@href='/jbilling/config/index']
14:38:18,772 INFO  [BrowserSelenium] ENTER --> (_parseElementOnXpath)
14:38:18,772 INFO  [BrowserSelenium] (_parseElementOnXpath) -> //a[@href='/jbilling/config/index'] is used
14:38:18,772 INFO  [BrowserSelenium] EXIT --> (_parseElementOnXpath)
14:38:18,772 INFO  [BrowserSelenium] EXIT --> (_getByLocator)
14:38:18,789 INFO  [BrowserSelenium] ENTER --> (_getByLocator)
14:38:18,790 INFO  [BrowserSelenium] (_getByLocator) -> Getting locator for null
14:38:18,790 INFO  [BrowserSelenium] (_getByLocator) -> Locator info found for XPATH attribute as: //a[@href='/jbilling/config/index']
14:38:18,790 INFO  [BrowserSelenium] ENTER --> (_parseElementOnXpath)
14:38:18,790 INFO  [BrowserSelenium] (_parseElementOnXpath) -> //a[@href='/jbilling/config/index'] is used
14:38:18,790 INFO  [BrowserSelenium] EXIT --> (_parseElementOnXpath)
14:38:18,790 INFO  [BrowserSelenium] EXIT --> (_getByLocator)
14:38:18,810 INFO  [BrowserSelenium] ENTER --> (_getByLocator)
14:38:18,810 INFO  [BrowserSelenium] (_getByLocator) -> Getting locator for null
14:38:18,810 INFO  [BrowserSelenium] (_getByLocator) -> Locator info found for XPATH attribute as: //a[@href='/jbilling/config/index']
14:38:18,810 INFO  [BrowserSelenium] ENTER --> (_parseElementOnXpath)
14:38:18,810 INFO  [BrowserSelenium] (_parseElementOnXpath) -> //a[@href='/jbilling/config/index'] is used
14:38:18,811 INFO  [BrowserSelenium] EXIT --> (_parseElementOnXpath)
14:38:18,811 INFO  [BrowserSelenium] EXIT --> (_getByLocator)
14:38:18,830 INFO  [BrowserSelenium] ENTER --> (_getByLocator)
14:38:18,830 INFO  [BrowserSelenium] (_getByLocator) -> Getting locator for null
14:38:18,830 INFO  [BrowserSelenium] (_getByLocator) -> Locator info found for XPATH attribute as: //a[@href='/jbilling/config/index']
14:38:18,831 INFO  [BrowserSelenium] ENTER --> (_parseElementOnXpath)
14:38:18,831 INFO  [BrowserSelenium] (_parseElementOnXpath) -> //a[@href='/jbilling/config/index'] is used
14:38:18,831 INFO  [BrowserSelenium] EXIT --> (_parseElementOnXpath)
14:38:18,831 INFO  [BrowserSelenium] EXIT --> (_getByLocator)
14:38:18,848 INFO  [BrowserSelenium] ENTER --> (_getByLocator)
14:38:18,848 INFO  [BrowserSelenium] (_getByLocator) -> Getting locator for null
14:38:18,848 INFO  [BrowserSelenium] (_getByLocator) -> Locator info found for XPATH attribute as: //a[@href='/jbilling/config/index']
14:38:18,849 INFO  [BrowserSelenium] ENTER --> (_parseElementOnXpath)
14:38:18,849 INFO  [BrowserSelenium] (_parseElementOnXpath) -> //a[@href='/jbilling/config/index'] is used
14:38:18,849 INFO  [BrowserSelenium] EXIT --> (_parseElementOnXpath)
14:38:18,849 INFO  [BrowserSelenium] EXIT --> (_getByLocator)
14:38:18,866 INFO  [BrowserSelenium] ENTER --> (_getByLocator)
14:38:18,866 INFO  [BrowserSelenium] (_getByLocator) -> Getting locator for null
14:38:18,866 INFO  [BrowserSelenium] (_getByLocator) -> Locator info found for XPATH attribute as: //a[@href='/jbilling/config/index']
14:38:18,866 INFO  [BrowserSelenium] ENTER --> (_parseElementOnXpath)
14:38:18,866 INFO  [BrowserSelenium] (_parseElementOnXpath) -> //a[@href='/jbilling/config/index'] is used
14:38:18,866 INFO  [BrowserSelenium] EXIT --> (_parseElementOnXpath)
14:38:18,867 INFO  [BrowserSelenium] EXIT --> (_getByLocator)
14:38:18,886 INFO  [BrowserSelenium] ENTER --> (_getByLocator)
14:38:18,887 INFO  [BrowserSelenium] (_getByLocator) -> Getting locator for null
14:38:18,887 INFO  [BrowserSelenium] (_getByLocator) -> Locator info found for XPATH attribute as: //a[@href='/jbilling/config/index']
14:38:18,887 INFO  [BrowserSelenium] ENTER --> (_parseElementOnXpath)
14:38:18,887 INFO  [BrowserSelenium] (_parseElementOnXpath) -> //a[@href='/jbilling/config/index'] is used
14:38:18,887 INFO  [BrowserSelenium] EXIT --> (_parseElementOnXpath)
14:38:18,888 INFO  [BrowserSelenium] EXIT --> (_getByLocator)
14:38:18,905 INFO  [BrowserSelenium] ENTER --> (_getByLocator)
14:38:18,906 INFO  [BrowserSelenium] (_getByLocator) -> Getting locator for null
14:38:18,906 INFO  [BrowserSelenium] (_getByLocator) -> Locator info found for XPATH attribute as: //a[@href='/jbilling/config/index']
14:38:18,906 INFO  [BrowserSelenium] ENTER --> (_parseElementOnXpath)
14:38:18,906 INFO  [BrowserSelenium] (_parseElementOnXpath) -> //a[@href='/jbilling/config/index'] is used
14:38:18,906 INFO  [BrowserSelenium] EXIT --> (_parseElementOnXpath)
14:38:18,906 INFO  [BrowserSelenium] EXIT --> (_getByLocator)
14:38:18,924 INFO  [BrowserSelenium] ENTER --> (_getByLocator)
14:38:18,924 INFO  [BrowserSelenium] (_getByLocator) -> Getting locator for null
14:38:18,925 INFO  [BrowserSelenium] (_getByLocator) -> Locator info found for XPATH attribute as: //a[@href='/jbilling/config/index']
14:38:18,925 INFO  [BrowserSelenium] ENTER --> (_parseElementOnXpath)
14:38:18,925 INFO  [BrowserSelenium] (_parseElementOnXpath) -> //a[@href='/jbilling/config/index'] is used
14:38:18,925 INFO  [BrowserSelenium] EXIT --> (_parseElementOnXpath)
14:38:18,925 INFO  [BrowserSelenium] EXIT --> (_getByLocator)
14:38:18,946 INFO  [BrowserSelenium] ENTER --> (_getByLocator)
14:38:18,946 INFO  [BrowserSelenium] (_getByLocator) -> Getting locator for null
14:38:18,946 INFO  [BrowserSelenium] (_getByLocator) -> Locator info found for XPATH attribute as: //a[@href='/jbilling/config/index']
14:38:18,946 INFO  [BrowserSelenium] ENTER --> (_parseElementOnXpath)
14:38:18,946 INFO  [BrowserSelenium] (_parseElementOnXpath) -> //a[@href='/jbilling/config/index'] is used
14:38:18,946 INFO  [BrowserSelenium] EXIT --> (_parseElementOnXpath)
14:38:18,946 INFO  [BrowserSelenium] EXIT --> (_getByLocator)
14:38:18,967 INFO  [BrowserSelenium] ENTER --> (_getByLocator)
14:38:18,967 INFO  [BrowserSelenium] (_getByLocator) -> Getting locator for null
14:38:18,967 INFO  [BrowserSelenium] (_getByLocator) -> Locator info found for XPATH attribute as: //a[@href='/jbilling/config/index']
14:38:18,968 INFO  [BrowserSelenium] ENTER --> (_parseElementOnXpath)
14:38:18,968 INFO  [BrowserSelenium] (_parseElementOnXpath) -> //a[@href='/jbilling/config/index'] is used
14:38:18,968 INFO  [BrowserSelenium] EXIT --> (_parseElementOnXpath)
14:38:18,968 INFO  [BrowserSelenium] EXIT --> (_getByLocator)
14:38:18,987 INFO  [BrowserSelenium] ENTER --> (_getByLocator)
14:38:18,988 INFO  [BrowserSelenium] (_getByLocator) -> Getting locator for null
14:38:18,988 INFO  [BrowserSelenium] (_getByLocator) -> Locator info found for XPATH attribute as: //a[@href='/jbilling/config/index']
14:38:18,988 INFO  [BrowserSelenium] ENTER --> (_parseElementOnXpath)
14:38:18,988 INFO  [BrowserSelenium] (_parseElementOnXpath) -> //a[@href='/jbilling/config/index'] is used
14:38:18,988 INFO  [BrowserSelenium] EXIT --> (_parseElementOnXpath)
14:38:18,989 INFO  [BrowserSelenium] EXIT --> (_getByLocator)
14:38:19,005 INFO  [BrowserSelenium] ENTER --> (_getByLocator)
14:38:19,005 INFO  [BrowserSelenium] (_getByLocator) -> Getting locator for null
14:38:19,005 INFO  [BrowserSelenium] (_getByLocator) -> Locator info found for XPATH attribute as: //a[@href='/jbilling/config/index']
14:38:19,005 INFO  [BrowserSelenium] ENTER --> (_parseElementOnXpath)
14:38:19,006 INFO  [BrowserSelenium] (_parseElementOnXpath) -> //a[@href='/jbilling/config/index'] is used
14:38:19,006 INFO  [BrowserSelenium] EXIT --> (_parseElementOnXpath)
14:38:19,006 INFO  [BrowserSelenium] EXIT --> (_getByLocator)
14:38:19,028 INFO  [BrowserSelenium] ENTER --> (_getByLocator)
14:38:19,029 INFO  [BrowserSelenium] (_getByLocator) -> Getting locator for null
14:38:19,029 INFO  [BrowserSelenium] (_getByLocator) -> Locator info found for XPATH attribute as: //a[@href='/jbilling/config/index']
14:38:19,029 INFO  [BrowserSelenium] ENTER --> (_parseElementOnXpath)
14:38:19,029 INFO  [BrowserSelenium] (_parseElementOnXpath) -> //a[@href='/jbilling/config/index'] is used
14:38:19,029 INFO  [BrowserSelenium] EXIT --> (_parseElementOnXpath)
14:38:19,029 INFO  [BrowserSelenium] EXIT --> (_getByLocator)
14:38:19,050 INFO  [BrowserSelenium] ENTER --> (_getByLocator)
14:38:19,051 INFO  [BrowserSelenium] (_getByLocator) -> Getting locator for null
14:38:19,051 INFO  [BrowserSelenium] (_getByLocator) -> Locator info found for XPATH attribute as: //a[@href='/jbilling/config/index']
14:38:19,051 INFO  [BrowserSelenium] ENTER --> (_parseElementOnXpath)
14:38:19,051 INFO  [BrowserSelenium] (_parseElementOnXpath) -> //a[@href='/jbilling/config/index'] is used
14:38:19,051 INFO  [BrowserSelenium] EXIT --> (_parseElementOnXpath)
14:38:19,051 INFO  [BrowserSelenium] EXIT --> (_getByLocator)
14:38:19,071 INFO  [BrowserSelenium] ENTER --> (_getByLocator)
14:38:19,071 INFO  [BrowserSelenium] (_getByLocator) -> Getting locator for null
14:38:19,071 INFO  [BrowserSelenium] (_getByLocator) -> Locator info found for XPATH attribute as: //a[@href='/jbilling/config/index']
14:38:19,071 INFO  [BrowserSelenium] ENTER --> (_parseElementOnXpath)
14:38:19,071 INFO  [BrowserSelenium] (_parseElementOnXpath) -> //a[@href='/jbilling/config/index'] is used
14:38:19,072 INFO  [BrowserSelenium] EXIT --> (_parseElementOnXpath)
14:38:19,072 INFO  [BrowserSelenium] EXIT --> (_getByLocator)
14:38:19,090 INFO  [BrowserSelenium] ENTER --> (_getByLocator)
14:38:19,090 INFO  [BrowserSelenium] (_getByLocator) -> Getting locator for null
14:38:19,090 INFO  [BrowserSelenium] (_getByLocator) -> Locator info found for XPATH attribute as: //a[@href='/jbilling/config/index']
14:38:19,090 INFO  [BrowserSelenium] ENTER --> (_parseElementOnXpath)
14:38:19,090 INFO  [BrowserSelenium] (_parseElementOnXpath) -> //a[@href='/jbilling/config/index'] is used
14:38:19,090 INFO  [BrowserSelenium] EXIT --> (_parseElementOnXpath)
14:38:19,090 INFO  [BrowserSelenium] EXIT --> (_getByLocator)
14:38:19,108 INFO  [BrowserSelenium] ENTER --> (_getByLocator)
14:38:19,108 INFO  [BrowserSelenium] (_getByLocator) -> Getting locator for null
14:38:19,108 INFO  [BrowserSelenium] (_getByLocator) -> Locator info found for XPATH attribute as: //a[@href='/jbilling/config/index']
14:38:19,109 INFO  [BrowserSelenium] ENTER --> (_parseElementOnXpath)
14:38:19,109 INFO  [BrowserSelenium] (_parseElementOnXpath) -> //a[@href='/jbilling/config/index'] is used
14:38:19,109 INFO  [BrowserSelenium] EXIT --> (_parseElementOnXpath)
14:38:19,109 INFO  [BrowserSelenium] EXIT --> (_getByLocator)
14:38:19,126 INFO  [BrowserSelenium] ENTER --> (_getByLocator)
14:38:19,126 INFO  [BrowserSelenium] (_getByLocator) -> Getting locator for null
14:38:19,126 INFO  [BrowserSelenium] (_getByLocator) -> Locator info found for XPATH attribute as: //a[@href='/jbilling/config/index']
14:38:19,126 INFO  [BrowserSelenium] ENTER --> (_parseElementOnXpath)
14:38:19,126 INFO  [BrowserSelenium] (_parseElementOnXpath) -> //a[@href='/jbilling/config/index'] is used
14:38:19,126 INFO  [BrowserSelenium] EXIT --> (_parseElementOnXpath)
14:38:19,126 INFO  [BrowserSelenium] EXIT --> (_getByLocator)
14:38:19,143 INFO  [BrowserSelenium] ENTER --> (_getByLocator)
14:38:19,143 INFO  [BrowserSelenium] (_getByLocator) -> Getting locator for null
14:38:19,143 INFO  [BrowserSelenium] (_getByLocator) -> Locator info found for XPATH attribute as: //a[@href='/jbilling/config/index']
14:38:19,143 INFO  [BrowserSelenium] ENTER --> (_parseElementOnXpath)
14:38:19,144 INFO  [BrowserSelenium] (_parseElementOnXpath) -> //a[@href='/jbilling/config/index'] is used
14:38:19,144 INFO  [BrowserSelenium] EXIT --> (_parseElementOnXpath)
14:38:19,144 INFO  [BrowserSelenium] EXIT --> (_getByLocator)
14:38:19,161 INFO  [BrowserSelenium] ENTER --> (_getByLocator)
14:38:19,162 INFO  [BrowserSelenium] (_getByLocator) -> Getting locator for null
14:38:19,162 INFO  [BrowserSelenium] (_getByLocator) -> Locator info found for XPATH attribute as: //a[@href='/jbilling/config/index']
14:38:19,162 INFO  [BrowserSelenium] ENTER --> (_parseElementOnXpath)
14:38:19,162 INFO  [BrowserSelenium] (_parseElementOnXpath) -> //a[@href='/jbilling/config/index'] is used
14:38:19,162 INFO  [BrowserSelenium] EXIT --> (_parseElementOnXpath)
14:38:19,162 INFO  [BrowserSelenium] EXIT --> (_getByLocator)
14:38:19,181 INFO  [BrowserSelenium] ENTER --> (_getByLocator)
14:38:19,181 INFO  [BrowserSelenium] (_getByLocator) -> Getting locator for null
14:38:19,181 INFO  [BrowserSelenium] (_getByLocator) -> Locator info found for XPATH attribute as: //a[@href='/jbilling/config/index']
14:38:19,181 INFO  [BrowserSelenium] ENTER --> (_parseElementOnXpath)
14:38:19,182 INFO  [BrowserSelenium] (_parseElementOnXpath) -> //a[@href='/jbilling/config/index'] is used
14:38:19,182 INFO  [BrowserSelenium] EXIT --> (_parseElementOnXpath)
14:38:19,182 INFO  [BrowserSelenium] EXIT --> (_getByLocator)
14:38:19,198 INFO  [BrowserSelenium] ENTER --> (_getByLocator)
14:38:19,198 INFO  [BrowserSelenium] (_getByLocator) -> Getting locator for null
14:38:19,198 INFO  [BrowserSelenium] (_getByLocator) -> Locator info found for XPATH attribute as: //a[@href='/jbilling/config/index']
14:38:19,199 INFO  [BrowserSelenium] ENTER --> (_parseElementOnXpath)
14:38:19,199 INFO  [BrowserSelenium] (_parseElementOnXpath) -> //a[@href='/jbilling/config/index'] is used
14:38:19,199 INFO  [BrowserSelenium] EXIT --> (_parseElementOnXpath)
14:38:19,199 INFO  [BrowserSelenium] EXIT --> (_getByLocator)
14:38:19,215 INFO  [BrowserSelenium] ENTER --> (_getByLocator)
14:38:19,215 INFO  [BrowserSelenium] (_getByLocator) -> Getting locator for null
14:38:19,215 INFO  [BrowserSelenium] (_getByLocator) -> Locator info found for XPATH attribute as: //a[@href='/jbilling/config/index']
14:38:19,216 INFO  [BrowserSelenium] ENTER --> (_parseElementOnXpath)
14:38:19,216 INFO  [BrowserSelenium] (_parseElementOnXpath) -> //a[@href='/jbilling/config/index'] is used
14:38:19,216 INFO  [BrowserSelenium] EXIT --> (_parseElementOnXpath)
14:38:19,216 INFO  [BrowserSelenium] EXIT --> (_getByLocator)
14:38:19,233 INFO  [BrowserSelenium] ENTER --> (_getByLocator)
14:38:19,233 INFO  [BrowserSelenium] (_getByLocator) -> Getting locator for null
14:38:19,233 INFO  [BrowserSelenium] (_getByLocator) -> Locator info found for XPATH attribute as: //a[@href='/jbilling/config/index']
14:38:19,233 INFO  [BrowserSelenium] ENTER --> (_parseElementOnXpath)
14:38:19,233 INFO  [BrowserSelenium] (_parseElementOnXpath) -> //a[@href='/jbilling/config/index'] is used
14:38:19,233 INFO  [BrowserSelenium] EXIT --> (_parseElementOnXpath)
14:38:19,234 INFO  [BrowserSelenium] EXIT --> (_getByLocator)
14:38:19,251 INFO  [BrowserSelenium] ENTER --> (_getByLocator)
14:38:19,251 INFO  [BrowserSelenium] (_getByLocator) -> Getting locator for null
14:38:19,251 INFO  [BrowserSelenium] (_getByLocator) -> Locator info found for XPATH attribute as: //a[@href='/jbilling/config/index']
14:38:19,251 INFO  [BrowserSelenium] ENTER --> (_parseElementOnXpath)
14:38:19,251 INFO  [BrowserSelenium] (_parseElementOnXpath) -> //a[@href='/jbilling/config/index'] is used
14:38:19,251 INFO  [BrowserSelenium] EXIT --> (_parseElementOnXpath)
14:38:19,252 INFO  [BrowserSelenium] EXIT --> (_getByLocator)
14:38:19,270 INFO  [BrowserSelenium] ENTER --> (_getByLocator)
14:38:19,270 INFO  [BrowserSelenium] (_getByLocator) -> Getting locator for null
14:38:19,271 INFO  [BrowserSelenium] (_getByLocator) -> Locator info found for XPATH attribute as: //a[@href='/jbilling/config/index']
14:38:19,271 INFO  [BrowserSelenium] ENTER --> (_parseElementOnXpath)
14:38:19,271 INFO  [BrowserSelenium] (_parseElementOnXpath) -> //a[@href='/jbilling/config/index'] is used
14:38:19,271 INFO  [BrowserSelenium] EXIT --> (_parseElementOnXpath)
14:38:19,271 INFO  [BrowserSelenium] EXIT --> (_getByLocator)
14:38:19,289 INFO  [BrowserSelenium] ENTER --> (_getByLocator)
14:38:19,289 INFO  [BrowserSelenium] (_getByLocator) -> Getting locator for null
14:38:19,289 INFO  [BrowserSelenium] (_getByLocator) -> Locator info found for XPATH attribute as: //a[@href='/jbilling/config/index']
14:38:19,289 INFO  [BrowserSelenium] ENTER --> (_parseElementOnXpath)
14:38:19,289 INFO  [BrowserSelenium] (_parseElementOnXpath) -> //a[@href='/jbilling/config/index'] is used
14:38:19,289 INFO  [BrowserSelenium] EXIT --> (_parseElementOnXpath)
14:38:19,289 INFO  [BrowserSelenium] EXIT --> (_getByLocator)
14:38:19,307 INFO  [BrowserSelenium] ENTER --> (_getByLocator)
14:38:19,308 INFO  [BrowserSelenium] (_getByLocator) -> Getting locator for null
14:38:19,308 INFO  [BrowserSelenium] (_getByLocator) -> Locator info found for XPATH attribute as: //a[@href='/jbilling/config/index']
14:38:19,308 INFO  [BrowserSelenium] ENTER --> (_parseElementOnXpath)
14:38:19,308 INFO  [BrowserSelenium] (_parseElementOnXpath) -> //a[@href='/jbilling/config/index'] is used
14:38:19,308 INFO  [BrowserSelenium] EXIT --> (_parseElementOnXpath)
14:38:19,308 INFO  [BrowserSelenium] EXIT --> (_getByLocator)
14:38:19,328 INFO  [BrowserSelenium] ENTER --> (_getByLocator)
14:38:19,328 INFO  [BrowserSelenium] (_getByLocator) -> Getting locator for null
14:38:19,328 INFO  [BrowserSelenium] (_getByLocator) -> Locator info found for XPATH attribute as: //a[@href='/jbilling/config/index']
14:38:19,328 INFO  [BrowserSelenium] ENTER --> (_parseElementOnXpath)
14:38:19,328 INFO  [BrowserSelenium] (_parseElementOnXpath) -> //a[@href='/jbilling/config/index'] is used
14:38:19,328 INFO  [BrowserSelenium] EXIT --> (_parseElementOnXpath)
14:38:19,328 INFO  [BrowserSelenium] EXIT --> (_getByLocator)
14:38:19,347 INFO  [BrowserSelenium] ENTER --> (_getByLocator)
14:38:19,347 INFO  [BrowserSelenium] (_getByLocator) -> Getting locator for null
14:38:19,348 INFO  [BrowserSelenium] (_getByLocator) -> Locator info found for XPATH attribute as: //a[@href='/jbilling/config/index']
14:38:19,348 INFO  [BrowserSelenium] ENTER --> (_parseElementOnXpath)
14:38:19,348 INFO  [BrowserSelenium] (_parseElementOnXpath) -> //a[@href='/jbilling/config/index'] is used
14:38:19,348 INFO  [BrowserSelenium] EXIT --> (_parseElementOnXpath)
14:38:19,348 INFO  [BrowserSelenium] EXIT --> (_getByLocator)
14:38:19,369 INFO  [BrowserSelenium] ENTER --> (_getByLocator)
14:38:19,369 INFO  [BrowserSelenium] (_getByLocator) -> Getting locator for null
14:38:19,369 INFO  [BrowserSelenium] (_getByLocator) -> Locator info found for XPATH attribute as: //a[@href='/jbilling/config/index']
14:38:19,369 INFO  [BrowserSelenium] ENTER --> (_parseElementOnXpath)
14:38:19,369 INFO  [BrowserSelenium] (_parseElementOnXpath) -> //a[@href='/jbilling/config/index'] is used
14:38:19,369 INFO  [BrowserSelenium] EXIT --> (_parseElementOnXpath)
14:38:19,369 INFO  [BrowserSelenium] EXIT --> (_getByLocator)
14:38:19,389 INFO  [BrowserSelenium] ENTER --> (_getByLocator)
14:38:19,389 INFO  [BrowserSelenium] (_getByLocator) -> Getting locator for null
14:38:19,389 INFO  [BrowserSelenium] (_getByLocator) -> Locator info found for XPATH attribute as: //a[@href='/jbilling/config/index']
14:38:19,390 INFO  [BrowserSelenium] ENTER --> (_parseElementOnXpath)
14:38:19,390 INFO  [BrowserSelenium] (_parseElementOnXpath) -> //a[@href='/jbilling/config/index'] is used
14:38:19,390 INFO  [BrowserSelenium] EXIT --> (_parseElementOnXpath)
14:38:19,390 INFO  [BrowserSelenium] EXIT --> (_getByLocator)
14:38:19,410 INFO  [BrowserSelenium] ENTER --> (_getByLocator)
14:38:19,410 INFO  [BrowserSelenium] (_getByLocator) -> Getting locator for null
14:38:19,410 INFO  [BrowserSelenium] (_getByLocator) -> Locator info found for XPATH attribute as: //a[@href='/jbilling/config/index']
14:38:19,410 INFO  [BrowserSelenium] ENTER --> (_parseElementOnXpath)
14:38:19,410 INFO  [BrowserSelenium] (_parseElementOnXpath) -> //a[@href='/jbilling/config/index'] is used
14:38:19,410 INFO  [BrowserSelenium] EXIT --> (_parseElementOnXpath)
14:38:19,410 INFO  [BrowserSelenium] EXIT --> (_getByLocator)
14:38:19,429 INFO  [BrowserSelenium] ENTER --> (_getByLocator)
14:38:19,429 INFO  [BrowserSelenium] (_getByLocator) -> Getting locator for null
14:38:19,429 INFO  [BrowserSelenium] (_getByLocator) -> Locator info found for XPATH attribute as: //a[@href='/jbilling/config/index']
14:38:19,430 INFO  [BrowserSelenium] ENTER --> (_parseElementOnXpath)
14:38:19,430 INFO  [BrowserSelenium] (_parseElementOnXpath) -> //a[@href='/jbilling/config/index'] is used
14:38:19,430 INFO  [BrowserSelenium] EXIT --> (_parseElementOnXpath)
14:38:19,430 INFO  [BrowserSelenium] EXIT --> (_getByLocator)
14:38:19,450 INFO  [BrowserSelenium] ENTER --> (_getByLocator)
14:38:19,450 INFO  [BrowserSelenium] (_getByLocator) -> Getting locator for null
14:38:19,451 INFO  [BrowserSelenium] (_getByLocator) -> Locator info found for XPATH attribute as: //a[@href='/jbilling/config/index']
14:38:19,451 INFO  [BrowserSelenium] ENTER --> (_parseElementOnXpath)
14:38:19,451 INFO  [BrowserSelenium] (_parseElementOnXpath) -> //a[@href='/jbilling/config/index'] is used
14:38:19,451 INFO  [BrowserSelenium] EXIT --> (_parseElementOnXpath)
14:38:19,451 INFO  [BrowserSelenium] EXIT --> (_getByLocator)
14:38:19,469 INFO  [BrowserSelenium] ENTER --> (_getByLocator)
14:38:19,469 INFO  [BrowserSelenium] (_getByLocator) -> Getting locator for null
14:38:19,469 INFO  [BrowserSelenium] (_getByLocator) -> Locator info found for XPATH attribute as: //a[@href='/jbilling/config/index']
14:38:19,470 INFO  [BrowserSelenium] ENTER --> (_parseElementOnXpath)
14:38:19,470 INFO  [BrowserSelenium] (_parseElementOnXpath) -> //a[@href='/jbilling/config/index'] is used
14:38:19,470 INFO  [BrowserSelenium] EXIT --> (_parseElementOnXpath)
14:38:19,470 INFO  [BrowserSelenium] EXIT --> (_getByLocator)
14:38:19,487 INFO  [BrowserSelenium] ENTER --> (_getByLocator)
14:38:19,487 INFO  [BrowserSelenium] (_getByLocator) -> Getting locator for null
14:38:19,487 INFO  [BrowserSelenium] (_getByLocator) -> Locator info found for XPATH attribute as: //a[@href='/jbilling/config/index']
14:38:19,487 INFO  [BrowserSelenium] ENTER --> (_parseElementOnXpath)
14:38:19,487 INFO  [BrowserSelenium] (_parseElementOnXpath) -> //a[@href='/jbilling/config/index'] is used
14:38:19,488 INFO  [BrowserSelenium] EXIT --> (_parseElementOnXpath)
14:38:19,488 INFO  [BrowserSelenium] EXIT --> (_getByLocator)
14:38:19,504 INFO  [BrowserSelenium] ENTER --> (_getByLocator)
14:38:19,504 INFO  [BrowserSelenium] (_getByLocator) -> Getting locator for null
14:38:19,504 INFO  [BrowserSelenium] (_getByLocator) -> Locator info found for XPATH attribute as: //a[@href='/jbilling/config/index']
14:38:19,505 INFO  [BrowserSelenium] ENTER --> (_parseElementOnXpath)
14:38:19,505 INFO  [BrowserSelenium] (_parseElementOnXpath) -> //a[@href='/jbilling/config/index'] is used
14:38:19,505 INFO  [BrowserSelenium] EXIT --> (_parseElementOnXpath)
14:38:19,505 INFO  [BrowserSelenium] EXIT --> (_getByLocator)
14:38:19,523 INFO  [BrowserSelenium] ENTER --> (_getByLocator)
14:38:19,523 INFO  [BrowserSelenium] (_getByLocator) -> Getting locator for null
14:38:19,523 INFO  [BrowserSelenium] (_getByLocator) -> Locator info found for XPATH attribute as: //a[@href='/jbilling/config/index']
14:38:19,523 INFO  [BrowserSelenium] ENTER --> (_parseElementOnXpath)
14:38:19,523 INFO  [BrowserSelenium] (_parseElementOnXpath) -> //a[@href='/jbilling/config/index'] is used
14:38:19,523 INFO  [BrowserSelenium] EXIT --> (_parseElementOnXpath)
14:38:19,523 INFO  [BrowserSelenium] EXIT --> (_getByLocator)
14:38:19,540 INFO  [BrowserSelenium] ENTER --> (_getByLocator)
14:38:19,540 INFO  [BrowserSelenium] (_getByLocator) -> Getting locator for null
14:38:19,540 INFO  [BrowserSelenium] (_getByLocator) -> Locator info found for XPATH attribute as: //a[@href='/jbilling/config/index']
14:38:19,541 INFO  [BrowserSelenium] ENTER --> (_parseElementOnXpath)
14:38:19,541 INFO  [BrowserSelenium] (_parseElementOnXpath) -> //a[@href='/jbilling/config/index'] is used
14:38:19,541 INFO  [BrowserSelenium] EXIT --> (_parseElementOnXpath)
14:38:19,541 INFO  [BrowserSelenium] EXIT --> (_getByLocator)
14:38:19,558 INFO  [BrowserSelenium] ENTER --> (_getByLocator)
14:38:19,558 INFO  [BrowserSelenium] (_getByLocator) -> Getting locator for null
14:38:19,558 INFO  [BrowserSelenium] (_getByLocator) -> Locator info found for XPATH attribute as: //a[@href='/jbilling/config/index']
14:38:19,558 INFO  [BrowserSelenium] ENTER --> (_parseElementOnXpath)
14:38:19,558 INFO  [BrowserSelenium] (_parseElementOnXpath) -> //a[@href='/jbilling/config/index'] is used
14:38:19,558 INFO  [BrowserSelenium] EXIT --> (_parseElementOnXpath)
14:38:19,559 INFO  [BrowserSelenium] EXIT --> (_getByLocator)
14:38:19,576 INFO  [BrowserSelenium] ENTER --> (_getByLocator)
14:38:19,576 INFO  [BrowserSelenium] (_getByLocator) -> Getting locator for null
14:38:19,576 INFO  [BrowserSelenium] (_getByLocator) -> Locator info found for XPATH attribute as: //a[@href='/jbilling/config/index']
14:38:19,576 INFO  [BrowserSelenium] ENTER --> (_parseElementOnXpath)
14:38:19,576 INFO  [BrowserSelenium] (_parseElementOnXpath) -> //a[@href='/jbilling/config/index'] is used
14:38:19,576 INFO  [BrowserSelenium] EXIT --> (_parseElementOnXpath)
14:38:19,577 INFO  [BrowserSelenium] EXIT --> (_getByLocator)
14:38:19,593 INFO  [BrowserSelenium] ENTER --> (_getByLocator)
14:38:19,593 INFO  [BrowserSelenium] (_getByLocator) -> Getting locator for null
14:38:19,593 INFO  [BrowserSelenium] (_getByLocator) -> Locator info found for XPATH attribute as: //a[@href='/jbilling/config/index']
14:38:19,593 INFO  [BrowserSelenium] ENTER --> (_parseElementOnXpath)
14:38:19,594 INFO  [BrowserSelenium] (_parseElementOnXpath) -> //a[@href='/jbilling/config/index'] is used
14:38:19,594 INFO  [BrowserSelenium] EXIT --> (_parseElementOnXpath)
14:38:19,594 INFO  [BrowserSelenium] EXIT --> (_getByLocator)
14:38:19,611 INFO  [BrowserSelenium] ENTER --> (_getByLocator)
14:38:19,611 INFO  [BrowserSelenium] (_getByLocator) -> Getting locator for null
14:38:19,611 INFO  [BrowserSelenium] (_getByLocator) -> Locator info found for XPATH attribute as: //a[@href='/jbilling/config/index']
14:38:19,611 INFO  [BrowserSelenium] ENTER --> (_parseElementOnXpath)
14:38:19,611 INFO  [BrowserSelenium] (_parseElementOnXpath) -> //a[@href='/jbilling/config/index'] is used
14:38:19,612 INFO  [BrowserSelenium] EXIT --> (_parseElementOnXpath)
14:38:19,612 INFO  [BrowserSelenium] EXIT --> (_getByLocator)
14:38:19,630 INFO  [BrowserSelenium] ENTER --> (_getByLocator)
14:38:19,630 INFO  [BrowserSelenium] (_getByLocator) -> Getting locator for null
14:38:19,630 INFO  [BrowserSelenium] (_getByLocator) -> Locator info found for XPATH attribute as: //a[@href='/jbilling/config/index']
14:38:19,630 INFO  [BrowserSelenium] ENTER --> (_parseElementOnXpath)
14:38:19,630 INFO  [BrowserSelenium] (_parseElementOnXpath) -> //a[@href='/jbilling/config/index'] is used
14:38:19,631 INFO  [BrowserSelenium] EXIT --> (_parseElementOnXpath)
14:38:19,631 INFO  [BrowserSelenium] EXIT --> (_getByLocator)
14:38:19,649 INFO  [BrowserSelenium] ENTER --> (_getByLocator)
14:38:19,650 INFO  [BrowserSelenium] (_getByLocator) -> Getting locator for null
14:38:19,650 INFO  [BrowserSelenium] (_getByLocator) -> Locator info found for XPATH attribute as: //a[@href='/jbilling/config/index']
14:38:19,650 INFO  [BrowserSelenium] ENTER --> (_parseElementOnXpath)
14:38:19,650 INFO  [BrowserSelenium] (_parseElementOnXpath) -> //a[@href='/jbilling/config/index'] is used
14:38:19,650 INFO  [BrowserSelenium] EXIT --> (_parseElementOnXpath)
14:38:19,651 INFO  [BrowserSelenium] EXIT --> (_getByLocator)
14:38:19,667 INFO  [BrowserSelenium] ENTER --> (_getByLocator)
14:38:19,667 INFO  [BrowserSelenium] (_getByLocator) -> Getting locator for null
14:38:19,667 INFO  [BrowserSelenium] (_getByLocator) -> Locator info found for XPATH attribute as: //a[@href='/jbilling/config/index']
14:38:19,667 INFO  [BrowserSelenium] ENTER --> (_parseElementOnXpath)
14:38:19,667 INFO  [BrowserSelenium] (_parseElementOnXpath) -> //a[@href='/jbilling/config/index'] is used
14:38:19,668 INFO  [BrowserSelenium] EXIT --> (_parseElementOnXpath)
14:38:19,668 INFO  [BrowserSelenium] EXIT --> (_getByLocator)
14:38:19,684 INFO  [BrowserSelenium] ENTER --> (_getByLocator)
14:38:19,685 INFO  [BrowserSelenium] (_getByLocator) -> Getting locator for null
14:38:19,685 INFO  [BrowserSelenium] (_getByLocator) -> Locator info found for XPATH attribute as: //a[@href='/jbilling/config/index']
14:38:19,685 INFO  [BrowserSelenium] ENTER --> (_parseElementOnXpath)
14:38:19,685 INFO  [BrowserSelenium] (_parseElementOnXpath) -> //a[@href='/jbilling/config/index'] is used
14:38:19,685 INFO  [BrowserSelenium] EXIT --> (_parseElementOnXpath)
14:38:19,686 INFO  [BrowserSelenium] EXIT --> (_getByLocator)
14:38:19,702 INFO  [BrowserSelenium] ENTER --> (_getByLocator)
14:38:19,703 INFO  [BrowserSelenium] (_getByLocator) -> Getting locator for null
14:38:19,703 INFO  [BrowserSelenium] (_getByLocator) -> Locator info found for XPATH attribute as: //a[@href='/jbilling/config/index']
14:38:19,703 INFO  [BrowserSelenium] ENTER --> (_parseElementOnXpath)
14:38:19,703 INFO  [BrowserSelenium] (_parseElementOnXpath) -> //a[@href='/jbilling/config/index'] is used
14:38:19,703 INFO  [BrowserSelenium] EXIT --> (_parseElementOnXpath)
14:38:19,703 INFO  [BrowserSelenium] EXIT --> (_getByLocator)
14:38:19,720 INFO  [BrowserSelenium] ENTER --> (_getByLocator)
14:38:19,720 INFO  [BrowserSelenium] (_getByLocator) -> Getting locator for null
14:38:19,721 INFO  [BrowserSelenium] (_getByLocator) -> Locator info found for XPATH attribute as: //a[@href='/jbilling/config/index']
14:38:19,721 INFO  [BrowserSelenium] ENTER --> (_parseElementOnXpath)
14:38:19,721 INFO  [BrowserSelenium] (_parseElementOnXpath) -> //a[@href='/jbilling/config/index'] is used
14:38:19,721 INFO  [BrowserSelenium] EXIT --> (_parseElementOnXpath)
14:38:19,721 INFO  [BrowserSelenium] EXIT --> (_getByLocator)
14:38:19,740 INFO  [BrowserSelenium] ENTER --> (_getByLocator)
14:38:19,740 INFO  [BrowserSelenium] (_getByLocator) -> Getting locator for null
14:38:19,740 INFO  [BrowserSelenium] (_getByLocator) -> Locator info found for XPATH attribute as: //a[@href='/jbilling/config/index']
14:38:19,740 INFO  [BrowserSelenium] ENTER --> (_parseElementOnXpath)
14:38:19,740 INFO  [BrowserSelenium] (_parseElementOnXpath) -> //a[@href='/jbilling/config/index'] is used
14:38:19,740 INFO  [BrowserSelenium] EXIT --> (_parseElementOnXpath)
14:38:19,740 INFO  [BrowserSelenium] EXIT --> (_getByLocator)
14:38:19,759 INFO  [BrowserSelenium] ENTER --> (_getByLocator)
14:38:19,759 INFO  [BrowserSelenium] (_getByLocator) -> Getting locator for null
14:38:19,759 INFO  [BrowserSelenium] (_getByLocator) -> Locator info found for XPATH attribute as: //a[@href='/jbilling/config/index']
14:38:19,759 INFO  [BrowserSelenium] ENTER --> (_parseElementOnXpath)
14:38:19,759 INFO  [BrowserSelenium] (_parseElementOnXpath) -> //a[@href='/jbilling/config/index'] is used
14:38:19,759 INFO  [BrowserSelenium] EXIT --> (_parseElementOnXpath)
14:38:19,759 INFO  [BrowserSelenium] EXIT --> (_getByLocator)
14:38:19,776 INFO  [BrowserSelenium] ENTER --> (_getByLocator)
14:38:19,777 INFO  [BrowserSelenium] (_getByLocator) -> Getting locator for null
14:38:19,777 INFO  [BrowserSelenium] (_getByLocator) -> Locator info found for XPATH attribute as: //a[@href='/jbilling/config/index']
14:38:19,777 INFO  [BrowserSelenium] ENTER --> (_parseElementOnXpath)
14:38:19,777 INFO  [BrowserSelenium] (_parseElementOnXpath) -> //a[@href='/jbilling/config/index'] is used
14:38:19,777 INFO  [BrowserSelenium] EXIT --> (_parseElementOnXpath)
14:38:19,777 INFO  [BrowserSelenium] EXIT --> (_getByLocator)
14:38:19,797 INFO  [BrowserSelenium] ENTER --> (_getByLocator)
14:38:19,797 INFO  [BrowserSelenium] (_getByLocator) -> Getting locator for null
14:38:19,797 INFO  [BrowserSelenium] (_getByLocator) -> Locator info found for XPATH attribute as: //a[@href='/jbilling/config/index']
14:38:19,797 INFO  [BrowserSelenium] ENTER --> (_parseElementOnXpath)
14:38:19,797 INFO  [BrowserSelenium] (_parseElementOnXpath) -> //a[@href='/jbilling/config/index'] is used
14:38:19,797 INFO  [BrowserSelenium] EXIT --> (_parseElementOnXpath)
14:38:19,797 INFO  [BrowserSelenium] EXIT --> (_getByLocator)
14:38:19,820 INFO  [BrowserSelenium] ENTER --> (_getByLocator)
14:38:19,820 INFO  [BrowserSelenium] (_getByLocator) -> Getting locator for null
14:38:19,820 INFO  [BrowserSelenium] (_getByLocator) -> Locator info found for XPATH attribute as: //a[@href='/jbilling/config/index']
14:38:19,820 INFO  [BrowserSelenium] ENTER --> (_parseElementOnXpath)
14:38:19,821 INFO  [BrowserSelenium] (_parseElementOnXpath) -> //a[@href='/jbilling/config/index'] is used
14:38:19,821 INFO  [BrowserSelenium] EXIT --> (_parseElementOnXpath)
14:38:19,821 INFO  [BrowserSelenium] EXIT --> (_getByLocator)
14:38:19,840 INFO  [BrowserSelenium] ENTER --> (_getByLocator)
14:38:19,840 INFO  [BrowserSelenium] (_getByLocator) -> Getting locator for null
14:38:19,840 INFO  [BrowserSelenium] (_getByLocator) -> Locator info found for XPATH attribute as: //a[@href='/jbilling/config/index']
14:38:19,840 INFO  [BrowserSelenium] ENTER --> (_parseElementOnXpath)
14:38:19,840 INFO  [BrowserSelenium] (_parseElementOnXpath) -> //a[@href='/jbilling/config/index'] is used
14:38:19,840 INFO  [BrowserSelenium] EXIT --> (_parseElementOnXpath)
14:38:19,841 INFO  [BrowserSelenium] EXIT --> (_getByLocator)
14:38:19,857 INFO  [BrowserSelenium] ENTER --> (_getByLocator)
14:38:19,857 INFO  [BrowserSelenium] (_getByLocator) -> Getting locator for null
14:38:19,857 INFO  [BrowserSelenium] (_getByLocator) -> Locator info found for XPATH attribute as: //a[@href='/jbilling/config/index']
14:38:19,857 INFO  [BrowserSelenium] ENTER --> (_parseElementOnXpath)
14:38:19,857 INFO  [BrowserSelenium] (_parseElementOnXpath) -> //a[@href='/jbilling/config/index'] is used
14:38:19,858 INFO  [BrowserSelenium] EXIT --> (_parseElementOnXpath)
14:38:19,858 INFO  [BrowserSelenium] EXIT --> (_getByLocator)
14:38:19,874 INFO  [BrowserSelenium] ENTER --> (_getByLocator)
14:38:19,874 INFO  [BrowserSelenium] (_getByLocator) -> Getting locator for null
14:38:19,875 INFO  [BrowserSelenium] (_getByLocator) -> Locator info found for XPATH attribute as: //a[@href='/jbilling/config/index']
14:38:19,875 INFO  [BrowserSelenium] ENTER --> (_parseElementOnXpath)
14:38:19,875 INFO  [BrowserSelenium] (_parseElementOnXpath) -> //a[@href='/jbilling/config/index'] is used
14:38:19,875 INFO  [BrowserSelenium] EXIT --> (_parseElementOnXpath)
14:38:19,875 INFO  [BrowserSelenium] EXIT --> (_getByLocator)
14:38:19,891 INFO  [BrowserSelenium] ENTER --> (_getByLocator)
14:38:19,892 INFO  [BrowserSelenium] (_getByLocator) -> Getting locator for null
14:38:19,892 INFO  [BrowserSelenium] (_getByLocator) -> Locator info found for XPATH attribute as: //a[@href='/jbilling/config/index']
14:38:19,892 INFO  [BrowserSelenium] ENTER --> (_parseElementOnXpath)
14:38:19,892 INFO  [BrowserSelenium] (_parseElementOnXpath) -> //a[@href='/jbilling/config/index'] is used
14:38:19,892 INFO  [BrowserSelenium] EXIT --> (_parseElementOnXpath)
14:38:19,892 INFO  [BrowserSelenium] EXIT --> (_getByLocator)
14:38:19,909 INFO  [BrowserSelenium] ENTER --> (_getByLocator)
14:38:19,909 INFO  [BrowserSelenium] (_getByLocator) -> Getting locator for null
14:38:19,909 INFO  [BrowserSelenium] (_getByLocator) -> Locator info found for XPATH attribute as: //a[@href='/jbilling/config/index']
14:38:19,909 INFO  [BrowserSelenium] ENTER --> (_parseElementOnXpath)
14:38:19,909 INFO  [BrowserSelenium] (_parseElementOnXpath) -> //a[@href='/jbilling/config/index'] is used
14:38:19,909 INFO  [BrowserSelenium] EXIT --> (_parseElementOnXpath)
14:38:19,910 INFO  [BrowserSelenium] EXIT --> (_getByLocator)
14:38:19,927 INFO  [BrowserSelenium] ENTER --> (_getByLocator)
14:38:19,927 INFO  [BrowserSelenium] (_getByLocator) -> Getting locator for null
14:38:19,927 INFO  [BrowserSelenium] (_getByLocator) -> Locator info found for XPATH attribute as: //a[@href='/jbilling/config/index']
14:38:19,927 INFO  [BrowserSelenium] ENTER --> (_parseElementOnXpath)
14:38:19,927 INFO  [BrowserSelenium] (_parseElementOnXpath) -> //a[@href='/jbilling/config/index'] is used
14:38:19,928 INFO  [BrowserSelenium] EXIT --> (_parseElementOnXpath)
14:38:19,928 INFO  [BrowserSelenium] EXIT --> (_getByLocator)
14:38:19,944 INFO  [BrowserSelenium] ENTER --> (_getByLocator)
14:38:19,944 INFO  [BrowserSelenium] (_getByLocator) -> Getting locator for null
14:38:19,944 INFO  [BrowserSelenium] (_getByLocator) -> Locator info found for XPATH attribute as: //a[@href='/jbilling/config/index']
14:38:19,944 INFO  [BrowserSelenium] ENTER --> (_parseElementOnXpath)
14:38:19,945 INFO  [BrowserSelenium] (_parseElementOnXpath) -> //a[@href='/jbilling/config/index'] is used
14:38:19,945 INFO  [BrowserSelenium] EXIT --> (_parseElementOnXpath)
14:38:19,945 INFO  [BrowserSelenium] EXIT --> (_getByLocator)
14:38:19,962 INFO  [BrowserSelenium] ENTER --> (_getByLocator)
14:38:19,962 INFO  [BrowserSelenium] (_getByLocator) -> Getting locator for null
14:38:19,962 INFO  [BrowserSelenium] (_getByLocator) -> Locator info found for XPATH attribute as: //a[@href='/jbilling/config/index']
14:38:19,962 INFO  [BrowserSelenium] ENTER --> (_parseElementOnXpath)
14:38:19,963 INFO  [BrowserSelenium] (_parseElementOnXpath) -> //a[@href='/jbilling/config/index'] is used
14:38:19,963 INFO  [BrowserSelenium] EXIT --> (_parseElementOnXpath)
14:38:19,963 INFO  [BrowserSelenium] EXIT --> (_getByLocator)
14:38:19,982 INFO  [BrowserSelenium] ENTER --> (_getByLocator)
14:38:19,982 INFO  [BrowserSelenium] (_getByLocator) -> Getting locator for null
14:38:19,982 INFO  [BrowserSelenium] (_getByLocator) -> Locator info found for XPATH attribute as: //a[@href='/jbilling/config/index']
14:38:19,982 INFO  [BrowserSelenium] ENTER --> (_parseElementOnXpath)
14:38:19,982 INFO  [BrowserSelenium] (_parseElementOnXpath) -> //a[@href='/jbilling/config/index'] is used
14:38:19,982 INFO  [BrowserSelenium] EXIT --> (_parseElementOnXpath)
14:38:19,983 INFO  [BrowserSelenium] EXIT --> (_getByLocator)
14:38:20,001 INFO  [BrowserSelenium] ENTER --> (_getByLocator)
14:38:20,001 INFO  [BrowserSelenium] (_getByLocator) -> Getting locator for null
14:38:20,001 INFO  [BrowserSelenium] (_getByLocator) -> Locator info found for XPATH attribute as: //a[@href='/jbilling/config/index']
14:38:20,001 INFO  [BrowserSelenium] ENTER --> (_parseElementOnXpath)
14:38:20,001 INFO  [BrowserSelenium] (_parseElementOnXpath) -> //a[@href='/jbilling/config/index'] is used
14:38:20,002 INFO  [BrowserSelenium] EXIT --> (_parseElementOnXpath)
14:38:20,002 INFO  [BrowserSelenium] EXIT --> (_getByLocator)
14:38:20,018 INFO  [BrowserSelenium] ENTER --> (_getByLocator)
14:38:20,018 INFO  [BrowserSelenium] (_getByLocator) -> Getting locator for null
14:38:20,018 INFO  [BrowserSelenium] (_getByLocator) -> Locator info found for XPATH attribute as: //a[@href='/jbilling/config/index']
14:38:20,018 INFO  [BrowserSelenium] ENTER --> (_parseElementOnXpath)
14:38:20,019 INFO  [BrowserSelenium] (_parseElementOnXpath) -> //a[@href='/jbilling/config/index'] is used
14:38:20,019 INFO  [BrowserSelenium] EXIT --> (_parseElementOnXpath)
14:38:20,019 INFO  [BrowserSelenium] EXIT --> (_getByLocator)
14:38:20,040 INFO  [BrowserSelenium] ENTER --> (_getByLocator)
14:38:20,041 INFO  [BrowserSelenium] (_getByLocator) -> Getting locator for null
14:38:20,041 INFO  [BrowserSelenium] (_getByLocator) -> Locator info found for XPATH attribute as: //a[@href='/jbilling/config/index']
14:38:20,041 INFO  [BrowserSelenium] ENTER --> (_parseElementOnXpath)
14:38:20,041 INFO  [BrowserSelenium] (_parseElementOnXpath) -> //a[@href='/jbilling/config/index'] is used
14:38:20,041 INFO  [BrowserSelenium] EXIT --> (_parseElementOnXpath)
14:38:20,041 INFO  [BrowserSelenium] EXIT --> (_getByLocator)
14:38:20,058 INFO  [BrowserSelenium] ENTER --> (_getByLocator)
14:38:20,058 INFO  [BrowserSelenium] (_getByLocator) -> Getting locator for null
14:38:20,058 INFO  [BrowserSelenium] (_getByLocator) -> Locator info found for XPATH attribute as: //a[@href='/jbilling/config/index']
14:38:20,058 INFO  [BrowserSelenium] ENTER --> (_parseElementOnXpath)
14:38:20,058 INFO  [BrowserSelenium] (_parseElementOnXpath) -> //a[@href='/jbilling/config/index'] is used
14:38:20,059 INFO  [BrowserSelenium] EXIT --> (_parseElementOnXpath)
14:38:20,059 INFO  [BrowserSelenium] EXIT --> (_getByLocator)
14:38:20,077 INFO  [BrowserSelenium] ENTER --> (_getByLocator)
14:38:20,077 INFO  [BrowserSelenium] (_getByLocator) -> Getting locator for null
14:38:20,078 INFO  [BrowserSelenium] (_getByLocator) -> Locator info found for XPATH attribute as: //a[@href='/jbilling/config/index']
14:38:20,078 INFO  [BrowserSelenium] ENTER --> (_parseElementOnXpath)
14:38:20,078 INFO  [BrowserSelenium] (_parseElementOnXpath) -> //a[@href='/jbilling/config/index'] is used
14:38:20,078 INFO  [BrowserSelenium] EXIT --> (_parseElementOnXpath)
14:38:20,078 INFO  [BrowserSelenium] EXIT --> (_getByLocator)
14:38:20,098 INFO  [BrowserSelenium] ENTER --> (_getByLocator)
14:38:20,099 INFO  [BrowserSelenium] (_getByLocator) -> Getting locator for null
14:38:20,099 INFO  [BrowserSelenium] (_getByLocator) -> Locator info found for XPATH attribute as: //a[@href='/jbilling/config/index']
14:38:20,099 INFO  [BrowserSelenium] ENTER --> (_parseElementOnXpath)
14:38:20,099 INFO  [BrowserSelenium] (_parseElementOnXpath) -> //a[@href='/jbilling/config/index'] is used
14:38:20,099 INFO  [BrowserSelenium] EXIT --> (_parseElementOnXpath)
14:38:20,099 INFO  [BrowserSelenium] EXIT --> (_getByLocator)
14:38:20,120 INFO  [BrowserSelenium] ENTER --> (_getByLocator)
14:38:20,120 INFO  [BrowserSelenium] (_getByLocator) -> Getting locator for null
14:38:20,120 INFO  [BrowserSelenium] (_getByLocator) -> Locator info found for XPATH attribute as: //a[@href='/jbilling/config/index']
14:38:20,120 INFO  [BrowserSelenium] ENTER --> (_parseElementOnXpath)
14:38:20,121 INFO  [BrowserSelenium] (_parseElementOnXpath) -> //a[@href='/jbilling/config/index'] is used
14:38:20,121 INFO  [BrowserSelenium] EXIT --> (_parseElementOnXpath)
14:38:20,121 INFO  [BrowserSelenium] EXIT --> (_getByLocator)
14:38:20,138 INFO  [BrowserSelenium] ENTER --> (_getByLocator)
14:38:20,139 INFO  [BrowserSelenium] (_getByLocator) -> Getting locator for null
14:38:20,139 INFO  [BrowserSelenium] (_getByLocator) -> Locator info found for XPATH attribute as: //a[@href='/jbilling/config/index']
14:38:20,139 INFO  [BrowserSelenium] ENTER --> (_parseElementOnXpath)
14:38:20,139 INFO  [BrowserSelenium] (_parseElementOnXpath) -> //a[@href='/jbilling/config/index'] is used
14:38:20,139 INFO  [BrowserSelenium] EXIT --> (_parseElementOnXpath)
14:38:20,139 INFO  [BrowserSelenium] EXIT --> (_getByLocator)
14:38:20,158 INFO  [BrowserSelenium] ENTER --> (_getByLocator)
14:38:20,158 INFO  [BrowserSelenium] (_getByLocator) -> Getting locator for null
14:38:20,158 INFO  [BrowserSelenium] (_getByLocator) -> Locator info found for XPATH attribute as: //a[@href='/jbilling/config/index']
14:38:20,158 INFO  [BrowserSelenium] ENTER --> (_parseElementOnXpath)
14:38:20,158 INFO  [BrowserSelenium] (_parseElementOnXpath) -> //a[@href='/jbilling/config/index'] is used
14:38:20,159 INFO  [BrowserSelenium] EXIT --> (_parseElementOnXpath)
14:38:20,159 INFO  [BrowserSelenium] EXIT --> (_getByLocator)
14:38:20,175 INFO  [BrowserSelenium] ENTER --> (_getByLocator)
14:38:20,175 INFO  [BrowserSelenium] (_getByLocator) -> Getting locator for null
14:38:20,176 INFO  [BrowserSelenium] (_getByLocator) -> Locator info found for XPATH attribute as: //a[@href='/jbilling/config/index']
14:38:20,176 INFO  [BrowserSelenium] ENTER --> (_parseElementOnXpath)
14:38:20,176 INFO  [BrowserSelenium] (_parseElementOnXpath) -> //a[@href='/jbilling/config/index'] is used
14:38:20,176 INFO  [BrowserSelenium] EXIT --> (_parseElementOnXpath)
14:38:20,176 INFO  [BrowserSelenium] EXIT --> (_getByLocator)
14:38:20,193 INFO  [BrowserSelenium] ENTER --> (_getByLocator)
14:38:20,193 INFO  [BrowserSelenium] (_getByLocator) -> Getting locator for null
14:38:20,193 INFO  [BrowserSelenium] (_getByLocator) -> Locator info found for XPATH attribute as: //a[@href='/jbilling/config/index']
14:38:20,193 INFO  [BrowserSelenium] ENTER --> (_parseElementOnXpath)
14:38:20,193 INFO  [BrowserSelenium] (_parseElementOnXpath) -> //a[@href='/jbilling/config/index'] is used
14:38:20,194 INFO  [BrowserSelenium] EXIT --> (_parseElementOnXpath)
14:38:20,194 INFO  [BrowserSelenium] EXIT --> (_getByLocator)
14:38:20,210 INFO  [BrowserSelenium] ENTER --> (_getByLocator)
14:38:20,210 INFO  [BrowserSelenium] (_getByLocator) -> Getting locator for null
14:38:20,210 INFO  [BrowserSelenium] (_getByLocator) -> Locator info found for XPATH attribute as: //a[@href='/jbilling/config/index']
14:38:20,210 INFO  [BrowserSelenium] ENTER --> (_parseElementOnXpath)
14:38:20,210 INFO  [BrowserSelenium] (_parseElementOnXpath) -> //a[@href='/jbilling/config/index'] is used
14:38:20,211 INFO  [BrowserSelenium] EXIT --> (_parseElementOnXpath)
14:38:20,211 INFO  [BrowserSelenium] EXIT --> (_getByLocator)
14:38:20,230 INFO  [BrowserSelenium] ENTER --> (_getByLocator)
14:38:20,231 INFO  [BrowserSelenium] (_getByLocator) -> Getting locator for null
14:38:20,231 INFO  [BrowserSelenium] (_getByLocator) -> Locator info found for XPATH attribute as: //a[@href='/jbilling/config/index']
14:38:20,231 INFO  [BrowserSelenium] ENTER --> (_parseElementOnXpath)
14:38:20,231 INFO  [BrowserSelenium] (_parseElementOnXpath) -> //a[@href='/jbilling/config/index'] is used
14:38:20,231 INFO  [BrowserSelenium] EXIT --> (_parseElementOnXpath)
14:38:20,231 INFO  [BrowserSelenium] EXIT --> (_getByLocator)
14:38:20,251 INFO  [BrowserSelenium] ENTER --> (_getByLocator)
14:38:20,251 INFO  [BrowserSelenium] (_getByLocator) -> Getting locator for null
14:38:20,251 INFO  [BrowserSelenium] (_getByLocator) -> Locator info found for XPATH attribute as: //a[@href='/jbilling/config/index']
14:38:20,251 INFO  [BrowserSelenium] ENTER --> (_parseElementOnXpath)
14:38:20,251 INFO  [BrowserSelenium] (_parseElementOnXpath) -> //a[@href='/jbilling/config/index'] is used
14:38:20,251 INFO  [BrowserSelenium] EXIT --> (_parseElementOnXpath)
14:38:20,252 INFO  [BrowserSelenium] EXIT --> (_getByLocator)
14:38:20,273 INFO  [BrowserSelenium] ENTER --> (_getByLocator)
14:38:20,273 INFO  [BrowserSelenium] (_getByLocator) -> Getting locator for null
14:38:20,273 INFO  [BrowserSelenium] (_getByLocator) -> Locator info found for XPATH attribute as: //a[@href='/jbilling/config/index']
14:38:20,273 INFO  [BrowserSelenium] ENTER --> (_parseElementOnXpath)
14:38:20,273 INFO  [BrowserSelenium] (_parseElementOnXpath) -> //a[@href='/jbilling/config/index'] is used
14:38:20,273 INFO  [BrowserSelenium] EXIT --> (_parseElementOnXpath)
14:38:20,273 INFO  [BrowserSelenium] EXIT --> (_getByLocator)
14:38:20,291 INFO  [BrowserSelenium] ENTER --> (_getByLocator)
14:38:20,291 INFO  [BrowserSelenium] (_getByLocator) -> Getting locator for null
14:38:20,292 INFO  [BrowserSelenium] (_getByLocator) -> Locator info found for XPATH attribute as: //a[@href='/jbilling/config/index']
14:38:20,292 INFO  [BrowserSelenium] ENTER --> (_parseElementOnXpath)
14:38:20,292 INFO  [BrowserSelenium] (_parseElementOnXpath) -> //a[@href='/jbilling/config/index'] is used
14:38:20,292 INFO  [BrowserSelenium] EXIT --> (_parseElementOnXpath)
14:38:20,292 INFO  [BrowserSelenium] EXIT --> (_getByLocator)
14:38:20,310 INFO  [BrowserSelenium] ENTER --> (_getByLocator)
14:38:20,310 INFO  [BrowserSelenium] (_getByLocator) -> Getting locator for null
14:38:20,311 INFO  [BrowserSelenium] (_getByLocator) -> Locator info found for XPATH attribute as: //a[@href='/jbilling/config/index']
14:38:20,311 INFO  [BrowserSelenium] ENTER --> (_parseElementOnXpath)
14:38:20,311 INFO  [BrowserSelenium] (_parseElementOnXpath) -> //a[@href='/jbilling/config/index'] is used
14:38:20,311 INFO  [BrowserSelenium] EXIT --> (_parseElementOnXpath)
14:38:20,311 INFO  [BrowserSelenium] EXIT --> (_getByLocator)
14:38:20,332 INFO  [BrowserSelenium] ENTER --> (_getByLocator)
14:38:20,332 INFO  [BrowserSelenium] (_getByLocator) -> Getting locator for null
14:38:20,332 INFO  [BrowserSelenium] (_getByLocator) -> Locator info found for XPATH attribute as: //a[@href='/jbilling/config/index']
14:38:20,332 INFO  [BrowserSelenium] ENTER --> (_parseElementOnXpath)
14:38:20,332 INFO  [BrowserSelenium] (_parseElementOnXpath) -> //a[@href='/jbilling/config/index'] is used
14:38:20,332 INFO  [BrowserSelenium] EXIT --> (_parseElementOnXpath)
14:38:20,333 INFO  [BrowserSelenium] EXIT --> (_getByLocator)
14:38:20,353 INFO  [BrowserSelenium] ENTER --> (_getByLocator)
14:38:20,354 INFO  [BrowserSelenium] (_getByLocator) -> Getting locator for null
14:38:20,354 INFO  [BrowserSelenium] (_getByLocator) -> Locator info found for XPATH attribute as: //a[@href='/jbilling/config/index']
14:38:20,354 INFO  [BrowserSelenium] ENTER --> (_parseElementOnXpath)
14:38:20,354 INFO  [BrowserSelenium] (_parseElementOnXpath) -> //a[@href='/jbilling/config/index'] is used
14:38:20,354 INFO  [BrowserSelenium] EXIT --> (_parseElementOnXpath)
14:38:20,354 INFO  [BrowserSelenium] EXIT --> (_getByLocator)
14:38:20,373 INFO  [BrowserSelenium] ENTER --> (_getByLocator)
14:38:20,373 INFO  [BrowserSelenium] (_getByLocator) -> Getting locator for null
14:38:20,373 INFO  [BrowserSelenium] (_getByLocator) -> Locator info found for XPATH attribute as: //a[@href='/jbilling/config/index']
14:38:20,373 INFO  [BrowserSelenium] ENTER --> (_parseElementOnXpath)
14:38:20,374 INFO  [BrowserSelenium] (_parseElementOnXpath) -> //a[@href='/jbilling/config/index'] is used
14:38:20,374 INFO  [BrowserSelenium] EXIT --> (_parseElementOnXpath)
14:38:20,374 INFO  [BrowserSelenium] EXIT --> (_getByLocator)
14:38:20,392 INFO  [BrowserSelenium] ENTER --> (_getByLocator)
14:38:20,392 INFO  [BrowserSelenium] (_getByLocator) -> Getting locator for null
14:38:20,393 INFO  [BrowserSelenium] (_getByLocator) -> Locator info found for XPATH attribute as: //a[@href='/jbilling/config/index']
14:38:20,393 INFO  [BrowserSelenium] ENTER --> (_parseElementOnXpath)
14:38:20,393 INFO  [BrowserSelenium] (_parseElementOnXpath) -> //a[@href='/jbilling/config/index'] is used
14:38:20,393 INFO  [BrowserSelenium] EXIT --> (_parseElementOnXpath)
14:38:20,393 INFO  [BrowserSelenium] EXIT --> (_getByLocator)
14:38:20,412 INFO  [BrowserSelenium] ENTER --> (_getByLocator)
14:38:20,413 INFO  [BrowserSelenium] (_getByLocator) -> Getting locator for null
14:38:20,413 INFO  [BrowserSelenium] (_getByLocator) -> Locator info found for XPATH attribute as: //a[@href='/jbilling/config/index']
14:38:20,413 INFO  [BrowserSelenium] ENTER --> (_parseElementOnXpath)
14:38:20,413 INFO  [BrowserSelenium] (_parseElementOnXpath) -> //a[@href='/jbilling/config/index'] is used
14:38:20,413 INFO  [BrowserSelenium] EXIT --> (_parseElementOnXpath)
14:38:20,413 INFO  [BrowserSelenium] EXIT --> (_getByLocator)
14:38:20,431 INFO  [BrowserSelenium] ENTER --> (_getByLocator)
14:38:20,431 INFO  [BrowserSelenium] (_getByLocator) -> Getting locator for null
14:38:20,431 INFO  [BrowserSelenium] (_getByLocator) -> Locator info found for XPATH attribute as: //a[@href='/jbilling/config/index']
14:38:20,432 INFO  [BrowserSelenium] ENTER --> (_parseElementOnXpath)
14:38:20,432 INFO  [BrowserSelenium] (_parseElementOnXpath) -> //a[@href='/jbilling/config/index'] is used
14:38:20,432 INFO  [BrowserSelenium] EXIT --> (_parseElementOnXpath)
14:38:20,432 INFO  [BrowserSelenium] EXIT --> (_getByLocator)
14:38:20,449 INFO  [BrowserSelenium] ENTER --> (_getByLocator)
14:38:20,449 INFO  [BrowserSelenium] (_getByLocator) -> Getting locator for null
14:38:20,449 INFO  [BrowserSelenium] (_getByLocator) -> Locator info found for XPATH attribute as: //a[@href='/jbilling/config/index']
14:38:20,449 INFO  [BrowserSelenium] ENTER --> (_parseElementOnXpath)
14:38:20,449 INFO  [BrowserSelenium] (_parseElementOnXpath) -> //a[@href='/jbilling/config/index'] is used
14:38:20,450 INFO  [BrowserSelenium] EXIT --> (_parseElementOnXpath)
14:38:20,450 INFO  [BrowserSelenium] EXIT --> (_getByLocator)
14:38:20,467 INFO  [BrowserSelenium] ENTER --> (_getByLocator)
14:38:20,467 INFO  [BrowserSelenium] (_getByLocator) -> Getting locator for null
14:38:20,467 INFO  [BrowserSelenium] (_getByLocator) -> Locator info found for XPATH attribute as: //a[@href='/jbilling/config/index']
14:38:20,467 INFO  [BrowserSelenium] ENTER --> (_parseElementOnXpath)
14:38:20,467 INFO  [BrowserSelenium] (_parseElementOnXpath) -> //a[@href='/jbilling/config/index'] is used
14:38:20,467 INFO  [BrowserSelenium] EXIT --> (_parseElementOnXpath)
14:38:20,468 INFO  [BrowserSelenium] EXIT --> (_getByLocator)
14:38:20,489 INFO  [BrowserSelenium] ENTER --> (_getByLocator)
14:38:20,489 INFO  [BrowserSelenium] (_getByLocator) -> Getting locator for null
14:38:20,489 INFO  [BrowserSelenium] (_getByLocator) -> Locator info found for XPATH attribute as: //a[@href='/jbilling/config/index']
14:38:20,489 INFO  [BrowserSelenium] ENTER --> (_parseElementOnXpath)
14:38:20,489 INFO  [BrowserSelenium] (_parseElementOnXpath) -> //a[@href='/jbilling/config/index'] is used
14:38:20,489 INFO  [BrowserSelenium] EXIT --> (_parseElementOnXpath)
14:38:20,489 INFO  [BrowserSelenium] EXIT --> (_getByLocator)
14:38:20,507 INFO  [BrowserSelenium] ENTER --> (_getByLocator)
14:38:20,507 INFO  [BrowserSelenium] (_getByLocator) -> Getting locator for null
14:38:20,507 INFO  [BrowserSelenium] (_getByLocator) -> Locator info found for XPATH attribute as: //a[@href='/jbilling/config/index']
14:38:20,507 INFO  [BrowserSelenium] ENTER --> (_parseElementOnXpath)
14:38:20,507 INFO  [BrowserSelenium] (_parseElementOnXpath) -> //a[@href='/jbilling/config/index'] is used
14:38:20,507 INFO  [BrowserSelenium] EXIT --> (_parseElementOnXpath)
14:38:20,507 INFO  [BrowserSelenium] EXIT --> (_getByLocator)
14:38:20,528 INFO  [BrowserSelenium] ENTER --> (_getByLocator)
14:38:20,528 INFO  [BrowserSelenium] (_getByLocator) -> Getting locator for null
14:38:20,528 INFO  [BrowserSelenium] (_getByLocator) -> Locator info found for XPATH attribute as: //a[@href='/jbilling/config/index']
14:38:20,528 INFO  [BrowserSelenium] ENTER --> (_parseElementOnXpath)
14:38:20,528 INFO  [BrowserSelenium] (_parseElementOnXpath) -> //a[@href='/jbilling/config/index'] is used
14:38:20,528 INFO  [BrowserSelenium] EXIT --> (_parseElementOnXpath)
14:38:20,529 INFO  [BrowserSelenium] EXIT --> (_getByLocator)
14:38:20,548 INFO  [BrowserSelenium] ENTER --> (_getByLocator)
14:38:20,548 INFO  [BrowserSelenium] (_getByLocator) -> Getting locator for null
14:38:20,548 INFO  [BrowserSelenium] (_getByLocator) -> Locator info found for XPATH attribute as: //a[@href='/jbilling/config/index']
14:38:20,549 INFO  [BrowserSelenium] ENTER --> (_parseElementOnXpath)
14:38:20,549 INFO  [BrowserSelenium] (_parseElementOnXpath) -> //a[@href='/jbilling/config/index'] is used
14:38:20,549 INFO  [BrowserSelenium] EXIT --> (_parseElementOnXpath)
14:38:20,549 INFO  [BrowserSelenium] EXIT --> (_getByLocator)
14:38:20,565 INFO  [BrowserSelenium] ENTER --> (_getByLocator)
14:38:20,565 INFO  [BrowserSelenium] (_getByLocator) -> Getting locator for null
14:38:20,565 INFO  [BrowserSelenium] (_getByLocator) -> Locator info found for XPATH attribute as: //a[@href='/jbilling/config/index']
14:38:20,566 INFO  [BrowserSelenium] ENTER --> (_parseElementOnXpath)
14:38:20,566 INFO  [BrowserSelenium] (_parseElementOnXpath) -> //a[@href='/jbilling/config/index'] is used
14:38:20,566 INFO  [BrowserSelenium] EXIT --> (_parseElementOnXpath)
14:38:20,566 INFO  [BrowserSelenium] EXIT --> (_getByLocator)
14:38:20,585 INFO  [BrowserSelenium] ENTER --> (_getByLocator)
14:38:20,585 INFO  [BrowserSelenium] (_getByLocator) -> Getting locator for null
14:38:20,585 INFO  [BrowserSelenium] (_getByLocator) -> Locator info found for XPATH attribute as: //a[@href='/jbilling/config/index']
14:38:20,585 INFO  [BrowserSelenium] ENTER --> (_parseElementOnXpath)
14:38:20,585 INFO  [BrowserSelenium] (_parseElementOnXpath) -> //a[@href='/jbilling/config/index'] is used
14:38:20,585 INFO  [BrowserSelenium] EXIT --> (_parseElementOnXpath)
14:38:20,585 INFO  [BrowserSelenium] EXIT --> (_getByLocator)
14:38:20,603 INFO  [BrowserSelenium] ENTER --> (_getByLocator)
14:38:20,603 INFO  [BrowserSelenium] (_getByLocator) -> Getting locator for null
14:38:20,603 INFO  [BrowserSelenium] (_getByLocator) -> Locator info found for XPATH attribute as: //a[@href='/jbilling/config/index']
14:38:20,603 INFO  [BrowserSelenium] ENTER --> (_parseElementOnXpath)
14:38:20,603 INFO  [BrowserSelenium] (_parseElementOnXpath) -> //a[@href='/jbilling/config/index'] is used
14:38:20,604 INFO  [BrowserSelenium] EXIT --> (_parseElementOnXpath)
14:38:20,604 INFO  [BrowserSelenium] EXIT --> (_getByLocator)
14:38:20,625 INFO  [BrowserSelenium] ENTER --> (_getByLocator)
14:38:20,625 INFO  [BrowserSelenium] (_getByLocator) -> Getting locator for null
14:38:20,625 INFO  [BrowserSelenium] (_getByLocator) -> Locator info found for XPATH attribute as: //a[@href='/jbilling/config/index']
14:38:20,625 INFO  [BrowserSelenium] ENTER --> (_parseElementOnXpath)
14:38:20,626 INFO  [BrowserSelenium] (_parseElementOnXpath) -> //a[@href='/jbilling/config/index'] is used
14:38:20,626 INFO  [BrowserSelenium] EXIT --> (_parseElementOnXpath)
14:38:20,626 INFO  [BrowserSelenium] EXIT --> (_getByLocator)
14:38:20,645 INFO  [BrowserSelenium] ENTER --> (_getByLocator)
14:38:20,645 INFO  [BrowserSelenium] (_getByLocator) -> Getting locator for null
14:38:20,645 INFO  [BrowserSelenium] (_getByLocator) -> Locator info found for XPATH attribute as: //a[@href='/jbilling/config/index']
14:38:20,645 INFO  [BrowserSelenium] ENTER --> (_parseElementOnXpath)
14:38:20,646 INFO  [BrowserSelenium] (_parseElementOnXpath) -> //a[@href='/jbilling/config/index'] is used
14:38:20,646 INFO  [BrowserSelenium] EXIT --> (_parseElementOnXpath)
14:38:20,646 INFO  [BrowserSelenium] EXIT --> (_getByLocator)
14:38:20,663 INFO  [BrowserSelenium] ENTER --> (_getByLocator)
14:38:20,663 INFO  [BrowserSelenium] (_getByLocator) -> Getting locator for null
14:38:20,663 INFO  [BrowserSelenium] (_getByLocator) -> Locator info found for XPATH attribute as: //a[@href='/jbilling/config/index']
14:38:20,663 INFO  [BrowserSelenium] ENTER --> (_parseElementOnXpath)
14:38:20,663 INFO  [BrowserSelenium] (_parseElementOnXpath) -> //a[@href='/jbilling/config/index'] is used
14:38:20,663 INFO  [BrowserSelenium] EXIT --> (_parseElementOnXpath)
14:38:20,663 INFO  [BrowserSelenium] EXIT --> (_getByLocator)
14:38:20,679 INFO  [BrowserSelenium] ENTER --> (_getByLocator)
14:38:20,680 INFO  [BrowserSelenium] (_getByLocator) -> Getting locator for null
14:38:20,680 INFO  [BrowserSelenium] (_getByLocator) -> Locator info found for XPATH attribute as: //a[@href='/jbilling/config/index']
14:38:20,680 INFO  [BrowserSelenium] ENTER --> (_parseElementOnXpath)
14:38:20,680 INFO  [BrowserSelenium] (_parseElementOnXpath) -> //a[@href='/jbilling/config/index'] is used
14:38:20,680 INFO  [BrowserSelenium] EXIT --> (_parseElementOnXpath)
14:38:20,680 INFO  [BrowserSelenium] EXIT --> (_getByLocator)
14:38:20,699 INFO  [BrowserSelenium] ENTER --> (_getByLocator)
14:38:20,699 INFO  [BrowserSelenium] (_getByLocator) -> Getting locator for null
14:38:20,700 INFO  [BrowserSelenium] (_getByLocator) -> Locator info found for XPATH attribute as: //a[@href='/jbilling/config/index']
14:38:20,700 INFO  [BrowserSelenium] ENTER --> (_parseElementOnXpath)
14:38:20,700 INFO  [BrowserSelenium] (_parseElementOnXpath) -> //a[@href='/jbilling/config/index'] is used
14:38:20,700 INFO  [BrowserSelenium] EXIT --> (_parseElementOnXpath)
14:38:20,700 INFO  [BrowserSelenium] EXIT --> (_getByLocator)
14:38:20,716 INFO  [BrowserSelenium] ENTER --> (_getByLocator)
14:38:20,717 INFO  [BrowserSelenium] (_getByLocator) -> Getting locator for null
14:38:20,717 INFO  [BrowserSelenium] (_getByLocator) -> Locator info found for XPATH attribute as: //a[@href='/jbilling/config/index']
14:38:20,717 INFO  [BrowserSelenium] ENTER --> (_parseElementOnXpath)
14:38:20,717 INFO  [BrowserSelenium] (_parseElementOnXpath) -> //a[@href='/jbilling/config/index'] is used
14:38:20,717 INFO  [BrowserSelenium] EXIT --> (_parseElementOnXpath)
14:38:20,717 INFO  [BrowserSelenium] EXIT --> (_getByLocator)
14:38:20,733 INFO  [BrowserSelenium] ENTER --> (_getByLocator)
14:38:20,734 INFO  [BrowserSelenium] (_getByLocator) -> Getting locator for null
14:38:20,734 INFO  [BrowserSelenium] (_getByLocator) -> Locator info found for XPATH attribute as: //a[@href='/jbilling/config/index']
14:38:20,734 INFO  [BrowserSelenium] ENTER --> (_parseElementOnXpath)
14:38:20,734 INFO  [BrowserSelenium] (_parseElementOnXpath) -> //a[@href='/jbilling/config/index'] is used
14:38:20,734 INFO  [BrowserSelenium] EXIT --> (_parseElementOnXpath)
14:38:20,734 INFO  [BrowserSelenium] EXIT --> (_getByLocator)
14:38:20,752 INFO  [BrowserSelenium] ENTER --> (_getByLocator)
14:38:20,752 INFO  [BrowserSelenium] (_getByLocator) -> Getting locator for null
14:38:20,752 INFO  [BrowserSelenium] (_getByLocator) -> Locator info found for XPATH attribute as: //a[@href='/jbilling/config/index']
14:38:20,752 INFO  [BrowserSelenium] ENTER --> (_parseElementOnXpath)
14:38:20,752 INFO  [BrowserSelenium] (_parseElementOnXpath) -> //a[@href='/jbilling/config/index'] is used
14:38:20,752 INFO  [BrowserSelenium] EXIT --> (_parseElementOnXpath)
14:38:20,752 INFO  [BrowserSelenium] EXIT --> (_getByLocator)
14:38:20,770 INFO  [BrowserSelenium] ENTER --> (_getByLocator)
14:38:20,770 INFO  [BrowserSelenium] (_getByLocator) -> Getting locator for null
14:38:20,770 INFO  [BrowserSelenium] (_getByLocator) -> Locator info found for XPATH attribute as: //a[@href='/jbilling/config/index']
14:38:20,770 INFO  [BrowserSelenium] ENTER --> (_parseElementOnXpath)
14:38:20,770 INFO  [BrowserSelenium] (_parseElementOnXpath) -> //a[@href='/jbilling/config/index'] is used
14:38:20,771 INFO  [BrowserSelenium] EXIT --> (_parseElementOnXpath)
14:38:20,771 INFO  [BrowserSelenium] EXIT --> (_getByLocator)
14:38:20,787 INFO  [BrowserSelenium] ENTER --> (_getByLocator)
14:38:20,787 INFO  [BrowserSelenium] (_getByLocator) -> Getting locator for null
14:38:20,787 INFO  [BrowserSelenium] (_getByLocator) -> Locator info found for XPATH attribute as: //a[@href='/jbilling/config/index']
14:38:20,787 INFO  [BrowserSelenium] ENTER --> (_parseElementOnXpath)
14:38:20,788 INFO  [BrowserSelenium] (_parseElementOnXpath) -> //a[@href='/jbilling/config/index'] is used
14:38:20,788 INFO  [BrowserSelenium] EXIT --> (_parseElementOnXpath)
14:38:20,788 INFO  [BrowserSelenium] EXIT --> (_getByLocator)
14:38:20,806 INFO  [BrowserSelenium] ENTER --> (_getByLocator)
14:38:20,807 INFO  [BrowserSelenium] (_getByLocator) -> Getting locator for null
14:38:20,807 INFO  [BrowserSelenium] (_getByLocator) -> Locator info found for XPATH attribute as: //a[@href='/jbilling/config/index']
14:38:20,807 INFO  [BrowserSelenium] ENTER --> (_parseElementOnXpath)
14:38:20,807 INFO  [BrowserSelenium] (_parseElementOnXpath) -> //a[@href='/jbilling/config/index'] is used
14:38:20,807 INFO  [BrowserSelenium] EXIT --> (_parseElementOnXpath)
14:38:20,807 INFO  [BrowserSelenium] EXIT --> (_getByLocator)
14:38:20,828 INFO  [BrowserSelenium] ENTER --> (_getByLocator)
14:38:20,828 INFO  [BrowserSelenium] (_getByLocator) -> Getting locator for null
14:38:20,828 INFO  [BrowserSelenium] (_getByLocator) -> Locator info found for XPATH attribute as: //a[@href='/jbilling/config/index']
14:38:20,828 INFO  [BrowserSelenium] ENTER --> (_parseElementOnXpath)
14:38:20,828 INFO  [BrowserSelenium] (_parseElementOnXpath) -> //a[@href='/jbilling/config/index'] is used
14:38:20,828 INFO  [BrowserSelenium] EXIT --> (_parseElementOnXpath)
14:38:20,828 INFO  [BrowserSelenium] EXIT --> (_getByLocator)
14:38:20,847 INFO  [BrowserSelenium] ENTER --> (_getByLocator)
14:38:20,847 INFO  [BrowserSelenium] (_getByLocator) -> Getting locator for null
14:38:20,847 INFO  [BrowserSelenium] (_getByLocator) -> Locator info found for XPATH attribute as: //a[@href='/jbilling/config/index']
14:38:20,847 INFO  [BrowserSelenium] ENTER --> (_parseElementOnXpath)
14:38:20,847 INFO  [BrowserSelenium] (_parseElementOnXpath) -> //a[@href='/jbilling/config/index'] is used
14:38:20,847 INFO  [BrowserSelenium] EXIT --> (_parseElementOnXpath)
14:38:20,847 INFO  [BrowserSelenium] EXIT --> (_getByLocator)
14:38:20,872 INFO  [BrowserSelenium] ENTER --> (_getByLocator)
14:38:20,872 INFO  [BrowserSelenium] (_getByLocator) -> Getting locator for null
14:38:20,873 INFO  [BrowserSelenium] (_getByLocator) -> Locator info found for XPATH attribute as: //a[@href='/jbilling/config/index']
14:38:20,873 INFO  [BrowserSelenium] ENTER --> (_parseElementOnXpath)
14:38:20,873 INFO  [BrowserSelenium] (_parseElementOnXpath) -> //a[@href='/jbilling/config/index'] is used
14:38:20,873 INFO  [BrowserSelenium] EXIT --> (_parseElementOnXpath)
14:38:20,873 INFO  [BrowserSelenium] EXIT --> (_getByLocator)
14:38:20,897 INFO  [BrowserSelenium] ENTER --> (_getByLocator)
14:38:20,898 INFO  [BrowserSelenium] (_getByLocator) -> Getting locator for null
14:38:20,898 INFO  [BrowserSelenium] (_getByLocator) -> Locator info found for XPATH attribute as: //a[@href='/jbilling/config/index']
14:38:20,898 INFO  [BrowserSelenium] ENTER --> (_parseElementOnXpath)
14:38:20,898 INFO  [BrowserSelenium] (_parseElementOnXpath) -> //a[@href='/jbilling/config/index'] is used
14:38:20,898 INFO  [BrowserSelenium] EXIT --> (_parseElementOnXpath)
14:38:20,898 INFO  [BrowserSelenium] EXIT --> (_getByLocator)
14:38:20,920 INFO  [BrowserSelenium] ENTER --> (_getByLocator)
14:38:20,920 INFO  [BrowserSelenium] (_getByLocator) -> Getting locator for null
14:38:20,921 INFO  [BrowserSelenium] (_getByLocator) -> Locator info found for XPATH attribute as: //a[@href='/jbilling/config/index']
14:38:20,921 INFO  [BrowserSelenium] ENTER --> (_parseElementOnXpath)
14:38:20,921 INFO  [BrowserSelenium] (_parseElementOnXpath) -> //a[@href='/jbilling/config/index'] is used
14:38:20,921 INFO  [BrowserSelenium] EXIT --> (_parseElementOnXpath)
14:38:20,921 INFO  [BrowserSelenium] EXIT --> (_getByLocator)
14:38:20,944 INFO  [BrowserSelenium] ENTER --> (_getByLocator)
14:38:20,945 INFO  [BrowserSelenium] (_getByLocator) -> Getting locator for null
14:38:20,945 INFO  [BrowserSelenium] (_getByLocator) -> Locator info found for XPATH attribute as: //a[@href='/jbilling/config/index']
14:38:20,945 INFO  [BrowserSelenium] ENTER --> (_parseElementOnXpath)
14:38:20,945 INFO  [BrowserSelenium] (_parseElementOnXpath) -> //a[@href='/jbilling/config/index'] is used
14:38:20,945 INFO  [BrowserSelenium] EXIT --> (_parseElementOnXpath)
14:38:20,946 INFO  [BrowserSelenium] EXIT --> (_getByLocator)
14:38:20,964 INFO  [BrowserSelenium] ENTER --> (_getByLocator)
14:38:20,964 INFO  [BrowserSelenium] (_getByLocator) -> Getting locator for null
14:38:20,964 INFO  [BrowserSelenium] (_getByLocator) -> Locator info found for XPATH attribute as: //a[@href='/jbilling/config/index']
14:38:20,964 INFO  [BrowserSelenium] ENTER --> (_parseElementOnXpath)
14:38:20,964 INFO  [BrowserSelenium] (_parseElementOnXpath) -> //a[@href='/jbilling/config/index'] is used
14:38:20,964 INFO  [BrowserSelenium] EXIT --> (_parseElementOnXpath)
14:38:20,964 INFO  [BrowserSelenium] EXIT --> (_getByLocator)
14:38:20,981 INFO  [BrowserSelenium] ENTER --> (_getByLocator)
14:38:20,981 INFO  [BrowserSelenium] (_getByLocator) -> Getting locator for null
14:38:20,981 INFO  [BrowserSelenium] (_getByLocator) -> Locator info found for XPATH attribute as: //a[@href='/jbilling/config/index']
14:38:20,981 INFO  [BrowserSelenium] ENTER --> (_parseElementOnXpath)
14:38:20,981 INFO  [BrowserSelenium] (_parseElementOnXpath) -> //a[@href='/jbilling/config/index'] is used
14:38:20,981 INFO  [BrowserSelenium] EXIT --> (_parseElementOnXpath)
14:38:20,981 INFO  [BrowserSelenium] EXIT --> (_getByLocator)
14:38:21,001 INFO  [BrowserSelenium] ENTER --> (_getByLocator)
14:38:21,001 INFO  [BrowserSelenium] (_getByLocator) -> Getting locator for null
14:38:21,001 INFO  [BrowserSelenium] (_getByLocator) -> Locator info found for XPATH attribute as: //a[@href='/jbilling/config/index']
14:38:21,001 INFO  [BrowserSelenium] ENTER --> (_parseElementOnXpath)
14:38:21,001 INFO  [BrowserSelenium] (_parseElementOnXpath) -> //a[@href='/jbilling/config/index'] is used
14:38:21,001 INFO  [BrowserSelenium] EXIT --> (_parseElementOnXpath)
14:38:21,001 INFO  [BrowserSelenium] EXIT --> (_getByLocator)
14:38:21,019 INFO  [BrowserSelenium] ENTER --> (_getByLocator)
14:38:21,019 INFO  [BrowserSelenium] (_getByLocator) -> Getting locator for null
14:38:21,019 INFO  [BrowserSelenium] (_getByLocator) -> Locator info found for XPATH attribute as: //a[@href='/jbilling/config/index']
14:38:21,019 INFO  [BrowserSelenium] ENTER --> (_parseElementOnXpath)
14:38:21,019 INFO  [BrowserSelenium] (_parseElementOnXpath) -> //a[@href='/jbilling/config/index'] is used
14:38:21,020 INFO  [BrowserSelenium] EXIT --> (_parseElementOnXpath)
14:38:21,020 INFO  [BrowserSelenium] EXIT --> (_getByLocator)
14:38:21,043 INFO  [BrowserSelenium] ENTER --> (_getByLocator)
14:38:21,043 INFO  [BrowserSelenium] (_getByLocator) -> Getting locator for null
14:38:21,043 INFO  [BrowserSelenium] (_getByLocator) -> Locator info found for XPATH attribute as: //a[@href='/jbilling/config/index']
14:38:21,043 INFO  [BrowserSelenium] ENTER --> (_parseElementOnXpath)
14:38:21,043 INFO  [BrowserSelenium] (_parseElementOnXpath) -> //a[@href='/jbilling/config/index'] is used
14:38:21,044 INFO  [BrowserSelenium] EXIT --> (_parseElementOnXpath)
14:38:21,044 INFO  [BrowserSelenium] EXIT --> (_getByLocator)
14:38:21,060 INFO  [BrowserSelenium] ENTER --> (_getByLocator)
14:38:21,060 INFO  [BrowserSelenium] (_getByLocator) -> Getting locator for null
14:38:21,060 INFO  [BrowserSelenium] (_getByLocator) -> Locator info found for XPATH attribute as: //a[@href='/jbilling/config/index']
14:38:21,060 INFO  [BrowserSelenium] ENTER --> (_parseElementOnXpath)
14:38:21,060 INFO  [BrowserSelenium] (_parseElementOnXpath) -> //a[@href='/jbilling/config/index'] is used
14:38:21,060 INFO  [BrowserSelenium] EXIT --> (_parseElementOnXpath)
14:38:21,060 INFO  [BrowserSelenium] EXIT --> (_getByLocator)
14:38:21,080 INFO  [BrowserSelenium] ENTER --> (_getByLocator)
14:38:21,080 INFO  [BrowserSelenium] (_getByLocator) -> Getting locator for null
14:38:21,080 INFO  [BrowserSelenium] (_getByLocator) -> Locator info found for XPATH attribute as: //a[@href='/jbilling/config/index']
14:38:21,081 INFO  [BrowserSelenium] ENTER --> (_parseElementOnXpath)
14:38:21,081 INFO  [BrowserSelenium] (_parseElementOnXpath) -> //a[@href='/jbilling/config/index'] is used
14:38:21,081 INFO  [BrowserSelenium] EXIT --> (_parseElementOnXpath)
14:38:21,081 INFO  [BrowserSelenium] EXIT --> (_getByLocator)
14:38:21,101 INFO  [BrowserSelenium] ENTER --> (_getByLocator)
14:38:21,101 INFO  [BrowserSelenium] (_getByLocator) -> Getting locator for null
14:38:21,102 INFO  [BrowserSelenium] (_getByLocator) -> Locator info found for XPATH attribute as: //a[@href='/jbilling/config/index']
14:38:21,102 INFO  [BrowserSelenium] ENTER --> (_parseElementOnXpath)
14:38:21,102 INFO  [BrowserSelenium] (_parseElementOnXpath) -> //a[@href='/jbilling/config/index'] is used
14:38:21,102 INFO  [BrowserSelenium] EXIT --> (_parseElementOnXpath)
14:38:21,102 INFO  [BrowserSelenium] EXIT --> (_getByLocator)
14:38:21,129 INFO  [BrowserSelenium] ENTER --> (_getByLocator)
14:38:21,129 INFO  [BrowserSelenium] (_getByLocator) -> Getting locator for null
14:38:21,129 INFO  [BrowserSelenium] (_getByLocator) -> Locator info found for XPATH attribute as: //a[@href='/jbilling/config/index']
14:38:21,129 INFO  [BrowserSelenium] ENTER --> (_parseElementOnXpath)
14:38:21,129 INFO  [BrowserSelenium] (_parseElementOnXpath) -> //a[@href='/jbilling/config/index'] is used
14:38:21,129 INFO  [BrowserSelenium] EXIT --> (_parseElementOnXpath)
14:38:21,130 INFO  [BrowserSelenium] EXIT --> (_getByLocator)
14:38:21,155 INFO  [BrowserSelenium] ENTER --> (_getByLocator)
14:38:21,155 INFO  [BrowserSelenium] (_getByLocator) -> Getting locator for null
14:38:21,155 INFO  [BrowserSelenium] (_getByLocator) -> Locator info found for XPATH attribute as: //a[@href='/jbilling/config/index']
14:38:21,155 INFO  [BrowserSelenium] ENTER --> (_parseElementOnXpath)
14:38:21,155 INFO  [BrowserSelenium] (_parseElementOnXpath) -> //a[@href='/jbilling/config/index'] is used
14:38:21,155 INFO  [BrowserSelenium] EXIT --> (_parseElementOnXpath)
14:38:21,156 INFO  [BrowserSelenium] EXIT --> (_getByLocator)
14:38:21,180 INFO  [BrowserSelenium] ENTER --> (_getByLocator)
14:38:21,180 INFO  [BrowserSelenium] (_getByLocator) -> Getting locator for null
14:38:21,180 INFO  [BrowserSelenium] (_getByLocator) -> Locator info found for XPATH attribute as: //a[@href='/jbilling/config/index']
14:38:21,181 INFO  [BrowserSelenium] ENTER --> (_parseElementOnXpath)
14:38:21,181 INFO  [BrowserSelenium] (_parseElementOnXpath) -> //a[@href='/jbilling/config/index'] is used
14:38:21,181 INFO  [BrowserSelenium] EXIT --> (_parseElementOnXpath)
14:38:21,181 INFO  [BrowserSelenium] EXIT --> (_getByLocator)
14:38:21,208 INFO  [BrowserSelenium] ENTER --> (_getByLocator)
14:38:21,208 INFO  [BrowserSelenium] (_getByLocator) -> Getting locator for null
14:38:21,208 INFO  [BrowserSelenium] (_getByLocator) -> Locator info found for XPATH attribute as: //a[@href='/jbilling/config/index']
14:38:21,208 INFO  [BrowserSelenium] ENTER --> (_parseElementOnXpath)
14:38:21,208 INFO  [BrowserSelenium] (_parseElementOnXpath) -> //a[@href='/jbilling/config/index'] is used
14:38:21,208 INFO  [BrowserSelenium] EXIT --> (_parseElementOnXpath)
14:38:21,209 INFO  [BrowserSelenium] EXIT --> (_getByLocator)
14:38:21,233 INFO  [BrowserSelenium] ENTER --> (_getByLocator)
14:38:21,234 INFO  [BrowserSelenium] (_getByLocator) -> Getting locator for null
14:38:21,234 INFO  [BrowserSelenium] (_getByLocator) -> Locator info found for XPATH attribute as: //a[@href='/jbilling/config/index']
14:38:21,234 INFO  [BrowserSelenium] ENTER --> (_parseElementOnXpath)
14:38:21,234 INFO  [BrowserSelenium] (_parseElementOnXpath) -> //a[@href='/jbilling/config/index'] is used
14:38:21,234 INFO  [BrowserSelenium] EXIT --> (_parseElementOnXpath)
14:38:21,235 INFO  [BrowserSelenium] EXIT --> (_getByLocator)
14:38:21,253 INFO  [BrowserSelenium] ENTER --> (_getByLocator)
14:38:21,253 INFO  [BrowserSelenium] (_getByLocator) -> Getting locator for null
14:38:21,253 INFO  [BrowserSelenium] (_getByLocator) -> Locator info found for XPATH attribute as: //a[@href='/jbilling/config/index']
14:38:21,253 INFO  [BrowserSelenium] ENTER --> (_parseElementOnXpath)
14:38:21,254 INFO  [BrowserSelenium] (_parseElementOnXpath) -> //a[@href='/jbilling/config/index'] is used
14:38:21,254 INFO  [BrowserSelenium] EXIT --> (_parseElementOnXpath)
14:38:21,254 INFO  [BrowserSelenium] EXIT --> (_getByLocator)
14:38:21,273 INFO  [BrowserSelenium] ENTER --> (_getByLocator)
14:38:21,273 INFO  [BrowserSelenium] (_getByLocator) -> Getting locator for null
14:38:21,273 INFO  [BrowserSelenium] (_getByLocator) -> Locator info found for XPATH attribute as: //a[@href='/jbilling/config/index']
14:38:21,274 INFO  [BrowserSelenium] ENTER --> (_parseElementOnXpath)
14:38:21,274 INFO  [BrowserSelenium] (_parseElementOnXpath) -> //a[@href='/jbilling/config/index'] is used
14:38:21,274 INFO  [BrowserSelenium] EXIT --> (_parseElementOnXpath)
14:38:21,274 INFO  [BrowserSelenium] EXIT --> (_getByLocator)
14:38:21,293 INFO  [BrowserSelenium] ENTER --> (_getByLocator)
14:38:21,294 INFO  [BrowserSelenium] (_getByLocator) -> Getting locator for null
14:38:21,294 INFO  [BrowserSelenium] (_getByLocator) -> Locator info found for XPATH attribute as: //a[@href='/jbilling/config/index']
14:38:21,294 INFO  [BrowserSelenium] ENTER --> (_parseElementOnXpath)
14:38:21,294 INFO  [BrowserSelenium] (_parseElementOnXpath) -> //a[@href='/jbilling/config/index'] is used
14:38:21,294 INFO  [BrowserSelenium] EXIT --> (_parseElementOnXpath)
14:38:21,294 INFO  [BrowserSelenium] EXIT --> (_getByLocator)
14:38:21,312 INFO  [BrowserSelenium] ENTER --> (_getByLocator)
14:38:21,313 INFO  [BrowserSelenium] (_getByLocator) -> Getting locator for null
14:38:21,313 INFO  [BrowserSelenium] (_getByLocator) -> Locator info found for XPATH attribute as: //a[@href='/jbilling/config/index']
14:38:21,313 INFO  [BrowserSelenium] ENTER --> (_parseElementOnXpath)
14:38:21,313 INFO  [BrowserSelenium] (_parseElementOnXpath) -> //a[@href='/jbilling/config/index'] is used
14:38:21,313 INFO  [BrowserSelenium] EXIT --> (_parseElementOnXpath)
14:38:21,313 INFO  [BrowserSelenium] EXIT --> (_getByLocator)
14:38:21,330 INFO  [BrowserSelenium] ENTER --> (_getByLocator)
14:38:21,330 INFO  [BrowserSelenium] (_getByLocator) -> Getting locator for null
14:38:21,330 INFO  [BrowserSelenium] (_getByLocator) -> Locator info found for XPATH attribute as: //a[@href='/jbilling/config/index']
14:38:21,330 INFO  [BrowserSelenium] ENTER --> (_parseElementOnXpath)
14:38:21,330 INFO  [BrowserSelenium] (_parseElementOnXpath) -> //a[@href='/jbilling/config/index'] is used
14:38:21,330 INFO  [BrowserSelenium] EXIT --> (_parseElementOnXpath)
14:38:21,330 INFO  [BrowserSelenium] EXIT --> (_getByLocator)
14:38:21,347 INFO  [BrowserSelenium] ENTER --> (_getByLocator)
14:38:21,348 INFO  [BrowserSelenium] (_getByLocator) -> Getting locator for null
14:38:21,348 INFO  [BrowserSelenium] (_getByLocator) -> Locator info found for XPATH attribute as: //a[@href='/jbilling/config/index']
14:38:21,348 INFO  [BrowserSelenium] ENTER --> (_parseElementOnXpath)
14:38:21,348 INFO  [BrowserSelenium] (_parseElementOnXpath) -> //a[@href='/jbilling/config/index'] is used
14:38:21,348 INFO  [BrowserSelenium] EXIT --> (_parseElementOnXpath)
14:38:21,348 INFO  [BrowserSelenium] EXIT --> (_getByLocator)
14:38:21,366 INFO  [BrowserSelenium] ENTER --> (_getByLocator)
14:38:21,366 INFO  [BrowserSelenium] (_getByLocator) -> Getting locator for null
14:38:21,366 INFO  [BrowserSelenium] (_getByLocator) -> Locator info found for XPATH attribute as: //a[@href='/jbilling/config/index']
14:38:21,366 INFO  [BrowserSelenium] ENTER --> (_parseElementOnXpath)
14:38:21,367 INFO  [BrowserSelenium] (_parseElementOnXpath) -> //a[@href='/jbilling/config/index'] is used
14:38:21,367 INFO  [BrowserSelenium] EXIT --> (_parseElementOnXpath)
14:38:21,367 INFO  [BrowserSelenium] EXIT --> (_getByLocator)
14:38:21,384 INFO  [BrowserSelenium] ENTER --> (_getByLocator)
14:38:21,384 INFO  [BrowserSelenium] (_getByLocator) -> Getting locator for null
14:38:21,384 INFO  [BrowserSelenium] (_getByLocator) -> Locator info found for XPATH attribute as: //a[@href='/jbilling/config/index']
14:38:21,384 INFO  [BrowserSelenium] ENTER --> (_parseElementOnXpath)
14:38:21,385 INFO  [BrowserSelenium] (_parseElementOnXpath) -> //a[@href='/jbilling/config/index'] is used
14:38:21,385 INFO  [BrowserSelenium] EXIT --> (_parseElementOnXpath)
14:38:21,385 INFO  [BrowserSelenium] EXIT --> (_getByLocator)
14:38:21,406 INFO  [BrowserSelenium] ENTER --> (_getByLocator)
14:38:21,406 INFO  [BrowserSelenium] (_getByLocator) -> Getting locator for null
14:38:21,406 INFO  [BrowserSelenium] (_getByLocator) -> Locator info found for XPATH attribute as: //a[@href='/jbilling/config/index']
14:38:21,406 INFO  [BrowserSelenium] ENTER --> (_parseElementOnXpath)
14:38:21,406 INFO  [BrowserSelenium] (_parseElementOnXpath) -> //a[@href='/jbilling/config/index'] is used
14:38:21,407 INFO  [BrowserSelenium] EXIT --> (_parseElementOnXpath)
14:38:21,407 INFO  [BrowserSelenium] EXIT --> (_getByLocator)
14:38:21,432 INFO  [BrowserSelenium] ENTER --> (_getByLocator)
14:38:21,432 INFO  [BrowserSelenium] (_getByLocator) -> Getting locator for null
14:38:21,432 INFO  [BrowserSelenium] (_getByLocator) -> Locator info found for XPATH attribute as: //a[@href='/jbilling/config/index']
14:38:21,433 INFO  [BrowserSelenium] ENTER --> (_parseElementOnXpath)
14:38:21,433 INFO  [BrowserSelenium] (_parseElementOnXpath) -> //a[@href='/jbilling/config/index'] is used
14:38:21,433 INFO  [BrowserSelenium] EXIT --> (_parseElementOnXpath)
14:38:21,433 INFO  [BrowserSelenium] EXIT --> (_getByLocator)
14:38:21,457 INFO  [BrowserSelenium] ENTER --> (_getByLocator)
14:38:21,457 INFO  [BrowserSelenium] (_getByLocator) -> Getting locator for null
14:38:21,457 INFO  [BrowserSelenium] (_getByLocator) -> Locator info found for XPATH attribute as: //a[@href='/jbilling/config/index']
14:38:21,457 INFO  [BrowserSelenium] ENTER --> (_parseElementOnXpath)
14:38:21,457 INFO  [BrowserSelenium] (_parseElementOnXpath) -> //a[@href='/jbilling/config/index'] is used
14:38:21,457 INFO  [BrowserSelenium] EXIT --> (_parseElementOnXpath)
14:38:21,458 INFO  [BrowserSelenium] EXIT --> (_getByLocator)
14:38:21,476 INFO  [BrowserSelenium] ENTER --> (_getByLocator)
14:38:21,476 INFO  [BrowserSelenium] (_getByLocator) -> Getting locator for null
14:38:21,477 INFO  [BrowserSelenium] (_getByLocator) -> Locator info found for XPATH attribute as: //a[@href='/jbilling/config/index']
14:38:21,477 INFO  [BrowserSelenium] ENTER --> (_parseElementOnXpath)
14:38:21,477 INFO  [BrowserSelenium] (_parseElementOnXpath) -> //a[@href='/jbilling/config/index'] is used
14:38:21,477 INFO  [BrowserSelenium] EXIT --> (_parseElementOnXpath)
14:38:21,477 INFO  [BrowserSelenium] EXIT --> (_getByLocator)
14:38:21,496 INFO  [BrowserSelenium] ENTER --> (_getByLocator)
14:38:21,496 INFO  [BrowserSelenium] (_getByLocator) -> Getting locator for null
14:38:21,496 INFO  [BrowserSelenium] (_getByLocator) -> Locator info found for XPATH attribute as: //a[@href='/jbilling/config/index']
14:38:21,496 INFO  [BrowserSelenium] ENTER --> (_parseElementOnXpath)
14:38:21,496 INFO  [BrowserSelenium] (_parseElementOnXpath) -> //a[@href='/jbilling/config/index'] is used
14:38:21,496 INFO  [BrowserSelenium] EXIT --> (_parseElementOnXpath)
14:38:21,496 INFO  [BrowserSelenium] EXIT --> (_getByLocator)
14:38:21,515 INFO  [BrowserSelenium] ENTER --> (_getByLocator)
14:38:21,515 INFO  [BrowserSelenium] (_getByLocator) -> Getting locator for null
14:38:21,516 INFO  [BrowserSelenium] (_getByLocator) -> Locator info found for XPATH attribute as: //a[@href='/jbilling/config/index']
14:38:21,516 INFO  [BrowserSelenium] ENTER --> (_parseElementOnXpath)
14:38:21,516 INFO  [BrowserSelenium] (_parseElementOnXpath) -> //a[@href='/jbilling/config/index'] is used
14:38:21,516 INFO  [BrowserSelenium] EXIT --> (_parseElementOnXpath)
14:38:21,516 INFO  [BrowserSelenium] EXIT --> (_getByLocator)
14:38:21,534 INFO  [BrowserSelenium] ENTER --> (_getByLocator)
14:38:21,534 INFO  [BrowserSelenium] (_getByLocator) -> Getting locator for null
14:38:21,534 INFO  [BrowserSelenium] (_getByLocator) -> Locator info found for XPATH attribute as: //a[@href='/jbilling/config/index']
14:38:21,534 INFO  [BrowserSelenium] ENTER --> (_parseElementOnXpath)
14:38:21,534 INFO  [BrowserSelenium] (_parseElementOnXpath) -> //a[@href='/jbilling/config/index'] is used
14:38:21,535 INFO  [BrowserSelenium] EXIT --> (_parseElementOnXpath)
14:38:21,535 INFO  [BrowserSelenium] EXIT --> (_getByLocator)
14:38:21,554 INFO  [BrowserSelenium] ENTER --> (_getByLocator)
14:38:21,554 INFO  [BrowserSelenium] (_getByLocator) -> Getting locator for null
14:38:21,554 INFO  [BrowserSelenium] (_getByLocator) -> Locator info found for XPATH attribute as: //a[@href='/jbilling/config/index']
14:38:21,554 INFO  [BrowserSelenium] ENTER --> (_parseElementOnXpath)
14:38:21,554 INFO  [BrowserSelenium] (_parseElementOnXpath) -> //a[@href='/jbilling/config/index'] is used
14:38:21,554 INFO  [BrowserSelenium] EXIT --> (_parseElementOnXpath)
14:38:21,555 INFO  [BrowserSelenium] EXIT --> (_getByLocator)
14:38:21,576 INFO  [BrowserSelenium] ENTER --> (_getByLocator)
14:38:21,576 INFO  [BrowserSelenium] (_getByLocator) -> Getting locator for null
14:38:21,576 INFO  [BrowserSelenium] (_getByLocator) -> Locator info found for XPATH attribute as: //a[@href='/jbilling/config/index']
14:38:21,576 INFO  [BrowserSelenium] ENTER --> (_parseElementOnXpath)
14:38:21,576 INFO  [BrowserSelenium] (_parseElementOnXpath) -> //a[@href='/jbilling/config/index'] is used
14:38:21,576 INFO  [BrowserSelenium] EXIT --> (_parseElementOnXpath)
14:38:21,577 INFO  [BrowserSelenium] EXIT --> (_getByLocator)
14:38:21,604 INFO  [BrowserSelenium] ENTER --> (_getByLocator)
14:38:21,604 INFO  [BrowserSelenium] (_getByLocator) -> Getting locator for null
14:38:21,604 INFO  [BrowserSelenium] (_getByLocator) -> Locator info found for XPATH attribute as: //a[@href='/jbilling/config/index']
14:38:21,605 INFO  [BrowserSelenium] ENTER --> (_parseElementOnXpath)
14:38:21,605 INFO  [BrowserSelenium] (_parseElementOnXpath) -> //a[@href='/jbilling/config/index'] is used
14:38:21,605 INFO  [BrowserSelenium] EXIT --> (_parseElementOnXpath)
14:38:21,605 INFO  [BrowserSelenium] EXIT --> (_getByLocator)
14:38:21,629 INFO  [BrowserSelenium] ENTER --> (_getByLocator)
14:38:21,629 INFO  [BrowserSelenium] (_getByLocator) -> Getting locator for null
14:38:21,629 INFO  [BrowserSelenium] (_getByLocator) -> Locator info found for XPATH attribute as: //a[@href='/jbilling/config/index']
14:38:21,629 INFO  [BrowserSelenium] ENTER --> (_parseElementOnXpath)
14:38:21,629 INFO  [BrowserSelenium] (_parseElementOnXpath) -> //a[@href='/jbilling/config/index'] is used
14:38:21,629 INFO  [BrowserSelenium] EXIT --> (_parseElementOnXpath)
14:38:21,630 INFO  [BrowserSelenium] EXIT --> (_getByLocator)
14:38:21,770 INFO  [BrowserSelenium] ENTER --> (_getByLocator)
14:38:21,770 INFO  [BrowserSelenium] (_getByLocator) -> Getting locator for null
14:38:21,770 INFO  [BrowserSelenium] (_getByLocator) -> Locator info found for XPATH attribute as: //a[@href='/jbilling/config/index']
14:38:21,770 INFO  [BrowserSelenium] ENTER --> (_parseElementOnXpath)
14:38:21,770 INFO  [BrowserSelenium] (_parseElementOnXpath) -> //a[@href='/jbilling/config/index'] is used
14:38:21,770 INFO  [BrowserSelenium] EXIT --> (_parseElementOnXpath)
14:38:21,770 INFO  [BrowserSelenium] EXIT --> (_getByLocator)
14:38:21,786 INFO  [BrowserSelenium] ENTER --> (_getByLocator)
14:38:21,786 INFO  [BrowserSelenium] (_getByLocator) -> Getting locator for null
14:38:21,787 INFO  [BrowserSelenium] (_getByLocator) -> Locator info found for XPATH attribute as: //a[@href='/jbilling/config/index']
14:38:21,787 INFO  [BrowserSelenium] ENTER --> (_parseElementOnXpath)
14:38:21,787 INFO  [BrowserSelenium] (_parseElementOnXpath) -> //a[@href='/jbilling/config/index'] is used
14:38:21,787 INFO  [BrowserSelenium] EXIT --> (_parseElementOnXpath)
14:38:21,787 INFO  [BrowserSelenium] EXIT --> (_getByLocator)
14:38:21,803 INFO  [BrowserSelenium] ENTER --> (_getByLocator)
14:38:21,803 INFO  [BrowserSelenium] (_getByLocator) -> Getting locator for null
14:38:21,803 INFO  [BrowserSelenium] (_getByLocator) -> Locator info found for XPATH attribute as: //a[@href='/jbilling/config/index']
14:38:21,803 INFO  [BrowserSelenium] ENTER --> (_parseElementOnXpath)
14:38:21,804 INFO  [BrowserSelenium] (_parseElementOnXpath) -> //a[@href='/jbilling/config/index'] is used
14:38:21,804 INFO  [BrowserSelenium] EXIT --> (_parseElementOnXpath)
14:38:21,804 INFO  [BrowserSelenium] EXIT --> (_getByLocator)
14:38:21,820 INFO  [BrowserSelenium] ENTER --> (_getByLocator)
14:38:21,820 INFO  [BrowserSelenium] (_getByLocator) -> Getting locator for null
14:38:21,820 INFO  [BrowserSelenium] (_getByLocator) -> Locator info found for XPATH attribute as: //a[@href='/jbilling/config/index']
14:38:21,820 INFO  [BrowserSelenium] ENTER --> (_parseElementOnXpath)
14:38:21,820 INFO  [BrowserSelenium] (_parseElementOnXpath) -> //a[@href='/jbilling/config/index'] is used
14:38:21,821 INFO  [BrowserSelenium] EXIT --> (_parseElementOnXpath)
14:38:21,821 INFO  [BrowserSelenium] EXIT --> (_getByLocator)
14:38:21,842 INFO  [BrowserSelenium] ENTER --> (_getByLocator)
14:38:21,842 INFO  [BrowserSelenium] (_getByLocator) -> Getting locator for null
14:38:21,842 INFO  [BrowserSelenium] (_getByLocator) -> Locator info found for XPATH attribute as: //a[@href='/jbilling/config/index']
14:38:21,842 INFO  [BrowserSelenium] ENTER --> (_parseElementOnXpath)
14:38:21,842 INFO  [BrowserSelenium] (_parseElementOnXpath) -> //a[@href='/jbilling/config/index'] is used
14:38:21,842 INFO  [BrowserSelenium] EXIT --> (_parseElementOnXpath)
14:38:21,842 INFO  [BrowserSelenium] EXIT --> (_getByLocator)
14:38:21,858 INFO  [BrowserSelenium] ENTER --> (_getByLocator)
14:38:21,858 INFO  [BrowserSelenium] (_getByLocator) -> Getting locator for null
14:38:21,858 INFO  [BrowserSelenium] (_getByLocator) -> Locator info found for XPATH attribute as: //a[@href='/jbilling/config/index']
14:38:21,858 INFO  [BrowserSelenium] ENTER --> (_parseElementOnXpath)
14:38:21,859 INFO  [BrowserSelenium] (_parseElementOnXpath) -> //a[@href='/jbilling/config/index'] is used
14:38:21,859 INFO  [BrowserSelenium] EXIT --> (_parseElementOnXpath)
14:38:21,859 INFO  [BrowserSelenium] EXIT --> (_getByLocator)
14:38:21,875 INFO  [BrowserSelenium] ENTER --> (_getByLocator)
14:38:21,875 INFO  [BrowserSelenium] (_getByLocator) -> Getting locator for null
14:38:21,875 INFO  [BrowserSelenium] (_getByLocator) -> Locator info found for XPATH attribute as: //a[@href='/jbilling/config/index']
14:38:21,875 INFO  [BrowserSelenium] ENTER --> (_parseElementOnXpath)
14:38:21,875 INFO  [BrowserSelenium] (_parseElementOnXpath) -> //a[@href='/jbilling/config/index'] is used
14:38:21,875 INFO  [BrowserSelenium] EXIT --> (_parseElementOnXpath)
14:38:21,875 INFO  [BrowserSelenium] EXIT --> (_getByLocator)
14:38:21,896 INFO  [BrowserSelenium] ENTER --> (_getByLocator)
14:38:21,896 INFO  [BrowserSelenium] (_getByLocator) -> Getting locator for null
14:38:21,896 INFO  [BrowserSelenium] (_getByLocator) -> Locator info found for XPATH attribute as: //a[@href='/jbilling/config/index']
14:38:21,896 INFO  [BrowserSelenium] ENTER --> (_parseElementOnXpath)
14:38:21,896 INFO  [BrowserSelenium] (_parseElementOnXpath) -> //a[@href='/jbilling/config/index'] is used
14:38:21,896 INFO  [BrowserSelenium] EXIT --> (_parseElementOnXpath)
14:38:21,896 INFO  [BrowserSelenium] EXIT --> (_getByLocator)
14:38:21,922 INFO  [BrowserSelenium] ENTER --> (_getByLocator)
14:38:21,922 INFO  [BrowserSelenium] (_getByLocator) -> Getting locator for null
14:38:21,922 INFO  [BrowserSelenium] (_getByLocator) -> Locator info found for XPATH attribute as: //a[@href='/jbilling/config/index']
14:38:21,923 INFO  [BrowserSelenium] ENTER --> (_parseElementOnXpath)
14:38:21,923 INFO  [BrowserSelenium] (_parseElementOnXpath) -> //a[@href='/jbilling/config/index'] is used
14:38:21,923 INFO  [BrowserSelenium] EXIT --> (_parseElementOnXpath)
14:38:21,923 INFO  [BrowserSelenium] EXIT --> (_getByLocator)
14:38:21,940 INFO  [BrowserSelenium] ENTER --> (_getByLocator)
14:38:21,941 INFO  [BrowserSelenium] (_getByLocator) -> Getting locator for null
14:38:21,941 INFO  [BrowserSelenium] (_getByLocator) -> Locator info found for XPATH attribute as: //a[@href='/jbilling/config/index']
14:38:21,941 INFO  [BrowserSelenium] ENTER --> (_parseElementOnXpath)
14:38:21,941 INFO  [BrowserSelenium] (_parseElementOnXpath) -> //a[@href='/jbilling/config/index'] is used
14:38:21,941 INFO  [BrowserSelenium] EXIT --> (_parseElementOnXpath)
14:38:21,942 INFO  [BrowserSelenium] EXIT --> (_getByLocator)
14:38:21,962 INFO  [BrowserSelenium] ENTER --> (_getByLocator)
14:38:21,962 INFO  [BrowserSelenium] (_getByLocator) -> Getting locator for null
14:38:21,962 INFO  [BrowserSelenium] (_getByLocator) -> Locator info found for XPATH attribute as: //a[@href='/jbilling/config/index']
14:38:21,963 INFO  [BrowserSelenium] ENTER --> (_parseElementOnXpath)
14:38:21,963 INFO  [BrowserSelenium] (_parseElementOnXpath) -> //a[@href='/jbilling/config/index'] is used
14:38:21,963 INFO  [BrowserSelenium] EXIT --> (_parseElementOnXpath)
14:38:21,963 INFO  [BrowserSelenium] EXIT --> (_getByLocator)
14:38:21,979 INFO  [BrowserSelenium] ENTER --> (_getByLocator)
14:38:21,980 INFO  [BrowserSelenium] (_getByLocator) -> Getting locator for null
14:38:21,980 INFO  [BrowserSelenium] (_getByLocator) -> Locator info found for XPATH attribute as: //a[@href='/jbilling/config/index']
14:38:21,980 INFO  [BrowserSelenium] ENTER --> (_parseElementOnXpath)
14:38:21,980 INFO  [BrowserSelenium] (_parseElementOnXpath) -> //a[@href='/jbilling/config/index'] is used
14:38:21,980 INFO  [BrowserSelenium] EXIT --> (_parseElementOnXpath)
14:38:21,980 INFO  [BrowserSelenium] EXIT --> (_getByLocator)
14:38:21,997 INFO  [BrowserSelenium] ENTER --> (_getByLocator)
14:38:21,997 INFO  [BrowserSelenium] (_getByLocator) -> Getting locator for null
14:38:21,998 INFO  [BrowserSelenium] (_getByLocator) -> Locator info found for XPATH attribute as: //a[@href='/jbilling/config/index']
14:38:21,998 INFO  [BrowserSelenium] ENTER --> (_parseElementOnXpath)
14:38:21,998 INFO  [BrowserSelenium] (_parseElementOnXpath) -> //a[@href='/jbilling/config/index'] is used
14:38:21,998 INFO  [BrowserSelenium] EXIT --> (_parseElementOnXpath)
14:38:21,998 INFO  [BrowserSelenium] EXIT --> (_getByLocator)
14:38:22,016 INFO  [BrowserSelenium] ENTER --> (_getByLocator)
14:38:22,016 INFO  [BrowserSelenium] (_getByLocator) -> Getting locator for null
14:38:22,017 INFO  [BrowserSelenium] (_getByLocator) -> Locator info found for XPATH attribute as: //a[@href='/jbilling/config/index']
14:38:22,017 INFO  [BrowserSelenium] ENTER --> (_parseElementOnXpath)
14:38:22,017 INFO  [BrowserSelenium] (_parseElementOnXpath) -> //a[@href='/jbilling/config/index'] is used
14:38:22,017 INFO  [BrowserSelenium] EXIT --> (_parseElementOnXpath)
14:38:22,017 INFO  [BrowserSelenium] EXIT --> (_getByLocator)
14:38:22,035 INFO  [BrowserSelenium] ENTER --> (_getByLocator)
14:38:22,035 INFO  [BrowserSelenium] (_getByLocator) -> Getting locator for null
14:38:22,035 INFO  [BrowserSelenium] (_getByLocator) -> Locator info found for XPATH attribute as: //a[@href='/jbilling/config/index']
14:38:22,035 INFO  [BrowserSelenium] ENTER --> (_parseElementOnXpath)
14:38:22,035 INFO  [BrowserSelenium] (_parseElementOnXpath) -> //a[@href='/jbilling/config/index'] is used
14:38:22,036 INFO  [BrowserSelenium] EXIT --> (_parseElementOnXpath)
14:38:22,036 INFO  [BrowserSelenium] EXIT --> (_getByLocator)
14:38:22,052 INFO  [BrowserSelenium] ENTER --> (_getByLocator)
14:38:22,052 INFO  [BrowserSelenium] (_getByLocator) -> Getting locator for null
14:38:22,053 INFO  [BrowserSelenium] (_getByLocator) -> Locator info found for XPATH attribute as: //a[@href='/jbilling/config/index']
14:38:22,053 INFO  [BrowserSelenium] ENTER --> (_parseElementOnXpath)
14:38:22,053 INFO  [BrowserSelenium] (_parseElementOnXpath) -> //a[@href='/jbilling/config/index'] is used
14:38:22,053 INFO  [BrowserSelenium] EXIT --> (_parseElementOnXpath)
14:38:22,053 INFO  [BrowserSelenium] EXIT --> (_getByLocator)
14:38:22,069 INFO  [BrowserSelenium] ENTER --> (_getByLocator)
14:38:22,069 INFO  [BrowserSelenium] (_getByLocator) -> Getting locator for null
14:38:22,070 INFO  [BrowserSelenium] (_getByLocator) -> Locator info found for XPATH attribute as: //a[@href='/jbilling/config/index']
14:38:22,070 INFO  [BrowserSelenium] ENTER --> (_parseElementOnXpath)
14:38:22,070 INFO  [BrowserSelenium] (_parseElementOnXpath) -> //a[@href='/jbilling/config/index'] is used
14:38:22,070 INFO  [BrowserSelenium] EXIT --> (_parseElementOnXpath)
14:38:22,070 INFO  [BrowserSelenium] EXIT --> (_getByLocator)
14:38:22,088 INFO  [BrowserSelenium] ENTER --> (_getByLocator)
14:38:22,088 INFO  [BrowserSelenium] (_getByLocator) -> Getting locator for null
14:38:22,088 INFO  [BrowserSelenium] (_getByLocator) -> Locator info found for XPATH attribute as: //a[@href='/jbilling/config/index']
14:38:22,088 INFO  [BrowserSelenium] ENTER --> (_parseElementOnXpath)
14:38:22,088 INFO  [BrowserSelenium] (_parseElementOnXpath) -> //a[@href='/jbilling/config/index'] is used
14:38:22,088 INFO  [BrowserSelenium] EXIT --> (_parseElementOnXpath)
14:38:22,089 INFO  [BrowserSelenium] EXIT --> (_getByLocator)
14:38:22,109 INFO  [BrowserSelenium] ENTER --> (_getByLocator)
14:38:22,109 INFO  [BrowserSelenium] (_getByLocator) -> Getting locator for null
14:38:22,109 INFO  [BrowserSelenium] (_getByLocator) -> Locator info found for XPATH attribute as: //a[@href='/jbilling/config/index']
14:38:22,109 INFO  [BrowserSelenium] ENTER --> (_parseElementOnXpath)
14:38:22,110 INFO  [BrowserSelenium] (_parseElementOnXpath) -> //a[@href='/jbilling/config/index'] is used
14:38:22,110 INFO  [BrowserSelenium] EXIT --> (_parseElementOnXpath)
14:38:22,110 INFO  [BrowserSelenium] EXIT --> (_getByLocator)
14:38:22,144 INFO  [BrowserSelenium] ENTER --> (_getByLocator)
14:38:22,145 INFO  [BrowserSelenium] (_getByLocator) -> Getting locator for null
14:38:22,145 INFO  [BrowserSelenium] (_getByLocator) -> Locator info found for XPATH attribute as: //a[@href='/jbilling/config/index']
14:38:22,145 INFO  [BrowserSelenium] ENTER --> (_parseElementOnXpath)
14:38:22,145 INFO  [BrowserSelenium] (_parseElementOnXpath) -> //a[@href='/jbilling/config/index'] is used
14:38:22,145 INFO  [BrowserSelenium] EXIT --> (_parseElementOnXpath)
14:38:22,145 INFO  [BrowserSelenium] EXIT --> (_getByLocator)
14:38:22,165 INFO  [BrowserSelenium] ENTER --> (_getByLocator)
14:38:22,165 INFO  [BrowserSelenium] (_getByLocator) -> Getting locator for null
14:38:22,165 INFO  [BrowserSelenium] (_getByLocator) -> Locator info found for XPATH attribute as: //a[@href='/jbilling/config/index']
14:38:22,165 INFO  [BrowserSelenium] ENTER --> (_parseElementOnXpath)
14:38:22,165 INFO  [BrowserSelenium] (_parseElementOnXpath) -> //a[@href='/jbilling/config/index'] is used
14:38:22,166 INFO  [BrowserSelenium] EXIT --> (_parseElementOnXpath)
14:38:22,166 INFO  [BrowserSelenium] EXIT --> (_getByLocator)
14:38:22,182 INFO  [BrowserSelenium] ENTER --> (_getByLocator)
14:38:22,182 INFO  [BrowserSelenium] (_getByLocator) -> Getting locator for null
14:38:22,182 INFO  [BrowserSelenium] (_getByLocator) -> Locator info found for XPATH attribute as: //a[@href='/jbilling/config/index']
14:38:22,182 INFO  [BrowserSelenium] ENTER --> (_parseElementOnXpath)
14:38:22,182 INFO  [BrowserSelenium] (_parseElementOnXpath) -> //a[@href='/jbilling/config/index'] is used
14:38:22,182 INFO  [BrowserSelenium] EXIT --> (_parseElementOnXpath)
14:38:22,182 INFO  [BrowserSelenium] EXIT --> (_getByLocator)
14:38:22,201 INFO  [BrowserSelenium] ENTER --> (_getByLocator)
14:38:22,201 INFO  [BrowserSelenium] (_getByLocator) -> Getting locator for null
14:38:22,201 INFO  [BrowserSelenium] (_getByLocator) -> Locator info found for XPATH attribute as: //a[@href='/jbilling/config/index']
14:38:22,202 INFO  [BrowserSelenium] ENTER --> (_parseElementOnXpath)
14:38:22,202 INFO  [BrowserSelenium] (_parseElementOnXpath) -> //a[@href='/jbilling/config/index'] is used
14:38:22,202 INFO  [BrowserSelenium] EXIT --> (_parseElementOnXpath)
14:38:22,202 INFO  [BrowserSelenium] EXIT --> (_getByLocator)
14:38:22,218 INFO  [BrowserSelenium] ENTER --> (_getByLocator)
14:38:22,218 INFO  [BrowserSelenium] (_getByLocator) -> Getting locator for null
14:38:22,219 INFO  [BrowserSelenium] (_getByLocator) -> Locator info found for XPATH attribute as: //a[@href='/jbilling/config/index']
14:38:22,219 INFO  [BrowserSelenium] ENTER --> (_parseElementOnXpath)
14:38:22,219 INFO  [BrowserSelenium] (_parseElementOnXpath) -> //a[@href='/jbilling/config/index'] is used
14:38:22,219 INFO  [BrowserSelenium] EXIT --> (_parseElementOnXpath)
14:38:22,219 INFO  [BrowserSelenium] EXIT --> (_getByLocator)
14:38:22,239 INFO  [BrowserSelenium] ENTER --> (_getByLocator)
14:38:22,239 INFO  [BrowserSelenium] (_getByLocator) -> Getting locator for null
14:38:22,239 INFO  [BrowserSelenium] (_getByLocator) -> Locator info found for XPATH attribute as: //a[@href='/jbilling/config/index']
14:38:22,240 INFO  [BrowserSelenium] ENTER --> (_parseElementOnXpath)
14:38:22,240 INFO  [BrowserSelenium] (_parseElementOnXpath) -> //a[@href='/jbilling/config/index'] is used
14:38:22,240 INFO  [BrowserSelenium] EXIT --> (_parseElementOnXpath)
14:38:22,240 INFO  [BrowserSelenium] EXIT --> (_getByLocator)
14:38:22,258 INFO  [BrowserSelenium] ENTER --> (_getByLocator)
14:38:22,258 INFO  [BrowserSelenium] (_getByLocator) -> Getting locator for null
14:38:22,258 INFO  [BrowserSelenium] (_getByLocator) -> Locator info found for XPATH attribute as: //a[@href='/jbilling/config/index']
14:38:22,258 INFO  [BrowserSelenium] ENTER --> (_parseElementOnXpath)
14:38:22,258 INFO  [BrowserSelenium] (_parseElementOnXpath) -> //a[@href='/jbilling/config/index'] is used
14:38:22,258 INFO  [BrowserSelenium] EXIT --> (_parseElementOnXpath)
14:38:22,258 INFO  [BrowserSelenium] EXIT --> (_getByLocator)
14:38:22,277 INFO  [BrowserSelenium] ENTER --> (_getByLocator)
14:38:22,277 INFO  [BrowserSelenium] (_getByLocator) -> Getting locator for null
14:38:22,277 INFO  [BrowserSelenium] (_getByLocator) -> Locator info found for XPATH attribute as: //a[@href='/jbilling/config/index']
14:38:22,277 INFO  [BrowserSelenium] ENTER --> (_parseElementOnXpath)
14:38:22,277 INFO  [BrowserSelenium] (_parseElementOnXpath) -> //a[@href='/jbilling/config/index'] is used
14:38:22,277 INFO  [BrowserSelenium] EXIT --> (_parseElementOnXpath)
14:38:22,278 INFO  [BrowserSelenium] EXIT --> (_getByLocator)
14:38:22,294 INFO  [BrowserSelenium] ENTER --> (_getByLocator)
14:38:22,294 INFO  [BrowserSelenium] (_getByLocator) -> Getting locator for null
14:38:22,294 INFO  [BrowserSelenium] (_getByLocator) -> Locator info found for XPATH attribute as: //a[@href='/jbilling/config/index']
14:38:22,294 INFO  [BrowserSelenium] ENTER --> (_parseElementOnXpath)
14:38:22,294 INFO  [BrowserSelenium] (_parseElementOnXpath) -> //a[@href='/jbilling/config/index'] is used
14:38:22,294 INFO  [BrowserSelenium] EXIT --> (_parseElementOnXpath)
14:38:22,294 INFO  [BrowserSelenium] EXIT --> (_getByLocator)
14:38:22,310 INFO  [BrowserSelenium] ENTER --> (_getByLocator)
14:38:22,310 INFO  [BrowserSelenium] (_getByLocator) -> Getting locator for null
14:38:22,310 INFO  [BrowserSelenium] (_getByLocator) -> Locator info found for XPATH attribute as: //a[@href='/jbilling/config/index']
14:38:22,310 INFO  [BrowserSelenium] ENTER --> (_parseElementOnXpath)
14:38:22,311 INFO  [BrowserSelenium] (_parseElementOnXpath) -> //a[@href='/jbilling/config/index'] is used
14:38:22,311 INFO  [BrowserSelenium] EXIT --> (_parseElementOnXpath)
14:38:22,311 INFO  [BrowserSelenium] EXIT --> (_getByLocator)
14:38:22,328 INFO  [BrowserSelenium] ENTER --> (_getByLocator)
14:38:22,328 INFO  [BrowserSelenium] (_getByLocator) -> Getting locator for null
14:38:22,328 INFO  [BrowserSelenium] (_getByLocator) -> Locator info found for XPATH attribute as: //a[@href='/jbilling/config/index']
14:38:22,329 INFO  [BrowserSelenium] ENTER --> (_parseElementOnXpath)
14:38:22,329 INFO  [BrowserSelenium] (_parseElementOnXpath) -> //a[@href='/jbilling/config/index'] is used
14:38:22,329 INFO  [BrowserSelenium] EXIT --> (_parseElementOnXpath)
14:38:22,329 INFO  [BrowserSelenium] EXIT --> (_getByLocator)
14:38:22,345 INFO  [BrowserSelenium] ENTER --> (_getByLocator)
14:38:22,345 INFO  [BrowserSelenium] (_getByLocator) -> Getting locator for null
14:38:22,345 INFO  [BrowserSelenium] (_getByLocator) -> Locator info found for XPATH attribute as: //a[@href='/jbilling/config/index']
14:38:22,346 INFO  [BrowserSelenium] ENTER --> (_parseElementOnXpath)
14:38:22,346 INFO  [BrowserSelenium] (_parseElementOnXpath) -> //a[@href='/jbilling/config/index'] is used
14:38:22,346 INFO  [BrowserSelenium] EXIT --> (_parseElementOnXpath)
14:38:22,346 INFO  [BrowserSelenium] EXIT --> (_getByLocator)
14:38:22,364 INFO  [BrowserSelenium] ENTER --> (_getByLocator)
14:38:22,364 INFO  [BrowserSelenium] (_getByLocator) -> Getting locator for null
14:38:22,364 INFO  [BrowserSelenium] (_getByLocator) -> Locator info found for XPATH attribute as: //a[@href='/jbilling/config/index']
14:38:22,364 INFO  [BrowserSelenium] ENTER --> (_parseElementOnXpath)
14:38:22,364 INFO  [BrowserSelenium] (_parseElementOnXpath) -> //a[@href='/jbilling/config/index'] is used
14:38:22,364 INFO  [BrowserSelenium] EXIT --> (_parseElementOnXpath)
14:38:22,364 INFO  [BrowserSelenium] EXIT --> (_getByLocator)
14:38:22,381 INFO  [BrowserSelenium] ENTER --> (_getByLocator)
14:38:22,381 INFO  [BrowserSelenium] (_getByLocator) -> Getting locator for null
14:38:22,382 INFO  [BrowserSelenium] (_getByLocator) -> Locator info found for XPATH attribute as: //a[@href='/jbilling/config/index']
14:38:22,382 INFO  [BrowserSelenium] ENTER --> (_parseElementOnXpath)
14:38:22,382 INFO  [BrowserSelenium] (_parseElementOnXpath) -> //a[@href='/jbilling/config/index'] is used
14:38:22,382 INFO  [BrowserSelenium] EXIT --> (_parseElementOnXpath)
14:38:22,382 INFO  [BrowserSelenium] EXIT --> (_getByLocator)
14:38:22,402 INFO  [BrowserSelenium] ENTER --> (_getByLocator)
14:38:22,403 INFO  [BrowserSelenium] (_getByLocator) -> Getting locator for null
14:38:22,403 INFO  [BrowserSelenium] (_getByLocator) -> Locator info found for XPATH attribute as: //a[@href='/jbilling/config/index']
14:38:22,403 INFO  [BrowserSelenium] ENTER --> (_parseElementOnXpath)
14:38:22,403 INFO  [BrowserSelenium] (_parseElementOnXpath) -> //a[@href='/jbilling/config/index'] is used
14:38:22,403 INFO  [BrowserSelenium] EXIT --> (_parseElementOnXpath)
14:38:22,403 INFO  [BrowserSelenium] EXIT --> (_getByLocator)
14:38:22,420 INFO  [BrowserSelenium] ENTER --> (_getByLocator)
14:38:22,420 INFO  [BrowserSelenium] (_getByLocator) -> Getting locator for null
14:38:22,420 INFO  [BrowserSelenium] (_getByLocator) -> Locator info found for XPATH attribute as: //a[@href='/jbilling/config/index']
14:38:22,420 INFO  [BrowserSelenium] ENTER --> (_parseElementOnXpath)
14:38:22,420 INFO  [BrowserSelenium] (_parseElementOnXpath) -> //a[@href='/jbilling/config/index'] is used
14:38:22,420 INFO  [BrowserSelenium] EXIT --> (_parseElementOnXpath)
14:38:22,421 INFO  [BrowserSelenium] EXIT --> (_getByLocator)
14:38:22,439 INFO  [BrowserSelenium] ENTER --> (_getByLocator)
14:38:22,439 INFO  [BrowserSelenium] (_getByLocator) -> Getting locator for null
14:38:22,439 INFO  [BrowserSelenium] (_getByLocator) -> Locator info found for XPATH attribute as: //a[@href='/jbilling/config/index']
14:38:22,439 INFO  [BrowserSelenium] ENTER --> (_parseElementOnXpath)
14:38:22,439 INFO  [BrowserSelenium] (_parseElementOnXpath) -> //a[@href='/jbilling/config/index'] is used
14:38:22,440 INFO  [BrowserSelenium] EXIT --> (_parseElementOnXpath)
14:38:22,440 INFO  [BrowserSelenium] EXIT --> (_getByLocator)
14:38:22,456 INFO  [BrowserSelenium] ENTER --> (_getByLocator)
14:38:22,456 INFO  [BrowserSelenium] (_getByLocator) -> Getting locator for null
14:38:22,456 INFO  [BrowserSelenium] (_getByLocator) -> Locator info found for XPATH attribute as: //a[@href='/jbilling/config/index']
14:38:22,456 INFO  [BrowserSelenium] ENTER --> (_parseElementOnXpath)
14:38:22,456 INFO  [BrowserSelenium] (_parseElementOnXpath) -> //a[@href='/jbilling/config/index'] is used
14:38:22,457 INFO  [BrowserSelenium] EXIT --> (_parseElementOnXpath)
14:38:22,457 INFO  [BrowserSelenium] EXIT --> (_getByLocator)
14:38:22,473 INFO  [BrowserSelenium] ENTER --> (_getByLocator)
14:38:22,473 INFO  [BrowserSelenium] (_getByLocator) -> Getting locator for null
14:38:22,473 INFO  [BrowserSelenium] (_getByLocator) -> Locator info found for XPATH attribute as: //a[@href='/jbilling/config/index']
14:38:22,474 INFO  [BrowserSelenium] ENTER --> (_parseElementOnXpath)
14:38:22,474 INFO  [BrowserSelenium] (_parseElementOnXpath) -> //a[@href='/jbilling/config/index'] is used
14:38:22,474 INFO  [BrowserSelenium] EXIT --> (_parseElementOnXpath)
14:38:22,474 INFO  [BrowserSelenium] EXIT --> (_getByLocator)
14:38:22,494 INFO  [BrowserSelenium] ENTER --> (_getByLocator)
14:38:22,494 INFO  [BrowserSelenium] (_getByLocator) -> Getting locator for null
14:38:22,494 INFO  [BrowserSelenium] (_getByLocator) -> Locator info found for XPATH attribute as: //a[@href='/jbilling/config/index']
14:38:22,494 INFO  [BrowserSelenium] ENTER --> (_parseElementOnXpath)
14:38:22,494 INFO  [BrowserSelenium] (_parseElementOnXpath) -> //a[@href='/jbilling/config/index'] is used
14:38:22,494 INFO  [BrowserSelenium] EXIT --> (_parseElementOnXpath)
14:38:22,495 INFO  [BrowserSelenium] EXIT --> (_getByLocator)
14:38:22,516 INFO  [BrowserSelenium] ENTER --> (_getByLocator)
14:38:22,517 INFO  [BrowserSelenium] (_getByLocator) -> Getting locator for null
14:38:22,517 INFO  [BrowserSelenium] (_getByLocator) -> Locator info found for XPATH attribute as: //a[@href='/jbilling/config/index']
14:38:22,517 INFO  [BrowserSelenium] ENTER --> (_parseElementOnXpath)
14:38:22,517 INFO  [BrowserSelenium] (_parseElementOnXpath) -> //a[@href='/jbilling/config/index'] is used
14:38:22,517 INFO  [BrowserSelenium] EXIT --> (_parseElementOnXpath)
14:38:22,518 INFO  [BrowserSelenium] EXIT --> (_getByLocator)
14:38:22,533 INFO  [BrowserSelenium] ENTER --> (_getByLocator)
14:38:22,534 INFO  [BrowserSelenium] (_getByLocator) -> Getting locator for null
14:38:22,534 INFO  [BrowserSelenium] (_getByLocator) -> Locator info found for XPATH attribute as: //a[@href='/jbilling/config/index']
14:38:22,534 INFO  [BrowserSelenium] ENTER --> (_parseElementOnXpath)
14:38:22,534 INFO  [BrowserSelenium] (_parseElementOnXpath) -> //a[@href='/jbilling/config/index'] is used
14:38:22,534 INFO  [BrowserSelenium] EXIT --> (_parseElementOnXpath)
14:38:22,534 INFO  [BrowserSelenium] EXIT --> (_getByLocator)
14:38:22,553 INFO  [BrowserSelenium] ENTER --> (_getByLocator)
14:38:22,553 INFO  [BrowserSelenium] (_getByLocator) -> Getting locator for null
14:38:22,554 INFO  [BrowserSelenium] (_getByLocator) -> Locator info found for XPATH attribute as: //a[@href='/jbilling/config/index']
14:38:22,554 INFO  [BrowserSelenium] ENTER --> (_parseElementOnXpath)
14:38:22,554 INFO  [BrowserSelenium] (_parseElementOnXpath) -> //a[@href='/jbilling/config/index'] is used
14:38:22,554 INFO  [BrowserSelenium] EXIT --> (_parseElementOnXpath)
14:38:22,554 INFO  [BrowserSelenium] EXIT --> (_getByLocator)
14:38:22,571 INFO  [BrowserSelenium] ENTER --> (_getByLocator)
14:38:22,571 INFO  [BrowserSelenium] (_getByLocator) -> Getting locator for null
14:38:22,572 INFO  [BrowserSelenium] (_getByLocator) -> Locator info found for XPATH attribute as: //a[@href='/jbilling/config/index']
14:38:22,572 INFO  [BrowserSelenium] ENTER --> (_parseElementOnXpath)
14:38:22,572 INFO  [BrowserSelenium] (_parseElementOnXpath) -> //a[@href='/jbilling/config/index'] is used
14:38:22,572 INFO  [BrowserSelenium] EXIT --> (_parseElementOnXpath)
14:38:22,572 INFO  [BrowserSelenium] EXIT --> (_getByLocator)
14:38:22,590 INFO  [BrowserSelenium] ENTER --> (_getByLocator)
14:38:22,590 INFO  [BrowserSelenium] (_getByLocator) -> Getting locator for null
14:38:22,590 INFO  [BrowserSelenium] (_getByLocator) -> Locator info found for XPATH attribute as: //a[@href='/jbilling/config/index']
14:38:22,590 INFO  [BrowserSelenium] ENTER --> (_parseElementOnXpath)
14:38:22,591 INFO  [BrowserSelenium] (_parseElementOnXpath) -> //a[@href='/jbilling/config/index'] is used
14:38:22,591 INFO  [BrowserSelenium] EXIT --> (_parseElementOnXpath)
14:38:22,591 INFO  [BrowserSelenium] EXIT --> (_getByLocator)
14:38:22,609 INFO  [BrowserSelenium] ENTER --> (_getByLocator)
14:38:22,610 INFO  [BrowserSelenium] (_getByLocator) -> Getting locator for null
14:38:22,610 INFO  [BrowserSelenium] (_getByLocator) -> Locator info found for XPATH attribute as: //a[@href='/jbilling/config/index']
14:38:22,610 INFO  [BrowserSelenium] ENTER --> (_parseElementOnXpath)
14:38:22,610 INFO  [BrowserSelenium] (_parseElementOnXpath) -> //a[@href='/jbilling/config/index'] is used
14:38:22,610 INFO  [BrowserSelenium] EXIT --> (_parseElementOnXpath)
14:38:22,610 INFO  [BrowserSelenium] EXIT --> (_getByLocator)
14:38:22,627 INFO  [BrowserSelenium] ENTER --> (_getByLocator)
14:38:22,627 INFO  [BrowserSelenium] (_getByLocator) -> Getting locator for null
14:38:22,627 INFO  [BrowserSelenium] (_getByLocator) -> Locator info found for XPATH attribute as: //a[@href='/jbilling/config/index']
14:38:22,627 INFO  [BrowserSelenium] ENTER --> (_parseElementOnXpath)
14:38:22,628 INFO  [BrowserSelenium] (_parseElementOnXpath) -> //a[@href='/jbilling/config/index'] is used
14:38:22,628 INFO  [BrowserSelenium] EXIT --> (_parseElementOnXpath)
14:38:22,628 INFO  [BrowserSelenium] EXIT --> (_getByLocator)
14:38:22,657 INFO  [BrowserSelenium] ENTER --> (_getByLocator)
14:38:22,658 INFO  [BrowserSelenium] (_getByLocator) -> Getting locator for null
14:38:22,658 INFO  [BrowserSelenium] (_getByLocator) -> Locator info found for XPATH attribute as: //a[@href='/jbilling/config/index']
14:38:22,658 INFO  [BrowserSelenium] ENTER --> (_parseElementOnXpath)
14:38:22,658 INFO  [BrowserSelenium] (_parseElementOnXpath) -> //a[@href='/jbilling/config/index'] is used
14:38:22,658 INFO  [BrowserSelenium] EXIT --> (_parseElementOnXpath)
14:38:22,658 INFO  [BrowserSelenium] EXIT --> (_getByLocator)
14:38:22,675 INFO  [BrowserSelenium] ENTER --> (_getByLocator)
14:38:22,675 INFO  [BrowserSelenium] (_getByLocator) -> Getting locator for null
14:38:22,675 INFO  [BrowserSelenium] (_getByLocator) -> Locator info found for XPATH attribute as: //a[@href='/jbilling/config/index']
14:38:22,675 INFO  [BrowserSelenium] ENTER --> (_parseElementOnXpath)
14:38:22,675 INFO  [BrowserSelenium] (_parseElementOnXpath) -> //a[@href='/jbilling/config/index'] is used
14:38:22,675 INFO  [BrowserSelenium] EXIT --> (_parseElementOnXpath)
14:38:22,676 INFO  [BrowserSelenium] EXIT --> (_getByLocator)
14:38:22,693 INFO  [BrowserSelenium] ENTER --> (_getByLocator)
14:38:22,694 INFO  [BrowserSelenium] (_getByLocator) -> Getting locator for null
14:38:22,694 INFO  [BrowserSelenium] (_getByLocator) -> Locator info found for XPATH attribute as: //a[@href='/jbilling/config/index']
14:38:22,694 INFO  [BrowserSelenium] ENTER --> (_parseElementOnXpath)
14:38:22,694 INFO  [BrowserSelenium] (_parseElementOnXpath) -> //a[@href='/jbilling/config/index'] is used
14:38:22,694 INFO  [BrowserSelenium] EXIT --> (_parseElementOnXpath)
14:38:22,694 INFO  [BrowserSelenium] EXIT --> (_getByLocator)
14:38:22,712 INFO  [BrowserSelenium] ENTER --> (_getByLocator)
14:38:22,712 INFO  [BrowserSelenium] (_getByLocator) -> Getting locator for null
14:38:22,713 INFO  [BrowserSelenium] (_getByLocator) -> Locator info found for XPATH attribute as: //a[@href='/jbilling/config/index']
14:38:22,713 INFO  [BrowserSelenium] ENTER --> (_parseElementOnXpath)
14:38:22,713 INFO  [BrowserSelenium] (_parseElementOnXpath) -> //a[@href='/jbilling/config/index'] is used
14:38:22,713 INFO  [BrowserSelenium] EXIT --> (_parseElementOnXpath)
14:38:22,713 INFO  [BrowserSelenium] EXIT --> (_getByLocator)
14:38:22,732 INFO  [BrowserSelenium] ENTER --> (_getByLocator)
14:38:22,732 INFO  [BrowserSelenium] (_getByLocator) -> Getting locator for null
14:38:22,732 INFO  [BrowserSelenium] (_getByLocator) -> Locator info found for XPATH attribute as: //a[@href='/jbilling/config/index']
14:38:22,732 INFO  [BrowserSelenium] ENTER --> (_parseElementOnXpath)
14:38:22,732 INFO  [BrowserSelenium] (_parseElementOnXpath) -> //a[@href='/jbilling/config/index'] is used
14:38:22,732 INFO  [BrowserSelenium] EXIT --> (_parseElementOnXpath)
14:38:22,733 INFO  [BrowserSelenium] EXIT --> (_getByLocator)
14:38:22,750 INFO  [BrowserSelenium] ENTER --> (_getByLocator)
14:38:22,750 INFO  [BrowserSelenium] (_getByLocator) -> Getting locator for null
14:38:22,750 INFO  [BrowserSelenium] (_getByLocator) -> Locator info found for XPATH attribute as: //a[@href='/jbilling/config/index']
14:38:22,750 INFO  [BrowserSelenium] ENTER --> (_parseElementOnXpath)
14:38:22,750 INFO  [BrowserSelenium] (_parseElementOnXpath) -> //a[@href='/jbilling/config/index'] is used
14:38:22,751 INFO  [BrowserSelenium] EXIT --> (_parseElementOnXpath)
14:38:22,751 INFO  [BrowserSelenium] EXIT --> (_getByLocator)
14:38:22,770 INFO  [BrowserSelenium] ENTER --> (_getByLocator)
14:38:22,770 INFO  [BrowserSelenium] (_getByLocator) -> Getting locator for null
14:38:22,770 INFO  [BrowserSelenium] (_getByLocator) -> Locator info found for XPATH attribute as: //a[@href='/jbilling/config/index']
14:38:22,771 INFO  [BrowserSelenium] ENTER --> (_parseElementOnXpath)
14:38:22,771 INFO  [BrowserSelenium] (_parseElementOnXpath) -> //a[@href='/jbilling/config/index'] is used
14:38:22,771 INFO  [BrowserSelenium] EXIT --> (_parseElementOnXpath)
14:38:22,771 INFO  [BrowserSelenium] EXIT --> (_getByLocator)
14:38:22,788 INFO  [BrowserSelenium] ENTER --> (_getByLocator)
14:38:22,788 INFO  [BrowserSelenium] (_getByLocator) -> Getting locator for null
14:38:22,788 INFO  [BrowserSelenium] (_getByLocator) -> Locator info found for XPATH attribute as: //a[@href='/jbilling/config/index']
14:38:22,789 INFO  [BrowserSelenium] ENTER --> (_parseElementOnXpath)
14:38:22,789 INFO  [BrowserSelenium] (_parseElementOnXpath) -> //a[@href='/jbilling/config/index'] is used
14:38:22,789 INFO  [BrowserSelenium] EXIT --> (_parseElementOnXpath)
14:38:22,789 INFO  [BrowserSelenium] EXIT --> (_getByLocator)
14:38:22,806 INFO  [BrowserSelenium] ENTER --> (_getByLocator)
14:38:22,806 INFO  [BrowserSelenium] (_getByLocator) -> Getting locator for null
14:38:22,806 INFO  [BrowserSelenium] (_getByLocator) -> Locator info found for XPATH attribute as: //a[@href='/jbilling/config/index']
14:38:22,806 INFO  [BrowserSelenium] ENTER --> (_parseElementOnXpath)
14:38:22,807 INFO  [BrowserSelenium] (_parseElementOnXpath) -> //a[@href='/jbilling/config/index'] is used
14:38:22,807 INFO  [BrowserSelenium] EXIT --> (_parseElementOnXpath)
14:38:22,807 INFO  [BrowserSelenium] EXIT --> (_getByLocator)
14:38:22,824 INFO  [BrowserSelenium] ENTER --> (_getByLocator)
14:38:22,824 INFO  [BrowserSelenium] (_getByLocator) -> Getting locator for null
14:38:22,824 INFO  [BrowserSelenium] (_getByLocator) -> Locator info found for XPATH attribute as: //a[@href='/jbilling/config/index']
14:38:22,825 INFO  [BrowserSelenium] ENTER --> (_parseElementOnXpath)
14:38:22,825 INFO  [BrowserSelenium] (_parseElementOnXpath) -> //a[@href='/jbilling/config/index'] is used
14:38:22,825 INFO  [BrowserSelenium] EXIT --> (_parseElementOnXpath)
14:38:22,825 INFO  [BrowserSelenium] EXIT --> (_getByLocator)
14:38:22,842 INFO  [BrowserSelenium] ENTER --> (_getByLocator)
14:38:22,843 INFO  [BrowserSelenium] (_getByLocator) -> Getting locator for null
14:38:22,843 INFO  [BrowserSelenium] (_getByLocator) -> Locator info found for XPATH attribute as: //a[@href='/jbilling/config/index']
14:38:22,843 INFO  [BrowserSelenium] ENTER --> (_parseElementOnXpath)
14:38:22,843 INFO  [BrowserSelenium] (_parseElementOnXpath) -> //a[@href='/jbilling/config/index'] is used
14:38:22,843 INFO  [BrowserSelenium] EXIT --> (_parseElementOnXpath)
14:38:22,843 INFO  [BrowserSelenium] EXIT --> (_getByLocator)
14:38:22,861 INFO  [BrowserSelenium] ENTER --> (_getByLocator)
14:38:22,861 INFO  [BrowserSelenium] (_getByLocator) -> Getting locator for null
14:38:22,861 INFO  [BrowserSelenium] (_getByLocator) -> Locator info found for XPATH attribute as: //a[@href='/jbilling/config/index']
14:38:22,861 INFO  [BrowserSelenium] ENTER --> (_parseElementOnXpath)
14:38:22,861 INFO  [BrowserSelenium] (_parseElementOnXpath) -> //a[@href='/jbilling/config/index'] is used
14:38:22,862 INFO  [BrowserSelenium] EXIT --> (_parseElementOnXpath)
14:38:22,862 INFO  [BrowserSelenium] EXIT --> (_getByLocator)
14:38:22,881 INFO  [BrowserSelenium] ENTER --> (_getByLocator)
14:38:22,881 INFO  [BrowserSelenium] (_getByLocator) -> Getting locator for null
14:38:22,881 INFO  [BrowserSelenium] (_getByLocator) -> Locator info found for XPATH attribute as: //a[@href='/jbilling/config/index']
14:38:22,881 INFO  [BrowserSelenium] ENTER --> (_parseElementOnXpath)
14:38:22,881 INFO  [BrowserSelenium] (_parseElementOnXpath) -> //a[@href='/jbilling/config/index'] is used
14:38:22,881 INFO  [BrowserSelenium] EXIT --> (_parseElementOnXpath)
14:38:22,882 INFO  [BrowserSelenium] EXIT --> (_getByLocator)
14:38:22,904 INFO  [BrowserSelenium] ENTER --> (_getByLocator)
14:38:22,905 INFO  [BrowserSelenium] (_getByLocator) -> Getting locator for null
14:38:22,905 INFO  [BrowserSelenium] (_getByLocator) -> Locator info found for XPATH attribute as: //a[@href='/jbilling/config/index']
14:38:22,905 INFO  [BrowserSelenium] ENTER --> (_parseElementOnXpath)
14:38:22,905 INFO  [BrowserSelenium] (_parseElementOnXpath) -> //a[@href='/jbilling/config/index'] is used
14:38:22,905 INFO  [BrowserSelenium] EXIT --> (_parseElementOnXpath)
14:38:22,905 INFO  [BrowserSelenium] EXIT --> (_getByLocator)
14:38:22,925 INFO  [BrowserSelenium] ENTER --> (_getByLocator)
14:38:22,925 INFO  [BrowserSelenium] (_getByLocator) -> Getting locator for null
14:38:22,925 INFO  [BrowserSelenium] (_getByLocator) -> Locator info found for XPATH attribute as: //a[@href='/jbilling/config/index']
14:38:22,925 INFO  [BrowserSelenium] ENTER --> (_parseElementOnXpath)
14:38:22,926 INFO  [BrowserSelenium] (_parseElementOnXpath) -> //a[@href='/jbilling/config/index'] is used
14:38:22,926 INFO  [BrowserSelenium] EXIT --> (_parseElementOnXpath)
14:38:22,926 INFO  [BrowserSelenium] EXIT --> (_getByLocator)
14:38:22,946 INFO  [BrowserSelenium] ENTER --> (_getByLocator)
14:38:22,946 INFO  [BrowserSelenium] (_getByLocator) -> Getting locator for null
14:38:22,946 INFO  [BrowserSelenium] (_getByLocator) -> Locator info found for XPATH attribute as: //a[@href='/jbilling/config/index']
14:38:22,946 INFO  [BrowserSelenium] ENTER --> (_parseElementOnXpath)
14:38:22,946 INFO  [BrowserSelenium] (_parseElementOnXpath) -> //a[@href='/jbilling/config/index'] is used
14:38:22,947 INFO  [BrowserSelenium] EXIT --> (_parseElementOnXpath)
14:38:22,947 INFO  [BrowserSelenium] EXIT --> (_getByLocator)
14:38:22,966 INFO  [BrowserSelenium] ENTER --> (_getByLocator)
14:38:22,966 INFO  [BrowserSelenium] (_getByLocator) -> Getting locator for null
14:38:22,967 INFO  [BrowserSelenium] (_getByLocator) -> Locator info found for XPATH attribute as: //a[@href='/jbilling/config/index']
14:38:22,967 INFO  [BrowserSelenium] ENTER --> (_parseElementOnXpath)
14:38:22,967 INFO  [BrowserSelenium] (_parseElementOnXpath) -> //a[@href='/jbilling/config/index'] is used
14:38:22,967 INFO  [BrowserSelenium] EXIT --> (_parseElementOnXpath)
14:38:22,967 INFO  [BrowserSelenium] EXIT --> (_getByLocator)
14:38:22,984 INFO  [BrowserSelenium] ENTER --> (_getByLocator)
14:38:22,985 INFO  [BrowserSelenium] (_getByLocator) -> Getting locator for null
14:38:22,985 INFO  [BrowserSelenium] (_getByLocator) -> Locator info found for XPATH attribute as: //a[@href='/jbilling/config/index']
14:38:22,985 INFO  [BrowserSelenium] ENTER --> (_parseElementOnXpath)
14:38:22,985 INFO  [BrowserSelenium] (_parseElementOnXpath) -> //a[@href='/jbilling/config/index'] is used
14:38:22,985 INFO  [BrowserSelenium] EXIT --> (_parseElementOnXpath)
14:38:22,985 INFO  [BrowserSelenium] EXIT --> (_getByLocator)
14:38:23,003 INFO  [BrowserSelenium] ENTER --> (_getByLocator)
14:38:23,003 INFO  [BrowserSelenium] (_getByLocator) -> Getting locator for null
14:38:23,004 INFO  [BrowserSelenium] (_getByLocator) -> Locator info found for XPATH attribute as: //a[@href='/jbilling/config/index']
14:38:23,004 INFO  [BrowserSelenium] ENTER --> (_parseElementOnXpath)
14:38:23,004 INFO  [BrowserSelenium] (_parseElementOnXpath) -> //a[@href='/jbilling/config/index'] is used
14:38:23,004 INFO  [BrowserSelenium] EXIT --> (_parseElementOnXpath)
14:38:23,004 INFO  [BrowserSelenium] EXIT --> (_getByLocator)
14:38:23,021 INFO  [BrowserSelenium] ENTER --> (_getByLocator)
14:38:23,021 INFO  [BrowserSelenium] (_getByLocator) -> Getting locator for null
14:38:23,021 INFO  [BrowserSelenium] (_getByLocator) -> Locator info found for XPATH attribute as: //a[@href='/jbilling/config/index']
14:38:23,021 INFO  [BrowserSelenium] ENTER --> (_parseElementOnXpath)
14:38:23,021 INFO  [BrowserSelenium] (_parseElementOnXpath) -> //a[@href='/jbilling/config/index'] is used
14:38:23,021 INFO  [BrowserSelenium] EXIT --> (_parseElementOnXpath)
14:38:23,022 INFO  [BrowserSelenium] EXIT --> (_getByLocator)
14:38:23,038 INFO  [BrowserSelenium] ENTER --> (_getByLocator)
14:38:23,039 INFO  [BrowserSelenium] (_getByLocator) -> Getting locator for null
14:38:23,039 INFO  [BrowserSelenium] (_getByLocator) -> Locator info found for XPATH attribute as: //a[@href='/jbilling/config/index']
14:38:23,039 INFO  [BrowserSelenium] ENTER --> (_parseElementOnXpath)
14:38:23,039 INFO  [BrowserSelenium] (_parseElementOnXpath) -> //a[@href='/jbilling/config/index'] is used
14:38:23,039 INFO  [BrowserSelenium] EXIT --> (_parseElementOnXpath)
14:38:23,039 INFO  [BrowserSelenium] EXIT --> (_getByLocator)
14:38:23,328 INFO  [BrowserSelenium] ENTER --> (_getByLocator)
14:38:23,329 INFO  [BrowserSelenium] (_getByLocator) -> Getting locator for null
14:38:23,329 INFO  [BrowserSelenium] (_getByLocator) -> Locator info found for XPATH attribute as: //a[@href='/jbilling/config/index']
14:38:23,329 INFO  [BrowserSelenium] ENTER --> (_parseElementOnXpath)
14:38:23,329 INFO  [BrowserSelenium] (_parseElementOnXpath) -> //a[@href='/jbilling/config/index'] is used
14:38:23,329 INFO  [BrowserSelenium] EXIT --> (_parseElementOnXpath)
14:38:23,329 INFO  [BrowserSelenium] EXIT --> (_getByLocator)
14:38:23,350 INFO  [BrowserSelenium] ENTER --> (_getByLocator)
14:38:23,350 INFO  [BrowserSelenium] (_getByLocator) -> Getting locator for null
14:38:23,350 INFO  [BrowserSelenium] (_getByLocator) -> Locator info found for XPATH attribute as: //a[@href='/jbilling/config/index']
14:38:23,350 INFO  [BrowserSelenium] ENTER --> (_parseElementOnXpath)
14:38:23,351 INFO  [BrowserSelenium] (_parseElementOnXpath) -> //a[@href='/jbilling/config/index'] is used
14:38:23,351 INFO  [BrowserSelenium] EXIT --> (_parseElementOnXpath)
14:38:23,351 INFO  [BrowserSelenium] EXIT --> (_getByLocator)
14:38:23,370 INFO  [BrowserSelenium] ENTER --> (_getByLocator)
14:38:23,370 INFO  [BrowserSelenium] (_getByLocator) -> Getting locator for null
14:38:23,370 INFO  [BrowserSelenium] (_getByLocator) -> Locator info found for XPATH attribute as: //a[@href='/jbilling/config/index']
14:38:23,370 INFO  [BrowserSelenium] ENTER --> (_parseElementOnXpath)
14:38:23,370 INFO  [BrowserSelenium] (_parseElementOnXpath) -> //a[@href='/jbilling/config/index'] is used
14:38:23,370 INFO  [BrowserSelenium] EXIT --> (_parseElementOnXpath)
14:38:23,370 INFO  [BrowserSelenium] EXIT --> (_getByLocator)
14:38:23,391 INFO  [BrowserSelenium] ENTER --> (_getByLocator)
14:38:23,392 INFO  [BrowserSelenium] (_getByLocator) -> Getting locator for null
14:38:23,392 INFO  [BrowserSelenium] (_getByLocator) -> Locator info found for XPATH attribute as: //a[@href='/jbilling/config/index']
14:38:23,392 INFO  [BrowserSelenium] ENTER --> (_parseElementOnXpath)
14:38:23,392 INFO  [BrowserSelenium] (_parseElementOnXpath) -> //a[@href='/jbilling/config/index'] is used
14:38:23,392 INFO  [BrowserSelenium] EXIT --> (_parseElementOnXpath)
14:38:23,392 INFO  [BrowserSelenium] EXIT --> (_getByLocator)
14:38:23,410 INFO  [BrowserSelenium] ENTER --> (_getByLocator)
14:38:23,410 INFO  [BrowserSelenium] (_getByLocator) -> Getting locator for null
14:38:23,410 INFO  [BrowserSelenium] (_getByLocator) -> Locator info found for XPATH attribute as: //a[@href='/jbilling/config/index']
14:38:23,411 INFO  [BrowserSelenium] ENTER --> (_parseElementOnXpath)
14:38:23,411 INFO  [BrowserSelenium] (_parseElementOnXpath) -> //a[@href='/jbilling/config/index'] is used
14:38:23,411 INFO  [BrowserSelenium] EXIT --> (_parseElementOnXpath)
14:38:23,411 INFO  [BrowserSelenium] EXIT --> (_getByLocator)
14:38:23,428 INFO  [BrowserSelenium] ENTER --> (_getByLocator)
14:38:23,428 INFO  [BrowserSelenium] (_getByLocator) -> Getting locator for null
14:38:23,428 INFO  [BrowserSelenium] (_getByLocator) -> Locator info found for XPATH attribute as: //a[@href='/jbilling/config/index']
14:38:23,428 INFO  [BrowserSelenium] ENTER --> (_parseElementOnXpath)
14:38:23,429 INFO  [BrowserSelenium] (_parseElementOnXpath) -> //a[@href='/jbilling/config/index'] is used
14:38:23,429 INFO  [BrowserSelenium] EXIT --> (_parseElementOnXpath)
14:38:23,429 INFO  [BrowserSelenium] EXIT --> (_getByLocator)
14:38:23,447 INFO  [BrowserSelenium] ENTER --> (_getByLocator)
14:38:23,447 INFO  [BrowserSelenium] (_getByLocator) -> Getting locator for null
14:38:23,447 INFO  [BrowserSelenium] (_getByLocator) -> Locator info found for XPATH attribute as: //a[@href='/jbilling/config/index']
14:38:23,447 INFO  [BrowserSelenium] ENTER --> (_parseElementOnXpath)
14:38:23,447 INFO  [BrowserSelenium] (_parseElementOnXpath) -> //a[@href='/jbilling/config/index'] is used
14:38:23,448 INFO  [BrowserSelenium] EXIT --> (_parseElementOnXpath)
14:38:23,448 INFO  [BrowserSelenium] EXIT --> (_getByLocator)
14:38:23,468 INFO  [BrowserSelenium] ENTER --> (_getByLocator)
14:38:23,468 INFO  [BrowserSelenium] (_getByLocator) -> Getting locator for null
14:38:23,468 INFO  [BrowserSelenium] (_getByLocator) -> Locator info found for XPATH attribute as: //a[@href='/jbilling/config/index']
14:38:23,468 INFO  [BrowserSelenium] ENTER --> (_parseElementOnXpath)
14:38:23,468 INFO  [BrowserSelenium] (_parseElementOnXpath) -> //a[@href='/jbilling/config/index'] is used
14:38:23,468 INFO  [BrowserSelenium] EXIT --> (_parseElementOnXpath)
14:38:23,468 INFO  [BrowserSelenium] EXIT --> (_getByLocator)
14:38:23,485 INFO  [BrowserSelenium] ENTER --> (_getByLocator)
14:38:23,485 INFO  [BrowserSelenium] (_getByLocator) -> Getting locator for null
14:38:23,485 INFO  [BrowserSelenium] (_getByLocator) -> Locator info found for XPATH attribute as: //a[@href='/jbilling/config/index']
14:38:23,485 INFO  [BrowserSelenium] ENTER --> (_parseElementOnXpath)
14:38:23,486 INFO  [BrowserSelenium] (_parseElementOnXpath) -> //a[@href='/jbilling/config/index'] is used
14:38:23,486 INFO  [BrowserSelenium] EXIT --> (_parseElementOnXpath)
14:38:23,486 INFO  [BrowserSelenium] EXIT --> (_getByLocator)
14:38:23,504 INFO  [BrowserSelenium] ENTER --> (_getByLocator)
14:38:23,504 INFO  [BrowserSelenium] (_getByLocator) -> Getting locator for null
14:38:23,504 INFO  [BrowserSelenium] (_getByLocator) -> Locator info found for XPATH attribute as: //a[@href='/jbilling/config/index']
14:38:23,504 INFO  [BrowserSelenium] ENTER --> (_parseElementOnXpath)
14:38:23,504 INFO  [BrowserSelenium] (_parseElementOnXpath) -> //a[@href='/jbilling/config/index'] is used
14:38:23,504 INFO  [BrowserSelenium] EXIT --> (_parseElementOnXpath)
14:38:23,504 INFO  [BrowserSelenium] EXIT --> (_getByLocator)
14:38:23,523 INFO  [BrowserSelenium] ENTER --> (_getByLocator)
14:38:23,524 INFO  [BrowserSelenium] (_getByLocator) -> Getting locator for null
14:38:23,524 INFO  [BrowserSelenium] (_getByLocator) -> Locator info found for XPATH attribute as: //a[@href='/jbilling/config/index']
14:38:23,524 INFO  [BrowserSelenium] ENTER --> (_parseElementOnXpath)
14:38:23,524 INFO  [BrowserSelenium] (_parseElementOnXpath) -> //a[@href='/jbilling/config/index'] is used
14:38:23,524 INFO  [BrowserSelenium] EXIT --> (_parseElementOnXpath)
14:38:23,524 INFO  [BrowserSelenium] EXIT --> (_getByLocator)
14:38:23,543 INFO  [BrowserSelenium] ENTER --> (_getByLocator)
14:38:23,543 INFO  [BrowserSelenium] (_getByLocator) -> Getting locator for null
14:38:23,543 INFO  [BrowserSelenium] (_getByLocator) -> Locator info found for XPATH attribute as: //a[@href='/jbilling/config/index']
14:38:23,543 INFO  [BrowserSelenium] ENTER --> (_parseElementOnXpath)
14:38:23,543 INFO  [BrowserSelenium] (_parseElementOnXpath) -> //a[@href='/jbilling/config/index'] is used
14:38:23,543 INFO  [BrowserSelenium] EXIT --> (_parseElementOnXpath)
14:38:23,543 INFO  [BrowserSelenium] EXIT --> (_getByLocator)
14:38:23,562 INFO  [BrowserSelenium] ENTER --> (_getByLocator)
14:38:23,562 INFO  [BrowserSelenium] (_getByLocator) -> Getting locator for null
14:38:23,562 INFO  [BrowserSelenium] (_getByLocator) -> Locator info found for XPATH attribute as: //a[@href='/jbilling/config/index']
14:38:23,562 INFO  [BrowserSelenium] ENTER --> (_parseElementOnXpath)
14:38:23,562 INFO  [BrowserSelenium] (_parseElementOnXpath) -> //a[@href='/jbilling/config/index'] is used
14:38:23,562 INFO  [BrowserSelenium] EXIT --> (_parseElementOnXpath)
14:38:23,563 INFO  [BrowserSelenium] EXIT --> (_getByLocator)
14:38:23,579 INFO  [BrowserSelenium] ENTER --> (_getByLocator)
14:38:23,579 INFO  [BrowserSelenium] (_getByLocator) -> Getting locator for null
14:38:23,579 INFO  [BrowserSelenium] (_getByLocator) -> Locator info found for XPATH attribute as: //a[@href='/jbilling/config/index']
14:38:23,579 INFO  [BrowserSelenium] ENTER --> (_parseElementOnXpath)
14:38:23,579 INFO  [BrowserSelenium] (_parseElementOnXpath) -> //a[@href='/jbilling/config/index'] is used
14:38:23,579 INFO  [BrowserSelenium] EXIT --> (_parseElementOnXpath)
14:38:23,579 INFO  [BrowserSelenium] EXIT --> (_getByLocator)
14:38:23,600 INFO  [BrowserSelenium] ENTER --> (_getByLocator)
14:38:23,600 INFO  [BrowserSelenium] (_getByLocator) -> Getting locator for null
14:38:23,601 INFO  [BrowserSelenium] (_getByLocator) -> Locator info found for XPATH attribute as: //a[@href='/jbilling/config/index']
14:38:23,601 INFO  [BrowserSelenium] ENTER --> (_parseElementOnXpath)
14:38:23,601 INFO  [BrowserSelenium] (_parseElementOnXpath) -> //a[@href='/jbilling/config/index'] is used
14:38:23,601 INFO  [BrowserSelenium] EXIT --> (_parseElementOnXpath)
14:38:23,601 INFO  [BrowserSelenium] EXIT --> (_getByLocator)
14:38:23,617 INFO  [BrowserSelenium] ENTER --> (_getByLocator)
14:38:23,618 INFO  [BrowserSelenium] (_getByLocator) -> Getting locator for null
14:38:23,618 INFO  [BrowserSelenium] (_getByLocator) -> Locator info found for XPATH attribute as: //a[@href='/jbilling/config/index']
14:38:23,618 INFO  [BrowserSelenium] ENTER --> (_parseElementOnXpath)
14:38:23,618 INFO  [BrowserSelenium] (_parseElementOnXpath) -> //a[@href='/jbilling/config/index'] is used
14:38:23,618 INFO  [BrowserSelenium] EXIT --> (_parseElementOnXpath)
14:38:23,619 INFO  [BrowserSelenium] EXIT --> (_getByLocator)
14:38:23,867 INFO  [BrowserSelenium] ENTER --> (_getByLocator)
14:38:23,867 INFO  [BrowserSelenium] (_getByLocator) -> Getting locator for null
14:38:23,867 INFO  [BrowserSelenium] (_getByLocator) -> Locator info found for XPATH attribute as: //a[@href='/jbilling/config/index']
14:38:23,867 INFO  [BrowserSelenium] ENTER --> (_parseElementOnXpath)
14:38:23,867 INFO  [BrowserSelenium] (_parseElementOnXpath) -> //a[@href='/jbilling/config/index'] is used
14:38:23,867 INFO  [BrowserSelenium] EXIT --> (_parseElementOnXpath)
14:38:23,867 INFO  [BrowserSelenium] EXIT --> (_getByLocator)
14:38:23,883 INFO  [BrowserSelenium] ENTER --> (_getByLocator)
14:38:23,883 INFO  [BrowserSelenium] (_getByLocator) -> Getting locator for null
14:38:23,884 INFO  [BrowserSelenium] (_getByLocator) -> Locator info found for XPATH attribute as: //a[@href='/jbilling/config/index']
14:38:23,884 INFO  [BrowserSelenium] ENTER --> (_parseElementOnXpath)
14:38:23,884 INFO  [BrowserSelenium] (_parseElementOnXpath) -> //a[@href='/jbilling/config/index'] is used
14:38:23,884 INFO  [BrowserSelenium] EXIT --> (_parseElementOnXpath)
14:38:23,884 INFO  [BrowserSelenium] EXIT --> (_getByLocator)
14:38:23,900 INFO  [BrowserSelenium] ENTER --> (_getByLocator)
14:38:23,900 INFO  [BrowserSelenium] (_getByLocator) -> Getting locator for null
14:38:23,901 INFO  [BrowserSelenium] (_getByLocator) -> Locator info found for XPATH attribute as: //a[@href='/jbilling/config/index']
14:38:23,901 INFO  [BrowserSelenium] ENTER --> (_parseElementOnXpath)
14:38:23,901 INFO  [BrowserSelenium] (_parseElementOnXpath) -> //a[@href='/jbilling/config/index'] is used
14:38:23,901 INFO  [BrowserSelenium] EXIT --> (_parseElementOnXpath)
14:38:23,901 INFO  [BrowserSelenium] EXIT --> (_getByLocator)
14:38:23,917 INFO  [BrowserSelenium] ENTER --> (_getByLocator)
14:38:23,917 INFO  [BrowserSelenium] (_getByLocator) -> Getting locator for null
14:38:23,917 INFO  [BrowserSelenium] (_getByLocator) -> Locator info found for XPATH attribute as: //a[@href='/jbilling/config/index']
14:38:23,917 INFO  [BrowserSelenium] ENTER --> (_parseElementOnXpath)
14:38:23,917 INFO  [BrowserSelenium] (_parseElementOnXpath) -> //a[@href='/jbilling/config/index'] is used
14:38:23,917 INFO  [BrowserSelenium] EXIT --> (_parseElementOnXpath)
14:38:23,918 INFO  [BrowserSelenium] EXIT --> (_getByLocator)
14:38:23,935 INFO  [BrowserSelenium] ENTER --> (_getByLocator)
14:38:23,936 INFO  [BrowserSelenium] (_getByLocator) -> Getting locator for null
14:38:23,936 INFO  [BrowserSelenium] (_getByLocator) -> Locator info found for XPATH attribute as: //a[@href='/jbilling/config/index']
14:38:23,936 INFO  [BrowserSelenium] ENTER --> (_parseElementOnXpath)
14:38:23,936 INFO  [BrowserSelenium] (_parseElementOnXpath) -> //a[@href='/jbilling/config/index'] is used
14:38:23,936 INFO  [BrowserSelenium] EXIT --> (_parseElementOnXpath)
14:38:23,936 INFO  [BrowserSelenium] EXIT --> (_getByLocator)
14:38:23,954 INFO  [BrowserSelenium] ENTER --> (_getByLocator)
14:38:23,954 INFO  [BrowserSelenium] (_getByLocator) -> Getting locator for null
14:38:23,954 INFO  [BrowserSelenium] (_getByLocator) -> Locator info found for XPATH attribute as: //a[@href='/jbilling/config/index']
14:38:23,955 INFO  [BrowserSelenium] ENTER --> (_parseElementOnXpath)
14:38:23,955 INFO  [BrowserSelenium] (_parseElementOnXpath) -> //a[@href='/jbilling/config/index'] is used
14:38:23,955 INFO  [BrowserSelenium] EXIT --> (_parseElementOnXpath)
14:38:23,955 INFO  [BrowserSelenium] EXIT --> (_getByLocator)
14:38:23,971 INFO  [BrowserSelenium] ENTER --> (_getByLocator)
14:38:23,971 INFO  [BrowserSelenium] (_getByLocator) -> Getting locator for null
14:38:23,971 INFO  [BrowserSelenium] (_getByLocator) -> Locator info found for XPATH attribute as: //a[@href='/jbilling/config/index']
14:38:23,971 INFO  [BrowserSelenium] ENTER --> (_parseElementOnXpath)
14:38:23,971 INFO  [BrowserSelenium] (_parseElementOnXpath) -> //a[@href='/jbilling/config/index'] is used
14:38:23,971 INFO  [BrowserSelenium] EXIT --> (_parseElementOnXpath)
14:38:23,972 INFO  [BrowserSelenium] EXIT --> (_getByLocator)
14:38:23,988 INFO  [BrowserSelenium] ENTER --> (_getByLocator)
14:38:23,989 INFO  [BrowserSelenium] (_getByLocator) -> Getting locator for null
14:38:23,989 INFO  [BrowserSelenium] (_getByLocator) -> Locator info found for XPATH attribute as: //a[@href='/jbilling/config/index']
14:38:23,989 INFO  [BrowserSelenium] ENTER --> (_parseElementOnXpath)
14:38:23,989 INFO  [BrowserSelenium] (_parseElementOnXpath) -> //a[@href='/jbilling/config/index'] is used
14:38:23,989 INFO  [BrowserSelenium] EXIT --> (_parseElementOnXpath)
14:38:23,990 INFO  [BrowserSelenium] EXIT --> (_getByLocator)
14:38:24,006 INFO  [BrowserSelenium] ENTER --> (_getByLocator)
14:38:24,006 INFO  [BrowserSelenium] (_getByLocator) -> Getting locator for null
14:38:24,006 INFO  [BrowserSelenium] (_getByLocator) -> Locator info found for XPATH attribute as: //a[@href='/jbilling/config/index']
14:38:24,006 INFO  [BrowserSelenium] ENTER --> (_parseElementOnXpath)
14:38:24,006 INFO  [BrowserSelenium] (_parseElementOnXpath) -> //a[@href='/jbilling/config/index'] is used
14:38:24,007 INFO  [BrowserSelenium] EXIT --> (_parseElementOnXpath)
14:38:24,007 INFO  [BrowserSelenium] EXIT --> (_getByLocator)
14:38:24,023 INFO  [BrowserSelenium] ENTER --> (_getByLocator)
14:38:24,023 INFO  [BrowserSelenium] (_getByLocator) -> Getting locator for null
14:38:24,023 INFO  [BrowserSelenium] (_getByLocator) -> Locator info found for XPATH attribute as: //a[@href='/jbilling/config/index']
14:38:24,023 INFO  [BrowserSelenium] ENTER --> (_parseElementOnXpath)
14:38:24,023 INFO  [BrowserSelenium] (_parseElementOnXpath) -> //a[@href='/jbilling/config/index'] is used
14:38:24,024 INFO  [BrowserSelenium] EXIT --> (_parseElementOnXpath)
14:38:24,024 INFO  [BrowserSelenium] EXIT --> (_getByLocator)
14:38:24,041 INFO  [BrowserSelenium] ENTER --> (_getByLocator)
14:38:24,041 INFO  [BrowserSelenium] (_getByLocator) -> Getting locator for null
14:38:24,041 INFO  [BrowserSelenium] (_getByLocator) -> Locator info found for XPATH attribute as: //a[@href='/jbilling/config/index']
14:38:24,041 INFO  [BrowserSelenium] ENTER --> (_parseElementOnXpath)
14:38:24,041 INFO  [BrowserSelenium] (_parseElementOnXpath) -> //a[@href='/jbilling/config/index'] is used
14:38:24,041 INFO  [BrowserSelenium] EXIT --> (_parseElementOnXpath)
14:38:24,041 INFO  [BrowserSelenium] EXIT --> (_getByLocator)
14:38:24,058 INFO  [BrowserSelenium] ENTER --> (_getByLocator)
14:38:24,058 INFO  [BrowserSelenium] (_getByLocator) -> Getting locator for null
14:38:24,058 INFO  [BrowserSelenium] (_getByLocator) -> Locator info found for XPATH attribute as: //a[@href='/jbilling/config/index']
14:38:24,058 INFO  [BrowserSelenium] ENTER --> (_parseElementOnXpath)
14:38:24,059 INFO  [BrowserSelenium] (_parseElementOnXpath) -> //a[@href='/jbilling/config/index'] is used
14:38:24,059 INFO  [BrowserSelenium] EXIT --> (_parseElementOnXpath)
14:38:24,059 INFO  [BrowserSelenium] EXIT --> (_getByLocator)
14:38:24,076 INFO  [BrowserSelenium] ENTER --> (_getByLocator)
14:38:24,076 INFO  [BrowserSelenium] (_getByLocator) -> Getting locator for null
14:38:24,076 INFO  [BrowserSelenium] (_getByLocator) -> Locator info found for XPATH attribute as: //a[@href='/jbilling/config/index']
14:38:24,076 INFO  [BrowserSelenium] ENTER --> (_parseElementOnXpath)
14:38:24,077 INFO  [BrowserSelenium] (_parseElementOnXpath) -> //a[@href='/jbilling/config/index'] is used
14:38:24,077 INFO  [BrowserSelenium] EXIT --> (_parseElementOnXpath)
14:38:24,077 INFO  [BrowserSelenium] EXIT --> (_getByLocator)
14:38:24,094 INFO  [BrowserSelenium] ENTER --> (_getByLocator)
14:38:24,094 INFO  [BrowserSelenium] (_getByLocator) -> Getting locator for null
14:38:24,094 INFO  [BrowserSelenium] (_getByLocator) -> Locator info found for XPATH attribute as: //a[@href='/jbilling/config/index']
14:38:24,094 INFO  [BrowserSelenium] ENTER --> (_parseElementOnXpath)
14:38:24,095 INFO  [BrowserSelenium] (_parseElementOnXpath) -> //a[@href='/jbilling/config/index'] is used
14:38:24,095 INFO  [BrowserSelenium] EXIT --> (_parseElementOnXpath)
14:38:24,095 INFO  [BrowserSelenium] EXIT --> (_getByLocator)
14:38:24,111 INFO  [BrowserSelenium] ENTER --> (_getByLocator)
14:38:24,111 INFO  [BrowserSelenium] (_getByLocator) -> Getting locator for null
14:38:24,111 INFO  [BrowserSelenium] (_getByLocator) -> Locator info found for XPATH attribute as: //a[@href='/jbilling/config/index']
14:38:24,111 INFO  [BrowserSelenium] ENTER --> (_parseElementOnXpath)
14:38:24,111 INFO  [BrowserSelenium] (_parseElementOnXpath) -> //a[@href='/jbilling/config/index'] is used
14:38:24,111 INFO  [BrowserSelenium] EXIT --> (_parseElementOnXpath)
14:38:24,111 INFO  [BrowserSelenium] EXIT --> (_getByLocator)
14:38:24,130 INFO  [BrowserSelenium] ENTER --> (_getByLocator)
14:38:24,130 INFO  [BrowserSelenium] (_getByLocator) -> Getting locator for null
14:38:24,130 INFO  [BrowserSelenium] (_getByLocator) -> Locator info found for XPATH attribute as: //a[@href='/jbilling/config/index']
14:38:24,130 INFO  [BrowserSelenium] ENTER --> (_parseElementOnXpath)
14:38:24,130 INFO  [BrowserSelenium] (_parseElementOnXpath) -> //a[@href='/jbilling/config/index'] is used
14:38:24,131 INFO  [BrowserSelenium] EXIT --> (_parseElementOnXpath)
14:38:24,131 INFO  [BrowserSelenium] EXIT --> (_getByLocator)
14:38:24,147 INFO  [BrowserSelenium] ENTER --> (_getByLocator)
14:38:24,147 INFO  [BrowserSelenium] (_getByLocator) -> Getting locator for null
14:38:24,147 INFO  [BrowserSelenium] (_getByLocator) -> Locator info found for XPATH attribute as: //a[@href='/jbilling/config/index']
14:38:24,147 INFO  [BrowserSelenium] ENTER --> (_parseElementOnXpath)
14:38:24,148 INFO  [BrowserSelenium] (_parseElementOnXpath) -> //a[@href='/jbilling/config/index'] is used
14:38:24,148 INFO  [BrowserSelenium] EXIT --> (_parseElementOnXpath)
14:38:24,148 INFO  [BrowserSelenium] EXIT --> (_getByLocator)
14:38:24,164 INFO  [BrowserSelenium] ENTER --> (_getByLocator)
14:38:24,164 INFO  [BrowserSelenium] (_getByLocator) -> Getting locator for null
14:38:24,164 INFO  [BrowserSelenium] (_getByLocator) -> Locator info found for XPATH attribute as: //a[@href='/jbilling/config/index']
14:38:24,164 INFO  [BrowserSelenium] ENTER --> (_parseElementOnXpath)
14:38:24,165 INFO  [BrowserSelenium] (_parseElementOnXpath) -> //a[@href='/jbilling/config/index'] is used
14:38:24,165 INFO  [BrowserSelenium] EXIT --> (_parseElementOnXpath)
14:38:24,165 INFO  [BrowserSelenium] EXIT --> (_getByLocator)
14:38:24,182 INFO  [BrowserSelenium] ENTER --> (_getByLocator)
14:38:24,182 INFO  [BrowserSelenium] (_getByLocator) -> Getting locator for null
14:38:24,183 INFO  [BrowserSelenium] (_getByLocator) -> Locator info found for XPATH attribute as: //a[@href='/jbilling/config/index']
14:38:24,183 INFO  [BrowserSelenium] ENTER --> (_parseElementOnXpath)
14:38:24,183 INFO  [BrowserSelenium] (_parseElementOnXpath) -> //a[@href='/jbilling/config/index'] is used
14:38:24,183 INFO  [BrowserSelenium] EXIT --> (_parseElementOnXpath)
14:38:24,183 INFO  [BrowserSelenium] EXIT --> (_getByLocator)
14:38:24,199 INFO  [BrowserSelenium] ENTER --> (_getByLocator)
14:38:24,199 INFO  [BrowserSelenium] (_getByLocator) -> Getting locator for null
14:38:24,199 INFO  [BrowserSelenium] (_getByLocator) -> Locator info found for XPATH attribute as: //a[@href='/jbilling/config/index']
14:38:24,199 INFO  [BrowserSelenium] ENTER --> (_parseElementOnXpath)
14:38:24,199 INFO  [BrowserSelenium] (_parseElementOnXpath) -> //a[@href='/jbilling/config/index'] is used
14:38:24,200 INFO  [BrowserSelenium] EXIT --> (_parseElementOnXpath)
14:38:24,200 INFO  [BrowserSelenium] EXIT --> (_getByLocator)
14:38:24,218 INFO  [BrowserSelenium] ENTER --> (_getByLocator)
14:38:24,218 INFO  [BrowserSelenium] (_getByLocator) -> Getting locator for null
14:38:24,218 INFO  [BrowserSelenium] (_getByLocator) -> Locator info found for XPATH attribute as: //a[@href='/jbilling/config/index']
14:38:24,218 INFO  [BrowserSelenium] ENTER --> (_parseElementOnXpath)
14:38:24,218 INFO  [BrowserSelenium] (_parseElementOnXpath) -> //a[@href='/jbilling/config/index'] is used
14:38:24,218 INFO  [BrowserSelenium] EXIT --> (_parseElementOnXpath)
14:38:24,218 INFO  [BrowserSelenium] EXIT --> (_getByLocator)
14:38:24,235 INFO  [BrowserSelenium] ENTER --> (_getByLocator)
14:38:24,235 INFO  [BrowserSelenium] (_getByLocator) -> Getting locator for null
14:38:24,235 INFO  [BrowserSelenium] (_getByLocator) -> Locator info found for XPATH attribute as: //a[@href='/jbilling/config/index']
14:38:24,235 INFO  [BrowserSelenium] ENTER --> (_parseElementOnXpath)
14:38:24,235 INFO  [BrowserSelenium] (_parseElementOnXpath) -> //a[@href='/jbilling/config/index'] is used
14:38:24,235 INFO  [BrowserSelenium] EXIT --> (_parseElementOnXpath)
14:38:24,235 INFO  [BrowserSelenium] EXIT --> (_getByLocator)
14:38:24,252 INFO  [BrowserSelenium] ENTER --> (_getByLocator)
14:38:24,252 INFO  [BrowserSelenium] (_getByLocator) -> Getting locator for null
14:38:24,252 INFO  [BrowserSelenium] (_getByLocator) -> Locator info found for XPATH attribute as: //a[@href='/jbilling/config/index']
14:38:24,252 INFO  [BrowserSelenium] ENTER --> (_parseElementOnXpath)
14:38:24,252 INFO  [BrowserSelenium] (_parseElementOnXpath) -> //a[@href='/jbilling/config/index'] is used
14:38:24,253 INFO  [BrowserSelenium] EXIT --> (_parseElementOnXpath)
14:38:24,253 INFO  [BrowserSelenium] EXIT --> (_getByLocator)
14:38:24,271 INFO  [BrowserSelenium] ENTER --> (_getByLocator)
14:38:24,271 INFO  [BrowserSelenium] (_getByLocator) -> Getting locator for null
14:38:24,271 INFO  [BrowserSelenium] (_getByLocator) -> Locator info found for XPATH attribute as: //a[@href='/jbilling/config/index']
14:38:24,271 INFO  [BrowserSelenium] ENTER --> (_parseElementOnXpath)
14:38:24,271 INFO  [BrowserSelenium] (_parseElementOnXpath) -> //a[@href='/jbilling/config/index'] is used
14:38:24,271 INFO  [BrowserSelenium] EXIT --> (_parseElementOnXpath)
14:38:24,272 INFO  [BrowserSelenium] EXIT --> (_getByLocator)
14:38:24,288 INFO  [BrowserSelenium] ENTER --> (_getByLocator)
14:38:24,288 INFO  [BrowserSelenium] (_getByLocator) -> Getting locator for null
14:38:24,288 INFO  [BrowserSelenium] (_getByLocator) -> Locator info found for XPATH attribute as: //a[@href='/jbilling/config/index']
14:38:24,288 INFO  [BrowserSelenium] ENTER --> (_parseElementOnXpath)
14:38:24,288 INFO  [BrowserSelenium] (_parseElementOnXpath) -> //a[@href='/jbilling/config/index'] is used
14:38:24,288 INFO  [BrowserSelenium] EXIT --> (_parseElementOnXpath)
14:38:24,288 INFO  [BrowserSelenium] EXIT --> (_getByLocator)
14:38:24,304 INFO  [BrowserSelenium] ENTER --> (_getByLocator)
14:38:24,304 INFO  [BrowserSelenium] (_getByLocator) -> Getting locator for null
14:38:24,305 INFO  [BrowserSelenium] (_getByLocator) -> Locator info found for XPATH attribute as: //a[@href='/jbilling/config/index']
14:38:24,305 INFO  [BrowserSelenium] ENTER --> (_parseElementOnXpath)
14:38:24,305 INFO  [BrowserSelenium] (_parseElementOnXpath) -> //a[@href='/jbilling/config/index'] is used
14:38:24,305 INFO  [BrowserSelenium] EXIT --> (_parseElementOnXpath)
14:38:24,305 INFO  [BrowserSelenium] EXIT --> (_getByLocator)
14:38:24,322 INFO  [BrowserSelenium] ENTER --> (_getByLocator)
14:38:24,322 INFO  [BrowserSelenium] (_getByLocator) -> Getting locator for null
14:38:24,322 INFO  [BrowserSelenium] (_getByLocator) -> Locator info found for XPATH attribute as: //a[@href='/jbilling/config/index']
14:38:24,322 INFO  [BrowserSelenium] ENTER --> (_parseElementOnXpath)
14:38:24,322 INFO  [BrowserSelenium] (_parseElementOnXpath) -> //a[@href='/jbilling/config/index'] is used
14:38:24,322 INFO  [BrowserSelenium] EXIT --> (_parseElementOnXpath)
14:38:24,322 INFO  [BrowserSelenium] EXIT --> (_getByLocator)
14:38:24,338 INFO  [BrowserSelenium] ENTER --> (_getByLocator)
14:38:24,339 INFO  [BrowserSelenium] (_getByLocator) -> Getting locator for null
14:38:24,339 INFO  [BrowserSelenium] (_getByLocator) -> Locator info found for XPATH attribute as: //a[@href='/jbilling/config/index']
14:38:24,339 INFO  [BrowserSelenium] ENTER --> (_parseElementOnXpath)
14:38:24,339 INFO  [BrowserSelenium] (_parseElementOnXpath) -> //a[@href='/jbilling/config/index'] is used
14:38:24,339 INFO  [BrowserSelenium] EXIT --> (_parseElementOnXpath)
14:38:24,339 INFO  [BrowserSelenium] EXIT --> (_getByLocator)
14:38:24,355 INFO  [BrowserSelenium] ENTER --> (_getByLocator)
14:38:24,356 INFO  [BrowserSelenium] (_getByLocator) -> Getting locator for null
14:38:24,356 INFO  [BrowserSelenium] (_getByLocator) -> Locator info found for XPATH attribute as: //a[@href='/jbilling/config/index']
14:38:24,356 INFO  [BrowserSelenium] ENTER --> (_parseElementOnXpath)
14:38:24,356 INFO  [BrowserSelenium] (_parseElementOnXpath) -> //a[@href='/jbilling/config/index'] is used
14:38:24,356 INFO  [BrowserSelenium] EXIT --> (_parseElementOnXpath)
14:38:24,356 INFO  [BrowserSelenium] EXIT --> (_getByLocator)
14:38:24,374 INFO  [BrowserSelenium] ENTER --> (_getByLocator)
14:38:24,374 INFO  [BrowserSelenium] (_getByLocator) -> Getting locator for null
14:38:24,374 INFO  [BrowserSelenium] (_getByLocator) -> Locator info found for XPATH attribute as: //a[@href='/jbilling/config/index']
14:38:24,375 INFO  [BrowserSelenium] ENTER --> (_parseElementOnXpath)
14:38:24,375 INFO  [BrowserSelenium] (_parseElementOnXpath) -> //a[@href='/jbilling/config/index'] is used
14:38:24,375 INFO  [BrowserSelenium] EXIT --> (_parseElementOnXpath)
14:38:24,375 INFO  [BrowserSelenium] EXIT --> (_getByLocator)
14:38:24,391 INFO  [BrowserSelenium] ENTER --> (_getByLocator)
14:38:24,391 INFO  [BrowserSelenium] (_getByLocator) -> Getting locator for null
14:38:24,392 INFO  [BrowserSelenium] (_getByLocator) -> Locator info found for XPATH attribute as: //a[@href='/jbilling/config/index']
14:38:24,392 INFO  [BrowserSelenium] ENTER --> (_parseElementOnXpath)
14:38:24,392 INFO  [BrowserSelenium] (_parseElementOnXpath) -> //a[@href='/jbilling/config/index'] is used
14:38:24,392 INFO  [BrowserSelenium] EXIT --> (_parseElementOnXpath)
14:38:24,392 INFO  [BrowserSelenium] EXIT --> (_getByLocator)
14:38:24,409 INFO  [BrowserSelenium] ENTER --> (_getByLocator)
14:38:24,409 INFO  [BrowserSelenium] (_getByLocator) -> Getting locator for null
14:38:24,409 INFO  [BrowserSelenium] (_getByLocator) -> Locator info found for XPATH attribute as: //a[@href='/jbilling/config/index']
14:38:24,409 INFO  [BrowserSelenium] ENTER --> (_parseElementOnXpath)
14:38:24,409 INFO  [BrowserSelenium] (_parseElementOnXpath) -> //a[@href='/jbilling/config/index'] is used
14:38:24,410 INFO  [BrowserSelenium] EXIT --> (_parseElementOnXpath)
14:38:24,410 INFO  [BrowserSelenium] EXIT --> (_getByLocator)
14:38:24,427 INFO  [BrowserSelenium] ENTER --> (_getByLocator)
14:38:24,427 INFO  [BrowserSelenium] (_getByLocator) -> Getting locator for null
14:38:24,427 INFO  [BrowserSelenium] (_getByLocator) -> Locator info found for XPATH attribute as: //a[@href='/jbilling/config/index']
14:38:24,427 INFO  [BrowserSelenium] ENTER --> (_parseElementOnXpath)
14:38:24,427 INFO  [BrowserSelenium] (_parseElementOnXpath) -> //a[@href='/jbilling/config/index'] is used
14:38:24,427 INFO  [BrowserSelenium] EXIT --> (_parseElementOnXpath)
14:38:24,427 INFO  [BrowserSelenium] EXIT --> (_getByLocator)
14:38:24,444 INFO  [BrowserSelenium] ENTER --> (_getByLocator)
14:38:24,444 INFO  [BrowserSelenium] (_getByLocator) -> Getting locator for null
14:38:24,444 INFO  [BrowserSelenium] (_getByLocator) -> Locator info found for XPATH attribute as: //a[@href='/jbilling/config/index']
14:38:24,445 INFO  [BrowserSelenium] ENTER --> (_parseElementOnXpath)
14:38:24,445 INFO  [BrowserSelenium] (_parseElementOnXpath) -> //a[@href='/jbilling/config/index'] is used
14:38:24,445 INFO  [BrowserSelenium] EXIT --> (_parseElementOnXpath)
14:38:24,445 INFO  [BrowserSelenium] EXIT --> (_getByLocator)
14:38:24,463 INFO  [BrowserSelenium] ENTER --> (_getByLocator)
14:38:24,463 INFO  [BrowserSelenium] (_getByLocator) -> Getting locator for null
14:38:24,463 INFO  [BrowserSelenium] (_getByLocator) -> Locator info found for XPATH attribute as: //a[@href='/jbilling/config/index']
14:38:24,464 INFO  [BrowserSelenium] ENTER --> (_parseElementOnXpath)
14:38:24,464 INFO  [BrowserSelenium] (_parseElementOnXpath) -> //a[@href='/jbilling/config/index'] is used
14:38:24,464 INFO  [BrowserSelenium] EXIT --> (_parseElementOnXpath)
14:38:24,464 INFO  [BrowserSelenium] EXIT --> (_getByLocator)
14:38:24,480 INFO  [BrowserSelenium] ENTER --> (_getByLocator)
14:38:24,480 INFO  [BrowserSelenium] (_getByLocator) -> Getting locator for null
14:38:24,481 INFO  [BrowserSelenium] (_getByLocator) -> Locator info found for XPATH attribute as: //a[@href='/jbilling/config/index']
14:38:24,481 INFO  [BrowserSelenium] ENTER --> (_parseElementOnXpath)
14:38:24,481 INFO  [BrowserSelenium] (_parseElementOnXpath) -> //a[@href='/jbilling/config/index'] is used
14:38:24,481 INFO  [BrowserSelenium] EXIT --> (_parseElementOnXpath)
14:38:24,481 INFO  [BrowserSelenium] EXIT --> (_getByLocator)
14:38:24,497 INFO  [BrowserSelenium] ENTER --> (_getByLocator)
14:38:24,497 INFO  [BrowserSelenium] (_getByLocator) -> Getting locator for null
14:38:24,498 INFO  [BrowserSelenium] (_getByLocator) -> Locator info found for XPATH attribute as: //a[@href='/jbilling/config/index']
14:38:24,498 INFO  [BrowserSelenium] ENTER --> (_parseElementOnXpath)
14:38:24,498 INFO  [BrowserSelenium] (_parseElementOnXpath) -> //a[@href='/jbilling/config/index'] is used
14:38:24,498 INFO  [BrowserSelenium] EXIT --> (_parseElementOnXpath)
14:38:24,498 INFO  [BrowserSelenium] EXIT --> (_getByLocator)
14:38:24,514 INFO  [BrowserSelenium] ENTER --> (_getByLocator)
14:38:24,514 INFO  [BrowserSelenium] (_getByLocator) -> Getting locator for null
14:38:24,515 INFO  [BrowserSelenium] (_getByLocator) -> Locator info found for XPATH attribute as: //a[@href='/jbilling/config/index']
14:38:24,515 INFO  [BrowserSelenium] ENTER --> (_parseElementOnXpath)
14:38:24,515 INFO  [BrowserSelenium] (_parseElementOnXpath) -> //a[@href='/jbilling/config/index'] is used
14:38:24,515 INFO  [BrowserSelenium] EXIT --> (_parseElementOnXpath)
14:38:24,515 INFO  [BrowserSelenium] EXIT --> (_getByLocator)
14:38:24,531 INFO  [BrowserSelenium] ENTER --> (_getByLocator)
14:38:24,531 INFO  [BrowserSelenium] (_getByLocator) -> Getting locator for null
14:38:24,531 INFO  [BrowserSelenium] (_getByLocator) -> Locator info found for XPATH attribute as: //a[@href='/jbilling/config/index']
14:38:24,532 INFO  [BrowserSelenium] ENTER --> (_parseElementOnXpath)
14:38:24,532 INFO  [BrowserSelenium] (_parseElementOnXpath) -> //a[@href='/jbilling/config/index'] is used
14:38:24,532 INFO  [BrowserSelenium] EXIT --> (_parseElementOnXpath)
14:38:24,532 INFO  [BrowserSelenium] EXIT --> (_getByLocator)
14:38:24,548 INFO  [BrowserSelenium] ENTER --> (_getByLocator)
14:38:24,548 INFO  [BrowserSelenium] (_getByLocator) -> Getting locator for null
14:38:24,548 INFO  [BrowserSelenium] (_getByLocator) -> Locator info found for XPATH attribute as: //a[@href='/jbilling/config/index']
14:38:24,548 INFO  [BrowserSelenium] ENTER --> (_parseElementOnXpath)
14:38:24,548 INFO  [BrowserSelenium] (_parseElementOnXpath) -> //a[@href='/jbilling/config/index'] is used
14:38:24,548 INFO  [BrowserSelenium] EXIT --> (_parseElementOnXpath)
14:38:24,549 INFO  [BrowserSelenium] EXIT --> (_getByLocator)
14:38:24,565 INFO  [BrowserSelenium] ENTER --> (_getByLocator)
14:38:24,565 INFO  [BrowserSelenium] (_getByLocator) -> Getting locator for null
14:38:24,565 INFO  [BrowserSelenium] (_getByLocator) -> Locator info found for XPATH attribute as: //a[@href='/jbilling/config/index']
14:38:24,566 INFO  [BrowserSelenium] ENTER --> (_parseElementOnXpath)
14:38:24,566 INFO  [BrowserSelenium] (_parseElementOnXpath) -> //a[@href='/jbilling/config/index'] is used
14:38:24,566 INFO  [BrowserSelenium] EXIT --> (_parseElementOnXpath)
14:38:24,566 INFO  [BrowserSelenium] EXIT --> (_getByLocator)
14:38:24,582 INFO  [BrowserSelenium] ENTER --> (_getByLocator)
14:38:24,582 INFO  [BrowserSelenium] (_getByLocator) -> Getting locator for null
14:38:24,582 INFO  [BrowserSelenium] (_getByLocator) -> Locator info found for XPATH attribute as: //a[@href='/jbilling/config/index']
14:38:24,582 INFO  [BrowserSelenium] ENTER --> (_parseElementOnXpath)
14:38:24,583 INFO  [BrowserSelenium] (_parseElementOnXpath) -> //a[@href='/jbilling/config/index'] is used
14:38:24,583 INFO  [BrowserSelenium] EXIT --> (_parseElementOnXpath)
14:38:24,583 INFO  [BrowserSelenium] EXIT --> (_getByLocator)
14:38:24,599 INFO  [BrowserSelenium] ENTER --> (_getByLocator)
14:38:24,599 INFO  [BrowserSelenium] (_getByLocator) -> Getting locator for null
14:38:24,599 INFO  [BrowserSelenium] (_getByLocator) -> Locator info found for XPATH attribute as: //a[@href='/jbilling/config/index']
14:38:24,599 INFO  [BrowserSelenium] ENTER --> (_parseElementOnXpath)
14:38:24,599 INFO  [BrowserSelenium] (_parseElementOnXpath) -> //a[@href='/jbilling/config/index'] is used
14:38:24,600 INFO  [BrowserSelenium] EXIT --> (_parseElementOnXpath)
14:38:24,600 INFO  [BrowserSelenium] EXIT --> (_getByLocator)
14:38:24,616 INFO  [BrowserSelenium] ENTER --> (_getByLocator)
14:38:24,616 INFO  [BrowserSelenium] (_getByLocator) -> Getting locator for null
14:38:24,616 INFO  [BrowserSelenium] (_getByLocator) -> Locator info found for XPATH attribute as: //a[@href='/jbilling/config/index']
14:38:24,616 INFO  [BrowserSelenium] ENTER --> (_parseElementOnXpath)
14:38:24,617 INFO  [BrowserSelenium] (_parseElementOnXpath) -> //a[@href='/jbilling/config/index'] is used
14:38:24,617 INFO  [BrowserSelenium] EXIT --> (_parseElementOnXpath)
14:38:24,617 INFO  [BrowserSelenium] EXIT --> (_getByLocator)
14:38:24,636 INFO  [BrowserSelenium] ENTER --> (_getByLocator)
14:38:24,637 INFO  [BrowserSelenium] (_getByLocator) -> Getting locator for null
14:38:24,637 INFO  [BrowserSelenium] (_getByLocator) -> Locator info found for XPATH attribute as: //a[@href='/jbilling/config/index']
14:38:24,637 INFO  [BrowserSelenium] ENTER --> (_parseElementOnXpath)
14:38:24,637 INFO  [BrowserSelenium] (_parseElementOnXpath) -> //a[@href='/jbilling/config/index'] is used
14:38:24,637 INFO  [BrowserSelenium] EXIT --> (_parseElementOnXpath)
14:38:24,637 INFO  [BrowserSelenium] EXIT --> (_getByLocator)
14:38:24,656 INFO  [BrowserSelenium] ENTER --> (_getByLocator)
14:38:24,656 INFO  [BrowserSelenium] (_getByLocator) -> Getting locator for null
14:38:24,656 INFO  [BrowserSelenium] (_getByLocator) -> Locator info found for XPATH attribute as: //a[@href='/jbilling/config/index']
14:38:24,656 INFO  [BrowserSelenium] ENTER --> (_parseElementOnXpath)
14:38:24,656 INFO  [BrowserSelenium] (_parseElementOnXpath) -> //a[@href='/jbilling/config/index'] is used
14:38:24,656 INFO  [BrowserSelenium] EXIT --> (_parseElementOnXpath)
14:38:24,656 INFO  [BrowserSelenium] EXIT --> (_getByLocator)
14:38:24,675 INFO  [BrowserSelenium] ENTER --> (_getByLocator)
14:38:24,675 INFO  [BrowserSelenium] (_getByLocator) -> Getting locator for null
14:38:24,675 INFO  [BrowserSelenium] (_getByLocator) -> Locator info found for XPATH attribute as: //a[@href='/jbilling/config/index']
14:38:24,675 INFO  [BrowserSelenium] ENTER --> (_parseElementOnXpath)
14:38:24,675 INFO  [BrowserSelenium] (_parseElementOnXpath) -> //a[@href='/jbilling/config/index'] is used
14:38:24,675 INFO  [BrowserSelenium] EXIT --> (_parseElementOnXpath)
14:38:24,675 INFO  [BrowserSelenium] EXIT --> (_getByLocator)
14:38:24,692 INFO  [BrowserSelenium] ENTER --> (_getByLocator)
14:38:24,692 INFO  [BrowserSelenium] (_getByLocator) -> Getting locator for null
14:38:24,692 INFO  [BrowserSelenium] (_getByLocator) -> Locator info found for XPATH attribute as: //a[@href='/jbilling/config/index']
14:38:24,693 INFO  [BrowserSelenium] ENTER --> (_parseElementOnXpath)
14:38:24,693 INFO  [BrowserSelenium] (_parseElementOnXpath) -> //a[@href='/jbilling/config/index'] is used
14:38:24,693 INFO  [BrowserSelenium] EXIT --> (_parseElementOnXpath)
14:38:24,693 INFO  [BrowserSelenium] EXIT --> (_getByLocator)
14:38:24,709 INFO  [BrowserSelenium] ENTER --> (_getByLocator)
14:38:24,709 INFO  [BrowserSelenium] (_getByLocator) -> Getting locator for null
14:38:24,709 INFO  [BrowserSelenium] (_getByLocator) -> Locator info found for XPATH attribute as: //a[@href='/jbilling/config/index']
14:38:24,709 INFO  [BrowserSelenium] ENTER --> (_parseElementOnXpath)
14:38:24,709 INFO  [BrowserSelenium] (_parseElementOnXpath) -> //a[@href='/jbilling/config/index'] is used
14:38:24,709 INFO  [BrowserSelenium] EXIT --> (_parseElementOnXpath)
14:38:24,710 INFO  [BrowserSelenium] EXIT --> (_getByLocator)
14:38:24,726 INFO  [BrowserSelenium] ENTER --> (_getByLocator)
14:38:24,726 INFO  [BrowserSelenium] (_getByLocator) -> Getting locator for null
14:38:24,726 INFO  [BrowserSelenium] (_getByLocator) -> Locator info found for XPATH attribute as: //a[@href='/jbilling/config/index']
14:38:24,726 INFO  [BrowserSelenium] ENTER --> (_parseElementOnXpath)
14:38:24,726 INFO  [BrowserSelenium] (_parseElementOnXpath) -> //a[@href='/jbilling/config/index'] is used
14:38:24,726 INFO  [BrowserSelenium] EXIT --> (_parseElementOnXpath)
14:38:24,726 INFO  [BrowserSelenium] EXIT --> (_getByLocator)
14:38:24,743 INFO  [BrowserSelenium] ENTER --> (_getByLocator)
14:38:24,743 INFO  [BrowserSelenium] (_getByLocator) -> Getting locator for null
14:38:24,743 INFO  [BrowserSelenium] (_getByLocator) -> Locator info found for XPATH attribute as: //a[@href='/jbilling/config/index']
14:38:24,743 INFO  [BrowserSelenium] ENTER --> (_parseElementOnXpath)
14:38:24,744 INFO  [BrowserSelenium] (_parseElementOnXpath) -> //a[@href='/jbilling/config/index'] is used
14:38:24,744 INFO  [BrowserSelenium] EXIT --> (_parseElementOnXpath)
14:38:24,744 INFO  [BrowserSelenium] EXIT --> (_getByLocator)
14:38:24,760 INFO  [BrowserSelenium] ENTER --> (_getByLocator)
14:38:24,760 INFO  [BrowserSelenium] (_getByLocator) -> Getting locator for null
14:38:24,760 INFO  [BrowserSelenium] (_getByLocator) -> Locator info found for XPATH attribute as: //a[@href='/jbilling/config/index']
14:38:24,760 INFO  [BrowserSelenium] ENTER --> (_parseElementOnXpath)
14:38:24,760 INFO  [BrowserSelenium] (_parseElementOnXpath) -> //a[@href='/jbilling/config/index'] is used
14:38:24,760 INFO  [BrowserSelenium] EXIT --> (_parseElementOnXpath)
14:38:24,760 INFO  [BrowserSelenium] EXIT --> (_getByLocator)
14:38:24,777 INFO  [BrowserSelenium] ENTER --> (_getByLocator)
14:38:24,777 INFO  [BrowserSelenium] (_getByLocator) -> Getting locator for null
14:38:24,777 INFO  [BrowserSelenium] (_getByLocator) -> Locator info found for XPATH attribute as: //a[@href='/jbilling/config/index']
14:38:24,777 INFO  [BrowserSelenium] ENTER --> (_parseElementOnXpath)
14:38:24,777 INFO  [BrowserSelenium] (_parseElementOnXpath) -> //a[@href='/jbilling/config/index'] is used
14:38:24,777 INFO  [BrowserSelenium] EXIT --> (_parseElementOnXpath)
14:38:24,778 INFO  [BrowserSelenium] EXIT --> (_getByLocator)
14:38:24,795 INFO  [BrowserSelenium] ENTER --> (_getByLocator)
14:38:24,795 INFO  [BrowserSelenium] (_getByLocator) -> Getting locator for null
14:38:24,795 INFO  [BrowserSelenium] (_getByLocator) -> Locator info found for XPATH attribute as: //a[@href='/jbilling/config/index']
14:38:24,795 INFO  [BrowserSelenium] ENTER --> (_parseElementOnXpath)
14:38:24,795 INFO  [BrowserSelenium] (_parseElementOnXpath) -> //a[@href='/jbilling/config/index'] is used
14:38:24,796 INFO  [BrowserSelenium] EXIT --> (_parseElementOnXpath)
14:38:24,796 INFO  [BrowserSelenium] EXIT --> (_getByLocator)
14:38:24,811 INFO  [BrowserSelenium] ENTER --> (_getByLocator)
14:38:24,812 INFO  [BrowserSelenium] (_getByLocator) -> Getting locator for null
14:38:24,812 INFO  [BrowserSelenium] (_getByLocator) -> Locator info found for XPATH attribute as: //a[@href='/jbilling/config/index']
14:38:24,812 INFO  [BrowserSelenium] ENTER --> (_parseElementOnXpath)
14:38:24,812 INFO  [BrowserSelenium] (_parseElementOnXpath) -> //a[@href='/jbilling/config/index'] is used
14:38:24,812 INFO  [BrowserSelenium] EXIT --> (_parseElementOnXpath)
14:38:24,812 INFO  [BrowserSelenium] EXIT --> (_getByLocator)
14:38:24,828 INFO  [BrowserSelenium] ENTER --> (_getByLocator)
14:38:24,828 INFO  [BrowserSelenium] (_getByLocator) -> Getting locator for null
14:38:24,829 INFO  [BrowserSelenium] (_getByLocator) -> Locator info found for XPATH attribute as: //a[@href='/jbilling/config/index']
14:38:24,829 INFO  [BrowserSelenium] ENTER --> (_parseElementOnXpath)
14:38:24,829 INFO  [BrowserSelenium] (_parseElementOnXpath) -> //a[@href='/jbilling/config/index'] is used
14:38:24,829 INFO  [BrowserSelenium] EXIT --> (_parseElementOnXpath)
14:38:24,829 INFO  [BrowserSelenium] EXIT --> (_getByLocator)
14:38:24,845 INFO  [BrowserSelenium] ENTER --> (_getByLocator)
14:38:24,845 INFO  [BrowserSelenium] (_getByLocator) -> Getting locator for null
14:38:24,846 INFO  [BrowserSelenium] (_getByLocator) -> Locator info found for XPATH attribute as: //a[@href='/jbilling/config/index']
14:38:24,846 INFO  [BrowserSelenium] ENTER --> (_parseElementOnXpath)
14:38:24,846 INFO  [BrowserSelenium] (_parseElementOnXpath) -> //a[@href='/jbilling/config/index'] is used
14:38:24,846 INFO  [BrowserSelenium] EXIT --> (_parseElementOnXpath)
14:38:24,846 INFO  [BrowserSelenium] EXIT --> (_getByLocator)
14:38:24,862 INFO  [BrowserSelenium] ENTER --> (_getByLocator)
14:38:24,862 INFO  [BrowserSelenium] (_getByLocator) -> Getting locator for null
14:38:24,862 INFO  [BrowserSelenium] (_getByLocator) -> Locator info found for XPATH attribute as: //a[@href='/jbilling/config/index']
14:38:24,863 INFO  [BrowserSelenium] ENTER --> (_parseElementOnXpath)
14:38:24,863 INFO  [BrowserSelenium] (_parseElementOnXpath) -> //a[@href='/jbilling/config/index'] is used
14:38:24,863 INFO  [BrowserSelenium] EXIT --> (_parseElementOnXpath)
14:38:24,863 INFO  [BrowserSelenium] EXIT --> (_getByLocator)
14:38:24,879 INFO  [BrowserSelenium] ENTER --> (_getByLocator)
14:38:24,879 INFO  [BrowserSelenium] (_getByLocator) -> Getting locator for null
14:38:24,879 INFO  [BrowserSelenium] (_getByLocator) -> Locator info found for XPATH attribute as: //a[@href='/jbilling/config/index']
14:38:24,879 INFO  [BrowserSelenium] ENTER --> (_parseElementOnXpath)
14:38:24,879 INFO  [BrowserSelenium] (_parseElementOnXpath) -> //a[@href='/jbilling/config/index'] is used
14:38:24,879 INFO  [BrowserSelenium] EXIT --> (_parseElementOnXpath)
14:38:24,879 INFO  [BrowserSelenium] EXIT --> (_getByLocator)
14:38:24,895 INFO  [BrowserSelenium] ENTER --> (_getByLocator)
14:38:24,895 INFO  [BrowserSelenium] (_getByLocator) -> Getting locator for null
14:38:24,896 INFO  [BrowserSelenium] (_getByLocator) -> Locator info found for XPATH attribute as: //a[@href='/jbilling/config/index']
14:38:24,896 INFO  [BrowserSelenium] ENTER --> (_parseElementOnXpath)
14:38:24,896 INFO  [BrowserSelenium] (_parseElementOnXpath) -> //a[@href='/jbilling/config/index'] is used
14:38:24,896 INFO  [BrowserSelenium] EXIT --> (_parseElementOnXpath)
14:38:24,896 INFO  [BrowserSelenium] EXIT --> (_getByLocator)
14:38:24,912 INFO  [BrowserSelenium] ENTER --> (_getByLocator)
14:38:24,912 INFO  [BrowserSelenium] (_getByLocator) -> Getting locator for null
14:38:24,912 INFO  [BrowserSelenium] (_getByLocator) -> Locator info found for XPATH attribute as: //a[@href='/jbilling/config/index']
14:38:24,912 INFO  [BrowserSelenium] ENTER --> (_parseElementOnXpath)
14:38:24,912 INFO  [BrowserSelenium] (_parseElementOnXpath) -> //a[@href='/jbilling/config/index'] is used
14:38:24,912 INFO  [BrowserSelenium] EXIT --> (_parseElementOnXpath)
14:38:24,912 INFO  [BrowserSelenium] EXIT --> (_getByLocator)
14:38:24,928 INFO  [BrowserSelenium] ENTER --> (_getByLocator)
14:38:24,929 INFO  [BrowserSelenium] (_getByLocator) -> Getting locator for null
14:38:24,929 INFO  [BrowserSelenium] (_getByLocator) -> Locator info found for XPATH attribute as: //a[@href='/jbilling/config/index']
14:38:24,929 INFO  [BrowserSelenium] ENTER --> (_parseElementOnXpath)
14:38:24,929 INFO  [BrowserSelenium] (_parseElementOnXpath) -> //a[@href='/jbilling/config/index'] is used
14:38:24,929 INFO  [BrowserSelenium] EXIT --> (_parseElementOnXpath)
14:38:24,929 INFO  [BrowserSelenium] EXIT --> (_getByLocator)
14:38:24,946 INFO  [BrowserSelenium] ENTER --> (_getByLocator)
14:38:24,946 INFO  [BrowserSelenium] (_getByLocator) -> Getting locator for null
14:38:24,946 INFO  [BrowserSelenium] (_getByLocator) -> Locator info found for XPATH attribute as: //a[@href='/jbilling/config/index']
14:38:24,946 INFO  [BrowserSelenium] ENTER --> (_parseElementOnXpath)
14:38:24,946 INFO  [BrowserSelenium] (_parseElementOnXpath) -> //a[@href='/jbilling/config/index'] is used
14:38:24,946 INFO  [BrowserSelenium] EXIT --> (_parseElementOnXpath)
14:38:24,946 INFO  [BrowserSelenium] EXIT --> (_getByLocator)
14:38:24,964 INFO  [BrowserSelenium] ENTER --> (_getByLocator)
14:38:24,964 INFO  [BrowserSelenium] (_getByLocator) -> Getting locator for null
14:38:24,964 INFO  [BrowserSelenium] (_getByLocator) -> Locator info found for XPATH attribute as: //a[@href='/jbilling/config/index']
14:38:24,964 INFO  [BrowserSelenium] ENTER --> (_parseElementOnXpath)
14:38:24,965 INFO  [BrowserSelenium] (_parseElementOnXpath) -> //a[@href='/jbilling/config/index'] is used
14:38:24,965 INFO  [BrowserSelenium] EXIT --> (_parseElementOnXpath)
14:38:24,965 INFO  [BrowserSelenium] EXIT --> (_getByLocator)
14:38:24,981 INFO  [BrowserSelenium] ENTER --> (_getByLocator)
14:38:24,981 INFO  [BrowserSelenium] (_getByLocator) -> Getting locator for null
14:38:24,981 INFO  [BrowserSelenium] (_getByLocator) -> Locator info found for XPATH attribute as: //a[@href='/jbilling/config/index']
14:38:24,982 INFO  [BrowserSelenium] ENTER --> (_parseElementOnXpath)
14:38:24,982 INFO  [BrowserSelenium] (_parseElementOnXpath) -> //a[@href='/jbilling/config/index'] is used
14:38:24,982 INFO  [BrowserSelenium] EXIT --> (_parseElementOnXpath)
14:38:24,982 INFO  [BrowserSelenium] EXIT --> (_getByLocator)
14:38:24,998 INFO  [BrowserSelenium] ENTER --> (_getByLocator)
14:38:24,998 INFO  [BrowserSelenium] (_getByLocator) -> Getting locator for null
14:38:24,998 INFO  [BrowserSelenium] (_getByLocator) -> Locator info found for XPATH attribute as: //a[@href='/jbilling/config/index']
14:38:24,999 INFO  [BrowserSelenium] ENTER --> (_parseElementOnXpath)
14:38:24,999 INFO  [BrowserSelenium] (_parseElementOnXpath) -> //a[@href='/jbilling/config/index'] is used
14:38:24,999 INFO  [BrowserSelenium] EXIT --> (_parseElementOnXpath)
14:38:24,999 INFO  [BrowserSelenium] EXIT --> (_getByLocator)
14:38:25,015 INFO  [BrowserSelenium] ENTER --> (_getByLocator)
14:38:25,015 INFO  [BrowserSelenium] (_getByLocator) -> Getting locator for null
14:38:25,015 INFO  [BrowserSelenium] (_getByLocator) -> Locator info found for XPATH attribute as: //a[@href='/jbilling/config/index']
14:38:25,016 INFO  [BrowserSelenium] ENTER --> (_parseElementOnXpath)
14:38:25,016 INFO  [BrowserSelenium] (_parseElementOnXpath) -> //a[@href='/jbilling/config/index'] is used
14:38:25,016 INFO  [BrowserSelenium] EXIT --> (_parseElementOnXpath)
14:38:25,016 INFO  [BrowserSelenium] EXIT --> (_getByLocator)
14:38:25,032 INFO  [BrowserSelenium] ENTER --> (_getByLocator)
14:38:25,032 INFO  [BrowserSelenium] (_getByLocator) -> Getting locator for null
14:38:25,032 INFO  [BrowserSelenium] (_getByLocator) -> Locator info found for XPATH attribute as: //a[@href='/jbilling/config/index']
14:38:25,032 INFO  [BrowserSelenium] ENTER --> (_parseElementOnXpath)
14:38:25,033 INFO  [BrowserSelenium] (_parseElementOnXpath) -> //a[@href='/jbilling/config/index'] is used
14:38:25,033 INFO  [BrowserSelenium] EXIT --> (_parseElementOnXpath)
14:38:25,033 INFO  [BrowserSelenium] EXIT --> (_getByLocator)
14:38:25,049 INFO  [BrowserSelenium] ENTER --> (_getByLocator)
14:38:25,049 INFO  [BrowserSelenium] (_getByLocator) -> Getting locator for null
14:38:25,049 INFO  [BrowserSelenium] (_getByLocator) -> Locator info found for XPATH attribute as: //a[@href='/jbilling/config/index']
14:38:25,049 INFO  [BrowserSelenium] ENTER --> (_parseElementOnXpath)
14:38:25,049 INFO  [BrowserSelenium] (_parseElementOnXpath) -> //a[@href='/jbilling/config/index'] is used
14:38:25,049 INFO  [BrowserSelenium] EXIT --> (_parseElementOnXpath)
14:38:25,049 INFO  [BrowserSelenium] EXIT --> (_getByLocator)
14:38:25,068 INFO  [BrowserSelenium] ENTER --> (_getByLocator)
14:38:25,068 INFO  [BrowserSelenium] (_getByLocator) -> Getting locator for null
14:38:25,068 INFO  [BrowserSelenium] (_getByLocator) -> Locator info found for XPATH attribute as: //a[@href='/jbilling/config/index']
14:38:25,068 INFO  [BrowserSelenium] ENTER --> (_parseElementOnXpath)
14:38:25,068 INFO  [BrowserSelenium] (_parseElementOnXpath) -> //a[@href='/jbilling/config/index'] is used
14:38:25,068 INFO  [BrowserSelenium] EXIT --> (_parseElementOnXpath)
14:38:25,069 INFO  [BrowserSelenium] EXIT --> (_getByLocator)
14:38:25,086 INFO  [BrowserSelenium] ENTER --> (_getByLocator)
14:38:25,087 INFO  [BrowserSelenium] (_getByLocator) -> Getting locator for null
14:38:25,087 INFO  [BrowserSelenium] (_getByLocator) -> Locator info found for XPATH attribute as: //a[@href='/jbilling/config/index']
14:38:25,087 INFO  [BrowserSelenium] ENTER --> (_parseElementOnXpath)
14:38:25,087 INFO  [BrowserSelenium] (_parseElementOnXpath) -> //a[@href='/jbilling/config/index'] is used
14:38:25,087 INFO  [BrowserSelenium] EXIT --> (_parseElementOnXpath)
14:38:25,087 INFO  [BrowserSelenium] EXIT --> (_getByLocator)
14:38:25,104 INFO  [BrowserSelenium] ENTER --> (_getByLocator)
14:38:25,104 INFO  [BrowserSelenium] (_getByLocator) -> Getting locator for null
14:38:25,105 INFO  [BrowserSelenium] (_getByLocator) -> Locator info found for XPATH attribute as: //a[@href='/jbilling/config/index']
14:38:25,105 INFO  [BrowserSelenium] ENTER --> (_parseElementOnXpath)
14:38:25,105 INFO  [BrowserSelenium] (_parseElementOnXpath) -> //a[@href='/jbilling/config/index'] is used
14:38:25,105 INFO  [BrowserSelenium] EXIT --> (_parseElementOnXpath)
14:38:25,105 INFO  [BrowserSelenium] EXIT --> (_getByLocator)
14:38:25,121 INFO  [BrowserSelenium] ENTER --> (_getByLocator)
14:38:25,122 INFO  [BrowserSelenium] (_getByLocator) -> Getting locator for null
14:38:25,122 INFO  [BrowserSelenium] (_getByLocator) -> Locator info found for XPATH attribute as: //a[@href='/jbilling/config/index']
14:38:25,122 INFO  [BrowserSelenium] ENTER --> (_parseElementOnXpath)
14:38:25,122 INFO  [BrowserSelenium] (_parseElementOnXpath) -> //a[@href='/jbilling/config/index'] is used
14:38:25,122 INFO  [BrowserSelenium] EXIT --> (_parseElementOnXpath)
14:38:25,122 INFO  [BrowserSelenium] EXIT --> (_getByLocator)
14:38:25,143 INFO  [BrowserSelenium] ENTER --> (_getByLocator)
14:38:25,143 INFO  [BrowserSelenium] (_getByLocator) -> Getting locator for null
14:38:25,143 INFO  [BrowserSelenium] (_getByLocator) -> Locator info found for XPATH attribute as: //a[@href='/jbilling/config/index']
14:38:25,143 INFO  [BrowserSelenium] ENTER --> (_parseElementOnXpath)
14:38:25,143 INFO  [BrowserSelenium] (_parseElementOnXpath) -> //a[@href='/jbilling/config/index'] is used
14:38:25,143 INFO  [BrowserSelenium] EXIT --> (_parseElementOnXpath)
14:38:25,144 INFO  [BrowserSelenium] EXIT --> (_getByLocator)
14:38:25,160 INFO  [BrowserSelenium] ENTER --> (_getByLocator)
14:38:25,160 INFO  [BrowserSelenium] (_getByLocator) -> Getting locator for null
14:38:25,160 INFO  [BrowserSelenium] (_getByLocator) -> Locator info found for XPATH attribute as: //a[@href='/jbilling/config/index']
14:38:25,160 INFO  [BrowserSelenium] ENTER --> (_parseElementOnXpath)
14:38:25,160 INFO  [BrowserSelenium] (_parseElementOnXpath) -> //a[@href='/jbilling/config/index'] is used
14:38:25,160 INFO  [BrowserSelenium] EXIT --> (_parseElementOnXpath)
14:38:25,161 INFO  [BrowserSelenium] EXIT --> (_getByLocator)
14:38:25,177 INFO  [BrowserSelenium] ENTER --> (_getByLocator)
14:38:25,177 INFO  [BrowserSelenium] (_getByLocator) -> Getting locator for null
14:38:25,177 INFO  [BrowserSelenium] (_getByLocator) -> Locator info found for XPATH attribute as: //a[@href='/jbilling/config/index']
14:38:25,177 INFO  [BrowserSelenium] ENTER --> (_parseElementOnXpath)
14:38:25,177 INFO  [BrowserSelenium] (_parseElementOnXpath) -> //a[@href='/jbilling/config/index'] is used
14:38:25,177 INFO  [BrowserSelenium] EXIT --> (_parseElementOnXpath)
14:38:25,178 INFO  [BrowserSelenium] EXIT --> (_getByLocator)
14:38:25,195 INFO  [BrowserSelenium] ENTER --> (_getByLocator)
14:38:25,195 INFO  [BrowserSelenium] (_getByLocator) -> Getting locator for null
14:38:25,195 INFO  [BrowserSelenium] (_getByLocator) -> Locator info found for XPATH attribute as: //a[@href='/jbilling/config/index']
14:38:25,195 INFO  [BrowserSelenium] ENTER --> (_parseElementOnXpath)
14:38:25,195 INFO  [BrowserSelenium] (_parseElementOnXpath) -> //a[@href='/jbilling/config/index'] is used
14:38:25,195 INFO  [BrowserSelenium] EXIT --> (_parseElementOnXpath)
14:38:25,195 INFO  [BrowserSelenium] EXIT --> (_getByLocator)
14:38:25,212 INFO  [BrowserSelenium] ENTER --> (_getByLocator)
14:38:25,212 INFO  [BrowserSelenium] (_getByLocator) -> Getting locator for null
14:38:25,212 INFO  [BrowserSelenium] (_getByLocator) -> Locator info found for XPATH attribute as: //a[@href='/jbilling/config/index']
14:38:25,212 INFO  [BrowserSelenium] ENTER --> (_parseElementOnXpath)
14:38:25,212 INFO  [BrowserSelenium] (_parseElementOnXpath) -> //a[@href='/jbilling/config/index'] is used
14:38:25,213 INFO  [BrowserSelenium] EXIT --> (_parseElementOnXpath)
14:38:25,213 INFO  [BrowserSelenium] EXIT --> (_getByLocator)
14:38:25,230 INFO  [BrowserSelenium] ENTER --> (_getByLocator)
14:38:25,231 INFO  [BrowserSelenium] (_getByLocator) -> Getting locator for null
14:38:25,231 INFO  [BrowserSelenium] (_getByLocator) -> Locator info found for XPATH attribute as: //a[@href='/jbilling/config/index']
14:38:25,231 INFO  [BrowserSelenium] ENTER --> (_parseElementOnXpath)
14:38:25,231 INFO  [BrowserSelenium] (_parseElementOnXpath) -> //a[@href='/jbilling/config/index'] is used
14:38:25,231 INFO  [BrowserSelenium] EXIT --> (_parseElementOnXpath)
14:38:25,231 INFO  [BrowserSelenium] EXIT --> (_getByLocator)
14:38:25,249 INFO  [BrowserSelenium] ENTER --> (_getByLocator)
14:38:25,249 INFO  [BrowserSelenium] (_getByLocator) -> Getting locator for null
14:38:25,249 INFO  [BrowserSelenium] (_getByLocator) -> Locator info found for XPATH attribute as: //a[@href='/jbilling/config/index']
14:38:25,249 INFO  [BrowserSelenium] ENTER --> (_parseElementOnXpath)
14:38:25,249 INFO  [BrowserSelenium] (_parseElementOnXpath) -> //a[@href='/jbilling/config/index'] is used
14:38:25,249 INFO  [BrowserSelenium] EXIT --> (_parseElementOnXpath)
14:38:25,249 INFO  [BrowserSelenium] EXIT --> (_getByLocator)
14:38:25,263 INFO  [BrowserSelenium] ENTER --> (_getByLocator)
14:38:25,263 INFO  [BrowserSelenium] (_getByLocator) -> Getting locator for null
14:38:25,263 INFO  [BrowserSelenium] (_getByLocator) -> Locator info found for XPATH attribute as: //a[@href='/jbilling/config/index']
14:38:25,263 INFO  [BrowserSelenium] ENTER --> (_parseElementOnXpath)
14:38:25,263 INFO  [BrowserSelenium] (_parseElementOnXpath) -> //a[@href='/jbilling/config/index'] is used
14:38:25,263 INFO  [BrowserSelenium] EXIT --> (_parseElementOnXpath)
14:38:25,264 INFO  [BrowserSelenium] EXIT --> (_getByLocator)
14:38:55,473 INFO  [BrowserSelenium] ENTER --> (_getByLocator)
14:38:55,473 INFO  [BrowserSelenium] (_getByLocator) -> Getting locator for null
14:38:55,473 INFO  [BrowserSelenium] (_getByLocator) -> Locator info found for XPATH attribute as: //a[@href='/jbilling/config/index']
14:38:55,473 INFO  [BrowserSelenium] ENTER --> (_parseElementOnXpath)
14:38:55,473 INFO  [BrowserSelenium] (_parseElementOnXpath) -> //a[@href='/jbilling/config/index'] is used
14:38:55,473 INFO  [BrowserSelenium] EXIT --> (_parseElementOnXpath)
14:38:55,473 INFO  [BrowserSelenium] EXIT --> (_getByLocator)
14:38:55,480 INFO  [BrowserSelenium] ENTER --> (_clickUsingJavaScript)
14:38:55,504 INFO  [BrowserSelenium] EXIT --> (_clickUsingJavaScript)
14:38:55,504 INFO  [BrowserSelenium] EXIT --> (clickLinkText)
14:38:55,504 INFO  [BrowserSelenium] ENTER --> (initElements)
14:38:55,505 INFO  [BrowserSelenium] (initElements) -> ID set to field: 
14:38:55,505 INFO  [BrowserSelenium] (initElements) -> Name set to field: 
14:38:55,505 INFO  [BrowserSelenium] (initElements) -> CSS set to field: 
14:38:55,505 INFO  [BrowserSelenium] (initElements) -> XPath set to field: //div[@class='menu-items']/ul/li
14:38:55,505 INFO  [BrowserSelenium] (initElements) -> ID set to field: 
14:38:55,506 INFO  [BrowserSelenium] (initElements) -> Name set to field: 
14:38:55,506 INFO  [BrowserSelenium] (initElements) -> CSS set to field: 
14:38:55,506 INFO  [BrowserSelenium] (initElements) -> XPath set to field: //div[@id='column1']/div[@class='table-box']/table/tbody//td/a/strong
14:38:55,506 INFO  [BrowserSelenium] (initElements) -> ID set to field: 
14:38:55,506 INFO  [BrowserSelenium] (initElements) -> Name set to field: 
14:38:55,506 INFO  [BrowserSelenium] (initElements) -> CSS set to field: 
14:38:55,507 INFO  [BrowserSelenium] (initElements) -> XPath set to field: //span[text()='Add New']
14:38:55,507 INFO  [BrowserSelenium] (initElements) -> ID set to field: 
14:38:55,507 INFO  [BrowserSelenium] (initElements) -> Name set to field: 
14:38:55,507 INFO  [BrowserSelenium] (initElements) -> CSS set to field: 
14:38:55,507 INFO  [BrowserSelenium] (initElements) -> XPath set to field: //span[text()='Save Changes']
14:38:55,507 INFO  [BrowserSelenium] (initElements) -> ID set to field: 
14:38:55,508 INFO  [BrowserSelenium] (initElements) -> Name set to field: 
14:38:55,508 INFO  [BrowserSelenium] (initElements) -> CSS set to field: 
14:38:55,508 INFO  [BrowserSelenium] (initElements) -> XPath set to field: //span[text()='Cancel']
14:38:55,508 INFO  [BrowserSelenium] (initElements) -> ID set to field: 
14:38:55,508 INFO  [BrowserSelenium] (initElements) -> Name set to field: 
14:38:55,508 INFO  [BrowserSelenium] (initElements) -> CSS set to field: 
14:38:55,508 INFO  [BrowserSelenium] (initElements) -> XPath set to field: //span[text()='Upload File']
14:38:55,509 INFO  [BrowserSelenium] (initElements) -> ID set to field: 
14:38:55,509 INFO  [BrowserSelenium] (initElements) -> Name set to field: 
14:38:55,512 INFO  [BrowserSelenium] (initElements) -> CSS set to field: 
14:38:55,513 INFO  [BrowserSelenium] (initElements) -> XPath set to field: //input[@type='file']
14:38:55,513 INFO  [BrowserSelenium] (initElements) -> ID set to field: 
14:38:55,513 INFO  [BrowserSelenium] (initElements) -> Name set to field: 
14:38:55,514 INFO  [BrowserSelenium] (initElements) -> CSS set to field: 
14:38:55,514 INFO  [BrowserSelenium] (initElements) -> XPath set to field: //span[contains(text(),'Edit')]
14:38:55,514 INFO  [BrowserSelenium] (initElements) -> ID set to field: 
14:38:55,514 INFO  [BrowserSelenium] (initElements) -> Name set to field: 
14:38:55,515 INFO  [BrowserSelenium] (initElements) -> CSS set to field: 
14:38:55,515 INFO  [BrowserSelenium] (initElements) -> XPath set to field: //a[@class='submit save']
14:38:55,515 INFO  [BrowserSelenium] (initElements) -> ID set to field: 
14:38:55,516 INFO  [BrowserSelenium] (initElements) -> Name set to field: 
14:38:55,516 INFO  [BrowserSelenium] (initElements) -> CSS set to field: 
14:38:55,516 INFO  [BrowserSelenium] (initElements) -> XPath set to field: //select[@id='typeId']
14:38:55,516 INFO  [BrowserSelenium] (initElements) -> ID set to field: 
14:38:55,517 INFO  [BrowserSelenium] (initElements) -> Name set to field: 
14:38:55,517 INFO  [BrowserSelenium] (initElements) -> CSS set to field: 
14:38:55,517 INFO  [BrowserSelenium] (initElements) -> XPath set to field: //input[@id='processingOrder']
14:38:55,517 INFO  [BrowserSelenium] (initElements) -> ID set to field: 
14:38:55,517 INFO  [BrowserSelenium] (initElements) -> Name set to field: 
14:38:55,517 INFO  [BrowserSelenium] (initElements) -> CSS set to field: 
14:38:55,517 INFO  [BrowserSelenium] (initElements) -> XPath set to field: //input[@id='name']
14:38:55,518 INFO  [BrowserSelenium] (initElements) -> ID set to field: 
14:38:55,518 INFO  [BrowserSelenium] (initElements) -> Name set to field: 
14:38:55,518 INFO  [BrowserSelenium] (initElements) -> CSS set to field: 
14:38:55,518 INFO  [BrowserSelenium] (initElements) -> XPath set to field: //input[@id='plgDynamic.1.name']
14:38:55,519 INFO  [BrowserSelenium] (initElements) -> ID set to field: 
14:38:55,519 INFO  [BrowserSelenium] (initElements) -> Name set to field: 
14:38:55,519 INFO  [BrowserSelenium] (initElements) -> CSS set to field: 
14:38:55,519 INFO  [BrowserSelenium] (initElements) -> XPath set to field: //input[@id='plgDynamic.1.value']
14:38:55,520 INFO  [BrowserSelenium] (initElements) -> ID set to field: 
14:38:55,520 INFO  [BrowserSelenium] (initElements) -> Name set to field: 
14:38:55,520 INFO  [BrowserSelenium] (initElements) -> CSS set to field: 
14:38:55,520 INFO  [BrowserSelenium] (initElements) -> XPath set to field: //img[@alt='add']
14:38:55,520 INFO  [BrowserSelenium] (initElements) -> ID set to field: 
14:38:55,521 INFO  [BrowserSelenium] (initElements) -> Name set to field: 
14:38:55,521 INFO  [BrowserSelenium] (initElements) -> CSS set to field: 
14:38:55,521 INFO  [BrowserSelenium] (initElements) -> XPath set to field: //img[@alt='remove']
14:38:55,521 INFO  [BrowserSelenium] (initElements) -> ID set to field: 
14:38:55,522 INFO  [BrowserSelenium] (initElements) -> Name set to field: 
14:38:55,522 INFO  [BrowserSelenium] (initElements) -> CSS set to field: 
14:38:55,522 INFO  [BrowserSelenium] (initElements) -> XPath set to field: //span[text()='Save Plug-in']
14:38:55,522 INFO  [BrowserSelenium] (initElements) -> ID set to field: 
14:38:55,523 INFO  [BrowserSelenium] (initElements) -> Name set to field: 
14:38:55,523 INFO  [BrowserSelenium] (initElements) -> CSS set to field: 
14:38:55,523 INFO  [BrowserSelenium] (initElements) -> XPath set to field: //input[@id='nextRunDate']
14:38:55,523 INFO  [BrowserSelenium] (initElements) -> ID set to field: 
14:38:55,523 INFO  [BrowserSelenium] (initElements) -> Name set to field: 
14:38:55,523 INFO  [BrowserSelenium] (initElements) -> CSS set to field: 
14:38:55,523 INFO  [BrowserSelenium] (initElements) -> XPath set to field: //input[@id='generateReport']
14:38:55,524 INFO  [BrowserSelenium] (initElements) -> ID set to field: 
14:38:55,524 INFO  [BrowserSelenium] (initElements) -> Name set to field: 
14:38:55,524 INFO  [BrowserSelenium] (initElements) -> CSS set to field: 
14:38:55,524 INFO  [BrowserSelenium] (initElements) -> XPath set to field: //select[@id='periodUnitId']
14:38:55,524 INFO  [BrowserSelenium] (initElements) -> ID set to field: 
14:38:55,525 INFO  [BrowserSelenium] (initElements) -> Name set to field: 
14:38:55,525 INFO  [BrowserSelenium] (initElements) -> CSS set to field: 
14:38:55,525 INFO  [BrowserSelenium] (initElements) -> XPath set to field: //select[@id='usagePool.consumptionActions.1.type']
14:38:55,525 INFO  [BrowserSelenium] (initElements) -> ID set to field: 
14:38:55,525 INFO  [BrowserSelenium] (initElements) -> Name set to field: 
14:38:55,525 INFO  [BrowserSelenium] (initElements) -> CSS set to field: 
14:38:55,526 INFO  [BrowserSelenium] (initElements) -> XPath set to field: //select[@id='usagePool.consumptionActions.1.notificationId']
14:38:55,526 INFO  [BrowserSelenium] (initElements) -> ID set to field: 
14:38:55,526 INFO  [BrowserSelenium] (initElements) -> Name set to field: 
14:38:55,526 INFO  [BrowserSelenium] (initElements) -> CSS set to field: 
14:38:55,526 INFO  [BrowserSelenium] (initElements) -> XPath set to field: //select[@id='usagePool.consumptionActions.1.mediumType']
14:38:55,526 INFO  [BrowserSelenium] (initElements) -> ID set to field: 
14:38:55,526 INFO  [BrowserSelenium] (initElements) -> Name set to field: 
14:38:55,527 INFO  [BrowserSelenium] (initElements) -> CSS set to field: 
14:38:55,527 INFO  [BrowserSelenium] (initElements) -> XPath set to field: //select[@id='usagePool.consumptionActions.2.type']
14:38:55,527 INFO  [BrowserSelenium] (initElements) -> ID set to field: 
14:38:55,527 INFO  [BrowserSelenium] (initElements) -> Name set to field: 
14:38:55,527 INFO  [BrowserSelenium] (initElements) -> CSS set to field: 
14:38:55,527 INFO  [BrowserSelenium] (initElements) -> XPath set to field: //select[@id = 'usagePool.itemTypes']
14:38:55,528 INFO  [BrowserSelenium] (initElements) -> ID set to field: 
14:38:55,528 INFO  [BrowserSelenium] (initElements) -> Name set to field: 
14:38:55,528 INFO  [BrowserSelenium] (initElements) -> CSS set to field: 
14:38:55,528 INFO  [BrowserSelenium] (initElements) -> XPath set to field: //select[@id = 'usagePool.items']
14:38:55,528 INFO  [BrowserSelenium] (initElements) -> ID set to field: 
14:38:55,528 INFO  [BrowserSelenium] (initElements) -> Name set to field: 
14:38:55,528 INFO  [BrowserSelenium] (initElements) -> CSS set to field: 
14:38:55,529 INFO  [BrowserSelenium] (initElements) -> XPath set to field: //input[@id='maximumPeriods']
14:38:55,529 INFO  [BrowserSelenium] (initElements) -> ID set to field: 
14:38:55,529 INFO  [BrowserSelenium] (initElements) -> Name set to field: 
14:38:55,529 INFO  [BrowserSelenium] (initElements) -> CSS set to field: 
14:38:55,529 INFO  [BrowserSelenium] (initElements) -> XPath set to field: //input[@id='billing.proratingType.neverProrating']
14:38:55,529 INFO  [BrowserSelenium] (initElements) -> ID set to field: 
14:38:55,530 INFO  [BrowserSelenium] (initElements) -> Name set to field: 
14:38:55,530 INFO  [BrowserSelenium] (initElements) -> CSS set to field: 
14:38:55,530 INFO  [BrowserSelenium] (initElements) -> XPath set to field: //span[text()='Run Commission Process']
14:38:55,530 INFO  [BrowserSelenium] (initElements) -> ID set to field: 
14:38:55,530 INFO  [BrowserSelenium] (initElements) -> Name set to field: 
14:38:55,531 INFO  [BrowserSelenium] (initElements) -> CSS set to field: 
14:38:55,531 INFO  [BrowserSelenium] (initElements) -> XPath set to field: //span[text()='Run Billing']
14:38:55,531 INFO  [BrowserSelenium] (initElements) -> ID set to field: 
14:38:55,531 INFO  [BrowserSelenium] (initElements) -> Name set to field: 
14:38:55,531 INFO  [BrowserSelenium] (initElements) -> CSS set to field: 
14:38:55,531 INFO  [BrowserSelenium] (initElements) -> XPath set to field: //input[@id='obj[0].statusStr']
14:38:55,532 INFO  [BrowserSelenium] (initElements) -> ID set to field: 
14:38:55,532 INFO  [BrowserSelenium] (initElements) -> Name set to field: 
14:38:55,532 INFO  [BrowserSelenium] (initElements) -> CSS set to field: 
14:38:55,532 INFO  [BrowserSelenium] (initElements) -> XPath set to field: //input[@id='obj[0].days']
14:38:55,532 INFO  [BrowserSelenium] (initElements) -> ID set to field: 
14:38:55,532 INFO  [BrowserSelenium] (initElements) -> Name set to field: 
14:38:55,532 INFO  [BrowserSelenium] (initElements) -> CSS set to field: 
14:38:55,533 INFO  [BrowserSelenium] (initElements) -> XPath set to field: //input[@id='obj[0].sendNotification']
14:38:55,533 INFO  [BrowserSelenium] (initElements) -> ID set to field: 
14:38:55,533 INFO  [BrowserSelenium] (initElements) -> Name set to field: 
14:38:55,533 INFO  [BrowserSelenium] (initElements) -> CSS set to field: 
14:38:55,533 INFO  [BrowserSelenium] (initElements) -> XPath set to field: //input[@id='obj[0].paymentRetry']
14:38:55,534 INFO  [BrowserSelenium] (initElements) -> ID set to field: 
14:38:55,534 INFO  [BrowserSelenium] (initElements) -> Name set to field: 
14:38:55,534 INFO  [BrowserSelenium] (initElements) -> CSS set to field: 
14:38:55,535 INFO  [BrowserSelenium] (initElements) -> XPath set to field: //input[@id='obj[0].suspended']
14:38:55,535 INFO  [BrowserSelenium] (initElements) -> ID set to field: 
14:38:55,535 INFO  [BrowserSelenium] (initElements) -> Name set to field: 
14:38:55,535 INFO  [BrowserSelenium] (initElements) -> CSS set to field: 
14:38:55,535 INFO  [BrowserSelenium] (initElements) -> XPath set to field: //table[@id='ageingStepTable']/tbody/tr[2]/td[1]/strong
14:38:55,536 INFO  [BrowserSelenium] (initElements) -> ID set to field: 
14:38:55,536 INFO  [BrowserSelenium] (initElements) -> Name set to field: 
14:38:55,536 INFO  [BrowserSelenium] (initElements) -> CSS set to field: 
14:38:55,536 INFO  [BrowserSelenium] (initElements) -> XPath set to field: //input[@id='obj[1].statusStr']
14:38:55,537 INFO  [BrowserSelenium] (initElements) -> ID set to field: 
14:38:55,538 INFO  [BrowserSelenium] (initElements) -> Name set to field: 
14:38:55,538 INFO  [BrowserSelenium] (initElements) -> CSS set to field: 
14:38:55,538 INFO  [BrowserSelenium] (initElements) -> XPath set to field: //input[@id='obj[1].days']
14:38:55,538 INFO  [BrowserSelenium] (initElements) -> ID set to field: 
14:38:55,538 INFO  [BrowserSelenium] (initElements) -> Name set to field: 
14:38:55,538 INFO  [BrowserSelenium] (initElements) -> CSS set to field: 
14:38:55,538 INFO  [BrowserSelenium] (initElements) -> XPath set to field: //input[@id='obj[1].sendNotification']
14:38:55,539 INFO  [BrowserSelenium] (initElements) -> ID set to field: 
14:38:55,539 INFO  [BrowserSelenium] (initElements) -> Name set to field: 
14:38:55,539 INFO  [BrowserSelenium] (initElements) -> CSS set to field: 
14:38:55,539 INFO  [BrowserSelenium] (initElements) -> XPath set to field: //input[@id='obj[1].paymentRetry']
14:38:55,539 INFO  [BrowserSelenium] (initElements) -> ID set to field: 
14:38:55,539 INFO  [BrowserSelenium] (initElements) -> Name set to field: 
14:38:55,539 INFO  [BrowserSelenium] (initElements) -> CSS set to field: 
14:38:55,539 INFO  [BrowserSelenium] (initElements) -> XPath set to field: //input[@id='obj[1].suspended']
14:38:55,539 INFO  [BrowserSelenium] (initElements) -> ID set to field: 
14:38:55,540 INFO  [BrowserSelenium] (initElements) -> Name set to field: 
14:38:55,540 INFO  [BrowserSelenium] (initElements) -> CSS set to field: 
14:38:55,540 INFO  [BrowserSelenium] (initElements) -> XPath set to field: //input[@id='obj[2].statusStr']
14:38:55,540 INFO  [BrowserSelenium] (initElements) -> ID set to field: 
14:38:55,540 INFO  [BrowserSelenium] (initElements) -> Name set to field: 
14:38:55,540 INFO  [BrowserSelenium] (initElements) -> CSS set to field: 
14:38:55,540 INFO  [BrowserSelenium] (initElements) -> XPath set to field: //input[@id='obj[2].days']
14:38:55,541 INFO  [BrowserSelenium] (initElements) -> ID set to field: 
14:38:55,541 INFO  [BrowserSelenium] (initElements) -> Name set to field: 
14:38:55,541 INFO  [BrowserSelenium] (initElements) -> CSS set to field: 
14:38:55,541 INFO  [BrowserSelenium] (initElements) -> XPath set to field: //input[@id='obj[2].sendNotification']
14:38:55,541 INFO  [BrowserSelenium] (initElements) -> ID set to field: 
14:38:55,541 INFO  [BrowserSelenium] (initElements) -> Name set to field: 
14:38:55,542 INFO  [BrowserSelenium] (initElements) -> CSS set to field: 
14:38:55,542 INFO  [BrowserSelenium] (initElements) -> XPath set to field: //input[@id='obj[2].sendNotification']
14:38:55,542 INFO  [BrowserSelenium] (initElements) -> ID set to field: 
14:38:55,542 INFO  [BrowserSelenium] (initElements) -> Name set to field: 
14:38:55,542 INFO  [BrowserSelenium] (initElements) -> CSS set to field: 
14:38:55,542 INFO  [BrowserSelenium] (initElements) -> XPath set to field: //input[@id='obj[2].suspended']
14:38:55,543 INFO  [BrowserSelenium] (initElements) -> ID set to field: 
14:38:55,543 INFO  [BrowserSelenium] (initElements) -> Name set to field: 
14:38:55,543 INFO  [BrowserSelenium] (initElements) -> CSS set to field: 
14:38:55,543 INFO  [BrowserSelenium] (initElements) -> XPath set to field: //input[@id='obj[3].statusStr']
14:38:55,543 INFO  [BrowserSelenium] (initElements) -> ID set to field: 
14:38:55,543 INFO  [BrowserSelenium] (initElements) -> Name set to field: 
14:38:55,543 INFO  [BrowserSelenium] (initElements) -> CSS set to field: 
14:38:55,544 INFO  [BrowserSelenium] (initElements) -> XPath set to field: //input[@id='obj[3].days']
14:38:55,544 INFO  [BrowserSelenium] (initElements) -> ID set to field: 
14:38:55,544 INFO  [BrowserSelenium] (initElements) -> Name set to field: 
14:38:55,544 INFO  [BrowserSelenium] (initElements) -> CSS set to field: 
14:38:55,544 INFO  [BrowserSelenium] (initElements) -> XPath set to field: //input[@id='obj[3].sendNotification']
14:38:55,544 INFO  [BrowserSelenium] (initElements) -> ID set to field: 
14:38:55,545 INFO  [BrowserSelenium] (initElements) -> Name set to field: 
14:38:55,545 INFO  [BrowserSelenium] (initElements) -> CSS set to field: 
14:38:55,545 INFO  [BrowserSelenium] (initElements) -> XPath set to field: //input[@id='obj[3].paymentRetry']
14:38:55,545 INFO  [BrowserSelenium] (initElements) -> ID set to field: 
14:38:55,545 INFO  [BrowserSelenium] (initElements) -> Name set to field: 
14:38:55,545 INFO  [BrowserSelenium] (initElements) -> CSS set to field: 
14:38:55,545 INFO  [BrowserSelenium] (initElements) -> XPath set to field: //input[@name='obj[1].description_1']
14:38:55,546 INFO  [BrowserSelenium] (initElements) -> ID set to field: 
14:38:55,546 INFO  [BrowserSelenium] (initElements) -> Name set to field: 
14:38:55,546 INFO  [BrowserSelenium] (initElements) -> CSS set to field: 
14:38:55,546 INFO  [BrowserSelenium] (initElements) -> XPath set to field: //input[@name='obj[2].description_1']
14:38:55,546 INFO  [BrowserSelenium] (initElements) -> ID set to field: 
14:38:55,546 INFO  [BrowserSelenium] (initElements) -> Name set to field: 
14:38:55,547 INFO  [BrowserSelenium] (initElements) -> CSS set to field: 
14:38:55,547 INFO  [BrowserSelenium] (initElements) -> XPath set to field: //input[@name='obj[3].description_1']
14:38:55,547 INFO  [BrowserSelenium] (initElements) -> ID set to field: 
14:38:55,547 INFO  [BrowserSelenium] (initElements) -> Name set to field: 
14:38:55,547 INFO  [BrowserSelenium] (initElements) -> CSS set to field: 
14:38:55,547 INFO  [BrowserSelenium] (initElements) -> XPath set to field: //input[@id='obj[3].suspended']
14:38:55,548 INFO  [BrowserSelenium] (initElements) -> ID set to field: 
14:38:55,549 INFO  [BrowserSelenium] (initElements) -> Name set to field: 
14:38:55,549 INFO  [BrowserSelenium] (initElements) -> CSS set to field: 
14:38:55,550 INFO  [BrowserSelenium] (initElements) -> XPath set to field: //input[@id='collectionsRunDate']
14:38:55,550 INFO  [BrowserSelenium] (initElements) -> ID set to field: 
14:38:55,550 INFO  [BrowserSelenium] (initElements) -> Name set to field: 
14:38:55,550 INFO  [BrowserSelenium] (initElements) -> CSS set to field: 
14:38:55,550 INFO  [BrowserSelenium] (initElements) -> XPath set to field: //input[@id='run' and @value='Run Collections']
14:38:55,551 INFO  [BrowserSelenium] (initElements) -> ID set to field: 
14:38:55,551 INFO  [BrowserSelenium] (initElements) -> Name set to field: 
14:38:55,551 INFO  [BrowserSelenium] (initElements) -> CSS set to field: 
14:38:55,551 INFO  [BrowserSelenium] (initElements) -> XPath set to field: //span[text()='Run Collections']
14:38:55,552 INFO  [BrowserSelenium] (initElements) -> ID set to field: 
14:38:55,552 INFO  [BrowserSelenium] (initElements) -> Name set to field: 
14:38:55,552 INFO  [BrowserSelenium] (initElements) -> CSS set to field: 
14:38:55,552 INFO  [BrowserSelenium] (initElements) -> XPath set to field: //img[@alt='add']
14:38:55,553 INFO  [BrowserSelenium] (initElements) -> ID set to field: 
14:38:55,553 INFO  [BrowserSelenium] (initElements) -> Name set to field: 
14:38:55,553 INFO  [BrowserSelenium] (initElements) -> CSS set to field: 
14:38:55,553 INFO  [BrowserSelenium] (initElements) -> XPath set to field: //table[@id='users']/tbody//td/a/strong
14:38:55,554 INFO  [BrowserSelenium] (initElements) -> ID set to field: 
14:38:55,554 INFO  [BrowserSelenium] (initElements) -> Name set to field: 
14:38:55,554 INFO  [BrowserSelenium] (initElements) -> CSS set to field: 
14:38:55,554 INFO  [BrowserSelenium] (initElements) -> XPath set to field: //table[@id='usagePools']/tbody//td/a/strong
14:38:55,554 INFO  [BrowserSelenium] (initElements) -> ID set to field: 
14:38:55,554 INFO  [BrowserSelenium] (initElements) -> Name set to field: 
14:38:55,555 INFO  [BrowserSelenium] (initElements) -> CSS set to field: 
14:38:55,555 INFO  [BrowserSelenium] (initElements) -> XPath set to field: //table[@id='data_grid_column1']/tbody//td/div
14:38:55,555 INFO  [BrowserSelenium] (initElements) -> ID set to field: 
14:38:55,555 INFO  [BrowserSelenium] (initElements) -> Name set to field: 
14:38:55,555 INFO  [BrowserSelenium] (initElements) -> CSS set to field: 
14:38:55,555 INFO  [BrowserSelenium] (initElements) -> XPath set to field: //table[@id='users']
14:38:55,555 INFO  [BrowserSelenium] (initElements) -> ID set to field: 
14:38:55,556 INFO  [BrowserSelenium] (initElements) -> Name set to field: 
14:38:55,556 INFO  [BrowserSelenium] (initElements) -> CSS set to field: 
14:38:55,556 INFO  [BrowserSelenium] (initElements) -> XPath set to field: //table[@id='users']/tbody//td/a/strong
14:38:55,556 INFO  [BrowserSelenium] (initElements) -> ID set to field: 
14:38:55,557 INFO  [BrowserSelenium] (initElements) -> Name set to field: 
14:38:55,557 INFO  [BrowserSelenium] (initElements) -> CSS set to field: 
14:38:55,557 INFO  [BrowserSelenium] (initElements) -> XPath set to field: //span[text()='Permissions']
14:38:55,557 INFO  [BrowserSelenium] (initElements) -> ID set to field: 
14:38:55,558 INFO  [BrowserSelenium] (initElements) -> Name set to field: 
14:38:55,558 INFO  [BrowserSelenium] (initElements) -> CSS set to field: 
14:38:55,558 INFO  [BrowserSelenium] (initElements) -> XPath set to field: //label[contains(text(),'Edit plug-in')]/preceding-sibling::input[@type='box']
14:38:55,558 INFO  [BrowserSelenium] (initElements) -> ID set to field: 
14:38:55,558 INFO  [BrowserSelenium] (initElements) -> Name set to field: 
14:38:55,558 INFO  [BrowserSelenium] (initElements) -> CSS set to field: 
14:38:55,559 INFO  [BrowserSelenium] (initElements) -> XPath set to field: //input[@id = 'permission.1902']
14:38:55,559 INFO  [BrowserSelenium] (initElements) -> ID set to field: 
14:38:55,559 INFO  [BrowserSelenium] (initElements) -> Name set to field: 
14:38:55,559 INFO  [BrowserSelenium] (initElements) -> CSS set to field: 
14:38:55,559 INFO  [BrowserSelenium] (initElements) -> XPath set to field: //label[contains(text(),'Edit payment')]/preceding-sibling::input[@type='checkbox']
14:38:55,559 INFO  [BrowserSelenium] (initElements) -> ID set to field: 
14:38:55,559 INFO  [BrowserSelenium] (initElements) -> Name set to field: 
14:38:55,560 INFO  [BrowserSelenium] (initElements) -> CSS set to field: 
14:38:55,560 INFO  [BrowserSelenium] (initElements) -> XPath set to field: //label[contains(text(),'Delete payment')]/preceding-sibling::input[@type='checkbox']
14:38:55,560 INFO  [BrowserSelenium] (initElements) -> ID set to field: 
14:38:55,560 INFO  [BrowserSelenium] (initElements) -> Name set to field: 
14:38:55,560 INFO  [BrowserSelenium] (initElements) -> CSS set to field: 
14:38:55,560 INFO  [BrowserSelenium] (initElements) -> XPath set to field: //span[contains(text(),'Copy Company')]
14:38:55,560 INFO  [BrowserSelenium] (initElements) -> ID set to field: 
14:38:55,561 INFO  [BrowserSelenium] (initElements) -> Name set to field: 
14:38:55,561 INFO  [BrowserSelenium] (initElements) -> CSS set to field: 
14:38:55,561 INFO  [BrowserSelenium] (initElements) -> XPath set to field: //input[@id='isCompanyChild']
14:38:55,561 INFO  [BrowserSelenium] (initElements) -> ID set to field: 
14:38:55,561 INFO  [BrowserSelenium] (initElements) -> Name set to field: 
14:38:55,561 INFO  [BrowserSelenium] (initElements) -> CSS set to field: 
14:38:55,562 INFO  [BrowserSelenium] (initElements) -> XPath set to field: //input[@id='childCompany']
14:38:55,562 INFO  [BrowserSelenium] (initElements) -> ID set to field: 
14:38:55,562 INFO  [BrowserSelenium] (initElements) -> Name set to field: 
14:38:55,562 INFO  [BrowserSelenium] (initElements) -> CSS set to field: 
14:38:55,562 INFO  [BrowserSelenium] (initElements) -> XPath set to field: //button/span[text()='Yes']
14:38:55,562 INFO  [BrowserSelenium] (initElements) -> ID set to field: 
14:38:55,563 INFO  [BrowserSelenium] (initElements) -> Name set to field: 
14:38:55,563 INFO  [BrowserSelenium] (initElements) -> CSS set to field: 
14:38:55,563 INFO  [BrowserSelenium] (initElements) -> XPath set to field: //button/span[text()='No']
14:38:55,563 INFO  [BrowserSelenium] (initElements) -> ID set to field: 
14:38:55,563 INFO  [BrowserSelenium] (initElements) -> Name set to field: 
14:38:55,563 INFO  [BrowserSelenium] (initElements) -> CSS set to field: 
14:38:55,564 INFO  [BrowserSelenium] (initElements) -> XPath set to field: //strong[text()='Done']/../p
14:38:55,564 INFO  [BrowserSelenium] (initElements) -> ID set to field: 
14:38:55,564 INFO  [BrowserSelenium] (initElements) -> Name set to field: 
14:38:55,564 INFO  [BrowserSelenium] (initElements) -> CSS set to field: 
14:38:55,564 INFO  [BrowserSelenium] (initElements) -> XPath set to field: //input[@id='name']
14:38:55,564 INFO  [BrowserSelenium] (initElements) -> ID set to field: 
14:38:55,564 INFO  [BrowserSelenium] (initElements) -> Name set to field: 
14:38:55,565 INFO  [BrowserSelenium] (initElements) -> CSS set to field: 
14:38:55,565 INFO  [BrowserSelenium] (initElements) -> XPath set to field: //input[@id='orderValue']
14:38:55,565 INFO  [BrowserSelenium] (initElements) -> ID set to field: 
14:38:55,565 INFO  [BrowserSelenium] (initElements) -> Name set to field: 
14:38:55,565 INFO  [BrowserSelenium] (initElements) -> CSS set to field: 
14:38:55,565 INFO  [BrowserSelenium] (initElements) -> XPath set to field: //select[@id='mediationJobLauncher']
14:38:55,566 INFO  [BrowserSelenium] (initElements) -> ID set to field: 
14:38:55,566 INFO  [BrowserSelenium] (initElements) -> Name set to field: 
14:38:55,566 INFO  [BrowserSelenium] (initElements) -> CSS set to field: 
14:38:55,566 INFO  [BrowserSelenium] (initElements) -> XPath set to field: //input[@id='global']
14:38:55,566 INFO  [BrowserSelenium] (initElements) -> ID set to field: 
14:38:55,567 INFO  [BrowserSelenium] (initElements) -> Name set to field: 
14:38:55,567 INFO  [BrowserSelenium] (initElements) -> CSS set to field: 
14:38:55,567 INFO  [BrowserSelenium] (initElements) -> XPath set to field: //span[text()='Run Mediation']
14:38:55,567 INFO  [BrowserSelenium] (initElements) -> ID set to field: 
14:38:55,567 INFO  [BrowserSelenium] (initElements) -> Name set to field: 
14:38:55,568 INFO  [BrowserSelenium] (initElements) -> CSS set to field: 
14:38:55,568 INFO  [BrowserSelenium] (initElements) -> XPath set to field: //input[@id='description']
14:38:55,568 INFO  [BrowserSelenium] (initElements) -> ID set to field: 
14:38:55,568 INFO  [BrowserSelenium] (initElements) -> Name set to field: 
14:38:55,568 INFO  [BrowserSelenium] (initElements) -> CSS set to field: 
14:38:55,569 INFO  [BrowserSelenium] (initElements) -> XPath set to field: //select[@id='periodUnitId']
14:38:55,569 INFO  [BrowserSelenium] (initElements) -> ID set to field: 
14:38:55,569 INFO  [BrowserSelenium] (initElements) -> Name set to field: 
14:38:55,569 INFO  [BrowserSelenium] (initElements) -> CSS set to field: 
14:38:55,569 INFO  [BrowserSelenium] (initElements) -> XPath set to field: //input[@id='value']
14:38:55,570 INFO  [BrowserSelenium] (initElements) -> ID set to field: 
14:38:55,570 INFO  [BrowserSelenium] (initElements) -> Name set to field: 
14:38:55,570 INFO  [BrowserSelenium] (initElements) -> CSS set to field: 
14:38:55,570 INFO  [BrowserSelenium] (initElements) -> XPath set to field: //strong[text()='Should use JQGrid for tables']/parent::a
14:38:55,570 INFO  [BrowserSelenium] (initElements) -> ID set to field: 
14:38:55,570 INFO  [BrowserSelenium] (initElements) -> Name set to field: 
14:38:55,570 INFO  [BrowserSelenium] (initElements) -> CSS set to field: 
14:38:55,571 INFO  [BrowserSelenium] (initElements) -> XPath set to field: //div[text()='Should use JQGrid for tables']/parent::td
14:38:55,571 INFO  [BrowserSelenium] (initElements) -> ID set to field: 
14:38:55,571 INFO  [BrowserSelenium] (initElements) -> Name set to field: 
14:38:55,571 INFO  [BrowserSelenium] (initElements) -> CSS set to field: 
14:38:55,571 INFO  [BrowserSelenium] (initElements) -> XPath set to field: //strong[text()='ITG invoice notification']/parent::a
14:38:55,571 INFO  [BrowserSelenium] (initElements) -> ID set to field: 
14:38:55,572 INFO  [BrowserSelenium] (initElements) -> Name set to field: 
14:38:55,572 INFO  [BrowserSelenium] (initElements) -> CSS set to field: 
14:38:55,572 INFO  [BrowserSelenium] (initElements) -> XPath set to field: //input[@id='preference.value']
14:38:55,572 INFO  [BrowserSelenium] (initElements) -> ID set to field: 
14:38:55,572 INFO  [BrowserSelenium] (initElements) -> Name set to field: 
14:38:55,572 INFO  [BrowserSelenium] (initElements) -> CSS set to field: 
14:38:55,572 INFO  [BrowserSelenium] (initElements) -> XPath set to field: //input[@id='description']
14:38:55,573 INFO  [BrowserSelenium] (initElements) -> ID set to field: 
14:38:55,573 INFO  [BrowserSelenium] (initElements) -> Name set to field: 
14:38:55,573 INFO  [BrowserSelenium] (initElements) -> CSS set to field: 
14:38:55,573 INFO  [BrowserSelenium] (initElements) -> XPath set to field: //input[@id='mainSubscription.nextInvoiceDayOfPeriod']
14:38:55,573 INFO  [BrowserSelenium] (initElements) -> ID set to field: 
14:38:55,573 INFO  [BrowserSelenium] (initElements) -> Name set to field: 
14:38:55,573 INFO  [BrowserSelenium] (initElements) -> CSS set to field: 
14:38:55,574 INFO  [BrowserSelenium] (initElements) -> XPath set to field: //input[@id='invoiceDesign']
14:38:55,574 INFO  [BrowserSelenium] (initElements) -> ID set to field: 
14:38:55,574 INFO  [BrowserSelenium] (initElements) -> Name set to field: 
14:38:55,574 INFO  [BrowserSelenium] (initElements) -> CSS set to field: 
14:38:55,574 INFO  [BrowserSelenium] (initElements) -> XPath set to field: //table[@id='periods']
14:38:55,574 INFO  [BrowserSelenium] (initElements) -> ID set to field: 
14:38:55,575 INFO  [BrowserSelenium] (initElements) -> Name set to field: 
14:38:55,575 INFO  [BrowserSelenium] (initElements) -> CSS set to field: 
14:38:55,575 INFO  [BrowserSelenium] (initElements) -> XPath set to field: //input[@class='cb checkbox']
14:38:55,575 INFO  [BrowserSelenium] (initElements) -> ID set to field: 
14:38:55,575 INFO  [BrowserSelenium] (initElements) -> Name set to field: 
14:38:55,575 INFO  [BrowserSelenium] (initElements) -> CSS set to field: 
14:38:55,575 INFO  [BrowserSelenium] (initElements) -> XPath set to field: //table[@id='periods']/tbody//td/a/strong
14:38:55,576 INFO  [BrowserSelenium] (initElements) -> ID set to field: 
14:38:55,576 INFO  [BrowserSelenium] (initElements) -> Name set to field: 
14:38:55,576 INFO  [BrowserSelenium] (initElements) -> CSS set to field: 
14:38:55,576 INFO  [BrowserSelenium] (initElements) -> XPath set to field: //table[@id='categories']
14:38:55,576 INFO  [BrowserSelenium] (initElements) -> ID set to field: 
14:38:55,576 INFO  [BrowserSelenium] (initElements) -> Name set to field: 
14:38:55,577 INFO  [BrowserSelenium] (initElements) -> CSS set to field: 
14:38:55,577 INFO  [BrowserSelenium] (initElements) -> XPath set to field: //table[@id='periods']/tbody/tr[1]/td/a[1]/strong
14:38:55,577 INFO  [BrowserSelenium] (initElements) -> ID set to field: 
14:38:55,577 INFO  [BrowserSelenium] (initElements) -> Name set to field: 
14:38:55,577 INFO  [BrowserSelenium] (initElements) -> CSS set to field: 
14:38:55,577 INFO  [BrowserSelenium] (initElements) -> XPath set to field: //span[text()='Add Information Type']
14:38:55,577 INFO  [BrowserSelenium] (initElements) -> ID set to field: 
14:38:55,578 INFO  [BrowserSelenium] (initElements) -> Name set to field: 
14:38:55,578 INFO  [BrowserSelenium] (initElements) -> CSS set to field: 
14:38:55,578 INFO  [BrowserSelenium] (initElements) -> XPath set to field: //input[@id='name']
14:38:55,578 INFO  [BrowserSelenium] (initElements) -> ID set to field: 
14:38:55,578 INFO  [BrowserSelenium] (initElements) -> Name set to field: 
14:38:55,578 INFO  [BrowserSelenium] (initElements) -> CSS set to field: 
14:38:55,578 INFO  [BrowserSelenium] (initElements) -> XPath set to field: //span[text()='Add New Metafield']
14:38:55,579 INFO  [BrowserSelenium] (initElements) -> ID set to field: 
14:38:55,579 INFO  [BrowserSelenium] (initElements) -> Name set to field: 
14:38:55,579 INFO  [BrowserSelenium] (initElements) -> CSS set to field: 
14:38:55,579 INFO  [BrowserSelenium] (initElements) -> XPath set to field: //span[text()='-']/parent::li
14:38:55,579 INFO  [BrowserSelenium] (initElements) -> ID set to field: 
14:38:55,579 INFO  [BrowserSelenium] (initElements) -> Name set to field: 
14:38:55,580 INFO  [BrowserSelenium] (initElements) -> CSS set to field: 
14:38:55,580 INFO  [BrowserSelenium] (initElements) -> XPath set to field: //span[text()='-']
14:38:55,580 INFO  [BrowserSelenium] (initElements) -> ID set to field: 
14:38:55,580 INFO  [BrowserSelenium] (initElements) -> Name set to field: 
14:38:55,580 INFO  [BrowserSelenium] (initElements) -> CSS set to field: 
14:38:55,580 INFO  [BrowserSelenium] (initElements) -> XPath set to field: //input[@id='metaField0.name']
14:38:55,580 INFO  [BrowserSelenium] (initElements) -> ID set to field: 
14:38:55,581 INFO  [BrowserSelenium] (initElements) -> Name set to field: 
14:38:55,581 INFO  [BrowserSelenium] (initElements) -> CSS set to field: 
14:38:55,581 INFO  [BrowserSelenium] (initElements) -> XPath set to field: //select[@id='fieldType0']
14:38:55,581 INFO  [BrowserSelenium] (initElements) -> ID set to field: 
14:38:55,581 INFO  [BrowserSelenium] (initElements) -> Name set to field: 
14:38:55,581 INFO  [BrowserSelenium] (initElements) -> CSS set to field: 
14:38:55,581 INFO  [BrowserSelenium] (initElements) -> XPath set to field: //li[contains(@class,'active')]/following::li//a/span[contains(text(),'Update')]
14:38:55,582 INFO  [BrowserSelenium] (initElements) -> ID set to field: 
14:38:55,582 INFO  [BrowserSelenium] (initElements) -> Name set to field: 
14:38:55,582 INFO  [BrowserSelenium] (initElements) -> CSS set to field: 
14:38:55,582 INFO  [BrowserSelenium] (initElements) -> XPath set to field: //li[contains(@class,'active')]/following::li//a/span[contains(text(),'Remove')]
14:38:55,582 INFO  [BrowserSelenium] (initElements) -> ID set to field: 
14:38:55,582 INFO  [BrowserSelenium] (initElements) -> Name set to field: 
14:38:55,582 INFO  [BrowserSelenium] (initElements) -> CSS set to field: 
14:38:55,582 INFO  [BrowserSelenium] (initElements) -> XPath set to field: //div[@id='review-box']//span[text()='Save Changes']
14:38:55,582 INFO  [BrowserSelenium] (initElements) -> ID set to field: 
14:38:55,582 INFO  [BrowserSelenium] (initElements) -> Name set to field: 
14:38:55,583 INFO  [BrowserSelenium] (initElements) -> CSS set to field: 
14:38:55,583 INFO  [BrowserSelenium] (initElements) -> XPath set to field: //span[text()='Prices']
14:38:55,583 INFO  [BrowserSelenium] (initElements) -> ID set to field: 
14:38:55,583 INFO  [BrowserSelenium] (initElements) -> Name set to field: 
14:38:55,583 INFO  [BrowserSelenium] (initElements) -> CSS set to field: 
14:38:55,583 INFO  [BrowserSelenium] (initElements) -> XPath set to field: //select[@id='typeId']
14:38:55,584 INFO  [BrowserSelenium] (initElements) -> ID set to field: 
14:38:55,584 INFO  [BrowserSelenium] (initElements) -> Name set to field: 
14:38:55,584 INFO  [BrowserSelenium] (initElements) -> CSS set to field: 
14:38:55,584 INFO  [BrowserSelenium] (initElements) -> XPath set to field: //table[@id='products']
14:38:55,584 INFO  [BrowserSelenium] (initElements) -> ID set to field: 
14:38:55,584 INFO  [BrowserSelenium] (initElements) -> Name set to field: 
14:38:55,585 INFO  [BrowserSelenium] (initElements) -> CSS set to field: 
14:38:55,585 INFO  [BrowserSelenium] (initElements) -> XPath set to field: //table[@id='products']/tbody//td/a/strong
14:38:55,585 INFO  [BrowserSelenium] (initElements) -> ID set to field: 
14:38:55,585 INFO  [BrowserSelenium] (initElements) -> Name set to field: 
14:38:55,585 INFO  [BrowserSelenium] (initElements) -> CSS set to field: 
14:38:55,585 INFO  [BrowserSelenium] (initElements) -> XPath set to field: //span[text()='Add price']
14:38:55,585 INFO  [BrowserSelenium] (initElements) -> ID set to field: 
14:38:55,586 INFO  [BrowserSelenium] (initElements) -> Name set to field: 
14:38:55,586 INFO  [BrowserSelenium] (initElements) -> CSS set to field: 
14:38:55,586 INFO  [BrowserSelenium] (initElements) -> XPath set to field: //input[@id = 'model.0.rateAsDecimal']
14:38:55,586 INFO  [BrowserSelenium] (initElements) -> ID set to field: 
14:38:55,586 INFO  [BrowserSelenium] (initElements) -> Name set to field: 
14:38:55,586 INFO  [BrowserSelenium] (initElements) -> CSS set to field: 
14:38:55,586 INFO  [BrowserSelenium] (initElements) -> XPath set to field: //img[@alt='edit']
14:38:55,587 INFO  [BrowserSelenium] (initElements) -> ID set to field: 
14:38:55,587 INFO  [BrowserSelenium] (initElements) -> Name set to field: 
14:38:55,587 INFO  [BrowserSelenium] (initElements) -> CSS set to field: 
14:38:55,587 INFO  [BrowserSelenium] (initElements) -> XPath set to field: //select[@id='templateId']
14:38:55,587 INFO  [BrowserSelenium] (initElements) -> ID set to field: 
14:38:55,587 INFO  [BrowserSelenium] (initElements) -> Name set to field: 
14:38:55,588 INFO  [BrowserSelenium] (initElements) -> CSS set to field: 
14:38:55,588 INFO  [BrowserSelenium] (initElements) -> XPath set to field: //option[text()='Payment Card']
14:38:55,588 INFO  [BrowserSelenium] (initElements) -> ID set to field: methodName
14:38:55,588 INFO  [BrowserSelenium] (initElements) -> Name set to field: 
14:38:55,588 INFO  [BrowserSelenium] (initElements) -> CSS set to field: 
14:38:55,588 INFO  [BrowserSelenium] (initElements) -> XPath set to field: 
14:38:55,588 INFO  [BrowserSelenium] (initElements) -> ID set to field: isRecurring
14:38:55,589 INFO  [BrowserSelenium] (initElements) -> Name set to field: 
14:38:55,589 INFO  [BrowserSelenium] (initElements) -> CSS set to field: 
14:38:55,589 INFO  [BrowserSelenium] (initElements) -> XPath set to field: 
14:38:55,589 INFO  [BrowserSelenium] (initElements) -> ID set to field: allAccount
14:38:55,589 INFO  [BrowserSelenium] (initElements) -> Name set to field: 
14:38:55,589 INFO  [BrowserSelenium] (initElements) -> CSS set to field: 
14:38:55,589 INFO  [BrowserSelenium] (initElements) -> XPath set to field: 
14:38:55,590 INFO  [BrowserSelenium] (initElements) -> ID set to field: 
14:38:55,590 INFO  [BrowserSelenium] (initElements) -> Name set to field: 
14:38:55,590 INFO  [BrowserSelenium] (initElements) -> CSS set to field: 
14:38:55,590 INFO  [BrowserSelenium] (initElements) -> XPath set to field: //select[@id='accountTypes']
14:38:55,590 INFO  [BrowserSelenium] (initElements) -> ID set to field: 
14:38:55,590 INFO  [BrowserSelenium] (initElements) -> Name set to field: 
14:38:55,591 INFO  [BrowserSelenium] (initElements) -> CSS set to field: 
14:38:55,591 INFO  [BrowserSelenium] (initElements) -> XPath set to field: //span[text()='cc.number']/parent::li
14:38:55,591 INFO  [BrowserSelenium] (initElements) -> ID set to field: 
14:38:55,591 INFO  [BrowserSelenium] (initElements) -> Name set to field: 
14:38:55,591 INFO  [BrowserSelenium] (initElements) -> CSS set to field: 
14:38:55,591 INFO  [BrowserSelenium] (initElements) -> XPath set to field: //span[text() = 'cc.number']
14:38:55,591 INFO  [BrowserSelenium] (initElements) -> ID set to field: 
14:38:55,592 INFO  [BrowserSelenium] (initElements) -> Name set to field: 
14:38:55,592 INFO  [BrowserSelenium] (initElements) -> CSS set to field: 
14:38:55,592 INFO  [BrowserSelenium] (initElements) -> XPath set to field: //span[text()='cc.number']/parent::li/following::li[contains(@id,'editor')]//select[contains(@id,'newDescriptionLanguage')]
14:38:55,592 INFO  [BrowserSelenium] (initElements) -> ID set to field: 
14:38:55,592 INFO  [BrowserSelenium] (initElements) -> Name set to field: 
14:38:55,592 INFO  [BrowserSelenium] (initElements) -> CSS set to field: 
14:38:55,592 INFO  [BrowserSelenium] (initElements) -> XPath set to field: //span[text()='cc.number']/parent::li/following::li[contains(@id,'editor')]//a[contains(@onclick,'addNewDescription')]/img
14:38:55,592 INFO  [BrowserSelenium] (initElements) -> ID set to field: 
14:38:55,592 INFO  [BrowserSelenium] (initElements) -> Name set to field: 
14:38:55,593 INFO  [BrowserSelenium] (initElements) -> CSS set to field: 
14:38:55,593 INFO  [BrowserSelenium] (initElements) -> XPath set to field: //span[text()='cc.number']/../..//label[text()='English Error message']/../div/input[1]
14:38:55,593 INFO  [BrowserSelenium] (initElements) -> ID set to field: 
14:38:55,593 INFO  [BrowserSelenium] (initElements) -> Name set to field: 
14:38:55,593 INFO  [BrowserSelenium] (initElements) -> CSS set to field: 
14:38:55,593 INFO  [BrowserSelenium] (initElements) -> XPath set to field: //span[text()='cc.number']/parent::li/following::li//div[contains(@id,'descriptions')]//a/img[contains(@src,'cross.png')]
14:38:55,593 INFO  [BrowserSelenium] (initElements) -> ID set to field: 
14:38:55,593 INFO  [BrowserSelenium] (initElements) -> Name set to field: 
14:38:55,593 INFO  [BrowserSelenium] (initElements) -> CSS set to field: 
14:38:55,594 INFO  [BrowserSelenium] (initElements) -> XPath set to field: //span[text()='cc.number']/parent::li/following::li[contains(@id,'editor')]//a//span[text()='Update']
14:38:55,594 INFO  [BrowserSelenium] (initElements) -> ID set to field: 
14:38:55,594 INFO  [BrowserSelenium] (initElements) -> Name set to field: 
14:38:55,594 INFO  [BrowserSelenium] (initElements) -> CSS set to field: 
14:38:55,594 INFO  [BrowserSelenium] (initElements) -> XPath set to field: //span[text()='cc.expiry.date']/parent::li
14:38:55,594 INFO  [BrowserSelenium] (initElements) -> ID set to field: 
14:38:55,594 INFO  [BrowserSelenium] (initElements) -> Name set to field: 
14:38:55,595 INFO  [BrowserSelenium] (initElements) -> CSS set to field: 
14:38:55,595 INFO  [BrowserSelenium] (initElements) -> XPath set to field: //span[text()='cc.expiry.date']/../..
14:38:55,595 INFO  [BrowserSelenium] (initElements) -> ID set to field: 
14:38:55,595 INFO  [BrowserSelenium] (initElements) -> Name set to field: 
14:38:55,595 INFO  [BrowserSelenium] (initElements) -> CSS set to field: 
14:38:55,595 INFO  [BrowserSelenium] (initElements) -> XPath set to field: //span[text()='cc.expiry.date']/parent::li/following::li[contains(@id,'editor')]//select[contains(@id,'newDescriptionLanguage')]
14:38:55,596 INFO  [BrowserSelenium] (initElements) -> ID set to field: 
14:38:55,596 INFO  [BrowserSelenium] (initElements) -> Name set to field: 
14:38:55,596 INFO  [BrowserSelenium] (initElements) -> CSS set to field: 
14:38:55,596 INFO  [BrowserSelenium] (initElements) -> XPath set to field: //span[text()='cc.expiry.date']/parent::li/following::li[contains(@id,'editor')]//a[contains(@onclick,'addNewDescription')]/img
14:38:55,596 INFO  [BrowserSelenium] (initElements) -> ID set to field: 
14:38:55,596 INFO  [BrowserSelenium] (initElements) -> Name set to field: 
14:38:55,596 INFO  [BrowserSelenium] (initElements) -> CSS set to field: 
14:38:55,597 INFO  [BrowserSelenium] (initElements) -> XPath set to field: //span[text()='cc.expiry.date']/../..//label[text()='English Error message']/../div/input[1]
14:38:55,597 INFO  [BrowserSelenium] (initElements) -> ID set to field: 
14:38:55,597 INFO  [BrowserSelenium] (initElements) -> Name set to field: 
14:38:55,597 INFO  [BrowserSelenium] (initElements) -> CSS set to field: 
14:38:55,597 INFO  [BrowserSelenium] (initElements) -> XPath set to field: //span[text()='cc.expiry.date']/parent::li/following::li//div[contains(@id,'descriptions')]//a/img[contains(@src,'cross.png')]
14:38:55,597 INFO  [BrowserSelenium] (initElements) -> ID set to field: 
14:38:55,597 INFO  [BrowserSelenium] (initElements) -> Name set to field: 
14:38:55,598 INFO  [BrowserSelenium] (initElements) -> CSS set to field: 
14:38:55,598 INFO  [BrowserSelenium] (initElements) -> XPath set to field: //span[text()='cc.expiry.date']/parent::li/following::li[contains(@id,'editor')]//a//span[text()='Update']
14:38:55,598 INFO  [BrowserSelenium] (initElements) -> ID set to field: 
14:38:55,598 INFO  [BrowserSelenium] (initElements) -> Name set to field: 
14:38:55,598 INFO  [BrowserSelenium] (initElements) -> CSS set to field: 
14:38:55,598 INFO  [BrowserSelenium] (initElements) -> XPath set to field: //div[@class = 'buttons']//a[contains(@onclick,'submit')]
14:38:55,598 INFO  [BrowserSelenium] (initElements) -> ID set to field: 
14:38:55,598 INFO  [BrowserSelenium] (initElements) -> Name set to field: 
14:38:55,598 INFO  [BrowserSelenium] (initElements) -> CSS set to field: 
14:38:55,599 INFO  [BrowserSelenium] (initElements) -> XPath set to field: //div[@id='breadcrumbs']
14:38:55,599 INFO  [BrowserSelenium] (initElements) -> ID set to field: description
14:38:55,599 INFO  [BrowserSelenium] (initElements) -> Name set to field: 
14:38:55,599 INFO  [BrowserSelenium] (initElements) -> CSS set to field: 
14:38:55,599 INFO  [BrowserSelenium] (initElements) -> XPath set to field: 
14:38:55,599 INFO  [BrowserSelenium] (initElements) -> ID set to field: address1
14:38:55,599 INFO  [BrowserSelenium] (initElements) -> Name set to field: 
14:38:55,599 INFO  [BrowserSelenium] (initElements) -> CSS set to field: 
14:38:55,599 INFO  [BrowserSelenium] (initElements) -> XPath set to field: 
14:38:55,600 INFO  [BrowserSelenium] (initElements) -> ID set to field: city
14:38:55,600 INFO  [BrowserSelenium] (initElements) -> Name set to field: 
14:38:55,600 INFO  [BrowserSelenium] (initElements) -> CSS set to field: 
14:38:55,600 INFO  [BrowserSelenium] (initElements) -> XPath set to field: 
14:38:55,600 INFO  [BrowserSelenium] (initElements) -> ID set to field: stateProvince
14:38:55,600 INFO  [BrowserSelenium] (initElements) -> Name set to field: 
14:38:55,601 INFO  [BrowserSelenium] (initElements) -> CSS set to field: 
14:38:55,601 INFO  [BrowserSelenium] (initElements) -> XPath set to field: 
14:38:55,601 INFO  [BrowserSelenium] (initElements) -> ID set to field: 
14:38:55,602 INFO  [BrowserSelenium] (initElements) -> Name set to field: 
14:38:55,602 INFO  [BrowserSelenium] (initElements) -> CSS set to field: 
14:38:55,602 INFO  [BrowserSelenium] (initElements) -> XPath set to field: //label[contains(text(),'View plugin-in')]/../input[2]
14:38:55,602 INFO  [BrowserSelenium] (initElements) -> ID set to field: 
14:38:55,602 INFO  [BrowserSelenium] (initElements) -> Name set to field: 
14:38:55,603 INFO  [BrowserSelenium] (initElements) -> CSS set to field: 
14:38:55,603 INFO  [BrowserSelenium] (initElements) -> XPath set to field: //label[contains(text(),'Edit plug-in')]/../input[2]
14:38:55,603 INFO  [BrowserSelenium] (initElements) -> ID set to field: 
14:38:55,603 INFO  [BrowserSelenium] (initElements) -> Name set to field: 
14:38:55,603 INFO  [BrowserSelenium] (initElements) -> CSS set to field: 
14:38:55,603 INFO  [BrowserSelenium] (initElements) -> XPath set to field: //label[contains(text(),'Edit role')]/../input[2]
14:38:55,604 INFO  [BrowserSelenium] (initElements) -> ID set to field: 
14:38:55,604 INFO  [BrowserSelenium] (initElements) -> Name set to field: 
14:38:55,604 INFO  [BrowserSelenium] (initElements) -> CSS set to field: 
14:38:55,604 INFO  [BrowserSelenium] (initElements) -> XPath set to field: //div[@id='error-messages']/following-sibling::div//p
14:38:55,604 INFO  [BrowserSelenium] (initElements) -> ID set to field: roles
14:38:55,604 INFO  [BrowserSelenium] (initElements) -> Name set to field: 
14:38:55,604 INFO  [BrowserSelenium] (initElements) -> CSS set to field: 
14:38:55,605 INFO  [BrowserSelenium] (initElements) -> XPath set to field: 
14:38:55,605 INFO  [BrowserSelenium] (initElements) -> ID set to field: 
14:38:55,605 INFO  [BrowserSelenium] (initElements) -> Name set to field: 
14:38:55,605 INFO  [BrowserSelenium] (initElements) -> CSS set to field: 
14:38:55,605 INFO  [BrowserSelenium] (initElements) -> XPath set to field: //label[text()='Show agent menu']/../input[2]
14:38:55,605 INFO  [BrowserSelenium] (initElements) -> ID set to field: 
14:38:55,606 INFO  [BrowserSelenium] (initElements) -> Name set to field: 
14:38:55,606 INFO  [BrowserSelenium] (initElements) -> CSS set to field: 
14:38:55,606 INFO  [BrowserSelenium] (initElements) -> XPath set to field: //label[text()='Edit agent']/../input[2]
14:38:55,606 INFO  [BrowserSelenium] (initElements) -> ID set to field: 
14:38:55,606 INFO  [BrowserSelenium] (initElements) -> Name set to field: 
14:38:55,606 INFO  [BrowserSelenium] (initElements) -> CSS set to field: 
14:38:55,606 INFO  [BrowserSelenium] (initElements) -> XPath set to field: //label[text()='View agent details']/../input[2]
14:38:55,607 INFO  [BrowserSelenium] (initElements) -> ID set to field: 
14:38:55,607 INFO  [BrowserSelenium] (initElements) -> Name set to field: 
14:38:55,607 INFO  [BrowserSelenium] (initElements) -> CSS set to field: 
14:38:55,607 INFO  [BrowserSelenium] (initElements) -> XPath set to field: //a[@class='submit delete']
14:38:55,607 INFO  [BrowserSelenium] (initElements) -> ID set to field: creditLimitAsDecimal
14:38:55,607 INFO  [BrowserSelenium] (initElements) -> Name set to field: 
14:38:55,607 INFO  [BrowserSelenium] (initElements) -> CSS set to field: 
14:38:55,608 INFO  [BrowserSelenium] (initElements) -> XPath set to field: 
14:38:55,608 INFO  [BrowserSelenium] (initElements) -> ID set to field: creditNotificationLimit1AsDecimal
14:38:55,608 INFO  [BrowserSelenium] (initElements) -> Name set to field: 
14:38:55,608 INFO  [BrowserSelenium] (initElements) -> CSS set to field: 
14:38:55,608 INFO  [BrowserSelenium] (initElements) -> XPath set to field: 
14:38:55,608 INFO  [BrowserSelenium] (initElements) -> ID set to field: creditNotificationLimit2AsDecimal
14:38:55,609 INFO  [BrowserSelenium] (initElements) -> Name set to field: 
14:38:55,609 INFO  [BrowserSelenium] (initElements) -> CSS set to field: 
14:38:55,609 INFO  [BrowserSelenium] (initElements) -> XPath set to field: 
14:38:55,609 INFO  [BrowserSelenium] (initElements) -> ID set to field: 
14:38:55,609 INFO  [BrowserSelenium] (initElements) -> Name set to field: 
14:38:55,609 INFO  [BrowserSelenium] (initElements) -> CSS set to field: 
14:38:55,609 INFO  [BrowserSelenium] (initElements) -> XPath set to field: //div[@id='messages']//ul/li
14:38:55,610 INFO  [BrowserSelenium] (initElements) -> ID set to field: payment-method-select
14:38:55,610 INFO  [BrowserSelenium] (initElements) -> Name set to field: 
14:38:55,610 INFO  [BrowserSelenium] (initElements) -> CSS set to field: 
14:38:55,610 INFO  [BrowserSelenium] (initElements) -> XPath set to field: 
14:38:55,610 INFO  [BrowserSelenium] (initElements) -> ID set to field: gs_typeId
14:38:55,610 INFO  [BrowserSelenium] (initElements) -> Name set to field: 
14:38:55,611 INFO  [BrowserSelenium] (initElements) -> CSS set to field: 
14:38:55,611 INFO  [BrowserSelenium] (initElements) -> XPath set to field: 
14:38:55,611 INFO  [BrowserSelenium] (initElements) -> ID set to field: 
14:38:55,611 INFO  [BrowserSelenium] (initElements) -> Name set to field: 
14:38:55,611 INFO  [BrowserSelenium] (initElements) -> CSS set to field: 
14:38:55,611 INFO  [BrowserSelenium] (initElements) -> XPath set to field: //option[text()='
14:38:55,611 INFO  [BrowserSelenium] (initElements) -> ID set to field: 
14:38:55,612 INFO  [BrowserSelenium] (initElements) -> Name set to field: 
14:38:55,612 INFO  [BrowserSelenium] (initElements) -> CSS set to field: 
14:38:55,612 INFO  [BrowserSelenium] (initElements) -> XPath set to field: //strong[contains(text(),'Payment gateway integration')]
14:38:55,612 INFO  [BrowserSelenium] (initElements) -> ID set to field: plg-parm-PaypalUserId
14:38:55,612 INFO  [BrowserSelenium] (initElements) -> Name set to field: 
14:38:55,612 INFO  [BrowserSelenium] (initElements) -> CSS set to field: 
14:38:55,612 INFO  [BrowserSelenium] (initElements) -> XPath set to field: 
14:38:55,613 INFO  [BrowserSelenium] (initElements) -> ID set to field: plg-parm-PaypalPassword
14:38:55,613 INFO  [BrowserSelenium] (initElements) -> Name set to field: 
14:38:55,613 INFO  [BrowserSelenium] (initElements) -> CSS set to field: 
14:38:55,613 INFO  [BrowserSelenium] (initElements) -> XPath set to field: 
14:38:55,613 INFO  [BrowserSelenium] (initElements) -> ID set to field: plg-parm-PaypalSignature
14:38:55,613 INFO  [BrowserSelenium] (initElements) -> Name set to field: 
14:38:55,614 INFO  [BrowserSelenium] (initElements) -> CSS set to field: 
14:38:55,614 INFO  [BrowserSelenium] (initElements) -> XPath set to field: 
14:38:55,614 INFO  [BrowserSelenium] (initElements) -> ID set to field: 
14:38:55,614 INFO  [BrowserSelenium] (initElements) -> Name set to field: 
14:38:55,614 INFO  [BrowserSelenium] (initElements) -> CSS set to field: 
14:38:55,614 INFO  [BrowserSelenium] (initElements) -> XPath set to field: //a[contains(text(),'Company')]
14:38:55,614 INFO  [BrowserSelenium] (initElements) -> ID set to field: 
14:38:55,615 INFO  [BrowserSelenium] (initElements) -> Name set to field: 
14:38:55,615 INFO  [BrowserSelenium] (initElements) -> CSS set to field: 
14:38:55,615 INFO  [BrowserSelenium] (initElements) -> XPath set to field: //div[@class='table-box']//tr//td//a
14:38:55,615 INFO  [BrowserSelenium] (initElements) -> ID set to field: metaField.name
14:38:55,615 INFO  [BrowserSelenium] (initElements) -> Name set to field: 
14:38:55,615 INFO  [BrowserSelenium] (initElements) -> CSS set to field: 
14:38:55,616 INFO  [BrowserSelenium] (initElements) -> XPath set to field: 
14:38:55,616 INFO  [BrowserSelenium] (initElements) -> ID set to field: metaField.dataType
14:38:55,616 INFO  [BrowserSelenium] (initElements) -> Name set to field: 
14:38:55,616 INFO  [BrowserSelenium] (initElements) -> CSS set to field: 
14:38:55,616 INFO  [BrowserSelenium] (initElements) -> XPath set to field: 
14:38:55,617 INFO  [BrowserSelenium] (initElements) -> ID set to field: mandatoryCheck
14:38:55,617 INFO  [BrowserSelenium] (initElements) -> Name set to field: 
14:38:55,617 INFO  [BrowserSelenium] (initElements) -> CSS set to field: 
14:38:55,617 INFO  [BrowserSelenium] (initElements) -> XPath set to field: 
14:38:55,618 INFO  [BrowserSelenium] (initElements) -> ID set to field: disableCheck
14:38:55,618 INFO  [BrowserSelenium] (initElements) -> Name set to field: 
14:38:55,618 INFO  [BrowserSelenium] (initElements) -> CSS set to field: 
14:38:55,618 INFO  [BrowserSelenium] (initElements) -> XPath set to field: 
14:38:55,619 INFO  [BrowserSelenium] (initElements) -> ID set to field: defaultValue
14:38:55,619 INFO  [BrowserSelenium] (initElements) -> Name set to field: 
14:38:55,619 INFO  [BrowserSelenium] (initElements) -> CSS set to field: 
14:38:55,619 INFO  [BrowserSelenium] (initElements) -> XPath set to field: 
14:38:55,619 INFO  [BrowserSelenium] (initElements) -> ID set to field: metaField.validationRule.ruleType
14:38:55,619 INFO  [BrowserSelenium] (initElements) -> Name set to field: 
14:38:55,620 INFO  [BrowserSelenium] (initElements) -> CSS set to field: 
14:38:55,620 INFO  [BrowserSelenium] (initElements) -> XPath set to field: 
14:38:55,620 INFO  [BrowserSelenium] (initElements) -> ID set to field: 
14:38:55,620 INFO  [BrowserSelenium] (initElements) -> Name set to field: 
14:38:55,620 INFO  [BrowserSelenium] (initElements) -> CSS set to field: 
14:38:55,620 INFO  [BrowserSelenium] (initElements) -> XPath set to field: //a[@class='submit save']/span
14:38:55,620 INFO  [BrowserSelenium] (initElements) -> ID set to field: 
14:38:55,621 INFO  [BrowserSelenium] (initElements) -> Name set to field: 
14:38:55,621 INFO  [BrowserSelenium] (initElements) -> CSS set to field: 
14:38:55,621 INFO  [BrowserSelenium] (initElements) -> XPath set to field: //a[@class='submit cancel']/span
14:38:55,621 INFO  [BrowserSelenium] (initElements) -> ID set to field: 
14:38:55,621 INFO  [BrowserSelenium] (initElements) -> Name set to field: 
14:38:55,621 INFO  [BrowserSelenium] (initElements) -> CSS set to field: 
14:38:55,622 INFO  [BrowserSelenium] (initElements) -> XPath set to field: //input[@id='helpCheck'] 
14:38:55,622 INFO  [BrowserSelenium] (initElements) -> ID set to field: 
14:38:55,622 INFO  [BrowserSelenium] (initElements) -> Name set to field: 
14:38:55,622 INFO  [BrowserSelenium] (initElements) -> CSS set to field: 
14:38:55,622 INFO  [BrowserSelenium] (initElements) -> XPath set to field: //table[@id='roles']//tbody//tr
14:38:55,622 INFO  [BrowserSelenium] (initElements) -> ID set to field: 
14:38:55,622 INFO  [BrowserSelenium] (initElements) -> Name set to field: 
14:38:55,623 INFO  [BrowserSelenium] (initElements) -> CSS set to field: 
14:38:55,623 INFO  [BrowserSelenium] (initElements) -> XPath set to field: //select[@id='vis-cols-multi-sel-group-left']//option
14:38:55,623 INFO  [BrowserSelenium] (initElements) -> ID set to field: 
14:38:55,623 INFO  [BrowserSelenium] (initElements) -> Name set to field: 
14:38:55,623 INFO  [BrowserSelenium] (initElements) -> CSS set to field: 
14:38:55,623 INFO  [BrowserSelenium] (initElements) -> XPath set to field: //a[@id='vis-cols-multi-sel-to-right']/span
14:38:55,623 INFO  [BrowserSelenium] (initElements) -> ID set to field: 
14:38:55,624 INFO  [BrowserSelenium] (initElements) -> Name set to field: 
14:38:55,624 INFO  [BrowserSelenium] (initElements) -> CSS set to field: 
14:38:55,624 INFO  [BrowserSelenium] (initElements) -> XPath set to field: //input[@id='name']
14:38:55,624 INFO  [BrowserSelenium] (initElements) -> ID set to field: 
14:38:55,624 INFO  [BrowserSelenium] (initElements) -> Name set to field: 
14:38:55,624 INFO  [BrowserSelenium] (initElements) -> CSS set to field: 
14:38:55,625 INFO  [BrowserSelenium] (initElements) -> XPath set to field: //table[@id='payments']
14:38:55,625 INFO  [BrowserSelenium] (initElements) -> ID set to field: 
14:38:55,625 INFO  [BrowserSelenium] (initElements) -> Name set to field: 
14:38:55,625 INFO  [BrowserSelenium] (initElements) -> CSS set to field: 
14:38:55,625 INFO  [BrowserSelenium] (initElements) -> XPath set to field: //div[text()='Should use JQGrid for tables']/..
14:38:55,625 INFO  [BrowserSelenium] (initElements) -> ID set to field: 
14:38:55,626 INFO  [BrowserSelenium] (initElements) -> Name set to field: 
14:38:55,626 INFO  [BrowserSelenium] (initElements) -> CSS set to field: 
14:38:55,626 INFO  [BrowserSelenium] (initElements) -> XPath set to field: //table[@class='jqTable ui-jqgrid-btable']//tbody//tr/td/div
14:38:55,626 INFO  [BrowserSelenium] (initElements) -> ID set to field: 
14:38:55,626 INFO  [BrowserSelenium] (initElements) -> Name set to field: 
14:38:55,627 INFO  [BrowserSelenium] (initElements) -> CSS set to field: 
14:38:55,627 INFO  [BrowserSelenium] (initElements) -> XPath set to field: //select[contains(@id,'paymentMethodTypeId')]
14:38:55,627 INFO  [BrowserSelenium] (initElements) -> ID set to field: disableCheck
14:38:55,627 INFO  [BrowserSelenium] (initElements) -> Name set to field: 
14:38:55,627 INFO  [BrowserSelenium] (initElements) -> CSS set to field: 
14:38:55,627 INFO  [BrowserSelenium] (initElements) -> XPath set to field: 
14:38:55,627 INFO  [BrowserSelenium] (initElements) -> ID set to field: 
14:38:55,628 INFO  [BrowserSelenium] (initElements) -> Name set to field: 
14:38:55,628 INFO  [BrowserSelenium] (initElements) -> CSS set to field: 
14:38:55,628 INFO  [BrowserSelenium] (initElements) -> XPath set to field: //select[contains(@id,'dataType')]
14:38:55,628 INFO  [BrowserSelenium] (initElements) -> ID set to field: 
14:38:55,628 INFO  [BrowserSelenium] (initElements) -> Name set to field: 
14:38:55,628 INFO  [BrowserSelenium] (initElements) -> CSS set to field: 
14:38:55,628 INFO  [BrowserSelenium] (initElements) -> XPath set to field: //div[@id='left-column']//li[21]
14:38:55,628 INFO  [BrowserSelenium] (initElements) -> ID set to field: 
14:38:55,628 INFO  [BrowserSelenium] (initElements) -> Name set to field: 
14:38:55,628 INFO  [BrowserSelenium] (initElements) -> CSS set to field: 
14:38:55,629 INFO  [BrowserSelenium] (initElements) -> XPath set to field: //div[@class='lang_description_1']//input[@id='obj_0_description_1']
14:38:55,629 INFO  [BrowserSelenium] (initElements) -> ID set to field: 
14:38:55,629 INFO  [BrowserSelenium] (initElements) -> Name set to field: 
14:38:55,629 INFO  [BrowserSelenium] (initElements) -> CSS set to field: 
14:38:55,629 INFO  [BrowserSelenium] (initElements) -> XPath set to field: //div[@class='lang_description_1']//input[@id='obj_1_description_1']
14:38:55,629 INFO  [BrowserSelenium] (initElements) -> ID set to field: 
14:38:55,629 INFO  [BrowserSelenium] (initElements) -> Name set to field: 
14:38:55,629 INFO  [BrowserSelenium] (initElements) -> CSS set to field: 
14:38:55,629 INFO  [BrowserSelenium] (initElements) -> XPath set to field: //strong[contains(text(),'Order Change Statuses')]
14:38:55,630 INFO  [BrowserSelenium] (initElements) -> ID set to field: 
14:38:55,630 INFO  [BrowserSelenium] (initElements) -> Name set to field: 
14:38:55,630 INFO  [BrowserSelenium] (initElements) -> CSS set to field: 
14:38:55,630 INFO  [BrowserSelenium] (initElements) -> XPath set to field: //*[@id='obj[1].order']
14:38:55,630 INFO  [BrowserSelenium] (initElements) -> ID set to field: 
14:38:55,630 INFO  [BrowserSelenium] (initElements) -> Name set to field: 
14:38:55,630 INFO  [BrowserSelenium] (initElements) -> CSS set to field: 
14:38:55,630 INFO  [BrowserSelenium] (initElements) -> XPath set to field: //*[@id='obj[1].applyToOrder']
14:38:55,630 INFO  [BrowserSelenium] (initElements) -> ID set to field: 
14:38:55,631 INFO  [BrowserSelenium] (initElements) -> Name set to field: 
14:38:55,631 INFO  [BrowserSelenium] (initElements) -> CSS set to field: 
14:38:55,631 INFO  [BrowserSelenium] (initElements) -> XPath set to field: //*[@id='obj[0].applyToOrder']
14:38:55,631 INFO  [BrowserSelenium] (initElements) -> ID set to field: 
14:38:55,631 INFO  [BrowserSelenium] (initElements) -> Name set to field: 
14:38:55,631 INFO  [BrowserSelenium] (initElements) -> CSS set to field: 
14:38:55,631 INFO  [BrowserSelenium] (initElements) -> XPath set to field: //table[@id='invoiceTemplates']
14:38:55,631 INFO  [BrowserSelenium] (initElements) -> ID set to field: 
14:38:55,631 INFO  [BrowserSelenium] (initElements) -> Name set to field: 
14:38:55,632 INFO  [BrowserSelenium] (initElements) -> CSS set to field: 
14:38:55,632 INFO  [BrowserSelenium] (initElements) -> XPath set to field: //*[@id='17']/em
14:38:55,632 INFO  [BrowserSelenium] (initElements) -> ID set to field: 
14:38:55,632 INFO  [BrowserSelenium] (initElements) -> Name set to field: 
14:38:55,632 INFO  [BrowserSelenium] (initElements) -> CSS set to field: 
14:38:55,632 INFO  [BrowserSelenium] (initElements) -> XPath set to field: //*[@id='processingOrder']
14:38:55,632 INFO  [BrowserSelenium] (initElements) -> ID set to field: 
14:38:55,632 INFO  [BrowserSelenium] (initElements) -> Name set to field: 
14:38:55,632 INFO  [BrowserSelenium] (initElements) -> CSS set to field: 
14:38:55,633 INFO  [BrowserSelenium] (initElements) -> XPath set to field: //*[@id='typeId']
14:38:55,633 INFO  [BrowserSelenium] (initElements) -> ID set to field: 
14:38:55,633 INFO  [BrowserSelenium] (initElements) -> Name set to field: 
14:38:55,633 INFO  [BrowserSelenium] (initElements) -> CSS set to field: 
14:38:55,633 INFO  [BrowserSelenium] (initElements) -> XPath set to field: //div[@class='heading']//strong
14:38:55,633 INFO  [BrowserSelenium] (initElements) -> ID set to field: 
14:38:55,634 INFO  [BrowserSelenium] (initElements) -> Name set to field: 
14:38:55,634 INFO  [BrowserSelenium] (initElements) -> CSS set to field: 
14:38:55,634 INFO  [BrowserSelenium] (initElements) -> XPath set to field: //*[@id='orderChangeStatusesTable']/tbody/tr[2]/td[5]/a/img
14:38:55,634 INFO  [BrowserSelenium] (initElements) -> ID set to field: 
14:38:55,634 INFO  [BrowserSelenium] (initElements) -> Name set to field: 
14:38:55,634 INFO  [BrowserSelenium] (initElements) -> CSS set to field: 
14:38:55,634 INFO  [BrowserSelenium] (initElements) -> XPath set to field: //*[@id='orderChangeStatusesTable']/tbody/tr[3]/td[5]/a/img
14:38:55,635 INFO  [BrowserSelenium] (initElements) -> ID set to field: 
14:38:55,635 INFO  [BrowserSelenium] (initElements) -> Name set to field: 
14:38:55,635 INFO  [BrowserSelenium] (initElements) -> CSS set to field: 
14:38:55,635 INFO  [BrowserSelenium] (initElements) -> XPath set to field: //*[@id='column1']/div/table/thead/tr/th[2]
14:38:55,635 INFO  [BrowserSelenium] (initElements) -> ID set to field: 
14:38:55,635 INFO  [BrowserSelenium] (initElements) -> Name set to field: 
14:38:55,636 INFO  [BrowserSelenium] (initElements) -> CSS set to field: 
14:38:55,636 INFO  [BrowserSelenium] (initElements) -> XPath set to field: //*[@id='CUSTOMER']/strong
14:38:55,636 INFO  [BrowserSelenium] (initElements) -> ID set to field: 
14:38:55,636 INFO  [BrowserSelenium] (initElements) -> Name set to field: 
14:38:55,636 INFO  [BrowserSelenium] (initElements) -> CSS set to field: 
14:38:55,636 INFO  [BrowserSelenium] (initElements) -> XPath set to field: //*[@id='column1']/div[1]/table/thead/tr/th
14:38:55,636 INFO  [BrowserSelenium] (initElements) -> ID set to field: 
14:38:55,637 INFO  [BrowserSelenium] (initElements) -> Name set to field: 
14:38:55,637 INFO  [BrowserSelenium] (initElements) -> CSS set to field: 
14:38:55,637 INFO  [BrowserSelenium] (initElements) -> XPath set to field: //*[@id='metaField.name']
14:38:55,637 INFO  [BrowserSelenium] (initElements) -> ID set to field: 
14:38:55,637 INFO  [BrowserSelenium] (initElements) -> Name set to field: 
14:38:55,637 INFO  [BrowserSelenium] (initElements) -> CSS set to field: 
14:38:55,638 INFO  [BrowserSelenium] (initElements) -> XPath set to field: //*[@id='metaField.dataType']
14:38:55,638 INFO  [BrowserSelenium] (initElements) -> ID set to field: 
14:38:55,638 INFO  [BrowserSelenium] (initElements) -> Name set to field: 
14:38:55,638 INFO  [BrowserSelenium] (initElements) -> CSS set to field: 
14:38:55,638 INFO  [BrowserSelenium] (initElements) -> XPath set to field: //*[@id='mandatoryCheck']
14:38:55,638 INFO  [BrowserSelenium] (initElements) -> ID set to field: 
14:38:55,638 INFO  [BrowserSelenium] (initElements) -> Name set to field: 
14:38:55,639 INFO  [BrowserSelenium] (initElements) -> CSS set to field: 
14:38:55,639 INFO  [BrowserSelenium] (initElements) -> XPath set to field: //*[@class='table-box']//strong[contains(text(),'Salary')]
14:38:55,639 INFO  [BrowserSelenium] (initElements) -> ID set to field: 
14:38:55,639 INFO  [BrowserSelenium] (initElements) -> Name set to field: 
14:38:55,639 INFO  [BrowserSelenium] (initElements) -> CSS set to field: 
14:38:55,639 INFO  [BrowserSelenium] (initElements) -> XPath set to field: (//button[@type='button'])[3]
14:38:55,639 INFO  [BrowserSelenium] (initElements) -> ID set to field: 
14:38:55,640 INFO  [BrowserSelenium] (initElements) -> Name set to field: 
14:38:55,640 INFO  [BrowserSelenium] (initElements) -> CSS set to field: 
14:38:55,640 INFO  [BrowserSelenium] (initElements) -> XPath set to field: //a[contains(text(),'Payment Method')]
14:38:55,640 INFO  [BrowserSelenium] (initElements) -> ID set to field: 
14:38:55,640 INFO  [BrowserSelenium] (initElements) -> Name set to field: 
14:38:55,640 INFO  [BrowserSelenium] (initElements) -> CSS set to field: 
14:38:55,641 INFO  [BrowserSelenium] (initElements) -> XPath set to field: //a[contains(text(),'Account Type')]
14:38:55,641 INFO  [BrowserSelenium] (initElements) -> ID set to field: 
14:38:55,641 INFO  [BrowserSelenium] (initElements) -> Name set to field: 
14:38:55,641 INFO  [BrowserSelenium] (initElements) -> CSS set to field: 
14:38:55,641 INFO  [BrowserSelenium] (initElements) -> XPath set to field: //div[@id='left-column']/div/ul//li//a[contains(text(),'Account Type')]
14:38:55,641 INFO  [BrowserSelenium] (initElements) -> ID set to field: 
14:38:55,641 INFO  [BrowserSelenium] (initElements) -> Name set to field: 
14:38:55,642 INFO  [BrowserSelenium] (initElements) -> CSS set to field: 
14:38:55,642 INFO  [BrowserSelenium] (initElements) -> XPath set to field: //div[@id='messages']/div[@class='msg-box error']/strong
14:38:55,642 INFO  [BrowserSelenium] (initElements) -> ID set to field: 
14:38:55,642 INFO  [BrowserSelenium] (initElements) -> Name set to field: 
14:38:55,642 INFO  [BrowserSelenium] (initElements) -> CSS set to field: 
14:38:55,642 INFO  [BrowserSelenium] (initElements) -> XPath set to field: //div[@id='messages']/div[@class='msg-box error']/ul/li
14:38:55,643 INFO  [BrowserSelenium] (initElements) -> ID set to field: 
14:38:55,643 INFO  [BrowserSelenium] (initElements) -> Name set to field: 
14:38:55,643 INFO  [BrowserSelenium] (initElements) -> CSS set to field: 
14:38:55,643 INFO  [BrowserSelenium] (initElements) -> XPath set to field: //a[contains(.,'Order Statuses')]
14:38:55,643 INFO  [BrowserSelenium] (initElements) -> ID set to field: 
14:38:55,643 INFO  [BrowserSelenium] (initElements) -> Name set to field: 
14:38:55,643 INFO  [BrowserSelenium] (initElements) -> CSS set to field: 
14:38:55,644 INFO  [BrowserSelenium] (initElements) -> XPath set to field: //a[contains(.,'INVOICE')]
14:38:55,644 INFO  [BrowserSelenium] (initElements) -> ID set to field: 
14:38:55,644 INFO  [BrowserSelenium] (initElements) -> Name set to field: 
14:38:55,644 INFO  [BrowserSelenium] (initElements) -> CSS set to field: 
14:38:55,644 INFO  [BrowserSelenium] (initElements) -> XPath set to field: //a[contains(.,'FINISHED')]
14:38:55,644 INFO  [BrowserSelenium] (initElements) -> ID set to field: 
14:38:55,644 INFO  [BrowserSelenium] (initElements) -> Name set to field: 
14:38:55,645 INFO  [BrowserSelenium] (initElements) -> CSS set to field: 
14:38:55,645 INFO  [BrowserSelenium] (initElements) -> XPath set to field: //a[contains(.,'NOT_INVOICE')]
14:38:55,645 INFO  [BrowserSelenium] (initElements) -> ID set to field: 
14:38:55,645 INFO  [BrowserSelenium] (initElements) -> Name set to field: 
14:38:55,645 INFO  [BrowserSelenium] (initElements) -> CSS set to field: 
14:38:55,645 INFO  [BrowserSelenium] (initElements) -> XPath set to field: //a[contains(.,'SUSPENDED_AGEING')]
14:38:55,646 INFO  [BrowserSelenium] (initElements) -> ID set to field: 
14:38:55,646 INFO  [BrowserSelenium] (initElements) -> Name set to field: 
14:38:55,646 INFO  [BrowserSelenium] (initElements) -> CSS set to field: 
14:38:55,646 INFO  [BrowserSelenium] (initElements) -> XPath set to field: //a[contains(.,'Active')]
14:38:55,646 INFO  [BrowserSelenium] (initElements) -> ID set to field: 
14:38:55,646 INFO  [BrowserSelenium] (initElements) -> Name set to field: 
14:38:55,646 INFO  [BrowserSelenium] (initElements) -> CSS set to field: 
14:38:55,647 INFO  [BrowserSelenium] (initElements) -> XPath set to field: //a[contains(.,'Finished')]
14:38:55,647 INFO  [BrowserSelenium] (initElements) -> ID set to field: 
14:38:55,647 INFO  [BrowserSelenium] (initElements) -> Name set to field: 
14:38:55,647 INFO  [BrowserSelenium] (initElements) -> CSS set to field: 
14:38:55,647 INFO  [BrowserSelenium] (initElements) -> XPath set to field: //a[contains(.,'Suspended')]
14:38:55,647 INFO  [BrowserSelenium] (initElements) -> ID set to field: 
14:38:55,648 INFO  [BrowserSelenium] (initElements) -> Name set to field: 
14:38:55,648 INFO  [BrowserSelenium] (initElements) -> CSS set to field: 
14:38:55,648 INFO  [BrowserSelenium] (initElements) -> XPath set to field: //a[contains(.,'Suspended ageing(auto)')]
14:38:55,648 INFO  [BrowserSelenium] (initElements) -> ID set to field: 
14:38:55,648 INFO  [BrowserSelenium] (initElements) -> Name set to field: 
14:38:55,648 INFO  [BrowserSelenium] (initElements) -> CSS set to field: 
14:38:55,648 INFO  [BrowserSelenium] (initElements) -> XPath set to field: //input[@id='description']
14:38:55,649 INFO  [BrowserSelenium] (initElements) -> ID set to field: 
14:38:55,649 INFO  [BrowserSelenium] (initElements) -> Name set to field: 
14:38:55,649 INFO  [BrowserSelenium] (initElements) -> CSS set to field: 
14:38:55,649 INFO  [BrowserSelenium] (initElements) -> XPath set to field: //select[contains(@id,'orderStatusFlag')]
14:38:55,649 INFO  [BrowserSelenium] (initElements) -> ID set to field: 
14:38:55,649 INFO  [BrowserSelenium] (initElements) -> Name set to field: 
14:38:55,650 INFO  [BrowserSelenium] (initElements) -> CSS set to field: 
14:38:55,650 INFO  [BrowserSelenium] (initElements) -> XPath set to field: //div[@id='error-messages']/ul/li
14:38:55,650 INFO  [BrowserSelenium] (initElements) -> ID set to field: 
14:38:55,650 INFO  [BrowserSelenium] (initElements) -> Name set to field: 
14:38:55,650 INFO  [BrowserSelenium] (initElements) -> CSS set to field: 
14:38:55,650 INFO  [BrowserSelenium] (initElements) -> XPath set to field: //div[@id='messages']//div[@class='msg-box error'][1]/ul/li
14:38:55,651 INFO  [BrowserSelenium] (initElements) -> ID set to field: 
14:38:55,651 INFO  [BrowserSelenium] (initElements) -> Name set to field: 
14:38:55,652 INFO  [BrowserSelenium] (initElements) -> CSS set to field: 
14:38:55,652 INFO  [BrowserSelenium] (initElements) -> XPath set to field: //div[@id='error-messages']/ul/li[1]
14:38:55,652 INFO  [BrowserSelenium] (initElements) -> ID set to field: 
14:38:55,652 INFO  [BrowserSelenium] (initElements) -> Name set to field: 
14:38:55,653 INFO  [BrowserSelenium] (initElements) -> CSS set to field: 
14:38:55,653 INFO  [BrowserSelenium] (initElements) -> XPath set to field: //div[@id='error-messages']/ul/li[2]
14:38:55,653 INFO  [BrowserSelenium] (initElements) -> ID set to field: name
14:38:55,653 INFO  [BrowserSelenium] (initElements) -> Name set to field: 
14:38:55,653 INFO  [BrowserSelenium] (initElements) -> CSS set to field: 
14:38:55,653 INFO  [BrowserSelenium] (initElements) -> XPath set to field: 
14:38:55,654 INFO  [BrowserSelenium] (initElements) -> ID set to field: usagePool.names[0].content
14:38:55,654 INFO  [BrowserSelenium] (initElements) -> Name set to field: 
14:38:55,654 INFO  [BrowserSelenium] (initElements) -> CSS set to field: 
14:38:55,654 INFO  [BrowserSelenium] (initElements) -> XPath set to field: 
14:38:55,654 INFO  [BrowserSelenium] (initElements) -> ID set to field: usagePool.cyclePeriodValue
14:38:55,654 INFO  [BrowserSelenium] (initElements) -> Name set to field: 
14:38:55,655 INFO  [BrowserSelenium] (initElements) -> CSS set to field: 
14:38:55,655 INFO  [BrowserSelenium] (initElements) -> XPath set to field: 
14:38:55,655 INFO  [BrowserSelenium] (initElements) -> ID set to field: usagePool.quantity
14:38:55,655 INFO  [BrowserSelenium] (initElements) -> Name set to field: 
14:38:55,655 INFO  [BrowserSelenium] (initElements) -> CSS set to field: 
14:38:55,655 INFO  [BrowserSelenium] (initElements) -> XPath set to field: 
14:38:55,655 INFO  [BrowserSelenium] (initElements) -> ID set to field: usagePool.consumptionActions.1.percentage
14:38:55,656 INFO  [BrowserSelenium] (initElements) -> Name set to field: 
14:38:55,656 INFO  [BrowserSelenium] (initElements) -> CSS set to field: 
14:38:55,656 INFO  [BrowserSelenium] (initElements) -> XPath set to field: 
14:38:55,656 INFO  [BrowserSelenium] (initElements) -> ID set to field: usagePool.consumptionActions.2.percentage
14:38:55,656 INFO  [BrowserSelenium] (initElements) -> Name set to field: 
14:38:55,656 INFO  [BrowserSelenium] (initElements) -> CSS set to field: 
14:38:55,656 INFO  [BrowserSelenium] (initElements) -> XPath set to field: 
14:38:55,656 INFO  [BrowserSelenium] (initElements) -> ID set to field: usagePool.consumptionActions.2.productId
14:38:55,657 INFO  [BrowserSelenium] (initElements) -> Name set to field: 
14:38:55,657 INFO  [BrowserSelenium] (initElements) -> CSS set to field: 
14:38:55,657 INFO  [BrowserSelenium] (initElements) -> XPath set to field: 
14:38:55,657 INFO  [BrowserSelenium] (initElements) -> ID set to field: 
14:38:55,657 INFO  [BrowserSelenium] (initElements) -> Name set to field: 
14:38:55,657 INFO  [BrowserSelenium] (initElements) -> CSS set to field: 
14:38:55,657 INFO  [BrowserSelenium] (initElements) -> XPath set to field: //input[contains(@id,'.value')]
14:38:55,657 INFO  [BrowserSelenium] (initElements) -> ID set to field: 
14:38:55,657 INFO  [BrowserSelenium] (initElements) -> Name set to field: 
14:38:55,658 INFO  [BrowserSelenium] (initElements) -> CSS set to field: 
14:38:55,658 INFO  [BrowserSelenium] (initElements) -> XPath set to field: //label[text()='1']/..//input[contains(@id,'.value')]
14:38:55,658 INFO  [BrowserSelenium] (initElements) -> ID set to field: 
14:38:55,658 INFO  [BrowserSelenium] (initElements) -> Name set to field: 
14:38:55,658 INFO  [BrowserSelenium] (initElements) -> CSS set to field: 
14:38:55,658 INFO  [BrowserSelenium] (initElements) -> XPath set to field: //table[@id='enumerations']/tbody/tr/td//strong
14:38:55,658 INFO  [BrowserSelenium] (initElements) -> ID set to field: 
14:38:55,659 INFO  [BrowserSelenium] (initElements) -> Name set to field: 
14:38:55,659 INFO  [BrowserSelenium] (initElements) -> CSS set to field: 
14:38:55,659 INFO  [BrowserSelenium] (initElements) -> XPath set to field: //img[@alt='Add more values']
14:38:55,659 INFO  [BrowserSelenium] (initElements) -> ID set to field: 
14:38:55,659 INFO  [BrowserSelenium] (initElements) -> Name set to field: 
14:38:55,659 INFO  [BrowserSelenium] (initElements) -> CSS set to field: 
14:38:55,660 INFO  [BrowserSelenium] (initElements) -> XPath set to field: //img[@alt='remove this value']
14:38:55,660 INFO  [BrowserSelenium] (initElements) -> ID set to field: 
14:38:55,660 INFO  [BrowserSelenium] (initElements) -> Name set to field: 
14:38:55,660 INFO  [BrowserSelenium] (initElements) -> CSS set to field: 
14:38:55,660 INFO  [BrowserSelenium] (initElements) -> XPath set to field: //span[@id='mandatory-meta-field']/../following::input[1]
14:38:55,660 INFO  [BrowserSelenium] (initElements) -> ID set to field: 
14:38:55,660 INFO  [BrowserSelenium] (initElements) -> Name set to field: 
14:38:55,661 INFO  [BrowserSelenium] (initElements) -> CSS set to field: 
14:38:55,661 INFO  [BrowserSelenium] (initElements) -> XPath set to field: //label[text()='MetaField Type']/following::select[1]
14:38:55,661 INFO  [BrowserSelenium] (initElements) -> ID set to field: 
14:38:55,661 INFO  [BrowserSelenium] (initElements) -> Name set to field: 
14:38:55,661 INFO  [BrowserSelenium] (initElements) -> CSS set to field: 
14:38:55,661 INFO  [BrowserSelenium] (initElements) -> XPath set to field: //a[contains(text(),'Meta Fields')]
14:38:55,661 INFO  [BrowserSelenium] (initElements) -> ID set to field: 
14:38:55,662 INFO  [BrowserSelenium] (initElements) -> Name set to field: 
14:38:55,662 INFO  [BrowserSelenium] (initElements) -> CSS set to field: 
14:38:55,662 INFO  [BrowserSelenium] (initElements) -> XPath set to field: //div[@class='table-box']/table/tbody/tr/td/a/strong
14:38:55,662 INFO  [BrowserSelenium] (initElements) -> ID set to field: 
14:38:55,662 INFO  [BrowserSelenium] (initElements) -> Name set to field: 
14:38:55,662 INFO  [BrowserSelenium] (initElements) -> CSS set to field: 
14:38:55,663 INFO  [BrowserSelenium] (initElements) -> XPath set to field: //ul[@id='metafield-ait']/form[1]//span[text()='Not Mandatory']
14:38:55,663 INFO  [BrowserSelenium] EXIT --> (initElements)
14:38:55,689 INFO  [DomParser] (<init>) -> Root element :testdata
14:38:55,690 INFO  [DomParser] ENTER --> (getTestDataSetNodesWithValues)
14:38:55,691 INFO  [DomParser] (getNodes) -> Nodes found with testdataset = 60
14:38:55,691 INFO  [DomParser] (getTestDataSetNodesList) -> Checking node [testdataset] at index 0
14:38:55,691 INFO  [DomParser] (getTestDataSetNodesList) -> develop|lab -- productCategoryImpersonate -- pc
14:38:55,691 INFO  [DomParser] (getTestDataSetNodesList) -> Checking node [testdataset] at index 1
14:38:55,691 INFO  [DomParser] (getTestDataSetNodesList) -> develop|lab -- AssetNameImpersonate -- pc
14:38:55,692 INFO  [DomParser] (getTestDataSetNodesList) -> Checking node [testdataset] at index 2
14:38:55,692 INFO  [DomParser] (getTestDataSetNodesList) -> develop|lab -- addProductOne -- ap
14:38:55,692 INFO  [DomParser] (getTestDataSetNodesList) -> Checking node [testdataset] at index 3
14:38:55,692 INFO  [DomParser] (getTestDataSetNodesList) -> develop|lab -- addProductTwo -- ap
14:38:55,693 INFO  [DomParser] (getTestDataSetNodesList) -> Checking node [testdataset] at index 4
14:38:55,693 INFO  [DomParser] (getTestDataSetNodesList) -> develop|lab -- addProductThree -- ap
14:38:55,693 INFO  [DomParser] (getTestDataSetNodesList) -> Checking node [testdataset] at index 5
14:38:55,693 INFO  [DomParser] (getTestDataSetNodesList) -> develop|lab -- addProductFour -- ap
14:38:55,693 INFO  [DomParser] (getTestDataSetNodesList) -> Checking node [testdataset] at index 6
14:38:55,694 INFO  [DomParser] (getTestDataSetNodesList) -> develop|lab -- editProduct -- ap
14:38:55,694 INFO  [DomParser] (getTestDataSetNodesList) -> Checking node [testdataset] at index 7
14:38:55,694 INFO  [DomParser] (getTestDataSetNodesList) -> develop|lab -- CreateProductCategoryData -- pcd
14:38:55,694 INFO  [DomParser] (getTestDataSetNodesList) -> Checking node [testdataset] at index 8
14:38:55,694 INFO  [DomParser] (getTestDataSetNodesList) -> develop|lab -- NewProductCategoryData -- pcd
14:38:55,694 INFO  [DomParser] (getTestDataSetNodesList) -> Checking node [testdataset] at index 9
14:38:55,695 INFO  [DomParser] (getTestDataSetNodesList) -> develop|lab -- addPlugin -- ap
14:38:55,695 INFO  [DomParser] (getTestDataSetNodesWithValues) -> 15
14:38:55,695 INFO  [DomParser] (getTestDataSetNodesWithValues) -> text node found; skipping this node
14:38:55,695 INFO  [DomParser] (getTestDataSetNodesWithValues) -> pluginType <<---->>  com.sapienter.jbilling.server.item.tasks.AssetUpdatedTask
		 <<---->> 1
14:38:55,696 INFO  [DomParser] (getTestDataSetNodesWithValues) -> text node found; skipping this node
14:38:55,696 INFO  [DomParser] (getTestDataSetNodesWithValues) -> pluginType2 <<---->>  com.sapienter.jbilling.server.provisioning.task.OrderProvisioningTask
		 <<---->> 1
14:38:55,696 INFO  [DomParser] (getTestDataSetNodesWithValues) -> text node found; skipping this node
14:38:55,696 INFO  [DomParser] (getTestDataSetNodesWithValues) -> order <<---->>  11{RANDOMNUM} <<---->> 1
14:38:55,696 INFO  [DomParser] (getTestDataSetNodesWithValues) -> text node found; skipping this node
14:38:55,696 INFO  [DomParser] (getTestDataSetNodesWithValues) -> order2 <<---->>  099{RANDOMNUM} <<---->> 1
14:38:55,697 INFO  [DomParser] (getTestDataSetNodesWithValues) -> text node found; skipping this node
14:38:55,697 INFO  [DomParser] (getTestDataSetNodesWithValues) -> pluginType3 <<---->>  com.sapienter.jbilling.server.user.partner.task.BasicPartnerCommissionTask
		 <<---->> 1
14:38:55,697 INFO  [DomParser] (getTestDataSetNodesWithValues) -> text node found; skipping this node
14:38:55,697 INFO  [DomParser] (getTestDataSetNodesWithValues) -> order3 <<---->>  1{RANDOMNUM} <<---->> 1
14:38:55,697 INFO  [DomParser] (getTestDataSetNodesWithValues) -> text node found; skipping this node
14:38:55,698 INFO  [DomParser] (getTestDataSetNodesWithValues) -> order4 <<---->>  99{RANDOMNUM} <<---->> 1
14:38:55,698 INFO  [DomParser] (getTestDataSetNodesWithValues) -> text node found; skipping this node
14:38:55,698 INFO  [DomParser] EXIT --> (getTestDataSetNodesWithValues)
14:38:55,710 INFO  [DomParser] (<init>) -> Root element :testdata
14:38:55,710 INFO  [DomParser] ENTER --> (getTestDataSetNodesWithValues)
14:38:55,711 INFO  [DomParser] (getNodes) -> Nodes found with testdataset = 60
14:38:55,711 INFO  [DomParser] (getTestDataSetNodesList) -> Checking node [testdataset] at index 0
14:38:55,711 INFO  [DomParser] (getTestDataSetNodesList) -> develop|lab -- productCategoryImpersonate -- pc
14:38:55,711 INFO  [DomParser] (getTestDataSetNodesList) -> Checking node [testdataset] at index 1
14:38:55,711 INFO  [DomParser] (getTestDataSetNodesList) -> develop|lab -- AssetNameImpersonate -- pc
14:38:55,712 INFO  [DomParser] (getTestDataSetNodesList) -> Checking node [testdataset] at index 2
14:38:55,712 INFO  [DomParser] (getTestDataSetNodesList) -> develop|lab -- addProductOne -- ap
14:38:55,712 INFO  [DomParser] (getTestDataSetNodesList) -> Checking node [testdataset] at index 3
14:38:55,712 INFO  [DomParser] (getTestDataSetNodesList) -> develop|lab -- addProductTwo -- ap
14:38:55,712 INFO  [DomParser] (getTestDataSetNodesList) -> Checking node [testdataset] at index 4
14:38:55,713 INFO  [DomParser] (getTestDataSetNodesList) -> develop|lab -- addProductThree -- ap
14:38:55,713 INFO  [DomParser] (getTestDataSetNodesList) -> Checking node [testdataset] at index 5
14:38:55,713 INFO  [DomParser] (getTestDataSetNodesList) -> develop|lab -- addProductFour -- ap
14:38:55,713 INFO  [DomParser] (getTestDataSetNodesList) -> Checking node [testdataset] at index 6
14:38:55,715 INFO  [DomParser] (getTestDataSetNodesList) -> develop|lab -- editProduct -- ap
14:38:55,715 INFO  [DomParser] (getTestDataSetNodesList) -> Checking node [testdataset] at index 7
14:38:55,716 INFO  [DomParser] (getTestDataSetNodesList) -> develop|lab -- CreateProductCategoryData -- pcd
14:38:55,716 INFO  [DomParser] (getTestDataSetNodesList) -> Checking node [testdataset] at index 8
14:38:55,716 INFO  [DomParser] (getTestDataSetNodesList) -> develop|lab -- NewProductCategoryData -- pcd
14:38:55,717 INFO  [DomParser] (getTestDataSetNodesList) -> Checking node [testdataset] at index 9
14:38:55,717 INFO  [DomParser] (getTestDataSetNodesList) -> develop|lab -- addPlugin -- ap
14:38:55,717 INFO  [DomParser] (getTestDataSetNodesWithValues) -> 15
14:38:55,717 INFO  [DomParser] (getTestDataSetNodesWithValues) -> text node found; skipping this node
14:38:55,717 INFO  [DomParser] (getTestDataSetNodesWithValues) -> pluginType <<---->>  com.sapienter.jbilling.server.item.tasks.AssetUpdatedTask
		 <<---->> 1
14:38:55,718 INFO  [DomParser] (getTestDataSetNodesWithValues) -> text node found; skipping this node
14:38:55,718 INFO  [DomParser] (getTestDataSetNodesWithValues) -> pluginType2 <<---->>  com.sapienter.jbilling.server.provisioning.task.OrderProvisioningTask
		 <<---->> 1
14:38:55,718 INFO  [DomParser] (getTestDataSetNodesWithValues) -> text node found; skipping this node
14:38:55,719 INFO  [DomParser] (getTestDataSetNodesWithValues) -> order <<---->>  11{RANDOMNUM} <<---->> 1
14:38:55,719 INFO  [DomParser] (getTestDataSetNodesWithValues) -> text node found; skipping this node
14:38:55,719 INFO  [DomParser] (getTestDataSetNodesWithValues) -> order2 <<---->>  099{RANDOMNUM} <<---->> 1
14:38:55,719 INFO  [DomParser] (getTestDataSetNodesWithValues) -> text node found; skipping this node
14:38:55,719 INFO  [DomParser] (getTestDataSetNodesWithValues) -> pluginType3 <<---->>  com.sapienter.jbilling.server.user.partner.task.BasicPartnerCommissionTask
		 <<---->> 1
14:38:55,720 INFO  [DomParser] (getTestDataSetNodesWithValues) -> text node found; skipping this node
14:38:55,720 INFO  [DomParser] (getTestDataSetNodesWithValues) -> order3 <<---->>  1{RANDOMNUM} <<---->> 1
14:38:55,720 INFO  [DomParser] (getTestDataSetNodesWithValues) -> text node found; skipping this node
14:38:55,720 INFO  [DomParser] (getTestDataSetNodesWithValues) -> order4 <<---->>  99{RANDOMNUM} <<---->> 1
14:38:55,720 INFO  [DomParser] (getTestDataSetNodesWithValues) -> text node found; skipping this node
14:38:55,721 INFO  [DomParser] EXIT --> (getTestDataSetNodesWithValues)
14:38:55,721 INFO  [BrowserSelenium] ENTER --> (selectListItem)
14:38:55,721 INFO  [BrowserSelenium] (selectListItem) -> USE_EXTENDED_TEXT_TO_XPATH to find
14:38:55,721 INFO  [BrowserSelenium] ENTER --> (_waitForJStoLoad)
14:38:58,546 INFO  [BrowserSelenium] EXIT --> (_waitForJStoLoad) --> DOM load wait done: true
14:38:58,546 INFO  [BrowserSelenium] ENTER --> (_getListItem)
14:38:58,546 INFO  [BrowserSelenium] (_setExtendedTextToXPath) ->  value set
14:38:58,555 INFO  [BrowserSelenium] ENTER --> (_getByLocator)
14:38:58,555 INFO  [BrowserSelenium] (_getByLocator) -> Getting locator for null
14:38:58,556 INFO  [BrowserSelenium] (_getByLocator) -> Locator info found for XPATH attribute as: //div[@class='menu-items']/ul/li-->>{TXT}Plug-ins{TXT}
14:38:58,556 INFO  [BrowserSelenium] ENTER --> (_parseElementOnXpath)
14:38:58,556 INFO  [BrowserSelenium] (_parseElementOnXpath) -> Xpath: //div[@class='menu-items']/ul/li || Extended Text: {TXT}Plug-ins{TXT}
14:38:58,557 INFO  [BrowserSelenium] (_setExtendedTextToXPath) -> {TXT}Plug-ins{TXT} value set
14:38:58,557 INFO  [BrowserSelenium] (_parseElementOnXpath) -> //div[@class='menu-items']/ul/li is used
14:38:58,557 INFO  [BrowserSelenium] EXIT --> (_parseElementOnXpath)
14:38:58,558 INFO  [BrowserSelenium] EXIT --> (_getByLocator)
14:38:58,595 INFO  [BrowserSelenium] (_getExtendedTextToXPath) -> {TXT}Plug-ins{TXT} value asked
14:38:58,595 INFO  [TextUtilities] ENTER --> (replaceAllEscapeRegEx)
14:38:58,596 INFO  [TextUtilities] EXIT --> (replaceAllEscapeRegEx)
14:38:58,596 INFO  [BrowserSelenium] (_getListItem) -> targetValue to find in listbox: "Plug-ins"
14:38:58,611 INFO  [BrowserSelenium] (_getListItem) -> current element text by we.getText(): "All"
14:38:58,629 INFO  [BrowserSelenium] (_getListItem) -> targetValue to find in listbox: "Plug-ins"
14:38:58,649 INFO  [BrowserSelenium] (_getListItem) -> current element text by we.getText(): "Account Type"
14:38:58,669 INFO  [BrowserSelenium] (_getListItem) -> targetValue to find in listbox: "Plug-ins"
14:38:58,698 INFO  [BrowserSelenium] (_getListItem) -> current element text by we.getText(): "Agent Commission Process"
14:38:58,713 INFO  [BrowserSelenium] (_getListItem) -> targetValue to find in listbox: "Plug-ins"
14:38:58,727 INFO  [BrowserSelenium] (_getListItem) -> current element text by we.getText(): "Billing Process"
14:38:58,738 INFO  [BrowserSelenium] (_getListItem) -> targetValue to find in listbox: "Plug-ins"
14:38:58,752 INFO  [BrowserSelenium] (_getListItem) -> current element text by we.getText(): "Blacklist"
14:38:58,761 INFO  [BrowserSelenium] (_getListItem) -> targetValue to find in listbox: "Plug-ins"
14:38:58,771 INFO  [BrowserSelenium] (_getListItem) -> current element text by we.getText(): "Collections"
14:38:58,780 INFO  [BrowserSelenium] (_getListItem) -> targetValue to find in listbox: "Plug-ins"
14:38:58,789 INFO  [BrowserSelenium] (_getListItem) -> current element text by we.getText(): "Company"
14:38:58,798 INFO  [BrowserSelenium] (_getListItem) -> targetValue to find in listbox: "Plug-ins"
14:38:58,808 INFO  [BrowserSelenium] (_getListItem) -> current element text by we.getText(): "Companies"
14:38:58,817 INFO  [BrowserSelenium] (_getListItem) -> targetValue to find in listbox: "Plug-ins"
14:38:58,826 INFO  [BrowserSelenium] (_getListItem) -> current element text by we.getText(): "Currencies"
14:38:58,835 INFO  [BrowserSelenium] (_getListItem) -> targetValue to find in listbox: "Plug-ins"
14:38:58,846 INFO  [BrowserSelenium] (_getListItem) -> current element text by we.getText(): "Data Tables"
14:38:58,855 INFO  [BrowserSelenium] (_getListItem) -> targetValue to find in listbox: "Plug-ins"
14:38:58,867 INFO  [BrowserSelenium] (_getListItem) -> current element text by we.getText(): "Email"
14:38:58,876 INFO  [BrowserSelenium] (_getListItem) -> targetValue to find in listbox: "Plug-ins"
14:38:58,886 INFO  [BrowserSelenium] (_getListItem) -> current element text by we.getText(): "Enumerations"
14:38:58,899 INFO  [BrowserSelenium] (_getListItem) -> targetValue to find in listbox: "Plug-ins"
14:38:58,910 INFO  [BrowserSelenium] (_getListItem) -> current element text by we.getText(): "Free Usage Pools"
14:38:58,922 INFO  [BrowserSelenium] (_getListItem) -> targetValue to find in listbox: "Plug-ins"
14:38:58,931 INFO  [BrowserSelenium] (_getListItem) -> current element text by we.getText(): "Invoice Display"
14:38:58,940 INFO  [BrowserSelenium] (_getListItem) -> targetValue to find in listbox: "Plug-ins"
14:38:58,949 INFO  [BrowserSelenium] (_getListItem) -> current element text by we.getText(): "Invoice Templates"
14:38:58,958 INFO  [BrowserSelenium] (_getListItem) -> targetValue to find in listbox: "Plug-ins"
14:38:58,970 INFO  [BrowserSelenium] (_getListItem) -> current element text by we.getText(): "Languages"
14:38:58,979 INFO  [BrowserSelenium] (_getListItem) -> targetValue to find in listbox: "Plug-ins"
14:38:58,991 INFO  [BrowserSelenium] (_getListItem) -> current element text by we.getText(): "Mediation"
14:38:59,004 INFO  [BrowserSelenium] (_getListItem) -> targetValue to find in listbox: "Plug-ins"
14:38:59,018 INFO  [BrowserSelenium] (_getListItem) -> current element text by we.getText(): "Meta Fields"
14:38:59,028 INFO  [BrowserSelenium] (_getListItem) -> targetValue to find in listbox: "Plug-ins"
14:38:59,040 INFO  [BrowserSelenium] (_getListItem) -> current element text by we.getText(): "Meta Field Groups"
14:38:59,054 INFO  [BrowserSelenium] (_getListItem) -> targetValue to find in listbox: "Plug-ins"
14:38:59,065 INFO  [BrowserSelenium] (_getListItem) -> current element text by we.getText(): "Notification"
14:38:59,075 INFO  [BrowserSelenium] (_getListItem) -> targetValue to find in listbox: "Plug-ins"
14:38:59,088 INFO  [BrowserSelenium] (_getListItem) -> current element text by we.getText(): "Order Change Statuses"
14:38:59,098 INFO  [BrowserSelenium] (_getListItem) -> targetValue to find in listbox: "Plug-ins"
14:38:59,109 INFO  [BrowserSelenium] (_getListItem) -> current element text by we.getText(): "Order Change Types"
14:38:59,118 INFO  [BrowserSelenium] (_getListItem) -> targetValue to find in listbox: "Plug-ins"
14:38:59,127 INFO  [BrowserSelenium] (_getListItem) -> current element text by we.getText(): "Order Periods"
14:38:59,137 INFO  [BrowserSelenium] (_getListItem) -> targetValue to find in listbox: "Plug-ins"
14:38:59,146 INFO  [BrowserSelenium] (_getListItem) -> current element text by we.getText(): "Order Statuses"
14:38:59,155 INFO  [BrowserSelenium] (_getListItem) -> targetValue to find in listbox: "Plug-ins"
14:38:59,164 INFO  [BrowserSelenium] (_getListItem) -> current element text by we.getText(): "Payment Method"
14:38:59,176 INFO  [BrowserSelenium] (_getListItem) -> targetValue to find in listbox: "Plug-ins"
14:38:59,185 INFO  [BrowserSelenium] (_getListItem) -> current element text by we.getText(): "Plug-ins"
14:38:59,196 INFO  [BrowserSelenium] (_getListItem) -> targetValue found at index: 25
14:38:59,205 INFO  [BrowserSelenium] (_getListItem) -> Plug-ins
14:38:59,205 INFO  [BrowserSelenium] EXIT --> (_getListItem)
14:38:59,288 INFO  [BrowserSelenium] EXIT --> (selectListItem)
14:38:59,288 INFO  [BrowserSelenium] ENTER --> (initElements)
14:38:59,289 INFO  [BrowserSelenium] (initElements) -> ID set to field: 
14:38:59,289 INFO  [BrowserSelenium] (initElements) -> Name set to field: 
14:38:59,290 INFO  [BrowserSelenium] (initElements) -> CSS set to field: 
14:38:59,290 INFO  [BrowserSelenium] (initElements) -> XPath set to field: //table[@id='categories']/tbody//strong[contains(text(),'New Test category')]
14:38:59,290 INFO  [BrowserSelenium] (initElements) -> ID set to field: 
14:38:59,291 INFO  [BrowserSelenium] (initElements) -> Name set to field: 
14:38:59,291 INFO  [BrowserSelenium] (initElements) -> CSS set to field: 
14:38:59,291 INFO  [BrowserSelenium] (initElements) -> XPath set to field: //table[@id='categories']/tbody//strong[contains(text(),'Asset Category 1')]
14:38:59,291 INFO  [BrowserSelenium] (initElements) -> ID set to field: 
14:38:59,291 INFO  [BrowserSelenium] (initElements) -> Name set to field: 
14:38:59,291 INFO  [BrowserSelenium] (initElements) -> CSS set to field: 
14:38:59,291 INFO  [BrowserSelenium] (initElements) -> XPath set to field: //span[text()='Add Product']
14:38:59,291 INFO  [BrowserSelenium] (initElements) -> ID set to field: 
14:38:59,291 INFO  [BrowserSelenium] (initElements) -> Name set to field: 
14:38:59,292 INFO  [BrowserSelenium] (initElements) -> CSS set to field: 
14:38:59,292 INFO  [BrowserSelenium] (initElements) -> XPath set to field: //select[@id='newDescriptionLanguage']
14:38:59,292 INFO  [BrowserSelenium] (initElements) -> ID set to field: 
14:38:59,292 INFO  [BrowserSelenium] (initElements) -> Name set to field: 
14:38:59,292 INFO  [BrowserSelenium] (initElements) -> CSS set to field: 
14:38:59,292 INFO  [BrowserSelenium] (initElements) -> XPath set to field: //a[@onclick='addNewProductDescription()']
14:38:59,292 INFO  [BrowserSelenium] (initElements) -> ID set to field: 
14:38:59,292 INFO  [BrowserSelenium] (initElements) -> Name set to field: 
14:38:59,292 INFO  [BrowserSelenium] (initElements) -> CSS set to field: 
14:38:59,293 INFO  [BrowserSelenium] (initElements) -> XPath set to field: //label[contains(text(),'English Description')]/../div/input[1]
14:38:59,293 INFO  [BrowserSelenium] (initElements) -> ID set to field: 
14:38:59,293 INFO  [BrowserSelenium] (initElements) -> Name set to field: 
14:38:59,293 INFO  [BrowserSelenium] (initElements) -> CSS set to field: 
14:38:59,293 INFO  [BrowserSelenium] (initElements) -> XPath set to field: //input[@id='product.number']
14:38:59,293 INFO  [BrowserSelenium] (initElements) -> ID set to field: 
14:38:59,293 INFO  [BrowserSelenium] (initElements) -> Name set to field: 
14:38:59,293 INFO  [BrowserSelenium] (initElements) -> CSS set to field: 
14:38:59,293 INFO  [BrowserSelenium] (initElements) -> XPath set to field: //input[@id='product.standardAvailability']
14:38:59,293 INFO  [BrowserSelenium] (initElements) -> ID set to field: 
14:38:59,294 INFO  [BrowserSelenium] (initElements) -> Name set to field: 
14:38:59,294 INFO  [BrowserSelenium] (initElements) -> CSS set to field: 
14:38:59,294 INFO  [BrowserSelenium] (initElements) -> XPath set to field: //select[@id='product.accountTypes']
14:38:59,294 INFO  [BrowserSelenium] (initElements) -> ID set to field: 
14:38:59,294 INFO  [BrowserSelenium] (initElements) -> Name set to field: 
14:38:59,294 INFO  [BrowserSelenium] (initElements) -> CSS set to field: 
14:38:59,294 INFO  [BrowserSelenium] (initElements) -> XPath set to field: //select[@class='model-type toolTipElement']
14:38:59,294 INFO  [BrowserSelenium] (initElements) -> ID set to field: 
14:38:59,295 INFO  [BrowserSelenium] (initElements) -> Name set to field: 
14:38:59,295 INFO  [BrowserSelenium] (initElements) -> CSS set to field: 
14:38:59,295 INFO  [BrowserSelenium] (initElements) -> XPath set to field: //input[@id='model.0.rateAsDecimal']
14:38:59,295 INFO  [BrowserSelenium] (initElements) -> ID set to field: 
14:38:59,295 INFO  [BrowserSelenium] (initElements) -> Name set to field: 
14:38:59,296 INFO  [BrowserSelenium] (initElements) -> CSS set to field: 
14:38:59,296 INFO  [BrowserSelenium] (initElements) -> XPath set to field: //select[@id='model.0.currencyId']
14:38:59,296 INFO  [BrowserSelenium] (initElements) -> ID set to field: 
14:38:59,296 INFO  [BrowserSelenium] (initElements) -> Name set to field: 
14:38:59,296 INFO  [BrowserSelenium] (initElements) -> CSS set to field: 
14:38:59,297 INFO  [BrowserSelenium] (initElements) -> XPath set to field: //span[text()='Save Changes']
14:38:59,297 INFO  [BrowserSelenium] (initElements) -> ID set to field: 
14:38:59,297 INFO  [BrowserSelenium] (initElements) -> Name set to field: 
14:38:59,297 INFO  [BrowserSelenium] (initElements) -> CSS set to field: 
14:38:59,298 INFO  [BrowserSelenium] (initElements) -> XPath set to field: //span[text()='Cancel']
14:38:59,298 INFO  [BrowserSelenium] (initElements) -> ID set to field: 
14:38:59,298 INFO  [BrowserSelenium] (initElements) -> Name set to field: 
14:38:59,298 INFO  [BrowserSelenium] (initElements) -> CSS set to field: 
14:38:59,299 INFO  [BrowserSelenium] (initElements) -> XPath set to field: //table[@id='products']/tbody//strong[contains(text(),'Test Code Description')]
14:38:59,299 INFO  [BrowserSelenium] (initElements) -> ID set to field: 
14:38:59,299 INFO  [BrowserSelenium] (initElements) -> Name set to field: 
14:38:59,299 INFO  [BrowserSelenium] (initElements) -> CSS set to field: 
14:38:59,299 INFO  [BrowserSelenium] (initElements) -> XPath set to field: //a[@class='submit edit']
14:38:59,300 INFO  [BrowserSelenium] (initElements) -> ID set to field: 
14:38:59,300 INFO  [BrowserSelenium] (initElements) -> Name set to field: 
14:38:59,300 INFO  [BrowserSelenium] (initElements) -> CSS set to field: 
14:38:59,300 INFO  [BrowserSelenium] (initElements) -> XPath set to field: //input[@id='product.standardPartnerPercentageAsDecimal']
14:38:59,300 INFO  [BrowserSelenium] (initElements) -> ID set to field: 
14:38:59,300 INFO  [BrowserSelenium] (initElements) -> Name set to field: 
14:38:59,300 INFO  [BrowserSelenium] (initElements) -> CSS set to field: 
14:38:59,301 INFO  [BrowserSelenium] (initElements) -> XPath set to field: //input[@id='product.masterPartnerPercentageAsDecimal']
14:38:59,301 INFO  [BrowserSelenium] (initElements) -> ID set to field: 
14:38:59,301 INFO  [BrowserSelenium] (initElements) -> Name set to field: 
14:38:59,301 INFO  [BrowserSelenium] (initElements) -> CSS set to field: 
14:38:59,301 INFO  [BrowserSelenium] (initElements) -> XPath set to field: //input[@id='plg-parm-provisionable_order_change_status_id']
14:38:59,301 INFO  [BrowserSelenium] (initElements) -> ID set to field: 
14:38:59,302 INFO  [BrowserSelenium] (initElements) -> Name set to field: 
14:38:59,302 INFO  [BrowserSelenium] (initElements) -> CSS set to field: 
14:38:59,302 INFO  [BrowserSelenium] (initElements) -> XPath set to field: //select[@id='company-select']
14:38:59,302 INFO  [BrowserSelenium] (initElements) -> ID set to field: 
14:38:59,302 INFO  [BrowserSelenium] (initElements) -> Name set to field: 
14:38:59,302 INFO  [BrowserSelenium] (initElements) -> CSS set to field: 
14:38:59,303 INFO  [BrowserSelenium] (initElements) -> XPath set to field: //ul[@class='top-nav']/li[1]
14:38:59,303 INFO  [BrowserSelenium] (initElements) -> ID set to field: 
14:38:59,303 INFO  [BrowserSelenium] (initElements) -> Name set to field: 
14:38:59,303 INFO  [BrowserSelenium] (initElements) -> CSS set to field: 
14:38:59,303 INFO  [BrowserSelenium] (initElements) -> XPath set to field: //div[@class='heading']//strong[contains(text(),'Add Product Category')]
14:38:59,303 INFO  [BrowserSelenium] (initElements) -> ID set to field: 
14:38:59,304 INFO  [BrowserSelenium] (initElements) -> Name set to field: 
14:38:59,304 INFO  [BrowserSelenium] (initElements) -> CSS set to field: 
14:38:59,304 INFO  [BrowserSelenium] (initElements) -> XPath set to field: //span[text()='Add Category']
14:38:59,304 INFO  [BrowserSelenium] (initElements) -> ID set to field: 
14:38:59,304 INFO  [BrowserSelenium] (initElements) -> Name set to field: 
14:38:59,304 INFO  [BrowserSelenium] (initElements) -> CSS set to field: 
14:38:59,305 INFO  [BrowserSelenium] (initElements) -> XPath set to field: //select[@id='orderLineTypeId']//option
14:38:59,305 INFO  [BrowserSelenium] (initElements) -> ID set to field: 
14:38:59,305 INFO  [BrowserSelenium] (initElements) -> Name set to field: 
14:38:59,305 INFO  [BrowserSelenium] (initElements) -> CSS set to field: 
14:38:59,305 INFO  [BrowserSelenium] (initElements) -> XPath set to field: //select[@id='parentItemTypeId']/option
14:38:59,305 INFO  [BrowserSelenium] (initElements) -> ID set to field: 
14:38:59,306 INFO  [BrowserSelenium] (initElements) -> Name set to field: 
14:38:59,306 INFO  [BrowserSelenium] (initElements) -> CSS set to field: 
14:38:59,306 INFO  [BrowserSelenium] (initElements) -> XPath set to field: //input[@id='description']
14:38:59,306 INFO  [BrowserSelenium] (initElements) -> ID set to field: 
14:38:59,306 INFO  [BrowserSelenium] (initElements) -> Name set to field: 
14:38:59,307 INFO  [BrowserSelenium] (initElements) -> CSS set to field: 
14:38:59,307 INFO  [BrowserSelenium] (initElements) -> XPath set to field: //a[@class='submit save']//span[contains(text(),'Save Changes')]
14:38:59,307 INFO  [BrowserSelenium] (initElements) -> ID set to field: 
14:38:59,307 INFO  [BrowserSelenium] (initElements) -> Name set to field: 
14:38:59,307 INFO  [BrowserSelenium] (initElements) -> CSS set to field: 
14:38:59,307 INFO  [BrowserSelenium] (initElements) -> XPath set to field: //span[text()='Edit']
14:38:59,308 INFO  [BrowserSelenium] (initElements) -> ID set to field: 
14:38:59,308 INFO  [BrowserSelenium] (initElements) -> Name set to field: 
14:38:59,308 INFO  [BrowserSelenium] (initElements) -> CSS set to field: 
14:38:59,308 INFO  [BrowserSelenium] (initElements) -> XPath set to field: //input[@id='allowAssetManagement']
14:38:59,308 INFO  [BrowserSelenium] (initElements) -> ID set to field: 
14:38:59,308 INFO  [BrowserSelenium] (initElements) -> Name set to field: 
14:38:59,309 INFO  [BrowserSelenium] (initElements) -> CSS set to field: 
14:38:59,309 INFO  [BrowserSelenium] (initElements) -> XPath set to field: //span[text()='Asset Statuses']
14:38:59,309 INFO  [BrowserSelenium] (initElements) -> ID set to field: 
14:38:59,309 INFO  [BrowserSelenium] (initElements) -> Name set to field: 
14:38:59,309 INFO  [BrowserSelenium] (initElements) -> CSS set to field: 
14:38:59,309 INFO  [BrowserSelenium] (initElements) -> XPath set to field: //input[@id='lastStatusName']
14:38:59,310 INFO  [BrowserSelenium] (initElements) -> ID set to field: 
14:38:59,310 INFO  [BrowserSelenium] (initElements) -> Name set to field: 
14:38:59,310 INFO  [BrowserSelenium] (initElements) -> CSS set to field: 
14:38:59,310 INFO  [BrowserSelenium] (initElements) -> XPath set to field: //th[contains(text(),'Available')]/following::tbody/tr[1]/td[2]/input[@type='checkbox']
14:38:59,310 INFO  [BrowserSelenium] (initElements) -> ID set to field: 
14:38:59,311 INFO  [BrowserSelenium] (initElements) -> Name set to field: 
14:38:59,311 INFO  [BrowserSelenium] (initElements) -> CSS set to field: 
14:38:59,311 INFO  [BrowserSelenium] (initElements) -> XPath set to field: //th[contains(text(),'Available')]/following::tbody/tr[1]/td[3]/input[@type='checkbox']
14:38:59,311 INFO  [BrowserSelenium] (initElements) -> ID set to field: 
14:38:59,311 INFO  [BrowserSelenium] (initElements) -> Name set to field: 
14:38:59,311 INFO  [BrowserSelenium] (initElements) -> CSS set to field: 
14:38:59,312 INFO  [BrowserSelenium] (initElements) -> XPath set to field: //th[contains(text(),'Available')]/following::tbody/tr[2]/td[4]/input[@type='checkbox']
14:38:59,312 INFO  [BrowserSelenium] (initElements) -> ID set to field: 
14:38:59,312 INFO  [BrowserSelenium] (initElements) -> Name set to field: 
14:38:59,312 INFO  [BrowserSelenium] (initElements) -> CSS set to field: 
14:38:59,312 INFO  [BrowserSelenium] (initElements) -> XPath set to field: //tr[@id='lastStatus']/td[5]/a/img
14:38:59,312 INFO  [BrowserSelenium] (initElements) -> ID set to field: 
14:38:59,313 INFO  [BrowserSelenium] (initElements) -> Name set to field: 
14:38:59,313 INFO  [BrowserSelenium] (initElements) -> CSS set to field: 
14:38:59,313 INFO  [BrowserSelenium] (initElements) -> XPath set to field: //div[@id='assetMetaFields']/div[2]/div[1]/span[1]/a/img
14:38:59,313 INFO  [BrowserSelenium] (initElements) -> ID set to field: 
14:38:59,313 INFO  [BrowserSelenium] (initElements) -> Name set to field: 
14:38:59,313 INFO  [BrowserSelenium] (initElements) -> CSS set to field: 
14:38:59,314 INFO  [BrowserSelenium] (initElements) -> XPath set to field: //input[@id='metaField2.name']
14:38:59,314 INFO  [BrowserSelenium] (initElements) -> ID set to field: 
14:38:59,314 INFO  [BrowserSelenium] (initElements) -> Name set to field: 
14:38:59,314 INFO  [BrowserSelenium] (initElements) -> CSS set to field: 
14:38:59,314 INFO  [BrowserSelenium] (initElements) -> XPath set to field: //table[@id='categories']/tbody/tr[1]/td/a/strong
14:38:59,314 INFO  [BrowserSelenium] (initElements) -> ID set to field: 
14:38:59,315 INFO  [BrowserSelenium] (initElements) -> Name set to field: 
14:38:59,315 INFO  [BrowserSelenium] (initElements) -> CSS set to field: 
14:38:59,315 INFO  [BrowserSelenium] (initElements) -> XPath set to field: //ul[@class='top-nav']/li[1]
14:38:59,315 INFO  [BrowserSelenium] (initElements) -> ID set to field: 
14:38:59,315 INFO  [BrowserSelenium] (initElements) -> Name set to field: 
14:38:59,316 INFO  [BrowserSelenium] (initElements) -> CSS set to field: 
14:38:59,316 INFO  [BrowserSelenium] (initElements) -> XPath set to field: //select[@id = 'parentItemTypeId']
14:38:59,316 INFO  [BrowserSelenium] (initElements) -> ID set to field: 
14:38:59,316 INFO  [BrowserSelenium] (initElements) -> Name set to field: 
14:38:59,316 INFO  [BrowserSelenium] (initElements) -> CSS set to field: 
14:38:59,316 INFO  [BrowserSelenium] (initElements) -> XPath set to field: //div[@class='menu-items']/ul/li-->>{TXT}Plug-ins{TXT}
14:38:59,317 INFO  [BrowserSelenium] (initElements) -> ID set to field: 
14:38:59,317 INFO  [BrowserSelenium] (initElements) -> Name set to field: 
14:38:59,317 INFO  [BrowserSelenium] (initElements) -> CSS set to field: 
14:38:59,317 INFO  [BrowserSelenium] (initElements) -> XPath set to field: //strong[contains(text(),'Generic internal events listener')]
14:38:59,317 INFO  [BrowserSelenium] (initElements) -> ID set to field: 
14:38:59,317 INFO  [BrowserSelenium] (initElements) -> Name set to field: 
14:38:59,317 INFO  [BrowserSelenium] (initElements) -> CSS set to field: 
14:38:59,318 INFO  [BrowserSelenium] (initElements) -> XPath set to field: //span[text()='Add New']
14:38:59,318 INFO  [BrowserSelenium] (initElements) -> ID set to field: 
14:38:59,318 INFO  [BrowserSelenium] (initElements) -> Name set to field: 
14:38:59,318 INFO  [BrowserSelenium] (initElements) -> CSS set to field: 
14:38:59,319 INFO  [BrowserSelenium] (initElements) -> XPath set to field: //select[@id='typeId']
14:38:59,319 INFO  [BrowserSelenium] (initElements) -> ID set to field: 
14:38:59,319 INFO  [BrowserSelenium] (initElements) -> Name set to field: 
14:38:59,319 INFO  [BrowserSelenium] (initElements) -> CSS set to field: 
14:38:59,320 INFO  [BrowserSelenium] (initElements) -> XPath set to field: //input[@id='processingOrder']
14:38:59,320 INFO  [BrowserSelenium] (initElements) -> ID set to field: 
14:38:59,320 INFO  [BrowserSelenium] (initElements) -> Name set to field: 
14:38:59,320 INFO  [BrowserSelenium] (initElements) -> CSS set to field: 
14:38:59,320 INFO  [BrowserSelenium] (initElements) -> XPath set to field: //span[text()='Save Plug-in']
14:38:59,321 INFO  [BrowserSelenium] (initElements) -> ID set to field: 
14:38:59,321 INFO  [BrowserSelenium] (initElements) -> Name set to field: 
14:38:59,321 INFO  [BrowserSelenium] (initElements) -> CSS set to field: 
14:38:59,321 INFO  [BrowserSelenium] (initElements) -> XPath set to field: //div[@id='assetManagementEnabledDiv']/div/input[2]
14:38:59,321 INFO  [BrowserSelenium] (initElements) -> ID set to field: 
14:38:59,321 INFO  [BrowserSelenium] (initElements) -> Name set to field: 
14:38:59,321 INFO  [BrowserSelenium] (initElements) -> CSS set to field: 
14:38:59,321 INFO  [BrowserSelenium] (initElements) -> XPath set to field: //span[text()='Add Asset']
14:38:59,321 INFO  [BrowserSelenium] (initElements) -> ID set to field: 
14:38:59,322 INFO  [BrowserSelenium] (initElements) -> Name set to field: 
14:38:59,322 INFO  [BrowserSelenium] (initElements) -> CSS set to field: 
14:38:59,322 INFO  [BrowserSelenium] (initElements) -> XPath set to field: //span[text()='Add New']
14:38:59,322 INFO  [BrowserSelenium] (initElements) -> ID set to field: 
14:38:59,322 INFO  [BrowserSelenium] (initElements) -> Name set to field: 
14:38:59,322 INFO  [BrowserSelenium] (initElements) -> CSS set to field: 
14:38:59,322 INFO  [BrowserSelenium] (initElements) -> XPath set to field: //input[@id='identifier']
14:38:59,322 INFO  [BrowserSelenium] (initElements) -> ID set to field: 
14:38:59,322 INFO  [BrowserSelenium] (initElements) -> Name set to field: 
14:38:59,323 INFO  [BrowserSelenium] (initElements) -> CSS set to field: 
14:38:59,323 INFO  [BrowserSelenium] (initElements) -> XPath set to field: //span[text()='Save Changes']
14:38:59,323 INFO  [BrowserSelenium] (initElements) -> ID set to field: 
14:38:59,323 INFO  [BrowserSelenium] (initElements) -> Name set to field: 
14:38:59,323 INFO  [BrowserSelenium] (initElements) -> CSS set to field: 
14:38:59,323 INFO  [BrowserSelenium] (initElements) -> XPath set to field: //strong[contains(text(),'Agent Commission Calculation Process.')]
14:38:59,323 INFO  [BrowserSelenium] (initElements) -> ID set to field: 
14:38:59,323 INFO  [BrowserSelenium] (initElements) -> Name set to field: 
14:38:59,323 INFO  [BrowserSelenium] (initElements) -> CSS set to field: 
14:38:59,324 INFO  [BrowserSelenium] (initElements) -> XPath set to field: //input[@id='description']
14:38:59,324 INFO  [BrowserSelenium] (initElements) -> ID set to field: 
14:38:59,324 INFO  [BrowserSelenium] (initElements) -> Name set to field: 
14:38:59,324 INFO  [BrowserSelenium] (initElements) -> CSS set to field: 
14:38:59,324 INFO  [BrowserSelenium] (initElements) -> XPath set to field: //span[text()='Save Changes']
14:38:59,324 INFO  [BrowserSelenium] (initElements) -> ID set to field: 
14:38:59,324 INFO  [BrowserSelenium] (initElements) -> Name set to field: 
14:38:59,324 INFO  [BrowserSelenium] (initElements) -> CSS set to field: 
14:38:59,324 INFO  [BrowserSelenium] (initElements) -> XPath set to field: //label[text()='Included Quantity']/../div/input[2]
14:38:59,325 INFO  [BrowserSelenium] (initElements) -> ID set to field: 
14:38:59,325 INFO  [BrowserSelenium] (initElements) -> Name set to field: 
14:38:59,325 INFO  [BrowserSelenium] (initElements) -> CSS set to field: 
14:38:59,325 INFO  [BrowserSelenium] (initElements) -> XPath set to field: //span[text()='Dependencies']
14:38:59,325 INFO  [BrowserSelenium] (initElements) -> ID set to field: 
14:38:59,325 INFO  [BrowserSelenium] (initElements) -> Name set to field: 
14:38:59,325 INFO  [BrowserSelenium] (initElements) -> CSS set to field: 
14:38:59,325 INFO  [BrowserSelenium] (initElements) -> XPath set to field: //select[@id='product.dependencyItemTypes']
14:38:59,325 INFO  [BrowserSelenium] (initElements) -> ID set to field: 
14:38:59,326 INFO  [BrowserSelenium] (initElements) -> Name set to field: 
14:38:59,326 INFO  [BrowserSelenium] (initElements) -> CSS set to field: 
14:38:59,326 INFO  [BrowserSelenium] (initElements) -> XPath set to field: //select[@id='product.dependencyItems']
14:38:59,326 INFO  [BrowserSelenium] (initElements) -> ID set to field: 
14:38:59,326 INFO  [BrowserSelenium] (initElements) -> Name set to field: 
14:38:59,326 INFO  [BrowserSelenium] (initElements) -> CSS set to field: 
14:38:59,326 INFO  [BrowserSelenium] (initElements) -> XPath set to field: //img[@alt='Add']
14:38:59,326 INFO  [BrowserSelenium] (initElements) -> ID set to field: 
14:38:59,326 INFO  [BrowserSelenium] (initElements) -> Name set to field: 
14:38:59,326 INFO  [BrowserSelenium] (initElements) -> CSS set to field: 
14:38:59,327 INFO  [BrowserSelenium] (initElements) -> XPath set to field: //table[@id='users']/tbody/tr/td/a/strong
14:38:59,327 INFO  [BrowserSelenium] (initElements) -> ID set to field: 
14:38:59,327 INFO  [BrowserSelenium] (initElements) -> Name set to field: 
14:38:59,327 INFO  [BrowserSelenium] (initElements) -> CSS set to field: 
14:38:59,327 INFO  [BrowserSelenium] (initElements) -> XPath set to field: //table[@id='categories']
14:38:59,327 INFO  [BrowserSelenium] (initElements) -> ID set to field: 
14:38:59,327 INFO  [BrowserSelenium] (initElements) -> Name set to field: 
14:38:59,327 INFO  [BrowserSelenium] (initElements) -> CSS set to field: 
14:38:59,328 INFO  [BrowserSelenium] (initElements) -> XPath set to field: //table[@id='products']
14:38:59,328 INFO  [BrowserSelenium] (initElements) -> ID set to field: 
14:38:59,328 INFO  [BrowserSelenium] (initElements) -> Name set to field: 
14:38:59,328 INFO  [BrowserSelenium] (initElements) -> CSS set to field: 
14:38:59,328 INFO  [BrowserSelenium] (initElements) -> XPath set to field: //table[@id='categories']/tbody/tr/td/a/strong
14:38:59,328 INFO  [BrowserSelenium] (initElements) -> ID set to field: 
14:38:59,329 INFO  [BrowserSelenium] (initElements) -> Name set to field: 
14:38:59,329 INFO  [BrowserSelenium] (initElements) -> CSS set to field: 
14:38:59,329 INFO  [BrowserSelenium] (initElements) -> XPath set to field: //table[@id='products']/tbody/tr/td/a/strong
14:38:59,329 INFO  [BrowserSelenium] (initElements) -> ID set to field: 
14:38:59,330 INFO  [BrowserSelenium] (initElements) -> Name set to field: 
14:38:59,330 INFO  [BrowserSelenium] (initElements) -> CSS set to field: 
14:38:59,330 INFO  [BrowserSelenium] (initElements) -> XPath set to field: 
14:38:59,330 INFO  [BrowserSelenium] (initElements) -> ID set to field: 
14:38:59,330 INFO  [BrowserSelenium] (initElements) -> Name set to field: 
14:38:59,331 INFO  [BrowserSelenium] (initElements) -> CSS set to field: 
14:38:59,331 INFO  [BrowserSelenium] (initElements) -> XPath set to field: 
14:38:59,331 INFO  [BrowserSelenium] (initElements) -> ID set to field: 
14:38:59,332 INFO  [BrowserSelenium] (initElements) -> Name set to field: 
14:38:59,332 INFO  [BrowserSelenium] (initElements) -> CSS set to field: 
14:38:59,332 INFO  [BrowserSelenium] (initElements) -> XPath set to field: //span[text()='Delete']
14:38:59,332 INFO  [BrowserSelenium] (initElements) -> ID set to field: 
14:38:59,332 INFO  [BrowserSelenium] (initElements) -> Name set to field: 
14:38:59,332 INFO  [BrowserSelenium] (initElements) -> CSS set to field: 
14:38:59,333 INFO  [BrowserSelenium] (initElements) -> XPath set to field: //button/span[text()='Yes']
14:38:59,333 INFO  [BrowserSelenium] (initElements) -> ID set to field: 
14:38:59,333 INFO  [BrowserSelenium] (initElements) -> Name set to field: 
14:38:59,333 INFO  [BrowserSelenium] (initElements) -> CSS set to field: 
14:38:59,334 INFO  [BrowserSelenium] (initElements) -> XPath set to field: //span[contains(text(),'Add Category')]
14:38:59,334 INFO  [BrowserSelenium] (initElements) -> ID set to field: 
14:38:59,334 INFO  [BrowserSelenium] (initElements) -> Name set to field: 
14:38:59,335 INFO  [BrowserSelenium] (initElements) -> CSS set to field: 
14:38:59,335 INFO  [BrowserSelenium] (initElements) -> XPath set to field: 
14:38:59,335 INFO  [BrowserSelenium] (initElements) -> ID set to field: 
14:38:59,335 INFO  [BrowserSelenium] (initElements) -> Name set to field: 
14:38:59,335 INFO  [BrowserSelenium] (initElements) -> CSS set to field: 
14:38:59,335 INFO  [BrowserSelenium] (initElements) -> XPath set to field: 
14:38:59,335 INFO  [BrowserSelenium] (initElements) -> ID set to field: 
14:38:59,335 INFO  [BrowserSelenium] (initElements) -> Name set to field: 
14:38:59,336 INFO  [BrowserSelenium] (initElements) -> CSS set to field: 
14:38:59,336 INFO  [BrowserSelenium] (initElements) -> XPath set to field: 
14:38:59,336 INFO  [BrowserSelenium] (initElements) -> ID set to field: 
14:38:59,336 INFO  [BrowserSelenium] (initElements) -> Name set to field: 
14:38:59,336 INFO  [BrowserSelenium] (initElements) -> CSS set to field: 
14:38:59,336 INFO  [BrowserSelenium] (initElements) -> XPath set to field: 
14:38:59,336 INFO  [BrowserSelenium] (initElements) -> ID set to field: 
14:38:59,336 INFO  [BrowserSelenium] (initElements) -> Name set to field: 
14:38:59,336 INFO  [BrowserSelenium] (initElements) -> CSS set to field: 
14:38:59,337 INFO  [BrowserSelenium] (initElements) -> XPath set to field: //div[@id='breadcrumbs']
14:38:59,337 INFO  [BrowserSelenium] (initElements) -> ID set to field: global-checkbox
14:38:59,337 INFO  [BrowserSelenium] (initElements) -> Name set to field: 
14:38:59,337 INFO  [BrowserSelenium] (initElements) -> CSS set to field: 
14:38:59,337 INFO  [BrowserSelenium] (initElements) -> XPath set to field: 
14:38:59,337 INFO  [BrowserSelenium] (initElements) -> ID set to field: allowAssetManagement
14:38:59,337 INFO  [BrowserSelenium] (initElements) -> Name set to field: 
14:38:59,337 INFO  [BrowserSelenium] (initElements) -> CSS set to field: 
14:38:59,338 INFO  [BrowserSelenium] (initElements) -> XPath set to field: 
14:38:59,338 INFO  [BrowserSelenium] (initElements) -> ID set to field: lastStatusAvailable
14:38:59,338 INFO  [BrowserSelenium] (initElements) -> Name set to field: 
14:38:59,338 INFO  [BrowserSelenium] (initElements) -> CSS set to field: 
14:38:59,338 INFO  [BrowserSelenium] (initElements) -> XPath set to field: 
14:38:59,338 INFO  [BrowserSelenium] (initElements) -> ID set to field: 
14:38:59,338 INFO  [BrowserSelenium] (initElements) -> Name set to field: 
14:38:59,338 INFO  [BrowserSelenium] (initElements) -> CSS set to field: 
14:38:59,338 INFO  [BrowserSelenium] (initElements) -> XPath set to field: //*[@id='lastStatus']/td[5]/a/img
14:38:59,339 INFO  [BrowserSelenium] (initElements) -> ID set to field: lastStatusOrderSaved
14:38:59,339 INFO  [BrowserSelenium] (initElements) -> Name set to field: 
14:38:59,339 INFO  [BrowserSelenium] (initElements) -> CSS set to field: 
14:38:59,339 INFO  [BrowserSelenium] (initElements) -> XPath set to field: 
14:38:59,339 INFO  [BrowserSelenium] (initElements) -> ID set to field: description
14:38:59,339 INFO  [BrowserSelenium] (initElements) -> Name set to field: 
14:38:59,339 INFO  [BrowserSelenium] (initElements) -> CSS set to field: 
14:38:59,339 INFO  [BrowserSelenium] (initElements) -> XPath set to field: 
14:38:59,339 INFO  [BrowserSelenium] (initElements) -> ID set to field: 
14:38:59,340 INFO  [BrowserSelenium] (initElements) -> Name set to field: 
14:38:59,340 INFO  [BrowserSelenium] (initElements) -> CSS set to field: 
14:38:59,340 INFO  [BrowserSelenium] (initElements) -> XPath set to field: //span[contains(text(), 'Save Changes')]
14:38:59,340 INFO  [BrowserSelenium] (initElements) -> ID set to field: lastStatusDefault
14:38:59,340 INFO  [BrowserSelenium] (initElements) -> Name set to field: 
14:38:59,340 INFO  [BrowserSelenium] (initElements) -> CSS set to field: 
14:38:59,340 INFO  [BrowserSelenium] (initElements) -> XPath set to field: 
14:38:59,340 INFO  [BrowserSelenium] (initElements) -> ID set to field: 
14:38:59,340 INFO  [BrowserSelenium] (initElements) -> Name set to field: 
14:38:59,340 INFO  [BrowserSelenium] (initElements) -> CSS set to field: 
14:38:59,341 INFO  [BrowserSelenium] (initElements) -> XPath set to field: //span[contains(text(),'Add Product')]
14:38:59,341 INFO  [BrowserSelenium] (initElements) -> ID set to field: 
14:38:59,341 INFO  [BrowserSelenium] (initElements) -> Name set to field: 
14:38:59,341 INFO  [BrowserSelenium] (initElements) -> CSS set to field: 
14:38:59,341 INFO  [BrowserSelenium] (initElements) -> XPath set to field: //*[@id='addDescription']/div/a/img
14:38:59,341 INFO  [BrowserSelenium] (initElements) -> ID set to field: product.descriptions[1].content
14:38:59,341 INFO  [BrowserSelenium] (initElements) -> Name set to field: 
14:38:59,341 INFO  [BrowserSelenium] (initElements) -> CSS set to field: 
14:38:59,341 INFO  [BrowserSelenium] (initElements) -> XPath set to field: 
14:38:59,342 INFO  [BrowserSelenium] (initElements) -> ID set to field: product.number
14:38:59,342 INFO  [BrowserSelenium] (initElements) -> Name set to field: 
14:38:59,342 INFO  [BrowserSelenium] (initElements) -> CSS set to field: 
14:38:59,342 INFO  [BrowserSelenium] (initElements) -> XPath set to field: 
14:38:59,342 INFO  [BrowserSelenium] (initElements) -> ID set to field: newDescriptionLanguage
14:38:59,342 INFO  [BrowserSelenium] (initElements) -> Name set to field: 
14:38:59,342 INFO  [BrowserSelenium] (initElements) -> CSS set to field: 
14:38:59,342 INFO  [BrowserSelenium] (initElements) -> XPath set to field: 
14:38:59,342 INFO  [BrowserSelenium] (initElements) -> ID set to field: 
14:38:59,343 INFO  [BrowserSelenium] (initElements) -> Name set to field: 
14:38:59,343 INFO  [BrowserSelenium] (initElements) -> CSS set to field: 
14:38:59,343 INFO  [BrowserSelenium] (initElements) -> XPath set to field: //input[@id='assetManagementEnabled']
14:38:59,343 INFO  [BrowserSelenium] (initElements) -> ID set to field: model.0.type
14:38:59,343 INFO  [BrowserSelenium] (initElements) -> Name set to field: 
14:38:59,343 INFO  [BrowserSelenium] (initElements) -> CSS set to field: 
14:38:59,343 INFO  [BrowserSelenium] (initElements) -> XPath set to field: 
14:38:59,343 INFO  [BrowserSelenium] (initElements) -> ID set to field: model.0.rateAsDecimal
14:38:59,343 INFO  [BrowserSelenium] (initElements) -> Name set to field: 
14:38:59,344 INFO  [BrowserSelenium] (initElements) -> CSS set to field: 
14:38:59,344 INFO  [BrowserSelenium] (initElements) -> XPath set to field: 
14:38:59,344 INFO  [BrowserSelenium] (initElements) -> ID set to field: product.priceModelCompanyId
14:38:59,344 INFO  [BrowserSelenium] (initElements) -> Name set to field: 
14:38:59,344 INFO  [BrowserSelenium] (initElements) -> CSS set to field: 
14:38:59,344 INFO  [BrowserSelenium] (initElements) -> XPath set to field: 
14:38:59,345 INFO  [BrowserSelenium] (initElements) -> ID set to field: 
14:38:59,345 INFO  [BrowserSelenium] (initElements) -> Name set to field: 
14:38:59,345 INFO  [BrowserSelenium] (initElements) -> CSS set to field: 
14:38:59,345 INFO  [BrowserSelenium] (initElements) -> XPath set to field: //span[contains(text(),'Add Asset')]
14:38:59,345 INFO  [BrowserSelenium] (initElements) -> ID set to field: 
14:38:59,345 INFO  [BrowserSelenium] (initElements) -> Name set to field: 
14:38:59,346 INFO  [BrowserSelenium] (initElements) -> CSS set to field: 
14:38:59,346 INFO  [BrowserSelenium] (initElements) -> XPath set to field: //span[contains(text(),'Add New')]
14:38:59,346 INFO  [BrowserSelenium] (initElements) -> ID set to field: 
14:38:59,346 INFO  [BrowserSelenium] (initElements) -> Name set to field: 
14:38:59,347 INFO  [BrowserSelenium] (initElements) -> CSS set to field: 
14:38:59,347 INFO  [BrowserSelenium] (initElements) -> XPath set to field: //th[text()='Name']/following::tbody/tr[1]/td/input[@type='text']
14:38:59,347 INFO  [BrowserSelenium] (initElements) -> ID set to field: 
14:38:59,347 INFO  [BrowserSelenium] (initElements) -> Name set to field: 
14:38:59,348 INFO  [BrowserSelenium] (initElements) -> CSS set to field: 
14:38:59,348 INFO  [BrowserSelenium] (initElements) -> XPath set to field: //th[text()='Name']/following::tbody/tr[contains(@id,'lastStatus')]//td//input[@type='text']
14:38:59,348 INFO  [BrowserSelenium] (initElements) -> ID set to field: 
14:38:59,348 INFO  [BrowserSelenium] (initElements) -> Name set to field: 
14:38:59,349 INFO  [BrowserSelenium] (initElements) -> CSS set to field: 
14:38:59,349 INFO  [BrowserSelenium] (initElements) -> XPath set to field: //table[@id='categories']//tbody//tr//td
14:38:59,349 INFO  [BrowserSelenium] (initElements) -> ID set to field: 
14:38:59,349 INFO  [BrowserSelenium] (initElements) -> Name set to field: 
14:38:59,349 INFO  [BrowserSelenium] (initElements) -> CSS set to field: 
14:38:59,349 INFO  [BrowserSelenium] (initElements) -> XPath set to field: //table[@id='products']//tbody//tr//td
14:38:59,350 INFO  [BrowserSelenium] (initElements) -> ID set to field: 
14:38:59,350 INFO  [BrowserSelenium] (initElements) -> Name set to field: 
14:38:59,351 INFO  [BrowserSelenium] (initElements) -> CSS set to field: 
14:38:59,351 INFO  [BrowserSelenium] (initElements) -> XPath set to field: //table[@id='users']//tbody//tr//td
14:38:59,351 INFO  [BrowserSelenium] (initElements) -> ID set to field: product.dependencyMin
14:38:59,351 INFO  [BrowserSelenium] (initElements) -> Name set to field: 
14:38:59,351 INFO  [BrowserSelenium] (initElements) -> CSS set to field: 
14:38:59,352 INFO  [BrowserSelenium] (initElements) -> XPath set to field: 
14:38:59,352 INFO  [BrowserSelenium] (initElements) -> ID set to field: product.dependencyMax
14:38:59,352 INFO  [BrowserSelenium] (initElements) -> Name set to field: 
14:38:59,352 INFO  [BrowserSelenium] (initElements) -> CSS set to field: 
14:38:59,352 INFO  [BrowserSelenium] (initElements) -> XPath set to field: 
14:38:59,352 INFO  [BrowserSelenium] (initElements) -> ID set to field: 
14:38:59,352 INFO  [BrowserSelenium] (initElements) -> Name set to field: 
14:38:59,352 INFO  [BrowserSelenium] (initElements) -> CSS set to field: 
14:38:59,352 INFO  [BrowserSelenium] (initElements) -> XPath set to field: //table[@id='categories']/tbody//td/a/strong
14:38:59,353 INFO  [BrowserSelenium] (initElements) -> ID set to field: 
14:38:59,353 INFO  [BrowserSelenium] (initElements) -> Name set to field: 
14:38:59,353 INFO  [BrowserSelenium] (initElements) -> CSS set to field: 
14:38:59,353 INFO  [BrowserSelenium] (initElements) -> XPath set to field: //table[@id='products']/tbody//td/a/strong
14:38:59,353 INFO  [BrowserSelenium] (initElements) -> ID set to field: 
14:38:59,353 INFO  [BrowserSelenium] (initElements) -> Name set to field: 
14:38:59,354 INFO  [BrowserSelenium] (initElements) -> CSS set to field: 
14:38:59,354 INFO  [BrowserSelenium] (initElements) -> XPath set to field: //div[@class='form-columns']/div/div/span
14:38:59,354 INFO  [BrowserSelenium] (initElements) -> ID set to field: 
14:38:59,354 INFO  [BrowserSelenium] (initElements) -> Name set to field: 
14:38:59,354 INFO  [BrowserSelenium] (initElements) -> CSS set to field: 
14:38:59,354 INFO  [BrowserSelenium] (initElements) -> XPath set to field: //div[@class='form-columns']/div/div/span
14:38:59,355 INFO  [BrowserSelenium] (initElements) -> ID set to field: 
14:38:59,355 INFO  [BrowserSelenium] (initElements) -> Name set to field: 
14:38:59,355 INFO  [BrowserSelenium] (initElements) -> CSS set to field: 
14:38:59,355 INFO  [BrowserSelenium] (initElements) -> XPath set to field: //div[@class = 'buttons']//span[text()='Save Changes']
14:38:59,355 INFO  [BrowserSelenium] (initElements) -> ID set to field: 
14:38:59,355 INFO  [BrowserSelenium] (initElements) -> Name set to field: 
14:38:59,355 INFO  [BrowserSelenium] (initElements) -> CSS set to field: 
14:38:59,356 INFO  [BrowserSelenium] (initElements) -> XPath set to field: //span[text()='Dependencies']/parent::div[@class = 'box-cards-title']/following-sibling::div[@class = 'box-card-hold']/div/table[@class = 'dataTable']
14:38:59,356 INFO  [BrowserSelenium] (initElements) -> ID set to field: 
14:38:59,356 INFO  [BrowserSelenium] (initElements) -> Name set to field: 
14:38:59,356 INFO  [BrowserSelenium] (initElements) -> CSS set to field: 
14:38:59,356 INFO  [BrowserSelenium] (initElements) -> XPath set to field: //input[contains(@data-customtooltip,'The cap on the maximum amount on the total')]
14:38:59,356 INFO  [BrowserSelenium] (initElements) -> ID set to field: assetIdentifierLabel
14:38:59,357 INFO  [BrowserSelenium] (initElements) -> Name set to field: 
14:38:59,357 INFO  [BrowserSelenium] (initElements) -> CSS set to field: 
14:38:59,357 INFO  [BrowserSelenium] (initElements) -> XPath set to field: 
14:38:59,357 INFO  [BrowserSelenium] (initElements) -> ID set to field: 
14:38:59,357 INFO  [BrowserSelenium] (initElements) -> Name set to field: 
14:38:59,357 INFO  [BrowserSelenium] (initElements) -> CSS set to field: 
14:38:59,358 INFO  [BrowserSelenium] (initElements) -> XPath set to field: //div[@class='field-name']//label//span/following::div
14:38:59,358 INFO  [BrowserSelenium] (initElements) -> ID set to field: mandatoryCheck
14:38:59,358 INFO  [BrowserSelenium] (initElements) -> Name set to field: 
14:38:59,358 INFO  [BrowserSelenium] (initElements) -> CSS set to field: 
14:38:59,358 INFO  [BrowserSelenium] (initElements) -> XPath set to field: 
14:38:59,358 INFO  [BrowserSelenium] (initElements) -> ID set to field: 
14:38:59,358 INFO  [BrowserSelenium] (initElements) -> Name set to field: 
14:38:59,359 INFO  [BrowserSelenium] (initElements) -> CSS set to field: 
14:38:59,359 INFO  [BrowserSelenium] (initElements) -> XPath set to field: //label[text()='Import Meta Field']/following::select/option
14:38:59,359 INFO  [BrowserSelenium] (initElements) -> ID set to field: 
14:38:59,359 INFO  [BrowserSelenium] (initElements) -> Name set to field: 
14:38:59,359 INFO  [BrowserSelenium] (initElements) -> CSS set to field: 
14:38:59,359 INFO  [BrowserSelenium] (initElements) -> XPath set to field: //label[text()='Default value']/following::div/input
14:38:59,360 INFO  [BrowserSelenium] (initElements) -> ID set to field: 
14:38:59,360 INFO  [BrowserSelenium] (initElements) -> Name set to field: 
14:38:59,360 INFO  [BrowserSelenium] (initElements) -> CSS set to field: 
14:38:59,360 INFO  [BrowserSelenium] (initElements) -> XPath set to field: //input[contains(@data-customtooltip,'If mediation is used this field is required.')]
14:38:59,360 INFO  [BrowserSelenium] (initElements) -> ID set to field: 
14:38:59,360 INFO  [BrowserSelenium] (initElements) -> Name set to field: 
14:38:59,360 INFO  [BrowserSelenium] (initElements) -> CSS set to field: 
14:38:59,361 INFO  [BrowserSelenium] (initElements) -> XPath set to field: //input[@data-customtooltip='This represents midnight (the beginning of a day)']
14:38:59,361 INFO  [BrowserSelenium] (initElements) -> ID set to field: 
14:38:59,361 INFO  [BrowserSelenium] (initElements) -> Name set to field: 
14:38:59,361 INFO  [BrowserSelenium] (initElements) -> CSS set to field: 
14:38:59,361 INFO  [BrowserSelenium] (initElements) -> XPath set to field: //input[@id='model.0.attribute.1.value']
14:38:59,361 INFO  [BrowserSelenium] (initElements) -> ID set to field: 
14:38:59,362 INFO  [BrowserSelenium] (initElements) -> Name set to field: 
14:38:59,362 INFO  [BrowserSelenium] (initElements) -> CSS set to field: 
14:38:59,362 INFO  [BrowserSelenium] (initElements) -> XPath set to field: //input[contains(@data-customtooltip,'This represents the range starting value')]
14:38:59,362 INFO  [BrowserSelenium] (initElements) -> ID set to field: 
14:38:59,363 INFO  [BrowserSelenium] (initElements) -> Name set to field: 
14:38:59,363 INFO  [BrowserSelenium] (initElements) -> CSS set to field: 
14:38:59,363 INFO  [BrowserSelenium] (initElements) -> XPath set to field: //input[@data-customtooltip='This is the rate for the range starting from this value(inclusive)']
14:38:59,363 INFO  [BrowserSelenium] (initElements) -> ID set to field: 
14:38:59,364 INFO  [BrowserSelenium] (initElements) -> Name set to field: 
14:38:59,364 INFO  [BrowserSelenium] (initElements) -> CSS set to field: 
14:38:59,364 INFO  [BrowserSelenium] (initElements) -> XPath set to field: //a[@onclick ='addModelAttribute(this, 0, 2)']
14:38:59,364 INFO  [BrowserSelenium] (initElements) -> ID set to field: 
14:38:59,365 INFO  [BrowserSelenium] (initElements) -> Name set to field: 
14:38:59,365 INFO  [BrowserSelenium] (initElements) -> CSS set to field: 
14:38:59,365 INFO  [BrowserSelenium] (initElements) -> XPath set to field:  //input[@name='model.0.attribute.3.name']
14:38:59,365 INFO  [BrowserSelenium] (initElements) -> ID set to field: 
14:38:59,365 INFO  [BrowserSelenium] (initElements) -> Name set to field: 
14:38:59,366 INFO  [BrowserSelenium] (initElements) -> CSS set to field: 
14:38:59,366 INFO  [BrowserSelenium] (initElements) -> XPath set to field: //input[contains(@name,'model.0.attribute.3.value')]
14:38:59,366 INFO  [BrowserSelenium] (initElements) -> ID set to field: 
14:38:59,367 INFO  [BrowserSelenium] (initElements) -> Name set to field: 
14:38:59,367 INFO  [BrowserSelenium] (initElements) -> CSS set to field: 
14:38:59,367 INFO  [BrowserSelenium] (initElements) -> XPath set to field: //a[@onclick ='addModelAttribute(this, 0, 3)']
14:38:59,367 INFO  [BrowserSelenium] (initElements) -> ID set to field: 
14:38:59,367 INFO  [BrowserSelenium] (initElements) -> Name set to field: 
14:38:59,368 INFO  [BrowserSelenium] (initElements) -> CSS set to field: 
14:38:59,368 INFO  [BrowserSelenium] (initElements) -> XPath set to field:  //input[@name='model.0.attribute.4.name']
14:38:59,368 INFO  [BrowserSelenium] (initElements) -> ID set to field: 
14:38:59,368 INFO  [BrowserSelenium] (initElements) -> Name set to field: 
14:38:59,368 INFO  [BrowserSelenium] (initElements) -> CSS set to field: 
14:38:59,368 INFO  [BrowserSelenium] (initElements) -> XPath set to field: //input[contains(@name,'model.0.attribute.4.value')]
14:38:59,369 INFO  [BrowserSelenium] (initElements) -> ID set to field: 
14:38:59,369 INFO  [BrowserSelenium] (initElements) -> Name set to field: 
14:38:59,369 INFO  [BrowserSelenium] (initElements) -> CSS set to field: 
14:38:59,369 INFO  [BrowserSelenium] (initElements) -> XPath set to field: //input[contains(@data-customtooltip,'Number of pulled products to be purchased, to be able to get this product as a bonus')]
14:38:59,369 INFO  [BrowserSelenium] (initElements) -> ID set to field: 
14:38:59,369 INFO  [BrowserSelenium] (initElements) -> Name set to field: 
14:38:59,370 INFO  [BrowserSelenium] (initElements) -> CSS set to field: 
14:38:59,370 INFO  [BrowserSelenium] (initElements) -> XPath set to field: //select[contains(@name,'model.0.attribute.1.value')]
14:38:59,370 INFO  [BrowserSelenium] (initElements) -> ID set to field: 
14:38:59,370 INFO  [BrowserSelenium] (initElements) -> Name set to field: 
14:38:59,370 INFO  [BrowserSelenium] (initElements) -> CSS set to field: 
14:38:59,370 INFO  [BrowserSelenium] (initElements) -> XPath set to field: //input[contains(@data-customtooltip,'The calculation to determine the percentage is Selection Category/Category Percent x 100')]
14:38:59,370 INFO  [BrowserSelenium] (initElements) -> ID set to field: 
14:38:59,371 INFO  [BrowserSelenium] (initElements) -> Name set to field: 
14:38:59,371 INFO  [BrowserSelenium] (initElements) -> CSS set to field: 
14:38:59,371 INFO  [BrowserSelenium] (initElements) -> XPath set to field: //input[@data-customtooltip='Pair range between percentage calculated and the ID the product added, starting from 0 percent']
14:38:59,371 INFO  [BrowserSelenium] (initElements) -> ID set to field: 
14:38:59,371 INFO  [BrowserSelenium] (initElements) -> Name set to field: 
14:38:59,371 INFO  [BrowserSelenium] (initElements) -> CSS set to field: 
14:38:59,371 INFO  [BrowserSelenium] (initElements) -> XPath set to field: //input[contains(@data-customtooltip,'Pair range between quantity of products in selected category and the ID the product added, starting from 1')]
14:38:59,371 INFO  [BrowserSelenium] (initElements) -> ID set to field: 
14:38:59,372 INFO  [BrowserSelenium] (initElements) -> Name set to field: 
14:38:59,372 INFO  [BrowserSelenium] (initElements) -> CSS set to field: 
14:38:59,372 INFO  [BrowserSelenium] (initElements) -> XPath set to field: //input[@name='model.0.attribute.1.name']
14:38:59,372 INFO  [BrowserSelenium] (initElements) -> ID set to field: 
14:38:59,372 INFO  [BrowserSelenium] (initElements) -> Name set to field: 
14:38:59,372 INFO  [BrowserSelenium] (initElements) -> CSS set to field: 
14:38:59,373 INFO  [BrowserSelenium] (initElements) -> XPath set to field: //input[@name='model.0.attribute.1.value']
14:38:59,373 INFO  [BrowserSelenium] (initElements) -> ID set to field: 
14:38:59,373 INFO  [BrowserSelenium] (initElements) -> Name set to field: 
14:38:59,373 INFO  [BrowserSelenium] (initElements) -> CSS set to field: 
14:38:59,373 INFO  [BrowserSelenium] (initElements) -> XPath set to field: //span[contains(.,'Add Chain')]
14:38:59,373 INFO  [BrowserSelenium] (initElements) -> ID set to field: 
14:38:59,374 INFO  [BrowserSelenium] (initElements) -> Name set to field: 
14:38:59,374 INFO  [BrowserSelenium] (initElements) -> CSS set to field: 
14:38:59,374 INFO  [BrowserSelenium] (initElements) -> XPath set to field: //input[contains(@data-customtooltip,'The rate of the product after the included quantity')]
14:38:59,374 INFO  [BrowserSelenium] (initElements) -> ID set to field: 
14:38:59,374 INFO  [BrowserSelenium] (initElements) -> Name set to field: 
14:38:59,374 INFO  [BrowserSelenium] (initElements) -> CSS set to field: 
14:38:59,375 INFO  [BrowserSelenium] (initElements) -> XPath set to field: //input[contains(@data-customtooltip,'Number of included products for free')]
14:38:59,375 INFO  [BrowserSelenium] (initElements) -> ID set to field: 
14:38:59,375 INFO  [BrowserSelenium] (initElements) -> Name set to field: 
14:38:59,375 INFO  [BrowserSelenium] (initElements) -> CSS set to field: 
14:38:59,375 INFO  [BrowserSelenium] (initElements) -> XPath set to field: //table[@id='categories']/tbody//strong[contains(text(),'Test category')]
14:38:59,375 INFO  [BrowserSelenium] (initElements) -> ID set to field: 
14:38:59,375 INFO  [BrowserSelenium] (initElements) -> Name set to field: 
14:38:59,376 INFO  [BrowserSelenium] (initElements) -> CSS set to field: 
14:38:59,376 INFO  [BrowserSelenium] (initElements) -> XPath set to field: //strong[text()='Lemonade']
14:38:59,376 INFO  [BrowserSelenium] (initElements) -> ID set to field: 
14:38:59,376 INFO  [BrowserSelenium] (initElements) -> Name set to field: 
14:38:59,376 INFO  [BrowserSelenium] (initElements) -> CSS set to field: 
14:38:59,376 INFO  [BrowserSelenium] (initElements) -> XPath set to field: 	//strong[text()='Coffee']
14:38:59,377 INFO  [BrowserSelenium] (initElements) -> ID set to field: 
14:38:59,377 INFO  [BrowserSelenium] (initElements) -> Name set to field: 
14:38:59,377 INFO  [BrowserSelenium] (initElements) -> CSS set to field: 
14:38:59,377 INFO  [BrowserSelenium] (initElements) -> XPath set to field: //*[@id='product.dependencyItems']/option[2]
14:38:59,377 INFO  [BrowserSelenium] (initElements) -> ID set to field: 
14:38:59,377 INFO  [BrowserSelenium] (initElements) -> Name set to field: 
14:38:59,378 INFO  [BrowserSelenium] (initElements) -> CSS set to field: 
14:38:59,378 INFO  [BrowserSelenium] (initElements) -> XPath set to field: //*[@id='save-product-form']/fieldset/div[7]/ul/li[1]/a
14:38:59,378 INFO  [BrowserSelenium] (initElements) -> ID set to field: 
14:38:59,378 INFO  [BrowserSelenium] (initElements) -> Name set to field: 
14:38:59,378 INFO  [BrowserSelenium] (initElements) -> CSS set to field: 
14:38:59,378 INFO  [BrowserSelenium] (initElements) -> XPath set to field: //table[@id='categories']/tbody/tr/td/a/strong
14:38:59,379 INFO  [BrowserSelenium] (initElements) -> ID set to field: 
14:38:59,379 INFO  [BrowserSelenium] (initElements) -> Name set to field: 
14:38:59,379 INFO  [BrowserSelenium] (initElements) -> CSS set to field: 
14:38:59,379 INFO  [BrowserSelenium] (initElements) -> XPath set to field: //table[@class='innerTable']/tbody/tr/td
14:38:59,379 INFO  [BrowserSelenium] (initElements) -> ID set to field: 
14:38:59,380 INFO  [BrowserSelenium] (initElements) -> Name set to field: 
14:38:59,380 INFO  [BrowserSelenium] (initElements) -> CSS set to field: 
14:38:59,380 INFO  [BrowserSelenium] (initElements) -> XPath set to field: //table[@class='dataTable']/tbody/tr/td
14:38:59,380 INFO  [BrowserSelenium] (initElements) -> ID set to field: 
14:38:59,380 INFO  [BrowserSelenium] (initElements) -> Name set to field: 
14:38:59,381 INFO  [BrowserSelenium] (initElements) -> CSS set to field: 
14:38:59,381 INFO  [BrowserSelenium] (initElements) -> XPath set to field: //input[@id='onePerOrder']
14:38:59,381 INFO  [BrowserSelenium] (initElements) -> ID set to field: 
14:38:59,382 INFO  [BrowserSelenium] (initElements) -> Name set to field: 
14:38:59,382 INFO  [BrowserSelenium] (initElements) -> CSS set to field: 
14:38:59,382 INFO  [BrowserSelenium] (initElements) -> XPath set to field: //input[@id='onePerCustomer']
14:38:59,382 INFO  [BrowserSelenium] (initElements) -> ID set to field: 
14:38:59,382 INFO  [BrowserSelenium] (initElements) -> Name set to field: 
14:38:59,382 INFO  [BrowserSelenium] (initElements) -> CSS set to field: 
14:38:59,383 INFO  [BrowserSelenium] (initElements) -> XPath set to field: //input[@id='product.activeSince']
14:38:59,383 INFO  [BrowserSelenium] (initElements) -> ID set to field: 
14:38:59,383 INFO  [BrowserSelenium] (initElements) -> Name set to field: 
14:38:59,384 INFO  [BrowserSelenium] (initElements) -> CSS set to field: 
14:38:59,384 INFO  [BrowserSelenium] (initElements) -> XPath set to field: //input[@id='product.activeUntil']
14:38:59,384 INFO  [BrowserSelenium] EXIT --> (initElements)
14:38:59,384 INFO  [BrowserSelenium] ENTER --> (clickLinkText)
14:38:59,385 INFO  [BrowserSelenium] ENTER --> (_waitForElement) --> Waiting for element: null
14:38:59,385 INFO  [BrowserSelenium] ENTER --> (waitForElement)
14:39:00,620 INFO  [BrowserSelenium] ENTER --> (_getByLocator)
14:39:00,620 INFO  [BrowserSelenium] (_getByLocator) -> Getting locator for null
14:39:00,620 INFO  [BrowserSelenium] (_getByLocator) -> Locator info found for XPATH attribute as: //strong[contains(text(),'Generic internal events listener')]
14:39:00,621 INFO  [BrowserSelenium] ENTER --> (_parseElementOnXpath)
14:39:00,621 INFO  [BrowserSelenium] (_parseElementOnXpath) -> //strong[contains(text(),'Generic internal events listener')] is used
14:39:00,621 INFO  [BrowserSelenium] EXIT --> (_parseElementOnXpath)
14:39:00,621 INFO  [BrowserSelenium] EXIT --> (_getByLocator)
14:39:00,652 INFO  [BrowserSelenium] ENTER --> (_getByLocator)
14:39:00,652 INFO  [BrowserSelenium] (_getByLocator) -> Getting locator for null
14:39:00,653 INFO  [BrowserSelenium] (_getByLocator) -> Locator info found for XPATH attribute as: //strong[contains(text(),'Generic internal events listener')]
14:39:00,653 INFO  [BrowserSelenium] ENTER --> (_parseElementOnXpath)
14:39:00,653 INFO  [BrowserSelenium] (_parseElementOnXpath) -> //strong[contains(text(),'Generic internal events listener')] is used
14:39:00,653 INFO  [BrowserSelenium] EXIT --> (_parseElementOnXpath)
14:39:00,653 INFO  [BrowserSelenium] EXIT --> (_getByLocator)
14:39:00,693 INFO  [BrowserSelenium] (waitForElement) -> element wait eligibility found: true
14:39:00,693 INFO  [BrowserSelenium] ENTER --> (_waitForJStoLoad)
14:39:01,240 INFO  [BrowserSelenium] EXIT --> (_waitForJStoLoad) --> DOM load wait done: true
14:39:01,240 INFO  [BrowserSelenium] (waitForElement) -> element wait eligibility set: true
14:39:01,240 INFO  [BrowserSelenium] EXIT --> (waitForElement)
14:39:01,240 INFO  [BrowserSelenium] EXIT --> (_waitForElement)
14:39:01,245 INFO  [BrowserSelenium] ENTER --> (_getByLocator)
14:39:01,245 INFO  [BrowserSelenium] (_getByLocator) -> Getting locator for null
14:39:01,245 INFO  [BrowserSelenium] (_getByLocator) -> Locator info found for XPATH attribute as: //strong[contains(text(),'Generic internal events listener')]
14:39:01,246 INFO  [BrowserSelenium] ENTER --> (_parseElementOnXpath)
14:39:01,246 INFO  [BrowserSelenium] (_parseElementOnXpath) -> //strong[contains(text(),'Generic internal events listener')] is used
14:39:01,246 INFO  [BrowserSelenium] EXIT --> (_parseElementOnXpath)
14:39:01,246 INFO  [BrowserSelenium] EXIT --> (_getByLocator)
14:39:01,253 INFO  [BrowserSelenium] ENTER --> (_clickUsingJavaScript)
14:39:01,276 INFO  [BrowserSelenium] EXIT --> (_clickUsingJavaScript)
14:39:01,276 INFO  [BrowserSelenium] EXIT --> (clickLinkText)
14:39:01,277 INFO  [BrowserSelenium] ENTER --> (initElements)
14:39:01,277 INFO  [BrowserSelenium] (initElements) -> ID set to field: 
14:39:01,277 INFO  [BrowserSelenium] (initElements) -> Name set to field: 
14:39:01,277 INFO  [BrowserSelenium] (initElements) -> CSS set to field: 
14:39:01,277 INFO  [BrowserSelenium] (initElements) -> XPath set to field: //table[@id='categories']/tbody//strong[contains(text(),'New Test category')]
14:39:01,277 INFO  [BrowserSelenium] (initElements) -> ID set to field: 
14:39:01,277 INFO  [BrowserSelenium] (initElements) -> Name set to field: 
14:39:01,277 INFO  [BrowserSelenium] (initElements) -> CSS set to field: 
14:39:01,277 INFO  [BrowserSelenium] (initElements) -> XPath set to field: //table[@id='categories']/tbody//strong[contains(text(),'Asset Category 1')]
14:39:01,278 INFO  [BrowserSelenium] (initElements) -> ID set to field: 
14:39:01,278 INFO  [BrowserSelenium] (initElements) -> Name set to field: 
14:39:01,278 INFO  [BrowserSelenium] (initElements) -> CSS set to field: 
14:39:01,278 INFO  [BrowserSelenium] (initElements) -> XPath set to field: //span[text()='Add Product']
14:39:01,278 INFO  [BrowserSelenium] (initElements) -> ID set to field: 
14:39:01,278 INFO  [BrowserSelenium] (initElements) -> Name set to field: 
14:39:01,278 INFO  [BrowserSelenium] (initElements) -> CSS set to field: 
14:39:01,278 INFO  [BrowserSelenium] (initElements) -> XPath set to field: //select[@id='newDescriptionLanguage']
14:39:01,278 INFO  [BrowserSelenium] (initElements) -> ID set to field: 
14:39:01,278 INFO  [BrowserSelenium] (initElements) -> Name set to field: 
14:39:01,278 INFO  [BrowserSelenium] (initElements) -> CSS set to field: 
14:39:01,279 INFO  [BrowserSelenium] (initElements) -> XPath set to field: //a[@onclick='addNewProductDescription()']
14:39:01,279 INFO  [BrowserSelenium] (initElements) -> ID set to field: 
14:39:01,279 INFO  [BrowserSelenium] (initElements) -> Name set to field: 
14:39:01,279 INFO  [BrowserSelenium] (initElements) -> CSS set to field: 
14:39:01,279 INFO  [BrowserSelenium] (initElements) -> XPath set to field: //label[contains(text(),'English Description')]/../div/input[1]
14:39:01,279 INFO  [BrowserSelenium] (initElements) -> ID set to field: 
14:39:01,280 INFO  [BrowserSelenium] (initElements) -> Name set to field: 
14:39:01,280 INFO  [BrowserSelenium] (initElements) -> CSS set to field: 
14:39:01,280 INFO  [BrowserSelenium] (initElements) -> XPath set to field: //input[@id='product.number']
14:39:01,280 INFO  [BrowserSelenium] (initElements) -> ID set to field: 
14:39:01,280 INFO  [BrowserSelenium] (initElements) -> Name set to field: 
14:39:01,280 INFO  [BrowserSelenium] (initElements) -> CSS set to field: 
14:39:01,281 INFO  [BrowserSelenium] (initElements) -> XPath set to field: //input[@id='product.standardAvailability']
14:39:01,281 INFO  [BrowserSelenium] (initElements) -> ID set to field: 
14:39:01,281 INFO  [BrowserSelenium] (initElements) -> Name set to field: 
14:39:01,281 INFO  [BrowserSelenium] (initElements) -> CSS set to field: 
14:39:01,281 INFO  [BrowserSelenium] (initElements) -> XPath set to field: //select[@id='product.accountTypes']
14:39:01,282 INFO  [BrowserSelenium] (initElements) -> ID set to field: 
14:39:01,282 INFO  [BrowserSelenium] (initElements) -> Name set to field: 
14:39:01,282 INFO  [BrowserSelenium] (initElements) -> CSS set to field: 
14:39:01,282 INFO  [BrowserSelenium] (initElements) -> XPath set to field: //select[@class='model-type toolTipElement']
14:39:01,283 INFO  [BrowserSelenium] (initElements) -> ID set to field: 
14:39:01,283 INFO  [BrowserSelenium] (initElements) -> Name set to field: 
14:39:01,283 INFO  [BrowserSelenium] (initElements) -> CSS set to field: 
14:39:01,283 INFO  [BrowserSelenium] (initElements) -> XPath set to field: //input[@id='model.0.rateAsDecimal']
14:39:01,284 INFO  [BrowserSelenium] (initElements) -> ID set to field: 
14:39:01,284 INFO  [BrowserSelenium] (initElements) -> Name set to field: 
14:39:01,284 INFO  [BrowserSelenium] (initElements) -> CSS set to field: 
14:39:01,284 INFO  [BrowserSelenium] (initElements) -> XPath set to field: //select[@id='model.0.currencyId']
14:39:01,284 INFO  [BrowserSelenium] (initElements) -> ID set to field: 
14:39:01,284 INFO  [BrowserSelenium] (initElements) -> Name set to field: 
14:39:01,285 INFO  [BrowserSelenium] (initElements) -> CSS set to field: 
14:39:01,285 INFO  [BrowserSelenium] (initElements) -> XPath set to field: //span[text()='Save Changes']
14:39:01,285 INFO  [BrowserSelenium] (initElements) -> ID set to field: 
14:39:01,285 INFO  [BrowserSelenium] (initElements) -> Name set to field: 
14:39:01,285 INFO  [BrowserSelenium] (initElements) -> CSS set to field: 
14:39:01,285 INFO  [BrowserSelenium] (initElements) -> XPath set to field: //span[text()='Cancel']
14:39:01,286 INFO  [BrowserSelenium] (initElements) -> ID set to field: 
14:39:01,286 INFO  [BrowserSelenium] (initElements) -> Name set to field: 
14:39:01,286 INFO  [BrowserSelenium] (initElements) -> CSS set to field: 
14:39:01,286 INFO  [BrowserSelenium] (initElements) -> XPath set to field: //table[@id='products']/tbody//strong[contains(text(),'Test Code Description')]
14:39:01,286 INFO  [BrowserSelenium] (initElements) -> ID set to field: 
14:39:01,286 INFO  [BrowserSelenium] (initElements) -> Name set to field: 
14:39:01,286 INFO  [BrowserSelenium] (initElements) -> CSS set to field: 
14:39:01,286 INFO  [BrowserSelenium] (initElements) -> XPath set to field: //a[@class='submit edit']
14:39:01,287 INFO  [BrowserSelenium] (initElements) -> ID set to field: 
14:39:01,287 INFO  [BrowserSelenium] (initElements) -> Name set to field: 
14:39:01,287 INFO  [BrowserSelenium] (initElements) -> CSS set to field: 
14:39:01,287 INFO  [BrowserSelenium] (initElements) -> XPath set to field: //input[@id='product.standardPartnerPercentageAsDecimal']
14:39:01,287 INFO  [BrowserSelenium] (initElements) -> ID set to field: 
14:39:01,287 INFO  [BrowserSelenium] (initElements) -> Name set to field: 
14:39:01,287 INFO  [BrowserSelenium] (initElements) -> CSS set to field: 
14:39:01,287 INFO  [BrowserSelenium] (initElements) -> XPath set to field: //input[@id='product.masterPartnerPercentageAsDecimal']
14:39:01,288 INFO  [BrowserSelenium] (initElements) -> ID set to field: 
14:39:01,288 INFO  [BrowserSelenium] (initElements) -> Name set to field: 
14:39:01,288 INFO  [BrowserSelenium] (initElements) -> CSS set to field: 
14:39:01,288 INFO  [BrowserSelenium] (initElements) -> XPath set to field: //input[@id='plg-parm-provisionable_order_change_status_id']
14:39:01,288 INFO  [BrowserSelenium] (initElements) -> ID set to field: 
14:39:01,288 INFO  [BrowserSelenium] (initElements) -> Name set to field: 
14:39:01,288 INFO  [BrowserSelenium] (initElements) -> CSS set to field: 
14:39:01,288 INFO  [BrowserSelenium] (initElements) -> XPath set to field: //select[@id='company-select']
14:39:01,288 INFO  [BrowserSelenium] (initElements) -> ID set to field: 
14:39:01,289 INFO  [BrowserSelenium] (initElements) -> Name set to field: 
14:39:01,289 INFO  [BrowserSelenium] (initElements) -> CSS set to field: 
14:39:01,289 INFO  [BrowserSelenium] (initElements) -> XPath set to field: //ul[@class='top-nav']/li[1]
14:39:01,289 INFO  [BrowserSelenium] (initElements) -> ID set to field: 
14:39:01,289 INFO  [BrowserSelenium] (initElements) -> Name set to field: 
14:39:01,289 INFO  [BrowserSelenium] (initElements) -> CSS set to field: 
14:39:01,289 INFO  [BrowserSelenium] (initElements) -> XPath set to field: //div[@class='heading']//strong[contains(text(),'Add Product Category')]
14:39:01,289 INFO  [BrowserSelenium] (initElements) -> ID set to field: 
14:39:01,290 INFO  [BrowserSelenium] (initElements) -> Name set to field: 
14:39:01,290 INFO  [BrowserSelenium] (initElements) -> CSS set to field: 
14:39:01,290 INFO  [BrowserSelenium] (initElements) -> XPath set to field: //span[text()='Add Category']
14:39:01,290 INFO  [BrowserSelenium] (initElements) -> ID set to field: 
14:39:01,290 INFO  [BrowserSelenium] (initElements) -> Name set to field: 
14:39:01,290 INFO  [BrowserSelenium] (initElements) -> CSS set to field: 
14:39:01,291 INFO  [BrowserSelenium] (initElements) -> XPath set to field: //select[@id='orderLineTypeId']//option
14:39:01,291 INFO  [BrowserSelenium] (initElements) -> ID set to field: 
14:39:01,291 INFO  [BrowserSelenium] (initElements) -> Name set to field: 
14:39:01,291 INFO  [BrowserSelenium] (initElements) -> CSS set to field: 
14:39:01,291 INFO  [BrowserSelenium] (initElements) -> XPath set to field: //select[@id='parentItemTypeId']/option
14:39:01,291 INFO  [BrowserSelenium] (initElements) -> ID set to field: 
14:39:01,291 INFO  [BrowserSelenium] (initElements) -> Name set to field: 
14:39:01,292 INFO  [BrowserSelenium] (initElements) -> CSS set to field: 
14:39:01,292 INFO  [BrowserSelenium] (initElements) -> XPath set to field: //input[@id='description']
14:39:01,292 INFO  [BrowserSelenium] (initElements) -> ID set to field: 
14:39:01,292 INFO  [BrowserSelenium] (initElements) -> Name set to field: 
14:39:01,292 INFO  [BrowserSelenium] (initElements) -> CSS set to field: 
14:39:01,292 INFO  [BrowserSelenium] (initElements) -> XPath set to field: //a[@class='submit save']//span[contains(text(),'Save Changes')]
14:39:01,292 INFO  [BrowserSelenium] (initElements) -> ID set to field: 
14:39:01,292 INFO  [BrowserSelenium] (initElements) -> Name set to field: 
14:39:01,293 INFO  [BrowserSelenium] (initElements) -> CSS set to field: 
14:39:01,293 INFO  [BrowserSelenium] (initElements) -> XPath set to field: //span[text()='Edit']
14:39:01,293 INFO  [BrowserSelenium] (initElements) -> ID set to field: 
14:39:01,293 INFO  [BrowserSelenium] (initElements) -> Name set to field: 
14:39:01,293 INFO  [BrowserSelenium] (initElements) -> CSS set to field: 
14:39:01,293 INFO  [BrowserSelenium] (initElements) -> XPath set to field: //input[@id='allowAssetManagement']
14:39:01,293 INFO  [BrowserSelenium] (initElements) -> ID set to field: 
14:39:01,293 INFO  [BrowserSelenium] (initElements) -> Name set to field: 
14:39:01,293 INFO  [BrowserSelenium] (initElements) -> CSS set to field: 
14:39:01,294 INFO  [BrowserSelenium] (initElements) -> XPath set to field: //span[text()='Asset Statuses']
14:39:01,294 INFO  [BrowserSelenium] (initElements) -> ID set to field: 
14:39:01,294 INFO  [BrowserSelenium] (initElements) -> Name set to field: 
14:39:01,294 INFO  [BrowserSelenium] (initElements) -> CSS set to field: 
14:39:01,294 INFO  [BrowserSelenium] (initElements) -> XPath set to field: //input[@id='lastStatusName']
14:39:01,294 INFO  [BrowserSelenium] (initElements) -> ID set to field: 
14:39:01,294 INFO  [BrowserSelenium] (initElements) -> Name set to field: 
14:39:01,294 INFO  [BrowserSelenium] (initElements) -> CSS set to field: 
14:39:01,294 INFO  [BrowserSelenium] (initElements) -> XPath set to field: //th[contains(text(),'Available')]/following::tbody/tr[1]/td[2]/input[@type='checkbox']
14:39:01,295 INFO  [BrowserSelenium] (initElements) -> ID set to field: 
14:39:01,295 INFO  [BrowserSelenium] (initElements) -> Name set to field: 
14:39:01,295 INFO  [BrowserSelenium] (initElements) -> CSS set to field: 
14:39:01,295 INFO  [BrowserSelenium] (initElements) -> XPath set to field: //th[contains(text(),'Available')]/following::tbody/tr[1]/td[3]/input[@type='checkbox']
14:39:01,295 INFO  [BrowserSelenium] (initElements) -> ID set to field: 
14:39:01,295 INFO  [BrowserSelenium] (initElements) -> Name set to field: 
14:39:01,295 INFO  [BrowserSelenium] (initElements) -> CSS set to field: 
14:39:01,295 INFO  [BrowserSelenium] (initElements) -> XPath set to field: //th[contains(text(),'Available')]/following::tbody/tr[2]/td[4]/input[@type='checkbox']
14:39:01,296 INFO  [BrowserSelenium] (initElements) -> ID set to field: 
14:39:01,296 INFO  [BrowserSelenium] (initElements) -> Name set to field: 
14:39:01,296 INFO  [BrowserSelenium] (initElements) -> CSS set to field: 
14:39:01,296 INFO  [BrowserSelenium] (initElements) -> XPath set to field: //tr[@id='lastStatus']/td[5]/a/img
14:39:01,296 INFO  [BrowserSelenium] (initElements) -> ID set to field: 
14:39:01,296 INFO  [BrowserSelenium] (initElements) -> Name set to field: 
14:39:01,296 INFO  [BrowserSelenium] (initElements) -> CSS set to field: 
14:39:01,297 INFO  [BrowserSelenium] (initElements) -> XPath set to field: //div[@id='assetMetaFields']/div[2]/div[1]/span[1]/a/img
14:39:01,297 INFO  [BrowserSelenium] (initElements) -> ID set to field: 
14:39:01,297 INFO  [BrowserSelenium] (initElements) -> Name set to field: 
14:39:01,297 INFO  [BrowserSelenium] (initElements) -> CSS set to field: 
14:39:01,297 INFO  [BrowserSelenium] (initElements) -> XPath set to field: //input[@id='metaField2.name']
14:39:01,297 INFO  [BrowserSelenium] (initElements) -> ID set to field: 
14:39:01,298 INFO  [BrowserSelenium] (initElements) -> Name set to field: 
14:39:01,298 INFO  [BrowserSelenium] (initElements) -> CSS set to field: 
14:39:01,298 INFO  [BrowserSelenium] (initElements) -> XPath set to field: //table[@id='categories']/tbody/tr[1]/td/a/strong
14:39:01,298 INFO  [BrowserSelenium] (initElements) -> ID set to field: 
14:39:01,298 INFO  [BrowserSelenium] (initElements) -> Name set to field: 
14:39:01,298 INFO  [BrowserSelenium] (initElements) -> CSS set to field: 
14:39:01,299 INFO  [BrowserSelenium] (initElements) -> XPath set to field: //ul[@class='top-nav']/li[1]
14:39:01,299 INFO  [BrowserSelenium] (initElements) -> ID set to field: 
14:39:01,299 INFO  [BrowserSelenium] (initElements) -> Name set to field: 
14:39:01,299 INFO  [BrowserSelenium] (initElements) -> CSS set to field: 
14:39:01,299 INFO  [BrowserSelenium] (initElements) -> XPath set to field: //select[@id = 'parentItemTypeId']
14:39:01,299 INFO  [BrowserSelenium] (initElements) -> ID set to field: 
14:39:01,299 INFO  [BrowserSelenium] (initElements) -> Name set to field: 
14:39:01,300 INFO  [BrowserSelenium] (initElements) -> CSS set to field: 
14:39:01,300 INFO  [BrowserSelenium] (initElements) -> XPath set to field: //div[@class='menu-items']/ul/li-->>{TXT}Plug-ins{TXT}
14:39:01,300 INFO  [BrowserSelenium] (initElements) -> ID set to field: 
14:39:01,300 INFO  [BrowserSelenium] (initElements) -> Name set to field: 
14:39:01,300 INFO  [BrowserSelenium] (initElements) -> CSS set to field: 
14:39:01,300 INFO  [BrowserSelenium] (initElements) -> XPath set to field: //strong[contains(text(),'Generic internal events listener')]
14:39:01,301 INFO  [BrowserSelenium] (initElements) -> ID set to field: 
14:39:01,301 INFO  [BrowserSelenium] (initElements) -> Name set to field: 
14:39:01,301 INFO  [BrowserSelenium] (initElements) -> CSS set to field: 
14:39:01,301 INFO  [BrowserSelenium] (initElements) -> XPath set to field: //span[text()='Add New']
14:39:01,302 INFO  [BrowserSelenium] (initElements) -> ID set to field: 
14:39:01,302 INFO  [BrowserSelenium] (initElements) -> Name set to field: 
14:39:01,302 INFO  [BrowserSelenium] (initElements) -> CSS set to field: 
14:39:01,302 INFO  [BrowserSelenium] (initElements) -> XPath set to field: //select[@id='typeId']
14:39:01,302 INFO  [BrowserSelenium] (initElements) -> ID set to field: 
14:39:01,303 INFO  [BrowserSelenium] (initElements) -> Name set to field: 
14:39:01,303 INFO  [BrowserSelenium] (initElements) -> CSS set to field: 
14:39:01,303 INFO  [BrowserSelenium] (initElements) -> XPath set to field: //input[@id='processingOrder']
14:39:01,303 INFO  [BrowserSelenium] (initElements) -> ID set to field: 
14:39:01,304 INFO  [BrowserSelenium] (initElements) -> Name set to field: 
14:39:01,304 INFO  [BrowserSelenium] (initElements) -> CSS set to field: 
14:39:01,304 INFO  [BrowserSelenium] (initElements) -> XPath set to field: //span[text()='Save Plug-in']
14:39:01,304 INFO  [BrowserSelenium] (initElements) -> ID set to field: 
14:39:01,304 INFO  [BrowserSelenium] (initElements) -> Name set to field: 
14:39:01,304 INFO  [BrowserSelenium] (initElements) -> CSS set to field: 
14:39:01,305 INFO  [BrowserSelenium] (initElements) -> XPath set to field: //div[@id='assetManagementEnabledDiv']/div/input[2]
14:39:01,305 INFO  [BrowserSelenium] (initElements) -> ID set to field: 
14:39:01,305 INFO  [BrowserSelenium] (initElements) -> Name set to field: 
14:39:01,305 INFO  [BrowserSelenium] (initElements) -> CSS set to field: 
14:39:01,305 INFO  [BrowserSelenium] (initElements) -> XPath set to field: //span[text()='Add Asset']
14:39:01,305 INFO  [BrowserSelenium] (initElements) -> ID set to field: 
14:39:01,306 INFO  [BrowserSelenium] (initElements) -> Name set to field: 
14:39:01,306 INFO  [BrowserSelenium] (initElements) -> CSS set to field: 
14:39:01,306 INFO  [BrowserSelenium] (initElements) -> XPath set to field: //span[text()='Add New']
14:39:01,306 INFO  [BrowserSelenium] (initElements) -> ID set to field: 
14:39:01,306 INFO  [BrowserSelenium] (initElements) -> Name set to field: 
14:39:01,306 INFO  [BrowserSelenium] (initElements) -> CSS set to field: 
14:39:01,306 INFO  [BrowserSelenium] (initElements) -> XPath set to field: //input[@id='identifier']
14:39:01,307 INFO  [BrowserSelenium] (initElements) -> ID set to field: 
14:39:01,307 INFO  [BrowserSelenium] (initElements) -> Name set to field: 
14:39:01,307 INFO  [BrowserSelenium] (initElements) -> CSS set to field: 
14:39:01,307 INFO  [BrowserSelenium] (initElements) -> XPath set to field: //span[text()='Save Changes']
14:39:01,307 INFO  [BrowserSelenium] (initElements) -> ID set to field: 
14:39:01,307 INFO  [BrowserSelenium] (initElements) -> Name set to field: 
14:39:01,308 INFO  [BrowserSelenium] (initElements) -> CSS set to field: 
14:39:01,308 INFO  [BrowserSelenium] (initElements) -> XPath set to field: //strong[contains(text(),'Agent Commission Calculation Process.')]
14:39:01,308 INFO  [BrowserSelenium] (initElements) -> ID set to field: 
14:39:01,308 INFO  [BrowserSelenium] (initElements) -> Name set to field: 
14:39:01,308 INFO  [BrowserSelenium] (initElements) -> CSS set to field: 
14:39:01,308 INFO  [BrowserSelenium] (initElements) -> XPath set to field: //input[@id='description']
14:39:01,308 INFO  [BrowserSelenium] (initElements) -> ID set to field: 
14:39:01,309 INFO  [BrowserSelenium] (initElements) -> Name set to field: 
14:39:01,309 INFO  [BrowserSelenium] (initElements) -> CSS set to field: 
14:39:01,309 INFO  [BrowserSelenium] (initElements) -> XPath set to field: //span[text()='Save Changes']
14:39:01,309 INFO  [BrowserSelenium] (initElements) -> ID set to field: 
14:39:01,309 INFO  [BrowserSelenium] (initElements) -> Name set to field: 
14:39:01,309 INFO  [BrowserSelenium] (initElements) -> CSS set to field: 
14:39:01,310 INFO  [BrowserSelenium] (initElements) -> XPath set to field: //label[text()='Included Quantity']/../div/input[2]
14:39:01,310 INFO  [BrowserSelenium] (initElements) -> ID set to field: 
14:39:01,310 INFO  [BrowserSelenium] (initElements) -> Name set to field: 
14:39:01,310 INFO  [BrowserSelenium] (initElements) -> CSS set to field: 
14:39:01,310 INFO  [BrowserSelenium] (initElements) -> XPath set to field: //span[text()='Dependencies']
14:39:01,310 INFO  [BrowserSelenium] (initElements) -> ID set to field: 
14:39:01,310 INFO  [BrowserSelenium] (initElements) -> Name set to field: 
14:39:01,311 INFO  [BrowserSelenium] (initElements) -> CSS set to field: 
14:39:01,311 INFO  [BrowserSelenium] (initElements) -> XPath set to field: //select[@id='product.dependencyItemTypes']
14:39:01,311 INFO  [BrowserSelenium] (initElements) -> ID set to field: 
14:39:01,311 INFO  [BrowserSelenium] (initElements) -> Name set to field: 
14:39:01,311 INFO  [BrowserSelenium] (initElements) -> CSS set to field: 
14:39:01,311 INFO  [BrowserSelenium] (initElements) -> XPath set to field: //select[@id='product.dependencyItems']
14:39:01,311 INFO  [BrowserSelenium] (initElements) -> ID set to field: 
14:39:01,311 INFO  [BrowserSelenium] (initElements) -> Name set to field: 
14:39:01,312 INFO  [BrowserSelenium] (initElements) -> CSS set to field: 
14:39:01,312 INFO  [BrowserSelenium] (initElements) -> XPath set to field: //img[@alt='Add']
14:39:01,312 INFO  [BrowserSelenium] (initElements) -> ID set to field: 
14:39:01,312 INFO  [BrowserSelenium] (initElements) -> Name set to field: 
14:39:01,312 INFO  [BrowserSelenium] (initElements) -> CSS set to field: 
14:39:01,312 INFO  [BrowserSelenium] (initElements) -> XPath set to field: //table[@id='users']/tbody/tr/td/a/strong
14:39:01,312 INFO  [BrowserSelenium] (initElements) -> ID set to field: 
14:39:01,312 INFO  [BrowserSelenium] (initElements) -> Name set to field: 
14:39:01,312 INFO  [BrowserSelenium] (initElements) -> CSS set to field: 
14:39:01,313 INFO  [BrowserSelenium] (initElements) -> XPath set to field: //table[@id='categories']
14:39:01,313 INFO  [BrowserSelenium] (initElements) -> ID set to field: 
14:39:01,313 INFO  [BrowserSelenium] (initElements) -> Name set to field: 
14:39:01,313 INFO  [BrowserSelenium] (initElements) -> CSS set to field: 
14:39:01,313 INFO  [BrowserSelenium] (initElements) -> XPath set to field: //table[@id='products']
14:39:01,313 INFO  [BrowserSelenium] (initElements) -> ID set to field: 
14:39:01,313 INFO  [BrowserSelenium] (initElements) -> Name set to field: 
14:39:01,313 INFO  [BrowserSelenium] (initElements) -> CSS set to field: 
14:39:01,313 INFO  [BrowserSelenium] (initElements) -> XPath set to field: //table[@id='categories']/tbody/tr/td/a/strong
14:39:01,313 INFO  [BrowserSelenium] (initElements) -> ID set to field: 
14:39:01,314 INFO  [BrowserSelenium] (initElements) -> Name set to field: 
14:39:01,314 INFO  [BrowserSelenium] (initElements) -> CSS set to field: 
14:39:01,314 INFO  [BrowserSelenium] (initElements) -> XPath set to field: //table[@id='products']/tbody/tr/td/a/strong
14:39:01,314 INFO  [BrowserSelenium] (initElements) -> ID set to field: 
14:39:01,314 INFO  [BrowserSelenium] (initElements) -> Name set to field: 
14:39:01,314 INFO  [BrowserSelenium] (initElements) -> CSS set to field: 
14:39:01,314 INFO  [BrowserSelenium] (initElements) -> XPath set to field: 
14:39:01,314 INFO  [BrowserSelenium] (initElements) -> ID set to field: 
14:39:01,314 INFO  [BrowserSelenium] (initElements) -> Name set to field: 
14:39:01,315 INFO  [BrowserSelenium] (initElements) -> CSS set to field: 
14:39:01,315 INFO  [BrowserSelenium] (initElements) -> XPath set to field: 
14:39:01,315 INFO  [BrowserSelenium] (initElements) -> ID set to field: 
14:39:01,315 INFO  [BrowserSelenium] (initElements) -> Name set to field: 
14:39:01,315 INFO  [BrowserSelenium] (initElements) -> CSS set to field: 
14:39:01,315 INFO  [BrowserSelenium] (initElements) -> XPath set to field: //span[text()='Delete']
14:39:01,315 INFO  [BrowserSelenium] (initElements) -> ID set to field: 
14:39:01,315 INFO  [BrowserSelenium] (initElements) -> Name set to field: 
14:39:01,315 INFO  [BrowserSelenium] (initElements) -> CSS set to field: 
14:39:01,316 INFO  [BrowserSelenium] (initElements) -> XPath set to field: //button/span[text()='Yes']
14:39:01,316 INFO  [BrowserSelenium] (initElements) -> ID set to field: 
14:39:01,316 INFO  [BrowserSelenium] (initElements) -> Name set to field: 
14:39:01,316 INFO  [BrowserSelenium] (initElements) -> CSS set to field: 
14:39:01,316 INFO  [BrowserSelenium] (initElements) -> XPath set to field: //span[contains(text(),'Add Category')]
14:39:01,316 INFO  [BrowserSelenium] (initElements) -> ID set to field: 
14:39:01,316 INFO  [BrowserSelenium] (initElements) -> Name set to field: 
14:39:01,316 INFO  [BrowserSelenium] (initElements) -> CSS set to field: 
14:39:01,317 INFO  [BrowserSelenium] (initElements) -> XPath set to field: 
14:39:01,317 INFO  [BrowserSelenium] (initElements) -> ID set to field: 
14:39:01,317 INFO  [BrowserSelenium] (initElements) -> Name set to field: 
14:39:01,317 INFO  [BrowserSelenium] (initElements) -> CSS set to field: 
14:39:01,317 INFO  [BrowserSelenium] (initElements) -> XPath set to field: 
14:39:01,317 INFO  [BrowserSelenium] (initElements) -> ID set to field: 
14:39:01,317 INFO  [BrowserSelenium] (initElements) -> Name set to field: 
14:39:01,317 INFO  [BrowserSelenium] (initElements) -> CSS set to field: 
14:39:01,317 INFO  [BrowserSelenium] (initElements) -> XPath set to field: 
14:39:01,318 INFO  [BrowserSelenium] (initElements) -> ID set to field: 
14:39:01,318 INFO  [BrowserSelenium] (initElements) -> Name set to field: 
14:39:01,318 INFO  [BrowserSelenium] (initElements) -> CSS set to field: 
14:39:01,318 INFO  [BrowserSelenium] (initElements) -> XPath set to field: 
14:39:01,318 INFO  [BrowserSelenium] (initElements) -> ID set to field: 
14:39:01,318 INFO  [BrowserSelenium] (initElements) -> Name set to field: 
14:39:01,319 INFO  [BrowserSelenium] (initElements) -> CSS set to field: 
14:39:01,319 INFO  [BrowserSelenium] (initElements) -> XPath set to field: //div[@id='breadcrumbs']
14:39:01,319 INFO  [BrowserSelenium] (initElements) -> ID set to field: global-checkbox
14:39:01,319 INFO  [BrowserSelenium] (initElements) -> Name set to field: 
14:39:01,319 INFO  [BrowserSelenium] (initElements) -> CSS set to field: 
14:39:01,319 INFO  [BrowserSelenium] (initElements) -> XPath set to field: 
14:39:01,319 INFO  [BrowserSelenium] (initElements) -> ID set to field: allowAssetManagement
14:39:01,320 INFO  [BrowserSelenium] (initElements) -> Name set to field: 
14:39:01,320 INFO  [BrowserSelenium] (initElements) -> CSS set to field: 
14:39:01,320 INFO  [BrowserSelenium] (initElements) -> XPath set to field: 
14:39:01,320 INFO  [BrowserSelenium] (initElements) -> ID set to field: lastStatusAvailable
14:39:01,320 INFO  [BrowserSelenium] (initElements) -> Name set to field: 
14:39:01,320 INFO  [BrowserSelenium] (initElements) -> CSS set to field: 
14:39:01,321 INFO  [BrowserSelenium] (initElements) -> XPath set to field: 
14:39:01,321 INFO  [BrowserSelenium] (initElements) -> ID set to field: 
14:39:01,321 INFO  [BrowserSelenium] (initElements) -> Name set to field: 
14:39:01,322 INFO  [BrowserSelenium] (initElements) -> CSS set to field: 
14:39:01,322 INFO  [BrowserSelenium] (initElements) -> XPath set to field: //*[@id='lastStatus']/td[5]/a/img
14:39:01,322 INFO  [BrowserSelenium] (initElements) -> ID set to field: lastStatusOrderSaved
14:39:01,322 INFO  [BrowserSelenium] (initElements) -> Name set to field: 
14:39:01,323 INFO  [BrowserSelenium] (initElements) -> CSS set to field: 
14:39:01,323 INFO  [BrowserSelenium] (initElements) -> XPath set to field: 
14:39:01,323 INFO  [BrowserSelenium] (initElements) -> ID set to field: description
14:39:01,323 INFO  [BrowserSelenium] (initElements) -> Name set to field: 
14:39:01,323 INFO  [BrowserSelenium] (initElements) -> CSS set to field: 
14:39:01,323 INFO  [BrowserSelenium] (initElements) -> XPath set to field: 
14:39:01,324 INFO  [BrowserSelenium] (initElements) -> ID set to field: 
14:39:01,324 INFO  [BrowserSelenium] (initElements) -> Name set to field: 
14:39:01,324 INFO  [BrowserSelenium] (initElements) -> CSS set to field: 
14:39:01,324 INFO  [BrowserSelenium] (initElements) -> XPath set to field: //span[contains(text(), 'Save Changes')]
14:39:01,324 INFO  [BrowserSelenium] (initElements) -> ID set to field: lastStatusDefault
14:39:01,324 INFO  [BrowserSelenium] (initElements) -> Name set to field: 
14:39:01,324 INFO  [BrowserSelenium] (initElements) -> CSS set to field: 
14:39:01,325 INFO  [BrowserSelenium] (initElements) -> XPath set to field: 
14:39:01,325 INFO  [BrowserSelenium] (initElements) -> ID set to field: 
14:39:01,325 INFO  [BrowserSelenium] (initElements) -> Name set to field: 
14:39:01,325 INFO  [BrowserSelenium] (initElements) -> CSS set to field: 
14:39:01,325 INFO  [BrowserSelenium] (initElements) -> XPath set to field: //span[contains(text(),'Add Product')]
14:39:01,325 INFO  [BrowserSelenium] (initElements) -> ID set to field: 
14:39:01,326 INFO  [BrowserSelenium] (initElements) -> Name set to field: 
14:39:01,326 INFO  [BrowserSelenium] (initElements) -> CSS set to field: 
14:39:01,326 INFO  [BrowserSelenium] (initElements) -> XPath set to field: //*[@id='addDescription']/div/a/img
14:39:01,326 INFO  [BrowserSelenium] (initElements) -> ID set to field: product.descriptions[1].content
14:39:01,326 INFO  [BrowserSelenium] (initElements) -> Name set to field: 
14:39:01,326 INFO  [BrowserSelenium] (initElements) -> CSS set to field: 
14:39:01,326 INFO  [BrowserSelenium] (initElements) -> XPath set to field: 
14:39:01,326 INFO  [BrowserSelenium] (initElements) -> ID set to field: product.number
14:39:01,326 INFO  [BrowserSelenium] (initElements) -> Name set to field: 
14:39:01,327 INFO  [BrowserSelenium] (initElements) -> CSS set to field: 
14:39:01,327 INFO  [BrowserSelenium] (initElements) -> XPath set to field: 
14:39:01,327 INFO  [BrowserSelenium] (initElements) -> ID set to field: newDescriptionLanguage
14:39:01,327 INFO  [BrowserSelenium] (initElements) -> Name set to field: 
14:39:01,327 INFO  [BrowserSelenium] (initElements) -> CSS set to field: 
14:39:01,327 INFO  [BrowserSelenium] (initElements) -> XPath set to field: 
14:39:01,327 INFO  [BrowserSelenium] (initElements) -> ID set to field: 
14:39:01,327 INFO  [BrowserSelenium] (initElements) -> Name set to field: 
14:39:01,327 INFO  [BrowserSelenium] (initElements) -> CSS set to field: 
14:39:01,328 INFO  [BrowserSelenium] (initElements) -> XPath set to field: //input[@id='assetManagementEnabled']
14:39:01,328 INFO  [BrowserSelenium] (initElements) -> ID set to field: model.0.type
14:39:01,328 INFO  [BrowserSelenium] (initElements) -> Name set to field: 
14:39:01,328 INFO  [BrowserSelenium] (initElements) -> CSS set to field: 
14:39:01,328 INFO  [BrowserSelenium] (initElements) -> XPath set to field: 
14:39:01,328 INFO  [BrowserSelenium] (initElements) -> ID set to field: model.0.rateAsDecimal
14:39:01,328 INFO  [BrowserSelenium] (initElements) -> Name set to field: 
14:39:01,328 INFO  [BrowserSelenium] (initElements) -> CSS set to field: 
14:39:01,328 INFO  [BrowserSelenium] (initElements) -> XPath set to field: 
14:39:01,329 INFO  [BrowserSelenium] (initElements) -> ID set to field: product.priceModelCompanyId
14:39:01,329 INFO  [BrowserSelenium] (initElements) -> Name set to field: 
14:39:01,329 INFO  [BrowserSelenium] (initElements) -> CSS set to field: 
14:39:01,329 INFO  [BrowserSelenium] (initElements) -> XPath set to field: 
14:39:01,329 INFO  [BrowserSelenium] (initElements) -> ID set to field: 
14:39:01,329 INFO  [BrowserSelenium] (initElements) -> Name set to field: 
14:39:01,329 INFO  [BrowserSelenium] (initElements) -> CSS set to field: 
14:39:01,329 INFO  [BrowserSelenium] (initElements) -> XPath set to field: //span[contains(text(),'Add Asset')]
14:39:01,329 INFO  [BrowserSelenium] (initElements) -> ID set to field: 
14:39:01,330 INFO  [BrowserSelenium] (initElements) -> Name set to field: 
14:39:01,330 INFO  [BrowserSelenium] (initElements) -> CSS set to field: 
14:39:01,330 INFO  [BrowserSelenium] (initElements) -> XPath set to field: //span[contains(text(),'Add New')]
14:39:01,330 INFO  [BrowserSelenium] (initElements) -> ID set to field: 
14:39:01,330 INFO  [BrowserSelenium] (initElements) -> Name set to field: 
14:39:01,330 INFO  [BrowserSelenium] (initElements) -> CSS set to field: 
14:39:01,330 INFO  [BrowserSelenium] (initElements) -> XPath set to field: //th[text()='Name']/following::tbody/tr[1]/td/input[@type='text']
14:39:01,330 INFO  [BrowserSelenium] (initElements) -> ID set to field: 
14:39:01,330 INFO  [BrowserSelenium] (initElements) -> Name set to field: 
14:39:01,331 INFO  [BrowserSelenium] (initElements) -> CSS set to field: 
14:39:01,331 INFO  [BrowserSelenium] (initElements) -> XPath set to field: //th[text()='Name']/following::tbody/tr[contains(@id,'lastStatus')]//td//input[@type='text']
14:39:01,331 INFO  [BrowserSelenium] (initElements) -> ID set to field: 
14:39:01,331 INFO  [BrowserSelenium] (initElements) -> Name set to field: 
14:39:01,331 INFO  [BrowserSelenium] (initElements) -> CSS set to field: 
14:39:01,331 INFO  [BrowserSelenium] (initElements) -> XPath set to field: //table[@id='categories']//tbody//tr//td
14:39:01,332 INFO  [BrowserSelenium] (initElements) -> ID set to field: 
14:39:01,332 INFO  [BrowserSelenium] (initElements) -> Name set to field: 
14:39:01,332 INFO  [BrowserSelenium] (initElements) -> CSS set to field: 
14:39:01,332 INFO  [BrowserSelenium] (initElements) -> XPath set to field: //table[@id='products']//tbody//tr//td
14:39:01,332 INFO  [BrowserSelenium] (initElements) -> ID set to field: 
14:39:01,332 INFO  [BrowserSelenium] (initElements) -> Name set to field: 
14:39:01,333 INFO  [BrowserSelenium] (initElements) -> CSS set to field: 
14:39:01,333 INFO  [BrowserSelenium] (initElements) -> XPath set to field: //table[@id='users']//tbody//tr//td
14:39:01,333 INFO  [BrowserSelenium] (initElements) -> ID set to field: product.dependencyMin
14:39:01,333 INFO  [BrowserSelenium] (initElements) -> Name set to field: 
14:39:01,333 INFO  [BrowserSelenium] (initElements) -> CSS set to field: 
14:39:01,333 INFO  [BrowserSelenium] (initElements) -> XPath set to field: 
14:39:01,333 INFO  [BrowserSelenium] (initElements) -> ID set to field: product.dependencyMax
14:39:01,334 INFO  [BrowserSelenium] (initElements) -> Name set to field: 
14:39:01,334 INFO  [BrowserSelenium] (initElements) -> CSS set to field: 
14:39:01,334 INFO  [BrowserSelenium] (initElements) -> XPath set to field: 
14:39:01,334 INFO  [BrowserSelenium] (initElements) -> ID set to field: 
14:39:01,334 INFO  [BrowserSelenium] (initElements) -> Name set to field: 
14:39:01,335 INFO  [BrowserSelenium] (initElements) -> CSS set to field: 
14:39:01,335 INFO  [BrowserSelenium] (initElements) -> XPath set to field: //table[@id='categories']/tbody//td/a/strong
14:39:01,335 INFO  [BrowserSelenium] (initElements) -> ID set to field: 
14:39:01,335 INFO  [BrowserSelenium] (initElements) -> Name set to field: 
14:39:01,335 INFO  [BrowserSelenium] (initElements) -> CSS set to field: 
14:39:01,336 INFO  [BrowserSelenium] (initElements) -> XPath set to field: //table[@id='products']/tbody//td/a/strong
14:39:01,336 INFO  [BrowserSelenium] (initElements) -> ID set to field: 
14:39:01,336 INFO  [BrowserSelenium] (initElements) -> Name set to field: 
14:39:01,336 INFO  [BrowserSelenium] (initElements) -> CSS set to field: 
14:39:01,336 INFO  [BrowserSelenium] (initElements) -> XPath set to field: //div[@class='form-columns']/div/div/span
14:39:01,337 INFO  [BrowserSelenium] (initElements) -> ID set to field: 
14:39:01,337 INFO  [BrowserSelenium] (initElements) -> Name set to field: 
14:39:01,337 INFO  [BrowserSelenium] (initElements) -> CSS set to field: 
14:39:01,338 INFO  [BrowserSelenium] (initElements) -> XPath set to field: //div[@class='form-columns']/div/div/span
14:39:01,338 INFO  [BrowserSelenium] (initElements) -> ID set to field: 
14:39:01,338 INFO  [BrowserSelenium] (initElements) -> Name set to field: 
14:39:01,338 INFO  [BrowserSelenium] (initElements) -> CSS set to field: 
14:39:01,338 INFO  [BrowserSelenium] (initElements) -> XPath set to field: //div[@class = 'buttons']//span[text()='Save Changes']
14:39:01,338 INFO  [BrowserSelenium] (initElements) -> ID set to field: 
14:39:01,339 INFO  [BrowserSelenium] (initElements) -> Name set to field: 
14:39:01,339 INFO  [BrowserSelenium] (initElements) -> CSS set to field: 
14:39:01,339 INFO  [BrowserSelenium] (initElements) -> XPath set to field: //span[text()='Dependencies']/parent::div[@class = 'box-cards-title']/following-sibling::div[@class = 'box-card-hold']/div/table[@class = 'dataTable']
14:39:01,339 INFO  [BrowserSelenium] (initElements) -> ID set to field: 
14:39:01,340 INFO  [BrowserSelenium] (initElements) -> Name set to field: 
14:39:01,340 INFO  [BrowserSelenium] (initElements) -> CSS set to field: 
14:39:01,340 INFO  [BrowserSelenium] (initElements) -> XPath set to field: //input[contains(@data-customtooltip,'The cap on the maximum amount on the total')]
14:39:01,340 INFO  [BrowserSelenium] (initElements) -> ID set to field: assetIdentifierLabel
14:39:01,341 INFO  [BrowserSelenium] (initElements) -> Name set to field: 
14:39:01,341 INFO  [BrowserSelenium] (initElements) -> CSS set to field: 
14:39:01,341 INFO  [BrowserSelenium] (initElements) -> XPath set to field: 
14:39:01,341 INFO  [BrowserSelenium] (initElements) -> ID set to field: 
14:39:01,341 INFO  [BrowserSelenium] (initElements) -> Name set to field: 
14:39:01,341 INFO  [BrowserSelenium] (initElements) -> CSS set to field: 
14:39:01,342 INFO  [BrowserSelenium] (initElements) -> XPath set to field: //div[@class='field-name']//label//span/following::div
14:39:01,342 INFO  [BrowserSelenium] (initElements) -> ID set to field: mandatoryCheck
14:39:01,342 INFO  [BrowserSelenium] (initElements) -> Name set to field: 
14:39:01,342 INFO  [BrowserSelenium] (initElements) -> CSS set to field: 
14:39:01,342 INFO  [BrowserSelenium] (initElements) -> XPath set to field: 
14:39:01,342 INFO  [BrowserSelenium] (initElements) -> ID set to field: 
14:39:01,342 INFO  [BrowserSelenium] (initElements) -> Name set to field: 
14:39:01,343 INFO  [BrowserSelenium] (initElements) -> CSS set to field: 
14:39:01,343 INFO  [BrowserSelenium] (initElements) -> XPath set to field: //label[text()='Import Meta Field']/following::select/option
14:39:01,343 INFO  [BrowserSelenium] (initElements) -> ID set to field: 
14:39:01,343 INFO  [BrowserSelenium] (initElements) -> Name set to field: 
14:39:01,343 INFO  [BrowserSelenium] (initElements) -> CSS set to field: 
14:39:01,343 INFO  [BrowserSelenium] (initElements) -> XPath set to field: //label[text()='Default value']/following::div/input
14:39:01,344 INFO  [BrowserSelenium] (initElements) -> ID set to field: 
14:39:01,344 INFO  [BrowserSelenium] (initElements) -> Name set to field: 
14:39:01,344 INFO  [BrowserSelenium] (initElements) -> CSS set to field: 
14:39:01,344 INFO  [BrowserSelenium] (initElements) -> XPath set to field: //input[contains(@data-customtooltip,'If mediation is used this field is required.')]
14:39:01,344 INFO  [BrowserSelenium] (initElements) -> ID set to field: 
14:39:01,344 INFO  [BrowserSelenium] (initElements) -> Name set to field: 
14:39:01,345 INFO  [BrowserSelenium] (initElements) -> CSS set to field: 
14:39:01,345 INFO  [BrowserSelenium] (initElements) -> XPath set to field: //input[@data-customtooltip='This represents midnight (the beginning of a day)']
14:39:01,345 INFO  [BrowserSelenium] (initElements) -> ID set to field: 
14:39:01,345 INFO  [BrowserSelenium] (initElements) -> Name set to field: 
14:39:01,345 INFO  [BrowserSelenium] (initElements) -> CSS set to field: 
14:39:01,345 INFO  [BrowserSelenium] (initElements) -> XPath set to field: //input[@id='model.0.attribute.1.value']
14:39:01,345 INFO  [BrowserSelenium] (initElements) -> ID set to field: 
14:39:01,346 INFO  [BrowserSelenium] (initElements) -> Name set to field: 
14:39:01,346 INFO  [BrowserSelenium] (initElements) -> CSS set to field: 
14:39:01,346 INFO  [BrowserSelenium] (initElements) -> XPath set to field: //input[contains(@data-customtooltip,'This represents the range starting value')]
14:39:01,346 INFO  [BrowserSelenium] (initElements) -> ID set to field: 
14:39:01,346 INFO  [BrowserSelenium] (initElements) -> Name set to field: 
14:39:01,346 INFO  [BrowserSelenium] (initElements) -> CSS set to field: 
14:39:01,347 INFO  [BrowserSelenium] (initElements) -> XPath set to field: //input[@data-customtooltip='This is the rate for the range starting from this value(inclusive)']
14:39:01,347 INFO  [BrowserSelenium] (initElements) -> ID set to field: 
14:39:01,347 INFO  [BrowserSelenium] (initElements) -> Name set to field: 
14:39:01,347 INFO  [BrowserSelenium] (initElements) -> CSS set to field: 
14:39:01,347 INFO  [BrowserSelenium] (initElements) -> XPath set to field: //a[@onclick ='addModelAttribute(this, 0, 2)']
14:39:01,347 INFO  [BrowserSelenium] (initElements) -> ID set to field: 
14:39:01,347 INFO  [BrowserSelenium] (initElements) -> Name set to field: 
14:39:01,348 INFO  [BrowserSelenium] (initElements) -> CSS set to field: 
14:39:01,348 INFO  [BrowserSelenium] (initElements) -> XPath set to field:  //input[@name='model.0.attribute.3.name']
14:39:01,348 INFO  [BrowserSelenium] (initElements) -> ID set to field: 
14:39:01,348 INFO  [BrowserSelenium] (initElements) -> Name set to field: 
14:39:01,348 INFO  [BrowserSelenium] (initElements) -> CSS set to field: 
14:39:01,348 INFO  [BrowserSelenium] (initElements) -> XPath set to field: //input[contains(@name,'model.0.attribute.3.value')]
14:39:01,349 INFO  [BrowserSelenium] (initElements) -> ID set to field: 
14:39:01,349 INFO  [BrowserSelenium] (initElements) -> Name set to field: 
14:39:01,349 INFO  [BrowserSelenium] (initElements) -> CSS set to field: 
14:39:01,349 INFO  [BrowserSelenium] (initElements) -> XPath set to field: //a[@onclick ='addModelAttribute(this, 0, 3)']
14:39:01,349 INFO  [BrowserSelenium] (initElements) -> ID set to field: 
14:39:01,349 INFO  [BrowserSelenium] (initElements) -> Name set to field: 
14:39:01,349 INFO  [BrowserSelenium] (initElements) -> CSS set to field: 
14:39:01,350 INFO  [BrowserSelenium] (initElements) -> XPath set to field:  //input[@name='model.0.attribute.4.name']
14:39:01,350 INFO  [BrowserSelenium] (initElements) -> ID set to field: 
14:39:01,350 INFO  [BrowserSelenium] (initElements) -> Name set to field: 
14:39:01,350 INFO  [BrowserSelenium] (initElements) -> CSS set to field: 
14:39:01,350 INFO  [BrowserSelenium] (initElements) -> XPath set to field: //input[contains(@name,'model.0.attribute.4.value')]
14:39:01,351 INFO  [BrowserSelenium] (initElements) -> ID set to field: 
14:39:01,351 INFO  [BrowserSelenium] (initElements) -> Name set to field: 
14:39:01,351 INFO  [BrowserSelenium] (initElements) -> CSS set to field: 
14:39:01,351 INFO  [BrowserSelenium] (initElements) -> XPath set to field: //input[contains(@data-customtooltip,'Number of pulled products to be purchased, to be able to get this product as a bonus')]
14:39:01,352 INFO  [BrowserSelenium] (initElements) -> ID set to field: 
14:39:01,352 INFO  [BrowserSelenium] (initElements) -> Name set to field: 
14:39:01,352 INFO  [BrowserSelenium] (initElements) -> CSS set to field: 
14:39:01,352 INFO  [BrowserSelenium] (initElements) -> XPath set to field: //select[contains(@name,'model.0.attribute.1.value')]
14:39:01,352 INFO  [BrowserSelenium] (initElements) -> ID set to field: 
14:39:01,353 INFO  [BrowserSelenium] (initElements) -> Name set to field: 
14:39:01,353 INFO  [BrowserSelenium] (initElements) -> CSS set to field: 
14:39:01,353 INFO  [BrowserSelenium] (initElements) -> XPath set to field: //input[contains(@data-customtooltip,'The calculation to determine the percentage is Selection Category/Category Percent x 100')]
14:39:01,353 INFO  [BrowserSelenium] (initElements) -> ID set to field: 
14:39:01,354 INFO  [BrowserSelenium] (initElements) -> Name set to field: 
14:39:01,354 INFO  [BrowserSelenium] (initElements) -> CSS set to field: 
14:39:01,354 INFO  [BrowserSelenium] (initElements) -> XPath set to field: //input[@data-customtooltip='Pair range between percentage calculated and the ID the product added, starting from 0 percent']
14:39:01,354 INFO  [BrowserSelenium] (initElements) -> ID set to field: 
14:39:01,354 INFO  [BrowserSelenium] (initElements) -> Name set to field: 
14:39:01,355 INFO  [BrowserSelenium] (initElements) -> CSS set to field: 
14:39:01,355 INFO  [BrowserSelenium] (initElements) -> XPath set to field: //input[contains(@data-customtooltip,'Pair range between quantity of products in selected category and the ID the product added, starting from 1')]
14:39:01,355 INFO  [BrowserSelenium] (initElements) -> ID set to field: 
14:39:01,355 INFO  [BrowserSelenium] (initElements) -> Name set to field: 
14:39:01,356 INFO  [BrowserSelenium] (initElements) -> CSS set to field: 
14:39:01,356 INFO  [BrowserSelenium] (initElements) -> XPath set to field: //input[@name='model.0.attribute.1.name']
14:39:01,356 INFO  [BrowserSelenium] (initElements) -> ID set to field: 
14:39:01,356 INFO  [BrowserSelenium] (initElements) -> Name set to field: 
14:39:01,357 INFO  [BrowserSelenium] (initElements) -> CSS set to field: 
14:39:01,357 INFO  [BrowserSelenium] (initElements) -> XPath set to field: //input[@name='model.0.attribute.1.value']
14:39:01,357 INFO  [BrowserSelenium] (initElements) -> ID set to field: 
14:39:01,357 INFO  [BrowserSelenium] (initElements) -> Name set to field: 
14:39:01,357 INFO  [BrowserSelenium] (initElements) -> CSS set to field: 
14:39:01,358 INFO  [BrowserSelenium] (initElements) -> XPath set to field: //span[contains(.,'Add Chain')]
14:39:01,358 INFO  [BrowserSelenium] (initElements) -> ID set to field: 
14:39:01,358 INFO  [BrowserSelenium] (initElements) -> Name set to field: 
14:39:01,358 INFO  [BrowserSelenium] (initElements) -> CSS set to field: 
14:39:01,358 INFO  [BrowserSelenium] (initElements) -> XPath set to field: //input[contains(@data-customtooltip,'The rate of the product after the included quantity')]
14:39:01,358 INFO  [BrowserSelenium] (initElements) -> ID set to field: 
14:39:01,358 INFO  [BrowserSelenium] (initElements) -> Name set to field: 
14:39:01,359 INFO  [BrowserSelenium] (initElements) -> CSS set to field: 
14:39:01,359 INFO  [BrowserSelenium] (initElements) -> XPath set to field: //input[contains(@data-customtooltip,'Number of included products for free')]
14:39:01,359 INFO  [BrowserSelenium] (initElements) -> ID set to field: 
14:39:01,359 INFO  [BrowserSelenium] (initElements) -> Name set to field: 
14:39:01,359 INFO  [BrowserSelenium] (initElements) -> CSS set to field: 
14:39:01,359 INFO  [BrowserSelenium] (initElements) -> XPath set to field: //table[@id='categories']/tbody//strong[contains(text(),'Test category')]
14:39:01,360 INFO  [BrowserSelenium] (initElements) -> ID set to field: 
14:39:01,360 INFO  [BrowserSelenium] (initElements) -> Name set to field: 
14:39:01,360 INFO  [BrowserSelenium] (initElements) -> CSS set to field: 
14:39:01,360 INFO  [BrowserSelenium] (initElements) -> XPath set to field: //strong[text()='Lemonade']
14:39:01,360 INFO  [BrowserSelenium] (initElements) -> ID set to field: 
14:39:01,360 INFO  [BrowserSelenium] (initElements) -> Name set to field: 
14:39:01,360 INFO  [BrowserSelenium] (initElements) -> CSS set to field: 
14:39:01,361 INFO  [BrowserSelenium] (initElements) -> XPath set to field: 	//strong[text()='Coffee']
14:39:01,361 INFO  [BrowserSelenium] (initElements) -> ID set to field: 
14:39:01,361 INFO  [BrowserSelenium] (initElements) -> Name set to field: 
14:39:01,361 INFO  [BrowserSelenium] (initElements) -> CSS set to field: 
14:39:01,361 INFO  [BrowserSelenium] (initElements) -> XPath set to field: //*[@id='product.dependencyItems']/option[2]
14:39:01,361 INFO  [BrowserSelenium] (initElements) -> ID set to field: 
14:39:01,362 INFO  [BrowserSelenium] (initElements) -> Name set to field: 
14:39:01,362 INFO  [BrowserSelenium] (initElements) -> CSS set to field: 
14:39:01,362 INFO  [BrowserSelenium] (initElements) -> XPath set to field: //*[@id='save-product-form']/fieldset/div[7]/ul/li[1]/a
14:39:01,362 INFO  [BrowserSelenium] (initElements) -> ID set to field: 
14:39:01,362 INFO  [BrowserSelenium] (initElements) -> Name set to field: 
14:39:01,362 INFO  [BrowserSelenium] (initElements) -> CSS set to field: 
14:39:01,362 INFO  [BrowserSelenium] (initElements) -> XPath set to field: //table[@id='categories']/tbody/tr/td/a/strong
14:39:01,363 INFO  [BrowserSelenium] (initElements) -> ID set to field: 
14:39:01,363 INFO  [BrowserSelenium] (initElements) -> Name set to field: 
14:39:01,363 INFO  [BrowserSelenium] (initElements) -> CSS set to field: 
14:39:01,363 INFO  [BrowserSelenium] (initElements) -> XPath set to field: //table[@class='innerTable']/tbody/tr/td
14:39:01,363 INFO  [BrowserSelenium] (initElements) -> ID set to field: 
14:39:01,363 INFO  [BrowserSelenium] (initElements) -> Name set to field: 
14:39:01,363 INFO  [BrowserSelenium] (initElements) -> CSS set to field: 
14:39:01,363 INFO  [BrowserSelenium] (initElements) -> XPath set to field: //table[@class='dataTable']/tbody/tr/td
14:39:01,364 INFO  [BrowserSelenium] (initElements) -> ID set to field: 
14:39:01,364 INFO  [BrowserSelenium] (initElements) -> Name set to field: 
14:39:01,364 INFO  [BrowserSelenium] (initElements) -> CSS set to field: 
14:39:01,364 INFO  [BrowserSelenium] (initElements) -> XPath set to field: //input[@id='onePerOrder']
14:39:01,364 INFO  [BrowserSelenium] (initElements) -> ID set to field: 
14:39:01,364 INFO  [BrowserSelenium] (initElements) -> Name set to field: 
14:39:01,365 INFO  [BrowserSelenium] (initElements) -> CSS set to field: 
14:39:01,365 INFO  [BrowserSelenium] (initElements) -> XPath set to field: //input[@id='onePerCustomer']
14:39:01,365 INFO  [BrowserSelenium] (initElements) -> ID set to field: 
14:39:01,365 INFO  [BrowserSelenium] (initElements) -> Name set to field: 
14:39:01,365 INFO  [BrowserSelenium] (initElements) -> CSS set to field: 
14:39:01,365 INFO  [BrowserSelenium] (initElements) -> XPath set to field: //input[@id='product.activeSince']
14:39:01,365 INFO  [BrowserSelenium] (initElements) -> ID set to field: 
14:39:01,366 INFO  [BrowserSelenium] (initElements) -> Name set to field: 
14:39:01,366 INFO  [BrowserSelenium] (initElements) -> CSS set to field: 
14:39:01,366 INFO  [BrowserSelenium] (initElements) -> XPath set to field: //input[@id='product.activeUntil']
14:39:01,366 INFO  [BrowserSelenium] EXIT --> (initElements)
14:39:01,370 INFO  [BrowserSelenium] ENTER --> (clickLinkText)
14:39:01,371 INFO  [BrowserSelenium] ENTER --> (_waitForElement) --> Waiting for element: null
14:39:01,371 INFO  [BrowserSelenium] ENTER --> (waitForElement)
14:39:01,378 INFO  [BrowserSelenium] ENTER --> (_getByLocator)
14:39:01,378 INFO  [BrowserSelenium] (_getByLocator) -> Getting locator for null
14:39:01,378 INFO  [BrowserSelenium] (_getByLocator) -> Locator info found for XPATH attribute as: //span[text()='Add New']
14:39:01,378 INFO  [BrowserSelenium] ENTER --> (_parseElementOnXpath)
14:39:01,379 INFO  [BrowserSelenium] (_parseElementOnXpath) -> //span[text()='Add New'] is used
14:39:01,379 INFO  [BrowserSelenium] EXIT --> (_parseElementOnXpath)
14:39:01,379 INFO  [BrowserSelenium] EXIT --> (_getByLocator)
14:39:02,006 INFO  [BrowserSelenium] ENTER --> (_getByLocator)
14:39:02,007 INFO  [BrowserSelenium] (_getByLocator) -> Getting locator for null
14:39:02,007 INFO  [BrowserSelenium] (_getByLocator) -> Locator info found for XPATH attribute as: //span[text()='Add New']
14:39:02,007 INFO  [BrowserSelenium] ENTER --> (_parseElementOnXpath)
14:39:02,007 INFO  [BrowserSelenium] (_parseElementOnXpath) -> //span[text()='Add New'] is used
14:39:02,008 INFO  [BrowserSelenium] EXIT --> (_parseElementOnXpath)
14:39:02,008 INFO  [BrowserSelenium] EXIT --> (_getByLocator)
14:39:02,048 INFO  [BrowserSelenium] (waitForElement) -> element wait eligibility found: true
14:39:02,048 INFO  [BrowserSelenium] ENTER --> (_waitForJStoLoad)
14:39:02,085 INFO  [BrowserSelenium] EXIT --> (_waitForJStoLoad) --> DOM load wait done: true
14:39:02,086 INFO  [BrowserSelenium] (waitForElement) -> element wait eligibility set: true
14:39:02,086 INFO  [BrowserSelenium] EXIT --> (waitForElement)
14:39:02,087 INFO  [BrowserSelenium] EXIT --> (_waitForElement)
14:39:02,092 INFO  [BrowserSelenium] ENTER --> (_getByLocator)
14:39:02,092 INFO  [BrowserSelenium] (_getByLocator) -> Getting locator for null
14:39:02,092 INFO  [BrowserSelenium] (_getByLocator) -> Locator info found for XPATH attribute as: //span[text()='Add New']
14:39:02,092 INFO  [BrowserSelenium] ENTER --> (_parseElementOnXpath)
14:39:02,093 INFO  [BrowserSelenium] (_parseElementOnXpath) -> //span[text()='Add New'] is used
14:39:02,093 INFO  [BrowserSelenium] EXIT --> (_parseElementOnXpath)
14:39:02,093 INFO  [BrowserSelenium] EXIT --> (_getByLocator)
14:39:02,105 INFO  [BrowserSelenium] ENTER --> (_clickUsingJavaScript)
14:39:02,128 INFO  [BrowserSelenium] EXIT --> (_clickUsingJavaScript)
14:39:02,129 INFO  [BrowserSelenium] EXIT --> (clickLinkText)
14:39:02,129 INFO  [BrowserSelenium] ENTER --> (initElements)
14:39:02,129 INFO  [BrowserSelenium] (initElements) -> ID set to field: 
14:39:02,130 INFO  [BrowserSelenium] (initElements) -> Name set to field: 
14:39:02,130 INFO  [BrowserSelenium] (initElements) -> CSS set to field: 
14:39:02,130 INFO  [BrowserSelenium] (initElements) -> XPath set to field: //table[@id='categories']/tbody//strong[contains(text(),'New Test category')]
14:39:02,130 INFO  [BrowserSelenium] (initElements) -> ID set to field: 
14:39:02,130 INFO  [BrowserSelenium] (initElements) -> Name set to field: 
14:39:02,131 INFO  [BrowserSelenium] (initElements) -> CSS set to field: 
14:39:02,131 INFO  [BrowserSelenium] (initElements) -> XPath set to field: //table[@id='categories']/tbody//strong[contains(text(),'Asset Category 1')]
14:39:02,131 INFO  [BrowserSelenium] (initElements) -> ID set to field: 
14:39:02,131 INFO  [BrowserSelenium] (initElements) -> Name set to field: 
14:39:02,131 INFO  [BrowserSelenium] (initElements) -> CSS set to field: 
14:39:02,131 INFO  [BrowserSelenium] (initElements) -> XPath set to field: //span[text()='Add Product']
14:39:02,132 INFO  [BrowserSelenium] (initElements) -> ID set to field: 
14:39:02,132 INFO  [BrowserSelenium] (initElements) -> Name set to field: 
14:39:02,132 INFO  [BrowserSelenium] (initElements) -> CSS set to field: 
14:39:02,132 INFO  [BrowserSelenium] (initElements) -> XPath set to field: //select[@id='newDescriptionLanguage']
14:39:02,132 INFO  [BrowserSelenium] (initElements) -> ID set to field: 
14:39:02,132 INFO  [BrowserSelenium] (initElements) -> Name set to field: 
14:39:02,133 INFO  [BrowserSelenium] (initElements) -> CSS set to field: 
14:39:02,133 INFO  [BrowserSelenium] (initElements) -> XPath set to field: //a[@onclick='addNewProductDescription()']
14:39:02,133 INFO  [BrowserSelenium] (initElements) -> ID set to field: 
14:39:02,133 INFO  [BrowserSelenium] (initElements) -> Name set to field: 
14:39:02,133 INFO  [BrowserSelenium] (initElements) -> CSS set to field: 
14:39:02,133 INFO  [BrowserSelenium] (initElements) -> XPath set to field: //label[contains(text(),'English Description')]/../div/input[1]
14:39:02,133 INFO  [BrowserSelenium] (initElements) -> ID set to field: 
14:39:02,134 INFO  [BrowserSelenium] (initElements) -> Name set to field: 
14:39:02,134 INFO  [BrowserSelenium] (initElements) -> CSS set to field: 
14:39:02,134 INFO  [BrowserSelenium] (initElements) -> XPath set to field: //input[@id='product.number']
14:39:02,134 INFO  [BrowserSelenium] (initElements) -> ID set to field: 
14:39:02,134 INFO  [BrowserSelenium] (initElements) -> Name set to field: 
14:39:02,134 INFO  [BrowserSelenium] (initElements) -> CSS set to field: 
14:39:02,135 INFO  [BrowserSelenium] (initElements) -> XPath set to field: //input[@id='product.standardAvailability']
14:39:02,135 INFO  [BrowserSelenium] (initElements) -> ID set to field: 
14:39:02,135 INFO  [BrowserSelenium] (initElements) -> Name set to field: 
14:39:02,135 INFO  [BrowserSelenium] (initElements) -> CSS set to field: 
14:39:02,135 INFO  [BrowserSelenium] (initElements) -> XPath set to field: //select[@id='product.accountTypes']
14:39:02,135 INFO  [BrowserSelenium] (initElements) -> ID set to field: 
14:39:02,136 INFO  [BrowserSelenium] (initElements) -> Name set to field: 
14:39:02,136 INFO  [BrowserSelenium] (initElements) -> CSS set to field: 
14:39:02,136 INFO  [BrowserSelenium] (initElements) -> XPath set to field: //select[@class='model-type toolTipElement']
14:39:02,136 INFO  [BrowserSelenium] (initElements) -> ID set to field: 
14:39:02,136 INFO  [BrowserSelenium] (initElements) -> Name set to field: 
14:39:02,136 INFO  [BrowserSelenium] (initElements) -> CSS set to field: 
14:39:02,136 INFO  [BrowserSelenium] (initElements) -> XPath set to field: //input[@id='model.0.rateAsDecimal']
14:39:02,137 INFO  [BrowserSelenium] (initElements) -> ID set to field: 
14:39:02,137 INFO  [BrowserSelenium] (initElements) -> Name set to field: 
14:39:02,137 INFO  [BrowserSelenium] (initElements) -> CSS set to field: 
14:39:02,137 INFO  [BrowserSelenium] (initElements) -> XPath set to field: //select[@id='model.0.currencyId']
14:39:02,137 INFO  [BrowserSelenium] (initElements) -> ID set to field: 
14:39:02,138 INFO  [BrowserSelenium] (initElements) -> Name set to field: 
14:39:02,138 INFO  [BrowserSelenium] (initElements) -> CSS set to field: 
14:39:02,138 INFO  [BrowserSelenium] (initElements) -> XPath set to field: //span[text()='Save Changes']
14:39:02,138 INFO  [BrowserSelenium] (initElements) -> ID set to field: 
14:39:02,138 INFO  [BrowserSelenium] (initElements) -> Name set to field: 
14:39:02,139 INFO  [BrowserSelenium] (initElements) -> CSS set to field: 
14:39:02,139 INFO  [BrowserSelenium] (initElements) -> XPath set to field: //span[text()='Cancel']
14:39:02,139 INFO  [BrowserSelenium] (initElements) -> ID set to field: 
14:39:02,139 INFO  [BrowserSelenium] (initElements) -> Name set to field: 
14:39:02,139 INFO  [BrowserSelenium] (initElements) -> CSS set to field: 
14:39:02,139 INFO  [BrowserSelenium] (initElements) -> XPath set to field: //table[@id='products']/tbody//strong[contains(text(),'Test Code Description')]
14:39:02,140 INFO  [BrowserSelenium] (initElements) -> ID set to field: 
14:39:02,140 INFO  [BrowserSelenium] (initElements) -> Name set to field: 
14:39:02,140 INFO  [BrowserSelenium] (initElements) -> CSS set to field: 
14:39:02,140 INFO  [BrowserSelenium] (initElements) -> XPath set to field: //a[@class='submit edit']
14:39:02,140 INFO  [BrowserSelenium] (initElements) -> ID set to field: 
14:39:02,140 INFO  [BrowserSelenium] (initElements) -> Name set to field: 
14:39:02,140 INFO  [BrowserSelenium] (initElements) -> CSS set to field: 
14:39:02,141 INFO  [BrowserSelenium] (initElements) -> XPath set to field: //input[@id='product.standardPartnerPercentageAsDecimal']
14:39:02,141 INFO  [BrowserSelenium] (initElements) -> ID set to field: 
14:39:02,141 INFO  [BrowserSelenium] (initElements) -> Name set to field: 
14:39:02,141 INFO  [BrowserSelenium] (initElements) -> CSS set to field: 
14:39:02,141 INFO  [BrowserSelenium] (initElements) -> XPath set to field: //input[@id='product.masterPartnerPercentageAsDecimal']
14:39:02,142 INFO  [BrowserSelenium] (initElements) -> ID set to field: 
14:39:02,142 INFO  [BrowserSelenium] (initElements) -> Name set to field: 
14:39:02,142 INFO  [BrowserSelenium] (initElements) -> CSS set to field: 
14:39:02,142 INFO  [BrowserSelenium] (initElements) -> XPath set to field: //input[@id='plg-parm-provisionable_order_change_status_id']
14:39:02,142 INFO  [BrowserSelenium] (initElements) -> ID set to field: 
14:39:02,142 INFO  [BrowserSelenium] (initElements) -> Name set to field: 
14:39:02,142 INFO  [BrowserSelenium] (initElements) -> CSS set to field: 
14:39:02,143 INFO  [BrowserSelenium] (initElements) -> XPath set to field: //select[@id='company-select']
14:39:02,143 INFO  [BrowserSelenium] (initElements) -> ID set to field: 
14:39:02,143 INFO  [BrowserSelenium] (initElements) -> Name set to field: 
14:39:02,143 INFO  [BrowserSelenium] (initElements) -> CSS set to field: 
14:39:02,143 INFO  [BrowserSelenium] (initElements) -> XPath set to field: //ul[@class='top-nav']/li[1]
14:39:02,144 INFO  [BrowserSelenium] (initElements) -> ID set to field: 
14:39:02,144 INFO  [BrowserSelenium] (initElements) -> Name set to field: 
14:39:02,144 INFO  [BrowserSelenium] (initElements) -> CSS set to field: 
14:39:02,144 INFO  [BrowserSelenium] (initElements) -> XPath set to field: //div[@class='heading']//strong[contains(text(),'Add Product Category')]
14:39:02,144 INFO  [BrowserSelenium] (initElements) -> ID set to field: 
14:39:02,144 INFO  [BrowserSelenium] (initElements) -> Name set to field: 
14:39:02,146 INFO  [BrowserSelenium] (initElements) -> CSS set to field: 
14:39:02,146 INFO  [BrowserSelenium] (initElements) -> XPath set to field: //span[text()='Add Category']
14:39:02,147 INFO  [BrowserSelenium] (initElements) -> ID set to field: 
14:39:02,147 INFO  [BrowserSelenium] (initElements) -> Name set to field: 
14:39:02,147 INFO  [BrowserSelenium] (initElements) -> CSS set to field: 
14:39:02,147 INFO  [BrowserSelenium] (initElements) -> XPath set to field: //select[@id='orderLineTypeId']//option
14:39:02,148 INFO  [BrowserSelenium] (initElements) -> ID set to field: 
14:39:02,148 INFO  [BrowserSelenium] (initElements) -> Name set to field: 
14:39:02,148 INFO  [BrowserSelenium] (initElements) -> CSS set to field: 
14:39:02,148 INFO  [BrowserSelenium] (initElements) -> XPath set to field: //select[@id='parentItemTypeId']/option
14:39:02,149 INFO  [BrowserSelenium] (initElements) -> ID set to field: 
14:39:02,149 INFO  [BrowserSelenium] (initElements) -> Name set to field: 
14:39:02,149 INFO  [BrowserSelenium] (initElements) -> CSS set to field: 
14:39:02,149 INFO  [BrowserSelenium] (initElements) -> XPath set to field: //input[@id='description']
14:39:02,150 INFO  [BrowserSelenium] (initElements) -> ID set to field: 
14:39:02,150 INFO  [BrowserSelenium] (initElements) -> Name set to field: 
14:39:02,150 INFO  [BrowserSelenium] (initElements) -> CSS set to field: 
14:39:02,150 INFO  [BrowserSelenium] (initElements) -> XPath set to field: //a[@class='submit save']//span[contains(text(),'Save Changes')]
14:39:02,151 INFO  [BrowserSelenium] (initElements) -> ID set to field: 
14:39:02,151 INFO  [BrowserSelenium] (initElements) -> Name set to field: 
14:39:02,151 INFO  [BrowserSelenium] (initElements) -> CSS set to field: 
14:39:02,151 INFO  [BrowserSelenium] (initElements) -> XPath set to field: //span[text()='Edit']
14:39:02,152 INFO  [BrowserSelenium] (initElements) -> ID set to field: 
14:39:02,152 INFO  [BrowserSelenium] (initElements) -> Name set to field: 
14:39:02,152 INFO  [BrowserSelenium] (initElements) -> CSS set to field: 
14:39:02,152 INFO  [BrowserSelenium] (initElements) -> XPath set to field: //input[@id='allowAssetManagement']
14:39:02,152 INFO  [BrowserSelenium] (initElements) -> ID set to field: 
14:39:02,153 INFO  [BrowserSelenium] (initElements) -> Name set to field: 
14:39:02,153 INFO  [BrowserSelenium] (initElements) -> CSS set to field: 
14:39:02,153 INFO  [BrowserSelenium] (initElements) -> XPath set to field: //span[text()='Asset Statuses']
14:39:02,153 INFO  [BrowserSelenium] (initElements) -> ID set to field: 
14:39:02,153 INFO  [BrowserSelenium] (initElements) -> Name set to field: 
14:39:02,154 INFO  [BrowserSelenium] (initElements) -> CSS set to field: 
14:39:02,154 INFO  [BrowserSelenium] (initElements) -> XPath set to field: //input[@id='lastStatusName']
14:39:02,155 INFO  [BrowserSelenium] (initElements) -> ID set to field: 
14:39:02,155 INFO  [BrowserSelenium] (initElements) -> Name set to field: 
14:39:02,155 INFO  [BrowserSelenium] (initElements) -> CSS set to field: 
14:39:02,155 INFO  [BrowserSelenium] (initElements) -> XPath set to field: //th[contains(text(),'Available')]/following::tbody/tr[1]/td[2]/input[@type='checkbox']
14:39:02,155 INFO  [BrowserSelenium] (initElements) -> ID set to field: 
14:39:02,156 INFO  [BrowserSelenium] (initElements) -> Name set to field: 
14:39:02,156 INFO  [BrowserSelenium] (initElements) -> CSS set to field: 
14:39:02,156 INFO  [BrowserSelenium] (initElements) -> XPath set to field: //th[contains(text(),'Available')]/following::tbody/tr[1]/td[3]/input[@type='checkbox']
14:39:02,156 INFO  [BrowserSelenium] (initElements) -> ID set to field: 
14:39:02,156 INFO  [BrowserSelenium] (initElements) -> Name set to field: 
14:39:02,156 INFO  [BrowserSelenium] (initElements) -> CSS set to field: 
14:39:02,157 INFO  [BrowserSelenium] (initElements) -> XPath set to field: //th[contains(text(),'Available')]/following::tbody/tr[2]/td[4]/input[@type='checkbox']
14:39:02,157 INFO  [BrowserSelenium] (initElements) -> ID set to field: 
14:39:02,157 INFO  [BrowserSelenium] (initElements) -> Name set to field: 
14:39:02,157 INFO  [BrowserSelenium] (initElements) -> CSS set to field: 
14:39:02,157 INFO  [BrowserSelenium] (initElements) -> XPath set to field: //tr[@id='lastStatus']/td[5]/a/img
14:39:02,157 INFO  [BrowserSelenium] (initElements) -> ID set to field: 
14:39:02,157 INFO  [BrowserSelenium] (initElements) -> Name set to field: 
14:39:02,158 INFO  [BrowserSelenium] (initElements) -> CSS set to field: 
14:39:02,158 INFO  [BrowserSelenium] (initElements) -> XPath set to field: //div[@id='assetMetaFields']/div[2]/div[1]/span[1]/a/img
14:39:02,158 INFO  [BrowserSelenium] (initElements) -> ID set to field: 
14:39:02,158 INFO  [BrowserSelenium] (initElements) -> Name set to field: 
14:39:02,158 INFO  [BrowserSelenium] (initElements) -> CSS set to field: 
14:39:02,158 INFO  [BrowserSelenium] (initElements) -> XPath set to field: //input[@id='metaField2.name']
14:39:02,159 INFO  [BrowserSelenium] (initElements) -> ID set to field: 
14:39:02,159 INFO  [BrowserSelenium] (initElements) -> Name set to field: 
14:39:02,159 INFO  [BrowserSelenium] (initElements) -> CSS set to field: 
14:39:02,159 INFO  [BrowserSelenium] (initElements) -> XPath set to field: //table[@id='categories']/tbody/tr[1]/td/a/strong
14:39:02,159 INFO  [BrowserSelenium] (initElements) -> ID set to field: 
14:39:02,159 INFO  [BrowserSelenium] (initElements) -> Name set to field: 
14:39:02,159 INFO  [BrowserSelenium] (initElements) -> CSS set to field: 
14:39:02,160 INFO  [BrowserSelenium] (initElements) -> XPath set to field: //ul[@class='top-nav']/li[1]
14:39:02,160 INFO  [BrowserSelenium] (initElements) -> ID set to field: 
14:39:02,160 INFO  [BrowserSelenium] (initElements) -> Name set to field: 
14:39:02,160 INFO  [BrowserSelenium] (initElements) -> CSS set to field: 
14:39:02,160 INFO  [BrowserSelenium] (initElements) -> XPath set to field: //select[@id = 'parentItemTypeId']
14:39:02,160 INFO  [BrowserSelenium] (initElements) -> ID set to field: 
14:39:02,161 INFO  [BrowserSelenium] (initElements) -> Name set to field: 
14:39:02,161 INFO  [BrowserSelenium] (initElements) -> CSS set to field: 
14:39:02,161 INFO  [BrowserSelenium] (initElements) -> XPath set to field: //div[@class='menu-items']/ul/li-->>{TXT}Plug-ins{TXT}
14:39:02,161 INFO  [BrowserSelenium] (initElements) -> ID set to field: 
14:39:02,161 INFO  [BrowserSelenium] (initElements) -> Name set to field: 
14:39:02,161 INFO  [BrowserSelenium] (initElements) -> CSS set to field: 
14:39:02,161 INFO  [BrowserSelenium] (initElements) -> XPath set to field: //strong[contains(text(),'Generic internal events listener')]
14:39:02,162 INFO  [BrowserSelenium] (initElements) -> ID set to field: 
14:39:02,162 INFO  [BrowserSelenium] (initElements) -> Name set to field: 
14:39:02,162 INFO  [BrowserSelenium] (initElements) -> CSS set to field: 
14:39:02,162 INFO  [BrowserSelenium] (initElements) -> XPath set to field: //span[text()='Add New']
14:39:02,162 INFO  [BrowserSelenium] (initElements) -> ID set to field: 
14:39:02,163 INFO  [BrowserSelenium] (initElements) -> Name set to field: 
14:39:02,163 INFO  [BrowserSelenium] (initElements) -> CSS set to field: 
14:39:02,163 INFO  [BrowserSelenium] (initElements) -> XPath set to field: //select[@id='typeId']
14:39:02,163 INFO  [BrowserSelenium] (initElements) -> ID set to field: 
14:39:02,163 INFO  [BrowserSelenium] (initElements) -> Name set to field: 
14:39:02,163 INFO  [BrowserSelenium] (initElements) -> CSS set to field: 
14:39:02,164 INFO  [BrowserSelenium] (initElements) -> XPath set to field: //input[@id='processingOrder']
14:39:02,164 INFO  [BrowserSelenium] (initElements) -> ID set to field: 
14:39:02,164 INFO  [BrowserSelenium] (initElements) -> Name set to field: 
14:39:02,164 INFO  [BrowserSelenium] (initElements) -> CSS set to field: 
14:39:02,164 INFO  [BrowserSelenium] (initElements) -> XPath set to field: //span[text()='Save Plug-in']
14:39:02,164 INFO  [BrowserSelenium] (initElements) -> ID set to field: 
14:39:02,164 INFO  [BrowserSelenium] (initElements) -> Name set to field: 
14:39:02,165 INFO  [BrowserSelenium] (initElements) -> CSS set to field: 
14:39:02,165 INFO  [BrowserSelenium] (initElements) -> XPath set to field: //div[@id='assetManagementEnabledDiv']/div/input[2]
14:39:02,165 INFO  [BrowserSelenium] (initElements) -> ID set to field: 
14:39:02,165 INFO  [BrowserSelenium] (initElements) -> Name set to field: 
14:39:02,166 INFO  [BrowserSelenium] (initElements) -> CSS set to field: 
14:39:02,166 INFO  [BrowserSelenium] (initElements) -> XPath set to field: //span[text()='Add Asset']
14:39:02,166 INFO  [BrowserSelenium] (initElements) -> ID set to field: 
14:39:02,166 INFO  [BrowserSelenium] (initElements) -> Name set to field: 
14:39:02,166 INFO  [BrowserSelenium] (initElements) -> CSS set to field: 
14:39:02,167 INFO  [BrowserSelenium] (initElements) -> XPath set to field: //span[text()='Add New']
14:39:02,167 INFO  [BrowserSelenium] (initElements) -> ID set to field: 
14:39:02,167 INFO  [BrowserSelenium] (initElements) -> Name set to field: 
14:39:02,167 INFO  [BrowserSelenium] (initElements) -> CSS set to field: 
14:39:02,167 INFO  [BrowserSelenium] (initElements) -> XPath set to field: //input[@id='identifier']
14:39:02,167 INFO  [BrowserSelenium] (initElements) -> ID set to field: 
14:39:02,168 INFO  [BrowserSelenium] (initElements) -> Name set to field: 
14:39:02,168 INFO  [BrowserSelenium] (initElements) -> CSS set to field: 
14:39:02,168 INFO  [BrowserSelenium] (initElements) -> XPath set to field: //span[text()='Save Changes']
14:39:02,168 INFO  [BrowserSelenium] (initElements) -> ID set to field: 
14:39:02,168 INFO  [BrowserSelenium] (initElements) -> Name set to field: 
14:39:02,168 INFO  [BrowserSelenium] (initElements) -> CSS set to field: 
14:39:02,168 INFO  [BrowserSelenium] (initElements) -> XPath set to field: //strong[contains(text(),'Agent Commission Calculation Process.')]
14:39:02,169 INFO  [BrowserSelenium] (initElements) -> ID set to field: 
14:39:02,169 INFO  [BrowserSelenium] (initElements) -> Name set to field: 
14:39:02,169 INFO  [BrowserSelenium] (initElements) -> CSS set to field: 
14:39:02,170 INFO  [BrowserSelenium] (initElements) -> XPath set to field: //input[@id='description']
14:39:02,170 INFO  [BrowserSelenium] (initElements) -> ID set to field: 
14:39:02,170 INFO  [BrowserSelenium] (initElements) -> Name set to field: 
14:39:02,171 INFO  [BrowserSelenium] (initElements) -> CSS set to field: 
14:39:02,171 INFO  [BrowserSelenium] (initElements) -> XPath set to field: //span[text()='Save Changes']
14:39:02,171 INFO  [BrowserSelenium] (initElements) -> ID set to field: 
14:39:02,171 INFO  [BrowserSelenium] (initElements) -> Name set to field: 
14:39:02,171 INFO  [BrowserSelenium] (initElements) -> CSS set to field: 
14:39:02,171 INFO  [BrowserSelenium] (initElements) -> XPath set to field: //label[text()='Included Quantity']/../div/input[2]
14:39:02,171 INFO  [BrowserSelenium] (initElements) -> ID set to field: 
14:39:02,172 INFO  [BrowserSelenium] (initElements) -> Name set to field: 
14:39:02,172 INFO  [BrowserSelenium] (initElements) -> CSS set to field: 
14:39:02,172 INFO  [BrowserSelenium] (initElements) -> XPath set to field: //span[text()='Dependencies']
14:39:02,172 INFO  [BrowserSelenium] (initElements) -> ID set to field: 
14:39:02,172 INFO  [BrowserSelenium] (initElements) -> Name set to field: 
14:39:02,172 INFO  [BrowserSelenium] (initElements) -> CSS set to field: 
14:39:02,173 INFO  [BrowserSelenium] (initElements) -> XPath set to field: //select[@id='product.dependencyItemTypes']
14:39:02,173 INFO  [BrowserSelenium] (initElements) -> ID set to field: 
14:39:02,173 INFO  [BrowserSelenium] (initElements) -> Name set to field: 
14:39:02,173 INFO  [BrowserSelenium] (initElements) -> CSS set to field: 
14:39:02,173 INFO  [BrowserSelenium] (initElements) -> XPath set to field: //select[@id='product.dependencyItems']
14:39:02,173 INFO  [BrowserSelenium] (initElements) -> ID set to field: 
14:39:02,174 INFO  [BrowserSelenium] (initElements) -> Name set to field: 
14:39:02,174 INFO  [BrowserSelenium] (initElements) -> CSS set to field: 
14:39:02,174 INFO  [BrowserSelenium] (initElements) -> XPath set to field: //img[@alt='Add']
14:39:02,174 INFO  [BrowserSelenium] (initElements) -> ID set to field: 
14:39:02,174 INFO  [BrowserSelenium] (initElements) -> Name set to field: 
14:39:02,174 INFO  [BrowserSelenium] (initElements) -> CSS set to field: 
14:39:02,174 INFO  [BrowserSelenium] (initElements) -> XPath set to field: //table[@id='users']/tbody/tr/td/a/strong
14:39:02,175 INFO  [BrowserSelenium] (initElements) -> ID set to field: 
14:39:02,175 INFO  [BrowserSelenium] (initElements) -> Name set to field: 
14:39:02,175 INFO  [BrowserSelenium] (initElements) -> CSS set to field: 
14:39:02,175 INFO  [BrowserSelenium] (initElements) -> XPath set to field: //table[@id='categories']
14:39:02,175 INFO  [BrowserSelenium] (initElements) -> ID set to field: 
14:39:02,175 INFO  [BrowserSelenium] (initElements) -> Name set to field: 
14:39:02,176 INFO  [BrowserSelenium] (initElements) -> CSS set to field: 
14:39:02,176 INFO  [BrowserSelenium] (initElements) -> XPath set to field: //table[@id='products']
14:39:02,176 INFO  [BrowserSelenium] (initElements) -> ID set to field: 
14:39:02,176 INFO  [BrowserSelenium] (initElements) -> Name set to field: 
14:39:02,176 INFO  [BrowserSelenium] (initElements) -> CSS set to field: 
14:39:02,176 INFO  [BrowserSelenium] (initElements) -> XPath set to field: //table[@id='categories']/tbody/tr/td/a/strong
14:39:02,176 INFO  [BrowserSelenium] (initElements) -> ID set to field: 
14:39:02,177 INFO  [BrowserSelenium] (initElements) -> Name set to field: 
14:39:02,177 INFO  [BrowserSelenium] (initElements) -> CSS set to field: 
14:39:02,177 INFO  [BrowserSelenium] (initElements) -> XPath set to field: //table[@id='products']/tbody/tr/td/a/strong
14:39:02,177 INFO  [BrowserSelenium] (initElements) -> ID set to field: 
14:39:02,177 INFO  [BrowserSelenium] (initElements) -> Name set to field: 
14:39:02,177 INFO  [BrowserSelenium] (initElements) -> CSS set to field: 
14:39:02,178 INFO  [BrowserSelenium] (initElements) -> XPath set to field: 
14:39:02,178 INFO  [BrowserSelenium] (initElements) -> ID set to field: 
14:39:02,178 INFO  [BrowserSelenium] (initElements) -> Name set to field: 
14:39:02,178 INFO  [BrowserSelenium] (initElements) -> CSS set to field: 
14:39:02,178 INFO  [BrowserSelenium] (initElements) -> XPath set to field: 
14:39:02,178 INFO  [BrowserSelenium] (initElements) -> ID set to field: 
14:39:02,179 INFO  [BrowserSelenium] (initElements) -> Name set to field: 
14:39:02,179 INFO  [BrowserSelenium] (initElements) -> CSS set to field: 
14:39:02,179 INFO  [BrowserSelenium] (initElements) -> XPath set to field: //span[text()='Delete']
14:39:02,179 INFO  [BrowserSelenium] (initElements) -> ID set to field: 
14:39:02,179 INFO  [BrowserSelenium] (initElements) -> Name set to field: 
14:39:02,179 INFO  [BrowserSelenium] (initElements) -> CSS set to field: 
14:39:02,180 INFO  [BrowserSelenium] (initElements) -> XPath set to field: //button/span[text()='Yes']
14:39:02,180 INFO  [BrowserSelenium] (initElements) -> ID set to field: 
14:39:02,180 INFO  [BrowserSelenium] (initElements) -> Name set to field: 
14:39:02,180 INFO  [BrowserSelenium] (initElements) -> CSS set to field: 
14:39:02,180 INFO  [BrowserSelenium] (initElements) -> XPath set to field: //span[contains(text(),'Add Category')]
14:39:02,181 INFO  [BrowserSelenium] (initElements) -> ID set to field: 
14:39:02,181 INFO  [BrowserSelenium] (initElements) -> Name set to field: 
14:39:02,181 INFO  [BrowserSelenium] (initElements) -> CSS set to field: 
14:39:02,181 INFO  [BrowserSelenium] (initElements) -> XPath set to field: 
14:39:02,182 INFO  [BrowserSelenium] (initElements) -> ID set to field: 
14:39:02,182 INFO  [BrowserSelenium] (initElements) -> Name set to field: 
14:39:02,182 INFO  [BrowserSelenium] (initElements) -> CSS set to field: 
14:39:02,182 INFO  [BrowserSelenium] (initElements) -> XPath set to field: 
14:39:02,182 INFO  [BrowserSelenium] (initElements) -> ID set to field: 
14:39:02,183 INFO  [BrowserSelenium] (initElements) -> Name set to field: 
14:39:02,183 INFO  [BrowserSelenium] (initElements) -> CSS set to field: 
14:39:02,183 INFO  [BrowserSelenium] (initElements) -> XPath set to field: 
14:39:02,183 INFO  [BrowserSelenium] (initElements) -> ID set to field: 
14:39:02,183 INFO  [BrowserSelenium] (initElements) -> Name set to field: 
14:39:02,184 INFO  [BrowserSelenium] (initElements) -> CSS set to field: 
14:39:02,184 INFO  [BrowserSelenium] (initElements) -> XPath set to field: 
14:39:02,184 INFO  [BrowserSelenium] (initElements) -> ID set to field: 
14:39:02,184 INFO  [BrowserSelenium] (initElements) -> Name set to field: 
14:39:02,184 INFO  [BrowserSelenium] (initElements) -> CSS set to field: 
14:39:02,184 INFO  [BrowserSelenium] (initElements) -> XPath set to field: //div[@id='breadcrumbs']
14:39:02,185 INFO  [BrowserSelenium] (initElements) -> ID set to field: global-checkbox
14:39:02,185 INFO  [BrowserSelenium] (initElements) -> Name set to field: 
14:39:02,185 INFO  [BrowserSelenium] (initElements) -> CSS set to field: 
14:39:02,185 INFO  [BrowserSelenium] (initElements) -> XPath set to field: 
14:39:02,185 INFO  [BrowserSelenium] (initElements) -> ID set to field: allowAssetManagement
14:39:02,186 INFO  [BrowserSelenium] (initElements) -> Name set to field: 
14:39:02,186 INFO  [BrowserSelenium] (initElements) -> CSS set to field: 
14:39:02,187 INFO  [BrowserSelenium] (initElements) -> XPath set to field: 
14:39:02,187 INFO  [BrowserSelenium] (initElements) -> ID set to field: lastStatusAvailable
14:39:02,187 INFO  [BrowserSelenium] (initElements) -> Name set to field: 
14:39:02,187 INFO  [BrowserSelenium] (initElements) -> CSS set to field: 
14:39:02,187 INFO  [BrowserSelenium] (initElements) -> XPath set to field: 
14:39:02,187 INFO  [BrowserSelenium] (initElements) -> ID set to field: 
14:39:02,188 INFO  [BrowserSelenium] (initElements) -> Name set to field: 
14:39:02,188 INFO  [BrowserSelenium] (initElements) -> CSS set to field: 
14:39:02,188 INFO  [BrowserSelenium] (initElements) -> XPath set to field: //*[@id='lastStatus']/td[5]/a/img
14:39:02,188 INFO  [BrowserSelenium] (initElements) -> ID set to field: lastStatusOrderSaved
14:39:02,188 INFO  [BrowserSelenium] (initElements) -> Name set to field: 
14:39:02,188 INFO  [BrowserSelenium] (initElements) -> CSS set to field: 
14:39:02,189 INFO  [BrowserSelenium] (initElements) -> XPath set to field: 
14:39:02,189 INFO  [BrowserSelenium] (initElements) -> ID set to field: description
14:39:02,189 INFO  [BrowserSelenium] (initElements) -> Name set to field: 
14:39:02,189 INFO  [BrowserSelenium] (initElements) -> CSS set to field: 
14:39:02,189 INFO  [BrowserSelenium] (initElements) -> XPath set to field: 
14:39:02,189 INFO  [BrowserSelenium] (initElements) -> ID set to field: 
14:39:02,189 INFO  [BrowserSelenium] (initElements) -> Name set to field: 
14:39:02,190 INFO  [BrowserSelenium] (initElements) -> CSS set to field: 
14:39:02,190 INFO  [BrowserSelenium] (initElements) -> XPath set to field: //span[contains(text(), 'Save Changes')]
14:39:02,190 INFO  [BrowserSelenium] (initElements) -> ID set to field: lastStatusDefault
14:39:02,190 INFO  [BrowserSelenium] (initElements) -> Name set to field: 
14:39:02,190 INFO  [BrowserSelenium] (initElements) -> CSS set to field: 
14:39:02,190 INFO  [BrowserSelenium] (initElements) -> XPath set to field: 
14:39:02,190 INFO  [BrowserSelenium] (initElements) -> ID set to field: 
14:39:02,191 INFO  [BrowserSelenium] (initElements) -> Name set to field: 
14:39:02,191 INFO  [BrowserSelenium] (initElements) -> CSS set to field: 
14:39:02,191 INFO  [BrowserSelenium] (initElements) -> XPath set to field: //span[contains(text(),'Add Product')]
14:39:02,191 INFO  [BrowserSelenium] (initElements) -> ID set to field: 
14:39:02,191 INFO  [BrowserSelenium] (initElements) -> Name set to field: 
14:39:02,191 INFO  [BrowserSelenium] (initElements) -> CSS set to field: 
14:39:02,192 INFO  [BrowserSelenium] (initElements) -> XPath set to field: //*[@id='addDescription']/div/a/img
14:39:02,192 INFO  [BrowserSelenium] (initElements) -> ID set to field: product.descriptions[1].content
14:39:02,192 INFO  [BrowserSelenium] (initElements) -> Name set to field: 
14:39:02,192 INFO  [BrowserSelenium] (initElements) -> CSS set to field: 
14:39:02,192 INFO  [BrowserSelenium] (initElements) -> XPath set to field: 
14:39:02,192 INFO  [BrowserSelenium] (initElements) -> ID set to field: product.number
14:39:02,192 INFO  [BrowserSelenium] (initElements) -> Name set to field: 
14:39:02,192 INFO  [BrowserSelenium] (initElements) -> CSS set to field: 
14:39:02,192 INFO  [BrowserSelenium] (initElements) -> XPath set to field: 
14:39:02,193 INFO  [BrowserSelenium] (initElements) -> ID set to field: newDescriptionLanguage
14:39:02,193 INFO  [BrowserSelenium] (initElements) -> Name set to field: 
14:39:02,193 INFO  [BrowserSelenium] (initElements) -> CSS set to field: 
14:39:02,193 INFO  [BrowserSelenium] (initElements) -> XPath set to field: 
14:39:02,193 INFO  [BrowserSelenium] (initElements) -> ID set to field: 
14:39:02,193 INFO  [BrowserSelenium] (initElements) -> Name set to field: 
14:39:02,194 INFO  [BrowserSelenium] (initElements) -> CSS set to field: 
14:39:02,194 INFO  [BrowserSelenium] (initElements) -> XPath set to field: //input[@id='assetManagementEnabled']
14:39:02,194 INFO  [BrowserSelenium] (initElements) -> ID set to field: model.0.type
14:39:02,194 INFO  [BrowserSelenium] (initElements) -> Name set to field: 
14:39:02,194 INFO  [BrowserSelenium] (initElements) -> CSS set to field: 
14:39:02,194 INFO  [BrowserSelenium] (initElements) -> XPath set to field: 
14:39:02,195 INFO  [BrowserSelenium] (initElements) -> ID set to field: model.0.rateAsDecimal
14:39:02,195 INFO  [BrowserSelenium] (initElements) -> Name set to field: 
14:39:02,195 INFO  [BrowserSelenium] (initElements) -> CSS set to field: 
14:39:02,195 INFO  [BrowserSelenium] (initElements) -> XPath set to field: 
14:39:02,195 INFO  [BrowserSelenium] (initElements) -> ID set to field: product.priceModelCompanyId
14:39:02,195 INFO  [BrowserSelenium] (initElements) -> Name set to field: 
14:39:02,196 INFO  [BrowserSelenium] (initElements) -> CSS set to field: 
14:39:02,196 INFO  [BrowserSelenium] (initElements) -> XPath set to field: 
14:39:02,196 INFO  [BrowserSelenium] (initElements) -> ID set to field: 
14:39:02,196 INFO  [BrowserSelenium] (initElements) -> Name set to field: 
14:39:02,196 INFO  [BrowserSelenium] (initElements) -> CSS set to field: 
14:39:02,197 INFO  [BrowserSelenium] (initElements) -> XPath set to field: //span[contains(text(),'Add Asset')]
14:39:02,197 INFO  [BrowserSelenium] (initElements) -> ID set to field: 
14:39:02,197 INFO  [BrowserSelenium] (initElements) -> Name set to field: 
14:39:02,197 INFO  [BrowserSelenium] (initElements) -> CSS set to field: 
14:39:02,197 INFO  [BrowserSelenium] (initElements) -> XPath set to field: //span[contains(text(),'Add New')]
14:39:02,198 INFO  [BrowserSelenium] (initElements) -> ID set to field: 
14:39:02,198 INFO  [BrowserSelenium] (initElements) -> Name set to field: 
14:39:02,198 INFO  [BrowserSelenium] (initElements) -> CSS set to field: 
14:39:02,198 INFO  [BrowserSelenium] (initElements) -> XPath set to field: //th[text()='Name']/following::tbody/tr[1]/td/input[@type='text']
14:39:02,199 INFO  [BrowserSelenium] (initElements) -> ID set to field: 
14:39:02,199 INFO  [BrowserSelenium] (initElements) -> Name set to field: 
14:39:02,199 INFO  [BrowserSelenium] (initElements) -> CSS set to field: 
14:39:02,199 INFO  [BrowserSelenium] (initElements) -> XPath set to field: //th[text()='Name']/following::tbody/tr[contains(@id,'lastStatus')]//td//input[@type='text']
14:39:02,200 INFO  [BrowserSelenium] (initElements) -> ID set to field: 
14:39:02,200 INFO  [BrowserSelenium] (initElements) -> Name set to field: 
14:39:02,200 INFO  [BrowserSelenium] (initElements) -> CSS set to field: 
14:39:02,200 INFO  [BrowserSelenium] (initElements) -> XPath set to field: //table[@id='categories']//tbody//tr//td
14:39:02,200 INFO  [BrowserSelenium] (initElements) -> ID set to field: 
14:39:02,200 INFO  [BrowserSelenium] (initElements) -> Name set to field: 
14:39:02,200 INFO  [BrowserSelenium] (initElements) -> CSS set to field: 
14:39:02,201 INFO  [BrowserSelenium] (initElements) -> XPath set to field: //table[@id='products']//tbody//tr//td
14:39:02,201 INFO  [BrowserSelenium] (initElements) -> ID set to field: 
14:39:02,201 INFO  [BrowserSelenium] (initElements) -> Name set to field: 
14:39:02,201 INFO  [BrowserSelenium] (initElements) -> CSS set to field: 
14:39:02,201 INFO  [BrowserSelenium] (initElements) -> XPath set to field: //table[@id='users']//tbody//tr//td
14:39:02,202 INFO  [BrowserSelenium] (initElements) -> ID set to field: product.dependencyMin
14:39:02,202 INFO  [BrowserSelenium] (initElements) -> Name set to field: 
14:39:02,203 INFO  [BrowserSelenium] (initElements) -> CSS set to field: 
14:39:02,203 INFO  [BrowserSelenium] (initElements) -> XPath set to field: 
14:39:02,203 INFO  [BrowserSelenium] (initElements) -> ID set to field: product.dependencyMax
14:39:02,203 INFO  [BrowserSelenium] (initElements) -> Name set to field: 
14:39:02,203 INFO  [BrowserSelenium] (initElements) -> CSS set to field: 
14:39:02,204 INFO  [BrowserSelenium] (initElements) -> XPath set to field: 
14:39:02,204 INFO  [BrowserSelenium] (initElements) -> ID set to field: 
14:39:02,204 INFO  [BrowserSelenium] (initElements) -> Name set to field: 
14:39:02,204 INFO  [BrowserSelenium] (initElements) -> CSS set to field: 
14:39:02,204 INFO  [BrowserSelenium] (initElements) -> XPath set to field: //table[@id='categories']/tbody//td/a/strong
14:39:02,204 INFO  [BrowserSelenium] (initElements) -> ID set to field: 
14:39:02,204 INFO  [BrowserSelenium] (initElements) -> Name set to field: 
14:39:02,204 INFO  [BrowserSelenium] (initElements) -> CSS set to field: 
14:39:02,204 INFO  [BrowserSelenium] (initElements) -> XPath set to field: //table[@id='products']/tbody//td/a/strong
14:39:02,205 INFO  [BrowserSelenium] (initElements) -> ID set to field: 
14:39:02,205 INFO  [BrowserSelenium] (initElements) -> Name set to field: 
14:39:02,205 INFO  [BrowserSelenium] (initElements) -> CSS set to field: 
14:39:02,205 INFO  [BrowserSelenium] (initElements) -> XPath set to field: //div[@class='form-columns']/div/div/span
14:39:02,205 INFO  [BrowserSelenium] (initElements) -> ID set to field: 
14:39:02,205 INFO  [BrowserSelenium] (initElements) -> Name set to field: 
14:39:02,205 INFO  [BrowserSelenium] (initElements) -> CSS set to field: 
14:39:02,206 INFO  [BrowserSelenium] (initElements) -> XPath set to field: //div[@class='form-columns']/div/div/span
14:39:02,206 INFO  [BrowserSelenium] (initElements) -> ID set to field: 
14:39:02,206 INFO  [BrowserSelenium] (initElements) -> Name set to field: 
14:39:02,206 INFO  [BrowserSelenium] (initElements) -> CSS set to field: 
14:39:02,206 INFO  [BrowserSelenium] (initElements) -> XPath set to field: //div[@class = 'buttons']//span[text()='Save Changes']
14:39:02,206 INFO  [BrowserSelenium] (initElements) -> ID set to field: 
14:39:02,206 INFO  [BrowserSelenium] (initElements) -> Name set to field: 
14:39:02,206 INFO  [BrowserSelenium] (initElements) -> CSS set to field: 
14:39:02,206 INFO  [BrowserSelenium] (initElements) -> XPath set to field: //span[text()='Dependencies']/parent::div[@class = 'box-cards-title']/following-sibling::div[@class = 'box-card-hold']/div/table[@class = 'dataTable']
14:39:02,207 INFO  [BrowserSelenium] (initElements) -> ID set to field: 
14:39:02,207 INFO  [BrowserSelenium] (initElements) -> Name set to field: 
14:39:02,207 INFO  [BrowserSelenium] (initElements) -> CSS set to field: 
14:39:02,207 INFO  [BrowserSelenium] (initElements) -> XPath set to field: //input[contains(@data-customtooltip,'The cap on the maximum amount on the total')]
14:39:02,207 INFO  [BrowserSelenium] (initElements) -> ID set to field: assetIdentifierLabel
14:39:02,207 INFO  [BrowserSelenium] (initElements) -> Name set to field: 
14:39:02,207 INFO  [BrowserSelenium] (initElements) -> CSS set to field: 
14:39:02,207 INFO  [BrowserSelenium] (initElements) -> XPath set to field: 
14:39:02,207 INFO  [BrowserSelenium] (initElements) -> ID set to field: 
14:39:02,208 INFO  [BrowserSelenium] (initElements) -> Name set to field: 
14:39:02,208 INFO  [BrowserSelenium] (initElements) -> CSS set to field: 
14:39:02,208 INFO  [BrowserSelenium] (initElements) -> XPath set to field: //div[@class='field-name']//label//span/following::div
14:39:02,208 INFO  [BrowserSelenium] (initElements) -> ID set to field: mandatoryCheck
14:39:02,208 INFO  [BrowserSelenium] (initElements) -> Name set to field: 
14:39:02,208 INFO  [BrowserSelenium] (initElements) -> CSS set to field: 
14:39:02,208 INFO  [BrowserSelenium] (initElements) -> XPath set to field: 
14:39:02,208 INFO  [BrowserSelenium] (initElements) -> ID set to field: 
14:39:02,208 INFO  [BrowserSelenium] (initElements) -> Name set to field: 
14:39:02,209 INFO  [BrowserSelenium] (initElements) -> CSS set to field: 
14:39:02,209 INFO  [BrowserSelenium] (initElements) -> XPath set to field: //label[text()='Import Meta Field']/following::select/option
14:39:02,209 INFO  [BrowserSelenium] (initElements) -> ID set to field: 
14:39:02,209 INFO  [BrowserSelenium] (initElements) -> Name set to field: 
14:39:02,209 INFO  [BrowserSelenium] (initElements) -> CSS set to field: 
14:39:02,209 INFO  [BrowserSelenium] (initElements) -> XPath set to field: //label[text()='Default value']/following::div/input
14:39:02,209 INFO  [BrowserSelenium] (initElements) -> ID set to field: 
14:39:02,209 INFO  [BrowserSelenium] (initElements) -> Name set to field: 
14:39:02,209 INFO  [BrowserSelenium] (initElements) -> CSS set to field: 
14:39:02,210 INFO  [BrowserSelenium] (initElements) -> XPath set to field: //input[contains(@data-customtooltip,'If mediation is used this field is required.')]
14:39:02,210 INFO  [BrowserSelenium] (initElements) -> ID set to field: 
14:39:02,210 INFO  [BrowserSelenium] (initElements) -> Name set to field: 
14:39:02,210 INFO  [BrowserSelenium] (initElements) -> CSS set to field: 
14:39:02,210 INFO  [BrowserSelenium] (initElements) -> XPath set to field: //input[@data-customtooltip='This represents midnight (the beginning of a day)']
14:39:02,210 INFO  [BrowserSelenium] (initElements) -> ID set to field: 
14:39:02,210 INFO  [BrowserSelenium] (initElements) -> Name set to field: 
14:39:02,211 INFO  [BrowserSelenium] (initElements) -> CSS set to field: 
14:39:02,211 INFO  [BrowserSelenium] (initElements) -> XPath set to field: //input[@id='model.0.attribute.1.value']
14:39:02,211 INFO  [BrowserSelenium] (initElements) -> ID set to field: 
14:39:02,211 INFO  [BrowserSelenium] (initElements) -> Name set to field: 
14:39:02,211 INFO  [BrowserSelenium] (initElements) -> CSS set to field: 
14:39:02,211 INFO  [BrowserSelenium] (initElements) -> XPath set to field: //input[contains(@data-customtooltip,'This represents the range starting value')]
14:39:02,212 INFO  [BrowserSelenium] (initElements) -> ID set to field: 
14:39:02,212 INFO  [BrowserSelenium] (initElements) -> Name set to field: 
14:39:02,212 INFO  [BrowserSelenium] (initElements) -> CSS set to field: 
14:39:02,212 INFO  [BrowserSelenium] (initElements) -> XPath set to field: //input[@data-customtooltip='This is the rate for the range starting from this value(inclusive)']
14:39:02,212 INFO  [BrowserSelenium] (initElements) -> ID set to field: 
14:39:02,212 INFO  [BrowserSelenium] (initElements) -> Name set to field: 
14:39:02,213 INFO  [BrowserSelenium] (initElements) -> CSS set to field: 
14:39:02,213 INFO  [BrowserSelenium] (initElements) -> XPath set to field: //a[@onclick ='addModelAttribute(this, 0, 2)']
14:39:02,213 INFO  [BrowserSelenium] (initElements) -> ID set to field: 
14:39:02,213 INFO  [BrowserSelenium] (initElements) -> Name set to field: 
14:39:02,213 INFO  [BrowserSelenium] (initElements) -> CSS set to field: 
14:39:02,214 INFO  [BrowserSelenium] (initElements) -> XPath set to field:  //input[@name='model.0.attribute.3.name']
14:39:02,214 INFO  [BrowserSelenium] (initElements) -> ID set to field: 
14:39:02,214 INFO  [BrowserSelenium] (initElements) -> Name set to field: 
14:39:02,214 INFO  [BrowserSelenium] (initElements) -> CSS set to field: 
14:39:02,215 INFO  [BrowserSelenium] (initElements) -> XPath set to field: //input[contains(@name,'model.0.attribute.3.value')]
14:39:02,215 INFO  [BrowserSelenium] (initElements) -> ID set to field: 
14:39:02,215 INFO  [BrowserSelenium] (initElements) -> Name set to field: 
14:39:02,215 INFO  [BrowserSelenium] (initElements) -> CSS set to field: 
14:39:02,215 INFO  [BrowserSelenium] (initElements) -> XPath set to field: //a[@onclick ='addModelAttribute(this, 0, 3)']
14:39:02,216 INFO  [BrowserSelenium] (initElements) -> ID set to field: 
14:39:02,216 INFO  [BrowserSelenium] (initElements) -> Name set to field: 
14:39:02,216 INFO  [BrowserSelenium] (initElements) -> CSS set to field: 
14:39:02,216 INFO  [BrowserSelenium] (initElements) -> XPath set to field:  //input[@name='model.0.attribute.4.name']
14:39:02,216 INFO  [BrowserSelenium] (initElements) -> ID set to field: 
14:39:02,217 INFO  [BrowserSelenium] (initElements) -> Name set to field: 
14:39:02,217 INFO  [BrowserSelenium] (initElements) -> CSS set to field: 
14:39:02,217 INFO  [BrowserSelenium] (initElements) -> XPath set to field: //input[contains(@name,'model.0.attribute.4.value')]
14:39:02,217 INFO  [BrowserSelenium] (initElements) -> ID set to field: 
14:39:02,217 INFO  [BrowserSelenium] (initElements) -> Name set to field: 
14:39:02,217 INFO  [BrowserSelenium] (initElements) -> CSS set to field: 
14:39:02,218 INFO  [BrowserSelenium] (initElements) -> XPath set to field: //input[contains(@data-customtooltip,'Number of pulled products to be purchased, to be able to get this product as a bonus')]
14:39:02,218 INFO  [BrowserSelenium] (initElements) -> ID set to field: 
14:39:02,218 INFO  [BrowserSelenium] (initElements) -> Name set to field: 
14:39:02,218 INFO  [BrowserSelenium] (initElements) -> CSS set to field: 
14:39:02,219 INFO  [BrowserSelenium] (initElements) -> XPath set to field: //select[contains(@name,'model.0.attribute.1.value')]
14:39:02,219 INFO  [BrowserSelenium] (initElements) -> ID set to field: 
14:39:02,220 INFO  [BrowserSelenium] (initElements) -> Name set to field: 
14:39:02,220 INFO  [BrowserSelenium] (initElements) -> CSS set to field: 
14:39:02,220 INFO  [BrowserSelenium] (initElements) -> XPath set to field: //input[contains(@data-customtooltip,'The calculation to determine the percentage is Selection Category/Category Percent x 100')]
14:39:02,220 INFO  [BrowserSelenium] (initElements) -> ID set to field: 
14:39:02,220 INFO  [BrowserSelenium] (initElements) -> Name set to field: 
14:39:02,221 INFO  [BrowserSelenium] (initElements) -> CSS set to field: 
14:39:02,221 INFO  [BrowserSelenium] (initElements) -> XPath set to field: //input[@data-customtooltip='Pair range between percentage calculated and the ID the product added, starting from 0 percent']
14:39:02,221 INFO  [BrowserSelenium] (initElements) -> ID set to field: 
14:39:02,221 INFO  [BrowserSelenium] (initElements) -> Name set to field: 
14:39:02,221 INFO  [BrowserSelenium] (initElements) -> CSS set to field: 
14:39:02,221 INFO  [BrowserSelenium] (initElements) -> XPath set to field: //input[contains(@data-customtooltip,'Pair range between quantity of products in selected category and the ID the product added, starting from 1')]
14:39:02,222 INFO  [BrowserSelenium] (initElements) -> ID set to field: 
14:39:02,222 INFO  [BrowserSelenium] (initElements) -> Name set to field: 
14:39:02,222 INFO  [BrowserSelenium] (initElements) -> CSS set to field: 
14:39:02,222 INFO  [BrowserSelenium] (initElements) -> XPath set to field: //input[@name='model.0.attribute.1.name']
14:39:02,222 INFO  [BrowserSelenium] (initElements) -> ID set to field: 
14:39:02,222 INFO  [BrowserSelenium] (initElements) -> Name set to field: 
14:39:02,223 INFO  [BrowserSelenium] (initElements) -> CSS set to field: 
14:39:02,223 INFO  [BrowserSelenium] (initElements) -> XPath set to field: //input[@name='model.0.attribute.1.value']
14:39:02,223 INFO  [BrowserSelenium] (initElements) -> ID set to field: 
14:39:02,223 INFO  [BrowserSelenium] (initElements) -> Name set to field: 
14:39:02,223 INFO  [BrowserSelenium] (initElements) -> CSS set to field: 
14:39:02,223 INFO  [BrowserSelenium] (initElements) -> XPath set to field: //span[contains(.,'Add Chain')]
14:39:02,223 INFO  [BrowserSelenium] (initElements) -> ID set to field: 
14:39:02,224 INFO  [BrowserSelenium] (initElements) -> Name set to field: 
14:39:02,224 INFO  [BrowserSelenium] (initElements) -> CSS set to field: 
14:39:02,224 INFO  [BrowserSelenium] (initElements) -> XPath set to field: //input[contains(@data-customtooltip,'The rate of the product after the included quantity')]
14:39:02,224 INFO  [BrowserSelenium] (initElements) -> ID set to field: 
14:39:02,224 INFO  [BrowserSelenium] (initElements) -> Name set to field: 
14:39:02,224 INFO  [BrowserSelenium] (initElements) -> CSS set to field: 
14:39:02,225 INFO  [BrowserSelenium] (initElements) -> XPath set to field: //input[contains(@data-customtooltip,'Number of included products for free')]
14:39:02,225 INFO  [BrowserSelenium] (initElements) -> ID set to field: 
14:39:02,225 INFO  [BrowserSelenium] (initElements) -> Name set to field: 
14:39:02,225 INFO  [BrowserSelenium] (initElements) -> CSS set to field: 
14:39:02,225 INFO  [BrowserSelenium] (initElements) -> XPath set to field: //table[@id='categories']/tbody//strong[contains(text(),'Test category')]
14:39:02,225 INFO  [BrowserSelenium] (initElements) -> ID set to field: 
14:39:02,226 INFO  [BrowserSelenium] (initElements) -> Name set to field: 
14:39:02,226 INFO  [BrowserSelenium] (initElements) -> CSS set to field: 
14:39:02,226 INFO  [BrowserSelenium] (initElements) -> XPath set to field: //strong[text()='Lemonade']
14:39:02,226 INFO  [BrowserSelenium] (initElements) -> ID set to field: 
14:39:02,226 INFO  [BrowserSelenium] (initElements) -> Name set to field: 
14:39:02,226 INFO  [BrowserSelenium] (initElements) -> CSS set to field: 
14:39:02,227 INFO  [BrowserSelenium] (initElements) -> XPath set to field: 	//strong[text()='Coffee']
14:39:02,227 INFO  [BrowserSelenium] (initElements) -> ID set to field: 
14:39:02,227 INFO  [BrowserSelenium] (initElements) -> Name set to field: 
14:39:02,227 INFO  [BrowserSelenium] (initElements) -> CSS set to field: 
14:39:02,227 INFO  [BrowserSelenium] (initElements) -> XPath set to field: //*[@id='product.dependencyItems']/option[2]
14:39:02,227 INFO  [BrowserSelenium] (initElements) -> ID set to field: 
14:39:02,227 INFO  [BrowserSelenium] (initElements) -> Name set to field: 
14:39:02,228 INFO  [BrowserSelenium] (initElements) -> CSS set to field: 
14:39:02,228 INFO  [BrowserSelenium] (initElements) -> XPath set to field: //*[@id='save-product-form']/fieldset/div[7]/ul/li[1]/a
14:39:02,228 INFO  [BrowserSelenium] (initElements) -> ID set to field: 
14:39:02,228 INFO  [BrowserSelenium] (initElements) -> Name set to field: 
14:39:02,228 INFO  [BrowserSelenium] (initElements) -> CSS set to field: 
14:39:02,229 INFO  [BrowserSelenium] (initElements) -> XPath set to field: //table[@id='categories']/tbody/tr/td/a/strong
14:39:02,229 INFO  [BrowserSelenium] (initElements) -> ID set to field: 
14:39:02,229 INFO  [BrowserSelenium] (initElements) -> Name set to field: 
14:39:02,229 INFO  [BrowserSelenium] (initElements) -> CSS set to field: 
14:39:02,230 INFO  [BrowserSelenium] (initElements) -> XPath set to field: //table[@class='innerTable']/tbody/tr/td
14:39:02,230 INFO  [BrowserSelenium] (initElements) -> ID set to field: 
14:39:02,230 INFO  [BrowserSelenium] (initElements) -> Name set to field: 
14:39:02,230 INFO  [BrowserSelenium] (initElements) -> CSS set to field: 
14:39:02,231 INFO  [BrowserSelenium] (initElements) -> XPath set to field: //table[@class='dataTable']/tbody/tr/td
14:39:02,231 INFO  [BrowserSelenium] (initElements) -> ID set to field: 
14:39:02,231 INFO  [BrowserSelenium] (initElements) -> Name set to field: 
14:39:02,231 INFO  [BrowserSelenium] (initElements) -> CSS set to field: 
14:39:02,231 INFO  [BrowserSelenium] (initElements) -> XPath set to field: //input[@id='onePerOrder']
14:39:02,232 INFO  [BrowserSelenium] (initElements) -> ID set to field: 
14:39:02,232 INFO  [BrowserSelenium] (initElements) -> Name set to field: 
14:39:02,232 INFO  [BrowserSelenium] (initElements) -> CSS set to field: 
14:39:02,232 INFO  [BrowserSelenium] (initElements) -> XPath set to field: //input[@id='onePerCustomer']
14:39:02,233 INFO  [BrowserSelenium] (initElements) -> ID set to field: 
14:39:02,233 INFO  [BrowserSelenium] (initElements) -> Name set to field: 
14:39:02,233 INFO  [BrowserSelenium] (initElements) -> CSS set to field: 
14:39:02,233 INFO  [BrowserSelenium] (initElements) -> XPath set to field: //input[@id='product.activeSince']
14:39:02,233 INFO  [BrowserSelenium] (initElements) -> ID set to field: 
14:39:02,233 INFO  [BrowserSelenium] (initElements) -> Name set to field: 
14:39:02,234 INFO  [BrowserSelenium] (initElements) -> CSS set to field: 
14:39:02,234 INFO  [BrowserSelenium] (initElements) -> XPath set to field: //input[@id='product.activeUntil']
14:39:02,234 INFO  [BrowserSelenium] EXIT --> (initElements)
14:39:02,234 INFO  [BrowserSelenium] (_setExtendedTextToXPath) ->  value set
14:39:02,234 INFO  [BrowserSelenium] ENTER --> (_waitForElement) --> Waiting for element: null
14:39:02,234 INFO  [BrowserSelenium] ENTER --> (waitForElement)
14:39:04,038 INFO  [BrowserSelenium] ENTER --> (_getByLocator)
14:39:04,038 INFO  [BrowserSelenium] (_getByLocator) -> Getting locator for null
14:39:04,038 INFO  [BrowserSelenium] (_getByLocator) -> Locator info found for XPATH attribute as: //select[@id='typeId']
14:39:04,039 INFO  [BrowserSelenium] ENTER --> (_parseElementOnXpath)
14:39:04,039 INFO  [BrowserSelenium] (_parseElementOnXpath) -> //select[@id='typeId'] is used
14:39:04,039 INFO  [BrowserSelenium] EXIT --> (_parseElementOnXpath)
14:39:04,039 INFO  [BrowserSelenium] EXIT --> (_getByLocator)
14:39:04,064 INFO  [BrowserSelenium] ENTER --> (_getByLocator)
14:39:04,065 INFO  [BrowserSelenium] (_getByLocator) -> Getting locator for null
14:39:04,065 INFO  [BrowserSelenium] (_getByLocator) -> Locator info found for XPATH attribute as: //select[@id='typeId']
14:39:04,065 INFO  [BrowserSelenium] ENTER --> (_parseElementOnXpath)
14:39:04,065 INFO  [BrowserSelenium] (_parseElementOnXpath) -> //select[@id='typeId'] is used
14:39:04,066 INFO  [BrowserSelenium] EXIT --> (_parseElementOnXpath)
14:39:04,066 INFO  [BrowserSelenium] EXIT --> (_getByLocator)
14:39:04,101 INFO  [BrowserSelenium] (waitForElement) -> element wait eligibility found: true
14:39:04,101 INFO  [BrowserSelenium] ENTER --> (_waitForJStoLoad)
14:39:04,651 INFO  [BrowserSelenium] EXIT --> (_waitForJStoLoad) --> DOM load wait done: true
14:39:04,652 INFO  [BrowserSelenium] (waitForElement) -> element wait eligibility set: true
14:39:04,652 INFO  [BrowserSelenium] EXIT --> (waitForElement)
14:39:04,652 INFO  [BrowserSelenium] EXIT --> (_waitForElement)
14:39:04,659 INFO  [BrowserSelenium] ENTER --> (_getByLocator)
14:39:04,659 INFO  [BrowserSelenium] (_getByLocator) -> Getting locator for null
14:39:04,659 INFO  [BrowserSelenium] (_getByLocator) -> Locator info found for XPATH attribute as: //select[@id='typeId']
14:39:04,659 INFO  [BrowserSelenium] ENTER --> (_parseElementOnXpath)
14:39:04,660 INFO  [BrowserSelenium] (_parseElementOnXpath) -> //select[@id='typeId'] is used
14:39:04,660 INFO  [BrowserSelenium] EXIT --> (_parseElementOnXpath)
14:39:04,660 INFO  [BrowserSelenium] EXIT --> (_getByLocator)
14:39:04,825 INFO  [BrowserSelenium] ENTER --> (initElements)
14:39:04,825 INFO  [BrowserSelenium] (initElements) -> ID set to field: 
14:39:04,826 INFO  [BrowserSelenium] (initElements) -> Name set to field: 
14:39:04,826 INFO  [BrowserSelenium] (initElements) -> CSS set to field: 
14:39:04,826 INFO  [BrowserSelenium] (initElements) -> XPath set to field: //table[@id='categories']/tbody//strong[contains(text(),'New Test category')]
14:39:04,827 INFO  [BrowserSelenium] (initElements) -> ID set to field: 
14:39:04,827 INFO  [BrowserSelenium] (initElements) -> Name set to field: 
14:39:04,827 INFO  [BrowserSelenium] (initElements) -> CSS set to field: 
14:39:04,827 INFO  [BrowserSelenium] (initElements) -> XPath set to field: //table[@id='categories']/tbody//strong[contains(text(),'Asset Category 1')]
14:39:04,827 INFO  [BrowserSelenium] (initElements) -> ID set to field: 
14:39:04,828 INFO  [BrowserSelenium] (initElements) -> Name set to field: 
14:39:04,828 INFO  [BrowserSelenium] (initElements) -> CSS set to field: 
14:39:04,828 INFO  [BrowserSelenium] (initElements) -> XPath set to field: //span[text()='Add Product']
14:39:04,828 INFO  [BrowserSelenium] (initElements) -> ID set to field: 
14:39:04,828 INFO  [BrowserSelenium] (initElements) -> Name set to field: 
14:39:04,828 INFO  [BrowserSelenium] (initElements) -> CSS set to field: 
14:39:04,828 INFO  [BrowserSelenium] (initElements) -> XPath set to field: //select[@id='newDescriptionLanguage']
14:39:04,829 INFO  [BrowserSelenium] (initElements) -> ID set to field: 
14:39:04,829 INFO  [BrowserSelenium] (initElements) -> Name set to field: 
14:39:04,829 INFO  [BrowserSelenium] (initElements) -> CSS set to field: 
14:39:04,829 INFO  [BrowserSelenium] (initElements) -> XPath set to field: //a[@onclick='addNewProductDescription()']
14:39:04,829 INFO  [BrowserSelenium] (initElements) -> ID set to field: 
14:39:04,829 INFO  [BrowserSelenium] (initElements) -> Name set to field: 
14:39:04,830 INFO  [BrowserSelenium] (initElements) -> CSS set to field: 
14:39:04,830 INFO  [BrowserSelenium] (initElements) -> XPath set to field: //label[contains(text(),'English Description')]/../div/input[1]
14:39:04,830 INFO  [BrowserSelenium] (initElements) -> ID set to field: 
14:39:04,830 INFO  [BrowserSelenium] (initElements) -> Name set to field: 
14:39:04,830 INFO  [BrowserSelenium] (initElements) -> CSS set to field: 
14:39:04,830 INFO  [BrowserSelenium] (initElements) -> XPath set to field: //input[@id='product.number']
14:39:04,830 INFO  [BrowserSelenium] (initElements) -> ID set to field: 
14:39:04,831 INFO  [BrowserSelenium] (initElements) -> Name set to field: 
14:39:04,831 INFO  [BrowserSelenium] (initElements) -> CSS set to field: 
14:39:04,831 INFO  [BrowserSelenium] (initElements) -> XPath set to field: //input[@id='product.standardAvailability']
14:39:04,831 INFO  [BrowserSelenium] (initElements) -> ID set to field: 
14:39:04,831 INFO  [BrowserSelenium] (initElements) -> Name set to field: 
14:39:04,831 INFO  [BrowserSelenium] (initElements) -> CSS set to field: 
14:39:04,832 INFO  [BrowserSelenium] (initElements) -> XPath set to field: //select[@id='product.accountTypes']
14:39:04,832 INFO  [BrowserSelenium] (initElements) -> ID set to field: 
14:39:04,832 INFO  [BrowserSelenium] (initElements) -> Name set to field: 
14:39:04,832 INFO  [BrowserSelenium] (initElements) -> CSS set to field: 
14:39:04,832 INFO  [BrowserSelenium] (initElements) -> XPath set to field: //select[@class='model-type toolTipElement']
14:39:04,833 INFO  [BrowserSelenium] (initElements) -> ID set to field: 
14:39:04,833 INFO  [BrowserSelenium] (initElements) -> Name set to field: 
14:39:04,833 INFO  [BrowserSelenium] (initElements) -> CSS set to field: 
14:39:04,833 INFO  [BrowserSelenium] (initElements) -> XPath set to field: //input[@id='model.0.rateAsDecimal']
14:39:04,833 INFO  [BrowserSelenium] (initElements) -> ID set to field: 
14:39:04,834 INFO  [BrowserSelenium] (initElements) -> Name set to field: 
14:39:04,834 INFO  [BrowserSelenium] (initElements) -> CSS set to field: 
14:39:04,834 INFO  [BrowserSelenium] (initElements) -> XPath set to field: //select[@id='model.0.currencyId']
14:39:04,834 INFO  [BrowserSelenium] (initElements) -> ID set to field: 
14:39:04,834 INFO  [BrowserSelenium] (initElements) -> Name set to field: 
14:39:04,835 INFO  [BrowserSelenium] (initElements) -> CSS set to field: 
14:39:04,835 INFO  [BrowserSelenium] (initElements) -> XPath set to field: //span[text()='Save Changes']
14:39:04,835 INFO  [BrowserSelenium] (initElements) -> ID set to field: 
14:39:04,835 INFO  [BrowserSelenium] (initElements) -> Name set to field: 
14:39:04,835 INFO  [BrowserSelenium] (initElements) -> CSS set to field: 
14:39:04,836 INFO  [BrowserSelenium] (initElements) -> XPath set to field: //span[text()='Cancel']
14:39:04,836 INFO  [BrowserSelenium] (initElements) -> ID set to field: 
14:39:04,836 INFO  [BrowserSelenium] (initElements) -> Name set to field: 
14:39:04,836 INFO  [BrowserSelenium] (initElements) -> CSS set to field: 
14:39:04,836 INFO  [BrowserSelenium] (initElements) -> XPath set to field: //table[@id='products']/tbody//strong[contains(text(),'Test Code Description')]
14:39:04,836 INFO  [BrowserSelenium] (initElements) -> ID set to field: 
14:39:04,837 INFO  [BrowserSelenium] (initElements) -> Name set to field: 
14:39:04,837 INFO  [BrowserSelenium] (initElements) -> CSS set to field: 
14:39:04,837 INFO  [BrowserSelenium] (initElements) -> XPath set to field: //a[@class='submit edit']
14:39:04,837 INFO  [BrowserSelenium] (initElements) -> ID set to field: 
14:39:04,837 INFO  [BrowserSelenium] (initElements) -> Name set to field: 
14:39:04,837 INFO  [BrowserSelenium] (initElements) -> CSS set to field: 
14:39:04,838 INFO  [BrowserSelenium] (initElements) -> XPath set to field: //input[@id='product.standardPartnerPercentageAsDecimal']
14:39:04,838 INFO  [BrowserSelenium] (initElements) -> ID set to field: 
14:39:04,838 INFO  [BrowserSelenium] (initElements) -> Name set to field: 
14:39:04,838 INFO  [BrowserSelenium] (initElements) -> CSS set to field: 
14:39:04,838 INFO  [BrowserSelenium] (initElements) -> XPath set to field: //input[@id='product.masterPartnerPercentageAsDecimal']
14:39:04,838 INFO  [BrowserSelenium] (initElements) -> ID set to field: 
14:39:04,839 INFO  [BrowserSelenium] (initElements) -> Name set to field: 
14:39:04,839 INFO  [BrowserSelenium] (initElements) -> CSS set to field: 
14:39:04,839 INFO  [BrowserSelenium] (initElements) -> XPath set to field: //input[@id='plg-parm-provisionable_order_change_status_id']
14:39:04,839 INFO  [BrowserSelenium] (initElements) -> ID set to field: 
14:39:04,840 INFO  [BrowserSelenium] (initElements) -> Name set to field: 
14:39:04,840 INFO  [BrowserSelenium] (initElements) -> CSS set to field: 
14:39:04,840 INFO  [BrowserSelenium] (initElements) -> XPath set to field: //select[@id='company-select']
14:39:04,840 INFO  [BrowserSelenium] (initElements) -> ID set to field: 
14:39:04,840 INFO  [BrowserSelenium] (initElements) -> Name set to field: 
14:39:04,841 INFO  [BrowserSelenium] (initElements) -> CSS set to field: 
14:39:04,841 INFO  [BrowserSelenium] (initElements) -> XPath set to field: //ul[@class='top-nav']/li[1]
14:39:04,841 INFO  [BrowserSelenium] (initElements) -> ID set to field: 
14:39:04,841 INFO  [BrowserSelenium] (initElements) -> Name set to field: 
14:39:04,841 INFO  [BrowserSelenium] (initElements) -> CSS set to field: 
14:39:04,841 INFO  [BrowserSelenium] (initElements) -> XPath set to field: //div[@class='heading']//strong[contains(text(),'Add Product Category')]
14:39:04,842 INFO  [BrowserSelenium] (initElements) -> ID set to field: 
14:39:04,842 INFO  [BrowserSelenium] (initElements) -> Name set to field: 
14:39:04,842 INFO  [BrowserSelenium] (initElements) -> CSS set to field: 
14:39:04,842 INFO  [BrowserSelenium] (initElements) -> XPath set to field: //span[text()='Add Category']
14:39:04,842 INFO  [BrowserSelenium] (initElements) -> ID set to field: 
14:39:04,842 INFO  [BrowserSelenium] (initElements) -> Name set to field: 
14:39:04,843 INFO  [BrowserSelenium] (initElements) -> CSS set to field: 
14:39:04,843 INFO  [BrowserSelenium] (initElements) -> XPath set to field: //select[@id='orderLineTypeId']//option
14:39:04,843 INFO  [BrowserSelenium] (initElements) -> ID set to field: 
14:39:04,843 INFO  [BrowserSelenium] (initElements) -> Name set to field: 
14:39:04,843 INFO  [BrowserSelenium] (initElements) -> CSS set to field: 
14:39:04,843 INFO  [BrowserSelenium] (initElements) -> XPath set to field: //select[@id='parentItemTypeId']/option
14:39:04,843 INFO  [BrowserSelenium] (initElements) -> ID set to field: 
14:39:04,844 INFO  [BrowserSelenium] (initElements) -> Name set to field: 
14:39:04,844 INFO  [BrowserSelenium] (initElements) -> CSS set to field: 
14:39:04,844 INFO  [BrowserSelenium] (initElements) -> XPath set to field: //input[@id='description']
14:39:04,844 INFO  [BrowserSelenium] (initElements) -> ID set to field: 
14:39:04,844 INFO  [BrowserSelenium] (initElements) -> Name set to field: 
14:39:04,844 INFO  [BrowserSelenium] (initElements) -> CSS set to field: 
14:39:04,844 INFO  [BrowserSelenium] (initElements) -> XPath set to field: //a[@class='submit save']//span[contains(text(),'Save Changes')]
14:39:04,845 INFO  [BrowserSelenium] (initElements) -> ID set to field: 
14:39:04,845 INFO  [BrowserSelenium] (initElements) -> Name set to field: 
14:39:04,845 INFO  [BrowserSelenium] (initElements) -> CSS set to field: 
14:39:04,845 INFO  [BrowserSelenium] (initElements) -> XPath set to field: //span[text()='Edit']
14:39:04,845 INFO  [BrowserSelenium] (initElements) -> ID set to field: 
14:39:04,845 INFO  [BrowserSelenium] (initElements) -> Name set to field: 
14:39:04,846 INFO  [BrowserSelenium] (initElements) -> CSS set to field: 
14:39:04,846 INFO  [BrowserSelenium] (initElements) -> XPath set to field: //input[@id='allowAssetManagement']
14:39:04,846 INFO  [BrowserSelenium] (initElements) -> ID set to field: 
14:39:04,846 INFO  [BrowserSelenium] (initElements) -> Name set to field: 
14:39:04,846 INFO  [BrowserSelenium] (initElements) -> CSS set to field: 
14:39:04,846 INFO  [BrowserSelenium] (initElements) -> XPath set to field: //span[text()='Asset Statuses']
14:39:04,846 INFO  [BrowserSelenium] (initElements) -> ID set to field: 
14:39:04,847 INFO  [BrowserSelenium] (initElements) -> Name set to field: 
14:39:04,847 INFO  [BrowserSelenium] (initElements) -> CSS set to field: 
14:39:04,847 INFO  [BrowserSelenium] (initElements) -> XPath set to field: //input[@id='lastStatusName']
14:39:04,847 INFO  [BrowserSelenium] (initElements) -> ID set to field: 
14:39:04,847 INFO  [BrowserSelenium] (initElements) -> Name set to field: 
14:39:04,847 INFO  [BrowserSelenium] (initElements) -> CSS set to field: 
14:39:04,848 INFO  [BrowserSelenium] (initElements) -> XPath set to field: //th[contains(text(),'Available')]/following::tbody/tr[1]/td[2]/input[@type='checkbox']
14:39:04,848 INFO  [BrowserSelenium] (initElements) -> ID set to field: 
14:39:04,848 INFO  [BrowserSelenium] (initElements) -> Name set to field: 
14:39:04,848 INFO  [BrowserSelenium] (initElements) -> CSS set to field: 
14:39:04,848 INFO  [BrowserSelenium] (initElements) -> XPath set to field: //th[contains(text(),'Available')]/following::tbody/tr[1]/td[3]/input[@type='checkbox']
14:39:04,848 INFO  [BrowserSelenium] (initElements) -> ID set to field: 
14:39:04,849 INFO  [BrowserSelenium] (initElements) -> Name set to field: 
14:39:04,849 INFO  [BrowserSelenium] (initElements) -> CSS set to field: 
14:39:04,849 INFO  [BrowserSelenium] (initElements) -> XPath set to field: //th[contains(text(),'Available')]/following::tbody/tr[2]/td[4]/input[@type='checkbox']
14:39:04,849 INFO  [BrowserSelenium] (initElements) -> ID set to field: 
14:39:04,849 INFO  [BrowserSelenium] (initElements) -> Name set to field: 
14:39:04,850 INFO  [BrowserSelenium] (initElements) -> CSS set to field: 
14:39:04,850 INFO  [BrowserSelenium] (initElements) -> XPath set to field: //tr[@id='lastStatus']/td[5]/a/img
14:39:04,850 INFO  [BrowserSelenium] (initElements) -> ID set to field: 
14:39:04,850 INFO  [BrowserSelenium] (initElements) -> Name set to field: 
14:39:04,850 INFO  [BrowserSelenium] (initElements) -> CSS set to field: 
14:39:04,851 INFO  [BrowserSelenium] (initElements) -> XPath set to field: //div[@id='assetMetaFields']/div[2]/div[1]/span[1]/a/img
14:39:04,851 INFO  [BrowserSelenium] (initElements) -> ID set to field: 
14:39:04,851 INFO  [BrowserSelenium] (initElements) -> Name set to field: 
14:39:04,851 INFO  [BrowserSelenium] (initElements) -> CSS set to field: 
14:39:04,851 INFO  [BrowserSelenium] (initElements) -> XPath set to field: //input[@id='metaField2.name']
14:39:04,851 INFO  [BrowserSelenium] (initElements) -> ID set to field: 
14:39:04,851 INFO  [BrowserSelenium] (initElements) -> Name set to field: 
14:39:04,852 INFO  [BrowserSelenium] (initElements) -> CSS set to field: 
14:39:04,852 INFO  [BrowserSelenium] (initElements) -> XPath set to field: //table[@id='categories']/tbody/tr[1]/td/a/strong
14:39:04,852 INFO  [BrowserSelenium] (initElements) -> ID set to field: 
14:39:04,852 INFO  [BrowserSelenium] (initElements) -> Name set to field: 
14:39:04,852 INFO  [BrowserSelenium] (initElements) -> CSS set to field: 
14:39:04,853 INFO  [BrowserSelenium] (initElements) -> XPath set to field: //ul[@class='top-nav']/li[1]
14:39:04,853 INFO  [BrowserSelenium] (initElements) -> ID set to field: 
14:39:04,853 INFO  [BrowserSelenium] (initElements) -> Name set to field: 
14:39:04,853 INFO  [BrowserSelenium] (initElements) -> CSS set to field: 
14:39:04,853 INFO  [BrowserSelenium] (initElements) -> XPath set to field: //select[@id = 'parentItemTypeId']
14:39:04,853 INFO  [BrowserSelenium] (initElements) -> ID set to field: 
14:39:04,853 INFO  [BrowserSelenium] (initElements) -> Name set to field: 
14:39:04,853 INFO  [BrowserSelenium] (initElements) -> CSS set to field: 
14:39:04,853 INFO  [BrowserSelenium] (initElements) -> XPath set to field: //div[@class='menu-items']/ul/li-->>{TXT}Plug-ins{TXT}
14:39:04,853 INFO  [BrowserSelenium] (initElements) -> ID set to field: 
14:39:04,854 INFO  [BrowserSelenium] (initElements) -> Name set to field: 
14:39:04,854 INFO  [BrowserSelenium] (initElements) -> CSS set to field: 
14:39:04,854 INFO  [BrowserSelenium] (initElements) -> XPath set to field: //strong[contains(text(),'Generic internal events listener')]
14:39:04,854 INFO  [BrowserSelenium] (initElements) -> ID set to field: 
14:39:04,854 INFO  [BrowserSelenium] (initElements) -> Name set to field: 
14:39:04,854 INFO  [BrowserSelenium] (initElements) -> CSS set to field: 
14:39:04,854 INFO  [BrowserSelenium] (initElements) -> XPath set to field: //span[text()='Add New']
14:39:04,854 INFO  [BrowserSelenium] (initElements) -> ID set to field: 
14:39:04,854 INFO  [BrowserSelenium] (initElements) -> Name set to field: 
14:39:04,855 INFO  [BrowserSelenium] (initElements) -> CSS set to field: 
14:39:04,855 INFO  [BrowserSelenium] (initElements) -> XPath set to field: //select[@id='typeId']
14:39:04,855 INFO  [BrowserSelenium] (initElements) -> ID set to field: 
14:39:04,855 INFO  [BrowserSelenium] (initElements) -> Name set to field: 
14:39:04,855 INFO  [BrowserSelenium] (initElements) -> CSS set to field: 
14:39:04,855 INFO  [BrowserSelenium] (initElements) -> XPath set to field: //input[@id='processingOrder']
14:39:04,855 INFO  [BrowserSelenium] (initElements) -> ID set to field: 
14:39:04,855 INFO  [BrowserSelenium] (initElements) -> Name set to field: 
14:39:04,855 INFO  [BrowserSelenium] (initElements) -> CSS set to field: 
14:39:04,855 INFO  [BrowserSelenium] (initElements) -> XPath set to field: //span[text()='Save Plug-in']
14:39:04,856 INFO  [BrowserSelenium] (initElements) -> ID set to field: 
14:39:04,856 INFO  [BrowserSelenium] (initElements) -> Name set to field: 
14:39:04,856 INFO  [BrowserSelenium] (initElements) -> CSS set to field: 
14:39:04,856 INFO  [BrowserSelenium] (initElements) -> XPath set to field: //div[@id='assetManagementEnabledDiv']/div/input[2]
14:39:04,856 INFO  [BrowserSelenium] (initElements) -> ID set to field: 
14:39:04,856 INFO  [BrowserSelenium] (initElements) -> Name set to field: 
14:39:04,856 INFO  [BrowserSelenium] (initElements) -> CSS set to field: 
14:39:04,856 INFO  [BrowserSelenium] (initElements) -> XPath set to field: //span[text()='Add Asset']
14:39:04,856 INFO  [BrowserSelenium] (initElements) -> ID set to field: 
14:39:04,857 INFO  [BrowserSelenium] (initElements) -> Name set to field: 
14:39:04,857 INFO  [BrowserSelenium] (initElements) -> CSS set to field: 
14:39:04,857 INFO  [BrowserSelenium] (initElements) -> XPath set to field: //span[text()='Add New']
14:39:04,857 INFO  [BrowserSelenium] (initElements) -> ID set to field: 
14:39:04,857 INFO  [BrowserSelenium] (initElements) -> Name set to field: 
14:39:04,857 INFO  [BrowserSelenium] (initElements) -> CSS set to field: 
14:39:04,857 INFO  [BrowserSelenium] (initElements) -> XPath set to field: //input[@id='identifier']
14:39:04,857 INFO  [BrowserSelenium] (initElements) -> ID set to field: 
14:39:04,857 INFO  [BrowserSelenium] (initElements) -> Name set to field: 
14:39:04,858 INFO  [BrowserSelenium] (initElements) -> CSS set to field: 
14:39:04,858 INFO  [BrowserSelenium] (initElements) -> XPath set to field: //span[text()='Save Changes']
14:39:04,858 INFO  [BrowserSelenium] (initElements) -> ID set to field: 
14:39:04,858 INFO  [BrowserSelenium] (initElements) -> Name set to field: 
14:39:04,858 INFO  [BrowserSelenium] (initElements) -> CSS set to field: 
14:39:04,858 INFO  [BrowserSelenium] (initElements) -> XPath set to field: //strong[contains(text(),'Agent Commission Calculation Process.')]
14:39:04,858 INFO  [BrowserSelenium] (initElements) -> ID set to field: 
14:39:04,858 INFO  [BrowserSelenium] (initElements) -> Name set to field: 
14:39:04,858 INFO  [BrowserSelenium] (initElements) -> CSS set to field: 
14:39:04,859 INFO  [BrowserSelenium] (initElements) -> XPath set to field: //input[@id='description']
14:39:04,859 INFO  [BrowserSelenium] (initElements) -> ID set to field: 
14:39:04,859 INFO  [BrowserSelenium] (initElements) -> Name set to field: 
14:39:04,859 INFO  [BrowserSelenium] (initElements) -> CSS set to field: 
14:39:04,859 INFO  [BrowserSelenium] (initElements) -> XPath set to field: //span[text()='Save Changes']
14:39:04,859 INFO  [BrowserSelenium] (initElements) -> ID set to field: 
14:39:04,859 INFO  [BrowserSelenium] (initElements) -> Name set to field: 
14:39:04,859 INFO  [BrowserSelenium] (initElements) -> CSS set to field: 
14:39:04,859 INFO  [BrowserSelenium] (initElements) -> XPath set to field: //label[text()='Included Quantity']/../div/input[2]
14:39:04,860 INFO  [BrowserSelenium] (initElements) -> ID set to field: 
14:39:04,860 INFO  [BrowserSelenium] (initElements) -> Name set to field: 
14:39:04,860 INFO  [BrowserSelenium] (initElements) -> CSS set to field: 
14:39:04,860 INFO  [BrowserSelenium] (initElements) -> XPath set to field: //span[text()='Dependencies']
14:39:04,860 INFO  [BrowserSelenium] (initElements) -> ID set to field: 
14:39:04,860 INFO  [BrowserSelenium] (initElements) -> Name set to field: 
14:39:04,860 INFO  [BrowserSelenium] (initElements) -> CSS set to field: 
14:39:04,860 INFO  [BrowserSelenium] (initElements) -> XPath set to field: //select[@id='product.dependencyItemTypes']
14:39:04,860 INFO  [BrowserSelenium] (initElements) -> ID set to field: 
14:39:04,861 INFO  [BrowserSelenium] (initElements) -> Name set to field: 
14:39:04,861 INFO  [BrowserSelenium] (initElements) -> CSS set to field: 
14:39:04,861 INFO  [BrowserSelenium] (initElements) -> XPath set to field: //select[@id='product.dependencyItems']
14:39:04,861 INFO  [BrowserSelenium] (initElements) -> ID set to field: 
14:39:04,861 INFO  [BrowserSelenium] (initElements) -> Name set to field: 
14:39:04,861 INFO  [BrowserSelenium] (initElements) -> CSS set to field: 
14:39:04,861 INFO  [BrowserSelenium] (initElements) -> XPath set to field: //img[@alt='Add']
14:39:04,861 INFO  [BrowserSelenium] (initElements) -> ID set to field: 
14:39:04,861 INFO  [BrowserSelenium] (initElements) -> Name set to field: 
14:39:04,862 INFO  [BrowserSelenium] (initElements) -> CSS set to field: 
14:39:04,862 INFO  [BrowserSelenium] (initElements) -> XPath set to field: //table[@id='users']/tbody/tr/td/a/strong
14:39:04,862 INFO  [BrowserSelenium] (initElements) -> ID set to field: 
14:39:04,862 INFO  [BrowserSelenium] (initElements) -> Name set to field: 
14:39:04,862 INFO  [BrowserSelenium] (initElements) -> CSS set to field: 
14:39:04,862 INFO  [BrowserSelenium] (initElements) -> XPath set to field: //table[@id='categories']
14:39:04,862 INFO  [BrowserSelenium] (initElements) -> ID set to field: 
14:39:04,862 INFO  [BrowserSelenium] (initElements) -> Name set to field: 
14:39:04,862 INFO  [BrowserSelenium] (initElements) -> CSS set to field: 
14:39:04,862 INFO  [BrowserSelenium] (initElements) -> XPath set to field: //table[@id='products']
14:39:04,863 INFO  [BrowserSelenium] (initElements) -> ID set to field: 
14:39:04,863 INFO  [BrowserSelenium] (initElements) -> Name set to field: 
14:39:04,863 INFO  [BrowserSelenium] (initElements) -> CSS set to field: 
14:39:04,863 INFO  [BrowserSelenium] (initElements) -> XPath set to field: //table[@id='categories']/tbody/tr/td/a/strong
14:39:04,863 INFO  [BrowserSelenium] (initElements) -> ID set to field: 
14:39:04,863 INFO  [BrowserSelenium] (initElements) -> Name set to field: 
14:39:04,863 INFO  [BrowserSelenium] (initElements) -> CSS set to field: 
14:39:04,863 INFO  [BrowserSelenium] (initElements) -> XPath set to field: //table[@id='products']/tbody/tr/td/a/strong
14:39:04,863 INFO  [BrowserSelenium] (initElements) -> ID set to field: 
14:39:04,864 INFO  [BrowserSelenium] (initElements) -> Name set to field: 
14:39:04,864 INFO  [BrowserSelenium] (initElements) -> CSS set to field: 
14:39:04,864 INFO  [BrowserSelenium] (initElements) -> XPath set to field: 
14:39:04,864 INFO  [BrowserSelenium] (initElements) -> ID set to field: 
14:39:04,864 INFO  [BrowserSelenium] (initElements) -> Name set to field: 
14:39:04,864 INFO  [BrowserSelenium] (initElements) -> CSS set to field: 
14:39:04,864 INFO  [BrowserSelenium] (initElements) -> XPath set to field: 
14:39:04,864 INFO  [BrowserSelenium] (initElements) -> ID set to field: 
14:39:04,864 INFO  [BrowserSelenium] (initElements) -> Name set to field: 
14:39:04,865 INFO  [BrowserSelenium] (initElements) -> CSS set to field: 
14:39:04,865 INFO  [BrowserSelenium] (initElements) -> XPath set to field: //span[text()='Delete']
14:39:04,865 INFO  [BrowserSelenium] (initElements) -> ID set to field: 
14:39:04,865 INFO  [BrowserSelenium] (initElements) -> Name set to field: 
14:39:04,865 INFO  [BrowserSelenium] (initElements) -> CSS set to field: 
14:39:04,865 INFO  [BrowserSelenium] (initElements) -> XPath set to field: //button/span[text()='Yes']
14:39:04,865 INFO  [BrowserSelenium] (initElements) -> ID set to field: 
14:39:04,865 INFO  [BrowserSelenium] (initElements) -> Name set to field: 
14:39:04,865 INFO  [BrowserSelenium] (initElements) -> CSS set to field: 
14:39:04,866 INFO  [BrowserSelenium] (initElements) -> XPath set to field: //span[contains(text(),'Add Category')]
14:39:04,866 INFO  [BrowserSelenium] (initElements) -> ID set to field: 
14:39:04,866 INFO  [BrowserSelenium] (initElements) -> Name set to field: 
14:39:04,866 INFO  [BrowserSelenium] (initElements) -> CSS set to field: 
14:39:04,866 INFO  [BrowserSelenium] (initElements) -> XPath set to field: 
14:39:04,866 INFO  [BrowserSelenium] (initElements) -> ID set to field: 
14:39:04,866 INFO  [BrowserSelenium] (initElements) -> Name set to field: 
14:39:04,867 INFO  [BrowserSelenium] (initElements) -> CSS set to field: 
14:39:04,867 INFO  [BrowserSelenium] (initElements) -> XPath set to field: 
14:39:04,867 INFO  [BrowserSelenium] (initElements) -> ID set to field: 
14:39:04,867 INFO  [BrowserSelenium] (initElements) -> Name set to field: 
14:39:04,867 INFO  [BrowserSelenium] (initElements) -> CSS set to field: 
14:39:04,867 INFO  [BrowserSelenium] (initElements) -> XPath set to field: 
14:39:04,868 INFO  [BrowserSelenium] (initElements) -> ID set to field: 
14:39:04,868 INFO  [BrowserSelenium] (initElements) -> Name set to field: 
14:39:04,868 INFO  [BrowserSelenium] (initElements) -> CSS set to field: 
14:39:04,868 INFO  [BrowserSelenium] (initElements) -> XPath set to field: 
14:39:04,868 INFO  [BrowserSelenium] (initElements) -> ID set to field: 
14:39:04,868 INFO  [BrowserSelenium] (initElements) -> Name set to field: 
14:39:04,869 INFO  [BrowserSelenium] (initElements) -> CSS set to field: 
14:39:04,869 INFO  [BrowserSelenium] (initElements) -> XPath set to field: //div[@id='breadcrumbs']
14:39:04,869 INFO  [BrowserSelenium] (initElements) -> ID set to field: global-checkbox
14:39:04,870 INFO  [BrowserSelenium] (initElements) -> Name set to field: 
14:39:04,870 INFO  [BrowserSelenium] (initElements) -> CSS set to field: 
14:39:04,870 INFO  [BrowserSelenium] (initElements) -> XPath set to field: 
14:39:04,870 INFO  [BrowserSelenium] (initElements) -> ID set to field: allowAssetManagement
14:39:04,870 INFO  [BrowserSelenium] (initElements) -> Name set to field: 
14:39:04,871 INFO  [BrowserSelenium] (initElements) -> CSS set to field: 
14:39:04,871 INFO  [BrowserSelenium] (initElements) -> XPath set to field: 
14:39:04,871 INFO  [BrowserSelenium] (initElements) -> ID set to field: lastStatusAvailable
14:39:04,871 INFO  [BrowserSelenium] (initElements) -> Name set to field: 
14:39:04,871 INFO  [BrowserSelenium] (initElements) -> CSS set to field: 
14:39:04,871 INFO  [BrowserSelenium] (initElements) -> XPath set to field: 
14:39:04,871 INFO  [BrowserSelenium] (initElements) -> ID set to field: 
14:39:04,871 INFO  [BrowserSelenium] (initElements) -> Name set to field: 
14:39:04,871 INFO  [BrowserSelenium] (initElements) -> CSS set to field: 
14:39:04,872 INFO  [BrowserSelenium] (initElements) -> XPath set to field: //*[@id='lastStatus']/td[5]/a/img
14:39:04,872 INFO  [BrowserSelenium] (initElements) -> ID set to field: lastStatusOrderSaved
14:39:04,872 INFO  [BrowserSelenium] (initElements) -> Name set to field: 
14:39:04,872 INFO  [BrowserSelenium] (initElements) -> CSS set to field: 
14:39:04,872 INFO  [BrowserSelenium] (initElements) -> XPath set to field: 
14:39:04,872 INFO  [BrowserSelenium] (initElements) -> ID set to field: description
14:39:04,872 INFO  [BrowserSelenium] (initElements) -> Name set to field: 
14:39:04,872 INFO  [BrowserSelenium] (initElements) -> CSS set to field: 
14:39:04,872 INFO  [BrowserSelenium] (initElements) -> XPath set to field: 
14:39:04,873 INFO  [BrowserSelenium] (initElements) -> ID set to field: 
14:39:04,873 INFO  [BrowserSelenium] (initElements) -> Name set to field: 
14:39:04,873 INFO  [BrowserSelenium] (initElements) -> CSS set to field: 
14:39:04,873 INFO  [BrowserSelenium] (initElements) -> XPath set to field: //span[contains(text(), 'Save Changes')]
14:39:04,873 INFO  [BrowserSelenium] (initElements) -> ID set to field: lastStatusDefault
14:39:04,873 INFO  [BrowserSelenium] (initElements) -> Name set to field: 
14:39:04,873 INFO  [BrowserSelenium] (initElements) -> CSS set to field: 
14:39:04,873 INFO  [BrowserSelenium] (initElements) -> XPath set to field: 
14:39:04,874 INFO  [BrowserSelenium] (initElements) -> ID set to field: 
14:39:04,874 INFO  [BrowserSelenium] (initElements) -> Name set to field: 
14:39:04,874 INFO  [BrowserSelenium] (initElements) -> CSS set to field: 
14:39:04,874 INFO  [BrowserSelenium] (initElements) -> XPath set to field: //span[contains(text(),'Add Product')]
14:39:04,874 INFO  [BrowserSelenium] (initElements) -> ID set to field: 
14:39:04,874 INFO  [BrowserSelenium] (initElements) -> Name set to field: 
14:39:04,874 INFO  [BrowserSelenium] (initElements) -> CSS set to field: 
14:39:04,874 INFO  [BrowserSelenium] (initElements) -> XPath set to field: //*[@id='addDescription']/div/a/img
14:39:04,874 INFO  [BrowserSelenium] (initElements) -> ID set to field: product.descriptions[1].content
14:39:04,874 INFO  [BrowserSelenium] (initElements) -> Name set to field: 
14:39:04,875 INFO  [BrowserSelenium] (initElements) -> CSS set to field: 
14:39:04,875 INFO  [BrowserSelenium] (initElements) -> XPath set to field: 
14:39:04,875 INFO  [BrowserSelenium] (initElements) -> ID set to field: product.number
14:39:04,875 INFO  [BrowserSelenium] (initElements) -> Name set to field: 
14:39:04,875 INFO  [BrowserSelenium] (initElements) -> CSS set to field: 
14:39:04,875 INFO  [BrowserSelenium] (initElements) -> XPath set to field: 
14:39:04,875 INFO  [BrowserSelenium] (initElements) -> ID set to field: newDescriptionLanguage
14:39:04,875 INFO  [BrowserSelenium] (initElements) -> Name set to field: 
14:39:04,875 INFO  [BrowserSelenium] (initElements) -> CSS set to field: 
14:39:04,876 INFO  [BrowserSelenium] (initElements) -> XPath set to field: 
14:39:04,876 INFO  [BrowserSelenium] (initElements) -> ID set to field: 
14:39:04,876 INFO  [BrowserSelenium] (initElements) -> Name set to field: 
14:39:04,876 INFO  [BrowserSelenium] (initElements) -> CSS set to field: 
14:39:04,876 INFO  [BrowserSelenium] (initElements) -> XPath set to field: //input[@id='assetManagementEnabled']
14:39:04,876 INFO  [BrowserSelenium] (initElements) -> ID set to field: model.0.type
14:39:04,876 INFO  [BrowserSelenium] (initElements) -> Name set to field: 
14:39:04,876 INFO  [BrowserSelenium] (initElements) -> CSS set to field: 
14:39:04,876 INFO  [BrowserSelenium] (initElements) -> XPath set to field: 
14:39:04,877 INFO  [BrowserSelenium] (initElements) -> ID set to field: model.0.rateAsDecimal
14:39:04,877 INFO  [BrowserSelenium] (initElements) -> Name set to field: 
14:39:04,877 INFO  [BrowserSelenium] (initElements) -> CSS set to field: 
14:39:04,877 INFO  [BrowserSelenium] (initElements) -> XPath set to field: 
14:39:04,877 INFO  [BrowserSelenium] (initElements) -> ID set to field: product.priceModelCompanyId
14:39:04,877 INFO  [BrowserSelenium] (initElements) -> Name set to field: 
14:39:04,877 INFO  [BrowserSelenium] (initElements) -> CSS set to field: 
14:39:04,877 INFO  [BrowserSelenium] (initElements) -> XPath set to field: 
14:39:04,877 INFO  [BrowserSelenium] (initElements) -> ID set to field: 
14:39:04,878 INFO  [BrowserSelenium] (initElements) -> Name set to field: 
14:39:04,878 INFO  [BrowserSelenium] (initElements) -> CSS set to field: 
14:39:04,878 INFO  [BrowserSelenium] (initElements) -> XPath set to field: //span[contains(text(),'Add Asset')]
14:39:04,878 INFO  [BrowserSelenium] (initElements) -> ID set to field: 
14:39:04,878 INFO  [BrowserSelenium] (initElements) -> Name set to field: 
14:39:04,878 INFO  [BrowserSelenium] (initElements) -> CSS set to field: 
14:39:04,878 INFO  [BrowserSelenium] (initElements) -> XPath set to field: //span[contains(text(),'Add New')]
14:39:04,878 INFO  [BrowserSelenium] (initElements) -> ID set to field: 
14:39:04,878 INFO  [BrowserSelenium] (initElements) -> Name set to field: 
14:39:04,878 INFO  [BrowserSelenium] (initElements) -> CSS set to field: 
14:39:04,879 INFO  [BrowserSelenium] (initElements) -> XPath set to field: //th[text()='Name']/following::tbody/tr[1]/td/input[@type='text']
14:39:04,879 INFO  [BrowserSelenium] (initElements) -> ID set to field: 
14:39:04,879 INFO  [BrowserSelenium] (initElements) -> Name set to field: 
14:39:04,879 INFO  [BrowserSelenium] (initElements) -> CSS set to field: 
14:39:04,879 INFO  [BrowserSelenium] (initElements) -> XPath set to field: //th[text()='Name']/following::tbody/tr[contains(@id,'lastStatus')]//td//input[@type='text']
14:39:04,879 INFO  [BrowserSelenium] (initElements) -> ID set to field: 
14:39:04,879 INFO  [BrowserSelenium] (initElements) -> Name set to field: 
14:39:04,879 INFO  [BrowserSelenium] (initElements) -> CSS set to field: 
14:39:04,879 INFO  [BrowserSelenium] (initElements) -> XPath set to field: //table[@id='categories']//tbody//tr//td
14:39:04,880 INFO  [BrowserSelenium] (initElements) -> ID set to field: 
14:39:04,880 INFO  [BrowserSelenium] (initElements) -> Name set to field: 
14:39:04,880 INFO  [BrowserSelenium] (initElements) -> CSS set to field: 
14:39:04,880 INFO  [BrowserSelenium] (initElements) -> XPath set to field: //table[@id='products']//tbody//tr//td
14:39:04,880 INFO  [BrowserSelenium] (initElements) -> ID set to field: 
14:39:04,880 INFO  [BrowserSelenium] (initElements) -> Name set to field: 
14:39:04,880 INFO  [BrowserSelenium] (initElements) -> CSS set to field: 
14:39:04,880 INFO  [BrowserSelenium] (initElements) -> XPath set to field: //table[@id='users']//tbody//tr//td
14:39:04,880 INFO  [BrowserSelenium] (initElements) -> ID set to field: product.dependencyMin
14:39:04,881 INFO  [BrowserSelenium] (initElements) -> Name set to field: 
14:39:04,881 INFO  [BrowserSelenium] (initElements) -> CSS set to field: 
14:39:04,881 INFO  [BrowserSelenium] (initElements) -> XPath set to field: 
14:39:04,881 INFO  [BrowserSelenium] (initElements) -> ID set to field: product.dependencyMax
14:39:04,881 INFO  [BrowserSelenium] (initElements) -> Name set to field: 
14:39:04,881 INFO  [BrowserSelenium] (initElements) -> CSS set to field: 
14:39:04,882 INFO  [BrowserSelenium] (initElements) -> XPath set to field: 
14:39:04,882 INFO  [BrowserSelenium] (initElements) -> ID set to field: 
14:39:04,882 INFO  [BrowserSelenium] (initElements) -> Name set to field: 
14:39:04,882 INFO  [BrowserSelenium] (initElements) -> CSS set to field: 
14:39:04,882 INFO  [BrowserSelenium] (initElements) -> XPath set to field: //table[@id='categories']/tbody//td/a/strong
14:39:04,882 INFO  [BrowserSelenium] (initElements) -> ID set to field: 
14:39:04,882 INFO  [BrowserSelenium] (initElements) -> Name set to field: 
14:39:04,883 INFO  [BrowserSelenium] (initElements) -> CSS set to field: 
14:39:04,883 INFO  [BrowserSelenium] (initElements) -> XPath set to field: //table[@id='products']/tbody//td/a/strong
14:39:04,883 INFO  [BrowserSelenium] (initElements) -> ID set to field: 
14:39:04,883 INFO  [BrowserSelenium] (initElements) -> Name set to field: 
14:39:04,884 INFO  [BrowserSelenium] (initElements) -> CSS set to field: 
14:39:04,884 INFO  [BrowserSelenium] (initElements) -> XPath set to field: //div[@class='form-columns']/div/div/span
14:39:04,884 INFO  [BrowserSelenium] (initElements) -> ID set to field: 
14:39:04,884 INFO  [BrowserSelenium] (initElements) -> Name set to field: 
14:39:04,884 INFO  [BrowserSelenium] (initElements) -> CSS set to field: 
14:39:04,885 INFO  [BrowserSelenium] (initElements) -> XPath set to field: //div[@class='form-columns']/div/div/span
14:39:04,885 INFO  [BrowserSelenium] (initElements) -> ID set to field: 
14:39:04,885 INFO  [BrowserSelenium] (initElements) -> Name set to field: 
14:39:04,885 INFO  [BrowserSelenium] (initElements) -> CSS set to field: 
14:39:04,886 INFO  [BrowserSelenium] (initElements) -> XPath set to field: //div[@class = 'buttons']//span[text()='Save Changes']
14:39:04,886 INFO  [BrowserSelenium] (initElements) -> ID set to field: 
14:39:04,886 INFO  [BrowserSelenium] (initElements) -> Name set to field: 
14:39:04,886 INFO  [BrowserSelenium] (initElements) -> CSS set to field: 
14:39:04,886 INFO  [BrowserSelenium] (initElements) -> XPath set to field: //span[text()='Dependencies']/parent::div[@class = 'box-cards-title']/following-sibling::div[@class = 'box-card-hold']/div/table[@class = 'dataTable']
14:39:04,886 INFO  [BrowserSelenium] (initElements) -> ID set to field: 
14:39:04,887 INFO  [BrowserSelenium] (initElements) -> Name set to field: 
14:39:04,887 INFO  [BrowserSelenium] (initElements) -> CSS set to field: 
14:39:04,887 INFO  [BrowserSelenium] (initElements) -> XPath set to field: //input[contains(@data-customtooltip,'The cap on the maximum amount on the total')]
14:39:04,887 INFO  [BrowserSelenium] (initElements) -> ID set to field: assetIdentifierLabel
14:39:04,888 INFO  [BrowserSelenium] (initElements) -> Name set to field: 
14:39:04,888 INFO  [BrowserSelenium] (initElements) -> CSS set to field: 
14:39:04,888 INFO  [BrowserSelenium] (initElements) -> XPath set to field: 
14:39:04,889 INFO  [BrowserSelenium] (initElements) -> ID set to field: 
14:39:04,889 INFO  [BrowserSelenium] (initElements) -> Name set to field: 
14:39:04,889 INFO  [BrowserSelenium] (initElements) -> CSS set to field: 
14:39:04,889 INFO  [BrowserSelenium] (initElements) -> XPath set to field: //div[@class='field-name']//label//span/following::div
14:39:04,889 INFO  [BrowserSelenium] (initElements) -> ID set to field: mandatoryCheck
14:39:04,889 INFO  [BrowserSelenium] (initElements) -> Name set to field: 
14:39:04,890 INFO  [BrowserSelenium] (initElements) -> CSS set to field: 
14:39:04,890 INFO  [BrowserSelenium] (initElements) -> XPath set to field: 
14:39:04,890 INFO  [BrowserSelenium] (initElements) -> ID set to field: 
14:39:04,890 INFO  [BrowserSelenium] (initElements) -> Name set to field: 
14:39:04,890 INFO  [BrowserSelenium] (initElements) -> CSS set to field: 
14:39:04,890 INFO  [BrowserSelenium] (initElements) -> XPath set to field: //label[text()='Import Meta Field']/following::select/option
14:39:04,891 INFO  [BrowserSelenium] (initElements) -> ID set to field: 
14:39:04,891 INFO  [BrowserSelenium] (initElements) -> Name set to field: 
14:39:04,891 INFO  [BrowserSelenium] (initElements) -> CSS set to field: 
14:39:04,891 INFO  [BrowserSelenium] (initElements) -> XPath set to field: //label[text()='Default value']/following::div/input
14:39:04,891 INFO  [BrowserSelenium] (initElements) -> ID set to field: 
14:39:04,891 INFO  [BrowserSelenium] (initElements) -> Name set to field: 
14:39:04,891 INFO  [BrowserSelenium] (initElements) -> CSS set to field: 
14:39:04,892 INFO  [BrowserSelenium] (initElements) -> XPath set to field: //input[contains(@data-customtooltip,'If mediation is used this field is required.')]
14:39:04,892 INFO  [BrowserSelenium] (initElements) -> ID set to field: 
14:39:04,892 INFO  [BrowserSelenium] (initElements) -> Name set to field: 
14:39:04,892 INFO  [BrowserSelenium] (initElements) -> CSS set to field: 
14:39:04,892 INFO  [BrowserSelenium] (initElements) -> XPath set to field: //input[@data-customtooltip='This represents midnight (the beginning of a day)']
14:39:04,892 INFO  [BrowserSelenium] (initElements) -> ID set to field: 
14:39:04,893 INFO  [BrowserSelenium] (initElements) -> Name set to field: 
14:39:04,893 INFO  [BrowserSelenium] (initElements) -> CSS set to field: 
14:39:04,893 INFO  [BrowserSelenium] (initElements) -> XPath set to field: //input[@id='model.0.attribute.1.value']
14:39:04,893 INFO  [BrowserSelenium] (initElements) -> ID set to field: 
14:39:04,893 INFO  [BrowserSelenium] (initElements) -> Name set to field: 
14:39:04,893 INFO  [BrowserSelenium] (initElements) -> CSS set to field: 
14:39:04,893 INFO  [BrowserSelenium] (initElements) -> XPath set to field: //input[contains(@data-customtooltip,'This represents the range starting value')]
14:39:04,894 INFO  [BrowserSelenium] (initElements) -> ID set to field: 
14:39:04,894 INFO  [BrowserSelenium] (initElements) -> Name set to field: 
14:39:04,894 INFO  [BrowserSelenium] (initElements) -> CSS set to field: 
14:39:04,894 INFO  [BrowserSelenium] (initElements) -> XPath set to field: //input[@data-customtooltip='This is the rate for the range starting from this value(inclusive)']
14:39:04,894 INFO  [BrowserSelenium] (initElements) -> ID set to field: 
14:39:04,894 INFO  [BrowserSelenium] (initElements) -> Name set to field: 
14:39:04,894 INFO  [BrowserSelenium] (initElements) -> CSS set to field: 
14:39:04,895 INFO  [BrowserSelenium] (initElements) -> XPath set to field: //a[@onclick ='addModelAttribute(this, 0, 2)']
14:39:04,895 INFO  [BrowserSelenium] (initElements) -> ID set to field: 
14:39:04,895 INFO  [BrowserSelenium] (initElements) -> Name set to field: 
14:39:04,895 INFO  [BrowserSelenium] (initElements) -> CSS set to field: 
14:39:04,895 INFO  [BrowserSelenium] (initElements) -> XPath set to field:  //input[@name='model.0.attribute.3.name']
14:39:04,895 INFO  [BrowserSelenium] (initElements) -> ID set to field: 
14:39:04,895 INFO  [BrowserSelenium] (initElements) -> Name set to field: 
14:39:04,895 INFO  [BrowserSelenium] (initElements) -> CSS set to field: 
14:39:04,895 INFO  [BrowserSelenium] (initElements) -> XPath set to field: //input[contains(@name,'model.0.attribute.3.value')]
14:39:04,896 INFO  [BrowserSelenium] (initElements) -> ID set to field: 
14:39:04,896 INFO  [BrowserSelenium] (initElements) -> Name set to field: 
14:39:04,896 INFO  [BrowserSelenium] (initElements) -> CSS set to field: 
14:39:04,896 INFO  [BrowserSelenium] (initElements) -> XPath set to field: //a[@onclick ='addModelAttribute(this, 0, 3)']
14:39:04,896 INFO  [BrowserSelenium] (initElements) -> ID set to field: 
14:39:04,896 INFO  [BrowserSelenium] (initElements) -> Name set to field: 
14:39:04,896 INFO  [BrowserSelenium] (initElements) -> CSS set to field: 
14:39:04,897 INFO  [BrowserSelenium] (initElements) -> XPath set to field:  //input[@name='model.0.attribute.4.name']
14:39:04,897 INFO  [BrowserSelenium] (initElements) -> ID set to field: 
14:39:04,897 INFO  [BrowserSelenium] (initElements) -> Name set to field: 
14:39:04,897 INFO  [BrowserSelenium] (initElements) -> CSS set to field: 
14:39:04,897 INFO  [BrowserSelenium] (initElements) -> XPath set to field: //input[contains(@name,'model.0.attribute.4.value')]
14:39:04,897 INFO  [BrowserSelenium] (initElements) -> ID set to field: 
14:39:04,897 INFO  [BrowserSelenium] (initElements) -> Name set to field: 
14:39:04,898 INFO  [BrowserSelenium] (initElements) -> CSS set to field: 
14:39:04,898 INFO  [BrowserSelenium] (initElements) -> XPath set to field: //input[contains(@data-customtooltip,'Number of pulled products to be purchased, to be able to get this product as a bonus')]
14:39:04,898 INFO  [BrowserSelenium] (initElements) -> ID set to field: 
14:39:04,898 INFO  [BrowserSelenium] (initElements) -> Name set to field: 
14:39:04,898 INFO  [BrowserSelenium] (initElements) -> CSS set to field: 
14:39:04,898 INFO  [BrowserSelenium] (initElements) -> XPath set to field: //select[contains(@name,'model.0.attribute.1.value')]
14:39:04,899 INFO  [BrowserSelenium] (initElements) -> ID set to field: 
14:39:04,899 INFO  [BrowserSelenium] (initElements) -> Name set to field: 
14:39:04,899 INFO  [BrowserSelenium] (initElements) -> CSS set to field: 
14:39:04,899 INFO  [BrowserSelenium] (initElements) -> XPath set to field: //input[contains(@data-customtooltip,'The calculation to determine the percentage is Selection Category/Category Percent x 100')]
14:39:04,900 INFO  [BrowserSelenium] (initElements) -> ID set to field: 
14:39:04,900 INFO  [BrowserSelenium] (initElements) -> Name set to field: 
14:39:04,900 INFO  [BrowserSelenium] (initElements) -> CSS set to field: 
14:39:04,900 INFO  [BrowserSelenium] (initElements) -> XPath set to field: //input[@data-customtooltip='Pair range between percentage calculated and the ID the product added, starting from 0 percent']
14:39:04,900 INFO  [BrowserSelenium] (initElements) -> ID set to field: 
14:39:04,901 INFO  [BrowserSelenium] (initElements) -> Name set to field: 
14:39:04,901 INFO  [BrowserSelenium] (initElements) -> CSS set to field: 
14:39:04,901 INFO  [BrowserSelenium] (initElements) -> XPath set to field: //input[contains(@data-customtooltip,'Pair range between quantity of products in selected category and the ID the product added, starting from 1')]
14:39:04,901 INFO  [BrowserSelenium] (initElements) -> ID set to field: 
14:39:04,901 INFO  [BrowserSelenium] (initElements) -> Name set to field: 
14:39:04,902 INFO  [BrowserSelenium] (initElements) -> CSS set to field: 
14:39:04,902 INFO  [BrowserSelenium] (initElements) -> XPath set to field: //input[@name='model.0.attribute.1.name']
14:39:04,902 INFO  [BrowserSelenium] (initElements) -> ID set to field: 
14:39:04,902 INFO  [BrowserSelenium] (initElements) -> Name set to field: 
14:39:04,902 INFO  [BrowserSelenium] (initElements) -> CSS set to field: 
14:39:04,903 INFO  [BrowserSelenium] (initElements) -> XPath set to field: //input[@name='model.0.attribute.1.value']
14:39:04,903 INFO  [BrowserSelenium] (initElements) -> ID set to field: 
14:39:04,903 INFO  [BrowserSelenium] (initElements) -> Name set to field: 
14:39:04,903 INFO  [BrowserSelenium] (initElements) -> CSS set to field: 
14:39:04,903 INFO  [BrowserSelenium] (initElements) -> XPath set to field: //span[contains(.,'Add Chain')]
14:39:04,903 INFO  [BrowserSelenium] (initElements) -> ID set to field: 
14:39:04,903 INFO  [BrowserSelenium] (initElements) -> Name set to field: 
14:39:04,904 INFO  [BrowserSelenium] (initElements) -> CSS set to field: 
14:39:04,904 INFO  [BrowserSelenium] (initElements) -> XPath set to field: //input[contains(@data-customtooltip,'The rate of the product after the included quantity')]
14:39:04,904 INFO  [BrowserSelenium] (initElements) -> ID set to field: 
14:39:04,904 INFO  [BrowserSelenium] (initElements) -> Name set to field: 
14:39:04,905 INFO  [BrowserSelenium] (initElements) -> CSS set to field: 
14:39:04,905 INFO  [BrowserSelenium] (initElements) -> XPath set to field: //input[contains(@data-customtooltip,'Number of included products for free')]
14:39:04,905 INFO  [BrowserSelenium] (initElements) -> ID set to field: 
14:39:04,905 INFO  [BrowserSelenium] (initElements) -> Name set to field: 
14:39:04,906 INFO  [BrowserSelenium] (initElements) -> CSS set to field: 
14:39:04,906 INFO  [BrowserSelenium] (initElements) -> XPath set to field: //table[@id='categories']/tbody//strong[contains(text(),'Test category')]
14:39:04,906 INFO  [BrowserSelenium] (initElements) -> ID set to field: 
14:39:04,906 INFO  [BrowserSelenium] (initElements) -> Name set to field: 
14:39:04,906 INFO  [BrowserSelenium] (initElements) -> CSS set to field: 
14:39:04,906 INFO  [BrowserSelenium] (initElements) -> XPath set to field: //strong[text()='Lemonade']
14:39:04,907 INFO  [BrowserSelenium] (initElements) -> ID set to field: 
14:39:04,907 INFO  [BrowserSelenium] (initElements) -> Name set to field: 
14:39:04,907 INFO  [BrowserSelenium] (initElements) -> CSS set to field: 
14:39:04,907 INFO  [BrowserSelenium] (initElements) -> XPath set to field: 	//strong[text()='Coffee']
14:39:04,907 INFO  [BrowserSelenium] (initElements) -> ID set to field: 
14:39:04,907 INFO  [BrowserSelenium] (initElements) -> Name set to field: 
14:39:04,907 INFO  [BrowserSelenium] (initElements) -> CSS set to field: 
14:39:04,908 INFO  [BrowserSelenium] (initElements) -> XPath set to field: //*[@id='product.dependencyItems']/option[2]
14:39:04,908 INFO  [BrowserSelenium] (initElements) -> ID set to field: 
14:39:04,908 INFO  [BrowserSelenium] (initElements) -> Name set to field: 
14:39:04,908 INFO  [BrowserSelenium] (initElements) -> CSS set to field: 
14:39:04,908 INFO  [BrowserSelenium] (initElements) -> XPath set to field: //*[@id='save-product-form']/fieldset/div[7]/ul/li[1]/a
14:39:04,908 INFO  [BrowserSelenium] (initElements) -> ID set to field: 
14:39:04,909 INFO  [BrowserSelenium] (initElements) -> Name set to field: 
14:39:04,909 INFO  [BrowserSelenium] (initElements) -> CSS set to field: 
14:39:04,909 INFO  [BrowserSelenium] (initElements) -> XPath set to field: //table[@id='categories']/tbody/tr/td/a/strong
14:39:04,909 INFO  [BrowserSelenium] (initElements) -> ID set to field: 
14:39:04,909 INFO  [BrowserSelenium] (initElements) -> Name set to field: 
14:39:04,909 INFO  [BrowserSelenium] (initElements) -> CSS set to field: 
14:39:04,909 INFO  [BrowserSelenium] (initElements) -> XPath set to field: //table[@class='innerTable']/tbody/tr/td
14:39:04,910 INFO  [BrowserSelenium] (initElements) -> ID set to field: 
14:39:04,910 INFO  [BrowserSelenium] (initElements) -> Name set to field: 
14:39:04,910 INFO  [BrowserSelenium] (initElements) -> CSS set to field: 
14:39:04,910 INFO  [BrowserSelenium] (initElements) -> XPath set to field: //table[@class='dataTable']/tbody/tr/td
14:39:04,910 INFO  [BrowserSelenium] (initElements) -> ID set to field: 
14:39:04,910 INFO  [BrowserSelenium] (initElements) -> Name set to field: 
14:39:04,911 INFO  [BrowserSelenium] (initElements) -> CSS set to field: 
14:39:04,911 INFO  [BrowserSelenium] (initElements) -> XPath set to field: //input[@id='onePerOrder']
14:39:04,911 INFO  [BrowserSelenium] (initElements) -> ID set to field: 
14:39:04,911 INFO  [BrowserSelenium] (initElements) -> Name set to field: 
14:39:04,911 INFO  [BrowserSelenium] (initElements) -> CSS set to field: 
14:39:04,911 INFO  [BrowserSelenium] (initElements) -> XPath set to field: //input[@id='onePerCustomer']
14:39:04,911 INFO  [BrowserSelenium] (initElements) -> ID set to field: 
14:39:04,912 INFO  [BrowserSelenium] (initElements) -> Name set to field: 
14:39:04,912 INFO  [BrowserSelenium] (initElements) -> CSS set to field: 
14:39:04,912 INFO  [BrowserSelenium] (initElements) -> XPath set to field: //input[@id='product.activeSince']
14:39:04,912 INFO  [BrowserSelenium] (initElements) -> ID set to field: 
14:39:04,912 INFO  [BrowserSelenium] (initElements) -> Name set to field: 
14:39:04,912 INFO  [BrowserSelenium] (initElements) -> CSS set to field: 
14:39:04,913 INFO  [BrowserSelenium] (initElements) -> XPath set to field: //input[@id='product.activeUntil']
14:39:04,913 INFO  [BrowserSelenium] EXIT --> (initElements)
14:39:04,913 INFO  [BrowserSelenium] ENTER --> (_waitForElement) --> Waiting for element: null
14:39:04,913 INFO  [BrowserSelenium] ENTER --> (waitForElement)
14:39:04,922 INFO  [BrowserSelenium] ENTER --> (_getByLocator)
14:39:04,922 INFO  [BrowserSelenium] (_getByLocator) -> Getting locator for null
14:39:04,923 INFO  [BrowserSelenium] (_getByLocator) -> Locator info found for XPATH attribute as: //input[@id='processingOrder']
14:39:04,923 INFO  [BrowserSelenium] ENTER --> (_parseElementOnXpath)
14:39:04,924 INFO  [BrowserSelenium] (_parseElementOnXpath) -> //input[@id='processingOrder'] is used
14:39:04,924 INFO  [BrowserSelenium] EXIT --> (_parseElementOnXpath)
14:39:04,924 INFO  [BrowserSelenium] EXIT --> (_getByLocator)
14:39:04,945 INFO  [BrowserSelenium] ENTER --> (_getByLocator)
14:39:04,945 INFO  [BrowserSelenium] (_getByLocator) -> Getting locator for null
14:39:04,945 INFO  [BrowserSelenium] (_getByLocator) -> Locator info found for XPATH attribute as: //input[@id='processingOrder']
14:39:04,946 INFO  [BrowserSelenium] ENTER --> (_parseElementOnXpath)
14:39:04,946 INFO  [BrowserSelenium] (_parseElementOnXpath) -> //input[@id='processingOrder'] is used
14:39:04,947 INFO  [BrowserSelenium] EXIT --> (_parseElementOnXpath)
14:39:04,947 INFO  [BrowserSelenium] EXIT --> (_getByLocator)
14:39:04,990 INFO  [BrowserSelenium] (waitForElement) -> element wait eligibility found: true
14:39:04,991 INFO  [BrowserSelenium] ENTER --> (_waitForJStoLoad)
14:39:05,536 INFO  [BrowserSelenium] EXIT --> (_waitForJStoLoad) --> DOM load wait done: true
14:39:05,537 INFO  [BrowserSelenium] (waitForElement) -> element wait eligibility set: true
14:39:05,537 INFO  [BrowserSelenium] EXIT --> (waitForElement)
14:39:05,537 INFO  [BrowserSelenium] EXIT --> (_waitForElement)
14:39:05,538 INFO  [BrowserSelenium] ENTER --> (_waitForElement) --> Waiting for element: null
14:39:05,538 INFO  [BrowserSelenium] ENTER --> (waitForElement)
14:39:05,544 INFO  [BrowserSelenium] ENTER --> (_getByLocator)
14:39:05,545 INFO  [BrowserSelenium] (_getByLocator) -> Getting locator for null
14:39:05,545 INFO  [BrowserSelenium] (_getByLocator) -> Locator info found for XPATH attribute as: //input[@id='processingOrder']
14:39:05,545 INFO  [BrowserSelenium] ENTER --> (_parseElementOnXpath)
14:39:05,545 INFO  [BrowserSelenium] (_parseElementOnXpath) -> //input[@id='processingOrder'] is used
14:39:05,545 INFO  [BrowserSelenium] EXIT --> (_parseElementOnXpath)
14:39:05,545 INFO  [BrowserSelenium] EXIT --> (_getByLocator)
14:39:05,569 INFO  [BrowserSelenium] ENTER --> (_getByLocator)
14:39:05,569 INFO  [BrowserSelenium] (_getByLocator) -> Getting locator for null
14:39:05,570 INFO  [BrowserSelenium] (_getByLocator) -> Locator info found for XPATH attribute as: //input[@id='processingOrder']
14:39:05,570 INFO  [BrowserSelenium] ENTER --> (_parseElementOnXpath)
14:39:05,570 INFO  [BrowserSelenium] (_parseElementOnXpath) -> //input[@id='processingOrder'] is used
14:39:05,570 INFO  [BrowserSelenium] EXIT --> (_parseElementOnXpath)
14:39:05,571 INFO  [BrowserSelenium] EXIT --> (_getByLocator)
14:39:05,610 INFO  [BrowserSelenium] (waitForElement) -> element wait eligibility found: true
14:39:05,610 INFO  [BrowserSelenium] ENTER --> (_waitForJStoLoad)
14:39:05,773 INFO  [BrowserSelenium] EXIT --> (_waitForJStoLoad) --> DOM load wait done: true
14:39:05,773 INFO  [BrowserSelenium] (waitForElement) -> element wait eligibility set: true
14:39:05,773 INFO  [BrowserSelenium] EXIT --> (waitForElement)
14:39:05,773 INFO  [BrowserSelenium] EXIT --> (_waitForElement)
14:39:05,773 INFO  [BrowserSelenium] ENTER --> (_waitForElement) --> Waiting for element: null
14:39:05,773 INFO  [BrowserSelenium] ENTER --> (waitForElement)
14:39:05,784 INFO  [BrowserSelenium] ENTER --> (_getByLocator)
14:39:05,784 INFO  [BrowserSelenium] (_getByLocator) -> Getting locator for null
14:39:05,785 INFO  [BrowserSelenium] (_getByLocator) -> Locator info found for XPATH attribute as: //input[@id='processingOrder']
14:39:05,785 INFO  [BrowserSelenium] ENTER --> (_parseElementOnXpath)
14:39:05,785 INFO  [BrowserSelenium] (_parseElementOnXpath) -> //input[@id='processingOrder'] is used
14:39:05,785 INFO  [BrowserSelenium] EXIT --> (_parseElementOnXpath)
14:39:05,786 INFO  [BrowserSelenium] EXIT --> (_getByLocator)
14:39:05,908 INFO  [BrowserSelenium] ENTER --> (_getByLocator)
14:39:05,908 INFO  [BrowserSelenium] (_getByLocator) -> Getting locator for null
14:39:05,908 INFO  [BrowserSelenium] (_getByLocator) -> Locator info found for XPATH attribute as: //input[@id='processingOrder']
14:39:05,908 INFO  [BrowserSelenium] ENTER --> (_parseElementOnXpath)
14:39:05,909 INFO  [BrowserSelenium] (_parseElementOnXpath) -> //input[@id='processingOrder'] is used
14:39:05,909 INFO  [BrowserSelenium] EXIT --> (_parseElementOnXpath)
14:39:05,909 INFO  [BrowserSelenium] EXIT --> (_getByLocator)
14:39:05,936 INFO  [BrowserSelenium] (waitForElement) -> element wait eligibility found: true
14:39:05,936 INFO  [BrowserSelenium] ENTER --> (_waitForJStoLoad)
14:39:05,958 INFO  [BrowserSelenium] EXIT --> (_waitForJStoLoad) --> DOM load wait done: true
14:39:05,958 INFO  [BrowserSelenium] (waitForElement) -> element wait eligibility set: true
14:39:05,958 INFO  [BrowserSelenium] EXIT --> (waitForElement)
14:39:05,958 INFO  [BrowserSelenium] EXIT --> (_waitForElement)
14:39:05,958 INFO  [BrowserSelenium] ENTER --> (_waitForElement) --> Waiting for element: null
14:39:05,958 INFO  [BrowserSelenium] ENTER --> (waitForElement)
14:39:05,964 INFO  [BrowserSelenium] ENTER --> (_getByLocator)
14:39:05,964 INFO  [BrowserSelenium] (_getByLocator) -> Getting locator for null
14:39:05,964 INFO  [BrowserSelenium] (_getByLocator) -> Locator info found for XPATH attribute as: //input[@id='processingOrder']
14:39:05,965 INFO  [BrowserSelenium] ENTER --> (_parseElementOnXpath)
14:39:05,965 INFO  [BrowserSelenium] (_parseElementOnXpath) -> //input[@id='processingOrder'] is used
14:39:05,965 INFO  [BrowserSelenium] EXIT --> (_parseElementOnXpath)
14:39:05,965 INFO  [BrowserSelenium] EXIT --> (_getByLocator)
14:39:05,980 INFO  [BrowserSelenium] ENTER --> (_getByLocator)
14:39:05,980 INFO  [BrowserSelenium] (_getByLocator) -> Getting locator for null
14:39:05,980 INFO  [BrowserSelenium] (_getByLocator) -> Locator info found for XPATH attribute as: //input[@id='processingOrder']
14:39:05,980 INFO  [BrowserSelenium] ENTER --> (_parseElementOnXpath)
14:39:05,981 INFO  [BrowserSelenium] (_parseElementOnXpath) -> //input[@id='processingOrder'] is used
14:39:05,981 INFO  [BrowserSelenium] EXIT --> (_parseElementOnXpath)
14:39:05,981 INFO  [BrowserSelenium] EXIT --> (_getByLocator)
14:39:06,011 INFO  [BrowserSelenium] (waitForElement) -> element wait eligibility found: true
14:39:06,011 INFO  [BrowserSelenium] ENTER --> (_waitForJStoLoad)
14:39:06,034 INFO  [BrowserSelenium] EXIT --> (_waitForJStoLoad) --> DOM load wait done: true
14:39:06,034 INFO  [BrowserSelenium] (waitForElement) -> element wait eligibility set: true
14:39:06,034 INFO  [BrowserSelenium] EXIT --> (waitForElement)
14:39:06,034 INFO  [BrowserSelenium] EXIT --> (_waitForElement)
14:39:06,040 INFO  [BrowserSelenium] ENTER --> (_getByLocator)
14:39:06,040 INFO  [BrowserSelenium] (_getByLocator) -> Getting locator for null
14:39:06,040 INFO  [BrowserSelenium] (_getByLocator) -> Locator info found for XPATH attribute as: //input[@id='processingOrder']
14:39:06,040 INFO  [BrowserSelenium] ENTER --> (_parseElementOnXpath)
14:39:06,040 INFO  [BrowserSelenium] (_parseElementOnXpath) -> //input[@id='processingOrder'] is used
14:39:06,041 INFO  [BrowserSelenium] EXIT --> (_parseElementOnXpath)
14:39:06,041 INFO  [BrowserSelenium] EXIT --> (_getByLocator)
14:39:06,065 INFO  [BrowserSelenium] ENTER --> (_getByLocator)
14:39:06,065 INFO  [BrowserSelenium] (_getByLocator) -> Getting locator for null
14:39:06,066 INFO  [BrowserSelenium] (_getByLocator) -> Locator info found for XPATH attribute as: //input[@id='processingOrder']
14:39:06,066 INFO  [BrowserSelenium] ENTER --> (_parseElementOnXpath)
14:39:06,066 INFO  [BrowserSelenium] (_parseElementOnXpath) -> //input[@id='processingOrder'] is used
14:39:06,066 INFO  [BrowserSelenium] EXIT --> (_parseElementOnXpath)
14:39:06,066 INFO  [BrowserSelenium] EXIT --> (_getByLocator)
14:39:06,148 INFO  [BrowserSelenium] ENTER --> (_getByLocator)
14:39:06,148 INFO  [BrowserSelenium] (_getByLocator) -> Getting locator for null
14:39:06,148 INFO  [BrowserSelenium] (_getByLocator) -> Locator info found for XPATH attribute as: //input[@id='processingOrder']
14:39:06,149 INFO  [BrowserSelenium] ENTER --> (_parseElementOnXpath)
14:39:06,149 INFO  [BrowserSelenium] (_parseElementOnXpath) -> //input[@id='processingOrder'] is used
14:39:06,149 INFO  [BrowserSelenium] EXIT --> (_parseElementOnXpath)
14:39:06,149 INFO  [BrowserSelenium] EXIT --> (_getByLocator)
14:39:06,611 INFO  [BrowserSelenium] ENTER --> (_waitForElement) --> Waiting for element: null
14:39:06,611 INFO  [BrowserSelenium] ENTER --> (waitForElement)
14:39:06,616 INFO  [BrowserSelenium] ENTER --> (_getByLocator)
14:39:06,616 INFO  [BrowserSelenium] (_getByLocator) -> Getting locator for null
14:39:06,616 INFO  [BrowserSelenium] (_getByLocator) -> Locator info found for XPATH attribute as: //input[@id='processingOrder']
14:39:06,617 INFO  [BrowserSelenium] ENTER --> (_parseElementOnXpath)
14:39:06,617 INFO  [BrowserSelenium] (_parseElementOnXpath) -> //input[@id='processingOrder'] is used
14:39:06,617 INFO  [BrowserSelenium] EXIT --> (_parseElementOnXpath)
14:39:06,617 INFO  [BrowserSelenium] EXIT --> (_getByLocator)
14:39:06,633 INFO  [BrowserSelenium] ENTER --> (_getByLocator)
14:39:06,633 INFO  [BrowserSelenium] (_getByLocator) -> Getting locator for null
14:39:06,633 INFO  [BrowserSelenium] (_getByLocator) -> Locator info found for XPATH attribute as: //input[@id='processingOrder']
14:39:06,633 INFO  [BrowserSelenium] ENTER --> (_parseElementOnXpath)
14:39:06,634 INFO  [BrowserSelenium] (_parseElementOnXpath) -> //input[@id='processingOrder'] is used
14:39:06,634 INFO  [BrowserSelenium] EXIT --> (_parseElementOnXpath)
14:39:06,634 INFO  [BrowserSelenium] EXIT --> (_getByLocator)
14:39:06,675 INFO  [BrowserSelenium] (waitForElement) -> element wait eligibility found: true
14:39:06,675 INFO  [BrowserSelenium] ENTER --> (_waitForJStoLoad)
14:39:06,698 INFO  [BrowserSelenium] EXIT --> (_waitForJStoLoad) --> DOM load wait done: true
14:39:06,698 INFO  [BrowserSelenium] (waitForElement) -> element wait eligibility set: true
14:39:06,698 INFO  [BrowserSelenium] EXIT --> (waitForElement)
14:39:06,698 INFO  [BrowserSelenium] EXIT --> (_waitForElement)
14:39:06,706 INFO  [BrowserSelenium] ENTER --> (_getByLocator)
14:39:06,706 INFO  [BrowserSelenium] (_getByLocator) -> Getting locator for null
14:39:06,706 INFO  [BrowserSelenium] (_getByLocator) -> Locator info found for XPATH attribute as: //input[@id='processingOrder']
14:39:06,706 INFO  [BrowserSelenium] ENTER --> (_parseElementOnXpath)
14:39:06,706 INFO  [BrowserSelenium] (_parseElementOnXpath) -> //input[@id='processingOrder'] is used
14:39:06,707 INFO  [BrowserSelenium] EXIT --> (_parseElementOnXpath)
14:39:06,707 INFO  [BrowserSelenium] EXIT --> (_getByLocator)
14:39:06,719 INFO  [BrowserSelenium] ENTER --> (_waitForElement) --> Waiting for element: null
14:39:06,719 INFO  [BrowserSelenium] ENTER --> (waitForElement)
14:39:06,724 INFO  [BrowserSelenium] ENTER --> (_getByLocator)
14:39:06,724 INFO  [BrowserSelenium] (_getByLocator) -> Getting locator for null
14:39:06,724 INFO  [BrowserSelenium] (_getByLocator) -> Locator info found for XPATH attribute as: //input[@id='processingOrder']
14:39:06,724 INFO  [BrowserSelenium] ENTER --> (_parseElementOnXpath)
14:39:06,724 INFO  [BrowserSelenium] (_parseElementOnXpath) -> //input[@id='processingOrder'] is used
14:39:06,724 INFO  [BrowserSelenium] EXIT --> (_parseElementOnXpath)
14:39:06,725 INFO  [BrowserSelenium] EXIT --> (_getByLocator)
14:39:06,741 INFO  [BrowserSelenium] ENTER --> (_getByLocator)
14:39:06,742 INFO  [BrowserSelenium] (_getByLocator) -> Getting locator for null
14:39:06,742 INFO  [BrowserSelenium] (_getByLocator) -> Locator info found for XPATH attribute as: //input[@id='processingOrder']
14:39:06,742 INFO  [BrowserSelenium] ENTER --> (_parseElementOnXpath)
14:39:06,742 INFO  [BrowserSelenium] (_parseElementOnXpath) -> //input[@id='processingOrder'] is used
14:39:06,742 INFO  [BrowserSelenium] EXIT --> (_parseElementOnXpath)
14:39:06,742 INFO  [BrowserSelenium] EXIT --> (_getByLocator)
14:39:06,780 INFO  [BrowserSelenium] (waitForElement) -> element wait eligibility found: true
14:39:06,780 INFO  [BrowserSelenium] ENTER --> (_waitForJStoLoad)
14:39:06,809 INFO  [BrowserSelenium] EXIT --> (_waitForJStoLoad) --> DOM load wait done: true
14:39:06,810 INFO  [BrowserSelenium] (waitForElement) -> element wait eligibility set: true
14:39:06,810 INFO  [BrowserSelenium] EXIT --> (waitForElement)
14:39:06,810 INFO  [BrowserSelenium] EXIT --> (_waitForElement)
14:39:06,815 INFO  [BrowserSelenium] ENTER --> (_getByLocator)
14:39:06,816 INFO  [BrowserSelenium] (_getByLocator) -> Getting locator for null
14:39:06,816 INFO  [BrowserSelenium] (_getByLocator) -> Locator info found for XPATH attribute as: //input[@id='processingOrder']
14:39:06,816 INFO  [BrowserSelenium] ENTER --> (_parseElementOnXpath)
14:39:06,816 INFO  [BrowserSelenium] (_parseElementOnXpath) -> //input[@id='processingOrder'] is used
14:39:06,816 INFO  [BrowserSelenium] EXIT --> (_parseElementOnXpath)
14:39:06,816 INFO  [BrowserSelenium] EXIT --> (_getByLocator)
14:39:06,830 INFO  [BrowserSelenium] ENTER --> (initElements)
14:39:06,830 INFO  [BrowserSelenium] (initElements) -> ID set to field: 
14:39:06,830 INFO  [BrowserSelenium] (initElements) -> Name set to field: 
14:39:06,830 INFO  [BrowserSelenium] (initElements) -> CSS set to field: 
14:39:06,831 INFO  [BrowserSelenium] (initElements) -> XPath set to field: //table[@id='categories']/tbody//strong[contains(text(),'New Test category')]
14:39:06,831 INFO  [BrowserSelenium] (initElements) -> ID set to field: 
14:39:06,831 INFO  [BrowserSelenium] (initElements) -> Name set to field: 
14:39:06,831 INFO  [BrowserSelenium] (initElements) -> CSS set to field: 
14:39:06,831 INFO  [BrowserSelenium] (initElements) -> XPath set to field: //table[@id='categories']/tbody//strong[contains(text(),'Asset Category 1')]
14:39:06,831 INFO  [BrowserSelenium] (initElements) -> ID set to field: 
14:39:06,831 INFO  [BrowserSelenium] (initElements) -> Name set to field: 
14:39:06,831 INFO  [BrowserSelenium] (initElements) -> CSS set to field: 
14:39:06,831 INFO  [BrowserSelenium] (initElements) -> XPath set to field: //span[text()='Add Product']
14:39:06,832 INFO  [BrowserSelenium] (initElements) -> ID set to field: 
14:39:06,832 INFO  [BrowserSelenium] (initElements) -> Name set to field: 
14:39:06,832 INFO  [BrowserSelenium] (initElements) -> CSS set to field: 
14:39:06,832 INFO  [BrowserSelenium] (initElements) -> XPath set to field: //select[@id='newDescriptionLanguage']
14:39:06,832 INFO  [BrowserSelenium] (initElements) -> ID set to field: 
14:39:06,832 INFO  [BrowserSelenium] (initElements) -> Name set to field: 
14:39:06,832 INFO  [BrowserSelenium] (initElements) -> CSS set to field: 
14:39:06,832 INFO  [BrowserSelenium] (initElements) -> XPath set to field: //a[@onclick='addNewProductDescription()']
14:39:06,832 INFO  [BrowserSelenium] (initElements) -> ID set to field: 
14:39:06,833 INFO  [BrowserSelenium] (initElements) -> Name set to field: 
14:39:06,833 INFO  [BrowserSelenium] (initElements) -> CSS set to field: 
14:39:06,833 INFO  [BrowserSelenium] (initElements) -> XPath set to field: //label[contains(text(),'English Description')]/../div/input[1]
14:39:06,833 INFO  [BrowserSelenium] (initElements) -> ID set to field: 
14:39:06,833 INFO  [BrowserSelenium] (initElements) -> Name set to field: 
14:39:06,833 INFO  [BrowserSelenium] (initElements) -> CSS set to field: 
14:39:06,833 INFO  [BrowserSelenium] (initElements) -> XPath set to field: //input[@id='product.number']
14:39:06,833 INFO  [BrowserSelenium] (initElements) -> ID set to field: 
14:39:06,833 INFO  [BrowserSelenium] (initElements) -> Name set to field: 
14:39:06,833 INFO  [BrowserSelenium] (initElements) -> CSS set to field: 
14:39:06,834 INFO  [BrowserSelenium] (initElements) -> XPath set to field: //input[@id='product.standardAvailability']
14:39:06,834 INFO  [BrowserSelenium] (initElements) -> ID set to field: 
14:39:06,834 INFO  [BrowserSelenium] (initElements) -> Name set to field: 
14:39:06,834 INFO  [BrowserSelenium] (initElements) -> CSS set to field: 
14:39:06,834 INFO  [BrowserSelenium] (initElements) -> XPath set to field: //select[@id='product.accountTypes']
14:39:06,834 INFO  [BrowserSelenium] (initElements) -> ID set to field: 
14:39:06,834 INFO  [BrowserSelenium] (initElements) -> Name set to field: 
14:39:06,834 INFO  [BrowserSelenium] (initElements) -> CSS set to field: 
14:39:06,834 INFO  [BrowserSelenium] (initElements) -> XPath set to field: //select[@class='model-type toolTipElement']
14:39:06,835 INFO  [BrowserSelenium] (initElements) -> ID set to field: 
14:39:06,835 INFO  [BrowserSelenium] (initElements) -> Name set to field: 
14:39:06,835 INFO  [BrowserSelenium] (initElements) -> CSS set to field: 
14:39:06,835 INFO  [BrowserSelenium] (initElements) -> XPath set to field: //input[@id='model.0.rateAsDecimal']
14:39:06,835 INFO  [BrowserSelenium] (initElements) -> ID set to field: 
14:39:06,835 INFO  [BrowserSelenium] (initElements) -> Name set to field: 
14:39:06,835 INFO  [BrowserSelenium] (initElements) -> CSS set to field: 
14:39:06,835 INFO  [BrowserSelenium] (initElements) -> XPath set to field: //select[@id='model.0.currencyId']
14:39:06,835 INFO  [BrowserSelenium] (initElements) -> ID set to field: 
14:39:06,836 INFO  [BrowserSelenium] (initElements) -> Name set to field: 
14:39:06,836 INFO  [BrowserSelenium] (initElements) -> CSS set to field: 
14:39:06,836 INFO  [BrowserSelenium] (initElements) -> XPath set to field: //span[text()='Save Changes']
14:39:06,836 INFO  [BrowserSelenium] (initElements) -> ID set to field: 
14:39:06,836 INFO  [BrowserSelenium] (initElements) -> Name set to field: 
14:39:06,836 INFO  [BrowserSelenium] (initElements) -> CSS set to field: 
14:39:06,836 INFO  [BrowserSelenium] (initElements) -> XPath set to field: //span[text()='Cancel']
14:39:06,836 INFO  [BrowserSelenium] (initElements) -> ID set to field: 
14:39:06,836 INFO  [BrowserSelenium] (initElements) -> Name set to field: 
14:39:06,837 INFO  [BrowserSelenium] (initElements) -> CSS set to field: 
14:39:06,837 INFO  [BrowserSelenium] (initElements) -> XPath set to field: //table[@id='products']/tbody//strong[contains(text(),'Test Code Description')]
14:39:06,837 INFO  [BrowserSelenium] (initElements) -> ID set to field: 
14:39:06,837 INFO  [BrowserSelenium] (initElements) -> Name set to field: 
14:39:06,837 INFO  [BrowserSelenium] (initElements) -> CSS set to field: 
14:39:06,837 INFO  [BrowserSelenium] (initElements) -> XPath set to field: //a[@class='submit edit']
14:39:06,837 INFO  [BrowserSelenium] (initElements) -> ID set to field: 
14:39:06,837 INFO  [BrowserSelenium] (initElements) -> Name set to field: 
14:39:06,837 INFO  [BrowserSelenium] (initElements) -> CSS set to field: 
14:39:06,838 INFO  [BrowserSelenium] (initElements) -> XPath set to field: //input[@id='product.standardPartnerPercentageAsDecimal']
14:39:06,838 INFO  [BrowserSelenium] (initElements) -> ID set to field: 
14:39:06,838 INFO  [BrowserSelenium] (initElements) -> Name set to field: 
14:39:06,838 INFO  [BrowserSelenium] (initElements) -> CSS set to field: 
14:39:06,838 INFO  [BrowserSelenium] (initElements) -> XPath set to field: //input[@id='product.masterPartnerPercentageAsDecimal']
14:39:06,838 INFO  [BrowserSelenium] (initElements) -> ID set to field: 
14:39:06,838 INFO  [BrowserSelenium] (initElements) -> Name set to field: 
14:39:06,838 INFO  [BrowserSelenium] (initElements) -> CSS set to field: 
14:39:06,838 INFO  [BrowserSelenium] (initElements) -> XPath set to field: //input[@id='plg-parm-provisionable_order_change_status_id']
14:39:06,839 INFO  [BrowserSelenium] (initElements) -> ID set to field: 
14:39:06,839 INFO  [BrowserSelenium] (initElements) -> Name set to field: 
14:39:06,839 INFO  [BrowserSelenium] (initElements) -> CSS set to field: 
14:39:06,839 INFO  [BrowserSelenium] (initElements) -> XPath set to field: //select[@id='company-select']
14:39:06,839 INFO  [BrowserSelenium] (initElements) -> ID set to field: 
14:39:06,839 INFO  [BrowserSelenium] (initElements) -> Name set to field: 
14:39:06,839 INFO  [BrowserSelenium] (initElements) -> CSS set to field: 
14:39:06,839 INFO  [BrowserSelenium] (initElements) -> XPath set to field: //ul[@class='top-nav']/li[1]
14:39:06,839 INFO  [BrowserSelenium] (initElements) -> ID set to field: 
14:39:06,840 INFO  [BrowserSelenium] (initElements) -> Name set to field: 
14:39:06,840 INFO  [BrowserSelenium] (initElements) -> CSS set to field: 
14:39:06,840 INFO  [BrowserSelenium] (initElements) -> XPath set to field: //div[@class='heading']//strong[contains(text(),'Add Product Category')]
14:39:06,840 INFO  [BrowserSelenium] (initElements) -> ID set to field: 
14:39:06,840 INFO  [BrowserSelenium] (initElements) -> Name set to field: 
14:39:06,840 INFO  [BrowserSelenium] (initElements) -> CSS set to field: 
14:39:06,840 INFO  [BrowserSelenium] (initElements) -> XPath set to field: //span[text()='Add Category']
14:39:06,840 INFO  [BrowserSelenium] (initElements) -> ID set to field: 
14:39:06,840 INFO  [BrowserSelenium] (initElements) -> Name set to field: 
14:39:06,841 INFO  [BrowserSelenium] (initElements) -> CSS set to field: 
14:39:06,841 INFO  [BrowserSelenium] (initElements) -> XPath set to field: //select[@id='orderLineTypeId']//option
14:39:06,841 INFO  [BrowserSelenium] (initElements) -> ID set to field: 
14:39:06,841 INFO  [BrowserSelenium] (initElements) -> Name set to field: 
14:39:06,841 INFO  [BrowserSelenium] (initElements) -> CSS set to field: 
14:39:06,841 INFO  [BrowserSelenium] (initElements) -> XPath set to field: //select[@id='parentItemTypeId']/option
14:39:06,841 INFO  [BrowserSelenium] (initElements) -> ID set to field: 
14:39:06,841 INFO  [BrowserSelenium] (initElements) -> Name set to field: 
14:39:06,841 INFO  [BrowserSelenium] (initElements) -> CSS set to field: 
14:39:06,841 INFO  [BrowserSelenium] (initElements) -> XPath set to field: //input[@id='description']
14:39:06,842 INFO  [BrowserSelenium] (initElements) -> ID set to field: 
14:39:06,842 INFO  [BrowserSelenium] (initElements) -> Name set to field: 
14:39:06,842 INFO  [BrowserSelenium] (initElements) -> CSS set to field: 
14:39:06,842 INFO  [BrowserSelenium] (initElements) -> XPath set to field: //a[@class='submit save']//span[contains(text(),'Save Changes')]
14:39:06,842 INFO  [BrowserSelenium] (initElements) -> ID set to field: 
14:39:06,842 INFO  [BrowserSelenium] (initElements) -> Name set to field: 
14:39:06,842 INFO  [BrowserSelenium] (initElements) -> CSS set to field: 
14:39:06,842 INFO  [BrowserSelenium] (initElements) -> XPath set to field: //span[text()='Edit']
14:39:06,842 INFO  [BrowserSelenium] (initElements) -> ID set to field: 
14:39:06,843 INFO  [BrowserSelenium] (initElements) -> Name set to field: 
14:39:06,843 INFO  [BrowserSelenium] (initElements) -> CSS set to field: 
14:39:06,843 INFO  [BrowserSelenium] (initElements) -> XPath set to field: //input[@id='allowAssetManagement']
14:39:06,843 INFO  [BrowserSelenium] (initElements) -> ID set to field: 
14:39:06,843 INFO  [BrowserSelenium] (initElements) -> Name set to field: 
14:39:06,843 INFO  [BrowserSelenium] (initElements) -> CSS set to field: 
14:39:06,843 INFO  [BrowserSelenium] (initElements) -> XPath set to field: //span[text()='Asset Statuses']
14:39:06,843 INFO  [BrowserSelenium] (initElements) -> ID set to field: 
14:39:06,843 INFO  [BrowserSelenium] (initElements) -> Name set to field: 
14:39:06,844 INFO  [BrowserSelenium] (initElements) -> CSS set to field: 
14:39:06,844 INFO  [BrowserSelenium] (initElements) -> XPath set to field: //input[@id='lastStatusName']
14:39:06,844 INFO  [BrowserSelenium] (initElements) -> ID set to field: 
14:39:06,844 INFO  [BrowserSelenium] (initElements) -> Name set to field: 
14:39:06,844 INFO  [BrowserSelenium] (initElements) -> CSS set to field: 
14:39:06,844 INFO  [BrowserSelenium] (initElements) -> XPath set to field: //th[contains(text(),'Available')]/following::tbody/tr[1]/td[2]/input[@type='checkbox']
14:39:06,844 INFO  [BrowserSelenium] (initElements) -> ID set to field: 
14:39:06,844 INFO  [BrowserSelenium] (initElements) -> Name set to field: 
14:39:06,844 INFO  [BrowserSelenium] (initElements) -> CSS set to field: 
14:39:06,845 INFO  [BrowserSelenium] (initElements) -> XPath set to field: //th[contains(text(),'Available')]/following::tbody/tr[1]/td[3]/input[@type='checkbox']
14:39:06,845 INFO  [BrowserSelenium] (initElements) -> ID set to field: 
14:39:06,845 INFO  [BrowserSelenium] (initElements) -> Name set to field: 
14:39:06,845 INFO  [BrowserSelenium] (initElements) -> CSS set to field: 
14:39:06,845 INFO  [BrowserSelenium] (initElements) -> XPath set to field: //th[contains(text(),'Available')]/following::tbody/tr[2]/td[4]/input[@type='checkbox']
14:39:06,845 INFO  [BrowserSelenium] (initElements) -> ID set to field: 
14:39:06,845 INFO  [BrowserSelenium] (initElements) -> Name set to field: 
14:39:06,845 INFO  [BrowserSelenium] (initElements) -> CSS set to field: 
14:39:06,845 INFO  [BrowserSelenium] (initElements) -> XPath set to field: //tr[@id='lastStatus']/td[5]/a/img
14:39:06,846 INFO  [BrowserSelenium] (initElements) -> ID set to field: 
14:39:06,846 INFO  [BrowserSelenium] (initElements) -> Name set to field: 
14:39:06,846 INFO  [BrowserSelenium] (initElements) -> CSS set to field: 
14:39:06,846 INFO  [BrowserSelenium] (initElements) -> XPath set to field: //div[@id='assetMetaFields']/div[2]/div[1]/span[1]/a/img
14:39:06,846 INFO  [BrowserSelenium] (initElements) -> ID set to field: 
14:39:06,846 INFO  [BrowserSelenium] (initElements) -> Name set to field: 
14:39:06,846 INFO  [BrowserSelenium] (initElements) -> CSS set to field: 
14:39:06,846 INFO  [BrowserSelenium] (initElements) -> XPath set to field: //input[@id='metaField2.name']
14:39:06,846 INFO  [BrowserSelenium] (initElements) -> ID set to field: 
14:39:06,847 INFO  [BrowserSelenium] (initElements) -> Name set to field: 
14:39:06,847 INFO  [BrowserSelenium] (initElements) -> CSS set to field: 
14:39:06,847 INFO  [BrowserSelenium] (initElements) -> XPath set to field: //table[@id='categories']/tbody/tr[1]/td/a/strong
14:39:06,847 INFO  [BrowserSelenium] (initElements) -> ID set to field: 
14:39:06,847 INFO  [BrowserSelenium] (initElements) -> Name set to field: 
14:39:06,847 INFO  [BrowserSelenium] (initElements) -> CSS set to field: 
14:39:06,847 INFO  [BrowserSelenium] (initElements) -> XPath set to field: //ul[@class='top-nav']/li[1]
14:39:06,847 INFO  [BrowserSelenium] (initElements) -> ID set to field: 
14:39:06,847 INFO  [BrowserSelenium] (initElements) -> Name set to field: 
14:39:06,847 INFO  [BrowserSelenium] (initElements) -> CSS set to field: 
14:39:06,848 INFO  [BrowserSelenium] (initElements) -> XPath set to field: //select[@id = 'parentItemTypeId']
14:39:06,848 INFO  [BrowserSelenium] (initElements) -> ID set to field: 
14:39:06,848 INFO  [BrowserSelenium] (initElements) -> Name set to field: 
14:39:06,848 INFO  [BrowserSelenium] (initElements) -> CSS set to field: 
14:39:06,848 INFO  [BrowserSelenium] (initElements) -> XPath set to field: //div[@class='menu-items']/ul/li-->>{TXT}Plug-ins{TXT}
14:39:06,849 INFO  [BrowserSelenium] (initElements) -> ID set to field: 
14:39:06,849 INFO  [BrowserSelenium] (initElements) -> Name set to field: 
14:39:06,849 INFO  [BrowserSelenium] (initElements) -> CSS set to field: 
14:39:06,849 INFO  [BrowserSelenium] (initElements) -> XPath set to field: //strong[contains(text(),'Generic internal events listener')]
14:39:06,849 INFO  [BrowserSelenium] (initElements) -> ID set to field: 
14:39:06,849 INFO  [BrowserSelenium] (initElements) -> Name set to field: 
14:39:06,849 INFO  [BrowserSelenium] (initElements) -> CSS set to field: 
14:39:06,850 INFO  [BrowserSelenium] (initElements) -> XPath set to field: //span[text()='Add New']
14:39:06,850 INFO  [BrowserSelenium] (initElements) -> ID set to field: 
14:39:06,850 INFO  [BrowserSelenium] (initElements) -> Name set to field: 
14:39:06,850 INFO  [BrowserSelenium] (initElements) -> CSS set to field: 
14:39:06,850 INFO  [BrowserSelenium] (initElements) -> XPath set to field: //select[@id='typeId']
14:39:06,850 INFO  [BrowserSelenium] (initElements) -> ID set to field: 
14:39:06,850 INFO  [BrowserSelenium] (initElements) -> Name set to field: 
14:39:06,851 INFO  [BrowserSelenium] (initElements) -> CSS set to field: 
14:39:06,851 INFO  [BrowserSelenium] (initElements) -> XPath set to field: //input[@id='processingOrder']
14:39:06,851 INFO  [BrowserSelenium] (initElements) -> ID set to field: 
14:39:06,851 INFO  [BrowserSelenium] (initElements) -> Name set to field: 
14:39:06,851 INFO  [BrowserSelenium] (initElements) -> CSS set to field: 
14:39:06,851 INFO  [BrowserSelenium] (initElements) -> XPath set to field: //span[text()='Save Plug-in']
14:39:06,852 INFO  [BrowserSelenium] (initElements) -> ID set to field: 
14:39:06,852 INFO  [BrowserSelenium] (initElements) -> Name set to field: 
14:39:06,852 INFO  [BrowserSelenium] (initElements) -> CSS set to field: 
14:39:06,852 INFO  [BrowserSelenium] (initElements) -> XPath set to field: //div[@id='assetManagementEnabledDiv']/div/input[2]
14:39:06,852 INFO  [BrowserSelenium] (initElements) -> ID set to field: 
14:39:06,852 INFO  [BrowserSelenium] (initElements) -> Name set to field: 
14:39:06,852 INFO  [BrowserSelenium] (initElements) -> CSS set to field: 
14:39:06,853 INFO  [BrowserSelenium] (initElements) -> XPath set to field: //span[text()='Add Asset']
14:39:06,853 INFO  [BrowserSelenium] (initElements) -> ID set to field: 
14:39:06,853 INFO  [BrowserSelenium] (initElements) -> Name set to field: 
14:39:06,853 INFO  [BrowserSelenium] (initElements) -> CSS set to field: 
14:39:06,853 INFO  [BrowserSelenium] (initElements) -> XPath set to field: //span[text()='Add New']
14:39:06,853 INFO  [BrowserSelenium] (initElements) -> ID set to field: 
14:39:06,854 INFO  [BrowserSelenium] (initElements) -> Name set to field: 
14:39:06,854 INFO  [BrowserSelenium] (initElements) -> CSS set to field: 
14:39:06,854 INFO  [BrowserSelenium] (initElements) -> XPath set to field: //input[@id='identifier']
14:39:06,854 INFO  [BrowserSelenium] (initElements) -> ID set to field: 
14:39:06,854 INFO  [BrowserSelenium] (initElements) -> Name set to field: 
14:39:06,854 INFO  [BrowserSelenium] (initElements) -> CSS set to field: 
14:39:06,854 INFO  [BrowserSelenium] (initElements) -> XPath set to field: //span[text()='Save Changes']
14:39:06,855 INFO  [BrowserSelenium] (initElements) -> ID set to field: 
14:39:06,855 INFO  [BrowserSelenium] (initElements) -> Name set to field: 
14:39:06,855 INFO  [BrowserSelenium] (initElements) -> CSS set to field: 
14:39:06,855 INFO  [BrowserSelenium] (initElements) -> XPath set to field: //strong[contains(text(),'Agent Commission Calculation Process.')]
14:39:06,855 INFO  [BrowserSelenium] (initElements) -> ID set to field: 
14:39:06,855 INFO  [BrowserSelenium] (initElements) -> Name set to field: 
14:39:06,856 INFO  [BrowserSelenium] (initElements) -> CSS set to field: 
14:39:06,856 INFO  [BrowserSelenium] (initElements) -> XPath set to field: //input[@id='description']
14:39:06,856 INFO  [BrowserSelenium] (initElements) -> ID set to field: 
14:39:06,856 INFO  [BrowserSelenium] (initElements) -> Name set to field: 
14:39:06,856 INFO  [BrowserSelenium] (initElements) -> CSS set to field: 
14:39:06,856 INFO  [BrowserSelenium] (initElements) -> XPath set to field: //span[text()='Save Changes']
14:39:06,856 INFO  [BrowserSelenium] (initElements) -> ID set to field: 
14:39:06,857 INFO  [BrowserSelenium] (initElements) -> Name set to field: 
14:39:06,857 INFO  [BrowserSelenium] (initElements) -> CSS set to field: 
14:39:06,857 INFO  [BrowserSelenium] (initElements) -> XPath set to field: //label[text()='Included Quantity']/../div/input[2]
14:39:06,857 INFO  [BrowserSelenium] (initElements) -> ID set to field: 
14:39:06,857 INFO  [BrowserSelenium] (initElements) -> Name set to field: 
14:39:06,857 INFO  [BrowserSelenium] (initElements) -> CSS set to field: 
14:39:06,857 INFO  [BrowserSelenium] (initElements) -> XPath set to field: //span[text()='Dependencies']
14:39:06,858 INFO  [BrowserSelenium] (initElements) -> ID set to field: 
14:39:06,858 INFO  [BrowserSelenium] (initElements) -> Name set to field: 
14:39:06,858 INFO  [BrowserSelenium] (initElements) -> CSS set to field: 
14:39:06,858 INFO  [BrowserSelenium] (initElements) -> XPath set to field: //select[@id='product.dependencyItemTypes']
14:39:06,858 INFO  [BrowserSelenium] (initElements) -> ID set to field: 
14:39:06,858 INFO  [BrowserSelenium] (initElements) -> Name set to field: 
14:39:06,859 INFO  [BrowserSelenium] (initElements) -> CSS set to field: 
14:39:06,859 INFO  [BrowserSelenium] (initElements) -> XPath set to field: //select[@id='product.dependencyItems']
14:39:06,859 INFO  [BrowserSelenium] (initElements) -> ID set to field: 
14:39:06,859 INFO  [BrowserSelenium] (initElements) -> Name set to field: 
14:39:06,859 INFO  [BrowserSelenium] (initElements) -> CSS set to field: 
14:39:06,859 INFO  [BrowserSelenium] (initElements) -> XPath set to field: //img[@alt='Add']
14:39:06,859 INFO  [BrowserSelenium] (initElements) -> ID set to field: 
14:39:06,859 INFO  [BrowserSelenium] (initElements) -> Name set to field: 
14:39:06,859 INFO  [BrowserSelenium] (initElements) -> CSS set to field: 
14:39:06,860 INFO  [BrowserSelenium] (initElements) -> XPath set to field: //table[@id='users']/tbody/tr/td/a/strong
14:39:06,860 INFO  [BrowserSelenium] (initElements) -> ID set to field: 
14:39:06,860 INFO  [BrowserSelenium] (initElements) -> Name set to field: 
14:39:06,860 INFO  [BrowserSelenium] (initElements) -> CSS set to field: 
14:39:06,860 INFO  [BrowserSelenium] (initElements) -> XPath set to field: //table[@id='categories']
14:39:06,860 INFO  [BrowserSelenium] (initElements) -> ID set to field: 
14:39:06,860 INFO  [BrowserSelenium] (initElements) -> Name set to field: 
14:39:06,860 INFO  [BrowserSelenium] (initElements) -> CSS set to field: 
14:39:06,860 INFO  [BrowserSelenium] (initElements) -> XPath set to field: //table[@id='products']
14:39:06,861 INFO  [BrowserSelenium] (initElements) -> ID set to field: 
14:39:06,861 INFO  [BrowserSelenium] (initElements) -> Name set to field: 
14:39:06,861 INFO  [BrowserSelenium] (initElements) -> CSS set to field: 
14:39:06,861 INFO  [BrowserSelenium] (initElements) -> XPath set to field: //table[@id='categories']/tbody/tr/td/a/strong
14:39:06,861 INFO  [BrowserSelenium] (initElements) -> ID set to field: 
14:39:06,861 INFO  [BrowserSelenium] (initElements) -> Name set to field: 
14:39:06,861 INFO  [BrowserSelenium] (initElements) -> CSS set to field: 
14:39:06,861 INFO  [BrowserSelenium] (initElements) -> XPath set to field: //table[@id='products']/tbody/tr/td/a/strong
14:39:06,861 INFO  [BrowserSelenium] (initElements) -> ID set to field: 
14:39:06,862 INFO  [BrowserSelenium] (initElements) -> Name set to field: 
14:39:06,862 INFO  [BrowserSelenium] (initElements) -> CSS set to field: 
14:39:06,862 INFO  [BrowserSelenium] (initElements) -> XPath set to field: 
14:39:06,862 INFO  [BrowserSelenium] (initElements) -> ID set to field: 
14:39:06,862 INFO  [BrowserSelenium] (initElements) -> Name set to field: 
14:39:06,862 INFO  [BrowserSelenium] (initElements) -> CSS set to field: 
14:39:06,862 INFO  [BrowserSelenium] (initElements) -> XPath set to field: 
14:39:06,862 INFO  [BrowserSelenium] (initElements) -> ID set to field: 
14:39:06,862 INFO  [BrowserSelenium] (initElements) -> Name set to field: 
14:39:06,862 INFO  [BrowserSelenium] (initElements) -> CSS set to field: 
14:39:06,863 INFO  [BrowserSelenium] (initElements) -> XPath set to field: //span[text()='Delete']
14:39:06,863 INFO  [BrowserSelenium] (initElements) -> ID set to field: 
14:39:06,863 INFO  [BrowserSelenium] (initElements) -> Name set to field: 
14:39:06,863 INFO  [BrowserSelenium] (initElements) -> CSS set to field: 
14:39:06,863 INFO  [BrowserSelenium] (initElements) -> XPath set to field: //button/span[text()='Yes']
14:39:06,863 INFO  [BrowserSelenium] (initElements) -> ID set to field: 
14:39:06,863 INFO  [BrowserSelenium] (initElements) -> Name set to field: 
14:39:06,863 INFO  [BrowserSelenium] (initElements) -> CSS set to field: 
14:39:06,863 INFO  [BrowserSelenium] (initElements) -> XPath set to field: //span[contains(text(),'Add Category')]
14:39:06,864 INFO  [BrowserSelenium] (initElements) -> ID set to field: 
14:39:06,864 INFO  [BrowserSelenium] (initElements) -> Name set to field: 
14:39:06,864 INFO  [BrowserSelenium] (initElements) -> CSS set to field: 
14:39:06,864 INFO  [BrowserSelenium] (initElements) -> XPath set to field: 
14:39:06,864 INFO  [BrowserSelenium] (initElements) -> ID set to field: 
14:39:06,864 INFO  [BrowserSelenium] (initElements) -> Name set to field: 
14:39:06,864 INFO  [BrowserSelenium] (initElements) -> CSS set to field: 
14:39:06,864 INFO  [BrowserSelenium] (initElements) -> XPath set to field: 
14:39:06,864 INFO  [BrowserSelenium] (initElements) -> ID set to field: 
14:39:06,865 INFO  [BrowserSelenium] (initElements) -> Name set to field: 
14:39:06,865 INFO  [BrowserSelenium] (initElements) -> CSS set to field: 
14:39:06,865 INFO  [BrowserSelenium] (initElements) -> XPath set to field: 
14:39:06,865 INFO  [BrowserSelenium] (initElements) -> ID set to field: 
14:39:06,865 INFO  [BrowserSelenium] (initElements) -> Name set to field: 
14:39:06,865 INFO  [BrowserSelenium] (initElements) -> CSS set to field: 
14:39:06,865 INFO  [BrowserSelenium] (initElements) -> XPath set to field: 
14:39:06,865 INFO  [BrowserSelenium] (initElements) -> ID set to field: 
14:39:06,865 INFO  [BrowserSelenium] (initElements) -> Name set to field: 
14:39:06,866 INFO  [BrowserSelenium] (initElements) -> CSS set to field: 
14:39:06,866 INFO  [BrowserSelenium] (initElements) -> XPath set to field: //div[@id='breadcrumbs']
14:39:06,866 INFO  [BrowserSelenium] (initElements) -> ID set to field: global-checkbox
14:39:06,866 INFO  [BrowserSelenium] (initElements) -> Name set to field: 
14:39:06,866 INFO  [BrowserSelenium] (initElements) -> CSS set to field: 
14:39:06,866 INFO  [BrowserSelenium] (initElements) -> XPath set to field: 
14:39:06,866 INFO  [BrowserSelenium] (initElements) -> ID set to field: allowAssetManagement
14:39:06,866 INFO  [BrowserSelenium] (initElements) -> Name set to field: 
14:39:06,866 INFO  [BrowserSelenium] (initElements) -> CSS set to field: 
14:39:06,866 INFO  [BrowserSelenium] (initElements) -> XPath set to field: 
14:39:06,867 INFO  [BrowserSelenium] (initElements) -> ID set to field: lastStatusAvailable
14:39:06,867 INFO  [BrowserSelenium] (initElements) -> Name set to field: 
14:39:06,867 INFO  [BrowserSelenium] (initElements) -> CSS set to field: 
14:39:06,867 INFO  [BrowserSelenium] (initElements) -> XPath set to field: 
14:39:06,867 INFO  [BrowserSelenium] (initElements) -> ID set to field: 
14:39:06,867 INFO  [BrowserSelenium] (initElements) -> Name set to field: 
14:39:06,867 INFO  [BrowserSelenium] (initElements) -> CSS set to field: 
14:39:06,867 INFO  [BrowserSelenium] (initElements) -> XPath set to field: //*[@id='lastStatus']/td[5]/a/img
14:39:06,867 INFO  [BrowserSelenium] (initElements) -> ID set to field: lastStatusOrderSaved
14:39:06,868 INFO  [BrowserSelenium] (initElements) -> Name set to field: 
14:39:06,868 INFO  [BrowserSelenium] (initElements) -> CSS set to field: 
14:39:06,868 INFO  [BrowserSelenium] (initElements) -> XPath set to field: 
14:39:06,868 INFO  [BrowserSelenium] (initElements) -> ID set to field: description
14:39:06,868 INFO  [BrowserSelenium] (initElements) -> Name set to field: 
14:39:06,868 INFO  [BrowserSelenium] (initElements) -> CSS set to field: 
14:39:06,868 INFO  [BrowserSelenium] (initElements) -> XPath set to field: 
14:39:06,868 INFO  [BrowserSelenium] (initElements) -> ID set to field: 
14:39:06,868 INFO  [BrowserSelenium] (initElements) -> Name set to field: 
14:39:06,869 INFO  [BrowserSelenium] (initElements) -> CSS set to field: 
14:39:06,869 INFO  [BrowserSelenium] (initElements) -> XPath set to field: //span[contains(text(), 'Save Changes')]
14:39:06,869 INFO  [BrowserSelenium] (initElements) -> ID set to field: lastStatusDefault
14:39:06,869 INFO  [BrowserSelenium] (initElements) -> Name set to field: 
14:39:06,869 INFO  [BrowserSelenium] (initElements) -> CSS set to field: 
14:39:06,869 INFO  [BrowserSelenium] (initElements) -> XPath set to field: 
14:39:06,869 INFO  [BrowserSelenium] (initElements) -> ID set to field: 
14:39:06,869 INFO  [BrowserSelenium] (initElements) -> Name set to field: 
14:39:06,869 INFO  [BrowserSelenium] (initElements) -> CSS set to field: 
14:39:06,870 INFO  [BrowserSelenium] (initElements) -> XPath set to field: //span[contains(text(),'Add Product')]
14:39:06,870 INFO  [BrowserSelenium] (initElements) -> ID set to field: 
14:39:06,870 INFO  [BrowserSelenium] (initElements) -> Name set to field: 
14:39:06,870 INFO  [BrowserSelenium] (initElements) -> CSS set to field: 
14:39:06,870 INFO  [BrowserSelenium] (initElements) -> XPath set to field: //*[@id='addDescription']/div/a/img
14:39:06,870 INFO  [BrowserSelenium] (initElements) -> ID set to field: product.descriptions[1].content
14:39:06,870 INFO  [BrowserSelenium] (initElements) -> Name set to field: 
14:39:06,870 INFO  [BrowserSelenium] (initElements) -> CSS set to field: 
14:39:06,870 INFO  [BrowserSelenium] (initElements) -> XPath set to field: 
14:39:06,871 INFO  [BrowserSelenium] (initElements) -> ID set to field: product.number
14:39:06,871 INFO  [BrowserSelenium] (initElements) -> Name set to field: 
14:39:06,871 INFO  [BrowserSelenium] (initElements) -> CSS set to field: 
14:39:06,871 INFO  [BrowserSelenium] (initElements) -> XPath set to field: 
14:39:06,871 INFO  [BrowserSelenium] (initElements) -> ID set to field: newDescriptionLanguage
14:39:06,871 INFO  [BrowserSelenium] (initElements) -> Name set to field: 
14:39:06,871 INFO  [BrowserSelenium] (initElements) -> CSS set to field: 
14:39:06,871 INFO  [BrowserSelenium] (initElements) -> XPath set to field: 
14:39:06,871 INFO  [BrowserSelenium] (initElements) -> ID set to field: 
14:39:06,872 INFO  [BrowserSelenium] (initElements) -> Name set to field: 
14:39:06,872 INFO  [BrowserSelenium] (initElements) -> CSS set to field: 
14:39:06,872 INFO  [BrowserSelenium] (initElements) -> XPath set to field: //input[@id='assetManagementEnabled']
14:39:06,872 INFO  [BrowserSelenium] (initElements) -> ID set to field: model.0.type
14:39:06,872 INFO  [BrowserSelenium] (initElements) -> Name set to field: 
14:39:06,872 INFO  [BrowserSelenium] (initElements) -> CSS set to field: 
14:39:06,873 INFO  [BrowserSelenium] (initElements) -> XPath set to field: 
14:39:06,873 INFO  [BrowserSelenium] (initElements) -> ID set to field: model.0.rateAsDecimal
14:39:06,873 INFO  [BrowserSelenium] (initElements) -> Name set to field: 
14:39:06,873 INFO  [BrowserSelenium] (initElements) -> CSS set to field: 
14:39:06,873 INFO  [BrowserSelenium] (initElements) -> XPath set to field: 
14:39:06,873 INFO  [BrowserSelenium] (initElements) -> ID set to field: product.priceModelCompanyId
14:39:06,873 INFO  [BrowserSelenium] (initElements) -> Name set to field: 
14:39:06,874 INFO  [BrowserSelenium] (initElements) -> CSS set to field: 
14:39:06,874 INFO  [BrowserSelenium] (initElements) -> XPath set to field: 
14:39:06,874 INFO  [BrowserSelenium] (initElements) -> ID set to field: 
14:39:06,874 INFO  [BrowserSelenium] (initElements) -> Name set to field: 
14:39:06,874 INFO  [BrowserSelenium] (initElements) -> CSS set to field: 
14:39:06,874 INFO  [BrowserSelenium] (initElements) -> XPath set to field: //span[contains(text(),'Add Asset')]
14:39:06,875 INFO  [BrowserSelenium] (initElements) -> ID set to field: 
14:39:06,875 INFO  [BrowserSelenium] (initElements) -> Name set to field: 
14:39:06,875 INFO  [BrowserSelenium] (initElements) -> CSS set to field: 
14:39:06,875 INFO  [BrowserSelenium] (initElements) -> XPath set to field: //span[contains(text(),'Add New')]
14:39:06,875 INFO  [BrowserSelenium] (initElements) -> ID set to field: 
14:39:06,875 INFO  [BrowserSelenium] (initElements) -> Name set to field: 
14:39:06,876 INFO  [BrowserSelenium] (initElements) -> CSS set to field: 
14:39:06,876 INFO  [BrowserSelenium] (initElements) -> XPath set to field: //th[text()='Name']/following::tbody/tr[1]/td/input[@type='text']
14:39:06,876 INFO  [BrowserSelenium] (initElements) -> ID set to field: 
14:39:06,876 INFO  [BrowserSelenium] (initElements) -> Name set to field: 
14:39:06,876 INFO  [BrowserSelenium] (initElements) -> CSS set to field: 
14:39:06,876 INFO  [BrowserSelenium] (initElements) -> XPath set to field: //th[text()='Name']/following::tbody/tr[contains(@id,'lastStatus')]//td//input[@type='text']
14:39:06,877 INFO  [BrowserSelenium] (initElements) -> ID set to field: 
14:39:06,877 INFO  [BrowserSelenium] (initElements) -> Name set to field: 
14:39:06,877 INFO  [BrowserSelenium] (initElements) -> CSS set to field: 
14:39:06,877 INFO  [BrowserSelenium] (initElements) -> XPath set to field: //table[@id='categories']//tbody//tr//td
14:39:06,877 INFO  [BrowserSelenium] (initElements) -> ID set to field: 
14:39:06,877 INFO  [BrowserSelenium] (initElements) -> Name set to field: 
14:39:06,877 INFO  [BrowserSelenium] (initElements) -> CSS set to field: 
14:39:06,878 INFO  [BrowserSelenium] (initElements) -> XPath set to field: //table[@id='products']//tbody//tr//td
14:39:06,878 INFO  [BrowserSelenium] (initElements) -> ID set to field: 
14:39:06,878 INFO  [BrowserSelenium] (initElements) -> Name set to field: 
14:39:06,878 INFO  [BrowserSelenium] (initElements) -> CSS set to field: 
14:39:06,878 INFO  [BrowserSelenium] (initElements) -> XPath set to field: //table[@id='users']//tbody//tr//td
14:39:06,878 INFO  [BrowserSelenium] (initElements) -> ID set to field: product.dependencyMin
14:39:06,879 INFO  [BrowserSelenium] (initElements) -> Name set to field: 
14:39:06,879 INFO  [BrowserSelenium] (initElements) -> CSS set to field: 
14:39:06,879 INFO  [BrowserSelenium] (initElements) -> XPath set to field: 
14:39:06,879 INFO  [BrowserSelenium] (initElements) -> ID set to field: product.dependencyMax
14:39:06,879 INFO  [BrowserSelenium] (initElements) -> Name set to field: 
14:39:06,879 INFO  [BrowserSelenium] (initElements) -> CSS set to field: 
14:39:06,879 INFO  [BrowserSelenium] (initElements) -> XPath set to field: 
14:39:06,880 INFO  [BrowserSelenium] (initElements) -> ID set to field: 
14:39:06,880 INFO  [BrowserSelenium] (initElements) -> Name set to field: 
14:39:06,880 INFO  [BrowserSelenium] (initElements) -> CSS set to field: 
14:39:06,880 INFO  [BrowserSelenium] (initElements) -> XPath set to field: //table[@id='categories']/tbody//td/a/strong
14:39:06,880 INFO  [BrowserSelenium] (initElements) -> ID set to field: 
14:39:06,880 INFO  [BrowserSelenium] (initElements) -> Name set to field: 
14:39:06,881 INFO  [BrowserSelenium] (initElements) -> CSS set to field: 
14:39:06,881 INFO  [BrowserSelenium] (initElements) -> XPath set to field: //table[@id='products']/tbody//td/a/strong
14:39:06,881 INFO  [BrowserSelenium] (initElements) -> ID set to field: 
14:39:06,881 INFO  [BrowserSelenium] (initElements) -> Name set to field: 
14:39:06,881 INFO  [BrowserSelenium] (initElements) -> CSS set to field: 
14:39:06,881 INFO  [BrowserSelenium] (initElements) -> XPath set to field: //div[@class='form-columns']/div/div/span
14:39:06,881 INFO  [BrowserSelenium] (initElements) -> ID set to field: 
14:39:06,882 INFO  [BrowserSelenium] (initElements) -> Name set to field: 
14:39:06,882 INFO  [BrowserSelenium] (initElements) -> CSS set to field: 
14:39:06,882 INFO  [BrowserSelenium] (initElements) -> XPath set to field: //div[@class='form-columns']/div/div/span
14:39:06,882 INFO  [BrowserSelenium] (initElements) -> ID set to field: 
14:39:06,882 INFO  [BrowserSelenium] (initElements) -> Name set to field: 
14:39:06,882 INFO  [BrowserSelenium] (initElements) -> CSS set to field: 
14:39:06,883 INFO  [BrowserSelenium] (initElements) -> XPath set to field: //div[@class = 'buttons']//span[text()='Save Changes']
14:39:06,883 INFO  [BrowserSelenium] (initElements) -> ID set to field: 
14:39:06,883 INFO  [BrowserSelenium] (initElements) -> Name set to field: 
14:39:06,883 INFO  [BrowserSelenium] (initElements) -> CSS set to field: 
14:39:06,883 INFO  [BrowserSelenium] (initElements) -> XPath set to field: //span[text()='Dependencies']/parent::div[@class = 'box-cards-title']/following-sibling::div[@class = 'box-card-hold']/div/table[@class = 'dataTable']
14:39:06,883 INFO  [BrowserSelenium] (initElements) -> ID set to field: 
14:39:06,883 INFO  [BrowserSelenium] (initElements) -> Name set to field: 
14:39:06,884 INFO  [BrowserSelenium] (initElements) -> CSS set to field: 
14:39:06,884 INFO  [BrowserSelenium] (initElements) -> XPath set to field: //input[contains(@data-customtooltip,'The cap on the maximum amount on the total')]
14:39:06,884 INFO  [BrowserSelenium] (initElements) -> ID set to field: assetIdentifierLabel
14:39:06,884 INFO  [BrowserSelenium] (initElements) -> Name set to field: 
14:39:06,884 INFO  [BrowserSelenium] (initElements) -> CSS set to field: 
14:39:06,884 INFO  [BrowserSelenium] (initElements) -> XPath set to field: 
14:39:06,884 INFO  [BrowserSelenium] (initElements) -> ID set to field: 
14:39:06,885 INFO  [BrowserSelenium] (initElements) -> Name set to field: 
14:39:06,885 INFO  [BrowserSelenium] (initElements) -> CSS set to field: 
14:39:06,885 INFO  [BrowserSelenium] (initElements) -> XPath set to field: //div[@class='field-name']//label//span/following::div
14:39:06,885 INFO  [BrowserSelenium] (initElements) -> ID set to field: mandatoryCheck
14:39:06,885 INFO  [BrowserSelenium] (initElements) -> Name set to field: 
14:39:06,885 INFO  [BrowserSelenium] (initElements) -> CSS set to field: 
14:39:06,885 INFO  [BrowserSelenium] (initElements) -> XPath set to field: 
14:39:06,885 INFO  [BrowserSelenium] (initElements) -> ID set to field: 
14:39:06,886 INFO  [BrowserSelenium] (initElements) -> Name set to field: 
14:39:06,886 INFO  [BrowserSelenium] (initElements) -> CSS set to field: 
14:39:06,886 INFO  [BrowserSelenium] (initElements) -> XPath set to field: //label[text()='Import Meta Field']/following::select/option
14:39:06,886 INFO  [BrowserSelenium] (initElements) -> ID set to field: 
14:39:06,886 INFO  [BrowserSelenium] (initElements) -> Name set to field: 
14:39:06,886 INFO  [BrowserSelenium] (initElements) -> CSS set to field: 
14:39:06,886 INFO  [BrowserSelenium] (initElements) -> XPath set to field: //label[text()='Default value']/following::div/input
14:39:06,886 INFO  [BrowserSelenium] (initElements) -> ID set to field: 
14:39:06,886 INFO  [BrowserSelenium] (initElements) -> Name set to field: 
14:39:06,887 INFO  [BrowserSelenium] (initElements) -> CSS set to field: 
14:39:06,887 INFO  [BrowserSelenium] (initElements) -> XPath set to field: //input[contains(@data-customtooltip,'If mediation is used this field is required.')]
14:39:06,887 INFO  [BrowserSelenium] (initElements) -> ID set to field: 
14:39:06,887 INFO  [BrowserSelenium] (initElements) -> Name set to field: 
14:39:06,887 INFO  [BrowserSelenium] (initElements) -> CSS set to field: 
14:39:06,887 INFO  [BrowserSelenium] (initElements) -> XPath set to field: //input[@data-customtooltip='This represents midnight (the beginning of a day)']
14:39:06,887 INFO  [BrowserSelenium] (initElements) -> ID set to field: 
14:39:06,887 INFO  [BrowserSelenium] (initElements) -> Name set to field: 
14:39:06,887 INFO  [BrowserSelenium] (initElements) -> CSS set to field: 
14:39:06,888 INFO  [BrowserSelenium] (initElements) -> XPath set to field: //input[@id='model.0.attribute.1.value']
14:39:06,888 INFO  [BrowserSelenium] (initElements) -> ID set to field: 
14:39:06,888 INFO  [BrowserSelenium] (initElements) -> Name set to field: 
14:39:06,888 INFO  [BrowserSelenium] (initElements) -> CSS set to field: 
14:39:06,888 INFO  [BrowserSelenium] (initElements) -> XPath set to field: //input[contains(@data-customtooltip,'This represents the range starting value')]
14:39:06,888 INFO  [BrowserSelenium] (initElements) -> ID set to field: 
14:39:06,888 INFO  [BrowserSelenium] (initElements) -> Name set to field: 
14:39:06,888 INFO  [BrowserSelenium] (initElements) -> CSS set to field: 
14:39:06,888 INFO  [BrowserSelenium] (initElements) -> XPath set to field: //input[@data-customtooltip='This is the rate for the range starting from this value(inclusive)']
14:39:06,889 INFO  [BrowserSelenium] (initElements) -> ID set to field: 
14:39:06,889 INFO  [BrowserSelenium] (initElements) -> Name set to field: 
14:39:06,889 INFO  [BrowserSelenium] (initElements) -> CSS set to field: 
14:39:06,889 INFO  [BrowserSelenium] (initElements) -> XPath set to field: //a[@onclick ='addModelAttribute(this, 0, 2)']
14:39:06,889 INFO  [BrowserSelenium] (initElements) -> ID set to field: 
14:39:06,889 INFO  [BrowserSelenium] (initElements) -> Name set to field: 
14:39:06,889 INFO  [BrowserSelenium] (initElements) -> CSS set to field: 
14:39:06,889 INFO  [BrowserSelenium] (initElements) -> XPath set to field:  //input[@name='model.0.attribute.3.name']
14:39:06,889 INFO  [BrowserSelenium] (initElements) -> ID set to field: 
14:39:06,889 INFO  [BrowserSelenium] (initElements) -> Name set to field: 
14:39:06,890 INFO  [BrowserSelenium] (initElements) -> CSS set to field: 
14:39:06,890 INFO  [BrowserSelenium] (initElements) -> XPath set to field: //input[contains(@name,'model.0.attribute.3.value')]
14:39:06,890 INFO  [BrowserSelenium] (initElements) -> ID set to field: 
14:39:06,890 INFO  [BrowserSelenium] (initElements) -> Name set to field: 
14:39:06,890 INFO  [BrowserSelenium] (initElements) -> CSS set to field: 
14:39:06,890 INFO  [BrowserSelenium] (initElements) -> XPath set to field: //a[@onclick ='addModelAttribute(this, 0, 3)']
14:39:06,891 INFO  [BrowserSelenium] (initElements) -> ID set to field: 
14:39:06,891 INFO  [BrowserSelenium] (initElements) -> Name set to field: 
14:39:06,891 INFO  [BrowserSelenium] (initElements) -> CSS set to field: 
14:39:06,891 INFO  [BrowserSelenium] (initElements) -> XPath set to field:  //input[@name='model.0.attribute.4.name']
14:39:06,891 INFO  [BrowserSelenium] (initElements) -> ID set to field: 
14:39:06,891 INFO  [BrowserSelenium] (initElements) -> Name set to field: 
14:39:06,891 INFO  [BrowserSelenium] (initElements) -> CSS set to field: 
14:39:06,891 INFO  [BrowserSelenium] (initElements) -> XPath set to field: //input[contains(@name,'model.0.attribute.4.value')]
14:39:06,891 INFO  [BrowserSelenium] (initElements) -> ID set to field: 
14:39:06,892 INFO  [BrowserSelenium] (initElements) -> Name set to field: 
14:39:06,892 INFO  [BrowserSelenium] (initElements) -> CSS set to field: 
14:39:06,892 INFO  [BrowserSelenium] (initElements) -> XPath set to field: //input[contains(@data-customtooltip,'Number of pulled products to be purchased, to be able to get this product as a bonus')]
14:39:06,892 INFO  [BrowserSelenium] (initElements) -> ID set to field: 
14:39:06,892 INFO  [BrowserSelenium] (initElements) -> Name set to field: 
14:39:06,892 INFO  [BrowserSelenium] (initElements) -> CSS set to field: 
14:39:06,892 INFO  [BrowserSelenium] (initElements) -> XPath set to field: //select[contains(@name,'model.0.attribute.1.value')]
14:39:06,892 INFO  [BrowserSelenium] (initElements) -> ID set to field: 
14:39:06,892 INFO  [BrowserSelenium] (initElements) -> Name set to field: 
14:39:06,893 INFO  [BrowserSelenium] (initElements) -> CSS set to field: 
14:39:06,893 INFO  [BrowserSelenium] (initElements) -> XPath set to field: //input[contains(@data-customtooltip,'The calculation to determine the percentage is Selection Category/Category Percent x 100')]
14:39:06,893 INFO  [BrowserSelenium] (initElements) -> ID set to field: 
14:39:06,893 INFO  [BrowserSelenium] (initElements) -> Name set to field: 
14:39:06,893 INFO  [BrowserSelenium] (initElements) -> CSS set to field: 
14:39:06,893 INFO  [BrowserSelenium] (initElements) -> XPath set to field: //input[@data-customtooltip='Pair range between percentage calculated and the ID the product added, starting from 0 percent']
14:39:06,893 INFO  [BrowserSelenium] (initElements) -> ID set to field: 
14:39:06,893 INFO  [BrowserSelenium] (initElements) -> Name set to field: 
14:39:06,893 INFO  [BrowserSelenium] (initElements) -> CSS set to field: 
14:39:06,893 INFO  [BrowserSelenium] (initElements) -> XPath set to field: //input[contains(@data-customtooltip,'Pair range between quantity of products in selected category and the ID the product added, starting from 1')]
14:39:06,894 INFO  [BrowserSelenium] (initElements) -> ID set to field: 
14:39:06,894 INFO  [BrowserSelenium] (initElements) -> Name set to field: 
14:39:06,894 INFO  [BrowserSelenium] (initElements) -> CSS set to field: 
14:39:06,894 INFO  [BrowserSelenium] (initElements) -> XPath set to field: //input[@name='model.0.attribute.1.name']
14:39:06,894 INFO  [BrowserSelenium] (initElements) -> ID set to field: 
14:39:06,894 INFO  [BrowserSelenium] (initElements) -> Name set to field: 
14:39:06,894 INFO  [BrowserSelenium] (initElements) -> CSS set to field: 
14:39:06,894 INFO  [BrowserSelenium] (initElements) -> XPath set to field: //input[@name='model.0.attribute.1.value']
14:39:06,894 INFO  [BrowserSelenium] (initElements) -> ID set to field: 
14:39:06,895 INFO  [BrowserSelenium] (initElements) -> Name set to field: 
14:39:06,895 INFO  [BrowserSelenium] (initElements) -> CSS set to field: 
14:39:06,895 INFO  [BrowserSelenium] (initElements) -> XPath set to field: //span[contains(.,'Add Chain')]
14:39:06,895 INFO  [BrowserSelenium] (initElements) -> ID set to field: 
14:39:06,895 INFO  [BrowserSelenium] (initElements) -> Name set to field: 
14:39:06,895 INFO  [BrowserSelenium] (initElements) -> CSS set to field: 
14:39:06,896 INFO  [BrowserSelenium] (initElements) -> XPath set to field: //input[contains(@data-customtooltip,'The rate of the product after the included quantity')]
14:39:06,896 INFO  [BrowserSelenium] (initElements) -> ID set to field: 
14:39:06,896 INFO  [BrowserSelenium] (initElements) -> Name set to field: 
14:39:06,896 INFO  [BrowserSelenium] (initElements) -> CSS set to field: 
14:39:06,896 INFO  [BrowserSelenium] (initElements) -> XPath set to field: //input[contains(@data-customtooltip,'Number of included products for free')]
14:39:06,896 INFO  [BrowserSelenium] (initElements) -> ID set to field: 
14:39:06,896 INFO  [BrowserSelenium] (initElements) -> Name set to field: 
14:39:06,897 INFO  [BrowserSelenium] (initElements) -> CSS set to field: 
14:39:06,897 INFO  [BrowserSelenium] (initElements) -> XPath set to field: //table[@id='categories']/tbody//strong[contains(text(),'Test category')]
14:39:06,897 INFO  [BrowserSelenium] (initElements) -> ID set to field: 
14:39:06,897 INFO  [BrowserSelenium] (initElements) -> Name set to field: 
14:39:06,897 INFO  [BrowserSelenium] (initElements) -> CSS set to field: 
14:39:06,897 INFO  [BrowserSelenium] (initElements) -> XPath set to field: //strong[text()='Lemonade']
14:39:06,898 INFO  [BrowserSelenium] (initElements) -> ID set to field: 
14:39:06,898 INFO  [BrowserSelenium] (initElements) -> Name set to field: 
14:39:06,898 INFO  [BrowserSelenium] (initElements) -> CSS set to field: 
14:39:06,898 INFO  [BrowserSelenium] (initElements) -> XPath set to field: 	//strong[text()='Coffee']
14:39:06,898 INFO  [BrowserSelenium] (initElements) -> ID set to field: 
14:39:06,898 INFO  [BrowserSelenium] (initElements) -> Name set to field: 
14:39:06,898 INFO  [BrowserSelenium] (initElements) -> CSS set to field: 
14:39:06,899 INFO  [BrowserSelenium] (initElements) -> XPath set to field: //*[@id='product.dependencyItems']/option[2]
14:39:06,899 INFO  [BrowserSelenium] (initElements) -> ID set to field: 
14:39:06,899 INFO  [BrowserSelenium] (initElements) -> Name set to field: 
14:39:06,899 INFO  [BrowserSelenium] (initElements) -> CSS set to field: 
14:39:06,899 INFO  [BrowserSelenium] (initElements) -> XPath set to field: //*[@id='save-product-form']/fieldset/div[7]/ul/li[1]/a
14:39:06,899 INFO  [BrowserSelenium] (initElements) -> ID set to field: 
14:39:06,899 INFO  [BrowserSelenium] (initElements) -> Name set to field: 
14:39:06,899 INFO  [BrowserSelenium] (initElements) -> CSS set to field: 
14:39:06,899 INFO  [BrowserSelenium] (initElements) -> XPath set to field: //table[@id='categories']/tbody/tr/td/a/strong
14:39:06,900 INFO  [BrowserSelenium] (initElements) -> ID set to field: 
14:39:06,900 INFO  [BrowserSelenium] (initElements) -> Name set to field: 
14:39:06,900 INFO  [BrowserSelenium] (initElements) -> CSS set to field: 
14:39:06,900 INFO  [BrowserSelenium] (initElements) -> XPath set to field: //table[@class='innerTable']/tbody/tr/td
14:39:06,900 INFO  [BrowserSelenium] (initElements) -> ID set to field: 
14:39:06,900 INFO  [BrowserSelenium] (initElements) -> Name set to field: 
14:39:06,900 INFO  [BrowserSelenium] (initElements) -> CSS set to field: 
14:39:06,900 INFO  [BrowserSelenium] (initElements) -> XPath set to field: //table[@class='dataTable']/tbody/tr/td
14:39:06,900 INFO  [BrowserSelenium] (initElements) -> ID set to field: 
14:39:06,901 INFO  [BrowserSelenium] (initElements) -> Name set to field: 
14:39:06,901 INFO  [BrowserSelenium] (initElements) -> CSS set to field: 
14:39:06,901 INFO  [BrowserSelenium] (initElements) -> XPath set to field: //input[@id='onePerOrder']
14:39:06,901 INFO  [BrowserSelenium] (initElements) -> ID set to field: 
14:39:06,901 INFO  [BrowserSelenium] (initElements) -> Name set to field: 
14:39:06,901 INFO  [BrowserSelenium] (initElements) -> CSS set to field: 
14:39:06,901 INFO  [BrowserSelenium] (initElements) -> XPath set to field: //input[@id='onePerCustomer']
14:39:06,901 INFO  [BrowserSelenium] (initElements) -> ID set to field: 
14:39:06,901 INFO  [BrowserSelenium] (initElements) -> Name set to field: 
14:39:06,901 INFO  [BrowserSelenium] (initElements) -> CSS set to field: 
14:39:06,902 INFO  [BrowserSelenium] (initElements) -> XPath set to field: //input[@id='product.activeSince']
14:39:06,902 INFO  [BrowserSelenium] (initElements) -> ID set to field: 
14:39:06,902 INFO  [BrowserSelenium] (initElements) -> Name set to field: 
14:39:06,902 INFO  [BrowserSelenium] (initElements) -> CSS set to field: 
14:39:06,902 INFO  [BrowserSelenium] (initElements) -> XPath set to field: //input[@id='product.activeUntil']
14:39:06,902 INFO  [BrowserSelenium] EXIT --> (initElements)
14:39:06,903 INFO  [BrowserSelenium] ENTER --> (clickLinkText)
14:39:06,903 INFO  [BrowserSelenium] ENTER --> (_waitForElement) --> Waiting for element: null
14:39:06,903 INFO  [BrowserSelenium] ENTER --> (waitForElement)
14:39:06,911 INFO  [BrowserSelenium] ENTER --> (_getByLocator)
14:39:06,911 INFO  [BrowserSelenium] (_getByLocator) -> Getting locator for null
14:39:06,911 INFO  [BrowserSelenium] (_getByLocator) -> Locator info found for XPATH attribute as: //span[text()='Save Plug-in']
14:39:06,911 INFO  [BrowserSelenium] ENTER --> (_parseElementOnXpath)
14:39:06,912 INFO  [BrowserSelenium] (_parseElementOnXpath) -> //span[text()='Save Plug-in'] is used
14:39:06,912 INFO  [BrowserSelenium] EXIT --> (_parseElementOnXpath)
14:39:06,912 INFO  [BrowserSelenium] EXIT --> (_getByLocator)
14:39:06,934 INFO  [BrowserSelenium] ENTER --> (_getByLocator)
14:39:06,934 INFO  [BrowserSelenium] (_getByLocator) -> Getting locator for null
14:39:06,934 INFO  [BrowserSelenium] (_getByLocator) -> Locator info found for XPATH attribute as: //span[text()='Save Plug-in']
14:39:06,934 INFO  [BrowserSelenium] ENTER --> (_parseElementOnXpath)
14:39:06,934 INFO  [BrowserSelenium] (_parseElementOnXpath) -> //span[text()='Save Plug-in'] is used
14:39:06,935 INFO  [BrowserSelenium] EXIT --> (_parseElementOnXpath)
14:39:06,935 INFO  [BrowserSelenium] EXIT --> (_getByLocator)
14:39:06,969 INFO  [BrowserSelenium] (waitForElement) -> element wait eligibility found: true
14:39:06,969 INFO  [BrowserSelenium] ENTER --> (_waitForJStoLoad)
14:39:07,004 INFO  [BrowserSelenium] EXIT --> (_waitForJStoLoad) --> DOM load wait done: true
14:39:07,004 INFO  [BrowserSelenium] (waitForElement) -> element wait eligibility set: true
14:39:07,004 INFO  [BrowserSelenium] EXIT --> (waitForElement)
14:39:07,004 INFO  [BrowserSelenium] EXIT --> (_waitForElement)
14:39:07,010 INFO  [BrowserSelenium] ENTER --> (_getByLocator)
14:39:07,010 INFO  [BrowserSelenium] (_getByLocator) -> Getting locator for null
14:39:07,010 INFO  [BrowserSelenium] (_getByLocator) -> Locator info found for XPATH attribute as: //span[text()='Save Plug-in']
14:39:07,010 INFO  [BrowserSelenium] ENTER --> (_parseElementOnXpath)
14:39:07,010 INFO  [BrowserSelenium] (_parseElementOnXpath) -> //span[text()='Save Plug-in'] is used
14:39:07,011 INFO  [BrowserSelenium] EXIT --> (_parseElementOnXpath)
14:39:07,011 INFO  [BrowserSelenium] EXIT --> (_getByLocator)
14:39:07,020 INFO  [BrowserSelenium] ENTER --> (_clickUsingJavaScript)
14:39:07,046 INFO  [BrowserSelenium] EXIT --> (_clickUsingJavaScript)
14:39:07,046 INFO  [BrowserSelenium] EXIT --> (clickLinkText)
14:39:07,046 INFO  [BrowserSelenium] ENTER --> (initElements)
14:39:07,046 INFO  [BrowserSelenium] (initElements) -> ID set to field: 
14:39:07,046 INFO  [BrowserSelenium] (initElements) -> Name set to field: 
14:39:07,047 INFO  [BrowserSelenium] (initElements) -> CSS set to field: 
14:39:07,047 INFO  [BrowserSelenium] (initElements) -> XPath set to field: //table[@id='categories']/tbody//strong[contains(text(),'New Test category')]
14:39:07,047 INFO  [BrowserSelenium] (initElements) -> ID set to field: 
14:39:07,047 INFO  [BrowserSelenium] (initElements) -> Name set to field: 
14:39:07,047 INFO  [BrowserSelenium] (initElements) -> CSS set to field: 
14:39:07,047 INFO  [BrowserSelenium] (initElements) -> XPath set to field: //table[@id='categories']/tbody//strong[contains(text(),'Asset Category 1')]
14:39:07,048 INFO  [BrowserSelenium] (initElements) -> ID set to field: 
14:39:07,048 INFO  [BrowserSelenium] (initElements) -> Name set to field: 
14:39:07,048 INFO  [BrowserSelenium] (initElements) -> CSS set to field: 
14:39:07,048 INFO  [BrowserSelenium] (initElements) -> XPath set to field: //span[text()='Add Product']
14:39:07,048 INFO  [BrowserSelenium] (initElements) -> ID set to field: 
14:39:07,048 INFO  [BrowserSelenium] (initElements) -> Name set to field: 
14:39:07,049 INFO  [BrowserSelenium] (initElements) -> CSS set to field: 
14:39:07,049 INFO  [BrowserSelenium] (initElements) -> XPath set to field: //select[@id='newDescriptionLanguage']
14:39:07,049 INFO  [BrowserSelenium] (initElements) -> ID set to field: 
14:39:07,049 INFO  [BrowserSelenium] (initElements) -> Name set to field: 
14:39:07,049 INFO  [BrowserSelenium] (initElements) -> CSS set to field: 
14:39:07,049 INFO  [BrowserSelenium] (initElements) -> XPath set to field: //a[@onclick='addNewProductDescription()']
14:39:07,050 INFO  [BrowserSelenium] (initElements) -> ID set to field: 
14:39:07,050 INFO  [BrowserSelenium] (initElements) -> Name set to field: 
14:39:07,050 INFO  [BrowserSelenium] (initElements) -> CSS set to field: 
14:39:07,050 INFO  [BrowserSelenium] (initElements) -> XPath set to field: //label[contains(text(),'English Description')]/../div/input[1]
14:39:07,050 INFO  [BrowserSelenium] (initElements) -> ID set to field: 
14:39:07,050 INFO  [BrowserSelenium] (initElements) -> Name set to field: 
14:39:07,051 INFO  [BrowserSelenium] (initElements) -> CSS set to field: 
14:39:07,051 INFO  [BrowserSelenium] (initElements) -> XPath set to field: //input[@id='product.number']
14:39:07,051 INFO  [BrowserSelenium] (initElements) -> ID set to field: 
14:39:07,051 INFO  [BrowserSelenium] (initElements) -> Name set to field: 
14:39:07,051 INFO  [BrowserSelenium] (initElements) -> CSS set to field: 
14:39:07,051 INFO  [BrowserSelenium] (initElements) -> XPath set to field: //input[@id='product.standardAvailability']
14:39:07,052 INFO  [BrowserSelenium] (initElements) -> ID set to field: 
14:39:07,052 INFO  [BrowserSelenium] (initElements) -> Name set to field: 
14:39:07,052 INFO  [BrowserSelenium] (initElements) -> CSS set to field: 
14:39:07,052 INFO  [BrowserSelenium] (initElements) -> XPath set to field: //select[@id='product.accountTypes']
14:39:07,052 INFO  [BrowserSelenium] (initElements) -> ID set to field: 
14:39:07,053 INFO  [BrowserSelenium] (initElements) -> Name set to field: 
14:39:07,053 INFO  [BrowserSelenium] (initElements) -> CSS set to field: 
14:39:07,053 INFO  [BrowserSelenium] (initElements) -> XPath set to field: //select[@class='model-type toolTipElement']
14:39:07,053 INFO  [BrowserSelenium] (initElements) -> ID set to field: 
14:39:07,053 INFO  [BrowserSelenium] (initElements) -> Name set to field: 
14:39:07,053 INFO  [BrowserSelenium] (initElements) -> CSS set to field: 
14:39:07,054 INFO  [BrowserSelenium] (initElements) -> XPath set to field: //input[@id='model.0.rateAsDecimal']
14:39:07,054 INFO  [BrowserSelenium] (initElements) -> ID set to field: 
14:39:07,054 INFO  [BrowserSelenium] (initElements) -> Name set to field: 
14:39:07,054 INFO  [BrowserSelenium] (initElements) -> CSS set to field: 
14:39:07,054 INFO  [BrowserSelenium] (initElements) -> XPath set to field: //select[@id='model.0.currencyId']
14:39:07,055 INFO  [BrowserSelenium] (initElements) -> ID set to field: 
14:39:07,055 INFO  [BrowserSelenium] (initElements) -> Name set to field: 
14:39:07,055 INFO  [BrowserSelenium] (initElements) -> CSS set to field: 
14:39:07,055 INFO  [BrowserSelenium] (initElements) -> XPath set to field: //span[text()='Save Changes']
14:39:07,055 INFO  [BrowserSelenium] (initElements) -> ID set to field: 
14:39:07,055 INFO  [BrowserSelenium] (initElements) -> Name set to field: 
14:39:07,056 INFO  [BrowserSelenium] (initElements) -> CSS set to field: 
14:39:07,056 INFO  [BrowserSelenium] (initElements) -> XPath set to field: //span[text()='Cancel']
14:39:07,056 INFO  [BrowserSelenium] (initElements) -> ID set to field: 
14:39:07,056 INFO  [BrowserSelenium] (initElements) -> Name set to field: 
14:39:07,056 INFO  [BrowserSelenium] (initElements) -> CSS set to field: 
14:39:07,056 INFO  [BrowserSelenium] (initElements) -> XPath set to field: //table[@id='products']/tbody//strong[contains(text(),'Test Code Description')]
14:39:07,057 INFO  [BrowserSelenium] (initElements) -> ID set to field: 
14:39:07,057 INFO  [BrowserSelenium] (initElements) -> Name set to field: 
14:39:07,057 INFO  [BrowserSelenium] (initElements) -> CSS set to field: 
14:39:07,057 INFO  [BrowserSelenium] (initElements) -> XPath set to field: //a[@class='submit edit']
14:39:07,057 INFO  [BrowserSelenium] (initElements) -> ID set to field: 
14:39:07,057 INFO  [BrowserSelenium] (initElements) -> Name set to field: 
14:39:07,058 INFO  [BrowserSelenium] (initElements) -> CSS set to field: 
14:39:07,058 INFO  [BrowserSelenium] (initElements) -> XPath set to field: //input[@id='product.standardPartnerPercentageAsDecimal']
14:39:07,058 INFO  [BrowserSelenium] (initElements) -> ID set to field: 
14:39:07,058 INFO  [BrowserSelenium] (initElements) -> Name set to field: 
14:39:07,058 INFO  [BrowserSelenium] (initElements) -> CSS set to field: 
14:39:07,058 INFO  [BrowserSelenium] (initElements) -> XPath set to field: //input[@id='product.masterPartnerPercentageAsDecimal']
14:39:07,059 INFO  [BrowserSelenium] (initElements) -> ID set to field: 
14:39:07,059 INFO  [BrowserSelenium] (initElements) -> Name set to field: 
14:39:07,059 INFO  [BrowserSelenium] (initElements) -> CSS set to field: 
14:39:07,059 INFO  [BrowserSelenium] (initElements) -> XPath set to field: //input[@id='plg-parm-provisionable_order_change_status_id']
14:39:07,059 INFO  [BrowserSelenium] (initElements) -> ID set to field: 
14:39:07,059 INFO  [BrowserSelenium] (initElements) -> Name set to field: 
14:39:07,060 INFO  [BrowserSelenium] (initElements) -> CSS set to field: 
14:39:07,060 INFO  [BrowserSelenium] (initElements) -> XPath set to field: //select[@id='company-select']
14:39:07,060 INFO  [BrowserSelenium] (initElements) -> ID set to field: 
14:39:07,060 INFO  [BrowserSelenium] (initElements) -> Name set to field: 
14:39:07,060 INFO  [BrowserSelenium] (initElements) -> CSS set to field: 
14:39:07,060 INFO  [BrowserSelenium] (initElements) -> XPath set to field: //ul[@class='top-nav']/li[1]
14:39:07,061 INFO  [BrowserSelenium] (initElements) -> ID set to field: 
14:39:07,061 INFO  [BrowserSelenium] (initElements) -> Name set to field: 
14:39:07,061 INFO  [BrowserSelenium] (initElements) -> CSS set to field: 
14:39:07,061 INFO  [BrowserSelenium] (initElements) -> XPath set to field: //div[@class='heading']//strong[contains(text(),'Add Product Category')]
14:39:07,061 INFO  [BrowserSelenium] (initElements) -> ID set to field: 
14:39:07,061 INFO  [BrowserSelenium] (initElements) -> Name set to field: 
14:39:07,062 INFO  [BrowserSelenium] (initElements) -> CSS set to field: 
14:39:07,062 INFO  [BrowserSelenium] (initElements) -> XPath set to field: //span[text()='Add Category']
14:39:07,062 INFO  [BrowserSelenium] (initElements) -> ID set to field: 
14:39:07,062 INFO  [BrowserSelenium] (initElements) -> Name set to field: 
14:39:07,062 INFO  [BrowserSelenium] (initElements) -> CSS set to field: 
14:39:07,062 INFO  [BrowserSelenium] (initElements) -> XPath set to field: //select[@id='orderLineTypeId']//option
14:39:07,063 INFO  [BrowserSelenium] (initElements) -> ID set to field: 
14:39:07,063 INFO  [BrowserSelenium] (initElements) -> Name set to field: 
14:39:07,063 INFO  [BrowserSelenium] (initElements) -> CSS set to field: 
14:39:07,063 INFO  [BrowserSelenium] (initElements) -> XPath set to field: //select[@id='parentItemTypeId']/option
14:39:07,063 INFO  [BrowserSelenium] (initElements) -> ID set to field: 
14:39:07,064 INFO  [BrowserSelenium] (initElements) -> Name set to field: 
14:39:07,064 INFO  [BrowserSelenium] (initElements) -> CSS set to field: 
14:39:07,064 INFO  [BrowserSelenium] (initElements) -> XPath set to field: //input[@id='description']
14:39:07,064 INFO  [BrowserSelenium] (initElements) -> ID set to field: 
14:39:07,064 INFO  [BrowserSelenium] (initElements) -> Name set to field: 
14:39:07,065 INFO  [BrowserSelenium] (initElements) -> CSS set to field: 
14:39:07,065 INFO  [BrowserSelenium] (initElements) -> XPath set to field: //a[@class='submit save']//span[contains(text(),'Save Changes')]
14:39:07,065 INFO  [BrowserSelenium] (initElements) -> ID set to field: 
14:39:07,065 INFO  [BrowserSelenium] (initElements) -> Name set to field: 
14:39:07,065 INFO  [BrowserSelenium] (initElements) -> CSS set to field: 
14:39:07,065 INFO  [BrowserSelenium] (initElements) -> XPath set to field: //span[text()='Edit']
14:39:07,066 INFO  [BrowserSelenium] (initElements) -> ID set to field: 
14:39:07,066 INFO  [BrowserSelenium] (initElements) -> Name set to field: 
14:39:07,066 INFO  [BrowserSelenium] (initElements) -> CSS set to field: 
14:39:07,066 INFO  [BrowserSelenium] (initElements) -> XPath set to field: //input[@id='allowAssetManagement']
14:39:07,066 INFO  [BrowserSelenium] (initElements) -> ID set to field: 
14:39:07,066 INFO  [BrowserSelenium] (initElements) -> Name set to field: 
14:39:07,067 INFO  [BrowserSelenium] (initElements) -> CSS set to field: 
14:39:07,067 INFO  [BrowserSelenium] (initElements) -> XPath set to field: //span[text()='Asset Statuses']
14:39:07,067 INFO  [BrowserSelenium] (initElements) -> ID set to field: 
14:39:07,067 INFO  [BrowserSelenium] (initElements) -> Name set to field: 
14:39:07,068 INFO  [BrowserSelenium] (initElements) -> CSS set to field: 
14:39:07,068 INFO  [BrowserSelenium] (initElements) -> XPath set to field: //input[@id='lastStatusName']
14:39:07,068 INFO  [BrowserSelenium] (initElements) -> ID set to field: 
14:39:07,069 INFO  [BrowserSelenium] (initElements) -> Name set to field: 
14:39:07,069 INFO  [BrowserSelenium] (initElements) -> CSS set to field: 
14:39:07,069 INFO  [BrowserSelenium] (initElements) -> XPath set to field: //th[contains(text(),'Available')]/following::tbody/tr[1]/td[2]/input[@type='checkbox']
14:39:07,070 INFO  [BrowserSelenium] (initElements) -> ID set to field: 
14:39:07,070 INFO  [BrowserSelenium] (initElements) -> Name set to field: 
14:39:07,070 INFO  [BrowserSelenium] (initElements) -> CSS set to field: 
14:39:07,071 INFO  [BrowserSelenium] (initElements) -> XPath set to field: //th[contains(text(),'Available')]/following::tbody/tr[1]/td[3]/input[@type='checkbox']
14:39:07,071 INFO  [BrowserSelenium] (initElements) -> ID set to field: 
14:39:07,071 INFO  [BrowserSelenium] (initElements) -> Name set to field: 
14:39:07,071 INFO  [BrowserSelenium] (initElements) -> CSS set to field: 
14:39:07,071 INFO  [BrowserSelenium] (initElements) -> XPath set to field: //th[contains(text(),'Available')]/following::tbody/tr[2]/td[4]/input[@type='checkbox']
14:39:07,072 INFO  [BrowserSelenium] (initElements) -> ID set to field: 
14:39:07,072 INFO  [BrowserSelenium] (initElements) -> Name set to field: 
14:39:07,072 INFO  [BrowserSelenium] (initElements) -> CSS set to field: 
14:39:07,072 INFO  [BrowserSelenium] (initElements) -> XPath set to field: //tr[@id='lastStatus']/td[5]/a/img
14:39:07,073 INFO  [BrowserSelenium] (initElements) -> ID set to field: 
14:39:07,073 INFO  [BrowserSelenium] (initElements) -> Name set to field: 
14:39:07,073 INFO  [BrowserSelenium] (initElements) -> CSS set to field: 
14:39:07,073 INFO  [BrowserSelenium] (initElements) -> XPath set to field: //div[@id='assetMetaFields']/div[2]/div[1]/span[1]/a/img
14:39:07,073 INFO  [BrowserSelenium] (initElements) -> ID set to field: 
14:39:07,074 INFO  [BrowserSelenium] (initElements) -> Name set to field: 
14:39:07,074 INFO  [BrowserSelenium] (initElements) -> CSS set to field: 
14:39:07,074 INFO  [BrowserSelenium] (initElements) -> XPath set to field: //input[@id='metaField2.name']
14:39:07,074 INFO  [BrowserSelenium] (initElements) -> ID set to field: 
14:39:07,074 INFO  [BrowserSelenium] (initElements) -> Name set to field: 
14:39:07,075 INFO  [BrowserSelenium] (initElements) -> CSS set to field: 
14:39:07,075 INFO  [BrowserSelenium] (initElements) -> XPath set to field: //table[@id='categories']/tbody/tr[1]/td/a/strong
14:39:07,075 INFO  [BrowserSelenium] (initElements) -> ID set to field: 
14:39:07,075 INFO  [BrowserSelenium] (initElements) -> Name set to field: 
14:39:07,075 INFO  [BrowserSelenium] (initElements) -> CSS set to field: 
14:39:07,075 INFO  [BrowserSelenium] (initElements) -> XPath set to field: //ul[@class='top-nav']/li[1]
14:39:07,076 INFO  [BrowserSelenium] (initElements) -> ID set to field: 
14:39:07,076 INFO  [BrowserSelenium] (initElements) -> Name set to field: 
14:39:07,076 INFO  [BrowserSelenium] (initElements) -> CSS set to field: 
14:39:07,076 INFO  [BrowserSelenium] (initElements) -> XPath set to field: //select[@id = 'parentItemTypeId']
14:39:07,077 INFO  [BrowserSelenium] (initElements) -> ID set to field: 
14:39:07,077 INFO  [BrowserSelenium] (initElements) -> Name set to field: 
14:39:07,077 INFO  [BrowserSelenium] (initElements) -> CSS set to field: 
14:39:07,078 INFO  [BrowserSelenium] (initElements) -> XPath set to field: //div[@class='menu-items']/ul/li-->>{TXT}Plug-ins{TXT}
14:39:07,078 INFO  [BrowserSelenium] (initElements) -> ID set to field: 
14:39:07,078 INFO  [BrowserSelenium] (initElements) -> Name set to field: 
14:39:07,078 INFO  [BrowserSelenium] (initElements) -> CSS set to field: 
14:39:07,078 INFO  [BrowserSelenium] (initElements) -> XPath set to field: //strong[contains(text(),'Generic internal events listener')]
14:39:07,078 INFO  [BrowserSelenium] (initElements) -> ID set to field: 
14:39:07,079 INFO  [BrowserSelenium] (initElements) -> Name set to field: 
14:39:07,079 INFO  [BrowserSelenium] (initElements) -> CSS set to field: 
14:39:07,079 INFO  [BrowserSelenium] (initElements) -> XPath set to field: //span[text()='Add New']
14:39:07,080 INFO  [BrowserSelenium] (initElements) -> ID set to field: 
14:39:07,080 INFO  [BrowserSelenium] (initElements) -> Name set to field: 
14:39:07,080 INFO  [BrowserSelenium] (initElements) -> CSS set to field: 
14:39:07,080 INFO  [BrowserSelenium] (initElements) -> XPath set to field: //select[@id='typeId']
14:39:07,080 INFO  [BrowserSelenium] (initElements) -> ID set to field: 
14:39:07,081 INFO  [BrowserSelenium] (initElements) -> Name set to field: 
14:39:07,081 INFO  [BrowserSelenium] (initElements) -> CSS set to field: 
14:39:07,081 INFO  [BrowserSelenium] (initElements) -> XPath set to field: //input[@id='processingOrder']
14:39:07,081 INFO  [BrowserSelenium] (initElements) -> ID set to field: 
14:39:07,081 INFO  [BrowserSelenium] (initElements) -> Name set to field: 
14:39:07,081 INFO  [BrowserSelenium] (initElements) -> CSS set to field: 
14:39:07,082 INFO  [BrowserSelenium] (initElements) -> XPath set to field: //span[text()='Save Plug-in']
14:39:07,082 INFO  [BrowserSelenium] (initElements) -> ID set to field: 
14:39:07,082 INFO  [BrowserSelenium] (initElements) -> Name set to field: 
14:39:07,082 INFO  [BrowserSelenium] (initElements) -> CSS set to field: 
14:39:07,082 INFO  [BrowserSelenium] (initElements) -> XPath set to field: //div[@id='assetManagementEnabledDiv']/div/input[2]
14:39:07,082 INFO  [BrowserSelenium] (initElements) -> ID set to field: 
14:39:07,082 INFO  [BrowserSelenium] (initElements) -> Name set to field: 
14:39:07,083 INFO  [BrowserSelenium] (initElements) -> CSS set to field: 
14:39:07,083 INFO  [BrowserSelenium] (initElements) -> XPath set to field: //span[text()='Add Asset']
14:39:07,083 INFO  [BrowserSelenium] (initElements) -> ID set to field: 
14:39:07,083 INFO  [BrowserSelenium] (initElements) -> Name set to field: 
14:39:07,083 INFO  [BrowserSelenium] (initElements) -> CSS set to field: 
14:39:07,083 INFO  [BrowserSelenium] (initElements) -> XPath set to field: //span[text()='Add New']
14:39:07,083 INFO  [BrowserSelenium] (initElements) -> ID set to field: 
14:39:07,083 INFO  [BrowserSelenium] (initElements) -> Name set to field: 
14:39:07,084 INFO  [BrowserSelenium] (initElements) -> CSS set to field: 
14:39:07,084 INFO  [BrowserSelenium] (initElements) -> XPath set to field: //input[@id='identifier']
14:39:07,084 INFO  [BrowserSelenium] (initElements) -> ID set to field: 
14:39:07,084 INFO  [BrowserSelenium] (initElements) -> Name set to field: 
14:39:07,084 INFO  [BrowserSelenium] (initElements) -> CSS set to field: 
14:39:07,084 INFO  [BrowserSelenium] (initElements) -> XPath set to field: //span[text()='Save Changes']
14:39:07,084 INFO  [BrowserSelenium] (initElements) -> ID set to field: 
14:39:07,084 INFO  [BrowserSelenium] (initElements) -> Name set to field: 
14:39:07,084 INFO  [BrowserSelenium] (initElements) -> CSS set to field: 
14:39:07,084 INFO  [BrowserSelenium] (initElements) -> XPath set to field: //strong[contains(text(),'Agent Commission Calculation Process.')]
14:39:07,085 INFO  [BrowserSelenium] (initElements) -> ID set to field: 
14:39:07,085 INFO  [BrowserSelenium] (initElements) -> Name set to field: 
14:39:07,085 INFO  [BrowserSelenium] (initElements) -> CSS set to field: 
14:39:07,085 INFO  [BrowserSelenium] (initElements) -> XPath set to field: //input[@id='description']
14:39:07,085 INFO  [BrowserSelenium] (initElements) -> ID set to field: 
14:39:07,085 INFO  [BrowserSelenium] (initElements) -> Name set to field: 
14:39:07,085 INFO  [BrowserSelenium] (initElements) -> CSS set to field: 
14:39:07,085 INFO  [BrowserSelenium] (initElements) -> XPath set to field: //span[text()='Save Changes']
14:39:07,086 INFO  [BrowserSelenium] (initElements) -> ID set to field: 
14:39:07,086 INFO  [BrowserSelenium] (initElements) -> Name set to field: 
14:39:07,086 INFO  [BrowserSelenium] (initElements) -> CSS set to field: 
14:39:07,086 INFO  [BrowserSelenium] (initElements) -> XPath set to field: //label[text()='Included Quantity']/../div/input[2]
14:39:07,086 INFO  [BrowserSelenium] (initElements) -> ID set to field: 
14:39:07,086 INFO  [BrowserSelenium] (initElements) -> Name set to field: 
14:39:07,086 INFO  [BrowserSelenium] (initElements) -> CSS set to field: 
14:39:07,087 INFO  [BrowserSelenium] (initElements) -> XPath set to field: //span[text()='Dependencies']
14:39:07,087 INFO  [BrowserSelenium] (initElements) -> ID set to field: 
14:39:07,087 INFO  [BrowserSelenium] (initElements) -> Name set to field: 
14:39:07,087 INFO  [BrowserSelenium] (initElements) -> CSS set to field: 
14:39:07,087 INFO  [BrowserSelenium] (initElements) -> XPath set to field: //select[@id='product.dependencyItemTypes']
14:39:07,088 INFO  [BrowserSelenium] (initElements) -> ID set to field: 
14:39:07,088 INFO  [BrowserSelenium] (initElements) -> Name set to field: 
14:39:07,088 INFO  [BrowserSelenium] (initElements) -> CSS set to field: 
14:39:07,088 INFO  [BrowserSelenium] (initElements) -> XPath set to field: //select[@id='product.dependencyItems']
14:39:07,088 INFO  [BrowserSelenium] (initElements) -> ID set to field: 
14:39:07,089 INFO  [BrowserSelenium] (initElements) -> Name set to field: 
14:39:07,089 INFO  [BrowserSelenium] (initElements) -> CSS set to field: 
14:39:07,089 INFO  [BrowserSelenium] (initElements) -> XPath set to field: //img[@alt='Add']
14:39:07,089 INFO  [BrowserSelenium] (initElements) -> ID set to field: 
14:39:07,089 INFO  [BrowserSelenium] (initElements) -> Name set to field: 
14:39:07,089 INFO  [BrowserSelenium] (initElements) -> CSS set to field: 
14:39:07,090 INFO  [BrowserSelenium] (initElements) -> XPath set to field: //table[@id='users']/tbody/tr/td/a/strong
14:39:07,090 INFO  [BrowserSelenium] (initElements) -> ID set to field: 
14:39:07,090 INFO  [BrowserSelenium] (initElements) -> Name set to field: 
14:39:07,090 INFO  [BrowserSelenium] (initElements) -> CSS set to field: 
14:39:07,090 INFO  [BrowserSelenium] (initElements) -> XPath set to field: //table[@id='categories']
14:39:07,090 INFO  [BrowserSelenium] (initElements) -> ID set to field: 
14:39:07,090 INFO  [BrowserSelenium] (initElements) -> Name set to field: 
14:39:07,091 INFO  [BrowserSelenium] (initElements) -> CSS set to field: 
14:39:07,091 INFO  [BrowserSelenium] (initElements) -> XPath set to field: //table[@id='products']
14:39:07,091 INFO  [BrowserSelenium] (initElements) -> ID set to field: 
14:39:07,091 INFO  [BrowserSelenium] (initElements) -> Name set to field: 
14:39:07,091 INFO  [BrowserSelenium] (initElements) -> CSS set to field: 
14:39:07,091 INFO  [BrowserSelenium] (initElements) -> XPath set to field: //table[@id='categories']/tbody/tr/td/a/strong
14:39:07,091 INFO  [BrowserSelenium] (initElements) -> ID set to field: 
14:39:07,091 INFO  [BrowserSelenium] (initElements) -> Name set to field: 
14:39:07,091 INFO  [BrowserSelenium] (initElements) -> CSS set to field: 
14:39:07,091 INFO  [BrowserSelenium] (initElements) -> XPath set to field: //table[@id='products']/tbody/tr/td/a/strong
14:39:07,092 INFO  [BrowserSelenium] (initElements) -> ID set to field: 
14:39:07,092 INFO  [BrowserSelenium] (initElements) -> Name set to field: 
14:39:07,092 INFO  [BrowserSelenium] (initElements) -> CSS set to field: 
14:39:07,092 INFO  [BrowserSelenium] (initElements) -> XPath set to field: 
14:39:07,092 INFO  [BrowserSelenium] (initElements) -> ID set to field: 
14:39:07,092 INFO  [BrowserSelenium] (initElements) -> Name set to field: 
14:39:07,092 INFO  [BrowserSelenium] (initElements) -> CSS set to field: 
14:39:07,092 INFO  [BrowserSelenium] (initElements) -> XPath set to field: 
14:39:07,092 INFO  [BrowserSelenium] (initElements) -> ID set to field: 
14:39:07,093 INFO  [BrowserSelenium] (initElements) -> Name set to field: 
14:39:07,093 INFO  [BrowserSelenium] (initElements) -> CSS set to field: 
14:39:07,093 INFO  [BrowserSelenium] (initElements) -> XPath set to field: //span[text()='Delete']
14:39:07,093 INFO  [BrowserSelenium] (initElements) -> ID set to field: 
14:39:07,093 INFO  [BrowserSelenium] (initElements) -> Name set to field: 
14:39:07,093 INFO  [BrowserSelenium] (initElements) -> CSS set to field: 
14:39:07,093 INFO  [BrowserSelenium] (initElements) -> XPath set to field: //button/span[text()='Yes']
14:39:07,093 INFO  [BrowserSelenium] (initElements) -> ID set to field: 
14:39:07,093 INFO  [BrowserSelenium] (initElements) -> Name set to field: 
14:39:07,093 INFO  [BrowserSelenium] (initElements) -> CSS set to field: 
14:39:07,094 INFO  [BrowserSelenium] (initElements) -> XPath set to field: //span[contains(text(),'Add Category')]
14:39:07,094 INFO  [BrowserSelenium] (initElements) -> ID set to field: 
14:39:07,094 INFO  [BrowserSelenium] (initElements) -> Name set to field: 
14:39:07,094 INFO  [BrowserSelenium] (initElements) -> CSS set to field: 
14:39:07,094 INFO  [BrowserSelenium] (initElements) -> XPath set to field: 
14:39:07,094 INFO  [BrowserSelenium] (initElements) -> ID set to field: 
14:39:07,094 INFO  [BrowserSelenium] (initElements) -> Name set to field: 
14:39:07,094 INFO  [BrowserSelenium] (initElements) -> CSS set to field: 
14:39:07,094 INFO  [BrowserSelenium] (initElements) -> XPath set to field: 
14:39:07,095 INFO  [BrowserSelenium] (initElements) -> ID set to field: 
14:39:07,095 INFO  [BrowserSelenium] (initElements) -> Name set to field: 
14:39:07,095 INFO  [BrowserSelenium] (initElements) -> CSS set to field: 
14:39:07,095 INFO  [BrowserSelenium] (initElements) -> XPath set to field: 
14:39:07,095 INFO  [BrowserSelenium] (initElements) -> ID set to field: 
14:39:07,095 INFO  [BrowserSelenium] (initElements) -> Name set to field: 
14:39:07,095 INFO  [BrowserSelenium] (initElements) -> CSS set to field: 
14:39:07,095 INFO  [BrowserSelenium] (initElements) -> XPath set to field: 
14:39:07,095 INFO  [BrowserSelenium] (initElements) -> ID set to field: 
14:39:07,096 INFO  [BrowserSelenium] (initElements) -> Name set to field: 
14:39:07,096 INFO  [BrowserSelenium] (initElements) -> CSS set to field: 
14:39:07,096 INFO  [BrowserSelenium] (initElements) -> XPath set to field: //div[@id='breadcrumbs']
14:39:07,096 INFO  [BrowserSelenium] (initElements) -> ID set to field: global-checkbox
14:39:07,096 INFO  [BrowserSelenium] (initElements) -> Name set to field: 
14:39:07,096 INFO  [BrowserSelenium] (initElements) -> CSS set to field: 
14:39:07,096 INFO  [BrowserSelenium] (initElements) -> XPath set to field: 
14:39:07,096 INFO  [BrowserSelenium] (initElements) -> ID set to field: allowAssetManagement
14:39:07,096 INFO  [BrowserSelenium] (initElements) -> Name set to field: 
14:39:07,097 INFO  [BrowserSelenium] (initElements) -> CSS set to field: 
14:39:07,097 INFO  [BrowserSelenium] (initElements) -> XPath set to field: 
14:39:07,097 INFO  [BrowserSelenium] (initElements) -> ID set to field: lastStatusAvailable
14:39:07,097 INFO  [BrowserSelenium] (initElements) -> Name set to field: 
14:39:07,097 INFO  [BrowserSelenium] (initElements) -> CSS set to field: 
14:39:07,097 INFO  [BrowserSelenium] (initElements) -> XPath set to field: 
14:39:07,097 INFO  [BrowserSelenium] (initElements) -> ID set to field: 
14:39:07,097 INFO  [BrowserSelenium] (initElements) -> Name set to field: 
14:39:07,097 INFO  [BrowserSelenium] (initElements) -> CSS set to field: 
14:39:07,098 INFO  [BrowserSelenium] (initElements) -> XPath set to field: //*[@id='lastStatus']/td[5]/a/img
14:39:07,098 INFO  [BrowserSelenium] (initElements) -> ID set to field: lastStatusOrderSaved
14:39:07,098 INFO  [BrowserSelenium] (initElements) -> Name set to field: 
14:39:07,098 INFO  [BrowserSelenium] (initElements) -> CSS set to field: 
14:39:07,098 INFO  [BrowserSelenium] (initElements) -> XPath set to field: 
14:39:07,098 INFO  [BrowserSelenium] (initElements) -> ID set to field: description
14:39:07,098 INFO  [BrowserSelenium] (initElements) -> Name set to field: 
14:39:07,098 INFO  [BrowserSelenium] (initElements) -> CSS set to field: 
14:39:07,098 INFO  [BrowserSelenium] (initElements) -> XPath set to field: 
14:39:07,098 INFO  [BrowserSelenium] (initElements) -> ID set to field: 
14:39:07,099 INFO  [BrowserSelenium] (initElements) -> Name set to field: 
14:39:07,099 INFO  [BrowserSelenium] (initElements) -> CSS set to field: 
14:39:07,099 INFO  [BrowserSelenium] (initElements) -> XPath set to field: //span[contains(text(), 'Save Changes')]
14:39:07,099 INFO  [BrowserSelenium] (initElements) -> ID set to field: lastStatusDefault
14:39:07,099 INFO  [BrowserSelenium] (initElements) -> Name set to field: 
14:39:07,099 INFO  [BrowserSelenium] (initElements) -> CSS set to field: 
14:39:07,099 INFO  [BrowserSelenium] (initElements) -> XPath set to field: 
14:39:07,099 INFO  [BrowserSelenium] (initElements) -> ID set to field: 
14:39:07,099 INFO  [BrowserSelenium] (initElements) -> Name set to field: 
14:39:07,100 INFO  [BrowserSelenium] (initElements) -> CSS set to field: 
14:39:07,100 INFO  [BrowserSelenium] (initElements) -> XPath set to field: //span[contains(text(),'Add Product')]
14:39:07,100 INFO  [BrowserSelenium] (initElements) -> ID set to field: 
14:39:07,100 INFO  [BrowserSelenium] (initElements) -> Name set to field: 
14:39:07,100 INFO  [BrowserSelenium] (initElements) -> CSS set to field: 
14:39:07,100 INFO  [BrowserSelenium] (initElements) -> XPath set to field: //*[@id='addDescription']/div/a/img
14:39:07,100 INFO  [BrowserSelenium] (initElements) -> ID set to field: product.descriptions[1].content
14:39:07,101 INFO  [BrowserSelenium] (initElements) -> Name set to field: 
14:39:07,101 INFO  [BrowserSelenium] (initElements) -> CSS set to field: 
14:39:07,101 INFO  [BrowserSelenium] (initElements) -> XPath set to field: 
14:39:07,101 INFO  [BrowserSelenium] (initElements) -> ID set to field: product.number
14:39:07,101 INFO  [BrowserSelenium] (initElements) -> Name set to field: 
14:39:07,101 INFO  [BrowserSelenium] (initElements) -> CSS set to field: 
14:39:07,102 INFO  [BrowserSelenium] (initElements) -> XPath set to field: 
14:39:07,102 INFO  [BrowserSelenium] (initElements) -> ID set to field: newDescriptionLanguage
14:39:07,102 INFO  [BrowserSelenium] (initElements) -> Name set to field: 
14:39:07,102 INFO  [BrowserSelenium] (initElements) -> CSS set to field: 
14:39:07,102 INFO  [BrowserSelenium] (initElements) -> XPath set to field: 
14:39:07,102 INFO  [BrowserSelenium] (initElements) -> ID set to field: 
14:39:07,102 INFO  [BrowserSelenium] (initElements) -> Name set to field: 
14:39:07,102 INFO  [BrowserSelenium] (initElements) -> CSS set to field: 
14:39:07,102 INFO  [BrowserSelenium] (initElements) -> XPath set to field: //input[@id='assetManagementEnabled']
14:39:07,103 INFO  [BrowserSelenium] (initElements) -> ID set to field: model.0.type
14:39:07,103 INFO  [BrowserSelenium] (initElements) -> Name set to field: 
14:39:07,103 INFO  [BrowserSelenium] (initElements) -> CSS set to field: 
14:39:07,103 INFO  [BrowserSelenium] (initElements) -> XPath set to field: 
14:39:07,103 INFO  [BrowserSelenium] (initElements) -> ID set to field: model.0.rateAsDecimal
14:39:07,103 INFO  [BrowserSelenium] (initElements) -> Name set to field: 
14:39:07,103 INFO  [BrowserSelenium] (initElements) -> CSS set to field: 
14:39:07,103 INFO  [BrowserSelenium] (initElements) -> XPath set to field: 
14:39:07,103 INFO  [BrowserSelenium] (initElements) -> ID set to field: product.priceModelCompanyId
14:39:07,104 INFO  [BrowserSelenium] (initElements) -> Name set to field: 
14:39:07,104 INFO  [BrowserSelenium] (initElements) -> CSS set to field: 
14:39:07,104 INFO  [BrowserSelenium] (initElements) -> XPath set to field: 
14:39:07,104 INFO  [BrowserSelenium] (initElements) -> ID set to field: 
14:39:07,104 INFO  [BrowserSelenium] (initElements) -> Name set to field: 
14:39:07,104 INFO  [BrowserSelenium] (initElements) -> CSS set to field: 
14:39:07,104 INFO  [BrowserSelenium] (initElements) -> XPath set to field: //span[contains(text(),'Add Asset')]
14:39:07,104 INFO  [BrowserSelenium] (initElements) -> ID set to field: 
14:39:07,104 INFO  [BrowserSelenium] (initElements) -> Name set to field: 
14:39:07,104 INFO  [BrowserSelenium] (initElements) -> CSS set to field: 
14:39:07,105 INFO  [BrowserSelenium] (initElements) -> XPath set to field: //span[contains(text(),'Add New')]
14:39:07,105 INFO  [BrowserSelenium] (initElements) -> ID set to field: 
14:39:07,105 INFO  [BrowserSelenium] (initElements) -> Name set to field: 
14:39:07,105 INFO  [BrowserSelenium] (initElements) -> CSS set to field: 
14:39:07,105 INFO  [BrowserSelenium] (initElements) -> XPath set to field: //th[text()='Name']/following::tbody/tr[1]/td/input[@type='text']
14:39:07,105 INFO  [BrowserSelenium] (initElements) -> ID set to field: 
14:39:07,106 INFO  [BrowserSelenium] (initElements) -> Name set to field: 
14:39:07,106 INFO  [BrowserSelenium] (initElements) -> CSS set to field: 
14:39:07,106 INFO  [BrowserSelenium] (initElements) -> XPath set to field: //th[text()='Name']/following::tbody/tr[contains(@id,'lastStatus')]//td//input[@type='text']
14:39:07,106 INFO  [BrowserSelenium] (initElements) -> ID set to field: 
14:39:07,106 INFO  [BrowserSelenium] (initElements) -> Name set to field: 
14:39:07,106 INFO  [BrowserSelenium] (initElements) -> CSS set to field: 
14:39:07,107 INFO  [BrowserSelenium] (initElements) -> XPath set to field: //table[@id='categories']//tbody//tr//td
14:39:07,107 INFO  [BrowserSelenium] (initElements) -> ID set to field: 
14:39:07,107 INFO  [BrowserSelenium] (initElements) -> Name set to field: 
14:39:07,107 INFO  [BrowserSelenium] (initElements) -> CSS set to field: 
14:39:07,107 INFO  [BrowserSelenium] (initElements) -> XPath set to field: //table[@id='products']//tbody//tr//td
14:39:07,107 INFO  [BrowserSelenium] (initElements) -> ID set to field: 
14:39:07,107 INFO  [BrowserSelenium] (initElements) -> Name set to field: 
14:39:07,108 INFO  [BrowserSelenium] (initElements) -> CSS set to field: 
14:39:07,108 INFO  [BrowserSelenium] (initElements) -> XPath set to field: //table[@id='users']//tbody//tr//td
14:39:07,108 INFO  [BrowserSelenium] (initElements) -> ID set to field: product.dependencyMin
14:39:07,108 INFO  [BrowserSelenium] (initElements) -> Name set to field: 
14:39:07,108 INFO  [BrowserSelenium] (initElements) -> CSS set to field: 
14:39:07,108 INFO  [BrowserSelenium] (initElements) -> XPath set to field: 
14:39:07,109 INFO  [BrowserSelenium] (initElements) -> ID set to field: product.dependencyMax
14:39:07,109 INFO  [BrowserSelenium] (initElements) -> Name set to field: 
14:39:07,109 INFO  [BrowserSelenium] (initElements) -> CSS set to field: 
14:39:07,109 INFO  [BrowserSelenium] (initElements) -> XPath set to field: 
14:39:07,109 INFO  [BrowserSelenium] (initElements) -> ID set to field: 
14:39:07,109 INFO  [BrowserSelenium] (initElements) -> Name set to field: 
14:39:07,110 INFO  [BrowserSelenium] (initElements) -> CSS set to field: 
14:39:07,110 INFO  [BrowserSelenium] (initElements) -> XPath set to field: //table[@id='categories']/tbody//td/a/strong
14:39:07,110 INFO  [BrowserSelenium] (initElements) -> ID set to field: 
14:39:07,110 INFO  [BrowserSelenium] (initElements) -> Name set to field: 
14:39:07,110 INFO  [BrowserSelenium] (initElements) -> CSS set to field: 
14:39:07,110 INFO  [BrowserSelenium] (initElements) -> XPath set to field: //table[@id='products']/tbody//td/a/strong
14:39:07,110 INFO  [BrowserSelenium] (initElements) -> ID set to field: 
14:39:07,111 INFO  [BrowserSelenium] (initElements) -> Name set to field: 
14:39:07,111 INFO  [BrowserSelenium] (initElements) -> CSS set to field: 
14:39:07,111 INFO  [BrowserSelenium] (initElements) -> XPath set to field: //div[@class='form-columns']/div/div/span
14:39:07,111 INFO  [BrowserSelenium] (initElements) -> ID set to field: 
14:39:07,111 INFO  [BrowserSelenium] (initElements) -> Name set to field: 
14:39:07,111 INFO  [BrowserSelenium] (initElements) -> CSS set to field: 
14:39:07,112 INFO  [BrowserSelenium] (initElements) -> XPath set to field: //div[@class='form-columns']/div/div/span
14:39:07,112 INFO  [BrowserSelenium] (initElements) -> ID set to field: 
14:39:07,112 INFO  [BrowserSelenium] (initElements) -> Name set to field: 
14:39:07,112 INFO  [BrowserSelenium] (initElements) -> CSS set to field: 
14:39:07,112 INFO  [BrowserSelenium] (initElements) -> XPath set to field: //div[@class = 'buttons']//span[text()='Save Changes']
14:39:07,112 INFO  [BrowserSelenium] (initElements) -> ID set to field: 
14:39:07,112 INFO  [BrowserSelenium] (initElements) -> Name set to field: 
14:39:07,113 INFO  [BrowserSelenium] (initElements) -> CSS set to field: 
14:39:07,113 INFO  [BrowserSelenium] (initElements) -> XPath set to field: //span[text()='Dependencies']/parent::div[@class = 'box-cards-title']/following-sibling::div[@class = 'box-card-hold']/div/table[@class = 'dataTable']
14:39:07,113 INFO  [BrowserSelenium] (initElements) -> ID set to field: 
14:39:07,113 INFO  [BrowserSelenium] (initElements) -> Name set to field: 
14:39:07,113 INFO  [BrowserSelenium] (initElements) -> CSS set to field: 
14:39:07,113 INFO  [BrowserSelenium] (initElements) -> XPath set to field: //input[contains(@data-customtooltip,'The cap on the maximum amount on the total')]
14:39:07,114 INFO  [BrowserSelenium] (initElements) -> ID set to field: assetIdentifierLabel
14:39:07,114 INFO  [BrowserSelenium] (initElements) -> Name set to field: 
14:39:07,114 INFO  [BrowserSelenium] (initElements) -> CSS set to field: 
14:39:07,114 INFO  [BrowserSelenium] (initElements) -> XPath set to field: 
14:39:07,114 INFO  [BrowserSelenium] (initElements) -> ID set to field: 
14:39:07,114 INFO  [BrowserSelenium] (initElements) -> Name set to field: 
14:39:07,114 INFO  [BrowserSelenium] (initElements) -> CSS set to field: 
14:39:07,115 INFO  [BrowserSelenium] (initElements) -> XPath set to field: //div[@class='field-name']//label//span/following::div
14:39:07,115 INFO  [BrowserSelenium] (initElements) -> ID set to field: mandatoryCheck
14:39:07,115 INFO  [BrowserSelenium] (initElements) -> Name set to field: 
14:39:07,115 INFO  [BrowserSelenium] (initElements) -> CSS set to field: 
14:39:07,115 INFO  [BrowserSelenium] (initElements) -> XPath set to field: 
14:39:07,115 INFO  [BrowserSelenium] (initElements) -> ID set to field: 
14:39:07,116 INFO  [BrowserSelenium] (initElements) -> Name set to field: 
14:39:07,116 INFO  [BrowserSelenium] (initElements) -> CSS set to field: 
14:39:07,116 INFO  [BrowserSelenium] (initElements) -> XPath set to field: //label[text()='Import Meta Field']/following::select/option
14:39:07,116 INFO  [BrowserSelenium] (initElements) -> ID set to field: 
14:39:07,116 INFO  [BrowserSelenium] (initElements) -> Name set to field: 
14:39:07,116 INFO  [BrowserSelenium] (initElements) -> CSS set to field: 
14:39:07,116 INFO  [BrowserSelenium] (initElements) -> XPath set to field: //label[text()='Default value']/following::div/input
14:39:07,117 INFO  [BrowserSelenium] (initElements) -> ID set to field: 
14:39:07,117 INFO  [BrowserSelenium] (initElements) -> Name set to field: 
14:39:07,117 INFO  [BrowserSelenium] (initElements) -> CSS set to field: 
14:39:07,117 INFO  [BrowserSelenium] (initElements) -> XPath set to field: //input[contains(@data-customtooltip,'If mediation is used this field is required.')]
14:39:07,117 INFO  [BrowserSelenium] (initElements) -> ID set to field: 
14:39:07,117 INFO  [BrowserSelenium] (initElements) -> Name set to field: 
14:39:07,117 INFO  [BrowserSelenium] (initElements) -> CSS set to field: 
14:39:07,117 INFO  [BrowserSelenium] (initElements) -> XPath set to field: //input[@data-customtooltip='This represents midnight (the beginning of a day)']
14:39:07,117 INFO  [BrowserSelenium] (initElements) -> ID set to field: 
14:39:07,118 INFO  [BrowserSelenium] (initElements) -> Name set to field: 
14:39:07,118 INFO  [BrowserSelenium] (initElements) -> CSS set to field: 
14:39:07,118 INFO  [BrowserSelenium] (initElements) -> XPath set to field: //input[@id='model.0.attribute.1.value']
14:39:07,118 INFO  [BrowserSelenium] (initElements) -> ID set to field: 
14:39:07,118 INFO  [BrowserSelenium] (initElements) -> Name set to field: 
14:39:07,118 INFO  [BrowserSelenium] (initElements) -> CSS set to field: 
14:39:07,118 INFO  [BrowserSelenium] (initElements) -> XPath set to field: //input[contains(@data-customtooltip,'This represents the range starting value')]
14:39:07,118 INFO  [BrowserSelenium] (initElements) -> ID set to field: 
14:39:07,118 INFO  [BrowserSelenium] (initElements) -> Name set to field: 
14:39:07,119 INFO  [BrowserSelenium] (initElements) -> CSS set to field: 
14:39:07,119 INFO  [BrowserSelenium] (initElements) -> XPath set to field: //input[@data-customtooltip='This is the rate for the range starting from this value(inclusive)']
14:39:07,119 INFO  [BrowserSelenium] (initElements) -> ID set to field: 
14:39:07,119 INFO  [BrowserSelenium] (initElements) -> Name set to field: 
14:39:07,119 INFO  [BrowserSelenium] (initElements) -> CSS set to field: 
14:39:07,119 INFO  [BrowserSelenium] (initElements) -> XPath set to field: //a[@onclick ='addModelAttribute(this, 0, 2)']
14:39:07,119 INFO  [BrowserSelenium] (initElements) -> ID set to field: 
14:39:07,119 INFO  [BrowserSelenium] (initElements) -> Name set to field: 
14:39:07,119 INFO  [BrowserSelenium] (initElements) -> CSS set to field: 
14:39:07,120 INFO  [BrowserSelenium] (initElements) -> XPath set to field:  //input[@name='model.0.attribute.3.name']
14:39:07,120 INFO  [BrowserSelenium] (initElements) -> ID set to field: 
14:39:07,120 INFO  [BrowserSelenium] (initElements) -> Name set to field: 
14:39:07,120 INFO  [BrowserSelenium] (initElements) -> CSS set to field: 
14:39:07,120 INFO  [BrowserSelenium] (initElements) -> XPath set to field: //input[contains(@name,'model.0.attribute.3.value')]
14:39:07,120 INFO  [BrowserSelenium] (initElements) -> ID set to field: 
14:39:07,120 INFO  [BrowserSelenium] (initElements) -> Name set to field: 
14:39:07,121 INFO  [BrowserSelenium] (initElements) -> CSS set to field: 
14:39:07,121 INFO  [BrowserSelenium] (initElements) -> XPath set to field: //a[@onclick ='addModelAttribute(this, 0, 3)']
14:39:07,121 INFO  [BrowserSelenium] (initElements) -> ID set to field: 
14:39:07,121 INFO  [BrowserSelenium] (initElements) -> Name set to field: 
14:39:07,121 INFO  [BrowserSelenium] (initElements) -> CSS set to field: 
14:39:07,122 INFO  [BrowserSelenium] (initElements) -> XPath set to field:  //input[@name='model.0.attribute.4.name']
14:39:07,122 INFO  [BrowserSelenium] (initElements) -> ID set to field: 
14:39:07,122 INFO  [BrowserSelenium] (initElements) -> Name set to field: 
14:39:07,123 INFO  [BrowserSelenium] (initElements) -> CSS set to field: 
14:39:07,123 INFO  [BrowserSelenium] (initElements) -> XPath set to field: //input[contains(@name,'model.0.attribute.4.value')]
14:39:07,123 INFO  [BrowserSelenium] (initElements) -> ID set to field: 
14:39:07,124 INFO  [BrowserSelenium] (initElements) -> Name set to field: 
14:39:07,124 INFO  [BrowserSelenium] (initElements) -> CSS set to field: 
14:39:07,124 INFO  [BrowserSelenium] (initElements) -> XPath set to field: //input[contains(@data-customtooltip,'Number of pulled products to be purchased, to be able to get this product as a bonus')]
14:39:07,124 INFO  [BrowserSelenium] (initElements) -> ID set to field: 
14:39:07,124 INFO  [BrowserSelenium] (initElements) -> Name set to field: 
14:39:07,124 INFO  [BrowserSelenium] (initElements) -> CSS set to field: 
14:39:07,124 INFO  [BrowserSelenium] (initElements) -> XPath set to field: //select[contains(@name,'model.0.attribute.1.value')]
14:39:07,124 INFO  [BrowserSelenium] (initElements) -> ID set to field: 
14:39:07,124 INFO  [BrowserSelenium] (initElements) -> Name set to field: 
14:39:07,125 INFO  [BrowserSelenium] (initElements) -> CSS set to field: 
14:39:07,125 INFO  [BrowserSelenium] (initElements) -> XPath set to field: //input[contains(@data-customtooltip,'The calculation to determine the percentage is Selection Category/Category Percent x 100')]
14:39:07,125 INFO  [BrowserSelenium] (initElements) -> ID set to field: 
14:39:07,125 INFO  [BrowserSelenium] (initElements) -> Name set to field: 
14:39:07,125 INFO  [BrowserSelenium] (initElements) -> CSS set to field: 
14:39:07,125 INFO  [BrowserSelenium] (initElements) -> XPath set to field: //input[@data-customtooltip='Pair range between percentage calculated and the ID the product added, starting from 0 percent']
14:39:07,125 INFO  [BrowserSelenium] (initElements) -> ID set to field: 
14:39:07,125 INFO  [BrowserSelenium] (initElements) -> Name set to field: 
14:39:07,125 INFO  [BrowserSelenium] (initElements) -> CSS set to field: 
14:39:07,126 INFO  [BrowserSelenium] (initElements) -> XPath set to field: //input[contains(@data-customtooltip,'Pair range between quantity of products in selected category and the ID the product added, starting from 1')]
14:39:07,126 INFO  [BrowserSelenium] (initElements) -> ID set to field: 
14:39:07,126 INFO  [BrowserSelenium] (initElements) -> Name set to field: 
14:39:07,126 INFO  [BrowserSelenium] (initElements) -> CSS set to field: 
14:39:07,126 INFO  [BrowserSelenium] (initElements) -> XPath set to field: //input[@name='model.0.attribute.1.name']
14:39:07,126 INFO  [BrowserSelenium] (initElements) -> ID set to field: 
14:39:07,126 INFO  [BrowserSelenium] (initElements) -> Name set to field: 
14:39:07,126 INFO  [BrowserSelenium] (initElements) -> CSS set to field: 
14:39:07,126 INFO  [BrowserSelenium] (initElements) -> XPath set to field: //input[@name='model.0.attribute.1.value']
14:39:07,127 INFO  [BrowserSelenium] (initElements) -> ID set to field: 
14:39:07,127 INFO  [BrowserSelenium] (initElements) -> Name set to field: 
14:39:07,127 INFO  [BrowserSelenium] (initElements) -> CSS set to field: 
14:39:07,127 INFO  [BrowserSelenium] (initElements) -> XPath set to field: //span[contains(.,'Add Chain')]
14:39:07,127 INFO  [BrowserSelenium] (initElements) -> ID set to field: 
14:39:07,127 INFO  [BrowserSelenium] (initElements) -> Name set to field: 
14:39:07,127 INFO  [BrowserSelenium] (initElements) -> CSS set to field: 
14:39:07,127 INFO  [BrowserSelenium] (initElements) -> XPath set to field: //input[contains(@data-customtooltip,'The rate of the product after the included quantity')]
14:39:07,127 INFO  [BrowserSelenium] (initElements) -> ID set to field: 
14:39:07,127 INFO  [BrowserSelenium] (initElements) -> Name set to field: 
14:39:07,128 INFO  [BrowserSelenium] (initElements) -> CSS set to field: 
14:39:07,128 INFO  [BrowserSelenium] (initElements) -> XPath set to field: //input[contains(@data-customtooltip,'Number of included products for free')]
14:39:07,128 INFO  [BrowserSelenium] (initElements) -> ID set to field: 
14:39:07,128 INFO  [BrowserSelenium] (initElements) -> Name set to field: 
14:39:07,128 INFO  [BrowserSelenium] (initElements) -> CSS set to field: 
14:39:07,128 INFO  [BrowserSelenium] (initElements) -> XPath set to field: //table[@id='categories']/tbody//strong[contains(text(),'Test category')]
14:39:07,129 INFO  [BrowserSelenium] (initElements) -> ID set to field: 
14:39:07,129 INFO  [BrowserSelenium] (initElements) -> Name set to field: 
14:39:07,129 INFO  [BrowserSelenium] (initElements) -> CSS set to field: 
14:39:07,129 INFO  [BrowserSelenium] (initElements) -> XPath set to field: //strong[text()='Lemonade']
14:39:07,129 INFO  [BrowserSelenium] (initElements) -> ID set to field: 
14:39:07,129 INFO  [BrowserSelenium] (initElements) -> Name set to field: 
14:39:07,130 INFO  [BrowserSelenium] (initElements) -> CSS set to field: 
14:39:07,130 INFO  [BrowserSelenium] (initElements) -> XPath set to field: 	//strong[text()='Coffee']
14:39:07,130 INFO  [BrowserSelenium] (initElements) -> ID set to field: 
14:39:07,130 INFO  [BrowserSelenium] (initElements) -> Name set to field: 
14:39:07,130 INFO  [BrowserSelenium] (initElements) -> CSS set to field: 
14:39:07,130 INFO  [BrowserSelenium] (initElements) -> XPath set to field: //*[@id='product.dependencyItems']/option[2]
14:39:07,130 INFO  [BrowserSelenium] (initElements) -> ID set to field: 
14:39:07,131 INFO  [BrowserSelenium] (initElements) -> Name set to field: 
14:39:07,131 INFO  [BrowserSelenium] (initElements) -> CSS set to field: 
14:39:07,131 INFO  [BrowserSelenium] (initElements) -> XPath set to field: //*[@id='save-product-form']/fieldset/div[7]/ul/li[1]/a
14:39:07,131 INFO  [BrowserSelenium] (initElements) -> ID set to field: 
14:39:07,131 INFO  [BrowserSelenium] (initElements) -> Name set to field: 
14:39:07,131 INFO  [BrowserSelenium] (initElements) -> CSS set to field: 
14:39:07,132 INFO  [BrowserSelenium] (initElements) -> XPath set to field: //table[@id='categories']/tbody/tr/td/a/strong
14:39:07,132 INFO  [BrowserSelenium] (initElements) -> ID set to field: 
14:39:07,132 INFO  [BrowserSelenium] (initElements) -> Name set to field: 
14:39:07,132 INFO  [BrowserSelenium] (initElements) -> CSS set to field: 
14:39:07,132 INFO  [BrowserSelenium] (initElements) -> XPath set to field: //table[@class='innerTable']/tbody/tr/td
14:39:07,132 INFO  [BrowserSelenium] (initElements) -> ID set to field: 
14:39:07,132 INFO  [BrowserSelenium] (initElements) -> Name set to field: 
14:39:07,132 INFO  [BrowserSelenium] (initElements) -> CSS set to field: 
14:39:07,132 INFO  [BrowserSelenium] (initElements) -> XPath set to field: //table[@class='dataTable']/tbody/tr/td
14:39:07,133 INFO  [BrowserSelenium] (initElements) -> ID set to field: 
14:39:07,133 INFO  [BrowserSelenium] (initElements) -> Name set to field: 
14:39:07,133 INFO  [BrowserSelenium] (initElements) -> CSS set to field: 
14:39:07,133 INFO  [BrowserSelenium] (initElements) -> XPath set to field: //input[@id='onePerOrder']
14:39:07,133 INFO  [BrowserSelenium] (initElements) -> ID set to field: 
14:39:07,133 INFO  [BrowserSelenium] (initElements) -> Name set to field: 
14:39:07,133 INFO  [BrowserSelenium] (initElements) -> CSS set to field: 
14:39:07,133 INFO  [BrowserSelenium] (initElements) -> XPath set to field: //input[@id='onePerCustomer']
14:39:07,133 INFO  [BrowserSelenium] (initElements) -> ID set to field: 
14:39:07,134 INFO  [BrowserSelenium] (initElements) -> Name set to field: 
14:39:07,134 INFO  [BrowserSelenium] (initElements) -> CSS set to field: 
14:39:07,134 INFO  [BrowserSelenium] (initElements) -> XPath set to field: //input[@id='product.activeSince']
14:39:07,134 INFO  [BrowserSelenium] (initElements) -> ID set to field: 
14:39:07,134 INFO  [BrowserSelenium] (initElements) -> Name set to field: 
14:39:07,134 INFO  [BrowserSelenium] (initElements) -> CSS set to field: 
14:39:07,134 INFO  [BrowserSelenium] (initElements) -> XPath set to field: //input[@id='product.activeUntil']
14:39:07,134 INFO  [BrowserSelenium] EXIT --> (initElements)
14:39:07,134 INFO  [BrowserSelenium] ENTER --> (initElements)
14:39:07,135 INFO  [BrowserSelenium] (initElements) -> ID set to field: 
14:39:07,135 INFO  [BrowserSelenium] (initElements) -> Name set to field: 
14:39:07,135 INFO  [BrowserSelenium] (initElements) -> CSS set to field: 
14:39:07,135 INFO  [BrowserSelenium] (initElements) -> XPath set to field: //table[@id='categories']/tbody//strong[contains(text(),'New Test category')]
14:39:07,135 INFO  [BrowserSelenium] (initElements) -> ID set to field: 
14:39:07,135 INFO  [BrowserSelenium] (initElements) -> Name set to field: 
14:39:07,135 INFO  [BrowserSelenium] (initElements) -> CSS set to field: 
14:39:07,135 INFO  [BrowserSelenium] (initElements) -> XPath set to field: //table[@id='categories']/tbody//strong[contains(text(),'Asset Category 1')]
14:39:07,136 INFO  [BrowserSelenium] (initElements) -> ID set to field: 
14:39:07,136 INFO  [BrowserSelenium] (initElements) -> Name set to field: 
14:39:07,136 INFO  [BrowserSelenium] (initElements) -> CSS set to field: 
14:39:07,136 INFO  [BrowserSelenium] (initElements) -> XPath set to field: //span[text()='Add Product']
14:39:07,136 INFO  [BrowserSelenium] (initElements) -> ID set to field: 
14:39:07,137 INFO  [BrowserSelenium] (initElements) -> Name set to field: 
14:39:07,137 INFO  [BrowserSelenium] (initElements) -> CSS set to field: 
14:39:07,137 INFO  [BrowserSelenium] (initElements) -> XPath set to field: //select[@id='newDescriptionLanguage']
14:39:07,137 INFO  [BrowserSelenium] (initElements) -> ID set to field: 
14:39:07,138 INFO  [BrowserSelenium] (initElements) -> Name set to field: 
14:39:07,138 INFO  [BrowserSelenium] (initElements) -> CSS set to field: 
14:39:07,138 INFO  [BrowserSelenium] (initElements) -> XPath set to field: //a[@onclick='addNewProductDescription()']
14:39:07,138 INFO  [BrowserSelenium] (initElements) -> ID set to field: 
14:39:07,138 INFO  [BrowserSelenium] (initElements) -> Name set to field: 
14:39:07,139 INFO  [BrowserSelenium] (initElements) -> CSS set to field: 
14:39:07,139 INFO  [BrowserSelenium] (initElements) -> XPath set to field: //label[contains(text(),'English Description')]/../div/input[1]
14:39:07,139 INFO  [BrowserSelenium] (initElements) -> ID set to field: 
14:39:07,139 INFO  [BrowserSelenium] (initElements) -> Name set to field: 
14:39:07,140 INFO  [BrowserSelenium] (initElements) -> CSS set to field: 
14:39:07,140 INFO  [BrowserSelenium] (initElements) -> XPath set to field: //input[@id='product.number']
14:39:07,140 INFO  [BrowserSelenium] (initElements) -> ID set to field: 
14:39:07,140 INFO  [BrowserSelenium] (initElements) -> Name set to field: 
14:39:07,140 INFO  [BrowserSelenium] (initElements) -> CSS set to field: 
14:39:07,140 INFO  [BrowserSelenium] (initElements) -> XPath set to field: //input[@id='product.standardAvailability']
14:39:07,141 INFO  [BrowserSelenium] (initElements) -> ID set to field: 
14:39:07,141 INFO  [BrowserSelenium] (initElements) -> Name set to field: 
14:39:07,141 INFO  [BrowserSelenium] (initElements) -> CSS set to field: 
14:39:07,141 INFO  [BrowserSelenium] (initElements) -> XPath set to field: //select[@id='product.accountTypes']
14:39:07,141 INFO  [BrowserSelenium] (initElements) -> ID set to field: 
14:39:07,142 INFO  [BrowserSelenium] (initElements) -> Name set to field: 
14:39:07,142 INFO  [BrowserSelenium] (initElements) -> CSS set to field: 
14:39:07,142 INFO  [BrowserSelenium] (initElements) -> XPath set to field: //select[@class='model-type toolTipElement']
14:39:07,143 INFO  [BrowserSelenium] (initElements) -> ID set to field: 
14:39:07,143 INFO  [BrowserSelenium] (initElements) -> Name set to field: 
14:39:07,143 INFO  [BrowserSelenium] (initElements) -> CSS set to field: 
14:39:07,143 INFO  [BrowserSelenium] (initElements) -> XPath set to field: //input[@id='model.0.rateAsDecimal']
14:39:07,143 INFO  [BrowserSelenium] (initElements) -> ID set to field: 
14:39:07,143 INFO  [BrowserSelenium] (initElements) -> Name set to field: 
14:39:07,144 INFO  [BrowserSelenium] (initElements) -> CSS set to field: 
14:39:07,144 INFO  [BrowserSelenium] (initElements) -> XPath set to field: //select[@id='model.0.currencyId']
14:39:07,144 INFO  [BrowserSelenium] (initElements) -> ID set to field: 
14:39:07,144 INFO  [BrowserSelenium] (initElements) -> Name set to field: 
14:39:07,144 INFO  [BrowserSelenium] (initElements) -> CSS set to field: 
14:39:07,144 INFO  [BrowserSelenium] (initElements) -> XPath set to field: //span[text()='Save Changes']
14:39:07,145 INFO  [BrowserSelenium] (initElements) -> ID set to field: 
14:39:07,145 INFO  [BrowserSelenium] (initElements) -> Name set to field: 
14:39:07,145 INFO  [BrowserSelenium] (initElements) -> CSS set to field: 
14:39:07,145 INFO  [BrowserSelenium] (initElements) -> XPath set to field: //span[text()='Cancel']
14:39:07,145 INFO  [BrowserSelenium] (initElements) -> ID set to field: 
14:39:07,145 INFO  [BrowserSelenium] (initElements) -> Name set to field: 
14:39:07,145 INFO  [BrowserSelenium] (initElements) -> CSS set to field: 
14:39:07,146 INFO  [BrowserSelenium] (initElements) -> XPath set to field: //table[@id='products']/tbody//strong[contains(text(),'Test Code Description')]
14:39:07,146 INFO  [BrowserSelenium] (initElements) -> ID set to field: 
14:39:07,146 INFO  [BrowserSelenium] (initElements) -> Name set to field: 
14:39:07,146 INFO  [BrowserSelenium] (initElements) -> CSS set to field: 
14:39:07,146 INFO  [BrowserSelenium] (initElements) -> XPath set to field: //a[@class='submit edit']
14:39:07,146 INFO  [BrowserSelenium] (initElements) -> ID set to field: 
14:39:07,146 INFO  [BrowserSelenium] (initElements) -> Name set to field: 
14:39:07,147 INFO  [BrowserSelenium] (initElements) -> CSS set to field: 
14:39:07,147 INFO  [BrowserSelenium] (initElements) -> XPath set to field: //input[@id='product.standardPartnerPercentageAsDecimal']
14:39:07,147 INFO  [BrowserSelenium] (initElements) -> ID set to field: 
14:39:07,147 INFO  [BrowserSelenium] (initElements) -> Name set to field: 
14:39:07,147 INFO  [BrowserSelenium] (initElements) -> CSS set to field: 
14:39:07,147 INFO  [BrowserSelenium] (initElements) -> XPath set to field: //input[@id='product.masterPartnerPercentageAsDecimal']
14:39:07,148 INFO  [BrowserSelenium] (initElements) -> ID set to field: 
14:39:07,148 INFO  [BrowserSelenium] (initElements) -> Name set to field: 
14:39:07,148 INFO  [BrowserSelenium] (initElements) -> CSS set to field: 
14:39:07,148 INFO  [BrowserSelenium] (initElements) -> XPath set to field: //input[@id='plg-parm-provisionable_order_change_status_id']
14:39:07,148 INFO  [BrowserSelenium] (initElements) -> ID set to field: 
14:39:07,148 INFO  [BrowserSelenium] (initElements) -> Name set to field: 
14:39:07,148 INFO  [BrowserSelenium] (initElements) -> CSS set to field: 
14:39:07,149 INFO  [BrowserSelenium] (initElements) -> XPath set to field: //select[@id='company-select']
14:39:07,149 INFO  [BrowserSelenium] (initElements) -> ID set to field: 
14:39:07,149 INFO  [BrowserSelenium] (initElements) -> Name set to field: 
14:39:07,149 INFO  [BrowserSelenium] (initElements) -> CSS set to field: 
14:39:07,149 INFO  [BrowserSelenium] (initElements) -> XPath set to field: //ul[@class='top-nav']/li[1]
14:39:07,149 INFO  [BrowserSelenium] (initElements) -> ID set to field: 
14:39:07,149 INFO  [BrowserSelenium] (initElements) -> Name set to field: 
14:39:07,150 INFO  [BrowserSelenium] (initElements) -> CSS set to field: 
14:39:07,150 INFO  [BrowserSelenium] (initElements) -> XPath set to field: //div[@class='heading']//strong[contains(text(),'Add Product Category')]
14:39:07,150 INFO  [BrowserSelenium] (initElements) -> ID set to field: 
14:39:07,150 INFO  [BrowserSelenium] (initElements) -> Name set to field: 
14:39:07,150 INFO  [BrowserSelenium] (initElements) -> CSS set to field: 
14:39:07,150 INFO  [BrowserSelenium] (initElements) -> XPath set to field: //span[text()='Add Category']
14:39:07,151 INFO  [BrowserSelenium] (initElements) -> ID set to field: 
14:39:07,151 INFO  [BrowserSelenium] (initElements) -> Name set to field: 
14:39:07,151 INFO  [BrowserSelenium] (initElements) -> CSS set to field: 
14:39:07,151 INFO  [BrowserSelenium] (initElements) -> XPath set to field: //select[@id='orderLineTypeId']//option
14:39:07,151 INFO  [BrowserSelenium] (initElements) -> ID set to field: 
14:39:07,151 INFO  [BrowserSelenium] (initElements) -> Name set to field: 
14:39:07,151 INFO  [BrowserSelenium] (initElements) -> CSS set to field: 
14:39:07,152 INFO  [BrowserSelenium] (initElements) -> XPath set to field: //select[@id='parentItemTypeId']/option
14:39:07,152 INFO  [BrowserSelenium] (initElements) -> ID set to field: 
14:39:07,152 INFO  [BrowserSelenium] (initElements) -> Name set to field: 
14:39:07,152 INFO  [BrowserSelenium] (initElements) -> CSS set to field: 
14:39:07,152 INFO  [BrowserSelenium] (initElements) -> XPath set to field: //input[@id='description']
14:39:07,152 INFO  [BrowserSelenium] (initElements) -> ID set to field: 
14:39:07,153 INFO  [BrowserSelenium] (initElements) -> Name set to field: 
14:39:07,153 INFO  [BrowserSelenium] (initElements) -> CSS set to field: 
14:39:07,153 INFO  [BrowserSelenium] (initElements) -> XPath set to field: //a[@class='submit save']//span[contains(text(),'Save Changes')]
14:39:07,153 INFO  [BrowserSelenium] (initElements) -> ID set to field: 
14:39:07,153 INFO  [BrowserSelenium] (initElements) -> Name set to field: 
14:39:07,154 INFO  [BrowserSelenium] (initElements) -> CSS set to field: 
14:39:07,154 INFO  [BrowserSelenium] (initElements) -> XPath set to field: //span[text()='Edit']
14:39:07,154 INFO  [BrowserSelenium] (initElements) -> ID set to field: 
14:39:07,154 INFO  [BrowserSelenium] (initElements) -> Name set to field: 
14:39:07,155 INFO  [BrowserSelenium] (initElements) -> CSS set to field: 
14:39:07,155 INFO  [BrowserSelenium] (initElements) -> XPath set to field: //input[@id='allowAssetManagement']
14:39:07,155 INFO  [BrowserSelenium] (initElements) -> ID set to field: 
14:39:07,155 INFO  [BrowserSelenium] (initElements) -> Name set to field: 
14:39:07,155 INFO  [BrowserSelenium] (initElements) -> CSS set to field: 
14:39:07,155 INFO  [BrowserSelenium] (initElements) -> XPath set to field: //span[text()='Asset Statuses']
14:39:07,156 INFO  [BrowserSelenium] (initElements) -> ID set to field: 
14:39:07,156 INFO  [BrowserSelenium] (initElements) -> Name set to field: 
14:39:07,156 INFO  [BrowserSelenium] (initElements) -> CSS set to field: 
14:39:07,156 INFO  [BrowserSelenium] (initElements) -> XPath set to field: //input[@id='lastStatusName']
14:39:07,157 INFO  [BrowserSelenium] (initElements) -> ID set to field: 
14:39:07,157 INFO  [BrowserSelenium] (initElements) -> Name set to field: 
14:39:07,157 INFO  [BrowserSelenium] (initElements) -> CSS set to field: 
14:39:07,157 INFO  [BrowserSelenium] (initElements) -> XPath set to field: //th[contains(text(),'Available')]/following::tbody/tr[1]/td[2]/input[@type='checkbox']
14:39:07,157 INFO  [BrowserSelenium] (initElements) -> ID set to field: 
14:39:07,157 INFO  [BrowserSelenium] (initElements) -> Name set to field: 
14:39:07,157 INFO  [BrowserSelenium] (initElements) -> CSS set to field: 
14:39:07,158 INFO  [BrowserSelenium] (initElements) -> XPath set to field: //th[contains(text(),'Available')]/following::tbody/tr[1]/td[3]/input[@type='checkbox']
14:39:07,158 INFO  [BrowserSelenium] (initElements) -> ID set to field: 
14:39:07,158 INFO  [BrowserSelenium] (initElements) -> Name set to field: 
14:39:07,158 INFO  [BrowserSelenium] (initElements) -> CSS set to field: 
14:39:07,158 INFO  [BrowserSelenium] (initElements) -> XPath set to field: //th[contains(text(),'Available')]/following::tbody/tr[2]/td[4]/input[@type='checkbox']
14:39:07,158 INFO  [BrowserSelenium] (initElements) -> ID set to field: 
14:39:07,159 INFO  [BrowserSelenium] (initElements) -> Name set to field: 
14:39:07,159 INFO  [BrowserSelenium] (initElements) -> CSS set to field: 
14:39:07,159 INFO  [BrowserSelenium] (initElements) -> XPath set to field: //tr[@id='lastStatus']/td[5]/a/img
14:39:07,159 INFO  [BrowserSelenium] (initElements) -> ID set to field: 
14:39:07,159 INFO  [BrowserSelenium] (initElements) -> Name set to field: 
14:39:07,159 INFO  [BrowserSelenium] (initElements) -> CSS set to field: 
14:39:07,159 INFO  [BrowserSelenium] (initElements) -> XPath set to field: //div[@id='assetMetaFields']/div[2]/div[1]/span[1]/a/img
14:39:07,160 INFO  [BrowserSelenium] (initElements) -> ID set to field: 
14:39:07,160 INFO  [BrowserSelenium] (initElements) -> Name set to field: 
14:39:07,160 INFO  [BrowserSelenium] (initElements) -> CSS set to field: 
14:39:07,160 INFO  [BrowserSelenium] (initElements) -> XPath set to field: //input[@id='metaField2.name']
14:39:07,160 INFO  [BrowserSelenium] (initElements) -> ID set to field: 
14:39:07,160 INFO  [BrowserSelenium] (initElements) -> Name set to field: 
14:39:07,160 INFO  [BrowserSelenium] (initElements) -> CSS set to field: 
14:39:07,161 INFO  [BrowserSelenium] (initElements) -> XPath set to field: //table[@id='categories']/tbody/tr[1]/td/a/strong
14:39:07,161 INFO  [BrowserSelenium] (initElements) -> ID set to field: 
14:39:07,161 INFO  [BrowserSelenium] (initElements) -> Name set to field: 
14:39:07,161 INFO  [BrowserSelenium] (initElements) -> CSS set to field: 
14:39:07,161 INFO  [BrowserSelenium] (initElements) -> XPath set to field: //ul[@class='top-nav']/li[1]
14:39:07,161 INFO  [BrowserSelenium] (initElements) -> ID set to field: 
14:39:07,162 INFO  [BrowserSelenium] (initElements) -> Name set to field: 
14:39:07,162 INFO  [BrowserSelenium] (initElements) -> CSS set to field: 
14:39:07,162 INFO  [BrowserSelenium] (initElements) -> XPath set to field: //select[@id = 'parentItemTypeId']
14:39:07,162 INFO  [BrowserSelenium] (initElements) -> ID set to field: 
14:39:07,162 INFO  [BrowserSelenium] (initElements) -> Name set to field: 
14:39:07,162 INFO  [BrowserSelenium] (initElements) -> CSS set to field: 
14:39:07,162 INFO  [BrowserSelenium] (initElements) -> XPath set to field: //div[@class='menu-items']/ul/li-->>{TXT}Plug-ins{TXT}
14:39:07,163 INFO  [BrowserSelenium] (initElements) -> ID set to field: 
14:39:07,163 INFO  [BrowserSelenium] (initElements) -> Name set to field: 
14:39:07,163 INFO  [BrowserSelenium] (initElements) -> CSS set to field: 
14:39:07,163 INFO  [BrowserSelenium] (initElements) -> XPath set to field: //strong[contains(text(),'Generic internal events listener')]
14:39:07,163 INFO  [BrowserSelenium] (initElements) -> ID set to field: 
14:39:07,163 INFO  [BrowserSelenium] (initElements) -> Name set to field: 
14:39:07,163 INFO  [BrowserSelenium] (initElements) -> CSS set to field: 
14:39:07,164 INFO  [BrowserSelenium] (initElements) -> XPath set to field: //span[text()='Add New']
14:39:07,164 INFO  [BrowserSelenium] (initElements) -> ID set to field: 
14:39:07,164 INFO  [BrowserSelenium] (initElements) -> Name set to field: 
14:39:07,164 INFO  [BrowserSelenium] (initElements) -> CSS set to field: 
14:39:07,164 INFO  [BrowserSelenium] (initElements) -> XPath set to field: //select[@id='typeId']
14:39:07,164 INFO  [BrowserSelenium] (initElements) -> ID set to field: 
14:39:07,164 INFO  [BrowserSelenium] (initElements) -> Name set to field: 
14:39:07,164 INFO  [BrowserSelenium] (initElements) -> CSS set to field: 
14:39:07,164 INFO  [BrowserSelenium] (initElements) -> XPath set to field: //input[@id='processingOrder']
14:39:07,165 INFO  [BrowserSelenium] (initElements) -> ID set to field: 
14:39:07,165 INFO  [BrowserSelenium] (initElements) -> Name set to field: 
14:39:07,165 INFO  [BrowserSelenium] (initElements) -> CSS set to field: 
14:39:07,165 INFO  [BrowserSelenium] (initElements) -> XPath set to field: //span[text()='Save Plug-in']
14:39:07,165 INFO  [BrowserSelenium] (initElements) -> ID set to field: 
14:39:07,165 INFO  [BrowserSelenium] (initElements) -> Name set to field: 
14:39:07,165 INFO  [BrowserSelenium] (initElements) -> CSS set to field: 
14:39:07,165 INFO  [BrowserSelenium] (initElements) -> XPath set to field: //div[@id='assetManagementEnabledDiv']/div/input[2]
14:39:07,165 INFO  [BrowserSelenium] (initElements) -> ID set to field: 
14:39:07,166 INFO  [BrowserSelenium] (initElements) -> Name set to field: 
14:39:07,166 INFO  [BrowserSelenium] (initElements) -> CSS set to field: 
14:39:07,166 INFO  [BrowserSelenium] (initElements) -> XPath set to field: //span[text()='Add Asset']
14:39:07,166 INFO  [BrowserSelenium] (initElements) -> ID set to field: 
14:39:07,166 INFO  [BrowserSelenium] (initElements) -> Name set to field: 
14:39:07,166 INFO  [BrowserSelenium] (initElements) -> CSS set to field: 
14:39:07,166 INFO  [BrowserSelenium] (initElements) -> XPath set to field: //span[text()='Add New']
14:39:07,166 INFO  [BrowserSelenium] (initElements) -> ID set to field: 
14:39:07,166 INFO  [BrowserSelenium] (initElements) -> Name set to field: 
14:39:07,166 INFO  [BrowserSelenium] (initElements) -> CSS set to field: 
14:39:07,167 INFO  [BrowserSelenium] (initElements) -> XPath set to field: //input[@id='identifier']
14:39:07,167 INFO  [BrowserSelenium] (initElements) -> ID set to field: 
14:39:07,167 INFO  [BrowserSelenium] (initElements) -> Name set to field: 
14:39:07,167 INFO  [BrowserSelenium] (initElements) -> CSS set to field: 
14:39:07,167 INFO  [BrowserSelenium] (initElements) -> XPath set to field: //span[text()='Save Changes']
14:39:07,167 INFO  [BrowserSelenium] (initElements) -> ID set to field: 
14:39:07,167 INFO  [BrowserSelenium] (initElements) -> Name set to field: 
14:39:07,167 INFO  [BrowserSelenium] (initElements) -> CSS set to field: 
14:39:07,167 INFO  [BrowserSelenium] (initElements) -> XPath set to field: //strong[contains(text(),'Agent Commission Calculation Process.')]
14:39:07,168 INFO  [BrowserSelenium] (initElements) -> ID set to field: 
14:39:07,168 INFO  [BrowserSelenium] (initElements) -> Name set to field: 
14:39:07,168 INFO  [BrowserSelenium] (initElements) -> CSS set to field: 
14:39:07,168 INFO  [BrowserSelenium] (initElements) -> XPath set to field: //input[@id='description']
14:39:07,168 INFO  [BrowserSelenium] (initElements) -> ID set to field: 
14:39:07,168 INFO  [BrowserSelenium] (initElements) -> Name set to field: 
14:39:07,168 INFO  [BrowserSelenium] (initElements) -> CSS set to field: 
14:39:07,168 INFO  [BrowserSelenium] (initElements) -> XPath set to field: //span[text()='Save Changes']
14:39:07,169 INFO  [BrowserSelenium] (initElements) -> ID set to field: 
14:39:07,169 INFO  [BrowserSelenium] (initElements) -> Name set to field: 
14:39:07,169 INFO  [BrowserSelenium] (initElements) -> CSS set to field: 
14:39:07,169 INFO  [BrowserSelenium] (initElements) -> XPath set to field: //label[text()='Included Quantity']/../div/input[2]
14:39:07,169 INFO  [BrowserSelenium] (initElements) -> ID set to field: 
14:39:07,169 INFO  [BrowserSelenium] (initElements) -> Name set to field: 
14:39:07,169 INFO  [BrowserSelenium] (initElements) -> CSS set to field: 
14:39:07,169 INFO  [BrowserSelenium] (initElements) -> XPath set to field: //span[text()='Dependencies']
14:39:07,169 INFO  [BrowserSelenium] (initElements) -> ID set to field: 
14:39:07,169 INFO  [BrowserSelenium] (initElements) -> Name set to field: 
14:39:07,170 INFO  [BrowserSelenium] (initElements) -> CSS set to field: 
14:39:07,170 INFO  [BrowserSelenium] (initElements) -> XPath set to field: //select[@id='product.dependencyItemTypes']
14:39:07,170 INFO  [BrowserSelenium] (initElements) -> ID set to field: 
14:39:07,170 INFO  [BrowserSelenium] (initElements) -> Name set to field: 
14:39:07,170 INFO  [BrowserSelenium] (initElements) -> CSS set to field: 
14:39:07,170 INFO  [BrowserSelenium] (initElements) -> XPath set to field: //select[@id='product.dependencyItems']
14:39:07,171 INFO  [BrowserSelenium] (initElements) -> ID set to field: 
14:39:07,171 INFO  [BrowserSelenium] (initElements) -> Name set to field: 
14:39:07,171 INFO  [BrowserSelenium] (initElements) -> CSS set to field: 
14:39:07,172 INFO  [BrowserSelenium] (initElements) -> XPath set to field: //img[@alt='Add']
14:39:07,172 INFO  [BrowserSelenium] (initElements) -> ID set to field: 
14:39:07,172 INFO  [BrowserSelenium] (initElements) -> Name set to field: 
14:39:07,172 INFO  [BrowserSelenium] (initElements) -> CSS set to field: 
14:39:07,173 INFO  [BrowserSelenium] (initElements) -> XPath set to field: //table[@id='users']/tbody/tr/td/a/strong
14:39:07,173 INFO  [BrowserSelenium] (initElements) -> ID set to field: 
14:39:07,173 INFO  [BrowserSelenium] (initElements) -> Name set to field: 
14:39:07,173 INFO  [BrowserSelenium] (initElements) -> CSS set to field: 
14:39:07,173 INFO  [BrowserSelenium] (initElements) -> XPath set to field: //table[@id='categories']
14:39:07,173 INFO  [BrowserSelenium] (initElements) -> ID set to field: 
14:39:07,173 INFO  [BrowserSelenium] (initElements) -> Name set to field: 
14:39:07,173 INFO  [BrowserSelenium] (initElements) -> CSS set to field: 
14:39:07,173 INFO  [BrowserSelenium] (initElements) -> XPath set to field: //table[@id='products']
14:39:07,174 INFO  [BrowserSelenium] (initElements) -> ID set to field: 
14:39:07,174 INFO  [BrowserSelenium] (initElements) -> Name set to field: 
14:39:07,174 INFO  [BrowserSelenium] (initElements) -> CSS set to field: 
14:39:07,174 INFO  [BrowserSelenium] (initElements) -> XPath set to field: //table[@id='categories']/tbody/tr/td/a/strong
14:39:07,174 INFO  [BrowserSelenium] (initElements) -> ID set to field: 
14:39:07,174 INFO  [BrowserSelenium] (initElements) -> Name set to field: 
14:39:07,174 INFO  [BrowserSelenium] (initElements) -> CSS set to field: 
14:39:07,174 INFO  [BrowserSelenium] (initElements) -> XPath set to field: //table[@id='products']/tbody/tr/td/a/strong
14:39:07,174 INFO  [BrowserSelenium] (initElements) -> ID set to field: 
14:39:07,175 INFO  [BrowserSelenium] (initElements) -> Name set to field: 
14:39:07,175 INFO  [BrowserSelenium] (initElements) -> CSS set to field: 
14:39:07,175 INFO  [BrowserSelenium] (initElements) -> XPath set to field: 
14:39:07,175 INFO  [BrowserSelenium] (initElements) -> ID set to field: 
14:39:07,175 INFO  [BrowserSelenium] (initElements) -> Name set to field: 
14:39:07,175 INFO  [BrowserSelenium] (initElements) -> CSS set to field: 
14:39:07,175 INFO  [BrowserSelenium] (initElements) -> XPath set to field: 
14:39:07,175 INFO  [BrowserSelenium] (initElements) -> ID set to field: 
14:39:07,175 INFO  [BrowserSelenium] (initElements) -> Name set to field: 
14:39:07,175 INFO  [BrowserSelenium] (initElements) -> CSS set to field: 
14:39:07,176 INFO  [BrowserSelenium] (initElements) -> XPath set to field: //span[text()='Delete']
14:39:07,176 INFO  [BrowserSelenium] (initElements) -> ID set to field: 
14:39:07,176 INFO  [BrowserSelenium] (initElements) -> Name set to field: 
14:39:07,176 INFO  [BrowserSelenium] (initElements) -> CSS set to field: 
14:39:07,176 INFO  [BrowserSelenium] (initElements) -> XPath set to field: //button/span[text()='Yes']
14:39:07,176 INFO  [BrowserSelenium] (initElements) -> ID set to field: 
14:39:07,176 INFO  [BrowserSelenium] (initElements) -> Name set to field: 
14:39:07,176 INFO  [BrowserSelenium] (initElements) -> CSS set to field: 
14:39:07,176 INFO  [BrowserSelenium] (initElements) -> XPath set to field: //span[contains(text(),'Add Category')]
14:39:07,177 INFO  [BrowserSelenium] (initElements) -> ID set to field: 
14:39:07,177 INFO  [BrowserSelenium] (initElements) -> Name set to field: 
14:39:07,177 INFO  [BrowserSelenium] (initElements) -> CSS set to field: 
14:39:07,177 INFO  [BrowserSelenium] (initElements) -> XPath set to field: 
14:39:07,177 INFO  [BrowserSelenium] (initElements) -> ID set to field: 
14:39:07,177 INFO  [BrowserSelenium] (initElements) -> Name set to field: 
14:39:07,177 INFO  [BrowserSelenium] (initElements) -> CSS set to field: 
14:39:07,177 INFO  [BrowserSelenium] (initElements) -> XPath set to field: 
14:39:07,177 INFO  [BrowserSelenium] (initElements) -> ID set to field: 
14:39:07,178 INFO  [BrowserSelenium] (initElements) -> Name set to field: 
14:39:07,178 INFO  [BrowserSelenium] (initElements) -> CSS set to field: 
14:39:07,178 INFO  [BrowserSelenium] (initElements) -> XPath set to field: 
14:39:07,178 INFO  [BrowserSelenium] (initElements) -> ID set to field: 
14:39:07,178 INFO  [BrowserSelenium] (initElements) -> Name set to field: 
14:39:07,178 INFO  [BrowserSelenium] (initElements) -> CSS set to field: 
14:39:07,178 INFO  [BrowserSelenium] (initElements) -> XPath set to field: 
14:39:07,178 INFO  [BrowserSelenium] (initElements) -> ID set to field: 
14:39:07,178 INFO  [BrowserSelenium] (initElements) -> Name set to field: 
14:39:07,179 INFO  [BrowserSelenium] (initElements) -> CSS set to field: 
14:39:07,179 INFO  [BrowserSelenium] (initElements) -> XPath set to field: //div[@id='breadcrumbs']
14:39:07,179 INFO  [BrowserSelenium] (initElements) -> ID set to field: global-checkbox
14:39:07,179 INFO  [BrowserSelenium] (initElements) -> Name set to field: 
14:39:07,179 INFO  [BrowserSelenium] (initElements) -> CSS set to field: 
14:39:07,179 INFO  [BrowserSelenium] (initElements) -> XPath set to field: 
14:39:07,179 INFO  [BrowserSelenium] (initElements) -> ID set to field: allowAssetManagement
14:39:07,179 INFO  [BrowserSelenium] (initElements) -> Name set to field: 
14:39:07,179 INFO  [BrowserSelenium] (initElements) -> CSS set to field: 
14:39:07,179 INFO  [BrowserSelenium] (initElements) -> XPath set to field: 
14:39:07,180 INFO  [BrowserSelenium] (initElements) -> ID set to field: lastStatusAvailable
14:39:07,180 INFO  [BrowserSelenium] (initElements) -> Name set to field: 
14:39:07,180 INFO  [BrowserSelenium] (initElements) -> CSS set to field: 
14:39:07,180 INFO  [BrowserSelenium] (initElements) -> XPath set to field: 
14:39:07,180 INFO  [BrowserSelenium] (initElements) -> ID set to field: 
14:39:07,180 INFO  [BrowserSelenium] (initElements) -> Name set to field: 
14:39:07,180 INFO  [BrowserSelenium] (initElements) -> CSS set to field: 
14:39:07,180 INFO  [BrowserSelenium] (initElements) -> XPath set to field: //*[@id='lastStatus']/td[5]/a/img
14:39:07,180 INFO  [BrowserSelenium] (initElements) -> ID set to field: lastStatusOrderSaved
14:39:07,181 INFO  [BrowserSelenium] (initElements) -> Name set to field: 
14:39:07,181 INFO  [BrowserSelenium] (initElements) -> CSS set to field: 
14:39:07,181 INFO  [BrowserSelenium] (initElements) -> XPath set to field: 
14:39:07,181 INFO  [BrowserSelenium] (initElements) -> ID set to field: description
14:39:07,181 INFO  [BrowserSelenium] (initElements) -> Name set to field: 
14:39:07,181 INFO  [BrowserSelenium] (initElements) -> CSS set to field: 
14:39:07,181 INFO  [BrowserSelenium] (initElements) -> XPath set to field: 
14:39:07,181 INFO  [BrowserSelenium] (initElements) -> ID set to field: 
14:39:07,181 INFO  [BrowserSelenium] (initElements) -> Name set to field: 
14:39:07,182 INFO  [BrowserSelenium] (initElements) -> CSS set to field: 
14:39:07,182 INFO  [BrowserSelenium] (initElements) -> XPath set to field: //span[contains(text(), 'Save Changes')]
14:39:07,182 INFO  [BrowserSelenium] (initElements) -> ID set to field: lastStatusDefault
14:39:07,182 INFO  [BrowserSelenium] (initElements) -> Name set to field: 
14:39:07,182 INFO  [BrowserSelenium] (initElements) -> CSS set to field: 
14:39:07,182 INFO  [BrowserSelenium] (initElements) -> XPath set to field: 
14:39:07,182 INFO  [BrowserSelenium] (initElements) -> ID set to field: 
14:39:07,182 INFO  [BrowserSelenium] (initElements) -> Name set to field: 
14:39:07,182 INFO  [BrowserSelenium] (initElements) -> CSS set to field: 
14:39:07,182 INFO  [BrowserSelenium] (initElements) -> XPath set to field: //span[contains(text(),'Add Product')]
14:39:07,183 INFO  [BrowserSelenium] (initElements) -> ID set to field: 
14:39:07,183 INFO  [BrowserSelenium] (initElements) -> Name set to field: 
14:39:07,183 INFO  [BrowserSelenium] (initElements) -> CSS set to field: 
14:39:07,183 INFO  [BrowserSelenium] (initElements) -> XPath set to field: //*[@id='addDescription']/div/a/img
14:39:07,183 INFO  [BrowserSelenium] (initElements) -> ID set to field: product.descriptions[1].content
14:39:07,183 INFO  [BrowserSelenium] (initElements) -> Name set to field: 
14:39:07,184 INFO  [BrowserSelenium] (initElements) -> CSS set to field: 
14:39:07,184 INFO  [BrowserSelenium] (initElements) -> XPath set to field: 
14:39:07,184 INFO  [BrowserSelenium] (initElements) -> ID set to field: product.number
14:39:07,184 INFO  [BrowserSelenium] (initElements) -> Name set to field: 
14:39:07,184 INFO  [BrowserSelenium] (initElements) -> CSS set to field: 
14:39:07,184 INFO  [BrowserSelenium] (initElements) -> XPath set to field: 
14:39:07,184 INFO  [BrowserSelenium] (initElements) -> ID set to field: newDescriptionLanguage
14:39:07,185 INFO  [BrowserSelenium] (initElements) -> Name set to field: 
14:39:07,185 INFO  [BrowserSelenium] (initElements) -> CSS set to field: 
14:39:07,185 INFO  [BrowserSelenium] (initElements) -> XPath set to field: 
14:39:07,185 INFO  [BrowserSelenium] (initElements) -> ID set to field: 
14:39:07,185 INFO  [BrowserSelenium] (initElements) -> Name set to field: 
14:39:07,186 INFO  [BrowserSelenium] (initElements) -> CSS set to field: 
14:39:07,186 INFO  [BrowserSelenium] (initElements) -> XPath set to field: //input[@id='assetManagementEnabled']
14:39:07,186 INFO  [BrowserSelenium] (initElements) -> ID set to field: model.0.type
14:39:07,186 INFO  [BrowserSelenium] (initElements) -> Name set to field: 
14:39:07,186 INFO  [BrowserSelenium] (initElements) -> CSS set to field: 
14:39:07,186 INFO  [BrowserSelenium] (initElements) -> XPath set to field: 
14:39:07,187 INFO  [BrowserSelenium] (initElements) -> ID set to field: model.0.rateAsDecimal
14:39:07,187 INFO  [BrowserSelenium] (initElements) -> Name set to field: 
14:39:07,187 INFO  [BrowserSelenium] (initElements) -> CSS set to field: 
14:39:07,187 INFO  [BrowserSelenium] (initElements) -> XPath set to field: 
14:39:07,188 INFO  [BrowserSelenium] (initElements) -> ID set to field: product.priceModelCompanyId
14:39:07,188 INFO  [BrowserSelenium] (initElements) -> Name set to field: 
14:39:07,188 INFO  [BrowserSelenium] (initElements) -> CSS set to field: 
14:39:07,188 INFO  [BrowserSelenium] (initElements) -> XPath set to field: 
14:39:07,188 INFO  [BrowserSelenium] (initElements) -> ID set to field: 
14:39:07,189 INFO  [BrowserSelenium] (initElements) -> Name set to field: 
14:39:07,189 INFO  [BrowserSelenium] (initElements) -> CSS set to field: 
14:39:07,189 INFO  [BrowserSelenium] (initElements) -> XPath set to field: //span[contains(text(),'Add Asset')]
14:39:07,189 INFO  [BrowserSelenium] (initElements) -> ID set to field: 
14:39:07,189 INFO  [BrowserSelenium] (initElements) -> Name set to field: 
14:39:07,190 INFO  [BrowserSelenium] (initElements) -> CSS set to field: 
14:39:07,190 INFO  [BrowserSelenium] (initElements) -> XPath set to field: //span[contains(text(),'Add New')]
14:39:07,190 INFO  [BrowserSelenium] (initElements) -> ID set to field: 
14:39:07,190 INFO  [BrowserSelenium] (initElements) -> Name set to field: 
14:39:07,190 INFO  [BrowserSelenium] (initElements) -> CSS set to field: 
14:39:07,190 INFO  [BrowserSelenium] (initElements) -> XPath set to field: //th[text()='Name']/following::tbody/tr[1]/td/input[@type='text']
14:39:07,191 INFO  [BrowserSelenium] (initElements) -> ID set to field: 
14:39:07,191 INFO  [BrowserSelenium] (initElements) -> Name set to field: 
14:39:07,191 INFO  [BrowserSelenium] (initElements) -> CSS set to field: 
14:39:07,191 INFO  [BrowserSelenium] (initElements) -> XPath set to field: //th[text()='Name']/following::tbody/tr[contains(@id,'lastStatus')]//td//input[@type='text']
14:39:07,191 INFO  [BrowserSelenium] (initElements) -> ID set to field: 
14:39:07,191 INFO  [BrowserSelenium] (initElements) -> Name set to field: 
14:39:07,191 INFO  [BrowserSelenium] (initElements) -> CSS set to field: 
14:39:07,192 INFO  [BrowserSelenium] (initElements) -> XPath set to field: //table[@id='categories']//tbody//tr//td
14:39:07,192 INFO  [BrowserSelenium] (initElements) -> ID set to field: 
14:39:07,192 INFO  [BrowserSelenium] (initElements) -> Name set to field: 
14:39:07,192 INFO  [BrowserSelenium] (initElements) -> CSS set to field: 
14:39:07,192 INFO  [BrowserSelenium] (initElements) -> XPath set to field: //table[@id='products']//tbody//tr//td
14:39:07,192 INFO  [BrowserSelenium] (initElements) -> ID set to field: 
14:39:07,192 INFO  [BrowserSelenium] (initElements) -> Name set to field: 
14:39:07,193 INFO  [BrowserSelenium] (initElements) -> CSS set to field: 
14:39:07,193 INFO  [BrowserSelenium] (initElements) -> XPath set to field: //table[@id='users']//tbody//tr//td
14:39:07,193 INFO  [BrowserSelenium] (initElements) -> ID set to field: product.dependencyMin
14:39:07,193 INFO  [BrowserSelenium] (initElements) -> Name set to field: 
14:39:07,193 INFO  [BrowserSelenium] (initElements) -> CSS set to field: 
14:39:07,193 INFO  [BrowserSelenium] (initElements) -> XPath set to field: 
14:39:07,193 INFO  [BrowserSelenium] (initElements) -> ID set to field: product.dependencyMax
14:39:07,194 INFO  [BrowserSelenium] (initElements) -> Name set to field: 
14:39:07,194 INFO  [BrowserSelenium] (initElements) -> CSS set to field: 
14:39:07,194 INFO  [BrowserSelenium] (initElements) -> XPath set to field: 
14:39:07,194 INFO  [BrowserSelenium] (initElements) -> ID set to field: 
14:39:07,194 INFO  [BrowserSelenium] (initElements) -> Name set to field: 
14:39:07,194 INFO  [BrowserSelenium] (initElements) -> CSS set to field: 
14:39:07,195 INFO  [BrowserSelenium] (initElements) -> XPath set to field: //table[@id='categories']/tbody//td/a/strong
14:39:07,195 INFO  [BrowserSelenium] (initElements) -> ID set to field: 
14:39:07,195 INFO  [BrowserSelenium] (initElements) -> Name set to field: 
14:39:07,195 INFO  [BrowserSelenium] (initElements) -> CSS set to field: 
14:39:07,195 INFO  [BrowserSelenium] (initElements) -> XPath set to field: //table[@id='products']/tbody//td/a/strong
14:39:07,195 INFO  [BrowserSelenium] (initElements) -> ID set to field: 
14:39:07,195 INFO  [BrowserSelenium] (initElements) -> Name set to field: 
14:39:07,195 INFO  [BrowserSelenium] (initElements) -> CSS set to field: 
14:39:07,196 INFO  [BrowserSelenium] (initElements) -> XPath set to field: //div[@class='form-columns']/div/div/span
14:39:07,196 INFO  [BrowserSelenium] (initElements) -> ID set to field: 
14:39:07,196 INFO  [BrowserSelenium] (initElements) -> Name set to field: 
14:39:07,196 INFO  [BrowserSelenium] (initElements) -> CSS set to field: 
14:39:07,196 INFO  [BrowserSelenium] (initElements) -> XPath set to field: //div[@class='form-columns']/div/div/span
14:39:07,196 INFO  [BrowserSelenium] (initElements) -> ID set to field: 
14:39:07,196 INFO  [BrowserSelenium] (initElements) -> Name set to field: 
14:39:07,196 INFO  [BrowserSelenium] (initElements) -> CSS set to field: 
14:39:07,196 INFO  [BrowserSelenium] (initElements) -> XPath set to field: //div[@class = 'buttons']//span[text()='Save Changes']
14:39:07,196 INFO  [BrowserSelenium] (initElements) -> ID set to field: 
14:39:07,197 INFO  [BrowserSelenium] (initElements) -> Name set to field: 
14:39:07,197 INFO  [BrowserSelenium] (initElements) -> CSS set to field: 
14:39:07,197 INFO  [BrowserSelenium] (initElements) -> XPath set to field: //span[text()='Dependencies']/parent::div[@class = 'box-cards-title']/following-sibling::div[@class = 'box-card-hold']/div/table[@class = 'dataTable']
14:39:07,197 INFO  [BrowserSelenium] (initElements) -> ID set to field: 
14:39:07,197 INFO  [BrowserSelenium] (initElements) -> Name set to field: 
14:39:07,197 INFO  [BrowserSelenium] (initElements) -> CSS set to field: 
14:39:07,197 INFO  [BrowserSelenium] (initElements) -> XPath set to field: //input[contains(@data-customtooltip,'The cap on the maximum amount on the total')]
14:39:07,197 INFO  [BrowserSelenium] (initElements) -> ID set to field: assetIdentifierLabel
14:39:07,197 INFO  [BrowserSelenium] (initElements) -> Name set to field: 
14:39:07,198 INFO  [BrowserSelenium] (initElements) -> CSS set to field: 
14:39:07,198 INFO  [BrowserSelenium] (initElements) -> XPath set to field: 
14:39:07,198 INFO  [BrowserSelenium] (initElements) -> ID set to field: 
14:39:07,198 INFO  [BrowserSelenium] (initElements) -> Name set to field: 
14:39:07,198 INFO  [BrowserSelenium] (initElements) -> CSS set to field: 
14:39:07,198 INFO  [BrowserSelenium] (initElements) -> XPath set to field: //div[@class='field-name']//label//span/following::div
14:39:07,198 INFO  [BrowserSelenium] (initElements) -> ID set to field: mandatoryCheck
14:39:07,198 INFO  [BrowserSelenium] (initElements) -> Name set to field: 
14:39:07,198 INFO  [BrowserSelenium] (initElements) -> CSS set to field: 
14:39:07,198 INFO  [BrowserSelenium] (initElements) -> XPath set to field: 
14:39:07,199 INFO  [BrowserSelenium] (initElements) -> ID set to field: 
14:39:07,199 INFO  [BrowserSelenium] (initElements) -> Name set to field: 
14:39:07,199 INFO  [BrowserSelenium] (initElements) -> CSS set to field: 
14:39:07,199 INFO  [BrowserSelenium] (initElements) -> XPath set to field: //label[text()='Import Meta Field']/following::select/option
14:39:07,199 INFO  [BrowserSelenium] (initElements) -> ID set to field: 
14:39:07,199 INFO  [BrowserSelenium] (initElements) -> Name set to field: 
14:39:07,199 INFO  [BrowserSelenium] (initElements) -> CSS set to field: 
14:39:07,199 INFO  [BrowserSelenium] (initElements) -> XPath set to field: //label[text()='Default value']/following::div/input
14:39:07,199 INFO  [BrowserSelenium] (initElements) -> ID set to field: 
14:39:07,200 INFO  [BrowserSelenium] (initElements) -> Name set to field: 
14:39:07,200 INFO  [BrowserSelenium] (initElements) -> CSS set to field: 
14:39:07,200 INFO  [BrowserSelenium] (initElements) -> XPath set to field: //input[contains(@data-customtooltip,'If mediation is used this field is required.')]
14:39:07,200 INFO  [BrowserSelenium] (initElements) -> ID set to field: 
14:39:07,200 INFO  [BrowserSelenium] (initElements) -> Name set to field: 
14:39:07,200 INFO  [BrowserSelenium] (initElements) -> CSS set to field: 
14:39:07,200 INFO  [BrowserSelenium] (initElements) -> XPath set to field: //input[@data-customtooltip='This represents midnight (the beginning of a day)']
14:39:07,200 INFO  [BrowserSelenium] (initElements) -> ID set to field: 
14:39:07,200 INFO  [BrowserSelenium] (initElements) -> Name set to field: 
14:39:07,200 INFO  [BrowserSelenium] (initElements) -> CSS set to field: 
14:39:07,201 INFO  [BrowserSelenium] (initElements) -> XPath set to field: //input[@id='model.0.attribute.1.value']
14:39:07,201 INFO  [BrowserSelenium] (initElements) -> ID set to field: 
14:39:07,201 INFO  [BrowserSelenium] (initElements) -> Name set to field: 
14:39:07,201 INFO  [BrowserSelenium] (initElements) -> CSS set to field: 
14:39:07,201 INFO  [BrowserSelenium] (initElements) -> XPath set to field: //input[contains(@data-customtooltip,'This represents the range starting value')]
14:39:07,201 INFO  [BrowserSelenium] (initElements) -> ID set to field: 
14:39:07,201 INFO  [BrowserSelenium] (initElements) -> Name set to field: 
14:39:07,202 INFO  [BrowserSelenium] (initElements) -> CSS set to field: 
14:39:07,202 INFO  [BrowserSelenium] (initElements) -> XPath set to field: //input[@data-customtooltip='This is the rate for the range starting from this value(inclusive)']
14:39:07,202 INFO  [BrowserSelenium] (initElements) -> ID set to field: 
14:39:07,202 INFO  [BrowserSelenium] (initElements) -> Name set to field: 
14:39:07,202 INFO  [BrowserSelenium] (initElements) -> CSS set to field: 
14:39:07,202 INFO  [BrowserSelenium] (initElements) -> XPath set to field: //a[@onclick ='addModelAttribute(this, 0, 2)']
14:39:07,202 INFO  [BrowserSelenium] (initElements) -> ID set to field: 
14:39:07,202 INFO  [BrowserSelenium] (initElements) -> Name set to field: 
14:39:07,202 INFO  [BrowserSelenium] (initElements) -> CSS set to field: 
14:39:07,203 INFO  [BrowserSelenium] (initElements) -> XPath set to field:  //input[@name='model.0.attribute.3.name']
14:39:07,203 INFO  [BrowserSelenium] (initElements) -> ID set to field: 
14:39:07,203 INFO  [BrowserSelenium] (initElements) -> Name set to field: 
14:39:07,203 INFO  [BrowserSelenium] (initElements) -> CSS set to field: 
14:39:07,203 INFO  [BrowserSelenium] (initElements) -> XPath set to field: //input[contains(@name,'model.0.attribute.3.value')]
14:39:07,203 INFO  [BrowserSelenium] (initElements) -> ID set to field: 
14:39:07,203 INFO  [BrowserSelenium] (initElements) -> Name set to field: 
14:39:07,203 INFO  [BrowserSelenium] (initElements) -> CSS set to field: 
14:39:07,203 INFO  [BrowserSelenium] (initElements) -> XPath set to field: //a[@onclick ='addModelAttribute(this, 0, 3)']
14:39:07,203 INFO  [BrowserSelenium] (initElements) -> ID set to field: 
14:39:07,204 INFO  [BrowserSelenium] (initElements) -> Name set to field: 
14:39:07,204 INFO  [BrowserSelenium] (initElements) -> CSS set to field: 
14:39:07,204 INFO  [BrowserSelenium] (initElements) -> XPath set to field:  //input[@name='model.0.attribute.4.name']
14:39:07,204 INFO  [BrowserSelenium] (initElements) -> ID set to field: 
14:39:07,204 INFO  [BrowserSelenium] (initElements) -> Name set to field: 
14:39:07,204 INFO  [BrowserSelenium] (initElements) -> CSS set to field: 
14:39:07,204 INFO  [BrowserSelenium] (initElements) -> XPath set to field: //input[contains(@name,'model.0.attribute.4.value')]
14:39:07,204 INFO  [BrowserSelenium] (initElements) -> ID set to field: 
14:39:07,204 INFO  [BrowserSelenium] (initElements) -> Name set to field: 
14:39:07,205 INFO  [BrowserSelenium] (initElements) -> CSS set to field: 
14:39:07,205 INFO  [BrowserSelenium] (initElements) -> XPath set to field: //input[contains(@data-customtooltip,'Number of pulled products to be purchased, to be able to get this product as a bonus')]
14:39:07,205 INFO  [BrowserSelenium] (initElements) -> ID set to field: 
14:39:07,205 INFO  [BrowserSelenium] (initElements) -> Name set to field: 
14:39:07,205 INFO  [BrowserSelenium] (initElements) -> CSS set to field: 
14:39:07,205 INFO  [BrowserSelenium] (initElements) -> XPath set to field: //select[contains(@name,'model.0.attribute.1.value')]
14:39:07,205 INFO  [BrowserSelenium] (initElements) -> ID set to field: 
14:39:07,205 INFO  [BrowserSelenium] (initElements) -> Name set to field: 
14:39:07,205 INFO  [BrowserSelenium] (initElements) -> CSS set to field: 
14:39:07,206 INFO  [BrowserSelenium] (initElements) -> XPath set to field: //input[contains(@data-customtooltip,'The calculation to determine the percentage is Selection Category/Category Percent x 100')]
14:39:07,206 INFO  [BrowserSelenium] (initElements) -> ID set to field: 
14:39:07,206 INFO  [BrowserSelenium] (initElements) -> Name set to field: 
14:39:07,206 INFO  [BrowserSelenium] (initElements) -> CSS set to field: 
14:39:07,206 INFO  [BrowserSelenium] (initElements) -> XPath set to field: //input[@data-customtooltip='Pair range between percentage calculated and the ID the product added, starting from 0 percent']
14:39:07,206 INFO  [BrowserSelenium] (initElements) -> ID set to field: 
14:39:07,206 INFO  [BrowserSelenium] (initElements) -> Name set to field: 
14:39:07,206 INFO  [BrowserSelenium] (initElements) -> CSS set to field: 
14:39:07,206 INFO  [BrowserSelenium] (initElements) -> XPath set to field: //input[contains(@data-customtooltip,'Pair range between quantity of products in selected category and the ID the product added, starting from 1')]
14:39:07,207 INFO  [BrowserSelenium] (initElements) -> ID set to field: 
14:39:07,207 INFO  [BrowserSelenium] (initElements) -> Name set to field: 
14:39:07,207 INFO  [BrowserSelenium] (initElements) -> CSS set to field: 
14:39:07,207 INFO  [BrowserSelenium] (initElements) -> XPath set to field: //input[@name='model.0.attribute.1.name']
14:39:07,207 INFO  [BrowserSelenium] (initElements) -> ID set to field: 
14:39:07,207 INFO  [BrowserSelenium] (initElements) -> Name set to field: 
14:39:07,207 INFO  [BrowserSelenium] (initElements) -> CSS set to field: 
14:39:07,207 INFO  [BrowserSelenium] (initElements) -> XPath set to field: //input[@name='model.0.attribute.1.value']
14:39:07,207 INFO  [BrowserSelenium] (initElements) -> ID set to field: 
14:39:07,207 INFO  [BrowserSelenium] (initElements) -> Name set to field: 
14:39:07,208 INFO  [BrowserSelenium] (initElements) -> CSS set to field: 
14:39:07,208 INFO  [BrowserSelenium] (initElements) -> XPath set to field: //span[contains(.,'Add Chain')]
14:39:07,208 INFO  [BrowserSelenium] (initElements) -> ID set to field: 
14:39:07,208 INFO  [BrowserSelenium] (initElements) -> Name set to field: 
14:39:07,208 INFO  [BrowserSelenium] (initElements) -> CSS set to field: 
14:39:07,208 INFO  [BrowserSelenium] (initElements) -> XPath set to field: //input[contains(@data-customtooltip,'The rate of the product after the included quantity')]
14:39:07,208 INFO  [BrowserSelenium] (initElements) -> ID set to field: 
14:39:07,208 INFO  [BrowserSelenium] (initElements) -> Name set to field: 
14:39:07,208 INFO  [BrowserSelenium] (initElements) -> CSS set to field: 
14:39:07,209 INFO  [BrowserSelenium] (initElements) -> XPath set to field: //input[contains(@data-customtooltip,'Number of included products for free')]
14:39:07,209 INFO  [BrowserSelenium] (initElements) -> ID set to field: 
14:39:07,209 INFO  [BrowserSelenium] (initElements) -> Name set to field: 
14:39:07,209 INFO  [BrowserSelenium] (initElements) -> CSS set to field: 
14:39:07,209 INFO  [BrowserSelenium] (initElements) -> XPath set to field: //table[@id='categories']/tbody//strong[contains(text(),'Test category')]
14:39:07,209 INFO  [BrowserSelenium] (initElements) -> ID set to field: 
14:39:07,209 INFO  [BrowserSelenium] (initElements) -> Name set to field: 
14:39:07,209 INFO  [BrowserSelenium] (initElements) -> CSS set to field: 
14:39:07,209 INFO  [BrowserSelenium] (initElements) -> XPath set to field: //strong[text()='Lemonade']
14:39:07,209 INFO  [BrowserSelenium] (initElements) -> ID set to field: 
14:39:07,210 INFO  [BrowserSelenium] (initElements) -> Name set to field: 
14:39:07,210 INFO  [BrowserSelenium] (initElements) -> CSS set to field: 
14:39:07,210 INFO  [BrowserSelenium] (initElements) -> XPath set to field: 	//strong[text()='Coffee']
14:39:07,210 INFO  [BrowserSelenium] (initElements) -> ID set to field: 
14:39:07,210 INFO  [BrowserSelenium] (initElements) -> Name set to field: 
14:39:07,210 INFO  [BrowserSelenium] (initElements) -> CSS set to field: 
14:39:07,210 INFO  [BrowserSelenium] (initElements) -> XPath set to field: //*[@id='product.dependencyItems']/option[2]
14:39:07,210 INFO  [BrowserSelenium] (initElements) -> ID set to field: 
14:39:07,210 INFO  [BrowserSelenium] (initElements) -> Name set to field: 
14:39:07,211 INFO  [BrowserSelenium] (initElements) -> CSS set to field: 
14:39:07,211 INFO  [BrowserSelenium] (initElements) -> XPath set to field: //*[@id='save-product-form']/fieldset/div[7]/ul/li[1]/a
14:39:07,211 INFO  [BrowserSelenium] (initElements) -> ID set to field: 
14:39:07,211 INFO  [BrowserSelenium] (initElements) -> Name set to field: 
14:39:07,211 INFO  [BrowserSelenium] (initElements) -> CSS set to field: 
14:39:07,211 INFO  [BrowserSelenium] (initElements) -> XPath set to field: //table[@id='categories']/tbody/tr/td/a/strong
14:39:07,211 INFO  [BrowserSelenium] (initElements) -> ID set to field: 
14:39:07,212 INFO  [BrowserSelenium] (initElements) -> Name set to field: 
14:39:07,212 INFO  [BrowserSelenium] (initElements) -> CSS set to field: 
14:39:07,212 INFO  [BrowserSelenium] (initElements) -> XPath set to field: //table[@class='innerTable']/tbody/tr/td
14:39:07,212 INFO  [BrowserSelenium] (initElements) -> ID set to field: 
14:39:07,212 INFO  [BrowserSelenium] (initElements) -> Name set to field: 
14:39:07,212 INFO  [BrowserSelenium] (initElements) -> CSS set to field: 
14:39:07,212 INFO  [BrowserSelenium] (initElements) -> XPath set to field: //table[@class='dataTable']/tbody/tr/td
14:39:07,213 INFO  [BrowserSelenium] (initElements) -> ID set to field: 
14:39:07,213 INFO  [BrowserSelenium] (initElements) -> Name set to field: 
14:39:07,213 INFO  [BrowserSelenium] (initElements) -> CSS set to field: 
14:39:07,213 INFO  [BrowserSelenium] (initElements) -> XPath set to field: //input[@id='onePerOrder']
14:39:07,213 INFO  [BrowserSelenium] (initElements) -> ID set to field: 
14:39:07,213 INFO  [BrowserSelenium] (initElements) -> Name set to field: 
14:39:07,213 INFO  [BrowserSelenium] (initElements) -> CSS set to field: 
14:39:07,213 INFO  [BrowserSelenium] (initElements) -> XPath set to field: //input[@id='onePerCustomer']
14:39:07,213 INFO  [BrowserSelenium] (initElements) -> ID set to field: 
14:39:07,214 INFO  [BrowserSelenium] (initElements) -> Name set to field: 
14:39:07,214 INFO  [BrowserSelenium] (initElements) -> CSS set to field: 
14:39:07,214 INFO  [BrowserSelenium] (initElements) -> XPath set to field: //input[@id='product.activeSince']
14:39:07,214 INFO  [BrowserSelenium] (initElements) -> ID set to field: 
14:39:07,214 INFO  [BrowserSelenium] (initElements) -> Name set to field: 
14:39:07,214 INFO  [BrowserSelenium] (initElements) -> CSS set to field: 
14:39:07,214 INFO  [BrowserSelenium] (initElements) -> XPath set to field: //input[@id='product.activeUntil']
14:39:07,215 INFO  [BrowserSelenium] EXIT --> (initElements)
14:39:07,215 INFO  [BrowserSelenium] ENTER --> (clickLinkText)
14:39:07,215 INFO  [BrowserSelenium] ENTER --> (_waitForElement) --> Waiting for element: null
14:39:07,215 INFO  [BrowserSelenium] ENTER --> (waitForElement)
14:39:08,703 INFO  [BrowserSelenium] ENTER --> (_getByLocator)
14:39:08,703 INFO  [BrowserSelenium] (_getByLocator) -> Getting locator for null
14:39:08,703 INFO  [BrowserSelenium] (_getByLocator) -> Locator info found for XPATH attribute as: (//span[text()='Customers'])[2]
14:39:08,703 INFO  [BrowserSelenium] ENTER --> (_parseElementOnXpath)
14:39:08,704 INFO  [BrowserSelenium] (_parseElementOnXpath) -> (//span[text()='Customers'])[2] is used
14:39:08,704 INFO  [BrowserSelenium] EXIT --> (_parseElementOnXpath)
14:39:08,704 INFO  [BrowserSelenium] EXIT --> (_getByLocator)
14:39:08,736 INFO  [BrowserSelenium] ENTER --> (_getByLocator)
14:39:08,737 INFO  [BrowserSelenium] (_getByLocator) -> Getting locator for null
14:39:08,737 INFO  [BrowserSelenium] (_getByLocator) -> Locator info found for XPATH attribute as: (//span[text()='Customers'])[2]
14:39:08,737 INFO  [BrowserSelenium] ENTER --> (_parseElementOnXpath)
14:39:08,738 INFO  [BrowserSelenium] (_parseElementOnXpath) -> (//span[text()='Customers'])[2] is used
14:39:08,738 INFO  [BrowserSelenium] EXIT --> (_parseElementOnXpath)
14:39:08,738 INFO  [BrowserSelenium] EXIT --> (_getByLocator)
14:39:08,758 INFO  [BrowserSelenium] ENTER --> (_getByLocator)
14:39:08,758 INFO  [BrowserSelenium] (_getByLocator) -> Getting locator for null
14:39:08,758 INFO  [BrowserSelenium] (_getByLocator) -> Locator info found for XPATH attribute as: (//span[text()='Customers'])[2]
14:39:08,758 INFO  [BrowserSelenium] ENTER --> (_parseElementOnXpath)
14:39:08,758 INFO  [BrowserSelenium] (_parseElementOnXpath) -> (//span[text()='Customers'])[2] is used
14:39:08,759 INFO  [BrowserSelenium] EXIT --> (_parseElementOnXpath)
14:39:08,759 INFO  [BrowserSelenium] EXIT --> (_getByLocator)
14:39:08,786 INFO  [BrowserSelenium] ENTER --> (_getByLocator)
14:39:08,787 INFO  [BrowserSelenium] (_getByLocator) -> Getting locator for null
14:39:08,787 INFO  [BrowserSelenium] (_getByLocator) -> Locator info found for XPATH attribute as: (//span[text()='Customers'])[2]
14:39:08,787 INFO  [BrowserSelenium] ENTER --> (_parseElementOnXpath)
14:39:08,788 INFO  [BrowserSelenium] (_parseElementOnXpath) -> (//span[text()='Customers'])[2] is used
14:39:08,788 INFO  [BrowserSelenium] EXIT --> (_parseElementOnXpath)
14:39:08,788 INFO  [BrowserSelenium] EXIT --> (_getByLocator)
14:39:08,815 INFO  [BrowserSelenium] ENTER --> (_getByLocator)
14:39:08,815 INFO  [BrowserSelenium] (_getByLocator) -> Getting locator for null
14:39:08,816 INFO  [BrowserSelenium] (_getByLocator) -> Locator info found for XPATH attribute as: (//span[text()='Customers'])[2]
14:39:08,816 INFO  [BrowserSelenium] ENTER --> (_parseElementOnXpath)
14:39:08,816 INFO  [BrowserSelenium] (_parseElementOnXpath) -> (//span[text()='Customers'])[2] is used
14:39:08,816 INFO  [BrowserSelenium] EXIT --> (_parseElementOnXpath)
14:39:08,817 INFO  [BrowserSelenium] EXIT --> (_getByLocator)
14:39:08,842 INFO  [BrowserSelenium] ENTER --> (_getByLocator)
14:39:08,842 INFO  [BrowserSelenium] (_getByLocator) -> Getting locator for null
14:39:08,842 INFO  [BrowserSelenium] (_getByLocator) -> Locator info found for XPATH attribute as: (//span[text()='Customers'])[2]
14:39:08,842 INFO  [BrowserSelenium] ENTER --> (_parseElementOnXpath)
14:39:08,843 INFO  [BrowserSelenium] (_parseElementOnXpath) -> (//span[text()='Customers'])[2] is used
14:39:08,843 INFO  [BrowserSelenium] EXIT --> (_parseElementOnXpath)
14:39:08,843 INFO  [BrowserSelenium] EXIT --> (_getByLocator)
14:39:08,874 INFO  [BrowserSelenium] ENTER --> (_getByLocator)
14:39:08,874 INFO  [BrowserSelenium] (_getByLocator) -> Getting locator for null
14:39:08,875 INFO  [BrowserSelenium] (_getByLocator) -> Locator info found for XPATH attribute as: (//span[text()='Customers'])[2]
14:39:08,875 INFO  [BrowserSelenium] ENTER --> (_parseElementOnXpath)
14:39:08,875 INFO  [BrowserSelenium] (_parseElementOnXpath) -> (//span[text()='Customers'])[2] is used
14:39:08,875 INFO  [BrowserSelenium] EXIT --> (_parseElementOnXpath)
14:39:08,875 INFO  [BrowserSelenium] EXIT --> (_getByLocator)
14:39:08,903 INFO  [BrowserSelenium] ENTER --> (_getByLocator)
14:39:08,903 INFO  [BrowserSelenium] (_getByLocator) -> Getting locator for null
14:39:08,903 INFO  [BrowserSelenium] (_getByLocator) -> Locator info found for XPATH attribute as: (//span[text()='Customers'])[2]
14:39:08,903 INFO  [BrowserSelenium] ENTER --> (_parseElementOnXpath)
14:39:08,903 INFO  [BrowserSelenium] (_parseElementOnXpath) -> (//span[text()='Customers'])[2] is used
14:39:08,903 INFO  [BrowserSelenium] EXIT --> (_parseElementOnXpath)
14:39:08,903 INFO  [BrowserSelenium] EXIT --> (_getByLocator)
14:39:08,932 INFO  [BrowserSelenium] ENTER --> (_getByLocator)
14:39:08,933 INFO  [BrowserSelenium] (_getByLocator) -> Getting locator for null
14:39:08,933 INFO  [BrowserSelenium] (_getByLocator) -> Locator info found for XPATH attribute as: (//span[text()='Customers'])[2]
14:39:08,933 INFO  [BrowserSelenium] ENTER --> (_parseElementOnXpath)
14:39:08,934 INFO  [BrowserSelenium] (_parseElementOnXpath) -> (//span[text()='Customers'])[2] is used
14:39:08,934 INFO  [BrowserSelenium] EXIT --> (_parseElementOnXpath)
14:39:08,934 INFO  [BrowserSelenium] EXIT --> (_getByLocator)
14:39:09,062 INFO  [BrowserSelenium] ENTER --> (_getByLocator)
14:39:09,063 INFO  [BrowserSelenium] (_getByLocator) -> Getting locator for null
14:39:09,063 INFO  [BrowserSelenium] (_getByLocator) -> Locator info found for XPATH attribute as: (//span[text()='Customers'])[2]
14:39:09,063 INFO  [BrowserSelenium] ENTER --> (_parseElementOnXpath)
14:39:09,063 INFO  [BrowserSelenium] (_parseElementOnXpath) -> (//span[text()='Customers'])[2] is used
14:39:09,063 INFO  [BrowserSelenium] EXIT --> (_parseElementOnXpath)
14:39:09,063 INFO  [BrowserSelenium] EXIT --> (_getByLocator)
14:39:09,083 INFO  [BrowserSelenium] ENTER --> (_getByLocator)
14:39:09,083 INFO  [BrowserSelenium] (_getByLocator) -> Getting locator for null
14:39:09,084 INFO  [BrowserSelenium] (_getByLocator) -> Locator info found for XPATH attribute as: (//span[text()='Customers'])[2]
14:39:09,084 INFO  [BrowserSelenium] ENTER --> (_parseElementOnXpath)
14:39:09,084 INFO  [BrowserSelenium] (_parseElementOnXpath) -> (//span[text()='Customers'])[2] is used
14:39:09,084 INFO  [BrowserSelenium] EXIT --> (_parseElementOnXpath)
14:39:09,084 INFO  [BrowserSelenium] EXIT --> (_getByLocator)
14:39:09,102 INFO  [BrowserSelenium] ENTER --> (_getByLocator)
14:39:09,102 INFO  [BrowserSelenium] (_getByLocator) -> Getting locator for null
14:39:09,102 INFO  [BrowserSelenium] (_getByLocator) -> Locator info found for XPATH attribute as: (//span[text()='Customers'])[2]
14:39:09,102 INFO  [BrowserSelenium] ENTER --> (_parseElementOnXpath)
14:39:09,102 INFO  [BrowserSelenium] (_parseElementOnXpath) -> (//span[text()='Customers'])[2] is used
14:39:09,102 INFO  [BrowserSelenium] EXIT --> (_parseElementOnXpath)
14:39:09,103 INFO  [BrowserSelenium] EXIT --> (_getByLocator)
14:39:09,122 INFO  [BrowserSelenium] ENTER --> (_getByLocator)
14:39:09,122 INFO  [BrowserSelenium] (_getByLocator) -> Getting locator for null
14:39:09,122 INFO  [BrowserSelenium] (_getByLocator) -> Locator info found for XPATH attribute as: (//span[text()='Customers'])[2]
14:39:09,122 INFO  [BrowserSelenium] ENTER --> (_parseElementOnXpath)
14:39:09,122 INFO  [BrowserSelenium] (_parseElementOnXpath) -> (//span[text()='Customers'])[2] is used
14:39:09,122 INFO  [BrowserSelenium] EXIT --> (_parseElementOnXpath)
14:39:09,123 INFO  [BrowserSelenium] EXIT --> (_getByLocator)
14:39:09,139 INFO  [BrowserSelenium] ENTER --> (_getByLocator)
14:39:09,140 INFO  [BrowserSelenium] (_getByLocator) -> Getting locator for null
14:39:09,140 INFO  [BrowserSelenium] (_getByLocator) -> Locator info found for XPATH attribute as: (//span[text()='Customers'])[2]
14:39:09,140 INFO  [BrowserSelenium] ENTER --> (_parseElementOnXpath)
14:39:09,140 INFO  [BrowserSelenium] (_parseElementOnXpath) -> (//span[text()='Customers'])[2] is used
14:39:09,140 INFO  [BrowserSelenium] EXIT --> (_parseElementOnXpath)
14:39:09,140 INFO  [BrowserSelenium] EXIT --> (_getByLocator)
14:39:09,162 INFO  [BrowserSelenium] ENTER --> (_getByLocator)
14:39:09,162 INFO  [BrowserSelenium] (_getByLocator) -> Getting locator for null
14:39:09,162 INFO  [BrowserSelenium] (_getByLocator) -> Locator info found for XPATH attribute as: (//span[text()='Customers'])[2]
14:39:09,162 INFO  [BrowserSelenium] ENTER --> (_parseElementOnXpath)
14:39:09,162 INFO  [BrowserSelenium] (_parseElementOnXpath) -> (//span[text()='Customers'])[2] is used
14:39:09,162 INFO  [BrowserSelenium] EXIT --> (_parseElementOnXpath)
14:39:09,163 INFO  [BrowserSelenium] EXIT --> (_getByLocator)
14:39:09,181 INFO  [BrowserSelenium] ENTER --> (_getByLocator)
14:39:09,181 INFO  [BrowserSelenium] (_getByLocator) -> Getting locator for null
14:39:09,181 INFO  [BrowserSelenium] (_getByLocator) -> Locator info found for XPATH attribute as: (//span[text()='Customers'])[2]
14:39:09,182 INFO  [BrowserSelenium] ENTER --> (_parseElementOnXpath)
14:39:09,182 INFO  [BrowserSelenium] (_parseElementOnXpath) -> (//span[text()='Customers'])[2] is used
14:39:09,182 INFO  [BrowserSelenium] EXIT --> (_parseElementOnXpath)
14:39:09,182 INFO  [BrowserSelenium] EXIT --> (_getByLocator)
14:39:09,201 INFO  [BrowserSelenium] ENTER --> (_getByLocator)
14:39:09,201 INFO  [BrowserSelenium] (_getByLocator) -> Getting locator for null
14:39:09,202 INFO  [BrowserSelenium] (_getByLocator) -> Locator info found for XPATH attribute as: (//span[text()='Customers'])[2]
14:39:09,202 INFO  [BrowserSelenium] ENTER --> (_parseElementOnXpath)
14:39:09,202 INFO  [BrowserSelenium] (_parseElementOnXpath) -> (//span[text()='Customers'])[2] is used
14:39:09,202 INFO  [BrowserSelenium] EXIT --> (_parseElementOnXpath)
14:39:09,202 INFO  [BrowserSelenium] EXIT --> (_getByLocator)
14:39:09,219 INFO  [BrowserSelenium] ENTER --> (_getByLocator)
14:39:09,219 INFO  [BrowserSelenium] (_getByLocator) -> Getting locator for null
14:39:09,220 INFO  [BrowserSelenium] (_getByLocator) -> Locator info found for XPATH attribute as: (//span[text()='Customers'])[2]
14:39:09,220 INFO  [BrowserSelenium] ENTER --> (_parseElementOnXpath)
14:39:09,220 INFO  [BrowserSelenium] (_parseElementOnXpath) -> (//span[text()='Customers'])[2] is used
14:39:09,220 INFO  [BrowserSelenium] EXIT --> (_parseElementOnXpath)
14:39:09,220 INFO  [BrowserSelenium] EXIT --> (_getByLocator)
14:39:09,239 INFO  [BrowserSelenium] ENTER --> (_getByLocator)
14:39:09,239 INFO  [BrowserSelenium] (_getByLocator) -> Getting locator for null
14:39:09,240 INFO  [BrowserSelenium] (_getByLocator) -> Locator info found for XPATH attribute as: (//span[text()='Customers'])[2]
14:39:09,240 INFO  [BrowserSelenium] ENTER --> (_parseElementOnXpath)
14:39:09,240 INFO  [BrowserSelenium] (_parseElementOnXpath) -> (//span[text()='Customers'])[2] is used
14:39:09,240 INFO  [BrowserSelenium] EXIT --> (_parseElementOnXpath)
14:39:09,240 INFO  [BrowserSelenium] EXIT --> (_getByLocator)
14:39:09,262 INFO  [BrowserSelenium] ENTER --> (_getByLocator)
14:39:09,262 INFO  [BrowserSelenium] (_getByLocator) -> Getting locator for null
14:39:09,262 INFO  [BrowserSelenium] (_getByLocator) -> Locator info found for XPATH attribute as: (//span[text()='Customers'])[2]
14:39:09,262 INFO  [BrowserSelenium] ENTER --> (_parseElementOnXpath)
14:39:09,262 INFO  [BrowserSelenium] (_parseElementOnXpath) -> (//span[text()='Customers'])[2] is used
14:39:09,262 INFO  [BrowserSelenium] EXIT --> (_parseElementOnXpath)
14:39:09,262 INFO  [BrowserSelenium] EXIT --> (_getByLocator)
14:39:09,280 INFO  [BrowserSelenium] ENTER --> (_getByLocator)
14:39:09,280 INFO  [BrowserSelenium] (_getByLocator) -> Getting locator for null
14:39:09,280 INFO  [BrowserSelenium] (_getByLocator) -> Locator info found for XPATH attribute as: (//span[text()='Customers'])[2]
14:39:09,280 INFO  [BrowserSelenium] ENTER --> (_parseElementOnXpath)
14:39:09,280 INFO  [BrowserSelenium] (_parseElementOnXpath) -> (//span[text()='Customers'])[2] is used
14:39:09,280 INFO  [BrowserSelenium] EXIT --> (_parseElementOnXpath)
14:39:09,280 INFO  [BrowserSelenium] EXIT --> (_getByLocator)
14:39:09,299 INFO  [BrowserSelenium] ENTER --> (_getByLocator)
14:39:09,299 INFO  [BrowserSelenium] (_getByLocator) -> Getting locator for null
14:39:09,299 INFO  [BrowserSelenium] (_getByLocator) -> Locator info found for XPATH attribute as: (//span[text()='Customers'])[2]
14:39:09,299 INFO  [BrowserSelenium] ENTER --> (_parseElementOnXpath)
14:39:09,300 INFO  [BrowserSelenium] (_parseElementOnXpath) -> (//span[text()='Customers'])[2] is used
14:39:09,300 INFO  [BrowserSelenium] EXIT --> (_parseElementOnXpath)
14:39:09,300 INFO  [BrowserSelenium] EXIT --> (_getByLocator)
14:39:09,316 INFO  [BrowserSelenium] ENTER --> (_getByLocator)
14:39:09,317 INFO  [BrowserSelenium] (_getByLocator) -> Getting locator for null
14:39:09,317 INFO  [BrowserSelenium] (_getByLocator) -> Locator info found for XPATH attribute as: (//span[text()='Customers'])[2]
14:39:09,317 INFO  [BrowserSelenium] ENTER --> (_parseElementOnXpath)
14:39:09,317 INFO  [BrowserSelenium] (_parseElementOnXpath) -> (//span[text()='Customers'])[2] is used
14:39:09,317 INFO  [BrowserSelenium] EXIT --> (_parseElementOnXpath)
14:39:09,317 INFO  [BrowserSelenium] EXIT --> (_getByLocator)
14:39:09,335 INFO  [BrowserSelenium] ENTER --> (_getByLocator)
14:39:09,335 INFO  [BrowserSelenium] (_getByLocator) -> Getting locator for null
14:39:09,335 INFO  [BrowserSelenium] (_getByLocator) -> Locator info found for XPATH attribute as: (//span[text()='Customers'])[2]
14:39:09,335 INFO  [BrowserSelenium] ENTER --> (_parseElementOnXpath)
14:39:09,336 INFO  [BrowserSelenium] (_parseElementOnXpath) -> (//span[text()='Customers'])[2] is used
14:39:09,336 INFO  [BrowserSelenium] EXIT --> (_parseElementOnXpath)
14:39:09,336 INFO  [BrowserSelenium] EXIT --> (_getByLocator)
14:39:09,356 INFO  [BrowserSelenium] ENTER --> (_getByLocator)
14:39:09,356 INFO  [BrowserSelenium] (_getByLocator) -> Getting locator for null
14:39:09,356 INFO  [BrowserSelenium] (_getByLocator) -> Locator info found for XPATH attribute as: (//span[text()='Customers'])[2]
14:39:09,357 INFO  [BrowserSelenium] ENTER --> (_parseElementOnXpath)
14:39:09,357 INFO  [BrowserSelenium] (_parseElementOnXpath) -> (//span[text()='Customers'])[2] is used
14:39:09,357 INFO  [BrowserSelenium] EXIT --> (_parseElementOnXpath)
14:39:09,357 INFO  [BrowserSelenium] EXIT --> (_getByLocator)
14:39:09,374 INFO  [BrowserSelenium] ENTER --> (_getByLocator)
14:39:09,374 INFO  [BrowserSelenium] (_getByLocator) -> Getting locator for null
14:39:09,374 INFO  [BrowserSelenium] (_getByLocator) -> Locator info found for XPATH attribute as: (//span[text()='Customers'])[2]
14:39:09,374 INFO  [BrowserSelenium] ENTER --> (_parseElementOnXpath)
14:39:09,374 INFO  [BrowserSelenium] (_parseElementOnXpath) -> (//span[text()='Customers'])[2] is used
14:39:09,375 INFO  [BrowserSelenium] EXIT --> (_parseElementOnXpath)
14:39:09,375 INFO  [BrowserSelenium] EXIT --> (_getByLocator)
14:39:09,392 INFO  [BrowserSelenium] ENTER --> (_getByLocator)
14:39:09,392 INFO  [BrowserSelenium] (_getByLocator) -> Getting locator for null
14:39:09,392 INFO  [BrowserSelenium] (_getByLocator) -> Locator info found for XPATH attribute as: (//span[text()='Customers'])[2]
14:39:09,392 INFO  [BrowserSelenium] ENTER --> (_parseElementOnXpath)
14:39:09,393 INFO  [BrowserSelenium] (_parseElementOnXpath) -> (//span[text()='Customers'])[2] is used
14:39:09,393 INFO  [BrowserSelenium] EXIT --> (_parseElementOnXpath)
14:39:09,393 INFO  [BrowserSelenium] EXIT --> (_getByLocator)
14:39:09,409 INFO  [BrowserSelenium] ENTER --> (_getByLocator)
14:39:09,410 INFO  [BrowserSelenium] (_getByLocator) -> Getting locator for null
14:39:09,410 INFO  [BrowserSelenium] (_getByLocator) -> Locator info found for XPATH attribute as: (//span[text()='Customers'])[2]
14:39:09,410 INFO  [BrowserSelenium] ENTER --> (_parseElementOnXpath)
14:39:09,410 INFO  [BrowserSelenium] (_parseElementOnXpath) -> (//span[text()='Customers'])[2] is used
14:39:09,410 INFO  [BrowserSelenium] EXIT --> (_parseElementOnXpath)
14:39:09,410 INFO  [BrowserSelenium] EXIT --> (_getByLocator)
14:39:09,427 INFO  [BrowserSelenium] ENTER --> (_getByLocator)
14:39:09,427 INFO  [BrowserSelenium] (_getByLocator) -> Getting locator for null
14:39:09,428 INFO  [BrowserSelenium] (_getByLocator) -> Locator info found for XPATH attribute as: (//span[text()='Customers'])[2]
14:39:09,428 INFO  [BrowserSelenium] ENTER --> (_parseElementOnXpath)
14:39:09,428 INFO  [BrowserSelenium] (_parseElementOnXpath) -> (//span[text()='Customers'])[2] is used
14:39:09,428 INFO  [BrowserSelenium] EXIT --> (_parseElementOnXpath)
14:39:09,428 INFO  [BrowserSelenium] EXIT --> (_getByLocator)
14:39:09,445 INFO  [BrowserSelenium] ENTER --> (_getByLocator)
14:39:09,445 INFO  [BrowserSelenium] (_getByLocator) -> Getting locator for null
14:39:09,446 INFO  [BrowserSelenium] (_getByLocator) -> Locator info found for XPATH attribute as: (//span[text()='Customers'])[2]
14:39:09,446 INFO  [BrowserSelenium] ENTER --> (_parseElementOnXpath)
14:39:09,446 INFO  [BrowserSelenium] (_parseElementOnXpath) -> (//span[text()='Customers'])[2] is used
14:39:09,446 INFO  [BrowserSelenium] EXIT --> (_parseElementOnXpath)
14:39:09,446 INFO  [BrowserSelenium] EXIT --> (_getByLocator)
14:39:09,464 INFO  [BrowserSelenium] ENTER --> (_getByLocator)
14:39:09,465 INFO  [BrowserSelenium] (_getByLocator) -> Getting locator for null
14:39:09,465 INFO  [BrowserSelenium] (_getByLocator) -> Locator info found for XPATH attribute as: (//span[text()='Customers'])[2]
14:39:09,465 INFO  [BrowserSelenium] ENTER --> (_parseElementOnXpath)
14:39:09,465 INFO  [BrowserSelenium] (_parseElementOnXpath) -> (//span[text()='Customers'])[2] is used
14:39:09,465 INFO  [BrowserSelenium] EXIT --> (_parseElementOnXpath)
14:39:09,465 INFO  [BrowserSelenium] EXIT --> (_getByLocator)
14:39:09,489 INFO  [BrowserSelenium] ENTER --> (_getByLocator)
14:39:09,489 INFO  [BrowserSelenium] (_getByLocator) -> Getting locator for null
14:39:09,489 INFO  [BrowserSelenium] (_getByLocator) -> Locator info found for XPATH attribute as: (//span[text()='Customers'])[2]
14:39:09,489 INFO  [BrowserSelenium] ENTER --> (_parseElementOnXpath)
14:39:09,489 INFO  [BrowserSelenium] (_parseElementOnXpath) -> (//span[text()='Customers'])[2] is used
14:39:09,489 INFO  [BrowserSelenium] EXIT --> (_parseElementOnXpath)
14:39:09,490 INFO  [BrowserSelenium] EXIT --> (_getByLocator)
14:39:09,507 INFO  [BrowserSelenium] ENTER --> (_getByLocator)
14:39:09,507 INFO  [BrowserSelenium] (_getByLocator) -> Getting locator for null
14:39:09,507 INFO  [BrowserSelenium] (_getByLocator) -> Locator info found for XPATH attribute as: (//span[text()='Customers'])[2]
14:39:09,508 INFO  [BrowserSelenium] ENTER --> (_parseElementOnXpath)
14:39:09,508 INFO  [BrowserSelenium] (_parseElementOnXpath) -> (//span[text()='Customers'])[2] is used
14:39:09,508 INFO  [BrowserSelenium] EXIT --> (_parseElementOnXpath)
14:39:09,508 INFO  [BrowserSelenium] EXIT --> (_getByLocator)
14:39:09,525 INFO  [BrowserSelenium] ENTER --> (_getByLocator)
14:39:09,525 INFO  [BrowserSelenium] (_getByLocator) -> Getting locator for null
14:39:09,525 INFO  [BrowserSelenium] (_getByLocator) -> Locator info found for XPATH attribute as: (//span[text()='Customers'])[2]
14:39:09,525 INFO  [BrowserSelenium] ENTER --> (_parseElementOnXpath)
14:39:09,525 INFO  [BrowserSelenium] (_parseElementOnXpath) -> (//span[text()='Customers'])[2] is used
14:39:09,525 INFO  [BrowserSelenium] EXIT --> (_parseElementOnXpath)
14:39:09,526 INFO  [BrowserSelenium] EXIT --> (_getByLocator)
14:39:09,545 INFO  [BrowserSelenium] ENTER --> (_getByLocator)
14:39:09,545 INFO  [BrowserSelenium] (_getByLocator) -> Getting locator for null
14:39:09,546 INFO  [BrowserSelenium] (_getByLocator) -> Locator info found for XPATH attribute as: (//span[text()='Customers'])[2]
14:39:09,546 INFO  [BrowserSelenium] ENTER --> (_parseElementOnXpath)
14:39:09,546 INFO  [BrowserSelenium] (_parseElementOnXpath) -> (//span[text()='Customers'])[2] is used
14:39:09,546 INFO  [BrowserSelenium] EXIT --> (_parseElementOnXpath)
14:39:09,546 INFO  [BrowserSelenium] EXIT --> (_getByLocator)
14:39:09,566 INFO  [BrowserSelenium] ENTER --> (_getByLocator)
14:39:09,566 INFO  [BrowserSelenium] (_getByLocator) -> Getting locator for null
14:39:09,566 INFO  [BrowserSelenium] (_getByLocator) -> Locator info found for XPATH attribute as: (//span[text()='Customers'])[2]
14:39:09,566 INFO  [BrowserSelenium] ENTER --> (_parseElementOnXpath)
14:39:09,566 INFO  [BrowserSelenium] (_parseElementOnXpath) -> (//span[text()='Customers'])[2] is used
14:39:09,566 INFO  [BrowserSelenium] EXIT --> (_parseElementOnXpath)
14:39:09,567 INFO  [BrowserSelenium] EXIT --> (_getByLocator)
14:39:09,587 INFO  [BrowserSelenium] ENTER --> (_getByLocator)
14:39:09,587 INFO  [BrowserSelenium] (_getByLocator) -> Getting locator for null
14:39:09,587 INFO  [BrowserSelenium] (_getByLocator) -> Locator info found for XPATH attribute as: (//span[text()='Customers'])[2]
14:39:09,587 INFO  [BrowserSelenium] ENTER --> (_parseElementOnXpath)
14:39:09,588 INFO  [BrowserSelenium] (_parseElementOnXpath) -> (//span[text()='Customers'])[2] is used
14:39:09,588 INFO  [BrowserSelenium] EXIT --> (_parseElementOnXpath)
14:39:09,588 INFO  [BrowserSelenium] EXIT --> (_getByLocator)
14:39:09,606 INFO  [BrowserSelenium] ENTER --> (_getByLocator)
14:39:09,606 INFO  [BrowserSelenium] (_getByLocator) -> Getting locator for null
14:39:09,606 INFO  [BrowserSelenium] (_getByLocator) -> Locator info found for XPATH attribute as: (//span[text()='Customers'])[2]
14:39:09,606 INFO  [BrowserSelenium] ENTER --> (_parseElementOnXpath)
14:39:09,607 INFO  [BrowserSelenium] (_parseElementOnXpath) -> (//span[text()='Customers'])[2] is used
14:39:09,607 INFO  [BrowserSelenium] EXIT --> (_parseElementOnXpath)
14:39:09,607 INFO  [BrowserSelenium] EXIT --> (_getByLocator)
14:39:09,624 INFO  [BrowserSelenium] ENTER --> (_getByLocator)
14:39:09,624 INFO  [BrowserSelenium] (_getByLocator) -> Getting locator for null
14:39:09,624 INFO  [BrowserSelenium] (_getByLocator) -> Locator info found for XPATH attribute as: (//span[text()='Customers'])[2]
14:39:09,624 INFO  [BrowserSelenium] ENTER --> (_parseElementOnXpath)
14:39:09,624 INFO  [BrowserSelenium] (_parseElementOnXpath) -> (//span[text()='Customers'])[2] is used
14:39:09,624 INFO  [BrowserSelenium] EXIT --> (_parseElementOnXpath)
14:39:09,624 INFO  [BrowserSelenium] EXIT --> (_getByLocator)
14:39:09,660 INFO  [BrowserSelenium] ENTER --> (_getByLocator)
14:39:09,660 INFO  [BrowserSelenium] (_getByLocator) -> Getting locator for null
14:39:09,661 INFO  [BrowserSelenium] (_getByLocator) -> Locator info found for XPATH attribute as: (//span[text()='Customers'])[2]
14:39:09,661 INFO  [BrowserSelenium] ENTER --> (_parseElementOnXpath)
14:39:09,661 INFO  [BrowserSelenium] (_parseElementOnXpath) -> (//span[text()='Customers'])[2] is used
14:39:09,661 INFO  [BrowserSelenium] EXIT --> (_parseElementOnXpath)
14:39:09,661 INFO  [BrowserSelenium] EXIT --> (_getByLocator)
14:39:09,684 INFO  [BrowserSelenium] ENTER --> (_getByLocator)
14:39:09,685 INFO  [BrowserSelenium] (_getByLocator) -> Getting locator for null
14:39:09,685 INFO  [BrowserSelenium] (_getByLocator) -> Locator info found for XPATH attribute as: (//span[text()='Customers'])[2]
14:39:09,685 INFO  [BrowserSelenium] ENTER --> (_parseElementOnXpath)
14:39:09,685 INFO  [BrowserSelenium] (_parseElementOnXpath) -> (//span[text()='Customers'])[2] is used
14:39:09,685 INFO  [BrowserSelenium] EXIT --> (_parseElementOnXpath)
14:39:09,686 INFO  [BrowserSelenium] EXIT --> (_getByLocator)
14:39:09,711 INFO  [BrowserSelenium] ENTER --> (_getByLocator)
14:39:09,712 INFO  [BrowserSelenium] (_getByLocator) -> Getting locator for null
14:39:09,712 INFO  [BrowserSelenium] (_getByLocator) -> Locator info found for XPATH attribute as: (//span[text()='Customers'])[2]
14:39:09,712 INFO  [BrowserSelenium] ENTER --> (_parseElementOnXpath)
14:39:09,712 INFO  [BrowserSelenium] (_parseElementOnXpath) -> (//span[text()='Customers'])[2] is used
14:39:09,712 INFO  [BrowserSelenium] EXIT --> (_parseElementOnXpath)
14:39:09,712 INFO  [BrowserSelenium] EXIT --> (_getByLocator)
14:39:09,732 INFO  [BrowserSelenium] ENTER --> (_getByLocator)
14:39:09,733 INFO  [BrowserSelenium] (_getByLocator) -> Getting locator for null
14:39:09,733 INFO  [BrowserSelenium] (_getByLocator) -> Locator info found for XPATH attribute as: (//span[text()='Customers'])[2]
14:39:09,733 INFO  [BrowserSelenium] ENTER --> (_parseElementOnXpath)
14:39:09,733 INFO  [BrowserSelenium] (_parseElementOnXpath) -> (//span[text()='Customers'])[2] is used
14:39:09,733 INFO  [BrowserSelenium] EXIT --> (_parseElementOnXpath)
14:39:09,733 INFO  [BrowserSelenium] EXIT --> (_getByLocator)
14:39:09,791 INFO  [BrowserSelenium] ENTER --> (_getByLocator)
14:39:09,791 INFO  [BrowserSelenium] (_getByLocator) -> Getting locator for null
14:39:09,791 INFO  [BrowserSelenium] (_getByLocator) -> Locator info found for XPATH attribute as: (//span[text()='Customers'])[2]
14:39:09,791 INFO  [BrowserSelenium] ENTER --> (_parseElementOnXpath)
14:39:09,791 INFO  [BrowserSelenium] (_parseElementOnXpath) -> (//span[text()='Customers'])[2] is used
14:39:09,792 INFO  [BrowserSelenium] EXIT --> (_parseElementOnXpath)
14:39:09,792 INFO  [BrowserSelenium] EXIT --> (_getByLocator)
14:39:09,811 INFO  [BrowserSelenium] ENTER --> (_getByLocator)
14:39:09,811 INFO  [BrowserSelenium] (_getByLocator) -> Getting locator for null
14:39:09,811 INFO  [BrowserSelenium] (_getByLocator) -> Locator info found for XPATH attribute as: (//span[text()='Customers'])[2]
14:39:09,811 INFO  [BrowserSelenium] ENTER --> (_parseElementOnXpath)
14:39:09,811 INFO  [BrowserSelenium] (_parseElementOnXpath) -> (//span[text()='Customers'])[2] is used
14:39:09,811 INFO  [BrowserSelenium] EXIT --> (_parseElementOnXpath)
14:39:09,812 INFO  [BrowserSelenium] EXIT --> (_getByLocator)
14:39:09,829 INFO  [BrowserSelenium] ENTER --> (_getByLocator)
14:39:09,830 INFO  [BrowserSelenium] (_getByLocator) -> Getting locator for null
14:39:09,830 INFO  [BrowserSelenium] (_getByLocator) -> Locator info found for XPATH attribute as: (//span[text()='Customers'])[2]
14:39:09,830 INFO  [BrowserSelenium] ENTER --> (_parseElementOnXpath)
14:39:09,830 INFO  [BrowserSelenium] (_parseElementOnXpath) -> (//span[text()='Customers'])[2] is used
14:39:09,830 INFO  [BrowserSelenium] EXIT --> (_parseElementOnXpath)
14:39:09,830 INFO  [BrowserSelenium] EXIT --> (_getByLocator)
14:39:09,848 INFO  [BrowserSelenium] ENTER --> (_getByLocator)
14:39:09,848 INFO  [BrowserSelenium] (_getByLocator) -> Getting locator for null
14:39:09,848 INFO  [BrowserSelenium] (_getByLocator) -> Locator info found for XPATH attribute as: (//span[text()='Customers'])[2]
14:39:09,848 INFO  [BrowserSelenium] ENTER --> (_parseElementOnXpath)
14:39:09,848 INFO  [BrowserSelenium] (_parseElementOnXpath) -> (//span[text()='Customers'])[2] is used
14:39:09,848 INFO  [BrowserSelenium] EXIT --> (_parseElementOnXpath)
14:39:09,849 INFO  [BrowserSelenium] EXIT --> (_getByLocator)
14:39:09,866 INFO  [BrowserSelenium] ENTER --> (_getByLocator)
14:39:09,866 INFO  [BrowserSelenium] (_getByLocator) -> Getting locator for null
14:39:09,867 INFO  [BrowserSelenium] (_getByLocator) -> Locator info found for XPATH attribute as: (//span[text()='Customers'])[2]
14:39:09,867 INFO  [BrowserSelenium] ENTER --> (_parseElementOnXpath)
14:39:09,867 INFO  [BrowserSelenium] (_parseElementOnXpath) -> (//span[text()='Customers'])[2] is used
14:39:09,867 INFO  [BrowserSelenium] EXIT --> (_parseElementOnXpath)
14:39:09,867 INFO  [BrowserSelenium] EXIT --> (_getByLocator)
14:39:09,884 INFO  [BrowserSelenium] ENTER --> (_getByLocator)
14:39:09,885 INFO  [BrowserSelenium] (_getByLocator) -> Getting locator for null
14:39:09,885 INFO  [BrowserSelenium] (_getByLocator) -> Locator info found for XPATH attribute as: (//span[text()='Customers'])[2]
14:39:09,885 INFO  [BrowserSelenium] ENTER --> (_parseElementOnXpath)
14:39:09,885 INFO  [BrowserSelenium] (_parseElementOnXpath) -> (//span[text()='Customers'])[2] is used
14:39:09,885 INFO  [BrowserSelenium] EXIT --> (_parseElementOnXpath)
14:39:09,885 INFO  [BrowserSelenium] EXIT --> (_getByLocator)
14:39:09,957 INFO  [BrowserSelenium] ENTER --> (_getByLocator)
14:39:09,957 INFO  [BrowserSelenium] (_getByLocator) -> Getting locator for null
14:39:09,957 INFO  [BrowserSelenium] (_getByLocator) -> Locator info found for XPATH attribute as: (//span[text()='Customers'])[2]
14:39:09,957 INFO  [BrowserSelenium] ENTER --> (_parseElementOnXpath)
14:39:09,957 INFO  [BrowserSelenium] (_parseElementOnXpath) -> (//span[text()='Customers'])[2] is used
14:39:09,957 INFO  [BrowserSelenium] EXIT --> (_parseElementOnXpath)
14:39:09,957 INFO  [BrowserSelenium] EXIT --> (_getByLocator)
14:39:09,979 INFO  [BrowserSelenium] ENTER --> (_getByLocator)
14:39:09,979 INFO  [BrowserSelenium] (_getByLocator) -> Getting locator for null
14:39:09,979 INFO  [BrowserSelenium] (_getByLocator) -> Locator info found for XPATH attribute as: (//span[text()='Customers'])[2]
14:39:09,979 INFO  [BrowserSelenium] ENTER --> (_parseElementOnXpath)
14:39:09,979 INFO  [BrowserSelenium] (_parseElementOnXpath) -> (//span[text()='Customers'])[2] is used
14:39:09,979 INFO  [BrowserSelenium] EXIT --> (_parseElementOnXpath)
14:39:09,980 INFO  [BrowserSelenium] EXIT --> (_getByLocator)
14:39:09,999 INFO  [BrowserSelenium] ENTER --> (_getByLocator)
14:39:09,999 INFO  [BrowserSelenium] (_getByLocator) -> Getting locator for null
14:39:09,999 INFO  [BrowserSelenium] (_getByLocator) -> Locator info found for XPATH attribute as: (//span[text()='Customers'])[2]
14:39:09,999 INFO  [BrowserSelenium] ENTER --> (_parseElementOnXpath)
14:39:10,000 INFO  [BrowserSelenium] (_parseElementOnXpath) -> (//span[text()='Customers'])[2] is used
14:39:10,000 INFO  [BrowserSelenium] EXIT --> (_parseElementOnXpath)
14:39:10,000 INFO  [BrowserSelenium] EXIT --> (_getByLocator)
14:39:10,022 INFO  [BrowserSelenium] ENTER --> (_getByLocator)
14:39:10,022 INFO  [BrowserSelenium] (_getByLocator) -> Getting locator for null
14:39:10,022 INFO  [BrowserSelenium] (_getByLocator) -> Locator info found for XPATH attribute as: (//span[text()='Customers'])[2]
14:39:10,022 INFO  [BrowserSelenium] ENTER --> (_parseElementOnXpath)
14:39:10,022 INFO  [BrowserSelenium] (_parseElementOnXpath) -> (//span[text()='Customers'])[2] is used
14:39:10,023 INFO  [BrowserSelenium] EXIT --> (_parseElementOnXpath)
14:39:10,023 INFO  [BrowserSelenium] EXIT --> (_getByLocator)
14:39:10,075 INFO  [BrowserSelenium] ENTER --> (_getByLocator)
14:39:10,075 INFO  [BrowserSelenium] (_getByLocator) -> Getting locator for null
14:39:10,075 INFO  [BrowserSelenium] (_getByLocator) -> Locator info found for XPATH attribute as: (//span[text()='Customers'])[2]
14:39:10,075 INFO  [BrowserSelenium] ENTER --> (_parseElementOnXpath)
14:39:10,075 INFO  [BrowserSelenium] (_parseElementOnXpath) -> (//span[text()='Customers'])[2] is used
14:39:10,075 INFO  [BrowserSelenium] EXIT --> (_parseElementOnXpath)
14:39:10,075 INFO  [BrowserSelenium] EXIT --> (_getByLocator)
14:39:10,093 INFO  [BrowserSelenium] ENTER --> (_getByLocator)
14:39:10,093 INFO  [BrowserSelenium] (_getByLocator) -> Getting locator for null
14:39:10,093 INFO  [BrowserSelenium] (_getByLocator) -> Locator info found for XPATH attribute as: (//span[text()='Customers'])[2]
14:39:10,093 INFO  [BrowserSelenium] ENTER --> (_parseElementOnXpath)
14:39:10,093 INFO  [BrowserSelenium] (_parseElementOnXpath) -> (//span[text()='Customers'])[2] is used
14:39:10,093 INFO  [BrowserSelenium] EXIT --> (_parseElementOnXpath)
14:39:10,093 INFO  [BrowserSelenium] EXIT --> (_getByLocator)
14:39:10,114 INFO  [BrowserSelenium] ENTER --> (_getByLocator)
14:39:10,114 INFO  [BrowserSelenium] (_getByLocator) -> Getting locator for null
14:39:10,115 INFO  [BrowserSelenium] (_getByLocator) -> Locator info found for XPATH attribute as: (//span[text()='Customers'])[2]
14:39:10,115 INFO  [BrowserSelenium] ENTER --> (_parseElementOnXpath)
14:39:10,115 INFO  [BrowserSelenium] (_parseElementOnXpath) -> (//span[text()='Customers'])[2] is used
14:39:10,115 INFO  [BrowserSelenium] EXIT --> (_parseElementOnXpath)
14:39:10,115 INFO  [BrowserSelenium] EXIT --> (_getByLocator)
14:39:10,134 INFO  [BrowserSelenium] ENTER --> (_getByLocator)
14:39:10,135 INFO  [BrowserSelenium] (_getByLocator) -> Getting locator for null
14:39:10,135 INFO  [BrowserSelenium] (_getByLocator) -> Locator info found for XPATH attribute as: (//span[text()='Customers'])[2]
14:39:10,135 INFO  [BrowserSelenium] ENTER --> (_parseElementOnXpath)
14:39:10,135 INFO  [BrowserSelenium] (_parseElementOnXpath) -> (//span[text()='Customers'])[2] is used
14:39:10,135 INFO  [BrowserSelenium] EXIT --> (_parseElementOnXpath)
14:39:10,135 INFO  [BrowserSelenium] EXIT --> (_getByLocator)
14:39:10,155 INFO  [BrowserSelenium] ENTER --> (_getByLocator)
14:39:10,156 INFO  [BrowserSelenium] (_getByLocator) -> Getting locator for null
14:39:10,156 INFO  [BrowserSelenium] (_getByLocator) -> Locator info found for XPATH attribute as: (//span[text()='Customers'])[2]
14:39:10,156 INFO  [BrowserSelenium] ENTER --> (_parseElementOnXpath)
14:39:10,156 INFO  [BrowserSelenium] (_parseElementOnXpath) -> (//span[text()='Customers'])[2] is used
14:39:10,156 INFO  [BrowserSelenium] EXIT --> (_parseElementOnXpath)
14:39:10,156 INFO  [BrowserSelenium] EXIT --> (_getByLocator)
14:39:10,176 INFO  [BrowserSelenium] ENTER --> (_getByLocator)
14:39:10,176 INFO  [BrowserSelenium] (_getByLocator) -> Getting locator for null
14:39:10,177 INFO  [BrowserSelenium] (_getByLocator) -> Locator info found for XPATH attribute as: (//span[text()='Customers'])[2]
14:39:10,177 INFO  [BrowserSelenium] ENTER --> (_parseElementOnXpath)
14:39:10,177 INFO  [BrowserSelenium] (_parseElementOnXpath) -> (//span[text()='Customers'])[2] is used
14:39:10,177 INFO  [BrowserSelenium] EXIT --> (_parseElementOnXpath)
14:39:10,177 INFO  [BrowserSelenium] EXIT --> (_getByLocator)
14:39:10,197 INFO  [BrowserSelenium] ENTER --> (_getByLocator)
14:39:10,198 INFO  [BrowserSelenium] (_getByLocator) -> Getting locator for null
14:39:10,198 INFO  [BrowserSelenium] (_getByLocator) -> Locator info found for XPATH attribute as: (//span[text()='Customers'])[2]
14:39:10,198 INFO  [BrowserSelenium] ENTER --> (_parseElementOnXpath)
14:39:10,198 INFO  [BrowserSelenium] (_parseElementOnXpath) -> (//span[text()='Customers'])[2] is used
14:39:10,198 INFO  [BrowserSelenium] EXIT --> (_parseElementOnXpath)
14:39:10,198 INFO  [BrowserSelenium] EXIT --> (_getByLocator)
14:39:10,216 INFO  [BrowserSelenium] ENTER --> (_getByLocator)
14:39:10,217 INFO  [BrowserSelenium] (_getByLocator) -> Getting locator for null
14:39:10,217 INFO  [BrowserSelenium] (_getByLocator) -> Locator info found for XPATH attribute as: (//span[text()='Customers'])[2]
14:39:10,217 INFO  [BrowserSelenium] ENTER --> (_parseElementOnXpath)
14:39:10,217 INFO  [BrowserSelenium] (_parseElementOnXpath) -> (//span[text()='Customers'])[2] is used
14:39:10,217 INFO  [BrowserSelenium] EXIT --> (_parseElementOnXpath)
14:39:10,217 INFO  [BrowserSelenium] EXIT --> (_getByLocator)
14:39:10,234 INFO  [BrowserSelenium] ENTER --> (_getByLocator)
14:39:10,234 INFO  [BrowserSelenium] (_getByLocator) -> Getting locator for null
14:39:10,235 INFO  [BrowserSelenium] (_getByLocator) -> Locator info found for XPATH attribute as: (//span[text()='Customers'])[2]
14:39:10,235 INFO  [BrowserSelenium] ENTER --> (_parseElementOnXpath)
14:39:10,235 INFO  [BrowserSelenium] (_parseElementOnXpath) -> (//span[text()='Customers'])[2] is used
14:39:10,235 INFO  [BrowserSelenium] EXIT --> (_parseElementOnXpath)
14:39:10,235 INFO  [BrowserSelenium] EXIT --> (_getByLocator)
14:39:10,252 INFO  [BrowserSelenium] ENTER --> (_getByLocator)
14:39:10,252 INFO  [BrowserSelenium] (_getByLocator) -> Getting locator for null
14:39:10,253 INFO  [BrowserSelenium] (_getByLocator) -> Locator info found for XPATH attribute as: (//span[text()='Customers'])[2]
14:39:10,253 INFO  [BrowserSelenium] ENTER --> (_parseElementOnXpath)
14:39:10,253 INFO  [BrowserSelenium] (_parseElementOnXpath) -> (//span[text()='Customers'])[2] is used
14:39:10,253 INFO  [BrowserSelenium] EXIT --> (_parseElementOnXpath)
14:39:10,253 INFO  [BrowserSelenium] EXIT --> (_getByLocator)
14:39:10,272 INFO  [BrowserSelenium] ENTER --> (_getByLocator)
14:39:10,272 INFO  [BrowserSelenium] (_getByLocator) -> Getting locator for null
14:39:10,272 INFO  [BrowserSelenium] (_getByLocator) -> Locator info found for XPATH attribute as: (//span[text()='Customers'])[2]
14:39:10,273 INFO  [BrowserSelenium] ENTER --> (_parseElementOnXpath)
14:39:10,273 INFO  [BrowserSelenium] (_parseElementOnXpath) -> (//span[text()='Customers'])[2] is used
14:39:10,273 INFO  [BrowserSelenium] EXIT --> (_parseElementOnXpath)
14:39:10,273 INFO  [BrowserSelenium] EXIT --> (_getByLocator)
14:39:10,299 INFO  [BrowserSelenium] ENTER --> (_getByLocator)
14:39:10,299 INFO  [BrowserSelenium] (_getByLocator) -> Getting locator for null
14:39:10,299 INFO  [BrowserSelenium] (_getByLocator) -> Locator info found for XPATH attribute as: (//span[text()='Customers'])[2]
14:39:10,299 INFO  [BrowserSelenium] ENTER --> (_parseElementOnXpath)
14:39:10,299 INFO  [BrowserSelenium] (_parseElementOnXpath) -> (//span[text()='Customers'])[2] is used
14:39:10,299 INFO  [BrowserSelenium] EXIT --> (_parseElementOnXpath)
14:39:10,300 INFO  [BrowserSelenium] EXIT --> (_getByLocator)
14:39:10,324 INFO  [BrowserSelenium] ENTER --> (_getByLocator)
14:39:10,324 INFO  [BrowserSelenium] (_getByLocator) -> Getting locator for null
14:39:10,325 INFO  [BrowserSelenium] (_getByLocator) -> Locator info found for XPATH attribute as: (//span[text()='Customers'])[2]
14:39:10,325 INFO  [BrowserSelenium] ENTER --> (_parseElementOnXpath)
14:39:10,325 INFO  [BrowserSelenium] (_parseElementOnXpath) -> (//span[text()='Customers'])[2] is used
14:39:10,325 INFO  [BrowserSelenium] EXIT --> (_parseElementOnXpath)
14:39:10,325 INFO  [BrowserSelenium] EXIT --> (_getByLocator)
14:39:10,342 INFO  [BrowserSelenium] ENTER --> (_getByLocator)
14:39:10,342 INFO  [BrowserSelenium] (_getByLocator) -> Getting locator for null
14:39:10,342 INFO  [BrowserSelenium] (_getByLocator) -> Locator info found for XPATH attribute as: (//span[text()='Customers'])[2]
14:39:10,343 INFO  [BrowserSelenium] ENTER --> (_parseElementOnXpath)
14:39:10,343 INFO  [BrowserSelenium] (_parseElementOnXpath) -> (//span[text()='Customers'])[2] is used
14:39:10,343 INFO  [BrowserSelenium] EXIT --> (_parseElementOnXpath)
14:39:10,343 INFO  [BrowserSelenium] EXIT --> (_getByLocator)
14:39:10,360 INFO  [BrowserSelenium] ENTER --> (_getByLocator)
14:39:10,360 INFO  [BrowserSelenium] (_getByLocator) -> Getting locator for null
14:39:10,360 INFO  [BrowserSelenium] (_getByLocator) -> Locator info found for XPATH attribute as: (//span[text()='Customers'])[2]
14:39:10,360 INFO  [BrowserSelenium] ENTER --> (_parseElementOnXpath)
14:39:10,361 INFO  [BrowserSelenium] (_parseElementOnXpath) -> (//span[text()='Customers'])[2] is used
14:39:10,361 INFO  [BrowserSelenium] EXIT --> (_parseElementOnXpath)
14:39:10,361 INFO  [BrowserSelenium] EXIT --> (_getByLocator)
14:39:10,378 INFO  [BrowserSelenium] ENTER --> (_getByLocator)
14:39:10,378 INFO  [BrowserSelenium] (_getByLocator) -> Getting locator for null
14:39:10,378 INFO  [BrowserSelenium] (_getByLocator) -> Locator info found for XPATH attribute as: (//span[text()='Customers'])[2]
14:39:10,378 INFO  [BrowserSelenium] ENTER --> (_parseElementOnXpath)
14:39:10,378 INFO  [BrowserSelenium] (_parseElementOnXpath) -> (//span[text()='Customers'])[2] is used
14:39:10,378 INFO  [BrowserSelenium] EXIT --> (_parseElementOnXpath)
14:39:10,378 INFO  [BrowserSelenium] EXIT --> (_getByLocator)
14:39:10,399 INFO  [BrowserSelenium] ENTER --> (_getByLocator)
14:39:10,399 INFO  [BrowserSelenium] (_getByLocator) -> Getting locator for null
14:39:10,400 INFO  [BrowserSelenium] (_getByLocator) -> Locator info found for XPATH attribute as: (//span[text()='Customers'])[2]
14:39:10,400 INFO  [BrowserSelenium] ENTER --> (_parseElementOnXpath)
14:39:10,400 INFO  [BrowserSelenium] (_parseElementOnXpath) -> (//span[text()='Customers'])[2] is used
14:39:10,400 INFO  [BrowserSelenium] EXIT --> (_parseElementOnXpath)
14:39:10,400 INFO  [BrowserSelenium] EXIT --> (_getByLocator)
14:39:10,418 INFO  [BrowserSelenium] ENTER --> (_getByLocator)
14:39:10,418 INFO  [BrowserSelenium] (_getByLocator) -> Getting locator for null
14:39:10,418 INFO  [BrowserSelenium] (_getByLocator) -> Locator info found for XPATH attribute as: (//span[text()='Customers'])[2]
14:39:10,418 INFO  [BrowserSelenium] ENTER --> (_parseElementOnXpath)
14:39:10,418 INFO  [BrowserSelenium] (_parseElementOnXpath) -> (//span[text()='Customers'])[2] is used
14:39:10,419 INFO  [BrowserSelenium] EXIT --> (_parseElementOnXpath)
14:39:10,419 INFO  [BrowserSelenium] EXIT --> (_getByLocator)
14:39:10,436 INFO  [BrowserSelenium] ENTER --> (_getByLocator)
14:39:10,436 INFO  [BrowserSelenium] (_getByLocator) -> Getting locator for null
14:39:10,436 INFO  [BrowserSelenium] (_getByLocator) -> Locator info found for XPATH attribute as: (//span[text()='Customers'])[2]
14:39:10,436 INFO  [BrowserSelenium] ENTER --> (_parseElementOnXpath)
14:39:10,436 INFO  [BrowserSelenium] (_parseElementOnXpath) -> (//span[text()='Customers'])[2] is used
14:39:10,436 INFO  [BrowserSelenium] EXIT --> (_parseElementOnXpath)
14:39:10,436 INFO  [BrowserSelenium] EXIT --> (_getByLocator)
14:39:10,454 INFO  [BrowserSelenium] ENTER --> (_getByLocator)
14:39:10,455 INFO  [BrowserSelenium] (_getByLocator) -> Getting locator for null
14:39:10,455 INFO  [BrowserSelenium] (_getByLocator) -> Locator info found for XPATH attribute as: (//span[text()='Customers'])[2]
14:39:10,455 INFO  [BrowserSelenium] ENTER --> (_parseElementOnXpath)
14:39:10,455 INFO  [BrowserSelenium] (_parseElementOnXpath) -> (//span[text()='Customers'])[2] is used
14:39:10,455 INFO  [BrowserSelenium] EXIT --> (_parseElementOnXpath)
14:39:10,455 INFO  [BrowserSelenium] EXIT --> (_getByLocator)
14:39:10,473 INFO  [BrowserSelenium] ENTER --> (_getByLocator)
14:39:10,473 INFO  [BrowserSelenium] (_getByLocator) -> Getting locator for null
14:39:10,473 INFO  [BrowserSelenium] (_getByLocator) -> Locator info found for XPATH attribute as: (//span[text()='Customers'])[2]
14:39:10,473 INFO  [BrowserSelenium] ENTER --> (_parseElementOnXpath)
14:39:10,473 INFO  [BrowserSelenium] (_parseElementOnXpath) -> (//span[text()='Customers'])[2] is used
14:39:10,473 INFO  [BrowserSelenium] EXIT --> (_parseElementOnXpath)
14:39:10,474 INFO  [BrowserSelenium] EXIT --> (_getByLocator)
14:39:10,491 INFO  [BrowserSelenium] ENTER --> (_getByLocator)
14:39:10,491 INFO  [BrowserSelenium] (_getByLocator) -> Getting locator for null
14:39:10,491 INFO  [BrowserSelenium] (_getByLocator) -> Locator info found for XPATH attribute as: (//span[text()='Customers'])[2]
14:39:10,491 INFO  [BrowserSelenium] ENTER --> (_parseElementOnXpath)
14:39:10,491 INFO  [BrowserSelenium] (_parseElementOnXpath) -> (//span[text()='Customers'])[2] is used
14:39:10,492 INFO  [BrowserSelenium] EXIT --> (_parseElementOnXpath)
14:39:10,492 INFO  [BrowserSelenium] EXIT --> (_getByLocator)
14:39:10,510 INFO  [BrowserSelenium] ENTER --> (_getByLocator)
14:39:10,510 INFO  [BrowserSelenium] (_getByLocator) -> Getting locator for null
14:39:10,510 INFO  [BrowserSelenium] (_getByLocator) -> Locator info found for XPATH attribute as: (//span[text()='Customers'])[2]
14:39:10,510 INFO  [BrowserSelenium] ENTER --> (_parseElementOnXpath)
14:39:10,510 INFO  [BrowserSelenium] (_parseElementOnXpath) -> (//span[text()='Customers'])[2] is used
14:39:10,510 INFO  [BrowserSelenium] EXIT --> (_parseElementOnXpath)
14:39:10,510 INFO  [BrowserSelenium] EXIT --> (_getByLocator)
14:39:10,529 INFO  [BrowserSelenium] ENTER --> (_getByLocator)
14:39:10,530 INFO  [BrowserSelenium] (_getByLocator) -> Getting locator for null
14:39:10,530 INFO  [BrowserSelenium] (_getByLocator) -> Locator info found for XPATH attribute as: (//span[text()='Customers'])[2]
14:39:10,530 INFO  [BrowserSelenium] ENTER --> (_parseElementOnXpath)
14:39:10,530 INFO  [BrowserSelenium] (_parseElementOnXpath) -> (//span[text()='Customers'])[2] is used
14:39:10,530 INFO  [BrowserSelenium] EXIT --> (_parseElementOnXpath)
14:39:10,530 INFO  [BrowserSelenium] EXIT --> (_getByLocator)
14:39:10,548 INFO  [BrowserSelenium] ENTER --> (_getByLocator)
14:39:10,548 INFO  [BrowserSelenium] (_getByLocator) -> Getting locator for null
14:39:10,549 INFO  [BrowserSelenium] (_getByLocator) -> Locator info found for XPATH attribute as: (//span[text()='Customers'])[2]
14:39:10,549 INFO  [BrowserSelenium] ENTER --> (_parseElementOnXpath)
14:39:10,549 INFO  [BrowserSelenium] (_parseElementOnXpath) -> (//span[text()='Customers'])[2] is used
14:39:10,549 INFO  [BrowserSelenium] EXIT --> (_parseElementOnXpath)
14:39:10,549 INFO  [BrowserSelenium] EXIT --> (_getByLocator)
14:39:10,566 INFO  [BrowserSelenium] ENTER --> (_getByLocator)
14:39:10,567 INFO  [BrowserSelenium] (_getByLocator) -> Getting locator for null
14:39:10,567 INFO  [BrowserSelenium] (_getByLocator) -> Locator info found for XPATH attribute as: (//span[text()='Customers'])[2]
14:39:10,567 INFO  [BrowserSelenium] ENTER --> (_parseElementOnXpath)
14:39:10,567 INFO  [BrowserSelenium] (_parseElementOnXpath) -> (//span[text()='Customers'])[2] is used
14:39:10,567 INFO  [BrowserSelenium] EXIT --> (_parseElementOnXpath)
14:39:10,567 INFO  [BrowserSelenium] EXIT --> (_getByLocator)
14:39:10,585 INFO  [BrowserSelenium] ENTER --> (_getByLocator)
14:39:10,585 INFO  [BrowserSelenium] (_getByLocator) -> Getting locator for null
14:39:10,585 INFO  [BrowserSelenium] (_getByLocator) -> Locator info found for XPATH attribute as: (//span[text()='Customers'])[2]
14:39:10,585 INFO  [BrowserSelenium] ENTER --> (_parseElementOnXpath)
14:39:10,586 INFO  [BrowserSelenium] (_parseElementOnXpath) -> (//span[text()='Customers'])[2] is used
14:39:10,586 INFO  [BrowserSelenium] EXIT --> (_parseElementOnXpath)
14:39:10,586 INFO  [BrowserSelenium] EXIT --> (_getByLocator)
14:39:10,604 INFO  [BrowserSelenium] ENTER --> (_getByLocator)
14:39:10,604 INFO  [BrowserSelenium] (_getByLocator) -> Getting locator for null
14:39:10,604 INFO  [BrowserSelenium] (_getByLocator) -> Locator info found for XPATH attribute as: (//span[text()='Customers'])[2]
14:39:10,605 INFO  [BrowserSelenium] ENTER --> (_parseElementOnXpath)
14:39:10,605 INFO  [BrowserSelenium] (_parseElementOnXpath) -> (//span[text()='Customers'])[2] is used
14:39:10,605 INFO  [BrowserSelenium] EXIT --> (_parseElementOnXpath)
14:39:10,605 INFO  [BrowserSelenium] EXIT --> (_getByLocator)
14:39:10,622 INFO  [BrowserSelenium] ENTER --> (_getByLocator)
14:39:10,622 INFO  [BrowserSelenium] (_getByLocator) -> Getting locator for null
14:39:10,622 INFO  [BrowserSelenium] (_getByLocator) -> Locator info found for XPATH attribute as: (//span[text()='Customers'])[2]
14:39:10,622 INFO  [BrowserSelenium] ENTER --> (_parseElementOnXpath)
14:39:10,622 INFO  [BrowserSelenium] (_parseElementOnXpath) -> (//span[text()='Customers'])[2] is used
14:39:10,623 INFO  [BrowserSelenium] EXIT --> (_parseElementOnXpath)
14:39:10,623 INFO  [BrowserSelenium] EXIT --> (_getByLocator)
14:39:10,641 INFO  [BrowserSelenium] ENTER --> (_getByLocator)
14:39:10,641 INFO  [BrowserSelenium] (_getByLocator) -> Getting locator for null
14:39:10,641 INFO  [BrowserSelenium] (_getByLocator) -> Locator info found for XPATH attribute as: (//span[text()='Customers'])[2]
14:39:10,641 INFO  [BrowserSelenium] ENTER --> (_parseElementOnXpath)
14:39:10,641 INFO  [BrowserSelenium] (_parseElementOnXpath) -> (//span[text()='Customers'])[2] is used
14:39:10,641 INFO  [BrowserSelenium] EXIT --> (_parseElementOnXpath)
14:39:10,642 INFO  [BrowserSelenium] EXIT --> (_getByLocator)
14:39:10,659 INFO  [BrowserSelenium] ENTER --> (_getByLocator)
14:39:10,659 INFO  [BrowserSelenium] (_getByLocator) -> Getting locator for null
14:39:10,659 INFO  [BrowserSelenium] (_getByLocator) -> Locator info found for XPATH attribute as: (//span[text()='Customers'])[2]
14:39:10,660 INFO  [BrowserSelenium] ENTER --> (_parseElementOnXpath)
14:39:10,660 INFO  [BrowserSelenium] (_parseElementOnXpath) -> (//span[text()='Customers'])[2] is used
14:39:10,660 INFO  [BrowserSelenium] EXIT --> (_parseElementOnXpath)
14:39:10,660 INFO  [BrowserSelenium] EXIT --> (_getByLocator)
14:39:10,680 INFO  [BrowserSelenium] ENTER --> (_getByLocator)
14:39:10,681 INFO  [BrowserSelenium] (_getByLocator) -> Getting locator for null
14:39:10,681 INFO  [BrowserSelenium] (_getByLocator) -> Locator info found for XPATH attribute as: (//span[text()='Customers'])[2]
14:39:10,681 INFO  [BrowserSelenium] ENTER --> (_parseElementOnXpath)
14:39:10,681 INFO  [BrowserSelenium] (_parseElementOnXpath) -> (//span[text()='Customers'])[2] is used
14:39:10,681 INFO  [BrowserSelenium] EXIT --> (_parseElementOnXpath)
14:39:10,682 INFO  [BrowserSelenium] EXIT --> (_getByLocator)
14:39:10,706 INFO  [BrowserSelenium] ENTER --> (_getByLocator)
14:39:10,706 INFO  [BrowserSelenium] (_getByLocator) -> Getting locator for null
14:39:10,706 INFO  [BrowserSelenium] (_getByLocator) -> Locator info found for XPATH attribute as: (//span[text()='Customers'])[2]
14:39:10,706 INFO  [BrowserSelenium] ENTER --> (_parseElementOnXpath)
14:39:10,706 INFO  [BrowserSelenium] (_parseElementOnXpath) -> (//span[text()='Customers'])[2] is used
14:39:10,706 INFO  [BrowserSelenium] EXIT --> (_parseElementOnXpath)
14:39:10,706 INFO  [BrowserSelenium] EXIT --> (_getByLocator)
14:39:10,727 INFO  [BrowserSelenium] ENTER --> (_getByLocator)
14:39:10,727 INFO  [BrowserSelenium] (_getByLocator) -> Getting locator for null
14:39:10,727 INFO  [BrowserSelenium] (_getByLocator) -> Locator info found for XPATH attribute as: (//span[text()='Customers'])[2]
14:39:10,727 INFO  [BrowserSelenium] ENTER --> (_parseElementOnXpath)
14:39:10,727 INFO  [BrowserSelenium] (_parseElementOnXpath) -> (//span[text()='Customers'])[2] is used
14:39:10,727 INFO  [BrowserSelenium] EXIT --> (_parseElementOnXpath)
14:39:10,728 INFO  [BrowserSelenium] EXIT --> (_getByLocator)
14:39:10,746 INFO  [BrowserSelenium] ENTER --> (_getByLocator)
14:39:10,746 INFO  [BrowserSelenium] (_getByLocator) -> Getting locator for null
14:39:10,747 INFO  [BrowserSelenium] (_getByLocator) -> Locator info found for XPATH attribute as: (//span[text()='Customers'])[2]
14:39:10,747 INFO  [BrowserSelenium] ENTER --> (_parseElementOnXpath)
14:39:10,747 INFO  [BrowserSelenium] (_parseElementOnXpath) -> (//span[text()='Customers'])[2] is used
14:39:10,747 INFO  [BrowserSelenium] EXIT --> (_parseElementOnXpath)
14:39:10,747 INFO  [BrowserSelenium] EXIT --> (_getByLocator)
14:39:10,766 INFO  [BrowserSelenium] ENTER --> (_getByLocator)
14:39:10,766 INFO  [BrowserSelenium] (_getByLocator) -> Getting locator for null
14:39:10,766 INFO  [BrowserSelenium] (_getByLocator) -> Locator info found for XPATH attribute as: (//span[text()='Customers'])[2]
14:39:10,766 INFO  [BrowserSelenium] ENTER --> (_parseElementOnXpath)
14:39:10,767 INFO  [BrowserSelenium] (_parseElementOnXpath) -> (//span[text()='Customers'])[2] is used
14:39:10,767 INFO  [BrowserSelenium] EXIT --> (_parseElementOnXpath)
14:39:10,767 INFO  [BrowserSelenium] EXIT --> (_getByLocator)
14:39:10,785 INFO  [BrowserSelenium] ENTER --> (_getByLocator)
14:39:10,786 INFO  [BrowserSelenium] (_getByLocator) -> Getting locator for null
14:39:10,786 INFO  [BrowserSelenium] (_getByLocator) -> Locator info found for XPATH attribute as: (//span[text()='Customers'])[2]
14:39:10,786 INFO  [BrowserSelenium] ENTER --> (_parseElementOnXpath)
14:39:10,786 INFO  [BrowserSelenium] (_parseElementOnXpath) -> (//span[text()='Customers'])[2] is used
14:39:10,786 INFO  [BrowserSelenium] EXIT --> (_parseElementOnXpath)
14:39:10,786 INFO  [BrowserSelenium] EXIT --> (_getByLocator)
14:39:10,807 INFO  [BrowserSelenium] ENTER --> (_getByLocator)
14:39:10,808 INFO  [BrowserSelenium] (_getByLocator) -> Getting locator for null
14:39:10,808 INFO  [BrowserSelenium] (_getByLocator) -> Locator info found for XPATH attribute as: (//span[text()='Customers'])[2]
14:39:10,808 INFO  [BrowserSelenium] ENTER --> (_parseElementOnXpath)
14:39:10,808 INFO  [BrowserSelenium] (_parseElementOnXpath) -> (//span[text()='Customers'])[2] is used
14:39:10,808 INFO  [BrowserSelenium] EXIT --> (_parseElementOnXpath)
14:39:10,808 INFO  [BrowserSelenium] EXIT --> (_getByLocator)
14:39:10,827 INFO  [BrowserSelenium] ENTER --> (_getByLocator)
14:39:10,827 INFO  [BrowserSelenium] (_getByLocator) -> Getting locator for null
14:39:10,827 INFO  [BrowserSelenium] (_getByLocator) -> Locator info found for XPATH attribute as: (//span[text()='Customers'])[2]
14:39:10,827 INFO  [BrowserSelenium] ENTER --> (_parseElementOnXpath)
14:39:10,827 INFO  [BrowserSelenium] (_parseElementOnXpath) -> (//span[text()='Customers'])[2] is used
14:39:10,828 INFO  [BrowserSelenium] EXIT --> (_parseElementOnXpath)
14:39:10,828 INFO  [BrowserSelenium] EXIT --> (_getByLocator)
14:39:10,845 INFO  [BrowserSelenium] ENTER --> (_getByLocator)
14:39:10,845 INFO  [BrowserSelenium] (_getByLocator) -> Getting locator for null
14:39:10,845 INFO  [BrowserSelenium] (_getByLocator) -> Locator info found for XPATH attribute as: (//span[text()='Customers'])[2]
14:39:10,846 INFO  [BrowserSelenium] ENTER --> (_parseElementOnXpath)
14:39:10,846 INFO  [BrowserSelenium] (_parseElementOnXpath) -> (//span[text()='Customers'])[2] is used
14:39:10,846 INFO  [BrowserSelenium] EXIT --> (_parseElementOnXpath)
14:39:10,846 INFO  [BrowserSelenium] EXIT --> (_getByLocator)
14:39:10,863 INFO  [BrowserSelenium] ENTER --> (_getByLocator)
14:39:10,863 INFO  [BrowserSelenium] (_getByLocator) -> Getting locator for null
14:39:10,863 INFO  [BrowserSelenium] (_getByLocator) -> Locator info found for XPATH attribute as: (//span[text()='Customers'])[2]
14:39:10,864 INFO  [BrowserSelenium] ENTER --> (_parseElementOnXpath)
14:39:10,864 INFO  [BrowserSelenium] (_parseElementOnXpath) -> (//span[text()='Customers'])[2] is used
14:39:10,864 INFO  [BrowserSelenium] EXIT --> (_parseElementOnXpath)
14:39:10,864 INFO  [BrowserSelenium] EXIT --> (_getByLocator)
14:39:10,882 INFO  [BrowserSelenium] ENTER --> (_getByLocator)
14:39:10,882 INFO  [BrowserSelenium] (_getByLocator) -> Getting locator for null
14:39:10,882 INFO  [BrowserSelenium] (_getByLocator) -> Locator info found for XPATH attribute as: (//span[text()='Customers'])[2]
14:39:10,883 INFO  [BrowserSelenium] ENTER --> (_parseElementOnXpath)
14:39:10,883 INFO  [BrowserSelenium] (_parseElementOnXpath) -> (//span[text()='Customers'])[2] is used
14:39:10,883 INFO  [BrowserSelenium] EXIT --> (_parseElementOnXpath)
14:39:10,883 INFO  [BrowserSelenium] EXIT --> (_getByLocator)
14:39:10,900 INFO  [BrowserSelenium] ENTER --> (_getByLocator)
14:39:10,900 INFO  [BrowserSelenium] (_getByLocator) -> Getting locator for null
14:39:10,900 INFO  [BrowserSelenium] (_getByLocator) -> Locator info found for XPATH attribute as: (//span[text()='Customers'])[2]
14:39:10,900 INFO  [BrowserSelenium] ENTER --> (_parseElementOnXpath)
14:39:10,901 INFO  [BrowserSelenium] (_parseElementOnXpath) -> (//span[text()='Customers'])[2] is used
14:39:10,901 INFO  [BrowserSelenium] EXIT --> (_parseElementOnXpath)
14:39:10,901 INFO  [BrowserSelenium] EXIT --> (_getByLocator)
14:39:10,918 INFO  [BrowserSelenium] ENTER --> (_getByLocator)
14:39:10,918 INFO  [BrowserSelenium] (_getByLocator) -> Getting locator for null
14:39:10,919 INFO  [BrowserSelenium] (_getByLocator) -> Locator info found for XPATH attribute as: (//span[text()='Customers'])[2]
14:39:10,919 INFO  [BrowserSelenium] ENTER --> (_parseElementOnXpath)
14:39:10,919 INFO  [BrowserSelenium] (_parseElementOnXpath) -> (//span[text()='Customers'])[2] is used
14:39:10,919 INFO  [BrowserSelenium] EXIT --> (_parseElementOnXpath)
14:39:10,919 INFO  [BrowserSelenium] EXIT --> (_getByLocator)
14:39:10,937 INFO  [BrowserSelenium] ENTER --> (_getByLocator)
14:39:10,937 INFO  [BrowserSelenium] (_getByLocator) -> Getting locator for null
14:39:10,938 INFO  [BrowserSelenium] (_getByLocator) -> Locator info found for XPATH attribute as: (//span[text()='Customers'])[2]
14:39:10,938 INFO  [BrowserSelenium] ENTER --> (_parseElementOnXpath)
14:39:10,938 INFO  [BrowserSelenium] (_parseElementOnXpath) -> (//span[text()='Customers'])[2] is used
14:39:10,938 INFO  [BrowserSelenium] EXIT --> (_parseElementOnXpath)
14:39:10,938 INFO  [BrowserSelenium] EXIT --> (_getByLocator)
14:39:10,956 INFO  [BrowserSelenium] ENTER --> (_getByLocator)
14:39:10,956 INFO  [BrowserSelenium] (_getByLocator) -> Getting locator for null
14:39:10,957 INFO  [BrowserSelenium] (_getByLocator) -> Locator info found for XPATH attribute as: (//span[text()='Customers'])[2]
14:39:10,957 INFO  [BrowserSelenium] ENTER --> (_parseElementOnXpath)
14:39:10,957 INFO  [BrowserSelenium] (_parseElementOnXpath) -> (//span[text()='Customers'])[2] is used
14:39:10,957 INFO  [BrowserSelenium] EXIT --> (_parseElementOnXpath)
14:39:10,957 INFO  [BrowserSelenium] EXIT --> (_getByLocator)
14:39:10,974 INFO  [BrowserSelenium] ENTER --> (_getByLocator)
14:39:10,974 INFO  [BrowserSelenium] (_getByLocator) -> Getting locator for null
14:39:10,974 INFO  [BrowserSelenium] (_getByLocator) -> Locator info found for XPATH attribute as: (//span[text()='Customers'])[2]
14:39:10,974 INFO  [BrowserSelenium] ENTER --> (_parseElementOnXpath)
14:39:10,975 INFO  [BrowserSelenium] (_parseElementOnXpath) -> (//span[text()='Customers'])[2] is used
14:39:10,975 INFO  [BrowserSelenium] EXIT --> (_parseElementOnXpath)
14:39:10,975 INFO  [BrowserSelenium] EXIT --> (_getByLocator)
14:39:10,992 INFO  [BrowserSelenium] ENTER --> (_getByLocator)
14:39:10,992 INFO  [BrowserSelenium] (_getByLocator) -> Getting locator for null
14:39:10,992 INFO  [BrowserSelenium] (_getByLocator) -> Locator info found for XPATH attribute as: (//span[text()='Customers'])[2]
14:39:10,993 INFO  [BrowserSelenium] ENTER --> (_parseElementOnXpath)
14:39:10,993 INFO  [BrowserSelenium] (_parseElementOnXpath) -> (//span[text()='Customers'])[2] is used
14:39:10,993 INFO  [BrowserSelenium] EXIT --> (_parseElementOnXpath)
14:39:10,993 INFO  [BrowserSelenium] EXIT --> (_getByLocator)
14:39:11,011 INFO  [BrowserSelenium] ENTER --> (_getByLocator)
14:39:11,011 INFO  [BrowserSelenium] (_getByLocator) -> Getting locator for null
14:39:11,011 INFO  [BrowserSelenium] (_getByLocator) -> Locator info found for XPATH attribute as: (//span[text()='Customers'])[2]
14:39:11,011 INFO  [BrowserSelenium] ENTER --> (_parseElementOnXpath)
14:39:11,011 INFO  [BrowserSelenium] (_parseElementOnXpath) -> (//span[text()='Customers'])[2] is used
14:39:11,011 INFO  [BrowserSelenium] EXIT --> (_parseElementOnXpath)
14:39:11,011 INFO  [BrowserSelenium] EXIT --> (_getByLocator)
14:39:11,031 INFO  [BrowserSelenium] ENTER --> (_getByLocator)
14:39:11,031 INFO  [BrowserSelenium] (_getByLocator) -> Getting locator for null
14:39:11,031 INFO  [BrowserSelenium] (_getByLocator) -> Locator info found for XPATH attribute as: (//span[text()='Customers'])[2]
14:39:11,031 INFO  [BrowserSelenium] ENTER --> (_parseElementOnXpath)
14:39:11,031 INFO  [BrowserSelenium] (_parseElementOnXpath) -> (//span[text()='Customers'])[2] is used
14:39:11,031 INFO  [BrowserSelenium] EXIT --> (_parseElementOnXpath)
14:39:11,032 INFO  [BrowserSelenium] EXIT --> (_getByLocator)
14:39:11,052 INFO  [BrowserSelenium] ENTER --> (_getByLocator)
14:39:11,052 INFO  [BrowserSelenium] (_getByLocator) -> Getting locator for null
14:39:11,052 INFO  [BrowserSelenium] (_getByLocator) -> Locator info found for XPATH attribute as: (//span[text()='Customers'])[2]
14:39:11,052 INFO  [BrowserSelenium] ENTER --> (_parseElementOnXpath)
14:39:11,053 INFO  [BrowserSelenium] (_parseElementOnXpath) -> (//span[text()='Customers'])[2] is used
14:39:11,053 INFO  [BrowserSelenium] EXIT --> (_parseElementOnXpath)
14:39:11,053 INFO  [BrowserSelenium] EXIT --> (_getByLocator)
14:39:11,072 INFO  [BrowserSelenium] ENTER --> (_getByLocator)
14:39:11,073 INFO  [BrowserSelenium] (_getByLocator) -> Getting locator for null
14:39:11,073 INFO  [BrowserSelenium] (_getByLocator) -> Locator info found for XPATH attribute as: (//span[text()='Customers'])[2]
14:39:11,073 INFO  [BrowserSelenium] ENTER --> (_parseElementOnXpath)
14:39:11,073 INFO  [BrowserSelenium] (_parseElementOnXpath) -> (//span[text()='Customers'])[2] is used
14:39:11,073 INFO  [BrowserSelenium] EXIT --> (_parseElementOnXpath)
14:39:11,073 INFO  [BrowserSelenium] EXIT --> (_getByLocator)
14:39:11,091 INFO  [BrowserSelenium] ENTER --> (_getByLocator)
14:39:11,091 INFO  [BrowserSelenium] (_getByLocator) -> Getting locator for null
14:39:11,091 INFO  [BrowserSelenium] (_getByLocator) -> Locator info found for XPATH attribute as: (//span[text()='Customers'])[2]
14:39:11,091 INFO  [BrowserSelenium] ENTER --> (_parseElementOnXpath)
14:39:11,092 INFO  [BrowserSelenium] (_parseElementOnXpath) -> (//span[text()='Customers'])[2] is used
14:39:11,092 INFO  [BrowserSelenium] EXIT --> (_parseElementOnXpath)
14:39:11,092 INFO  [BrowserSelenium] EXIT --> (_getByLocator)
14:39:11,112 INFO  [BrowserSelenium] ENTER --> (_getByLocator)
14:39:11,112 INFO  [BrowserSelenium] (_getByLocator) -> Getting locator for null
14:39:11,113 INFO  [BrowserSelenium] (_getByLocator) -> Locator info found for XPATH attribute as: (//span[text()='Customers'])[2]
14:39:11,113 INFO  [BrowserSelenium] ENTER --> (_parseElementOnXpath)
14:39:11,113 INFO  [BrowserSelenium] (_parseElementOnXpath) -> (//span[text()='Customers'])[2] is used
14:39:11,113 INFO  [BrowserSelenium] EXIT --> (_parseElementOnXpath)
14:39:11,113 INFO  [BrowserSelenium] EXIT --> (_getByLocator)
14:39:11,132 INFO  [BrowserSelenium] ENTER --> (_getByLocator)
14:39:11,132 INFO  [BrowserSelenium] (_getByLocator) -> Getting locator for null
14:39:11,132 INFO  [BrowserSelenium] (_getByLocator) -> Locator info found for XPATH attribute as: (//span[text()='Customers'])[2]
14:39:11,132 INFO  [BrowserSelenium] ENTER --> (_parseElementOnXpath)
14:39:11,133 INFO  [BrowserSelenium] (_parseElementOnXpath) -> (//span[text()='Customers'])[2] is used
14:39:11,133 INFO  [BrowserSelenium] EXIT --> (_parseElementOnXpath)
14:39:11,133 INFO  [BrowserSelenium] EXIT --> (_getByLocator)
14:39:11,150 INFO  [BrowserSelenium] ENTER --> (_getByLocator)
14:39:11,151 INFO  [BrowserSelenium] (_getByLocator) -> Getting locator for null
14:39:11,151 INFO  [BrowserSelenium] (_getByLocator) -> Locator info found for XPATH attribute as: (//span[text()='Customers'])[2]
14:39:11,151 INFO  [BrowserSelenium] ENTER --> (_parseElementOnXpath)
14:39:11,151 INFO  [BrowserSelenium] (_parseElementOnXpath) -> (//span[text()='Customers'])[2] is used
14:39:11,151 INFO  [BrowserSelenium] EXIT --> (_parseElementOnXpath)
14:39:11,151 INFO  [BrowserSelenium] EXIT --> (_getByLocator)
14:39:11,169 INFO  [BrowserSelenium] ENTER --> (_getByLocator)
14:39:11,169 INFO  [BrowserSelenium] (_getByLocator) -> Getting locator for null
14:39:11,169 INFO  [BrowserSelenium] (_getByLocator) -> Locator info found for XPATH attribute as: (//span[text()='Customers'])[2]
14:39:11,170 INFO  [BrowserSelenium] ENTER --> (_parseElementOnXpath)
14:39:11,170 INFO  [BrowserSelenium] (_parseElementOnXpath) -> (//span[text()='Customers'])[2] is used
14:39:11,170 INFO  [BrowserSelenium] EXIT --> (_parseElementOnXpath)
14:39:11,170 INFO  [BrowserSelenium] EXIT --> (_getByLocator)
14:39:11,189 INFO  [BrowserSelenium] ENTER --> (_getByLocator)
14:39:11,189 INFO  [BrowserSelenium] (_getByLocator) -> Getting locator for null
14:39:11,189 INFO  [BrowserSelenium] (_getByLocator) -> Locator info found for XPATH attribute as: (//span[text()='Customers'])[2]
14:39:11,189 INFO  [BrowserSelenium] ENTER --> (_parseElementOnXpath)
14:39:11,189 INFO  [BrowserSelenium] (_parseElementOnXpath) -> (//span[text()='Customers'])[2] is used
14:39:11,189 INFO  [BrowserSelenium] EXIT --> (_parseElementOnXpath)
14:39:11,190 INFO  [BrowserSelenium] EXIT --> (_getByLocator)
14:39:11,208 INFO  [BrowserSelenium] ENTER --> (_getByLocator)
14:39:11,208 INFO  [BrowserSelenium] (_getByLocator) -> Getting locator for null
14:39:11,208 INFO  [BrowserSelenium] (_getByLocator) -> Locator info found for XPATH attribute as: (//span[text()='Customers'])[2]
14:39:11,208 INFO  [BrowserSelenium] ENTER --> (_parseElementOnXpath)
14:39:11,209 INFO  [BrowserSelenium] (_parseElementOnXpath) -> (//span[text()='Customers'])[2] is used
14:39:11,209 INFO  [BrowserSelenium] EXIT --> (_parseElementOnXpath)
14:39:11,209 INFO  [BrowserSelenium] EXIT --> (_getByLocator)
14:39:11,227 INFO  [BrowserSelenium] ENTER --> (_getByLocator)
14:39:11,227 INFO  [BrowserSelenium] (_getByLocator) -> Getting locator for null
14:39:11,227 INFO  [BrowserSelenium] (_getByLocator) -> Locator info found for XPATH attribute as: (//span[text()='Customers'])[2]
14:39:11,227 INFO  [BrowserSelenium] ENTER --> (_parseElementOnXpath)
14:39:11,227 INFO  [BrowserSelenium] (_parseElementOnXpath) -> (//span[text()='Customers'])[2] is used
14:39:11,227 INFO  [BrowserSelenium] EXIT --> (_parseElementOnXpath)
14:39:11,227 INFO  [BrowserSelenium] EXIT --> (_getByLocator)
14:39:11,250 INFO  [BrowserSelenium] ENTER --> (_getByLocator)
14:39:11,250 INFO  [BrowserSelenium] (_getByLocator) -> Getting locator for null
14:39:11,250 INFO  [BrowserSelenium] (_getByLocator) -> Locator info found for XPATH attribute as: (//span[text()='Customers'])[2]
14:39:11,250 INFO  [BrowserSelenium] ENTER --> (_parseElementOnXpath)
14:39:11,250 INFO  [BrowserSelenium] (_parseElementOnXpath) -> (//span[text()='Customers'])[2] is used
14:39:11,250 INFO  [BrowserSelenium] EXIT --> (_parseElementOnXpath)
14:39:11,251 INFO  [BrowserSelenium] EXIT --> (_getByLocator)
14:39:11,268 INFO  [BrowserSelenium] ENTER --> (_getByLocator)
14:39:11,268 INFO  [BrowserSelenium] (_getByLocator) -> Getting locator for null
14:39:11,268 INFO  [BrowserSelenium] (_getByLocator) -> Locator info found for XPATH attribute as: (//span[text()='Customers'])[2]
14:39:11,268 INFO  [BrowserSelenium] ENTER --> (_parseElementOnXpath)
14:39:11,269 INFO  [BrowserSelenium] (_parseElementOnXpath) -> (//span[text()='Customers'])[2] is used
14:39:11,269 INFO  [BrowserSelenium] EXIT --> (_parseElementOnXpath)
14:39:11,269 INFO  [BrowserSelenium] EXIT --> (_getByLocator)
14:39:11,287 INFO  [BrowserSelenium] ENTER --> (_getByLocator)
14:39:11,287 INFO  [BrowserSelenium] (_getByLocator) -> Getting locator for null
14:39:11,287 INFO  [BrowserSelenium] (_getByLocator) -> Locator info found for XPATH attribute as: (//span[text()='Customers'])[2]
14:39:11,288 INFO  [BrowserSelenium] ENTER --> (_parseElementOnXpath)
14:39:11,288 INFO  [BrowserSelenium] (_parseElementOnXpath) -> (//span[text()='Customers'])[2] is used
14:39:11,288 INFO  [BrowserSelenium] EXIT --> (_parseElementOnXpath)
14:39:11,288 INFO  [BrowserSelenium] EXIT --> (_getByLocator)
14:39:11,305 INFO  [BrowserSelenium] ENTER --> (_getByLocator)
14:39:11,305 INFO  [BrowserSelenium] (_getByLocator) -> Getting locator for null
14:39:11,305 INFO  [BrowserSelenium] (_getByLocator) -> Locator info found for XPATH attribute as: (//span[text()='Customers'])[2]
14:39:11,306 INFO  [BrowserSelenium] ENTER --> (_parseElementOnXpath)
14:39:11,306 INFO  [BrowserSelenium] (_parseElementOnXpath) -> (//span[text()='Customers'])[2] is used
14:39:11,306 INFO  [BrowserSelenium] EXIT --> (_parseElementOnXpath)
14:39:11,306 INFO  [BrowserSelenium] EXIT --> (_getByLocator)
14:39:11,323 INFO  [BrowserSelenium] ENTER --> (_getByLocator)
14:39:11,323 INFO  [BrowserSelenium] (_getByLocator) -> Getting locator for null
14:39:11,323 INFO  [BrowserSelenium] (_getByLocator) -> Locator info found for XPATH attribute as: (//span[text()='Customers'])[2]
14:39:11,323 INFO  [BrowserSelenium] ENTER --> (_parseElementOnXpath)
14:39:11,324 INFO  [BrowserSelenium] (_parseElementOnXpath) -> (//span[text()='Customers'])[2] is used
14:39:11,324 INFO  [BrowserSelenium] EXIT --> (_parseElementOnXpath)
14:39:11,324 INFO  [BrowserSelenium] EXIT --> (_getByLocator)
14:39:11,341 INFO  [BrowserSelenium] ENTER --> (_getByLocator)
14:39:11,341 INFO  [BrowserSelenium] (_getByLocator) -> Getting locator for null
14:39:11,341 INFO  [BrowserSelenium] (_getByLocator) -> Locator info found for XPATH attribute as: (//span[text()='Customers'])[2]
14:39:11,341 INFO  [BrowserSelenium] ENTER --> (_parseElementOnXpath)
14:39:11,341 INFO  [BrowserSelenium] (_parseElementOnXpath) -> (//span[text()='Customers'])[2] is used
14:39:11,341 INFO  [BrowserSelenium] EXIT --> (_parseElementOnXpath)
14:39:11,341 INFO  [BrowserSelenium] EXIT --> (_getByLocator)
14:39:11,364 INFO  [BrowserSelenium] ENTER --> (_getByLocator)
14:39:11,364 INFO  [BrowserSelenium] (_getByLocator) -> Getting locator for null
14:39:11,365 INFO  [BrowserSelenium] (_getByLocator) -> Locator info found for XPATH attribute as: (//span[text()='Customers'])[2]
14:39:11,365 INFO  [BrowserSelenium] ENTER --> (_parseElementOnXpath)
14:39:11,365 INFO  [BrowserSelenium] (_parseElementOnXpath) -> (//span[text()='Customers'])[2] is used
14:39:11,365 INFO  [BrowserSelenium] EXIT --> (_parseElementOnXpath)
14:39:11,365 INFO  [BrowserSelenium] EXIT --> (_getByLocator)
14:39:11,382 INFO  [BrowserSelenium] ENTER --> (_getByLocator)
14:39:11,382 INFO  [BrowserSelenium] (_getByLocator) -> Getting locator for null
14:39:11,382 INFO  [BrowserSelenium] (_getByLocator) -> Locator info found for XPATH attribute as: (//span[text()='Customers'])[2]
14:39:11,382 INFO  [BrowserSelenium] ENTER --> (_parseElementOnXpath)
14:39:11,382 INFO  [BrowserSelenium] (_parseElementOnXpath) -> (//span[text()='Customers'])[2] is used
14:39:11,382 INFO  [BrowserSelenium] EXIT --> (_parseElementOnXpath)
14:39:11,383 INFO  [BrowserSelenium] EXIT --> (_getByLocator)
14:39:11,400 INFO  [BrowserSelenium] ENTER --> (_getByLocator)
14:39:11,400 INFO  [BrowserSelenium] (_getByLocator) -> Getting locator for null
14:39:11,400 INFO  [BrowserSelenium] (_getByLocator) -> Locator info found for XPATH attribute as: (//span[text()='Customers'])[2]
14:39:11,400 INFO  [BrowserSelenium] ENTER --> (_parseElementOnXpath)
14:39:11,400 INFO  [BrowserSelenium] (_parseElementOnXpath) -> (//span[text()='Customers'])[2] is used
14:39:11,400 INFO  [BrowserSelenium] EXIT --> (_parseElementOnXpath)
14:39:11,400 INFO  [BrowserSelenium] EXIT --> (_getByLocator)
14:39:11,418 INFO  [BrowserSelenium] ENTER --> (_getByLocator)
14:39:11,419 INFO  [BrowserSelenium] (_getByLocator) -> Getting locator for null
14:39:11,419 INFO  [BrowserSelenium] (_getByLocator) -> Locator info found for XPATH attribute as: (//span[text()='Customers'])[2]
14:39:11,419 INFO  [BrowserSelenium] ENTER --> (_parseElementOnXpath)
14:39:11,419 INFO  [BrowserSelenium] (_parseElementOnXpath) -> (//span[text()='Customers'])[2] is used
14:39:11,419 INFO  [BrowserSelenium] EXIT --> (_parseElementOnXpath)
14:39:11,419 INFO  [BrowserSelenium] EXIT --> (_getByLocator)
14:39:11,439 INFO  [BrowserSelenium] ENTER --> (_getByLocator)
14:39:11,439 INFO  [BrowserSelenium] (_getByLocator) -> Getting locator for null
14:39:11,439 INFO  [BrowserSelenium] (_getByLocator) -> Locator info found for XPATH attribute as: (//span[text()='Customers'])[2]
14:39:11,439 INFO  [BrowserSelenium] ENTER --> (_parseElementOnXpath)
14:39:11,439 INFO  [BrowserSelenium] (_parseElementOnXpath) -> (//span[text()='Customers'])[2] is used
14:39:11,439 INFO  [BrowserSelenium] EXIT --> (_parseElementOnXpath)
14:39:11,440 INFO  [BrowserSelenium] EXIT --> (_getByLocator)
14:39:11,458 INFO  [BrowserSelenium] ENTER --> (_getByLocator)
14:39:11,458 INFO  [BrowserSelenium] (_getByLocator) -> Getting locator for null
14:39:11,458 INFO  [BrowserSelenium] (_getByLocator) -> Locator info found for XPATH attribute as: (//span[text()='Customers'])[2]
14:39:11,458 INFO  [BrowserSelenium] ENTER --> (_parseElementOnXpath)
14:39:11,458 INFO  [BrowserSelenium] (_parseElementOnXpath) -> (//span[text()='Customers'])[2] is used
14:39:11,458 INFO  [BrowserSelenium] EXIT --> (_parseElementOnXpath)
14:39:11,458 INFO  [BrowserSelenium] EXIT --> (_getByLocator)
14:39:11,479 INFO  [BrowserSelenium] ENTER --> (_getByLocator)
14:39:11,479 INFO  [BrowserSelenium] (_getByLocator) -> Getting locator for null
14:39:11,479 INFO  [BrowserSelenium] (_getByLocator) -> Locator info found for XPATH attribute as: (//span[text()='Customers'])[2]
14:39:11,479 INFO  [BrowserSelenium] ENTER --> (_parseElementOnXpath)
14:39:11,480 INFO  [BrowserSelenium] (_parseElementOnXpath) -> (//span[text()='Customers'])[2] is used
14:39:11,480 INFO  [BrowserSelenium] EXIT --> (_parseElementOnXpath)
14:39:11,480 INFO  [BrowserSelenium] EXIT --> (_getByLocator)
14:39:11,505 INFO  [BrowserSelenium] ENTER --> (_getByLocator)
14:39:11,505 INFO  [BrowserSelenium] (_getByLocator) -> Getting locator for null
14:39:11,505 INFO  [BrowserSelenium] (_getByLocator) -> Locator info found for XPATH attribute as: (//span[text()='Customers'])[2]
14:39:11,505 INFO  [BrowserSelenium] ENTER --> (_parseElementOnXpath)
14:39:11,505 INFO  [BrowserSelenium] (_parseElementOnXpath) -> (//span[text()='Customers'])[2] is used
14:39:11,505 INFO  [BrowserSelenium] EXIT --> (_parseElementOnXpath)
14:39:11,505 INFO  [BrowserSelenium] EXIT --> (_getByLocator)
14:39:11,528 INFO  [BrowserSelenium] ENTER --> (_getByLocator)
14:39:11,528 INFO  [BrowserSelenium] (_getByLocator) -> Getting locator for null
14:39:11,528 INFO  [BrowserSelenium] (_getByLocator) -> Locator info found for XPATH attribute as: (//span[text()='Customers'])[2]
14:39:11,528 INFO  [BrowserSelenium] ENTER --> (_parseElementOnXpath)
14:39:11,528 INFO  [BrowserSelenium] (_parseElementOnXpath) -> (//span[text()='Customers'])[2] is used
14:39:11,528 INFO  [BrowserSelenium] EXIT --> (_parseElementOnXpath)
14:39:11,528 INFO  [BrowserSelenium] EXIT --> (_getByLocator)
14:39:11,546 INFO  [BrowserSelenium] ENTER --> (_getByLocator)
14:39:11,546 INFO  [BrowserSelenium] (_getByLocator) -> Getting locator for null
14:39:11,547 INFO  [BrowserSelenium] (_getByLocator) -> Locator info found for XPATH attribute as: (//span[text()='Customers'])[2]
14:39:11,547 INFO  [BrowserSelenium] ENTER --> (_parseElementOnXpath)
14:39:11,547 INFO  [BrowserSelenium] (_parseElementOnXpath) -> (//span[text()='Customers'])[2] is used
14:39:11,547 INFO  [BrowserSelenium] EXIT --> (_parseElementOnXpath)
14:39:11,547 INFO  [BrowserSelenium] EXIT --> (_getByLocator)
14:39:11,568 INFO  [BrowserSelenium] ENTER --> (_getByLocator)
14:39:11,568 INFO  [BrowserSelenium] (_getByLocator) -> Getting locator for null
14:39:11,568 INFO  [BrowserSelenium] (_getByLocator) -> Locator info found for XPATH attribute as: (//span[text()='Customers'])[2]
14:39:11,568 INFO  [BrowserSelenium] ENTER --> (_parseElementOnXpath)
14:39:11,568 INFO  [BrowserSelenium] (_parseElementOnXpath) -> (//span[text()='Customers'])[2] is used
14:39:11,568 INFO  [BrowserSelenium] EXIT --> (_parseElementOnXpath)
14:39:11,568 INFO  [BrowserSelenium] EXIT --> (_getByLocator)
14:39:11,589 INFO  [BrowserSelenium] ENTER --> (_getByLocator)
14:39:11,589 INFO  [BrowserSelenium] (_getByLocator) -> Getting locator for null
14:39:11,589 INFO  [BrowserSelenium] (_getByLocator) -> Locator info found for XPATH attribute as: (//span[text()='Customers'])[2]
14:39:11,589 INFO  [BrowserSelenium] ENTER --> (_parseElementOnXpath)
14:39:11,589 INFO  [BrowserSelenium] (_parseElementOnXpath) -> (//span[text()='Customers'])[2] is used
14:39:11,590 INFO  [BrowserSelenium] EXIT --> (_parseElementOnXpath)
14:39:11,590 INFO  [BrowserSelenium] EXIT --> (_getByLocator)
14:39:11,607 INFO  [BrowserSelenium] ENTER --> (_getByLocator)
14:39:11,607 INFO  [BrowserSelenium] (_getByLocator) -> Getting locator for null
14:39:11,607 INFO  [BrowserSelenium] (_getByLocator) -> Locator info found for XPATH attribute as: (//span[text()='Customers'])[2]
14:39:11,607 INFO  [BrowserSelenium] ENTER --> (_parseElementOnXpath)
14:39:11,607 INFO  [BrowserSelenium] (_parseElementOnXpath) -> (//span[text()='Customers'])[2] is used
14:39:11,608 INFO  [BrowserSelenium] EXIT --> (_parseElementOnXpath)
14:39:11,608 INFO  [BrowserSelenium] EXIT --> (_getByLocator)
14:39:11,628 INFO  [BrowserSelenium] ENTER --> (_getByLocator)
14:39:11,628 INFO  [BrowserSelenium] (_getByLocator) -> Getting locator for null
14:39:11,628 INFO  [BrowserSelenium] (_getByLocator) -> Locator info found for XPATH attribute as: (//span[text()='Customers'])[2]
14:39:11,628 INFO  [BrowserSelenium] ENTER --> (_parseElementOnXpath)
14:39:11,628 INFO  [BrowserSelenium] (_parseElementOnXpath) -> (//span[text()='Customers'])[2] is used
14:39:11,628 INFO  [BrowserSelenium] EXIT --> (_parseElementOnXpath)
14:39:11,628 INFO  [BrowserSelenium] EXIT --> (_getByLocator)
14:39:11,647 INFO  [BrowserSelenium] ENTER --> (_getByLocator)
14:39:11,647 INFO  [BrowserSelenium] (_getByLocator) -> Getting locator for null
14:39:11,647 INFO  [BrowserSelenium] (_getByLocator) -> Locator info found for XPATH attribute as: (//span[text()='Customers'])[2]
14:39:11,647 INFO  [BrowserSelenium] ENTER --> (_parseElementOnXpath)
14:39:11,647 INFO  [BrowserSelenium] (_parseElementOnXpath) -> (//span[text()='Customers'])[2] is used
14:39:11,647 INFO  [BrowserSelenium] EXIT --> (_parseElementOnXpath)
14:39:11,647 INFO  [BrowserSelenium] EXIT --> (_getByLocator)
14:39:11,667 INFO  [BrowserSelenium] ENTER --> (_getByLocator)
14:39:11,668 INFO  [BrowserSelenium] (_getByLocator) -> Getting locator for null
14:39:11,668 INFO  [BrowserSelenium] (_getByLocator) -> Locator info found for XPATH attribute as: (//span[text()='Customers'])[2]
14:39:11,668 INFO  [BrowserSelenium] ENTER --> (_parseElementOnXpath)
14:39:11,668 INFO  [BrowserSelenium] (_parseElementOnXpath) -> (//span[text()='Customers'])[2] is used
14:39:11,668 INFO  [BrowserSelenium] EXIT --> (_parseElementOnXpath)
14:39:11,669 INFO  [BrowserSelenium] EXIT --> (_getByLocator)
14:39:11,694 INFO  [BrowserSelenium] ENTER --> (_getByLocator)
14:39:11,694 INFO  [BrowserSelenium] (_getByLocator) -> Getting locator for null
14:39:11,695 INFO  [BrowserSelenium] (_getByLocator) -> Locator info found for XPATH attribute as: (//span[text()='Customers'])[2]
14:39:11,695 INFO  [BrowserSelenium] ENTER --> (_parseElementOnXpath)
14:39:11,695 INFO  [BrowserSelenium] (_parseElementOnXpath) -> (//span[text()='Customers'])[2] is used
14:39:11,695 INFO  [BrowserSelenium] EXIT --> (_parseElementOnXpath)
14:39:11,695 INFO  [BrowserSelenium] EXIT --> (_getByLocator)
14:39:11,720 INFO  [BrowserSelenium] ENTER --> (_getByLocator)
14:39:11,720 INFO  [BrowserSelenium] (_getByLocator) -> Getting locator for null
14:39:11,720 INFO  [BrowserSelenium] (_getByLocator) -> Locator info found for XPATH attribute as: (//span[text()='Customers'])[2]
14:39:11,720 INFO  [BrowserSelenium] ENTER --> (_parseElementOnXpath)
14:39:11,720 INFO  [BrowserSelenium] (_parseElementOnXpath) -> (//span[text()='Customers'])[2] is used
14:39:11,721 INFO  [BrowserSelenium] EXIT --> (_parseElementOnXpath)
14:39:11,721 INFO  [BrowserSelenium] EXIT --> (_getByLocator)
14:39:11,741 INFO  [BrowserSelenium] ENTER --> (_getByLocator)
14:39:11,741 INFO  [BrowserSelenium] (_getByLocator) -> Getting locator for null
14:39:11,741 INFO  [BrowserSelenium] (_getByLocator) -> Locator info found for XPATH attribute as: (//span[text()='Customers'])[2]
14:39:11,742 INFO  [BrowserSelenium] ENTER --> (_parseElementOnXpath)
14:39:11,742 INFO  [BrowserSelenium] (_parseElementOnXpath) -> (//span[text()='Customers'])[2] is used
14:39:11,742 INFO  [BrowserSelenium] EXIT --> (_parseElementOnXpath)
14:39:11,742 INFO  [BrowserSelenium] EXIT --> (_getByLocator)
14:39:11,761 INFO  [BrowserSelenium] ENTER --> (_getByLocator)
14:39:11,761 INFO  [BrowserSelenium] (_getByLocator) -> Getting locator for null
14:39:11,761 INFO  [BrowserSelenium] (_getByLocator) -> Locator info found for XPATH attribute as: (//span[text()='Customers'])[2]
14:39:11,761 INFO  [BrowserSelenium] ENTER --> (_parseElementOnXpath)
14:39:11,761 INFO  [BrowserSelenium] (_parseElementOnXpath) -> (//span[text()='Customers'])[2] is used
14:39:11,762 INFO  [BrowserSelenium] EXIT --> (_parseElementOnXpath)
14:39:11,762 INFO  [BrowserSelenium] EXIT --> (_getByLocator)
14:39:11,779 INFO  [BrowserSelenium] ENTER --> (_getByLocator)
14:39:11,779 INFO  [BrowserSelenium] (_getByLocator) -> Getting locator for null
14:39:11,779 INFO  [BrowserSelenium] (_getByLocator) -> Locator info found for XPATH attribute as: (//span[text()='Customers'])[2]
14:39:11,779 INFO  [BrowserSelenium] ENTER --> (_parseElementOnXpath)
14:39:11,779 INFO  [BrowserSelenium] (_parseElementOnXpath) -> (//span[text()='Customers'])[2] is used
14:39:11,780 INFO  [BrowserSelenium] EXIT --> (_parseElementOnXpath)
14:39:11,780 INFO  [BrowserSelenium] EXIT --> (_getByLocator)
14:39:11,797 INFO  [BrowserSelenium] ENTER --> (_getByLocator)
14:39:11,797 INFO  [BrowserSelenium] (_getByLocator) -> Getting locator for null
14:39:11,797 INFO  [BrowserSelenium] (_getByLocator) -> Locator info found for XPATH attribute as: (//span[text()='Customers'])[2]
14:39:11,797 INFO  [BrowserSelenium] ENTER --> (_parseElementOnXpath)
14:39:11,797 INFO  [BrowserSelenium] (_parseElementOnXpath) -> (//span[text()='Customers'])[2] is used
14:39:11,797 INFO  [BrowserSelenium] EXIT --> (_parseElementOnXpath)
14:39:11,798 INFO  [BrowserSelenium] EXIT --> (_getByLocator)
14:39:11,815 INFO  [BrowserSelenium] ENTER --> (_getByLocator)
14:39:11,815 INFO  [BrowserSelenium] (_getByLocator) -> Getting locator for null
14:39:11,815 INFO  [BrowserSelenium] (_getByLocator) -> Locator info found for XPATH attribute as: (//span[text()='Customers'])[2]
14:39:11,815 INFO  [BrowserSelenium] ENTER --> (_parseElementOnXpath)
14:39:11,816 INFO  [BrowserSelenium] (_parseElementOnXpath) -> (//span[text()='Customers'])[2] is used
14:39:11,816 INFO  [BrowserSelenium] EXIT --> (_parseElementOnXpath)
14:39:11,816 INFO  [BrowserSelenium] EXIT --> (_getByLocator)
14:39:11,834 INFO  [BrowserSelenium] ENTER --> (_getByLocator)
14:39:11,834 INFO  [BrowserSelenium] (_getByLocator) -> Getting locator for null
14:39:11,835 INFO  [BrowserSelenium] (_getByLocator) -> Locator info found for XPATH attribute as: (//span[text()='Customers'])[2]
14:39:11,835 INFO  [BrowserSelenium] ENTER --> (_parseElementOnXpath)
14:39:11,835 INFO  [BrowserSelenium] (_parseElementOnXpath) -> (//span[text()='Customers'])[2] is used
14:39:11,835 INFO  [BrowserSelenium] EXIT --> (_parseElementOnXpath)
14:39:11,835 INFO  [BrowserSelenium] EXIT --> (_getByLocator)
14:39:11,852 INFO  [BrowserSelenium] ENTER --> (_getByLocator)
14:39:11,852 INFO  [BrowserSelenium] (_getByLocator) -> Getting locator for null
14:39:11,852 INFO  [BrowserSelenium] (_getByLocator) -> Locator info found for XPATH attribute as: (//span[text()='Customers'])[2]
14:39:11,853 INFO  [BrowserSelenium] ENTER --> (_parseElementOnXpath)
14:39:11,853 INFO  [BrowserSelenium] (_parseElementOnXpath) -> (//span[text()='Customers'])[2] is used
14:39:11,853 INFO  [BrowserSelenium] EXIT --> (_parseElementOnXpath)
14:39:11,853 INFO  [BrowserSelenium] EXIT --> (_getByLocator)
14:39:11,874 INFO  [BrowserSelenium] ENTER --> (_getByLocator)
14:39:11,874 INFO  [BrowserSelenium] (_getByLocator) -> Getting locator for null
14:39:11,874 INFO  [BrowserSelenium] (_getByLocator) -> Locator info found for XPATH attribute as: (//span[text()='Customers'])[2]
14:39:11,874 INFO  [BrowserSelenium] ENTER --> (_parseElementOnXpath)
14:39:11,875 INFO  [BrowserSelenium] (_parseElementOnXpath) -> (//span[text()='Customers'])[2] is used
14:39:11,875 INFO  [BrowserSelenium] EXIT --> (_parseElementOnXpath)
14:39:11,875 INFO  [BrowserSelenium] EXIT --> (_getByLocator)
14:39:11,893 INFO  [BrowserSelenium] ENTER --> (_getByLocator)
14:39:11,893 INFO  [BrowserSelenium] (_getByLocator) -> Getting locator for null
14:39:11,893 INFO  [BrowserSelenium] (_getByLocator) -> Locator info found for XPATH attribute as: (//span[text()='Customers'])[2]
14:39:11,893 INFO  [BrowserSelenium] ENTER --> (_parseElementOnXpath)
14:39:11,894 INFO  [BrowserSelenium] (_parseElementOnXpath) -> (//span[text()='Customers'])[2] is used
14:39:11,894 INFO  [BrowserSelenium] EXIT --> (_parseElementOnXpath)
14:39:11,894 INFO  [BrowserSelenium] EXIT --> (_getByLocator)
14:39:11,938 INFO  [BrowserSelenium] ENTER --> (_getByLocator)
14:39:11,939 INFO  [BrowserSelenium] (_getByLocator) -> Getting locator for null
14:39:11,939 INFO  [BrowserSelenium] (_getByLocator) -> Locator info found for XPATH attribute as: (//span[text()='Customers'])[2]
14:39:11,939 INFO  [BrowserSelenium] ENTER --> (_parseElementOnXpath)
14:39:11,939 INFO  [BrowserSelenium] (_parseElementOnXpath) -> (//span[text()='Customers'])[2] is used
14:39:11,939 INFO  [BrowserSelenium] EXIT --> (_parseElementOnXpath)
14:39:11,939 INFO  [BrowserSelenium] EXIT --> (_getByLocator)
14:39:11,957 INFO  [BrowserSelenium] ENTER --> (_getByLocator)
14:39:11,957 INFO  [BrowserSelenium] (_getByLocator) -> Getting locator for null
14:39:11,957 INFO  [BrowserSelenium] (_getByLocator) -> Locator info found for XPATH attribute as: (//span[text()='Customers'])[2]
14:39:11,957 INFO  [BrowserSelenium] ENTER --> (_parseElementOnXpath)
14:39:11,957 INFO  [BrowserSelenium] (_parseElementOnXpath) -> (//span[text()='Customers'])[2] is used
14:39:11,958 INFO  [BrowserSelenium] EXIT --> (_parseElementOnXpath)
14:39:11,958 INFO  [BrowserSelenium] EXIT --> (_getByLocator)
14:39:11,975 INFO  [BrowserSelenium] ENTER --> (_getByLocator)
14:39:11,975 INFO  [BrowserSelenium] (_getByLocator) -> Getting locator for null
14:39:11,975 INFO  [BrowserSelenium] (_getByLocator) -> Locator info found for XPATH attribute as: (//span[text()='Customers'])[2]
14:39:11,975 INFO  [BrowserSelenium] ENTER --> (_parseElementOnXpath)
14:39:11,975 INFO  [BrowserSelenium] (_parseElementOnXpath) -> (//span[text()='Customers'])[2] is used
14:39:11,976 INFO  [BrowserSelenium] EXIT --> (_parseElementOnXpath)
14:39:11,976 INFO  [BrowserSelenium] EXIT --> (_getByLocator)
14:39:11,993 INFO  [BrowserSelenium] ENTER --> (_getByLocator)
14:39:11,993 INFO  [BrowserSelenium] (_getByLocator) -> Getting locator for null
14:39:11,993 INFO  [BrowserSelenium] (_getByLocator) -> Locator info found for XPATH attribute as: (//span[text()='Customers'])[2]
14:39:11,993 INFO  [BrowserSelenium] ENTER --> (_parseElementOnXpath)
14:39:11,994 INFO  [BrowserSelenium] (_parseElementOnXpath) -> (//span[text()='Customers'])[2] is used
14:39:11,994 INFO  [BrowserSelenium] EXIT --> (_parseElementOnXpath)
14:39:11,994 INFO  [BrowserSelenium] EXIT --> (_getByLocator)
14:39:12,011 INFO  [BrowserSelenium] ENTER --> (_getByLocator)
14:39:12,011 INFO  [BrowserSelenium] (_getByLocator) -> Getting locator for null
14:39:12,011 INFO  [BrowserSelenium] (_getByLocator) -> Locator info found for XPATH attribute as: (//span[text()='Customers'])[2]
14:39:12,012 INFO  [BrowserSelenium] ENTER --> (_parseElementOnXpath)
14:39:12,012 INFO  [BrowserSelenium] (_parseElementOnXpath) -> (//span[text()='Customers'])[2] is used
14:39:12,012 INFO  [BrowserSelenium] EXIT --> (_parseElementOnXpath)
14:39:12,012 INFO  [BrowserSelenium] EXIT --> (_getByLocator)
14:39:12,030 INFO  [BrowserSelenium] ENTER --> (_getByLocator)
14:39:12,030 INFO  [BrowserSelenium] (_getByLocator) -> Getting locator for null
14:39:12,030 INFO  [BrowserSelenium] (_getByLocator) -> Locator info found for XPATH attribute as: (//span[text()='Customers'])[2]
14:39:12,031 INFO  [BrowserSelenium] ENTER --> (_parseElementOnXpath)
14:39:12,031 INFO  [BrowserSelenium] (_parseElementOnXpath) -> (//span[text()='Customers'])[2] is used
14:39:12,031 INFO  [BrowserSelenium] EXIT --> (_parseElementOnXpath)
14:39:12,031 INFO  [BrowserSelenium] EXIT --> (_getByLocator)
14:39:12,053 INFO  [BrowserSelenium] ENTER --> (_getByLocator)
14:39:12,053 INFO  [BrowserSelenium] (_getByLocator) -> Getting locator for null
14:39:12,053 INFO  [BrowserSelenium] (_getByLocator) -> Locator info found for XPATH attribute as: (//span[text()='Customers'])[2]
14:39:12,053 INFO  [BrowserSelenium] ENTER --> (_parseElementOnXpath)
14:39:12,053 INFO  [BrowserSelenium] (_parseElementOnXpath) -> (//span[text()='Customers'])[2] is used
14:39:12,053 INFO  [BrowserSelenium] EXIT --> (_parseElementOnXpath)
14:39:12,054 INFO  [BrowserSelenium] EXIT --> (_getByLocator)
14:39:12,073 INFO  [BrowserSelenium] ENTER --> (_getByLocator)
14:39:12,073 INFO  [BrowserSelenium] (_getByLocator) -> Getting locator for null
14:39:12,073 INFO  [BrowserSelenium] (_getByLocator) -> Locator info found for XPATH attribute as: (//span[text()='Customers'])[2]
14:39:12,073 INFO  [BrowserSelenium] ENTER --> (_parseElementOnXpath)
14:39:12,073 INFO  [BrowserSelenium] (_parseElementOnXpath) -> (//span[text()='Customers'])[2] is used
14:39:12,073 INFO  [BrowserSelenium] EXIT --> (_parseElementOnXpath)
14:39:12,074 INFO  [BrowserSelenium] EXIT --> (_getByLocator)
14:39:12,092 INFO  [BrowserSelenium] ENTER --> (_getByLocator)
14:39:12,092 INFO  [BrowserSelenium] (_getByLocator) -> Getting locator for null
14:39:12,092 INFO  [BrowserSelenium] (_getByLocator) -> Locator info found for XPATH attribute as: (//span[text()='Customers'])[2]
14:39:12,092 INFO  [BrowserSelenium] ENTER --> (_parseElementOnXpath)
14:39:12,092 INFO  [BrowserSelenium] (_parseElementOnXpath) -> (//span[text()='Customers'])[2] is used
14:39:12,092 INFO  [BrowserSelenium] EXIT --> (_parseElementOnXpath)
14:39:12,092 INFO  [BrowserSelenium] EXIT --> (_getByLocator)
14:39:12,110 INFO  [BrowserSelenium] ENTER --> (_getByLocator)
14:39:12,110 INFO  [BrowserSelenium] (_getByLocator) -> Getting locator for null
14:39:12,110 INFO  [BrowserSelenium] (_getByLocator) -> Locator info found for XPATH attribute as: (//span[text()='Customers'])[2]
14:39:12,110 INFO  [BrowserSelenium] ENTER --> (_parseElementOnXpath)
14:39:12,110 INFO  [BrowserSelenium] (_parseElementOnXpath) -> (//span[text()='Customers'])[2] is used
14:39:12,110 INFO  [BrowserSelenium] EXIT --> (_parseElementOnXpath)
14:39:12,110 INFO  [BrowserSelenium] EXIT --> (_getByLocator)
14:39:12,128 INFO  [BrowserSelenium] ENTER --> (_getByLocator)
14:39:12,128 INFO  [BrowserSelenium] (_getByLocator) -> Getting locator for null
14:39:12,128 INFO  [BrowserSelenium] (_getByLocator) -> Locator info found for XPATH attribute as: (//span[text()='Customers'])[2]
14:39:12,128 INFO  [BrowserSelenium] ENTER --> (_parseElementOnXpath)
14:39:12,128 INFO  [BrowserSelenium] (_parseElementOnXpath) -> (//span[text()='Customers'])[2] is used
14:39:12,128 INFO  [BrowserSelenium] EXIT --> (_parseElementOnXpath)
14:39:12,128 INFO  [BrowserSelenium] EXIT --> (_getByLocator)
14:39:12,146 INFO  [BrowserSelenium] ENTER --> (_getByLocator)
14:39:12,146 INFO  [BrowserSelenium] (_getByLocator) -> Getting locator for null
14:39:12,146 INFO  [BrowserSelenium] (_getByLocator) -> Locator info found for XPATH attribute as: (//span[text()='Customers'])[2]
14:39:12,146 INFO  [BrowserSelenium] ENTER --> (_parseElementOnXpath)
14:39:12,147 INFO  [BrowserSelenium] (_parseElementOnXpath) -> (//span[text()='Customers'])[2] is used
14:39:12,147 INFO  [BrowserSelenium] EXIT --> (_parseElementOnXpath)
14:39:12,147 INFO  [BrowserSelenium] EXIT --> (_getByLocator)
14:39:12,164 INFO  [BrowserSelenium] ENTER --> (_getByLocator)
14:39:12,164 INFO  [BrowserSelenium] (_getByLocator) -> Getting locator for null
14:39:12,164 INFO  [BrowserSelenium] (_getByLocator) -> Locator info found for XPATH attribute as: (//span[text()='Customers'])[2]
14:39:12,164 INFO  [BrowserSelenium] ENTER --> (_parseElementOnXpath)
14:39:12,164 INFO  [BrowserSelenium] (_parseElementOnXpath) -> (//span[text()='Customers'])[2] is used
14:39:12,165 INFO  [BrowserSelenium] EXIT --> (_parseElementOnXpath)
14:39:12,165 INFO  [BrowserSelenium] EXIT --> (_getByLocator)
14:39:12,182 INFO  [BrowserSelenium] ENTER --> (_getByLocator)
14:39:12,182 INFO  [BrowserSelenium] (_getByLocator) -> Getting locator for null
14:39:12,182 INFO  [BrowserSelenium] (_getByLocator) -> Locator info found for XPATH attribute as: (//span[text()='Customers'])[2]
14:39:12,182 INFO  [BrowserSelenium] ENTER --> (_parseElementOnXpath)
14:39:12,183 INFO  [BrowserSelenium] (_parseElementOnXpath) -> (//span[text()='Customers'])[2] is used
14:39:12,183 INFO  [BrowserSelenium] EXIT --> (_parseElementOnXpath)
14:39:12,183 INFO  [BrowserSelenium] EXIT --> (_getByLocator)
14:39:12,202 INFO  [BrowserSelenium] ENTER --> (_getByLocator)
14:39:12,202 INFO  [BrowserSelenium] (_getByLocator) -> Getting locator for null
14:39:12,202 INFO  [BrowserSelenium] (_getByLocator) -> Locator info found for XPATH attribute as: (//span[text()='Customers'])[2]
14:39:12,202 INFO  [BrowserSelenium] ENTER --> (_parseElementOnXpath)
14:39:12,202 INFO  [BrowserSelenium] (_parseElementOnXpath) -> (//span[text()='Customers'])[2] is used
14:39:12,203 INFO  [BrowserSelenium] EXIT --> (_parseElementOnXpath)
14:39:12,203 INFO  [BrowserSelenium] EXIT --> (_getByLocator)
14:39:12,222 INFO  [BrowserSelenium] ENTER --> (_getByLocator)
14:39:12,222 INFO  [BrowserSelenium] (_getByLocator) -> Getting locator for null
14:39:12,222 INFO  [BrowserSelenium] (_getByLocator) -> Locator info found for XPATH attribute as: (//span[text()='Customers'])[2]
14:39:12,222 INFO  [BrowserSelenium] ENTER --> (_parseElementOnXpath)
14:39:12,222 INFO  [BrowserSelenium] (_parseElementOnXpath) -> (//span[text()='Customers'])[2] is used
14:39:12,223 INFO  [BrowserSelenium] EXIT --> (_parseElementOnXpath)
14:39:12,223 INFO  [BrowserSelenium] EXIT --> (_getByLocator)
14:39:12,241 INFO  [BrowserSelenium] ENTER --> (_getByLocator)
14:39:12,241 INFO  [BrowserSelenium] (_getByLocator) -> Getting locator for null
14:39:12,241 INFO  [BrowserSelenium] (_getByLocator) -> Locator info found for XPATH attribute as: (//span[text()='Customers'])[2]
14:39:12,241 INFO  [BrowserSelenium] ENTER --> (_parseElementOnXpath)
14:39:12,241 INFO  [BrowserSelenium] (_parseElementOnXpath) -> (//span[text()='Customers'])[2] is used
14:39:12,241 INFO  [BrowserSelenium] EXIT --> (_parseElementOnXpath)
14:39:12,242 INFO  [BrowserSelenium] EXIT --> (_getByLocator)
14:39:12,260 INFO  [BrowserSelenium] ENTER --> (_getByLocator)
14:39:12,260 INFO  [BrowserSelenium] (_getByLocator) -> Getting locator for null
14:39:12,260 INFO  [BrowserSelenium] (_getByLocator) -> Locator info found for XPATH attribute as: (//span[text()='Customers'])[2]
14:39:12,260 INFO  [BrowserSelenium] ENTER --> (_parseElementOnXpath)
14:39:12,260 INFO  [BrowserSelenium] (_parseElementOnXpath) -> (//span[text()='Customers'])[2] is used
14:39:12,260 INFO  [BrowserSelenium] EXIT --> (_parseElementOnXpath)
14:39:12,261 INFO  [BrowserSelenium] EXIT --> (_getByLocator)
14:39:12,282 INFO  [BrowserSelenium] ENTER --> (_getByLocator)
14:39:12,282 INFO  [BrowserSelenium] (_getByLocator) -> Getting locator for null
14:39:12,283 INFO  [BrowserSelenium] (_getByLocator) -> Locator info found for XPATH attribute as: (//span[text()='Customers'])[2]
14:39:12,283 INFO  [BrowserSelenium] ENTER --> (_parseElementOnXpath)
14:39:12,283 INFO  [BrowserSelenium] (_parseElementOnXpath) -> (//span[text()='Customers'])[2] is used
14:39:12,283 INFO  [BrowserSelenium] EXIT --> (_parseElementOnXpath)
14:39:12,283 INFO  [BrowserSelenium] EXIT --> (_getByLocator)
14:39:12,301 INFO  [BrowserSelenium] ENTER --> (_getByLocator)
14:39:12,302 INFO  [BrowserSelenium] (_getByLocator) -> Getting locator for null
14:39:12,302 INFO  [BrowserSelenium] (_getByLocator) -> Locator info found for XPATH attribute as: (//span[text()='Customers'])[2]
14:39:12,302 INFO  [BrowserSelenium] ENTER --> (_parseElementOnXpath)
14:39:12,302 INFO  [BrowserSelenium] (_parseElementOnXpath) -> (//span[text()='Customers'])[2] is used
14:39:12,302 INFO  [BrowserSelenium] EXIT --> (_parseElementOnXpath)
14:39:12,302 INFO  [BrowserSelenium] EXIT --> (_getByLocator)
14:39:12,324 INFO  [BrowserSelenium] ENTER --> (_getByLocator)
14:39:12,324 INFO  [BrowserSelenium] (_getByLocator) -> Getting locator for null
14:39:12,324 INFO  [BrowserSelenium] (_getByLocator) -> Locator info found for XPATH attribute as: (//span[text()='Customers'])[2]
14:39:12,324 INFO  [BrowserSelenium] ENTER --> (_parseElementOnXpath)
14:39:12,324 INFO  [BrowserSelenium] (_parseElementOnXpath) -> (//span[text()='Customers'])[2] is used
14:39:12,325 INFO  [BrowserSelenium] EXIT --> (_parseElementOnXpath)
14:39:12,325 INFO  [BrowserSelenium] EXIT --> (_getByLocator)
14:39:12,343 INFO  [BrowserSelenium] ENTER --> (_getByLocator)
14:39:12,343 INFO  [BrowserSelenium] (_getByLocator) -> Getting locator for null
14:39:12,343 INFO  [BrowserSelenium] (_getByLocator) -> Locator info found for XPATH attribute as: (//span[text()='Customers'])[2]
14:39:12,343 INFO  [BrowserSelenium] ENTER --> (_parseElementOnXpath)
14:39:12,344 INFO  [BrowserSelenium] (_parseElementOnXpath) -> (//span[text()='Customers'])[2] is used
14:39:12,344 INFO  [BrowserSelenium] EXIT --> (_parseElementOnXpath)
14:39:12,344 INFO  [BrowserSelenium] EXIT --> (_getByLocator)
14:39:12,364 INFO  [BrowserSelenium] ENTER --> (_getByLocator)
14:39:12,364 INFO  [BrowserSelenium] (_getByLocator) -> Getting locator for null
14:39:12,364 INFO  [BrowserSelenium] (_getByLocator) -> Locator info found for XPATH attribute as: (//span[text()='Customers'])[2]
14:39:12,364 INFO  [BrowserSelenium] ENTER --> (_parseElementOnXpath)
14:39:12,364 INFO  [BrowserSelenium] (_parseElementOnXpath) -> (//span[text()='Customers'])[2] is used
14:39:12,364 INFO  [BrowserSelenium] EXIT --> (_parseElementOnXpath)
14:39:12,365 INFO  [BrowserSelenium] EXIT --> (_getByLocator)
14:39:12,383 INFO  [BrowserSelenium] ENTER --> (_getByLocator)
14:39:12,384 INFO  [BrowserSelenium] (_getByLocator) -> Getting locator for null
14:39:12,384 INFO  [BrowserSelenium] (_getByLocator) -> Locator info found for XPATH attribute as: (//span[text()='Customers'])[2]
14:39:12,384 INFO  [BrowserSelenium] ENTER --> (_parseElementOnXpath)
14:39:12,384 INFO  [BrowserSelenium] (_parseElementOnXpath) -> (//span[text()='Customers'])[2] is used
14:39:12,384 INFO  [BrowserSelenium] EXIT --> (_parseElementOnXpath)
14:39:12,385 INFO  [BrowserSelenium] EXIT --> (_getByLocator)
14:39:12,404 INFO  [BrowserSelenium] ENTER --> (_getByLocator)
14:39:12,404 INFO  [BrowserSelenium] (_getByLocator) -> Getting locator for null
14:39:12,404 INFO  [BrowserSelenium] (_getByLocator) -> Locator info found for XPATH attribute as: (//span[text()='Customers'])[2]
14:39:12,405 INFO  [BrowserSelenium] ENTER --> (_parseElementOnXpath)
14:39:12,405 INFO  [BrowserSelenium] (_parseElementOnXpath) -> (//span[text()='Customers'])[2] is used
14:39:12,405 INFO  [BrowserSelenium] EXIT --> (_parseElementOnXpath)
14:39:12,405 INFO  [BrowserSelenium] EXIT --> (_getByLocator)
14:39:12,425 INFO  [BrowserSelenium] ENTER --> (_getByLocator)
14:39:12,426 INFO  [BrowserSelenium] (_getByLocator) -> Getting locator for null
14:39:12,426 INFO  [BrowserSelenium] (_getByLocator) -> Locator info found for XPATH attribute as: (//span[text()='Customers'])[2]
14:39:12,426 INFO  [BrowserSelenium] ENTER --> (_parseElementOnXpath)
14:39:12,426 INFO  [BrowserSelenium] (_parseElementOnXpath) -> (//span[text()='Customers'])[2] is used
14:39:12,426 INFO  [BrowserSelenium] EXIT --> (_parseElementOnXpath)
14:39:12,426 INFO  [BrowserSelenium] EXIT --> (_getByLocator)
14:39:12,446 INFO  [BrowserSelenium] ENTER --> (_getByLocator)
14:39:12,446 INFO  [BrowserSelenium] (_getByLocator) -> Getting locator for null
14:39:12,446 INFO  [BrowserSelenium] (_getByLocator) -> Locator info found for XPATH attribute as: (//span[text()='Customers'])[2]
14:39:12,446 INFO  [BrowserSelenium] ENTER --> (_parseElementOnXpath)
14:39:12,447 INFO  [BrowserSelenium] (_parseElementOnXpath) -> (//span[text()='Customers'])[2] is used
14:39:12,447 INFO  [BrowserSelenium] EXIT --> (_parseElementOnXpath)
14:39:12,447 INFO  [BrowserSelenium] EXIT --> (_getByLocator)
14:39:12,464 INFO  [BrowserSelenium] ENTER --> (_getByLocator)
14:39:12,464 INFO  [BrowserSelenium] (_getByLocator) -> Getting locator for null
14:39:12,464 INFO  [BrowserSelenium] (_getByLocator) -> Locator info found for XPATH attribute as: (//span[text()='Customers'])[2]
14:39:12,465 INFO  [BrowserSelenium] ENTER --> (_parseElementOnXpath)
14:39:12,465 INFO  [BrowserSelenium] (_parseElementOnXpath) -> (//span[text()='Customers'])[2] is used
14:39:12,465 INFO  [BrowserSelenium] EXIT --> (_parseElementOnXpath)
14:39:12,465 INFO  [BrowserSelenium] EXIT --> (_getByLocator)
14:39:12,485 INFO  [BrowserSelenium] ENTER --> (_getByLocator)
14:39:12,486 INFO  [BrowserSelenium] (_getByLocator) -> Getting locator for null
14:39:12,486 INFO  [BrowserSelenium] (_getByLocator) -> Locator info found for XPATH attribute as: (//span[text()='Customers'])[2]
14:39:12,486 INFO  [BrowserSelenium] ENTER --> (_parseElementOnXpath)
14:39:12,486 INFO  [BrowserSelenium] (_parseElementOnXpath) -> (//span[text()='Customers'])[2] is used
14:39:12,486 INFO  [BrowserSelenium] EXIT --> (_parseElementOnXpath)
14:39:12,486 INFO  [BrowserSelenium] EXIT --> (_getByLocator)
14:39:12,504 INFO  [BrowserSelenium] ENTER --> (_getByLocator)
14:39:12,505 INFO  [BrowserSelenium] (_getByLocator) -> Getting locator for null
14:39:12,505 INFO  [BrowserSelenium] (_getByLocator) -> Locator info found for XPATH attribute as: (//span[text()='Customers'])[2]
14:39:12,505 INFO  [BrowserSelenium] ENTER --> (_parseElementOnXpath)
14:39:12,505 INFO  [BrowserSelenium] (_parseElementOnXpath) -> (//span[text()='Customers'])[2] is used
14:39:12,505 INFO  [BrowserSelenium] EXIT --> (_parseElementOnXpath)
14:39:12,505 INFO  [BrowserSelenium] EXIT --> (_getByLocator)
14:39:12,522 INFO  [BrowserSelenium] ENTER --> (_getByLocator)
14:39:12,523 INFO  [BrowserSelenium] (_getByLocator) -> Getting locator for null
14:39:12,523 INFO  [BrowserSelenium] (_getByLocator) -> Locator info found for XPATH attribute as: (//span[text()='Customers'])[2]
14:39:12,523 INFO  [BrowserSelenium] ENTER --> (_parseElementOnXpath)
14:39:12,523 INFO  [BrowserSelenium] (_parseElementOnXpath) -> (//span[text()='Customers'])[2] is used
14:39:12,523 INFO  [BrowserSelenium] EXIT --> (_parseElementOnXpath)
14:39:12,523 INFO  [BrowserSelenium] EXIT --> (_getByLocator)
14:39:12,540 INFO  [BrowserSelenium] ENTER --> (_getByLocator)
14:39:12,540 INFO  [BrowserSelenium] (_getByLocator) -> Getting locator for null
14:39:12,540 INFO  [BrowserSelenium] (_getByLocator) -> Locator info found for XPATH attribute as: (//span[text()='Customers'])[2]
14:39:12,541 INFO  [BrowserSelenium] ENTER --> (_parseElementOnXpath)
14:39:12,541 INFO  [BrowserSelenium] (_parseElementOnXpath) -> (//span[text()='Customers'])[2] is used
14:39:12,541 INFO  [BrowserSelenium] EXIT --> (_parseElementOnXpath)
14:39:12,541 INFO  [BrowserSelenium] EXIT --> (_getByLocator)
14:39:12,559 INFO  [BrowserSelenium] ENTER --> (_getByLocator)
14:39:12,559 INFO  [BrowserSelenium] (_getByLocator) -> Getting locator for null
14:39:12,560 INFO  [BrowserSelenium] (_getByLocator) -> Locator info found for XPATH attribute as: (//span[text()='Customers'])[2]
14:39:12,560 INFO  [BrowserSelenium] ENTER --> (_parseElementOnXpath)
14:39:12,560 INFO  [BrowserSelenium] (_parseElementOnXpath) -> (//span[text()='Customers'])[2] is used
14:39:12,560 INFO  [BrowserSelenium] EXIT --> (_parseElementOnXpath)
14:39:12,560 INFO  [BrowserSelenium] EXIT --> (_getByLocator)
14:39:12,578 INFO  [BrowserSelenium] ENTER --> (_getByLocator)
14:39:12,578 INFO  [BrowserSelenium] (_getByLocator) -> Getting locator for null
14:39:12,579 INFO  [BrowserSelenium] (_getByLocator) -> Locator info found for XPATH attribute as: (//span[text()='Customers'])[2]
14:39:12,579 INFO  [BrowserSelenium] ENTER --> (_parseElementOnXpath)
14:39:12,579 INFO  [BrowserSelenium] (_parseElementOnXpath) -> (//span[text()='Customers'])[2] is used
14:39:12,579 INFO  [BrowserSelenium] EXIT --> (_parseElementOnXpath)
14:39:12,579 INFO  [BrowserSelenium] EXIT --> (_getByLocator)
14:39:12,600 INFO  [BrowserSelenium] ENTER --> (_getByLocator)
14:39:12,600 INFO  [BrowserSelenium] (_getByLocator) -> Getting locator for null
14:39:12,600 INFO  [BrowserSelenium] (_getByLocator) -> Locator info found for XPATH attribute as: (//span[text()='Customers'])[2]
14:39:12,600 INFO  [BrowserSelenium] ENTER --> (_parseElementOnXpath)
14:39:12,600 INFO  [BrowserSelenium] (_parseElementOnXpath) -> (//span[text()='Customers'])[2] is used
14:39:12,601 INFO  [BrowserSelenium] EXIT --> (_parseElementOnXpath)
14:39:12,601 INFO  [BrowserSelenium] EXIT --> (_getByLocator)
14:39:12,619 INFO  [BrowserSelenium] ENTER --> (_getByLocator)
14:39:12,619 INFO  [BrowserSelenium] (_getByLocator) -> Getting locator for null
14:39:12,620 INFO  [BrowserSelenium] (_getByLocator) -> Locator info found for XPATH attribute as: (//span[text()='Customers'])[2]
14:39:12,620 INFO  [BrowserSelenium] ENTER --> (_parseElementOnXpath)
14:39:12,620 INFO  [BrowserSelenium] (_parseElementOnXpath) -> (//span[text()='Customers'])[2] is used
14:39:12,620 INFO  [BrowserSelenium] EXIT --> (_parseElementOnXpath)
14:39:12,620 INFO  [BrowserSelenium] EXIT --> (_getByLocator)
14:39:12,638 INFO  [BrowserSelenium] ENTER --> (_getByLocator)
14:39:12,639 INFO  [BrowserSelenium] (_getByLocator) -> Getting locator for null
14:39:12,639 INFO  [BrowserSelenium] (_getByLocator) -> Locator info found for XPATH attribute as: (//span[text()='Customers'])[2]
14:39:12,639 INFO  [BrowserSelenium] ENTER --> (_parseElementOnXpath)
14:39:12,639 INFO  [BrowserSelenium] (_parseElementOnXpath) -> (//span[text()='Customers'])[2] is used
14:39:12,639 INFO  [BrowserSelenium] EXIT --> (_parseElementOnXpath)
14:39:12,639 INFO  [BrowserSelenium] EXIT --> (_getByLocator)
14:39:12,657 INFO  [BrowserSelenium] ENTER --> (_getByLocator)
14:39:12,657 INFO  [BrowserSelenium] (_getByLocator) -> Getting locator for null
14:39:12,657 INFO  [BrowserSelenium] (_getByLocator) -> Locator info found for XPATH attribute as: (//span[text()='Customers'])[2]
14:39:12,657 INFO  [BrowserSelenium] ENTER --> (_parseElementOnXpath)
14:39:12,657 INFO  [BrowserSelenium] (_parseElementOnXpath) -> (//span[text()='Customers'])[2] is used
14:39:12,658 INFO  [BrowserSelenium] EXIT --> (_parseElementOnXpath)
14:39:12,658 INFO  [BrowserSelenium] EXIT --> (_getByLocator)
14:39:12,677 INFO  [BrowserSelenium] ENTER --> (_getByLocator)
14:39:12,677 INFO  [BrowserSelenium] (_getByLocator) -> Getting locator for null
14:39:12,677 INFO  [BrowserSelenium] (_getByLocator) -> Locator info found for XPATH attribute as: (//span[text()='Customers'])[2]
14:39:12,677 INFO  [BrowserSelenium] ENTER --> (_parseElementOnXpath)
14:39:12,678 INFO  [BrowserSelenium] (_parseElementOnXpath) -> (//span[text()='Customers'])[2] is used
14:39:12,678 INFO  [BrowserSelenium] EXIT --> (_parseElementOnXpath)
14:39:12,678 INFO  [BrowserSelenium] EXIT --> (_getByLocator)
14:39:12,697 INFO  [BrowserSelenium] ENTER --> (_getByLocator)
14:39:12,697 INFO  [BrowserSelenium] (_getByLocator) -> Getting locator for null
14:39:12,697 INFO  [BrowserSelenium] (_getByLocator) -> Locator info found for XPATH attribute as: (//span[text()='Customers'])[2]
14:39:12,697 INFO  [BrowserSelenium] ENTER --> (_parseElementOnXpath)
14:39:12,697 INFO  [BrowserSelenium] (_parseElementOnXpath) -> (//span[text()='Customers'])[2] is used
14:39:12,697 INFO  [BrowserSelenium] EXIT --> (_parseElementOnXpath)
14:39:12,697 INFO  [BrowserSelenium] EXIT --> (_getByLocator)
14:39:12,715 INFO  [BrowserSelenium] ENTER --> (_getByLocator)
14:39:12,715 INFO  [BrowserSelenium] (_getByLocator) -> Getting locator for null
14:39:12,715 INFO  [BrowserSelenium] (_getByLocator) -> Locator info found for XPATH attribute as: (//span[text()='Customers'])[2]
14:39:12,715 INFO  [BrowserSelenium] ENTER --> (_parseElementOnXpath)
14:39:12,715 INFO  [BrowserSelenium] (_parseElementOnXpath) -> (//span[text()='Customers'])[2] is used
14:39:12,716 INFO  [BrowserSelenium] EXIT --> (_parseElementOnXpath)
14:39:12,716 INFO  [BrowserSelenium] EXIT --> (_getByLocator)
14:39:12,736 INFO  [BrowserSelenium] ENTER --> (_getByLocator)
14:39:12,736 INFO  [BrowserSelenium] (_getByLocator) -> Getting locator for null
14:39:12,736 INFO  [BrowserSelenium] (_getByLocator) -> Locator info found for XPATH attribute as: (//span[text()='Customers'])[2]
14:39:12,736 INFO  [BrowserSelenium] ENTER --> (_parseElementOnXpath)
14:39:12,736 INFO  [BrowserSelenium] (_parseElementOnXpath) -> (//span[text()='Customers'])[2] is used
14:39:12,736 INFO  [BrowserSelenium] EXIT --> (_parseElementOnXpath)
14:39:12,736 INFO  [BrowserSelenium] EXIT --> (_getByLocator)
14:39:12,757 INFO  [BrowserSelenium] ENTER --> (_getByLocator)
14:39:12,758 INFO  [BrowserSelenium] (_getByLocator) -> Getting locator for null
14:39:12,758 INFO  [BrowserSelenium] (_getByLocator) -> Locator info found for XPATH attribute as: (//span[text()='Customers'])[2]
14:39:12,758 INFO  [BrowserSelenium] ENTER --> (_parseElementOnXpath)
14:39:12,758 INFO  [BrowserSelenium] (_parseElementOnXpath) -> (//span[text()='Customers'])[2] is used
14:39:12,758 INFO  [BrowserSelenium] EXIT --> (_parseElementOnXpath)
14:39:12,758 INFO  [BrowserSelenium] EXIT --> (_getByLocator)
14:39:12,777 INFO  [BrowserSelenium] ENTER --> (_getByLocator)
14:39:12,777 INFO  [BrowserSelenium] (_getByLocator) -> Getting locator for null
14:39:12,777 INFO  [BrowserSelenium] (_getByLocator) -> Locator info found for XPATH attribute as: (//span[text()='Customers'])[2]
14:39:12,777 INFO  [BrowserSelenium] ENTER --> (_parseElementOnXpath)
14:39:12,777 INFO  [BrowserSelenium] (_parseElementOnXpath) -> (//span[text()='Customers'])[2] is used
14:39:12,777 INFO  [BrowserSelenium] EXIT --> (_parseElementOnXpath)
14:39:12,778 INFO  [BrowserSelenium] EXIT --> (_getByLocator)
14:39:12,796 INFO  [BrowserSelenium] ENTER --> (_getByLocator)
14:39:12,797 INFO  [BrowserSelenium] (_getByLocator) -> Getting locator for null
14:39:12,797 INFO  [BrowserSelenium] (_getByLocator) -> Locator info found for XPATH attribute as: (//span[text()='Customers'])[2]
14:39:12,797 INFO  [BrowserSelenium] ENTER --> (_parseElementOnXpath)
14:39:12,797 INFO  [BrowserSelenium] (_parseElementOnXpath) -> (//span[text()='Customers'])[2] is used
14:39:12,797 INFO  [BrowserSelenium] EXIT --> (_parseElementOnXpath)
14:39:12,797 INFO  [BrowserSelenium] EXIT --> (_getByLocator)
14:39:12,816 INFO  [BrowserSelenium] ENTER --> (_getByLocator)
14:39:12,816 INFO  [BrowserSelenium] (_getByLocator) -> Getting locator for null
14:39:12,816 INFO  [BrowserSelenium] (_getByLocator) -> Locator info found for XPATH attribute as: (//span[text()='Customers'])[2]
14:39:12,816 INFO  [BrowserSelenium] ENTER --> (_parseElementOnXpath)
14:39:12,816 INFO  [BrowserSelenium] (_parseElementOnXpath) -> (//span[text()='Customers'])[2] is used
14:39:12,816 INFO  [BrowserSelenium] EXIT --> (_parseElementOnXpath)
14:39:12,816 INFO  [BrowserSelenium] EXIT --> (_getByLocator)
14:39:12,836 INFO  [BrowserSelenium] ENTER --> (_getByLocator)
14:39:12,836 INFO  [BrowserSelenium] (_getByLocator) -> Getting locator for null
14:39:12,836 INFO  [BrowserSelenium] (_getByLocator) -> Locator info found for XPATH attribute as: (//span[text()='Customers'])[2]
14:39:12,836 INFO  [BrowserSelenium] ENTER --> (_parseElementOnXpath)
14:39:12,836 INFO  [BrowserSelenium] (_parseElementOnXpath) -> (//span[text()='Customers'])[2] is used
14:39:12,837 INFO  [BrowserSelenium] EXIT --> (_parseElementOnXpath)
14:39:12,837 INFO  [BrowserSelenium] EXIT --> (_getByLocator)
14:39:12,855 INFO  [BrowserSelenium] ENTER --> (_getByLocator)
14:39:12,855 INFO  [BrowserSelenium] (_getByLocator) -> Getting locator for null
14:39:12,855 INFO  [BrowserSelenium] (_getByLocator) -> Locator info found for XPATH attribute as: (//span[text()='Customers'])[2]
14:39:12,855 INFO  [BrowserSelenium] ENTER --> (_parseElementOnXpath)
14:39:12,855 INFO  [BrowserSelenium] (_parseElementOnXpath) -> (//span[text()='Customers'])[2] is used
14:39:12,855 INFO  [BrowserSelenium] EXIT --> (_parseElementOnXpath)
14:39:12,856 INFO  [BrowserSelenium] EXIT --> (_getByLocator)
14:39:12,876 INFO  [BrowserSelenium] ENTER --> (_getByLocator)
14:39:12,876 INFO  [BrowserSelenium] (_getByLocator) -> Getting locator for null
14:39:12,876 INFO  [BrowserSelenium] (_getByLocator) -> Locator info found for XPATH attribute as: (//span[text()='Customers'])[2]
14:39:12,876 INFO  [BrowserSelenium] ENTER --> (_parseElementOnXpath)
14:39:12,876 INFO  [BrowserSelenium] (_parseElementOnXpath) -> (//span[text()='Customers'])[2] is used
14:39:12,877 INFO  [BrowserSelenium] EXIT --> (_parseElementOnXpath)
14:39:12,877 INFO  [BrowserSelenium] EXIT --> (_getByLocator)
14:39:12,895 INFO  [BrowserSelenium] ENTER --> (_getByLocator)
14:39:12,895 INFO  [BrowserSelenium] (_getByLocator) -> Getting locator for null
14:39:12,895 INFO  [BrowserSelenium] (_getByLocator) -> Locator info found for XPATH attribute as: (//span[text()='Customers'])[2]
14:39:12,896 INFO  [BrowserSelenium] ENTER --> (_parseElementOnXpath)
14:39:12,896 INFO  [BrowserSelenium] (_parseElementOnXpath) -> (//span[text()='Customers'])[2] is used
14:39:12,896 INFO  [BrowserSelenium] EXIT --> (_parseElementOnXpath)
14:39:12,896 INFO  [BrowserSelenium] EXIT --> (_getByLocator)
14:39:12,913 INFO  [BrowserSelenium] ENTER --> (_getByLocator)
14:39:12,913 INFO  [BrowserSelenium] (_getByLocator) -> Getting locator for null
14:39:12,914 INFO  [BrowserSelenium] (_getByLocator) -> Locator info found for XPATH attribute as: (//span[text()='Customers'])[2]
14:39:12,914 INFO  [BrowserSelenium] ENTER --> (_parseElementOnXpath)
14:39:12,914 INFO  [BrowserSelenium] (_parseElementOnXpath) -> (//span[text()='Customers'])[2] is used
14:39:12,914 INFO  [BrowserSelenium] EXIT --> (_parseElementOnXpath)
14:39:12,914 INFO  [BrowserSelenium] EXIT --> (_getByLocator)
14:39:12,932 INFO  [BrowserSelenium] ENTER --> (_getByLocator)
14:39:12,933 INFO  [BrowserSelenium] (_getByLocator) -> Getting locator for null
14:39:12,933 INFO  [BrowserSelenium] (_getByLocator) -> Locator info found for XPATH attribute as: (//span[text()='Customers'])[2]
14:39:12,933 INFO  [BrowserSelenium] ENTER --> (_parseElementOnXpath)
14:39:12,933 INFO  [BrowserSelenium] (_parseElementOnXpath) -> (//span[text()='Customers'])[2] is used
14:39:12,933 INFO  [BrowserSelenium] EXIT --> (_parseElementOnXpath)
14:39:12,933 INFO  [BrowserSelenium] EXIT --> (_getByLocator)
14:39:12,950 INFO  [BrowserSelenium] ENTER --> (_getByLocator)
14:39:12,950 INFO  [BrowserSelenium] (_getByLocator) -> Getting locator for null
14:39:12,951 INFO  [BrowserSelenium] (_getByLocator) -> Locator info found for XPATH attribute as: (//span[text()='Customers'])[2]
14:39:12,951 INFO  [BrowserSelenium] ENTER --> (_parseElementOnXpath)
14:39:12,951 INFO  [BrowserSelenium] (_parseElementOnXpath) -> (//span[text()='Customers'])[2] is used
14:39:12,951 INFO  [BrowserSelenium] EXIT --> (_parseElementOnXpath)
14:39:12,951 INFO  [BrowserSelenium] EXIT --> (_getByLocator)
14:39:12,968 INFO  [BrowserSelenium] ENTER --> (_getByLocator)
14:39:12,969 INFO  [BrowserSelenium] (_getByLocator) -> Getting locator for null
14:39:12,969 INFO  [BrowserSelenium] (_getByLocator) -> Locator info found for XPATH attribute as: (//span[text()='Customers'])[2]
14:39:12,969 INFO  [BrowserSelenium] ENTER --> (_parseElementOnXpath)
14:39:12,969 INFO  [BrowserSelenium] (_parseElementOnXpath) -> (//span[text()='Customers'])[2] is used
14:39:12,969 INFO  [BrowserSelenium] EXIT --> (_parseElementOnXpath)
14:39:12,969 INFO  [BrowserSelenium] EXIT --> (_getByLocator)
14:39:12,987 INFO  [BrowserSelenium] ENTER --> (_getByLocator)
14:39:12,987 INFO  [BrowserSelenium] (_getByLocator) -> Getting locator for null
14:39:12,987 INFO  [BrowserSelenium] (_getByLocator) -> Locator info found for XPATH attribute as: (//span[text()='Customers'])[2]
14:39:12,987 INFO  [BrowserSelenium] ENTER --> (_parseElementOnXpath)
14:39:12,987 INFO  [BrowserSelenium] (_parseElementOnXpath) -> (//span[text()='Customers'])[2] is used
14:39:12,987 INFO  [BrowserSelenium] EXIT --> (_parseElementOnXpath)
14:39:12,988 INFO  [BrowserSelenium] EXIT --> (_getByLocator)
14:39:13,004 INFO  [BrowserSelenium] ENTER --> (_getByLocator)
14:39:13,005 INFO  [BrowserSelenium] (_getByLocator) -> Getting locator for null
14:39:13,005 INFO  [BrowserSelenium] (_getByLocator) -> Locator info found for XPATH attribute as: (//span[text()='Customers'])[2]
14:39:13,005 INFO  [BrowserSelenium] ENTER --> (_parseElementOnXpath)
14:39:13,005 INFO  [BrowserSelenium] (_parseElementOnXpath) -> (//span[text()='Customers'])[2] is used
14:39:13,005 INFO  [BrowserSelenium] EXIT --> (_parseElementOnXpath)
14:39:13,005 INFO  [BrowserSelenium] EXIT --> (_getByLocator)
14:39:13,023 INFO  [BrowserSelenium] ENTER --> (_getByLocator)
14:39:13,023 INFO  [BrowserSelenium] (_getByLocator) -> Getting locator for null
14:39:13,023 INFO  [BrowserSelenium] (_getByLocator) -> Locator info found for XPATH attribute as: (//span[text()='Customers'])[2]
14:39:13,023 INFO  [BrowserSelenium] ENTER --> (_parseElementOnXpath)
14:39:13,023 INFO  [BrowserSelenium] (_parseElementOnXpath) -> (//span[text()='Customers'])[2] is used
14:39:13,023 INFO  [BrowserSelenium] EXIT --> (_parseElementOnXpath)
14:39:13,023 INFO  [BrowserSelenium] EXIT --> (_getByLocator)
14:39:13,040 INFO  [BrowserSelenium] ENTER --> (_getByLocator)
14:39:13,040 INFO  [BrowserSelenium] (_getByLocator) -> Getting locator for null
14:39:13,041 INFO  [BrowserSelenium] (_getByLocator) -> Locator info found for XPATH attribute as: (//span[text()='Customers'])[2]
14:39:13,041 INFO  [BrowserSelenium] ENTER --> (_parseElementOnXpath)
14:39:13,041 INFO  [BrowserSelenium] (_parseElementOnXpath) -> (//span[text()='Customers'])[2] is used
14:39:13,041 INFO  [BrowserSelenium] EXIT --> (_parseElementOnXpath)
14:39:13,041 INFO  [BrowserSelenium] EXIT --> (_getByLocator)
14:39:13,058 INFO  [BrowserSelenium] ENTER --> (_getByLocator)
14:39:13,058 INFO  [BrowserSelenium] (_getByLocator) -> Getting locator for null
14:39:13,058 INFO  [BrowserSelenium] (_getByLocator) -> Locator info found for XPATH attribute as: (//span[text()='Customers'])[2]
14:39:13,058 INFO  [BrowserSelenium] ENTER --> (_parseElementOnXpath)
14:39:13,059 INFO  [BrowserSelenium] (_parseElementOnXpath) -> (//span[text()='Customers'])[2] is used
14:39:13,059 INFO  [BrowserSelenium] EXIT --> (_parseElementOnXpath)
14:39:13,059 INFO  [BrowserSelenium] EXIT --> (_getByLocator)
14:39:13,076 INFO  [BrowserSelenium] ENTER --> (_getByLocator)
14:39:13,076 INFO  [BrowserSelenium] (_getByLocator) -> Getting locator for null
14:39:13,076 INFO  [BrowserSelenium] (_getByLocator) -> Locator info found for XPATH attribute as: (//span[text()='Customers'])[2]
14:39:13,076 INFO  [BrowserSelenium] ENTER --> (_parseElementOnXpath)
14:39:13,076 INFO  [BrowserSelenium] (_parseElementOnXpath) -> (//span[text()='Customers'])[2] is used
14:39:13,076 INFO  [BrowserSelenium] EXIT --> (_parseElementOnXpath)
14:39:13,076 INFO  [BrowserSelenium] EXIT --> (_getByLocator)
14:39:13,093 INFO  [BrowserSelenium] ENTER --> (_getByLocator)
14:39:13,093 INFO  [BrowserSelenium] (_getByLocator) -> Getting locator for null
14:39:13,093 INFO  [BrowserSelenium] (_getByLocator) -> Locator info found for XPATH attribute as: (//span[text()='Customers'])[2]
14:39:13,094 INFO  [BrowserSelenium] ENTER --> (_parseElementOnXpath)
14:39:13,094 INFO  [BrowserSelenium] (_parseElementOnXpath) -> (//span[text()='Customers'])[2] is used
14:39:13,094 INFO  [BrowserSelenium] EXIT --> (_parseElementOnXpath)
14:39:13,094 INFO  [BrowserSelenium] EXIT --> (_getByLocator)
14:39:13,111 INFO  [BrowserSelenium] ENTER --> (_getByLocator)
14:39:13,111 INFO  [BrowserSelenium] (_getByLocator) -> Getting locator for null
14:39:13,111 INFO  [BrowserSelenium] (_getByLocator) -> Locator info found for XPATH attribute as: (//span[text()='Customers'])[2]
14:39:13,111 INFO  [BrowserSelenium] ENTER --> (_parseElementOnXpath)
14:39:13,112 INFO  [BrowserSelenium] (_parseElementOnXpath) -> (//span[text()='Customers'])[2] is used
14:39:13,112 INFO  [BrowserSelenium] EXIT --> (_parseElementOnXpath)
14:39:13,112 INFO  [BrowserSelenium] EXIT --> (_getByLocator)
14:39:13,129 INFO  [BrowserSelenium] ENTER --> (_getByLocator)
14:39:13,130 INFO  [BrowserSelenium] (_getByLocator) -> Getting locator for null
14:39:13,130 INFO  [BrowserSelenium] (_getByLocator) -> Locator info found for XPATH attribute as: (//span[text()='Customers'])[2]
14:39:13,130 INFO  [BrowserSelenium] ENTER --> (_parseElementOnXpath)
14:39:13,130 INFO  [BrowserSelenium] (_parseElementOnXpath) -> (//span[text()='Customers'])[2] is used
14:39:13,130 INFO  [BrowserSelenium] EXIT --> (_parseElementOnXpath)
14:39:13,130 INFO  [BrowserSelenium] EXIT --> (_getByLocator)
14:39:13,150 INFO  [BrowserSelenium] ENTER --> (_getByLocator)
14:39:13,150 INFO  [BrowserSelenium] (_getByLocator) -> Getting locator for null
14:39:13,150 INFO  [BrowserSelenium] (_getByLocator) -> Locator info found for XPATH attribute as: (//span[text()='Customers'])[2]
14:39:13,150 INFO  [BrowserSelenium] ENTER --> (_parseElementOnXpath)
14:39:13,150 INFO  [BrowserSelenium] (_parseElementOnXpath) -> (//span[text()='Customers'])[2] is used
14:39:13,150 INFO  [BrowserSelenium] EXIT --> (_parseElementOnXpath)
14:39:13,150 INFO  [BrowserSelenium] EXIT --> (_getByLocator)
14:39:13,168 INFO  [BrowserSelenium] ENTER --> (_getByLocator)
14:39:13,169 INFO  [BrowserSelenium] (_getByLocator) -> Getting locator for null
14:39:13,169 INFO  [BrowserSelenium] (_getByLocator) -> Locator info found for XPATH attribute as: (//span[text()='Customers'])[2]
14:39:13,169 INFO  [BrowserSelenium] ENTER --> (_parseElementOnXpath)
14:39:13,169 INFO  [BrowserSelenium] (_parseElementOnXpath) -> (//span[text()='Customers'])[2] is used
14:39:13,169 INFO  [BrowserSelenium] EXIT --> (_parseElementOnXpath)
14:39:13,169 INFO  [BrowserSelenium] EXIT --> (_getByLocator)
14:39:13,189 INFO  [BrowserSelenium] ENTER --> (_getByLocator)
14:39:13,189 INFO  [BrowserSelenium] (_getByLocator) -> Getting locator for null
14:39:13,189 INFO  [BrowserSelenium] (_getByLocator) -> Locator info found for XPATH attribute as: (//span[text()='Customers'])[2]
14:39:13,189 INFO  [BrowserSelenium] ENTER --> (_parseElementOnXpath)
14:39:13,190 INFO  [BrowserSelenium] (_parseElementOnXpath) -> (//span[text()='Customers'])[2] is used
14:39:13,190 INFO  [BrowserSelenium] EXIT --> (_parseElementOnXpath)
14:39:13,190 INFO  [BrowserSelenium] EXIT --> (_getByLocator)
14:39:13,207 INFO  [BrowserSelenium] ENTER --> (_getByLocator)
14:39:13,207 INFO  [BrowserSelenium] (_getByLocator) -> Getting locator for null
14:39:13,207 INFO  [BrowserSelenium] (_getByLocator) -> Locator info found for XPATH attribute as: (//span[text()='Customers'])[2]
14:39:13,208 INFO  [BrowserSelenium] ENTER --> (_parseElementOnXpath)
14:39:13,208 INFO  [BrowserSelenium] (_parseElementOnXpath) -> (//span[text()='Customers'])[2] is used
14:39:13,208 INFO  [BrowserSelenium] EXIT --> (_parseElementOnXpath)
14:39:13,208 INFO  [BrowserSelenium] EXIT --> (_getByLocator)
14:39:13,226 INFO  [BrowserSelenium] ENTER --> (_getByLocator)
14:39:13,226 INFO  [BrowserSelenium] (_getByLocator) -> Getting locator for null
14:39:13,226 INFO  [BrowserSelenium] (_getByLocator) -> Locator info found for XPATH attribute as: (//span[text()='Customers'])[2]
14:39:13,226 INFO  [BrowserSelenium] ENTER --> (_parseElementOnXpath)
14:39:13,226 INFO  [BrowserSelenium] (_parseElementOnXpath) -> (//span[text()='Customers'])[2] is used
14:39:13,226 INFO  [BrowserSelenium] EXIT --> (_parseElementOnXpath)
14:39:13,227 INFO  [BrowserSelenium] EXIT --> (_getByLocator)
14:39:13,245 INFO  [BrowserSelenium] ENTER --> (_getByLocator)
14:39:13,245 INFO  [BrowserSelenium] (_getByLocator) -> Getting locator for null
14:39:13,245 INFO  [BrowserSelenium] (_getByLocator) -> Locator info found for XPATH attribute as: (//span[text()='Customers'])[2]
14:39:13,245 INFO  [BrowserSelenium] ENTER --> (_parseElementOnXpath)
14:39:13,246 INFO  [BrowserSelenium] (_parseElementOnXpath) -> (//span[text()='Customers'])[2] is used
14:39:13,246 INFO  [BrowserSelenium] EXIT --> (_parseElementOnXpath)
14:39:13,246 INFO  [BrowserSelenium] EXIT --> (_getByLocator)
14:39:13,265 INFO  [BrowserSelenium] ENTER --> (_getByLocator)
14:39:13,265 INFO  [BrowserSelenium] (_getByLocator) -> Getting locator for null
14:39:13,265 INFO  [BrowserSelenium] (_getByLocator) -> Locator info found for XPATH attribute as: (//span[text()='Customers'])[2]
14:39:13,265 INFO  [BrowserSelenium] ENTER --> (_parseElementOnXpath)
14:39:13,265 INFO  [BrowserSelenium] (_parseElementOnXpath) -> (//span[text()='Customers'])[2] is used
14:39:13,266 INFO  [BrowserSelenium] EXIT --> (_parseElementOnXpath)
14:39:13,266 INFO  [BrowserSelenium] EXIT --> (_getByLocator)
14:39:13,283 INFO  [BrowserSelenium] ENTER --> (_getByLocator)
14:39:13,284 INFO  [BrowserSelenium] (_getByLocator) -> Getting locator for null
14:39:13,284 INFO  [BrowserSelenium] (_getByLocator) -> Locator info found for XPATH attribute as: (//span[text()='Customers'])[2]
14:39:13,284 INFO  [BrowserSelenium] ENTER --> (_parseElementOnXpath)
14:39:13,284 INFO  [BrowserSelenium] (_parseElementOnXpath) -> (//span[text()='Customers'])[2] is used
14:39:13,284 INFO  [BrowserSelenium] EXIT --> (_parseElementOnXpath)
14:39:13,284 INFO  [BrowserSelenium] EXIT --> (_getByLocator)
14:39:13,306 INFO  [BrowserSelenium] ENTER --> (_getByLocator)
14:39:13,306 INFO  [BrowserSelenium] (_getByLocator) -> Getting locator for null
14:39:13,306 INFO  [BrowserSelenium] (_getByLocator) -> Locator info found for XPATH attribute as: (//span[text()='Customers'])[2]
14:39:13,306 INFO  [BrowserSelenium] ENTER --> (_parseElementOnXpath)
14:39:13,307 INFO  [BrowserSelenium] (_parseElementOnXpath) -> (//span[text()='Customers'])[2] is used
14:39:13,307 INFO  [BrowserSelenium] EXIT --> (_parseElementOnXpath)
14:39:13,307 INFO  [BrowserSelenium] EXIT --> (_getByLocator)
14:39:13,326 INFO  [BrowserSelenium] ENTER --> (_getByLocator)
14:39:13,326 INFO  [BrowserSelenium] (_getByLocator) -> Getting locator for null
14:39:13,326 INFO  [BrowserSelenium] (_getByLocator) -> Locator info found for XPATH attribute as: (//span[text()='Customers'])[2]
14:39:13,326 INFO  [BrowserSelenium] ENTER --> (_parseElementOnXpath)
14:39:13,326 INFO  [BrowserSelenium] (_parseElementOnXpath) -> (//span[text()='Customers'])[2] is used
14:39:13,326 INFO  [BrowserSelenium] EXIT --> (_parseElementOnXpath)
14:39:13,327 INFO  [BrowserSelenium] EXIT --> (_getByLocator)
14:39:13,343 INFO  [BrowserSelenium] ENTER --> (_getByLocator)
14:39:13,344 INFO  [BrowserSelenium] (_getByLocator) -> Getting locator for null
14:39:13,344 INFO  [BrowserSelenium] (_getByLocator) -> Locator info found for XPATH attribute as: (//span[text()='Customers'])[2]
14:39:13,344 INFO  [BrowserSelenium] ENTER --> (_parseElementOnXpath)
14:39:13,344 INFO  [BrowserSelenium] (_parseElementOnXpath) -> (//span[text()='Customers'])[2] is used
14:39:13,344 INFO  [BrowserSelenium] EXIT --> (_parseElementOnXpath)
14:39:13,344 INFO  [BrowserSelenium] EXIT --> (_getByLocator)
14:39:13,361 INFO  [BrowserSelenium] ENTER --> (_getByLocator)
14:39:13,362 INFO  [BrowserSelenium] (_getByLocator) -> Getting locator for null
14:39:13,362 INFO  [BrowserSelenium] (_getByLocator) -> Locator info found for XPATH attribute as: (//span[text()='Customers'])[2]
14:39:13,362 INFO  [BrowserSelenium] ENTER --> (_parseElementOnXpath)
14:39:13,362 INFO  [BrowserSelenium] (_parseElementOnXpath) -> (//span[text()='Customers'])[2] is used
14:39:13,362 INFO  [BrowserSelenium] EXIT --> (_parseElementOnXpath)
14:39:13,363 INFO  [BrowserSelenium] EXIT --> (_getByLocator)
14:39:13,380 INFO  [BrowserSelenium] ENTER --> (_getByLocator)
14:39:13,380 INFO  [BrowserSelenium] (_getByLocator) -> Getting locator for null
14:39:13,380 INFO  [BrowserSelenium] (_getByLocator) -> Locator info found for XPATH attribute as: (//span[text()='Customers'])[2]
14:39:13,380 INFO  [BrowserSelenium] ENTER --> (_parseElementOnXpath)
14:39:13,380 INFO  [BrowserSelenium] (_parseElementOnXpath) -> (//span[text()='Customers'])[2] is used
14:39:13,380 INFO  [BrowserSelenium] EXIT --> (_parseElementOnXpath)
14:39:13,380 INFO  [BrowserSelenium] EXIT --> (_getByLocator)
14:39:13,398 INFO  [BrowserSelenium] ENTER --> (_getByLocator)
14:39:13,398 INFO  [BrowserSelenium] (_getByLocator) -> Getting locator for null
14:39:13,398 INFO  [BrowserSelenium] (_getByLocator) -> Locator info found for XPATH attribute as: (//span[text()='Customers'])[2]
14:39:13,398 INFO  [BrowserSelenium] ENTER --> (_parseElementOnXpath)
14:39:13,398 INFO  [BrowserSelenium] (_parseElementOnXpath) -> (//span[text()='Customers'])[2] is used
14:39:13,398 INFO  [BrowserSelenium] EXIT --> (_parseElementOnXpath)
14:39:13,399 INFO  [BrowserSelenium] EXIT --> (_getByLocator)
14:39:13,415 INFO  [BrowserSelenium] ENTER --> (_getByLocator)
14:39:13,416 INFO  [BrowserSelenium] (_getByLocator) -> Getting locator for null
14:39:13,416 INFO  [BrowserSelenium] (_getByLocator) -> Locator info found for XPATH attribute as: (//span[text()='Customers'])[2]
14:39:13,416 INFO  [BrowserSelenium] ENTER --> (_parseElementOnXpath)
14:39:13,416 INFO  [BrowserSelenium] (_parseElementOnXpath) -> (//span[text()='Customers'])[2] is used
14:39:13,416 INFO  [BrowserSelenium] EXIT --> (_parseElementOnXpath)
14:39:13,416 INFO  [BrowserSelenium] EXIT --> (_getByLocator)
14:39:13,434 INFO  [BrowserSelenium] ENTER --> (_getByLocator)
14:39:13,435 INFO  [BrowserSelenium] (_getByLocator) -> Getting locator for null
14:39:13,435 INFO  [BrowserSelenium] (_getByLocator) -> Locator info found for XPATH attribute as: (//span[text()='Customers'])[2]
14:39:13,435 INFO  [BrowserSelenium] ENTER --> (_parseElementOnXpath)
14:39:13,435 INFO  [BrowserSelenium] (_parseElementOnXpath) -> (//span[text()='Customers'])[2] is used
14:39:13,435 INFO  [BrowserSelenium] EXIT --> (_parseElementOnXpath)
14:39:13,435 INFO  [BrowserSelenium] EXIT --> (_getByLocator)
14:39:13,456 INFO  [BrowserSelenium] ENTER --> (_getByLocator)
14:39:13,457 INFO  [BrowserSelenium] (_getByLocator) -> Getting locator for null
14:39:13,457 INFO  [BrowserSelenium] (_getByLocator) -> Locator info found for XPATH attribute as: (//span[text()='Customers'])[2]
14:39:13,457 INFO  [BrowserSelenium] ENTER --> (_parseElementOnXpath)
14:39:13,457 INFO  [BrowserSelenium] (_parseElementOnXpath) -> (//span[text()='Customers'])[2] is used
14:39:13,457 INFO  [BrowserSelenium] EXIT --> (_parseElementOnXpath)
14:39:13,457 INFO  [BrowserSelenium] EXIT --> (_getByLocator)
14:39:13,477 INFO  [BrowserSelenium] ENTER --> (_getByLocator)
14:39:13,478 INFO  [BrowserSelenium] (_getByLocator) -> Getting locator for null
14:39:13,478 INFO  [BrowserSelenium] (_getByLocator) -> Locator info found for XPATH attribute as: (//span[text()='Customers'])[2]
14:39:13,478 INFO  [BrowserSelenium] ENTER --> (_parseElementOnXpath)
14:39:13,478 INFO  [BrowserSelenium] (_parseElementOnXpath) -> (//span[text()='Customers'])[2] is used
14:39:13,478 INFO  [BrowserSelenium] EXIT --> (_parseElementOnXpath)
14:39:13,478 INFO  [BrowserSelenium] EXIT --> (_getByLocator)
14:39:13,500 INFO  [BrowserSelenium] ENTER --> (_getByLocator)
14:39:13,500 INFO  [BrowserSelenium] (_getByLocator) -> Getting locator for null
14:39:13,501 INFO  [BrowserSelenium] (_getByLocator) -> Locator info found for XPATH attribute as: (//span[text()='Customers'])[2]
14:39:13,501 INFO  [BrowserSelenium] ENTER --> (_parseElementOnXpath)
14:39:13,501 INFO  [BrowserSelenium] (_parseElementOnXpath) -> (//span[text()='Customers'])[2] is used
14:39:13,501 INFO  [BrowserSelenium] EXIT --> (_parseElementOnXpath)
14:39:13,501 INFO  [BrowserSelenium] EXIT --> (_getByLocator)
14:39:13,526 INFO  [BrowserSelenium] ENTER --> (_getByLocator)
14:39:13,526 INFO  [BrowserSelenium] (_getByLocator) -> Getting locator for null
14:39:13,526 INFO  [BrowserSelenium] (_getByLocator) -> Locator info found for XPATH attribute as: (//span[text()='Customers'])[2]
14:39:13,526 INFO  [BrowserSelenium] ENTER --> (_parseElementOnXpath)
14:39:13,527 INFO  [BrowserSelenium] (_parseElementOnXpath) -> (//span[text()='Customers'])[2] is used
14:39:13,527 INFO  [BrowserSelenium] EXIT --> (_parseElementOnXpath)
14:39:13,527 INFO  [BrowserSelenium] EXIT --> (_getByLocator)
14:39:13,551 INFO  [BrowserSelenium] ENTER --> (_getByLocator)
14:39:13,551 INFO  [BrowserSelenium] (_getByLocator) -> Getting locator for null
14:39:13,551 INFO  [BrowserSelenium] (_getByLocator) -> Locator info found for XPATH attribute as: (//span[text()='Customers'])[2]
14:39:13,551 INFO  [BrowserSelenium] ENTER --> (_parseElementOnXpath)
14:39:13,551 INFO  [BrowserSelenium] (_parseElementOnXpath) -> (//span[text()='Customers'])[2] is used
14:39:13,552 INFO  [BrowserSelenium] EXIT --> (_parseElementOnXpath)
14:39:13,552 INFO  [BrowserSelenium] EXIT --> (_getByLocator)
14:39:13,573 INFO  [BrowserSelenium] ENTER --> (_getByLocator)
14:39:13,573 INFO  [BrowserSelenium] (_getByLocator) -> Getting locator for null
14:39:13,573 INFO  [BrowserSelenium] (_getByLocator) -> Locator info found for XPATH attribute as: (//span[text()='Customers'])[2]
14:39:13,573 INFO  [BrowserSelenium] ENTER --> (_parseElementOnXpath)
14:39:13,573 INFO  [BrowserSelenium] (_parseElementOnXpath) -> (//span[text()='Customers'])[2] is used
14:39:13,573 INFO  [BrowserSelenium] EXIT --> (_parseElementOnXpath)
14:39:13,573 INFO  [BrowserSelenium] EXIT --> (_getByLocator)
14:39:13,594 INFO  [BrowserSelenium] ENTER --> (_getByLocator)
14:39:13,594 INFO  [BrowserSelenium] (_getByLocator) -> Getting locator for null
14:39:13,594 INFO  [BrowserSelenium] (_getByLocator) -> Locator info found for XPATH attribute as: (//span[text()='Customers'])[2]
14:39:13,594 INFO  [BrowserSelenium] ENTER --> (_parseElementOnXpath)
14:39:13,594 INFO  [BrowserSelenium] (_parseElementOnXpath) -> (//span[text()='Customers'])[2] is used
14:39:13,595 INFO  [BrowserSelenium] EXIT --> (_parseElementOnXpath)
14:39:13,595 INFO  [BrowserSelenium] EXIT --> (_getByLocator)
14:39:13,612 INFO  [BrowserSelenium] ENTER --> (_getByLocator)
14:39:13,612 INFO  [BrowserSelenium] (_getByLocator) -> Getting locator for null
14:39:13,612 INFO  [BrowserSelenium] (_getByLocator) -> Locator info found for XPATH attribute as: (//span[text()='Customers'])[2]
14:39:13,613 INFO  [BrowserSelenium] ENTER --> (_parseElementOnXpath)
14:39:13,613 INFO  [BrowserSelenium] (_parseElementOnXpath) -> (//span[text()='Customers'])[2] is used
14:39:13,613 INFO  [BrowserSelenium] EXIT --> (_parseElementOnXpath)
14:39:13,613 INFO  [BrowserSelenium] EXIT --> (_getByLocator)
14:39:13,633 INFO  [BrowserSelenium] ENTER --> (_getByLocator)
14:39:13,633 INFO  [BrowserSelenium] (_getByLocator) -> Getting locator for null
14:39:13,633 INFO  [BrowserSelenium] (_getByLocator) -> Locator info found for XPATH attribute as: (//span[text()='Customers'])[2]
14:39:13,633 INFO  [BrowserSelenium] ENTER --> (_parseElementOnXpath)
14:39:13,633 INFO  [BrowserSelenium] (_parseElementOnXpath) -> (//span[text()='Customers'])[2] is used
14:39:13,633 INFO  [BrowserSelenium] EXIT --> (_parseElementOnXpath)
14:39:13,634 INFO  [BrowserSelenium] EXIT --> (_getByLocator)
14:39:13,651 INFO  [BrowserSelenium] ENTER --> (_getByLocator)
14:39:13,651 INFO  [BrowserSelenium] (_getByLocator) -> Getting locator for null
14:39:13,651 INFO  [BrowserSelenium] (_getByLocator) -> Locator info found for XPATH attribute as: (//span[text()='Customers'])[2]
14:39:13,651 INFO  [BrowserSelenium] ENTER --> (_parseElementOnXpath)
14:39:13,651 INFO  [BrowserSelenium] (_parseElementOnXpath) -> (//span[text()='Customers'])[2] is used
14:39:13,652 INFO  [BrowserSelenium] EXIT --> (_parseElementOnXpath)
14:39:13,652 INFO  [BrowserSelenium] EXIT --> (_getByLocator)
14:39:13,670 INFO  [BrowserSelenium] ENTER --> (_getByLocator)
14:39:13,670 INFO  [BrowserSelenium] (_getByLocator) -> Getting locator for null
14:39:13,670 INFO  [BrowserSelenium] (_getByLocator) -> Locator info found for XPATH attribute as: (//span[text()='Customers'])[2]
14:39:13,670 INFO  [BrowserSelenium] ENTER --> (_parseElementOnXpath)
14:39:13,670 INFO  [BrowserSelenium] (_parseElementOnXpath) -> (//span[text()='Customers'])[2] is used
14:39:13,671 INFO  [BrowserSelenium] EXIT --> (_parseElementOnXpath)
14:39:13,671 INFO  [BrowserSelenium] EXIT --> (_getByLocator)
14:39:13,689 INFO  [BrowserSelenium] ENTER --> (_getByLocator)
14:39:13,690 INFO  [BrowserSelenium] (_getByLocator) -> Getting locator for null
14:39:13,690 INFO  [BrowserSelenium] (_getByLocator) -> Locator info found for XPATH attribute as: (//span[text()='Customers'])[2]
14:39:13,690 INFO  [BrowserSelenium] ENTER --> (_parseElementOnXpath)
14:39:13,690 INFO  [BrowserSelenium] (_parseElementOnXpath) -> (//span[text()='Customers'])[2] is used
14:39:13,690 INFO  [BrowserSelenium] EXIT --> (_parseElementOnXpath)
14:39:13,690 INFO  [BrowserSelenium] EXIT --> (_getByLocator)
14:39:13,710 INFO  [BrowserSelenium] ENTER --> (_getByLocator)
14:39:13,710 INFO  [BrowserSelenium] (_getByLocator) -> Getting locator for null
14:39:13,710 INFO  [BrowserSelenium] (_getByLocator) -> Locator info found for XPATH attribute as: (//span[text()='Customers'])[2]
14:39:13,710 INFO  [BrowserSelenium] ENTER --> (_parseElementOnXpath)
14:39:13,710 INFO  [BrowserSelenium] (_parseElementOnXpath) -> (//span[text()='Customers'])[2] is used
14:39:13,710 INFO  [BrowserSelenium] EXIT --> (_parseElementOnXpath)
14:39:13,710 INFO  [BrowserSelenium] EXIT --> (_getByLocator)
14:39:13,731 INFO  [BrowserSelenium] ENTER --> (_getByLocator)
14:39:13,731 INFO  [BrowserSelenium] (_getByLocator) -> Getting locator for null
14:39:13,731 INFO  [BrowserSelenium] (_getByLocator) -> Locator info found for XPATH attribute as: (//span[text()='Customers'])[2]
14:39:13,731 INFO  [BrowserSelenium] ENTER --> (_parseElementOnXpath)
14:39:13,731 INFO  [BrowserSelenium] (_parseElementOnXpath) -> (//span[text()='Customers'])[2] is used
14:39:13,732 INFO  [BrowserSelenium] EXIT --> (_parseElementOnXpath)
14:39:13,732 INFO  [BrowserSelenium] EXIT --> (_getByLocator)
14:39:13,750 INFO  [BrowserSelenium] ENTER --> (_getByLocator)
14:39:13,751 INFO  [BrowserSelenium] (_getByLocator) -> Getting locator for null
14:39:13,751 INFO  [BrowserSelenium] (_getByLocator) -> Locator info found for XPATH attribute as: (//span[text()='Customers'])[2]
14:39:13,751 INFO  [BrowserSelenium] ENTER --> (_parseElementOnXpath)
14:39:13,751 INFO  [BrowserSelenium] (_parseElementOnXpath) -> (//span[text()='Customers'])[2] is used
14:39:13,751 INFO  [BrowserSelenium] EXIT --> (_parseElementOnXpath)
14:39:13,751 INFO  [BrowserSelenium] EXIT --> (_getByLocator)
14:39:13,771 INFO  [BrowserSelenium] ENTER --> (_getByLocator)
14:39:13,771 INFO  [BrowserSelenium] (_getByLocator) -> Getting locator for null
14:39:13,771 INFO  [BrowserSelenium] (_getByLocator) -> Locator info found for XPATH attribute as: (//span[text()='Customers'])[2]
14:39:13,771 INFO  [BrowserSelenium] ENTER --> (_parseElementOnXpath)
14:39:13,771 INFO  [BrowserSelenium] (_parseElementOnXpath) -> (//span[text()='Customers'])[2] is used
14:39:13,771 INFO  [BrowserSelenium] EXIT --> (_parseElementOnXpath)
14:39:13,771 INFO  [BrowserSelenium] EXIT --> (_getByLocator)
14:39:13,788 INFO  [BrowserSelenium] ENTER --> (_getByLocator)
14:39:13,789 INFO  [BrowserSelenium] (_getByLocator) -> Getting locator for null
14:39:13,789 INFO  [BrowserSelenium] (_getByLocator) -> Locator info found for XPATH attribute as: (//span[text()='Customers'])[2]
14:39:13,789 INFO  [BrowserSelenium] ENTER --> (_parseElementOnXpath)
14:39:13,789 INFO  [BrowserSelenium] (_parseElementOnXpath) -> (//span[text()='Customers'])[2] is used
14:39:13,789 INFO  [BrowserSelenium] EXIT --> (_parseElementOnXpath)
14:39:13,789 INFO  [BrowserSelenium] EXIT --> (_getByLocator)
14:39:13,807 INFO  [BrowserSelenium] ENTER --> (_getByLocator)
14:39:13,807 INFO  [BrowserSelenium] (_getByLocator) -> Getting locator for null
14:39:13,808 INFO  [BrowserSelenium] (_getByLocator) -> Locator info found for XPATH attribute as: (//span[text()='Customers'])[2]
14:39:13,808 INFO  [BrowserSelenium] ENTER --> (_parseElementOnXpath)
14:39:13,808 INFO  [BrowserSelenium] (_parseElementOnXpath) -> (//span[text()='Customers'])[2] is used
14:39:13,808 INFO  [BrowserSelenium] EXIT --> (_parseElementOnXpath)
14:39:13,808 INFO  [BrowserSelenium] EXIT --> (_getByLocator)
14:39:13,825 INFO  [BrowserSelenium] ENTER --> (_getByLocator)
14:39:13,826 INFO  [BrowserSelenium] (_getByLocator) -> Getting locator for null
14:39:13,826 INFO  [BrowserSelenium] (_getByLocator) -> Locator info found for XPATH attribute as: (//span[text()='Customers'])[2]
14:39:13,826 INFO  [BrowserSelenium] ENTER --> (_parseElementOnXpath)
14:39:13,826 INFO  [BrowserSelenium] (_parseElementOnXpath) -> (//span[text()='Customers'])[2] is used
14:39:13,826 INFO  [BrowserSelenium] EXIT --> (_parseElementOnXpath)
14:39:13,826 INFO  [BrowserSelenium] EXIT --> (_getByLocator)
14:39:13,843 INFO  [BrowserSelenium] ENTER --> (_getByLocator)
14:39:13,843 INFO  [BrowserSelenium] (_getByLocator) -> Getting locator for null
14:39:13,844 INFO  [BrowserSelenium] (_getByLocator) -> Locator info found for XPATH attribute as: (//span[text()='Customers'])[2]
14:39:13,844 INFO  [BrowserSelenium] ENTER --> (_parseElementOnXpath)
14:39:13,844 INFO  [BrowserSelenium] (_parseElementOnXpath) -> (//span[text()='Customers'])[2] is used
14:39:13,844 INFO  [BrowserSelenium] EXIT --> (_parseElementOnXpath)
14:39:13,844 INFO  [BrowserSelenium] EXIT --> (_getByLocator)
14:39:13,861 INFO  [BrowserSelenium] ENTER --> (_getByLocator)
14:39:13,861 INFO  [BrowserSelenium] (_getByLocator) -> Getting locator for null
14:39:13,861 INFO  [BrowserSelenium] (_getByLocator) -> Locator info found for XPATH attribute as: (//span[text()='Customers'])[2]
14:39:13,861 INFO  [BrowserSelenium] ENTER --> (_parseElementOnXpath)
14:39:13,861 INFO  [BrowserSelenium] (_parseElementOnXpath) -> (//span[text()='Customers'])[2] is used
14:39:13,862 INFO  [BrowserSelenium] EXIT --> (_parseElementOnXpath)
14:39:13,862 INFO  [BrowserSelenium] EXIT --> (_getByLocator)
14:39:13,879 INFO  [BrowserSelenium] ENTER --> (_getByLocator)
14:39:13,879 INFO  [BrowserSelenium] (_getByLocator) -> Getting locator for null
14:39:13,879 INFO  [BrowserSelenium] (_getByLocator) -> Locator info found for XPATH attribute as: (//span[text()='Customers'])[2]
14:39:13,879 INFO  [BrowserSelenium] ENTER --> (_parseElementOnXpath)
14:39:13,879 INFO  [BrowserSelenium] (_parseElementOnXpath) -> (//span[text()='Customers'])[2] is used
14:39:13,880 INFO  [BrowserSelenium] EXIT --> (_parseElementOnXpath)
14:39:13,880 INFO  [BrowserSelenium] EXIT --> (_getByLocator)
14:39:13,898 INFO  [BrowserSelenium] ENTER --> (_getByLocator)
14:39:13,898 INFO  [BrowserSelenium] (_getByLocator) -> Getting locator for null
14:39:13,898 INFO  [BrowserSelenium] (_getByLocator) -> Locator info found for XPATH attribute as: (//span[text()='Customers'])[2]
14:39:13,899 INFO  [BrowserSelenium] ENTER --> (_parseElementOnXpath)
14:39:13,899 INFO  [BrowserSelenium] (_parseElementOnXpath) -> (//span[text()='Customers'])[2] is used
14:39:13,899 INFO  [BrowserSelenium] EXIT --> (_parseElementOnXpath)
14:39:13,899 INFO  [BrowserSelenium] EXIT --> (_getByLocator)
14:39:13,916 INFO  [BrowserSelenium] ENTER --> (_getByLocator)
14:39:13,917 INFO  [BrowserSelenium] (_getByLocator) -> Getting locator for null
14:39:13,917 INFO  [BrowserSelenium] (_getByLocator) -> Locator info found for XPATH attribute as: (//span[text()='Customers'])[2]
14:39:13,917 INFO  [BrowserSelenium] ENTER --> (_parseElementOnXpath)
14:39:13,917 INFO  [BrowserSelenium] (_parseElementOnXpath) -> (//span[text()='Customers'])[2] is used
14:39:13,917 INFO  [BrowserSelenium] EXIT --> (_parseElementOnXpath)
14:39:13,917 INFO  [BrowserSelenium] EXIT --> (_getByLocator)
14:39:13,935 INFO  [BrowserSelenium] ENTER --> (_getByLocator)
14:39:13,935 INFO  [BrowserSelenium] (_getByLocator) -> Getting locator for null
14:39:13,935 INFO  [BrowserSelenium] (_getByLocator) -> Locator info found for XPATH attribute as: (//span[text()='Customers'])[2]
14:39:13,935 INFO  [BrowserSelenium] ENTER --> (_parseElementOnXpath)
14:39:13,935 INFO  [BrowserSelenium] (_parseElementOnXpath) -> (//span[text()='Customers'])[2] is used
14:39:13,935 INFO  [BrowserSelenium] EXIT --> (_parseElementOnXpath)
14:39:13,936 INFO  [BrowserSelenium] EXIT --> (_getByLocator)
14:39:13,955 INFO  [BrowserSelenium] ENTER --> (_getByLocator)
14:39:13,955 INFO  [BrowserSelenium] (_getByLocator) -> Getting locator for null
14:39:13,955 INFO  [BrowserSelenium] (_getByLocator) -> Locator info found for XPATH attribute as: (//span[text()='Customers'])[2]
14:39:13,956 INFO  [BrowserSelenium] ENTER --> (_parseElementOnXpath)
14:39:13,956 INFO  [BrowserSelenium] (_parseElementOnXpath) -> (//span[text()='Customers'])[2] is used
14:39:13,956 INFO  [BrowserSelenium] EXIT --> (_parseElementOnXpath)
14:39:13,956 INFO  [BrowserSelenium] EXIT --> (_getByLocator)
14:39:13,974 INFO  [BrowserSelenium] ENTER --> (_getByLocator)
14:39:13,974 INFO  [BrowserSelenium] (_getByLocator) -> Getting locator for null
14:39:13,974 INFO  [BrowserSelenium] (_getByLocator) -> Locator info found for XPATH attribute as: (//span[text()='Customers'])[2]
14:39:13,974 INFO  [BrowserSelenium] ENTER --> (_parseElementOnXpath)
14:39:13,974 INFO  [BrowserSelenium] (_parseElementOnXpath) -> (//span[text()='Customers'])[2] is used
14:39:13,975 INFO  [BrowserSelenium] EXIT --> (_parseElementOnXpath)
14:39:13,975 INFO  [BrowserSelenium] EXIT --> (_getByLocator)
14:39:13,992 INFO  [BrowserSelenium] ENTER --> (_getByLocator)
14:39:13,992 INFO  [BrowserSelenium] (_getByLocator) -> Getting locator for null
14:39:13,992 INFO  [BrowserSelenium] (_getByLocator) -> Locator info found for XPATH attribute as: (//span[text()='Customers'])[2]
14:39:13,993 INFO  [BrowserSelenium] ENTER --> (_parseElementOnXpath)
14:39:13,993 INFO  [BrowserSelenium] (_parseElementOnXpath) -> (//span[text()='Customers'])[2] is used
14:39:13,993 INFO  [BrowserSelenium] EXIT --> (_parseElementOnXpath)
14:39:13,993 INFO  [BrowserSelenium] EXIT --> (_getByLocator)
14:39:14,010 INFO  [BrowserSelenium] ENTER --> (_getByLocator)
14:39:14,011 INFO  [BrowserSelenium] (_getByLocator) -> Getting locator for null
14:39:14,011 INFO  [BrowserSelenium] (_getByLocator) -> Locator info found for XPATH attribute as: (//span[text()='Customers'])[2]
14:39:14,011 INFO  [BrowserSelenium] ENTER --> (_parseElementOnXpath)
14:39:14,011 INFO  [BrowserSelenium] (_parseElementOnXpath) -> (//span[text()='Customers'])[2] is used
14:39:14,011 INFO  [BrowserSelenium] EXIT --> (_parseElementOnXpath)
14:39:14,011 INFO  [BrowserSelenium] EXIT --> (_getByLocator)
14:39:14,029 INFO  [BrowserSelenium] ENTER --> (_getByLocator)
14:39:14,029 INFO  [BrowserSelenium] (_getByLocator) -> Getting locator for null
14:39:14,029 INFO  [BrowserSelenium] (_getByLocator) -> Locator info found for XPATH attribute as: (//span[text()='Customers'])[2]
14:39:14,029 INFO  [BrowserSelenium] ENTER --> (_parseElementOnXpath)
14:39:14,029 INFO  [BrowserSelenium] (_parseElementOnXpath) -> (//span[text()='Customers'])[2] is used
14:39:14,029 INFO  [BrowserSelenium] EXIT --> (_parseElementOnXpath)
14:39:14,030 INFO  [BrowserSelenium] EXIT --> (_getByLocator)
14:39:14,050 INFO  [BrowserSelenium] ENTER --> (_getByLocator)
14:39:14,050 INFO  [BrowserSelenium] (_getByLocator) -> Getting locator for null
14:39:14,050 INFO  [BrowserSelenium] (_getByLocator) -> Locator info found for XPATH attribute as: (//span[text()='Customers'])[2]
14:39:14,051 INFO  [BrowserSelenium] ENTER --> (_parseElementOnXpath)
14:39:14,051 INFO  [BrowserSelenium] (_parseElementOnXpath) -> (//span[text()='Customers'])[2] is used
14:39:14,051 INFO  [BrowserSelenium] EXIT --> (_parseElementOnXpath)
14:39:14,051 INFO  [BrowserSelenium] EXIT --> (_getByLocator)
14:39:14,080 INFO  [BrowserSelenium] ENTER --> (_getByLocator)
14:39:14,080 INFO  [BrowserSelenium] (_getByLocator) -> Getting locator for null
14:39:14,081 INFO  [BrowserSelenium] (_getByLocator) -> Locator info found for XPATH attribute as: (//span[text()='Customers'])[2]
14:39:14,081 INFO  [BrowserSelenium] ENTER --> (_parseElementOnXpath)
14:39:14,081 INFO  [BrowserSelenium] (_parseElementOnXpath) -> (//span[text()='Customers'])[2] is used
14:39:14,081 INFO  [BrowserSelenium] EXIT --> (_parseElementOnXpath)
14:39:14,081 INFO  [BrowserSelenium] EXIT --> (_getByLocator)
14:39:14,106 INFO  [BrowserSelenium] ENTER --> (_getByLocator)
14:39:14,107 INFO  [BrowserSelenium] (_getByLocator) -> Getting locator for null
14:39:14,107 INFO  [BrowserSelenium] (_getByLocator) -> Locator info found for XPATH attribute as: (//span[text()='Customers'])[2]
14:39:14,107 INFO  [BrowserSelenium] ENTER --> (_parseElementOnXpath)
14:39:14,107 INFO  [BrowserSelenium] (_parseElementOnXpath) -> (//span[text()='Customers'])[2] is used
14:39:14,107 INFO  [BrowserSelenium] EXIT --> (_parseElementOnXpath)
14:39:14,107 INFO  [BrowserSelenium] EXIT --> (_getByLocator)
14:39:14,126 INFO  [BrowserSelenium] ENTER --> (_getByLocator)
14:39:14,126 INFO  [BrowserSelenium] (_getByLocator) -> Getting locator for null
14:39:14,126 INFO  [BrowserSelenium] (_getByLocator) -> Locator info found for XPATH attribute as: (//span[text()='Customers'])[2]
14:39:14,126 INFO  [BrowserSelenium] ENTER --> (_parseElementOnXpath)
14:39:14,126 INFO  [BrowserSelenium] (_parseElementOnXpath) -> (//span[text()='Customers'])[2] is used
14:39:14,126 INFO  [BrowserSelenium] EXIT --> (_parseElementOnXpath)
14:39:14,126 INFO  [BrowserSelenium] EXIT --> (_getByLocator)
14:39:14,148 INFO  [BrowserSelenium] ENTER --> (_getByLocator)
14:39:14,148 INFO  [BrowserSelenium] (_getByLocator) -> Getting locator for null
14:39:14,148 INFO  [BrowserSelenium] (_getByLocator) -> Locator info found for XPATH attribute as: (//span[text()='Customers'])[2]
14:39:14,148 INFO  [BrowserSelenium] ENTER --> (_parseElementOnXpath)
14:39:14,148 INFO  [BrowserSelenium] (_parseElementOnXpath) -> (//span[text()='Customers'])[2] is used
14:39:14,149 INFO  [BrowserSelenium] EXIT --> (_parseElementOnXpath)
14:39:14,149 INFO  [BrowserSelenium] EXIT --> (_getByLocator)
14:39:14,167 INFO  [BrowserSelenium] ENTER --> (_getByLocator)
14:39:14,168 INFO  [BrowserSelenium] (_getByLocator) -> Getting locator for null
14:39:14,168 INFO  [BrowserSelenium] (_getByLocator) -> Locator info found for XPATH attribute as: (//span[text()='Customers'])[2]
14:39:14,168 INFO  [BrowserSelenium] ENTER --> (_parseElementOnXpath)
14:39:14,168 INFO  [BrowserSelenium] (_parseElementOnXpath) -> (//span[text()='Customers'])[2] is used
14:39:14,168 INFO  [BrowserSelenium] EXIT --> (_parseElementOnXpath)
14:39:14,169 INFO  [BrowserSelenium] EXIT --> (_getByLocator)
14:39:14,187 INFO  [BrowserSelenium] ENTER --> (_getByLocator)
14:39:14,187 INFO  [BrowserSelenium] (_getByLocator) -> Getting locator for null
14:39:14,187 INFO  [BrowserSelenium] (_getByLocator) -> Locator info found for XPATH attribute as: (//span[text()='Customers'])[2]
14:39:14,188 INFO  [BrowserSelenium] ENTER --> (_parseElementOnXpath)
14:39:14,188 INFO  [BrowserSelenium] (_parseElementOnXpath) -> (//span[text()='Customers'])[2] is used
14:39:14,188 INFO  [BrowserSelenium] EXIT --> (_parseElementOnXpath)
14:39:14,188 INFO  [BrowserSelenium] EXIT --> (_getByLocator)
14:39:14,208 INFO  [BrowserSelenium] ENTER --> (_getByLocator)
14:39:14,208 INFO  [BrowserSelenium] (_getByLocator) -> Getting locator for null
14:39:14,209 INFO  [BrowserSelenium] (_getByLocator) -> Locator info found for XPATH attribute as: (//span[text()='Customers'])[2]
14:39:14,209 INFO  [BrowserSelenium] ENTER --> (_parseElementOnXpath)
14:39:14,209 INFO  [BrowserSelenium] (_parseElementOnXpath) -> (//span[text()='Customers'])[2] is used
14:39:14,209 INFO  [BrowserSelenium] EXIT --> (_parseElementOnXpath)
14:39:14,209 INFO  [BrowserSelenium] EXIT --> (_getByLocator)
14:39:14,227 INFO  [BrowserSelenium] ENTER --> (_getByLocator)
14:39:14,227 INFO  [BrowserSelenium] (_getByLocator) -> Getting locator for null
14:39:14,227 INFO  [BrowserSelenium] (_getByLocator) -> Locator info found for XPATH attribute as: (//span[text()='Customers'])[2]
14:39:14,228 INFO  [BrowserSelenium] ENTER --> (_parseElementOnXpath)
14:39:14,228 INFO  [BrowserSelenium] (_parseElementOnXpath) -> (//span[text()='Customers'])[2] is used
14:39:14,228 INFO  [BrowserSelenium] EXIT --> (_parseElementOnXpath)
14:39:14,228 INFO  [BrowserSelenium] EXIT --> (_getByLocator)
14:39:14,249 INFO  [BrowserSelenium] ENTER --> (_getByLocator)
14:39:14,249 INFO  [BrowserSelenium] (_getByLocator) -> Getting locator for null
14:39:14,250 INFO  [BrowserSelenium] (_getByLocator) -> Locator info found for XPATH attribute as: (//span[text()='Customers'])[2]
14:39:14,250 INFO  [BrowserSelenium] ENTER --> (_parseElementOnXpath)
14:39:14,250 INFO  [BrowserSelenium] (_parseElementOnXpath) -> (//span[text()='Customers'])[2] is used
14:39:14,250 INFO  [BrowserSelenium] EXIT --> (_parseElementOnXpath)
14:39:14,250 INFO  [BrowserSelenium] EXIT --> (_getByLocator)
14:39:14,274 INFO  [BrowserSelenium] ENTER --> (_getByLocator)
14:39:14,274 INFO  [BrowserSelenium] (_getByLocator) -> Getting locator for null
14:39:14,274 INFO  [BrowserSelenium] (_getByLocator) -> Locator info found for XPATH attribute as: (//span[text()='Customers'])[2]
14:39:14,274 INFO  [BrowserSelenium] ENTER --> (_parseElementOnXpath)
14:39:14,274 INFO  [BrowserSelenium] (_parseElementOnXpath) -> (//span[text()='Customers'])[2] is used
14:39:14,275 INFO  [BrowserSelenium] EXIT --> (_parseElementOnXpath)
14:39:14,275 INFO  [BrowserSelenium] EXIT --> (_getByLocator)
14:39:14,300 INFO  [BrowserSelenium] ENTER --> (_getByLocator)
14:39:14,300 INFO  [BrowserSelenium] (_getByLocator) -> Getting locator for null
14:39:14,300 INFO  [BrowserSelenium] (_getByLocator) -> Locator info found for XPATH attribute as: (//span[text()='Customers'])[2]
14:39:14,300 INFO  [BrowserSelenium] ENTER --> (_parseElementOnXpath)
14:39:14,301 INFO  [BrowserSelenium] (_parseElementOnXpath) -> (//span[text()='Customers'])[2] is used
14:39:14,301 INFO  [BrowserSelenium] EXIT --> (_parseElementOnXpath)
14:39:14,301 INFO  [BrowserSelenium] EXIT --> (_getByLocator)
14:39:14,325 INFO  [BrowserSelenium] ENTER --> (_getByLocator)
14:39:14,325 INFO  [BrowserSelenium] (_getByLocator) -> Getting locator for null
14:39:14,326 INFO  [BrowserSelenium] (_getByLocator) -> Locator info found for XPATH attribute as: (//span[text()='Customers'])[2]
14:39:14,326 INFO  [BrowserSelenium] ENTER --> (_parseElementOnXpath)
14:39:14,326 INFO  [BrowserSelenium] (_parseElementOnXpath) -> (//span[text()='Customers'])[2] is used
14:39:14,326 INFO  [BrowserSelenium] EXIT --> (_parseElementOnXpath)
14:39:14,326 INFO  [BrowserSelenium] EXIT --> (_getByLocator)
14:39:14,353 INFO  [BrowserSelenium] ENTER --> (_getByLocator)
14:39:14,353 INFO  [BrowserSelenium] (_getByLocator) -> Getting locator for null
14:39:14,353 INFO  [BrowserSelenium] (_getByLocator) -> Locator info found for XPATH attribute as: (//span[text()='Customers'])[2]
14:39:14,353 INFO  [BrowserSelenium] ENTER --> (_parseElementOnXpath)
14:39:14,354 INFO  [BrowserSelenium] (_parseElementOnXpath) -> (//span[text()='Customers'])[2] is used
14:39:14,354 INFO  [BrowserSelenium] EXIT --> (_parseElementOnXpath)
14:39:14,354 INFO  [BrowserSelenium] EXIT --> (_getByLocator)
14:39:14,372 INFO  [BrowserSelenium] ENTER --> (_getByLocator)
14:39:14,373 INFO  [BrowserSelenium] (_getByLocator) -> Getting locator for null
14:39:14,373 INFO  [BrowserSelenium] (_getByLocator) -> Locator info found for XPATH attribute as: (//span[text()='Customers'])[2]
14:39:14,373 INFO  [BrowserSelenium] ENTER --> (_parseElementOnXpath)
14:39:14,373 INFO  [BrowserSelenium] (_parseElementOnXpath) -> (//span[text()='Customers'])[2] is used
14:39:14,373 INFO  [BrowserSelenium] EXIT --> (_parseElementOnXpath)
14:39:14,373 INFO  [BrowserSelenium] EXIT --> (_getByLocator)
14:39:14,390 INFO  [BrowserSelenium] ENTER --> (_getByLocator)
14:39:14,390 INFO  [BrowserSelenium] (_getByLocator) -> Getting locator for null
14:39:14,390 INFO  [BrowserSelenium] (_getByLocator) -> Locator info found for XPATH attribute as: (//span[text()='Customers'])[2]
14:39:14,391 INFO  [BrowserSelenium] ENTER --> (_parseElementOnXpath)
14:39:14,391 INFO  [BrowserSelenium] (_parseElementOnXpath) -> (//span[text()='Customers'])[2] is used
14:39:14,391 INFO  [BrowserSelenium] EXIT --> (_parseElementOnXpath)
14:39:14,391 INFO  [BrowserSelenium] EXIT --> (_getByLocator)
14:39:14,408 INFO  [BrowserSelenium] ENTER --> (_getByLocator)
14:39:14,408 INFO  [BrowserSelenium] (_getByLocator) -> Getting locator for null
14:39:14,408 INFO  [BrowserSelenium] (_getByLocator) -> Locator info found for XPATH attribute as: (//span[text()='Customers'])[2]
14:39:14,409 INFO  [BrowserSelenium] ENTER --> (_parseElementOnXpath)
14:39:14,409 INFO  [BrowserSelenium] (_parseElementOnXpath) -> (//span[text()='Customers'])[2] is used
14:39:14,409 INFO  [BrowserSelenium] EXIT --> (_parseElementOnXpath)
14:39:14,409 INFO  [BrowserSelenium] EXIT --> (_getByLocator)
14:39:14,426 INFO  [BrowserSelenium] ENTER --> (_getByLocator)
14:39:14,426 INFO  [BrowserSelenium] (_getByLocator) -> Getting locator for null
14:39:14,426 INFO  [BrowserSelenium] (_getByLocator) -> Locator info found for XPATH attribute as: (//span[text()='Customers'])[2]
14:39:14,426 INFO  [BrowserSelenium] ENTER --> (_parseElementOnXpath)
14:39:14,426 INFO  [BrowserSelenium] (_parseElementOnXpath) -> (//span[text()='Customers'])[2] is used
14:39:14,427 INFO  [BrowserSelenium] EXIT --> (_parseElementOnXpath)
14:39:14,427 INFO  [BrowserSelenium] EXIT --> (_getByLocator)
14:39:14,444 INFO  [BrowserSelenium] ENTER --> (_getByLocator)
14:39:14,444 INFO  [BrowserSelenium] (_getByLocator) -> Getting locator for null
14:39:14,444 INFO  [BrowserSelenium] (_getByLocator) -> Locator info found for XPATH attribute as: (//span[text()='Customers'])[2]
14:39:14,445 INFO  [BrowserSelenium] ENTER --> (_parseElementOnXpath)
14:39:14,445 INFO  [BrowserSelenium] (_parseElementOnXpath) -> (//span[text()='Customers'])[2] is used
14:39:14,445 INFO  [BrowserSelenium] EXIT --> (_parseElementOnXpath)
14:39:14,445 INFO  [BrowserSelenium] EXIT --> (_getByLocator)
14:39:14,463 INFO  [BrowserSelenium] ENTER --> (_getByLocator)
14:39:14,463 INFO  [BrowserSelenium] (_getByLocator) -> Getting locator for null
14:39:14,463 INFO  [BrowserSelenium] (_getByLocator) -> Locator info found for XPATH attribute as: (//span[text()='Customers'])[2]
14:39:14,463 INFO  [BrowserSelenium] ENTER --> (_parseElementOnXpath)
14:39:14,463 INFO  [BrowserSelenium] (_parseElementOnXpath) -> (//span[text()='Customers'])[2] is used
14:39:14,463 INFO  [BrowserSelenium] EXIT --> (_parseElementOnXpath)
14:39:14,463 INFO  [BrowserSelenium] EXIT --> (_getByLocator)
14:39:14,482 INFO  [BrowserSelenium] ENTER --> (_getByLocator)
14:39:14,482 INFO  [BrowserSelenium] (_getByLocator) -> Getting locator for null
14:39:14,483 INFO  [BrowserSelenium] (_getByLocator) -> Locator info found for XPATH attribute as: (//span[text()='Customers'])[2]
14:39:14,483 INFO  [BrowserSelenium] ENTER --> (_parseElementOnXpath)
14:39:14,483 INFO  [BrowserSelenium] (_parseElementOnXpath) -> (//span[text()='Customers'])[2] is used
14:39:14,483 INFO  [BrowserSelenium] EXIT --> (_parseElementOnXpath)
14:39:14,483 INFO  [BrowserSelenium] EXIT --> (_getByLocator)
14:39:14,504 INFO  [BrowserSelenium] ENTER --> (_getByLocator)
14:39:14,505 INFO  [BrowserSelenium] (_getByLocator) -> Getting locator for null
14:39:14,505 INFO  [BrowserSelenium] (_getByLocator) -> Locator info found for XPATH attribute as: (//span[text()='Customers'])[2]
14:39:14,505 INFO  [BrowserSelenium] ENTER --> (_parseElementOnXpath)
14:39:14,505 INFO  [BrowserSelenium] (_parseElementOnXpath) -> (//span[text()='Customers'])[2] is used
14:39:14,505 INFO  [BrowserSelenium] EXIT --> (_parseElementOnXpath)
14:39:14,505 INFO  [BrowserSelenium] EXIT --> (_getByLocator)
14:39:14,523 INFO  [BrowserSelenium] ENTER --> (_getByLocator)
14:39:14,523 INFO  [BrowserSelenium] (_getByLocator) -> Getting locator for null
14:39:14,524 INFO  [BrowserSelenium] (_getByLocator) -> Locator info found for XPATH attribute as: (//span[text()='Customers'])[2]
14:39:14,524 INFO  [BrowserSelenium] ENTER --> (_parseElementOnXpath)
14:39:14,524 INFO  [BrowserSelenium] (_parseElementOnXpath) -> (//span[text()='Customers'])[2] is used
14:39:14,524 INFO  [BrowserSelenium] EXIT --> (_parseElementOnXpath)
14:39:14,524 INFO  [BrowserSelenium] EXIT --> (_getByLocator)
14:39:14,541 INFO  [BrowserSelenium] ENTER --> (_getByLocator)
14:39:14,541 INFO  [BrowserSelenium] (_getByLocator) -> Getting locator for null
14:39:14,541 INFO  [BrowserSelenium] (_getByLocator) -> Locator info found for XPATH attribute as: (//span[text()='Customers'])[2]
14:39:14,541 INFO  [BrowserSelenium] ENTER --> (_parseElementOnXpath)
14:39:14,541 INFO  [BrowserSelenium] (_parseElementOnXpath) -> (//span[text()='Customers'])[2] is used
14:39:14,541 INFO  [BrowserSelenium] EXIT --> (_parseElementOnXpath)
14:39:14,542 INFO  [BrowserSelenium] EXIT --> (_getByLocator)
14:39:14,560 INFO  [BrowserSelenium] ENTER --> (_getByLocator)
14:39:14,560 INFO  [BrowserSelenium] (_getByLocator) -> Getting locator for null
14:39:14,560 INFO  [BrowserSelenium] (_getByLocator) -> Locator info found for XPATH attribute as: (//span[text()='Customers'])[2]
14:39:14,560 INFO  [BrowserSelenium] ENTER --> (_parseElementOnXpath)
14:39:14,560 INFO  [BrowserSelenium] (_parseElementOnXpath) -> (//span[text()='Customers'])[2] is used
14:39:14,560 INFO  [BrowserSelenium] EXIT --> (_parseElementOnXpath)
14:39:14,560 INFO  [BrowserSelenium] EXIT --> (_getByLocator)
14:39:14,578 INFO  [BrowserSelenium] ENTER --> (_getByLocator)
14:39:14,578 INFO  [BrowserSelenium] (_getByLocator) -> Getting locator for null
14:39:14,578 INFO  [BrowserSelenium] (_getByLocator) -> Locator info found for XPATH attribute as: (//span[text()='Customers'])[2]
14:39:14,578 INFO  [BrowserSelenium] ENTER --> (_parseElementOnXpath)
14:39:14,578 INFO  [BrowserSelenium] (_parseElementOnXpath) -> (//span[text()='Customers'])[2] is used
14:39:14,578 INFO  [BrowserSelenium] EXIT --> (_parseElementOnXpath)
14:39:14,578 INFO  [BrowserSelenium] EXIT --> (_getByLocator)
14:39:14,599 INFO  [BrowserSelenium] ENTER --> (_getByLocator)
14:39:14,599 INFO  [BrowserSelenium] (_getByLocator) -> Getting locator for null
14:39:14,599 INFO  [BrowserSelenium] (_getByLocator) -> Locator info found for XPATH attribute as: (//span[text()='Customers'])[2]
14:39:14,599 INFO  [BrowserSelenium] ENTER --> (_parseElementOnXpath)
14:39:14,599 INFO  [BrowserSelenium] (_parseElementOnXpath) -> (//span[text()='Customers'])[2] is used
14:39:14,599 INFO  [BrowserSelenium] EXIT --> (_parseElementOnXpath)
14:39:14,599 INFO  [BrowserSelenium] EXIT --> (_getByLocator)
14:39:14,618 INFO  [BrowserSelenium] ENTER --> (_getByLocator)
14:39:14,618 INFO  [BrowserSelenium] (_getByLocator) -> Getting locator for null
14:39:14,618 INFO  [BrowserSelenium] (_getByLocator) -> Locator info found for XPATH attribute as: (//span[text()='Customers'])[2]
14:39:14,618 INFO  [BrowserSelenium] ENTER --> (_parseElementOnXpath)
14:39:14,618 INFO  [BrowserSelenium] (_parseElementOnXpath) -> (//span[text()='Customers'])[2] is used
14:39:14,618 INFO  [BrowserSelenium] EXIT --> (_parseElementOnXpath)
14:39:14,618 INFO  [BrowserSelenium] EXIT --> (_getByLocator)
14:39:14,637 INFO  [BrowserSelenium] ENTER --> (_getByLocator)
14:39:14,637 INFO  [BrowserSelenium] (_getByLocator) -> Getting locator for null
14:39:14,637 INFO  [BrowserSelenium] (_getByLocator) -> Locator info found for XPATH attribute as: (//span[text()='Customers'])[2]
14:39:14,637 INFO  [BrowserSelenium] ENTER --> (_parseElementOnXpath)
14:39:14,637 INFO  [BrowserSelenium] (_parseElementOnXpath) -> (//span[text()='Customers'])[2] is used
14:39:14,638 INFO  [BrowserSelenium] EXIT --> (_parseElementOnXpath)
14:39:14,638 INFO  [BrowserSelenium] EXIT --> (_getByLocator)
14:39:14,659 INFO  [BrowserSelenium] ENTER --> (_getByLocator)
14:39:14,659 INFO  [BrowserSelenium] (_getByLocator) -> Getting locator for null
14:39:14,660 INFO  [BrowserSelenium] (_getByLocator) -> Locator info found for XPATH attribute as: (//span[text()='Customers'])[2]
14:39:14,660 INFO  [BrowserSelenium] ENTER --> (_parseElementOnXpath)
14:39:14,660 INFO  [BrowserSelenium] (_parseElementOnXpath) -> (//span[text()='Customers'])[2] is used
14:39:14,660 INFO  [BrowserSelenium] EXIT --> (_parseElementOnXpath)
14:39:14,660 INFO  [BrowserSelenium] EXIT --> (_getByLocator)
14:39:14,685 INFO  [BrowserSelenium] ENTER --> (_getByLocator)
14:39:14,686 INFO  [BrowserSelenium] (_getByLocator) -> Getting locator for null
14:39:14,686 INFO  [BrowserSelenium] (_getByLocator) -> Locator info found for XPATH attribute as: (//span[text()='Customers'])[2]
14:39:14,686 INFO  [BrowserSelenium] ENTER --> (_parseElementOnXpath)
14:39:14,686 INFO  [BrowserSelenium] (_parseElementOnXpath) -> (//span[text()='Customers'])[2] is used
14:39:14,686 INFO  [BrowserSelenium] EXIT --> (_parseElementOnXpath)
14:39:14,686 INFO  [BrowserSelenium] EXIT --> (_getByLocator)
14:39:14,710 INFO  [BrowserSelenium] ENTER --> (_getByLocator)
14:39:14,710 INFO  [BrowserSelenium] (_getByLocator) -> Getting locator for null
14:39:14,711 INFO  [BrowserSelenium] (_getByLocator) -> Locator info found for XPATH attribute as: (//span[text()='Customers'])[2]
14:39:14,711 INFO  [BrowserSelenium] ENTER --> (_parseElementOnXpath)
14:39:14,711 INFO  [BrowserSelenium] (_parseElementOnXpath) -> (//span[text()='Customers'])[2] is used
14:39:14,711 INFO  [BrowserSelenium] EXIT --> (_parseElementOnXpath)
14:39:14,711 INFO  [BrowserSelenium] EXIT --> (_getByLocator)
14:39:14,737 INFO  [BrowserSelenium] ENTER --> (_getByLocator)
14:39:14,737 INFO  [BrowserSelenium] (_getByLocator) -> Getting locator for null
14:39:14,737 INFO  [BrowserSelenium] (_getByLocator) -> Locator info found for XPATH attribute as: (//span[text()='Customers'])[2]
14:39:14,737 INFO  [BrowserSelenium] ENTER --> (_parseElementOnXpath)
14:39:14,737 INFO  [BrowserSelenium] (_parseElementOnXpath) -> (//span[text()='Customers'])[2] is used
14:39:14,737 INFO  [BrowserSelenium] EXIT --> (_parseElementOnXpath)
14:39:14,738 INFO  [BrowserSelenium] EXIT --> (_getByLocator)
14:39:14,760 INFO  [BrowserSelenium] ENTER --> (_getByLocator)
14:39:14,761 INFO  [BrowserSelenium] (_getByLocator) -> Getting locator for null
14:39:14,761 INFO  [BrowserSelenium] (_getByLocator) -> Locator info found for XPATH attribute as: (//span[text()='Customers'])[2]
14:39:14,761 INFO  [BrowserSelenium] ENTER --> (_parseElementOnXpath)
14:39:14,761 INFO  [BrowserSelenium] (_parseElementOnXpath) -> (//span[text()='Customers'])[2] is used
14:39:14,761 INFO  [BrowserSelenium] EXIT --> (_parseElementOnXpath)
14:39:14,761 INFO  [BrowserSelenium] EXIT --> (_getByLocator)
14:39:14,780 INFO  [BrowserSelenium] ENTER --> (_getByLocator)
14:39:14,780 INFO  [BrowserSelenium] (_getByLocator) -> Getting locator for null
14:39:14,780 INFO  [BrowserSelenium] (_getByLocator) -> Locator info found for XPATH attribute as: (//span[text()='Customers'])[2]
14:39:14,780 INFO  [BrowserSelenium] ENTER --> (_parseElementOnXpath)
14:39:14,780 INFO  [BrowserSelenium] (_parseElementOnXpath) -> (//span[text()='Customers'])[2] is used
14:39:14,781 INFO  [BrowserSelenium] EXIT --> (_parseElementOnXpath)
14:39:14,781 INFO  [BrowserSelenium] EXIT --> (_getByLocator)
14:39:14,798 INFO  [BrowserSelenium] ENTER --> (_getByLocator)
14:39:14,798 INFO  [BrowserSelenium] (_getByLocator) -> Getting locator for null
14:39:14,798 INFO  [BrowserSelenium] (_getByLocator) -> Locator info found for XPATH attribute as: (//span[text()='Customers'])[2]
14:39:14,798 INFO  [BrowserSelenium] ENTER --> (_parseElementOnXpath)
14:39:14,798 INFO  [BrowserSelenium] (_parseElementOnXpath) -> (//span[text()='Customers'])[2] is used
14:39:14,799 INFO  [BrowserSelenium] EXIT --> (_parseElementOnXpath)
14:39:14,799 INFO  [BrowserSelenium] EXIT --> (_getByLocator)
14:39:14,825 INFO  [BrowserSelenium] ENTER --> (_getByLocator)
14:39:14,825 INFO  [BrowserSelenium] (_getByLocator) -> Getting locator for null
14:39:14,825 INFO  [BrowserSelenium] (_getByLocator) -> Locator info found for XPATH attribute as: (//span[text()='Customers'])[2]
14:39:14,825 INFO  [BrowserSelenium] ENTER --> (_parseElementOnXpath)
14:39:14,826 INFO  [BrowserSelenium] (_parseElementOnXpath) -> (//span[text()='Customers'])[2] is used
14:39:14,826 INFO  [BrowserSelenium] EXIT --> (_parseElementOnXpath)
14:39:14,826 INFO  [BrowserSelenium] EXIT --> (_getByLocator)
14:39:14,846 INFO  [BrowserSelenium] ENTER --> (_getByLocator)
14:39:14,847 INFO  [BrowserSelenium] (_getByLocator) -> Getting locator for null
14:39:14,847 INFO  [BrowserSelenium] (_getByLocator) -> Locator info found for XPATH attribute as: (//span[text()='Customers'])[2]
14:39:14,847 INFO  [BrowserSelenium] ENTER --> (_parseElementOnXpath)
14:39:14,847 INFO  [BrowserSelenium] (_parseElementOnXpath) -> (//span[text()='Customers'])[2] is used
14:39:14,847 INFO  [BrowserSelenium] EXIT --> (_parseElementOnXpath)
14:39:14,847 INFO  [BrowserSelenium] EXIT --> (_getByLocator)
14:39:14,865 INFO  [BrowserSelenium] ENTER --> (_getByLocator)
14:39:14,865 INFO  [BrowserSelenium] (_getByLocator) -> Getting locator for null
14:39:14,865 INFO  [BrowserSelenium] (_getByLocator) -> Locator info found for XPATH attribute as: (//span[text()='Customers'])[2]
14:39:14,865 INFO  [BrowserSelenium] ENTER --> (_parseElementOnXpath)
14:39:14,866 INFO  [BrowserSelenium] (_parseElementOnXpath) -> (//span[text()='Customers'])[2] is used
14:39:14,866 INFO  [BrowserSelenium] EXIT --> (_parseElementOnXpath)
14:39:14,866 INFO  [BrowserSelenium] EXIT --> (_getByLocator)
14:39:14,885 INFO  [BrowserSelenium] ENTER --> (_getByLocator)
14:39:14,886 INFO  [BrowserSelenium] (_getByLocator) -> Getting locator for null
14:39:14,886 INFO  [BrowserSelenium] (_getByLocator) -> Locator info found for XPATH attribute as: (//span[text()='Customers'])[2]
14:39:14,886 INFO  [BrowserSelenium] ENTER --> (_parseElementOnXpath)
14:39:14,886 INFO  [BrowserSelenium] (_parseElementOnXpath) -> (//span[text()='Customers'])[2] is used
14:39:14,886 INFO  [BrowserSelenium] EXIT --> (_parseElementOnXpath)
14:39:14,886 INFO  [BrowserSelenium] EXIT --> (_getByLocator)
14:39:14,903 INFO  [BrowserSelenium] ENTER --> (_getByLocator)
14:39:14,903 INFO  [BrowserSelenium] (_getByLocator) -> Getting locator for null
14:39:14,904 INFO  [BrowserSelenium] (_getByLocator) -> Locator info found for XPATH attribute as: (//span[text()='Customers'])[2]
14:39:14,904 INFO  [BrowserSelenium] ENTER --> (_parseElementOnXpath)
14:39:14,904 INFO  [BrowserSelenium] (_parseElementOnXpath) -> (//span[text()='Customers'])[2] is used
14:39:14,904 INFO  [BrowserSelenium] EXIT --> (_parseElementOnXpath)
14:39:14,904 INFO  [BrowserSelenium] EXIT --> (_getByLocator)
14:39:14,921 INFO  [BrowserSelenium] ENTER --> (_getByLocator)
14:39:14,921 INFO  [BrowserSelenium] (_getByLocator) -> Getting locator for null
14:39:14,921 INFO  [BrowserSelenium] (_getByLocator) -> Locator info found for XPATH attribute as: (//span[text()='Customers'])[2]
14:39:14,922 INFO  [BrowserSelenium] ENTER --> (_parseElementOnXpath)
14:39:14,922 INFO  [BrowserSelenium] (_parseElementOnXpath) -> (//span[text()='Customers'])[2] is used
14:39:14,922 INFO  [BrowserSelenium] EXIT --> (_parseElementOnXpath)
14:39:14,922 INFO  [BrowserSelenium] EXIT --> (_getByLocator)
14:39:14,940 INFO  [BrowserSelenium] ENTER --> (_getByLocator)
14:39:14,941 INFO  [BrowserSelenium] (_getByLocator) -> Getting locator for null
14:39:14,941 INFO  [BrowserSelenium] (_getByLocator) -> Locator info found for XPATH attribute as: (//span[text()='Customers'])[2]
14:39:14,941 INFO  [BrowserSelenium] ENTER --> (_parseElementOnXpath)
14:39:14,941 INFO  [BrowserSelenium] (_parseElementOnXpath) -> (//span[text()='Customers'])[2] is used
14:39:14,941 INFO  [BrowserSelenium] EXIT --> (_parseElementOnXpath)
14:39:14,941 INFO  [BrowserSelenium] EXIT --> (_getByLocator)
14:39:14,961 INFO  [BrowserSelenium] ENTER --> (_getByLocator)
14:39:14,961 INFO  [BrowserSelenium] (_getByLocator) -> Getting locator for null
14:39:14,961 INFO  [BrowserSelenium] (_getByLocator) -> Locator info found for XPATH attribute as: (//span[text()='Customers'])[2]
14:39:14,961 INFO  [BrowserSelenium] ENTER --> (_parseElementOnXpath)
14:39:14,961 INFO  [BrowserSelenium] (_parseElementOnXpath) -> (//span[text()='Customers'])[2] is used
14:39:14,961 INFO  [BrowserSelenium] EXIT --> (_parseElementOnXpath)
14:39:14,962 INFO  [BrowserSelenium] EXIT --> (_getByLocator)
14:39:14,979 INFO  [BrowserSelenium] ENTER --> (_getByLocator)
14:39:14,979 INFO  [BrowserSelenium] (_getByLocator) -> Getting locator for null
14:39:14,979 INFO  [BrowserSelenium] (_getByLocator) -> Locator info found for XPATH attribute as: (//span[text()='Customers'])[2]
14:39:14,979 INFO  [BrowserSelenium] ENTER --> (_parseElementOnXpath)
14:39:14,979 INFO  [BrowserSelenium] (_parseElementOnXpath) -> (//span[text()='Customers'])[2] is used
14:39:14,979 INFO  [BrowserSelenium] EXIT --> (_parseElementOnXpath)
14:39:14,979 INFO  [BrowserSelenium] EXIT --> (_getByLocator)
14:39:14,997 INFO  [BrowserSelenium] ENTER --> (_getByLocator)
14:39:14,998 INFO  [BrowserSelenium] (_getByLocator) -> Getting locator for null
14:39:14,998 INFO  [BrowserSelenium] (_getByLocator) -> Locator info found for XPATH attribute as: (//span[text()='Customers'])[2]
14:39:14,998 INFO  [BrowserSelenium] ENTER --> (_parseElementOnXpath)
14:39:14,998 INFO  [BrowserSelenium] (_parseElementOnXpath) -> (//span[text()='Customers'])[2] is used
14:39:14,998 INFO  [BrowserSelenium] EXIT --> (_parseElementOnXpath)
14:39:14,998 INFO  [BrowserSelenium] EXIT --> (_getByLocator)
14:39:15,018 INFO  [BrowserSelenium] ENTER --> (_getByLocator)
14:39:15,018 INFO  [BrowserSelenium] (_getByLocator) -> Getting locator for null
14:39:15,018 INFO  [BrowserSelenium] (_getByLocator) -> Locator info found for XPATH attribute as: (//span[text()='Customers'])[2]
14:39:15,018 INFO  [BrowserSelenium] ENTER --> (_parseElementOnXpath)
14:39:15,019 INFO  [BrowserSelenium] (_parseElementOnXpath) -> (//span[text()='Customers'])[2] is used
14:39:15,019 INFO  [BrowserSelenium] EXIT --> (_parseElementOnXpath)
14:39:15,019 INFO  [BrowserSelenium] EXIT --> (_getByLocator)
14:39:15,036 INFO  [BrowserSelenium] ENTER --> (_getByLocator)
14:39:15,036 INFO  [BrowserSelenium] (_getByLocator) -> Getting locator for null
14:39:15,036 INFO  [BrowserSelenium] (_getByLocator) -> Locator info found for XPATH attribute as: (//span[text()='Customers'])[2]
14:39:15,036 INFO  [BrowserSelenium] ENTER --> (_parseElementOnXpath)
14:39:15,036 INFO  [BrowserSelenium] (_parseElementOnXpath) -> (//span[text()='Customers'])[2] is used
14:39:15,037 INFO  [BrowserSelenium] EXIT --> (_parseElementOnXpath)
14:39:15,037 INFO  [BrowserSelenium] EXIT --> (_getByLocator)
14:39:15,053 INFO  [BrowserSelenium] ENTER --> (_getByLocator)
14:39:15,054 INFO  [BrowserSelenium] (_getByLocator) -> Getting locator for null
14:39:15,054 INFO  [BrowserSelenium] (_getByLocator) -> Locator info found for XPATH attribute as: (//span[text()='Customers'])[2]
14:39:15,054 INFO  [BrowserSelenium] ENTER --> (_parseElementOnXpath)
14:39:15,054 INFO  [BrowserSelenium] (_parseElementOnXpath) -> (//span[text()='Customers'])[2] is used
14:39:15,054 INFO  [BrowserSelenium] EXIT --> (_parseElementOnXpath)
14:39:15,054 INFO  [BrowserSelenium] EXIT --> (_getByLocator)
14:39:15,071 INFO  [BrowserSelenium] ENTER --> (_getByLocator)
14:39:15,072 INFO  [BrowserSelenium] (_getByLocator) -> Getting locator for null
14:39:15,072 INFO  [BrowserSelenium] (_getByLocator) -> Locator info found for XPATH attribute as: (//span[text()='Customers'])[2]
14:39:15,072 INFO  [BrowserSelenium] ENTER --> (_parseElementOnXpath)
14:39:15,072 INFO  [BrowserSelenium] (_parseElementOnXpath) -> (//span[text()='Customers'])[2] is used
14:39:15,072 INFO  [BrowserSelenium] EXIT --> (_parseElementOnXpath)
14:39:15,072 INFO  [BrowserSelenium] EXIT --> (_getByLocator)
14:39:15,089 INFO  [BrowserSelenium] ENTER --> (_getByLocator)
14:39:15,089 INFO  [BrowserSelenium] (_getByLocator) -> Getting locator for null
14:39:15,089 INFO  [BrowserSelenium] (_getByLocator) -> Locator info found for XPATH attribute as: (//span[text()='Customers'])[2]
14:39:15,090 INFO  [BrowserSelenium] ENTER --> (_parseElementOnXpath)
14:39:15,090 INFO  [BrowserSelenium] (_parseElementOnXpath) -> (//span[text()='Customers'])[2] is used
14:39:15,090 INFO  [BrowserSelenium] EXIT --> (_parseElementOnXpath)
14:39:15,090 INFO  [BrowserSelenium] EXIT --> (_getByLocator)
14:39:15,107 INFO  [BrowserSelenium] ENTER --> (_getByLocator)
14:39:15,107 INFO  [BrowserSelenium] (_getByLocator) -> Getting locator for null
14:39:15,107 INFO  [BrowserSelenium] (_getByLocator) -> Locator info found for XPATH attribute as: (//span[text()='Customers'])[2]
14:39:15,107 INFO  [BrowserSelenium] ENTER --> (_parseElementOnXpath)
14:39:15,107 INFO  [BrowserSelenium] (_parseElementOnXpath) -> (//span[text()='Customers'])[2] is used
14:39:15,108 INFO  [BrowserSelenium] EXIT --> (_parseElementOnXpath)
14:39:15,108 INFO  [BrowserSelenium] EXIT --> (_getByLocator)
14:39:15,127 INFO  [BrowserSelenium] ENTER --> (_getByLocator)
14:39:15,127 INFO  [BrowserSelenium] (_getByLocator) -> Getting locator for null
14:39:15,127 INFO  [BrowserSelenium] (_getByLocator) -> Locator info found for XPATH attribute as: (//span[text()='Customers'])[2]
14:39:15,127 INFO  [BrowserSelenium] ENTER --> (_parseElementOnXpath)
14:39:15,127 INFO  [BrowserSelenium] (_parseElementOnXpath) -> (//span[text()='Customers'])[2] is used
14:39:15,127 INFO  [BrowserSelenium] EXIT --> (_parseElementOnXpath)
14:39:15,127 INFO  [BrowserSelenium] EXIT --> (_getByLocator)
14:39:15,145 INFO  [BrowserSelenium] ENTER --> (_getByLocator)
14:39:15,146 INFO  [BrowserSelenium] (_getByLocator) -> Getting locator for null
14:39:15,146 INFO  [BrowserSelenium] (_getByLocator) -> Locator info found for XPATH attribute as: (//span[text()='Customers'])[2]
14:39:15,146 INFO  [BrowserSelenium] ENTER --> (_parseElementOnXpath)
14:39:15,146 INFO  [BrowserSelenium] (_parseElementOnXpath) -> (//span[text()='Customers'])[2] is used
14:39:15,146 INFO  [BrowserSelenium] EXIT --> (_parseElementOnXpath)
14:39:15,146 INFO  [BrowserSelenium] EXIT --> (_getByLocator)
14:39:15,165 INFO  [BrowserSelenium] ENTER --> (_getByLocator)
14:39:15,165 INFO  [BrowserSelenium] (_getByLocator) -> Getting locator for null
14:39:15,166 INFO  [BrowserSelenium] (_getByLocator) -> Locator info found for XPATH attribute as: (//span[text()='Customers'])[2]
14:39:15,166 INFO  [BrowserSelenium] ENTER --> (_parseElementOnXpath)
14:39:15,166 INFO  [BrowserSelenium] (_parseElementOnXpath) -> (//span[text()='Customers'])[2] is used
14:39:15,166 INFO  [BrowserSelenium] EXIT --> (_parseElementOnXpath)
14:39:15,166 INFO  [BrowserSelenium] EXIT --> (_getByLocator)
14:39:15,184 INFO  [BrowserSelenium] ENTER --> (_getByLocator)
14:39:15,184 INFO  [BrowserSelenium] (_getByLocator) -> Getting locator for null
14:39:15,184 INFO  [BrowserSelenium] (_getByLocator) -> Locator info found for XPATH attribute as: (//span[text()='Customers'])[2]
14:39:15,184 INFO  [BrowserSelenium] ENTER --> (_parseElementOnXpath)
14:39:15,184 INFO  [BrowserSelenium] (_parseElementOnXpath) -> (//span[text()='Customers'])[2] is used
14:39:15,184 INFO  [BrowserSelenium] EXIT --> (_parseElementOnXpath)
14:39:15,184 INFO  [BrowserSelenium] EXIT --> (_getByLocator)
14:39:15,204 INFO  [BrowserSelenium] ENTER --> (_getByLocator)
14:39:15,204 INFO  [BrowserSelenium] (_getByLocator) -> Getting locator for null
14:39:15,204 INFO  [BrowserSelenium] (_getByLocator) -> Locator info found for XPATH attribute as: (//span[text()='Customers'])[2]
14:39:15,205 INFO  [BrowserSelenium] ENTER --> (_parseElementOnXpath)
14:39:15,205 INFO  [BrowserSelenium] (_parseElementOnXpath) -> (//span[text()='Customers'])[2] is used
14:39:15,205 INFO  [BrowserSelenium] EXIT --> (_parseElementOnXpath)
14:39:15,205 INFO  [BrowserSelenium] EXIT --> (_getByLocator)
14:39:15,222 INFO  [BrowserSelenium] ENTER --> (_getByLocator)
14:39:15,222 INFO  [BrowserSelenium] (_getByLocator) -> Getting locator for null
14:39:15,223 INFO  [BrowserSelenium] (_getByLocator) -> Locator info found for XPATH attribute as: (//span[text()='Customers'])[2]
14:39:15,223 INFO  [BrowserSelenium] ENTER --> (_parseElementOnXpath)
14:39:15,223 INFO  [BrowserSelenium] (_parseElementOnXpath) -> (//span[text()='Customers'])[2] is used
14:39:15,223 INFO  [BrowserSelenium] EXIT --> (_parseElementOnXpath)
14:39:15,223 INFO  [BrowserSelenium] EXIT --> (_getByLocator)
14:39:15,240 INFO  [BrowserSelenium] ENTER --> (_getByLocator)
14:39:15,240 INFO  [BrowserSelenium] (_getByLocator) -> Getting locator for null
14:39:15,240 INFO  [BrowserSelenium] (_getByLocator) -> Locator info found for XPATH attribute as: (//span[text()='Customers'])[2]
14:39:15,241 INFO  [BrowserSelenium] ENTER --> (_parseElementOnXpath)
14:39:15,241 INFO  [BrowserSelenium] (_parseElementOnXpath) -> (//span[text()='Customers'])[2] is used
14:39:15,241 INFO  [BrowserSelenium] EXIT --> (_parseElementOnXpath)
14:39:15,241 INFO  [BrowserSelenium] EXIT --> (_getByLocator)
14:39:15,258 INFO  [BrowserSelenium] ENTER --> (_getByLocator)
14:39:15,259 INFO  [BrowserSelenium] (_getByLocator) -> Getting locator for null
14:39:15,259 INFO  [BrowserSelenium] (_getByLocator) -> Locator info found for XPATH attribute as: (//span[text()='Customers'])[2]
14:39:15,259 INFO  [BrowserSelenium] ENTER --> (_parseElementOnXpath)
14:39:15,259 INFO  [BrowserSelenium] (_parseElementOnXpath) -> (//span[text()='Customers'])[2] is used
14:39:15,259 INFO  [BrowserSelenium] EXIT --> (_parseElementOnXpath)
14:39:15,259 INFO  [BrowserSelenium] EXIT --> (_getByLocator)
14:39:15,277 INFO  [BrowserSelenium] ENTER --> (_getByLocator)
14:39:15,278 INFO  [BrowserSelenium] (_getByLocator) -> Getting locator for null
14:39:15,278 INFO  [BrowserSelenium] (_getByLocator) -> Locator info found for XPATH attribute as: (//span[text()='Customers'])[2]
14:39:15,278 INFO  [BrowserSelenium] ENTER --> (_parseElementOnXpath)
14:39:15,278 INFO  [BrowserSelenium] (_parseElementOnXpath) -> (//span[text()='Customers'])[2] is used
14:39:15,278 INFO  [BrowserSelenium] EXIT --> (_parseElementOnXpath)
14:39:15,279 INFO  [BrowserSelenium] EXIT --> (_getByLocator)
14:39:15,299 INFO  [BrowserSelenium] ENTER --> (_getByLocator)
14:39:15,299 INFO  [BrowserSelenium] (_getByLocator) -> Getting locator for null
14:39:15,300 INFO  [BrowserSelenium] (_getByLocator) -> Locator info found for XPATH attribute as: (//span[text()='Customers'])[2]
14:39:15,300 INFO  [BrowserSelenium] ENTER --> (_parseElementOnXpath)
14:39:15,300 INFO  [BrowserSelenium] (_parseElementOnXpath) -> (//span[text()='Customers'])[2] is used
14:39:15,300 INFO  [BrowserSelenium] EXIT --> (_parseElementOnXpath)
14:39:15,300 INFO  [BrowserSelenium] EXIT --> (_getByLocator)
14:39:15,325 INFO  [BrowserSelenium] ENTER --> (_getByLocator)
14:39:15,325 INFO  [BrowserSelenium] (_getByLocator) -> Getting locator for null
14:39:15,325 INFO  [BrowserSelenium] (_getByLocator) -> Locator info found for XPATH attribute as: (//span[text()='Customers'])[2]
14:39:15,325 INFO  [BrowserSelenium] ENTER --> (_parseElementOnXpath)
14:39:15,325 INFO  [BrowserSelenium] (_parseElementOnXpath) -> (//span[text()='Customers'])[2] is used
14:39:15,326 INFO  [BrowserSelenium] EXIT --> (_parseElementOnXpath)
14:39:15,326 INFO  [BrowserSelenium] EXIT --> (_getByLocator)
14:39:15,345 INFO  [BrowserSelenium] ENTER --> (_getByLocator)
14:39:15,345 INFO  [BrowserSelenium] (_getByLocator) -> Getting locator for null
14:39:15,345 INFO  [BrowserSelenium] (_getByLocator) -> Locator info found for XPATH attribute as: (//span[text()='Customers'])[2]
14:39:15,345 INFO  [BrowserSelenium] ENTER --> (_parseElementOnXpath)
14:39:15,346 INFO  [BrowserSelenium] (_parseElementOnXpath) -> (//span[text()='Customers'])[2] is used
14:39:15,346 INFO  [BrowserSelenium] EXIT --> (_parseElementOnXpath)
14:39:15,346 INFO  [BrowserSelenium] EXIT --> (_getByLocator)
14:39:15,366 INFO  [BrowserSelenium] ENTER --> (_getByLocator)
14:39:15,367 INFO  [BrowserSelenium] (_getByLocator) -> Getting locator for null
14:39:15,367 INFO  [BrowserSelenium] (_getByLocator) -> Locator info found for XPATH attribute as: (//span[text()='Customers'])[2]
14:39:15,367 INFO  [BrowserSelenium] ENTER --> (_parseElementOnXpath)
14:39:15,367 INFO  [BrowserSelenium] (_parseElementOnXpath) -> (//span[text()='Customers'])[2] is used
14:39:15,367 INFO  [BrowserSelenium] EXIT --> (_parseElementOnXpath)
14:39:15,368 INFO  [BrowserSelenium] EXIT --> (_getByLocator)
14:39:15,390 INFO  [BrowserSelenium] ENTER --> (_getByLocator)
14:39:15,390 INFO  [BrowserSelenium] (_getByLocator) -> Getting locator for null
14:39:15,390 INFO  [BrowserSelenium] (_getByLocator) -> Locator info found for XPATH attribute as: (//span[text()='Customers'])[2]
14:39:15,391 INFO  [BrowserSelenium] ENTER --> (_parseElementOnXpath)
14:39:15,391 INFO  [BrowserSelenium] (_parseElementOnXpath) -> (//span[text()='Customers'])[2] is used
14:39:15,391 INFO  [BrowserSelenium] EXIT --> (_parseElementOnXpath)
14:39:15,391 INFO  [BrowserSelenium] EXIT --> (_getByLocator)
14:39:15,414 INFO  [BrowserSelenium] ENTER --> (_getByLocator)
14:39:15,415 INFO  [BrowserSelenium] (_getByLocator) -> Getting locator for null
14:39:15,415 INFO  [BrowserSelenium] (_getByLocator) -> Locator info found for XPATH attribute as: (//span[text()='Customers'])[2]
14:39:15,415 INFO  [BrowserSelenium] ENTER --> (_parseElementOnXpath)
14:39:15,415 INFO  [BrowserSelenium] (_parseElementOnXpath) -> (//span[text()='Customers'])[2] is used
14:39:15,415 INFO  [BrowserSelenium] EXIT --> (_parseElementOnXpath)
14:39:15,415 INFO  [BrowserSelenium] EXIT --> (_getByLocator)
14:39:15,432 INFO  [BrowserSelenium] ENTER --> (_getByLocator)
14:39:15,432 INFO  [BrowserSelenium] (_getByLocator) -> Getting locator for null
14:39:15,433 INFO  [BrowserSelenium] (_getByLocator) -> Locator info found for XPATH attribute as: (//span[text()='Customers'])[2]
14:39:15,433 INFO  [BrowserSelenium] ENTER --> (_parseElementOnXpath)
14:39:15,433 INFO  [BrowserSelenium] (_parseElementOnXpath) -> (//span[text()='Customers'])[2] is used
14:39:15,433 INFO  [BrowserSelenium] EXIT --> (_parseElementOnXpath)
14:39:15,433 INFO  [BrowserSelenium] EXIT --> (_getByLocator)
14:39:15,450 INFO  [BrowserSelenium] ENTER --> (_getByLocator)
14:39:15,450 INFO  [BrowserSelenium] (_getByLocator) -> Getting locator for null
14:39:15,450 INFO  [BrowserSelenium] (_getByLocator) -> Locator info found for XPATH attribute as: (//span[text()='Customers'])[2]
14:39:15,450 INFO  [BrowserSelenium] ENTER --> (_parseElementOnXpath)
14:39:15,450 INFO  [BrowserSelenium] (_parseElementOnXpath) -> (//span[text()='Customers'])[2] is used
14:39:15,450 INFO  [BrowserSelenium] EXIT --> (_parseElementOnXpath)
14:39:15,451 INFO  [BrowserSelenium] EXIT --> (_getByLocator)
14:39:15,469 INFO  [BrowserSelenium] ENTER --> (_getByLocator)
14:39:15,469 INFO  [BrowserSelenium] (_getByLocator) -> Getting locator for null
14:39:15,469 INFO  [BrowserSelenium] (_getByLocator) -> Locator info found for XPATH attribute as: (//span[text()='Customers'])[2]
14:39:15,469 INFO  [BrowserSelenium] ENTER --> (_parseElementOnXpath)
14:39:15,469 INFO  [BrowserSelenium] (_parseElementOnXpath) -> (//span[text()='Customers'])[2] is used
14:39:15,469 INFO  [BrowserSelenium] EXIT --> (_parseElementOnXpath)
14:39:15,469 INFO  [BrowserSelenium] EXIT --> (_getByLocator)
14:39:15,490 INFO  [BrowserSelenium] ENTER --> (_getByLocator)
14:39:15,490 INFO  [BrowserSelenium] (_getByLocator) -> Getting locator for null
14:39:15,490 INFO  [BrowserSelenium] (_getByLocator) -> Locator info found for XPATH attribute as: (//span[text()='Customers'])[2]
14:39:15,490 INFO  [BrowserSelenium] ENTER --> (_parseElementOnXpath)
14:39:15,491 INFO  [BrowserSelenium] (_parseElementOnXpath) -> (//span[text()='Customers'])[2] is used
14:39:15,491 INFO  [BrowserSelenium] EXIT --> (_parseElementOnXpath)
14:39:15,491 INFO  [BrowserSelenium] EXIT --> (_getByLocator)
14:39:15,509 INFO  [BrowserSelenium] ENTER --> (_getByLocator)
14:39:15,509 INFO  [BrowserSelenium] (_getByLocator) -> Getting locator for null
14:39:15,510 INFO  [BrowserSelenium] (_getByLocator) -> Locator info found for XPATH attribute as: (//span[text()='Customers'])[2]
14:39:15,510 INFO  [BrowserSelenium] ENTER --> (_parseElementOnXpath)
14:39:15,510 INFO  [BrowserSelenium] (_parseElementOnXpath) -> (//span[text()='Customers'])[2] is used
14:39:15,510 INFO  [BrowserSelenium] EXIT --> (_parseElementOnXpath)
14:39:15,510 INFO  [BrowserSelenium] EXIT --> (_getByLocator)
14:39:15,529 INFO  [BrowserSelenium] ENTER --> (_getByLocator)
14:39:15,529 INFO  [BrowserSelenium] (_getByLocator) -> Getting locator for null
14:39:15,529 INFO  [BrowserSelenium] (_getByLocator) -> Locator info found for XPATH attribute as: (//span[text()='Customers'])[2]
14:39:15,529 INFO  [BrowserSelenium] ENTER --> (_parseElementOnXpath)
14:39:15,529 INFO  [BrowserSelenium] (_parseElementOnXpath) -> (//span[text()='Customers'])[2] is used
14:39:15,529 INFO  [BrowserSelenium] EXIT --> (_parseElementOnXpath)
14:39:15,529 INFO  [BrowserSelenium] EXIT --> (_getByLocator)
14:39:15,546 INFO  [BrowserSelenium] ENTER --> (_getByLocator)
14:39:15,546 INFO  [BrowserSelenium] (_getByLocator) -> Getting locator for null
14:39:15,547 INFO  [BrowserSelenium] (_getByLocator) -> Locator info found for XPATH attribute as: (//span[text()='Customers'])[2]
14:39:15,547 INFO  [BrowserSelenium] ENTER --> (_parseElementOnXpath)
14:39:15,547 INFO  [BrowserSelenium] (_parseElementOnXpath) -> (//span[text()='Customers'])[2] is used
14:39:15,547 INFO  [BrowserSelenium] EXIT --> (_parseElementOnXpath)
14:39:15,547 INFO  [BrowserSelenium] EXIT --> (_getByLocator)
14:39:15,571 INFO  [BrowserSelenium] ENTER --> (_getByLocator)
14:39:15,571 INFO  [BrowserSelenium] (_getByLocator) -> Getting locator for null
14:39:15,571 INFO  [BrowserSelenium] (_getByLocator) -> Locator info found for XPATH attribute as: (//span[text()='Customers'])[2]
14:39:15,571 INFO  [BrowserSelenium] ENTER --> (_parseElementOnXpath)
14:39:15,571 INFO  [BrowserSelenium] (_parseElementOnXpath) -> (//span[text()='Customers'])[2] is used
14:39:15,572 INFO  [BrowserSelenium] EXIT --> (_parseElementOnXpath)
14:39:15,572 INFO  [BrowserSelenium] EXIT --> (_getByLocator)
14:39:15,590 INFO  [BrowserSelenium] ENTER --> (_getByLocator)
14:39:15,590 INFO  [BrowserSelenium] (_getByLocator) -> Getting locator for null
14:39:15,590 INFO  [BrowserSelenium] (_getByLocator) -> Locator info found for XPATH attribute as: (//span[text()='Customers'])[2]
14:39:15,591 INFO  [BrowserSelenium] ENTER --> (_parseElementOnXpath)
14:39:15,591 INFO  [BrowserSelenium] (_parseElementOnXpath) -> (//span[text()='Customers'])[2] is used
14:39:15,591 INFO  [BrowserSelenium] EXIT --> (_parseElementOnXpath)
14:39:15,591 INFO  [BrowserSelenium] EXIT --> (_getByLocator)
14:39:15,608 INFO  [BrowserSelenium] ENTER --> (_getByLocator)
14:39:15,608 INFO  [BrowserSelenium] (_getByLocator) -> Getting locator for null
14:39:15,608 INFO  [BrowserSelenium] (_getByLocator) -> Locator info found for XPATH attribute as: (//span[text()='Customers'])[2]
14:39:15,608 INFO  [BrowserSelenium] ENTER --> (_parseElementOnXpath)
14:39:15,609 INFO  [BrowserSelenium] (_parseElementOnXpath) -> (//span[text()='Customers'])[2] is used
14:39:15,609 INFO  [BrowserSelenium] EXIT --> (_parseElementOnXpath)
14:39:15,609 INFO  [BrowserSelenium] EXIT --> (_getByLocator)
14:39:15,630 INFO  [BrowserSelenium] ENTER --> (_getByLocator)
14:39:15,630 INFO  [BrowserSelenium] (_getByLocator) -> Getting locator for null
14:39:15,631 INFO  [BrowserSelenium] (_getByLocator) -> Locator info found for XPATH attribute as: (//span[text()='Customers'])[2]
14:39:15,631 INFO  [BrowserSelenium] ENTER --> (_parseElementOnXpath)
14:39:15,631 INFO  [BrowserSelenium] (_parseElementOnXpath) -> (//span[text()='Customers'])[2] is used
14:39:15,631 INFO  [BrowserSelenium] EXIT --> (_parseElementOnXpath)
14:39:15,631 INFO  [BrowserSelenium] EXIT --> (_getByLocator)
14:39:15,648 INFO  [BrowserSelenium] ENTER --> (_getByLocator)
14:39:15,648 INFO  [BrowserSelenium] (_getByLocator) -> Getting locator for null
14:39:15,649 INFO  [BrowserSelenium] (_getByLocator) -> Locator info found for XPATH attribute as: (//span[text()='Customers'])[2]
14:39:15,649 INFO  [BrowserSelenium] ENTER --> (_parseElementOnXpath)
14:39:15,649 INFO  [BrowserSelenium] (_parseElementOnXpath) -> (//span[text()='Customers'])[2] is used
14:39:15,649 INFO  [BrowserSelenium] EXIT --> (_parseElementOnXpath)
14:39:15,649 INFO  [BrowserSelenium] EXIT --> (_getByLocator)
14:39:15,667 INFO  [BrowserSelenium] ENTER --> (_getByLocator)
14:39:15,668 INFO  [BrowserSelenium] (_getByLocator) -> Getting locator for null
14:39:15,668 INFO  [BrowserSelenium] (_getByLocator) -> Locator info found for XPATH attribute as: (//span[text()='Customers'])[2]
14:39:15,668 INFO  [BrowserSelenium] ENTER --> (_parseElementOnXpath)
14:39:15,668 INFO  [BrowserSelenium] (_parseElementOnXpath) -> (//span[text()='Customers'])[2] is used
14:39:15,668 INFO  [BrowserSelenium] EXIT --> (_parseElementOnXpath)
14:39:15,668 INFO  [BrowserSelenium] EXIT --> (_getByLocator)
14:39:15,689 INFO  [BrowserSelenium] ENTER --> (_getByLocator)
14:39:15,689 INFO  [BrowserSelenium] (_getByLocator) -> Getting locator for null
14:39:15,689 INFO  [BrowserSelenium] (_getByLocator) -> Locator info found for XPATH attribute as: (//span[text()='Customers'])[2]
14:39:15,690 INFO  [BrowserSelenium] ENTER --> (_parseElementOnXpath)
14:39:15,690 INFO  [BrowserSelenium] (_parseElementOnXpath) -> (//span[text()='Customers'])[2] is used
14:39:15,690 INFO  [BrowserSelenium] EXIT --> (_parseElementOnXpath)
14:39:15,690 INFO  [BrowserSelenium] EXIT --> (_getByLocator)
14:39:15,709 INFO  [BrowserSelenium] ENTER --> (_getByLocator)
14:39:15,709 INFO  [BrowserSelenium] (_getByLocator) -> Getting locator for null
14:39:15,710 INFO  [BrowserSelenium] (_getByLocator) -> Locator info found for XPATH attribute as: (//span[text()='Customers'])[2]
14:39:15,710 INFO  [BrowserSelenium] ENTER --> (_parseElementOnXpath)
14:39:15,710 INFO  [BrowserSelenium] (_parseElementOnXpath) -> (//span[text()='Customers'])[2] is used
14:39:15,710 INFO  [BrowserSelenium] EXIT --> (_parseElementOnXpath)
14:39:15,710 INFO  [BrowserSelenium] EXIT --> (_getByLocator)
14:39:15,727 INFO  [BrowserSelenium] ENTER --> (_getByLocator)
14:39:15,727 INFO  [BrowserSelenium] (_getByLocator) -> Getting locator for null
14:39:15,727 INFO  [BrowserSelenium] (_getByLocator) -> Locator info found for XPATH attribute as: (//span[text()='Customers'])[2]
14:39:15,727 INFO  [BrowserSelenium] ENTER --> (_parseElementOnXpath)
14:39:15,728 INFO  [BrowserSelenium] (_parseElementOnXpath) -> (//span[text()='Customers'])[2] is used
14:39:15,728 INFO  [BrowserSelenium] EXIT --> (_parseElementOnXpath)
14:39:15,728 INFO  [BrowserSelenium] EXIT --> (_getByLocator)
14:39:15,745 INFO  [BrowserSelenium] ENTER --> (_getByLocator)
14:39:15,745 INFO  [BrowserSelenium] (_getByLocator) -> Getting locator for null
14:39:15,745 INFO  [BrowserSelenium] (_getByLocator) -> Locator info found for XPATH attribute as: (//span[text()='Customers'])[2]
14:39:15,745 INFO  [BrowserSelenium] ENTER --> (_parseElementOnXpath)
14:39:15,745 INFO  [BrowserSelenium] (_parseElementOnXpath) -> (//span[text()='Customers'])[2] is used
14:39:15,745 INFO  [BrowserSelenium] EXIT --> (_parseElementOnXpath)
14:39:15,745 INFO  [BrowserSelenium] EXIT --> (_getByLocator)
14:39:15,762 INFO  [BrowserSelenium] ENTER --> (_getByLocator)
14:39:15,762 INFO  [BrowserSelenium] (_getByLocator) -> Getting locator for null
14:39:15,762 INFO  [BrowserSelenium] (_getByLocator) -> Locator info found for XPATH attribute as: (//span[text()='Customers'])[2]
14:39:15,763 INFO  [BrowserSelenium] ENTER --> (_parseElementOnXpath)
14:39:15,763 INFO  [BrowserSelenium] (_parseElementOnXpath) -> (//span[text()='Customers'])[2] is used
14:39:15,763 INFO  [BrowserSelenium] EXIT --> (_parseElementOnXpath)
14:39:15,763 INFO  [BrowserSelenium] EXIT --> (_getByLocator)
14:39:15,782 INFO  [BrowserSelenium] ENTER --> (_getByLocator)
14:39:15,782 INFO  [BrowserSelenium] (_getByLocator) -> Getting locator for null
14:39:15,783 INFO  [BrowserSelenium] (_getByLocator) -> Locator info found for XPATH attribute as: (//span[text()='Customers'])[2]
14:39:15,783 INFO  [BrowserSelenium] ENTER --> (_parseElementOnXpath)
14:39:15,783 INFO  [BrowserSelenium] (_parseElementOnXpath) -> (//span[text()='Customers'])[2] is used
14:39:15,783 INFO  [BrowserSelenium] EXIT --> (_parseElementOnXpath)
14:39:15,783 INFO  [BrowserSelenium] EXIT --> (_getByLocator)
14:39:15,802 INFO  [BrowserSelenium] ENTER --> (_getByLocator)
14:39:15,802 INFO  [BrowserSelenium] (_getByLocator) -> Getting locator for null
14:39:15,802 INFO  [BrowserSelenium] (_getByLocator) -> Locator info found for XPATH attribute as: (//span[text()='Customers'])[2]
14:39:15,802 INFO  [BrowserSelenium] ENTER --> (_parseElementOnXpath)
14:39:15,802 INFO  [BrowserSelenium] (_parseElementOnXpath) -> (//span[text()='Customers'])[2] is used
14:39:15,802 INFO  [BrowserSelenium] EXIT --> (_parseElementOnXpath)
14:39:15,803 INFO  [BrowserSelenium] EXIT --> (_getByLocator)
14:39:15,820 INFO  [BrowserSelenium] ENTER --> (_getByLocator)
14:39:15,820 INFO  [BrowserSelenium] (_getByLocator) -> Getting locator for null
14:39:15,820 INFO  [BrowserSelenium] (_getByLocator) -> Locator info found for XPATH attribute as: (//span[text()='Customers'])[2]
14:39:15,820 INFO  [BrowserSelenium] ENTER --> (_parseElementOnXpath)
14:39:15,820 INFO  [BrowserSelenium] (_parseElementOnXpath) -> (//span[text()='Customers'])[2] is used
14:39:15,820 INFO  [BrowserSelenium] EXIT --> (_parseElementOnXpath)
14:39:15,821 INFO  [BrowserSelenium] EXIT --> (_getByLocator)
14:39:15,838 INFO  [BrowserSelenium] ENTER --> (_getByLocator)
14:39:15,838 INFO  [BrowserSelenium] (_getByLocator) -> Getting locator for null
14:39:15,838 INFO  [BrowserSelenium] (_getByLocator) -> Locator info found for XPATH attribute as: (//span[text()='Customers'])[2]
14:39:15,838 INFO  [BrowserSelenium] ENTER --> (_parseElementOnXpath)
14:39:15,838 INFO  [BrowserSelenium] (_parseElementOnXpath) -> (//span[text()='Customers'])[2] is used
14:39:15,838 INFO  [BrowserSelenium] EXIT --> (_parseElementOnXpath)
14:39:15,838 INFO  [BrowserSelenium] EXIT --> (_getByLocator)
14:39:15,857 INFO  [BrowserSelenium] ENTER --> (_getByLocator)
14:39:15,857 INFO  [BrowserSelenium] (_getByLocator) -> Getting locator for null
14:39:15,857 INFO  [BrowserSelenium] (_getByLocator) -> Locator info found for XPATH attribute as: (//span[text()='Customers'])[2]
14:39:15,858 INFO  [BrowserSelenium] ENTER --> (_parseElementOnXpath)
14:39:15,858 INFO  [BrowserSelenium] (_parseElementOnXpath) -> (//span[text()='Customers'])[2] is used
14:39:15,858 INFO  [BrowserSelenium] EXIT --> (_parseElementOnXpath)
14:39:15,858 INFO  [BrowserSelenium] EXIT --> (_getByLocator)
14:39:15,882 INFO  [BrowserSelenium] ENTER --> (_getByLocator)
14:39:15,882 INFO  [BrowserSelenium] (_getByLocator) -> Getting locator for null
14:39:15,882 INFO  [BrowserSelenium] (_getByLocator) -> Locator info found for XPATH attribute as: (//span[text()='Customers'])[2]
14:39:15,883 INFO  [BrowserSelenium] ENTER --> (_parseElementOnXpath)
14:39:15,883 INFO  [BrowserSelenium] (_parseElementOnXpath) -> (//span[text()='Customers'])[2] is used
14:39:15,883 INFO  [BrowserSelenium] EXIT --> (_parseElementOnXpath)
14:39:15,883 INFO  [BrowserSelenium] EXIT --> (_getByLocator)
14:39:15,923 INFO  [BrowserSelenium] ENTER --> (_getByLocator)
14:39:15,923 INFO  [BrowserSelenium] (_getByLocator) -> Getting locator for null
14:39:15,923 INFO  [BrowserSelenium] (_getByLocator) -> Locator info found for XPATH attribute as: (//span[text()='Customers'])[2]
14:39:15,924 INFO  [BrowserSelenium] ENTER --> (_parseElementOnXpath)
14:39:15,924 INFO  [BrowserSelenium] (_parseElementOnXpath) -> (//span[text()='Customers'])[2] is used
14:39:15,924 INFO  [BrowserSelenium] EXIT --> (_parseElementOnXpath)
14:39:15,924 INFO  [BrowserSelenium] EXIT --> (_getByLocator)
14:39:15,947 INFO  [BrowserSelenium] ENTER --> (_getByLocator)
14:39:15,947 INFO  [BrowserSelenium] (_getByLocator) -> Getting locator for null
14:39:15,947 INFO  [BrowserSelenium] (_getByLocator) -> Locator info found for XPATH attribute as: (//span[text()='Customers'])[2]
14:39:15,947 INFO  [BrowserSelenium] ENTER --> (_parseElementOnXpath)
14:39:15,948 INFO  [BrowserSelenium] (_parseElementOnXpath) -> (//span[text()='Customers'])[2] is used
14:39:15,948 INFO  [BrowserSelenium] EXIT --> (_parseElementOnXpath)
14:39:15,948 INFO  [BrowserSelenium] EXIT --> (_getByLocator)
14:39:15,969 INFO  [BrowserSelenium] ENTER --> (_getByLocator)
14:39:15,969 INFO  [BrowserSelenium] (_getByLocator) -> Getting locator for null
14:39:15,970 INFO  [BrowserSelenium] (_getByLocator) -> Locator info found for XPATH attribute as: (//span[text()='Customers'])[2]
14:39:15,970 INFO  [BrowserSelenium] ENTER --> (_parseElementOnXpath)
14:39:15,970 INFO  [BrowserSelenium] (_parseElementOnXpath) -> (//span[text()='Customers'])[2] is used
14:39:15,970 INFO  [BrowserSelenium] EXIT --> (_parseElementOnXpath)
14:39:15,970 INFO  [BrowserSelenium] EXIT --> (_getByLocator)
14:39:15,990 INFO  [BrowserSelenium] ENTER --> (_getByLocator)
14:39:15,990 INFO  [BrowserSelenium] (_getByLocator) -> Getting locator for null
14:39:15,990 INFO  [BrowserSelenium] (_getByLocator) -> Locator info found for XPATH attribute as: (//span[text()='Customers'])[2]
14:39:15,990 INFO  [BrowserSelenium] ENTER --> (_parseElementOnXpath)
14:39:15,990 INFO  [BrowserSelenium] (_parseElementOnXpath) -> (//span[text()='Customers'])[2] is used
14:39:15,991 INFO  [BrowserSelenium] EXIT --> (_parseElementOnXpath)
14:39:15,991 INFO  [BrowserSelenium] EXIT --> (_getByLocator)
14:39:16,013 INFO  [BrowserSelenium] ENTER --> (_getByLocator)
14:39:16,013 INFO  [BrowserSelenium] (_getByLocator) -> Getting locator for null
14:39:16,013 INFO  [BrowserSelenium] (_getByLocator) -> Locator info found for XPATH attribute as: (//span[text()='Customers'])[2]
14:39:16,013 INFO  [BrowserSelenium] ENTER --> (_parseElementOnXpath)
14:39:16,013 INFO  [BrowserSelenium] (_parseElementOnXpath) -> (//span[text()='Customers'])[2] is used
14:39:16,013 INFO  [BrowserSelenium] EXIT --> (_parseElementOnXpath)
14:39:16,014 INFO  [BrowserSelenium] EXIT --> (_getByLocator)
14:39:16,065 INFO  [BrowserSelenium] ENTER --> (_getByLocator)
14:39:16,066 INFO  [BrowserSelenium] (_getByLocator) -> Getting locator for null
14:39:16,066 INFO  [BrowserSelenium] (_getByLocator) -> Locator info found for XPATH attribute as: (//span[text()='Customers'])[2]
14:39:16,066 INFO  [BrowserSelenium] ENTER --> (_parseElementOnXpath)
14:39:16,066 INFO  [BrowserSelenium] (_parseElementOnXpath) -> (//span[text()='Customers'])[2] is used
14:39:16,066 INFO  [BrowserSelenium] EXIT --> (_parseElementOnXpath)
14:39:16,066 INFO  [BrowserSelenium] EXIT --> (_getByLocator)
14:39:16,086 INFO  [BrowserSelenium] ENTER --> (_getByLocator)
14:39:16,086 INFO  [BrowserSelenium] (_getByLocator) -> Getting locator for null
14:39:16,086 INFO  [BrowserSelenium] (_getByLocator) -> Locator info found for XPATH attribute as: (//span[text()='Customers'])[2]
14:39:16,087 INFO  [BrowserSelenium] ENTER --> (_parseElementOnXpath)
14:39:16,087 INFO  [BrowserSelenium] (_parseElementOnXpath) -> (//span[text()='Customers'])[2] is used
14:39:16,087 INFO  [BrowserSelenium] EXIT --> (_parseElementOnXpath)
14:39:16,087 INFO  [BrowserSelenium] EXIT --> (_getByLocator)
14:39:16,105 INFO  [BrowserSelenium] ENTER --> (_getByLocator)
14:39:16,106 INFO  [BrowserSelenium] (_getByLocator) -> Getting locator for null
14:39:16,106 INFO  [BrowserSelenium] (_getByLocator) -> Locator info found for XPATH attribute as: (//span[text()='Customers'])[2]
14:39:16,106 INFO  [BrowserSelenium] ENTER --> (_parseElementOnXpath)
14:39:16,106 INFO  [BrowserSelenium] (_parseElementOnXpath) -> (//span[text()='Customers'])[2] is used
14:39:16,106 INFO  [BrowserSelenium] EXIT --> (_parseElementOnXpath)
14:39:16,106 INFO  [BrowserSelenium] EXIT --> (_getByLocator)
14:39:16,125 INFO  [BrowserSelenium] ENTER --> (_getByLocator)
14:39:16,125 INFO  [BrowserSelenium] (_getByLocator) -> Getting locator for null
14:39:16,125 INFO  [BrowserSelenium] (_getByLocator) -> Locator info found for XPATH attribute as: (//span[text()='Customers'])[2]
14:39:16,125 INFO  [BrowserSelenium] ENTER --> (_parseElementOnXpath)
14:39:16,125 INFO  [BrowserSelenium] (_parseElementOnXpath) -> (//span[text()='Customers'])[2] is used
14:39:16,125 INFO  [BrowserSelenium] EXIT --> (_parseElementOnXpath)
14:39:16,126 INFO  [BrowserSelenium] EXIT --> (_getByLocator)
14:39:16,144 INFO  [BrowserSelenium] ENTER --> (_getByLocator)
14:39:16,144 INFO  [BrowserSelenium] (_getByLocator) -> Getting locator for null
14:39:16,145 INFO  [BrowserSelenium] (_getByLocator) -> Locator info found for XPATH attribute as: (//span[text()='Customers'])[2]
14:39:16,145 INFO  [BrowserSelenium] ENTER --> (_parseElementOnXpath)
14:39:16,145 INFO  [BrowserSelenium] (_parseElementOnXpath) -> (//span[text()='Customers'])[2] is used
14:39:16,145 INFO  [BrowserSelenium] EXIT --> (_parseElementOnXpath)
14:39:16,145 INFO  [BrowserSelenium] EXIT --> (_getByLocator)
14:39:16,247 INFO  [BrowserSelenium] ENTER --> (_getByLocator)
14:39:16,247 INFO  [BrowserSelenium] (_getByLocator) -> Getting locator for null
14:39:16,247 INFO  [BrowserSelenium] (_getByLocator) -> Locator info found for XPATH attribute as: (//span[text()='Customers'])[2]
14:39:16,247 INFO  [BrowserSelenium] ENTER --> (_parseElementOnXpath)
14:39:16,248 INFO  [BrowserSelenium] (_parseElementOnXpath) -> (//span[text()='Customers'])[2] is used
14:39:16,248 INFO  [BrowserSelenium] EXIT --> (_parseElementOnXpath)
14:39:16,248 INFO  [BrowserSelenium] EXIT --> (_getByLocator)
14:39:16,272 INFO  [BrowserSelenium] ENTER --> (_getByLocator)
14:39:16,272 INFO  [BrowserSelenium] (_getByLocator) -> Getting locator for null
14:39:16,272 INFO  [BrowserSelenium] (_getByLocator) -> Locator info found for XPATH attribute as: (//span[text()='Customers'])[2]
14:39:16,272 INFO  [BrowserSelenium] ENTER --> (_parseElementOnXpath)
14:39:16,272 INFO  [BrowserSelenium] (_parseElementOnXpath) -> (//span[text()='Customers'])[2] is used
14:39:16,273 INFO  [BrowserSelenium] EXIT --> (_parseElementOnXpath)
14:39:16,273 INFO  [BrowserSelenium] EXIT --> (_getByLocator)
14:39:16,294 INFO  [BrowserSelenium] ENTER --> (_getByLocator)
14:39:16,294 INFO  [BrowserSelenium] (_getByLocator) -> Getting locator for null
14:39:16,294 INFO  [BrowserSelenium] (_getByLocator) -> Locator info found for XPATH attribute as: (//span[text()='Customers'])[2]
14:39:16,294 INFO  [BrowserSelenium] ENTER --> (_parseElementOnXpath)
14:39:16,294 INFO  [BrowserSelenium] (_parseElementOnXpath) -> (//span[text()='Customers'])[2] is used
14:39:16,294 INFO  [BrowserSelenium] EXIT --> (_parseElementOnXpath)
14:39:16,295 INFO  [BrowserSelenium] EXIT --> (_getByLocator)
14:39:16,319 INFO  [BrowserSelenium] ENTER --> (_getByLocator)
14:39:16,319 INFO  [BrowserSelenium] (_getByLocator) -> Getting locator for null
14:39:16,319 INFO  [BrowserSelenium] (_getByLocator) -> Locator info found for XPATH attribute as: (//span[text()='Customers'])[2]
14:39:16,319 INFO  [BrowserSelenium] ENTER --> (_parseElementOnXpath)
14:39:16,320 INFO  [BrowserSelenium] (_parseElementOnXpath) -> (//span[text()='Customers'])[2] is used
14:39:16,320 INFO  [BrowserSelenium] EXIT --> (_parseElementOnXpath)
14:39:16,320 INFO  [BrowserSelenium] EXIT --> (_getByLocator)
14:39:16,485 INFO  [BrowserSelenium] ENTER --> (_getByLocator)
14:39:16,485 INFO  [BrowserSelenium] (_getByLocator) -> Getting locator for null
14:39:16,485 INFO  [BrowserSelenium] (_getByLocator) -> Locator info found for XPATH attribute as: (//span[text()='Customers'])[2]
14:39:16,485 INFO  [BrowserSelenium] ENTER --> (_parseElementOnXpath)
14:39:16,485 INFO  [BrowserSelenium] (_parseElementOnXpath) -> (//span[text()='Customers'])[2] is used
14:39:16,486 INFO  [BrowserSelenium] EXIT --> (_parseElementOnXpath)
14:39:16,486 INFO  [BrowserSelenium] EXIT --> (_getByLocator)
14:39:16,503 INFO  [BrowserSelenium] ENTER --> (_getByLocator)
14:39:16,503 INFO  [BrowserSelenium] (_getByLocator) -> Getting locator for null
14:39:16,503 INFO  [BrowserSelenium] (_getByLocator) -> Locator info found for XPATH attribute as: (//span[text()='Customers'])[2]
14:39:16,504 INFO  [BrowserSelenium] ENTER --> (_parseElementOnXpath)
14:39:16,504 INFO  [BrowserSelenium] (_parseElementOnXpath) -> (//span[text()='Customers'])[2] is used
14:39:16,504 INFO  [BrowserSelenium] EXIT --> (_parseElementOnXpath)
14:39:16,504 INFO  [BrowserSelenium] EXIT --> (_getByLocator)
14:39:16,523 INFO  [BrowserSelenium] ENTER --> (_getByLocator)
14:39:16,524 INFO  [BrowserSelenium] (_getByLocator) -> Getting locator for null
14:39:16,524 INFO  [BrowserSelenium] (_getByLocator) -> Locator info found for XPATH attribute as: (//span[text()='Customers'])[2]
14:39:16,524 INFO  [BrowserSelenium] ENTER --> (_parseElementOnXpath)
14:39:16,524 INFO  [BrowserSelenium] (_parseElementOnXpath) -> (//span[text()='Customers'])[2] is used
14:39:16,524 INFO  [BrowserSelenium] EXIT --> (_parseElementOnXpath)
14:39:16,524 INFO  [BrowserSelenium] EXIT --> (_getByLocator)
14:39:16,541 INFO  [BrowserSelenium] ENTER --> (_getByLocator)
14:39:16,541 INFO  [BrowserSelenium] (_getByLocator) -> Getting locator for null
14:39:16,541 INFO  [BrowserSelenium] (_getByLocator) -> Locator info found for XPATH attribute as: (//span[text()='Customers'])[2]
14:39:16,541 INFO  [BrowserSelenium] ENTER --> (_parseElementOnXpath)
14:39:16,542 INFO  [BrowserSelenium] (_parseElementOnXpath) -> (//span[text()='Customers'])[2] is used
14:39:16,542 INFO  [BrowserSelenium] EXIT --> (_parseElementOnXpath)
14:39:16,542 INFO  [BrowserSelenium] EXIT --> (_getByLocator)
14:39:16,560 INFO  [BrowserSelenium] ENTER --> (_getByLocator)
14:39:16,560 INFO  [BrowserSelenium] (_getByLocator) -> Getting locator for null
14:39:16,561 INFO  [BrowserSelenium] (_getByLocator) -> Locator info found for XPATH attribute as: (//span[text()='Customers'])[2]
14:39:16,561 INFO  [BrowserSelenium] ENTER --> (_parseElementOnXpath)
14:39:16,561 INFO  [BrowserSelenium] (_parseElementOnXpath) -> (//span[text()='Customers'])[2] is used
14:39:16,561 INFO  [BrowserSelenium] EXIT --> (_parseElementOnXpath)
14:39:16,561 INFO  [BrowserSelenium] EXIT --> (_getByLocator)
14:39:16,578 INFO  [BrowserSelenium] ENTER --> (_getByLocator)
14:39:16,578 INFO  [BrowserSelenium] (_getByLocator) -> Getting locator for null
14:39:16,578 INFO  [BrowserSelenium] (_getByLocator) -> Locator info found for XPATH attribute as: (//span[text()='Customers'])[2]
14:39:16,578 INFO  [BrowserSelenium] ENTER --> (_parseElementOnXpath)
14:39:16,579 INFO  [BrowserSelenium] (_parseElementOnXpath) -> (//span[text()='Customers'])[2] is used
14:39:16,579 INFO  [BrowserSelenium] EXIT --> (_parseElementOnXpath)
14:39:16,579 INFO  [BrowserSelenium] EXIT --> (_getByLocator)
14:39:16,596 INFO  [BrowserSelenium] ENTER --> (_getByLocator)
14:39:16,597 INFO  [BrowserSelenium] (_getByLocator) -> Getting locator for null
14:39:16,597 INFO  [BrowserSelenium] (_getByLocator) -> Locator info found for XPATH attribute as: (//span[text()='Customers'])[2]
14:39:16,597 INFO  [BrowserSelenium] ENTER --> (_parseElementOnXpath)
14:39:16,597 INFO  [BrowserSelenium] (_parseElementOnXpath) -> (//span[text()='Customers'])[2] is used
14:39:16,597 INFO  [BrowserSelenium] EXIT --> (_parseElementOnXpath)
14:39:16,598 INFO  [BrowserSelenium] EXIT --> (_getByLocator)
14:39:16,616 INFO  [BrowserSelenium] ENTER --> (_getByLocator)
14:39:16,617 INFO  [BrowserSelenium] (_getByLocator) -> Getting locator for null
14:39:16,617 INFO  [BrowserSelenium] (_getByLocator) -> Locator info found for XPATH attribute as: (//span[text()='Customers'])[2]
14:39:16,617 INFO  [BrowserSelenium] ENTER --> (_parseElementOnXpath)
14:39:16,617 INFO  [BrowserSelenium] (_parseElementOnXpath) -> (//span[text()='Customers'])[2] is used
14:39:16,617 INFO  [BrowserSelenium] EXIT --> (_parseElementOnXpath)
14:39:16,617 INFO  [BrowserSelenium] EXIT --> (_getByLocator)
14:39:16,636 INFO  [BrowserSelenium] ENTER --> (_getByLocator)
14:39:16,636 INFO  [BrowserSelenium] (_getByLocator) -> Getting locator for null
14:39:16,636 INFO  [BrowserSelenium] (_getByLocator) -> Locator info found for XPATH attribute as: (//span[text()='Customers'])[2]
14:39:16,636 INFO  [BrowserSelenium] ENTER --> (_parseElementOnXpath)
14:39:16,636 INFO  [BrowserSelenium] (_parseElementOnXpath) -> (//span[text()='Customers'])[2] is used
14:39:16,636 INFO  [BrowserSelenium] EXIT --> (_parseElementOnXpath)
14:39:16,636 INFO  [BrowserSelenium] EXIT --> (_getByLocator)
14:39:16,654 INFO  [BrowserSelenium] ENTER --> (_getByLocator)
14:39:16,655 INFO  [BrowserSelenium] (_getByLocator) -> Getting locator for null
14:39:16,655 INFO  [BrowserSelenium] (_getByLocator) -> Locator info found for XPATH attribute as: (//span[text()='Customers'])[2]
14:39:16,655 INFO  [BrowserSelenium] ENTER --> (_parseElementOnXpath)
14:39:16,655 INFO  [BrowserSelenium] (_parseElementOnXpath) -> (//span[text()='Customers'])[2] is used
14:39:16,655 INFO  [BrowserSelenium] EXIT --> (_parseElementOnXpath)
14:39:16,655 INFO  [BrowserSelenium] EXIT --> (_getByLocator)
14:39:16,674 INFO  [BrowserSelenium] ENTER --> (_getByLocator)
14:39:16,674 INFO  [BrowserSelenium] (_getByLocator) -> Getting locator for null
14:39:16,674 INFO  [BrowserSelenium] (_getByLocator) -> Locator info found for XPATH attribute as: (//span[text()='Customers'])[2]
14:39:16,674 INFO  [BrowserSelenium] ENTER --> (_parseElementOnXpath)
14:39:16,675 INFO  [BrowserSelenium] (_parseElementOnXpath) -> (//span[text()='Customers'])[2] is used
14:39:16,675 INFO  [BrowserSelenium] EXIT --> (_parseElementOnXpath)
14:39:16,675 INFO  [BrowserSelenium] EXIT --> (_getByLocator)
14:39:16,692 INFO  [BrowserSelenium] ENTER --> (_getByLocator)
14:39:16,692 INFO  [BrowserSelenium] (_getByLocator) -> Getting locator for null
14:39:16,692 INFO  [BrowserSelenium] (_getByLocator) -> Locator info found for XPATH attribute as: (//span[text()='Customers'])[2]
14:39:16,692 INFO  [BrowserSelenium] ENTER --> (_parseElementOnXpath)
14:39:16,693 INFO  [BrowserSelenium] (_parseElementOnXpath) -> (//span[text()='Customers'])[2] is used
14:39:16,693 INFO  [BrowserSelenium] EXIT --> (_parseElementOnXpath)
14:39:16,693 INFO  [BrowserSelenium] EXIT --> (_getByLocator)
14:39:16,711 INFO  [BrowserSelenium] ENTER --> (_getByLocator)
14:39:16,712 INFO  [BrowserSelenium] (_getByLocator) -> Getting locator for null
14:39:16,712 INFO  [BrowserSelenium] (_getByLocator) -> Locator info found for XPATH attribute as: (//span[text()='Customers'])[2]
14:39:16,712 INFO  [BrowserSelenium] ENTER --> (_parseElementOnXpath)
14:39:16,712 INFO  [BrowserSelenium] (_parseElementOnXpath) -> (//span[text()='Customers'])[2] is used
14:39:16,712 INFO  [BrowserSelenium] EXIT --> (_parseElementOnXpath)
14:39:16,712 INFO  [BrowserSelenium] EXIT --> (_getByLocator)
14:39:16,734 INFO  [BrowserSelenium] ENTER --> (_getByLocator)
14:39:16,734 INFO  [BrowserSelenium] (_getByLocator) -> Getting locator for null
14:39:16,734 INFO  [BrowserSelenium] (_getByLocator) -> Locator info found for XPATH attribute as: (//span[text()='Customers'])[2]
14:39:16,734 INFO  [BrowserSelenium] ENTER --> (_parseElementOnXpath)
14:39:16,734 INFO  [BrowserSelenium] (_parseElementOnXpath) -> (//span[text()='Customers'])[2] is used
14:39:16,734 INFO  [BrowserSelenium] EXIT --> (_parseElementOnXpath)
14:39:16,735 INFO  [BrowserSelenium] EXIT --> (_getByLocator)
14:39:16,753 INFO  [BrowserSelenium] ENTER --> (_getByLocator)
14:39:16,753 INFO  [BrowserSelenium] (_getByLocator) -> Getting locator for null
14:39:16,753 INFO  [BrowserSelenium] (_getByLocator) -> Locator info found for XPATH attribute as: (//span[text()='Customers'])[2]
14:39:16,753 INFO  [BrowserSelenium] ENTER --> (_parseElementOnXpath)
14:39:16,753 INFO  [BrowserSelenium] (_parseElementOnXpath) -> (//span[text()='Customers'])[2] is used
14:39:16,753 INFO  [BrowserSelenium] EXIT --> (_parseElementOnXpath)
14:39:16,754 INFO  [BrowserSelenium] EXIT --> (_getByLocator)
14:39:16,773 INFO  [BrowserSelenium] ENTER --> (_getByLocator)
14:39:16,773 INFO  [BrowserSelenium] (_getByLocator) -> Getting locator for null
14:39:16,773 INFO  [BrowserSelenium] (_getByLocator) -> Locator info found for XPATH attribute as: (//span[text()='Customers'])[2]
14:39:16,773 INFO  [BrowserSelenium] ENTER --> (_parseElementOnXpath)
14:39:16,773 INFO  [BrowserSelenium] (_parseElementOnXpath) -> (//span[text()='Customers'])[2] is used
14:39:16,773 INFO  [BrowserSelenium] EXIT --> (_parseElementOnXpath)
14:39:16,774 INFO  [BrowserSelenium] EXIT --> (_getByLocator)
14:39:16,790 INFO  [BrowserSelenium] ENTER --> (_getByLocator)
14:39:16,791 INFO  [BrowserSelenium] (_getByLocator) -> Getting locator for null
14:39:16,791 INFO  [BrowserSelenium] (_getByLocator) -> Locator info found for XPATH attribute as: (//span[text()='Customers'])[2]
14:39:16,791 INFO  [BrowserSelenium] ENTER --> (_parseElementOnXpath)
14:39:16,791 INFO  [BrowserSelenium] (_parseElementOnXpath) -> (//span[text()='Customers'])[2] is used
14:39:16,791 INFO  [BrowserSelenium] EXIT --> (_parseElementOnXpath)
14:39:16,791 INFO  [BrowserSelenium] EXIT --> (_getByLocator)
14:39:16,808 INFO  [BrowserSelenium] ENTER --> (_getByLocator)
14:39:16,808 INFO  [BrowserSelenium] (_getByLocator) -> Getting locator for null
14:39:16,809 INFO  [BrowserSelenium] (_getByLocator) -> Locator info found for XPATH attribute as: (//span[text()='Customers'])[2]
14:39:16,809 INFO  [BrowserSelenium] ENTER --> (_parseElementOnXpath)
14:39:16,809 INFO  [BrowserSelenium] (_parseElementOnXpath) -> (//span[text()='Customers'])[2] is used
14:39:16,809 INFO  [BrowserSelenium] EXIT --> (_parseElementOnXpath)
14:39:16,809 INFO  [BrowserSelenium] EXIT --> (_getByLocator)
14:39:16,828 INFO  [BrowserSelenium] ENTER --> (_getByLocator)
14:39:16,829 INFO  [BrowserSelenium] (_getByLocator) -> Getting locator for null
14:39:16,829 INFO  [BrowserSelenium] (_getByLocator) -> Locator info found for XPATH attribute as: (//span[text()='Customers'])[2]
14:39:16,829 INFO  [BrowserSelenium] ENTER --> (_parseElementOnXpath)
14:39:16,829 INFO  [BrowserSelenium] (_parseElementOnXpath) -> (//span[text()='Customers'])[2] is used
14:39:16,829 INFO  [BrowserSelenium] EXIT --> (_parseElementOnXpath)
14:39:16,830 INFO  [BrowserSelenium] EXIT --> (_getByLocator)
14:39:16,850 INFO  [BrowserSelenium] ENTER --> (_getByLocator)
14:39:16,850 INFO  [BrowserSelenium] (_getByLocator) -> Getting locator for null
14:39:16,851 INFO  [BrowserSelenium] (_getByLocator) -> Locator info found for XPATH attribute as: (//span[text()='Customers'])[2]
14:39:16,851 INFO  [BrowserSelenium] ENTER --> (_parseElementOnXpath)
14:39:16,851 INFO  [BrowserSelenium] (_parseElementOnXpath) -> (//span[text()='Customers'])[2] is used
14:39:16,851 INFO  [BrowserSelenium] EXIT --> (_parseElementOnXpath)
14:39:16,851 INFO  [BrowserSelenium] EXIT --> (_getByLocator)
14:39:16,907 INFO  [BrowserSelenium] ENTER --> (_getByLocator)
14:39:16,907 INFO  [BrowserSelenium] (_getByLocator) -> Getting locator for null
14:39:16,907 INFO  [BrowserSelenium] (_getByLocator) -> Locator info found for XPATH attribute as: (//span[text()='Customers'])[2]
14:39:16,907 INFO  [BrowserSelenium] ENTER --> (_parseElementOnXpath)
14:39:16,907 INFO  [BrowserSelenium] (_parseElementOnXpath) -> (//span[text()='Customers'])[2] is used
14:39:16,907 INFO  [BrowserSelenium] EXIT --> (_parseElementOnXpath)
14:39:16,907 INFO  [BrowserSelenium] EXIT --> (_getByLocator)
14:39:16,924 INFO  [BrowserSelenium] ENTER --> (_getByLocator)
14:39:16,924 INFO  [BrowserSelenium] (_getByLocator) -> Getting locator for null
14:39:16,924 INFO  [BrowserSelenium] (_getByLocator) -> Locator info found for XPATH attribute as: (//span[text()='Customers'])[2]
14:39:16,924 INFO  [BrowserSelenium] ENTER --> (_parseElementOnXpath)
14:39:16,925 INFO  [BrowserSelenium] (_parseElementOnXpath) -> (//span[text()='Customers'])[2] is used
14:39:16,925 INFO  [BrowserSelenium] EXIT --> (_parseElementOnXpath)
14:39:16,925 INFO  [BrowserSelenium] EXIT --> (_getByLocator)
14:39:16,941 INFO  [BrowserSelenium] ENTER --> (_getByLocator)
14:39:16,941 INFO  [BrowserSelenium] (_getByLocator) -> Getting locator for null
14:39:16,942 INFO  [BrowserSelenium] (_getByLocator) -> Locator info found for XPATH attribute as: (//span[text()='Customers'])[2]
14:39:16,942 INFO  [BrowserSelenium] ENTER --> (_parseElementOnXpath)
14:39:16,942 INFO  [BrowserSelenium] (_parseElementOnXpath) -> (//span[text()='Customers'])[2] is used
14:39:16,942 INFO  [BrowserSelenium] EXIT --> (_parseElementOnXpath)
14:39:16,942 INFO  [BrowserSelenium] EXIT --> (_getByLocator)
14:39:16,959 INFO  [BrowserSelenium] ENTER --> (_getByLocator)
14:39:16,959 INFO  [BrowserSelenium] (_getByLocator) -> Getting locator for null
14:39:16,959 INFO  [BrowserSelenium] (_getByLocator) -> Locator info found for XPATH attribute as: (//span[text()='Customers'])[2]
14:39:16,960 INFO  [BrowserSelenium] ENTER --> (_parseElementOnXpath)
14:39:16,960 INFO  [BrowserSelenium] (_parseElementOnXpath) -> (//span[text()='Customers'])[2] is used
14:39:16,960 INFO  [BrowserSelenium] EXIT --> (_parseElementOnXpath)
14:39:16,960 INFO  [BrowserSelenium] EXIT --> (_getByLocator)
14:39:16,976 INFO  [BrowserSelenium] ENTER --> (_getByLocator)
14:39:16,977 INFO  [BrowserSelenium] (_getByLocator) -> Getting locator for null
14:39:16,977 INFO  [BrowserSelenium] (_getByLocator) -> Locator info found for XPATH attribute as: (//span[text()='Customers'])[2]
14:39:16,977 INFO  [BrowserSelenium] ENTER --> (_parseElementOnXpath)
14:39:16,977 INFO  [BrowserSelenium] (_parseElementOnXpath) -> (//span[text()='Customers'])[2] is used
14:39:16,977 INFO  [BrowserSelenium] EXIT --> (_parseElementOnXpath)
14:39:16,977 INFO  [BrowserSelenium] EXIT --> (_getByLocator)
14:39:16,994 INFO  [BrowserSelenium] ENTER --> (_getByLocator)
14:39:16,994 INFO  [BrowserSelenium] (_getByLocator) -> Getting locator for null
14:39:16,994 INFO  [BrowserSelenium] (_getByLocator) -> Locator info found for XPATH attribute as: (//span[text()='Customers'])[2]
14:39:16,994 INFO  [BrowserSelenium] ENTER --> (_parseElementOnXpath)
14:39:16,994 INFO  [BrowserSelenium] (_parseElementOnXpath) -> (//span[text()='Customers'])[2] is used
14:39:16,994 INFO  [BrowserSelenium] EXIT --> (_parseElementOnXpath)
14:39:16,994 INFO  [BrowserSelenium] EXIT --> (_getByLocator)
14:39:17,011 INFO  [BrowserSelenium] ENTER --> (_getByLocator)
14:39:17,011 INFO  [BrowserSelenium] (_getByLocator) -> Getting locator for null
14:39:17,011 INFO  [BrowserSelenium] (_getByLocator) -> Locator info found for XPATH attribute as: (//span[text()='Customers'])[2]
14:39:17,011 INFO  [BrowserSelenium] ENTER --> (_parseElementOnXpath)
14:39:17,011 INFO  [BrowserSelenium] (_parseElementOnXpath) -> (//span[text()='Customers'])[2] is used
14:39:17,011 INFO  [BrowserSelenium] EXIT --> (_parseElementOnXpath)
14:39:17,011 INFO  [BrowserSelenium] EXIT --> (_getByLocator)
14:39:17,028 INFO  [BrowserSelenium] ENTER --> (_getByLocator)
14:39:17,028 INFO  [BrowserSelenium] (_getByLocator) -> Getting locator for null
14:39:17,028 INFO  [BrowserSelenium] (_getByLocator) -> Locator info found for XPATH attribute as: (//span[text()='Customers'])[2]
14:39:17,028 INFO  [BrowserSelenium] ENTER --> (_parseElementOnXpath)
14:39:17,028 INFO  [BrowserSelenium] (_parseElementOnXpath) -> (//span[text()='Customers'])[2] is used
14:39:17,029 INFO  [BrowserSelenium] EXIT --> (_parseElementOnXpath)
14:39:17,029 INFO  [BrowserSelenium] EXIT --> (_getByLocator)
14:39:17,046 INFO  [BrowserSelenium] ENTER --> (_getByLocator)
14:39:17,046 INFO  [BrowserSelenium] (_getByLocator) -> Getting locator for null
14:39:17,046 INFO  [BrowserSelenium] (_getByLocator) -> Locator info found for XPATH attribute as: (//span[text()='Customers'])[2]
14:39:17,046 INFO  [BrowserSelenium] ENTER --> (_parseElementOnXpath)
14:39:17,046 INFO  [BrowserSelenium] (_parseElementOnXpath) -> (//span[text()='Customers'])[2] is used
14:39:17,046 INFO  [BrowserSelenium] EXIT --> (_parseElementOnXpath)
14:39:17,046 INFO  [BrowserSelenium] EXIT --> (_getByLocator)
14:39:17,063 INFO  [BrowserSelenium] ENTER --> (_getByLocator)
14:39:17,064 INFO  [BrowserSelenium] (_getByLocator) -> Getting locator for null
14:39:17,064 INFO  [BrowserSelenium] (_getByLocator) -> Locator info found for XPATH attribute as: (//span[text()='Customers'])[2]
14:39:17,064 INFO  [BrowserSelenium] ENTER --> (_parseElementOnXpath)
14:39:17,064 INFO  [BrowserSelenium] (_parseElementOnXpath) -> (//span[text()='Customers'])[2] is used
14:39:17,064 INFO  [BrowserSelenium] EXIT --> (_parseElementOnXpath)
14:39:17,065 INFO  [BrowserSelenium] EXIT --> (_getByLocator)
14:39:17,081 INFO  [BrowserSelenium] ENTER --> (_getByLocator)
14:39:17,081 INFO  [BrowserSelenium] (_getByLocator) -> Getting locator for null
14:39:17,081 INFO  [BrowserSelenium] (_getByLocator) -> Locator info found for XPATH attribute as: (//span[text()='Customers'])[2]
14:39:17,082 INFO  [BrowserSelenium] ENTER --> (_parseElementOnXpath)
14:39:17,082 INFO  [BrowserSelenium] (_parseElementOnXpath) -> (//span[text()='Customers'])[2] is used
14:39:17,082 INFO  [BrowserSelenium] EXIT --> (_parseElementOnXpath)
14:39:17,082 INFO  [BrowserSelenium] EXIT --> (_getByLocator)
14:39:17,098 INFO  [BrowserSelenium] ENTER --> (_getByLocator)
14:39:17,099 INFO  [BrowserSelenium] (_getByLocator) -> Getting locator for null
14:39:17,099 INFO  [BrowserSelenium] (_getByLocator) -> Locator info found for XPATH attribute as: (//span[text()='Customers'])[2]
14:39:17,099 INFO  [BrowserSelenium] ENTER --> (_parseElementOnXpath)
14:39:17,099 INFO  [BrowserSelenium] (_parseElementOnXpath) -> (//span[text()='Customers'])[2] is used
14:39:17,099 INFO  [BrowserSelenium] EXIT --> (_parseElementOnXpath)
14:39:17,099 INFO  [BrowserSelenium] EXIT --> (_getByLocator)
14:39:17,116 INFO  [BrowserSelenium] ENTER --> (_getByLocator)
14:39:17,116 INFO  [BrowserSelenium] (_getByLocator) -> Getting locator for null
14:39:17,116 INFO  [BrowserSelenium] (_getByLocator) -> Locator info found for XPATH attribute as: (//span[text()='Customers'])[2]
14:39:17,116 INFO  [BrowserSelenium] ENTER --> (_parseElementOnXpath)
14:39:17,116 INFO  [BrowserSelenium] (_parseElementOnXpath) -> (//span[text()='Customers'])[2] is used
14:39:17,116 INFO  [BrowserSelenium] EXIT --> (_parseElementOnXpath)
14:39:17,116 INFO  [BrowserSelenium] EXIT --> (_getByLocator)
14:39:17,133 INFO  [BrowserSelenium] ENTER --> (_getByLocator)
14:39:17,133 INFO  [BrowserSelenium] (_getByLocator) -> Getting locator for null
14:39:17,133 INFO  [BrowserSelenium] (_getByLocator) -> Locator info found for XPATH attribute as: (//span[text()='Customers'])[2]
14:39:17,133 INFO  [BrowserSelenium] ENTER --> (_parseElementOnXpath)
14:39:17,133 INFO  [BrowserSelenium] (_parseElementOnXpath) -> (//span[text()='Customers'])[2] is used
14:39:17,134 INFO  [BrowserSelenium] EXIT --> (_parseElementOnXpath)
14:39:17,134 INFO  [BrowserSelenium] EXIT --> (_getByLocator)
14:39:17,151 INFO  [BrowserSelenium] ENTER --> (_getByLocator)
14:39:17,152 INFO  [BrowserSelenium] (_getByLocator) -> Getting locator for null
14:39:17,152 INFO  [BrowserSelenium] (_getByLocator) -> Locator info found for XPATH attribute as: (//span[text()='Customers'])[2]
14:39:17,152 INFO  [BrowserSelenium] ENTER --> (_parseElementOnXpath)
14:39:17,152 INFO  [BrowserSelenium] (_parseElementOnXpath) -> (//span[text()='Customers'])[2] is used
14:39:17,152 INFO  [BrowserSelenium] EXIT --> (_parseElementOnXpath)
14:39:17,152 INFO  [BrowserSelenium] EXIT --> (_getByLocator)
14:39:17,169 INFO  [BrowserSelenium] ENTER --> (_getByLocator)
14:39:17,169 INFO  [BrowserSelenium] (_getByLocator) -> Getting locator for null
14:39:17,169 INFO  [BrowserSelenium] (_getByLocator) -> Locator info found for XPATH attribute as: (//span[text()='Customers'])[2]
14:39:17,169 INFO  [BrowserSelenium] ENTER --> (_parseElementOnXpath)
14:39:17,169 INFO  [BrowserSelenium] (_parseElementOnXpath) -> (//span[text()='Customers'])[2] is used
14:39:17,169 INFO  [BrowserSelenium] EXIT --> (_parseElementOnXpath)
14:39:17,169 INFO  [BrowserSelenium] EXIT --> (_getByLocator)
14:39:17,188 INFO  [BrowserSelenium] ENTER --> (_getByLocator)
14:39:17,188 INFO  [BrowserSelenium] (_getByLocator) -> Getting locator for null
14:39:17,188 INFO  [BrowserSelenium] (_getByLocator) -> Locator info found for XPATH attribute as: (//span[text()='Customers'])[2]
14:39:17,188 INFO  [BrowserSelenium] ENTER --> (_parseElementOnXpath)
14:39:17,188 INFO  [BrowserSelenium] (_parseElementOnXpath) -> (//span[text()='Customers'])[2] is used
14:39:17,189 INFO  [BrowserSelenium] EXIT --> (_parseElementOnXpath)
14:39:17,189 INFO  [BrowserSelenium] EXIT --> (_getByLocator)
14:39:17,205 INFO  [BrowserSelenium] ENTER --> (_getByLocator)
14:39:17,206 INFO  [BrowserSelenium] (_getByLocator) -> Getting locator for null
14:39:17,206 INFO  [BrowserSelenium] (_getByLocator) -> Locator info found for XPATH attribute as: (//span[text()='Customers'])[2]
14:39:17,206 INFO  [BrowserSelenium] ENTER --> (_parseElementOnXpath)
14:39:17,206 INFO  [BrowserSelenium] (_parseElementOnXpath) -> (//span[text()='Customers'])[2] is used
14:39:17,206 INFO  [BrowserSelenium] EXIT --> (_parseElementOnXpath)
14:39:17,206 INFO  [BrowserSelenium] EXIT --> (_getByLocator)
14:39:17,223 INFO  [BrowserSelenium] ENTER --> (_getByLocator)
14:39:17,223 INFO  [BrowserSelenium] (_getByLocator) -> Getting locator for null
14:39:17,223 INFO  [BrowserSelenium] (_getByLocator) -> Locator info found for XPATH attribute as: (//span[text()='Customers'])[2]
14:39:17,223 INFO  [BrowserSelenium] ENTER --> (_parseElementOnXpath)
14:39:17,223 INFO  [BrowserSelenium] (_parseElementOnXpath) -> (//span[text()='Customers'])[2] is used
14:39:17,223 INFO  [BrowserSelenium] EXIT --> (_parseElementOnXpath)
14:39:17,223 INFO  [BrowserSelenium] EXIT --> (_getByLocator)
14:39:17,240 INFO  [BrowserSelenium] ENTER --> (_getByLocator)
14:39:17,240 INFO  [BrowserSelenium] (_getByLocator) -> Getting locator for null
14:39:17,241 INFO  [BrowserSelenium] (_getByLocator) -> Locator info found for XPATH attribute as: (//span[text()='Customers'])[2]
14:39:17,241 INFO  [BrowserSelenium] ENTER --> (_parseElementOnXpath)
14:39:17,241 INFO  [BrowserSelenium] (_parseElementOnXpath) -> (//span[text()='Customers'])[2] is used
14:39:17,241 INFO  [BrowserSelenium] EXIT --> (_parseElementOnXpath)
14:39:17,241 INFO  [BrowserSelenium] EXIT --> (_getByLocator)
14:39:17,258 INFO  [BrowserSelenium] ENTER --> (_getByLocator)
14:39:17,258 INFO  [BrowserSelenium] (_getByLocator) -> Getting locator for null
14:39:17,258 INFO  [BrowserSelenium] (_getByLocator) -> Locator info found for XPATH attribute as: (//span[text()='Customers'])[2]
14:39:17,258 INFO  [BrowserSelenium] ENTER --> (_parseElementOnXpath)
14:39:17,259 INFO  [BrowserSelenium] (_parseElementOnXpath) -> (//span[text()='Customers'])[2] is used
14:39:17,259 INFO  [BrowserSelenium] EXIT --> (_parseElementOnXpath)
14:39:17,259 INFO  [BrowserSelenium] EXIT --> (_getByLocator)
14:39:17,275 INFO  [BrowserSelenium] ENTER --> (_getByLocator)
14:39:17,275 INFO  [BrowserSelenium] (_getByLocator) -> Getting locator for null
14:39:17,276 INFO  [BrowserSelenium] (_getByLocator) -> Locator info found for XPATH attribute as: (//span[text()='Customers'])[2]
14:39:17,276 INFO  [BrowserSelenium] ENTER --> (_parseElementOnXpath)
14:39:17,276 INFO  [BrowserSelenium] (_parseElementOnXpath) -> (//span[text()='Customers'])[2] is used
14:39:17,276 INFO  [BrowserSelenium] EXIT --> (_parseElementOnXpath)
14:39:17,276 INFO  [BrowserSelenium] EXIT --> (_getByLocator)
14:39:17,293 INFO  [BrowserSelenium] ENTER --> (_getByLocator)
14:39:17,293 INFO  [BrowserSelenium] (_getByLocator) -> Getting locator for null
14:39:17,293 INFO  [BrowserSelenium] (_getByLocator) -> Locator info found for XPATH attribute as: (//span[text()='Customers'])[2]
14:39:17,293 INFO  [BrowserSelenium] ENTER --> (_parseElementOnXpath)
14:39:17,293 INFO  [BrowserSelenium] (_parseElementOnXpath) -> (//span[text()='Customers'])[2] is used
14:39:17,293 INFO  [BrowserSelenium] EXIT --> (_parseElementOnXpath)
14:39:17,293 INFO  [BrowserSelenium] EXIT --> (_getByLocator)
14:39:17,310 INFO  [BrowserSelenium] ENTER --> (_getByLocator)
14:39:17,310 INFO  [BrowserSelenium] (_getByLocator) -> Getting locator for null
14:39:17,310 INFO  [BrowserSelenium] (_getByLocator) -> Locator info found for XPATH attribute as: (//span[text()='Customers'])[2]
14:39:17,310 INFO  [BrowserSelenium] ENTER --> (_parseElementOnXpath)
14:39:17,310 INFO  [BrowserSelenium] (_parseElementOnXpath) -> (//span[text()='Customers'])[2] is used
14:39:17,310 INFO  [BrowserSelenium] EXIT --> (_parseElementOnXpath)
14:39:17,311 INFO  [BrowserSelenium] EXIT --> (_getByLocator)
14:39:17,329 INFO  [BrowserSelenium] ENTER --> (_getByLocator)
14:39:17,329 INFO  [BrowserSelenium] (_getByLocator) -> Getting locator for null
14:39:17,329 INFO  [BrowserSelenium] (_getByLocator) -> Locator info found for XPATH attribute as: (//span[text()='Customers'])[2]
14:39:17,329 INFO  [BrowserSelenium] ENTER --> (_parseElementOnXpath)
14:39:17,330 INFO  [BrowserSelenium] (_parseElementOnXpath) -> (//span[text()='Customers'])[2] is used
14:39:17,330 INFO  [BrowserSelenium] EXIT --> (_parseElementOnXpath)
14:39:17,330 INFO  [BrowserSelenium] EXIT --> (_getByLocator)
14:39:17,347 INFO  [BrowserSelenium] ENTER --> (_getByLocator)
14:39:17,348 INFO  [BrowserSelenium] (_getByLocator) -> Getting locator for null
14:39:17,348 INFO  [BrowserSelenium] (_getByLocator) -> Locator info found for XPATH attribute as: (//span[text()='Customers'])[2]
14:39:17,348 INFO  [BrowserSelenium] ENTER --> (_parseElementOnXpath)
14:39:17,348 INFO  [BrowserSelenium] (_parseElementOnXpath) -> (//span[text()='Customers'])[2] is used
14:39:17,348 INFO  [BrowserSelenium] EXIT --> (_parseElementOnXpath)
14:39:17,348 INFO  [BrowserSelenium] EXIT --> (_getByLocator)
14:39:17,365 INFO  [BrowserSelenium] ENTER --> (_getByLocator)
14:39:17,365 INFO  [BrowserSelenium] (_getByLocator) -> Getting locator for null
14:39:17,365 INFO  [BrowserSelenium] (_getByLocator) -> Locator info found for XPATH attribute as: (//span[text()='Customers'])[2]
14:39:17,365 INFO  [BrowserSelenium] ENTER --> (_parseElementOnXpath)
14:39:17,365 INFO  [BrowserSelenium] (_parseElementOnXpath) -> (//span[text()='Customers'])[2] is used
14:39:17,365 INFO  [BrowserSelenium] EXIT --> (_parseElementOnXpath)
14:39:17,365 INFO  [BrowserSelenium] EXIT --> (_getByLocator)
14:39:17,382 INFO  [BrowserSelenium] ENTER --> (_getByLocator)
14:39:17,382 INFO  [BrowserSelenium] (_getByLocator) -> Getting locator for null
14:39:17,382 INFO  [BrowserSelenium] (_getByLocator) -> Locator info found for XPATH attribute as: (//span[text()='Customers'])[2]
14:39:17,382 INFO  [BrowserSelenium] ENTER --> (_parseElementOnXpath)
14:39:17,382 INFO  [BrowserSelenium] (_parseElementOnXpath) -> (//span[text()='Customers'])[2] is used
14:39:17,382 INFO  [BrowserSelenium] EXIT --> (_parseElementOnXpath)
14:39:17,383 INFO  [BrowserSelenium] EXIT --> (_getByLocator)
14:39:17,399 INFO  [BrowserSelenium] ENTER --> (_getByLocator)
14:39:17,399 INFO  [BrowserSelenium] (_getByLocator) -> Getting locator for null
14:39:17,400 INFO  [BrowserSelenium] (_getByLocator) -> Locator info found for XPATH attribute as: (//span[text()='Customers'])[2]
14:39:17,400 INFO  [BrowserSelenium] ENTER --> (_parseElementOnXpath)
14:39:17,400 INFO  [BrowserSelenium] (_parseElementOnXpath) -> (//span[text()='Customers'])[2] is used
14:39:17,400 INFO  [BrowserSelenium] EXIT --> (_parseElementOnXpath)
14:39:17,400 INFO  [BrowserSelenium] EXIT --> (_getByLocator)
14:39:17,416 INFO  [BrowserSelenium] ENTER --> (_getByLocator)
14:39:17,417 INFO  [BrowserSelenium] (_getByLocator) -> Getting locator for null
14:39:17,417 INFO  [BrowserSelenium] (_getByLocator) -> Locator info found for XPATH attribute as: (//span[text()='Customers'])[2]
14:39:17,417 INFO  [BrowserSelenium] ENTER --> (_parseElementOnXpath)
14:39:17,417 INFO  [BrowserSelenium] (_parseElementOnXpath) -> (//span[text()='Customers'])[2] is used
14:39:17,417 INFO  [BrowserSelenium] EXIT --> (_parseElementOnXpath)
14:39:17,417 INFO  [BrowserSelenium] EXIT --> (_getByLocator)
14:39:17,435 INFO  [BrowserSelenium] ENTER --> (_getByLocator)
14:39:17,435 INFO  [BrowserSelenium] (_getByLocator) -> Getting locator for null
14:39:17,435 INFO  [BrowserSelenium] (_getByLocator) -> Locator info found for XPATH attribute as: (//span[text()='Customers'])[2]
14:39:17,436 INFO  [BrowserSelenium] ENTER --> (_parseElementOnXpath)
14:39:17,436 INFO  [BrowserSelenium] (_parseElementOnXpath) -> (//span[text()='Customers'])[2] is used
14:39:17,436 INFO  [BrowserSelenium] EXIT --> (_parseElementOnXpath)
14:39:17,436 INFO  [BrowserSelenium] EXIT --> (_getByLocator)
14:39:17,453 INFO  [BrowserSelenium] ENTER --> (_getByLocator)
14:39:17,453 INFO  [BrowserSelenium] (_getByLocator) -> Getting locator for null
14:39:17,453 INFO  [BrowserSelenium] (_getByLocator) -> Locator info found for XPATH attribute as: (//span[text()='Customers'])[2]
14:39:17,453 INFO  [BrowserSelenium] ENTER --> (_parseElementOnXpath)
14:39:17,453 INFO  [BrowserSelenium] (_parseElementOnXpath) -> (//span[text()='Customers'])[2] is used
14:39:17,453 INFO  [BrowserSelenium] EXIT --> (_parseElementOnXpath)
14:39:17,453 INFO  [BrowserSelenium] EXIT --> (_getByLocator)
14:39:17,470 INFO  [BrowserSelenium] ENTER --> (_getByLocator)
14:39:17,470 INFO  [BrowserSelenium] (_getByLocator) -> Getting locator for null
14:39:17,470 INFO  [BrowserSelenium] (_getByLocator) -> Locator info found for XPATH attribute as: (//span[text()='Customers'])[2]
14:39:17,471 INFO  [BrowserSelenium] ENTER --> (_parseElementOnXpath)
14:39:17,471 INFO  [BrowserSelenium] (_parseElementOnXpath) -> (//span[text()='Customers'])[2] is used
14:39:17,471 INFO  [BrowserSelenium] EXIT --> (_parseElementOnXpath)
14:39:17,471 INFO  [BrowserSelenium] EXIT --> (_getByLocator)
14:39:17,488 INFO  [BrowserSelenium] ENTER --> (_getByLocator)
14:39:17,489 INFO  [BrowserSelenium] (_getByLocator) -> Getting locator for null
14:39:17,489 INFO  [BrowserSelenium] (_getByLocator) -> Locator info found for XPATH attribute as: (//span[text()='Customers'])[2]
14:39:17,489 INFO  [BrowserSelenium] ENTER --> (_parseElementOnXpath)
14:39:17,489 INFO  [BrowserSelenium] (_parseElementOnXpath) -> (//span[text()='Customers'])[2] is used
14:39:17,489 INFO  [BrowserSelenium] EXIT --> (_parseElementOnXpath)
14:39:17,489 INFO  [BrowserSelenium] EXIT --> (_getByLocator)
14:39:17,508 INFO  [BrowserSelenium] ENTER --> (_getByLocator)
14:39:17,509 INFO  [BrowserSelenium] (_getByLocator) -> Getting locator for null
14:39:17,509 INFO  [BrowserSelenium] (_getByLocator) -> Locator info found for XPATH attribute as: (//span[text()='Customers'])[2]
14:39:17,509 INFO  [BrowserSelenium] ENTER --> (_parseElementOnXpath)
14:39:17,509 INFO  [BrowserSelenium] (_parseElementOnXpath) -> (//span[text()='Customers'])[2] is used
14:39:17,509 INFO  [BrowserSelenium] EXIT --> (_parseElementOnXpath)
14:39:17,509 INFO  [BrowserSelenium] EXIT --> (_getByLocator)
14:39:17,531 INFO  [BrowserSelenium] ENTER --> (_getByLocator)
14:39:17,531 INFO  [BrowserSelenium] (_getByLocator) -> Getting locator for null
14:39:17,531 INFO  [BrowserSelenium] (_getByLocator) -> Locator info found for XPATH attribute as: (//span[text()='Customers'])[2]
14:39:17,531 INFO  [BrowserSelenium] ENTER --> (_parseElementOnXpath)
14:39:17,532 INFO  [BrowserSelenium] (_parseElementOnXpath) -> (//span[text()='Customers'])[2] is used
14:39:17,532 INFO  [BrowserSelenium] EXIT --> (_parseElementOnXpath)
14:39:17,532 INFO  [BrowserSelenium] EXIT --> (_getByLocator)
14:39:17,557 INFO  [BrowserSelenium] ENTER --> (_getByLocator)
14:39:17,557 INFO  [BrowserSelenium] (_getByLocator) -> Getting locator for null
14:39:17,557 INFO  [BrowserSelenium] (_getByLocator) -> Locator info found for XPATH attribute as: (//span[text()='Customers'])[2]
14:39:17,557 INFO  [BrowserSelenium] ENTER --> (_parseElementOnXpath)
14:39:17,557 INFO  [BrowserSelenium] (_parseElementOnXpath) -> (//span[text()='Customers'])[2] is used
14:39:17,558 INFO  [BrowserSelenium] EXIT --> (_parseElementOnXpath)
14:39:17,558 INFO  [BrowserSelenium] EXIT --> (_getByLocator)
14:39:17,597 INFO  [BrowserSelenium] ENTER --> (_getByLocator)
14:39:17,598 INFO  [BrowserSelenium] (_getByLocator) -> Getting locator for null
14:39:17,598 INFO  [BrowserSelenium] (_getByLocator) -> Locator info found for XPATH attribute as: (//span[text()='Customers'])[2]
14:39:17,598 INFO  [BrowserSelenium] ENTER --> (_parseElementOnXpath)
14:39:17,598 INFO  [BrowserSelenium] (_parseElementOnXpath) -> (//span[text()='Customers'])[2] is used
14:39:17,598 INFO  [BrowserSelenium] EXIT --> (_parseElementOnXpath)
14:39:17,599 INFO  [BrowserSelenium] EXIT --> (_getByLocator)
14:39:17,624 INFO  [BrowserSelenium] ENTER --> (_getByLocator)
14:39:17,624 INFO  [BrowserSelenium] (_getByLocator) -> Getting locator for null
14:39:17,624 INFO  [BrowserSelenium] (_getByLocator) -> Locator info found for XPATH attribute as: (//span[text()='Customers'])[2]
14:39:17,624 INFO  [BrowserSelenium] ENTER --> (_parseElementOnXpath)
14:39:17,624 INFO  [BrowserSelenium] (_parseElementOnXpath) -> (//span[text()='Customers'])[2] is used
14:39:17,624 INFO  [BrowserSelenium] EXIT --> (_parseElementOnXpath)
14:39:17,625 INFO  [BrowserSelenium] EXIT --> (_getByLocator)
14:39:17,648 INFO  [BrowserSelenium] ENTER --> (_getByLocator)
14:39:17,649 INFO  [BrowserSelenium] (_getByLocator) -> Getting locator for null
14:39:17,649 INFO  [BrowserSelenium] (_getByLocator) -> Locator info found for XPATH attribute as: (//span[text()='Customers'])[2]
14:39:17,649 INFO  [BrowserSelenium] ENTER --> (_parseElementOnXpath)
14:39:17,649 INFO  [BrowserSelenium] (_parseElementOnXpath) -> (//span[text()='Customers'])[2] is used
14:39:17,649 INFO  [BrowserSelenium] EXIT --> (_parseElementOnXpath)
14:39:17,649 INFO  [BrowserSelenium] EXIT --> (_getByLocator)
14:39:17,678 INFO  [BrowserSelenium] ENTER --> (_getByLocator)
14:39:17,678 INFO  [BrowserSelenium] (_getByLocator) -> Getting locator for null
14:39:17,678 INFO  [BrowserSelenium] (_getByLocator) -> Locator info found for XPATH attribute as: (//span[text()='Customers'])[2]
14:39:17,678 INFO  [BrowserSelenium] ENTER --> (_parseElementOnXpath)
14:39:17,678 INFO  [BrowserSelenium] (_parseElementOnXpath) -> (//span[text()='Customers'])[2] is used
14:39:17,678 INFO  [BrowserSelenium] EXIT --> (_parseElementOnXpath)
14:39:17,679 INFO  [BrowserSelenium] EXIT --> (_getByLocator)
14:39:17,702 INFO  [BrowserSelenium] ENTER --> (_getByLocator)
14:39:17,702 INFO  [BrowserSelenium] (_getByLocator) -> Getting locator for null
14:39:17,703 INFO  [BrowserSelenium] (_getByLocator) -> Locator info found for XPATH attribute as: (//span[text()='Customers'])[2]
14:39:17,703 INFO  [BrowserSelenium] ENTER --> (_parseElementOnXpath)
14:39:17,703 INFO  [BrowserSelenium] (_parseElementOnXpath) -> (//span[text()='Customers'])[2] is used
14:39:17,703 INFO  [BrowserSelenium] EXIT --> (_parseElementOnXpath)
14:39:17,703 INFO  [BrowserSelenium] EXIT --> (_getByLocator)
14:39:17,727 INFO  [BrowserSelenium] ENTER --> (_getByLocator)
14:39:17,728 INFO  [BrowserSelenium] (_getByLocator) -> Getting locator for null
14:39:17,728 INFO  [BrowserSelenium] (_getByLocator) -> Locator info found for XPATH attribute as: (//span[text()='Customers'])[2]
14:39:17,728 INFO  [BrowserSelenium] ENTER --> (_parseElementOnXpath)
14:39:17,728 INFO  [BrowserSelenium] (_parseElementOnXpath) -> (//span[text()='Customers'])[2] is used
14:39:17,728 INFO  [BrowserSelenium] EXIT --> (_parseElementOnXpath)
14:39:17,728 INFO  [BrowserSelenium] EXIT --> (_getByLocator)
14:39:17,752 INFO  [BrowserSelenium] ENTER --> (_getByLocator)
14:39:17,753 INFO  [BrowserSelenium] (_getByLocator) -> Getting locator for null
14:39:17,753 INFO  [BrowserSelenium] (_getByLocator) -> Locator info found for XPATH attribute as: (//span[text()='Customers'])[2]
14:39:17,753 INFO  [BrowserSelenium] ENTER --> (_parseElementOnXpath)
14:39:17,753 INFO  [BrowserSelenium] (_parseElementOnXpath) -> (//span[text()='Customers'])[2] is used
14:39:17,753 INFO  [BrowserSelenium] EXIT --> (_parseElementOnXpath)
14:39:17,753 INFO  [BrowserSelenium] EXIT --> (_getByLocator)
14:39:17,775 INFO  [BrowserSelenium] ENTER --> (_getByLocator)
14:39:17,775 INFO  [BrowserSelenium] (_getByLocator) -> Getting locator for null
14:39:17,776 INFO  [BrowserSelenium] (_getByLocator) -> Locator info found for XPATH attribute as: (//span[text()='Customers'])[2]
14:39:17,776 INFO  [BrowserSelenium] ENTER --> (_parseElementOnXpath)
14:39:17,776 INFO  [BrowserSelenium] (_parseElementOnXpath) -> (//span[text()='Customers'])[2] is used
14:39:17,776 INFO  [BrowserSelenium] EXIT --> (_parseElementOnXpath)
14:39:17,776 INFO  [BrowserSelenium] EXIT --> (_getByLocator)
14:39:17,800 INFO  [BrowserSelenium] ENTER --> (_getByLocator)
14:39:17,800 INFO  [BrowserSelenium] (_getByLocator) -> Getting locator for null
14:39:17,800 INFO  [BrowserSelenium] (_getByLocator) -> Locator info found for XPATH attribute as: (//span[text()='Customers'])[2]
14:39:17,800 INFO  [BrowserSelenium] ENTER --> (_parseElementOnXpath)
14:39:17,800 INFO  [BrowserSelenium] (_parseElementOnXpath) -> (//span[text()='Customers'])[2] is used
14:39:17,800 INFO  [BrowserSelenium] EXIT --> (_parseElementOnXpath)
14:39:17,801 INFO  [BrowserSelenium] EXIT --> (_getByLocator)
14:39:17,825 INFO  [BrowserSelenium] ENTER --> (_getByLocator)
14:39:17,825 INFO  [BrowserSelenium] (_getByLocator) -> Getting locator for null
14:39:17,825 INFO  [BrowserSelenium] (_getByLocator) -> Locator info found for XPATH attribute as: (//span[text()='Customers'])[2]
14:39:17,825 INFO  [BrowserSelenium] ENTER --> (_parseElementOnXpath)
14:39:17,826 INFO  [BrowserSelenium] (_parseElementOnXpath) -> (//span[text()='Customers'])[2] is used
14:39:17,826 INFO  [BrowserSelenium] EXIT --> (_parseElementOnXpath)
14:39:17,826 INFO  [BrowserSelenium] EXIT --> (_getByLocator)
14:39:17,851 INFO  [BrowserSelenium] ENTER --> (_getByLocator)
14:39:17,852 INFO  [BrowserSelenium] (_getByLocator) -> Getting locator for null
14:39:17,852 INFO  [BrowserSelenium] (_getByLocator) -> Locator info found for XPATH attribute as: (//span[text()='Customers'])[2]
14:39:17,852 INFO  [BrowserSelenium] ENTER --> (_parseElementOnXpath)
14:39:17,852 INFO  [BrowserSelenium] (_parseElementOnXpath) -> (//span[text()='Customers'])[2] is used
14:39:17,852 INFO  [BrowserSelenium] EXIT --> (_parseElementOnXpath)
14:39:17,852 INFO  [BrowserSelenium] EXIT --> (_getByLocator)
14:39:17,876 INFO  [BrowserSelenium] ENTER --> (_getByLocator)
14:39:17,877 INFO  [BrowserSelenium] (_getByLocator) -> Getting locator for null
14:39:17,877 INFO  [BrowserSelenium] (_getByLocator) -> Locator info found for XPATH attribute as: (//span[text()='Customers'])[2]
14:39:17,877 INFO  [BrowserSelenium] ENTER --> (_parseElementOnXpath)
14:39:17,877 INFO  [BrowserSelenium] (_parseElementOnXpath) -> (//span[text()='Customers'])[2] is used
14:39:17,877 INFO  [BrowserSelenium] EXIT --> (_parseElementOnXpath)
14:39:17,877 INFO  [BrowserSelenium] EXIT --> (_getByLocator)
14:39:17,897 INFO  [BrowserSelenium] ENTER --> (_getByLocator)
14:39:17,897 INFO  [BrowserSelenium] (_getByLocator) -> Getting locator for null
14:39:17,897 INFO  [BrowserSelenium] (_getByLocator) -> Locator info found for XPATH attribute as: (//span[text()='Customers'])[2]
14:39:17,897 INFO  [BrowserSelenium] ENTER --> (_parseElementOnXpath)
14:39:17,897 INFO  [BrowserSelenium] (_parseElementOnXpath) -> (//span[text()='Customers'])[2] is used
14:39:17,897 INFO  [BrowserSelenium] EXIT --> (_parseElementOnXpath)
14:39:17,898 INFO  [BrowserSelenium] EXIT --> (_getByLocator)
14:39:17,916 INFO  [BrowserSelenium] ENTER --> (_getByLocator)
14:39:17,916 INFO  [BrowserSelenium] (_getByLocator) -> Getting locator for null
14:39:17,916 INFO  [BrowserSelenium] (_getByLocator) -> Locator info found for XPATH attribute as: (//span[text()='Customers'])[2]
14:39:17,916 INFO  [BrowserSelenium] ENTER --> (_parseElementOnXpath)
14:39:17,916 INFO  [BrowserSelenium] (_parseElementOnXpath) -> (//span[text()='Customers'])[2] is used
14:39:17,916 INFO  [BrowserSelenium] EXIT --> (_parseElementOnXpath)
14:39:17,916 INFO  [BrowserSelenium] EXIT --> (_getByLocator)
14:39:17,934 INFO  [BrowserSelenium] ENTER --> (_getByLocator)
14:39:17,934 INFO  [BrowserSelenium] (_getByLocator) -> Getting locator for null
14:39:17,934 INFO  [BrowserSelenium] (_getByLocator) -> Locator info found for XPATH attribute as: (//span[text()='Customers'])[2]
14:39:17,935 INFO  [BrowserSelenium] ENTER --> (_parseElementOnXpath)
14:39:17,935 INFO  [BrowserSelenium] (_parseElementOnXpath) -> (//span[text()='Customers'])[2] is used
14:39:17,935 INFO  [BrowserSelenium] EXIT --> (_parseElementOnXpath)
14:39:17,935 INFO  [BrowserSelenium] EXIT --> (_getByLocator)
14:39:17,952 INFO  [BrowserSelenium] ENTER --> (_getByLocator)
14:39:17,952 INFO  [BrowserSelenium] (_getByLocator) -> Getting locator for null
14:39:17,952 INFO  [BrowserSelenium] (_getByLocator) -> Locator info found for XPATH attribute as: (//span[text()='Customers'])[2]
14:39:17,953 INFO  [BrowserSelenium] ENTER --> (_parseElementOnXpath)
14:39:17,953 INFO  [BrowserSelenium] (_parseElementOnXpath) -> (//span[text()='Customers'])[2] is used
14:39:17,953 INFO  [BrowserSelenium] EXIT --> (_parseElementOnXpath)
14:39:17,953 INFO  [BrowserSelenium] EXIT --> (_getByLocator)
14:39:17,970 INFO  [BrowserSelenium] ENTER --> (_getByLocator)
14:39:17,970 INFO  [BrowserSelenium] (_getByLocator) -> Getting locator for null
14:39:17,970 INFO  [BrowserSelenium] (_getByLocator) -> Locator info found for XPATH attribute as: (//span[text()='Customers'])[2]
14:39:17,971 INFO  [BrowserSelenium] ENTER --> (_parseElementOnXpath)
14:39:17,971 INFO  [BrowserSelenium] (_parseElementOnXpath) -> (//span[text()='Customers'])[2] is used
14:39:17,971 INFO  [BrowserSelenium] EXIT --> (_parseElementOnXpath)
14:39:17,971 INFO  [BrowserSelenium] EXIT --> (_getByLocator)
14:39:18,023 INFO  [BrowserSelenium] ENTER --> (_getByLocator)
14:39:18,024 INFO  [BrowserSelenium] (_getByLocator) -> Getting locator for null
14:39:18,024 INFO  [BrowserSelenium] (_getByLocator) -> Locator info found for XPATH attribute as: (//span[text()='Customers'])[2]
14:39:18,024 INFO  [BrowserSelenium] ENTER --> (_parseElementOnXpath)
14:39:18,024 INFO  [BrowserSelenium] (_parseElementOnXpath) -> (//span[text()='Customers'])[2] is used
14:39:18,024 INFO  [BrowserSelenium] EXIT --> (_parseElementOnXpath)
14:39:18,024 INFO  [BrowserSelenium] EXIT --> (_getByLocator)
14:39:18,042 INFO  [BrowserSelenium] ENTER --> (_getByLocator)
14:39:18,042 INFO  [BrowserSelenium] (_getByLocator) -> Getting locator for null
14:39:18,042 INFO  [BrowserSelenium] (_getByLocator) -> Locator info found for XPATH attribute as: (//span[text()='Customers'])[2]
14:39:18,042 INFO  [BrowserSelenium] ENTER --> (_parseElementOnXpath)
14:39:18,042 INFO  [BrowserSelenium] (_parseElementOnXpath) -> (//span[text()='Customers'])[2] is used
14:39:18,042 INFO  [BrowserSelenium] EXIT --> (_parseElementOnXpath)
14:39:18,043 INFO  [BrowserSelenium] EXIT --> (_getByLocator)
14:39:18,060 INFO  [BrowserSelenium] ENTER --> (_getByLocator)
14:39:18,060 INFO  [BrowserSelenium] (_getByLocator) -> Getting locator for null
14:39:18,061 INFO  [BrowserSelenium] (_getByLocator) -> Locator info found for XPATH attribute as: (//span[text()='Customers'])[2]
14:39:18,061 INFO  [BrowserSelenium] ENTER --> (_parseElementOnXpath)
14:39:18,061 INFO  [BrowserSelenium] (_parseElementOnXpath) -> (//span[text()='Customers'])[2] is used
14:39:18,061 INFO  [BrowserSelenium] EXIT --> (_parseElementOnXpath)
14:39:18,061 INFO  [BrowserSelenium] EXIT --> (_getByLocator)
14:39:18,079 INFO  [BrowserSelenium] ENTER --> (_getByLocator)
14:39:18,079 INFO  [BrowserSelenium] (_getByLocator) -> Getting locator for null
14:39:18,079 INFO  [BrowserSelenium] (_getByLocator) -> Locator info found for XPATH attribute as: (//span[text()='Customers'])[2]
14:39:18,080 INFO  [BrowserSelenium] ENTER --> (_parseElementOnXpath)
14:39:18,080 INFO  [BrowserSelenium] (_parseElementOnXpath) -> (//span[text()='Customers'])[2] is used
14:39:18,080 INFO  [BrowserSelenium] EXIT --> (_parseElementOnXpath)
14:39:18,080 INFO  [BrowserSelenium] EXIT --> (_getByLocator)
14:39:18,099 INFO  [BrowserSelenium] ENTER --> (_getByLocator)
14:39:18,100 INFO  [BrowserSelenium] (_getByLocator) -> Getting locator for null
14:39:18,100 INFO  [BrowserSelenium] (_getByLocator) -> Locator info found for XPATH attribute as: (//span[text()='Customers'])[2]
14:39:18,100 INFO  [BrowserSelenium] ENTER --> (_parseElementOnXpath)
14:39:18,100 INFO  [BrowserSelenium] (_parseElementOnXpath) -> (//span[text()='Customers'])[2] is used
14:39:18,100 INFO  [BrowserSelenium] EXIT --> (_parseElementOnXpath)
14:39:18,100 INFO  [BrowserSelenium] EXIT --> (_getByLocator)
14:39:18,120 INFO  [BrowserSelenium] ENTER --> (_getByLocator)
14:39:18,120 INFO  [BrowserSelenium] (_getByLocator) -> Getting locator for null
14:39:18,121 INFO  [BrowserSelenium] (_getByLocator) -> Locator info found for XPATH attribute as: (//span[text()='Customers'])[2]
14:39:18,121 INFO  [BrowserSelenium] ENTER --> (_parseElementOnXpath)
14:39:18,121 INFO  [BrowserSelenium] (_parseElementOnXpath) -> (//span[text()='Customers'])[2] is used
14:39:18,121 INFO  [BrowserSelenium] EXIT --> (_parseElementOnXpath)
14:39:18,121 INFO  [BrowserSelenium] EXIT --> (_getByLocator)
14:39:18,138 INFO  [BrowserSelenium] ENTER --> (_getByLocator)
14:39:18,138 INFO  [BrowserSelenium] (_getByLocator) -> Getting locator for null
14:39:18,139 INFO  [BrowserSelenium] (_getByLocator) -> Locator info found for XPATH attribute as: (//span[text()='Customers'])[2]
14:39:18,139 INFO  [BrowserSelenium] ENTER --> (_parseElementOnXpath)
14:39:18,139 INFO  [BrowserSelenium] (_parseElementOnXpath) -> (//span[text()='Customers'])[2] is used
14:39:18,139 INFO  [BrowserSelenium] EXIT --> (_parseElementOnXpath)
14:39:18,139 INFO  [BrowserSelenium] EXIT --> (_getByLocator)
14:39:18,157 INFO  [BrowserSelenium] ENTER --> (_getByLocator)
14:39:18,158 INFO  [BrowserSelenium] (_getByLocator) -> Getting locator for null
14:39:18,158 INFO  [BrowserSelenium] (_getByLocator) -> Locator info found for XPATH attribute as: (//span[text()='Customers'])[2]
14:39:18,158 INFO  [BrowserSelenium] ENTER --> (_parseElementOnXpath)
14:39:18,158 INFO  [BrowserSelenium] (_parseElementOnXpath) -> (//span[text()='Customers'])[2] is used
14:39:18,158 INFO  [BrowserSelenium] EXIT --> (_parseElementOnXpath)
14:39:18,159 INFO  [BrowserSelenium] EXIT --> (_getByLocator)
14:39:18,176 INFO  [BrowserSelenium] ENTER --> (_getByLocator)
14:39:18,176 INFO  [BrowserSelenium] (_getByLocator) -> Getting locator for null
14:39:18,176 INFO  [BrowserSelenium] (_getByLocator) -> Locator info found for XPATH attribute as: (//span[text()='Customers'])[2]
14:39:18,176 INFO  [BrowserSelenium] ENTER --> (_parseElementOnXpath)
14:39:18,176 INFO  [BrowserSelenium] (_parseElementOnXpath) -> (//span[text()='Customers'])[2] is used
14:39:18,177 INFO  [BrowserSelenium] EXIT --> (_parseElementOnXpath)
14:39:18,177 INFO  [BrowserSelenium] EXIT --> (_getByLocator)
14:39:18,194 INFO  [BrowserSelenium] ENTER --> (_getByLocator)
14:39:18,194 INFO  [BrowserSelenium] (_getByLocator) -> Getting locator for null
14:39:18,194 INFO  [BrowserSelenium] (_getByLocator) -> Locator info found for XPATH attribute as: (//span[text()='Customers'])[2]
14:39:18,195 INFO  [BrowserSelenium] ENTER --> (_parseElementOnXpath)
14:39:18,195 INFO  [BrowserSelenium] (_parseElementOnXpath) -> (//span[text()='Customers'])[2] is used
14:39:18,195 INFO  [BrowserSelenium] EXIT --> (_parseElementOnXpath)
14:39:18,195 INFO  [BrowserSelenium] EXIT --> (_getByLocator)
14:39:18,212 INFO  [BrowserSelenium] ENTER --> (_getByLocator)
14:39:18,212 INFO  [BrowserSelenium] (_getByLocator) -> Getting locator for null
14:39:18,212 INFO  [BrowserSelenium] (_getByLocator) -> Locator info found for XPATH attribute as: (//span[text()='Customers'])[2]
14:39:18,213 INFO  [BrowserSelenium] ENTER --> (_parseElementOnXpath)
14:39:18,213 INFO  [BrowserSelenium] (_parseElementOnXpath) -> (//span[text()='Customers'])[2] is used
14:39:18,213 INFO  [BrowserSelenium] EXIT --> (_parseElementOnXpath)
14:39:18,213 INFO  [BrowserSelenium] EXIT --> (_getByLocator)
14:39:18,230 INFO  [BrowserSelenium] ENTER --> (_getByLocator)
14:39:18,230 INFO  [BrowserSelenium] (_getByLocator) -> Getting locator for null
14:39:18,230 INFO  [BrowserSelenium] (_getByLocator) -> Locator info found for XPATH attribute as: (//span[text()='Customers'])[2]
14:39:18,230 INFO  [BrowserSelenium] ENTER --> (_parseElementOnXpath)
14:39:18,231 INFO  [BrowserSelenium] (_parseElementOnXpath) -> (//span[text()='Customers'])[2] is used
14:39:18,231 INFO  [BrowserSelenium] EXIT --> (_parseElementOnXpath)
14:39:18,231 INFO  [BrowserSelenium] EXIT --> (_getByLocator)
14:39:18,251 INFO  [BrowserSelenium] ENTER --> (_getByLocator)
14:39:18,251 INFO  [BrowserSelenium] (_getByLocator) -> Getting locator for null
14:39:18,251 INFO  [BrowserSelenium] (_getByLocator) -> Locator info found for XPATH attribute as: (//span[text()='Customers'])[2]
14:39:18,251 INFO  [BrowserSelenium] ENTER --> (_parseElementOnXpath)
14:39:18,251 INFO  [BrowserSelenium] (_parseElementOnXpath) -> (//span[text()='Customers'])[2] is used
14:39:18,251 INFO  [BrowserSelenium] EXIT --> (_parseElementOnXpath)
14:39:18,251 INFO  [BrowserSelenium] EXIT --> (_getByLocator)
14:39:18,268 INFO  [BrowserSelenium] ENTER --> (_getByLocator)
14:39:18,269 INFO  [BrowserSelenium] (_getByLocator) -> Getting locator for null
14:39:18,269 INFO  [BrowserSelenium] (_getByLocator) -> Locator info found for XPATH attribute as: (//span[text()='Customers'])[2]
14:39:18,269 INFO  [BrowserSelenium] ENTER --> (_parseElementOnXpath)
14:39:18,269 INFO  [BrowserSelenium] (_parseElementOnXpath) -> (//span[text()='Customers'])[2] is used
14:39:18,269 INFO  [BrowserSelenium] EXIT --> (_parseElementOnXpath)
14:39:18,269 INFO  [BrowserSelenium] EXIT --> (_getByLocator)
14:39:18,286 INFO  [BrowserSelenium] ENTER --> (_getByLocator)
14:39:18,287 INFO  [BrowserSelenium] (_getByLocator) -> Getting locator for null
14:39:18,287 INFO  [BrowserSelenium] (_getByLocator) -> Locator info found for XPATH attribute as: (//span[text()='Customers'])[2]
14:39:18,287 INFO  [BrowserSelenium] ENTER --> (_parseElementOnXpath)
14:39:18,287 INFO  [BrowserSelenium] (_parseElementOnXpath) -> (//span[text()='Customers'])[2] is used
14:39:18,287 INFO  [BrowserSelenium] EXIT --> (_parseElementOnXpath)
14:39:18,287 INFO  [BrowserSelenium] EXIT --> (_getByLocator)
14:39:18,304 INFO  [BrowserSelenium] ENTER --> (_getByLocator)
14:39:18,304 INFO  [BrowserSelenium] (_getByLocator) -> Getting locator for null
14:39:18,305 INFO  [BrowserSelenium] (_getByLocator) -> Locator info found for XPATH attribute as: (//span[text()='Customers'])[2]
14:39:18,305 INFO  [BrowserSelenium] ENTER --> (_parseElementOnXpath)
14:39:18,305 INFO  [BrowserSelenium] (_parseElementOnXpath) -> (//span[text()='Customers'])[2] is used
14:39:18,305 INFO  [BrowserSelenium] EXIT --> (_parseElementOnXpath)
14:39:18,305 INFO  [BrowserSelenium] EXIT --> (_getByLocator)
14:39:18,324 INFO  [BrowserSelenium] ENTER --> (_getByLocator)
14:39:18,325 INFO  [BrowserSelenium] (_getByLocator) -> Getting locator for null
14:39:18,325 INFO  [BrowserSelenium] (_getByLocator) -> Locator info found for XPATH attribute as: (//span[text()='Customers'])[2]
14:39:18,325 INFO  [BrowserSelenium] ENTER --> (_parseElementOnXpath)
14:39:18,325 INFO  [BrowserSelenium] (_parseElementOnXpath) -> (//span[text()='Customers'])[2] is used
14:39:18,325 INFO  [BrowserSelenium] EXIT --> (_parseElementOnXpath)
14:39:18,325 INFO  [BrowserSelenium] EXIT --> (_getByLocator)
14:39:18,343 INFO  [BrowserSelenium] ENTER --> (_getByLocator)
14:39:18,343 INFO  [BrowserSelenium] (_getByLocator) -> Getting locator for null
14:39:18,343 INFO  [BrowserSelenium] (_getByLocator) -> Locator info found for XPATH attribute as: (//span[text()='Customers'])[2]
14:39:18,344 INFO  [BrowserSelenium] ENTER --> (_parseElementOnXpath)
14:39:18,344 INFO  [BrowserSelenium] (_parseElementOnXpath) -> (//span[text()='Customers'])[2] is used
14:39:18,344 INFO  [BrowserSelenium] EXIT --> (_parseElementOnXpath)
14:39:18,344 INFO  [BrowserSelenium] EXIT --> (_getByLocator)
14:39:18,362 INFO  [BrowserSelenium] ENTER --> (_getByLocator)
14:39:18,362 INFO  [BrowserSelenium] (_getByLocator) -> Getting locator for null
14:39:18,362 INFO  [BrowserSelenium] (_getByLocator) -> Locator info found for XPATH attribute as: (//span[text()='Customers'])[2]
14:39:18,362 INFO  [BrowserSelenium] ENTER --> (_parseElementOnXpath)
14:39:18,363 INFO  [BrowserSelenium] (_parseElementOnXpath) -> (//span[text()='Customers'])[2] is used
14:39:18,363 INFO  [BrowserSelenium] EXIT --> (_parseElementOnXpath)
14:39:18,363 INFO  [BrowserSelenium] EXIT --> (_getByLocator)
14:39:18,390 INFO  [BrowserSelenium] ENTER --> (_getByLocator)
14:39:18,391 INFO  [BrowserSelenium] (_getByLocator) -> Getting locator for null
14:39:18,391 INFO  [BrowserSelenium] (_getByLocator) -> Locator info found for XPATH attribute as: (//span[text()='Customers'])[2]
14:39:18,391 INFO  [BrowserSelenium] ENTER --> (_parseElementOnXpath)
14:39:18,391 INFO  [BrowserSelenium] (_parseElementOnXpath) -> (//span[text()='Customers'])[2] is used
14:39:18,391 INFO  [BrowserSelenium] EXIT --> (_parseElementOnXpath)
14:39:18,391 INFO  [BrowserSelenium] EXIT --> (_getByLocator)
14:39:18,408 INFO  [BrowserSelenium] ENTER --> (_getByLocator)
14:39:18,409 INFO  [BrowserSelenium] (_getByLocator) -> Getting locator for null
14:39:18,409 INFO  [BrowserSelenium] (_getByLocator) -> Locator info found for XPATH attribute as: (//span[text()='Customers'])[2]
14:39:18,409 INFO  [BrowserSelenium] ENTER --> (_parseElementOnXpath)
14:39:18,409 INFO  [BrowserSelenium] (_parseElementOnXpath) -> (//span[text()='Customers'])[2] is used
14:39:18,409 INFO  [BrowserSelenium] EXIT --> (_parseElementOnXpath)
14:39:18,409 INFO  [BrowserSelenium] EXIT --> (_getByLocator)
14:39:18,426 INFO  [BrowserSelenium] ENTER --> (_getByLocator)
14:39:18,427 INFO  [BrowserSelenium] (_getByLocator) -> Getting locator for null
14:39:18,427 INFO  [BrowserSelenium] (_getByLocator) -> Locator info found for XPATH attribute as: (//span[text()='Customers'])[2]
14:39:18,427 INFO  [BrowserSelenium] ENTER --> (_parseElementOnXpath)
14:39:18,427 INFO  [BrowserSelenium] (_parseElementOnXpath) -> (//span[text()='Customers'])[2] is used
14:39:18,427 INFO  [BrowserSelenium] EXIT --> (_parseElementOnXpath)
14:39:18,427 INFO  [BrowserSelenium] EXIT --> (_getByLocator)
14:39:18,445 INFO  [BrowserSelenium] ENTER --> (_getByLocator)
14:39:18,445 INFO  [BrowserSelenium] (_getByLocator) -> Getting locator for null
14:39:18,446 INFO  [BrowserSelenium] (_getByLocator) -> Locator info found for XPATH attribute as: (//span[text()='Customers'])[2]
14:39:18,446 INFO  [BrowserSelenium] ENTER --> (_parseElementOnXpath)
14:39:18,446 INFO  [BrowserSelenium] (_parseElementOnXpath) -> (//span[text()='Customers'])[2] is used
14:39:18,446 INFO  [BrowserSelenium] EXIT --> (_parseElementOnXpath)
14:39:18,446 INFO  [BrowserSelenium] EXIT --> (_getByLocator)
14:39:18,464 INFO  [BrowserSelenium] ENTER --> (_getByLocator)
14:39:18,464 INFO  [BrowserSelenium] (_getByLocator) -> Getting locator for null
14:39:18,464 INFO  [BrowserSelenium] (_getByLocator) -> Locator info found for XPATH attribute as: (//span[text()='Customers'])[2]
14:39:18,464 INFO  [BrowserSelenium] ENTER --> (_parseElementOnXpath)
14:39:18,464 INFO  [BrowserSelenium] (_parseElementOnXpath) -> (//span[text()='Customers'])[2] is used
14:39:18,465 INFO  [BrowserSelenium] EXIT --> (_parseElementOnXpath)
14:39:18,465 INFO  [BrowserSelenium] EXIT --> (_getByLocator)
14:39:18,482 INFO  [BrowserSelenium] ENTER --> (_getByLocator)
14:39:18,482 INFO  [BrowserSelenium] (_getByLocator) -> Getting locator for null
14:39:18,482 INFO  [BrowserSelenium] (_getByLocator) -> Locator info found for XPATH attribute as: (//span[text()='Customers'])[2]
14:39:18,482 INFO  [BrowserSelenium] ENTER --> (_parseElementOnXpath)
14:39:18,482 INFO  [BrowserSelenium] (_parseElementOnXpath) -> (//span[text()='Customers'])[2] is used
14:39:18,482 INFO  [BrowserSelenium] EXIT --> (_parseElementOnXpath)
14:39:18,482 INFO  [BrowserSelenium] EXIT --> (_getByLocator)
14:39:18,501 INFO  [BrowserSelenium] ENTER --> (_getByLocator)
14:39:18,501 INFO  [BrowserSelenium] (_getByLocator) -> Getting locator for null
14:39:18,501 INFO  [BrowserSelenium] (_getByLocator) -> Locator info found for XPATH attribute as: (//span[text()='Customers'])[2]
14:39:18,501 INFO  [BrowserSelenium] ENTER --> (_parseElementOnXpath)
14:39:18,502 INFO  [BrowserSelenium] (_parseElementOnXpath) -> (//span[text()='Customers'])[2] is used
14:39:18,502 INFO  [BrowserSelenium] EXIT --> (_parseElementOnXpath)
14:39:18,502 INFO  [BrowserSelenium] EXIT --> (_getByLocator)
14:39:18,521 INFO  [BrowserSelenium] ENTER --> (_getByLocator)
14:39:18,521 INFO  [BrowserSelenium] (_getByLocator) -> Getting locator for null
14:39:18,521 INFO  [BrowserSelenium] (_getByLocator) -> Locator info found for XPATH attribute as: (//span[text()='Customers'])[2]
14:39:18,521 INFO  [BrowserSelenium] ENTER --> (_parseElementOnXpath)
14:39:18,522 INFO  [BrowserSelenium] (_parseElementOnXpath) -> (//span[text()='Customers'])[2] is used
14:39:18,522 INFO  [BrowserSelenium] EXIT --> (_parseElementOnXpath)
14:39:18,522 INFO  [BrowserSelenium] EXIT --> (_getByLocator)
14:39:18,539 INFO  [BrowserSelenium] ENTER --> (_getByLocator)
14:39:18,539 INFO  [BrowserSelenium] (_getByLocator) -> Getting locator for null
14:39:18,539 INFO  [BrowserSelenium] (_getByLocator) -> Locator info found for XPATH attribute as: (//span[text()='Customers'])[2]
14:39:18,539 INFO  [BrowserSelenium] ENTER --> (_parseElementOnXpath)
14:39:18,539 INFO  [BrowserSelenium] (_parseElementOnXpath) -> (//span[text()='Customers'])[2] is used
14:39:18,539 INFO  [BrowserSelenium] EXIT --> (_parseElementOnXpath)
14:39:18,540 INFO  [BrowserSelenium] EXIT --> (_getByLocator)
14:39:18,556 INFO  [BrowserSelenium] ENTER --> (_getByLocator)
14:39:18,557 INFO  [BrowserSelenium] (_getByLocator) -> Getting locator for null
14:39:18,557 INFO  [BrowserSelenium] (_getByLocator) -> Locator info found for XPATH attribute as: (//span[text()='Customers'])[2]
14:39:18,557 INFO  [BrowserSelenium] ENTER --> (_parseElementOnXpath)
14:39:18,557 INFO  [BrowserSelenium] (_parseElementOnXpath) -> (//span[text()='Customers'])[2] is used
14:39:18,557 INFO  [BrowserSelenium] EXIT --> (_parseElementOnXpath)
14:39:18,557 INFO  [BrowserSelenium] EXIT --> (_getByLocator)
14:39:18,575 INFO  [BrowserSelenium] ENTER --> (_getByLocator)
14:39:18,575 INFO  [BrowserSelenium] (_getByLocator) -> Getting locator for null
14:39:18,575 INFO  [BrowserSelenium] (_getByLocator) -> Locator info found for XPATH attribute as: (//span[text()='Customers'])[2]
14:39:18,575 INFO  [BrowserSelenium] ENTER --> (_parseElementOnXpath)
14:39:18,575 INFO  [BrowserSelenium] (_parseElementOnXpath) -> (//span[text()='Customers'])[2] is used
14:39:18,575 INFO  [BrowserSelenium] EXIT --> (_parseElementOnXpath)
14:39:18,576 INFO  [BrowserSelenium] EXIT --> (_getByLocator)
14:39:18,593 INFO  [BrowserSelenium] ENTER --> (_getByLocator)
14:39:18,593 INFO  [BrowserSelenium] (_getByLocator) -> Getting locator for null
14:39:18,593 INFO  [BrowserSelenium] (_getByLocator) -> Locator info found for XPATH attribute as: (//span[text()='Customers'])[2]
14:39:18,593 INFO  [BrowserSelenium] ENTER --> (_parseElementOnXpath)
14:39:18,593 INFO  [BrowserSelenium] (_parseElementOnXpath) -> (//span[text()='Customers'])[2] is used
14:39:18,593 INFO  [BrowserSelenium] EXIT --> (_parseElementOnXpath)
14:39:18,593 INFO  [BrowserSelenium] EXIT --> (_getByLocator)
14:39:18,612 INFO  [BrowserSelenium] ENTER --> (_getByLocator)
14:39:18,612 INFO  [BrowserSelenium] (_getByLocator) -> Getting locator for null
14:39:18,612 INFO  [BrowserSelenium] (_getByLocator) -> Locator info found for XPATH attribute as: (//span[text()='Customers'])[2]
14:39:18,612 INFO  [BrowserSelenium] ENTER --> (_parseElementOnXpath)
14:39:18,612 INFO  [BrowserSelenium] (_parseElementOnXpath) -> (//span[text()='Customers'])[2] is used
14:39:18,612 INFO  [BrowserSelenium] EXIT --> (_parseElementOnXpath)
14:39:18,612 INFO  [BrowserSelenium] EXIT --> (_getByLocator)
14:39:18,635 INFO  [BrowserSelenium] ENTER --> (_getByLocator)
14:39:18,635 INFO  [BrowserSelenium] (_getByLocator) -> Getting locator for null
14:39:18,635 INFO  [BrowserSelenium] (_getByLocator) -> Locator info found for XPATH attribute as: (//span[text()='Customers'])[2]
14:39:18,635 INFO  [BrowserSelenium] ENTER --> (_parseElementOnXpath)
14:39:18,635 INFO  [BrowserSelenium] (_parseElementOnXpath) -> (//span[text()='Customers'])[2] is used
14:39:18,635 INFO  [BrowserSelenium] EXIT --> (_parseElementOnXpath)
14:39:18,635 INFO  [BrowserSelenium] EXIT --> (_getByLocator)
14:39:18,653 INFO  [BrowserSelenium] ENTER --> (_getByLocator)
14:39:18,653 INFO  [BrowserSelenium] (_getByLocator) -> Getting locator for null
14:39:18,653 INFO  [BrowserSelenium] (_getByLocator) -> Locator info found for XPATH attribute as: (//span[text()='Customers'])[2]
14:39:18,653 INFO  [BrowserSelenium] ENTER --> (_parseElementOnXpath)
14:39:18,653 INFO  [BrowserSelenium] (_parseElementOnXpath) -> (//span[text()='Customers'])[2] is used
14:39:18,654 INFO  [BrowserSelenium] EXIT --> (_parseElementOnXpath)
14:39:18,654 INFO  [BrowserSelenium] EXIT --> (_getByLocator)
14:39:18,672 INFO  [BrowserSelenium] ENTER --> (_getByLocator)
14:39:18,672 INFO  [BrowserSelenium] (_getByLocator) -> Getting locator for null
14:39:18,672 INFO  [BrowserSelenium] (_getByLocator) -> Locator info found for XPATH attribute as: (//span[text()='Customers'])[2]
14:39:18,672 INFO  [BrowserSelenium] ENTER --> (_parseElementOnXpath)
14:39:18,672 INFO  [BrowserSelenium] (_parseElementOnXpath) -> (//span[text()='Customers'])[2] is used
14:39:18,672 INFO  [BrowserSelenium] EXIT --> (_parseElementOnXpath)
14:39:18,672 INFO  [BrowserSelenium] EXIT --> (_getByLocator)
14:39:18,691 INFO  [BrowserSelenium] ENTER --> (_getByLocator)
14:39:18,691 INFO  [BrowserSelenium] (_getByLocator) -> Getting locator for null
14:39:18,691 INFO  [BrowserSelenium] (_getByLocator) -> Locator info found for XPATH attribute as: (//span[text()='Customers'])[2]
14:39:18,692 INFO  [BrowserSelenium] ENTER --> (_parseElementOnXpath)
14:39:18,692 INFO  [BrowserSelenium] (_parseElementOnXpath) -> (//span[text()='Customers'])[2] is used
14:39:18,692 INFO  [BrowserSelenium] EXIT --> (_parseElementOnXpath)
14:39:18,692 INFO  [BrowserSelenium] EXIT --> (_getByLocator)
14:39:18,709 INFO  [BrowserSelenium] ENTER --> (_getByLocator)
14:39:18,709 INFO  [BrowserSelenium] (_getByLocator) -> Getting locator for null
14:39:18,710 INFO  [BrowserSelenium] (_getByLocator) -> Locator info found for XPATH attribute as: (//span[text()='Customers'])[2]
14:39:18,710 INFO  [BrowserSelenium] ENTER --> (_parseElementOnXpath)
14:39:18,710 INFO  [BrowserSelenium] (_parseElementOnXpath) -> (//span[text()='Customers'])[2] is used
14:39:18,710 INFO  [BrowserSelenium] EXIT --> (_parseElementOnXpath)
14:39:18,710 INFO  [BrowserSelenium] EXIT --> (_getByLocator)
14:39:18,727 INFO  [BrowserSelenium] ENTER --> (_getByLocator)
14:39:18,727 INFO  [BrowserSelenium] (_getByLocator) -> Getting locator for null
14:39:18,727 INFO  [BrowserSelenium] (_getByLocator) -> Locator info found for XPATH attribute as: (//span[text()='Customers'])[2]
14:39:18,728 INFO  [BrowserSelenium] ENTER --> (_parseElementOnXpath)
14:39:18,728 INFO  [BrowserSelenium] (_parseElementOnXpath) -> (//span[text()='Customers'])[2] is used
14:39:18,728 INFO  [BrowserSelenium] EXIT --> (_parseElementOnXpath)
14:39:18,728 INFO  [BrowserSelenium] EXIT --> (_getByLocator)
14:39:18,745 INFO  [BrowserSelenium] ENTER --> (_getByLocator)
14:39:18,745 INFO  [BrowserSelenium] (_getByLocator) -> Getting locator for null
14:39:18,745 INFO  [BrowserSelenium] (_getByLocator) -> Locator info found for XPATH attribute as: (//span[text()='Customers'])[2]
14:39:18,746 INFO  [BrowserSelenium] ENTER --> (_parseElementOnXpath)
14:39:18,746 INFO  [BrowserSelenium] (_parseElementOnXpath) -> (//span[text()='Customers'])[2] is used
14:39:18,746 INFO  [BrowserSelenium] EXIT --> (_parseElementOnXpath)
14:39:18,746 INFO  [BrowserSelenium] EXIT --> (_getByLocator)
14:39:18,763 INFO  [BrowserSelenium] ENTER --> (_getByLocator)
14:39:18,763 INFO  [BrowserSelenium] (_getByLocator) -> Getting locator for null
14:39:18,763 INFO  [BrowserSelenium] (_getByLocator) -> Locator info found for XPATH attribute as: (//span[text()='Customers'])[2]
14:39:18,764 INFO  [BrowserSelenium] ENTER --> (_parseElementOnXpath)
14:39:18,764 INFO  [BrowserSelenium] (_parseElementOnXpath) -> (//span[text()='Customers'])[2] is used
14:39:18,764 INFO  [BrowserSelenium] EXIT --> (_parseElementOnXpath)
14:39:18,764 INFO  [BrowserSelenium] EXIT --> (_getByLocator)
14:39:18,781 INFO  [BrowserSelenium] ENTER --> (_getByLocator)
14:39:18,781 INFO  [BrowserSelenium] (_getByLocator) -> Getting locator for null
14:39:18,781 INFO  [BrowserSelenium] (_getByLocator) -> Locator info found for XPATH attribute as: (//span[text()='Customers'])[2]
14:39:18,781 INFO  [BrowserSelenium] ENTER --> (_parseElementOnXpath)
14:39:18,781 INFO  [BrowserSelenium] (_parseElementOnXpath) -> (//span[text()='Customers'])[2] is used
14:39:18,782 INFO  [BrowserSelenium] EXIT --> (_parseElementOnXpath)
14:39:18,782 INFO  [BrowserSelenium] EXIT --> (_getByLocator)
14:39:18,798 INFO  [BrowserSelenium] ENTER --> (_getByLocator)
14:39:18,799 INFO  [BrowserSelenium] (_getByLocator) -> Getting locator for null
14:39:18,799 INFO  [BrowserSelenium] (_getByLocator) -> Locator info found for XPATH attribute as: (//span[text()='Customers'])[2]
14:39:18,799 INFO  [BrowserSelenium] ENTER --> (_parseElementOnXpath)
14:39:18,799 INFO  [BrowserSelenium] (_parseElementOnXpath) -> (//span[text()='Customers'])[2] is used
14:39:18,799 INFO  [BrowserSelenium] EXIT --> (_parseElementOnXpath)
14:39:18,799 INFO  [BrowserSelenium] EXIT --> (_getByLocator)
14:39:18,818 INFO  [BrowserSelenium] ENTER --> (_getByLocator)
14:39:18,818 INFO  [BrowserSelenium] (_getByLocator) -> Getting locator for null
14:39:18,818 INFO  [BrowserSelenium] (_getByLocator) -> Locator info found for XPATH attribute as: (//span[text()='Customers'])[2]
14:39:18,818 INFO  [BrowserSelenium] ENTER --> (_parseElementOnXpath)
14:39:18,818 INFO  [BrowserSelenium] (_parseElementOnXpath) -> (//span[text()='Customers'])[2] is used
14:39:18,818 INFO  [BrowserSelenium] EXIT --> (_parseElementOnXpath)
14:39:18,818 INFO  [BrowserSelenium] EXIT --> (_getByLocator)
14:39:18,838 INFO  [BrowserSelenium] ENTER --> (_getByLocator)
14:39:18,839 INFO  [BrowserSelenium] (_getByLocator) -> Getting locator for null
14:39:18,839 INFO  [BrowserSelenium] (_getByLocator) -> Locator info found for XPATH attribute as: (//span[text()='Customers'])[2]
14:39:18,839 INFO  [BrowserSelenium] ENTER --> (_parseElementOnXpath)
14:39:18,839 INFO  [BrowserSelenium] (_parseElementOnXpath) -> (//span[text()='Customers'])[2] is used
14:39:18,839 INFO  [BrowserSelenium] EXIT --> (_parseElementOnXpath)
14:39:18,839 INFO  [BrowserSelenium] EXIT --> (_getByLocator)
14:39:18,857 INFO  [BrowserSelenium] ENTER --> (_getByLocator)
14:39:18,858 INFO  [BrowserSelenium] (_getByLocator) -> Getting locator for null
14:39:18,858 INFO  [BrowserSelenium] (_getByLocator) -> Locator info found for XPATH attribute as: (//span[text()='Customers'])[2]
14:39:18,858 INFO  [BrowserSelenium] ENTER --> (_parseElementOnXpath)
14:39:18,858 INFO  [BrowserSelenium] (_parseElementOnXpath) -> (//span[text()='Customers'])[2] is used
14:39:18,858 INFO  [BrowserSelenium] EXIT --> (_parseElementOnXpath)
14:39:18,858 INFO  [BrowserSelenium] EXIT --> (_getByLocator)
14:39:18,876 INFO  [BrowserSelenium] ENTER --> (_getByLocator)
14:39:18,876 INFO  [BrowserSelenium] (_getByLocator) -> Getting locator for null
14:39:18,876 INFO  [BrowserSelenium] (_getByLocator) -> Locator info found for XPATH attribute as: (//span[text()='Customers'])[2]
14:39:18,876 INFO  [BrowserSelenium] ENTER --> (_parseElementOnXpath)
14:39:18,876 INFO  [BrowserSelenium] (_parseElementOnXpath) -> (//span[text()='Customers'])[2] is used
14:39:18,877 INFO  [BrowserSelenium] EXIT --> (_parseElementOnXpath)
14:39:18,877 INFO  [BrowserSelenium] EXIT --> (_getByLocator)
14:39:18,899 INFO  [BrowserSelenium] ENTER --> (_getByLocator)
14:39:18,899 INFO  [BrowserSelenium] (_getByLocator) -> Getting locator for null
14:39:18,899 INFO  [BrowserSelenium] (_getByLocator) -> Locator info found for XPATH attribute as: (//span[text()='Customers'])[2]
14:39:18,899 INFO  [BrowserSelenium] ENTER --> (_parseElementOnXpath)
14:39:18,899 INFO  [BrowserSelenium] (_parseElementOnXpath) -> (//span[text()='Customers'])[2] is used
14:39:18,899 INFO  [BrowserSelenium] EXIT --> (_parseElementOnXpath)
14:39:18,899 INFO  [BrowserSelenium] EXIT --> (_getByLocator)
14:39:18,916 INFO  [BrowserSelenium] ENTER --> (_getByLocator)
14:39:18,916 INFO  [BrowserSelenium] (_getByLocator) -> Getting locator for null
14:39:18,917 INFO  [BrowserSelenium] (_getByLocator) -> Locator info found for XPATH attribute as: (//span[text()='Customers'])[2]
14:39:18,917 INFO  [BrowserSelenium] ENTER --> (_parseElementOnXpath)
14:39:18,917 INFO  [BrowserSelenium] (_parseElementOnXpath) -> (//span[text()='Customers'])[2] is used
14:39:18,917 INFO  [BrowserSelenium] EXIT --> (_parseElementOnXpath)
14:39:18,917 INFO  [BrowserSelenium] EXIT --> (_getByLocator)
14:39:18,936 INFO  [BrowserSelenium] ENTER --> (_getByLocator)
14:39:18,936 INFO  [BrowserSelenium] (_getByLocator) -> Getting locator for null
14:39:18,936 INFO  [BrowserSelenium] (_getByLocator) -> Locator info found for XPATH attribute as: (//span[text()='Customers'])[2]
14:39:18,936 INFO  [BrowserSelenium] ENTER --> (_parseElementOnXpath)
14:39:18,936 INFO  [BrowserSelenium] (_parseElementOnXpath) -> (//span[text()='Customers'])[2] is used
14:39:18,936 INFO  [BrowserSelenium] EXIT --> (_parseElementOnXpath)
14:39:18,937 INFO  [BrowserSelenium] EXIT --> (_getByLocator)
14:39:18,954 INFO  [BrowserSelenium] ENTER --> (_getByLocator)
14:39:18,954 INFO  [BrowserSelenium] (_getByLocator) -> Getting locator for null
14:39:18,954 INFO  [BrowserSelenium] (_getByLocator) -> Locator info found for XPATH attribute as: (//span[text()='Customers'])[2]
14:39:18,954 INFO  [BrowserSelenium] ENTER --> (_parseElementOnXpath)
14:39:18,954 INFO  [BrowserSelenium] (_parseElementOnXpath) -> (//span[text()='Customers'])[2] is used
14:39:18,954 INFO  [BrowserSelenium] EXIT --> (_parseElementOnXpath)
14:39:18,954 INFO  [BrowserSelenium] EXIT --> (_getByLocator)
14:39:18,971 INFO  [BrowserSelenium] ENTER --> (_getByLocator)
14:39:18,971 INFO  [BrowserSelenium] (_getByLocator) -> Getting locator for null
14:39:18,971 INFO  [BrowserSelenium] (_getByLocator) -> Locator info found for XPATH attribute as: (//span[text()='Customers'])[2]
14:39:18,972 INFO  [BrowserSelenium] ENTER --> (_parseElementOnXpath)
14:39:18,972 INFO  [BrowserSelenium] (_parseElementOnXpath) -> (//span[text()='Customers'])[2] is used
14:39:18,972 INFO  [BrowserSelenium] EXIT --> (_parseElementOnXpath)
14:39:18,972 INFO  [BrowserSelenium] EXIT --> (_getByLocator)
14:39:18,989 INFO  [BrowserSelenium] ENTER --> (_getByLocator)
14:39:18,989 INFO  [BrowserSelenium] (_getByLocator) -> Getting locator for null
14:39:18,990 INFO  [BrowserSelenium] (_getByLocator) -> Locator info found for XPATH attribute as: (//span[text()='Customers'])[2]
14:39:18,990 INFO  [BrowserSelenium] ENTER --> (_parseElementOnXpath)
14:39:18,990 INFO  [BrowserSelenium] (_parseElementOnXpath) -> (//span[text()='Customers'])[2] is used
14:39:18,990 INFO  [BrowserSelenium] EXIT --> (_parseElementOnXpath)
14:39:18,990 INFO  [BrowserSelenium] EXIT --> (_getByLocator)
14:39:19,007 INFO  [BrowserSelenium] ENTER --> (_getByLocator)
14:39:19,007 INFO  [BrowserSelenium] (_getByLocator) -> Getting locator for null
14:39:19,007 INFO  [BrowserSelenium] (_getByLocator) -> Locator info found for XPATH attribute as: (//span[text()='Customers'])[2]
14:39:19,007 INFO  [BrowserSelenium] ENTER --> (_parseElementOnXpath)
14:39:19,008 INFO  [BrowserSelenium] (_parseElementOnXpath) -> (//span[text()='Customers'])[2] is used
14:39:19,008 INFO  [BrowserSelenium] EXIT --> (_parseElementOnXpath)
14:39:19,008 INFO  [BrowserSelenium] EXIT --> (_getByLocator)
14:39:19,024 INFO  [BrowserSelenium] ENTER --> (_getByLocator)
14:39:19,025 INFO  [BrowserSelenium] (_getByLocator) -> Getting locator for null
14:39:19,025 INFO  [BrowserSelenium] (_getByLocator) -> Locator info found for XPATH attribute as: (//span[text()='Customers'])[2]
14:39:19,025 INFO  [BrowserSelenium] ENTER --> (_parseElementOnXpath)
14:39:19,025 INFO  [BrowserSelenium] (_parseElementOnXpath) -> (//span[text()='Customers'])[2] is used
14:39:19,025 INFO  [BrowserSelenium] EXIT --> (_parseElementOnXpath)
14:39:19,025 INFO  [BrowserSelenium] EXIT --> (_getByLocator)
14:39:19,042 INFO  [BrowserSelenium] ENTER --> (_getByLocator)
14:39:19,043 INFO  [BrowserSelenium] (_getByLocator) -> Getting locator for null
14:39:19,043 INFO  [BrowserSelenium] (_getByLocator) -> Locator info found for XPATH attribute as: (//span[text()='Customers'])[2]
14:39:19,043 INFO  [BrowserSelenium] ENTER --> (_parseElementOnXpath)
14:39:19,043 INFO  [BrowserSelenium] (_parseElementOnXpath) -> (//span[text()='Customers'])[2] is used
14:39:19,043 INFO  [BrowserSelenium] EXIT --> (_parseElementOnXpath)
14:39:19,044 INFO  [BrowserSelenium] EXIT --> (_getByLocator)
14:39:19,062 INFO  [BrowserSelenium] ENTER --> (_getByLocator)
14:39:19,062 INFO  [BrowserSelenium] (_getByLocator) -> Getting locator for null
14:39:19,062 INFO  [BrowserSelenium] (_getByLocator) -> Locator info found for XPATH attribute as: (//span[text()='Customers'])[2]
14:39:19,062 INFO  [BrowserSelenium] ENTER --> (_parseElementOnXpath)
14:39:19,062 INFO  [BrowserSelenium] (_parseElementOnXpath) -> (//span[text()='Customers'])[2] is used
14:39:19,062 INFO  [BrowserSelenium] EXIT --> (_parseElementOnXpath)
14:39:19,063 INFO  [BrowserSelenium] EXIT --> (_getByLocator)
14:39:19,082 INFO  [BrowserSelenium] ENTER --> (_getByLocator)
14:39:19,083 INFO  [BrowserSelenium] (_getByLocator) -> Getting locator for null
14:39:19,083 INFO  [BrowserSelenium] (_getByLocator) -> Locator info found for XPATH attribute as: (//span[text()='Customers'])[2]
14:39:19,083 INFO  [BrowserSelenium] ENTER --> (_parseElementOnXpath)
14:39:19,083 INFO  [BrowserSelenium] (_parseElementOnXpath) -> (//span[text()='Customers'])[2] is used
14:39:19,083 INFO  [BrowserSelenium] EXIT --> (_parseElementOnXpath)
14:39:19,083 INFO  [BrowserSelenium] EXIT --> (_getByLocator)
14:39:19,100 INFO  [BrowserSelenium] ENTER --> (_getByLocator)
14:39:19,100 INFO  [BrowserSelenium] (_getByLocator) -> Getting locator for null
14:39:19,100 INFO  [BrowserSelenium] (_getByLocator) -> Locator info found for XPATH attribute as: (//span[text()='Customers'])[2]
14:39:19,100 INFO  [BrowserSelenium] ENTER --> (_parseElementOnXpath)
14:39:19,100 INFO  [BrowserSelenium] (_parseElementOnXpath) -> (//span[text()='Customers'])[2] is used
14:39:19,100 INFO  [BrowserSelenium] EXIT --> (_parseElementOnXpath)
14:39:19,101 INFO  [BrowserSelenium] EXIT --> (_getByLocator)
14:39:19,117 INFO  [BrowserSelenium] ENTER --> (_getByLocator)
14:39:19,117 INFO  [BrowserSelenium] (_getByLocator) -> Getting locator for null
14:39:19,118 INFO  [BrowserSelenium] (_getByLocator) -> Locator info found for XPATH attribute as: (//span[text()='Customers'])[2]
14:39:19,118 INFO  [BrowserSelenium] ENTER --> (_parseElementOnXpath)
14:39:19,118 INFO  [BrowserSelenium] (_parseElementOnXpath) -> (//span[text()='Customers'])[2] is used
14:39:19,118 INFO  [BrowserSelenium] EXIT --> (_parseElementOnXpath)
14:39:19,118 INFO  [BrowserSelenium] EXIT --> (_getByLocator)
14:39:19,136 INFO  [BrowserSelenium] ENTER --> (_getByLocator)
14:39:19,136 INFO  [BrowserSelenium] (_getByLocator) -> Getting locator for null
14:39:19,137 INFO  [BrowserSelenium] (_getByLocator) -> Locator info found for XPATH attribute as: (//span[text()='Customers'])[2]
14:39:19,137 INFO  [BrowserSelenium] ENTER --> (_parseElementOnXpath)
14:39:19,137 INFO  [BrowserSelenium] (_parseElementOnXpath) -> (//span[text()='Customers'])[2] is used
14:39:19,137 INFO  [BrowserSelenium] EXIT --> (_parseElementOnXpath)
14:39:19,137 INFO  [BrowserSelenium] EXIT --> (_getByLocator)
14:39:19,156 INFO  [BrowserSelenium] ENTER --> (_getByLocator)
14:39:19,156 INFO  [BrowserSelenium] (_getByLocator) -> Getting locator for null
14:39:19,156 INFO  [BrowserSelenium] (_getByLocator) -> Locator info found for XPATH attribute as: (//span[text()='Customers'])[2]
14:39:19,156 INFO  [BrowserSelenium] ENTER --> (_parseElementOnXpath)
14:39:19,156 INFO  [BrowserSelenium] (_parseElementOnXpath) -> (//span[text()='Customers'])[2] is used
14:39:19,156 INFO  [BrowserSelenium] EXIT --> (_parseElementOnXpath)
14:39:19,157 INFO  [BrowserSelenium] EXIT --> (_getByLocator)
14:39:19,176 INFO  [BrowserSelenium] ENTER --> (_getByLocator)
14:39:19,176 INFO  [BrowserSelenium] (_getByLocator) -> Getting locator for null
14:39:19,176 INFO  [BrowserSelenium] (_getByLocator) -> Locator info found for XPATH attribute as: (//span[text()='Customers'])[2]
14:39:19,176 INFO  [BrowserSelenium] ENTER --> (_parseElementOnXpath)
14:39:19,176 INFO  [BrowserSelenium] (_parseElementOnXpath) -> (//span[text()='Customers'])[2] is used
14:39:19,176 INFO  [BrowserSelenium] EXIT --> (_parseElementOnXpath)
14:39:19,177 INFO  [BrowserSelenium] EXIT --> (_getByLocator)
14:39:19,196 INFO  [BrowserSelenium] ENTER --> (_getByLocator)
14:39:19,196 INFO  [BrowserSelenium] (_getByLocator) -> Getting locator for null
14:39:19,196 INFO  [BrowserSelenium] (_getByLocator) -> Locator info found for XPATH attribute as: (//span[text()='Customers'])[2]
14:39:19,196 INFO  [BrowserSelenium] ENTER --> (_parseElementOnXpath)
14:39:19,196 INFO  [BrowserSelenium] (_parseElementOnXpath) -> (//span[text()='Customers'])[2] is used
14:39:19,197 INFO  [BrowserSelenium] EXIT --> (_parseElementOnXpath)
14:39:19,197 INFO  [BrowserSelenium] EXIT --> (_getByLocator)
14:39:19,218 INFO  [BrowserSelenium] ENTER --> (_getByLocator)
14:39:19,219 INFO  [BrowserSelenium] (_getByLocator) -> Getting locator for null
14:39:19,219 INFO  [BrowserSelenium] (_getByLocator) -> Locator info found for XPATH attribute as: (//span[text()='Customers'])[2]
14:39:19,219 INFO  [BrowserSelenium] ENTER --> (_parseElementOnXpath)
14:39:19,219 INFO  [BrowserSelenium] (_parseElementOnXpath) -> (//span[text()='Customers'])[2] is used
14:39:19,219 INFO  [BrowserSelenium] EXIT --> (_parseElementOnXpath)
14:39:19,219 INFO  [BrowserSelenium] EXIT --> (_getByLocator)
14:39:19,242 INFO  [BrowserSelenium] ENTER --> (_getByLocator)
14:39:19,242 INFO  [BrowserSelenium] (_getByLocator) -> Getting locator for null
14:39:19,243 INFO  [BrowserSelenium] (_getByLocator) -> Locator info found for XPATH attribute as: (//span[text()='Customers'])[2]
14:39:19,243 INFO  [BrowserSelenium] ENTER --> (_parseElementOnXpath)
14:39:19,243 INFO  [BrowserSelenium] (_parseElementOnXpath) -> (//span[text()='Customers'])[2] is used
14:39:19,243 INFO  [BrowserSelenium] EXIT --> (_parseElementOnXpath)
14:39:19,243 INFO  [BrowserSelenium] EXIT --> (_getByLocator)
14:39:19,261 INFO  [BrowserSelenium] ENTER --> (_getByLocator)
14:39:19,261 INFO  [BrowserSelenium] (_getByLocator) -> Getting locator for null
14:39:19,261 INFO  [BrowserSelenium] (_getByLocator) -> Locator info found for XPATH attribute as: (//span[text()='Customers'])[2]
14:39:19,262 INFO  [BrowserSelenium] ENTER --> (_parseElementOnXpath)
14:39:19,262 INFO  [BrowserSelenium] (_parseElementOnXpath) -> (//span[text()='Customers'])[2] is used
14:39:19,262 INFO  [BrowserSelenium] EXIT --> (_parseElementOnXpath)
14:39:19,262 INFO  [BrowserSelenium] EXIT --> (_getByLocator)
14:39:19,281 INFO  [BrowserSelenium] ENTER --> (_getByLocator)
14:39:19,282 INFO  [BrowserSelenium] (_getByLocator) -> Getting locator for null
14:39:19,282 INFO  [BrowserSelenium] (_getByLocator) -> Locator info found for XPATH attribute as: (//span[text()='Customers'])[2]
14:39:19,282 INFO  [BrowserSelenium] ENTER --> (_parseElementOnXpath)
14:39:19,282 INFO  [BrowserSelenium] (_parseElementOnXpath) -> (//span[text()='Customers'])[2] is used
14:39:19,282 INFO  [BrowserSelenium] EXIT --> (_parseElementOnXpath)
14:39:19,282 INFO  [BrowserSelenium] EXIT --> (_getByLocator)
14:39:19,302 INFO  [BrowserSelenium] ENTER --> (_getByLocator)
14:39:19,302 INFO  [BrowserSelenium] (_getByLocator) -> Getting locator for null
14:39:19,302 INFO  [BrowserSelenium] (_getByLocator) -> Locator info found for XPATH attribute as: (//span[text()='Customers'])[2]
14:39:19,302 INFO  [BrowserSelenium] ENTER --> (_parseElementOnXpath)
14:39:19,302 INFO  [BrowserSelenium] (_parseElementOnXpath) -> (//span[text()='Customers'])[2] is used
14:39:19,302 INFO  [BrowserSelenium] EXIT --> (_parseElementOnXpath)
14:39:19,302 INFO  [BrowserSelenium] EXIT --> (_getByLocator)
14:39:19,319 INFO  [BrowserSelenium] ENTER --> (_getByLocator)
14:39:19,320 INFO  [BrowserSelenium] (_getByLocator) -> Getting locator for null
14:39:19,320 INFO  [BrowserSelenium] (_getByLocator) -> Locator info found for XPATH attribute as: (//span[text()='Customers'])[2]
14:39:19,320 INFO  [BrowserSelenium] ENTER --> (_parseElementOnXpath)
14:39:19,320 INFO  [BrowserSelenium] (_parseElementOnXpath) -> (//span[text()='Customers'])[2] is used
14:39:19,320 INFO  [BrowserSelenium] EXIT --> (_parseElementOnXpath)
14:39:19,321 INFO  [BrowserSelenium] EXIT --> (_getByLocator)
14:39:19,338 INFO  [BrowserSelenium] ENTER --> (_getByLocator)
14:39:19,339 INFO  [BrowserSelenium] (_getByLocator) -> Getting locator for null
14:39:19,339 INFO  [BrowserSelenium] (_getByLocator) -> Locator info found for XPATH attribute as: (//span[text()='Customers'])[2]
14:39:19,339 INFO  [BrowserSelenium] ENTER --> (_parseElementOnXpath)
14:39:19,339 INFO  [BrowserSelenium] (_parseElementOnXpath) -> (//span[text()='Customers'])[2] is used
14:39:19,339 INFO  [BrowserSelenium] EXIT --> (_parseElementOnXpath)
14:39:19,339 INFO  [BrowserSelenium] EXIT --> (_getByLocator)
14:39:19,356 INFO  [BrowserSelenium] ENTER --> (_getByLocator)
14:39:19,357 INFO  [BrowserSelenium] (_getByLocator) -> Getting locator for null
14:39:19,357 INFO  [BrowserSelenium] (_getByLocator) -> Locator info found for XPATH attribute as: (//span[text()='Customers'])[2]
14:39:19,357 INFO  [BrowserSelenium] ENTER --> (_parseElementOnXpath)
14:39:19,357 INFO  [BrowserSelenium] (_parseElementOnXpath) -> (//span[text()='Customers'])[2] is used
14:39:19,357 INFO  [BrowserSelenium] EXIT --> (_parseElementOnXpath)
14:39:19,358 INFO  [BrowserSelenium] EXIT --> (_getByLocator)
14:39:19,374 INFO  [BrowserSelenium] ENTER --> (_getByLocator)
14:39:19,374 INFO  [BrowserSelenium] (_getByLocator) -> Getting locator for null
14:39:19,375 INFO  [BrowserSelenium] (_getByLocator) -> Locator info found for XPATH attribute as: (//span[text()='Customers'])[2]
14:39:19,375 INFO  [BrowserSelenium] ENTER --> (_parseElementOnXpath)
14:39:19,375 INFO  [BrowserSelenium] (_parseElementOnXpath) -> (//span[text()='Customers'])[2] is used
14:39:19,375 INFO  [BrowserSelenium] EXIT --> (_parseElementOnXpath)
14:39:19,375 INFO  [BrowserSelenium] EXIT --> (_getByLocator)
14:39:19,393 INFO  [BrowserSelenium] ENTER --> (_getByLocator)
14:39:19,393 INFO  [BrowserSelenium] (_getByLocator) -> Getting locator for null
14:39:19,393 INFO  [BrowserSelenium] (_getByLocator) -> Locator info found for XPATH attribute as: (//span[text()='Customers'])[2]
14:39:19,394 INFO  [BrowserSelenium] ENTER --> (_parseElementOnXpath)
14:39:19,394 INFO  [BrowserSelenium] (_parseElementOnXpath) -> (//span[text()='Customers'])[2] is used
14:39:19,394 INFO  [BrowserSelenium] EXIT --> (_parseElementOnXpath)
14:39:19,394 INFO  [BrowserSelenium] EXIT --> (_getByLocator)
14:39:19,412 INFO  [BrowserSelenium] ENTER --> (_getByLocator)
14:39:19,413 INFO  [BrowserSelenium] (_getByLocator) -> Getting locator for null
14:39:19,413 INFO  [BrowserSelenium] (_getByLocator) -> Locator info found for XPATH attribute as: (//span[text()='Customers'])[2]
14:39:19,413 INFO  [BrowserSelenium] ENTER --> (_parseElementOnXpath)
14:39:19,413 INFO  [BrowserSelenium] (_parseElementOnXpath) -> (//span[text()='Customers'])[2] is used
14:39:19,413 INFO  [BrowserSelenium] EXIT --> (_parseElementOnXpath)
14:39:19,413 INFO  [BrowserSelenium] EXIT --> (_getByLocator)
14:39:19,430 INFO  [BrowserSelenium] ENTER --> (_getByLocator)
14:39:19,430 INFO  [BrowserSelenium] (_getByLocator) -> Getting locator for null
14:39:19,430 INFO  [BrowserSelenium] (_getByLocator) -> Locator info found for XPATH attribute as: (//span[text()='Customers'])[2]
14:39:19,430 INFO  [BrowserSelenium] ENTER --> (_parseElementOnXpath)
14:39:19,431 INFO  [BrowserSelenium] (_parseElementOnXpath) -> (//span[text()='Customers'])[2] is used
14:39:19,431 INFO  [BrowserSelenium] EXIT --> (_parseElementOnXpath)
14:39:19,431 INFO  [BrowserSelenium] EXIT --> (_getByLocator)
14:39:19,449 INFO  [BrowserSelenium] ENTER --> (_getByLocator)
14:39:19,449 INFO  [BrowserSelenium] (_getByLocator) -> Getting locator for null
14:39:19,450 INFO  [BrowserSelenium] (_getByLocator) -> Locator info found for XPATH attribute as: (//span[text()='Customers'])[2]
14:39:19,450 INFO  [BrowserSelenium] ENTER --> (_parseElementOnXpath)
14:39:19,450 INFO  [BrowserSelenium] (_parseElementOnXpath) -> (//span[text()='Customers'])[2] is used
14:39:19,450 INFO  [BrowserSelenium] EXIT --> (_parseElementOnXpath)
14:39:19,450 INFO  [BrowserSelenium] EXIT --> (_getByLocator)
14:39:19,467 INFO  [BrowserSelenium] ENTER --> (_getByLocator)
14:39:19,467 INFO  [BrowserSelenium] (_getByLocator) -> Getting locator for null
14:39:19,467 INFO  [BrowserSelenium] (_getByLocator) -> Locator info found for XPATH attribute as: (//span[text()='Customers'])[2]
14:39:19,467 INFO  [BrowserSelenium] ENTER --> (_parseElementOnXpath)
14:39:19,468 INFO  [BrowserSelenium] (_parseElementOnXpath) -> (//span[text()='Customers'])[2] is used
14:39:19,468 INFO  [BrowserSelenium] EXIT --> (_parseElementOnXpath)
14:39:19,468 INFO  [BrowserSelenium] EXIT --> (_getByLocator)
14:39:19,485 INFO  [BrowserSelenium] ENTER --> (_getByLocator)
14:39:19,485 INFO  [BrowserSelenium] (_getByLocator) -> Getting locator for null
14:39:19,485 INFO  [BrowserSelenium] (_getByLocator) -> Locator info found for XPATH attribute as: (//span[text()='Customers'])[2]
14:39:19,485 INFO  [BrowserSelenium] ENTER --> (_parseElementOnXpath)
14:39:19,485 INFO  [BrowserSelenium] (_parseElementOnXpath) -> (//span[text()='Customers'])[2] is used
14:39:19,485 INFO  [BrowserSelenium] EXIT --> (_parseElementOnXpath)
14:39:19,486 INFO  [BrowserSelenium] EXIT --> (_getByLocator)
14:39:19,504 INFO  [BrowserSelenium] ENTER --> (_getByLocator)
14:39:19,504 INFO  [BrowserSelenium] (_getByLocator) -> Getting locator for null
14:39:19,504 INFO  [BrowserSelenium] (_getByLocator) -> Locator info found for XPATH attribute as: (//span[text()='Customers'])[2]
14:39:19,505 INFO  [BrowserSelenium] ENTER --> (_parseElementOnXpath)
14:39:19,505 INFO  [BrowserSelenium] (_parseElementOnXpath) -> (//span[text()='Customers'])[2] is used
14:39:19,505 INFO  [BrowserSelenium] EXIT --> (_parseElementOnXpath)
14:39:19,505 INFO  [BrowserSelenium] EXIT --> (_getByLocator)
14:39:19,524 INFO  [BrowserSelenium] ENTER --> (_getByLocator)
14:39:19,524 INFO  [BrowserSelenium] (_getByLocator) -> Getting locator for null
14:39:19,524 INFO  [BrowserSelenium] (_getByLocator) -> Locator info found for XPATH attribute as: (//span[text()='Customers'])[2]
14:39:19,524 INFO  [BrowserSelenium] ENTER --> (_parseElementOnXpath)
14:39:19,525 INFO  [BrowserSelenium] (_parseElementOnXpath) -> (//span[text()='Customers'])[2] is used
14:39:19,525 INFO  [BrowserSelenium] EXIT --> (_parseElementOnXpath)
14:39:19,525 INFO  [BrowserSelenium] EXIT --> (_getByLocator)
14:39:19,542 INFO  [BrowserSelenium] ENTER --> (_getByLocator)
14:39:19,543 INFO  [BrowserSelenium] (_getByLocator) -> Getting locator for null
14:39:19,543 INFO  [BrowserSelenium] (_getByLocator) -> Locator info found for XPATH attribute as: (//span[text()='Customers'])[2]
14:39:19,543 INFO  [BrowserSelenium] ENTER --> (_parseElementOnXpath)
14:39:19,543 INFO  [BrowserSelenium] (_parseElementOnXpath) -> (//span[text()='Customers'])[2] is used
14:39:19,543 INFO  [BrowserSelenium] EXIT --> (_parseElementOnXpath)
14:39:19,543 INFO  [BrowserSelenium] EXIT --> (_getByLocator)
14:39:19,563 INFO  [BrowserSelenium] ENTER --> (_getByLocator)
14:39:19,563 INFO  [BrowserSelenium] (_getByLocator) -> Getting locator for null
14:39:19,563 INFO  [BrowserSelenium] (_getByLocator) -> Locator info found for XPATH attribute as: (//span[text()='Customers'])[2]
14:39:19,563 INFO  [BrowserSelenium] ENTER --> (_parseElementOnXpath)
14:39:19,564 INFO  [BrowserSelenium] (_parseElementOnXpath) -> (//span[text()='Customers'])[2] is used
14:39:19,564 INFO  [BrowserSelenium] EXIT --> (_parseElementOnXpath)
14:39:19,564 INFO  [BrowserSelenium] EXIT --> (_getByLocator)
14:39:19,586 INFO  [BrowserSelenium] ENTER --> (_getByLocator)
14:39:19,587 INFO  [BrowserSelenium] (_getByLocator) -> Getting locator for null
14:39:19,587 INFO  [BrowserSelenium] (_getByLocator) -> Locator info found for XPATH attribute as: (//span[text()='Customers'])[2]
14:39:19,587 INFO  [BrowserSelenium] ENTER --> (_parseElementOnXpath)
14:39:19,587 INFO  [BrowserSelenium] (_parseElementOnXpath) -> (//span[text()='Customers'])[2] is used
14:39:19,587 INFO  [BrowserSelenium] EXIT --> (_parseElementOnXpath)
14:39:19,588 INFO  [BrowserSelenium] EXIT --> (_getByLocator)
14:39:19,605 INFO  [BrowserSelenium] ENTER --> (_getByLocator)
14:39:19,605 INFO  [BrowserSelenium] (_getByLocator) -> Getting locator for null
14:39:19,605 INFO  [BrowserSelenium] (_getByLocator) -> Locator info found for XPATH attribute as: (//span[text()='Customers'])[2]
14:39:19,605 INFO  [BrowserSelenium] ENTER --> (_parseElementOnXpath)
14:39:19,605 INFO  [BrowserSelenium] (_parseElementOnXpath) -> (//span[text()='Customers'])[2] is used
14:39:19,605 INFO  [BrowserSelenium] EXIT --> (_parseElementOnXpath)
14:39:19,605 INFO  [BrowserSelenium] EXIT --> (_getByLocator)
14:39:19,623 INFO  [BrowserSelenium] ENTER --> (_getByLocator)
14:39:19,623 INFO  [BrowserSelenium] (_getByLocator) -> Getting locator for null
14:39:19,624 INFO  [BrowserSelenium] (_getByLocator) -> Locator info found for XPATH attribute as: (//span[text()='Customers'])[2]
14:39:19,624 INFO  [BrowserSelenium] ENTER --> (_parseElementOnXpath)
14:39:19,624 INFO  [BrowserSelenium] (_parseElementOnXpath) -> (//span[text()='Customers'])[2] is used
14:39:19,624 INFO  [BrowserSelenium] EXIT --> (_parseElementOnXpath)
14:39:19,624 INFO  [BrowserSelenium] EXIT --> (_getByLocator)
14:39:19,645 INFO  [BrowserSelenium] ENTER --> (_getByLocator)
14:39:19,645 INFO  [BrowserSelenium] (_getByLocator) -> Getting locator for null
14:39:19,646 INFO  [BrowserSelenium] (_getByLocator) -> Locator info found for XPATH attribute as: (//span[text()='Customers'])[2]
14:39:19,646 INFO  [BrowserSelenium] ENTER --> (_parseElementOnXpath)
14:39:19,646 INFO  [BrowserSelenium] (_parseElementOnXpath) -> (//span[text()='Customers'])[2] is used
14:39:19,646 INFO  [BrowserSelenium] EXIT --> (_parseElementOnXpath)
14:39:19,646 INFO  [BrowserSelenium] EXIT --> (_getByLocator)
14:39:19,666 INFO  [BrowserSelenium] ENTER --> (_getByLocator)
14:39:19,666 INFO  [BrowserSelenium] (_getByLocator) -> Getting locator for null
14:39:19,666 INFO  [BrowserSelenium] (_getByLocator) -> Locator info found for XPATH attribute as: (//span[text()='Customers'])[2]
14:39:19,667 INFO  [BrowserSelenium] ENTER --> (_parseElementOnXpath)
14:39:19,667 INFO  [BrowserSelenium] (_parseElementOnXpath) -> (//span[text()='Customers'])[2] is used
14:39:19,667 INFO  [BrowserSelenium] EXIT --> (_parseElementOnXpath)
14:39:19,667 INFO  [BrowserSelenium] EXIT --> (_getByLocator)
14:39:19,684 INFO  [BrowserSelenium] ENTER --> (_getByLocator)
14:39:19,684 INFO  [BrowserSelenium] (_getByLocator) -> Getting locator for null
14:39:19,684 INFO  [BrowserSelenium] (_getByLocator) -> Locator info found for XPATH attribute as: (//span[text()='Customers'])[2]
14:39:19,684 INFO  [BrowserSelenium] ENTER --> (_parseElementOnXpath)
14:39:19,685 INFO  [BrowserSelenium] (_parseElementOnXpath) -> (//span[text()='Customers'])[2] is used
14:39:19,685 INFO  [BrowserSelenium] EXIT --> (_parseElementOnXpath)
14:39:19,685 INFO  [BrowserSelenium] EXIT --> (_getByLocator)
14:39:19,706 INFO  [BrowserSelenium] ENTER --> (_getByLocator)
14:39:19,706 INFO  [BrowserSelenium] (_getByLocator) -> Getting locator for null
14:39:19,706 INFO  [BrowserSelenium] (_getByLocator) -> Locator info found for XPATH attribute as: (//span[text()='Customers'])[2]
14:39:19,706 INFO  [BrowserSelenium] ENTER --> (_parseElementOnXpath)
14:39:19,706 INFO  [BrowserSelenium] (_parseElementOnXpath) -> (//span[text()='Customers'])[2] is used
14:39:19,707 INFO  [BrowserSelenium] EXIT --> (_parseElementOnXpath)
14:39:19,707 INFO  [BrowserSelenium] EXIT --> (_getByLocator)
14:39:19,724 INFO  [BrowserSelenium] ENTER --> (_getByLocator)
14:39:19,725 INFO  [BrowserSelenium] (_getByLocator) -> Getting locator for null
14:39:19,725 INFO  [BrowserSelenium] (_getByLocator) -> Locator info found for XPATH attribute as: (//span[text()='Customers'])[2]
14:39:19,725 INFO  [BrowserSelenium] ENTER --> (_parseElementOnXpath)
14:39:19,725 INFO  [BrowserSelenium] (_parseElementOnXpath) -> (//span[text()='Customers'])[2] is used
14:39:19,725 INFO  [BrowserSelenium] EXIT --> (_parseElementOnXpath)
14:39:19,725 INFO  [BrowserSelenium] EXIT --> (_getByLocator)
14:39:19,747 INFO  [BrowserSelenium] ENTER --> (_getByLocator)
14:39:19,747 INFO  [BrowserSelenium] (_getByLocator) -> Getting locator for null
14:39:19,747 INFO  [BrowserSelenium] (_getByLocator) -> Locator info found for XPATH attribute as: (//span[text()='Customers'])[2]
14:39:19,747 INFO  [BrowserSelenium] ENTER --> (_parseElementOnXpath)
14:39:19,747 INFO  [BrowserSelenium] (_parseElementOnXpath) -> (//span[text()='Customers'])[2] is used
14:39:19,748 INFO  [BrowserSelenium] EXIT --> (_parseElementOnXpath)
14:39:19,748 INFO  [BrowserSelenium] EXIT --> (_getByLocator)
14:39:19,767 INFO  [BrowserSelenium] ENTER --> (_getByLocator)
14:39:19,768 INFO  [BrowserSelenium] (_getByLocator) -> Getting locator for null
14:39:19,768 INFO  [BrowserSelenium] (_getByLocator) -> Locator info found for XPATH attribute as: (//span[text()='Customers'])[2]
14:39:19,768 INFO  [BrowserSelenium] ENTER --> (_parseElementOnXpath)
14:39:19,768 INFO  [BrowserSelenium] (_parseElementOnXpath) -> (//span[text()='Customers'])[2] is used
14:39:19,768 INFO  [BrowserSelenium] EXIT --> (_parseElementOnXpath)
14:39:19,768 INFO  [BrowserSelenium] EXIT --> (_getByLocator)
14:39:19,789 INFO  [BrowserSelenium] ENTER --> (_getByLocator)
14:39:19,789 INFO  [BrowserSelenium] (_getByLocator) -> Getting locator for null
14:39:19,790 INFO  [BrowserSelenium] (_getByLocator) -> Locator info found for XPATH attribute as: (//span[text()='Customers'])[2]
14:39:19,790 INFO  [BrowserSelenium] ENTER --> (_parseElementOnXpath)
14:39:19,790 INFO  [BrowserSelenium] (_parseElementOnXpath) -> (//span[text()='Customers'])[2] is used
14:39:19,790 INFO  [BrowserSelenium] EXIT --> (_parseElementOnXpath)
14:39:19,790 INFO  [BrowserSelenium] EXIT --> (_getByLocator)
14:39:19,808 INFO  [BrowserSelenium] ENTER --> (_getByLocator)
14:39:19,808 INFO  [BrowserSelenium] (_getByLocator) -> Getting locator for null
14:39:19,808 INFO  [BrowserSelenium] (_getByLocator) -> Locator info found for XPATH attribute as: (//span[text()='Customers'])[2]
14:39:19,809 INFO  [BrowserSelenium] ENTER --> (_parseElementOnXpath)
14:39:19,809 INFO  [BrowserSelenium] (_parseElementOnXpath) -> (//span[text()='Customers'])[2] is used
14:39:19,809 INFO  [BrowserSelenium] EXIT --> (_parseElementOnXpath)
14:39:19,809 INFO  [BrowserSelenium] EXIT --> (_getByLocator)
14:39:19,826 INFO  [BrowserSelenium] ENTER --> (_getByLocator)
14:39:19,826 INFO  [BrowserSelenium] (_getByLocator) -> Getting locator for null
14:39:19,826 INFO  [BrowserSelenium] (_getByLocator) -> Locator info found for XPATH attribute as: (//span[text()='Customers'])[2]
14:39:19,826 INFO  [BrowserSelenium] ENTER --> (_parseElementOnXpath)
14:39:19,826 INFO  [BrowserSelenium] (_parseElementOnXpath) -> (//span[text()='Customers'])[2] is used
14:39:19,826 INFO  [BrowserSelenium] EXIT --> (_parseElementOnXpath)
14:39:19,826 INFO  [BrowserSelenium] EXIT --> (_getByLocator)
14:39:19,845 INFO  [BrowserSelenium] ENTER --> (_getByLocator)
14:39:19,846 INFO  [BrowserSelenium] (_getByLocator) -> Getting locator for null
14:39:19,846 INFO  [BrowserSelenium] (_getByLocator) -> Locator info found for XPATH attribute as: (//span[text()='Customers'])[2]
14:39:19,846 INFO  [BrowserSelenium] ENTER --> (_parseElementOnXpath)
14:39:19,846 INFO  [BrowserSelenium] (_parseElementOnXpath) -> (//span[text()='Customers'])[2] is used
14:39:19,846 INFO  [BrowserSelenium] EXIT --> (_parseElementOnXpath)
14:39:19,846 INFO  [BrowserSelenium] EXIT --> (_getByLocator)
14:39:19,864 INFO  [BrowserSelenium] ENTER --> (_getByLocator)
14:39:19,864 INFO  [BrowserSelenium] (_getByLocator) -> Getting locator for null
14:39:19,864 INFO  [BrowserSelenium] (_getByLocator) -> Locator info found for XPATH attribute as: (//span[text()='Customers'])[2]
14:39:19,864 INFO  [BrowserSelenium] ENTER --> (_parseElementOnXpath)
14:39:19,864 INFO  [BrowserSelenium] (_parseElementOnXpath) -> (//span[text()='Customers'])[2] is used
14:39:19,865 INFO  [BrowserSelenium] EXIT --> (_parseElementOnXpath)
14:39:19,865 INFO  [BrowserSelenium] EXIT --> (_getByLocator)
14:39:19,882 INFO  [BrowserSelenium] ENTER --> (_getByLocator)
14:39:19,882 INFO  [BrowserSelenium] (_getByLocator) -> Getting locator for null
14:39:19,882 INFO  [BrowserSelenium] (_getByLocator) -> Locator info found for XPATH attribute as: (//span[text()='Customers'])[2]
14:39:19,882 INFO  [BrowserSelenium] ENTER --> (_parseElementOnXpath)
14:39:19,882 INFO  [BrowserSelenium] (_parseElementOnXpath) -> (//span[text()='Customers'])[2] is used
14:39:19,882 INFO  [BrowserSelenium] EXIT --> (_parseElementOnXpath)
14:39:19,882 INFO  [BrowserSelenium] EXIT --> (_getByLocator)
14:39:19,899 INFO  [BrowserSelenium] ENTER --> (_getByLocator)
14:39:19,900 INFO  [BrowserSelenium] (_getByLocator) -> Getting locator for null
14:39:19,900 INFO  [BrowserSelenium] (_getByLocator) -> Locator info found for XPATH attribute as: (//span[text()='Customers'])[2]
14:39:19,900 INFO  [BrowserSelenium] ENTER --> (_parseElementOnXpath)
14:39:19,900 INFO  [BrowserSelenium] (_parseElementOnXpath) -> (//span[text()='Customers'])[2] is used
14:39:19,900 INFO  [BrowserSelenium] EXIT --> (_parseElementOnXpath)
14:39:19,900 INFO  [BrowserSelenium] EXIT --> (_getByLocator)
14:39:19,919 INFO  [BrowserSelenium] ENTER --> (_getByLocator)
14:39:19,920 INFO  [BrowserSelenium] (_getByLocator) -> Getting locator for null
14:39:19,920 INFO  [BrowserSelenium] (_getByLocator) -> Locator info found for XPATH attribute as: (//span[text()='Customers'])[2]
14:39:19,920 INFO  [BrowserSelenium] ENTER --> (_parseElementOnXpath)
14:39:19,920 INFO  [BrowserSelenium] (_parseElementOnXpath) -> (//span[text()='Customers'])[2] is used
14:39:19,920 INFO  [BrowserSelenium] EXIT --> (_parseElementOnXpath)
14:39:19,920 INFO  [BrowserSelenium] EXIT --> (_getByLocator)
14:39:19,942 INFO  [BrowserSelenium] ENTER --> (_getByLocator)
14:39:19,942 INFO  [BrowserSelenium] (_getByLocator) -> Getting locator for null
14:39:19,943 INFO  [BrowserSelenium] (_getByLocator) -> Locator info found for XPATH attribute as: (//span[text()='Customers'])[2]
14:39:19,943 INFO  [BrowserSelenium] ENTER --> (_parseElementOnXpath)
14:39:19,943 INFO  [BrowserSelenium] (_parseElementOnXpath) -> (//span[text()='Customers'])[2] is used
14:39:19,943 INFO  [BrowserSelenium] EXIT --> (_parseElementOnXpath)
14:39:19,943 INFO  [BrowserSelenium] EXIT --> (_getByLocator)
14:39:19,964 INFO  [BrowserSelenium] ENTER --> (_getByLocator)
14:39:19,964 INFO  [BrowserSelenium] (_getByLocator) -> Getting locator for null
14:39:19,964 INFO  [BrowserSelenium] (_getByLocator) -> Locator info found for XPATH attribute as: (//span[text()='Customers'])[2]
14:39:19,964 INFO  [BrowserSelenium] ENTER --> (_parseElementOnXpath)
14:39:19,964 INFO  [BrowserSelenium] (_parseElementOnXpath) -> (//span[text()='Customers'])[2] is used
14:39:19,964 INFO  [BrowserSelenium] EXIT --> (_parseElementOnXpath)
14:39:19,965 INFO  [BrowserSelenium] EXIT --> (_getByLocator)
14:39:19,982 INFO  [BrowserSelenium] ENTER --> (_getByLocator)
14:39:19,982 INFO  [BrowserSelenium] (_getByLocator) -> Getting locator for null
14:39:19,982 INFO  [BrowserSelenium] (_getByLocator) -> Locator info found for XPATH attribute as: (//span[text()='Customers'])[2]
14:39:19,982 INFO  [BrowserSelenium] ENTER --> (_parseElementOnXpath)
14:39:19,982 INFO  [BrowserSelenium] (_parseElementOnXpath) -> (//span[text()='Customers'])[2] is used
14:39:19,983 INFO  [BrowserSelenium] EXIT --> (_parseElementOnXpath)
14:39:19,983 INFO  [BrowserSelenium] EXIT --> (_getByLocator)
14:39:20,002 INFO  [BrowserSelenium] ENTER --> (_getByLocator)
14:39:20,002 INFO  [BrowserSelenium] (_getByLocator) -> Getting locator for null
14:39:20,002 INFO  [BrowserSelenium] (_getByLocator) -> Locator info found for XPATH attribute as: (//span[text()='Customers'])[2]
14:39:20,002 INFO  [BrowserSelenium] ENTER --> (_parseElementOnXpath)
14:39:20,003 INFO  [BrowserSelenium] (_parseElementOnXpath) -> (//span[text()='Customers'])[2] is used
14:39:20,003 INFO  [BrowserSelenium] EXIT --> (_parseElementOnXpath)
14:39:20,003 INFO  [BrowserSelenium] EXIT --> (_getByLocator)
14:39:20,022 INFO  [BrowserSelenium] ENTER --> (_getByLocator)
14:39:20,022 INFO  [BrowserSelenium] (_getByLocator) -> Getting locator for null
14:39:20,022 INFO  [BrowserSelenium] (_getByLocator) -> Locator info found for XPATH attribute as: (//span[text()='Customers'])[2]
14:39:20,022 INFO  [BrowserSelenium] ENTER --> (_parseElementOnXpath)
14:39:20,022 INFO  [BrowserSelenium] (_parseElementOnXpath) -> (//span[text()='Customers'])[2] is used
14:39:20,022 INFO  [BrowserSelenium] EXIT --> (_parseElementOnXpath)
14:39:20,023 INFO  [BrowserSelenium] EXIT --> (_getByLocator)
14:39:20,039 INFO  [BrowserSelenium] ENTER --> (_getByLocator)
14:39:20,040 INFO  [BrowserSelenium] (_getByLocator) -> Getting locator for null
14:39:20,040 INFO  [BrowserSelenium] (_getByLocator) -> Locator info found for XPATH attribute as: (//span[text()='Customers'])[2]
14:39:20,040 INFO  [BrowserSelenium] ENTER --> (_parseElementOnXpath)
14:39:20,040 INFO  [BrowserSelenium] (_parseElementOnXpath) -> (//span[text()='Customers'])[2] is used
14:39:20,040 INFO  [BrowserSelenium] EXIT --> (_parseElementOnXpath)
14:39:20,041 INFO  [BrowserSelenium] EXIT --> (_getByLocator)
14:39:20,062 INFO  [BrowserSelenium] ENTER --> (_getByLocator)
14:39:20,062 INFO  [BrowserSelenium] (_getByLocator) -> Getting locator for null
14:39:20,062 INFO  [BrowserSelenium] (_getByLocator) -> Locator info found for XPATH attribute as: (//span[text()='Customers'])[2]
14:39:20,063 INFO  [BrowserSelenium] ENTER --> (_parseElementOnXpath)
14:39:20,063 INFO  [BrowserSelenium] (_parseElementOnXpath) -> (//span[text()='Customers'])[2] is used
14:39:20,063 INFO  [BrowserSelenium] EXIT --> (_parseElementOnXpath)
14:39:20,063 INFO  [BrowserSelenium] EXIT --> (_getByLocator)
14:39:20,083 INFO  [BrowserSelenium] ENTER --> (_getByLocator)
14:39:20,083 INFO  [BrowserSelenium] (_getByLocator) -> Getting locator for null
14:39:20,083 INFO  [BrowserSelenium] (_getByLocator) -> Locator info found for XPATH attribute as: (//span[text()='Customers'])[2]
14:39:20,083 INFO  [BrowserSelenium] ENTER --> (_parseElementOnXpath)
14:39:20,083 INFO  [BrowserSelenium] (_parseElementOnXpath) -> (//span[text()='Customers'])[2] is used
14:39:20,083 INFO  [BrowserSelenium] EXIT --> (_parseElementOnXpath)
14:39:20,084 INFO  [BrowserSelenium] EXIT --> (_getByLocator)
14:39:20,100 INFO  [BrowserSelenium] ENTER --> (_getByLocator)
14:39:20,101 INFO  [BrowserSelenium] (_getByLocator) -> Getting locator for null
14:39:20,101 INFO  [BrowserSelenium] (_getByLocator) -> Locator info found for XPATH attribute as: (//span[text()='Customers'])[2]
14:39:20,101 INFO  [BrowserSelenium] ENTER --> (_parseElementOnXpath)
14:39:20,101 INFO  [BrowserSelenium] (_parseElementOnXpath) -> (//span[text()='Customers'])[2] is used
14:39:20,101 INFO  [BrowserSelenium] EXIT --> (_parseElementOnXpath)
14:39:20,101 INFO  [BrowserSelenium] EXIT --> (_getByLocator)
14:39:20,124 INFO  [BrowserSelenium] ENTER --> (_getByLocator)
14:39:20,124 INFO  [BrowserSelenium] (_getByLocator) -> Getting locator for null
14:39:20,125 INFO  [BrowserSelenium] (_getByLocator) -> Locator info found for XPATH attribute as: (//span[text()='Customers'])[2]
14:39:20,125 INFO  [BrowserSelenium] ENTER --> (_parseElementOnXpath)
14:39:20,125 INFO  [BrowserSelenium] (_parseElementOnXpath) -> (//span[text()='Customers'])[2] is used
14:39:20,125 INFO  [BrowserSelenium] EXIT --> (_parseElementOnXpath)
14:39:20,125 INFO  [BrowserSelenium] EXIT --> (_getByLocator)
14:39:20,151 INFO  [BrowserSelenium] ENTER --> (_getByLocator)
14:39:20,151 INFO  [BrowserSelenium] (_getByLocator) -> Getting locator for null
14:39:20,152 INFO  [BrowserSelenium] (_getByLocator) -> Locator info found for XPATH attribute as: (//span[text()='Customers'])[2]
14:39:20,152 INFO  [BrowserSelenium] ENTER --> (_parseElementOnXpath)
14:39:20,152 INFO  [BrowserSelenium] (_parseElementOnXpath) -> (//span[text()='Customers'])[2] is used
14:39:20,152 INFO  [BrowserSelenium] EXIT --> (_parseElementOnXpath)
14:39:20,152 INFO  [BrowserSelenium] EXIT --> (_getByLocator)
14:39:20,178 INFO  [BrowserSelenium] ENTER --> (_getByLocator)
14:39:20,178 INFO  [BrowserSelenium] (_getByLocator) -> Getting locator for null
14:39:20,178 INFO  [BrowserSelenium] (_getByLocator) -> Locator info found for XPATH attribute as: (//span[text()='Customers'])[2]
14:39:20,178 INFO  [BrowserSelenium] ENTER --> (_parseElementOnXpath)
14:39:20,178 INFO  [BrowserSelenium] (_parseElementOnXpath) -> (//span[text()='Customers'])[2] is used
14:39:20,179 INFO  [BrowserSelenium] EXIT --> (_parseElementOnXpath)
14:39:20,179 INFO  [BrowserSelenium] EXIT --> (_getByLocator)
14:39:20,204 INFO  [BrowserSelenium] ENTER --> (_getByLocator)
14:39:20,204 INFO  [BrowserSelenium] (_getByLocator) -> Getting locator for null
14:39:20,204 INFO  [BrowserSelenium] (_getByLocator) -> Locator info found for XPATH attribute as: (//span[text()='Customers'])[2]
14:39:20,204 INFO  [BrowserSelenium] ENTER --> (_parseElementOnXpath)
14:39:20,204 INFO  [BrowserSelenium] (_parseElementOnXpath) -> (//span[text()='Customers'])[2] is used
14:39:20,205 INFO  [BrowserSelenium] EXIT --> (_parseElementOnXpath)
14:39:20,205 INFO  [BrowserSelenium] EXIT --> (_getByLocator)
14:39:20,223 INFO  [BrowserSelenium] ENTER --> (_getByLocator)
14:39:20,223 INFO  [BrowserSelenium] (_getByLocator) -> Getting locator for null
14:39:20,224 INFO  [BrowserSelenium] (_getByLocator) -> Locator info found for XPATH attribute as: (//span[text()='Customers'])[2]
14:39:20,224 INFO  [BrowserSelenium] ENTER --> (_parseElementOnXpath)
14:39:20,224 INFO  [BrowserSelenium] (_parseElementOnXpath) -> (//span[text()='Customers'])[2] is used
14:39:20,224 INFO  [BrowserSelenium] EXIT --> (_parseElementOnXpath)
14:39:20,224 INFO  [BrowserSelenium] EXIT --> (_getByLocator)
14:39:20,247 INFO  [BrowserSelenium] ENTER --> (_getByLocator)
14:39:20,247 INFO  [BrowserSelenium] (_getByLocator) -> Getting locator for null
14:39:20,247 INFO  [BrowserSelenium] (_getByLocator) -> Locator info found for XPATH attribute as: (//span[text()='Customers'])[2]
14:39:20,247 INFO  [BrowserSelenium] ENTER --> (_parseElementOnXpath)
14:39:20,247 INFO  [BrowserSelenium] (_parseElementOnXpath) -> (//span[text()='Customers'])[2] is used
14:39:20,247 INFO  [BrowserSelenium] EXIT --> (_parseElementOnXpath)
14:39:20,247 INFO  [BrowserSelenium] EXIT --> (_getByLocator)
14:39:20,267 INFO  [BrowserSelenium] ENTER --> (_getByLocator)
14:39:20,267 INFO  [BrowserSelenium] (_getByLocator) -> Getting locator for null
14:39:20,268 INFO  [BrowserSelenium] (_getByLocator) -> Locator info found for XPATH attribute as: (//span[text()='Customers'])[2]
14:39:20,268 INFO  [BrowserSelenium] ENTER --> (_parseElementOnXpath)
14:39:20,268 INFO  [BrowserSelenium] (_parseElementOnXpath) -> (//span[text()='Customers'])[2] is used
14:39:20,268 INFO  [BrowserSelenium] EXIT --> (_parseElementOnXpath)
14:39:20,268 INFO  [BrowserSelenium] EXIT --> (_getByLocator)
14:39:20,285 INFO  [BrowserSelenium] ENTER --> (_getByLocator)
14:39:20,285 INFO  [BrowserSelenium] (_getByLocator) -> Getting locator for null
14:39:20,285 INFO  [BrowserSelenium] (_getByLocator) -> Locator info found for XPATH attribute as: (//span[text()='Customers'])[2]
14:39:20,286 INFO  [BrowserSelenium] ENTER --> (_parseElementOnXpath)
14:39:20,286 INFO  [BrowserSelenium] (_parseElementOnXpath) -> (//span[text()='Customers'])[2] is used
14:39:20,286 INFO  [BrowserSelenium] EXIT --> (_parseElementOnXpath)
14:39:20,286 INFO  [BrowserSelenium] EXIT --> (_getByLocator)
14:39:20,303 INFO  [BrowserSelenium] ENTER --> (_getByLocator)
14:39:20,303 INFO  [BrowserSelenium] (_getByLocator) -> Getting locator for null
14:39:20,304 INFO  [BrowserSelenium] (_getByLocator) -> Locator info found for XPATH attribute as: (//span[text()='Customers'])[2]
14:39:20,304 INFO  [BrowserSelenium] ENTER --> (_parseElementOnXpath)
14:39:20,304 INFO  [BrowserSelenium] (_parseElementOnXpath) -> (//span[text()='Customers'])[2] is used
14:39:20,304 INFO  [BrowserSelenium] EXIT --> (_parseElementOnXpath)
14:39:20,304 INFO  [BrowserSelenium] EXIT --> (_getByLocator)
14:39:20,323 INFO  [BrowserSelenium] ENTER --> (_getByLocator)
14:39:20,323 INFO  [BrowserSelenium] (_getByLocator) -> Getting locator for null
14:39:20,323 INFO  [BrowserSelenium] (_getByLocator) -> Locator info found for XPATH attribute as: (//span[text()='Customers'])[2]
14:39:20,323 INFO  [BrowserSelenium] ENTER --> (_parseElementOnXpath)
14:39:20,323 INFO  [BrowserSelenium] (_parseElementOnXpath) -> (//span[text()='Customers'])[2] is used
14:39:20,324 INFO  [BrowserSelenium] EXIT --> (_parseElementOnXpath)
14:39:20,324 INFO  [BrowserSelenium] EXIT --> (_getByLocator)
14:39:20,346 INFO  [BrowserSelenium] ENTER --> (_getByLocator)
14:39:20,347 INFO  [BrowserSelenium] (_getByLocator) -> Getting locator for null
14:39:20,347 INFO  [BrowserSelenium] (_getByLocator) -> Locator info found for XPATH attribute as: (//span[text()='Customers'])[2]
14:39:20,347 INFO  [BrowserSelenium] ENTER --> (_parseElementOnXpath)
14:39:20,347 INFO  [BrowserSelenium] (_parseElementOnXpath) -> (//span[text()='Customers'])[2] is used
14:39:20,347 INFO  [BrowserSelenium] EXIT --> (_parseElementOnXpath)
14:39:20,347 INFO  [BrowserSelenium] EXIT --> (_getByLocator)
14:39:20,367 INFO  [BrowserSelenium] ENTER --> (_getByLocator)
14:39:20,367 INFO  [BrowserSelenium] (_getByLocator) -> Getting locator for null
14:39:20,367 INFO  [BrowserSelenium] (_getByLocator) -> Locator info found for XPATH attribute as: (//span[text()='Customers'])[2]
14:39:20,368 INFO  [BrowserSelenium] ENTER --> (_parseElementOnXpath)
14:39:20,368 INFO  [BrowserSelenium] (_parseElementOnXpath) -> (//span[text()='Customers'])[2] is used
14:39:20,368 INFO  [BrowserSelenium] EXIT --> (_parseElementOnXpath)
14:39:20,368 INFO  [BrowserSelenium] EXIT --> (_getByLocator)
14:39:20,385 INFO  [BrowserSelenium] ENTER --> (_getByLocator)
14:39:20,385 INFO  [BrowserSelenium] (_getByLocator) -> Getting locator for null
14:39:20,385 INFO  [BrowserSelenium] (_getByLocator) -> Locator info found for XPATH attribute as: (//span[text()='Customers'])[2]
14:39:20,386 INFO  [BrowserSelenium] ENTER --> (_parseElementOnXpath)
14:39:20,386 INFO  [BrowserSelenium] (_parseElementOnXpath) -> (//span[text()='Customers'])[2] is used
14:39:20,386 INFO  [BrowserSelenium] EXIT --> (_parseElementOnXpath)
14:39:20,386 INFO  [BrowserSelenium] EXIT --> (_getByLocator)
14:39:20,405 INFO  [BrowserSelenium] ENTER --> (_getByLocator)
14:39:20,405 INFO  [BrowserSelenium] (_getByLocator) -> Getting locator for null
14:39:20,405 INFO  [BrowserSelenium] (_getByLocator) -> Locator info found for XPATH attribute as: (//span[text()='Customers'])[2]
14:39:20,405 INFO  [BrowserSelenium] ENTER --> (_parseElementOnXpath)
14:39:20,405 INFO  [BrowserSelenium] (_parseElementOnXpath) -> (//span[text()='Customers'])[2] is used
14:39:20,405 INFO  [BrowserSelenium] EXIT --> (_parseElementOnXpath)
14:39:20,405 INFO  [BrowserSelenium] EXIT --> (_getByLocator)
14:39:20,422 INFO  [BrowserSelenium] ENTER --> (_getByLocator)
14:39:20,422 INFO  [BrowserSelenium] (_getByLocator) -> Getting locator for null
14:39:20,422 INFO  [BrowserSelenium] (_getByLocator) -> Locator info found for XPATH attribute as: (//span[text()='Customers'])[2]
14:39:20,423 INFO  [BrowserSelenium] ENTER --> (_parseElementOnXpath)
14:39:20,423 INFO  [BrowserSelenium] (_parseElementOnXpath) -> (//span[text()='Customers'])[2] is used
14:39:20,423 INFO  [BrowserSelenium] EXIT --> (_parseElementOnXpath)
14:39:20,423 INFO  [BrowserSelenium] EXIT --> (_getByLocator)
14:39:20,441 INFO  [BrowserSelenium] ENTER --> (_getByLocator)
14:39:20,441 INFO  [BrowserSelenium] (_getByLocator) -> Getting locator for null
14:39:20,441 INFO  [BrowserSelenium] (_getByLocator) -> Locator info found for XPATH attribute as: (//span[text()='Customers'])[2]
14:39:20,442 INFO  [BrowserSelenium] ENTER --> (_parseElementOnXpath)
14:39:20,442 INFO  [BrowserSelenium] (_parseElementOnXpath) -> (//span[text()='Customers'])[2] is used
14:39:20,442 INFO  [BrowserSelenium] EXIT --> (_parseElementOnXpath)
14:39:20,442 INFO  [BrowserSelenium] EXIT --> (_getByLocator)
14:39:20,462 INFO  [BrowserSelenium] ENTER --> (_getByLocator)
14:39:20,462 INFO  [BrowserSelenium] (_getByLocator) -> Getting locator for null
14:39:20,462 INFO  [BrowserSelenium] (_getByLocator) -> Locator info found for XPATH attribute as: (//span[text()='Customers'])[2]
14:39:20,462 INFO  [BrowserSelenium] ENTER --> (_parseElementOnXpath)
14:39:20,462 INFO  [BrowserSelenium] (_parseElementOnXpath) -> (//span[text()='Customers'])[2] is used
14:39:20,462 INFO  [BrowserSelenium] EXIT --> (_parseElementOnXpath)
14:39:20,462 INFO  [BrowserSelenium] EXIT --> (_getByLocator)
14:39:20,479 INFO  [BrowserSelenium] ENTER --> (_getByLocator)
14:39:20,479 INFO  [BrowserSelenium] (_getByLocator) -> Getting locator for null
14:39:20,480 INFO  [BrowserSelenium] (_getByLocator) -> Locator info found for XPATH attribute as: (//span[text()='Customers'])[2]
14:39:20,480 INFO  [BrowserSelenium] ENTER --> (_parseElementOnXpath)
14:39:20,480 INFO  [BrowserSelenium] (_parseElementOnXpath) -> (//span[text()='Customers'])[2] is used
14:39:20,480 INFO  [BrowserSelenium] EXIT --> (_parseElementOnXpath)
14:39:20,480 INFO  [BrowserSelenium] EXIT --> (_getByLocator)
14:39:20,499 INFO  [BrowserSelenium] ENTER --> (_getByLocator)
14:39:20,499 INFO  [BrowserSelenium] (_getByLocator) -> Getting locator for null
14:39:20,499 INFO  [BrowserSelenium] (_getByLocator) -> Locator info found for XPATH attribute as: (//span[text()='Customers'])[2]
14:39:20,499 INFO  [BrowserSelenium] ENTER --> (_parseElementOnXpath)
14:39:20,499 INFO  [BrowserSelenium] (_parseElementOnXpath) -> (//span[text()='Customers'])[2] is used
14:39:20,499 INFO  [BrowserSelenium] EXIT --> (_parseElementOnXpath)
14:39:20,499 INFO  [BrowserSelenium] EXIT --> (_getByLocator)
14:39:20,518 INFO  [BrowserSelenium] ENTER --> (_getByLocator)
14:39:20,519 INFO  [BrowserSelenium] (_getByLocator) -> Getting locator for null
14:39:20,519 INFO  [BrowserSelenium] (_getByLocator) -> Locator info found for XPATH attribute as: (//span[text()='Customers'])[2]
14:39:20,519 INFO  [BrowserSelenium] ENTER --> (_parseElementOnXpath)
14:39:20,519 INFO  [BrowserSelenium] (_parseElementOnXpath) -> (//span[text()='Customers'])[2] is used
14:39:20,519 INFO  [BrowserSelenium] EXIT --> (_parseElementOnXpath)
14:39:20,519 INFO  [BrowserSelenium] EXIT --> (_getByLocator)
14:39:20,536 INFO  [BrowserSelenium] ENTER --> (_getByLocator)
14:39:20,536 INFO  [BrowserSelenium] (_getByLocator) -> Getting locator for null
14:39:20,537 INFO  [BrowserSelenium] (_getByLocator) -> Locator info found for XPATH attribute as: (//span[text()='Customers'])[2]
14:39:20,537 INFO  [BrowserSelenium] ENTER --> (_parseElementOnXpath)
14:39:20,537 INFO  [BrowserSelenium] (_parseElementOnXpath) -> (//span[text()='Customers'])[2] is used
14:39:20,537 INFO  [BrowserSelenium] EXIT --> (_parseElementOnXpath)
14:39:20,537 INFO  [BrowserSelenium] EXIT --> (_getByLocator)
14:39:20,554 INFO  [BrowserSelenium] ENTER --> (_getByLocator)
14:39:20,554 INFO  [BrowserSelenium] (_getByLocator) -> Getting locator for null
14:39:20,554 INFO  [BrowserSelenium] (_getByLocator) -> Locator info found for XPATH attribute as: (//span[text()='Customers'])[2]
14:39:20,554 INFO  [BrowserSelenium] ENTER --> (_parseElementOnXpath)
14:39:20,554 INFO  [BrowserSelenium] (_parseElementOnXpath) -> (//span[text()='Customers'])[2] is used
14:39:20,554 INFO  [BrowserSelenium] EXIT --> (_parseElementOnXpath)
14:39:20,555 INFO  [BrowserSelenium] EXIT --> (_getByLocator)
14:39:20,576 INFO  [BrowserSelenium] ENTER --> (_getByLocator)
14:39:20,576 INFO  [BrowserSelenium] (_getByLocator) -> Getting locator for null
14:39:20,576 INFO  [BrowserSelenium] (_getByLocator) -> Locator info found for XPATH attribute as: (//span[text()='Customers'])[2]
14:39:20,576 INFO  [BrowserSelenium] ENTER --> (_parseElementOnXpath)
14:39:20,576 INFO  [BrowserSelenium] (_parseElementOnXpath) -> (//span[text()='Customers'])[2] is used
14:39:20,576 INFO  [BrowserSelenium] EXIT --> (_parseElementOnXpath)
14:39:20,576 INFO  [BrowserSelenium] EXIT --> (_getByLocator)
14:39:20,597 INFO  [BrowserSelenium] ENTER --> (_getByLocator)
14:39:20,597 INFO  [BrowserSelenium] (_getByLocator) -> Getting locator for null
14:39:20,597 INFO  [BrowserSelenium] (_getByLocator) -> Locator info found for XPATH attribute as: (//span[text()='Customers'])[2]
14:39:20,597 INFO  [BrowserSelenium] ENTER --> (_parseElementOnXpath)
14:39:20,597 INFO  [BrowserSelenium] (_parseElementOnXpath) -> (//span[text()='Customers'])[2] is used
14:39:20,598 INFO  [BrowserSelenium] EXIT --> (_parseElementOnXpath)
14:39:20,598 INFO  [BrowserSelenium] EXIT --> (_getByLocator)
14:39:20,617 INFO  [BrowserSelenium] ENTER --> (_getByLocator)
14:39:20,617 INFO  [BrowserSelenium] (_getByLocator) -> Getting locator for null
14:39:20,618 INFO  [BrowserSelenium] (_getByLocator) -> Locator info found for XPATH attribute as: (//span[text()='Customers'])[2]
14:39:20,618 INFO  [BrowserSelenium] ENTER --> (_parseElementOnXpath)
14:39:20,618 INFO  [BrowserSelenium] (_parseElementOnXpath) -> (//span[text()='Customers'])[2] is used
14:39:20,618 INFO  [BrowserSelenium] EXIT --> (_parseElementOnXpath)
14:39:20,618 INFO  [BrowserSelenium] EXIT --> (_getByLocator)
14:39:20,637 INFO  [BrowserSelenium] ENTER --> (_getByLocator)
14:39:20,637 INFO  [BrowserSelenium] (_getByLocator) -> Getting locator for null
14:39:20,637 INFO  [BrowserSelenium] (_getByLocator) -> Locator info found for XPATH attribute as: (//span[text()='Customers'])[2]
14:39:20,637 INFO  [BrowserSelenium] ENTER --> (_parseElementOnXpath)
14:39:20,638 INFO  [BrowserSelenium] (_parseElementOnXpath) -> (//span[text()='Customers'])[2] is used
14:39:20,638 INFO  [BrowserSelenium] EXIT --> (_parseElementOnXpath)
14:39:20,638 INFO  [BrowserSelenium] EXIT --> (_getByLocator)
14:39:20,657 INFO  [BrowserSelenium] ENTER --> (_getByLocator)
14:39:20,657 INFO  [BrowserSelenium] (_getByLocator) -> Getting locator for null
14:39:20,658 INFO  [BrowserSelenium] (_getByLocator) -> Locator info found for XPATH attribute as: (//span[text()='Customers'])[2]
14:39:20,658 INFO  [BrowserSelenium] ENTER --> (_parseElementOnXpath)
14:39:20,658 INFO  [BrowserSelenium] (_parseElementOnXpath) -> (//span[text()='Customers'])[2] is used
14:39:20,658 INFO  [BrowserSelenium] EXIT --> (_parseElementOnXpath)
14:39:20,658 INFO  [BrowserSelenium] EXIT --> (_getByLocator)
14:39:20,676 INFO  [BrowserSelenium] ENTER --> (_getByLocator)
14:39:20,676 INFO  [BrowserSelenium] (_getByLocator) -> Getting locator for null
14:39:20,676 INFO  [BrowserSelenium] (_getByLocator) -> Locator info found for XPATH attribute as: (//span[text()='Customers'])[2]
14:39:20,677 INFO  [BrowserSelenium] ENTER --> (_parseElementOnXpath)
14:39:20,677 INFO  [BrowserSelenium] (_parseElementOnXpath) -> (//span[text()='Customers'])[2] is used
14:39:20,677 INFO  [BrowserSelenium] EXIT --> (_parseElementOnXpath)
14:39:20,677 INFO  [BrowserSelenium] EXIT --> (_getByLocator)
14:39:20,696 INFO  [BrowserSelenium] ENTER --> (_getByLocator)
14:39:20,696 INFO  [BrowserSelenium] (_getByLocator) -> Getting locator for null
14:39:20,696 INFO  [BrowserSelenium] (_getByLocator) -> Locator info found for XPATH attribute as: (//span[text()='Customers'])[2]
14:39:20,696 INFO  [BrowserSelenium] ENTER --> (_parseElementOnXpath)
14:39:20,696 INFO  [BrowserSelenium] (_parseElementOnXpath) -> (//span[text()='Customers'])[2] is used
14:39:20,696 INFO  [BrowserSelenium] EXIT --> (_parseElementOnXpath)
14:39:20,696 INFO  [BrowserSelenium] EXIT --> (_getByLocator)
14:39:20,715 INFO  [BrowserSelenium] ENTER --> (_getByLocator)
14:39:20,715 INFO  [BrowserSelenium] (_getByLocator) -> Getting locator for null
14:39:20,715 INFO  [BrowserSelenium] (_getByLocator) -> Locator info found for XPATH attribute as: (//span[text()='Customers'])[2]
14:39:20,715 INFO  [BrowserSelenium] ENTER --> (_parseElementOnXpath)
14:39:20,715 INFO  [BrowserSelenium] (_parseElementOnXpath) -> (//span[text()='Customers'])[2] is used
14:39:20,715 INFO  [BrowserSelenium] EXIT --> (_parseElementOnXpath)
14:39:20,716 INFO  [BrowserSelenium] EXIT --> (_getByLocator)
14:39:20,732 INFO  [BrowserSelenium] ENTER --> (_getByLocator)
14:39:20,732 INFO  [BrowserSelenium] (_getByLocator) -> Getting locator for null
14:39:20,733 INFO  [BrowserSelenium] (_getByLocator) -> Locator info found for XPATH attribute as: (//span[text()='Customers'])[2]
14:39:20,733 INFO  [BrowserSelenium] ENTER --> (_parseElementOnXpath)
14:39:20,733 INFO  [BrowserSelenium] (_parseElementOnXpath) -> (//span[text()='Customers'])[2] is used
14:39:20,733 INFO  [BrowserSelenium] EXIT --> (_parseElementOnXpath)
14:39:20,733 INFO  [BrowserSelenium] EXIT --> (_getByLocator)
14:39:20,751 INFO  [BrowserSelenium] ENTER --> (_getByLocator)
14:39:20,752 INFO  [BrowserSelenium] (_getByLocator) -> Getting locator for null
14:39:20,752 INFO  [BrowserSelenium] (_getByLocator) -> Locator info found for XPATH attribute as: (//span[text()='Customers'])[2]
14:39:20,752 INFO  [BrowserSelenium] ENTER --> (_parseElementOnXpath)
14:39:20,752 INFO  [BrowserSelenium] (_parseElementOnXpath) -> (//span[text()='Customers'])[2] is used
14:39:20,752 INFO  [BrowserSelenium] EXIT --> (_parseElementOnXpath)
14:39:20,752 INFO  [BrowserSelenium] EXIT --> (_getByLocator)
14:39:20,769 INFO  [BrowserSelenium] ENTER --> (_getByLocator)
14:39:20,769 INFO  [BrowserSelenium] (_getByLocator) -> Getting locator for null
14:39:20,769 INFO  [BrowserSelenium] (_getByLocator) -> Locator info found for XPATH attribute as: (//span[text()='Customers'])[2]
14:39:20,770 INFO  [BrowserSelenium] ENTER --> (_parseElementOnXpath)
14:39:20,770 INFO  [BrowserSelenium] (_parseElementOnXpath) -> (//span[text()='Customers'])[2] is used
14:39:20,770 INFO  [BrowserSelenium] EXIT --> (_parseElementOnXpath)
14:39:20,770 INFO  [BrowserSelenium] EXIT --> (_getByLocator)
14:39:20,787 INFO  [BrowserSelenium] ENTER --> (_getByLocator)
14:39:20,787 INFO  [BrowserSelenium] (_getByLocator) -> Getting locator for null
14:39:20,787 INFO  [BrowserSelenium] (_getByLocator) -> Locator info found for XPATH attribute as: (//span[text()='Customers'])[2]
14:39:20,787 INFO  [BrowserSelenium] ENTER --> (_parseElementOnXpath)
14:39:20,787 INFO  [BrowserSelenium] (_parseElementOnXpath) -> (//span[text()='Customers'])[2] is used
14:39:20,788 INFO  [BrowserSelenium] EXIT --> (_parseElementOnXpath)
14:39:20,788 INFO  [BrowserSelenium] EXIT --> (_getByLocator)
14:39:20,805 INFO  [BrowserSelenium] ENTER --> (_getByLocator)
14:39:20,805 INFO  [BrowserSelenium] (_getByLocator) -> Getting locator for null
14:39:20,805 INFO  [BrowserSelenium] (_getByLocator) -> Locator info found for XPATH attribute as: (//span[text()='Customers'])[2]
14:39:20,805 INFO  [BrowserSelenium] ENTER --> (_parseElementOnXpath)
14:39:20,805 INFO  [BrowserSelenium] (_parseElementOnXpath) -> (//span[text()='Customers'])[2] is used
14:39:20,805 INFO  [BrowserSelenium] EXIT --> (_parseElementOnXpath)
14:39:20,805 INFO  [BrowserSelenium] EXIT --> (_getByLocator)
14:39:20,826 INFO  [BrowserSelenium] ENTER --> (_getByLocator)
14:39:20,827 INFO  [BrowserSelenium] (_getByLocator) -> Getting locator for null
14:39:20,827 INFO  [BrowserSelenium] (_getByLocator) -> Locator info found for XPATH attribute as: (//span[text()='Customers'])[2]
14:39:20,827 INFO  [BrowserSelenium] ENTER --> (_parseElementOnXpath)
14:39:20,827 INFO  [BrowserSelenium] (_parseElementOnXpath) -> (//span[text()='Customers'])[2] is used
14:39:20,827 INFO  [BrowserSelenium] EXIT --> (_parseElementOnXpath)
14:39:20,827 INFO  [BrowserSelenium] EXIT --> (_getByLocator)
14:39:20,845 INFO  [BrowserSelenium] ENTER --> (_getByLocator)
14:39:20,845 INFO  [BrowserSelenium] (_getByLocator) -> Getting locator for null
14:39:20,845 INFO  [BrowserSelenium] (_getByLocator) -> Locator info found for XPATH attribute as: (//span[text()='Customers'])[2]
14:39:20,845 INFO  [BrowserSelenium] ENTER --> (_parseElementOnXpath)
14:39:20,846 INFO  [BrowserSelenium] (_parseElementOnXpath) -> (//span[text()='Customers'])[2] is used
14:39:20,846 INFO  [BrowserSelenium] EXIT --> (_parseElementOnXpath)
14:39:20,846 INFO  [BrowserSelenium] EXIT --> (_getByLocator)
14:39:20,867 INFO  [BrowserSelenium] ENTER --> (_getByLocator)
14:39:20,867 INFO  [BrowserSelenium] (_getByLocator) -> Getting locator for null
14:39:20,867 INFO  [BrowserSelenium] (_getByLocator) -> Locator info found for XPATH attribute as: (//span[text()='Customers'])[2]
14:39:20,867 INFO  [BrowserSelenium] ENTER --> (_parseElementOnXpath)
14:39:20,867 INFO  [BrowserSelenium] (_parseElementOnXpath) -> (//span[text()='Customers'])[2] is used
14:39:20,868 INFO  [BrowserSelenium] EXIT --> (_parseElementOnXpath)
14:39:20,868 INFO  [BrowserSelenium] EXIT --> (_getByLocator)
14:39:20,890 INFO  [BrowserSelenium] ENTER --> (_getByLocator)
14:39:20,890 INFO  [BrowserSelenium] (_getByLocator) -> Getting locator for null
14:39:20,890 INFO  [BrowserSelenium] (_getByLocator) -> Locator info found for XPATH attribute as: (//span[text()='Customers'])[2]
14:39:20,890 INFO  [BrowserSelenium] ENTER --> (_parseElementOnXpath)
14:39:20,891 INFO  [BrowserSelenium] (_parseElementOnXpath) -> (//span[text()='Customers'])[2] is used
14:39:20,891 INFO  [BrowserSelenium] EXIT --> (_parseElementOnXpath)
14:39:20,891 INFO  [BrowserSelenium] EXIT --> (_getByLocator)
14:39:20,912 INFO  [BrowserSelenium] ENTER --> (_getByLocator)
14:39:20,912 INFO  [BrowserSelenium] (_getByLocator) -> Getting locator for null
14:39:20,912 INFO  [BrowserSelenium] (_getByLocator) -> Locator info found for XPATH attribute as: (//span[text()='Customers'])[2]
14:39:20,912 INFO  [BrowserSelenium] ENTER --> (_parseElementOnXpath)
14:39:20,912 INFO  [BrowserSelenium] (_parseElementOnXpath) -> (//span[text()='Customers'])[2] is used
14:39:20,913 INFO  [BrowserSelenium] EXIT --> (_parseElementOnXpath)
14:39:20,913 INFO  [BrowserSelenium] EXIT --> (_getByLocator)
14:39:20,931 INFO  [BrowserSelenium] ENTER --> (_getByLocator)
14:39:20,931 INFO  [BrowserSelenium] (_getByLocator) -> Getting locator for null
14:39:20,931 INFO  [BrowserSelenium] (_getByLocator) -> Locator info found for XPATH attribute as: (//span[text()='Customers'])[2]
14:39:20,931 INFO  [BrowserSelenium] ENTER --> (_parseElementOnXpath)
14:39:20,931 INFO  [BrowserSelenium] (_parseElementOnXpath) -> (//span[text()='Customers'])[2] is used
14:39:20,932 INFO  [BrowserSelenium] EXIT --> (_parseElementOnXpath)
14:39:20,932 INFO  [BrowserSelenium] EXIT --> (_getByLocator)
14:39:20,949 INFO  [BrowserSelenium] ENTER --> (_getByLocator)
14:39:20,949 INFO  [BrowserSelenium] (_getByLocator) -> Getting locator for null
14:39:20,950 INFO  [BrowserSelenium] (_getByLocator) -> Locator info found for XPATH attribute as: (//span[text()='Customers'])[2]
14:39:20,950 INFO  [BrowserSelenium] ENTER --> (_parseElementOnXpath)
14:39:20,950 INFO  [BrowserSelenium] (_parseElementOnXpath) -> (//span[text()='Customers'])[2] is used
14:39:20,950 INFO  [BrowserSelenium] EXIT --> (_parseElementOnXpath)
14:39:20,950 INFO  [BrowserSelenium] EXIT --> (_getByLocator)
14:39:20,967 INFO  [BrowserSelenium] ENTER --> (_getByLocator)
14:39:20,967 INFO  [BrowserSelenium] (_getByLocator) -> Getting locator for null
14:39:20,968 INFO  [BrowserSelenium] (_getByLocator) -> Locator info found for XPATH attribute as: (//span[text()='Customers'])[2]
14:39:20,968 INFO  [BrowserSelenium] ENTER --> (_parseElementOnXpath)
14:39:20,968 INFO  [BrowserSelenium] (_parseElementOnXpath) -> (//span[text()='Customers'])[2] is used
14:39:20,968 INFO  [BrowserSelenium] EXIT --> (_parseElementOnXpath)
14:39:20,968 INFO  [BrowserSelenium] EXIT --> (_getByLocator)
14:39:20,988 INFO  [BrowserSelenium] ENTER --> (_getByLocator)
14:39:20,989 INFO  [BrowserSelenium] (_getByLocator) -> Getting locator for null
14:39:20,989 INFO  [BrowserSelenium] (_getByLocator) -> Locator info found for XPATH attribute as: (//span[text()='Customers'])[2]
14:39:20,989 INFO  [BrowserSelenium] ENTER --> (_parseElementOnXpath)
14:39:20,989 INFO  [BrowserSelenium] (_parseElementOnXpath) -> (//span[text()='Customers'])[2] is used
14:39:20,989 INFO  [BrowserSelenium] EXIT --> (_parseElementOnXpath)
14:39:20,990 INFO  [BrowserSelenium] EXIT --> (_getByLocator)
14:39:21,008 INFO  [BrowserSelenium] ENTER --> (_getByLocator)
14:39:21,008 INFO  [BrowserSelenium] (_getByLocator) -> Getting locator for null
14:39:21,008 INFO  [BrowserSelenium] (_getByLocator) -> Locator info found for XPATH attribute as: (//span[text()='Customers'])[2]
14:39:21,008 INFO  [BrowserSelenium] ENTER --> (_parseElementOnXpath)
14:39:21,008 INFO  [BrowserSelenium] (_parseElementOnXpath) -> (//span[text()='Customers'])[2] is used
14:39:21,008 INFO  [BrowserSelenium] EXIT --> (_parseElementOnXpath)
14:39:21,009 INFO  [BrowserSelenium] EXIT --> (_getByLocator)
14:39:21,027 INFO  [BrowserSelenium] ENTER --> (_getByLocator)
14:39:21,027 INFO  [BrowserSelenium] (_getByLocator) -> Getting locator for null
14:39:21,027 INFO  [BrowserSelenium] (_getByLocator) -> Locator info found for XPATH attribute as: (//span[text()='Customers'])[2]
14:39:21,027 INFO  [BrowserSelenium] ENTER --> (_parseElementOnXpath)
14:39:21,027 INFO  [BrowserSelenium] (_parseElementOnXpath) -> (//span[text()='Customers'])[2] is used
14:39:21,027 INFO  [BrowserSelenium] EXIT --> (_parseElementOnXpath)
14:39:21,027 INFO  [BrowserSelenium] EXIT --> (_getByLocator)
14:39:21,047 INFO  [BrowserSelenium] ENTER --> (_getByLocator)
14:39:21,047 INFO  [BrowserSelenium] (_getByLocator) -> Getting locator for null
14:39:21,047 INFO  [BrowserSelenium] (_getByLocator) -> Locator info found for XPATH attribute as: (//span[text()='Customers'])[2]
14:39:21,047 INFO  [BrowserSelenium] ENTER --> (_parseElementOnXpath)
14:39:21,047 INFO  [BrowserSelenium] (_parseElementOnXpath) -> (//span[text()='Customers'])[2] is used
14:39:21,048 INFO  [BrowserSelenium] EXIT --> (_parseElementOnXpath)
14:39:21,048 INFO  [BrowserSelenium] EXIT --> (_getByLocator)
14:39:21,068 INFO  [BrowserSelenium] ENTER --> (_getByLocator)
14:39:21,068 INFO  [BrowserSelenium] (_getByLocator) -> Getting locator for null
14:39:21,068 INFO  [BrowserSelenium] (_getByLocator) -> Locator info found for XPATH attribute as: (//span[text()='Customers'])[2]
14:39:21,068 INFO  [BrowserSelenium] ENTER --> (_parseElementOnXpath)
14:39:21,068 INFO  [BrowserSelenium] (_parseElementOnXpath) -> (//span[text()='Customers'])[2] is used
14:39:21,068 INFO  [BrowserSelenium] EXIT --> (_parseElementOnXpath)
14:39:21,069 INFO  [BrowserSelenium] EXIT --> (_getByLocator)
14:39:21,087 INFO  [BrowserSelenium] ENTER --> (_getByLocator)
14:39:21,087 INFO  [BrowserSelenium] (_getByLocator) -> Getting locator for null
14:39:21,087 INFO  [BrowserSelenium] (_getByLocator) -> Locator info found for XPATH attribute as: (//span[text()='Customers'])[2]
14:39:21,088 INFO  [BrowserSelenium] ENTER --> (_parseElementOnXpath)
14:39:21,088 INFO  [BrowserSelenium] (_parseElementOnXpath) -> (//span[text()='Customers'])[2] is used
14:39:21,088 INFO  [BrowserSelenium] EXIT --> (_parseElementOnXpath)
14:39:21,088 INFO  [BrowserSelenium] EXIT --> (_getByLocator)
14:39:21,108 INFO  [BrowserSelenium] ENTER --> (_getByLocator)
14:39:21,108 INFO  [BrowserSelenium] (_getByLocator) -> Getting locator for null
14:39:21,109 INFO  [BrowserSelenium] (_getByLocator) -> Locator info found for XPATH attribute as: (//span[text()='Customers'])[2]
14:39:21,109 INFO  [BrowserSelenium] ENTER --> (_parseElementOnXpath)
14:39:21,109 INFO  [BrowserSelenium] (_parseElementOnXpath) -> (//span[text()='Customers'])[2] is used
14:39:21,109 INFO  [BrowserSelenium] EXIT --> (_parseElementOnXpath)
14:39:21,109 INFO  [BrowserSelenium] EXIT --> (_getByLocator)
14:39:21,126 INFO  [BrowserSelenium] ENTER --> (_getByLocator)
14:39:21,126 INFO  [BrowserSelenium] (_getByLocator) -> Getting locator for null
14:39:21,126 INFO  [BrowserSelenium] (_getByLocator) -> Locator info found for XPATH attribute as: (//span[text()='Customers'])[2]
14:39:21,126 INFO  [BrowserSelenium] ENTER --> (_parseElementOnXpath)
14:39:21,127 INFO  [BrowserSelenium] (_parseElementOnXpath) -> (//span[text()='Customers'])[2] is used
14:39:21,127 INFO  [BrowserSelenium] EXIT --> (_parseElementOnXpath)
14:39:21,127 INFO  [BrowserSelenium] EXIT --> (_getByLocator)
14:39:21,146 INFO  [BrowserSelenium] ENTER --> (_getByLocator)
14:39:21,146 INFO  [BrowserSelenium] (_getByLocator) -> Getting locator for null
14:39:21,146 INFO  [BrowserSelenium] (_getByLocator) -> Locator info found for XPATH attribute as: (//span[text()='Customers'])[2]
14:39:21,147 INFO  [BrowserSelenium] ENTER --> (_parseElementOnXpath)
14:39:21,147 INFO  [BrowserSelenium] (_parseElementOnXpath) -> (//span[text()='Customers'])[2] is used
14:39:21,147 INFO  [BrowserSelenium] EXIT --> (_parseElementOnXpath)
14:39:21,147 INFO  [BrowserSelenium] EXIT --> (_getByLocator)
14:39:21,172 INFO  [BrowserSelenium] ENTER --> (_getByLocator)
14:39:21,172 INFO  [BrowserSelenium] (_getByLocator) -> Getting locator for null
14:39:21,172 INFO  [BrowserSelenium] (_getByLocator) -> Locator info found for XPATH attribute as: (//span[text()='Customers'])[2]
14:39:21,172 INFO  [BrowserSelenium] ENTER --> (_parseElementOnXpath)
14:39:21,172 INFO  [BrowserSelenium] (_parseElementOnXpath) -> (//span[text()='Customers'])[2] is used
14:39:21,173 INFO  [BrowserSelenium] EXIT --> (_parseElementOnXpath)
14:39:21,173 INFO  [BrowserSelenium] EXIT --> (_getByLocator)
14:39:21,199 INFO  [BrowserSelenium] ENTER --> (_getByLocator)
14:39:21,199 INFO  [BrowserSelenium] (_getByLocator) -> Getting locator for null
14:39:21,199 INFO  [BrowserSelenium] (_getByLocator) -> Locator info found for XPATH attribute as: (//span[text()='Customers'])[2]
14:39:21,199 INFO  [BrowserSelenium] ENTER --> (_parseElementOnXpath)
14:39:21,200 INFO  [BrowserSelenium] (_parseElementOnXpath) -> (//span[text()='Customers'])[2] is used
14:39:21,200 INFO  [BrowserSelenium] EXIT --> (_parseElementOnXpath)
14:39:21,200 INFO  [BrowserSelenium] EXIT --> (_getByLocator)
14:39:21,227 INFO  [BrowserSelenium] ENTER --> (_getByLocator)
14:39:21,227 INFO  [BrowserSelenium] (_getByLocator) -> Getting locator for null
14:39:21,228 INFO  [BrowserSelenium] (_getByLocator) -> Locator info found for XPATH attribute as: (//span[text()='Customers'])[2]
14:39:21,228 INFO  [BrowserSelenium] ENTER --> (_parseElementOnXpath)
14:39:21,228 INFO  [BrowserSelenium] (_parseElementOnXpath) -> (//span[text()='Customers'])[2] is used
14:39:21,228 INFO  [BrowserSelenium] EXIT --> (_parseElementOnXpath)
14:39:21,228 INFO  [BrowserSelenium] EXIT --> (_getByLocator)
14:39:21,260 INFO  [BrowserSelenium] ENTER --> (_getByLocator)
14:39:21,260 INFO  [BrowserSelenium] (_getByLocator) -> Getting locator for null
14:39:21,260 INFO  [BrowserSelenium] (_getByLocator) -> Locator info found for XPATH attribute as: (//span[text()='Customers'])[2]
14:39:21,261 INFO  [BrowserSelenium] ENTER --> (_parseElementOnXpath)
14:39:21,261 INFO  [BrowserSelenium] (_parseElementOnXpath) -> (//span[text()='Customers'])[2] is used
14:39:21,261 INFO  [BrowserSelenium] EXIT --> (_parseElementOnXpath)
14:39:21,261 INFO  [BrowserSelenium] EXIT --> (_getByLocator)
14:39:21,287 INFO  [BrowserSelenium] ENTER --> (_getByLocator)
14:39:21,287 INFO  [BrowserSelenium] (_getByLocator) -> Getting locator for null
14:39:21,287 INFO  [BrowserSelenium] (_getByLocator) -> Locator info found for XPATH attribute as: (//span[text()='Customers'])[2]
14:39:21,287 INFO  [BrowserSelenium] ENTER --> (_parseElementOnXpath)
14:39:21,287 INFO  [BrowserSelenium] (_parseElementOnXpath) -> (//span[text()='Customers'])[2] is used
14:39:21,288 INFO  [BrowserSelenium] EXIT --> (_parseElementOnXpath)
14:39:21,288 INFO  [BrowserSelenium] EXIT --> (_getByLocator)
14:39:21,310 INFO  [BrowserSelenium] ENTER --> (_getByLocator)
14:39:21,310 INFO  [BrowserSelenium] (_getByLocator) -> Getting locator for null
14:39:21,310 INFO  [BrowserSelenium] (_getByLocator) -> Locator info found for XPATH attribute as: (//span[text()='Customers'])[2]
14:39:21,311 INFO  [BrowserSelenium] ENTER --> (_parseElementOnXpath)
14:39:21,311 INFO  [BrowserSelenium] (_parseElementOnXpath) -> (//span[text()='Customers'])[2] is used
14:39:21,311 INFO  [BrowserSelenium] EXIT --> (_parseElementOnXpath)
14:39:21,311 INFO  [BrowserSelenium] EXIT --> (_getByLocator)
14:39:21,328 INFO  [BrowserSelenium] ENTER --> (_getByLocator)
14:39:21,329 INFO  [BrowserSelenium] (_getByLocator) -> Getting locator for null
14:39:21,329 INFO  [BrowserSelenium] (_getByLocator) -> Locator info found for XPATH attribute as: (//span[text()='Customers'])[2]
14:39:21,329 INFO  [BrowserSelenium] ENTER --> (_parseElementOnXpath)
14:39:21,329 INFO  [BrowserSelenium] (_parseElementOnXpath) -> (//span[text()='Customers'])[2] is used
14:39:21,329 INFO  [BrowserSelenium] EXIT --> (_parseElementOnXpath)
14:39:21,329 INFO  [BrowserSelenium] EXIT --> (_getByLocator)
14:39:21,347 INFO  [BrowserSelenium] ENTER --> (_getByLocator)
14:39:21,347 INFO  [BrowserSelenium] (_getByLocator) -> Getting locator for null
14:39:21,347 INFO  [BrowserSelenium] (_getByLocator) -> Locator info found for XPATH attribute as: (//span[text()='Customers'])[2]
14:39:21,347 INFO  [BrowserSelenium] ENTER --> (_parseElementOnXpath)
14:39:21,347 INFO  [BrowserSelenium] (_parseElementOnXpath) -> (//span[text()='Customers'])[2] is used
14:39:21,347 INFO  [BrowserSelenium] EXIT --> (_parseElementOnXpath)
14:39:21,348 INFO  [BrowserSelenium] EXIT --> (_getByLocator)
14:39:21,367 INFO  [BrowserSelenium] ENTER --> (_getByLocator)
14:39:21,367 INFO  [BrowserSelenium] (_getByLocator) -> Getting locator for null
14:39:21,367 INFO  [BrowserSelenium] (_getByLocator) -> Locator info found for XPATH attribute as: (//span[text()='Customers'])[2]
14:39:21,368 INFO  [BrowserSelenium] ENTER --> (_parseElementOnXpath)
14:39:21,368 INFO  [BrowserSelenium] (_parseElementOnXpath) -> (//span[text()='Customers'])[2] is used
14:39:21,368 INFO  [BrowserSelenium] EXIT --> (_parseElementOnXpath)
14:39:21,368 INFO  [BrowserSelenium] EXIT --> (_getByLocator)
14:39:21,390 INFO  [BrowserSelenium] ENTER --> (_getByLocator)
14:39:21,390 INFO  [BrowserSelenium] (_getByLocator) -> Getting locator for null
14:39:21,390 INFO  [BrowserSelenium] (_getByLocator) -> Locator info found for XPATH attribute as: (//span[text()='Customers'])[2]
14:39:21,390 INFO  [BrowserSelenium] ENTER --> (_parseElementOnXpath)
14:39:21,390 INFO  [BrowserSelenium] (_parseElementOnXpath) -> (//span[text()='Customers'])[2] is used
14:39:21,391 INFO  [BrowserSelenium] EXIT --> (_parseElementOnXpath)
14:39:21,391 INFO  [BrowserSelenium] EXIT --> (_getByLocator)
14:39:21,409 INFO  [BrowserSelenium] ENTER --> (_getByLocator)
14:39:21,409 INFO  [BrowserSelenium] (_getByLocator) -> Getting locator for null
14:39:21,409 INFO  [BrowserSelenium] (_getByLocator) -> Locator info found for XPATH attribute as: (//span[text()='Customers'])[2]
14:39:21,409 INFO  [BrowserSelenium] ENTER --> (_parseElementOnXpath)
14:39:21,410 INFO  [BrowserSelenium] (_parseElementOnXpath) -> (//span[text()='Customers'])[2] is used
14:39:21,410 INFO  [BrowserSelenium] EXIT --> (_parseElementOnXpath)
14:39:21,410 INFO  [BrowserSelenium] EXIT --> (_getByLocator)
14:39:21,428 INFO  [BrowserSelenium] ENTER --> (_getByLocator)
14:39:21,428 INFO  [BrowserSelenium] (_getByLocator) -> Getting locator for null
14:39:21,428 INFO  [BrowserSelenium] (_getByLocator) -> Locator info found for XPATH attribute as: (//span[text()='Customers'])[2]
14:39:21,428 INFO  [BrowserSelenium] ENTER --> (_parseElementOnXpath)
14:39:21,428 INFO  [BrowserSelenium] (_parseElementOnXpath) -> (//span[text()='Customers'])[2] is used
14:39:21,428 INFO  [BrowserSelenium] EXIT --> (_parseElementOnXpath)
14:39:21,429 INFO  [BrowserSelenium] EXIT --> (_getByLocator)
14:39:21,445 INFO  [BrowserSelenium] ENTER --> (_getByLocator)
14:39:21,446 INFO  [BrowserSelenium] (_getByLocator) -> Getting locator for null
14:39:21,446 INFO  [BrowserSelenium] (_getByLocator) -> Locator info found for XPATH attribute as: (//span[text()='Customers'])[2]
14:39:21,446 INFO  [BrowserSelenium] ENTER --> (_parseElementOnXpath)
14:39:21,446 INFO  [BrowserSelenium] (_parseElementOnXpath) -> (//span[text()='Customers'])[2] is used
14:39:21,446 INFO  [BrowserSelenium] EXIT --> (_parseElementOnXpath)
14:39:21,446 INFO  [BrowserSelenium] EXIT --> (_getByLocator)
14:39:21,465 INFO  [BrowserSelenium] ENTER --> (_getByLocator)
14:39:21,465 INFO  [BrowserSelenium] (_getByLocator) -> Getting locator for null
14:39:21,465 INFO  [BrowserSelenium] (_getByLocator) -> Locator info found for XPATH attribute as: (//span[text()='Customers'])[2]
14:39:21,465 INFO  [BrowserSelenium] ENTER --> (_parseElementOnXpath)
14:39:21,465 INFO  [BrowserSelenium] (_parseElementOnXpath) -> (//span[text()='Customers'])[2] is used
14:39:21,465 INFO  [BrowserSelenium] EXIT --> (_parseElementOnXpath)
14:39:21,465 INFO  [BrowserSelenium] EXIT --> (_getByLocator)
14:39:21,486 INFO  [BrowserSelenium] ENTER --> (_getByLocator)
14:39:21,486 INFO  [BrowserSelenium] (_getByLocator) -> Getting locator for null
14:39:21,486 INFO  [BrowserSelenium] (_getByLocator) -> Locator info found for XPATH attribute as: (//span[text()='Customers'])[2]
14:39:21,486 INFO  [BrowserSelenium] ENTER --> (_parseElementOnXpath)
14:39:21,486 INFO  [BrowserSelenium] (_parseElementOnXpath) -> (//span[text()='Customers'])[2] is used
14:39:21,487 INFO  [BrowserSelenium] EXIT --> (_parseElementOnXpath)
14:39:21,487 INFO  [BrowserSelenium] EXIT --> (_getByLocator)
14:39:21,505 INFO  [BrowserSelenium] ENTER --> (_getByLocator)
14:39:21,505 INFO  [BrowserSelenium] (_getByLocator) -> Getting locator for null
14:39:21,505 INFO  [BrowserSelenium] (_getByLocator) -> Locator info found for XPATH attribute as: (//span[text()='Customers'])[2]
14:39:21,505 INFO  [BrowserSelenium] ENTER --> (_parseElementOnXpath)
14:39:21,505 INFO  [BrowserSelenium] (_parseElementOnXpath) -> (//span[text()='Customers'])[2] is used
14:39:21,506 INFO  [BrowserSelenium] EXIT --> (_parseElementOnXpath)
14:39:21,506 INFO  [BrowserSelenium] EXIT --> (_getByLocator)
14:39:21,523 INFO  [BrowserSelenium] ENTER --> (_getByLocator)
14:39:21,523 INFO  [BrowserSelenium] (_getByLocator) -> Getting locator for null
14:39:21,524 INFO  [BrowserSelenium] (_getByLocator) -> Locator info found for XPATH attribute as: (//span[text()='Customers'])[2]
14:39:21,524 INFO  [BrowserSelenium] ENTER --> (_parseElementOnXpath)
14:39:21,524 INFO  [BrowserSelenium] (_parseElementOnXpath) -> (//span[text()='Customers'])[2] is used
14:39:21,524 INFO  [BrowserSelenium] EXIT --> (_parseElementOnXpath)
14:39:21,524 INFO  [BrowserSelenium] EXIT --> (_getByLocator)
14:39:21,548 INFO  [BrowserSelenium] ENTER --> (_getByLocator)
14:39:21,548 INFO  [BrowserSelenium] (_getByLocator) -> Getting locator for null
14:39:21,548 INFO  [BrowserSelenium] (_getByLocator) -> Locator info found for XPATH attribute as: (//span[text()='Customers'])[2]
14:39:21,548 INFO  [BrowserSelenium] ENTER --> (_parseElementOnXpath)
14:39:21,548 INFO  [BrowserSelenium] (_parseElementOnXpath) -> (//span[text()='Customers'])[2] is used
14:39:21,549 INFO  [BrowserSelenium] EXIT --> (_parseElementOnXpath)
14:39:21,549 INFO  [BrowserSelenium] EXIT --> (_getByLocator)
14:39:21,572 INFO  [BrowserSelenium] ENTER --> (_getByLocator)
14:39:21,572 INFO  [BrowserSelenium] (_getByLocator) -> Getting locator for null
14:39:21,572 INFO  [BrowserSelenium] (_getByLocator) -> Locator info found for XPATH attribute as: (//span[text()='Customers'])[2]
14:39:21,572 INFO  [BrowserSelenium] ENTER --> (_parseElementOnXpath)
14:39:21,572 INFO  [BrowserSelenium] (_parseElementOnXpath) -> (//span[text()='Customers'])[2] is used
14:39:21,572 INFO  [BrowserSelenium] EXIT --> (_parseElementOnXpath)
14:39:21,572 INFO  [BrowserSelenium] EXIT --> (_getByLocator)
14:39:21,592 INFO  [BrowserSelenium] ENTER --> (_getByLocator)
14:39:21,593 INFO  [BrowserSelenium] (_getByLocator) -> Getting locator for null
14:39:21,593 INFO  [BrowserSelenium] (_getByLocator) -> Locator info found for XPATH attribute as: (//span[text()='Customers'])[2]
14:39:21,593 INFO  [BrowserSelenium] ENTER --> (_parseElementOnXpath)
14:39:21,593 INFO  [BrowserSelenium] (_parseElementOnXpath) -> (//span[text()='Customers'])[2] is used
14:39:21,593 INFO  [BrowserSelenium] EXIT --> (_parseElementOnXpath)
14:39:21,593 INFO  [BrowserSelenium] EXIT --> (_getByLocator)
14:39:21,610 INFO  [BrowserSelenium] ENTER --> (_getByLocator)
14:39:21,610 INFO  [BrowserSelenium] (_getByLocator) -> Getting locator for null
14:39:21,610 INFO  [BrowserSelenium] (_getByLocator) -> Locator info found for XPATH attribute as: (//span[text()='Customers'])[2]
14:39:21,611 INFO  [BrowserSelenium] ENTER --> (_parseElementOnXpath)
14:39:21,611 INFO  [BrowserSelenium] (_parseElementOnXpath) -> (//span[text()='Customers'])[2] is used
14:39:21,611 INFO  [BrowserSelenium] EXIT --> (_parseElementOnXpath)
14:39:21,611 INFO  [BrowserSelenium] EXIT --> (_getByLocator)
14:39:21,628 INFO  [BrowserSelenium] ENTER --> (_getByLocator)
14:39:21,629 INFO  [BrowserSelenium] (_getByLocator) -> Getting locator for null
14:39:21,629 INFO  [BrowserSelenium] (_getByLocator) -> Locator info found for XPATH attribute as: (//span[text()='Customers'])[2]
14:39:21,629 INFO  [BrowserSelenium] ENTER --> (_parseElementOnXpath)
14:39:21,629 INFO  [BrowserSelenium] (_parseElementOnXpath) -> (//span[text()='Customers'])[2] is used
14:39:21,629 INFO  [BrowserSelenium] EXIT --> (_parseElementOnXpath)
14:39:21,629 INFO  [BrowserSelenium] EXIT --> (_getByLocator)
14:39:21,677 INFO  [BrowserSelenium] ENTER --> (_getByLocator)
14:39:21,677 INFO  [BrowserSelenium] (_getByLocator) -> Getting locator for null
14:39:21,677 INFO  [BrowserSelenium] (_getByLocator) -> Locator info found for XPATH attribute as: (//span[text()='Customers'])[2]
14:39:21,677 INFO  [BrowserSelenium] ENTER --> (_parseElementOnXpath)
14:39:21,677 INFO  [BrowserSelenium] (_parseElementOnXpath) -> (//span[text()='Customers'])[2] is used
14:39:21,677 INFO  [BrowserSelenium] EXIT --> (_parseElementOnXpath)
14:39:21,677 INFO  [BrowserSelenium] EXIT --> (_getByLocator)
14:39:21,701 INFO  [BrowserSelenium] ENTER --> (_getByLocator)
14:39:21,702 INFO  [BrowserSelenium] (_getByLocator) -> Getting locator for null
14:39:21,702 INFO  [BrowserSelenium] (_getByLocator) -> Locator info found for XPATH attribute as: (//span[text()='Customers'])[2]
14:39:21,702 INFO  [BrowserSelenium] ENTER --> (_parseElementOnXpath)
14:39:21,702 INFO  [BrowserSelenium] (_parseElementOnXpath) -> (//span[text()='Customers'])[2] is used
14:39:21,702 INFO  [BrowserSelenium] EXIT --> (_parseElementOnXpath)
14:39:21,702 INFO  [BrowserSelenium] EXIT --> (_getByLocator)
14:39:21,719 INFO  [BrowserSelenium] ENTER --> (_getByLocator)
14:39:21,719 INFO  [BrowserSelenium] (_getByLocator) -> Getting locator for null
14:39:21,719 INFO  [BrowserSelenium] (_getByLocator) -> Locator info found for XPATH attribute as: (//span[text()='Customers'])[2]
14:39:21,719 INFO  [BrowserSelenium] ENTER --> (_parseElementOnXpath)
14:39:21,719 INFO  [BrowserSelenium] (_parseElementOnXpath) -> (//span[text()='Customers'])[2] is used
14:39:21,719 INFO  [BrowserSelenium] EXIT --> (_parseElementOnXpath)
14:39:21,719 INFO  [BrowserSelenium] EXIT --> (_getByLocator)
14:39:21,736 INFO  [BrowserSelenium] ENTER --> (_getByLocator)
14:39:21,736 INFO  [BrowserSelenium] (_getByLocator) -> Getting locator for null
14:39:21,736 INFO  [BrowserSelenium] (_getByLocator) -> Locator info found for XPATH attribute as: (//span[text()='Customers'])[2]
14:39:21,736 INFO  [BrowserSelenium] ENTER --> (_parseElementOnXpath)
14:39:21,736 INFO  [BrowserSelenium] (_parseElementOnXpath) -> (//span[text()='Customers'])[2] is used
14:39:21,736 INFO  [BrowserSelenium] EXIT --> (_parseElementOnXpath)
14:39:21,736 INFO  [BrowserSelenium] EXIT --> (_getByLocator)
14:39:21,753 INFO  [BrowserSelenium] ENTER --> (_getByLocator)
14:39:21,753 INFO  [BrowserSelenium] (_getByLocator) -> Getting locator for null
14:39:21,753 INFO  [BrowserSelenium] (_getByLocator) -> Locator info found for XPATH attribute as: (//span[text()='Customers'])[2]
14:39:21,753 INFO  [BrowserSelenium] ENTER --> (_parseElementOnXpath)
14:39:21,753 INFO  [BrowserSelenium] (_parseElementOnXpath) -> (//span[text()='Customers'])[2] is used
14:39:21,753 INFO  [BrowserSelenium] EXIT --> (_parseElementOnXpath)
14:39:21,754 INFO  [BrowserSelenium] EXIT --> (_getByLocator)
14:39:21,771 INFO  [BrowserSelenium] ENTER --> (_getByLocator)
14:39:21,771 INFO  [BrowserSelenium] (_getByLocator) -> Getting locator for null
14:39:21,771 INFO  [BrowserSelenium] (_getByLocator) -> Locator info found for XPATH attribute as: (//span[text()='Customers'])[2]
14:39:21,772 INFO  [BrowserSelenium] ENTER --> (_parseElementOnXpath)
14:39:21,772 INFO  [BrowserSelenium] (_parseElementOnXpath) -> (//span[text()='Customers'])[2] is used
14:39:21,772 INFO  [BrowserSelenium] EXIT --> (_parseElementOnXpath)
14:39:21,772 INFO  [BrowserSelenium] EXIT --> (_getByLocator)
14:39:21,788 INFO  [BrowserSelenium] ENTER --> (_getByLocator)
14:39:21,788 INFO  [BrowserSelenium] (_getByLocator) -> Getting locator for null
14:39:21,789 INFO  [BrowserSelenium] (_getByLocator) -> Locator info found for XPATH attribute as: (//span[text()='Customers'])[2]
14:39:21,789 INFO  [BrowserSelenium] ENTER --> (_parseElementOnXpath)
14:39:21,789 INFO  [BrowserSelenium] (_parseElementOnXpath) -> (//span[text()='Customers'])[2] is used
14:39:21,789 INFO  [BrowserSelenium] EXIT --> (_parseElementOnXpath)
14:39:21,789 INFO  [BrowserSelenium] EXIT --> (_getByLocator)
14:39:21,805 INFO  [BrowserSelenium] ENTER --> (_getByLocator)
14:39:21,805 INFO  [BrowserSelenium] (_getByLocator) -> Getting locator for null
14:39:21,806 INFO  [BrowserSelenium] (_getByLocator) -> Locator info found for XPATH attribute as: (//span[text()='Customers'])[2]
14:39:21,806 INFO  [BrowserSelenium] ENTER --> (_parseElementOnXpath)
14:39:21,806 INFO  [BrowserSelenium] (_parseElementOnXpath) -> (//span[text()='Customers'])[2] is used
14:39:21,806 INFO  [BrowserSelenium] EXIT --> (_parseElementOnXpath)
14:39:21,806 INFO  [BrowserSelenium] EXIT --> (_getByLocator)
14:39:21,823 INFO  [BrowserSelenium] ENTER --> (_getByLocator)
14:39:21,823 INFO  [BrowserSelenium] (_getByLocator) -> Getting locator for null
14:39:21,823 INFO  [BrowserSelenium] (_getByLocator) -> Locator info found for XPATH attribute as: (//span[text()='Customers'])[2]
14:39:21,824 INFO  [BrowserSelenium] ENTER --> (_parseElementOnXpath)
14:39:21,824 INFO  [BrowserSelenium] (_parseElementOnXpath) -> (//span[text()='Customers'])[2] is used
14:39:21,824 INFO  [BrowserSelenium] EXIT --> (_parseElementOnXpath)
14:39:21,824 INFO  [BrowserSelenium] EXIT --> (_getByLocator)
14:39:21,840 INFO  [BrowserSelenium] ENTER --> (_getByLocator)
14:39:21,841 INFO  [BrowserSelenium] (_getByLocator) -> Getting locator for null
14:39:21,841 INFO  [BrowserSelenium] (_getByLocator) -> Locator info found for XPATH attribute as: (//span[text()='Customers'])[2]
14:39:21,841 INFO  [BrowserSelenium] ENTER --> (_parseElementOnXpath)
14:39:21,841 INFO  [BrowserSelenium] (_parseElementOnXpath) -> (//span[text()='Customers'])[2] is used
14:39:21,841 INFO  [BrowserSelenium] EXIT --> (_parseElementOnXpath)
14:39:21,841 INFO  [BrowserSelenium] EXIT --> (_getByLocator)
14:39:21,857 INFO  [BrowserSelenium] ENTER --> (_getByLocator)
14:39:21,858 INFO  [BrowserSelenium] (_getByLocator) -> Getting locator for null
14:39:21,858 INFO  [BrowserSelenium] (_getByLocator) -> Locator info found for XPATH attribute as: (//span[text()='Customers'])[2]
14:39:21,858 INFO  [BrowserSelenium] ENTER --> (_parseElementOnXpath)
14:39:21,858 INFO  [BrowserSelenium] (_parseElementOnXpath) -> (//span[text()='Customers'])[2] is used
14:39:21,858 INFO  [BrowserSelenium] EXIT --> (_parseElementOnXpath)
14:39:21,858 INFO  [BrowserSelenium] EXIT --> (_getByLocator)
14:39:21,876 INFO  [BrowserSelenium] ENTER --> (_getByLocator)
14:39:21,876 INFO  [BrowserSelenium] (_getByLocator) -> Getting locator for null
14:39:21,876 INFO  [BrowserSelenium] (_getByLocator) -> Locator info found for XPATH attribute as: (//span[text()='Customers'])[2]
14:39:21,876 INFO  [BrowserSelenium] ENTER --> (_parseElementOnXpath)
14:39:21,876 INFO  [BrowserSelenium] (_parseElementOnXpath) -> (//span[text()='Customers'])[2] is used
14:39:21,876 INFO  [BrowserSelenium] EXIT --> (_parseElementOnXpath)
14:39:21,876 INFO  [BrowserSelenium] EXIT --> (_getByLocator)
14:39:21,893 INFO  [BrowserSelenium] ENTER --> (_getByLocator)
14:39:21,894 INFO  [BrowserSelenium] (_getByLocator) -> Getting locator for null
14:39:21,894 INFO  [BrowserSelenium] (_getByLocator) -> Locator info found for XPATH attribute as: (//span[text()='Customers'])[2]
14:39:21,894 INFO  [BrowserSelenium] ENTER --> (_parseElementOnXpath)
14:39:21,894 INFO  [BrowserSelenium] (_parseElementOnXpath) -> (//span[text()='Customers'])[2] is used
14:39:21,894 INFO  [BrowserSelenium] EXIT --> (_parseElementOnXpath)
14:39:21,894 INFO  [BrowserSelenium] EXIT --> (_getByLocator)
14:39:21,912 INFO  [BrowserSelenium] ENTER --> (_getByLocator)
14:39:21,912 INFO  [BrowserSelenium] (_getByLocator) -> Getting locator for null
14:39:21,912 INFO  [BrowserSelenium] (_getByLocator) -> Locator info found for XPATH attribute as: (//span[text()='Customers'])[2]
14:39:21,912 INFO  [BrowserSelenium] ENTER --> (_parseElementOnXpath)
14:39:21,912 INFO  [BrowserSelenium] (_parseElementOnXpath) -> (//span[text()='Customers'])[2] is used
14:39:21,912 INFO  [BrowserSelenium] EXIT --> (_parseElementOnXpath)
14:39:21,912 INFO  [BrowserSelenium] EXIT --> (_getByLocator)
14:39:21,931 INFO  [BrowserSelenium] ENTER --> (_getByLocator)
14:39:21,931 INFO  [BrowserSelenium] (_getByLocator) -> Getting locator for null
14:39:21,931 INFO  [BrowserSelenium] (_getByLocator) -> Locator info found for XPATH attribute as: (//span[text()='Customers'])[2]
14:39:21,931 INFO  [BrowserSelenium] ENTER --> (_parseElementOnXpath)
14:39:21,931 INFO  [BrowserSelenium] (_parseElementOnXpath) -> (//span[text()='Customers'])[2] is used
14:39:21,931 INFO  [BrowserSelenium] EXIT --> (_parseElementOnXpath)
14:39:21,931 INFO  [BrowserSelenium] EXIT --> (_getByLocator)
14:39:21,949 INFO  [BrowserSelenium] ENTER --> (_getByLocator)
14:39:21,949 INFO  [BrowserSelenium] (_getByLocator) -> Getting locator for null
14:39:21,949 INFO  [BrowserSelenium] (_getByLocator) -> Locator info found for XPATH attribute as: (//span[text()='Customers'])[2]
14:39:21,949 INFO  [BrowserSelenium] ENTER --> (_parseElementOnXpath)
14:39:21,949 INFO  [BrowserSelenium] (_parseElementOnXpath) -> (//span[text()='Customers'])[2] is used
14:39:21,949 INFO  [BrowserSelenium] EXIT --> (_parseElementOnXpath)
14:39:21,950 INFO  [BrowserSelenium] EXIT --> (_getByLocator)
14:39:21,967 INFO  [BrowserSelenium] ENTER --> (_getByLocator)
14:39:21,967 INFO  [BrowserSelenium] (_getByLocator) -> Getting locator for null
14:39:21,967 INFO  [BrowserSelenium] (_getByLocator) -> Locator info found for XPATH attribute as: (//span[text()='Customers'])[2]
14:39:21,967 INFO  [BrowserSelenium] ENTER --> (_parseElementOnXpath)
14:39:21,968 INFO  [BrowserSelenium] (_parseElementOnXpath) -> (//span[text()='Customers'])[2] is used
14:39:21,968 INFO  [BrowserSelenium] EXIT --> (_parseElementOnXpath)
14:39:21,968 INFO  [BrowserSelenium] EXIT --> (_getByLocator)
14:39:21,986 INFO  [BrowserSelenium] ENTER --> (_getByLocator)
14:39:21,986 INFO  [BrowserSelenium] (_getByLocator) -> Getting locator for null
14:39:21,986 INFO  [BrowserSelenium] (_getByLocator) -> Locator info found for XPATH attribute as: (//span[text()='Customers'])[2]
14:39:21,986 INFO  [BrowserSelenium] ENTER --> (_parseElementOnXpath)
14:39:21,986 INFO  [BrowserSelenium] (_parseElementOnXpath) -> (//span[text()='Customers'])[2] is used
14:39:21,986 INFO  [BrowserSelenium] EXIT --> (_parseElementOnXpath)
14:39:21,987 INFO  [BrowserSelenium] EXIT --> (_getByLocator)
14:39:22,005 INFO  [BrowserSelenium] ENTER --> (_getByLocator)
14:39:22,005 INFO  [BrowserSelenium] (_getByLocator) -> Getting locator for null
14:39:22,005 INFO  [BrowserSelenium] (_getByLocator) -> Locator info found for XPATH attribute as: (//span[text()='Customers'])[2]
14:39:22,005 INFO  [BrowserSelenium] ENTER --> (_parseElementOnXpath)
14:39:22,005 INFO  [BrowserSelenium] (_parseElementOnXpath) -> (//span[text()='Customers'])[2] is used
14:39:22,005 INFO  [BrowserSelenium] EXIT --> (_parseElementOnXpath)
14:39:22,005 INFO  [BrowserSelenium] EXIT --> (_getByLocator)
14:39:22,026 INFO  [BrowserSelenium] ENTER --> (_getByLocator)
14:39:22,027 INFO  [BrowserSelenium] (_getByLocator) -> Getting locator for null
14:39:22,027 INFO  [BrowserSelenium] (_getByLocator) -> Locator info found for XPATH attribute as: (//span[text()='Customers'])[2]
14:39:22,027 INFO  [BrowserSelenium] ENTER --> (_parseElementOnXpath)
14:39:22,027 INFO  [BrowserSelenium] (_parseElementOnXpath) -> (//span[text()='Customers'])[2] is used
14:39:22,027 INFO  [BrowserSelenium] EXIT --> (_parseElementOnXpath)
14:39:22,027 INFO  [BrowserSelenium] EXIT --> (_getByLocator)
14:39:22,055 INFO  [BrowserSelenium] ENTER --> (_getByLocator)
14:39:22,055 INFO  [BrowserSelenium] (_getByLocator) -> Getting locator for null
14:39:22,056 INFO  [BrowserSelenium] (_getByLocator) -> Locator info found for XPATH attribute as: (//span[text()='Customers'])[2]
14:39:22,056 INFO  [BrowserSelenium] ENTER --> (_parseElementOnXpath)
14:39:22,056 INFO  [BrowserSelenium] (_parseElementOnXpath) -> (//span[text()='Customers'])[2] is used
14:39:22,056 INFO  [BrowserSelenium] EXIT --> (_parseElementOnXpath)
14:39:22,056 INFO  [BrowserSelenium] EXIT --> (_getByLocator)
14:39:22,086 INFO  [BrowserSelenium] ENTER --> (_getByLocator)
14:39:22,086 INFO  [BrowserSelenium] (_getByLocator) -> Getting locator for null
14:39:22,086 INFO  [BrowserSelenium] (_getByLocator) -> Locator info found for XPATH attribute as: (//span[text()='Customers'])[2]
14:39:22,086 INFO  [BrowserSelenium] ENTER --> (_parseElementOnXpath)
14:39:22,086 INFO  [BrowserSelenium] (_parseElementOnXpath) -> (//span[text()='Customers'])[2] is used
14:39:22,087 INFO  [BrowserSelenium] EXIT --> (_parseElementOnXpath)
14:39:22,087 INFO  [BrowserSelenium] EXIT --> (_getByLocator)
14:39:22,115 INFO  [BrowserSelenium] ENTER --> (_getByLocator)
14:39:22,116 INFO  [BrowserSelenium] (_getByLocator) -> Getting locator for null
14:39:22,116 INFO  [BrowserSelenium] (_getByLocator) -> Locator info found for XPATH attribute as: (//span[text()='Customers'])[2]
14:39:22,116 INFO  [BrowserSelenium] ENTER --> (_parseElementOnXpath)
14:39:22,116 INFO  [BrowserSelenium] (_parseElementOnXpath) -> (//span[text()='Customers'])[2] is used
14:39:22,116 INFO  [BrowserSelenium] EXIT --> (_parseElementOnXpath)
14:39:22,116 INFO  [BrowserSelenium] EXIT --> (_getByLocator)
14:39:22,146 INFO  [BrowserSelenium] ENTER --> (_getByLocator)
14:39:22,146 INFO  [BrowserSelenium] (_getByLocator) -> Getting locator for null
14:39:22,146 INFO  [BrowserSelenium] (_getByLocator) -> Locator info found for XPATH attribute as: (//span[text()='Customers'])[2]
14:39:22,146 INFO  [BrowserSelenium] ENTER --> (_parseElementOnXpath)
14:39:22,146 INFO  [BrowserSelenium] (_parseElementOnXpath) -> (//span[text()='Customers'])[2] is used
14:39:22,147 INFO  [BrowserSelenium] EXIT --> (_parseElementOnXpath)
14:39:22,147 INFO  [BrowserSelenium] EXIT --> (_getByLocator)
14:39:22,176 INFO  [BrowserSelenium] ENTER --> (_getByLocator)
14:39:22,176 INFO  [BrowserSelenium] (_getByLocator) -> Getting locator for null
14:39:22,176 INFO  [BrowserSelenium] (_getByLocator) -> Locator info found for XPATH attribute as: (//span[text()='Customers'])[2]
14:39:22,176 INFO  [BrowserSelenium] ENTER --> (_parseElementOnXpath)
14:39:22,176 INFO  [BrowserSelenium] (_parseElementOnXpath) -> (//span[text()='Customers'])[2] is used
14:39:22,177 INFO  [BrowserSelenium] EXIT --> (_parseElementOnXpath)
14:39:22,177 INFO  [BrowserSelenium] EXIT --> (_getByLocator)
14:39:22,203 INFO  [BrowserSelenium] ENTER --> (_getByLocator)
14:39:22,203 INFO  [BrowserSelenium] (_getByLocator) -> Getting locator for null
14:39:22,204 INFO  [BrowserSelenium] (_getByLocator) -> Locator info found for XPATH attribute as: (//span[text()='Customers'])[2]
14:39:22,204 INFO  [BrowserSelenium] ENTER --> (_parseElementOnXpath)
14:39:22,204 INFO  [BrowserSelenium] (_parseElementOnXpath) -> (//span[text()='Customers'])[2] is used
14:39:22,204 INFO  [BrowserSelenium] EXIT --> (_parseElementOnXpath)
14:39:22,204 INFO  [BrowserSelenium] EXIT --> (_getByLocator)
14:39:22,230 INFO  [BrowserSelenium] ENTER --> (_getByLocator)
14:39:22,231 INFO  [BrowserSelenium] (_getByLocator) -> Getting locator for null
14:39:22,231 INFO  [BrowserSelenium] (_getByLocator) -> Locator info found for XPATH attribute as: (//span[text()='Customers'])[2]
14:39:22,231 INFO  [BrowserSelenium] ENTER --> (_parseElementOnXpath)
14:39:22,231 INFO  [BrowserSelenium] (_parseElementOnXpath) -> (//span[text()='Customers'])[2] is used
14:39:22,231 INFO  [BrowserSelenium] EXIT --> (_parseElementOnXpath)
14:39:22,231 INFO  [BrowserSelenium] EXIT --> (_getByLocator)
14:39:22,258 INFO  [BrowserSelenium] ENTER --> (_getByLocator)
14:39:22,258 INFO  [BrowserSelenium] (_getByLocator) -> Getting locator for null
14:39:22,259 INFO  [BrowserSelenium] (_getByLocator) -> Locator info found for XPATH attribute as: (//span[text()='Customers'])[2]
14:39:22,259 INFO  [BrowserSelenium] ENTER --> (_parseElementOnXpath)
14:39:22,259 INFO  [BrowserSelenium] (_parseElementOnXpath) -> (//span[text()='Customers'])[2] is used
14:39:22,259 INFO  [BrowserSelenium] EXIT --> (_parseElementOnXpath)
14:39:22,259 INFO  [BrowserSelenium] EXIT --> (_getByLocator)
14:39:22,284 INFO  [BrowserSelenium] ENTER --> (_getByLocator)
14:39:22,284 INFO  [BrowserSelenium] (_getByLocator) -> Getting locator for null
14:39:22,284 INFO  [BrowserSelenium] (_getByLocator) -> Locator info found for XPATH attribute as: (//span[text()='Customers'])[2]
14:39:22,284 INFO  [BrowserSelenium] ENTER --> (_parseElementOnXpath)
14:39:22,284 INFO  [BrowserSelenium] (_parseElementOnXpath) -> (//span[text()='Customers'])[2] is used
14:39:22,285 INFO  [BrowserSelenium] EXIT --> (_parseElementOnXpath)
14:39:22,285 INFO  [BrowserSelenium] EXIT --> (_getByLocator)
14:39:22,310 INFO  [BrowserSelenium] ENTER --> (_getByLocator)
14:39:22,310 INFO  [BrowserSelenium] (_getByLocator) -> Getting locator for null
14:39:22,310 INFO  [BrowserSelenium] (_getByLocator) -> Locator info found for XPATH attribute as: (//span[text()='Customers'])[2]
14:39:22,310 INFO  [BrowserSelenium] ENTER --> (_parseElementOnXpath)
14:39:22,311 INFO  [BrowserSelenium] (_parseElementOnXpath) -> (//span[text()='Customers'])[2] is used
14:39:22,311 INFO  [BrowserSelenium] EXIT --> (_parseElementOnXpath)
14:39:22,311 INFO  [BrowserSelenium] EXIT --> (_getByLocator)
14:39:22,334 INFO  [BrowserSelenium] ENTER --> (_getByLocator)
14:39:22,334 INFO  [BrowserSelenium] (_getByLocator) -> Getting locator for null
14:39:22,334 INFO  [BrowserSelenium] (_getByLocator) -> Locator info found for XPATH attribute as: (//span[text()='Customers'])[2]
14:39:22,334 INFO  [BrowserSelenium] ENTER --> (_parseElementOnXpath)
14:39:22,334 INFO  [BrowserSelenium] (_parseElementOnXpath) -> (//span[text()='Customers'])[2] is used
14:39:22,335 INFO  [BrowserSelenium] EXIT --> (_parseElementOnXpath)
14:39:22,335 INFO  [BrowserSelenium] EXIT --> (_getByLocator)
14:39:22,358 INFO  [BrowserSelenium] ENTER --> (_getByLocator)
14:39:22,359 INFO  [BrowserSelenium] (_getByLocator) -> Getting locator for null
14:39:22,359 INFO  [BrowserSelenium] (_getByLocator) -> Locator info found for XPATH attribute as: (//span[text()='Customers'])[2]
14:39:22,359 INFO  [BrowserSelenium] ENTER --> (_parseElementOnXpath)
14:39:22,359 INFO  [BrowserSelenium] (_parseElementOnXpath) -> (//span[text()='Customers'])[2] is used
14:39:22,359 INFO  [BrowserSelenium] EXIT --> (_parseElementOnXpath)
14:39:22,359 INFO  [BrowserSelenium] EXIT --> (_getByLocator)
14:39:22,383 INFO  [BrowserSelenium] ENTER --> (_getByLocator)
14:39:22,383 INFO  [BrowserSelenium] (_getByLocator) -> Getting locator for null
14:39:22,383 INFO  [BrowserSelenium] (_getByLocator) -> Locator info found for XPATH attribute as: (//span[text()='Customers'])[2]
14:39:22,383 INFO  [BrowserSelenium] ENTER --> (_parseElementOnXpath)
14:39:22,383 INFO  [BrowserSelenium] (_parseElementOnXpath) -> (//span[text()='Customers'])[2] is used
14:39:22,384 INFO  [BrowserSelenium] EXIT --> (_parseElementOnXpath)
14:39:22,384 INFO  [BrowserSelenium] EXIT --> (_getByLocator)
14:39:22,405 INFO  [BrowserSelenium] ENTER --> (_getByLocator)
14:39:22,406 INFO  [BrowserSelenium] (_getByLocator) -> Getting locator for null
14:39:22,406 INFO  [BrowserSelenium] (_getByLocator) -> Locator info found for XPATH attribute as: (//span[text()='Customers'])[2]
14:39:22,406 INFO  [BrowserSelenium] ENTER --> (_parseElementOnXpath)
14:39:22,406 INFO  [BrowserSelenium] (_parseElementOnXpath) -> (//span[text()='Customers'])[2] is used
14:39:22,406 INFO  [BrowserSelenium] EXIT --> (_parseElementOnXpath)
14:39:22,406 INFO  [BrowserSelenium] EXIT --> (_getByLocator)
14:39:22,430 INFO  [BrowserSelenium] ENTER --> (_getByLocator)
14:39:22,430 INFO  [BrowserSelenium] (_getByLocator) -> Getting locator for null
14:39:22,430 INFO  [BrowserSelenium] (_getByLocator) -> Locator info found for XPATH attribute as: (//span[text()='Customers'])[2]
14:39:22,430 INFO  [BrowserSelenium] ENTER --> (_parseElementOnXpath)
14:39:22,430 INFO  [BrowserSelenium] (_parseElementOnXpath) -> (//span[text()='Customers'])[2] is used
14:39:22,431 INFO  [BrowserSelenium] EXIT --> (_parseElementOnXpath)
14:39:22,431 INFO  [BrowserSelenium] EXIT --> (_getByLocator)
14:39:22,454 INFO  [BrowserSelenium] ENTER --> (_getByLocator)
14:39:22,454 INFO  [BrowserSelenium] (_getByLocator) -> Getting locator for null
14:39:22,454 INFO  [BrowserSelenium] (_getByLocator) -> Locator info found for XPATH attribute as: (//span[text()='Customers'])[2]
14:39:22,454 INFO  [BrowserSelenium] ENTER --> (_parseElementOnXpath)
14:39:22,454 INFO  [BrowserSelenium] (_parseElementOnXpath) -> (//span[text()='Customers'])[2] is used
14:39:22,454 INFO  [BrowserSelenium] EXIT --> (_parseElementOnXpath)
14:39:22,455 INFO  [BrowserSelenium] EXIT --> (_getByLocator)
14:39:22,480 INFO  [BrowserSelenium] ENTER --> (_getByLocator)
14:39:22,481 INFO  [BrowserSelenium] (_getByLocator) -> Getting locator for null
14:39:22,481 INFO  [BrowserSelenium] (_getByLocator) -> Locator info found for XPATH attribute as: (//span[text()='Customers'])[2]
14:39:22,481 INFO  [BrowserSelenium] ENTER --> (_parseElementOnXpath)
14:39:22,481 INFO  [BrowserSelenium] (_parseElementOnXpath) -> (//span[text()='Customers'])[2] is used
14:39:22,481 INFO  [BrowserSelenium] EXIT --> (_parseElementOnXpath)
14:39:22,481 INFO  [BrowserSelenium] EXIT --> (_getByLocator)
14:39:22,504 INFO  [BrowserSelenium] ENTER --> (_getByLocator)
14:39:22,504 INFO  [BrowserSelenium] (_getByLocator) -> Getting locator for null
14:39:22,504 INFO  [BrowserSelenium] (_getByLocator) -> Locator info found for XPATH attribute as: (//span[text()='Customers'])[2]
14:39:22,504 INFO  [BrowserSelenium] ENTER --> (_parseElementOnXpath)
14:39:22,504 INFO  [BrowserSelenium] (_parseElementOnXpath) -> (//span[text()='Customers'])[2] is used
14:39:22,504 INFO  [BrowserSelenium] EXIT --> (_parseElementOnXpath)
14:39:22,504 INFO  [BrowserSelenium] EXIT --> (_getByLocator)
14:39:22,528 INFO  [BrowserSelenium] ENTER --> (_getByLocator)
14:39:22,528 INFO  [BrowserSelenium] (_getByLocator) -> Getting locator for null
14:39:22,528 INFO  [BrowserSelenium] (_getByLocator) -> Locator info found for XPATH attribute as: (//span[text()='Customers'])[2]
14:39:22,528 INFO  [BrowserSelenium] ENTER --> (_parseElementOnXpath)
14:39:22,528 INFO  [BrowserSelenium] (_parseElementOnXpath) -> (//span[text()='Customers'])[2] is used
14:39:22,529 INFO  [BrowserSelenium] EXIT --> (_parseElementOnXpath)
14:39:22,529 INFO  [BrowserSelenium] EXIT --> (_getByLocator)
14:39:22,550 INFO  [BrowserSelenium] ENTER --> (_getByLocator)
14:39:22,550 INFO  [BrowserSelenium] (_getByLocator) -> Getting locator for null
14:39:22,550 INFO  [BrowserSelenium] (_getByLocator) -> Locator info found for XPATH attribute as: (//span[text()='Customers'])[2]
14:39:22,550 INFO  [BrowserSelenium] ENTER --> (_parseElementOnXpath)
14:39:22,551 INFO  [BrowserSelenium] (_parseElementOnXpath) -> (//span[text()='Customers'])[2] is used
14:39:22,551 INFO  [BrowserSelenium] EXIT --> (_parseElementOnXpath)
14:39:22,551 INFO  [BrowserSelenium] EXIT --> (_getByLocator)
14:39:22,574 INFO  [BrowserSelenium] ENTER --> (_getByLocator)
14:39:22,575 INFO  [BrowserSelenium] (_getByLocator) -> Getting locator for null
14:39:22,575 INFO  [BrowserSelenium] (_getByLocator) -> Locator info found for XPATH attribute as: (//span[text()='Customers'])[2]
14:39:22,575 INFO  [BrowserSelenium] ENTER --> (_parseElementOnXpath)
14:39:22,575 INFO  [BrowserSelenium] (_parseElementOnXpath) -> (//span[text()='Customers'])[2] is used
14:39:22,575 INFO  [BrowserSelenium] EXIT --> (_parseElementOnXpath)
14:39:22,575 INFO  [BrowserSelenium] EXIT --> (_getByLocator)
14:39:22,599 INFO  [BrowserSelenium] ENTER --> (_getByLocator)
14:39:22,599 INFO  [BrowserSelenium] (_getByLocator) -> Getting locator for null
14:39:22,599 INFO  [BrowserSelenium] (_getByLocator) -> Locator info found for XPATH attribute as: (//span[text()='Customers'])[2]
14:39:22,600 INFO  [BrowserSelenium] ENTER --> (_parseElementOnXpath)
14:39:22,600 INFO  [BrowserSelenium] (_parseElementOnXpath) -> (//span[text()='Customers'])[2] is used
14:39:22,600 INFO  [BrowserSelenium] EXIT --> (_parseElementOnXpath)
14:39:22,600 INFO  [BrowserSelenium] EXIT --> (_getByLocator)
14:39:22,624 INFO  [BrowserSelenium] ENTER --> (_getByLocator)
14:39:22,624 INFO  [BrowserSelenium] (_getByLocator) -> Getting locator for null
14:39:22,625 INFO  [BrowserSelenium] (_getByLocator) -> Locator info found for XPATH attribute as: (//span[text()='Customers'])[2]
14:39:22,625 INFO  [BrowserSelenium] ENTER --> (_parseElementOnXpath)
14:39:22,625 INFO  [BrowserSelenium] (_parseElementOnXpath) -> (//span[text()='Customers'])[2] is used
14:39:22,625 INFO  [BrowserSelenium] EXIT --> (_parseElementOnXpath)
14:39:22,625 INFO  [BrowserSelenium] EXIT --> (_getByLocator)
14:39:22,648 INFO  [BrowserSelenium] ENTER --> (_getByLocator)
14:39:22,648 INFO  [BrowserSelenium] (_getByLocator) -> Getting locator for null
14:39:22,648 INFO  [BrowserSelenium] (_getByLocator) -> Locator info found for XPATH attribute as: (//span[text()='Customers'])[2]
14:39:22,648 INFO  [BrowserSelenium] ENTER --> (_parseElementOnXpath)
14:39:22,648 INFO  [BrowserSelenium] (_parseElementOnXpath) -> (//span[text()='Customers'])[2] is used
14:39:22,649 INFO  [BrowserSelenium] EXIT --> (_parseElementOnXpath)
14:39:22,649 INFO  [BrowserSelenium] EXIT --> (_getByLocator)
14:39:22,676 INFO  [BrowserSelenium] ENTER --> (_getByLocator)
14:39:22,676 INFO  [BrowserSelenium] (_getByLocator) -> Getting locator for null
14:39:22,677 INFO  [BrowserSelenium] (_getByLocator) -> Locator info found for XPATH attribute as: (//span[text()='Customers'])[2]
14:39:22,677 INFO  [BrowserSelenium] ENTER --> (_parseElementOnXpath)
14:39:22,677 INFO  [BrowserSelenium] (_parseElementOnXpath) -> (//span[text()='Customers'])[2] is used
14:39:22,677 INFO  [BrowserSelenium] EXIT --> (_parseElementOnXpath)
14:39:22,677 INFO  [BrowserSelenium] EXIT --> (_getByLocator)
14:39:22,702 INFO  [BrowserSelenium] ENTER --> (_getByLocator)
14:39:22,702 INFO  [BrowserSelenium] (_getByLocator) -> Getting locator for null
14:39:22,702 INFO  [BrowserSelenium] (_getByLocator) -> Locator info found for XPATH attribute as: (//span[text()='Customers'])[2]
14:39:22,702 INFO  [BrowserSelenium] ENTER --> (_parseElementOnXpath)
14:39:22,702 INFO  [BrowserSelenium] (_parseElementOnXpath) -> (//span[text()='Customers'])[2] is used
14:39:22,702 INFO  [BrowserSelenium] EXIT --> (_parseElementOnXpath)
14:39:22,703 INFO  [BrowserSelenium] EXIT --> (_getByLocator)
14:39:22,724 INFO  [BrowserSelenium] ENTER --> (_getByLocator)
14:39:22,725 INFO  [BrowserSelenium] (_getByLocator) -> Getting locator for null
14:39:22,725 INFO  [BrowserSelenium] (_getByLocator) -> Locator info found for XPATH attribute as: (//span[text()='Customers'])[2]
14:39:22,725 INFO  [BrowserSelenium] ENTER --> (_parseElementOnXpath)
14:39:22,725 INFO  [BrowserSelenium] (_parseElementOnXpath) -> (//span[text()='Customers'])[2] is used
14:39:22,725 INFO  [BrowserSelenium] EXIT --> (_parseElementOnXpath)
14:39:22,725 INFO  [BrowserSelenium] EXIT --> (_getByLocator)
14:39:22,749 INFO  [BrowserSelenium] ENTER --> (_getByLocator)
14:39:22,749 INFO  [BrowserSelenium] (_getByLocator) -> Getting locator for null
14:39:22,750 INFO  [BrowserSelenium] (_getByLocator) -> Locator info found for XPATH attribute as: (//span[text()='Customers'])[2]
14:39:22,750 INFO  [BrowserSelenium] ENTER --> (_parseElementOnXpath)
14:39:22,750 INFO  [BrowserSelenium] (_parseElementOnXpath) -> (//span[text()='Customers'])[2] is used
14:39:22,750 INFO  [BrowserSelenium] EXIT --> (_parseElementOnXpath)
14:39:22,750 INFO  [BrowserSelenium] EXIT --> (_getByLocator)
14:39:22,774 INFO  [BrowserSelenium] ENTER --> (_getByLocator)
14:39:22,775 INFO  [BrowserSelenium] (_getByLocator) -> Getting locator for null
14:39:22,775 INFO  [BrowserSelenium] (_getByLocator) -> Locator info found for XPATH attribute as: (//span[text()='Customers'])[2]
14:39:22,775 INFO  [BrowserSelenium] ENTER --> (_parseElementOnXpath)
14:39:22,775 INFO  [BrowserSelenium] (_parseElementOnXpath) -> (//span[text()='Customers'])[2] is used
14:39:22,775 INFO  [BrowserSelenium] EXIT --> (_parseElementOnXpath)
14:39:22,775 INFO  [BrowserSelenium] EXIT --> (_getByLocator)
14:39:22,798 INFO  [BrowserSelenium] ENTER --> (_getByLocator)
14:39:22,798 INFO  [BrowserSelenium] (_getByLocator) -> Getting locator for null
14:39:22,799 INFO  [BrowserSelenium] (_getByLocator) -> Locator info found for XPATH attribute as: (//span[text()='Customers'])[2]
14:39:22,799 INFO  [BrowserSelenium] ENTER --> (_parseElementOnXpath)
14:39:22,799 INFO  [BrowserSelenium] (_parseElementOnXpath) -> (//span[text()='Customers'])[2] is used
14:39:22,799 INFO  [BrowserSelenium] EXIT --> (_parseElementOnXpath)
14:39:22,799 INFO  [BrowserSelenium] EXIT --> (_getByLocator)
14:39:22,821 INFO  [BrowserSelenium] ENTER --> (_getByLocator)
14:39:22,821 INFO  [BrowserSelenium] (_getByLocator) -> Getting locator for null
14:39:22,821 INFO  [BrowserSelenium] (_getByLocator) -> Locator info found for XPATH attribute as: (//span[text()='Customers'])[2]
14:39:22,822 INFO  [BrowserSelenium] ENTER --> (_parseElementOnXpath)
14:39:22,822 INFO  [BrowserSelenium] (_parseElementOnXpath) -> (//span[text()='Customers'])[2] is used
14:39:22,822 INFO  [BrowserSelenium] EXIT --> (_parseElementOnXpath)
14:39:22,822 INFO  [BrowserSelenium] EXIT --> (_getByLocator)
14:39:22,841 INFO  [BrowserSelenium] ENTER --> (_getByLocator)
14:39:22,842 INFO  [BrowserSelenium] (_getByLocator) -> Getting locator for null
14:39:22,842 INFO  [BrowserSelenium] (_getByLocator) -> Locator info found for XPATH attribute as: (//span[text()='Customers'])[2]
14:39:22,842 INFO  [BrowserSelenium] ENTER --> (_parseElementOnXpath)
14:39:22,842 INFO  [BrowserSelenium] (_parseElementOnXpath) -> (//span[text()='Customers'])[2] is used
14:39:22,842 INFO  [BrowserSelenium] EXIT --> (_parseElementOnXpath)
14:39:22,843 INFO  [BrowserSelenium] EXIT --> (_getByLocator)
14:39:22,868 INFO  [BrowserSelenium] ENTER --> (_getByLocator)
14:39:22,869 INFO  [BrowserSelenium] (_getByLocator) -> Getting locator for null
14:39:22,869 INFO  [BrowserSelenium] (_getByLocator) -> Locator info found for XPATH attribute as: (//span[text()='Customers'])[2]
14:39:22,869 INFO  [BrowserSelenium] ENTER --> (_parseElementOnXpath)
14:39:22,869 INFO  [BrowserSelenium] (_parseElementOnXpath) -> (//span[text()='Customers'])[2] is used
14:39:22,869 INFO  [BrowserSelenium] EXIT --> (_parseElementOnXpath)
14:39:22,870 INFO  [BrowserSelenium] EXIT --> (_getByLocator)
14:39:22,898 INFO  [BrowserSelenium] ENTER --> (_getByLocator)
14:39:22,898 INFO  [BrowserSelenium] (_getByLocator) -> Getting locator for null
14:39:22,898 INFO  [BrowserSelenium] (_getByLocator) -> Locator info found for XPATH attribute as: (//span[text()='Customers'])[2]
14:39:22,898 INFO  [BrowserSelenium] ENTER --> (_parseElementOnXpath)
14:39:22,899 INFO  [BrowserSelenium] (_parseElementOnXpath) -> (//span[text()='Customers'])[2] is used
14:39:22,899 INFO  [BrowserSelenium] EXIT --> (_parseElementOnXpath)
14:39:22,899 INFO  [BrowserSelenium] EXIT --> (_getByLocator)
14:39:22,923 INFO  [BrowserSelenium] ENTER --> (_getByLocator)
14:39:22,924 INFO  [BrowserSelenium] (_getByLocator) -> Getting locator for null
14:39:22,924 INFO  [BrowserSelenium] (_getByLocator) -> Locator info found for XPATH attribute as: (//span[text()='Customers'])[2]
14:39:22,924 INFO  [BrowserSelenium] ENTER --> (_parseElementOnXpath)
14:39:22,924 INFO  [BrowserSelenium] (_parseElementOnXpath) -> (//span[text()='Customers'])[2] is used
14:39:22,924 INFO  [BrowserSelenium] EXIT --> (_parseElementOnXpath)
14:39:22,924 INFO  [BrowserSelenium] EXIT --> (_getByLocator)
14:39:22,948 INFO  [BrowserSelenium] ENTER --> (_getByLocator)
14:39:22,948 INFO  [BrowserSelenium] (_getByLocator) -> Getting locator for null
14:39:22,948 INFO  [BrowserSelenium] (_getByLocator) -> Locator info found for XPATH attribute as: (//span[text()='Customers'])[2]
14:39:22,948 INFO  [BrowserSelenium] ENTER --> (_parseElementOnXpath)
14:39:22,948 INFO  [BrowserSelenium] (_parseElementOnXpath) -> (//span[text()='Customers'])[2] is used
14:39:22,949 INFO  [BrowserSelenium] EXIT --> (_parseElementOnXpath)
14:39:22,949 INFO  [BrowserSelenium] EXIT --> (_getByLocator)
14:39:22,974 INFO  [BrowserSelenium] ENTER --> (_getByLocator)
14:39:22,974 INFO  [BrowserSelenium] (_getByLocator) -> Getting locator for null
14:39:22,975 INFO  [BrowserSelenium] (_getByLocator) -> Locator info found for XPATH attribute as: (//span[text()='Customers'])[2]
14:39:22,975 INFO  [BrowserSelenium] ENTER --> (_parseElementOnXpath)
14:39:22,975 INFO  [BrowserSelenium] (_parseElementOnXpath) -> (//span[text()='Customers'])[2] is used
14:39:22,975 INFO  [BrowserSelenium] EXIT --> (_parseElementOnXpath)
14:39:22,975 INFO  [BrowserSelenium] EXIT --> (_getByLocator)
14:39:22,995 INFO  [BrowserSelenium] ENTER --> (_getByLocator)
14:39:22,995 INFO  [BrowserSelenium] (_getByLocator) -> Getting locator for null
14:39:22,996 INFO  [BrowserSelenium] (_getByLocator) -> Locator info found for XPATH attribute as: (//span[text()='Customers'])[2]
14:39:22,996 INFO  [BrowserSelenium] ENTER --> (_parseElementOnXpath)
14:39:22,996 INFO  [BrowserSelenium] (_parseElementOnXpath) -> (//span[text()='Customers'])[2] is used
14:39:22,996 INFO  [BrowserSelenium] EXIT --> (_parseElementOnXpath)
14:39:22,996 INFO  [BrowserSelenium] EXIT --> (_getByLocator)
14:39:23,020 INFO  [BrowserSelenium] ENTER --> (_getByLocator)
14:39:23,021 INFO  [BrowserSelenium] (_getByLocator) -> Getting locator for null
14:39:23,021 INFO  [BrowserSelenium] (_getByLocator) -> Locator info found for XPATH attribute as: (//span[text()='Customers'])[2]
14:39:23,021 INFO  [BrowserSelenium] ENTER --> (_parseElementOnXpath)
14:39:23,021 INFO  [BrowserSelenium] (_parseElementOnXpath) -> (//span[text()='Customers'])[2] is used
14:39:23,022 INFO  [BrowserSelenium] EXIT --> (_parseElementOnXpath)
14:39:23,022 INFO  [BrowserSelenium] EXIT --> (_getByLocator)
14:39:23,049 INFO  [BrowserSelenium] ENTER --> (_getByLocator)
14:39:23,050 INFO  [BrowserSelenium] (_getByLocator) -> Getting locator for null
14:39:23,050 INFO  [BrowserSelenium] (_getByLocator) -> Locator info found for XPATH attribute as: (//span[text()='Customers'])[2]
14:39:23,050 INFO  [BrowserSelenium] ENTER --> (_parseElementOnXpath)
14:39:23,050 INFO  [BrowserSelenium] (_parseElementOnXpath) -> (//span[text()='Customers'])[2] is used
14:39:23,050 INFO  [BrowserSelenium] EXIT --> (_parseElementOnXpath)
14:39:23,051 INFO  [BrowserSelenium] EXIT --> (_getByLocator)
14:39:23,076 INFO  [BrowserSelenium] ENTER --> (_getByLocator)
14:39:23,076 INFO  [BrowserSelenium] (_getByLocator) -> Getting locator for null
14:39:23,077 INFO  [BrowserSelenium] (_getByLocator) -> Locator info found for XPATH attribute as: (//span[text()='Customers'])[2]
14:39:23,077 INFO  [BrowserSelenium] ENTER --> (_parseElementOnXpath)
14:39:23,077 INFO  [BrowserSelenium] (_parseElementOnXpath) -> (//span[text()='Customers'])[2] is used
14:39:23,077 INFO  [BrowserSelenium] EXIT --> (_parseElementOnXpath)
14:39:23,077 INFO  [BrowserSelenium] EXIT --> (_getByLocator)
14:39:23,106 INFO  [BrowserSelenium] ENTER --> (_getByLocator)
14:39:23,106 INFO  [BrowserSelenium] (_getByLocator) -> Getting locator for null
14:39:23,107 INFO  [BrowserSelenium] (_getByLocator) -> Locator info found for XPATH attribute as: (//span[text()='Customers'])[2]
14:39:23,107 INFO  [BrowserSelenium] ENTER --> (_parseElementOnXpath)
14:39:23,107 INFO  [BrowserSelenium] (_parseElementOnXpath) -> (//span[text()='Customers'])[2] is used
14:39:23,107 INFO  [BrowserSelenium] EXIT --> (_parseElementOnXpath)
14:39:23,107 INFO  [BrowserSelenium] EXIT --> (_getByLocator)
14:39:23,134 INFO  [BrowserSelenium] ENTER --> (_getByLocator)
14:39:23,135 INFO  [BrowserSelenium] (_getByLocator) -> Getting locator for null
14:39:23,135 INFO  [BrowserSelenium] (_getByLocator) -> Locator info found for XPATH attribute as: (//span[text()='Customers'])[2]
14:39:23,135 INFO  [BrowserSelenium] ENTER --> (_parseElementOnXpath)
14:39:23,135 INFO  [BrowserSelenium] (_parseElementOnXpath) -> (//span[text()='Customers'])[2] is used
14:39:23,135 INFO  [BrowserSelenium] EXIT --> (_parseElementOnXpath)
14:39:23,135 INFO  [BrowserSelenium] EXIT --> (_getByLocator)
14:39:23,162 INFO  [BrowserSelenium] ENTER --> (_getByLocator)
14:39:23,162 INFO  [BrowserSelenium] (_getByLocator) -> Getting locator for null
14:39:23,163 INFO  [BrowserSelenium] (_getByLocator) -> Locator info found for XPATH attribute as: (//span[text()='Customers'])[2]
14:39:23,163 INFO  [BrowserSelenium] ENTER --> (_parseElementOnXpath)
14:39:23,163 INFO  [BrowserSelenium] (_parseElementOnXpath) -> (//span[text()='Customers'])[2] is used
14:39:23,163 INFO  [BrowserSelenium] EXIT --> (_parseElementOnXpath)
14:39:23,163 INFO  [BrowserSelenium] EXIT --> (_getByLocator)
14:39:23,190 INFO  [BrowserSelenium] ENTER --> (_getByLocator)
14:39:23,190 INFO  [BrowserSelenium] (_getByLocator) -> Getting locator for null
14:39:23,190 INFO  [BrowserSelenium] (_getByLocator) -> Locator info found for XPATH attribute as: (//span[text()='Customers'])[2]
14:39:23,191 INFO  [BrowserSelenium] ENTER --> (_parseElementOnXpath)
14:39:23,191 INFO  [BrowserSelenium] (_parseElementOnXpath) -> (//span[text()='Customers'])[2] is used
14:39:23,191 INFO  [BrowserSelenium] EXIT --> (_parseElementOnXpath)
14:39:23,191 INFO  [BrowserSelenium] EXIT --> (_getByLocator)
14:39:23,218 INFO  [BrowserSelenium] ENTER --> (_getByLocator)
14:39:23,218 INFO  [BrowserSelenium] (_getByLocator) -> Getting locator for null
14:39:23,218 INFO  [BrowserSelenium] (_getByLocator) -> Locator info found for XPATH attribute as: (//span[text()='Customers'])[2]
14:39:23,218 INFO  [BrowserSelenium] ENTER --> (_parseElementOnXpath)
14:39:23,218 INFO  [BrowserSelenium] (_parseElementOnXpath) -> (//span[text()='Customers'])[2] is used
14:39:23,219 INFO  [BrowserSelenium] EXIT --> (_parseElementOnXpath)
14:39:23,219 INFO  [BrowserSelenium] EXIT --> (_getByLocator)
14:39:23,245 INFO  [BrowserSelenium] ENTER --> (_getByLocator)
14:39:23,245 INFO  [BrowserSelenium] (_getByLocator) -> Getting locator for null
14:39:23,245 INFO  [BrowserSelenium] (_getByLocator) -> Locator info found for XPATH attribute as: (//span[text()='Customers'])[2]
14:39:23,245 INFO  [BrowserSelenium] ENTER --> (_parseElementOnXpath)
14:39:23,245 INFO  [BrowserSelenium] (_parseElementOnXpath) -> (//span[text()='Customers'])[2] is used
14:39:23,245 INFO  [BrowserSelenium] EXIT --> (_parseElementOnXpath)
14:39:23,246 INFO  [BrowserSelenium] EXIT --> (_getByLocator)
14:39:23,273 INFO  [BrowserSelenium] ENTER --> (_getByLocator)
14:39:23,273 INFO  [BrowserSelenium] (_getByLocator) -> Getting locator for null
14:39:23,274 INFO  [BrowserSelenium] (_getByLocator) -> Locator info found for XPATH attribute as: (//span[text()='Customers'])[2]
14:39:23,274 INFO  [BrowserSelenium] ENTER --> (_parseElementOnXpath)
14:39:23,274 INFO  [BrowserSelenium] (_parseElementOnXpath) -> (//span[text()='Customers'])[2] is used
14:39:23,274 INFO  [BrowserSelenium] EXIT --> (_parseElementOnXpath)
14:39:23,274 INFO  [BrowserSelenium] EXIT --> (_getByLocator)
14:39:23,298 INFO  [BrowserSelenium] ENTER --> (_getByLocator)
14:39:23,298 INFO  [BrowserSelenium] (_getByLocator) -> Getting locator for null
14:39:23,298 INFO  [BrowserSelenium] (_getByLocator) -> Locator info found for XPATH attribute as: (//span[text()='Customers'])[2]
14:39:23,299 INFO  [BrowserSelenium] ENTER --> (_parseElementOnXpath)
14:39:23,299 INFO  [BrowserSelenium] (_parseElementOnXpath) -> (//span[text()='Customers'])[2] is used
14:39:23,299 INFO  [BrowserSelenium] EXIT --> (_parseElementOnXpath)
14:39:23,299 INFO  [BrowserSelenium] EXIT --> (_getByLocator)
14:39:23,316 INFO  [BrowserSelenium] ENTER --> (_getByLocator)
14:39:23,316 INFO  [BrowserSelenium] (_getByLocator) -> Getting locator for null
14:39:23,316 INFO  [BrowserSelenium] (_getByLocator) -> Locator info found for XPATH attribute as: (//span[text()='Customers'])[2]
14:39:23,316 INFO  [BrowserSelenium] ENTER --> (_parseElementOnXpath)
14:39:23,316 INFO  [BrowserSelenium] (_parseElementOnXpath) -> (//span[text()='Customers'])[2] is used
14:39:23,317 INFO  [BrowserSelenium] EXIT --> (_parseElementOnXpath)
14:39:23,317 INFO  [BrowserSelenium] EXIT --> (_getByLocator)
14:39:23,335 INFO  [BrowserSelenium] ENTER --> (_getByLocator)
14:39:23,335 INFO  [BrowserSelenium] (_getByLocator) -> Getting locator for null
14:39:23,335 INFO  [BrowserSelenium] (_getByLocator) -> Locator info found for XPATH attribute as: (//span[text()='Customers'])[2]
14:39:23,335 INFO  [BrowserSelenium] ENTER --> (_parseElementOnXpath)
14:39:23,335 INFO  [BrowserSelenium] (_parseElementOnXpath) -> (//span[text()='Customers'])[2] is used
14:39:23,335 INFO  [BrowserSelenium] EXIT --> (_parseElementOnXpath)
14:39:23,335 INFO  [BrowserSelenium] EXIT --> (_getByLocator)
14:39:23,353 INFO  [BrowserSelenium] ENTER --> (_getByLocator)
14:39:23,353 INFO  [BrowserSelenium] (_getByLocator) -> Getting locator for null
14:39:23,353 INFO  [BrowserSelenium] (_getByLocator) -> Locator info found for XPATH attribute as: (//span[text()='Customers'])[2]
14:39:23,354 INFO  [BrowserSelenium] ENTER --> (_parseElementOnXpath)
14:39:23,354 INFO  [BrowserSelenium] (_parseElementOnXpath) -> (//span[text()='Customers'])[2] is used
14:39:23,354 INFO  [BrowserSelenium] EXIT --> (_parseElementOnXpath)
14:39:23,354 INFO  [BrowserSelenium] EXIT --> (_getByLocator)
14:39:23,371 INFO  [BrowserSelenium] ENTER --> (_getByLocator)
14:39:23,371 INFO  [BrowserSelenium] (_getByLocator) -> Getting locator for null
14:39:23,371 INFO  [BrowserSelenium] (_getByLocator) -> Locator info found for XPATH attribute as: (//span[text()='Customers'])[2]
14:39:23,371 INFO  [BrowserSelenium] ENTER --> (_parseElementOnXpath)
14:39:23,371 INFO  [BrowserSelenium] (_parseElementOnXpath) -> (//span[text()='Customers'])[2] is used
14:39:23,371 INFO  [BrowserSelenium] EXIT --> (_parseElementOnXpath)
14:39:23,372 INFO  [BrowserSelenium] EXIT --> (_getByLocator)
14:39:23,389 INFO  [BrowserSelenium] ENTER --> (_getByLocator)
14:39:23,390 INFO  [BrowserSelenium] (_getByLocator) -> Getting locator for null
14:39:23,390 INFO  [BrowserSelenium] (_getByLocator) -> Locator info found for XPATH attribute as: (//span[text()='Customers'])[2]
14:39:23,390 INFO  [BrowserSelenium] ENTER --> (_parseElementOnXpath)
14:39:23,390 INFO  [BrowserSelenium] (_parseElementOnXpath) -> (//span[text()='Customers'])[2] is used
14:39:23,390 INFO  [BrowserSelenium] EXIT --> (_parseElementOnXpath)
14:39:23,390 INFO  [BrowserSelenium] EXIT --> (_getByLocator)
14:39:23,407 INFO  [BrowserSelenium] ENTER --> (_getByLocator)
14:39:23,407 INFO  [BrowserSelenium] (_getByLocator) -> Getting locator for null
14:39:23,408 INFO  [BrowserSelenium] (_getByLocator) -> Locator info found for XPATH attribute as: (//span[text()='Customers'])[2]
14:39:23,408 INFO  [BrowserSelenium] ENTER --> (_parseElementOnXpath)
14:39:23,408 INFO  [BrowserSelenium] (_parseElementOnXpath) -> (//span[text()='Customers'])[2] is used
14:39:23,408 INFO  [BrowserSelenium] EXIT --> (_parseElementOnXpath)
14:39:23,408 INFO  [BrowserSelenium] EXIT --> (_getByLocator)
14:39:23,425 INFO  [BrowserSelenium] ENTER --> (_getByLocator)
14:39:23,425 INFO  [BrowserSelenium] (_getByLocator) -> Getting locator for null
14:39:23,425 INFO  [BrowserSelenium] (_getByLocator) -> Locator info found for XPATH attribute as: (//span[text()='Customers'])[2]
14:39:23,425 INFO  [BrowserSelenium] ENTER --> (_parseElementOnXpath)
14:39:23,426 INFO  [BrowserSelenium] (_parseElementOnXpath) -> (//span[text()='Customers'])[2] is used
14:39:23,426 INFO  [BrowserSelenium] EXIT --> (_parseElementOnXpath)
14:39:23,426 INFO  [BrowserSelenium] EXIT --> (_getByLocator)
14:39:23,445 INFO  [BrowserSelenium] ENTER --> (_getByLocator)
14:39:23,445 INFO  [BrowserSelenium] (_getByLocator) -> Getting locator for null
14:39:23,445 INFO  [BrowserSelenium] (_getByLocator) -> Locator info found for XPATH attribute as: (//span[text()='Customers'])[2]
14:39:23,445 INFO  [BrowserSelenium] ENTER --> (_parseElementOnXpath)
14:39:23,445 INFO  [BrowserSelenium] (_parseElementOnXpath) -> (//span[text()='Customers'])[2] is used
14:39:23,445 INFO  [BrowserSelenium] EXIT --> (_parseElementOnXpath)
14:39:23,446 INFO  [BrowserSelenium] EXIT --> (_getByLocator)
14:39:23,462 INFO  [BrowserSelenium] ENTER --> (_getByLocator)
14:39:23,462 INFO  [BrowserSelenium] (_getByLocator) -> Getting locator for null
14:39:23,463 INFO  [BrowserSelenium] (_getByLocator) -> Locator info found for XPATH attribute as: (//span[text()='Customers'])[2]
14:39:23,463 INFO  [BrowserSelenium] ENTER --> (_parseElementOnXpath)
14:39:23,463 INFO  [BrowserSelenium] (_parseElementOnXpath) -> (//span[text()='Customers'])[2] is used
14:39:23,463 INFO  [BrowserSelenium] EXIT --> (_parseElementOnXpath)
14:39:23,463 INFO  [BrowserSelenium] EXIT --> (_getByLocator)
14:39:23,482 INFO  [BrowserSelenium] ENTER --> (_getByLocator)
14:39:23,482 INFO  [BrowserSelenium] (_getByLocator) -> Getting locator for null
14:39:23,482 INFO  [BrowserSelenium] (_getByLocator) -> Locator info found for XPATH attribute as: (//span[text()='Customers'])[2]
14:39:23,482 INFO  [BrowserSelenium] ENTER --> (_parseElementOnXpath)
14:39:23,482 INFO  [BrowserSelenium] (_parseElementOnXpath) -> (//span[text()='Customers'])[2] is used
14:39:23,483 INFO  [BrowserSelenium] EXIT --> (_parseElementOnXpath)
14:39:23,483 INFO  [BrowserSelenium] EXIT --> (_getByLocator)
14:39:23,500 INFO  [BrowserSelenium] ENTER --> (_getByLocator)
14:39:23,500 INFO  [BrowserSelenium] (_getByLocator) -> Getting locator for null
14:39:23,500 INFO  [BrowserSelenium] (_getByLocator) -> Locator info found for XPATH attribute as: (//span[text()='Customers'])[2]
14:39:23,500 INFO  [BrowserSelenium] ENTER --> (_parseElementOnXpath)
14:39:23,501 INFO  [BrowserSelenium] (_parseElementOnXpath) -> (//span[text()='Customers'])[2] is used
14:39:23,501 INFO  [BrowserSelenium] EXIT --> (_parseElementOnXpath)
14:39:23,501 INFO  [BrowserSelenium] EXIT --> (_getByLocator)
14:39:23,518 INFO  [BrowserSelenium] ENTER --> (_getByLocator)
14:39:23,519 INFO  [BrowserSelenium] (_getByLocator) -> Getting locator for null
14:39:23,519 INFO  [BrowserSelenium] (_getByLocator) -> Locator info found for XPATH attribute as: (//span[text()='Customers'])[2]
14:39:23,519 INFO  [BrowserSelenium] ENTER --> (_parseElementOnXpath)
14:39:23,519 INFO  [BrowserSelenium] (_parseElementOnXpath) -> (//span[text()='Customers'])[2] is used
14:39:23,519 INFO  [BrowserSelenium] EXIT --> (_parseElementOnXpath)
14:39:23,519 INFO  [BrowserSelenium] EXIT --> (_getByLocator)
14:39:23,536 INFO  [BrowserSelenium] ENTER --> (_getByLocator)
14:39:23,537 INFO  [BrowserSelenium] (_getByLocator) -> Getting locator for null
14:39:23,537 INFO  [BrowserSelenium] (_getByLocator) -> Locator info found for XPATH attribute as: (//span[text()='Customers'])[2]
14:39:23,537 INFO  [BrowserSelenium] ENTER --> (_parseElementOnXpath)
14:39:23,537 INFO  [BrowserSelenium] (_parseElementOnXpath) -> (//span[text()='Customers'])[2] is used
14:39:23,537 INFO  [BrowserSelenium] EXIT --> (_parseElementOnXpath)
14:39:23,537 INFO  [BrowserSelenium] EXIT --> (_getByLocator)
14:39:23,554 INFO  [BrowserSelenium] ENTER --> (_getByLocator)
14:39:23,554 INFO  [BrowserSelenium] (_getByLocator) -> Getting locator for null
14:39:23,555 INFO  [BrowserSelenium] (_getByLocator) -> Locator info found for XPATH attribute as: (//span[text()='Customers'])[2]
14:39:23,555 INFO  [BrowserSelenium] ENTER --> (_parseElementOnXpath)
14:39:23,555 INFO  [BrowserSelenium] (_parseElementOnXpath) -> (//span[text()='Customers'])[2] is used
14:39:23,555 INFO  [BrowserSelenium] EXIT --> (_parseElementOnXpath)
14:39:23,555 INFO  [BrowserSelenium] EXIT --> (_getByLocator)
14:39:23,574 INFO  [BrowserSelenium] ENTER --> (_getByLocator)
14:39:23,575 INFO  [BrowserSelenium] (_getByLocator) -> Getting locator for null
14:39:23,575 INFO  [BrowserSelenium] (_getByLocator) -> Locator info found for XPATH attribute as: (//span[text()='Customers'])[2]
14:39:23,575 INFO  [BrowserSelenium] ENTER --> (_parseElementOnXpath)
14:39:23,575 INFO  [BrowserSelenium] (_parseElementOnXpath) -> (//span[text()='Customers'])[2] is used
14:39:23,575 INFO  [BrowserSelenium] EXIT --> (_parseElementOnXpath)
14:39:23,575 INFO  [BrowserSelenium] EXIT --> (_getByLocator)
14:39:23,596 INFO  [BrowserSelenium] ENTER --> (_getByLocator)
14:39:23,596 INFO  [BrowserSelenium] (_getByLocator) -> Getting locator for null
14:39:23,596 INFO  [BrowserSelenium] (_getByLocator) -> Locator info found for XPATH attribute as: (//span[text()='Customers'])[2]
14:39:23,596 INFO  [BrowserSelenium] ENTER --> (_parseElementOnXpath)
14:39:23,596 INFO  [BrowserSelenium] (_parseElementOnXpath) -> (//span[text()='Customers'])[2] is used
14:39:23,596 INFO  [BrowserSelenium] EXIT --> (_parseElementOnXpath)
14:39:23,596 INFO  [BrowserSelenium] EXIT --> (_getByLocator)
14:39:23,613 INFO  [BrowserSelenium] ENTER --> (_getByLocator)
14:39:23,613 INFO  [BrowserSelenium] (_getByLocator) -> Getting locator for null
14:39:23,613 INFO  [BrowserSelenium] (_getByLocator) -> Locator info found for XPATH attribute as: (//span[text()='Customers'])[2]
14:39:23,614 INFO  [BrowserSelenium] ENTER --> (_parseElementOnXpath)
14:39:23,614 INFO  [BrowserSelenium] (_parseElementOnXpath) -> (//span[text()='Customers'])[2] is used
14:39:23,614 INFO  [BrowserSelenium] EXIT --> (_parseElementOnXpath)
14:39:23,614 INFO  [BrowserSelenium] EXIT --> (_getByLocator)
14:39:23,695 INFO  [BrowserSelenium] ENTER --> (_getByLocator)
14:39:23,695 INFO  [BrowserSelenium] (_getByLocator) -> Getting locator for null
14:39:23,695 INFO  [BrowserSelenium] (_getByLocator) -> Locator info found for XPATH attribute as: (//span[text()='Customers'])[2]
14:39:23,695 INFO  [BrowserSelenium] ENTER --> (_parseElementOnXpath)
14:39:23,695 INFO  [BrowserSelenium] (_parseElementOnXpath) -> (//span[text()='Customers'])[2] is used
14:39:23,695 INFO  [BrowserSelenium] EXIT --> (_parseElementOnXpath)
14:39:23,695 INFO  [BrowserSelenium] EXIT --> (_getByLocator)
14:39:23,712 INFO  [BrowserSelenium] ENTER --> (_getByLocator)
14:39:23,712 INFO  [BrowserSelenium] (_getByLocator) -> Getting locator for null
14:39:23,712 INFO  [BrowserSelenium] (_getByLocator) -> Locator info found for XPATH attribute as: (//span[text()='Customers'])[2]
14:39:23,712 INFO  [BrowserSelenium] ENTER --> (_parseElementOnXpath)
14:39:23,713 INFO  [BrowserSelenium] (_parseElementOnXpath) -> (//span[text()='Customers'])[2] is used
14:39:23,713 INFO  [BrowserSelenium] EXIT --> (_parseElementOnXpath)
14:39:23,713 INFO  [BrowserSelenium] EXIT --> (_getByLocator)
14:39:23,729 INFO  [BrowserSelenium] ENTER --> (_getByLocator)
14:39:23,730 INFO  [BrowserSelenium] (_getByLocator) -> Getting locator for null
14:39:23,730 INFO  [BrowserSelenium] (_getByLocator) -> Locator info found for XPATH attribute as: (//span[text()='Customers'])[2]
14:39:23,730 INFO  [BrowserSelenium] ENTER --> (_parseElementOnXpath)
14:39:23,730 INFO  [BrowserSelenium] (_parseElementOnXpath) -> (//span[text()='Customers'])[2] is used
14:39:23,730 INFO  [BrowserSelenium] EXIT --> (_parseElementOnXpath)
14:39:23,730 INFO  [BrowserSelenium] EXIT --> (_getByLocator)
14:39:23,746 INFO  [BrowserSelenium] ENTER --> (_getByLocator)
14:39:23,747 INFO  [BrowserSelenium] (_getByLocator) -> Getting locator for null
14:39:23,747 INFO  [BrowserSelenium] (_getByLocator) -> Locator info found for XPATH attribute as: (//span[text()='Customers'])[2]
14:39:23,747 INFO  [BrowserSelenium] ENTER --> (_parseElementOnXpath)
14:39:23,747 INFO  [BrowserSelenium] (_parseElementOnXpath) -> (//span[text()='Customers'])[2] is used
14:39:23,747 INFO  [BrowserSelenium] EXIT --> (_parseElementOnXpath)
14:39:23,747 INFO  [BrowserSelenium] EXIT --> (_getByLocator)
14:39:23,765 INFO  [BrowserSelenium] ENTER --> (_getByLocator)
14:39:23,765 INFO  [BrowserSelenium] (_getByLocator) -> Getting locator for null
14:39:23,765 INFO  [BrowserSelenium] (_getByLocator) -> Locator info found for XPATH attribute as: (//span[text()='Customers'])[2]
14:39:23,765 INFO  [BrowserSelenium] ENTER --> (_parseElementOnXpath)
14:39:23,765 INFO  [BrowserSelenium] (_parseElementOnXpath) -> (//span[text()='Customers'])[2] is used
14:39:23,765 INFO  [BrowserSelenium] EXIT --> (_parseElementOnXpath)
14:39:23,766 INFO  [BrowserSelenium] EXIT --> (_getByLocator)
14:39:23,782 INFO  [BrowserSelenium] ENTER --> (_getByLocator)
14:39:23,782 INFO  [BrowserSelenium] (_getByLocator) -> Getting locator for null
14:39:23,782 INFO  [BrowserSelenium] (_getByLocator) -> Locator info found for XPATH attribute as: (//span[text()='Customers'])[2]
14:39:23,783 INFO  [BrowserSelenium] ENTER --> (_parseElementOnXpath)
14:39:23,783 INFO  [BrowserSelenium] (_parseElementOnXpath) -> (//span[text()='Customers'])[2] is used
14:39:23,783 INFO  [BrowserSelenium] EXIT --> (_parseElementOnXpath)
14:39:23,783 INFO  [BrowserSelenium] EXIT --> (_getByLocator)
14:39:23,800 INFO  [BrowserSelenium] ENTER --> (_getByLocator)
14:39:23,800 INFO  [BrowserSelenium] (_getByLocator) -> Getting locator for null
14:39:23,800 INFO  [BrowserSelenium] (_getByLocator) -> Locator info found for XPATH attribute as: (//span[text()='Customers'])[2]
14:39:23,801 INFO  [BrowserSelenium] ENTER --> (_parseElementOnXpath)
14:39:23,801 INFO  [BrowserSelenium] (_parseElementOnXpath) -> (//span[text()='Customers'])[2] is used
14:39:23,801 INFO  [BrowserSelenium] EXIT --> (_parseElementOnXpath)
14:39:23,801 INFO  [BrowserSelenium] EXIT --> (_getByLocator)
14:39:23,817 INFO  [BrowserSelenium] ENTER --> (_getByLocator)
14:39:23,817 INFO  [BrowserSelenium] (_getByLocator) -> Getting locator for null
14:39:23,818 INFO  [BrowserSelenium] (_getByLocator) -> Locator info found for XPATH attribute as: (//span[text()='Customers'])[2]
14:39:23,818 INFO  [BrowserSelenium] ENTER --> (_parseElementOnXpath)
14:39:23,818 INFO  [BrowserSelenium] (_parseElementOnXpath) -> (//span[text()='Customers'])[2] is used
14:39:23,818 INFO  [BrowserSelenium] EXIT --> (_parseElementOnXpath)
14:39:23,818 INFO  [BrowserSelenium] EXIT --> (_getByLocator)
14:39:23,835 INFO  [BrowserSelenium] ENTER --> (_getByLocator)
14:39:23,835 INFO  [BrowserSelenium] (_getByLocator) -> Getting locator for null
14:39:23,836 INFO  [BrowserSelenium] (_getByLocator) -> Locator info found for XPATH attribute as: (//span[text()='Customers'])[2]
14:39:23,836 INFO  [BrowserSelenium] ENTER --> (_parseElementOnXpath)
14:39:23,836 INFO  [BrowserSelenium] (_parseElementOnXpath) -> (//span[text()='Customers'])[2] is used
14:39:23,836 INFO  [BrowserSelenium] EXIT --> (_parseElementOnXpath)
14:39:23,836 INFO  [BrowserSelenium] EXIT --> (_getByLocator)
14:39:23,854 INFO  [BrowserSelenium] ENTER --> (_getByLocator)
14:39:23,854 INFO  [BrowserSelenium] (_getByLocator) -> Getting locator for null
14:39:23,855 INFO  [BrowserSelenium] (_getByLocator) -> Locator info found for XPATH attribute as: (//span[text()='Customers'])[2]
14:39:23,855 INFO  [BrowserSelenium] ENTER --> (_parseElementOnXpath)
14:39:23,855 INFO  [BrowserSelenium] (_parseElementOnXpath) -> (//span[text()='Customers'])[2] is used
14:39:23,855 INFO  [BrowserSelenium] EXIT --> (_parseElementOnXpath)
14:39:23,855 INFO  [BrowserSelenium] EXIT --> (_getByLocator)
14:39:23,872 INFO  [BrowserSelenium] ENTER --> (_getByLocator)
14:39:23,872 INFO  [BrowserSelenium] (_getByLocator) -> Getting locator for null
14:39:23,872 INFO  [BrowserSelenium] (_getByLocator) -> Locator info found for XPATH attribute as: (//span[text()='Customers'])[2]
14:39:23,872 INFO  [BrowserSelenium] ENTER --> (_parseElementOnXpath)
14:39:23,872 INFO  [BrowserSelenium] (_parseElementOnXpath) -> (//span[text()='Customers'])[2] is used
14:39:23,873 INFO  [BrowserSelenium] EXIT --> (_parseElementOnXpath)
14:39:23,873 INFO  [BrowserSelenium] EXIT --> (_getByLocator)
14:39:23,891 INFO  [BrowserSelenium] ENTER --> (_getByLocator)
14:39:23,891 INFO  [BrowserSelenium] (_getByLocator) -> Getting locator for null
14:39:23,891 INFO  [BrowserSelenium] (_getByLocator) -> Locator info found for XPATH attribute as: (//span[text()='Customers'])[2]
14:39:23,891 INFO  [BrowserSelenium] ENTER --> (_parseElementOnXpath)
14:39:23,891 INFO  [BrowserSelenium] (_parseElementOnXpath) -> (//span[text()='Customers'])[2] is used
14:39:23,891 INFO  [BrowserSelenium] EXIT --> (_parseElementOnXpath)
14:39:23,891 INFO  [BrowserSelenium] EXIT --> (_getByLocator)
14:39:23,910 INFO  [BrowserSelenium] ENTER --> (_getByLocator)
14:39:23,910 INFO  [BrowserSelenium] (_getByLocator) -> Getting locator for null
14:39:23,910 INFO  [BrowserSelenium] (_getByLocator) -> Locator info found for XPATH attribute as: (//span[text()='Customers'])[2]
14:39:23,910 INFO  [BrowserSelenium] ENTER --> (_parseElementOnXpath)
14:39:23,910 INFO  [BrowserSelenium] (_parseElementOnXpath) -> (//span[text()='Customers'])[2] is used
14:39:23,910 INFO  [BrowserSelenium] EXIT --> (_parseElementOnXpath)
14:39:23,910 INFO  [BrowserSelenium] EXIT --> (_getByLocator)
14:39:23,927 INFO  [BrowserSelenium] ENTER --> (_getByLocator)
14:39:23,927 INFO  [BrowserSelenium] (_getByLocator) -> Getting locator for null
14:39:23,927 INFO  [BrowserSelenium] (_getByLocator) -> Locator info found for XPATH attribute as: (//span[text()='Customers'])[2]
14:39:23,927 INFO  [BrowserSelenium] ENTER --> (_parseElementOnXpath)
14:39:23,927 INFO  [BrowserSelenium] (_parseElementOnXpath) -> (//span[text()='Customers'])[2] is used
14:39:23,927 INFO  [BrowserSelenium] EXIT --> (_parseElementOnXpath)
14:39:23,928 INFO  [BrowserSelenium] EXIT --> (_getByLocator)
14:39:23,945 INFO  [BrowserSelenium] ENTER --> (_getByLocator)
14:39:23,945 INFO  [BrowserSelenium] (_getByLocator) -> Getting locator for null
14:39:23,946 INFO  [BrowserSelenium] (_getByLocator) -> Locator info found for XPATH attribute as: (//span[text()='Customers'])[2]
14:39:23,946 INFO  [BrowserSelenium] ENTER --> (_parseElementOnXpath)
14:39:23,946 INFO  [BrowserSelenium] (_parseElementOnXpath) -> (//span[text()='Customers'])[2] is used
14:39:23,946 INFO  [BrowserSelenium] EXIT --> (_parseElementOnXpath)
14:39:23,946 INFO  [BrowserSelenium] EXIT --> (_getByLocator)
14:39:23,962 INFO  [BrowserSelenium] ENTER --> (_getByLocator)
14:39:23,962 INFO  [BrowserSelenium] (_getByLocator) -> Getting locator for null
14:39:23,963 INFO  [BrowserSelenium] (_getByLocator) -> Locator info found for XPATH attribute as: (//span[text()='Customers'])[2]
14:39:23,963 INFO  [BrowserSelenium] ENTER --> (_parseElementOnXpath)
14:39:23,963 INFO  [BrowserSelenium] (_parseElementOnXpath) -> (//span[text()='Customers'])[2] is used
14:39:23,963 INFO  [BrowserSelenium] EXIT --> (_parseElementOnXpath)
14:39:23,963 INFO  [BrowserSelenium] EXIT --> (_getByLocator)
14:39:23,980 INFO  [BrowserSelenium] ENTER --> (_getByLocator)
14:39:23,980 INFO  [BrowserSelenium] (_getByLocator) -> Getting locator for null
14:39:23,980 INFO  [BrowserSelenium] (_getByLocator) -> Locator info found for XPATH attribute as: (//span[text()='Customers'])[2]
14:39:23,980 INFO  [BrowserSelenium] ENTER --> (_parseElementOnXpath)
14:39:23,980 INFO  [BrowserSelenium] (_parseElementOnXpath) -> (//span[text()='Customers'])[2] is used
14:39:23,980 INFO  [BrowserSelenium] EXIT --> (_parseElementOnXpath)
14:39:23,980 INFO  [BrowserSelenium] EXIT --> (_getByLocator)
14:39:23,997 INFO  [BrowserSelenium] ENTER --> (_getByLocator)
14:39:23,997 INFO  [BrowserSelenium] (_getByLocator) -> Getting locator for null
14:39:23,997 INFO  [BrowserSelenium] (_getByLocator) -> Locator info found for XPATH attribute as: (//span[text()='Customers'])[2]
14:39:23,997 INFO  [BrowserSelenium] ENTER --> (_parseElementOnXpath)
14:39:23,997 INFO  [BrowserSelenium] (_parseElementOnXpath) -> (//span[text()='Customers'])[2] is used
14:39:23,997 INFO  [BrowserSelenium] EXIT --> (_parseElementOnXpath)
14:39:23,997 INFO  [BrowserSelenium] EXIT --> (_getByLocator)
14:39:24,018 INFO  [BrowserSelenium] ENTER --> (_getByLocator)
14:39:24,018 INFO  [BrowserSelenium] (_getByLocator) -> Getting locator for null
14:39:24,018 INFO  [BrowserSelenium] (_getByLocator) -> Locator info found for XPATH attribute as: (//span[text()='Customers'])[2]
14:39:24,018 INFO  [BrowserSelenium] ENTER --> (_parseElementOnXpath)
14:39:24,018 INFO  [BrowserSelenium] (_parseElementOnXpath) -> (//span[text()='Customers'])[2] is used
14:39:24,018 INFO  [BrowserSelenium] EXIT --> (_parseElementOnXpath)
14:39:24,018 INFO  [BrowserSelenium] EXIT --> (_getByLocator)
14:39:24,035 INFO  [BrowserSelenium] ENTER --> (_getByLocator)
14:39:24,035 INFO  [BrowserSelenium] (_getByLocator) -> Getting locator for null
14:39:24,036 INFO  [BrowserSelenium] (_getByLocator) -> Locator info found for XPATH attribute as: (//span[text()='Customers'])[2]
14:39:24,036 INFO  [BrowserSelenium] ENTER --> (_parseElementOnXpath)
14:39:24,036 INFO  [BrowserSelenium] (_parseElementOnXpath) -> (//span[text()='Customers'])[2] is used
14:39:24,036 INFO  [BrowserSelenium] EXIT --> (_parseElementOnXpath)
14:39:24,036 INFO  [BrowserSelenium] EXIT --> (_getByLocator)
14:39:24,053 INFO  [BrowserSelenium] ENTER --> (_getByLocator)
14:39:24,053 INFO  [BrowserSelenium] (_getByLocator) -> Getting locator for null
14:39:24,054 INFO  [BrowserSelenium] (_getByLocator) -> Locator info found for XPATH attribute as: (//span[text()='Customers'])[2]
14:39:24,054 INFO  [BrowserSelenium] ENTER --> (_parseElementOnXpath)
14:39:24,054 INFO  [BrowserSelenium] (_parseElementOnXpath) -> (//span[text()='Customers'])[2] is used
14:39:24,054 INFO  [BrowserSelenium] EXIT --> (_parseElementOnXpath)
14:39:24,054 INFO  [BrowserSelenium] EXIT --> (_getByLocator)
14:39:24,070 INFO  [BrowserSelenium] ENTER --> (_getByLocator)
14:39:24,070 INFO  [BrowserSelenium] (_getByLocator) -> Getting locator for null
14:39:24,071 INFO  [BrowserSelenium] (_getByLocator) -> Locator info found for XPATH attribute as: (//span[text()='Customers'])[2]
14:39:24,071 INFO  [BrowserSelenium] ENTER --> (_parseElementOnXpath)
14:39:24,071 INFO  [BrowserSelenium] (_parseElementOnXpath) -> (//span[text()='Customers'])[2] is used
14:39:24,071 INFO  [BrowserSelenium] EXIT --> (_parseElementOnXpath)
14:39:24,071 INFO  [BrowserSelenium] EXIT --> (_getByLocator)
14:39:24,087 INFO  [BrowserSelenium] ENTER --> (_getByLocator)
14:39:24,087 INFO  [BrowserSelenium] (_getByLocator) -> Getting locator for null
14:39:24,088 INFO  [BrowserSelenium] (_getByLocator) -> Locator info found for XPATH attribute as: (//span[text()='Customers'])[2]
14:39:24,088 INFO  [BrowserSelenium] ENTER --> (_parseElementOnXpath)
14:39:24,088 INFO  [BrowserSelenium] (_parseElementOnXpath) -> (//span[text()='Customers'])[2] is used
14:39:24,088 INFO  [BrowserSelenium] EXIT --> (_parseElementOnXpath)
14:39:24,088 INFO  [BrowserSelenium] EXIT --> (_getByLocator)
14:39:24,144 INFO  [BrowserSelenium] ENTER --> (_getByLocator)
14:39:24,144 INFO  [BrowserSelenium] (_getByLocator) -> Getting locator for null
14:39:24,145 INFO  [BrowserSelenium] (_getByLocator) -> Locator info found for XPATH attribute as: (//span[text()='Customers'])[2]
14:39:24,145 INFO  [BrowserSelenium] ENTER --> (_parseElementOnXpath)
14:39:24,145 INFO  [BrowserSelenium] (_parseElementOnXpath) -> (//span[text()='Customers'])[2] is used
14:39:24,145 INFO  [BrowserSelenium] EXIT --> (_parseElementOnXpath)
14:39:24,145 INFO  [BrowserSelenium] EXIT --> (_getByLocator)
14:39:24,163 INFO  [BrowserSelenium] ENTER --> (_getByLocator)
14:39:24,163 INFO  [BrowserSelenium] (_getByLocator) -> Getting locator for null
14:39:24,163 INFO  [BrowserSelenium] (_getByLocator) -> Locator info found for XPATH attribute as: (//span[text()='Customers'])[2]
14:39:24,163 INFO  [BrowserSelenium] ENTER --> (_parseElementOnXpath)
14:39:24,163 INFO  [BrowserSelenium] (_parseElementOnXpath) -> (//span[text()='Customers'])[2] is used
14:39:24,163 INFO  [BrowserSelenium] EXIT --> (_parseElementOnXpath)
14:39:24,164 INFO  [BrowserSelenium] EXIT --> (_getByLocator)
14:39:24,181 INFO  [BrowserSelenium] ENTER --> (_getByLocator)
14:39:24,181 INFO  [BrowserSelenium] (_getByLocator) -> Getting locator for null
14:39:24,181 INFO  [BrowserSelenium] (_getByLocator) -> Locator info found for XPATH attribute as: (//span[text()='Customers'])[2]
14:39:24,181 INFO  [BrowserSelenium] ENTER --> (_parseElementOnXpath)
14:39:24,181 INFO  [BrowserSelenium] (_parseElementOnXpath) -> (//span[text()='Customers'])[2] is used
14:39:24,181 INFO  [BrowserSelenium] EXIT --> (_parseElementOnXpath)
14:39:24,181 INFO  [BrowserSelenium] EXIT --> (_getByLocator)
14:39:24,198 INFO  [BrowserSelenium] ENTER --> (_getByLocator)
14:39:24,198 INFO  [BrowserSelenium] (_getByLocator) -> Getting locator for null
14:39:24,198 INFO  [BrowserSelenium] (_getByLocator) -> Locator info found for XPATH attribute as: (//span[text()='Customers'])[2]
14:39:24,198 INFO  [BrowserSelenium] ENTER --> (_parseElementOnXpath)
14:39:24,198 INFO  [BrowserSelenium] (_parseElementOnXpath) -> (//span[text()='Customers'])[2] is used
14:39:24,198 INFO  [BrowserSelenium] EXIT --> (_parseElementOnXpath)
14:39:24,198 INFO  [BrowserSelenium] EXIT --> (_getByLocator)
14:39:24,215 INFO  [BrowserSelenium] ENTER --> (_getByLocator)
14:39:24,215 INFO  [BrowserSelenium] (_getByLocator) -> Getting locator for null
14:39:24,216 INFO  [BrowserSelenium] (_getByLocator) -> Locator info found for XPATH attribute as: (//span[text()='Customers'])[2]
14:39:24,216 INFO  [BrowserSelenium] ENTER --> (_parseElementOnXpath)
14:39:24,216 INFO  [BrowserSelenium] (_parseElementOnXpath) -> (//span[text()='Customers'])[2] is used
14:39:24,216 INFO  [BrowserSelenium] EXIT --> (_parseElementOnXpath)
14:39:24,216 INFO  [BrowserSelenium] EXIT --> (_getByLocator)
14:39:24,232 INFO  [BrowserSelenium] ENTER --> (_getByLocator)
14:39:24,232 INFO  [BrowserSelenium] (_getByLocator) -> Getting locator for null
14:39:24,233 INFO  [BrowserSelenium] (_getByLocator) -> Locator info found for XPATH attribute as: (//span[text()='Customers'])[2]
14:39:24,233 INFO  [BrowserSelenium] ENTER --> (_parseElementOnXpath)
14:39:24,233 INFO  [BrowserSelenium] (_parseElementOnXpath) -> (//span[text()='Customers'])[2] is used
14:39:24,233 INFO  [BrowserSelenium] EXIT --> (_parseElementOnXpath)
14:39:24,233 INFO  [BrowserSelenium] EXIT --> (_getByLocator)
14:39:24,250 INFO  [BrowserSelenium] ENTER --> (_getByLocator)
14:39:24,250 INFO  [BrowserSelenium] (_getByLocator) -> Getting locator for null
14:39:24,250 INFO  [BrowserSelenium] (_getByLocator) -> Locator info found for XPATH attribute as: (//span[text()='Customers'])[2]
14:39:24,250 INFO  [BrowserSelenium] ENTER --> (_parseElementOnXpath)
14:39:24,250 INFO  [BrowserSelenium] (_parseElementOnXpath) -> (//span[text()='Customers'])[2] is used
14:39:24,250 INFO  [BrowserSelenium] EXIT --> (_parseElementOnXpath)
14:39:24,250 INFO  [BrowserSelenium] EXIT --> (_getByLocator)
14:39:24,268 INFO  [BrowserSelenium] ENTER --> (_getByLocator)
14:39:24,268 INFO  [BrowserSelenium] (_getByLocator) -> Getting locator for null
14:39:24,269 INFO  [BrowserSelenium] (_getByLocator) -> Locator info found for XPATH attribute as: (//span[text()='Customers'])[2]
14:39:24,269 INFO  [BrowserSelenium] ENTER --> (_parseElementOnXpath)
14:39:24,269 INFO  [BrowserSelenium] (_parseElementOnXpath) -> (//span[text()='Customers'])[2] is used
14:39:24,269 INFO  [BrowserSelenium] EXIT --> (_parseElementOnXpath)
14:39:24,269 INFO  [BrowserSelenium] EXIT --> (_getByLocator)
14:39:24,286 INFO  [BrowserSelenium] ENTER --> (_getByLocator)
14:39:24,286 INFO  [BrowserSelenium] (_getByLocator) -> Getting locator for null
14:39:24,286 INFO  [BrowserSelenium] (_getByLocator) -> Locator info found for XPATH attribute as: (//span[text()='Customers'])[2]
14:39:24,286 INFO  [BrowserSelenium] ENTER --> (_parseElementOnXpath)
14:39:24,286 INFO  [BrowserSelenium] (_parseElementOnXpath) -> (//span[text()='Customers'])[2] is used
14:39:24,286 INFO  [BrowserSelenium] EXIT --> (_parseElementOnXpath)
14:39:24,286 INFO  [BrowserSelenium] EXIT --> (_getByLocator)
14:39:24,303 INFO  [BrowserSelenium] ENTER --> (_getByLocator)
14:39:24,303 INFO  [BrowserSelenium] (_getByLocator) -> Getting locator for null
14:39:24,303 INFO  [BrowserSelenium] (_getByLocator) -> Locator info found for XPATH attribute as: (//span[text()='Customers'])[2]
14:39:24,303 INFO  [BrowserSelenium] ENTER --> (_parseElementOnXpath)
14:39:24,303 INFO  [BrowserSelenium] (_parseElementOnXpath) -> (//span[text()='Customers'])[2] is used
14:39:24,303 INFO  [BrowserSelenium] EXIT --> (_parseElementOnXpath)
14:39:24,303 INFO  [BrowserSelenium] EXIT --> (_getByLocator)
14:39:24,320 INFO  [BrowserSelenium] ENTER --> (_getByLocator)
14:39:24,320 INFO  [BrowserSelenium] (_getByLocator) -> Getting locator for null
14:39:24,320 INFO  [BrowserSelenium] (_getByLocator) -> Locator info found for XPATH attribute as: (//span[text()='Customers'])[2]
14:39:24,320 INFO  [BrowserSelenium] ENTER --> (_parseElementOnXpath)
14:39:24,320 INFO  [BrowserSelenium] (_parseElementOnXpath) -> (//span[text()='Customers'])[2] is used
14:39:24,320 INFO  [BrowserSelenium] EXIT --> (_parseElementOnXpath)
14:39:24,320 INFO  [BrowserSelenium] EXIT --> (_getByLocator)
14:39:24,337 INFO  [BrowserSelenium] ENTER --> (_getByLocator)
14:39:24,337 INFO  [BrowserSelenium] (_getByLocator) -> Getting locator for null
14:39:24,337 INFO  [BrowserSelenium] (_getByLocator) -> Locator info found for XPATH attribute as: (//span[text()='Customers'])[2]
14:39:24,337 INFO  [BrowserSelenium] ENTER --> (_parseElementOnXpath)
14:39:24,338 INFO  [BrowserSelenium] (_parseElementOnXpath) -> (//span[text()='Customers'])[2] is used
14:39:24,338 INFO  [BrowserSelenium] EXIT --> (_parseElementOnXpath)
14:39:24,338 INFO  [BrowserSelenium] EXIT --> (_getByLocator)
14:39:24,354 INFO  [BrowserSelenium] ENTER --> (_getByLocator)
14:39:24,355 INFO  [BrowserSelenium] (_getByLocator) -> Getting locator for null
14:39:24,355 INFO  [BrowserSelenium] (_getByLocator) -> Locator info found for XPATH attribute as: (//span[text()='Customers'])[2]
14:39:24,355 INFO  [BrowserSelenium] ENTER --> (_parseElementOnXpath)
14:39:24,355 INFO  [BrowserSelenium] (_parseElementOnXpath) -> (//span[text()='Customers'])[2] is used
14:39:24,355 INFO  [BrowserSelenium] EXIT --> (_parseElementOnXpath)
14:39:24,355 INFO  [BrowserSelenium] EXIT --> (_getByLocator)
14:39:24,373 INFO  [BrowserSelenium] ENTER --> (_getByLocator)
14:39:24,373 INFO  [BrowserSelenium] (_getByLocator) -> Getting locator for null
14:39:24,373 INFO  [BrowserSelenium] (_getByLocator) -> Locator info found for XPATH attribute as: (//span[text()='Customers'])[2]
14:39:24,374 INFO  [BrowserSelenium] ENTER --> (_parseElementOnXpath)
14:39:24,374 INFO  [BrowserSelenium] (_parseElementOnXpath) -> (//span[text()='Customers'])[2] is used
14:39:24,374 INFO  [BrowserSelenium] EXIT --> (_parseElementOnXpath)
14:39:24,374 INFO  [BrowserSelenium] EXIT --> (_getByLocator)
14:39:24,391 INFO  [BrowserSelenium] ENTER --> (_getByLocator)
14:39:24,391 INFO  [BrowserSelenium] (_getByLocator) -> Getting locator for null
14:39:24,391 INFO  [BrowserSelenium] (_getByLocator) -> Locator info found for XPATH attribute as: (//span[text()='Customers'])[2]
14:39:24,391 INFO  [BrowserSelenium] ENTER --> (_parseElementOnXpath)
14:39:24,391 INFO  [BrowserSelenium] (_parseElementOnXpath) -> (//span[text()='Customers'])[2] is used
14:39:24,391 INFO  [BrowserSelenium] EXIT --> (_parseElementOnXpath)
14:39:24,391 INFO  [BrowserSelenium] EXIT --> (_getByLocator)
14:39:24,409 INFO  [BrowserSelenium] ENTER --> (_getByLocator)
14:39:24,409 INFO  [BrowserSelenium] (_getByLocator) -> Getting locator for null
14:39:24,409 INFO  [BrowserSelenium] (_getByLocator) -> Locator info found for XPATH attribute as: (//span[text()='Customers'])[2]
14:39:24,409 INFO  [BrowserSelenium] ENTER --> (_parseElementOnXpath)
14:39:24,409 INFO  [BrowserSelenium] (_parseElementOnXpath) -> (//span[text()='Customers'])[2] is used
14:39:24,409 INFO  [BrowserSelenium] EXIT --> (_parseElementOnXpath)
14:39:24,409 INFO  [BrowserSelenium] EXIT --> (_getByLocator)
14:39:24,426 INFO  [BrowserSelenium] ENTER --> (_getByLocator)
14:39:24,426 INFO  [BrowserSelenium] (_getByLocator) -> Getting locator for null
14:39:24,426 INFO  [BrowserSelenium] (_getByLocator) -> Locator info found for XPATH attribute as: (//span[text()='Customers'])[2]
14:39:24,426 INFO  [BrowserSelenium] ENTER --> (_parseElementOnXpath)
14:39:24,426 INFO  [BrowserSelenium] (_parseElementOnXpath) -> (//span[text()='Customers'])[2] is used
14:39:24,426 INFO  [BrowserSelenium] EXIT --> (_parseElementOnXpath)
14:39:24,427 INFO  [BrowserSelenium] EXIT --> (_getByLocator)
14:39:24,445 INFO  [BrowserSelenium] ENTER --> (_getByLocator)
14:39:24,446 INFO  [BrowserSelenium] (_getByLocator) -> Getting locator for null
14:39:24,446 INFO  [BrowserSelenium] (_getByLocator) -> Locator info found for XPATH attribute as: (//span[text()='Customers'])[2]
14:39:24,446 INFO  [BrowserSelenium] ENTER --> (_parseElementOnXpath)
14:39:24,446 INFO  [BrowserSelenium] (_parseElementOnXpath) -> (//span[text()='Customers'])[2] is used
14:39:24,446 INFO  [BrowserSelenium] EXIT --> (_parseElementOnXpath)
14:39:24,446 INFO  [BrowserSelenium] EXIT --> (_getByLocator)
14:39:24,463 INFO  [BrowserSelenium] ENTER --> (_getByLocator)
14:39:24,463 INFO  [BrowserSelenium] (_getByLocator) -> Getting locator for null
14:39:24,463 INFO  [BrowserSelenium] (_getByLocator) -> Locator info found for XPATH attribute as: (//span[text()='Customers'])[2]
14:39:24,463 INFO  [BrowserSelenium] ENTER --> (_parseElementOnXpath)
14:39:24,463 INFO  [BrowserSelenium] (_parseElementOnXpath) -> (//span[text()='Customers'])[2] is used
14:39:24,463 INFO  [BrowserSelenium] EXIT --> (_parseElementOnXpath)
14:39:24,463 INFO  [BrowserSelenium] EXIT --> (_getByLocator)
14:39:24,480 INFO  [BrowserSelenium] ENTER --> (_getByLocator)
14:39:24,480 INFO  [BrowserSelenium] (_getByLocator) -> Getting locator for null
14:39:24,480 INFO  [BrowserSelenium] (_getByLocator) -> Locator info found for XPATH attribute as: (//span[text()='Customers'])[2]
14:39:24,481 INFO  [BrowserSelenium] ENTER --> (_parseElementOnXpath)
14:39:24,481 INFO  [BrowserSelenium] (_parseElementOnXpath) -> (//span[text()='Customers'])[2] is used
14:39:24,481 INFO  [BrowserSelenium] EXIT --> (_parseElementOnXpath)
14:39:24,481 INFO  [BrowserSelenium] EXIT --> (_getByLocator)
14:39:24,499 INFO  [BrowserSelenium] ENTER --> (_getByLocator)
14:39:24,499 INFO  [BrowserSelenium] (_getByLocator) -> Getting locator for null
14:39:24,499 INFO  [BrowserSelenium] (_getByLocator) -> Locator info found for XPATH attribute as: (//span[text()='Customers'])[2]
14:39:24,499 INFO  [BrowserSelenium] ENTER --> (_parseElementOnXpath)
14:39:24,499 INFO  [BrowserSelenium] (_parseElementOnXpath) -> (//span[text()='Customers'])[2] is used
14:39:24,499 INFO  [BrowserSelenium] EXIT --> (_parseElementOnXpath)
14:39:24,499 INFO  [BrowserSelenium] EXIT --> (_getByLocator)
14:39:24,516 INFO  [BrowserSelenium] ENTER --> (_getByLocator)
14:39:24,516 INFO  [BrowserSelenium] (_getByLocator) -> Getting locator for null
14:39:24,517 INFO  [BrowserSelenium] (_getByLocator) -> Locator info found for XPATH attribute as: (//span[text()='Customers'])[2]
14:39:24,517 INFO  [BrowserSelenium] ENTER --> (_parseElementOnXpath)
14:39:24,517 INFO  [BrowserSelenium] (_parseElementOnXpath) -> (//span[text()='Customers'])[2] is used
14:39:24,517 INFO  [BrowserSelenium] EXIT --> (_parseElementOnXpath)
14:39:24,517 INFO  [BrowserSelenium] EXIT --> (_getByLocator)
14:39:24,534 INFO  [BrowserSelenium] ENTER --> (_getByLocator)
14:39:24,534 INFO  [BrowserSelenium] (_getByLocator) -> Getting locator for null
14:39:24,534 INFO  [BrowserSelenium] (_getByLocator) -> Locator info found for XPATH attribute as: (//span[text()='Customers'])[2]
14:39:24,534 INFO  [BrowserSelenium] ENTER --> (_parseElementOnXpath)
14:39:24,534 INFO  [BrowserSelenium] (_parseElementOnXpath) -> (//span[text()='Customers'])[2] is used
14:39:24,535 INFO  [BrowserSelenium] EXIT --> (_parseElementOnXpath)
14:39:24,535 INFO  [BrowserSelenium] EXIT --> (_getByLocator)
14:39:24,553 INFO  [BrowserSelenium] ENTER --> (_getByLocator)
14:39:24,553 INFO  [BrowserSelenium] (_getByLocator) -> Getting locator for null
14:39:24,553 INFO  [BrowserSelenium] (_getByLocator) -> Locator info found for XPATH attribute as: (//span[text()='Customers'])[2]
14:39:24,553 INFO  [BrowserSelenium] ENTER --> (_parseElementOnXpath)
14:39:24,553 INFO  [BrowserSelenium] (_parseElementOnXpath) -> (//span[text()='Customers'])[2] is used
14:39:24,553 INFO  [BrowserSelenium] EXIT --> (_parseElementOnXpath)
14:39:24,554 INFO  [BrowserSelenium] EXIT --> (_getByLocator)
14:39:24,570 INFO  [BrowserSelenium] ENTER --> (_getByLocator)
14:39:24,570 INFO  [BrowserSelenium] (_getByLocator) -> Getting locator for null
14:39:24,570 INFO  [BrowserSelenium] (_getByLocator) -> Locator info found for XPATH attribute as: (//span[text()='Customers'])[2]
14:39:24,571 INFO  [BrowserSelenium] ENTER --> (_parseElementOnXpath)
14:39:24,571 INFO  [BrowserSelenium] (_parseElementOnXpath) -> (//span[text()='Customers'])[2] is used
14:39:24,571 INFO  [BrowserSelenium] EXIT --> (_parseElementOnXpath)
14:39:24,571 INFO  [BrowserSelenium] EXIT --> (_getByLocator)
14:39:24,588 INFO  [BrowserSelenium] ENTER --> (_getByLocator)
14:39:24,588 INFO  [BrowserSelenium] (_getByLocator) -> Getting locator for null
14:39:24,589 INFO  [BrowserSelenium] (_getByLocator) -> Locator info found for XPATH attribute as: (//span[text()='Customers'])[2]
14:39:24,589 INFO  [BrowserSelenium] ENTER --> (_parseElementOnXpath)
14:39:24,589 INFO  [BrowserSelenium] (_parseElementOnXpath) -> (//span[text()='Customers'])[2] is used
14:39:24,589 INFO  [BrowserSelenium] EXIT --> (_parseElementOnXpath)
14:39:24,589 INFO  [BrowserSelenium] EXIT --> (_getByLocator)
14:39:24,607 INFO  [BrowserSelenium] ENTER --> (_getByLocator)
14:39:24,607 INFO  [BrowserSelenium] (_getByLocator) -> Getting locator for null
14:39:24,607 INFO  [BrowserSelenium] (_getByLocator) -> Locator info found for XPATH attribute as: (//span[text()='Customers'])[2]
14:39:24,607 INFO  [BrowserSelenium] ENTER --> (_parseElementOnXpath)
14:39:24,608 INFO  [BrowserSelenium] (_parseElementOnXpath) -> (//span[text()='Customers'])[2] is used
14:39:24,608 INFO  [BrowserSelenium] EXIT --> (_parseElementOnXpath)
14:39:24,608 INFO  [BrowserSelenium] EXIT --> (_getByLocator)
14:39:24,624 INFO  [BrowserSelenium] ENTER --> (_getByLocator)
14:39:24,624 INFO  [BrowserSelenium] (_getByLocator) -> Getting locator for null
14:39:24,625 INFO  [BrowserSelenium] (_getByLocator) -> Locator info found for XPATH attribute as: (//span[text()='Customers'])[2]
14:39:24,625 INFO  [BrowserSelenium] ENTER --> (_parseElementOnXpath)
14:39:24,625 INFO  [BrowserSelenium] (_parseElementOnXpath) -> (//span[text()='Customers'])[2] is used
14:39:24,625 INFO  [BrowserSelenium] EXIT --> (_parseElementOnXpath)
14:39:24,625 INFO  [BrowserSelenium] EXIT --> (_getByLocator)
14:39:24,643 INFO  [BrowserSelenium] ENTER --> (_getByLocator)
14:39:24,643 INFO  [BrowserSelenium] (_getByLocator) -> Getting locator for null
14:39:24,643 INFO  [BrowserSelenium] (_getByLocator) -> Locator info found for XPATH attribute as: (//span[text()='Customers'])[2]
14:39:24,643 INFO  [BrowserSelenium] ENTER --> (_parseElementOnXpath)
14:39:24,643 INFO  [BrowserSelenium] (_parseElementOnXpath) -> (//span[text()='Customers'])[2] is used
14:39:24,643 INFO  [BrowserSelenium] EXIT --> (_parseElementOnXpath)
14:39:24,643 INFO  [BrowserSelenium] EXIT --> (_getByLocator)
14:39:24,661 INFO  [BrowserSelenium] ENTER --> (_getByLocator)
14:39:24,661 INFO  [BrowserSelenium] (_getByLocator) -> Getting locator for null
14:39:24,661 INFO  [BrowserSelenium] (_getByLocator) -> Locator info found for XPATH attribute as: (//span[text()='Customers'])[2]
14:39:24,661 INFO  [BrowserSelenium] ENTER --> (_parseElementOnXpath)
14:39:24,662 INFO  [BrowserSelenium] (_parseElementOnXpath) -> (//span[text()='Customers'])[2] is used
14:39:24,662 INFO  [BrowserSelenium] EXIT --> (_parseElementOnXpath)
14:39:24,662 INFO  [BrowserSelenium] EXIT --> (_getByLocator)
14:39:24,678 INFO  [BrowserSelenium] ENTER --> (_getByLocator)
14:39:24,679 INFO  [BrowserSelenium] (_getByLocator) -> Getting locator for null
14:39:24,679 INFO  [BrowserSelenium] (_getByLocator) -> Locator info found for XPATH attribute as: (//span[text()='Customers'])[2]
14:39:24,679 INFO  [BrowserSelenium] ENTER --> (_parseElementOnXpath)
14:39:24,679 INFO  [BrowserSelenium] (_parseElementOnXpath) -> (//span[text()='Customers'])[2] is used
14:39:24,679 INFO  [BrowserSelenium] EXIT --> (_parseElementOnXpath)
14:39:24,679 INFO  [BrowserSelenium] EXIT --> (_getByLocator)
14:39:24,697 INFO  [BrowserSelenium] ENTER --> (_getByLocator)
14:39:24,697 INFO  [BrowserSelenium] (_getByLocator) -> Getting locator for null
14:39:24,697 INFO  [BrowserSelenium] (_getByLocator) -> Locator info found for XPATH attribute as: (//span[text()='Customers'])[2]
14:39:24,697 INFO  [BrowserSelenium] ENTER --> (_parseElementOnXpath)
14:39:24,697 INFO  [BrowserSelenium] (_parseElementOnXpath) -> (//span[text()='Customers'])[2] is used
14:39:24,697 INFO  [BrowserSelenium] EXIT --> (_parseElementOnXpath)
14:39:24,697 INFO  [BrowserSelenium] EXIT --> (_getByLocator)
14:39:24,714 INFO  [BrowserSelenium] ENTER --> (_getByLocator)
14:39:24,714 INFO  [BrowserSelenium] (_getByLocator) -> Getting locator for null
14:39:24,714 INFO  [BrowserSelenium] (_getByLocator) -> Locator info found for XPATH attribute as: (//span[text()='Customers'])[2]
14:39:24,715 INFO  [BrowserSelenium] ENTER --> (_parseElementOnXpath)
14:39:24,715 INFO  [BrowserSelenium] (_parseElementOnXpath) -> (//span[text()='Customers'])[2] is used
14:39:24,715 INFO  [BrowserSelenium] EXIT --> (_parseElementOnXpath)
14:39:24,715 INFO  [BrowserSelenium] EXIT --> (_getByLocator)
14:39:24,733 INFO  [BrowserSelenium] ENTER --> (_getByLocator)
14:39:24,733 INFO  [BrowserSelenium] (_getByLocator) -> Getting locator for null
14:39:24,733 INFO  [BrowserSelenium] (_getByLocator) -> Locator info found for XPATH attribute as: (//span[text()='Customers'])[2]
14:39:24,733 INFO  [BrowserSelenium] ENTER --> (_parseElementOnXpath)
14:39:24,733 INFO  [BrowserSelenium] (_parseElementOnXpath) -> (//span[text()='Customers'])[2] is used
14:39:24,733 INFO  [BrowserSelenium] EXIT --> (_parseElementOnXpath)
14:39:24,734 INFO  [BrowserSelenium] EXIT --> (_getByLocator)
14:39:24,751 INFO  [BrowserSelenium] ENTER --> (_getByLocator)
14:39:24,751 INFO  [BrowserSelenium] (_getByLocator) -> Getting locator for null
14:39:24,752 INFO  [BrowserSelenium] (_getByLocator) -> Locator info found for XPATH attribute as: (//span[text()='Customers'])[2]
14:39:24,752 INFO  [BrowserSelenium] ENTER --> (_parseElementOnXpath)
14:39:24,752 INFO  [BrowserSelenium] (_parseElementOnXpath) -> (//span[text()='Customers'])[2] is used
14:39:24,752 INFO  [BrowserSelenium] EXIT --> (_parseElementOnXpath)
14:39:24,752 INFO  [BrowserSelenium] EXIT --> (_getByLocator)
14:39:24,769 INFO  [BrowserSelenium] ENTER --> (_getByLocator)
14:39:24,769 INFO  [BrowserSelenium] (_getByLocator) -> Getting locator for null
14:39:24,769 INFO  [BrowserSelenium] (_getByLocator) -> Locator info found for XPATH attribute as: (//span[text()='Customers'])[2]
14:39:24,769 INFO  [BrowserSelenium] ENTER --> (_parseElementOnXpath)
14:39:24,769 INFO  [BrowserSelenium] (_parseElementOnXpath) -> (//span[text()='Customers'])[2] is used
14:39:24,769 INFO  [BrowserSelenium] EXIT --> (_parseElementOnXpath)
14:39:24,770 INFO  [BrowserSelenium] EXIT --> (_getByLocator)
14:39:24,786 INFO  [BrowserSelenium] ENTER --> (_getByLocator)
14:39:24,786 INFO  [BrowserSelenium] (_getByLocator) -> Getting locator for null
14:39:24,786 INFO  [BrowserSelenium] (_getByLocator) -> Locator info found for XPATH attribute as: (//span[text()='Customers'])[2]
14:39:24,786 INFO  [BrowserSelenium] ENTER --> (_parseElementOnXpath)
14:39:24,787 INFO  [BrowserSelenium] (_parseElementOnXpath) -> (//span[text()='Customers'])[2] is used
14:39:24,787 INFO  [BrowserSelenium] EXIT --> (_parseElementOnXpath)
14:39:24,787 INFO  [BrowserSelenium] EXIT --> (_getByLocator)
14:39:24,804 INFO  [BrowserSelenium] ENTER --> (_getByLocator)
14:39:24,804 INFO  [BrowserSelenium] (_getByLocator) -> Getting locator for null
14:39:24,804 INFO  [BrowserSelenium] (_getByLocator) -> Locator info found for XPATH attribute as: (//span[text()='Customers'])[2]
14:39:24,804 INFO  [BrowserSelenium] ENTER --> (_parseElementOnXpath)
14:39:24,804 INFO  [BrowserSelenium] (_parseElementOnXpath) -> (//span[text()='Customers'])[2] is used
14:39:24,804 INFO  [BrowserSelenium] EXIT --> (_parseElementOnXpath)
14:39:24,804 INFO  [BrowserSelenium] EXIT --> (_getByLocator)
14:39:24,821 INFO  [BrowserSelenium] ENTER --> (_getByLocator)
14:39:24,821 INFO  [BrowserSelenium] (_getByLocator) -> Getting locator for null
14:39:24,821 INFO  [BrowserSelenium] (_getByLocator) -> Locator info found for XPATH attribute as: (//span[text()='Customers'])[2]
14:39:24,821 INFO  [BrowserSelenium] ENTER --> (_parseElementOnXpath)
14:39:24,821 INFO  [BrowserSelenium] (_parseElementOnXpath) -> (//span[text()='Customers'])[2] is used
14:39:24,821 INFO  [BrowserSelenium] EXIT --> (_parseElementOnXpath)
14:39:24,821 INFO  [BrowserSelenium] EXIT --> (_getByLocator)
14:39:24,838 INFO  [BrowserSelenium] ENTER --> (_getByLocator)
14:39:24,838 INFO  [BrowserSelenium] (_getByLocator) -> Getting locator for null
14:39:24,839 INFO  [BrowserSelenium] (_getByLocator) -> Locator info found for XPATH attribute as: (//span[text()='Customers'])[2]
14:39:24,839 INFO  [BrowserSelenium] ENTER --> (_parseElementOnXpath)
14:39:24,839 INFO  [BrowserSelenium] (_parseElementOnXpath) -> (//span[text()='Customers'])[2] is used
14:39:24,839 INFO  [BrowserSelenium] EXIT --> (_parseElementOnXpath)
14:39:24,839 INFO  [BrowserSelenium] EXIT --> (_getByLocator)
14:39:24,855 INFO  [BrowserSelenium] ENTER --> (_getByLocator)
14:39:24,855 INFO  [BrowserSelenium] (_getByLocator) -> Getting locator for null
14:39:24,856 INFO  [BrowserSelenium] (_getByLocator) -> Locator info found for XPATH attribute as: (//span[text()='Customers'])[2]
14:39:24,856 INFO  [BrowserSelenium] ENTER --> (_parseElementOnXpath)
14:39:24,856 INFO  [BrowserSelenium] (_parseElementOnXpath) -> (//span[text()='Customers'])[2] is used
14:39:24,856 INFO  [BrowserSelenium] EXIT --> (_parseElementOnXpath)
14:39:24,856 INFO  [BrowserSelenium] EXIT --> (_getByLocator)
14:39:24,873 INFO  [BrowserSelenium] ENTER --> (_getByLocator)
14:39:24,873 INFO  [BrowserSelenium] (_getByLocator) -> Getting locator for null
14:39:24,873 INFO  [BrowserSelenium] (_getByLocator) -> Locator info found for XPATH attribute as: (//span[text()='Customers'])[2]
14:39:24,873 INFO  [BrowserSelenium] ENTER --> (_parseElementOnXpath)
14:39:24,874 INFO  [BrowserSelenium] (_parseElementOnXpath) -> (//span[text()='Customers'])[2] is used
14:39:24,874 INFO  [BrowserSelenium] EXIT --> (_parseElementOnXpath)
14:39:24,874 INFO  [BrowserSelenium] EXIT --> (_getByLocator)
14:39:24,896 INFO  [BrowserSelenium] ENTER --> (_getByLocator)
14:39:24,897 INFO  [BrowserSelenium] (_getByLocator) -> Getting locator for null
14:39:24,897 INFO  [BrowserSelenium] (_getByLocator) -> Locator info found for XPATH attribute as: (//span[text()='Customers'])[2]
14:39:24,897 INFO  [BrowserSelenium] ENTER --> (_parseElementOnXpath)
14:39:24,897 INFO  [BrowserSelenium] (_parseElementOnXpath) -> (//span[text()='Customers'])[2] is used
14:39:24,897 INFO  [BrowserSelenium] EXIT --> (_parseElementOnXpath)
14:39:24,898 INFO  [BrowserSelenium] EXIT --> (_getByLocator)
14:39:24,924 INFO  [BrowserSelenium] ENTER --> (_getByLocator)
14:39:24,925 INFO  [BrowserSelenium] (_getByLocator) -> Getting locator for null
14:39:24,925 INFO  [BrowserSelenium] (_getByLocator) -> Locator info found for XPATH attribute as: (//span[text()='Customers'])[2]
14:39:24,925 INFO  [BrowserSelenium] ENTER --> (_parseElementOnXpath)
14:39:24,925 INFO  [BrowserSelenium] (_parseElementOnXpath) -> (//span[text()='Customers'])[2] is used
14:39:24,925 INFO  [BrowserSelenium] EXIT --> (_parseElementOnXpath)
14:39:24,926 INFO  [BrowserSelenium] EXIT --> (_getByLocator)
14:39:24,955 INFO  [BrowserSelenium] ENTER --> (_getByLocator)
14:39:24,955 INFO  [BrowserSelenium] (_getByLocator) -> Getting locator for null
14:39:24,956 INFO  [BrowserSelenium] (_getByLocator) -> Locator info found for XPATH attribute as: (//span[text()='Customers'])[2]
14:39:24,956 INFO  [BrowserSelenium] ENTER --> (_parseElementOnXpath)
14:39:24,956 INFO  [BrowserSelenium] (_parseElementOnXpath) -> (//span[text()='Customers'])[2] is used
14:39:24,956 INFO  [BrowserSelenium] EXIT --> (_parseElementOnXpath)
14:39:24,956 INFO  [BrowserSelenium] EXIT --> (_getByLocator)
14:39:24,982 INFO  [BrowserSelenium] ENTER --> (_getByLocator)
14:39:24,982 INFO  [BrowserSelenium] (_getByLocator) -> Getting locator for null
14:39:24,983 INFO  [BrowserSelenium] (_getByLocator) -> Locator info found for XPATH attribute as: (//span[text()='Customers'])[2]
14:39:24,983 INFO  [BrowserSelenium] ENTER --> (_parseElementOnXpath)
14:39:24,983 INFO  [BrowserSelenium] (_parseElementOnXpath) -> (//span[text()='Customers'])[2] is used
14:39:24,983 INFO  [BrowserSelenium] EXIT --> (_parseElementOnXpath)
14:39:24,983 INFO  [BrowserSelenium] EXIT --> (_getByLocator)
14:39:25,006 INFO  [BrowserSelenium] ENTER --> (_getByLocator)
14:39:25,006 INFO  [BrowserSelenium] (_getByLocator) -> Getting locator for null
14:39:25,006 INFO  [BrowserSelenium] (_getByLocator) -> Locator info found for XPATH attribute as: (//span[text()='Customers'])[2]
14:39:25,006 INFO  [BrowserSelenium] ENTER --> (_parseElementOnXpath)
14:39:25,007 INFO  [BrowserSelenium] (_parseElementOnXpath) -> (//span[text()='Customers'])[2] is used
14:39:25,007 INFO  [BrowserSelenium] EXIT --> (_parseElementOnXpath)
14:39:25,007 INFO  [BrowserSelenium] EXIT --> (_getByLocator)
14:39:25,026 INFO  [BrowserSelenium] ENTER --> (_getByLocator)
14:39:25,026 INFO  [BrowserSelenium] (_getByLocator) -> Getting locator for null
14:39:25,026 INFO  [BrowserSelenium] (_getByLocator) -> Locator info found for XPATH attribute as: (//span[text()='Customers'])[2]
14:39:25,026 INFO  [BrowserSelenium] ENTER --> (_parseElementOnXpath)
14:39:25,027 INFO  [BrowserSelenium] (_parseElementOnXpath) -> (//span[text()='Customers'])[2] is used
14:39:25,027 INFO  [BrowserSelenium] EXIT --> (_parseElementOnXpath)
14:39:25,027 INFO  [BrowserSelenium] EXIT --> (_getByLocator)
14:39:25,289 INFO  [BrowserSelenium] ENTER --> (_getByLocator)
14:39:25,290 INFO  [BrowserSelenium] (_getByLocator) -> Getting locator for null
14:39:25,290 INFO  [BrowserSelenium] (_getByLocator) -> Locator info found for XPATH attribute as: (//span[text()='Customers'])[2]
14:39:25,290 INFO  [BrowserSelenium] ENTER --> (_parseElementOnXpath)
14:39:25,290 INFO  [BrowserSelenium] (_parseElementOnXpath) -> (//span[text()='Customers'])[2] is used
14:39:25,290 INFO  [BrowserSelenium] EXIT --> (_parseElementOnXpath)
14:39:25,290 INFO  [BrowserSelenium] EXIT --> (_getByLocator)
14:39:25,318 INFO  [BrowserSelenium] ENTER --> (_getByLocator)
14:39:25,318 INFO  [BrowserSelenium] (_getByLocator) -> Getting locator for null
14:39:25,318 INFO  [BrowserSelenium] (_getByLocator) -> Locator info found for XPATH attribute as: (//span[text()='Customers'])[2]
14:39:25,318 INFO  [BrowserSelenium] ENTER --> (_parseElementOnXpath)
14:39:25,319 INFO  [BrowserSelenium] (_parseElementOnXpath) -> (//span[text()='Customers'])[2] is used
14:39:25,319 INFO  [BrowserSelenium] EXIT --> (_parseElementOnXpath)
14:39:25,319 INFO  [BrowserSelenium] EXIT --> (_getByLocator)
14:39:25,338 INFO  [BrowserSelenium] ENTER --> (_getByLocator)
14:39:25,338 INFO  [BrowserSelenium] (_getByLocator) -> Getting locator for null
14:39:25,338 INFO  [BrowserSelenium] (_getByLocator) -> Locator info found for XPATH attribute as: (//span[text()='Customers'])[2]
14:39:25,338 INFO  [BrowserSelenium] ENTER --> (_parseElementOnXpath)
14:39:25,338 INFO  [BrowserSelenium] (_parseElementOnXpath) -> (//span[text()='Customers'])[2] is used
14:39:25,339 INFO  [BrowserSelenium] EXIT --> (_parseElementOnXpath)
14:39:25,339 INFO  [BrowserSelenium] EXIT --> (_getByLocator)
14:39:25,362 INFO  [BrowserSelenium] ENTER --> (_getByLocator)
14:39:25,362 INFO  [BrowserSelenium] (_getByLocator) -> Getting locator for null
14:39:25,362 INFO  [BrowserSelenium] (_getByLocator) -> Locator info found for XPATH attribute as: (//span[text()='Customers'])[2]
14:39:25,362 INFO  [BrowserSelenium] ENTER --> (_parseElementOnXpath)
14:39:25,362 INFO  [BrowserSelenium] (_parseElementOnXpath) -> (//span[text()='Customers'])[2] is used
14:39:25,362 INFO  [BrowserSelenium] EXIT --> (_parseElementOnXpath)
14:39:25,363 INFO  [BrowserSelenium] EXIT --> (_getByLocator)
14:39:25,381 INFO  [BrowserSelenium] ENTER --> (_getByLocator)
14:39:25,381 INFO  [BrowserSelenium] (_getByLocator) -> Getting locator for null
14:39:25,381 INFO  [BrowserSelenium] (_getByLocator) -> Locator info found for XPATH attribute as: (//span[text()='Customers'])[2]
14:39:25,381 INFO  [BrowserSelenium] ENTER --> (_parseElementOnXpath)
14:39:25,381 INFO  [BrowserSelenium] (_parseElementOnXpath) -> (//span[text()='Customers'])[2] is used
14:39:25,382 INFO  [BrowserSelenium] EXIT --> (_parseElementOnXpath)
14:39:25,382 INFO  [BrowserSelenium] EXIT --> (_getByLocator)
14:39:25,400 INFO  [BrowserSelenium] ENTER --> (_getByLocator)
14:39:25,400 INFO  [BrowserSelenium] (_getByLocator) -> Getting locator for null
14:39:25,400 INFO  [BrowserSelenium] (_getByLocator) -> Locator info found for XPATH attribute as: (//span[text()='Customers'])[2]
14:39:25,400 INFO  [BrowserSelenium] ENTER --> (_parseElementOnXpath)
14:39:25,401 INFO  [BrowserSelenium] (_parseElementOnXpath) -> (//span[text()='Customers'])[2] is used
14:39:25,401 INFO  [BrowserSelenium] EXIT --> (_parseElementOnXpath)
14:39:25,401 INFO  [BrowserSelenium] EXIT --> (_getByLocator)
14:39:25,419 INFO  [BrowserSelenium] ENTER --> (_getByLocator)
14:39:25,419 INFO  [BrowserSelenium] (_getByLocator) -> Getting locator for null
14:39:25,419 INFO  [BrowserSelenium] (_getByLocator) -> Locator info found for XPATH attribute as: (//span[text()='Customers'])[2]
14:39:25,420 INFO  [BrowserSelenium] ENTER --> (_parseElementOnXpath)
14:39:25,420 INFO  [BrowserSelenium] (_parseElementOnXpath) -> (//span[text()='Customers'])[2] is used
14:39:25,420 INFO  [BrowserSelenium] EXIT --> (_parseElementOnXpath)
14:39:25,420 INFO  [BrowserSelenium] EXIT --> (_getByLocator)
14:39:25,438 INFO  [BrowserSelenium] ENTER --> (_getByLocator)
14:39:25,438 INFO  [BrowserSelenium] (_getByLocator) -> Getting locator for null
14:39:25,439 INFO  [BrowserSelenium] (_getByLocator) -> Locator info found for XPATH attribute as: (//span[text()='Customers'])[2]
14:39:25,439 INFO  [BrowserSelenium] ENTER --> (_parseElementOnXpath)
14:39:25,439 INFO  [BrowserSelenium] (_parseElementOnXpath) -> (//span[text()='Customers'])[2] is used
14:39:25,439 INFO  [BrowserSelenium] EXIT --> (_parseElementOnXpath)
14:39:25,439 INFO  [BrowserSelenium] EXIT --> (_getByLocator)
14:39:25,457 INFO  [BrowserSelenium] ENTER --> (_getByLocator)
14:39:25,457 INFO  [BrowserSelenium] (_getByLocator) -> Getting locator for null
14:39:25,458 INFO  [BrowserSelenium] (_getByLocator) -> Locator info found for XPATH attribute as: (//span[text()='Customers'])[2]
14:39:25,458 INFO  [BrowserSelenium] ENTER --> (_parseElementOnXpath)
14:39:25,458 INFO  [BrowserSelenium] (_parseElementOnXpath) -> (//span[text()='Customers'])[2] is used
14:39:25,458 INFO  [BrowserSelenium] EXIT --> (_parseElementOnXpath)
14:39:25,458 INFO  [BrowserSelenium] EXIT --> (_getByLocator)
14:39:25,475 INFO  [BrowserSelenium] ENTER --> (_getByLocator)
14:39:25,475 INFO  [BrowserSelenium] (_getByLocator) -> Getting locator for null
14:39:25,475 INFO  [BrowserSelenium] (_getByLocator) -> Locator info found for XPATH attribute as: (//span[text()='Customers'])[2]
14:39:25,475 INFO  [BrowserSelenium] ENTER --> (_parseElementOnXpath)
14:39:25,475 INFO  [BrowserSelenium] (_parseElementOnXpath) -> (//span[text()='Customers'])[2] is used
14:39:25,475 INFO  [BrowserSelenium] EXIT --> (_parseElementOnXpath)
14:39:25,476 INFO  [BrowserSelenium] EXIT --> (_getByLocator)
14:39:25,493 INFO  [BrowserSelenium] ENTER --> (_getByLocator)
14:39:25,493 INFO  [BrowserSelenium] (_getByLocator) -> Getting locator for null
14:39:25,493 INFO  [BrowserSelenium] (_getByLocator) -> Locator info found for XPATH attribute as: (//span[text()='Customers'])[2]
14:39:25,493 INFO  [BrowserSelenium] ENTER --> (_parseElementOnXpath)
14:39:25,494 INFO  [BrowserSelenium] (_parseElementOnXpath) -> (//span[text()='Customers'])[2] is used
14:39:25,494 INFO  [BrowserSelenium] EXIT --> (_parseElementOnXpath)
14:39:25,494 INFO  [BrowserSelenium] EXIT --> (_getByLocator)
14:39:25,512 INFO  [BrowserSelenium] ENTER --> (_getByLocator)
14:39:25,512 INFO  [BrowserSelenium] (_getByLocator) -> Getting locator for null
14:39:25,512 INFO  [BrowserSelenium] (_getByLocator) -> Locator info found for XPATH attribute as: (//span[text()='Customers'])[2]
14:39:25,512 INFO  [BrowserSelenium] ENTER --> (_parseElementOnXpath)
14:39:25,512 INFO  [BrowserSelenium] (_parseElementOnXpath) -> (//span[text()='Customers'])[2] is used
14:39:25,512 INFO  [BrowserSelenium] EXIT --> (_parseElementOnXpath)
14:39:25,513 INFO  [BrowserSelenium] EXIT --> (_getByLocator)
14:39:25,529 INFO  [BrowserSelenium] ENTER --> (_getByLocator)
14:39:25,529 INFO  [BrowserSelenium] (_getByLocator) -> Getting locator for null
14:39:25,530 INFO  [BrowserSelenium] (_getByLocator) -> Locator info found for XPATH attribute as: (//span[text()='Customers'])[2]
14:39:25,530 INFO  [BrowserSelenium] ENTER --> (_parseElementOnXpath)
14:39:25,530 INFO  [BrowserSelenium] (_parseElementOnXpath) -> (//span[text()='Customers'])[2] is used
14:39:25,530 INFO  [BrowserSelenium] EXIT --> (_parseElementOnXpath)
14:39:25,530 INFO  [BrowserSelenium] EXIT --> (_getByLocator)
14:39:25,548 INFO  [BrowserSelenium] ENTER --> (_getByLocator)
14:39:25,548 INFO  [BrowserSelenium] (_getByLocator) -> Getting locator for null
14:39:25,548 INFO  [BrowserSelenium] (_getByLocator) -> Locator info found for XPATH attribute as: (//span[text()='Customers'])[2]
14:39:25,548 INFO  [BrowserSelenium] ENTER --> (_parseElementOnXpath)
14:39:25,548 INFO  [BrowserSelenium] (_parseElementOnXpath) -> (//span[text()='Customers'])[2] is used
14:39:25,549 INFO  [BrowserSelenium] EXIT --> (_parseElementOnXpath)
14:39:25,549 INFO  [BrowserSelenium] EXIT --> (_getByLocator)
14:39:25,566 INFO  [BrowserSelenium] ENTER --> (_getByLocator)
14:39:25,567 INFO  [BrowserSelenium] (_getByLocator) -> Getting locator for null
14:39:25,567 INFO  [BrowserSelenium] (_getByLocator) -> Locator info found for XPATH attribute as: (//span[text()='Customers'])[2]
14:39:25,567 INFO  [BrowserSelenium] ENTER --> (_parseElementOnXpath)
14:39:25,567 INFO  [BrowserSelenium] (_parseElementOnXpath) -> (//span[text()='Customers'])[2] is used
14:39:25,567 INFO  [BrowserSelenium] EXIT --> (_parseElementOnXpath)
14:39:25,567 INFO  [BrowserSelenium] EXIT --> (_getByLocator)
14:39:25,588 INFO  [BrowserSelenium] ENTER --> (_getByLocator)
14:39:25,588 INFO  [BrowserSelenium] (_getByLocator) -> Getting locator for null
14:39:25,589 INFO  [BrowserSelenium] (_getByLocator) -> Locator info found for XPATH attribute as: (//span[text()='Customers'])[2]
14:39:25,589 INFO  [BrowserSelenium] ENTER --> (_parseElementOnXpath)
14:39:25,589 INFO  [BrowserSelenium] (_parseElementOnXpath) -> (//span[text()='Customers'])[2] is used
14:39:25,589 INFO  [BrowserSelenium] EXIT --> (_parseElementOnXpath)
14:39:25,589 INFO  [BrowserSelenium] EXIT --> (_getByLocator)
14:39:25,606 INFO  [BrowserSelenium] ENTER --> (_getByLocator)
14:39:25,606 INFO  [BrowserSelenium] (_getByLocator) -> Getting locator for null
14:39:25,606 INFO  [BrowserSelenium] (_getByLocator) -> Locator info found for XPATH attribute as: (//span[text()='Customers'])[2]
14:39:25,606 INFO  [BrowserSelenium] ENTER --> (_parseElementOnXpath)
14:39:25,606 INFO  [BrowserSelenium] (_parseElementOnXpath) -> (//span[text()='Customers'])[2] is used
14:39:25,606 INFO  [BrowserSelenium] EXIT --> (_parseElementOnXpath)
14:39:25,606 INFO  [BrowserSelenium] EXIT --> (_getByLocator)
14:39:25,623 INFO  [BrowserSelenium] ENTER --> (_getByLocator)
14:39:25,623 INFO  [BrowserSelenium] (_getByLocator) -> Getting locator for null
14:39:25,623 INFO  [BrowserSelenium] (_getByLocator) -> Locator info found for XPATH attribute as: (//span[text()='Customers'])[2]
14:39:25,623 INFO  [BrowserSelenium] ENTER --> (_parseElementOnXpath)
14:39:25,624 INFO  [BrowserSelenium] (_parseElementOnXpath) -> (//span[text()='Customers'])[2] is used
14:39:25,624 INFO  [BrowserSelenium] EXIT --> (_parseElementOnXpath)
14:39:25,624 INFO  [BrowserSelenium] EXIT --> (_getByLocator)
14:39:25,668 INFO  [BrowserSelenium] ENTER --> (_getByLocator)
14:39:25,668 INFO  [BrowserSelenium] (_getByLocator) -> Getting locator for null
14:39:25,668 INFO  [BrowserSelenium] (_getByLocator) -> Locator info found for XPATH attribute as: (//span[text()='Customers'])[2]
14:39:25,669 INFO  [BrowserSelenium] ENTER --> (_parseElementOnXpath)
14:39:25,669 INFO  [BrowserSelenium] (_parseElementOnXpath) -> (//span[text()='Customers'])[2] is used
14:39:25,669 INFO  [BrowserSelenium] EXIT --> (_parseElementOnXpath)
14:39:25,669 INFO  [BrowserSelenium] EXIT --> (_getByLocator)
14:39:25,687 INFO  [BrowserSelenium] ENTER --> (_getByLocator)
14:39:25,687 INFO  [BrowserSelenium] (_getByLocator) -> Getting locator for null
14:39:25,687 INFO  [BrowserSelenium] (_getByLocator) -> Locator info found for XPATH attribute as: (//span[text()='Customers'])[2]
14:39:25,687 INFO  [BrowserSelenium] ENTER --> (_parseElementOnXpath)
14:39:25,687 INFO  [BrowserSelenium] (_parseElementOnXpath) -> (//span[text()='Customers'])[2] is used
14:39:25,688 INFO  [BrowserSelenium] EXIT --> (_parseElementOnXpath)
14:39:25,688 INFO  [BrowserSelenium] EXIT --> (_getByLocator)
14:39:25,705 INFO  [BrowserSelenium] ENTER --> (_getByLocator)
14:39:25,705 INFO  [BrowserSelenium] (_getByLocator) -> Getting locator for null
14:39:25,705 INFO  [BrowserSelenium] (_getByLocator) -> Locator info found for XPATH attribute as: (//span[text()='Customers'])[2]
14:39:25,705 INFO  [BrowserSelenium] ENTER --> (_parseElementOnXpath)
14:39:25,705 INFO  [BrowserSelenium] (_parseElementOnXpath) -> (//span[text()='Customers'])[2] is used
14:39:25,705 INFO  [BrowserSelenium] EXIT --> (_parseElementOnXpath)
14:39:25,705 INFO  [BrowserSelenium] EXIT --> (_getByLocator)
14:39:25,722 INFO  [BrowserSelenium] ENTER --> (_getByLocator)
14:39:25,722 INFO  [BrowserSelenium] (_getByLocator) -> Getting locator for null
14:39:25,722 INFO  [BrowserSelenium] (_getByLocator) -> Locator info found for XPATH attribute as: (//span[text()='Customers'])[2]
14:39:25,722 INFO  [BrowserSelenium] ENTER --> (_parseElementOnXpath)
14:39:25,722 INFO  [BrowserSelenium] (_parseElementOnXpath) -> (//span[text()='Customers'])[2] is used
14:39:25,722 INFO  [BrowserSelenium] EXIT --> (_parseElementOnXpath)
14:39:25,722 INFO  [BrowserSelenium] EXIT --> (_getByLocator)
14:39:25,739 INFO  [BrowserSelenium] ENTER --> (_getByLocator)
14:39:25,739 INFO  [BrowserSelenium] (_getByLocator) -> Getting locator for null
14:39:25,739 INFO  [BrowserSelenium] (_getByLocator) -> Locator info found for XPATH attribute as: (//span[text()='Customers'])[2]
14:39:25,739 INFO  [BrowserSelenium] ENTER --> (_parseElementOnXpath)
14:39:25,739 INFO  [BrowserSelenium] (_parseElementOnXpath) -> (//span[text()='Customers'])[2] is used
14:39:25,739 INFO  [BrowserSelenium] EXIT --> (_parseElementOnXpath)
14:39:25,739 INFO  [BrowserSelenium] EXIT --> (_getByLocator)
14:39:25,762 INFO  [BrowserSelenium] ENTER --> (_getByLocator)
14:39:25,763 INFO  [BrowserSelenium] (_getByLocator) -> Getting locator for null
14:39:25,763 INFO  [BrowserSelenium] (_getByLocator) -> Locator info found for XPATH attribute as: (//span[text()='Customers'])[2]
14:39:25,763 INFO  [BrowserSelenium] ENTER --> (_parseElementOnXpath)
14:39:25,763 INFO  [BrowserSelenium] (_parseElementOnXpath) -> (//span[text()='Customers'])[2] is used
14:39:25,763 INFO  [BrowserSelenium] EXIT --> (_parseElementOnXpath)
14:39:25,764 INFO  [BrowserSelenium] EXIT --> (_getByLocator)
14:39:25,780 INFO  [BrowserSelenium] ENTER --> (_getByLocator)
14:39:25,780 INFO  [BrowserSelenium] (_getByLocator) -> Getting locator for null
14:39:25,780 INFO  [BrowserSelenium] (_getByLocator) -> Locator info found for XPATH attribute as: (//span[text()='Customers'])[2]
14:39:25,781 INFO  [BrowserSelenium] ENTER --> (_parseElementOnXpath)
14:39:25,781 INFO  [BrowserSelenium] (_parseElementOnXpath) -> (//span[text()='Customers'])[2] is used
14:39:25,781 INFO  [BrowserSelenium] EXIT --> (_parseElementOnXpath)
14:39:25,781 INFO  [BrowserSelenium] EXIT --> (_getByLocator)
14:39:25,798 INFO  [BrowserSelenium] ENTER --> (_getByLocator)
14:39:25,798 INFO  [BrowserSelenium] (_getByLocator) -> Getting locator for null
14:39:25,798 INFO  [BrowserSelenium] (_getByLocator) -> Locator info found for XPATH attribute as: (//span[text()='Customers'])[2]
14:39:25,798 INFO  [BrowserSelenium] ENTER --> (_parseElementOnXpath)
14:39:25,798 INFO  [BrowserSelenium] (_parseElementOnXpath) -> (//span[text()='Customers'])[2] is used
14:39:25,799 INFO  [BrowserSelenium] EXIT --> (_parseElementOnXpath)
14:39:25,799 INFO  [BrowserSelenium] EXIT --> (_getByLocator)
14:39:25,815 INFO  [BrowserSelenium] ENTER --> (_getByLocator)
14:39:25,815 INFO  [BrowserSelenium] (_getByLocator) -> Getting locator for null
14:39:25,815 INFO  [BrowserSelenium] (_getByLocator) -> Locator info found for XPATH attribute as: (//span[text()='Customers'])[2]
14:39:25,816 INFO  [BrowserSelenium] ENTER --> (_parseElementOnXpath)
14:39:25,816 INFO  [BrowserSelenium] (_parseElementOnXpath) -> (//span[text()='Customers'])[2] is used
14:39:25,816 INFO  [BrowserSelenium] EXIT --> (_parseElementOnXpath)
14:39:25,816 INFO  [BrowserSelenium] EXIT --> (_getByLocator)
14:39:25,833 INFO  [BrowserSelenium] ENTER --> (_getByLocator)
14:39:25,833 INFO  [BrowserSelenium] (_getByLocator) -> Getting locator for null
14:39:25,833 INFO  [BrowserSelenium] (_getByLocator) -> Locator info found for XPATH attribute as: (//span[text()='Customers'])[2]
14:39:25,833 INFO  [BrowserSelenium] ENTER --> (_parseElementOnXpath)
14:39:25,833 INFO  [BrowserSelenium] (_parseElementOnXpath) -> (//span[text()='Customers'])[2] is used
14:39:25,833 INFO  [BrowserSelenium] EXIT --> (_parseElementOnXpath)
14:39:25,833 INFO  [BrowserSelenium] EXIT --> (_getByLocator)
14:39:25,851 INFO  [BrowserSelenium] ENTER --> (_getByLocator)
14:39:25,851 INFO  [BrowserSelenium] (_getByLocator) -> Getting locator for null
14:39:25,851 INFO  [BrowserSelenium] (_getByLocator) -> Locator info found for XPATH attribute as: (//span[text()='Customers'])[2]
14:39:25,851 INFO  [BrowserSelenium] ENTER --> (_parseElementOnXpath)
14:39:25,851 INFO  [BrowserSelenium] (_parseElementOnXpath) -> (//span[text()='Customers'])[2] is used
14:39:25,851 INFO  [BrowserSelenium] EXIT --> (_parseElementOnXpath)
14:39:25,851 INFO  [BrowserSelenium] EXIT --> (_getByLocator)
14:39:25,868 INFO  [BrowserSelenium] ENTER --> (_getByLocator)
14:39:25,868 INFO  [BrowserSelenium] (_getByLocator) -> Getting locator for null
14:39:25,868 INFO  [BrowserSelenium] (_getByLocator) -> Locator info found for XPATH attribute as: (//span[text()='Customers'])[2]
14:39:25,868 INFO  [BrowserSelenium] ENTER --> (_parseElementOnXpath)
14:39:25,869 INFO  [BrowserSelenium] (_parseElementOnXpath) -> (//span[text()='Customers'])[2] is used
14:39:25,869 INFO  [BrowserSelenium] EXIT --> (_parseElementOnXpath)
14:39:25,869 INFO  [BrowserSelenium] EXIT --> (_getByLocator)
14:39:25,885 INFO  [BrowserSelenium] ENTER --> (_getByLocator)
14:39:25,885 INFO  [BrowserSelenium] (_getByLocator) -> Getting locator for null
14:39:25,885 INFO  [BrowserSelenium] (_getByLocator) -> Locator info found for XPATH attribute as: (//span[text()='Customers'])[2]
14:39:25,885 INFO  [BrowserSelenium] ENTER --> (_parseElementOnXpath)
14:39:25,885 INFO  [BrowserSelenium] (_parseElementOnXpath) -> (//span[text()='Customers'])[2] is used
14:39:25,886 INFO  [BrowserSelenium] EXIT --> (_parseElementOnXpath)
14:39:25,886 INFO  [BrowserSelenium] EXIT --> (_getByLocator)
14:39:25,902 INFO  [BrowserSelenium] ENTER --> (_getByLocator)
14:39:25,902 INFO  [BrowserSelenium] (_getByLocator) -> Getting locator for null
14:39:25,902 INFO  [BrowserSelenium] (_getByLocator) -> Locator info found for XPATH attribute as: (//span[text()='Customers'])[2]
14:39:25,902 INFO  [BrowserSelenium] ENTER --> (_parseElementOnXpath)
14:39:25,902 INFO  [BrowserSelenium] (_parseElementOnXpath) -> (//span[text()='Customers'])[2] is used
14:39:25,903 INFO  [BrowserSelenium] EXIT --> (_parseElementOnXpath)
14:39:25,903 INFO  [BrowserSelenium] EXIT --> (_getByLocator)
14:39:25,920 INFO  [BrowserSelenium] ENTER --> (_getByLocator)
14:39:25,920 INFO  [BrowserSelenium] (_getByLocator) -> Getting locator for null
14:39:25,921 INFO  [BrowserSelenium] (_getByLocator) -> Locator info found for XPATH attribute as: (//span[text()='Customers'])[2]
14:39:25,921 INFO  [BrowserSelenium] ENTER --> (_parseElementOnXpath)
14:39:25,921 INFO  [BrowserSelenium] (_parseElementOnXpath) -> (//span[text()='Customers'])[2] is used
14:39:25,921 INFO  [BrowserSelenium] EXIT --> (_parseElementOnXpath)
14:39:25,921 INFO  [BrowserSelenium] EXIT --> (_getByLocator)
14:39:25,938 INFO  [BrowserSelenium] ENTER --> (_getByLocator)
14:39:25,938 INFO  [BrowserSelenium] (_getByLocator) -> Getting locator for null
14:39:25,938 INFO  [BrowserSelenium] (_getByLocator) -> Locator info found for XPATH attribute as: (//span[text()='Customers'])[2]
14:39:25,938 INFO  [BrowserSelenium] ENTER --> (_parseElementOnXpath)
14:39:25,938 INFO  [BrowserSelenium] (_parseElementOnXpath) -> (//span[text()='Customers'])[2] is used
14:39:25,939 INFO  [BrowserSelenium] EXIT --> (_parseElementOnXpath)
14:39:25,939 INFO  [BrowserSelenium] EXIT --> (_getByLocator)
14:39:25,955 INFO  [BrowserSelenium] ENTER --> (_getByLocator)
14:39:25,955 INFO  [BrowserSelenium] (_getByLocator) -> Getting locator for null
14:39:25,955 INFO  [BrowserSelenium] (_getByLocator) -> Locator info found for XPATH attribute as: (//span[text()='Customers'])[2]
14:39:25,955 INFO  [BrowserSelenium] ENTER --> (_parseElementOnXpath)
14:39:25,955 INFO  [BrowserSelenium] (_parseElementOnXpath) -> (//span[text()='Customers'])[2] is used
14:39:25,956 INFO  [BrowserSelenium] EXIT --> (_parseElementOnXpath)
14:39:25,956 INFO  [BrowserSelenium] EXIT --> (_getByLocator)
14:39:25,974 INFO  [BrowserSelenium] ENTER --> (_getByLocator)
14:39:25,974 INFO  [BrowserSelenium] (_getByLocator) -> Getting locator for null
14:39:25,974 INFO  [BrowserSelenium] (_getByLocator) -> Locator info found for XPATH attribute as: (//span[text()='Customers'])[2]
14:39:25,974 INFO  [BrowserSelenium] ENTER --> (_parseElementOnXpath)
14:39:25,974 INFO  [BrowserSelenium] (_parseElementOnXpath) -> (//span[text()='Customers'])[2] is used
14:39:25,974 INFO  [BrowserSelenium] EXIT --> (_parseElementOnXpath)
14:39:25,974 INFO  [BrowserSelenium] EXIT --> (_getByLocator)
14:39:25,991 INFO  [BrowserSelenium] ENTER --> (_getByLocator)
14:39:25,991 INFO  [BrowserSelenium] (_getByLocator) -> Getting locator for null
14:39:25,992 INFO  [BrowserSelenium] (_getByLocator) -> Locator info found for XPATH attribute as: (//span[text()='Customers'])[2]
14:39:25,992 INFO  [BrowserSelenium] ENTER --> (_parseElementOnXpath)
14:39:25,992 INFO  [BrowserSelenium] (_parseElementOnXpath) -> (//span[text()='Customers'])[2] is used
14:39:25,992 INFO  [BrowserSelenium] EXIT --> (_parseElementOnXpath)
14:39:25,992 INFO  [BrowserSelenium] EXIT --> (_getByLocator)
14:39:26,009 INFO  [BrowserSelenium] ENTER --> (_getByLocator)
14:39:26,009 INFO  [BrowserSelenium] (_getByLocator) -> Getting locator for null
14:39:26,009 INFO  [BrowserSelenium] (_getByLocator) -> Locator info found for XPATH attribute as: (//span[text()='Customers'])[2]
14:39:26,009 INFO  [BrowserSelenium] ENTER --> (_parseElementOnXpath)
14:39:26,009 INFO  [BrowserSelenium] (_parseElementOnXpath) -> (//span[text()='Customers'])[2] is used
14:39:26,009 INFO  [BrowserSelenium] EXIT --> (_parseElementOnXpath)
14:39:26,010 INFO  [BrowserSelenium] EXIT --> (_getByLocator)
14:39:26,028 INFO  [BrowserSelenium] ENTER --> (_getByLocator)
14:39:26,028 INFO  [BrowserSelenium] (_getByLocator) -> Getting locator for null
14:39:26,028 INFO  [BrowserSelenium] (_getByLocator) -> Locator info found for XPATH attribute as: (//span[text()='Customers'])[2]
14:39:26,028 INFO  [BrowserSelenium] ENTER --> (_parseElementOnXpath)
14:39:26,029 INFO  [BrowserSelenium] (_parseElementOnXpath) -> (//span[text()='Customers'])[2] is used
14:39:26,029 INFO  [BrowserSelenium] EXIT --> (_parseElementOnXpath)
14:39:26,029 INFO  [BrowserSelenium] EXIT --> (_getByLocator)
14:39:26,046 INFO  [BrowserSelenium] ENTER --> (_getByLocator)
14:39:26,046 INFO  [BrowserSelenium] (_getByLocator) -> Getting locator for null
14:39:26,046 INFO  [BrowserSelenium] (_getByLocator) -> Locator info found for XPATH attribute as: (//span[text()='Customers'])[2]
14:39:26,046 INFO  [BrowserSelenium] ENTER --> (_parseElementOnXpath)
14:39:26,046 INFO  [BrowserSelenium] (_parseElementOnXpath) -> (//span[text()='Customers'])[2] is used
14:39:26,046 INFO  [BrowserSelenium] EXIT --> (_parseElementOnXpath)
14:39:26,046 INFO  [BrowserSelenium] EXIT --> (_getByLocator)
14:39:26,063 INFO  [BrowserSelenium] ENTER --> (_getByLocator)
14:39:26,063 INFO  [BrowserSelenium] (_getByLocator) -> Getting locator for null
14:39:26,063 INFO  [BrowserSelenium] (_getByLocator) -> Locator info found for XPATH attribute as: (//span[text()='Customers'])[2]
14:39:26,063 INFO  [BrowserSelenium] ENTER --> (_parseElementOnXpath)
14:39:26,063 INFO  [BrowserSelenium] (_parseElementOnXpath) -> (//span[text()='Customers'])[2] is used
14:39:26,063 INFO  [BrowserSelenium] EXIT --> (_parseElementOnXpath)
14:39:26,063 INFO  [BrowserSelenium] EXIT --> (_getByLocator)
14:39:26,081 INFO  [BrowserSelenium] ENTER --> (_getByLocator)
14:39:26,081 INFO  [BrowserSelenium] (_getByLocator) -> Getting locator for null
14:39:26,081 INFO  [BrowserSelenium] (_getByLocator) -> Locator info found for XPATH attribute as: (//span[text()='Customers'])[2]
14:39:26,081 INFO  [BrowserSelenium] ENTER --> (_parseElementOnXpath)
14:39:26,081 INFO  [BrowserSelenium] (_parseElementOnXpath) -> (//span[text()='Customers'])[2] is used
14:39:26,081 INFO  [BrowserSelenium] EXIT --> (_parseElementOnXpath)
14:39:26,081 INFO  [BrowserSelenium] EXIT --> (_getByLocator)
14:39:26,098 INFO  [BrowserSelenium] ENTER --> (_getByLocator)
14:39:26,098 INFO  [BrowserSelenium] (_getByLocator) -> Getting locator for null
14:39:26,098 INFO  [BrowserSelenium] (_getByLocator) -> Locator info found for XPATH attribute as: (//span[text()='Customers'])[2]
14:39:26,098 INFO  [BrowserSelenium] ENTER --> (_parseElementOnXpath)
14:39:26,098 INFO  [BrowserSelenium] (_parseElementOnXpath) -> (//span[text()='Customers'])[2] is used
14:39:26,098 INFO  [BrowserSelenium] EXIT --> (_parseElementOnXpath)
14:39:26,098 INFO  [BrowserSelenium] EXIT --> (_getByLocator)
14:39:26,115 INFO  [BrowserSelenium] ENTER --> (_getByLocator)
14:39:26,115 INFO  [BrowserSelenium] (_getByLocator) -> Getting locator for null
14:39:26,115 INFO  [BrowserSelenium] (_getByLocator) -> Locator info found for XPATH attribute as: (//span[text()='Customers'])[2]
14:39:26,115 INFO  [BrowserSelenium] ENTER --> (_parseElementOnXpath)
14:39:26,115 INFO  [BrowserSelenium] (_parseElementOnXpath) -> (//span[text()='Customers'])[2] is used
14:39:26,115 INFO  [BrowserSelenium] EXIT --> (_parseElementOnXpath)
14:39:26,115 INFO  [BrowserSelenium] EXIT --> (_getByLocator)
14:39:26,132 INFO  [BrowserSelenium] ENTER --> (_getByLocator)
14:39:26,133 INFO  [BrowserSelenium] (_getByLocator) -> Getting locator for null
14:39:26,133 INFO  [BrowserSelenium] (_getByLocator) -> Locator info found for XPATH attribute as: (//span[text()='Customers'])[2]
14:39:26,133 INFO  [BrowserSelenium] ENTER --> (_parseElementOnXpath)
14:39:26,133 INFO  [BrowserSelenium] (_parseElementOnXpath) -> (//span[text()='Customers'])[2] is used
14:39:26,133 INFO  [BrowserSelenium] EXIT --> (_parseElementOnXpath)
14:39:26,134 INFO  [BrowserSelenium] EXIT --> (_getByLocator)
14:39:26,155 INFO  [BrowserSelenium] ENTER --> (_getByLocator)
14:39:26,155 INFO  [BrowserSelenium] (_getByLocator) -> Getting locator for null
14:39:26,155 INFO  [BrowserSelenium] (_getByLocator) -> Locator info found for XPATH attribute as: (//span[text()='Customers'])[2]
14:39:26,155 INFO  [BrowserSelenium] ENTER --> (_parseElementOnXpath)
14:39:26,155 INFO  [BrowserSelenium] (_parseElementOnXpath) -> (//span[text()='Customers'])[2] is used
14:39:26,155 INFO  [BrowserSelenium] EXIT --> (_parseElementOnXpath)
14:39:26,155 INFO  [BrowserSelenium] EXIT --> (_getByLocator)
14:39:26,172 INFO  [BrowserSelenium] ENTER --> (_getByLocator)
14:39:26,172 INFO  [BrowserSelenium] (_getByLocator) -> Getting locator for null
14:39:26,172 INFO  [BrowserSelenium] (_getByLocator) -> Locator info found for XPATH attribute as: (//span[text()='Customers'])[2]
14:39:26,172 INFO  [BrowserSelenium] ENTER --> (_parseElementOnXpath)
14:39:26,172 INFO  [BrowserSelenium] (_parseElementOnXpath) -> (//span[text()='Customers'])[2] is used
14:39:26,172 INFO  [BrowserSelenium] EXIT --> (_parseElementOnXpath)
14:39:26,173 INFO  [BrowserSelenium] EXIT --> (_getByLocator)
14:39:26,189 INFO  [BrowserSelenium] ENTER --> (_getByLocator)
14:39:26,189 INFO  [BrowserSelenium] (_getByLocator) -> Getting locator for null
14:39:26,189 INFO  [BrowserSelenium] (_getByLocator) -> Locator info found for XPATH attribute as: (//span[text()='Customers'])[2]
14:39:26,189 INFO  [BrowserSelenium] ENTER --> (_parseElementOnXpath)
14:39:26,190 INFO  [BrowserSelenium] (_parseElementOnXpath) -> (//span[text()='Customers'])[2] is used
14:39:26,190 INFO  [BrowserSelenium] EXIT --> (_parseElementOnXpath)
14:39:26,190 INFO  [BrowserSelenium] EXIT --> (_getByLocator)
14:39:26,206 INFO  [BrowserSelenium] ENTER --> (_getByLocator)
14:39:26,206 INFO  [BrowserSelenium] (_getByLocator) -> Getting locator for null
14:39:26,206 INFO  [BrowserSelenium] (_getByLocator) -> Locator info found for XPATH attribute as: (//span[text()='Customers'])[2]
14:39:26,207 INFO  [BrowserSelenium] ENTER --> (_parseElementOnXpath)
14:39:26,207 INFO  [BrowserSelenium] (_parseElementOnXpath) -> (//span[text()='Customers'])[2] is used
14:39:26,207 INFO  [BrowserSelenium] EXIT --> (_parseElementOnXpath)
14:39:26,207 INFO  [BrowserSelenium] EXIT --> (_getByLocator)
14:39:26,223 INFO  [BrowserSelenium] ENTER --> (_getByLocator)
14:39:26,224 INFO  [BrowserSelenium] (_getByLocator) -> Getting locator for null
14:39:26,224 INFO  [BrowserSelenium] (_getByLocator) -> Locator info found for XPATH attribute as: (//span[text()='Customers'])[2]
14:39:26,224 INFO  [BrowserSelenium] ENTER --> (_parseElementOnXpath)
14:39:26,224 INFO  [BrowserSelenium] (_parseElementOnXpath) -> (//span[text()='Customers'])[2] is used
14:39:26,224 INFO  [BrowserSelenium] EXIT --> (_parseElementOnXpath)
14:39:26,224 INFO  [BrowserSelenium] EXIT --> (_getByLocator)
14:39:26,241 INFO  [BrowserSelenium] ENTER --> (_getByLocator)
14:39:26,241 INFO  [BrowserSelenium] (_getByLocator) -> Getting locator for null
14:39:26,241 INFO  [BrowserSelenium] (_getByLocator) -> Locator info found for XPATH attribute as: (//span[text()='Customers'])[2]
14:39:26,241 INFO  [BrowserSelenium] ENTER --> (_parseElementOnXpath)
14:39:26,241 INFO  [BrowserSelenium] (_parseElementOnXpath) -> (//span[text()='Customers'])[2] is used
14:39:26,241 INFO  [BrowserSelenium] EXIT --> (_parseElementOnXpath)
14:39:26,241 INFO  [BrowserSelenium] EXIT --> (_getByLocator)
14:39:26,258 INFO  [BrowserSelenium] ENTER --> (_getByLocator)
14:39:26,258 INFO  [BrowserSelenium] (_getByLocator) -> Getting locator for null
14:39:26,258 INFO  [BrowserSelenium] (_getByLocator) -> Locator info found for XPATH attribute as: (//span[text()='Customers'])[2]
14:39:26,258 INFO  [BrowserSelenium] ENTER --> (_parseElementOnXpath)
14:39:26,258 INFO  [BrowserSelenium] (_parseElementOnXpath) -> (//span[text()='Customers'])[2] is used
14:39:26,258 INFO  [BrowserSelenium] EXIT --> (_parseElementOnXpath)
14:39:26,258 INFO  [BrowserSelenium] EXIT --> (_getByLocator)
14:39:26,275 INFO  [BrowserSelenium] ENTER --> (_getByLocator)
14:39:26,276 INFO  [BrowserSelenium] (_getByLocator) -> Getting locator for null
14:39:26,276 INFO  [BrowserSelenium] (_getByLocator) -> Locator info found for XPATH attribute as: (//span[text()='Customers'])[2]
14:39:26,276 INFO  [BrowserSelenium] ENTER --> (_parseElementOnXpath)
14:39:26,276 INFO  [BrowserSelenium] (_parseElementOnXpath) -> (//span[text()='Customers'])[2] is used
14:39:26,276 INFO  [BrowserSelenium] EXIT --> (_parseElementOnXpath)
14:39:26,276 INFO  [BrowserSelenium] EXIT --> (_getByLocator)
14:39:26,294 INFO  [BrowserSelenium] ENTER --> (_getByLocator)
14:39:26,295 INFO  [BrowserSelenium] (_getByLocator) -> Getting locator for null
14:39:26,295 INFO  [BrowserSelenium] (_getByLocator) -> Locator info found for XPATH attribute as: (//span[text()='Customers'])[2]
14:39:26,295 INFO  [BrowserSelenium] ENTER --> (_parseElementOnXpath)
14:39:26,295 INFO  [BrowserSelenium] (_parseElementOnXpath) -> (//span[text()='Customers'])[2] is used
14:39:26,295 INFO  [BrowserSelenium] EXIT --> (_parseElementOnXpath)
14:39:26,295 INFO  [BrowserSelenium] EXIT --> (_getByLocator)
14:39:26,311 INFO  [BrowserSelenium] ENTER --> (_getByLocator)
14:39:26,311 INFO  [BrowserSelenium] (_getByLocator) -> Getting locator for null
14:39:26,312 INFO  [BrowserSelenium] (_getByLocator) -> Locator info found for XPATH attribute as: (//span[text()='Customers'])[2]
14:39:26,312 INFO  [BrowserSelenium] ENTER --> (_parseElementOnXpath)
14:39:26,312 INFO  [BrowserSelenium] (_parseElementOnXpath) -> (//span[text()='Customers'])[2] is used
14:39:26,312 INFO  [BrowserSelenium] EXIT --> (_parseElementOnXpath)
14:39:26,312 INFO  [BrowserSelenium] EXIT --> (_getByLocator)
14:39:26,329 INFO  [BrowserSelenium] ENTER --> (_getByLocator)
14:39:26,329 INFO  [BrowserSelenium] (_getByLocator) -> Getting locator for null
14:39:26,329 INFO  [BrowserSelenium] (_getByLocator) -> Locator info found for XPATH attribute as: (//span[text()='Customers'])[2]
14:39:26,329 INFO  [BrowserSelenium] ENTER --> (_parseElementOnXpath)
14:39:26,329 INFO  [BrowserSelenium] (_parseElementOnXpath) -> (//span[text()='Customers'])[2] is used
14:39:26,329 INFO  [BrowserSelenium] EXIT --> (_parseElementOnXpath)
14:39:26,330 INFO  [BrowserSelenium] EXIT --> (_getByLocator)
14:39:26,346 INFO  [BrowserSelenium] ENTER --> (_getByLocator)
14:39:26,346 INFO  [BrowserSelenium] (_getByLocator) -> Getting locator for null
14:39:26,346 INFO  [BrowserSelenium] (_getByLocator) -> Locator info found for XPATH attribute as: (//span[text()='Customers'])[2]
14:39:26,346 INFO  [BrowserSelenium] ENTER --> (_parseElementOnXpath)
14:39:26,347 INFO  [BrowserSelenium] (_parseElementOnXpath) -> (//span[text()='Customers'])[2] is used
14:39:26,347 INFO  [BrowserSelenium] EXIT --> (_parseElementOnXpath)
14:39:26,347 INFO  [BrowserSelenium] EXIT --> (_getByLocator)
14:39:26,363 INFO  [BrowserSelenium] ENTER --> (_getByLocator)
14:39:26,363 INFO  [BrowserSelenium] (_getByLocator) -> Getting locator for null
14:39:26,364 INFO  [BrowserSelenium] (_getByLocator) -> Locator info found for XPATH attribute as: (//span[text()='Customers'])[2]
14:39:26,364 INFO  [BrowserSelenium] ENTER --> (_parseElementOnXpath)
14:39:26,364 INFO  [BrowserSelenium] (_parseElementOnXpath) -> (//span[text()='Customers'])[2] is used
14:39:26,364 INFO  [BrowserSelenium] EXIT --> (_parseElementOnXpath)
14:39:26,364 INFO  [BrowserSelenium] EXIT --> (_getByLocator)
14:39:26,381 INFO  [BrowserSelenium] ENTER --> (_getByLocator)
14:39:26,381 INFO  [BrowserSelenium] (_getByLocator) -> Getting locator for null
14:39:26,381 INFO  [BrowserSelenium] (_getByLocator) -> Locator info found for XPATH attribute as: (//span[text()='Customers'])[2]
14:39:26,381 INFO  [BrowserSelenium] ENTER --> (_parseElementOnXpath)
14:39:26,382 INFO  [BrowserSelenium] (_parseElementOnXpath) -> (//span[text()='Customers'])[2] is used
14:39:26,382 INFO  [BrowserSelenium] EXIT --> (_parseElementOnXpath)
14:39:26,382 INFO  [BrowserSelenium] EXIT --> (_getByLocator)
14:39:26,398 INFO  [BrowserSelenium] ENTER --> (_getByLocator)
14:39:26,398 INFO  [BrowserSelenium] (_getByLocator) -> Getting locator for null
14:39:26,398 INFO  [BrowserSelenium] (_getByLocator) -> Locator info found for XPATH attribute as: (//span[text()='Customers'])[2]
14:39:26,399 INFO  [BrowserSelenium] ENTER --> (_parseElementOnXpath)
14:39:26,399 INFO  [BrowserSelenium] (_parseElementOnXpath) -> (//span[text()='Customers'])[2] is used
14:39:26,399 INFO  [BrowserSelenium] EXIT --> (_parseElementOnXpath)
14:39:26,399 INFO  [BrowserSelenium] EXIT --> (_getByLocator)
14:39:26,418 INFO  [BrowserSelenium] ENTER --> (_getByLocator)
14:39:26,418 INFO  [BrowserSelenium] (_getByLocator) -> Getting locator for null
14:39:26,418 INFO  [BrowserSelenium] (_getByLocator) -> Locator info found for XPATH attribute as: (//span[text()='Customers'])[2]
14:39:26,418 INFO  [BrowserSelenium] ENTER --> (_parseElementOnXpath)
14:39:26,419 INFO  [BrowserSelenium] (_parseElementOnXpath) -> (//span[text()='Customers'])[2] is used
14:39:26,419 INFO  [BrowserSelenium] EXIT --> (_parseElementOnXpath)
14:39:26,419 INFO  [BrowserSelenium] EXIT --> (_getByLocator)
14:39:26,436 INFO  [BrowserSelenium] ENTER --> (_getByLocator)
14:39:26,436 INFO  [BrowserSelenium] (_getByLocator) -> Getting locator for null
14:39:26,437 INFO  [BrowserSelenium] (_getByLocator) -> Locator info found for XPATH attribute as: (//span[text()='Customers'])[2]
14:39:26,437 INFO  [BrowserSelenium] ENTER --> (_parseElementOnXpath)
14:39:26,437 INFO  [BrowserSelenium] (_parseElementOnXpath) -> (//span[text()='Customers'])[2] is used
14:39:26,437 INFO  [BrowserSelenium] EXIT --> (_parseElementOnXpath)
14:39:26,437 INFO  [BrowserSelenium] EXIT --> (_getByLocator)
14:39:26,453 INFO  [BrowserSelenium] ENTER --> (_getByLocator)
14:39:26,454 INFO  [BrowserSelenium] (_getByLocator) -> Getting locator for null
14:39:26,454 INFO  [BrowserSelenium] (_getByLocator) -> Locator info found for XPATH attribute as: (//span[text()='Customers'])[2]
14:39:26,454 INFO  [BrowserSelenium] ENTER --> (_parseElementOnXpath)
14:39:26,454 INFO  [BrowserSelenium] (_parseElementOnXpath) -> (//span[text()='Customers'])[2] is used
14:39:26,454 INFO  [BrowserSelenium] EXIT --> (_parseElementOnXpath)
14:39:26,454 INFO  [BrowserSelenium] EXIT --> (_getByLocator)
14:39:26,471 INFO  [BrowserSelenium] ENTER --> (_getByLocator)
14:39:26,471 INFO  [BrowserSelenium] (_getByLocator) -> Getting locator for null
14:39:26,471 INFO  [BrowserSelenium] (_getByLocator) -> Locator info found for XPATH attribute as: (//span[text()='Customers'])[2]
14:39:26,471 INFO  [BrowserSelenium] ENTER --> (_parseElementOnXpath)
14:39:26,471 INFO  [BrowserSelenium] (_parseElementOnXpath) -> (//span[text()='Customers'])[2] is used
14:39:26,471 INFO  [BrowserSelenium] EXIT --> (_parseElementOnXpath)
14:39:26,471 INFO  [BrowserSelenium] EXIT --> (_getByLocator)
14:39:26,490 INFO  [BrowserSelenium] ENTER --> (_getByLocator)
14:39:26,490 INFO  [BrowserSelenium] (_getByLocator) -> Getting locator for null
14:39:26,490 INFO  [BrowserSelenium] (_getByLocator) -> Locator info found for XPATH attribute as: (//span[text()='Customers'])[2]
14:39:26,491 INFO  [BrowserSelenium] ENTER --> (_parseElementOnXpath)
14:39:26,491 INFO  [BrowserSelenium] (_parseElementOnXpath) -> (//span[text()='Customers'])[2] is used
14:39:26,491 INFO  [BrowserSelenium] EXIT --> (_parseElementOnXpath)
14:39:26,491 INFO  [BrowserSelenium] EXIT --> (_getByLocator)
14:39:26,507 INFO  [BrowserSelenium] ENTER --> (_getByLocator)
14:39:26,508 INFO  [BrowserSelenium] (_getByLocator) -> Getting locator for null
14:39:26,508 INFO  [BrowserSelenium] (_getByLocator) -> Locator info found for XPATH attribute as: (//span[text()='Customers'])[2]
14:39:26,508 INFO  [BrowserSelenium] ENTER --> (_parseElementOnXpath)
14:39:26,508 INFO  [BrowserSelenium] (_parseElementOnXpath) -> (//span[text()='Customers'])[2] is used
14:39:26,508 INFO  [BrowserSelenium] EXIT --> (_parseElementOnXpath)
14:39:26,508 INFO  [BrowserSelenium] EXIT --> (_getByLocator)
14:39:26,525 INFO  [BrowserSelenium] ENTER --> (_getByLocator)
14:39:26,526 INFO  [BrowserSelenium] (_getByLocator) -> Getting locator for null
14:39:26,526 INFO  [BrowserSelenium] (_getByLocator) -> Locator info found for XPATH attribute as: (//span[text()='Customers'])[2]
14:39:26,526 INFO  [BrowserSelenium] ENTER --> (_parseElementOnXpath)
14:39:26,526 INFO  [BrowserSelenium] (_parseElementOnXpath) -> (//span[text()='Customers'])[2] is used
14:39:26,526 INFO  [BrowserSelenium] EXIT --> (_parseElementOnXpath)
14:39:26,527 INFO  [BrowserSelenium] EXIT --> (_getByLocator)
14:39:26,545 INFO  [BrowserSelenium] ENTER --> (_getByLocator)
14:39:26,545 INFO  [BrowserSelenium] (_getByLocator) -> Getting locator for null
14:39:26,545 INFO  [BrowserSelenium] (_getByLocator) -> Locator info found for XPATH attribute as: (//span[text()='Customers'])[2]
14:39:26,545 INFO  [BrowserSelenium] ENTER --> (_parseElementOnXpath)
14:39:26,545 INFO  [BrowserSelenium] (_parseElementOnXpath) -> (//span[text()='Customers'])[2] is used
14:39:26,545 INFO  [BrowserSelenium] EXIT --> (_parseElementOnXpath)
14:39:26,545 INFO  [BrowserSelenium] EXIT --> (_getByLocator)
14:39:26,565 INFO  [BrowserSelenium] ENTER --> (_getByLocator)
14:39:26,565 INFO  [BrowserSelenium] (_getByLocator) -> Getting locator for null
14:39:26,565 INFO  [BrowserSelenium] (_getByLocator) -> Locator info found for XPATH attribute as: (//span[text()='Customers'])[2]
14:39:26,566 INFO  [BrowserSelenium] ENTER --> (_parseElementOnXpath)
14:39:26,566 INFO  [BrowserSelenium] (_parseElementOnXpath) -> (//span[text()='Customers'])[2] is used
14:39:26,566 INFO  [BrowserSelenium] EXIT --> (_parseElementOnXpath)
14:39:26,566 INFO  [BrowserSelenium] EXIT --> (_getByLocator)
14:39:26,586 INFO  [BrowserSelenium] ENTER --> (_getByLocator)
14:39:26,586 INFO  [BrowserSelenium] (_getByLocator) -> Getting locator for null
14:39:26,586 INFO  [BrowserSelenium] (_getByLocator) -> Locator info found for XPATH attribute as: (//span[text()='Customers'])[2]
14:39:26,586 INFO  [BrowserSelenium] ENTER --> (_parseElementOnXpath)
14:39:26,586 INFO  [BrowserSelenium] (_parseElementOnXpath) -> (//span[text()='Customers'])[2] is used
14:39:26,586 INFO  [BrowserSelenium] EXIT --> (_parseElementOnXpath)
14:39:26,586 INFO  [BrowserSelenium] EXIT --> (_getByLocator)
14:39:26,603 INFO  [BrowserSelenium] ENTER --> (_getByLocator)
14:39:26,603 INFO  [BrowserSelenium] (_getByLocator) -> Getting locator for null
14:39:26,603 INFO  [BrowserSelenium] (_getByLocator) -> Locator info found for XPATH attribute as: (//span[text()='Customers'])[2]
14:39:26,603 INFO  [BrowserSelenium] ENTER --> (_parseElementOnXpath)
14:39:26,604 INFO  [BrowserSelenium] (_parseElementOnXpath) -> (//span[text()='Customers'])[2] is used
14:39:26,604 INFO  [BrowserSelenium] EXIT --> (_parseElementOnXpath)
14:39:26,604 INFO  [BrowserSelenium] EXIT --> (_getByLocator)
14:39:26,621 INFO  [BrowserSelenium] ENTER --> (_getByLocator)
14:39:26,621 INFO  [BrowserSelenium] (_getByLocator) -> Getting locator for null
14:39:26,621 INFO  [BrowserSelenium] (_getByLocator) -> Locator info found for XPATH attribute as: (//span[text()='Customers'])[2]
14:39:26,621 INFO  [BrowserSelenium] ENTER --> (_parseElementOnXpath)
14:39:26,621 INFO  [BrowserSelenium] (_parseElementOnXpath) -> (//span[text()='Customers'])[2] is used
14:39:26,621 INFO  [BrowserSelenium] EXIT --> (_parseElementOnXpath)
14:39:26,622 INFO  [BrowserSelenium] EXIT --> (_getByLocator)
14:39:26,641 INFO  [BrowserSelenium] ENTER --> (_getByLocator)
14:39:26,641 INFO  [BrowserSelenium] (_getByLocator) -> Getting locator for null
14:39:26,641 INFO  [BrowserSelenium] (_getByLocator) -> Locator info found for XPATH attribute as: (//span[text()='Customers'])[2]
14:39:26,641 INFO  [BrowserSelenium] ENTER --> (_parseElementOnXpath)
14:39:26,642 INFO  [BrowserSelenium] (_parseElementOnXpath) -> (//span[text()='Customers'])[2] is used
14:39:26,642 INFO  [BrowserSelenium] EXIT --> (_parseElementOnXpath)
14:39:26,642 INFO  [BrowserSelenium] EXIT --> (_getByLocator)
14:39:26,659 INFO  [BrowserSelenium] ENTER --> (_getByLocator)
14:39:26,659 INFO  [BrowserSelenium] (_getByLocator) -> Getting locator for null
14:39:26,659 INFO  [BrowserSelenium] (_getByLocator) -> Locator info found for XPATH attribute as: (//span[text()='Customers'])[2]
14:39:26,659 INFO  [BrowserSelenium] ENTER --> (_parseElementOnXpath)
14:39:26,659 INFO  [BrowserSelenium] (_parseElementOnXpath) -> (//span[text()='Customers'])[2] is used
14:39:26,659 INFO  [BrowserSelenium] EXIT --> (_parseElementOnXpath)
14:39:26,659 INFO  [BrowserSelenium] EXIT --> (_getByLocator)
14:39:26,677 INFO  [BrowserSelenium] ENTER --> (_getByLocator)
14:39:26,677 INFO  [BrowserSelenium] (_getByLocator) -> Getting locator for null
14:39:26,677 INFO  [BrowserSelenium] (_getByLocator) -> Locator info found for XPATH attribute as: (//span[text()='Customers'])[2]
14:39:26,677 INFO  [BrowserSelenium] ENTER --> (_parseElementOnXpath)
14:39:26,677 INFO  [BrowserSelenium] (_parseElementOnXpath) -> (//span[text()='Customers'])[2] is used
14:39:26,677 INFO  [BrowserSelenium] EXIT --> (_parseElementOnXpath)
14:39:26,677 INFO  [BrowserSelenium] EXIT --> (_getByLocator)
14:39:26,695 INFO  [BrowserSelenium] ENTER --> (_getByLocator)
14:39:26,695 INFO  [BrowserSelenium] (_getByLocator) -> Getting locator for null
14:39:26,695 INFO  [BrowserSelenium] (_getByLocator) -> Locator info found for XPATH attribute as: (//span[text()='Customers'])[2]
14:39:26,696 INFO  [BrowserSelenium] ENTER --> (_parseElementOnXpath)
14:39:26,696 INFO  [BrowserSelenium] (_parseElementOnXpath) -> (//span[text()='Customers'])[2] is used
14:39:26,696 INFO  [BrowserSelenium] EXIT --> (_parseElementOnXpath)
14:39:26,696 INFO  [BrowserSelenium] EXIT --> (_getByLocator)
14:39:26,714 INFO  [BrowserSelenium] ENTER --> (_getByLocator)
14:39:26,714 INFO  [BrowserSelenium] (_getByLocator) -> Getting locator for null
14:39:26,714 INFO  [BrowserSelenium] (_getByLocator) -> Locator info found for XPATH attribute as: (//span[text()='Customers'])[2]
14:39:26,714 INFO  [BrowserSelenium] ENTER --> (_parseElementOnXpath)
14:39:26,714 INFO  [BrowserSelenium] (_parseElementOnXpath) -> (//span[text()='Customers'])[2] is used
14:39:26,714 INFO  [BrowserSelenium] EXIT --> (_parseElementOnXpath)
14:39:26,715 INFO  [BrowserSelenium] EXIT --> (_getByLocator)
14:39:26,731 INFO  [BrowserSelenium] ENTER --> (_getByLocator)
14:39:26,732 INFO  [BrowserSelenium] (_getByLocator) -> Getting locator for null
14:39:26,732 INFO  [BrowserSelenium] (_getByLocator) -> Locator info found for XPATH attribute as: (//span[text()='Customers'])[2]
14:39:26,732 INFO  [BrowserSelenium] ENTER --> (_parseElementOnXpath)
14:39:26,732 INFO  [BrowserSelenium] (_parseElementOnXpath) -> (//span[text()='Customers'])[2] is used
14:39:26,732 INFO  [BrowserSelenium] EXIT --> (_parseElementOnXpath)
14:39:26,732 INFO  [BrowserSelenium] EXIT --> (_getByLocator)
14:39:26,749 INFO  [BrowserSelenium] ENTER --> (_getByLocator)
14:39:26,749 INFO  [BrowserSelenium] (_getByLocator) -> Getting locator for null
14:39:26,749 INFO  [BrowserSelenium] (_getByLocator) -> Locator info found for XPATH attribute as: (//span[text()='Customers'])[2]
14:39:26,749 INFO  [BrowserSelenium] ENTER --> (_parseElementOnXpath)
14:39:26,749 INFO  [BrowserSelenium] (_parseElementOnXpath) -> (//span[text()='Customers'])[2] is used
14:39:26,749 INFO  [BrowserSelenium] EXIT --> (_parseElementOnXpath)
14:39:26,750 INFO  [BrowserSelenium] EXIT --> (_getByLocator)
14:39:26,766 INFO  [BrowserSelenium] ENTER --> (_getByLocator)
14:39:26,766 INFO  [BrowserSelenium] (_getByLocator) -> Getting locator for null
14:39:26,766 INFO  [BrowserSelenium] (_getByLocator) -> Locator info found for XPATH attribute as: (//span[text()='Customers'])[2]
14:39:26,766 INFO  [BrowserSelenium] ENTER --> (_parseElementOnXpath)
14:39:26,767 INFO  [BrowserSelenium] (_parseElementOnXpath) -> (//span[text()='Customers'])[2] is used
14:39:26,767 INFO  [BrowserSelenium] EXIT --> (_parseElementOnXpath)
14:39:26,767 INFO  [BrowserSelenium] EXIT --> (_getByLocator)
14:39:26,784 INFO  [BrowserSelenium] ENTER --> (_getByLocator)
14:39:26,784 INFO  [BrowserSelenium] (_getByLocator) -> Getting locator for null
14:39:26,784 INFO  [BrowserSelenium] (_getByLocator) -> Locator info found for XPATH attribute as: (//span[text()='Customers'])[2]
14:39:26,784 INFO  [BrowserSelenium] ENTER --> (_parseElementOnXpath)
14:39:26,784 INFO  [BrowserSelenium] (_parseElementOnXpath) -> (//span[text()='Customers'])[2] is used
14:39:26,784 INFO  [BrowserSelenium] EXIT --> (_parseElementOnXpath)
14:39:26,784 INFO  [BrowserSelenium] EXIT --> (_getByLocator)
14:39:26,801 INFO  [BrowserSelenium] ENTER --> (_getByLocator)
14:39:26,801 INFO  [BrowserSelenium] (_getByLocator) -> Getting locator for null
14:39:26,801 INFO  [BrowserSelenium] (_getByLocator) -> Locator info found for XPATH attribute as: (//span[text()='Customers'])[2]
14:39:26,801 INFO  [BrowserSelenium] ENTER --> (_parseElementOnXpath)
14:39:26,801 INFO  [BrowserSelenium] (_parseElementOnXpath) -> (//span[text()='Customers'])[2] is used
14:39:26,802 INFO  [BrowserSelenium] EXIT --> (_parseElementOnXpath)
14:39:26,802 INFO  [BrowserSelenium] EXIT --> (_getByLocator)
14:39:26,819 INFO  [BrowserSelenium] ENTER --> (_getByLocator)
14:39:26,820 INFO  [BrowserSelenium] (_getByLocator) -> Getting locator for null
14:39:26,820 INFO  [BrowserSelenium] (_getByLocator) -> Locator info found for XPATH attribute as: (//span[text()='Customers'])[2]
14:39:26,820 INFO  [BrowserSelenium] ENTER --> (_parseElementOnXpath)
14:39:26,820 INFO  [BrowserSelenium] (_parseElementOnXpath) -> (//span[text()='Customers'])[2] is used
14:39:26,820 INFO  [BrowserSelenium] EXIT --> (_parseElementOnXpath)
14:39:26,820 INFO  [BrowserSelenium] EXIT --> (_getByLocator)
14:39:26,839 INFO  [BrowserSelenium] ENTER --> (_getByLocator)
14:39:26,839 INFO  [BrowserSelenium] (_getByLocator) -> Getting locator for null
14:39:26,839 INFO  [BrowserSelenium] (_getByLocator) -> Locator info found for XPATH attribute as: (//span[text()='Customers'])[2]
14:39:26,839 INFO  [BrowserSelenium] ENTER --> (_parseElementOnXpath)
14:39:26,840 INFO  [BrowserSelenium] (_parseElementOnXpath) -> (//span[text()='Customers'])[2] is used
14:39:26,840 INFO  [BrowserSelenium] EXIT --> (_parseElementOnXpath)
14:39:26,840 INFO  [BrowserSelenium] EXIT --> (_getByLocator)
14:39:26,858 INFO  [BrowserSelenium] ENTER --> (_getByLocator)
14:39:26,858 INFO  [BrowserSelenium] (_getByLocator) -> Getting locator for null
14:39:26,858 INFO  [BrowserSelenium] (_getByLocator) -> Locator info found for XPATH attribute as: (//span[text()='Customers'])[2]
14:39:26,858 INFO  [BrowserSelenium] ENTER --> (_parseElementOnXpath)
14:39:26,858 INFO  [BrowserSelenium] (_parseElementOnXpath) -> (//span[text()='Customers'])[2] is used
14:39:26,858 INFO  [BrowserSelenium] EXIT --> (_parseElementOnXpath)
14:39:26,858 INFO  [BrowserSelenium] EXIT --> (_getByLocator)
14:39:26,875 INFO  [BrowserSelenium] ENTER --> (_getByLocator)
14:39:26,875 INFO  [BrowserSelenium] (_getByLocator) -> Getting locator for null
14:39:26,875 INFO  [BrowserSelenium] (_getByLocator) -> Locator info found for XPATH attribute as: (//span[text()='Customers'])[2]
14:39:26,876 INFO  [BrowserSelenium] ENTER --> (_parseElementOnXpath)
14:39:26,876 INFO  [BrowserSelenium] (_parseElementOnXpath) -> (//span[text()='Customers'])[2] is used
14:39:26,876 INFO  [BrowserSelenium] EXIT --> (_parseElementOnXpath)
14:39:26,876 INFO  [BrowserSelenium] EXIT --> (_getByLocator)
14:39:26,894 INFO  [BrowserSelenium] ENTER --> (_getByLocator)
14:39:26,894 INFO  [BrowserSelenium] (_getByLocator) -> Getting locator for null
14:39:26,894 INFO  [BrowserSelenium] (_getByLocator) -> Locator info found for XPATH attribute as: (//span[text()='Customers'])[2]
14:39:26,894 INFO  [BrowserSelenium] ENTER --> (_parseElementOnXpath)
14:39:26,894 INFO  [BrowserSelenium] (_parseElementOnXpath) -> (//span[text()='Customers'])[2] is used
14:39:26,894 INFO  [BrowserSelenium] EXIT --> (_parseElementOnXpath)
14:39:26,895 INFO  [BrowserSelenium] EXIT --> (_getByLocator)
14:39:26,912 INFO  [BrowserSelenium] ENTER --> (_getByLocator)
14:39:26,912 INFO  [BrowserSelenium] (_getByLocator) -> Getting locator for null
14:39:26,912 INFO  [BrowserSelenium] (_getByLocator) -> Locator info found for XPATH attribute as: (//span[text()='Customers'])[2]
14:39:26,913 INFO  [BrowserSelenium] ENTER --> (_parseElementOnXpath)
14:39:26,913 INFO  [BrowserSelenium] (_parseElementOnXpath) -> (//span[text()='Customers'])[2] is used
14:39:26,913 INFO  [BrowserSelenium] EXIT --> (_parseElementOnXpath)
14:39:26,913 INFO  [BrowserSelenium] EXIT --> (_getByLocator)
14:39:26,930 INFO  [BrowserSelenium] ENTER --> (_getByLocator)
14:39:26,930 INFO  [BrowserSelenium] (_getByLocator) -> Getting locator for null
14:39:26,930 INFO  [BrowserSelenium] (_getByLocator) -> Locator info found for XPATH attribute as: (//span[text()='Customers'])[2]
14:39:26,930 INFO  [BrowserSelenium] ENTER --> (_parseElementOnXpath)
14:39:26,930 INFO  [BrowserSelenium] (_parseElementOnXpath) -> (//span[text()='Customers'])[2] is used
14:39:26,930 INFO  [BrowserSelenium] EXIT --> (_parseElementOnXpath)
14:39:26,930 INFO  [BrowserSelenium] EXIT --> (_getByLocator)
14:39:26,948 INFO  [BrowserSelenium] ENTER --> (_getByLocator)
14:39:26,949 INFO  [BrowserSelenium] (_getByLocator) -> Getting locator for null
14:39:26,949 INFO  [BrowserSelenium] (_getByLocator) -> Locator info found for XPATH attribute as: (//span[text()='Customers'])[2]
14:39:26,949 INFO  [BrowserSelenium] ENTER --> (_parseElementOnXpath)
14:39:26,949 INFO  [BrowserSelenium] (_parseElementOnXpath) -> (//span[text()='Customers'])[2] is used
14:39:26,949 INFO  [BrowserSelenium] EXIT --> (_parseElementOnXpath)
14:39:26,949 INFO  [BrowserSelenium] EXIT --> (_getByLocator)
14:39:26,969 INFO  [BrowserSelenium] ENTER --> (_getByLocator)
14:39:26,969 INFO  [BrowserSelenium] (_getByLocator) -> Getting locator for null
14:39:26,970 INFO  [BrowserSelenium] (_getByLocator) -> Locator info found for XPATH attribute as: (//span[text()='Customers'])[2]
14:39:26,970 INFO  [BrowserSelenium] ENTER --> (_parseElementOnXpath)
14:39:26,970 INFO  [BrowserSelenium] (_parseElementOnXpath) -> (//span[text()='Customers'])[2] is used
14:39:26,970 INFO  [BrowserSelenium] EXIT --> (_parseElementOnXpath)
14:39:26,970 INFO  [BrowserSelenium] EXIT --> (_getByLocator)
14:39:26,987 INFO  [BrowserSelenium] ENTER --> (_getByLocator)
14:39:26,987 INFO  [BrowserSelenium] (_getByLocator) -> Getting locator for null
14:39:26,987 INFO  [BrowserSelenium] (_getByLocator) -> Locator info found for XPATH attribute as: (//span[text()='Customers'])[2]
14:39:26,988 INFO  [BrowserSelenium] ENTER --> (_parseElementOnXpath)
14:39:26,988 INFO  [BrowserSelenium] (_parseElementOnXpath) -> (//span[text()='Customers'])[2] is used
14:39:26,988 INFO  [BrowserSelenium] EXIT --> (_parseElementOnXpath)
14:39:26,988 INFO  [BrowserSelenium] EXIT --> (_getByLocator)
14:39:27,007 INFO  [BrowserSelenium] ENTER --> (_getByLocator)
14:39:27,007 INFO  [BrowserSelenium] (_getByLocator) -> Getting locator for null
14:39:27,007 INFO  [BrowserSelenium] (_getByLocator) -> Locator info found for XPATH attribute as: (//span[text()='Customers'])[2]
14:39:27,007 INFO  [BrowserSelenium] ENTER --> (_parseElementOnXpath)
14:39:27,007 INFO  [BrowserSelenium] (_parseElementOnXpath) -> (//span[text()='Customers'])[2] is used
14:39:27,008 INFO  [BrowserSelenium] EXIT --> (_parseElementOnXpath)
14:39:27,008 INFO  [BrowserSelenium] EXIT --> (_getByLocator)
14:39:27,025 INFO  [BrowserSelenium] ENTER --> (_getByLocator)
14:39:27,025 INFO  [BrowserSelenium] (_getByLocator) -> Getting locator for null
14:39:27,025 INFO  [BrowserSelenium] (_getByLocator) -> Locator info found for XPATH attribute as: (//span[text()='Customers'])[2]
14:39:27,025 INFO  [BrowserSelenium] ENTER --> (_parseElementOnXpath)
14:39:27,025 INFO  [BrowserSelenium] (_parseElementOnXpath) -> (//span[text()='Customers'])[2] is used
14:39:27,026 INFO  [BrowserSelenium] EXIT --> (_parseElementOnXpath)
14:39:27,026 INFO  [BrowserSelenium] EXIT --> (_getByLocator)
14:39:27,042 INFO  [BrowserSelenium] ENTER --> (_getByLocator)
14:39:27,042 INFO  [BrowserSelenium] (_getByLocator) -> Getting locator for null
14:39:27,042 INFO  [BrowserSelenium] (_getByLocator) -> Locator info found for XPATH attribute as: (//span[text()='Customers'])[2]
14:39:27,043 INFO  [BrowserSelenium] ENTER --> (_parseElementOnXpath)
14:39:27,043 INFO  [BrowserSelenium] (_parseElementOnXpath) -> (//span[text()='Customers'])[2] is used
14:39:27,043 INFO  [BrowserSelenium] EXIT --> (_parseElementOnXpath)
14:39:27,043 INFO  [BrowserSelenium] EXIT --> (_getByLocator)
14:39:27,060 INFO  [BrowserSelenium] ENTER --> (_getByLocator)
14:39:27,060 INFO  [BrowserSelenium] (_getByLocator) -> Getting locator for null
14:39:27,060 INFO  [BrowserSelenium] (_getByLocator) -> Locator info found for XPATH attribute as: (//span[text()='Customers'])[2]
14:39:27,060 INFO  [BrowserSelenium] ENTER --> (_parseElementOnXpath)
14:39:27,060 INFO  [BrowserSelenium] (_parseElementOnXpath) -> (//span[text()='Customers'])[2] is used
14:39:27,060 INFO  [BrowserSelenium] EXIT --> (_parseElementOnXpath)
14:39:27,060 INFO  [BrowserSelenium] EXIT --> (_getByLocator)
14:39:27,079 INFO  [BrowserSelenium] ENTER --> (_getByLocator)
14:39:27,079 INFO  [BrowserSelenium] (_getByLocator) -> Getting locator for null
14:39:27,080 INFO  [BrowserSelenium] (_getByLocator) -> Locator info found for XPATH attribute as: (//span[text()='Customers'])[2]
14:39:27,080 INFO  [BrowserSelenium] ENTER --> (_parseElementOnXpath)
14:39:27,080 INFO  [BrowserSelenium] (_parseElementOnXpath) -> (//span[text()='Customers'])[2] is used
14:39:27,080 INFO  [BrowserSelenium] EXIT --> (_parseElementOnXpath)
14:39:27,080 INFO  [BrowserSelenium] EXIT --> (_getByLocator)
14:39:27,097 INFO  [BrowserSelenium] ENTER --> (_getByLocator)
14:39:27,098 INFO  [BrowserSelenium] (_getByLocator) -> Getting locator for null
14:39:27,098 INFO  [BrowserSelenium] (_getByLocator) -> Locator info found for XPATH attribute as: (//span[text()='Customers'])[2]
14:39:27,098 INFO  [BrowserSelenium] ENTER --> (_parseElementOnXpath)
14:39:27,098 INFO  [BrowserSelenium] (_parseElementOnXpath) -> (//span[text()='Customers'])[2] is used
14:39:27,098 INFO  [BrowserSelenium] EXIT --> (_parseElementOnXpath)
14:39:27,098 INFO  [BrowserSelenium] EXIT --> (_getByLocator)
14:39:27,115 INFO  [BrowserSelenium] ENTER --> (_getByLocator)
14:39:27,115 INFO  [BrowserSelenium] (_getByLocator) -> Getting locator for null
14:39:27,115 INFO  [BrowserSelenium] (_getByLocator) -> Locator info found for XPATH attribute as: (//span[text()='Customers'])[2]
14:39:27,115 INFO  [BrowserSelenium] ENTER --> (_parseElementOnXpath)
14:39:27,115 INFO  [BrowserSelenium] (_parseElementOnXpath) -> (//span[text()='Customers'])[2] is used
14:39:27,116 INFO  [BrowserSelenium] EXIT --> (_parseElementOnXpath)
14:39:27,116 INFO  [BrowserSelenium] EXIT --> (_getByLocator)
14:39:27,132 INFO  [BrowserSelenium] ENTER --> (_getByLocator)
14:39:27,132 INFO  [BrowserSelenium] (_getByLocator) -> Getting locator for null
14:39:27,133 INFO  [BrowserSelenium] (_getByLocator) -> Locator info found for XPATH attribute as: (//span[text()='Customers'])[2]
14:39:27,133 INFO  [BrowserSelenium] ENTER --> (_parseElementOnXpath)
14:39:27,133 INFO  [BrowserSelenium] (_parseElementOnXpath) -> (//span[text()='Customers'])[2] is used
14:39:27,133 INFO  [BrowserSelenium] EXIT --> (_parseElementOnXpath)
14:39:27,133 INFO  [BrowserSelenium] EXIT --> (_getByLocator)
14:39:27,150 INFO  [BrowserSelenium] ENTER --> (_getByLocator)
14:39:27,150 INFO  [BrowserSelenium] (_getByLocator) -> Getting locator for null
14:39:27,150 INFO  [BrowserSelenium] (_getByLocator) -> Locator info found for XPATH attribute as: (//span[text()='Customers'])[2]
14:39:27,150 INFO  [BrowserSelenium] ENTER --> (_parseElementOnXpath)
14:39:27,151 INFO  [BrowserSelenium] (_parseElementOnXpath) -> (//span[text()='Customers'])[2] is used
14:39:27,151 INFO  [BrowserSelenium] EXIT --> (_parseElementOnXpath)
14:39:27,151 INFO  [BrowserSelenium] EXIT --> (_getByLocator)
14:39:27,169 INFO  [BrowserSelenium] ENTER --> (_getByLocator)
14:39:27,169 INFO  [BrowserSelenium] (_getByLocator) -> Getting locator for null
14:39:27,169 INFO  [BrowserSelenium] (_getByLocator) -> Locator info found for XPATH attribute as: (//span[text()='Customers'])[2]
14:39:27,169 INFO  [BrowserSelenium] ENTER --> (_parseElementOnXpath)
14:39:27,169 INFO  [BrowserSelenium] (_parseElementOnXpath) -> (//span[text()='Customers'])[2] is used
14:39:27,169 INFO  [BrowserSelenium] EXIT --> (_parseElementOnXpath)
14:39:27,170 INFO  [BrowserSelenium] EXIT --> (_getByLocator)
14:39:27,188 INFO  [BrowserSelenium] ENTER --> (_getByLocator)
14:39:27,188 INFO  [BrowserSelenium] (_getByLocator) -> Getting locator for null
14:39:27,188 INFO  [BrowserSelenium] (_getByLocator) -> Locator info found for XPATH attribute as: (//span[text()='Customers'])[2]
14:39:27,188 INFO  [BrowserSelenium] ENTER --> (_parseElementOnXpath)
14:39:27,188 INFO  [BrowserSelenium] (_parseElementOnXpath) -> (//span[text()='Customers'])[2] is used
14:39:27,188 INFO  [BrowserSelenium] EXIT --> (_parseElementOnXpath)
14:39:27,188 INFO  [BrowserSelenium] EXIT --> (_getByLocator)
14:39:27,205 INFO  [BrowserSelenium] ENTER --> (_getByLocator)
14:39:27,205 INFO  [BrowserSelenium] (_getByLocator) -> Getting locator for null
14:39:27,205 INFO  [BrowserSelenium] (_getByLocator) -> Locator info found for XPATH attribute as: (//span[text()='Customers'])[2]
14:39:27,206 INFO  [BrowserSelenium] ENTER --> (_parseElementOnXpath)
14:39:27,206 INFO  [BrowserSelenium] (_parseElementOnXpath) -> (//span[text()='Customers'])[2] is used
14:39:27,206 INFO  [BrowserSelenium] EXIT --> (_parseElementOnXpath)
14:39:27,206 INFO  [BrowserSelenium] EXIT --> (_getByLocator)
14:39:27,224 INFO  [BrowserSelenium] ENTER --> (_getByLocator)
14:39:27,224 INFO  [BrowserSelenium] (_getByLocator) -> Getting locator for null
14:39:27,224 INFO  [BrowserSelenium] (_getByLocator) -> Locator info found for XPATH attribute as: (//span[text()='Customers'])[2]
14:39:27,225 INFO  [BrowserSelenium] ENTER --> (_parseElementOnXpath)
14:39:27,225 INFO  [BrowserSelenium] (_parseElementOnXpath) -> (//span[text()='Customers'])[2] is used
14:39:27,225 INFO  [BrowserSelenium] EXIT --> (_parseElementOnXpath)
14:39:27,225 INFO  [BrowserSelenium] EXIT --> (_getByLocator)
14:39:27,243 INFO  [BrowserSelenium] ENTER --> (_getByLocator)
14:39:27,243 INFO  [BrowserSelenium] (_getByLocator) -> Getting locator for null
14:39:27,243 INFO  [BrowserSelenium] (_getByLocator) -> Locator info found for XPATH attribute as: (//span[text()='Customers'])[2]
14:39:27,243 INFO  [BrowserSelenium] ENTER --> (_parseElementOnXpath)
14:39:27,243 INFO  [BrowserSelenium] (_parseElementOnXpath) -> (//span[text()='Customers'])[2] is used
14:39:27,244 INFO  [BrowserSelenium] EXIT --> (_parseElementOnXpath)
14:39:27,244 INFO  [BrowserSelenium] EXIT --> (_getByLocator)
14:39:27,261 INFO  [BrowserSelenium] ENTER --> (_getByLocator)
14:39:27,261 INFO  [BrowserSelenium] (_getByLocator) -> Getting locator for null
14:39:27,261 INFO  [BrowserSelenium] (_getByLocator) -> Locator info found for XPATH attribute as: (//span[text()='Customers'])[2]
14:39:27,261 INFO  [BrowserSelenium] ENTER --> (_parseElementOnXpath)
14:39:27,262 INFO  [BrowserSelenium] (_parseElementOnXpath) -> (//span[text()='Customers'])[2] is used
14:39:27,262 INFO  [BrowserSelenium] EXIT --> (_parseElementOnXpath)
14:39:27,262 INFO  [BrowserSelenium] EXIT --> (_getByLocator)
14:39:27,279 INFO  [BrowserSelenium] ENTER --> (_getByLocator)
14:39:27,279 INFO  [BrowserSelenium] (_getByLocator) -> Getting locator for null
14:39:27,279 INFO  [BrowserSelenium] (_getByLocator) -> Locator info found for XPATH attribute as: (//span[text()='Customers'])[2]
14:39:27,279 INFO  [BrowserSelenium] ENTER --> (_parseElementOnXpath)
14:39:27,280 INFO  [BrowserSelenium] (_parseElementOnXpath) -> (//span[text()='Customers'])[2] is used
14:39:27,280 INFO  [BrowserSelenium] EXIT --> (_parseElementOnXpath)
14:39:27,280 INFO  [BrowserSelenium] EXIT --> (_getByLocator)
14:39:27,299 INFO  [BrowserSelenium] ENTER --> (_getByLocator)
14:39:27,299 INFO  [BrowserSelenium] (_getByLocator) -> Getting locator for null
14:39:27,300 INFO  [BrowserSelenium] (_getByLocator) -> Locator info found for XPATH attribute as: (//span[text()='Customers'])[2]
14:39:27,300 INFO  [BrowserSelenium] ENTER --> (_parseElementOnXpath)
14:39:27,300 INFO  [BrowserSelenium] (_parseElementOnXpath) -> (//span[text()='Customers'])[2] is used
14:39:27,300 INFO  [BrowserSelenium] EXIT --> (_parseElementOnXpath)
14:39:27,300 INFO  [BrowserSelenium] EXIT --> (_getByLocator)
14:39:27,317 INFO  [BrowserSelenium] ENTER --> (_getByLocator)
14:39:27,317 INFO  [BrowserSelenium] (_getByLocator) -> Getting locator for null
14:39:27,317 INFO  [BrowserSelenium] (_getByLocator) -> Locator info found for XPATH attribute as: (//span[text()='Customers'])[2]
14:39:27,318 INFO  [BrowserSelenium] ENTER --> (_parseElementOnXpath)
14:39:27,318 INFO  [BrowserSelenium] (_parseElementOnXpath) -> (//span[text()='Customers'])[2] is used
14:39:27,318 INFO  [BrowserSelenium] EXIT --> (_parseElementOnXpath)
14:39:27,318 INFO  [BrowserSelenium] EXIT --> (_getByLocator)
14:39:27,335 INFO  [BrowserSelenium] ENTER --> (_getByLocator)
14:39:27,335 INFO  [BrowserSelenium] (_getByLocator) -> Getting locator for null
14:39:27,335 INFO  [BrowserSelenium] (_getByLocator) -> Locator info found for XPATH attribute as: (//span[text()='Customers'])[2]
14:39:27,335 INFO  [BrowserSelenium] ENTER --> (_parseElementOnXpath)
14:39:27,335 INFO  [BrowserSelenium] (_parseElementOnXpath) -> (//span[text()='Customers'])[2] is used
14:39:27,335 INFO  [BrowserSelenium] EXIT --> (_parseElementOnXpath)
14:39:27,335 INFO  [BrowserSelenium] EXIT --> (_getByLocator)
14:39:27,352 INFO  [BrowserSelenium] ENTER --> (_getByLocator)
14:39:27,352 INFO  [BrowserSelenium] (_getByLocator) -> Getting locator for null
14:39:27,353 INFO  [BrowserSelenium] (_getByLocator) -> Locator info found for XPATH attribute as: (//span[text()='Customers'])[2]
14:39:27,353 INFO  [BrowserSelenium] ENTER --> (_parseElementOnXpath)
14:39:27,353 INFO  [BrowserSelenium] (_parseElementOnXpath) -> (//span[text()='Customers'])[2] is used
14:39:27,353 INFO  [BrowserSelenium] EXIT --> (_parseElementOnXpath)
14:39:27,353 INFO  [BrowserSelenium] EXIT --> (_getByLocator)
14:39:27,373 INFO  [BrowserSelenium] ENTER --> (_getByLocator)
14:39:27,373 INFO  [BrowserSelenium] (_getByLocator) -> Getting locator for null
14:39:27,373 INFO  [BrowserSelenium] (_getByLocator) -> Locator info found for XPATH attribute as: (//span[text()='Customers'])[2]
14:39:27,373 INFO  [BrowserSelenium] ENTER --> (_parseElementOnXpath)
14:39:27,374 INFO  [BrowserSelenium] (_parseElementOnXpath) -> (//span[text()='Customers'])[2] is used
14:39:27,374 INFO  [BrowserSelenium] EXIT --> (_parseElementOnXpath)
14:39:27,374 INFO  [BrowserSelenium] EXIT --> (_getByLocator)
14:39:27,393 INFO  [BrowserSelenium] ENTER --> (_getByLocator)
14:39:27,393 INFO  [BrowserSelenium] (_getByLocator) -> Getting locator for null
14:39:27,393 INFO  [BrowserSelenium] (_getByLocator) -> Locator info found for XPATH attribute as: (//span[text()='Customers'])[2]
14:39:27,394 INFO  [BrowserSelenium] ENTER --> (_parseElementOnXpath)
14:39:27,394 INFO  [BrowserSelenium] (_parseElementOnXpath) -> (//span[text()='Customers'])[2] is used
14:39:27,394 INFO  [BrowserSelenium] EXIT --> (_parseElementOnXpath)
14:39:27,394 INFO  [BrowserSelenium] EXIT --> (_getByLocator)
14:39:27,411 INFO  [BrowserSelenium] ENTER --> (_getByLocator)
14:39:27,411 INFO  [BrowserSelenium] (_getByLocator) -> Getting locator for null
14:39:27,411 INFO  [BrowserSelenium] (_getByLocator) -> Locator info found for XPATH attribute as: (//span[text()='Customers'])[2]
14:39:27,411 INFO  [BrowserSelenium] ENTER --> (_parseElementOnXpath)
14:39:27,411 INFO  [BrowserSelenium] (_parseElementOnXpath) -> (//span[text()='Customers'])[2] is used
14:39:27,412 INFO  [BrowserSelenium] EXIT --> (_parseElementOnXpath)
14:39:27,412 INFO  [BrowserSelenium] EXIT --> (_getByLocator)
14:39:27,429 INFO  [BrowserSelenium] ENTER --> (_getByLocator)
14:39:27,429 INFO  [BrowserSelenium] (_getByLocator) -> Getting locator for null
14:39:27,429 INFO  [BrowserSelenium] (_getByLocator) -> Locator info found for XPATH attribute as: (//span[text()='Customers'])[2]
14:39:27,429 INFO  [BrowserSelenium] ENTER --> (_parseElementOnXpath)
14:39:27,430 INFO  [BrowserSelenium] (_parseElementOnXpath) -> (//span[text()='Customers'])[2] is used
14:39:27,430 INFO  [BrowserSelenium] EXIT --> (_parseElementOnXpath)
14:39:27,430 INFO  [BrowserSelenium] EXIT --> (_getByLocator)
14:39:27,447 INFO  [BrowserSelenium] ENTER --> (_getByLocator)
14:39:27,447 INFO  [BrowserSelenium] (_getByLocator) -> Getting locator for null
14:39:27,447 INFO  [BrowserSelenium] (_getByLocator) -> Locator info found for XPATH attribute as: (//span[text()='Customers'])[2]
14:39:27,447 INFO  [BrowserSelenium] ENTER --> (_parseElementOnXpath)
14:39:27,447 INFO  [BrowserSelenium] (_parseElementOnXpath) -> (//span[text()='Customers'])[2] is used
14:39:27,448 INFO  [BrowserSelenium] EXIT --> (_parseElementOnXpath)
14:39:27,448 INFO  [BrowserSelenium] EXIT --> (_getByLocator)
14:39:27,465 INFO  [BrowserSelenium] ENTER --> (_getByLocator)
14:39:27,465 INFO  [BrowserSelenium] (_getByLocator) -> Getting locator for null
14:39:27,465 INFO  [BrowserSelenium] (_getByLocator) -> Locator info found for XPATH attribute as: (//span[text()='Customers'])[2]
14:39:27,465 INFO  [BrowserSelenium] ENTER --> (_parseElementOnXpath)
14:39:27,466 INFO  [BrowserSelenium] (_parseElementOnXpath) -> (//span[text()='Customers'])[2] is used
14:39:27,466 INFO  [BrowserSelenium] EXIT --> (_parseElementOnXpath)
14:39:27,466 INFO  [BrowserSelenium] EXIT --> (_getByLocator)
14:39:27,486 INFO  [BrowserSelenium] ENTER --> (_getByLocator)
14:39:27,486 INFO  [BrowserSelenium] (_getByLocator) -> Getting locator for null
14:39:27,486 INFO  [BrowserSelenium] (_getByLocator) -> Locator info found for XPATH attribute as: (//span[text()='Customers'])[2]
14:39:27,486 INFO  [BrowserSelenium] ENTER --> (_parseElementOnXpath)
14:39:27,486 INFO  [BrowserSelenium] (_parseElementOnXpath) -> (//span[text()='Customers'])[2] is used
14:39:27,486 INFO  [BrowserSelenium] EXIT --> (_parseElementOnXpath)
14:39:27,486 INFO  [BrowserSelenium] EXIT --> (_getByLocator)
14:39:27,503 INFO  [BrowserSelenium] ENTER --> (_getByLocator)
14:39:27,503 INFO  [BrowserSelenium] (_getByLocator) -> Getting locator for null
14:39:27,504 INFO  [BrowserSelenium] (_getByLocator) -> Locator info found for XPATH attribute as: (//span[text()='Customers'])[2]
14:39:27,504 INFO  [BrowserSelenium] ENTER --> (_parseElementOnXpath)
14:39:27,504 INFO  [BrowserSelenium] (_parseElementOnXpath) -> (//span[text()='Customers'])[2] is used
14:39:27,504 INFO  [BrowserSelenium] EXIT --> (_parseElementOnXpath)
14:39:27,504 INFO  [BrowserSelenium] EXIT --> (_getByLocator)
14:39:27,527 INFO  [BrowserSelenium] ENTER --> (_getByLocator)
14:39:27,527 INFO  [BrowserSelenium] (_getByLocator) -> Getting locator for null
14:39:27,527 INFO  [BrowserSelenium] (_getByLocator) -> Locator info found for XPATH attribute as: (//span[text()='Customers'])[2]
14:39:27,527 INFO  [BrowserSelenium] ENTER --> (_parseElementOnXpath)
14:39:27,528 INFO  [BrowserSelenium] (_parseElementOnXpath) -> (//span[text()='Customers'])[2] is used
14:39:27,528 INFO  [BrowserSelenium] EXIT --> (_parseElementOnXpath)
14:39:27,528 INFO  [BrowserSelenium] EXIT --> (_getByLocator)
14:39:27,546 INFO  [BrowserSelenium] ENTER --> (_getByLocator)
14:39:27,546 INFO  [BrowserSelenium] (_getByLocator) -> Getting locator for null
14:39:27,546 INFO  [BrowserSelenium] (_getByLocator) -> Locator info found for XPATH attribute as: (//span[text()='Customers'])[2]
14:39:27,546 INFO  [BrowserSelenium] ENTER --> (_parseElementOnXpath)
14:39:27,546 INFO  [BrowserSelenium] (_parseElementOnXpath) -> (//span[text()='Customers'])[2] is used
14:39:27,546 INFO  [BrowserSelenium] EXIT --> (_parseElementOnXpath)
14:39:27,547 INFO  [BrowserSelenium] EXIT --> (_getByLocator)
14:39:27,563 INFO  [BrowserSelenium] ENTER --> (_getByLocator)
14:39:27,563 INFO  [BrowserSelenium] (_getByLocator) -> Getting locator for null
14:39:27,563 INFO  [BrowserSelenium] (_getByLocator) -> Locator info found for XPATH attribute as: (//span[text()='Customers'])[2]
14:39:27,563 INFO  [BrowserSelenium] ENTER --> (_parseElementOnXpath)
14:39:27,564 INFO  [BrowserSelenium] (_parseElementOnXpath) -> (//span[text()='Customers'])[2] is used
14:39:27,564 INFO  [BrowserSelenium] EXIT --> (_parseElementOnXpath)
14:39:27,564 INFO  [BrowserSelenium] EXIT --> (_getByLocator)
14:39:27,582 INFO  [BrowserSelenium] ENTER --> (_getByLocator)
14:39:27,583 INFO  [BrowserSelenium] (_getByLocator) -> Getting locator for null
14:39:27,583 INFO  [BrowserSelenium] (_getByLocator) -> Locator info found for XPATH attribute as: (//span[text()='Customers'])[2]
14:39:27,583 INFO  [BrowserSelenium] ENTER --> (_parseElementOnXpath)
14:39:27,583 INFO  [BrowserSelenium] (_parseElementOnXpath) -> (//span[text()='Customers'])[2] is used
14:39:27,583 INFO  [BrowserSelenium] EXIT --> (_parseElementOnXpath)
14:39:27,583 INFO  [BrowserSelenium] EXIT --> (_getByLocator)
14:39:27,604 INFO  [BrowserSelenium] ENTER --> (_getByLocator)
14:39:27,604 INFO  [BrowserSelenium] (_getByLocator) -> Getting locator for null
14:39:27,605 INFO  [BrowserSelenium] (_getByLocator) -> Locator info found for XPATH attribute as: (//span[text()='Customers'])[2]
14:39:27,605 INFO  [BrowserSelenium] ENTER --> (_parseElementOnXpath)
14:39:27,605 INFO  [BrowserSelenium] (_parseElementOnXpath) -> (//span[text()='Customers'])[2] is used
14:39:27,605 INFO  [BrowserSelenium] EXIT --> (_parseElementOnXpath)
14:39:27,605 INFO  [BrowserSelenium] EXIT --> (_getByLocator)
14:39:27,625 INFO  [BrowserSelenium] ENTER --> (_getByLocator)
14:39:27,625 INFO  [BrowserSelenium] (_getByLocator) -> Getting locator for null
14:39:27,625 INFO  [BrowserSelenium] (_getByLocator) -> Locator info found for XPATH attribute as: (//span[text()='Customers'])[2]
14:39:27,626 INFO  [BrowserSelenium] ENTER --> (_parseElementOnXpath)
14:39:27,626 INFO  [BrowserSelenium] (_parseElementOnXpath) -> (//span[text()='Customers'])[2] is used
14:39:27,626 INFO  [BrowserSelenium] EXIT --> (_parseElementOnXpath)
14:39:27,626 INFO  [BrowserSelenium] EXIT --> (_getByLocator)
14:39:27,645 INFO  [BrowserSelenium] ENTER --> (_getByLocator)
14:39:27,645 INFO  [BrowserSelenium] (_getByLocator) -> Getting locator for null
14:39:27,645 INFO  [BrowserSelenium] (_getByLocator) -> Locator info found for XPATH attribute as: (//span[text()='Customers'])[2]
14:39:27,645 INFO  [BrowserSelenium] ENTER --> (_parseElementOnXpath)
14:39:27,646 INFO  [BrowserSelenium] (_parseElementOnXpath) -> (//span[text()='Customers'])[2] is used
14:39:27,646 INFO  [BrowserSelenium] EXIT --> (_parseElementOnXpath)
14:39:27,646 INFO  [BrowserSelenium] EXIT --> (_getByLocator)
14:39:27,663 INFO  [BrowserSelenium] ENTER --> (_getByLocator)
14:39:27,663 INFO  [BrowserSelenium] (_getByLocator) -> Getting locator for null
14:39:27,664 INFO  [BrowserSelenium] (_getByLocator) -> Locator info found for XPATH attribute as: (//span[text()='Customers'])[2]
14:39:27,664 INFO  [BrowserSelenium] ENTER --> (_parseElementOnXpath)
14:39:27,664 INFO  [BrowserSelenium] (_parseElementOnXpath) -> (//span[text()='Customers'])[2] is used
14:39:27,664 INFO  [BrowserSelenium] EXIT --> (_parseElementOnXpath)
14:39:27,664 INFO  [BrowserSelenium] EXIT --> (_getByLocator)
14:39:27,682 INFO  [BrowserSelenium] ENTER --> (_getByLocator)
14:39:27,682 INFO  [BrowserSelenium] (_getByLocator) -> Getting locator for null
14:39:27,682 INFO  [BrowserSelenium] (_getByLocator) -> Locator info found for XPATH attribute as: (//span[text()='Customers'])[2]
14:39:27,682 INFO  [BrowserSelenium] ENTER --> (_parseElementOnXpath)
14:39:27,683 INFO  [BrowserSelenium] (_parseElementOnXpath) -> (//span[text()='Customers'])[2] is used
14:39:27,683 INFO  [BrowserSelenium] EXIT --> (_parseElementOnXpath)
14:39:27,683 INFO  [BrowserSelenium] EXIT --> (_getByLocator)
14:39:27,704 INFO  [BrowserSelenium] ENTER --> (_getByLocator)
14:39:27,704 INFO  [BrowserSelenium] (_getByLocator) -> Getting locator for null
14:39:27,704 INFO  [BrowserSelenium] (_getByLocator) -> Locator info found for XPATH attribute as: (//span[text()='Customers'])[2]
14:39:27,704 INFO  [BrowserSelenium] ENTER --> (_parseElementOnXpath)
14:39:27,704 INFO  [BrowserSelenium] (_parseElementOnXpath) -> (//span[text()='Customers'])[2] is used
14:39:27,705 INFO  [BrowserSelenium] EXIT --> (_parseElementOnXpath)
14:39:27,705 INFO  [BrowserSelenium] EXIT --> (_getByLocator)
14:39:27,721 INFO  [BrowserSelenium] ENTER --> (_getByLocator)
14:39:27,721 INFO  [BrowserSelenium] (_getByLocator) -> Getting locator for null
14:39:27,721 INFO  [BrowserSelenium] (_getByLocator) -> Locator info found for XPATH attribute as: (//span[text()='Customers'])[2]
14:39:27,722 INFO  [BrowserSelenium] ENTER --> (_parseElementOnXpath)
14:39:27,722 INFO  [BrowserSelenium] (_parseElementOnXpath) -> (//span[text()='Customers'])[2] is used
14:39:27,722 INFO  [BrowserSelenium] EXIT --> (_parseElementOnXpath)
14:39:27,722 INFO  [BrowserSelenium] EXIT --> (_getByLocator)
14:39:27,740 INFO  [BrowserSelenium] ENTER --> (_getByLocator)
14:39:27,740 INFO  [BrowserSelenium] (_getByLocator) -> Getting locator for null
14:39:27,740 INFO  [BrowserSelenium] (_getByLocator) -> Locator info found for XPATH attribute as: (//span[text()='Customers'])[2]
14:39:27,740 INFO  [BrowserSelenium] ENTER --> (_parseElementOnXpath)
14:39:27,740 INFO  [BrowserSelenium] (_parseElementOnXpath) -> (//span[text()='Customers'])[2] is used
14:39:27,740 INFO  [BrowserSelenium] EXIT --> (_parseElementOnXpath)
14:39:27,741 INFO  [BrowserSelenium] EXIT --> (_getByLocator)
14:39:27,757 INFO  [BrowserSelenium] ENTER --> (_getByLocator)
14:39:27,758 INFO  [BrowserSelenium] (_getByLocator) -> Getting locator for null
14:39:27,758 INFO  [BrowserSelenium] (_getByLocator) -> Locator info found for XPATH attribute as: (//span[text()='Customers'])[2]
14:39:27,758 INFO  [BrowserSelenium] ENTER --> (_parseElementOnXpath)
14:39:27,758 INFO  [BrowserSelenium] (_parseElementOnXpath) -> (//span[text()='Customers'])[2] is used
14:39:27,758 INFO  [BrowserSelenium] EXIT --> (_parseElementOnXpath)
14:39:27,758 INFO  [BrowserSelenium] EXIT --> (_getByLocator)
14:39:27,778 INFO  [BrowserSelenium] ENTER --> (_getByLocator)
14:39:27,778 INFO  [BrowserSelenium] (_getByLocator) -> Getting locator for null
14:39:27,778 INFO  [BrowserSelenium] (_getByLocator) -> Locator info found for XPATH attribute as: (//span[text()='Customers'])[2]
14:39:27,778 INFO  [BrowserSelenium] ENTER --> (_parseElementOnXpath)
14:39:27,779 INFO  [BrowserSelenium] (_parseElementOnXpath) -> (//span[text()='Customers'])[2] is used
14:39:27,779 INFO  [BrowserSelenium] EXIT --> (_parseElementOnXpath)
14:39:27,779 INFO  [BrowserSelenium] EXIT --> (_getByLocator)
14:39:27,796 INFO  [BrowserSelenium] ENTER --> (_getByLocator)
14:39:27,796 INFO  [BrowserSelenium] (_getByLocator) -> Getting locator for null
14:39:27,796 INFO  [BrowserSelenium] (_getByLocator) -> Locator info found for XPATH attribute as: (//span[text()='Customers'])[2]
14:39:27,796 INFO  [BrowserSelenium] ENTER --> (_parseElementOnXpath)
14:39:27,796 INFO  [BrowserSelenium] (_parseElementOnXpath) -> (//span[text()='Customers'])[2] is used
14:39:27,797 INFO  [BrowserSelenium] EXIT --> (_parseElementOnXpath)
14:39:27,797 INFO  [BrowserSelenium] EXIT --> (_getByLocator)
14:39:27,813 INFO  [BrowserSelenium] ENTER --> (_getByLocator)
14:39:27,814 INFO  [BrowserSelenium] (_getByLocator) -> Getting locator for null
14:39:27,814 INFO  [BrowserSelenium] (_getByLocator) -> Locator info found for XPATH attribute as: (//span[text()='Customers'])[2]
14:39:27,814 INFO  [BrowserSelenium] ENTER --> (_parseElementOnXpath)
14:39:27,814 INFO  [BrowserSelenium] (_parseElementOnXpath) -> (//span[text()='Customers'])[2] is used
14:39:27,814 INFO  [BrowserSelenium] EXIT --> (_parseElementOnXpath)
14:39:27,814 INFO  [BrowserSelenium] EXIT --> (_getByLocator)
14:39:27,831 INFO  [BrowserSelenium] ENTER --> (_getByLocator)
14:39:27,831 INFO  [BrowserSelenium] (_getByLocator) -> Getting locator for null
14:39:27,831 INFO  [BrowserSelenium] (_getByLocator) -> Locator info found for XPATH attribute as: (//span[text()='Customers'])[2]
14:39:27,832 INFO  [BrowserSelenium] ENTER --> (_parseElementOnXpath)
14:39:27,832 INFO  [BrowserSelenium] (_parseElementOnXpath) -> (//span[text()='Customers'])[2] is used
14:39:27,832 INFO  [BrowserSelenium] EXIT --> (_parseElementOnXpath)
14:39:27,832 INFO  [BrowserSelenium] EXIT --> (_getByLocator)
14:39:27,850 INFO  [BrowserSelenium] ENTER --> (_getByLocator)
14:39:27,850 INFO  [BrowserSelenium] (_getByLocator) -> Getting locator for null
14:39:27,850 INFO  [BrowserSelenium] (_getByLocator) -> Locator info found for XPATH attribute as: (//span[text()='Customers'])[2]
14:39:27,850 INFO  [BrowserSelenium] ENTER --> (_parseElementOnXpath)
14:39:27,851 INFO  [BrowserSelenium] (_parseElementOnXpath) -> (//span[text()='Customers'])[2] is used
14:39:27,851 INFO  [BrowserSelenium] EXIT --> (_parseElementOnXpath)
14:39:27,851 INFO  [BrowserSelenium] EXIT --> (_getByLocator)
14:39:27,870 INFO  [BrowserSelenium] ENTER --> (_getByLocator)
14:39:27,870 INFO  [BrowserSelenium] (_getByLocator) -> Getting locator for null
14:39:27,870 INFO  [BrowserSelenium] (_getByLocator) -> Locator info found for XPATH attribute as: (//span[text()='Customers'])[2]
14:39:27,870 INFO  [BrowserSelenium] ENTER --> (_parseElementOnXpath)
14:39:27,870 INFO  [BrowserSelenium] (_parseElementOnXpath) -> (//span[text()='Customers'])[2] is used
14:39:27,870 INFO  [BrowserSelenium] EXIT --> (_parseElementOnXpath)
14:39:27,871 INFO  [BrowserSelenium] EXIT --> (_getByLocator)
14:39:27,890 INFO  [BrowserSelenium] ENTER --> (_getByLocator)
14:39:27,890 INFO  [BrowserSelenium] (_getByLocator) -> Getting locator for null
14:39:27,891 INFO  [BrowserSelenium] (_getByLocator) -> Locator info found for XPATH attribute as: (//span[text()='Customers'])[2]
14:39:27,891 INFO  [BrowserSelenium] ENTER --> (_parseElementOnXpath)
14:39:27,891 INFO  [BrowserSelenium] (_parseElementOnXpath) -> (//span[text()='Customers'])[2] is used
14:39:27,891 INFO  [BrowserSelenium] EXIT --> (_parseElementOnXpath)
14:39:27,891 INFO  [BrowserSelenium] EXIT --> (_getByLocator)
14:39:27,908 INFO  [BrowserSelenium] ENTER --> (_getByLocator)
14:39:27,908 INFO  [BrowserSelenium] (_getByLocator) -> Getting locator for null
14:39:27,908 INFO  [BrowserSelenium] (_getByLocator) -> Locator info found for XPATH attribute as: (//span[text()='Customers'])[2]
14:39:27,908 INFO  [BrowserSelenium] ENTER --> (_parseElementOnXpath)
14:39:27,908 INFO  [BrowserSelenium] (_parseElementOnXpath) -> (//span[text()='Customers'])[2] is used
14:39:27,908 INFO  [BrowserSelenium] EXIT --> (_parseElementOnXpath)
14:39:27,908 INFO  [BrowserSelenium] EXIT --> (_getByLocator)
14:39:27,925 INFO  [BrowserSelenium] ENTER --> (_getByLocator)
14:39:27,925 INFO  [BrowserSelenium] (_getByLocator) -> Getting locator for null
14:39:27,926 INFO  [BrowserSelenium] (_getByLocator) -> Locator info found for XPATH attribute as: (//span[text()='Customers'])[2]
14:39:27,926 INFO  [BrowserSelenium] ENTER --> (_parseElementOnXpath)
14:39:27,926 INFO  [BrowserSelenium] (_parseElementOnXpath) -> (//span[text()='Customers'])[2] is used
14:39:27,926 INFO  [BrowserSelenium] EXIT --> (_parseElementOnXpath)
14:39:27,926 INFO  [BrowserSelenium] EXIT --> (_getByLocator)
14:39:27,944 INFO  [BrowserSelenium] ENTER --> (_getByLocator)
14:39:27,944 INFO  [BrowserSelenium] (_getByLocator) -> Getting locator for null
14:39:27,944 INFO  [BrowserSelenium] (_getByLocator) -> Locator info found for XPATH attribute as: (//span[text()='Customers'])[2]
14:39:27,944 INFO  [BrowserSelenium] ENTER --> (_parseElementOnXpath)
14:39:27,944 INFO  [BrowserSelenium] (_parseElementOnXpath) -> (//span[text()='Customers'])[2] is used
14:39:27,944 INFO  [BrowserSelenium] EXIT --> (_parseElementOnXpath)
14:39:27,944 INFO  [BrowserSelenium] EXIT --> (_getByLocator)
14:39:27,961 INFO  [BrowserSelenium] ENTER --> (_getByLocator)
14:39:27,961 INFO  [BrowserSelenium] (_getByLocator) -> Getting locator for null
14:39:27,962 INFO  [BrowserSelenium] (_getByLocator) -> Locator info found for XPATH attribute as: (//span[text()='Customers'])[2]
14:39:27,962 INFO  [BrowserSelenium] ENTER --> (_parseElementOnXpath)
14:39:27,962 INFO  [BrowserSelenium] (_parseElementOnXpath) -> (//span[text()='Customers'])[2] is used
14:39:27,962 INFO  [BrowserSelenium] EXIT --> (_parseElementOnXpath)
14:39:27,962 INFO  [BrowserSelenium] EXIT --> (_getByLocator)
14:39:27,980 INFO  [BrowserSelenium] ENTER --> (_getByLocator)
14:39:27,980 INFO  [BrowserSelenium] (_getByLocator) -> Getting locator for null
14:39:27,980 INFO  [BrowserSelenium] (_getByLocator) -> Locator info found for XPATH attribute as: (//span[text()='Customers'])[2]
14:39:27,981 INFO  [BrowserSelenium] ENTER --> (_parseElementOnXpath)
14:39:27,981 INFO  [BrowserSelenium] (_parseElementOnXpath) -> (//span[text()='Customers'])[2] is used
14:39:27,981 INFO  [BrowserSelenium] EXIT --> (_parseElementOnXpath)
14:39:27,981 INFO  [BrowserSelenium] EXIT --> (_getByLocator)
14:39:28,002 INFO  [BrowserSelenium] ENTER --> (_getByLocator)
14:39:28,003 INFO  [BrowserSelenium] (_getByLocator) -> Getting locator for null
14:39:28,003 INFO  [BrowserSelenium] (_getByLocator) -> Locator info found for XPATH attribute as: (//span[text()='Customers'])[2]
14:39:28,003 INFO  [BrowserSelenium] ENTER --> (_parseElementOnXpath)
14:39:28,003 INFO  [BrowserSelenium] (_parseElementOnXpath) -> (//span[text()='Customers'])[2] is used
14:39:28,003 INFO  [BrowserSelenium] EXIT --> (_parseElementOnXpath)
14:39:28,003 INFO  [BrowserSelenium] EXIT --> (_getByLocator)
14:39:28,023 INFO  [BrowserSelenium] ENTER --> (_getByLocator)
14:39:28,024 INFO  [BrowserSelenium] (_getByLocator) -> Getting locator for null
14:39:28,024 INFO  [BrowserSelenium] (_getByLocator) -> Locator info found for XPATH attribute as: (//span[text()='Customers'])[2]
14:39:28,024 INFO  [BrowserSelenium] ENTER --> (_parseElementOnXpath)
14:39:28,024 INFO  [BrowserSelenium] (_parseElementOnXpath) -> (//span[text()='Customers'])[2] is used
14:39:28,024 INFO  [BrowserSelenium] EXIT --> (_parseElementOnXpath)
14:39:28,024 INFO  [BrowserSelenium] EXIT --> (_getByLocator)
14:39:28,041 INFO  [BrowserSelenium] ENTER --> (_getByLocator)
14:39:28,041 INFO  [BrowserSelenium] (_getByLocator) -> Getting locator for null
14:39:28,041 INFO  [BrowserSelenium] (_getByLocator) -> Locator info found for XPATH attribute as: (//span[text()='Customers'])[2]
14:39:28,042 INFO  [BrowserSelenium] ENTER --> (_parseElementOnXpath)
14:39:28,042 INFO  [BrowserSelenium] (_parseElementOnXpath) -> (//span[text()='Customers'])[2] is used
14:39:28,042 INFO  [BrowserSelenium] EXIT --> (_parseElementOnXpath)
14:39:28,042 INFO  [BrowserSelenium] EXIT --> (_getByLocator)
14:39:28,059 INFO  [BrowserSelenium] ENTER --> (_getByLocator)
14:39:28,059 INFO  [BrowserSelenium] (_getByLocator) -> Getting locator for null
14:39:28,059 INFO  [BrowserSelenium] (_getByLocator) -> Locator info found for XPATH attribute as: (//span[text()='Customers'])[2]
14:39:28,059 INFO  [BrowserSelenium] ENTER --> (_parseElementOnXpath)
14:39:28,059 INFO  [BrowserSelenium] (_parseElementOnXpath) -> (//span[text()='Customers'])[2] is used
14:39:28,060 INFO  [BrowserSelenium] EXIT --> (_parseElementOnXpath)
14:39:28,060 INFO  [BrowserSelenium] EXIT --> (_getByLocator)
14:39:28,077 INFO  [BrowserSelenium] ENTER --> (_getByLocator)
14:39:28,078 INFO  [BrowserSelenium] (_getByLocator) -> Getting locator for null
14:39:28,078 INFO  [BrowserSelenium] (_getByLocator) -> Locator info found for XPATH attribute as: (//span[text()='Customers'])[2]
14:39:28,078 INFO  [BrowserSelenium] ENTER --> (_parseElementOnXpath)
14:39:28,078 INFO  [BrowserSelenium] (_parseElementOnXpath) -> (//span[text()='Customers'])[2] is used
14:39:28,078 INFO  [BrowserSelenium] EXIT --> (_parseElementOnXpath)
14:39:28,079 INFO  [BrowserSelenium] EXIT --> (_getByLocator)
14:39:28,095 INFO  [BrowserSelenium] ENTER --> (_getByLocator)
14:39:28,095 INFO  [BrowserSelenium] (_getByLocator) -> Getting locator for null
14:39:28,095 INFO  [BrowserSelenium] (_getByLocator) -> Locator info found for XPATH attribute as: (//span[text()='Customers'])[2]
14:39:28,095 INFO  [BrowserSelenium] ENTER --> (_parseElementOnXpath)
14:39:28,096 INFO  [BrowserSelenium] (_parseElementOnXpath) -> (//span[text()='Customers'])[2] is used
14:39:28,096 INFO  [BrowserSelenium] EXIT --> (_parseElementOnXpath)
14:39:28,096 INFO  [BrowserSelenium] EXIT --> (_getByLocator)
14:39:28,113 INFO  [BrowserSelenium] ENTER --> (_getByLocator)
14:39:28,114 INFO  [BrowserSelenium] (_getByLocator) -> Getting locator for null
14:39:28,114 INFO  [BrowserSelenium] (_getByLocator) -> Locator info found for XPATH attribute as: (//span[text()='Customers'])[2]
14:39:28,114 INFO  [BrowserSelenium] ENTER --> (_parseElementOnXpath)
14:39:28,114 INFO  [BrowserSelenium] (_parseElementOnXpath) -> (//span[text()='Customers'])[2] is used
14:39:28,114 INFO  [BrowserSelenium] EXIT --> (_parseElementOnXpath)
14:39:28,115 INFO  [BrowserSelenium] EXIT --> (_getByLocator)
14:39:28,131 INFO  [BrowserSelenium] ENTER --> (_getByLocator)
14:39:28,131 INFO  [BrowserSelenium] (_getByLocator) -> Getting locator for null
14:39:28,132 INFO  [BrowserSelenium] (_getByLocator) -> Locator info found for XPATH attribute as: (//span[text()='Customers'])[2]
14:39:28,132 INFO  [BrowserSelenium] ENTER --> (_parseElementOnXpath)
14:39:28,132 INFO  [BrowserSelenium] (_parseElementOnXpath) -> (//span[text()='Customers'])[2] is used
14:39:28,132 INFO  [BrowserSelenium] EXIT --> (_parseElementOnXpath)
14:39:28,132 INFO  [BrowserSelenium] EXIT --> (_getByLocator)
14:39:28,149 INFO  [BrowserSelenium] ENTER --> (_getByLocator)
14:39:28,149 INFO  [BrowserSelenium] (_getByLocator) -> Getting locator for null
14:39:28,149 INFO  [BrowserSelenium] (_getByLocator) -> Locator info found for XPATH attribute as: (//span[text()='Customers'])[2]
14:39:28,149 INFO  [BrowserSelenium] ENTER --> (_parseElementOnXpath)
14:39:28,149 INFO  [BrowserSelenium] (_parseElementOnXpath) -> (//span[text()='Customers'])[2] is used
14:39:28,150 INFO  [BrowserSelenium] EXIT --> (_parseElementOnXpath)
14:39:28,150 INFO  [BrowserSelenium] EXIT --> (_getByLocator)
14:39:28,170 INFO  [BrowserSelenium] ENTER --> (_getByLocator)
14:39:28,170 INFO  [BrowserSelenium] (_getByLocator) -> Getting locator for null
14:39:28,170 INFO  [BrowserSelenium] (_getByLocator) -> Locator info found for XPATH attribute as: (//span[text()='Customers'])[2]
14:39:28,170 INFO  [BrowserSelenium] ENTER --> (_parseElementOnXpath)
14:39:28,170 INFO  [BrowserSelenium] (_parseElementOnXpath) -> (//span[text()='Customers'])[2] is used
14:39:28,171 INFO  [BrowserSelenium] EXIT --> (_parseElementOnXpath)
14:39:28,171 INFO  [BrowserSelenium] EXIT --> (_getByLocator)
14:39:28,189 INFO  [BrowserSelenium] ENTER --> (_getByLocator)
14:39:28,189 INFO  [BrowserSelenium] (_getByLocator) -> Getting locator for null
14:39:28,189 INFO  [BrowserSelenium] (_getByLocator) -> Locator info found for XPATH attribute as: (//span[text()='Customers'])[2]
14:39:28,190 INFO  [BrowserSelenium] ENTER --> (_parseElementOnXpath)
14:39:28,190 INFO  [BrowserSelenium] (_parseElementOnXpath) -> (//span[text()='Customers'])[2] is used
14:39:28,190 INFO  [BrowserSelenium] EXIT --> (_parseElementOnXpath)
14:39:28,190 INFO  [BrowserSelenium] EXIT --> (_getByLocator)
14:39:28,207 INFO  [BrowserSelenium] ENTER --> (_getByLocator)
14:39:28,207 INFO  [BrowserSelenium] (_getByLocator) -> Getting locator for null
14:39:28,208 INFO  [BrowserSelenium] (_getByLocator) -> Locator info found for XPATH attribute as: (//span[text()='Customers'])[2]
14:39:28,208 INFO  [BrowserSelenium] ENTER --> (_parseElementOnXpath)
14:39:28,208 INFO  [BrowserSelenium] (_parseElementOnXpath) -> (//span[text()='Customers'])[2] is used
14:39:28,208 INFO  [BrowserSelenium] EXIT --> (_parseElementOnXpath)
14:39:28,208 INFO  [BrowserSelenium] EXIT --> (_getByLocator)
14:39:28,225 INFO  [BrowserSelenium] ENTER --> (_getByLocator)
14:39:28,226 INFO  [BrowserSelenium] (_getByLocator) -> Getting locator for null
14:39:28,226 INFO  [BrowserSelenium] (_getByLocator) -> Locator info found for XPATH attribute as: (//span[text()='Customers'])[2]
14:39:28,226 INFO  [BrowserSelenium] ENTER --> (_parseElementOnXpath)
14:39:28,226 INFO  [BrowserSelenium] (_parseElementOnXpath) -> (//span[text()='Customers'])[2] is used
14:39:28,226 INFO  [BrowserSelenium] EXIT --> (_parseElementOnXpath)
14:39:28,226 INFO  [BrowserSelenium] EXIT --> (_getByLocator)
14:39:28,245 INFO  [BrowserSelenium] ENTER --> (_getByLocator)
14:39:28,245 INFO  [BrowserSelenium] (_getByLocator) -> Getting locator for null
14:39:28,246 INFO  [BrowserSelenium] (_getByLocator) -> Locator info found for XPATH attribute as: (//span[text()='Customers'])[2]
14:39:28,246 INFO  [BrowserSelenium] ENTER --> (_parseElementOnXpath)
14:39:28,246 INFO  [BrowserSelenium] (_parseElementOnXpath) -> (//span[text()='Customers'])[2] is used
14:39:28,246 INFO  [BrowserSelenium] EXIT --> (_parseElementOnXpath)
14:39:28,246 INFO  [BrowserSelenium] EXIT --> (_getByLocator)
14:39:28,268 INFO  [BrowserSelenium] ENTER --> (_getByLocator)
14:39:28,268 INFO  [BrowserSelenium] (_getByLocator) -> Getting locator for null
14:39:28,268 INFO  [BrowserSelenium] (_getByLocator) -> Locator info found for XPATH attribute as: (//span[text()='Customers'])[2]
14:39:28,268 INFO  [BrowserSelenium] ENTER --> (_parseElementOnXpath)
14:39:28,268 INFO  [BrowserSelenium] (_parseElementOnXpath) -> (//span[text()='Customers'])[2] is used
14:39:28,268 INFO  [BrowserSelenium] EXIT --> (_parseElementOnXpath)
14:39:28,268 INFO  [BrowserSelenium] EXIT --> (_getByLocator)
14:39:28,286 INFO  [BrowserSelenium] ENTER --> (_getByLocator)
14:39:28,286 INFO  [BrowserSelenium] (_getByLocator) -> Getting locator for null
14:39:28,286 INFO  [BrowserSelenium] (_getByLocator) -> Locator info found for XPATH attribute as: (//span[text()='Customers'])[2]
14:39:28,286 INFO  [BrowserSelenium] ENTER --> (_parseElementOnXpath)
14:39:28,286 INFO  [BrowserSelenium] (_parseElementOnXpath) -> (//span[text()='Customers'])[2] is used
14:39:28,287 INFO  [BrowserSelenium] EXIT --> (_parseElementOnXpath)
14:39:28,287 INFO  [BrowserSelenium] EXIT --> (_getByLocator)
14:39:28,304 INFO  [BrowserSelenium] ENTER --> (_getByLocator)
14:39:28,304 INFO  [BrowserSelenium] (_getByLocator) -> Getting locator for null
14:39:28,304 INFO  [BrowserSelenium] (_getByLocator) -> Locator info found for XPATH attribute as: (//span[text()='Customers'])[2]
14:39:28,304 INFO  [BrowserSelenium] ENTER --> (_parseElementOnXpath)
14:39:28,304 INFO  [BrowserSelenium] (_parseElementOnXpath) -> (//span[text()='Customers'])[2] is used
14:39:28,304 INFO  [BrowserSelenium] EXIT --> (_parseElementOnXpath)
14:39:28,305 INFO  [BrowserSelenium] EXIT --> (_getByLocator)
14:39:28,321 INFO  [BrowserSelenium] ENTER --> (_getByLocator)
14:39:28,321 INFO  [BrowserSelenium] (_getByLocator) -> Getting locator for null
14:39:28,321 INFO  [BrowserSelenium] (_getByLocator) -> Locator info found for XPATH attribute as: (//span[text()='Customers'])[2]
14:39:28,322 INFO  [BrowserSelenium] ENTER --> (_parseElementOnXpath)
14:39:28,322 INFO  [BrowserSelenium] (_parseElementOnXpath) -> (//span[text()='Customers'])[2] is used
14:39:28,322 INFO  [BrowserSelenium] EXIT --> (_parseElementOnXpath)
14:39:28,322 INFO  [BrowserSelenium] EXIT --> (_getByLocator)
14:39:28,340 INFO  [BrowserSelenium] ENTER --> (_getByLocator)
14:39:28,340 INFO  [BrowserSelenium] (_getByLocator) -> Getting locator for null
14:39:28,340 INFO  [BrowserSelenium] (_getByLocator) -> Locator info found for XPATH attribute as: (//span[text()='Customers'])[2]
14:39:28,340 INFO  [BrowserSelenium] ENTER --> (_parseElementOnXpath)
14:39:28,340 INFO  [BrowserSelenium] (_parseElementOnXpath) -> (//span[text()='Customers'])[2] is used
14:39:28,340 INFO  [BrowserSelenium] EXIT --> (_parseElementOnXpath)
14:39:28,340 INFO  [BrowserSelenium] EXIT --> (_getByLocator)
14:39:28,367 INFO  [BrowserSelenium] ENTER --> (_getByLocator)
14:39:28,367 INFO  [BrowserSelenium] (_getByLocator) -> Getting locator for null
14:39:28,368 INFO  [BrowserSelenium] (_getByLocator) -> Locator info found for XPATH attribute as: (//span[text()='Customers'])[2]
14:39:28,368 INFO  [BrowserSelenium] ENTER --> (_parseElementOnXpath)
14:39:28,368 INFO  [BrowserSelenium] (_parseElementOnXpath) -> (//span[text()='Customers'])[2] is used
14:39:28,368 INFO  [BrowserSelenium] EXIT --> (_parseElementOnXpath)
14:39:28,368 INFO  [BrowserSelenium] EXIT --> (_getByLocator)
14:39:28,394 INFO  [BrowserSelenium] ENTER --> (_getByLocator)
14:39:28,394 INFO  [BrowserSelenium] (_getByLocator) -> Getting locator for null
14:39:28,394 INFO  [BrowserSelenium] (_getByLocator) -> Locator info found for XPATH attribute as: (//span[text()='Customers'])[2]
14:39:28,394 INFO  [BrowserSelenium] ENTER --> (_parseElementOnXpath)
14:39:28,394 INFO  [BrowserSelenium] (_parseElementOnXpath) -> (//span[text()='Customers'])[2] is used
14:39:28,395 INFO  [BrowserSelenium] EXIT --> (_parseElementOnXpath)
14:39:28,395 INFO  [BrowserSelenium] EXIT --> (_getByLocator)
14:39:28,418 INFO  [BrowserSelenium] ENTER --> (_getByLocator)
14:39:28,418 INFO  [BrowserSelenium] (_getByLocator) -> Getting locator for null
14:39:28,418 INFO  [BrowserSelenium] (_getByLocator) -> Locator info found for XPATH attribute as: (//span[text()='Customers'])[2]
14:39:28,418 INFO  [BrowserSelenium] ENTER --> (_parseElementOnXpath)
14:39:28,418 INFO  [BrowserSelenium] (_parseElementOnXpath) -> (//span[text()='Customers'])[2] is used
14:39:28,418 INFO  [BrowserSelenium] EXIT --> (_parseElementOnXpath)
14:39:28,419 INFO  [BrowserSelenium] EXIT --> (_getByLocator)
14:39:28,441 INFO  [BrowserSelenium] ENTER --> (_getByLocator)
14:39:28,442 INFO  [BrowserSelenium] (_getByLocator) -> Getting locator for null
14:39:28,442 INFO  [BrowserSelenium] (_getByLocator) -> Locator info found for XPATH attribute as: (//span[text()='Customers'])[2]
14:39:28,442 INFO  [BrowserSelenium] ENTER --> (_parseElementOnXpath)
14:39:28,442 INFO  [BrowserSelenium] (_parseElementOnXpath) -> (//span[text()='Customers'])[2] is used
14:39:28,442 INFO  [BrowserSelenium] EXIT --> (_parseElementOnXpath)
14:39:28,442 INFO  [BrowserSelenium] EXIT --> (_getByLocator)
14:39:28,466 INFO  [BrowserSelenium] ENTER --> (_getByLocator)
14:39:28,467 INFO  [BrowserSelenium] (_getByLocator) -> Getting locator for null
14:39:28,467 INFO  [BrowserSelenium] (_getByLocator) -> Locator info found for XPATH attribute as: (//span[text()='Customers'])[2]
14:39:28,467 INFO  [BrowserSelenium] ENTER --> (_parseElementOnXpath)
14:39:28,467 INFO  [BrowserSelenium] (_parseElementOnXpath) -> (//span[text()='Customers'])[2] is used
14:39:28,467 INFO  [BrowserSelenium] EXIT --> (_parseElementOnXpath)
14:39:28,468 INFO  [BrowserSelenium] EXIT --> (_getByLocator)
14:39:28,490 INFO  [BrowserSelenium] ENTER --> (_getByLocator)
14:39:28,490 INFO  [BrowserSelenium] (_getByLocator) -> Getting locator for null
14:39:28,490 INFO  [BrowserSelenium] (_getByLocator) -> Locator info found for XPATH attribute as: (//span[text()='Customers'])[2]
14:39:28,491 INFO  [BrowserSelenium] ENTER --> (_parseElementOnXpath)
14:39:28,491 INFO  [BrowserSelenium] (_parseElementOnXpath) -> (//span[text()='Customers'])[2] is used
14:39:28,491 INFO  [BrowserSelenium] EXIT --> (_parseElementOnXpath)
14:39:28,491 INFO  [BrowserSelenium] EXIT --> (_getByLocator)
14:39:28,515 INFO  [BrowserSelenium] ENTER --> (_getByLocator)
14:39:28,516 INFO  [BrowserSelenium] (_getByLocator) -> Getting locator for null
14:39:28,516 INFO  [BrowserSelenium] (_getByLocator) -> Locator info found for XPATH attribute as: (//span[text()='Customers'])[2]
14:39:28,516 INFO  [BrowserSelenium] ENTER --> (_parseElementOnXpath)
14:39:28,516 INFO  [BrowserSelenium] (_parseElementOnXpath) -> (//span[text()='Customers'])[2] is used
14:39:28,516 INFO  [BrowserSelenium] EXIT --> (_parseElementOnXpath)
14:39:28,516 INFO  [BrowserSelenium] EXIT --> (_getByLocator)
14:39:28,539 INFO  [BrowserSelenium] ENTER --> (_getByLocator)
14:39:28,539 INFO  [BrowserSelenium] (_getByLocator) -> Getting locator for null
14:39:28,540 INFO  [BrowserSelenium] (_getByLocator) -> Locator info found for XPATH attribute as: (//span[text()='Customers'])[2]
14:39:28,540 INFO  [BrowserSelenium] ENTER --> (_parseElementOnXpath)
14:39:28,540 INFO  [BrowserSelenium] (_parseElementOnXpath) -> (//span[text()='Customers'])[2] is used
14:39:28,540 INFO  [BrowserSelenium] EXIT --> (_parseElementOnXpath)
14:39:28,540 INFO  [BrowserSelenium] EXIT --> (_getByLocator)
14:39:28,564 INFO  [BrowserSelenium] ENTER --> (_getByLocator)
14:39:28,564 INFO  [BrowserSelenium] (_getByLocator) -> Getting locator for null
14:39:28,564 INFO  [BrowserSelenium] (_getByLocator) -> Locator info found for XPATH attribute as: (//span[text()='Customers'])[2]
14:39:28,564 INFO  [BrowserSelenium] ENTER --> (_parseElementOnXpath)
14:39:28,564 INFO  [BrowserSelenium] (_parseElementOnXpath) -> (//span[text()='Customers'])[2] is used
14:39:28,565 INFO  [BrowserSelenium] EXIT --> (_parseElementOnXpath)
14:39:28,565 INFO  [BrowserSelenium] EXIT --> (_getByLocator)
14:39:28,590 INFO  [BrowserSelenium] ENTER --> (_getByLocator)
14:39:28,590 INFO  [BrowserSelenium] (_getByLocator) -> Getting locator for null
14:39:28,590 INFO  [BrowserSelenium] (_getByLocator) -> Locator info found for XPATH attribute as: (//span[text()='Customers'])[2]
14:39:28,590 INFO  [BrowserSelenium] ENTER --> (_parseElementOnXpath)
14:39:28,591 INFO  [BrowserSelenium] (_parseElementOnXpath) -> (//span[text()='Customers'])[2] is used
14:39:28,591 INFO  [BrowserSelenium] EXIT --> (_parseElementOnXpath)
14:39:28,591 INFO  [BrowserSelenium] EXIT --> (_getByLocator)
14:39:28,615 INFO  [BrowserSelenium] ENTER --> (_getByLocator)
14:39:28,615 INFO  [BrowserSelenium] (_getByLocator) -> Getting locator for null
14:39:28,615 INFO  [BrowserSelenium] (_getByLocator) -> Locator info found for XPATH attribute as: (//span[text()='Customers'])[2]
14:39:28,615 INFO  [BrowserSelenium] ENTER --> (_parseElementOnXpath)
14:39:28,616 INFO  [BrowserSelenium] (_parseElementOnXpath) -> (//span[text()='Customers'])[2] is used
14:39:28,616 INFO  [BrowserSelenium] EXIT --> (_parseElementOnXpath)
14:39:28,616 INFO  [BrowserSelenium] EXIT --> (_getByLocator)
14:39:28,641 INFO  [BrowserSelenium] ENTER --> (_getByLocator)
14:39:28,641 INFO  [BrowserSelenium] (_getByLocator) -> Getting locator for null
14:39:28,641 INFO  [BrowserSelenium] (_getByLocator) -> Locator info found for XPATH attribute as: (//span[text()='Customers'])[2]
14:39:28,642 INFO  [BrowserSelenium] ENTER --> (_parseElementOnXpath)
14:39:28,642 INFO  [BrowserSelenium] (_parseElementOnXpath) -> (//span[text()='Customers'])[2] is used
14:39:28,642 INFO  [BrowserSelenium] EXIT --> (_parseElementOnXpath)
14:39:28,642 INFO  [BrowserSelenium] EXIT --> (_getByLocator)
14:39:28,666 INFO  [BrowserSelenium] ENTER --> (_getByLocator)
14:39:28,666 INFO  [BrowserSelenium] (_getByLocator) -> Getting locator for null
14:39:28,666 INFO  [BrowserSelenium] (_getByLocator) -> Locator info found for XPATH attribute as: (//span[text()='Customers'])[2]
14:39:28,667 INFO  [BrowserSelenium] ENTER --> (_parseElementOnXpath)
14:39:28,667 INFO  [BrowserSelenium] (_parseElementOnXpath) -> (//span[text()='Customers'])[2] is used
14:39:28,667 INFO  [BrowserSelenium] EXIT --> (_parseElementOnXpath)
14:39:28,667 INFO  [BrowserSelenium] EXIT --> (_getByLocator)
14:39:28,691 INFO  [BrowserSelenium] ENTER --> (_getByLocator)
14:39:28,691 INFO  [BrowserSelenium] (_getByLocator) -> Getting locator for null
14:39:28,691 INFO  [BrowserSelenium] (_getByLocator) -> Locator info found for XPATH attribute as: (//span[text()='Customers'])[2]
14:39:28,691 INFO  [BrowserSelenium] ENTER --> (_parseElementOnXpath)
14:39:28,691 INFO  [BrowserSelenium] (_parseElementOnXpath) -> (//span[text()='Customers'])[2] is used
14:39:28,692 INFO  [BrowserSelenium] EXIT --> (_parseElementOnXpath)
14:39:28,692 INFO  [BrowserSelenium] EXIT --> (_getByLocator)
14:39:28,718 INFO  [BrowserSelenium] ENTER --> (_getByLocator)
14:39:28,718 INFO  [BrowserSelenium] (_getByLocator) -> Getting locator for null
14:39:28,718 INFO  [BrowserSelenium] (_getByLocator) -> Locator info found for XPATH attribute as: (//span[text()='Customers'])[2]
14:39:28,719 INFO  [BrowserSelenium] ENTER --> (_parseElementOnXpath)
14:39:28,719 INFO  [BrowserSelenium] (_parseElementOnXpath) -> (//span[text()='Customers'])[2] is used
14:39:28,719 INFO  [BrowserSelenium] EXIT --> (_parseElementOnXpath)
14:39:28,719 INFO  [BrowserSelenium] EXIT --> (_getByLocator)
14:39:28,743 INFO  [BrowserSelenium] ENTER --> (_getByLocator)
14:39:28,743 INFO  [BrowserSelenium] (_getByLocator) -> Getting locator for null
14:39:28,744 INFO  [BrowserSelenium] (_getByLocator) -> Locator info found for XPATH attribute as: (//span[text()='Customers'])[2]
14:39:28,744 INFO  [BrowserSelenium] ENTER --> (_parseElementOnXpath)
14:39:28,744 INFO  [BrowserSelenium] (_parseElementOnXpath) -> (//span[text()='Customers'])[2] is used
14:39:28,744 INFO  [BrowserSelenium] EXIT --> (_parseElementOnXpath)
14:39:28,744 INFO  [BrowserSelenium] EXIT --> (_getByLocator)
14:39:28,767 INFO  [BrowserSelenium] ENTER --> (_getByLocator)
14:39:28,767 INFO  [BrowserSelenium] (_getByLocator) -> Getting locator for null
14:39:28,767 INFO  [BrowserSelenium] (_getByLocator) -> Locator info found for XPATH attribute as: (//span[text()='Customers'])[2]
14:39:28,767 INFO  [BrowserSelenium] ENTER --> (_parseElementOnXpath)
14:39:28,767 INFO  [BrowserSelenium] (_parseElementOnXpath) -> (//span[text()='Customers'])[2] is used
14:39:28,768 INFO  [BrowserSelenium] EXIT --> (_parseElementOnXpath)
14:39:28,768 INFO  [BrowserSelenium] EXIT --> (_getByLocator)
14:39:28,797 INFO  [BrowserSelenium] ENTER --> (_getByLocator)
14:39:28,797 INFO  [BrowserSelenium] (_getByLocator) -> Getting locator for null
14:39:28,797 INFO  [BrowserSelenium] (_getByLocator) -> Locator info found for XPATH attribute as: (//span[text()='Customers'])[2]
14:39:28,798 INFO  [BrowserSelenium] ENTER --> (_parseElementOnXpath)
14:39:28,798 INFO  [BrowserSelenium] (_parseElementOnXpath) -> (//span[text()='Customers'])[2] is used
14:39:28,798 INFO  [BrowserSelenium] EXIT --> (_parseElementOnXpath)
14:39:28,798 INFO  [BrowserSelenium] EXIT --> (_getByLocator)
14:39:28,821 INFO  [BrowserSelenium] ENTER --> (_getByLocator)
14:39:28,821 INFO  [BrowserSelenium] (_getByLocator) -> Getting locator for null
14:39:28,822 INFO  [BrowserSelenium] (_getByLocator) -> Locator info found for XPATH attribute as: (//span[text()='Customers'])[2]
14:39:28,822 INFO  [BrowserSelenium] ENTER --> (_parseElementOnXpath)
14:39:28,822 INFO  [BrowserSelenium] (_parseElementOnXpath) -> (//span[text()='Customers'])[2] is used
14:39:28,822 INFO  [BrowserSelenium] EXIT --> (_parseElementOnXpath)
14:39:28,822 INFO  [BrowserSelenium] EXIT --> (_getByLocator)
14:39:28,846 INFO  [BrowserSelenium] ENTER --> (_getByLocator)
14:39:28,846 INFO  [BrowserSelenium] (_getByLocator) -> Getting locator for null
14:39:28,846 INFO  [BrowserSelenium] (_getByLocator) -> Locator info found for XPATH attribute as: (//span[text()='Customers'])[2]
14:39:28,847 INFO  [BrowserSelenium] ENTER --> (_parseElementOnXpath)
14:39:28,847 INFO  [BrowserSelenium] (_parseElementOnXpath) -> (//span[text()='Customers'])[2] is used
14:39:28,847 INFO  [BrowserSelenium] EXIT --> (_parseElementOnXpath)
14:39:28,847 INFO  [BrowserSelenium] EXIT --> (_getByLocator)
14:39:28,871 INFO  [BrowserSelenium] ENTER --> (_getByLocator)
14:39:28,871 INFO  [BrowserSelenium] (_getByLocator) -> Getting locator for null
14:39:28,871 INFO  [BrowserSelenium] (_getByLocator) -> Locator info found for XPATH attribute as: (//span[text()='Customers'])[2]
14:39:28,871 INFO  [BrowserSelenium] ENTER --> (_parseElementOnXpath)
14:39:28,872 INFO  [BrowserSelenium] (_parseElementOnXpath) -> (//span[text()='Customers'])[2] is used
14:39:28,872 INFO  [BrowserSelenium] EXIT --> (_parseElementOnXpath)
14:39:28,872 INFO  [BrowserSelenium] EXIT --> (_getByLocator)
14:39:28,895 INFO  [BrowserSelenium] ENTER --> (_getByLocator)
14:39:28,895 INFO  [BrowserSelenium] (_getByLocator) -> Getting locator for null
14:39:28,895 INFO  [BrowserSelenium] (_getByLocator) -> Locator info found for XPATH attribute as: (//span[text()='Customers'])[2]
14:39:28,896 INFO  [BrowserSelenium] ENTER --> (_parseElementOnXpath)
14:39:28,896 INFO  [BrowserSelenium] (_parseElementOnXpath) -> (//span[text()='Customers'])[2] is used
14:39:28,896 INFO  [BrowserSelenium] EXIT --> (_parseElementOnXpath)
14:39:28,896 INFO  [BrowserSelenium] EXIT --> (_getByLocator)
14:39:28,920 INFO  [BrowserSelenium] ENTER --> (_getByLocator)
14:39:28,920 INFO  [BrowserSelenium] (_getByLocator) -> Getting locator for null
14:39:28,920 INFO  [BrowserSelenium] (_getByLocator) -> Locator info found for XPATH attribute as: (//span[text()='Customers'])[2]
14:39:28,920 INFO  [BrowserSelenium] ENTER --> (_parseElementOnXpath)
14:39:28,921 INFO  [BrowserSelenium] (_parseElementOnXpath) -> (//span[text()='Customers'])[2] is used
14:39:28,921 INFO  [BrowserSelenium] EXIT --> (_parseElementOnXpath)
14:39:28,921 INFO  [BrowserSelenium] EXIT --> (_getByLocator)
14:39:28,945 INFO  [BrowserSelenium] ENTER --> (_getByLocator)
14:39:28,945 INFO  [BrowserSelenium] (_getByLocator) -> Getting locator for null
14:39:28,945 INFO  [BrowserSelenium] (_getByLocator) -> Locator info found for XPATH attribute as: (//span[text()='Customers'])[2]
14:39:28,946 INFO  [BrowserSelenium] ENTER --> (_parseElementOnXpath)
14:39:28,946 INFO  [BrowserSelenium] (_parseElementOnXpath) -> (//span[text()='Customers'])[2] is used
14:39:28,946 INFO  [BrowserSelenium] EXIT --> (_parseElementOnXpath)
14:39:28,946 INFO  [BrowserSelenium] EXIT --> (_getByLocator)
14:39:28,967 INFO  [BrowserSelenium] ENTER --> (_getByLocator)
14:39:28,968 INFO  [BrowserSelenium] (_getByLocator) -> Getting locator for null
14:39:28,968 INFO  [BrowserSelenium] (_getByLocator) -> Locator info found for XPATH attribute as: (//span[text()='Customers'])[2]
14:39:28,968 INFO  [BrowserSelenium] ENTER --> (_parseElementOnXpath)
14:39:28,968 INFO  [BrowserSelenium] (_parseElementOnXpath) -> (//span[text()='Customers'])[2] is used
14:39:28,969 INFO  [BrowserSelenium] EXIT --> (_parseElementOnXpath)
14:39:28,969 INFO  [BrowserSelenium] EXIT --> (_getByLocator)
14:39:28,990 INFO  [BrowserSelenium] ENTER --> (_getByLocator)
14:39:28,990 INFO  [BrowserSelenium] (_getByLocator) -> Getting locator for null
14:39:28,990 INFO  [BrowserSelenium] (_getByLocator) -> Locator info found for XPATH attribute as: (//span[text()='Customers'])[2]
14:39:28,991 INFO  [BrowserSelenium] ENTER --> (_parseElementOnXpath)
14:39:28,991 INFO  [BrowserSelenium] (_parseElementOnXpath) -> (//span[text()='Customers'])[2] is used
14:39:28,991 INFO  [BrowserSelenium] EXIT --> (_parseElementOnXpath)
14:39:28,991 INFO  [BrowserSelenium] EXIT --> (_getByLocator)
14:39:29,015 INFO  [BrowserSelenium] ENTER --> (_getByLocator)
14:39:29,015 INFO  [BrowserSelenium] (_getByLocator) -> Getting locator for null
14:39:29,015 INFO  [BrowserSelenium] (_getByLocator) -> Locator info found for XPATH attribute as: (//span[text()='Customers'])[2]
14:39:29,016 INFO  [BrowserSelenium] ENTER --> (_parseElementOnXpath)
14:39:29,016 INFO  [BrowserSelenium] (_parseElementOnXpath) -> (//span[text()='Customers'])[2] is used
14:39:29,016 INFO  [BrowserSelenium] EXIT --> (_parseElementOnXpath)
14:39:29,016 INFO  [BrowserSelenium] EXIT --> (_getByLocator)
14:39:29,040 INFO  [BrowserSelenium] ENTER --> (_getByLocator)
14:39:29,040 INFO  [BrowserSelenium] (_getByLocator) -> Getting locator for null
14:39:29,040 INFO  [BrowserSelenium] (_getByLocator) -> Locator info found for XPATH attribute as: (//span[text()='Customers'])[2]
14:39:29,040 INFO  [BrowserSelenium] ENTER --> (_parseElementOnXpath)
14:39:29,040 INFO  [BrowserSelenium] (_parseElementOnXpath) -> (//span[text()='Customers'])[2] is used
14:39:29,041 INFO  [BrowserSelenium] EXIT --> (_parseElementOnXpath)
14:39:29,041 INFO  [BrowserSelenium] EXIT --> (_getByLocator)
14:39:29,064 INFO  [BrowserSelenium] ENTER --> (_getByLocator)
14:39:29,065 INFO  [BrowserSelenium] (_getByLocator) -> Getting locator for null
14:39:29,065 INFO  [BrowserSelenium] (_getByLocator) -> Locator info found for XPATH attribute as: (//span[text()='Customers'])[2]
14:39:29,065 INFO  [BrowserSelenium] ENTER --> (_parseElementOnXpath)
14:39:29,065 INFO  [BrowserSelenium] (_parseElementOnXpath) -> (//span[text()='Customers'])[2] is used
14:39:29,065 INFO  [BrowserSelenium] EXIT --> (_parseElementOnXpath)
14:39:29,065 INFO  [BrowserSelenium] EXIT --> (_getByLocator)
14:39:29,088 INFO  [BrowserSelenium] ENTER --> (_getByLocator)
14:39:29,089 INFO  [BrowserSelenium] (_getByLocator) -> Getting locator for null
14:39:29,089 INFO  [BrowserSelenium] (_getByLocator) -> Locator info found for XPATH attribute as: (//span[text()='Customers'])[2]
14:39:29,089 INFO  [BrowserSelenium] ENTER --> (_parseElementOnXpath)
14:39:29,089 INFO  [BrowserSelenium] (_parseElementOnXpath) -> (//span[text()='Customers'])[2] is used
14:39:29,089 INFO  [BrowserSelenium] EXIT --> (_parseElementOnXpath)
14:39:29,089 INFO  [BrowserSelenium] EXIT --> (_getByLocator)
14:39:29,113 INFO  [BrowserSelenium] ENTER --> (_getByLocator)
14:39:29,113 INFO  [BrowserSelenium] (_getByLocator) -> Getting locator for null
14:39:29,113 INFO  [BrowserSelenium] (_getByLocator) -> Locator info found for XPATH attribute as: (//span[text()='Customers'])[2]
14:39:29,113 INFO  [BrowserSelenium] ENTER --> (_parseElementOnXpath)
14:39:29,114 INFO  [BrowserSelenium] (_parseElementOnXpath) -> (//span[text()='Customers'])[2] is used
14:39:29,114 INFO  [BrowserSelenium] EXIT --> (_parseElementOnXpath)
14:39:29,114 INFO  [BrowserSelenium] EXIT --> (_getByLocator)
14:39:29,138 INFO  [BrowserSelenium] ENTER --> (_getByLocator)
14:39:29,139 INFO  [BrowserSelenium] (_getByLocator) -> Getting locator for null
14:39:29,139 INFO  [BrowserSelenium] (_getByLocator) -> Locator info found for XPATH attribute as: (//span[text()='Customers'])[2]
14:39:29,139 INFO  [BrowserSelenium] ENTER --> (_parseElementOnXpath)
14:39:29,139 INFO  [BrowserSelenium] (_parseElementOnXpath) -> (//span[text()='Customers'])[2] is used
14:39:29,139 INFO  [BrowserSelenium] EXIT --> (_parseElementOnXpath)
14:39:29,139 INFO  [BrowserSelenium] EXIT --> (_getByLocator)
14:39:29,163 INFO  [BrowserSelenium] ENTER --> (_getByLocator)
14:39:29,163 INFO  [BrowserSelenium] (_getByLocator) -> Getting locator for null
14:39:29,164 INFO  [BrowserSelenium] (_getByLocator) -> Locator info found for XPATH attribute as: (//span[text()='Customers'])[2]
14:39:29,164 INFO  [BrowserSelenium] ENTER --> (_parseElementOnXpath)
14:39:29,164 INFO  [BrowserSelenium] (_parseElementOnXpath) -> (//span[text()='Customers'])[2] is used
14:39:29,164 INFO  [BrowserSelenium] EXIT --> (_parseElementOnXpath)
14:39:29,164 INFO  [BrowserSelenium] EXIT --> (_getByLocator)
14:39:29,187 INFO  [BrowserSelenium] ENTER --> (_getByLocator)
14:39:29,187 INFO  [BrowserSelenium] (_getByLocator) -> Getting locator for null
14:39:29,187 INFO  [BrowserSelenium] (_getByLocator) -> Locator info found for XPATH attribute as: (//span[text()='Customers'])[2]
14:39:29,187 INFO  [BrowserSelenium] ENTER --> (_parseElementOnXpath)
14:39:29,187 INFO  [BrowserSelenium] (_parseElementOnXpath) -> (//span[text()='Customers'])[2] is used
14:39:29,188 INFO  [BrowserSelenium] EXIT --> (_parseElementOnXpath)
14:39:29,188 INFO  [BrowserSelenium] EXIT --> (_getByLocator)
14:39:29,211 INFO  [BrowserSelenium] ENTER --> (_getByLocator)
14:39:29,211 INFO  [BrowserSelenium] (_getByLocator) -> Getting locator for null
14:39:29,212 INFO  [BrowserSelenium] (_getByLocator) -> Locator info found for XPATH attribute as: (//span[text()='Customers'])[2]
14:39:29,212 INFO  [BrowserSelenium] ENTER --> (_parseElementOnXpath)
14:39:29,212 INFO  [BrowserSelenium] (_parseElementOnXpath) -> (//span[text()='Customers'])[2] is used
14:39:29,212 INFO  [BrowserSelenium] EXIT --> (_parseElementOnXpath)
14:39:29,212 INFO  [BrowserSelenium] EXIT --> (_getByLocator)
14:39:29,236 INFO  [BrowserSelenium] ENTER --> (_getByLocator)
14:39:29,237 INFO  [BrowserSelenium] (_getByLocator) -> Getting locator for null
14:39:29,237 INFO  [BrowserSelenium] (_getByLocator) -> Locator info found for XPATH attribute as: (//span[text()='Customers'])[2]
14:39:29,237 INFO  [BrowserSelenium] ENTER --> (_parseElementOnXpath)
14:39:29,237 INFO  [BrowserSelenium] (_parseElementOnXpath) -> (//span[text()='Customers'])[2] is used
14:39:29,237 INFO  [BrowserSelenium] EXIT --> (_parseElementOnXpath)
14:39:29,238 INFO  [BrowserSelenium] EXIT --> (_getByLocator)
14:39:29,261 INFO  [BrowserSelenium] ENTER --> (_getByLocator)
14:39:29,262 INFO  [BrowserSelenium] (_getByLocator) -> Getting locator for null
14:39:29,262 INFO  [BrowserSelenium] (_getByLocator) -> Locator info found for XPATH attribute as: (//span[text()='Customers'])[2]
14:39:29,262 INFO  [BrowserSelenium] ENTER --> (_parseElementOnXpath)
14:39:29,262 INFO  [BrowserSelenium] (_parseElementOnXpath) -> (//span[text()='Customers'])[2] is used
14:39:29,262 INFO  [BrowserSelenium] EXIT --> (_parseElementOnXpath)
14:39:29,262 INFO  [BrowserSelenium] EXIT --> (_getByLocator)
14:39:29,286 INFO  [BrowserSelenium] ENTER --> (_getByLocator)
14:39:29,286 INFO  [BrowserSelenium] (_getByLocator) -> Getting locator for null
14:39:29,286 INFO  [BrowserSelenium] (_getByLocator) -> Locator info found for XPATH attribute as: (//span[text()='Customers'])[2]
14:39:29,286 INFO  [BrowserSelenium] ENTER --> (_parseElementOnXpath)
14:39:29,286 INFO  [BrowserSelenium] (_parseElementOnXpath) -> (//span[text()='Customers'])[2] is used
14:39:29,287 INFO  [BrowserSelenium] EXIT --> (_parseElementOnXpath)
14:39:29,287 INFO  [BrowserSelenium] EXIT --> (_getByLocator)
14:39:29,310 INFO  [BrowserSelenium] ENTER --> (_getByLocator)
14:39:29,310 INFO  [BrowserSelenium] (_getByLocator) -> Getting locator for null
14:39:29,311 INFO  [BrowserSelenium] (_getByLocator) -> Locator info found for XPATH attribute as: (//span[text()='Customers'])[2]
14:39:29,311 INFO  [BrowserSelenium] ENTER --> (_parseElementOnXpath)
14:39:29,311 INFO  [BrowserSelenium] (_parseElementOnXpath) -> (//span[text()='Customers'])[2] is used
14:39:29,311 INFO  [BrowserSelenium] EXIT --> (_parseElementOnXpath)
14:39:29,311 INFO  [BrowserSelenium] EXIT --> (_getByLocator)
14:39:29,336 INFO  [BrowserSelenium] ENTER --> (_getByLocator)
14:39:29,336 INFO  [BrowserSelenium] (_getByLocator) -> Getting locator for null
14:39:29,336 INFO  [BrowserSelenium] (_getByLocator) -> Locator info found for XPATH attribute as: (//span[text()='Customers'])[2]
14:39:29,336 INFO  [BrowserSelenium] ENTER --> (_parseElementOnXpath)
14:39:29,336 INFO  [BrowserSelenium] (_parseElementOnXpath) -> (//span[text()='Customers'])[2] is used
14:39:29,337 INFO  [BrowserSelenium] EXIT --> (_parseElementOnXpath)
14:39:29,337 INFO  [BrowserSelenium] EXIT --> (_getByLocator)
14:39:29,356 INFO  [BrowserSelenium] ENTER --> (_getByLocator)
14:39:29,356 INFO  [BrowserSelenium] (_getByLocator) -> Getting locator for null
14:39:29,356 INFO  [BrowserSelenium] (_getByLocator) -> Locator info found for XPATH attribute as: (//span[text()='Customers'])[2]
14:39:29,356 INFO  [BrowserSelenium] ENTER --> (_parseElementOnXpath)
14:39:29,357 INFO  [BrowserSelenium] (_parseElementOnXpath) -> (//span[text()='Customers'])[2] is used
14:39:29,357 INFO  [BrowserSelenium] EXIT --> (_parseElementOnXpath)
14:39:29,357 INFO  [BrowserSelenium] EXIT --> (_getByLocator)
14:39:29,385 INFO  [BrowserSelenium] ENTER --> (_getByLocator)
14:39:29,385 INFO  [BrowserSelenium] (_getByLocator) -> Getting locator for null
14:39:29,385 INFO  [BrowserSelenium] (_getByLocator) -> Locator info found for XPATH attribute as: (//span[text()='Customers'])[2]
14:39:29,386 INFO  [BrowserSelenium] ENTER --> (_parseElementOnXpath)
14:39:29,386 INFO  [BrowserSelenium] (_parseElementOnXpath) -> (//span[text()='Customers'])[2] is used
14:39:29,386 INFO  [BrowserSelenium] EXIT --> (_parseElementOnXpath)
14:39:29,386 INFO  [BrowserSelenium] EXIT --> (_getByLocator)
14:39:29,405 INFO  [BrowserSelenium] ENTER --> (_getByLocator)
14:39:29,406 INFO  [BrowserSelenium] (_getByLocator) -> Getting locator for null
14:39:29,406 INFO  [BrowserSelenium] (_getByLocator) -> Locator info found for XPATH attribute as: (//span[text()='Customers'])[2]
14:39:29,406 INFO  [BrowserSelenium] ENTER --> (_parseElementOnXpath)
14:39:29,406 INFO  [BrowserSelenium] (_parseElementOnXpath) -> (//span[text()='Customers'])[2] is used
14:39:29,406 INFO  [BrowserSelenium] EXIT --> (_parseElementOnXpath)
14:39:29,406 INFO  [BrowserSelenium] EXIT --> (_getByLocator)
14:39:29,427 INFO  [BrowserSelenium] ENTER --> (_getByLocator)
14:39:29,427 INFO  [BrowserSelenium] (_getByLocator) -> Getting locator for null
14:39:29,427 INFO  [BrowserSelenium] (_getByLocator) -> Locator info found for XPATH attribute as: (//span[text()='Customers'])[2]
14:39:29,427 INFO  [BrowserSelenium] ENTER --> (_parseElementOnXpath)
14:39:29,428 INFO  [BrowserSelenium] (_parseElementOnXpath) -> (//span[text()='Customers'])[2] is used
14:39:29,428 INFO  [BrowserSelenium] EXIT --> (_parseElementOnXpath)
14:39:29,428 INFO  [BrowserSelenium] EXIT --> (_getByLocator)
14:39:29,451 INFO  [BrowserSelenium] ENTER --> (_getByLocator)
14:39:29,452 INFO  [BrowserSelenium] (_getByLocator) -> Getting locator for null
14:39:29,452 INFO  [BrowserSelenium] (_getByLocator) -> Locator info found for XPATH attribute as: (//span[text()='Customers'])[2]
14:39:29,452 INFO  [BrowserSelenium] ENTER --> (_parseElementOnXpath)
14:39:29,452 INFO  [BrowserSelenium] (_parseElementOnXpath) -> (//span[text()='Customers'])[2] is used
14:39:29,452 INFO  [BrowserSelenium] EXIT --> (_parseElementOnXpath)
14:39:29,452 INFO  [BrowserSelenium] EXIT --> (_getByLocator)
14:39:29,476 INFO  [BrowserSelenium] ENTER --> (_getByLocator)
14:39:29,476 INFO  [BrowserSelenium] (_getByLocator) -> Getting locator for null
14:39:29,476 INFO  [BrowserSelenium] (_getByLocator) -> Locator info found for XPATH attribute as: (//span[text()='Customers'])[2]
14:39:29,476 INFO  [BrowserSelenium] ENTER --> (_parseElementOnXpath)
14:39:29,477 INFO  [BrowserSelenium] (_parseElementOnXpath) -> (//span[text()='Customers'])[2] is used
14:39:29,477 INFO  [BrowserSelenium] EXIT --> (_parseElementOnXpath)
14:39:29,477 INFO  [BrowserSelenium] EXIT --> (_getByLocator)
14:39:29,500 INFO  [BrowserSelenium] ENTER --> (_getByLocator)
14:39:29,500 INFO  [BrowserSelenium] (_getByLocator) -> Getting locator for null
14:39:29,501 INFO  [BrowserSelenium] (_getByLocator) -> Locator info found for XPATH attribute as: (//span[text()='Customers'])[2]
14:39:29,501 INFO  [BrowserSelenium] ENTER --> (_parseElementOnXpath)
14:39:29,501 INFO  [BrowserSelenium] (_parseElementOnXpath) -> (//span[text()='Customers'])[2] is used
14:39:29,501 INFO  [BrowserSelenium] EXIT --> (_parseElementOnXpath)
14:39:29,501 INFO  [BrowserSelenium] EXIT --> (_getByLocator)
14:39:29,525 INFO  [BrowserSelenium] ENTER --> (_getByLocator)
14:39:29,525 INFO  [BrowserSelenium] (_getByLocator) -> Getting locator for null
14:39:29,525 INFO  [BrowserSelenium] (_getByLocator) -> Locator info found for XPATH attribute as: (//span[text()='Customers'])[2]
14:39:29,525 INFO  [BrowserSelenium] ENTER --> (_parseElementOnXpath)
14:39:29,525 INFO  [BrowserSelenium] (_parseElementOnXpath) -> (//span[text()='Customers'])[2] is used
14:39:29,526 INFO  [BrowserSelenium] EXIT --> (_parseElementOnXpath)
14:39:29,526 INFO  [BrowserSelenium] EXIT --> (_getByLocator)
14:39:29,549 INFO  [BrowserSelenium] ENTER --> (_getByLocator)
14:39:29,550 INFO  [BrowserSelenium] (_getByLocator) -> Getting locator for null
14:39:29,550 INFO  [BrowserSelenium] (_getByLocator) -> Locator info found for XPATH attribute as: (//span[text()='Customers'])[2]
14:39:29,550 INFO  [BrowserSelenium] ENTER --> (_parseElementOnXpath)
14:39:29,550 INFO  [BrowserSelenium] (_parseElementOnXpath) -> (//span[text()='Customers'])[2] is used
14:39:29,550 INFO  [BrowserSelenium] EXIT --> (_parseElementOnXpath)
14:39:29,550 INFO  [BrowserSelenium] EXIT --> (_getByLocator)
14:39:29,573 INFO  [BrowserSelenium] ENTER --> (_getByLocator)
14:39:29,574 INFO  [BrowserSelenium] (_getByLocator) -> Getting locator for null
14:39:29,574 INFO  [BrowserSelenium] (_getByLocator) -> Locator info found for XPATH attribute as: (//span[text()='Customers'])[2]
14:39:29,574 INFO  [BrowserSelenium] ENTER --> (_parseElementOnXpath)
14:39:29,574 INFO  [BrowserSelenium] (_parseElementOnXpath) -> (//span[text()='Customers'])[2] is used
14:39:29,574 INFO  [BrowserSelenium] EXIT --> (_parseElementOnXpath)
14:39:29,575 INFO  [BrowserSelenium] EXIT --> (_getByLocator)
14:39:29,599 INFO  [BrowserSelenium] ENTER --> (_getByLocator)
14:39:29,599 INFO  [BrowserSelenium] (_getByLocator) -> Getting locator for null
14:39:29,599 INFO  [BrowserSelenium] (_getByLocator) -> Locator info found for XPATH attribute as: (//span[text()='Customers'])[2]
14:39:29,599 INFO  [BrowserSelenium] ENTER --> (_parseElementOnXpath)
14:39:29,599 INFO  [BrowserSelenium] (_parseElementOnXpath) -> (//span[text()='Customers'])[2] is used
14:39:29,600 INFO  [BrowserSelenium] EXIT --> (_parseElementOnXpath)
14:39:29,600 INFO  [BrowserSelenium] EXIT --> (_getByLocator)
14:39:29,616 INFO  [BrowserSelenium] ENTER --> (_getByLocator)
14:39:29,617 INFO  [BrowserSelenium] (_getByLocator) -> Getting locator for null
14:39:29,617 INFO  [BrowserSelenium] (_getByLocator) -> Locator info found for XPATH attribute as: (//span[text()='Customers'])[2]
14:39:29,617 INFO  [BrowserSelenium] ENTER --> (_parseElementOnXpath)
14:39:29,617 INFO  [BrowserSelenium] (_parseElementOnXpath) -> (//span[text()='Customers'])[2] is used
14:39:29,617 INFO  [BrowserSelenium] EXIT --> (_parseElementOnXpath)
14:39:29,618 INFO  [BrowserSelenium] EXIT --> (_getByLocator)
14:39:29,646 INFO  [BrowserSelenium] ENTER --> (_getByLocator)
14:39:29,646 INFO  [BrowserSelenium] (_getByLocator) -> Getting locator for null
14:39:29,647 INFO  [BrowserSelenium] (_getByLocator) -> Locator info found for XPATH attribute as: (//span[text()='Customers'])[2]
14:39:29,647 INFO  [BrowserSelenium] ENTER --> (_parseElementOnXpath)
14:39:29,647 INFO  [BrowserSelenium] (_parseElementOnXpath) -> (//span[text()='Customers'])[2] is used
14:39:29,647 INFO  [BrowserSelenium] EXIT --> (_parseElementOnXpath)
14:39:29,647 INFO  [BrowserSelenium] EXIT --> (_getByLocator)
14:39:29,664 INFO  [BrowserSelenium] ENTER --> (_getByLocator)
14:39:29,664 INFO  [BrowserSelenium] (_getByLocator) -> Getting locator for null
14:39:29,664 INFO  [BrowserSelenium] (_getByLocator) -> Locator info found for XPATH attribute as: (//span[text()='Customers'])[2]
14:39:29,664 INFO  [BrowserSelenium] ENTER --> (_parseElementOnXpath)
14:39:29,664 INFO  [BrowserSelenium] (_parseElementOnXpath) -> (//span[text()='Customers'])[2] is used
14:39:29,665 INFO  [BrowserSelenium] EXIT --> (_parseElementOnXpath)
14:39:29,665 INFO  [BrowserSelenium] EXIT --> (_getByLocator)
14:39:29,685 INFO  [BrowserSelenium] ENTER --> (_getByLocator)
14:39:29,685 INFO  [BrowserSelenium] (_getByLocator) -> Getting locator for null
14:39:29,685 INFO  [BrowserSelenium] (_getByLocator) -> Locator info found for XPATH attribute as: (//span[text()='Customers'])[2]
14:39:29,685 INFO  [BrowserSelenium] ENTER --> (_parseElementOnXpath)
14:39:29,685 INFO  [BrowserSelenium] (_parseElementOnXpath) -> (//span[text()='Customers'])[2] is used
14:39:29,686 INFO  [BrowserSelenium] EXIT --> (_parseElementOnXpath)
14:39:29,686 INFO  [BrowserSelenium] EXIT --> (_getByLocator)
14:39:29,702 INFO  [BrowserSelenium] ENTER --> (_getByLocator)
14:39:29,703 INFO  [BrowserSelenium] (_getByLocator) -> Getting locator for null
14:39:29,703 INFO  [BrowserSelenium] (_getByLocator) -> Locator info found for XPATH attribute as: (//span[text()='Customers'])[2]
14:39:29,703 INFO  [BrowserSelenium] ENTER --> (_parseElementOnXpath)
14:39:29,703 INFO  [BrowserSelenium] (_parseElementOnXpath) -> (//span[text()='Customers'])[2] is used
14:39:29,703 INFO  [BrowserSelenium] EXIT --> (_parseElementOnXpath)
14:39:29,703 INFO  [BrowserSelenium] EXIT --> (_getByLocator)
14:39:29,722 INFO  [BrowserSelenium] ENTER --> (_getByLocator)
14:39:29,722 INFO  [BrowserSelenium] (_getByLocator) -> Getting locator for null
14:39:29,722 INFO  [BrowserSelenium] (_getByLocator) -> Locator info found for XPATH attribute as: (//span[text()='Customers'])[2]
14:39:29,723 INFO  [BrowserSelenium] ENTER --> (_parseElementOnXpath)
14:39:29,723 INFO  [BrowserSelenium] (_parseElementOnXpath) -> (//span[text()='Customers'])[2] is used
14:39:29,723 INFO  [BrowserSelenium] EXIT --> (_parseElementOnXpath)
14:39:29,723 INFO  [BrowserSelenium] EXIT --> (_getByLocator)
14:39:29,741 INFO  [BrowserSelenium] ENTER --> (_getByLocator)
14:39:29,741 INFO  [BrowserSelenium] (_getByLocator) -> Getting locator for null
14:39:29,741 INFO  [BrowserSelenium] (_getByLocator) -> Locator info found for XPATH attribute as: (//span[text()='Customers'])[2]
14:39:29,741 INFO  [BrowserSelenium] ENTER --> (_parseElementOnXpath)
14:39:29,741 INFO  [BrowserSelenium] (_parseElementOnXpath) -> (//span[text()='Customers'])[2] is used
14:39:29,741 INFO  [BrowserSelenium] EXIT --> (_parseElementOnXpath)
14:39:29,742 INFO  [BrowserSelenium] EXIT --> (_getByLocator)
14:39:29,759 INFO  [BrowserSelenium] ENTER --> (_getByLocator)
14:39:29,759 INFO  [BrowserSelenium] (_getByLocator) -> Getting locator for null
14:39:29,759 INFO  [BrowserSelenium] (_getByLocator) -> Locator info found for XPATH attribute as: (//span[text()='Customers'])[2]
14:39:29,759 INFO  [BrowserSelenium] ENTER --> (_parseElementOnXpath)
14:39:29,759 INFO  [BrowserSelenium] (_parseElementOnXpath) -> (//span[text()='Customers'])[2] is used
14:39:29,759 INFO  [BrowserSelenium] EXIT --> (_parseElementOnXpath)
14:39:29,759 INFO  [BrowserSelenium] EXIT --> (_getByLocator)
14:39:29,776 INFO  [BrowserSelenium] ENTER --> (_getByLocator)
14:39:29,776 INFO  [BrowserSelenium] (_getByLocator) -> Getting locator for null
14:39:29,776 INFO  [BrowserSelenium] (_getByLocator) -> Locator info found for XPATH attribute as: (//span[text()='Customers'])[2]
14:39:29,777 INFO  [BrowserSelenium] ENTER --> (_parseElementOnXpath)
14:39:29,777 INFO  [BrowserSelenium] (_parseElementOnXpath) -> (//span[text()='Customers'])[2] is used
14:39:29,777 INFO  [BrowserSelenium] EXIT --> (_parseElementOnXpath)
14:39:29,777 INFO  [BrowserSelenium] EXIT --> (_getByLocator)
14:39:29,800 INFO  [BrowserSelenium] ENTER --> (_getByLocator)
14:39:29,800 INFO  [BrowserSelenium] (_getByLocator) -> Getting locator for null
14:39:29,800 INFO  [BrowserSelenium] (_getByLocator) -> Locator info found for XPATH attribute as: (//span[text()='Customers'])[2]
14:39:29,800 INFO  [BrowserSelenium] ENTER --> (_parseElementOnXpath)
14:39:29,800 INFO  [BrowserSelenium] (_parseElementOnXpath) -> (//span[text()='Customers'])[2] is used
14:39:29,800 INFO  [BrowserSelenium] EXIT --> (_parseElementOnXpath)
14:39:29,801 INFO  [BrowserSelenium] EXIT --> (_getByLocator)
14:39:29,817 INFO  [BrowserSelenium] ENTER --> (_getByLocator)
14:39:29,817 INFO  [BrowserSelenium] (_getByLocator) -> Getting locator for null
14:39:29,817 INFO  [BrowserSelenium] (_getByLocator) -> Locator info found for XPATH attribute as: (//span[text()='Customers'])[2]
14:39:29,818 INFO  [BrowserSelenium] ENTER --> (_parseElementOnXpath)
14:39:29,818 INFO  [BrowserSelenium] (_parseElementOnXpath) -> (//span[text()='Customers'])[2] is used
14:39:29,818 INFO  [BrowserSelenium] EXIT --> (_parseElementOnXpath)
14:39:29,818 INFO  [BrowserSelenium] EXIT --> (_getByLocator)
14:39:29,836 INFO  [BrowserSelenium] ENTER --> (_getByLocator)
14:39:29,836 INFO  [BrowserSelenium] (_getByLocator) -> Getting locator for null
14:39:29,836 INFO  [BrowserSelenium] (_getByLocator) -> Locator info found for XPATH attribute as: (//span[text()='Customers'])[2]
14:39:29,836 INFO  [BrowserSelenium] ENTER --> (_parseElementOnXpath)
14:39:29,836 INFO  [BrowserSelenium] (_parseElementOnXpath) -> (//span[text()='Customers'])[2] is used
14:39:29,836 INFO  [BrowserSelenium] EXIT --> (_parseElementOnXpath)
14:39:29,836 INFO  [BrowserSelenium] EXIT --> (_getByLocator)
14:39:29,858 INFO  [BrowserSelenium] ENTER --> (_getByLocator)
14:39:29,858 INFO  [BrowserSelenium] (_getByLocator) -> Getting locator for null
14:39:29,858 INFO  [BrowserSelenium] (_getByLocator) -> Locator info found for XPATH attribute as: (//span[text()='Customers'])[2]
14:39:29,858 INFO  [BrowserSelenium] ENTER --> (_parseElementOnXpath)
14:39:29,858 INFO  [BrowserSelenium] (_parseElementOnXpath) -> (//span[text()='Customers'])[2] is used
14:39:29,858 INFO  [BrowserSelenium] EXIT --> (_parseElementOnXpath)
14:39:29,859 INFO  [BrowserSelenium] EXIT --> (_getByLocator)
14:39:29,875 INFO  [BrowserSelenium] ENTER --> (_getByLocator)
14:39:29,876 INFO  [BrowserSelenium] (_getByLocator) -> Getting locator for null
14:39:29,876 INFO  [BrowserSelenium] (_getByLocator) -> Locator info found for XPATH attribute as: (//span[text()='Customers'])[2]
14:39:29,876 INFO  [BrowserSelenium] ENTER --> (_parseElementOnXpath)
14:39:29,876 INFO  [BrowserSelenium] (_parseElementOnXpath) -> (//span[text()='Customers'])[2] is used
14:39:29,876 INFO  [BrowserSelenium] EXIT --> (_parseElementOnXpath)
14:39:29,876 INFO  [BrowserSelenium] EXIT --> (_getByLocator)
14:39:29,894 INFO  [BrowserSelenium] ENTER --> (_getByLocator)
14:39:29,894 INFO  [BrowserSelenium] (_getByLocator) -> Getting locator for null
14:39:29,894 INFO  [BrowserSelenium] (_getByLocator) -> Locator info found for XPATH attribute as: (//span[text()='Customers'])[2]
14:39:29,895 INFO  [BrowserSelenium] ENTER --> (_parseElementOnXpath)
14:39:29,895 INFO  [BrowserSelenium] (_parseElementOnXpath) -> (//span[text()='Customers'])[2] is used
14:39:29,895 INFO  [BrowserSelenium] EXIT --> (_parseElementOnXpath)
14:39:29,895 INFO  [BrowserSelenium] EXIT --> (_getByLocator)
14:39:29,912 INFO  [BrowserSelenium] ENTER --> (_getByLocator)
14:39:29,912 INFO  [BrowserSelenium] (_getByLocator) -> Getting locator for null
14:39:29,912 INFO  [BrowserSelenium] (_getByLocator) -> Locator info found for XPATH attribute as: (//span[text()='Customers'])[2]
14:39:29,912 INFO  [BrowserSelenium] ENTER --> (_parseElementOnXpath)
14:39:29,913 INFO  [BrowserSelenium] (_parseElementOnXpath) -> (//span[text()='Customers'])[2] is used
14:39:29,913 INFO  [BrowserSelenium] EXIT --> (_parseElementOnXpath)
14:39:29,913 INFO  [BrowserSelenium] EXIT --> (_getByLocator)
14:39:29,932 INFO  [BrowserSelenium] ENTER --> (_getByLocator)
14:39:29,932 INFO  [BrowserSelenium] (_getByLocator) -> Getting locator for null
14:39:29,932 INFO  [BrowserSelenium] (_getByLocator) -> Locator info found for XPATH attribute as: (//span[text()='Customers'])[2]
14:39:29,932 INFO  [BrowserSelenium] ENTER --> (_parseElementOnXpath)
14:39:29,932 INFO  [BrowserSelenium] (_parseElementOnXpath) -> (//span[text()='Customers'])[2] is used
14:39:29,932 INFO  [BrowserSelenium] EXIT --> (_parseElementOnXpath)
14:39:29,932 INFO  [BrowserSelenium] EXIT --> (_getByLocator)
14:39:29,949 INFO  [BrowserSelenium] ENTER --> (_getByLocator)
14:39:29,949 INFO  [BrowserSelenium] (_getByLocator) -> Getting locator for null
14:39:29,950 INFO  [BrowserSelenium] (_getByLocator) -> Locator info found for XPATH attribute as: (//span[text()='Customers'])[2]
14:39:29,950 INFO  [BrowserSelenium] ENTER --> (_parseElementOnXpath)
14:39:29,950 INFO  [BrowserSelenium] (_parseElementOnXpath) -> (//span[text()='Customers'])[2] is used
14:39:29,950 INFO  [BrowserSelenium] EXIT --> (_parseElementOnXpath)
14:39:29,950 INFO  [BrowserSelenium] EXIT --> (_getByLocator)
14:39:29,967 INFO  [BrowserSelenium] ENTER --> (_getByLocator)
14:39:29,967 INFO  [BrowserSelenium] (_getByLocator) -> Getting locator for null
14:39:29,967 INFO  [BrowserSelenium] (_getByLocator) -> Locator info found for XPATH attribute as: (//span[text()='Customers'])[2]
14:39:29,967 INFO  [BrowserSelenium] ENTER --> (_parseElementOnXpath)
14:39:29,967 INFO  [BrowserSelenium] (_parseElementOnXpath) -> (//span[text()='Customers'])[2] is used
14:39:29,967 INFO  [BrowserSelenium] EXIT --> (_parseElementOnXpath)
14:39:29,968 INFO  [BrowserSelenium] EXIT --> (_getByLocator)
14:39:29,985 INFO  [BrowserSelenium] ENTER --> (_getByLocator)
14:39:29,986 INFO  [BrowserSelenium] (_getByLocator) -> Getting locator for null
14:39:29,986 INFO  [BrowserSelenium] (_getByLocator) -> Locator info found for XPATH attribute as: (//span[text()='Customers'])[2]
14:39:29,986 INFO  [BrowserSelenium] ENTER --> (_parseElementOnXpath)
14:39:29,986 INFO  [BrowserSelenium] (_parseElementOnXpath) -> (//span[text()='Customers'])[2] is used
14:39:29,986 INFO  [BrowserSelenium] EXIT --> (_parseElementOnXpath)
14:39:29,986 INFO  [BrowserSelenium] EXIT --> (_getByLocator)
14:39:30,003 INFO  [BrowserSelenium] ENTER --> (_getByLocator)
14:39:30,003 INFO  [BrowserSelenium] (_getByLocator) -> Getting locator for null
14:39:30,003 INFO  [BrowserSelenium] (_getByLocator) -> Locator info found for XPATH attribute as: (//span[text()='Customers'])[2]
14:39:30,003 INFO  [BrowserSelenium] ENTER --> (_parseElementOnXpath)
14:39:30,003 INFO  [BrowserSelenium] (_parseElementOnXpath) -> (//span[text()='Customers'])[2] is used
14:39:30,003 INFO  [BrowserSelenium] EXIT --> (_parseElementOnXpath)
14:39:30,003 INFO  [BrowserSelenium] EXIT --> (_getByLocator)
14:39:30,024 INFO  [BrowserSelenium] ENTER --> (_getByLocator)
14:39:30,024 INFO  [BrowserSelenium] (_getByLocator) -> Getting locator for null
14:39:30,024 INFO  [BrowserSelenium] (_getByLocator) -> Locator info found for XPATH attribute as: (//span[text()='Customers'])[2]
14:39:30,024 INFO  [BrowserSelenium] ENTER --> (_parseElementOnXpath)
14:39:30,024 INFO  [BrowserSelenium] (_parseElementOnXpath) -> (//span[text()='Customers'])[2] is used
14:39:30,025 INFO  [BrowserSelenium] EXIT --> (_parseElementOnXpath)
14:39:30,025 INFO  [BrowserSelenium] EXIT --> (_getByLocator)
14:39:30,042 INFO  [BrowserSelenium] ENTER --> (_getByLocator)
14:39:30,042 INFO  [BrowserSelenium] (_getByLocator) -> Getting locator for null
14:39:30,042 INFO  [BrowserSelenium] (_getByLocator) -> Locator info found for XPATH attribute as: (//span[text()='Customers'])[2]
14:39:30,043 INFO  [BrowserSelenium] ENTER --> (_parseElementOnXpath)
14:39:30,043 INFO  [BrowserSelenium] (_parseElementOnXpath) -> (//span[text()='Customers'])[2] is used
14:39:30,043 INFO  [BrowserSelenium] EXIT --> (_parseElementOnXpath)
14:39:30,043 INFO  [BrowserSelenium] EXIT --> (_getByLocator)
14:39:30,059 INFO  [BrowserSelenium] ENTER --> (_getByLocator)
14:39:30,060 INFO  [BrowserSelenium] (_getByLocator) -> Getting locator for null
14:39:30,060 INFO  [BrowserSelenium] (_getByLocator) -> Locator info found for XPATH attribute as: (//span[text()='Customers'])[2]
14:39:30,060 INFO  [BrowserSelenium] ENTER --> (_parseElementOnXpath)
14:39:30,060 INFO  [BrowserSelenium] (_parseElementOnXpath) -> (//span[text()='Customers'])[2] is used
14:39:30,060 INFO  [BrowserSelenium] EXIT --> (_parseElementOnXpath)
14:39:30,060 INFO  [BrowserSelenium] EXIT --> (_getByLocator)
14:39:30,078 INFO  [BrowserSelenium] ENTER --> (_getByLocator)
14:39:30,078 INFO  [BrowserSelenium] (_getByLocator) -> Getting locator for null
14:39:30,078 INFO  [BrowserSelenium] (_getByLocator) -> Locator info found for XPATH attribute as: (//span[text()='Customers'])[2]
14:39:30,079 INFO  [BrowserSelenium] ENTER --> (_parseElementOnXpath)
14:39:30,079 INFO  [BrowserSelenium] (_parseElementOnXpath) -> (//span[text()='Customers'])[2] is used
14:39:30,079 INFO  [BrowserSelenium] EXIT --> (_parseElementOnXpath)
14:39:30,079 INFO  [BrowserSelenium] EXIT --> (_getByLocator)
14:39:30,098 INFO  [BrowserSelenium] ENTER --> (_getByLocator)
14:39:30,098 INFO  [BrowserSelenium] (_getByLocator) -> Getting locator for null
14:39:30,098 INFO  [BrowserSelenium] (_getByLocator) -> Locator info found for XPATH attribute as: (//span[text()='Customers'])[2]
14:39:30,098 INFO  [BrowserSelenium] ENTER --> (_parseElementOnXpath)
14:39:30,098 INFO  [BrowserSelenium] (_parseElementOnXpath) -> (//span[text()='Customers'])[2] is used
14:39:30,099 INFO  [BrowserSelenium] EXIT --> (_parseElementOnXpath)
14:39:30,099 INFO  [BrowserSelenium] EXIT --> (_getByLocator)
14:39:30,119 INFO  [BrowserSelenium] ENTER --> (_getByLocator)
14:39:30,120 INFO  [BrowserSelenium] (_getByLocator) -> Getting locator for null
14:39:30,120 INFO  [BrowserSelenium] (_getByLocator) -> Locator info found for XPATH attribute as: (//span[text()='Customers'])[2]
14:39:30,120 INFO  [BrowserSelenium] ENTER --> (_parseElementOnXpath)
14:39:30,120 INFO  [BrowserSelenium] (_parseElementOnXpath) -> (//span[text()='Customers'])[2] is used
14:39:30,120 INFO  [BrowserSelenium] EXIT --> (_parseElementOnXpath)
14:39:30,120 INFO  [BrowserSelenium] EXIT --> (_getByLocator)
14:39:30,140 INFO  [BrowserSelenium] ENTER --> (_getByLocator)
14:39:30,140 INFO  [BrowserSelenium] (_getByLocator) -> Getting locator for null
14:39:30,141 INFO  [BrowserSelenium] (_getByLocator) -> Locator info found for XPATH attribute as: (//span[text()='Customers'])[2]
14:39:30,141 INFO  [BrowserSelenium] ENTER --> (_parseElementOnXpath)
14:39:30,141 INFO  [BrowserSelenium] (_parseElementOnXpath) -> (//span[text()='Customers'])[2] is used
14:39:30,141 INFO  [BrowserSelenium] EXIT --> (_parseElementOnXpath)
14:39:30,141 INFO  [BrowserSelenium] EXIT --> (_getByLocator)
14:39:30,158 INFO  [BrowserSelenium] ENTER --> (_getByLocator)
14:39:30,158 INFO  [BrowserSelenium] (_getByLocator) -> Getting locator for null
14:39:30,158 INFO  [BrowserSelenium] (_getByLocator) -> Locator info found for XPATH attribute as: (//span[text()='Customers'])[2]
14:39:30,158 INFO  [BrowserSelenium] ENTER --> (_parseElementOnXpath)
14:39:30,158 INFO  [BrowserSelenium] (_parseElementOnXpath) -> (//span[text()='Customers'])[2] is used
14:39:30,159 INFO  [BrowserSelenium] EXIT --> (_parseElementOnXpath)
14:39:30,159 INFO  [BrowserSelenium] EXIT --> (_getByLocator)
14:39:30,178 INFO  [BrowserSelenium] ENTER --> (_getByLocator)
14:39:30,179 INFO  [BrowserSelenium] (_getByLocator) -> Getting locator for null
14:39:30,179 INFO  [BrowserSelenium] (_getByLocator) -> Locator info found for XPATH attribute as: (//span[text()='Customers'])[2]
14:39:30,179 INFO  [BrowserSelenium] ENTER --> (_parseElementOnXpath)
14:39:30,179 INFO  [BrowserSelenium] (_parseElementOnXpath) -> (//span[text()='Customers'])[2] is used
14:39:30,179 INFO  [BrowserSelenium] EXIT --> (_parseElementOnXpath)
14:39:30,179 INFO  [BrowserSelenium] EXIT --> (_getByLocator)
14:39:30,254 INFO  [BrowserSelenium] ENTER --> (_getByLocator)
14:39:30,254 INFO  [BrowserSelenium] (_getByLocator) -> Getting locator for null
14:39:30,254 INFO  [BrowserSelenium] (_getByLocator) -> Locator info found for XPATH attribute as: (//span[text()='Customers'])[2]
14:39:30,254 INFO  [BrowserSelenium] ENTER --> (_parseElementOnXpath)
14:39:30,255 INFO  [BrowserSelenium] (_parseElementOnXpath) -> (//span[text()='Customers'])[2] is used
14:39:30,255 INFO  [BrowserSelenium] EXIT --> (_parseElementOnXpath)
14:39:30,255 INFO  [BrowserSelenium] EXIT --> (_getByLocator)
14:39:30,272 INFO  [BrowserSelenium] ENTER --> (_getByLocator)
14:39:30,272 INFO  [BrowserSelenium] (_getByLocator) -> Getting locator for null
14:39:30,272 INFO  [BrowserSelenium] (_getByLocator) -> Locator info found for XPATH attribute as: (//span[text()='Customers'])[2]
14:39:30,272 INFO  [BrowserSelenium] ENTER --> (_parseElementOnXpath)
14:39:30,272 INFO  [BrowserSelenium] (_parseElementOnXpath) -> (//span[text()='Customers'])[2] is used
14:39:30,272 INFO  [BrowserSelenium] EXIT --> (_parseElementOnXpath)
14:39:30,272 INFO  [BrowserSelenium] EXIT --> (_getByLocator)
14:39:30,291 INFO  [BrowserSelenium] ENTER --> (_getByLocator)
14:39:30,291 INFO  [BrowserSelenium] (_getByLocator) -> Getting locator for null
14:39:30,291 INFO  [BrowserSelenium] (_getByLocator) -> Locator info found for XPATH attribute as: (//span[text()='Customers'])[2]
14:39:30,291 INFO  [BrowserSelenium] ENTER --> (_parseElementOnXpath)
14:39:30,294 INFO  [BrowserSelenium] (_parseElementOnXpath) -> (//span[text()='Customers'])[2] is used
14:39:30,294 INFO  [BrowserSelenium] EXIT --> (_parseElementOnXpath)
14:39:30,294 INFO  [BrowserSelenium] EXIT --> (_getByLocator)
14:39:30,313 INFO  [BrowserSelenium] ENTER --> (_getByLocator)
14:39:30,314 INFO  [BrowserSelenium] (_getByLocator) -> Getting locator for null
14:39:30,314 INFO  [BrowserSelenium] (_getByLocator) -> Locator info found for XPATH attribute as: (//span[text()='Customers'])[2]
14:39:30,314 INFO  [BrowserSelenium] ENTER --> (_parseElementOnXpath)
14:39:30,314 INFO  [BrowserSelenium] (_parseElementOnXpath) -> (//span[text()='Customers'])[2] is used
14:39:30,314 INFO  [BrowserSelenium] EXIT --> (_parseElementOnXpath)
14:39:30,314 INFO  [BrowserSelenium] EXIT --> (_getByLocator)
14:39:30,339 INFO  [BrowserSelenium] ENTER --> (_getByLocator)
14:39:30,339 INFO  [BrowserSelenium] (_getByLocator) -> Getting locator for null
14:39:30,339 INFO  [BrowserSelenium] (_getByLocator) -> Locator info found for XPATH attribute as: (//span[text()='Customers'])[2]
14:39:30,339 INFO  [BrowserSelenium] ENTER --> (_parseElementOnXpath)
14:39:30,339 INFO  [BrowserSelenium] (_parseElementOnXpath) -> (//span[text()='Customers'])[2] is used
14:39:30,339 INFO  [BrowserSelenium] EXIT --> (_parseElementOnXpath)
14:39:30,340 INFO  [BrowserSelenium] EXIT --> (_getByLocator)
14:39:30,367 INFO  [BrowserSelenium] ENTER --> (_getByLocator)
14:39:30,367 INFO  [BrowserSelenium] (_getByLocator) -> Getting locator for null
14:39:30,367 INFO  [BrowserSelenium] (_getByLocator) -> Locator info found for XPATH attribute as: (//span[text()='Customers'])[2]
14:39:30,367 INFO  [BrowserSelenium] ENTER --> (_parseElementOnXpath)
14:39:30,368 INFO  [BrowserSelenium] (_parseElementOnXpath) -> (//span[text()='Customers'])[2] is used
14:39:30,368 INFO  [BrowserSelenium] EXIT --> (_parseElementOnXpath)
14:39:30,368 INFO  [BrowserSelenium] EXIT --> (_getByLocator)
14:39:30,395 INFO  [BrowserSelenium] ENTER --> (_getByLocator)
14:39:30,396 INFO  [BrowserSelenium] (_getByLocator) -> Getting locator for null
14:39:30,396 INFO  [BrowserSelenium] (_getByLocator) -> Locator info found for XPATH attribute as: (//span[text()='Customers'])[2]
14:39:30,396 INFO  [BrowserSelenium] ENTER --> (_parseElementOnXpath)
14:39:30,396 INFO  [BrowserSelenium] (_parseElementOnXpath) -> (//span[text()='Customers'])[2] is used
14:39:30,396 INFO  [BrowserSelenium] EXIT --> (_parseElementOnXpath)
14:39:30,396 INFO  [BrowserSelenium] EXIT --> (_getByLocator)
14:39:30,416 INFO  [BrowserSelenium] ENTER --> (_getByLocator)
14:39:30,416 INFO  [BrowserSelenium] (_getByLocator) -> Getting locator for null
14:39:30,416 INFO  [BrowserSelenium] (_getByLocator) -> Locator info found for XPATH attribute as: (//span[text()='Customers'])[2]
14:39:30,416 INFO  [BrowserSelenium] ENTER --> (_parseElementOnXpath)
14:39:30,416 INFO  [BrowserSelenium] (_parseElementOnXpath) -> (//span[text()='Customers'])[2] is used
14:39:30,417 INFO  [BrowserSelenium] EXIT --> (_parseElementOnXpath)
14:39:30,417 INFO  [BrowserSelenium] EXIT --> (_getByLocator)
14:39:30,433 INFO  [BrowserSelenium] ENTER --> (_getByLocator)
14:39:30,434 INFO  [BrowserSelenium] (_getByLocator) -> Getting locator for null
14:39:30,434 INFO  [BrowserSelenium] (_getByLocator) -> Locator info found for XPATH attribute as: (//span[text()='Customers'])[2]
14:39:30,434 INFO  [BrowserSelenium] ENTER --> (_parseElementOnXpath)
14:39:30,434 INFO  [BrowserSelenium] (_parseElementOnXpath) -> (//span[text()='Customers'])[2] is used
14:39:30,434 INFO  [BrowserSelenium] EXIT --> (_parseElementOnXpath)
14:39:30,434 INFO  [BrowserSelenium] EXIT --> (_getByLocator)
14:39:30,452 INFO  [BrowserSelenium] ENTER --> (_getByLocator)
14:39:30,453 INFO  [BrowserSelenium] (_getByLocator) -> Getting locator for null
14:39:30,453 INFO  [BrowserSelenium] (_getByLocator) -> Locator info found for XPATH attribute as: (//span[text()='Customers'])[2]
14:39:30,453 INFO  [BrowserSelenium] ENTER --> (_parseElementOnXpath)
14:39:30,453 INFO  [BrowserSelenium] (_parseElementOnXpath) -> (//span[text()='Customers'])[2] is used
14:39:30,453 INFO  [BrowserSelenium] EXIT --> (_parseElementOnXpath)
14:39:30,453 INFO  [BrowserSelenium] EXIT --> (_getByLocator)
14:39:30,471 INFO  [BrowserSelenium] ENTER --> (_getByLocator)
14:39:30,471 INFO  [BrowserSelenium] (_getByLocator) -> Getting locator for null
14:39:30,471 INFO  [BrowserSelenium] (_getByLocator) -> Locator info found for XPATH attribute as: (//span[text()='Customers'])[2]
14:39:30,471 INFO  [BrowserSelenium] ENTER --> (_parseElementOnXpath)
14:39:30,471 INFO  [BrowserSelenium] (_parseElementOnXpath) -> (//span[text()='Customers'])[2] is used
14:39:30,471 INFO  [BrowserSelenium] EXIT --> (_parseElementOnXpath)
14:39:30,472 INFO  [BrowserSelenium] EXIT --> (_getByLocator)
14:39:30,490 INFO  [BrowserSelenium] ENTER --> (_getByLocator)
14:39:30,490 INFO  [BrowserSelenium] (_getByLocator) -> Getting locator for null
14:39:30,490 INFO  [BrowserSelenium] (_getByLocator) -> Locator info found for XPATH attribute as: (//span[text()='Customers'])[2]
14:39:30,491 INFO  [BrowserSelenium] ENTER --> (_parseElementOnXpath)
14:39:30,491 INFO  [BrowserSelenium] (_parseElementOnXpath) -> (//span[text()='Customers'])[2] is used
14:39:30,491 INFO  [BrowserSelenium] EXIT --> (_parseElementOnXpath)
14:39:30,491 INFO  [BrowserSelenium] EXIT --> (_getByLocator)
14:39:30,510 INFO  [BrowserSelenium] ENTER --> (_getByLocator)
14:39:30,510 INFO  [BrowserSelenium] (_getByLocator) -> Getting locator for null
14:39:30,511 INFO  [BrowserSelenium] (_getByLocator) -> Locator info found for XPATH attribute as: (//span[text()='Customers'])[2]
14:39:30,511 INFO  [BrowserSelenium] ENTER --> (_parseElementOnXpath)
14:39:30,511 INFO  [BrowserSelenium] (_parseElementOnXpath) -> (//span[text()='Customers'])[2] is used
14:39:30,511 INFO  [BrowserSelenium] EXIT --> (_parseElementOnXpath)
14:39:30,511 INFO  [BrowserSelenium] EXIT --> (_getByLocator)
14:39:30,529 INFO  [BrowserSelenium] ENTER --> (_getByLocator)
14:39:30,529 INFO  [BrowserSelenium] (_getByLocator) -> Getting locator for null
14:39:30,529 INFO  [BrowserSelenium] (_getByLocator) -> Locator info found for XPATH attribute as: (//span[text()='Customers'])[2]
14:39:30,529 INFO  [BrowserSelenium] ENTER --> (_parseElementOnXpath)
14:39:30,530 INFO  [BrowserSelenium] (_parseElementOnXpath) -> (//span[text()='Customers'])[2] is used
14:39:30,530 INFO  [BrowserSelenium] EXIT --> (_parseElementOnXpath)
14:39:30,530 INFO  [BrowserSelenium] EXIT --> (_getByLocator)
14:39:30,546 INFO  [BrowserSelenium] ENTER --> (_getByLocator)
14:39:30,546 INFO  [BrowserSelenium] (_getByLocator) -> Getting locator for null
14:39:30,546 INFO  [BrowserSelenium] (_getByLocator) -> Locator info found for XPATH attribute as: (//span[text()='Customers'])[2]
14:39:30,547 INFO  [BrowserSelenium] ENTER --> (_parseElementOnXpath)
14:39:30,547 INFO  [BrowserSelenium] (_parseElementOnXpath) -> (//span[text()='Customers'])[2] is used
14:39:30,547 INFO  [BrowserSelenium] EXIT --> (_parseElementOnXpath)
14:39:30,547 INFO  [BrowserSelenium] EXIT --> (_getByLocator)
14:39:30,566 INFO  [BrowserSelenium] ENTER --> (_getByLocator)
14:39:30,566 INFO  [BrowserSelenium] (_getByLocator) -> Getting locator for null
14:39:30,566 INFO  [BrowserSelenium] (_getByLocator) -> Locator info found for XPATH attribute as: (//span[text()='Customers'])[2]
14:39:30,566 INFO  [BrowserSelenium] ENTER --> (_parseElementOnXpath)
14:39:30,566 INFO  [BrowserSelenium] (_parseElementOnXpath) -> (//span[text()='Customers'])[2] is used
14:39:30,566 INFO  [BrowserSelenium] EXIT --> (_parseElementOnXpath)
14:39:30,567 INFO  [BrowserSelenium] EXIT --> (_getByLocator)
14:39:30,588 INFO  [BrowserSelenium] ENTER --> (_getByLocator)
14:39:30,588 INFO  [BrowserSelenium] (_getByLocator) -> Getting locator for null
14:39:30,588 INFO  [BrowserSelenium] (_getByLocator) -> Locator info found for XPATH attribute as: (//span[text()='Customers'])[2]
14:39:30,588 INFO  [BrowserSelenium] ENTER --> (_parseElementOnXpath)
14:39:30,588 INFO  [BrowserSelenium] (_parseElementOnXpath) -> (//span[text()='Customers'])[2] is used
14:39:30,588 INFO  [BrowserSelenium] EXIT --> (_parseElementOnXpath)
14:39:30,589 INFO  [BrowserSelenium] EXIT --> (_getByLocator)
14:39:30,606 INFO  [BrowserSelenium] ENTER --> (_getByLocator)
14:39:30,606 INFO  [BrowserSelenium] (_getByLocator) -> Getting locator for null
14:39:30,607 INFO  [BrowserSelenium] (_getByLocator) -> Locator info found for XPATH attribute as: (//span[text()='Customers'])[2]
14:39:30,607 INFO  [BrowserSelenium] ENTER --> (_parseElementOnXpath)
14:39:30,607 INFO  [BrowserSelenium] (_parseElementOnXpath) -> (//span[text()='Customers'])[2] is used
14:39:30,607 INFO  [BrowserSelenium] EXIT --> (_parseElementOnXpath)
14:39:30,607 INFO  [BrowserSelenium] EXIT --> (_getByLocator)
14:39:30,625 INFO  [BrowserSelenium] ENTER --> (_getByLocator)
14:39:30,625 INFO  [BrowserSelenium] (_getByLocator) -> Getting locator for null
14:39:30,625 INFO  [BrowserSelenium] (_getByLocator) -> Locator info found for XPATH attribute as: (//span[text()='Customers'])[2]
14:39:30,625 INFO  [BrowserSelenium] ENTER --> (_parseElementOnXpath)
14:39:30,625 INFO  [BrowserSelenium] (_parseElementOnXpath) -> (//span[text()='Customers'])[2] is used
14:39:30,625 INFO  [BrowserSelenium] EXIT --> (_parseElementOnXpath)
14:39:30,626 INFO  [BrowserSelenium] EXIT --> (_getByLocator)
14:39:30,643 INFO  [BrowserSelenium] ENTER --> (_getByLocator)
14:39:30,643 INFO  [BrowserSelenium] (_getByLocator) -> Getting locator for null
14:39:30,643 INFO  [BrowserSelenium] (_getByLocator) -> Locator info found for XPATH attribute as: (//span[text()='Customers'])[2]
14:39:30,643 INFO  [BrowserSelenium] ENTER --> (_parseElementOnXpath)
14:39:30,644 INFO  [BrowserSelenium] (_parseElementOnXpath) -> (//span[text()='Customers'])[2] is used
14:39:30,644 INFO  [BrowserSelenium] EXIT --> (_parseElementOnXpath)
14:39:30,644 INFO  [BrowserSelenium] EXIT --> (_getByLocator)
14:39:30,661 INFO  [BrowserSelenium] ENTER --> (_getByLocator)
14:39:30,661 INFO  [BrowserSelenium] (_getByLocator) -> Getting locator for null
14:39:30,662 INFO  [BrowserSelenium] (_getByLocator) -> Locator info found for XPATH attribute as: (//span[text()='Customers'])[2]
14:39:30,662 INFO  [BrowserSelenium] ENTER --> (_parseElementOnXpath)
14:39:30,662 INFO  [BrowserSelenium] (_parseElementOnXpath) -> (//span[text()='Customers'])[2] is used
14:39:30,662 INFO  [BrowserSelenium] EXIT --> (_parseElementOnXpath)
14:39:30,662 INFO  [BrowserSelenium] EXIT --> (_getByLocator)
14:39:30,680 INFO  [BrowserSelenium] ENTER --> (_getByLocator)
14:39:30,680 INFO  [BrowserSelenium] (_getByLocator) -> Getting locator for null
14:39:30,680 INFO  [BrowserSelenium] (_getByLocator) -> Locator info found for XPATH attribute as: (//span[text()='Customers'])[2]
14:39:30,680 INFO  [BrowserSelenium] ENTER --> (_parseElementOnXpath)
14:39:30,681 INFO  [BrowserSelenium] (_parseElementOnXpath) -> (//span[text()='Customers'])[2] is used
14:39:30,681 INFO  [BrowserSelenium] EXIT --> (_parseElementOnXpath)
14:39:30,681 INFO  [BrowserSelenium] EXIT --> (_getByLocator)
14:39:30,700 INFO  [BrowserSelenium] ENTER --> (_getByLocator)
14:39:30,700 INFO  [BrowserSelenium] (_getByLocator) -> Getting locator for null
14:39:30,700 INFO  [BrowserSelenium] (_getByLocator) -> Locator info found for XPATH attribute as: (//span[text()='Customers'])[2]
14:39:30,700 INFO  [BrowserSelenium] ENTER --> (_parseElementOnXpath)
14:39:30,700 INFO  [BrowserSelenium] (_parseElementOnXpath) -> (//span[text()='Customers'])[2] is used
14:39:30,700 INFO  [BrowserSelenium] EXIT --> (_parseElementOnXpath)
14:39:30,701 INFO  [BrowserSelenium] EXIT --> (_getByLocator)
14:39:30,717 INFO  [BrowserSelenium] ENTER --> (_getByLocator)
14:39:30,717 INFO  [BrowserSelenium] (_getByLocator) -> Getting locator for null
14:39:30,718 INFO  [BrowserSelenium] (_getByLocator) -> Locator info found for XPATH attribute as: (//span[text()='Customers'])[2]
14:39:30,718 INFO  [BrowserSelenium] ENTER --> (_parseElementOnXpath)
14:39:30,718 INFO  [BrowserSelenium] (_parseElementOnXpath) -> (//span[text()='Customers'])[2] is used
14:39:30,718 INFO  [BrowserSelenium] EXIT --> (_parseElementOnXpath)
14:39:30,718 INFO  [BrowserSelenium] EXIT --> (_getByLocator)
14:39:30,736 INFO  [BrowserSelenium] ENTER --> (_getByLocator)
14:39:30,736 INFO  [BrowserSelenium] (_getByLocator) -> Getting locator for null
14:39:30,736 INFO  [BrowserSelenium] (_getByLocator) -> Locator info found for XPATH attribute as: (//span[text()='Customers'])[2]
14:39:30,737 INFO  [BrowserSelenium] ENTER --> (_parseElementOnXpath)
14:39:30,737 INFO  [BrowserSelenium] (_parseElementOnXpath) -> (//span[text()='Customers'])[2] is used
14:39:30,737 INFO  [BrowserSelenium] EXIT --> (_parseElementOnXpath)
14:39:30,737 INFO  [BrowserSelenium] EXIT --> (_getByLocator)
14:39:30,753 INFO  [BrowserSelenium] ENTER --> (_getByLocator)
14:39:30,754 INFO  [BrowserSelenium] (_getByLocator) -> Getting locator for null
14:39:30,754 INFO  [BrowserSelenium] (_getByLocator) -> Locator info found for XPATH attribute as: (//span[text()='Customers'])[2]
14:39:30,754 INFO  [BrowserSelenium] ENTER --> (_parseElementOnXpath)
14:39:30,754 INFO  [BrowserSelenium] (_parseElementOnXpath) -> (//span[text()='Customers'])[2] is used
14:39:30,754 INFO  [BrowserSelenium] EXIT --> (_parseElementOnXpath)
14:39:30,754 INFO  [BrowserSelenium] EXIT --> (_getByLocator)
14:39:30,771 INFO  [BrowserSelenium] ENTER --> (_getByLocator)
14:39:30,771 INFO  [BrowserSelenium] (_getByLocator) -> Getting locator for null
14:39:30,771 INFO  [BrowserSelenium] (_getByLocator) -> Locator info found for XPATH attribute as: (//span[text()='Customers'])[2]
14:39:30,771 INFO  [BrowserSelenium] ENTER --> (_parseElementOnXpath)
14:39:30,771 INFO  [BrowserSelenium] (_parseElementOnXpath) -> (//span[text()='Customers'])[2] is used
14:39:30,772 INFO  [BrowserSelenium] EXIT --> (_parseElementOnXpath)
14:39:30,772 INFO  [BrowserSelenium] EXIT --> (_getByLocator)
14:39:30,789 INFO  [BrowserSelenium] ENTER --> (_getByLocator)
14:39:30,790 INFO  [BrowserSelenium] (_getByLocator) -> Getting locator for null
14:39:30,790 INFO  [BrowserSelenium] (_getByLocator) -> Locator info found for XPATH attribute as: (//span[text()='Customers'])[2]
14:39:30,790 INFO  [BrowserSelenium] ENTER --> (_parseElementOnXpath)
14:39:30,790 INFO  [BrowserSelenium] (_parseElementOnXpath) -> (//span[text()='Customers'])[2] is used
14:39:30,790 INFO  [BrowserSelenium] EXIT --> (_parseElementOnXpath)
14:39:30,790 INFO  [BrowserSelenium] EXIT --> (_getByLocator)
14:39:30,808 INFO  [BrowserSelenium] ENTER --> (_getByLocator)
14:39:30,808 INFO  [BrowserSelenium] (_getByLocator) -> Getting locator for null
14:39:30,808 INFO  [BrowserSelenium] (_getByLocator) -> Locator info found for XPATH attribute as: (//span[text()='Customers'])[2]
14:39:30,808 INFO  [BrowserSelenium] ENTER --> (_parseElementOnXpath)
14:39:30,808 INFO  [BrowserSelenium] (_parseElementOnXpath) -> (//span[text()='Customers'])[2] is used
14:39:30,809 INFO  [BrowserSelenium] EXIT --> (_parseElementOnXpath)
14:39:30,809 INFO  [BrowserSelenium] EXIT --> (_getByLocator)
14:39:30,827 INFO  [BrowserSelenium] ENTER --> (_getByLocator)
14:39:30,828 INFO  [BrowserSelenium] (_getByLocator) -> Getting locator for null
14:39:30,828 INFO  [BrowserSelenium] (_getByLocator) -> Locator info found for XPATH attribute as: (//span[text()='Customers'])[2]
14:39:30,828 INFO  [BrowserSelenium] ENTER --> (_parseElementOnXpath)
14:39:30,828 INFO  [BrowserSelenium] (_parseElementOnXpath) -> (//span[text()='Customers'])[2] is used
14:39:30,828 INFO  [BrowserSelenium] EXIT --> (_parseElementOnXpath)
14:39:30,828 INFO  [BrowserSelenium] EXIT --> (_getByLocator)
14:39:30,846 INFO  [BrowserSelenium] ENTER --> (_getByLocator)
14:39:30,846 INFO  [BrowserSelenium] (_getByLocator) -> Getting locator for null
14:39:30,847 INFO  [BrowserSelenium] (_getByLocator) -> Locator info found for XPATH attribute as: (//span[text()='Customers'])[2]
14:39:30,847 INFO  [BrowserSelenium] ENTER --> (_parseElementOnXpath)
14:39:30,847 INFO  [BrowserSelenium] (_parseElementOnXpath) -> (//span[text()='Customers'])[2] is used
14:39:30,847 INFO  [BrowserSelenium] EXIT --> (_parseElementOnXpath)
14:39:30,847 INFO  [BrowserSelenium] EXIT --> (_getByLocator)
14:39:30,867 INFO  [BrowserSelenium] ENTER --> (_getByLocator)
14:39:30,867 INFO  [BrowserSelenium] (_getByLocator) -> Getting locator for null
14:39:30,867 INFO  [BrowserSelenium] (_getByLocator) -> Locator info found for XPATH attribute as: (//span[text()='Customers'])[2]
14:39:30,867 INFO  [BrowserSelenium] ENTER --> (_parseElementOnXpath)
14:39:30,867 INFO  [BrowserSelenium] (_parseElementOnXpath) -> (//span[text()='Customers'])[2] is used
14:39:30,867 INFO  [BrowserSelenium] EXIT --> (_parseElementOnXpath)
14:39:30,868 INFO  [BrowserSelenium] EXIT --> (_getByLocator)
14:39:30,884 INFO  [BrowserSelenium] ENTER --> (_getByLocator)
14:39:30,884 INFO  [BrowserSelenium] (_getByLocator) -> Getting locator for null
14:39:30,885 INFO  [BrowserSelenium] (_getByLocator) -> Locator info found for XPATH attribute as: (//span[text()='Customers'])[2]
14:39:30,885 INFO  [BrowserSelenium] ENTER --> (_parseElementOnXpath)
14:39:30,885 INFO  [BrowserSelenium] (_parseElementOnXpath) -> (//span[text()='Customers'])[2] is used
14:39:30,885 INFO  [BrowserSelenium] EXIT --> (_parseElementOnXpath)
14:39:30,885 INFO  [BrowserSelenium] EXIT --> (_getByLocator)
14:39:30,902 INFO  [BrowserSelenium] ENTER --> (_getByLocator)
14:39:30,903 INFO  [BrowserSelenium] (_getByLocator) -> Getting locator for null
14:39:30,903 INFO  [BrowserSelenium] (_getByLocator) -> Locator info found for XPATH attribute as: (//span[text()='Customers'])[2]
14:39:30,903 INFO  [BrowserSelenium] ENTER --> (_parseElementOnXpath)
14:39:30,903 INFO  [BrowserSelenium] (_parseElementOnXpath) -> (//span[text()='Customers'])[2] is used
14:39:30,903 INFO  [BrowserSelenium] EXIT --> (_parseElementOnXpath)
14:39:30,903 INFO  [BrowserSelenium] EXIT --> (_getByLocator)
14:39:30,922 INFO  [BrowserSelenium] ENTER --> (_getByLocator)
14:39:30,922 INFO  [BrowserSelenium] (_getByLocator) -> Getting locator for null
14:39:30,922 INFO  [BrowserSelenium] (_getByLocator) -> Locator info found for XPATH attribute as: (//span[text()='Customers'])[2]
14:39:30,922 INFO  [BrowserSelenium] ENTER --> (_parseElementOnXpath)
14:39:30,922 INFO  [BrowserSelenium] (_parseElementOnXpath) -> (//span[text()='Customers'])[2] is used
14:39:30,922 INFO  [BrowserSelenium] EXIT --> (_parseElementOnXpath)
14:39:30,922 INFO  [BrowserSelenium] EXIT --> (_getByLocator)
14:39:30,941 INFO  [BrowserSelenium] ENTER --> (_getByLocator)
14:39:30,941 INFO  [BrowserSelenium] (_getByLocator) -> Getting locator for null
14:39:30,941 INFO  [BrowserSelenium] (_getByLocator) -> Locator info found for XPATH attribute as: (//span[text()='Customers'])[2]
14:39:30,941 INFO  [BrowserSelenium] ENTER --> (_parseElementOnXpath)
14:39:30,941 INFO  [BrowserSelenium] (_parseElementOnXpath) -> (//span[text()='Customers'])[2] is used
14:39:30,941 INFO  [BrowserSelenium] EXIT --> (_parseElementOnXpath)
14:39:30,942 INFO  [BrowserSelenium] EXIT --> (_getByLocator)
14:39:30,958 INFO  [BrowserSelenium] ENTER --> (_getByLocator)
14:39:30,958 INFO  [BrowserSelenium] (_getByLocator) -> Getting locator for null
14:39:30,958 INFO  [BrowserSelenium] (_getByLocator) -> Locator info found for XPATH attribute as: (//span[text()='Customers'])[2]
14:39:30,959 INFO  [BrowserSelenium] ENTER --> (_parseElementOnXpath)
14:39:30,959 INFO  [BrowserSelenium] (_parseElementOnXpath) -> (//span[text()='Customers'])[2] is used
14:39:30,959 INFO  [BrowserSelenium] EXIT --> (_parseElementOnXpath)
14:39:30,959 INFO  [BrowserSelenium] EXIT --> (_getByLocator)
14:39:30,978 INFO  [BrowserSelenium] ENTER --> (_getByLocator)
14:39:30,978 INFO  [BrowserSelenium] (_getByLocator) -> Getting locator for null
14:39:30,978 INFO  [BrowserSelenium] (_getByLocator) -> Locator info found for XPATH attribute as: (//span[text()='Customers'])[2]
14:39:30,978 INFO  [BrowserSelenium] ENTER --> (_parseElementOnXpath)
14:39:30,978 INFO  [BrowserSelenium] (_parseElementOnXpath) -> (//span[text()='Customers'])[2] is used
14:39:30,978 INFO  [BrowserSelenium] EXIT --> (_parseElementOnXpath)
14:39:30,979 INFO  [BrowserSelenium] EXIT --> (_getByLocator)
14:39:30,995 INFO  [BrowserSelenium] ENTER --> (_getByLocator)
14:39:30,995 INFO  [BrowserSelenium] (_getByLocator) -> Getting locator for null
14:39:30,995 INFO  [BrowserSelenium] (_getByLocator) -> Locator info found for XPATH attribute as: (//span[text()='Customers'])[2]
14:39:30,996 INFO  [BrowserSelenium] ENTER --> (_parseElementOnXpath)
14:39:30,996 INFO  [BrowserSelenium] (_parseElementOnXpath) -> (//span[text()='Customers'])[2] is used
14:39:30,996 INFO  [BrowserSelenium] EXIT --> (_parseElementOnXpath)
14:39:30,996 INFO  [BrowserSelenium] EXIT --> (_getByLocator)
14:39:31,015 INFO  [BrowserSelenium] ENTER --> (_getByLocator)
14:39:31,015 INFO  [BrowserSelenium] (_getByLocator) -> Getting locator for null
14:39:31,015 INFO  [BrowserSelenium] (_getByLocator) -> Locator info found for XPATH attribute as: (//span[text()='Customers'])[2]
14:39:31,015 INFO  [BrowserSelenium] ENTER --> (_parseElementOnXpath)
14:39:31,016 INFO  [BrowserSelenium] (_parseElementOnXpath) -> (//span[text()='Customers'])[2] is used
14:39:31,016 INFO  [BrowserSelenium] EXIT --> (_parseElementOnXpath)
14:39:31,016 INFO  [BrowserSelenium] EXIT --> (_getByLocator)
14:39:31,032 INFO  [BrowserSelenium] ENTER --> (_getByLocator)
14:39:31,032 INFO  [BrowserSelenium] (_getByLocator) -> Getting locator for null
14:39:31,033 INFO  [BrowserSelenium] (_getByLocator) -> Locator info found for XPATH attribute as: (//span[text()='Customers'])[2]
14:39:31,033 INFO  [BrowserSelenium] ENTER --> (_parseElementOnXpath)
14:39:31,033 INFO  [BrowserSelenium] (_parseElementOnXpath) -> (//span[text()='Customers'])[2] is used
14:39:31,033 INFO  [BrowserSelenium] EXIT --> (_parseElementOnXpath)
14:39:31,033 INFO  [BrowserSelenium] EXIT --> (_getByLocator)
14:39:31,052 INFO  [BrowserSelenium] ENTER --> (_getByLocator)
14:39:31,052 INFO  [BrowserSelenium] (_getByLocator) -> Getting locator for null
14:39:31,052 INFO  [BrowserSelenium] (_getByLocator) -> Locator info found for XPATH attribute as: (//span[text()='Customers'])[2]
14:39:31,052 INFO  [BrowserSelenium] ENTER --> (_parseElementOnXpath)
14:39:31,052 INFO  [BrowserSelenium] (_parseElementOnXpath) -> (//span[text()='Customers'])[2] is used
14:39:31,052 INFO  [BrowserSelenium] EXIT --> (_parseElementOnXpath)
14:39:31,053 INFO  [BrowserSelenium] EXIT --> (_getByLocator)
14:39:31,071 INFO  [BrowserSelenium] ENTER --> (_getByLocator)
14:39:31,071 INFO  [BrowserSelenium] (_getByLocator) -> Getting locator for null
14:39:31,071 INFO  [BrowserSelenium] (_getByLocator) -> Locator info found for XPATH attribute as: (//span[text()='Customers'])[2]
14:39:31,071 INFO  [BrowserSelenium] ENTER --> (_parseElementOnXpath)
14:39:31,071 INFO  [BrowserSelenium] (_parseElementOnXpath) -> (//span[text()='Customers'])[2] is used
14:39:31,071 INFO  [BrowserSelenium] EXIT --> (_parseElementOnXpath)
14:39:31,071 INFO  [BrowserSelenium] EXIT --> (_getByLocator)
14:39:31,091 INFO  [BrowserSelenium] ENTER --> (_getByLocator)
14:39:31,091 INFO  [BrowserSelenium] (_getByLocator) -> Getting locator for null
14:39:31,091 INFO  [BrowserSelenium] (_getByLocator) -> Locator info found for XPATH attribute as: (//span[text()='Customers'])[2]
14:39:31,091 INFO  [BrowserSelenium] ENTER --> (_parseElementOnXpath)
14:39:31,091 INFO  [BrowserSelenium] (_parseElementOnXpath) -> (//span[text()='Customers'])[2] is used
14:39:31,092 INFO  [BrowserSelenium] EXIT --> (_parseElementOnXpath)
14:39:31,092 INFO  [BrowserSelenium] EXIT --> (_getByLocator)
14:39:31,109 INFO  [BrowserSelenium] ENTER --> (_getByLocator)
14:39:31,109 INFO  [BrowserSelenium] (_getByLocator) -> Getting locator for null
14:39:31,109 INFO  [BrowserSelenium] (_getByLocator) -> Locator info found for XPATH attribute as: (//span[text()='Customers'])[2]
14:39:31,109 INFO  [BrowserSelenium] ENTER --> (_parseElementOnXpath)
14:39:31,109 INFO  [BrowserSelenium] (_parseElementOnXpath) -> (//span[text()='Customers'])[2] is used
14:39:31,109 INFO  [BrowserSelenium] EXIT --> (_parseElementOnXpath)
14:39:31,109 INFO  [BrowserSelenium] EXIT --> (_getByLocator)
14:39:31,130 INFO  [BrowserSelenium] ENTER --> (_getByLocator)
14:39:31,130 INFO  [BrowserSelenium] (_getByLocator) -> Getting locator for null
14:39:31,131 INFO  [BrowserSelenium] (_getByLocator) -> Locator info found for XPATH attribute as: (//span[text()='Customers'])[2]
14:39:31,131 INFO  [BrowserSelenium] ENTER --> (_parseElementOnXpath)
14:39:31,131 INFO  [BrowserSelenium] (_parseElementOnXpath) -> (//span[text()='Customers'])[2] is used
14:39:31,131 INFO  [BrowserSelenium] EXIT --> (_parseElementOnXpath)
14:39:31,131 INFO  [BrowserSelenium] EXIT --> (_getByLocator)
14:39:31,149 INFO  [BrowserSelenium] ENTER --> (_getByLocator)
14:39:31,149 INFO  [BrowserSelenium] (_getByLocator) -> Getting locator for null
14:39:31,149 INFO  [BrowserSelenium] (_getByLocator) -> Locator info found for XPATH attribute as: (//span[text()='Customers'])[2]
14:39:31,149 INFO  [BrowserSelenium] ENTER --> (_parseElementOnXpath)
14:39:31,149 INFO  [BrowserSelenium] (_parseElementOnXpath) -> (//span[text()='Customers'])[2] is used
14:39:31,149 INFO  [BrowserSelenium] EXIT --> (_parseElementOnXpath)
14:39:31,149 INFO  [BrowserSelenium] EXIT --> (_getByLocator)
14:39:31,166 INFO  [BrowserSelenium] ENTER --> (_getByLocator)
14:39:31,166 INFO  [BrowserSelenium] (_getByLocator) -> Getting locator for null
14:39:31,166 INFO  [BrowserSelenium] (_getByLocator) -> Locator info found for XPATH attribute as: (//span[text()='Customers'])[2]
14:39:31,166 INFO  [BrowserSelenium] ENTER --> (_parseElementOnXpath)
14:39:31,166 INFO  [BrowserSelenium] (_parseElementOnXpath) -> (//span[text()='Customers'])[2] is used
14:39:31,167 INFO  [BrowserSelenium] EXIT --> (_parseElementOnXpath)
14:39:31,167 INFO  [BrowserSelenium] EXIT --> (_getByLocator)
14:39:31,183 INFO  [BrowserSelenium] ENTER --> (_getByLocator)
14:39:31,183 INFO  [BrowserSelenium] (_getByLocator) -> Getting locator for null
14:39:31,184 INFO  [BrowserSelenium] (_getByLocator) -> Locator info found for XPATH attribute as: (//span[text()='Customers'])[2]
14:39:31,184 INFO  [BrowserSelenium] ENTER --> (_parseElementOnXpath)
14:39:31,184 INFO  [BrowserSelenium] (_parseElementOnXpath) -> (//span[text()='Customers'])[2] is used
14:39:31,184 INFO  [BrowserSelenium] EXIT --> (_parseElementOnXpath)
14:39:31,184 INFO  [BrowserSelenium] EXIT --> (_getByLocator)
14:39:31,201 INFO  [BrowserSelenium] ENTER --> (_getByLocator)
14:39:31,201 INFO  [BrowserSelenium] (_getByLocator) -> Getting locator for null
14:39:31,201 INFO  [BrowserSelenium] (_getByLocator) -> Locator info found for XPATH attribute as: (//span[text()='Customers'])[2]
14:39:31,201 INFO  [BrowserSelenium] ENTER --> (_parseElementOnXpath)
14:39:31,201 INFO  [BrowserSelenium] (_parseElementOnXpath) -> (//span[text()='Customers'])[2] is used
14:39:31,202 INFO  [BrowserSelenium] EXIT --> (_parseElementOnXpath)
14:39:31,202 INFO  [BrowserSelenium] EXIT --> (_getByLocator)
14:39:31,220 INFO  [BrowserSelenium] ENTER --> (_getByLocator)
14:39:31,221 INFO  [BrowserSelenium] (_getByLocator) -> Getting locator for null
14:39:31,221 INFO  [BrowserSelenium] (_getByLocator) -> Locator info found for XPATH attribute as: (//span[text()='Customers'])[2]
14:39:31,221 INFO  [BrowserSelenium] ENTER --> (_parseElementOnXpath)
14:39:31,221 INFO  [BrowserSelenium] (_parseElementOnXpath) -> (//span[text()='Customers'])[2] is used
14:39:31,221 INFO  [BrowserSelenium] EXIT --> (_parseElementOnXpath)
14:39:31,222 INFO  [BrowserSelenium] EXIT --> (_getByLocator)
14:39:31,238 INFO  [BrowserSelenium] ENTER --> (_getByLocator)
14:39:31,238 INFO  [BrowserSelenium] (_getByLocator) -> Getting locator for null
14:39:31,238 INFO  [BrowserSelenium] (_getByLocator) -> Locator info found for XPATH attribute as: (//span[text()='Customers'])[2]
14:39:31,238 INFO  [BrowserSelenium] ENTER --> (_parseElementOnXpath)
14:39:31,239 INFO  [BrowserSelenium] (_parseElementOnXpath) -> (//span[text()='Customers'])[2] is used
14:39:31,239 INFO  [BrowserSelenium] EXIT --> (_parseElementOnXpath)
14:39:31,239 INFO  [BrowserSelenium] EXIT --> (_getByLocator)
14:39:31,256 INFO  [BrowserSelenium] ENTER --> (_getByLocator)
14:39:31,256 INFO  [BrowserSelenium] (_getByLocator) -> Getting locator for null
14:39:31,256 INFO  [BrowserSelenium] (_getByLocator) -> Locator info found for XPATH attribute as: (//span[text()='Customers'])[2]
14:39:31,256 INFO  [BrowserSelenium] ENTER --> (_parseElementOnXpath)
14:39:31,257 INFO  [BrowserSelenium] (_parseElementOnXpath) -> (//span[text()='Customers'])[2] is used
14:39:31,257 INFO  [BrowserSelenium] EXIT --> (_parseElementOnXpath)
14:39:31,257 INFO  [BrowserSelenium] EXIT --> (_getByLocator)
14:39:31,274 INFO  [BrowserSelenium] ENTER --> (_getByLocator)
14:39:31,274 INFO  [BrowserSelenium] (_getByLocator) -> Getting locator for null
14:39:31,274 INFO  [BrowserSelenium] (_getByLocator) -> Locator info found for XPATH attribute as: (//span[text()='Customers'])[2]
14:39:31,274 INFO  [BrowserSelenium] ENTER --> (_parseElementOnXpath)
14:39:31,275 INFO  [BrowserSelenium] (_parseElementOnXpath) -> (//span[text()='Customers'])[2] is used
14:39:31,275 INFO  [BrowserSelenium] EXIT --> (_parseElementOnXpath)
14:39:31,275 INFO  [BrowserSelenium] EXIT --> (_getByLocator)
14:39:31,294 INFO  [BrowserSelenium] ENTER --> (_getByLocator)
14:39:31,294 INFO  [BrowserSelenium] (_getByLocator) -> Getting locator for null
14:39:31,294 INFO  [BrowserSelenium] (_getByLocator) -> Locator info found for XPATH attribute as: (//span[text()='Customers'])[2]
14:39:31,294 INFO  [BrowserSelenium] ENTER --> (_parseElementOnXpath)
14:39:31,294 INFO  [BrowserSelenium] (_parseElementOnXpath) -> (//span[text()='Customers'])[2] is used
14:39:31,294 INFO  [BrowserSelenium] EXIT --> (_parseElementOnXpath)
14:39:31,295 INFO  [BrowserSelenium] EXIT --> (_getByLocator)
14:39:31,311 INFO  [BrowserSelenium] ENTER --> (_getByLocator)
14:39:31,311 INFO  [BrowserSelenium] (_getByLocator) -> Getting locator for null
14:39:31,312 INFO  [BrowserSelenium] (_getByLocator) -> Locator info found for XPATH attribute as: (//span[text()='Customers'])[2]
14:39:31,312 INFO  [BrowserSelenium] ENTER --> (_parseElementOnXpath)
14:39:31,312 INFO  [BrowserSelenium] (_parseElementOnXpath) -> (//span[text()='Customers'])[2] is used
14:39:31,312 INFO  [BrowserSelenium] EXIT --> (_parseElementOnXpath)
14:39:31,312 INFO  [BrowserSelenium] EXIT --> (_getByLocator)
14:39:31,331 INFO  [BrowserSelenium] ENTER --> (_getByLocator)
14:39:31,332 INFO  [BrowserSelenium] (_getByLocator) -> Getting locator for null
14:39:31,332 INFO  [BrowserSelenium] (_getByLocator) -> Locator info found for XPATH attribute as: (//span[text()='Customers'])[2]
14:39:31,332 INFO  [BrowserSelenium] ENTER --> (_parseElementOnXpath)
14:39:31,332 INFO  [BrowserSelenium] (_parseElementOnXpath) -> (//span[text()='Customers'])[2] is used
14:39:31,332 INFO  [BrowserSelenium] EXIT --> (_parseElementOnXpath)
14:39:31,332 INFO  [BrowserSelenium] EXIT --> (_getByLocator)
14:39:31,352 INFO  [BrowserSelenium] ENTER --> (_getByLocator)
14:39:31,352 INFO  [BrowserSelenium] (_getByLocator) -> Getting locator for null
14:39:31,352 INFO  [BrowserSelenium] (_getByLocator) -> Locator info found for XPATH attribute as: (//span[text()='Customers'])[2]
14:39:31,352 INFO  [BrowserSelenium] ENTER --> (_parseElementOnXpath)
14:39:31,353 INFO  [BrowserSelenium] (_parseElementOnXpath) -> (//span[text()='Customers'])[2] is used
14:39:31,353 INFO  [BrowserSelenium] EXIT --> (_parseElementOnXpath)
14:39:31,353 INFO  [BrowserSelenium] EXIT --> (_getByLocator)
14:39:31,372 INFO  [BrowserSelenium] ENTER --> (_getByLocator)
14:39:31,373 INFO  [BrowserSelenium] (_getByLocator) -> Getting locator for null
14:39:31,373 INFO  [BrowserSelenium] (_getByLocator) -> Locator info found for XPATH attribute as: (//span[text()='Customers'])[2]
14:39:31,373 INFO  [BrowserSelenium] ENTER --> (_parseElementOnXpath)
14:39:31,373 INFO  [BrowserSelenium] (_parseElementOnXpath) -> (//span[text()='Customers'])[2] is used
14:39:31,373 INFO  [BrowserSelenium] EXIT --> (_parseElementOnXpath)
14:39:31,373 INFO  [BrowserSelenium] EXIT --> (_getByLocator)
14:39:31,390 INFO  [BrowserSelenium] ENTER --> (_getByLocator)
14:39:31,390 INFO  [BrowserSelenium] (_getByLocator) -> Getting locator for null
14:39:31,390 INFO  [BrowserSelenium] (_getByLocator) -> Locator info found for XPATH attribute as: (//span[text()='Customers'])[2]
14:39:31,390 INFO  [BrowserSelenium] ENTER --> (_parseElementOnXpath)
14:39:31,390 INFO  [BrowserSelenium] (_parseElementOnXpath) -> (//span[text()='Customers'])[2] is used
14:39:31,391 INFO  [BrowserSelenium] EXIT --> (_parseElementOnXpath)
14:39:31,391 INFO  [BrowserSelenium] EXIT --> (_getByLocator)
14:39:31,407 INFO  [BrowserSelenium] ENTER --> (_getByLocator)
14:39:31,407 INFO  [BrowserSelenium] (_getByLocator) -> Getting locator for null
14:39:31,408 INFO  [BrowserSelenium] (_getByLocator) -> Locator info found for XPATH attribute as: (//span[text()='Customers'])[2]
14:39:31,408 INFO  [BrowserSelenium] ENTER --> (_parseElementOnXpath)
14:39:31,408 INFO  [BrowserSelenium] (_parseElementOnXpath) -> (//span[text()='Customers'])[2] is used
14:39:31,408 INFO  [BrowserSelenium] EXIT --> (_parseElementOnXpath)
14:39:31,408 INFO  [BrowserSelenium] EXIT --> (_getByLocator)
14:39:31,425 INFO  [BrowserSelenium] ENTER --> (_getByLocator)
14:39:31,425 INFO  [BrowserSelenium] (_getByLocator) -> Getting locator for null
14:39:31,425 INFO  [BrowserSelenium] (_getByLocator) -> Locator info found for XPATH attribute as: (//span[text()='Customers'])[2]
14:39:31,425 INFO  [BrowserSelenium] ENTER --> (_parseElementOnXpath)
14:39:31,425 INFO  [BrowserSelenium] (_parseElementOnXpath) -> (//span[text()='Customers'])[2] is used
14:39:31,426 INFO  [BrowserSelenium] EXIT --> (_parseElementOnXpath)
14:39:31,426 INFO  [BrowserSelenium] EXIT --> (_getByLocator)
14:39:31,442 INFO  [BrowserSelenium] ENTER --> (_getByLocator)
14:39:31,442 INFO  [BrowserSelenium] (_getByLocator) -> Getting locator for null
14:39:31,443 INFO  [BrowserSelenium] (_getByLocator) -> Locator info found for XPATH attribute as: (//span[text()='Customers'])[2]
14:39:31,443 INFO  [BrowserSelenium] ENTER --> (_parseElementOnXpath)
14:39:31,443 INFO  [BrowserSelenium] (_parseElementOnXpath) -> (//span[text()='Customers'])[2] is used
14:39:31,443 INFO  [BrowserSelenium] EXIT --> (_parseElementOnXpath)
14:39:31,443 INFO  [BrowserSelenium] EXIT --> (_getByLocator)
14:39:31,463 INFO  [BrowserSelenium] ENTER --> (_getByLocator)
14:39:31,463 INFO  [BrowserSelenium] (_getByLocator) -> Getting locator for null
14:39:31,463 INFO  [BrowserSelenium] (_getByLocator) -> Locator info found for XPATH attribute as: (//span[text()='Customers'])[2]
14:39:31,463 INFO  [BrowserSelenium] ENTER --> (_parseElementOnXpath)
14:39:31,463 INFO  [BrowserSelenium] (_parseElementOnXpath) -> (//span[text()='Customers'])[2] is used
14:39:31,463 INFO  [BrowserSelenium] EXIT --> (_parseElementOnXpath)
14:39:31,464 INFO  [BrowserSelenium] EXIT --> (_getByLocator)
14:39:31,481 INFO  [BrowserSelenium] ENTER --> (_getByLocator)
14:39:31,482 INFO  [BrowserSelenium] (_getByLocator) -> Getting locator for null
14:39:31,482 INFO  [BrowserSelenium] (_getByLocator) -> Locator info found for XPATH attribute as: (//span[text()='Customers'])[2]
14:39:31,482 INFO  [BrowserSelenium] ENTER --> (_parseElementOnXpath)
14:39:31,482 INFO  [BrowserSelenium] (_parseElementOnXpath) -> (//span[text()='Customers'])[2] is used
14:39:31,482 INFO  [BrowserSelenium] EXIT --> (_parseElementOnXpath)
14:39:31,482 INFO  [BrowserSelenium] EXIT --> (_getByLocator)
14:39:31,501 INFO  [BrowserSelenium] ENTER --> (_getByLocator)
14:39:31,502 INFO  [BrowserSelenium] (_getByLocator) -> Getting locator for null
14:39:31,502 INFO  [BrowserSelenium] (_getByLocator) -> Locator info found for XPATH attribute as: (//span[text()='Customers'])[2]
14:39:31,502 INFO  [BrowserSelenium] ENTER --> (_parseElementOnXpath)
14:39:31,502 INFO  [BrowserSelenium] (_parseElementOnXpath) -> (//span[text()='Customers'])[2] is used
14:39:31,502 INFO  [BrowserSelenium] EXIT --> (_parseElementOnXpath)
14:39:31,502 INFO  [BrowserSelenium] EXIT --> (_getByLocator)
14:39:31,520 INFO  [BrowserSelenium] ENTER --> (_getByLocator)
14:39:31,520 INFO  [BrowserSelenium] (_getByLocator) -> Getting locator for null
14:39:31,521 INFO  [BrowserSelenium] (_getByLocator) -> Locator info found for XPATH attribute as: (//span[text()='Customers'])[2]
14:39:31,521 INFO  [BrowserSelenium] ENTER --> (_parseElementOnXpath)
14:39:31,521 INFO  [BrowserSelenium] (_parseElementOnXpath) -> (//span[text()='Customers'])[2] is used
14:39:31,521 INFO  [BrowserSelenium] EXIT --> (_parseElementOnXpath)
14:39:31,521 INFO  [BrowserSelenium] EXIT --> (_getByLocator)
14:39:31,539 INFO  [BrowserSelenium] ENTER --> (_getByLocator)
14:39:31,539 INFO  [BrowserSelenium] (_getByLocator) -> Getting locator for null
14:39:31,539 INFO  [BrowserSelenium] (_getByLocator) -> Locator info found for XPATH attribute as: (//span[text()='Customers'])[2]
14:39:31,539 INFO  [BrowserSelenium] ENTER --> (_parseElementOnXpath)
14:39:31,539 INFO  [BrowserSelenium] (_parseElementOnXpath) -> (//span[text()='Customers'])[2] is used
14:39:31,539 INFO  [BrowserSelenium] EXIT --> (_parseElementOnXpath)
14:39:31,539 INFO  [BrowserSelenium] EXIT --> (_getByLocator)
14:39:31,556 INFO  [BrowserSelenium] ENTER --> (_getByLocator)
14:39:31,556 INFO  [BrowserSelenium] (_getByLocator) -> Getting locator for null
14:39:31,556 INFO  [BrowserSelenium] (_getByLocator) -> Locator info found for XPATH attribute as: (//span[text()='Customers'])[2]
14:39:31,556 INFO  [BrowserSelenium] ENTER --> (_parseElementOnXpath)
14:39:31,556 INFO  [BrowserSelenium] (_parseElementOnXpath) -> (//span[text()='Customers'])[2] is used
14:39:31,556 INFO  [BrowserSelenium] EXIT --> (_parseElementOnXpath)
14:39:31,556 INFO  [BrowserSelenium] EXIT --> (_getByLocator)
14:39:31,573 INFO  [BrowserSelenium] ENTER --> (_getByLocator)
14:39:31,573 INFO  [BrowserSelenium] (_getByLocator) -> Getting locator for null
14:39:31,573 INFO  [BrowserSelenium] (_getByLocator) -> Locator info found for XPATH attribute as: (//span[text()='Customers'])[2]
14:39:31,573 INFO  [BrowserSelenium] ENTER --> (_parseElementOnXpath)
14:39:31,573 INFO  [BrowserSelenium] (_parseElementOnXpath) -> (//span[text()='Customers'])[2] is used
14:39:31,573 INFO  [BrowserSelenium] EXIT --> (_parseElementOnXpath)
14:39:31,574 INFO  [BrowserSelenium] EXIT --> (_getByLocator)
14:39:31,593 INFO  [BrowserSelenium] ENTER --> (_getByLocator)
14:39:31,593 INFO  [BrowserSelenium] (_getByLocator) -> Getting locator for null
14:39:31,593 INFO  [BrowserSelenium] (_getByLocator) -> Locator info found for XPATH attribute as: (//span[text()='Customers'])[2]
14:39:31,593 INFO  [BrowserSelenium] ENTER --> (_parseElementOnXpath)
14:39:31,593 INFO  [BrowserSelenium] (_parseElementOnXpath) -> (//span[text()='Customers'])[2] is used
14:39:31,593 INFO  [BrowserSelenium] EXIT --> (_parseElementOnXpath)
14:39:31,594 INFO  [BrowserSelenium] EXIT --> (_getByLocator)
14:39:31,612 INFO  [BrowserSelenium] ENTER --> (_getByLocator)
14:39:31,612 INFO  [BrowserSelenium] (_getByLocator) -> Getting locator for null
14:39:31,612 INFO  [BrowserSelenium] (_getByLocator) -> Locator info found for XPATH attribute as: (//span[text()='Customers'])[2]
14:39:31,612 INFO  [BrowserSelenium] ENTER --> (_parseElementOnXpath)
14:39:31,612 INFO  [BrowserSelenium] (_parseElementOnXpath) -> (//span[text()='Customers'])[2] is used
14:39:31,613 INFO  [BrowserSelenium] EXIT --> (_parseElementOnXpath)
14:39:31,613 INFO  [BrowserSelenium] EXIT --> (_getByLocator)
14:39:31,634 INFO  [BrowserSelenium] ENTER --> (_getByLocator)
14:39:31,634 INFO  [BrowserSelenium] (_getByLocator) -> Getting locator for null
14:39:31,634 INFO  [BrowserSelenium] (_getByLocator) -> Locator info found for XPATH attribute as: (//span[text()='Customers'])[2]
14:39:31,634 INFO  [BrowserSelenium] ENTER --> (_parseElementOnXpath)
14:39:31,634 INFO  [BrowserSelenium] (_parseElementOnXpath) -> (//span[text()='Customers'])[2] is used
14:39:31,635 INFO  [BrowserSelenium] EXIT --> (_parseElementOnXpath)
14:39:31,635 INFO  [BrowserSelenium] EXIT --> (_getByLocator)
14:39:31,651 INFO  [BrowserSelenium] ENTER --> (_getByLocator)
14:39:31,651 INFO  [BrowserSelenium] (_getByLocator) -> Getting locator for null
14:39:31,651 INFO  [BrowserSelenium] (_getByLocator) -> Locator info found for XPATH attribute as: (//span[text()='Customers'])[2]
14:39:31,652 INFO  [BrowserSelenium] ENTER --> (_parseElementOnXpath)
14:39:31,652 INFO  [BrowserSelenium] (_parseElementOnXpath) -> (//span[text()='Customers'])[2] is used
14:39:31,652 INFO  [BrowserSelenium] EXIT --> (_parseElementOnXpath)
14:39:31,652 INFO  [BrowserSelenium] EXIT --> (_getByLocator)
14:39:31,668 INFO  [BrowserSelenium] ENTER --> (_getByLocator)
14:39:31,669 INFO  [BrowserSelenium] (_getByLocator) -> Getting locator for null
14:39:31,669 INFO  [BrowserSelenium] (_getByLocator) -> Locator info found for XPATH attribute as: (//span[text()='Customers'])[2]
14:39:31,669 INFO  [BrowserSelenium] ENTER --> (_parseElementOnXpath)
14:39:31,669 INFO  [BrowserSelenium] (_parseElementOnXpath) -> (//span[text()='Customers'])[2] is used
14:39:31,669 INFO  [BrowserSelenium] EXIT --> (_parseElementOnXpath)
14:39:31,669 INFO  [BrowserSelenium] EXIT --> (_getByLocator)
14:39:31,688 INFO  [BrowserSelenium] ENTER --> (_getByLocator)
14:39:31,688 INFO  [BrowserSelenium] (_getByLocator) -> Getting locator for null
14:39:31,688 INFO  [BrowserSelenium] (_getByLocator) -> Locator info found for XPATH attribute as: (//span[text()='Customers'])[2]
14:39:31,688 INFO  [BrowserSelenium] ENTER --> (_parseElementOnXpath)
14:39:31,688 INFO  [BrowserSelenium] (_parseElementOnXpath) -> (//span[text()='Customers'])[2] is used
14:39:31,688 INFO  [BrowserSelenium] EXIT --> (_parseElementOnXpath)
14:39:31,689 INFO  [BrowserSelenium] EXIT --> (_getByLocator)
14:39:31,707 INFO  [BrowserSelenium] ENTER --> (_getByLocator)
14:39:31,707 INFO  [BrowserSelenium] (_getByLocator) -> Getting locator for null
14:39:31,707 INFO  [BrowserSelenium] (_getByLocator) -> Locator info found for XPATH attribute as: (//span[text()='Customers'])[2]
14:39:31,708 INFO  [BrowserSelenium] ENTER --> (_parseElementOnXpath)
14:39:31,708 INFO  [BrowserSelenium] (_parseElementOnXpath) -> (//span[text()='Customers'])[2] is used
14:39:31,708 INFO  [BrowserSelenium] EXIT --> (_parseElementOnXpath)
14:39:31,708 INFO  [BrowserSelenium] EXIT --> (_getByLocator)
14:39:31,724 INFO  [BrowserSelenium] ENTER --> (_getByLocator)
14:39:31,725 INFO  [BrowserSelenium] (_getByLocator) -> Getting locator for null
14:39:31,725 INFO  [BrowserSelenium] (_getByLocator) -> Locator info found for XPATH attribute as: (//span[text()='Customers'])[2]
14:39:31,725 INFO  [BrowserSelenium] ENTER --> (_parseElementOnXpath)
14:39:31,725 INFO  [BrowserSelenium] (_parseElementOnXpath) -> (//span[text()='Customers'])[2] is used
14:39:31,725 INFO  [BrowserSelenium] EXIT --> (_parseElementOnXpath)
14:39:31,725 INFO  [BrowserSelenium] EXIT --> (_getByLocator)
14:39:31,743 INFO  [BrowserSelenium] ENTER --> (_getByLocator)
14:39:31,743 INFO  [BrowserSelenium] (_getByLocator) -> Getting locator for null
14:39:31,743 INFO  [BrowserSelenium] (_getByLocator) -> Locator info found for XPATH attribute as: (//span[text()='Customers'])[2]
14:39:31,743 INFO  [BrowserSelenium] ENTER --> (_parseElementOnXpath)
14:39:31,744 INFO  [BrowserSelenium] (_parseElementOnXpath) -> (//span[text()='Customers'])[2] is used
14:39:31,744 INFO  [BrowserSelenium] EXIT --> (_parseElementOnXpath)
14:39:31,744 INFO  [BrowserSelenium] EXIT --> (_getByLocator)
14:39:31,760 INFO  [BrowserSelenium] ENTER --> (_getByLocator)
14:39:31,760 INFO  [BrowserSelenium] (_getByLocator) -> Getting locator for null
14:39:31,761 INFO  [BrowserSelenium] (_getByLocator) -> Locator info found for XPATH attribute as: (//span[text()='Customers'])[2]
14:39:31,761 INFO  [BrowserSelenium] ENTER --> (_parseElementOnXpath)
14:39:31,761 INFO  [BrowserSelenium] (_parseElementOnXpath) -> (//span[text()='Customers'])[2] is used
14:39:31,761 INFO  [BrowserSelenium] EXIT --> (_parseElementOnXpath)
14:39:31,761 INFO  [BrowserSelenium] EXIT --> (_getByLocator)
14:39:31,778 INFO  [BrowserSelenium] ENTER --> (_getByLocator)
14:39:31,778 INFO  [BrowserSelenium] (_getByLocator) -> Getting locator for null
14:39:31,778 INFO  [BrowserSelenium] (_getByLocator) -> Locator info found for XPATH attribute as: (//span[text()='Customers'])[2]
14:39:31,778 INFO  [BrowserSelenium] ENTER --> (_parseElementOnXpath)
14:39:31,778 INFO  [BrowserSelenium] (_parseElementOnXpath) -> (//span[text()='Customers'])[2] is used
14:39:31,778 INFO  [BrowserSelenium] EXIT --> (_parseElementOnXpath)
14:39:31,779 INFO  [BrowserSelenium] EXIT --> (_getByLocator)
14:39:31,795 INFO  [BrowserSelenium] ENTER --> (_getByLocator)
14:39:31,795 INFO  [BrowserSelenium] (_getByLocator) -> Getting locator for null
14:39:31,795 INFO  [BrowserSelenium] (_getByLocator) -> Locator info found for XPATH attribute as: (//span[text()='Customers'])[2]
14:39:31,795 INFO  [BrowserSelenium] ENTER --> (_parseElementOnXpath)
14:39:31,796 INFO  [BrowserSelenium] (_parseElementOnXpath) -> (//span[text()='Customers'])[2] is used
14:39:31,796 INFO  [BrowserSelenium] EXIT --> (_parseElementOnXpath)
14:39:31,796 INFO  [BrowserSelenium] EXIT --> (_getByLocator)
14:39:31,814 INFO  [BrowserSelenium] ENTER --> (_getByLocator)
14:39:31,814 INFO  [BrowserSelenium] (_getByLocator) -> Getting locator for null
14:39:31,814 INFO  [BrowserSelenium] (_getByLocator) -> Locator info found for XPATH attribute as: (//span[text()='Customers'])[2]
14:39:31,814 INFO  [BrowserSelenium] ENTER --> (_parseElementOnXpath)
14:39:31,815 INFO  [BrowserSelenium] (_parseElementOnXpath) -> (//span[text()='Customers'])[2] is used
14:39:31,815 INFO  [BrowserSelenium] EXIT --> (_parseElementOnXpath)
14:39:31,815 INFO  [BrowserSelenium] EXIT --> (_getByLocator)
14:39:31,834 INFO  [BrowserSelenium] ENTER --> (_getByLocator)
14:39:31,834 INFO  [BrowserSelenium] (_getByLocator) -> Getting locator for null
14:39:31,834 INFO  [BrowserSelenium] (_getByLocator) -> Locator info found for XPATH attribute as: (//span[text()='Customers'])[2]
14:39:31,834 INFO  [BrowserSelenium] ENTER --> (_parseElementOnXpath)
14:39:31,835 INFO  [BrowserSelenium] (_parseElementOnXpath) -> (//span[text()='Customers'])[2] is used
14:39:31,835 INFO  [BrowserSelenium] EXIT --> (_parseElementOnXpath)
14:39:31,835 INFO  [BrowserSelenium] EXIT --> (_getByLocator)
14:39:31,853 INFO  [BrowserSelenium] ENTER --> (_getByLocator)
14:39:31,853 INFO  [BrowserSelenium] (_getByLocator) -> Getting locator for null
14:39:31,854 INFO  [BrowserSelenium] (_getByLocator) -> Locator info found for XPATH attribute as: (//span[text()='Customers'])[2]
14:39:31,854 INFO  [BrowserSelenium] ENTER --> (_parseElementOnXpath)
14:39:31,854 INFO  [BrowserSelenium] (_parseElementOnXpath) -> (//span[text()='Customers'])[2] is used
14:39:31,854 INFO  [BrowserSelenium] EXIT --> (_parseElementOnXpath)
14:39:31,854 INFO  [BrowserSelenium] EXIT --> (_getByLocator)
14:39:31,873 INFO  [BrowserSelenium] ENTER --> (_getByLocator)
14:39:31,874 INFO  [BrowserSelenium] (_getByLocator) -> Getting locator for null
14:39:31,874 INFO  [BrowserSelenium] (_getByLocator) -> Locator info found for XPATH attribute as: (//span[text()='Customers'])[2]
14:39:31,874 INFO  [BrowserSelenium] ENTER --> (_parseElementOnXpath)
14:39:31,874 INFO  [BrowserSelenium] (_parseElementOnXpath) -> (//span[text()='Customers'])[2] is used
14:39:31,874 INFO  [BrowserSelenium] EXIT --> (_parseElementOnXpath)
14:39:31,874 INFO  [BrowserSelenium] EXIT --> (_getByLocator)
14:39:31,891 INFO  [BrowserSelenium] ENTER --> (_getByLocator)
14:39:31,891 INFO  [BrowserSelenium] (_getByLocator) -> Getting locator for null
14:39:31,891 INFO  [BrowserSelenium] (_getByLocator) -> Locator info found for XPATH attribute as: (//span[text()='Customers'])[2]
14:39:31,891 INFO  [BrowserSelenium] ENTER --> (_parseElementOnXpath)
14:39:31,891 INFO  [BrowserSelenium] (_parseElementOnXpath) -> (//span[text()='Customers'])[2] is used
14:39:31,892 INFO  [BrowserSelenium] EXIT --> (_parseElementOnXpath)
14:39:31,892 INFO  [BrowserSelenium] EXIT --> (_getByLocator)
14:39:31,909 INFO  [BrowserSelenium] ENTER --> (_getByLocator)
14:39:31,909 INFO  [BrowserSelenium] (_getByLocator) -> Getting locator for null
14:39:31,909 INFO  [BrowserSelenium] (_getByLocator) -> Locator info found for XPATH attribute as: (//span[text()='Customers'])[2]
14:39:31,909 INFO  [BrowserSelenium] ENTER --> (_parseElementOnXpath)
14:39:31,910 INFO  [BrowserSelenium] (_parseElementOnXpath) -> (//span[text()='Customers'])[2] is used
14:39:31,910 INFO  [BrowserSelenium] EXIT --> (_parseElementOnXpath)
14:39:31,910 INFO  [BrowserSelenium] EXIT --> (_getByLocator)
14:39:31,927 INFO  [BrowserSelenium] ENTER --> (_getByLocator)
14:39:31,927 INFO  [BrowserSelenium] (_getByLocator) -> Getting locator for null
14:39:31,927 INFO  [BrowserSelenium] (_getByLocator) -> Locator info found for XPATH attribute as: (//span[text()='Customers'])[2]
14:39:31,927 INFO  [BrowserSelenium] ENTER --> (_parseElementOnXpath)
14:39:31,927 INFO  [BrowserSelenium] (_parseElementOnXpath) -> (//span[text()='Customers'])[2] is used
14:39:31,927 INFO  [BrowserSelenium] EXIT --> (_parseElementOnXpath)
14:39:31,927 INFO  [BrowserSelenium] EXIT --> (_getByLocator)
14:39:31,945 INFO  [BrowserSelenium] ENTER --> (_getByLocator)
14:39:31,945 INFO  [BrowserSelenium] (_getByLocator) -> Getting locator for null
14:39:31,945 INFO  [BrowserSelenium] (_getByLocator) -> Locator info found for XPATH attribute as: (//span[text()='Customers'])[2]
14:39:31,945 INFO  [BrowserSelenium] ENTER --> (_parseElementOnXpath)
14:39:31,945 INFO  [BrowserSelenium] (_parseElementOnXpath) -> (//span[text()='Customers'])[2] is used
14:39:31,946 INFO  [BrowserSelenium] EXIT --> (_parseElementOnXpath)
14:39:31,946 INFO  [BrowserSelenium] EXIT --> (_getByLocator)
14:39:31,964 INFO  [BrowserSelenium] ENTER --> (_getByLocator)
14:39:31,964 INFO  [BrowserSelenium] (_getByLocator) -> Getting locator for null
14:39:31,965 INFO  [BrowserSelenium] (_getByLocator) -> Locator info found for XPATH attribute as: (//span[text()='Customers'])[2]
14:39:31,965 INFO  [BrowserSelenium] ENTER --> (_parseElementOnXpath)
14:39:31,965 INFO  [BrowserSelenium] (_parseElementOnXpath) -> (//span[text()='Customers'])[2] is used
14:39:31,965 INFO  [BrowserSelenium] EXIT --> (_parseElementOnXpath)
14:39:31,965 INFO  [BrowserSelenium] EXIT --> (_getByLocator)
14:39:31,982 INFO  [BrowserSelenium] ENTER --> (_getByLocator)
14:39:31,982 INFO  [BrowserSelenium] (_getByLocator) -> Getting locator for null
14:39:31,982 INFO  [BrowserSelenium] (_getByLocator) -> Locator info found for XPATH attribute as: (//span[text()='Customers'])[2]
14:39:31,982 INFO  [BrowserSelenium] ENTER --> (_parseElementOnXpath)
14:39:31,982 INFO  [BrowserSelenium] (_parseElementOnXpath) -> (//span[text()='Customers'])[2] is used
14:39:31,982 INFO  [BrowserSelenium] EXIT --> (_parseElementOnXpath)
14:39:31,983 INFO  [BrowserSelenium] EXIT --> (_getByLocator)
14:39:32,004 INFO  [BrowserSelenium] ENTER --> (_getByLocator)
14:39:32,004 INFO  [BrowserSelenium] (_getByLocator) -> Getting locator for null
14:39:32,004 INFO  [BrowserSelenium] (_getByLocator) -> Locator info found for XPATH attribute as: (//span[text()='Customers'])[2]
14:39:32,004 INFO  [BrowserSelenium] ENTER --> (_parseElementOnXpath)
14:39:32,004 INFO  [BrowserSelenium] (_parseElementOnXpath) -> (//span[text()='Customers'])[2] is used
14:39:32,004 INFO  [BrowserSelenium] EXIT --> (_parseElementOnXpath)
14:39:32,005 INFO  [BrowserSelenium] EXIT --> (_getByLocator)
14:39:32,021 INFO  [BrowserSelenium] ENTER --> (_getByLocator)
14:39:32,021 INFO  [BrowserSelenium] (_getByLocator) -> Getting locator for null
14:39:32,022 INFO  [BrowserSelenium] (_getByLocator) -> Locator info found for XPATH attribute as: (//span[text()='Customers'])[2]
14:39:32,022 INFO  [BrowserSelenium] ENTER --> (_parseElementOnXpath)
14:39:32,022 INFO  [BrowserSelenium] (_parseElementOnXpath) -> (//span[text()='Customers'])[2] is used
14:39:32,022 INFO  [BrowserSelenium] EXIT --> (_parseElementOnXpath)
14:39:32,022 INFO  [BrowserSelenium] EXIT --> (_getByLocator)
14:39:32,041 INFO  [BrowserSelenium] ENTER --> (_getByLocator)
14:39:32,041 INFO  [BrowserSelenium] (_getByLocator) -> Getting locator for null
14:39:32,041 INFO  [BrowserSelenium] (_getByLocator) -> Locator info found for XPATH attribute as: (//span[text()='Customers'])[2]
14:39:32,041 INFO  [BrowserSelenium] ENTER --> (_parseElementOnXpath)
14:39:32,041 INFO  [BrowserSelenium] (_parseElementOnXpath) -> (//span[text()='Customers'])[2] is used
14:39:32,042 INFO  [BrowserSelenium] EXIT --> (_parseElementOnXpath)
14:39:32,042 INFO  [BrowserSelenium] EXIT --> (_getByLocator)
14:39:32,060 INFO  [BrowserSelenium] ENTER --> (_getByLocator)
14:39:32,061 INFO  [BrowserSelenium] (_getByLocator) -> Getting locator for null
14:39:32,061 INFO  [BrowserSelenium] (_getByLocator) -> Locator info found for XPATH attribute as: (//span[text()='Customers'])[2]
14:39:32,061 INFO  [BrowserSelenium] ENTER --> (_parseElementOnXpath)
14:39:32,061 INFO  [BrowserSelenium] (_parseElementOnXpath) -> (//span[text()='Customers'])[2] is used
14:39:32,061 INFO  [BrowserSelenium] EXIT --> (_parseElementOnXpath)
14:39:32,061 INFO  [BrowserSelenium] EXIT --> (_getByLocator)
14:39:32,079 INFO  [BrowserSelenium] ENTER --> (_getByLocator)
14:39:32,079 INFO  [BrowserSelenium] (_getByLocator) -> Getting locator for null
14:39:32,079 INFO  [BrowserSelenium] (_getByLocator) -> Locator info found for XPATH attribute as: (//span[text()='Customers'])[2]
14:39:32,079 INFO  [BrowserSelenium] ENTER --> (_parseElementOnXpath)
14:39:32,080 INFO  [BrowserSelenium] (_parseElementOnXpath) -> (//span[text()='Customers'])[2] is used
14:39:32,080 INFO  [BrowserSelenium] EXIT --> (_parseElementOnXpath)
14:39:32,080 INFO  [BrowserSelenium] EXIT --> (_getByLocator)
14:39:32,096 INFO  [BrowserSelenium] ENTER --> (_getByLocator)
14:39:32,096 INFO  [BrowserSelenium] (_getByLocator) -> Getting locator for null
14:39:32,097 INFO  [BrowserSelenium] (_getByLocator) -> Locator info found for XPATH attribute as: (//span[text()='Customers'])[2]
14:39:32,097 INFO  [BrowserSelenium] ENTER --> (_parseElementOnXpath)
14:39:32,097 INFO  [BrowserSelenium] (_parseElementOnXpath) -> (//span[text()='Customers'])[2] is used
14:39:32,097 INFO  [BrowserSelenium] EXIT --> (_parseElementOnXpath)
14:39:32,097 INFO  [BrowserSelenium] EXIT --> (_getByLocator)
14:39:32,117 INFO  [BrowserSelenium] ENTER --> (_getByLocator)
14:39:32,117 INFO  [BrowserSelenium] (_getByLocator) -> Getting locator for null
14:39:32,117 INFO  [BrowserSelenium] (_getByLocator) -> Locator info found for XPATH attribute as: (//span[text()='Customers'])[2]
14:39:32,117 INFO  [BrowserSelenium] ENTER --> (_parseElementOnXpath)
14:39:32,117 INFO  [BrowserSelenium] (_parseElementOnXpath) -> (//span[text()='Customers'])[2] is used
14:39:32,118 INFO  [BrowserSelenium] EXIT --> (_parseElementOnXpath)
14:39:32,118 INFO  [BrowserSelenium] EXIT --> (_getByLocator)
14:39:32,135 INFO  [BrowserSelenium] ENTER --> (_getByLocator)
14:39:32,135 INFO  [BrowserSelenium] (_getByLocator) -> Getting locator for null
14:39:32,135 INFO  [BrowserSelenium] (_getByLocator) -> Locator info found for XPATH attribute as: (//span[text()='Customers'])[2]
14:39:32,135 INFO  [BrowserSelenium] ENTER --> (_parseElementOnXpath)
14:39:32,136 INFO  [BrowserSelenium] (_parseElementOnXpath) -> (//span[text()='Customers'])[2] is used
14:39:32,136 INFO  [BrowserSelenium] EXIT --> (_parseElementOnXpath)
14:39:32,136 INFO  [BrowserSelenium] EXIT --> (_getByLocator)
14:39:32,154 INFO  [BrowserSelenium] ENTER --> (_getByLocator)
14:39:32,155 INFO  [BrowserSelenium] (_getByLocator) -> Getting locator for null
14:39:32,155 INFO  [BrowserSelenium] (_getByLocator) -> Locator info found for XPATH attribute as: (//span[text()='Customers'])[2]
14:39:32,155 INFO  [BrowserSelenium] ENTER --> (_parseElementOnXpath)
14:39:32,155 INFO  [BrowserSelenium] (_parseElementOnXpath) -> (//span[text()='Customers'])[2] is used
14:39:32,155 INFO  [BrowserSelenium] EXIT --> (_parseElementOnXpath)
14:39:32,156 INFO  [BrowserSelenium] EXIT --> (_getByLocator)
14:39:32,172 INFO  [BrowserSelenium] ENTER --> (_getByLocator)
14:39:32,173 INFO  [BrowserSelenium] (_getByLocator) -> Getting locator for null
14:39:32,173 INFO  [BrowserSelenium] (_getByLocator) -> Locator info found for XPATH attribute as: (//span[text()='Customers'])[2]
14:39:32,173 INFO  [BrowserSelenium] ENTER --> (_parseElementOnXpath)
14:39:32,173 INFO  [BrowserSelenium] (_parseElementOnXpath) -> (//span[text()='Customers'])[2] is used
14:39:32,173 INFO  [BrowserSelenium] EXIT --> (_parseElementOnXpath)
14:39:32,173 INFO  [BrowserSelenium] EXIT --> (_getByLocator)
14:39:32,191 INFO  [BrowserSelenium] ENTER --> (_getByLocator)
14:39:32,191 INFO  [BrowserSelenium] (_getByLocator) -> Getting locator for null
14:39:32,191 INFO  [BrowserSelenium] (_getByLocator) -> Locator info found for XPATH attribute as: (//span[text()='Customers'])[2]
14:39:32,191 INFO  [BrowserSelenium] ENTER --> (_parseElementOnXpath)
14:39:32,191 INFO  [BrowserSelenium] (_parseElementOnXpath) -> (//span[text()='Customers'])[2] is used
14:39:32,191 INFO  [BrowserSelenium] EXIT --> (_parseElementOnXpath)
14:39:32,191 INFO  [BrowserSelenium] EXIT --> (_getByLocator)
14:39:32,211 INFO  [BrowserSelenium] ENTER --> (_getByLocator)
14:39:32,211 INFO  [BrowserSelenium] (_getByLocator) -> Getting locator for null
14:39:32,211 INFO  [BrowserSelenium] (_getByLocator) -> Locator info found for XPATH attribute as: (//span[text()='Customers'])[2]
14:39:32,211 INFO  [BrowserSelenium] ENTER --> (_parseElementOnXpath)
14:39:32,211 INFO  [BrowserSelenium] (_parseElementOnXpath) -> (//span[text()='Customers'])[2] is used
14:39:32,211 INFO  [BrowserSelenium] EXIT --> (_parseElementOnXpath)
14:39:32,212 INFO  [BrowserSelenium] EXIT --> (_getByLocator)
14:39:32,229 INFO  [BrowserSelenium] ENTER --> (_getByLocator)
14:39:32,229 INFO  [BrowserSelenium] (_getByLocator) -> Getting locator for null
14:39:32,230 INFO  [BrowserSelenium] (_getByLocator) -> Locator info found for XPATH attribute as: (//span[text()='Customers'])[2]
14:39:32,230 INFO  [BrowserSelenium] ENTER --> (_parseElementOnXpath)
14:39:32,230 INFO  [BrowserSelenium] (_parseElementOnXpath) -> (//span[text()='Customers'])[2] is used
14:39:32,230 INFO  [BrowserSelenium] EXIT --> (_parseElementOnXpath)
14:39:32,230 INFO  [BrowserSelenium] EXIT --> (_getByLocator)
14:39:32,248 INFO  [BrowserSelenium] ENTER --> (_getByLocator)
14:39:32,248 INFO  [BrowserSelenium] (_getByLocator) -> Getting locator for null
14:39:32,248 INFO  [BrowserSelenium] (_getByLocator) -> Locator info found for XPATH attribute as: (//span[text()='Customers'])[2]
14:39:32,248 INFO  [BrowserSelenium] ENTER --> (_parseElementOnXpath)
14:39:32,248 INFO  [BrowserSelenium] (_parseElementOnXpath) -> (//span[text()='Customers'])[2] is used
14:39:32,249 INFO  [BrowserSelenium] EXIT --> (_parseElementOnXpath)
14:39:32,249 INFO  [BrowserSelenium] EXIT --> (_getByLocator)
14:39:32,267 INFO  [BrowserSelenium] ENTER --> (_getByLocator)
14:39:32,268 INFO  [BrowserSelenium] (_getByLocator) -> Getting locator for null
14:39:32,268 INFO  [BrowserSelenium] (_getByLocator) -> Locator info found for XPATH attribute as: (//span[text()='Customers'])[2]
14:39:32,268 INFO  [BrowserSelenium] ENTER --> (_parseElementOnXpath)
14:39:32,268 INFO  [BrowserSelenium] (_parseElementOnXpath) -> (//span[text()='Customers'])[2] is used
14:39:32,268 INFO  [BrowserSelenium] EXIT --> (_parseElementOnXpath)
14:39:32,268 INFO  [BrowserSelenium] EXIT --> (_getByLocator)
14:39:32,287 INFO  [BrowserSelenium] ENTER --> (_getByLocator)
14:39:32,287 INFO  [BrowserSelenium] (_getByLocator) -> Getting locator for null
14:39:32,287 INFO  [BrowserSelenium] (_getByLocator) -> Locator info found for XPATH attribute as: (//span[text()='Customers'])[2]
14:39:32,287 INFO  [BrowserSelenium] ENTER --> (_parseElementOnXpath)
14:39:32,287 INFO  [BrowserSelenium] (_parseElementOnXpath) -> (//span[text()='Customers'])[2] is used
14:39:32,287 INFO  [BrowserSelenium] EXIT --> (_parseElementOnXpath)
14:39:32,288 INFO  [BrowserSelenium] EXIT --> (_getByLocator)
14:39:32,306 INFO  [BrowserSelenium] ENTER --> (_getByLocator)
14:39:32,306 INFO  [BrowserSelenium] (_getByLocator) -> Getting locator for null
14:39:32,306 INFO  [BrowserSelenium] (_getByLocator) -> Locator info found for XPATH attribute as: (//span[text()='Customers'])[2]
14:39:32,306 INFO  [BrowserSelenium] ENTER --> (_parseElementOnXpath)
14:39:32,307 INFO  [BrowserSelenium] (_parseElementOnXpath) -> (//span[text()='Customers'])[2] is used
14:39:32,307 INFO  [BrowserSelenium] EXIT --> (_parseElementOnXpath)
14:39:32,307 INFO  [BrowserSelenium] EXIT --> (_getByLocator)
14:39:32,326 INFO  [BrowserSelenium] ENTER --> (_getByLocator)
14:39:32,327 INFO  [BrowserSelenium] (_getByLocator) -> Getting locator for null
14:39:32,327 INFO  [BrowserSelenium] (_getByLocator) -> Locator info found for XPATH attribute as: (//span[text()='Customers'])[2]
14:39:32,327 INFO  [BrowserSelenium] ENTER --> (_parseElementOnXpath)
14:39:32,327 INFO  [BrowserSelenium] (_parseElementOnXpath) -> (//span[text()='Customers'])[2] is used
14:39:32,327 INFO  [BrowserSelenium] EXIT --> (_parseElementOnXpath)
14:39:32,327 INFO  [BrowserSelenium] EXIT --> (_getByLocator)
14:39:32,344 INFO  [BrowserSelenium] ENTER --> (_getByLocator)
14:39:32,344 INFO  [BrowserSelenium] (_getByLocator) -> Getting locator for null
14:39:32,344 INFO  [BrowserSelenium] (_getByLocator) -> Locator info found for XPATH attribute as: (//span[text()='Customers'])[2]
14:39:32,345 INFO  [BrowserSelenium] ENTER --> (_parseElementOnXpath)
14:39:32,345 INFO  [BrowserSelenium] (_parseElementOnXpath) -> (//span[text()='Customers'])[2] is used
14:39:32,345 INFO  [BrowserSelenium] EXIT --> (_parseElementOnXpath)
14:39:32,345 INFO  [BrowserSelenium] EXIT --> (_getByLocator)
14:39:32,364 INFO  [BrowserSelenium] ENTER --> (_getByLocator)
14:39:32,364 INFO  [BrowserSelenium] (_getByLocator) -> Getting locator for null
14:39:32,365 INFO  [BrowserSelenium] (_getByLocator) -> Locator info found for XPATH attribute as: (//span[text()='Customers'])[2]
14:39:32,365 INFO  [BrowserSelenium] ENTER --> (_parseElementOnXpath)
14:39:32,365 INFO  [BrowserSelenium] (_parseElementOnXpath) -> (//span[text()='Customers'])[2] is used
14:39:32,365 INFO  [BrowserSelenium] EXIT --> (_parseElementOnXpath)
14:39:32,365 INFO  [BrowserSelenium] EXIT --> (_getByLocator)
14:39:32,382 INFO  [BrowserSelenium] ENTER --> (_getByLocator)
14:39:32,382 INFO  [BrowserSelenium] (_getByLocator) -> Getting locator for null
14:39:32,382 INFO  [BrowserSelenium] (_getByLocator) -> Locator info found for XPATH attribute as: (//span[text()='Customers'])[2]
14:39:32,382 INFO  [BrowserSelenium] ENTER --> (_parseElementOnXpath)
14:39:32,382 INFO  [BrowserSelenium] (_parseElementOnXpath) -> (//span[text()='Customers'])[2] is used
14:39:32,382 INFO  [BrowserSelenium] EXIT --> (_parseElementOnXpath)
14:39:32,383 INFO  [BrowserSelenium] EXIT --> (_getByLocator)
14:39:32,403 INFO  [BrowserSelenium] ENTER --> (_getByLocator)
14:39:32,404 INFO  [BrowserSelenium] (_getByLocator) -> Getting locator for null
14:39:32,404 INFO  [BrowserSelenium] (_getByLocator) -> Locator info found for XPATH attribute as: (//span[text()='Customers'])[2]
14:39:32,404 INFO  [BrowserSelenium] ENTER --> (_parseElementOnXpath)
14:39:32,404 INFO  [BrowserSelenium] (_parseElementOnXpath) -> (//span[text()='Customers'])[2] is used
14:39:32,404 INFO  [BrowserSelenium] EXIT --> (_parseElementOnXpath)
14:39:32,404 INFO  [BrowserSelenium] EXIT --> (_getByLocator)
14:39:32,425 INFO  [BrowserSelenium] ENTER --> (_getByLocator)
14:39:32,426 INFO  [BrowserSelenium] (_getByLocator) -> Getting locator for null
14:39:32,426 INFO  [BrowserSelenium] (_getByLocator) -> Locator info found for XPATH attribute as: (//span[text()='Customers'])[2]
14:39:32,426 INFO  [BrowserSelenium] ENTER --> (_parseElementOnXpath)
14:39:32,426 INFO  [BrowserSelenium] (_parseElementOnXpath) -> (//span[text()='Customers'])[2] is used
14:39:32,426 INFO  [BrowserSelenium] EXIT --> (_parseElementOnXpath)
14:39:32,426 INFO  [BrowserSelenium] EXIT --> (_getByLocator)
14:39:32,448 INFO  [BrowserSelenium] ENTER --> (_getByLocator)
14:39:32,448 INFO  [BrowserSelenium] (_getByLocator) -> Getting locator for null
14:39:32,448 INFO  [BrowserSelenium] (_getByLocator) -> Locator info found for XPATH attribute as: (//span[text()='Customers'])[2]
14:39:32,448 INFO  [BrowserSelenium] ENTER --> (_parseElementOnXpath)
14:39:32,448 INFO  [BrowserSelenium] (_parseElementOnXpath) -> (//span[text()='Customers'])[2] is used
14:39:32,448 INFO  [BrowserSelenium] EXIT --> (_parseElementOnXpath)
14:39:32,448 INFO  [BrowserSelenium] EXIT --> (_getByLocator)
14:39:32,472 INFO  [BrowserSelenium] ENTER --> (_getByLocator)
14:39:32,472 INFO  [BrowserSelenium] (_getByLocator) -> Getting locator for null
14:39:32,472 INFO  [BrowserSelenium] (_getByLocator) -> Locator info found for XPATH attribute as: (//span[text()='Customers'])[2]
14:39:32,473 INFO  [BrowserSelenium] ENTER --> (_parseElementOnXpath)
14:39:32,473 INFO  [BrowserSelenium] (_parseElementOnXpath) -> (//span[text()='Customers'])[2] is used
14:39:32,473 INFO  [BrowserSelenium] EXIT --> (_parseElementOnXpath)
14:39:32,473 INFO  [BrowserSelenium] EXIT --> (_getByLocator)
14:39:32,492 INFO  [BrowserSelenium] ENTER --> (_getByLocator)
14:39:32,492 INFO  [BrowserSelenium] (_getByLocator) -> Getting locator for null
14:39:32,492 INFO  [BrowserSelenium] (_getByLocator) -> Locator info found for XPATH attribute as: (//span[text()='Customers'])[2]
14:39:32,492 INFO  [BrowserSelenium] ENTER --> (_parseElementOnXpath)
14:39:32,493 INFO  [BrowserSelenium] (_parseElementOnXpath) -> (//span[text()='Customers'])[2] is used
14:39:32,493 INFO  [BrowserSelenium] EXIT --> (_parseElementOnXpath)
14:39:32,493 INFO  [BrowserSelenium] EXIT --> (_getByLocator)
14:39:32,513 INFO  [BrowserSelenium] ENTER --> (_getByLocator)
14:39:32,513 INFO  [BrowserSelenium] (_getByLocator) -> Getting locator for null
14:39:32,513 INFO  [BrowserSelenium] (_getByLocator) -> Locator info found for XPATH attribute as: (//span[text()='Customers'])[2]
14:39:32,513 INFO  [BrowserSelenium] ENTER --> (_parseElementOnXpath)
14:39:32,513 INFO  [BrowserSelenium] (_parseElementOnXpath) -> (//span[text()='Customers'])[2] is used
14:39:32,514 INFO  [BrowserSelenium] EXIT --> (_parseElementOnXpath)
14:39:32,514 INFO  [BrowserSelenium] EXIT --> (_getByLocator)
14:39:32,532 INFO  [BrowserSelenium] ENTER --> (_getByLocator)
14:39:32,532 INFO  [BrowserSelenium] (_getByLocator) -> Getting locator for null
14:39:32,533 INFO  [BrowserSelenium] (_getByLocator) -> Locator info found for XPATH attribute as: (//span[text()='Customers'])[2]
14:39:32,533 INFO  [BrowserSelenium] ENTER --> (_parseElementOnXpath)
14:39:32,533 INFO  [BrowserSelenium] (_parseElementOnXpath) -> (//span[text()='Customers'])[2] is used
14:39:32,533 INFO  [BrowserSelenium] EXIT --> (_parseElementOnXpath)
14:39:32,533 INFO  [BrowserSelenium] EXIT --> (_getByLocator)
14:39:32,555 INFO  [BrowserSelenium] ENTER --> (_getByLocator)
14:39:32,555 INFO  [BrowserSelenium] (_getByLocator) -> Getting locator for null
14:39:32,555 INFO  [BrowserSelenium] (_getByLocator) -> Locator info found for XPATH attribute as: (//span[text()='Customers'])[2]
14:39:32,555 INFO  [BrowserSelenium] ENTER --> (_parseElementOnXpath)
14:39:32,555 INFO  [BrowserSelenium] (_parseElementOnXpath) -> (//span[text()='Customers'])[2] is used
14:39:32,555 INFO  [BrowserSelenium] EXIT --> (_parseElementOnXpath)
14:39:32,555 INFO  [BrowserSelenium] EXIT --> (_getByLocator)
14:39:32,573 INFO  [BrowserSelenium] ENTER --> (_getByLocator)
14:39:32,573 INFO  [BrowserSelenium] (_getByLocator) -> Getting locator for null
14:39:32,574 INFO  [BrowserSelenium] (_getByLocator) -> Locator info found for XPATH attribute as: (//span[text()='Customers'])[2]
14:39:32,574 INFO  [BrowserSelenium] ENTER --> (_parseElementOnXpath)
14:39:32,574 INFO  [BrowserSelenium] (_parseElementOnXpath) -> (//span[text()='Customers'])[2] is used
14:39:32,574 INFO  [BrowserSelenium] EXIT --> (_parseElementOnXpath)
14:39:32,574 INFO  [BrowserSelenium] EXIT --> (_getByLocator)
14:39:32,592 INFO  [BrowserSelenium] ENTER --> (_getByLocator)
14:39:32,592 INFO  [BrowserSelenium] (_getByLocator) -> Getting locator for null
14:39:32,592 INFO  [BrowserSelenium] (_getByLocator) -> Locator info found for XPATH attribute as: (//span[text()='Customers'])[2]
14:39:32,592 INFO  [BrowserSelenium] ENTER --> (_parseElementOnXpath)
14:39:32,593 INFO  [BrowserSelenium] (_parseElementOnXpath) -> (//span[text()='Customers'])[2] is used
14:39:32,593 INFO  [BrowserSelenium] EXIT --> (_parseElementOnXpath)
14:39:32,593 INFO  [BrowserSelenium] EXIT --> (_getByLocator)
14:39:32,609 INFO  [BrowserSelenium] ENTER --> (_getByLocator)
14:39:32,610 INFO  [BrowserSelenium] (_getByLocator) -> Getting locator for null
14:39:32,610 INFO  [BrowserSelenium] (_getByLocator) -> Locator info found for XPATH attribute as: (//span[text()='Customers'])[2]
14:39:32,610 INFO  [BrowserSelenium] ENTER --> (_parseElementOnXpath)
14:39:32,610 INFO  [BrowserSelenium] (_parseElementOnXpath) -> (//span[text()='Customers'])[2] is used
14:39:32,610 INFO  [BrowserSelenium] EXIT --> (_parseElementOnXpath)
14:39:32,610 INFO  [BrowserSelenium] EXIT --> (_getByLocator)
14:39:32,629 INFO  [BrowserSelenium] ENTER --> (_getByLocator)
14:39:32,629 INFO  [BrowserSelenium] (_getByLocator) -> Getting locator for null
14:39:32,629 INFO  [BrowserSelenium] (_getByLocator) -> Locator info found for XPATH attribute as: (//span[text()='Customers'])[2]
14:39:32,629 INFO  [BrowserSelenium] ENTER --> (_parseElementOnXpath)
14:39:32,630 INFO  [BrowserSelenium] (_parseElementOnXpath) -> (//span[text()='Customers'])[2] is used
14:39:32,630 INFO  [BrowserSelenium] EXIT --> (_parseElementOnXpath)
14:39:32,630 INFO  [BrowserSelenium] EXIT --> (_getByLocator)
14:39:32,649 INFO  [BrowserSelenium] ENTER --> (_getByLocator)
14:39:32,649 INFO  [BrowserSelenium] (_getByLocator) -> Getting locator for null
14:39:32,649 INFO  [BrowserSelenium] (_getByLocator) -> Locator info found for XPATH attribute as: (//span[text()='Customers'])[2]
14:39:32,650 INFO  [BrowserSelenium] ENTER --> (_parseElementOnXpath)
14:39:32,650 INFO  [BrowserSelenium] (_parseElementOnXpath) -> (//span[text()='Customers'])[2] is used
14:39:32,650 INFO  [BrowserSelenium] EXIT --> (_parseElementOnXpath)
14:39:32,650 INFO  [BrowserSelenium] EXIT --> (_getByLocator)
14:39:32,669 INFO  [BrowserSelenium] ENTER --> (_getByLocator)
14:39:32,669 INFO  [BrowserSelenium] (_getByLocator) -> Getting locator for null
14:39:32,669 INFO  [BrowserSelenium] (_getByLocator) -> Locator info found for XPATH attribute as: (//span[text()='Customers'])[2]
14:39:32,669 INFO  [BrowserSelenium] ENTER --> (_parseElementOnXpath)
14:39:32,669 INFO  [BrowserSelenium] (_parseElementOnXpath) -> (//span[text()='Customers'])[2] is used
14:39:32,670 INFO  [BrowserSelenium] EXIT --> (_parseElementOnXpath)
14:39:32,670 INFO  [BrowserSelenium] EXIT --> (_getByLocator)
14:39:32,688 INFO  [BrowserSelenium] ENTER --> (_getByLocator)
14:39:32,688 INFO  [BrowserSelenium] (_getByLocator) -> Getting locator for null
14:39:32,688 INFO  [BrowserSelenium] (_getByLocator) -> Locator info found for XPATH attribute as: (//span[text()='Customers'])[2]
14:39:32,688 INFO  [BrowserSelenium] ENTER --> (_parseElementOnXpath)
14:39:32,688 INFO  [BrowserSelenium] (_parseElementOnXpath) -> (//span[text()='Customers'])[2] is used
14:39:32,688 INFO  [BrowserSelenium] EXIT --> (_parseElementOnXpath)
14:39:32,689 INFO  [BrowserSelenium] EXIT --> (_getByLocator)
14:39:32,705 INFO  [BrowserSelenium] ENTER --> (_getByLocator)
14:39:32,706 INFO  [BrowserSelenium] (_getByLocator) -> Getting locator for null
14:39:32,706 INFO  [BrowserSelenium] (_getByLocator) -> Locator info found for XPATH attribute as: (//span[text()='Customers'])[2]
14:39:32,706 INFO  [BrowserSelenium] ENTER --> (_parseElementOnXpath)
14:39:32,706 INFO  [BrowserSelenium] (_parseElementOnXpath) -> (//span[text()='Customers'])[2] is used
14:39:32,706 INFO  [BrowserSelenium] EXIT --> (_parseElementOnXpath)
14:39:32,706 INFO  [BrowserSelenium] EXIT --> (_getByLocator)
14:39:32,723 INFO  [BrowserSelenium] ENTER --> (_getByLocator)
14:39:32,723 INFO  [BrowserSelenium] (_getByLocator) -> Getting locator for null
14:39:32,723 INFO  [BrowserSelenium] (_getByLocator) -> Locator info found for XPATH attribute as: (//span[text()='Customers'])[2]
14:39:32,723 INFO  [BrowserSelenium] ENTER --> (_parseElementOnXpath)
14:39:32,723 INFO  [BrowserSelenium] (_parseElementOnXpath) -> (//span[text()='Customers'])[2] is used
14:39:32,724 INFO  [BrowserSelenium] EXIT --> (_parseElementOnXpath)
14:39:32,724 INFO  [BrowserSelenium] EXIT --> (_getByLocator)
14:39:32,741 INFO  [BrowserSelenium] ENTER --> (_getByLocator)
14:39:32,741 INFO  [BrowserSelenium] (_getByLocator) -> Getting locator for null
14:39:32,741 INFO  [BrowserSelenium] (_getByLocator) -> Locator info found for XPATH attribute as: (//span[text()='Customers'])[2]
14:39:32,741 INFO  [BrowserSelenium] ENTER --> (_parseElementOnXpath)
14:39:32,741 INFO  [BrowserSelenium] (_parseElementOnXpath) -> (//span[text()='Customers'])[2] is used
14:39:32,742 INFO  [BrowserSelenium] EXIT --> (_parseElementOnXpath)
14:39:32,742 INFO  [BrowserSelenium] EXIT --> (_getByLocator)
14:39:32,759 INFO  [BrowserSelenium] ENTER --> (_getByLocator)
14:39:32,759 INFO  [BrowserSelenium] (_getByLocator) -> Getting locator for null
14:39:32,759 INFO  [BrowserSelenium] (_getByLocator) -> Locator info found for XPATH attribute as: (//span[text()='Customers'])[2]
14:39:32,759 INFO  [BrowserSelenium] ENTER --> (_parseElementOnXpath)
14:39:32,759 INFO  [BrowserSelenium] (_parseElementOnXpath) -> (//span[text()='Customers'])[2] is used
14:39:32,759 INFO  [BrowserSelenium] EXIT --> (_parseElementOnXpath)
14:39:32,760 INFO  [BrowserSelenium] EXIT --> (_getByLocator)
14:39:32,776 INFO  [BrowserSelenium] ENTER --> (_getByLocator)
14:39:32,776 INFO  [BrowserSelenium] (_getByLocator) -> Getting locator for null
14:39:32,777 INFO  [BrowserSelenium] (_getByLocator) -> Locator info found for XPATH attribute as: (//span[text()='Customers'])[2]
14:39:32,777 INFO  [BrowserSelenium] ENTER --> (_parseElementOnXpath)
14:39:32,777 INFO  [BrowserSelenium] (_parseElementOnXpath) -> (//span[text()='Customers'])[2] is used
14:39:32,777 INFO  [BrowserSelenium] EXIT --> (_parseElementOnXpath)
14:39:32,777 INFO  [BrowserSelenium] EXIT --> (_getByLocator)
14:39:32,794 INFO  [BrowserSelenium] ENTER --> (_getByLocator)
14:39:32,794 INFO  [BrowserSelenium] (_getByLocator) -> Getting locator for null
14:39:32,794 INFO  [BrowserSelenium] (_getByLocator) -> Locator info found for XPATH attribute as: (//span[text()='Customers'])[2]
14:39:32,794 INFO  [BrowserSelenium] ENTER --> (_parseElementOnXpath)
14:39:32,794 INFO  [BrowserSelenium] (_parseElementOnXpath) -> (//span[text()='Customers'])[2] is used
14:39:32,794 INFO  [BrowserSelenium] EXIT --> (_parseElementOnXpath)
14:39:32,795 INFO  [BrowserSelenium] EXIT --> (_getByLocator)
14:39:32,813 INFO  [BrowserSelenium] ENTER --> (_getByLocator)
14:39:32,813 INFO  [BrowserSelenium] (_getByLocator) -> Getting locator for null
14:39:32,814 INFO  [BrowserSelenium] (_getByLocator) -> Locator info found for XPATH attribute as: (//span[text()='Customers'])[2]
14:39:32,814 INFO  [BrowserSelenium] ENTER --> (_parseElementOnXpath)
14:39:32,814 INFO  [BrowserSelenium] (_parseElementOnXpath) -> (//span[text()='Customers'])[2] is used
14:39:32,814 INFO  [BrowserSelenium] EXIT --> (_parseElementOnXpath)
14:39:32,814 INFO  [BrowserSelenium] EXIT --> (_getByLocator)
14:39:32,833 INFO  [BrowserSelenium] ENTER --> (_getByLocator)
14:39:32,833 INFO  [BrowserSelenium] (_getByLocator) -> Getting locator for null
14:39:32,833 INFO  [BrowserSelenium] (_getByLocator) -> Locator info found for XPATH attribute as: (//span[text()='Customers'])[2]
14:39:32,833 INFO  [BrowserSelenium] ENTER --> (_parseElementOnXpath)
14:39:32,834 INFO  [BrowserSelenium] (_parseElementOnXpath) -> (//span[text()='Customers'])[2] is used
14:39:32,834 INFO  [BrowserSelenium] EXIT --> (_parseElementOnXpath)
14:39:32,834 INFO  [BrowserSelenium] EXIT --> (_getByLocator)
14:39:32,850 INFO  [BrowserSelenium] ENTER --> (_getByLocator)
14:39:32,850 INFO  [BrowserSelenium] (_getByLocator) -> Getting locator for null
14:39:32,850 INFO  [BrowserSelenium] (_getByLocator) -> Locator info found for XPATH attribute as: (//span[text()='Customers'])[2]
14:39:32,851 INFO  [BrowserSelenium] ENTER --> (_parseElementOnXpath)
14:39:32,851 INFO  [BrowserSelenium] (_parseElementOnXpath) -> (//span[text()='Customers'])[2] is used
14:39:32,851 INFO  [BrowserSelenium] EXIT --> (_parseElementOnXpath)
14:39:32,851 INFO  [BrowserSelenium] EXIT --> (_getByLocator)
14:39:32,869 INFO  [BrowserSelenium] ENTER --> (_getByLocator)
14:39:32,869 INFO  [BrowserSelenium] (_getByLocator) -> Getting locator for null
14:39:32,869 INFO  [BrowserSelenium] (_getByLocator) -> Locator info found for XPATH attribute as: (//span[text()='Customers'])[2]
14:39:32,869 INFO  [BrowserSelenium] ENTER --> (_parseElementOnXpath)
14:39:32,869 INFO  [BrowserSelenium] (_parseElementOnXpath) -> (//span[text()='Customers'])[2] is used
14:39:32,869 INFO  [BrowserSelenium] EXIT --> (_parseElementOnXpath)
14:39:32,870 INFO  [BrowserSelenium] EXIT --> (_getByLocator)
14:39:32,888 INFO  [BrowserSelenium] ENTER --> (_getByLocator)
14:39:32,888 INFO  [BrowserSelenium] (_getByLocator) -> Getting locator for null
14:39:32,888 INFO  [BrowserSelenium] (_getByLocator) -> Locator info found for XPATH attribute as: (//span[text()='Customers'])[2]
14:39:32,888 INFO  [BrowserSelenium] ENTER --> (_parseElementOnXpath)
14:39:32,888 INFO  [BrowserSelenium] (_parseElementOnXpath) -> (//span[text()='Customers'])[2] is used
14:39:32,888 INFO  [BrowserSelenium] EXIT --> (_parseElementOnXpath)
14:39:32,889 INFO  [BrowserSelenium] EXIT --> (_getByLocator)
14:39:32,906 INFO  [BrowserSelenium] ENTER --> (_getByLocator)
14:39:32,906 INFO  [BrowserSelenium] (_getByLocator) -> Getting locator for null
14:39:32,906 INFO  [BrowserSelenium] (_getByLocator) -> Locator info found for XPATH attribute as: (//span[text()='Customers'])[2]
14:39:32,906 INFO  [BrowserSelenium] ENTER --> (_parseElementOnXpath)
14:39:32,906 INFO  [BrowserSelenium] (_parseElementOnXpath) -> (//span[text()='Customers'])[2] is used
14:39:32,906 INFO  [BrowserSelenium] EXIT --> (_parseElementOnXpath)
14:39:32,907 INFO  [BrowserSelenium] EXIT --> (_getByLocator)
14:39:32,925 INFO  [BrowserSelenium] ENTER --> (_getByLocator)
14:39:32,925 INFO  [BrowserSelenium] (_getByLocator) -> Getting locator for null
14:39:32,925 INFO  [BrowserSelenium] (_getByLocator) -> Locator info found for XPATH attribute as: (//span[text()='Customers'])[2]
14:39:32,925 INFO  [BrowserSelenium] ENTER --> (_parseElementOnXpath)
14:39:32,925 INFO  [BrowserSelenium] (_parseElementOnXpath) -> (//span[text()='Customers'])[2] is used
14:39:32,926 INFO  [BrowserSelenium] EXIT --> (_parseElementOnXpath)
14:39:32,926 INFO  [BrowserSelenium] EXIT --> (_getByLocator)
14:39:32,942 INFO  [BrowserSelenium] ENTER --> (_getByLocator)
14:39:32,942 INFO  [BrowserSelenium] (_getByLocator) -> Getting locator for null
14:39:32,943 INFO  [BrowserSelenium] (_getByLocator) -> Locator info found for XPATH attribute as: (//span[text()='Customers'])[2]
14:39:32,943 INFO  [BrowserSelenium] ENTER --> (_parseElementOnXpath)
14:39:32,943 INFO  [BrowserSelenium] (_parseElementOnXpath) -> (//span[text()='Customers'])[2] is used
14:39:32,943 INFO  [BrowserSelenium] EXIT --> (_parseElementOnXpath)
14:39:32,943 INFO  [BrowserSelenium] EXIT --> (_getByLocator)
14:39:32,961 INFO  [BrowserSelenium] ENTER --> (_getByLocator)
14:39:32,961 INFO  [BrowserSelenium] (_getByLocator) -> Getting locator for null
14:39:32,962 INFO  [BrowserSelenium] (_getByLocator) -> Locator info found for XPATH attribute as: (//span[text()='Customers'])[2]
14:39:32,962 INFO  [BrowserSelenium] ENTER --> (_parseElementOnXpath)
14:39:32,962 INFO  [BrowserSelenium] (_parseElementOnXpath) -> (//span[text()='Customers'])[2] is used
14:39:32,962 INFO  [BrowserSelenium] EXIT --> (_parseElementOnXpath)
14:39:32,962 INFO  [BrowserSelenium] EXIT --> (_getByLocator)
14:39:32,980 INFO  [BrowserSelenium] ENTER --> (_getByLocator)
14:39:32,980 INFO  [BrowserSelenium] (_getByLocator) -> Getting locator for null
14:39:32,980 INFO  [BrowserSelenium] (_getByLocator) -> Locator info found for XPATH attribute as: (//span[text()='Customers'])[2]
14:39:32,980 INFO  [BrowserSelenium] ENTER --> (_parseElementOnXpath)
14:39:32,980 INFO  [BrowserSelenium] (_parseElementOnXpath) -> (//span[text()='Customers'])[2] is used
14:39:32,980 INFO  [BrowserSelenium] EXIT --> (_parseElementOnXpath)
14:39:32,980 INFO  [BrowserSelenium] EXIT --> (_getByLocator)
14:39:32,998 INFO  [BrowserSelenium] ENTER --> (_getByLocator)
14:39:32,998 INFO  [BrowserSelenium] (_getByLocator) -> Getting locator for null
14:39:32,998 INFO  [BrowserSelenium] (_getByLocator) -> Locator info found for XPATH attribute as: (//span[text()='Customers'])[2]
14:39:32,999 INFO  [BrowserSelenium] ENTER --> (_parseElementOnXpath)
14:39:32,999 INFO  [BrowserSelenium] (_parseElementOnXpath) -> (//span[text()='Customers'])[2] is used
14:39:32,999 INFO  [BrowserSelenium] EXIT --> (_parseElementOnXpath)
14:39:32,999 INFO  [BrowserSelenium] EXIT --> (_getByLocator)
14:39:33,019 INFO  [BrowserSelenium] ENTER --> (_getByLocator)
14:39:33,019 INFO  [BrowserSelenium] (_getByLocator) -> Getting locator for null
14:39:33,019 INFO  [BrowserSelenium] (_getByLocator) -> Locator info found for XPATH attribute as: (//span[text()='Customers'])[2]
14:39:33,019 INFO  [BrowserSelenium] ENTER --> (_parseElementOnXpath)
14:39:33,019 INFO  [BrowserSelenium] (_parseElementOnXpath) -> (//span[text()='Customers'])[2] is used
14:39:33,019 INFO  [BrowserSelenium] EXIT --> (_parseElementOnXpath)
14:39:33,020 INFO  [BrowserSelenium] EXIT --> (_getByLocator)
14:39:33,037 INFO  [BrowserSelenium] ENTER --> (_getByLocator)
14:39:33,037 INFO  [BrowserSelenium] (_getByLocator) -> Getting locator for null
14:39:33,037 INFO  [BrowserSelenium] (_getByLocator) -> Locator info found for XPATH attribute as: (//span[text()='Customers'])[2]
14:39:33,037 INFO  [BrowserSelenium] ENTER --> (_parseElementOnXpath)
14:39:33,037 INFO  [BrowserSelenium] (_parseElementOnXpath) -> (//span[text()='Customers'])[2] is used
14:39:33,037 INFO  [BrowserSelenium] EXIT --> (_parseElementOnXpath)
14:39:33,038 INFO  [BrowserSelenium] EXIT --> (_getByLocator)
14:39:33,056 INFO  [BrowserSelenium] ENTER --> (_getByLocator)
14:39:33,056 INFO  [BrowserSelenium] (_getByLocator) -> Getting locator for null
14:39:33,056 INFO  [BrowserSelenium] (_getByLocator) -> Locator info found for XPATH attribute as: (//span[text()='Customers'])[2]
14:39:33,056 INFO  [BrowserSelenium] ENTER --> (_parseElementOnXpath)
14:39:33,057 INFO  [BrowserSelenium] (_parseElementOnXpath) -> (//span[text()='Customers'])[2] is used
14:39:33,057 INFO  [BrowserSelenium] EXIT --> (_parseElementOnXpath)
14:39:33,057 INFO  [BrowserSelenium] EXIT --> (_getByLocator)
14:39:33,076 INFO  [BrowserSelenium] ENTER --> (_getByLocator)
14:39:33,076 INFO  [BrowserSelenium] (_getByLocator) -> Getting locator for null
14:39:33,076 INFO  [BrowserSelenium] (_getByLocator) -> Locator info found for XPATH attribute as: (//span[text()='Customers'])[2]
14:39:33,076 INFO  [BrowserSelenium] ENTER --> (_parseElementOnXpath)
14:39:33,077 INFO  [BrowserSelenium] (_parseElementOnXpath) -> (//span[text()='Customers'])[2] is used
14:39:33,077 INFO  [BrowserSelenium] EXIT --> (_parseElementOnXpath)
14:39:33,077 INFO  [BrowserSelenium] EXIT --> (_getByLocator)
14:39:33,093 INFO  [BrowserSelenium] ENTER --> (_getByLocator)
14:39:33,093 INFO  [BrowserSelenium] (_getByLocator) -> Getting locator for null
14:39:33,093 INFO  [BrowserSelenium] (_getByLocator) -> Locator info found for XPATH attribute as: (//span[text()='Customers'])[2]
14:39:33,094 INFO  [BrowserSelenium] ENTER --> (_parseElementOnXpath)
14:39:33,094 INFO  [BrowserSelenium] (_parseElementOnXpath) -> (//span[text()='Customers'])[2] is used
14:39:33,094 INFO  [BrowserSelenium] EXIT --> (_parseElementOnXpath)
14:39:33,094 INFO  [BrowserSelenium] EXIT --> (_getByLocator)
14:39:33,112 INFO  [BrowserSelenium] ENTER --> (_getByLocator)
14:39:33,112 INFO  [BrowserSelenium] (_getByLocator) -> Getting locator for null
14:39:33,112 INFO  [BrowserSelenium] (_getByLocator) -> Locator info found for XPATH attribute as: (//span[text()='Customers'])[2]
14:39:33,112 INFO  [BrowserSelenium] ENTER --> (_parseElementOnXpath)
14:39:33,112 INFO  [BrowserSelenium] (_parseElementOnXpath) -> (//span[text()='Customers'])[2] is used
14:39:33,112 INFO  [BrowserSelenium] EXIT --> (_parseElementOnXpath)
14:39:33,113 INFO  [BrowserSelenium] EXIT --> (_getByLocator)
14:39:33,129 INFO  [BrowserSelenium] ENTER --> (_getByLocator)
14:39:33,129 INFO  [BrowserSelenium] (_getByLocator) -> Getting locator for null
14:39:33,129 INFO  [BrowserSelenium] (_getByLocator) -> Locator info found for XPATH attribute as: (//span[text()='Customers'])[2]
14:39:33,129 INFO  [BrowserSelenium] ENTER --> (_parseElementOnXpath)
14:39:33,130 INFO  [BrowserSelenium] (_parseElementOnXpath) -> (//span[text()='Customers'])[2] is used
14:39:33,130 INFO  [BrowserSelenium] EXIT --> (_parseElementOnXpath)
14:39:33,130 INFO  [BrowserSelenium] EXIT --> (_getByLocator)
14:39:33,147 INFO  [BrowserSelenium] ENTER --> (_getByLocator)
14:39:33,147 INFO  [BrowserSelenium] (_getByLocator) -> Getting locator for null
14:39:33,147 INFO  [BrowserSelenium] (_getByLocator) -> Locator info found for XPATH attribute as: (//span[text()='Customers'])[2]
14:39:33,147 INFO  [BrowserSelenium] ENTER --> (_parseElementOnXpath)
14:39:33,147 INFO  [BrowserSelenium] (_parseElementOnXpath) -> (//span[text()='Customers'])[2] is used
14:39:33,147 INFO  [BrowserSelenium] EXIT --> (_parseElementOnXpath)
14:39:33,148 INFO  [BrowserSelenium] EXIT --> (_getByLocator)
14:39:33,164 INFO  [BrowserSelenium] ENTER --> (_getByLocator)
14:39:33,164 INFO  [BrowserSelenium] (_getByLocator) -> Getting locator for null
14:39:33,164 INFO  [BrowserSelenium] (_getByLocator) -> Locator info found for XPATH attribute as: (//span[text()='Customers'])[2]
14:39:33,164 INFO  [BrowserSelenium] ENTER --> (_parseElementOnXpath)
14:39:33,165 INFO  [BrowserSelenium] (_parseElementOnXpath) -> (//span[text()='Customers'])[2] is used
14:39:33,165 INFO  [BrowserSelenium] EXIT --> (_parseElementOnXpath)
14:39:33,165 INFO  [BrowserSelenium] EXIT --> (_getByLocator)
14:39:33,184 INFO  [BrowserSelenium] ENTER --> (_getByLocator)
14:39:33,185 INFO  [BrowserSelenium] (_getByLocator) -> Getting locator for null
14:39:33,185 INFO  [BrowserSelenium] (_getByLocator) -> Locator info found for XPATH attribute as: (//span[text()='Customers'])[2]
14:39:33,185 INFO  [BrowserSelenium] ENTER --> (_parseElementOnXpath)
14:39:33,185 INFO  [BrowserSelenium] (_parseElementOnXpath) -> (//span[text()='Customers'])[2] is used
14:39:33,185 INFO  [BrowserSelenium] EXIT --> (_parseElementOnXpath)
14:39:33,185 INFO  [BrowserSelenium] EXIT --> (_getByLocator)
14:39:33,202 INFO  [BrowserSelenium] ENTER --> (_getByLocator)
14:39:33,202 INFO  [BrowserSelenium] (_getByLocator) -> Getting locator for null
14:39:33,202 INFO  [BrowserSelenium] (_getByLocator) -> Locator info found for XPATH attribute as: (//span[text()='Customers'])[2]
14:39:33,203 INFO  [BrowserSelenium] ENTER --> (_parseElementOnXpath)
14:39:33,203 INFO  [BrowserSelenium] (_parseElementOnXpath) -> (//span[text()='Customers'])[2] is used
14:39:33,203 INFO  [BrowserSelenium] EXIT --> (_parseElementOnXpath)
14:39:33,203 INFO  [BrowserSelenium] EXIT --> (_getByLocator)
14:39:33,221 INFO  [BrowserSelenium] ENTER --> (_getByLocator)
14:39:33,221 INFO  [BrowserSelenium] (_getByLocator) -> Getting locator for null
14:39:33,222 INFO  [BrowserSelenium] (_getByLocator) -> Locator info found for XPATH attribute as: (//span[text()='Customers'])[2]
14:39:33,222 INFO  [BrowserSelenium] ENTER --> (_parseElementOnXpath)
14:39:33,222 INFO  [BrowserSelenium] (_parseElementOnXpath) -> (//span[text()='Customers'])[2] is used
14:39:33,222 INFO  [BrowserSelenium] EXIT --> (_parseElementOnXpath)
14:39:33,222 INFO  [BrowserSelenium] EXIT --> (_getByLocator)
14:39:33,239 INFO  [BrowserSelenium] ENTER --> (_getByLocator)
14:39:33,239 INFO  [BrowserSelenium] (_getByLocator) -> Getting locator for null
14:39:33,239 INFO  [BrowserSelenium] (_getByLocator) -> Locator info found for XPATH attribute as: (//span[text()='Customers'])[2]
14:39:33,240 INFO  [BrowserSelenium] ENTER --> (_parseElementOnXpath)
14:39:33,240 INFO  [BrowserSelenium] (_parseElementOnXpath) -> (//span[text()='Customers'])[2] is used
14:39:33,240 INFO  [BrowserSelenium] EXIT --> (_parseElementOnXpath)
14:39:33,240 INFO  [BrowserSelenium] EXIT --> (_getByLocator)
14:39:33,256 INFO  [BrowserSelenium] ENTER --> (_getByLocator)
14:39:33,257 INFO  [BrowserSelenium] (_getByLocator) -> Getting locator for null
14:39:33,257 INFO  [BrowserSelenium] (_getByLocator) -> Locator info found for XPATH attribute as: (//span[text()='Customers'])[2]
14:39:33,257 INFO  [BrowserSelenium] ENTER --> (_parseElementOnXpath)
14:39:33,257 INFO  [BrowserSelenium] (_parseElementOnXpath) -> (//span[text()='Customers'])[2] is used
14:39:33,257 INFO  [BrowserSelenium] EXIT --> (_parseElementOnXpath)
14:39:33,257 INFO  [BrowserSelenium] EXIT --> (_getByLocator)
14:39:33,279 INFO  [BrowserSelenium] ENTER --> (_getByLocator)
14:39:33,279 INFO  [BrowserSelenium] (_getByLocator) -> Getting locator for null
14:39:33,279 INFO  [BrowserSelenium] (_getByLocator) -> Locator info found for XPATH attribute as: (//span[text()='Customers'])[2]
14:39:33,279 INFO  [BrowserSelenium] ENTER --> (_parseElementOnXpath)
14:39:33,279 INFO  [BrowserSelenium] (_parseElementOnXpath) -> (//span[text()='Customers'])[2] is used
14:39:33,279 INFO  [BrowserSelenium] EXIT --> (_parseElementOnXpath)
14:39:33,279 INFO  [BrowserSelenium] EXIT --> (_getByLocator)
14:39:33,301 INFO  [BrowserSelenium] ENTER --> (_getByLocator)
14:39:33,301 INFO  [BrowserSelenium] (_getByLocator) -> Getting locator for null
14:39:33,301 INFO  [BrowserSelenium] (_getByLocator) -> Locator info found for XPATH attribute as: (//span[text()='Customers'])[2]
14:39:33,301 INFO  [BrowserSelenium] ENTER --> (_parseElementOnXpath)
14:39:33,301 INFO  [BrowserSelenium] (_parseElementOnXpath) -> (//span[text()='Customers'])[2] is used
14:39:33,301 INFO  [BrowserSelenium] EXIT --> (_parseElementOnXpath)
14:39:33,302 INFO  [BrowserSelenium] EXIT --> (_getByLocator)
14:39:33,323 INFO  [BrowserSelenium] ENTER --> (_getByLocator)
14:39:33,323 INFO  [BrowserSelenium] (_getByLocator) -> Getting locator for null
14:39:33,323 INFO  [BrowserSelenium] (_getByLocator) -> Locator info found for XPATH attribute as: (//span[text()='Customers'])[2]
14:39:33,324 INFO  [BrowserSelenium] ENTER --> (_parseElementOnXpath)
14:39:33,324 INFO  [BrowserSelenium] (_parseElementOnXpath) -> (//span[text()='Customers'])[2] is used
14:39:33,324 INFO  [BrowserSelenium] EXIT --> (_parseElementOnXpath)
14:39:33,324 INFO  [BrowserSelenium] EXIT --> (_getByLocator)
14:39:33,341 INFO  [BrowserSelenium] ENTER --> (_getByLocator)
14:39:33,341 INFO  [BrowserSelenium] (_getByLocator) -> Getting locator for null
14:39:33,342 INFO  [BrowserSelenium] (_getByLocator) -> Locator info found for XPATH attribute as: (//span[text()='Customers'])[2]
14:39:33,342 INFO  [BrowserSelenium] ENTER --> (_parseElementOnXpath)
14:39:33,342 INFO  [BrowserSelenium] (_parseElementOnXpath) -> (//span[text()='Customers'])[2] is used
14:39:33,342 INFO  [BrowserSelenium] EXIT --> (_parseElementOnXpath)
14:39:33,342 INFO  [BrowserSelenium] EXIT --> (_getByLocator)
14:39:33,359 INFO  [BrowserSelenium] ENTER --> (_getByLocator)
14:39:33,359 INFO  [BrowserSelenium] (_getByLocator) -> Getting locator for null
14:39:33,359 INFO  [BrowserSelenium] (_getByLocator) -> Locator info found for XPATH attribute as: (//span[text()='Customers'])[2]
14:39:33,359 INFO  [BrowserSelenium] ENTER --> (_parseElementOnXpath)
14:39:33,359 INFO  [BrowserSelenium] (_parseElementOnXpath) -> (//span[text()='Customers'])[2] is used
14:39:33,359 INFO  [BrowserSelenium] EXIT --> (_parseElementOnXpath)
14:39:33,360 INFO  [BrowserSelenium] EXIT --> (_getByLocator)
14:39:33,376 INFO  [BrowserSelenium] ENTER --> (_getByLocator)
14:39:33,376 INFO  [BrowserSelenium] (_getByLocator) -> Getting locator for null
14:39:33,377 INFO  [BrowserSelenium] (_getByLocator) -> Locator info found for XPATH attribute as: (//span[text()='Customers'])[2]
14:39:33,377 INFO  [BrowserSelenium] ENTER --> (_parseElementOnXpath)
14:39:33,377 INFO  [BrowserSelenium] (_parseElementOnXpath) -> (//span[text()='Customers'])[2] is used
14:39:33,377 INFO  [BrowserSelenium] EXIT --> (_parseElementOnXpath)
14:39:33,377 INFO  [BrowserSelenium] EXIT --> (_getByLocator)
14:39:33,397 INFO  [BrowserSelenium] ENTER --> (_getByLocator)
14:39:33,397 INFO  [BrowserSelenium] (_getByLocator) -> Getting locator for null
14:39:33,397 INFO  [BrowserSelenium] (_getByLocator) -> Locator info found for XPATH attribute as: (//span[text()='Customers'])[2]
14:39:33,397 INFO  [BrowserSelenium] ENTER --> (_parseElementOnXpath)
14:39:33,397 INFO  [BrowserSelenium] (_parseElementOnXpath) -> (//span[text()='Customers'])[2] is used
14:39:33,398 INFO  [BrowserSelenium] EXIT --> (_parseElementOnXpath)
14:39:33,398 INFO  [BrowserSelenium] EXIT --> (_getByLocator)
14:39:33,414 INFO  [BrowserSelenium] ENTER --> (_getByLocator)
14:39:33,414 INFO  [BrowserSelenium] (_getByLocator) -> Getting locator for null
14:39:33,414 INFO  [BrowserSelenium] (_getByLocator) -> Locator info found for XPATH attribute as: (//span[text()='Customers'])[2]
14:39:33,414 INFO  [BrowserSelenium] ENTER --> (_parseElementOnXpath)
14:39:33,415 INFO  [BrowserSelenium] (_parseElementOnXpath) -> (//span[text()='Customers'])[2] is used
14:39:33,415 INFO  [BrowserSelenium] EXIT --> (_parseElementOnXpath)
14:39:33,415 INFO  [BrowserSelenium] EXIT --> (_getByLocator)
14:39:33,432 INFO  [BrowserSelenium] ENTER --> (_getByLocator)
14:39:33,432 INFO  [BrowserSelenium] (_getByLocator) -> Getting locator for null
14:39:33,432 INFO  [BrowserSelenium] (_getByLocator) -> Locator info found for XPATH attribute as: (//span[text()='Customers'])[2]
14:39:33,433 INFO  [BrowserSelenium] ENTER --> (_parseElementOnXpath)
14:39:33,433 INFO  [BrowserSelenium] (_parseElementOnXpath) -> (//span[text()='Customers'])[2] is used
14:39:33,433 INFO  [BrowserSelenium] EXIT --> (_parseElementOnXpath)
14:39:33,433 INFO  [BrowserSelenium] EXIT --> (_getByLocator)
14:39:33,450 INFO  [BrowserSelenium] ENTER --> (_getByLocator)
14:39:33,450 INFO  [BrowserSelenium] (_getByLocator) -> Getting locator for null
14:39:33,451 INFO  [BrowserSelenium] (_getByLocator) -> Locator info found for XPATH attribute as: (//span[text()='Customers'])[2]
14:39:33,451 INFO  [BrowserSelenium] ENTER --> (_parseElementOnXpath)
14:39:33,451 INFO  [BrowserSelenium] (_parseElementOnXpath) -> (//span[text()='Customers'])[2] is used
14:39:33,451 INFO  [BrowserSelenium] EXIT --> (_parseElementOnXpath)
14:39:33,451 INFO  [BrowserSelenium] EXIT --> (_getByLocator)
14:39:33,468 INFO  [BrowserSelenium] ENTER --> (_getByLocator)
14:39:33,468 INFO  [BrowserSelenium] (_getByLocator) -> Getting locator for null
14:39:33,468 INFO  [BrowserSelenium] (_getByLocator) -> Locator info found for XPATH attribute as: (//span[text()='Customers'])[2]
14:39:33,468 INFO  [BrowserSelenium] ENTER --> (_parseElementOnXpath)
14:39:33,468 INFO  [BrowserSelenium] (_parseElementOnXpath) -> (//span[text()='Customers'])[2] is used
14:39:33,468 INFO  [BrowserSelenium] EXIT --> (_parseElementOnXpath)
14:39:33,469 INFO  [BrowserSelenium] EXIT --> (_getByLocator)
14:39:33,491 INFO  [BrowserSelenium] ENTER --> (_getByLocator)
14:39:33,491 INFO  [BrowserSelenium] (_getByLocator) -> Getting locator for null
14:39:33,491 INFO  [BrowserSelenium] (_getByLocator) -> Locator info found for XPATH attribute as: (//span[text()='Customers'])[2]
14:39:33,491 INFO  [BrowserSelenium] ENTER --> (_parseElementOnXpath)
14:39:33,491 INFO  [BrowserSelenium] (_parseElementOnXpath) -> (//span[text()='Customers'])[2] is used
14:39:33,491 INFO  [BrowserSelenium] EXIT --> (_parseElementOnXpath)
14:39:33,492 INFO  [BrowserSelenium] EXIT --> (_getByLocator)
14:39:33,508 INFO  [BrowserSelenium] ENTER --> (_getByLocator)
14:39:33,508 INFO  [BrowserSelenium] (_getByLocator) -> Getting locator for null
14:39:33,509 INFO  [BrowserSelenium] (_getByLocator) -> Locator info found for XPATH attribute as: (//span[text()='Customers'])[2]
14:39:33,509 INFO  [BrowserSelenium] ENTER --> (_parseElementOnXpath)
14:39:33,509 INFO  [BrowserSelenium] (_parseElementOnXpath) -> (//span[text()='Customers'])[2] is used
14:39:33,509 INFO  [BrowserSelenium] EXIT --> (_parseElementOnXpath)
14:39:33,509 INFO  [BrowserSelenium] EXIT --> (_getByLocator)
14:39:33,526 INFO  [BrowserSelenium] ENTER --> (_getByLocator)
14:39:33,526 INFO  [BrowserSelenium] (_getByLocator) -> Getting locator for null
14:39:33,526 INFO  [BrowserSelenium] (_getByLocator) -> Locator info found for XPATH attribute as: (//span[text()='Customers'])[2]
14:39:33,526 INFO  [BrowserSelenium] ENTER --> (_parseElementOnXpath)
14:39:33,527 INFO  [BrowserSelenium] (_parseElementOnXpath) -> (//span[text()='Customers'])[2] is used
14:39:33,527 INFO  [BrowserSelenium] EXIT --> (_parseElementOnXpath)
14:39:33,527 INFO  [BrowserSelenium] EXIT --> (_getByLocator)
14:39:33,543 INFO  [BrowserSelenium] ENTER --> (_getByLocator)
14:39:33,544 INFO  [BrowserSelenium] (_getByLocator) -> Getting locator for null
14:39:33,544 INFO  [BrowserSelenium] (_getByLocator) -> Locator info found for XPATH attribute as: (//span[text()='Customers'])[2]
14:39:33,544 INFO  [BrowserSelenium] ENTER --> (_parseElementOnXpath)
14:39:33,544 INFO  [BrowserSelenium] (_parseElementOnXpath) -> (//span[text()='Customers'])[2] is used
14:39:33,544 INFO  [BrowserSelenium] EXIT --> (_parseElementOnXpath)
14:39:33,544 INFO  [BrowserSelenium] EXIT --> (_getByLocator)
14:39:33,563 INFO  [BrowserSelenium] ENTER --> (_getByLocator)
14:39:33,563 INFO  [BrowserSelenium] (_getByLocator) -> Getting locator for null
14:39:33,563 INFO  [BrowserSelenium] (_getByLocator) -> Locator info found for XPATH attribute as: (//span[text()='Customers'])[2]
14:39:33,563 INFO  [BrowserSelenium] ENTER --> (_parseElementOnXpath)
14:39:33,563 INFO  [BrowserSelenium] (_parseElementOnXpath) -> (//span[text()='Customers'])[2] is used
14:39:33,563 INFO  [BrowserSelenium] EXIT --> (_parseElementOnXpath)
14:39:33,564 INFO  [BrowserSelenium] EXIT --> (_getByLocator)
14:39:33,586 INFO  [BrowserSelenium] ENTER --> (_getByLocator)
14:39:33,586 INFO  [BrowserSelenium] (_getByLocator) -> Getting locator for null
14:39:33,587 INFO  [BrowserSelenium] (_getByLocator) -> Locator info found for XPATH attribute as: (//span[text()='Customers'])[2]
14:39:33,587 INFO  [BrowserSelenium] ENTER --> (_parseElementOnXpath)
14:39:33,587 INFO  [BrowserSelenium] (_parseElementOnXpath) -> (//span[text()='Customers'])[2] is used
14:39:33,587 INFO  [BrowserSelenium] EXIT --> (_parseElementOnXpath)
14:39:33,587 INFO  [BrowserSelenium] EXIT --> (_getByLocator)
14:39:33,609 INFO  [BrowserSelenium] ENTER --> (_getByLocator)
14:39:33,610 INFO  [BrowserSelenium] (_getByLocator) -> Getting locator for null
14:39:33,610 INFO  [BrowserSelenium] (_getByLocator) -> Locator info found for XPATH attribute as: (//span[text()='Customers'])[2]
14:39:33,610 INFO  [BrowserSelenium] ENTER --> (_parseElementOnXpath)
14:39:33,610 INFO  [BrowserSelenium] (_parseElementOnXpath) -> (//span[text()='Customers'])[2] is used
14:39:33,610 INFO  [BrowserSelenium] EXIT --> (_parseElementOnXpath)
14:39:33,610 INFO  [BrowserSelenium] EXIT --> (_getByLocator)
14:39:33,870 INFO  [BrowserSelenium] ENTER --> (_getByLocator)
14:39:33,870 INFO  [BrowserSelenium] (_getByLocator) -> Getting locator for null
14:39:33,870 INFO  [BrowserSelenium] (_getByLocator) -> Locator info found for XPATH attribute as: (//span[text()='Customers'])[2]
14:39:33,871 INFO  [BrowserSelenium] ENTER --> (_parseElementOnXpath)
14:39:33,871 INFO  [BrowserSelenium] (_parseElementOnXpath) -> (//span[text()='Customers'])[2] is used
14:39:33,871 INFO  [BrowserSelenium] EXIT --> (_parseElementOnXpath)
14:39:33,871 INFO  [BrowserSelenium] EXIT --> (_getByLocator)
14:39:33,892 INFO  [BrowserSelenium] ENTER --> (_getByLocator)
14:39:33,892 INFO  [BrowserSelenium] (_getByLocator) -> Getting locator for null
14:39:33,892 INFO  [BrowserSelenium] (_getByLocator) -> Locator info found for XPATH attribute as: (//span[text()='Customers'])[2]
14:39:33,892 INFO  [BrowserSelenium] ENTER --> (_parseElementOnXpath)
14:39:33,892 INFO  [BrowserSelenium] (_parseElementOnXpath) -> (//span[text()='Customers'])[2] is used
14:39:33,892 INFO  [BrowserSelenium] EXIT --> (_parseElementOnXpath)
14:39:33,892 INFO  [BrowserSelenium] EXIT --> (_getByLocator)
14:39:33,909 INFO  [BrowserSelenium] ENTER --> (_getByLocator)
14:39:33,910 INFO  [BrowserSelenium] (_getByLocator) -> Getting locator for null
14:39:33,910 INFO  [BrowserSelenium] (_getByLocator) -> Locator info found for XPATH attribute as: (//span[text()='Customers'])[2]
14:39:33,910 INFO  [BrowserSelenium] ENTER --> (_parseElementOnXpath)
14:39:33,910 INFO  [BrowserSelenium] (_parseElementOnXpath) -> (//span[text()='Customers'])[2] is used
14:39:33,910 INFO  [BrowserSelenium] EXIT --> (_parseElementOnXpath)
14:39:33,910 INFO  [BrowserSelenium] EXIT --> (_getByLocator)
14:39:33,926 INFO  [BrowserSelenium] ENTER --> (_getByLocator)
14:39:33,926 INFO  [BrowserSelenium] (_getByLocator) -> Getting locator for null
14:39:33,926 INFO  [BrowserSelenium] (_getByLocator) -> Locator info found for XPATH attribute as: (//span[text()='Customers'])[2]
14:39:33,927 INFO  [BrowserSelenium] ENTER --> (_parseElementOnXpath)
14:39:33,927 INFO  [BrowserSelenium] (_parseElementOnXpath) -> (//span[text()='Customers'])[2] is used
14:39:33,927 INFO  [BrowserSelenium] EXIT --> (_parseElementOnXpath)
14:39:33,927 INFO  [BrowserSelenium] EXIT --> (_getByLocator)
14:39:33,944 INFO  [BrowserSelenium] ENTER --> (_getByLocator)
14:39:33,944 INFO  [BrowserSelenium] (_getByLocator) -> Getting locator for null
14:39:33,944 INFO  [BrowserSelenium] (_getByLocator) -> Locator info found for XPATH attribute as: (//span[text()='Customers'])[2]
14:39:33,944 INFO  [BrowserSelenium] ENTER --> (_parseElementOnXpath)
14:39:33,945 INFO  [BrowserSelenium] (_parseElementOnXpath) -> (//span[text()='Customers'])[2] is used
14:39:33,945 INFO  [BrowserSelenium] EXIT --> (_parseElementOnXpath)
14:39:33,945 INFO  [BrowserSelenium] EXIT --> (_getByLocator)
14:39:33,961 INFO  [BrowserSelenium] ENTER --> (_getByLocator)
14:39:33,961 INFO  [BrowserSelenium] (_getByLocator) -> Getting locator for null
14:39:33,961 INFO  [BrowserSelenium] (_getByLocator) -> Locator info found for XPATH attribute as: (//span[text()='Customers'])[2]
14:39:33,961 INFO  [BrowserSelenium] ENTER --> (_parseElementOnXpath)
14:39:33,961 INFO  [BrowserSelenium] (_parseElementOnXpath) -> (//span[text()='Customers'])[2] is used
14:39:33,961 INFO  [BrowserSelenium] EXIT --> (_parseElementOnXpath)
14:39:33,962 INFO  [BrowserSelenium] EXIT --> (_getByLocator)
14:39:33,978 INFO  [BrowserSelenium] ENTER --> (_getByLocator)
14:39:33,978 INFO  [BrowserSelenium] (_getByLocator) -> Getting locator for null
14:39:33,978 INFO  [BrowserSelenium] (_getByLocator) -> Locator info found for XPATH attribute as: (//span[text()='Customers'])[2]
14:39:33,978 INFO  [BrowserSelenium] ENTER --> (_parseElementOnXpath)
14:39:33,978 INFO  [BrowserSelenium] (_parseElementOnXpath) -> (//span[text()='Customers'])[2] is used
14:39:33,978 INFO  [BrowserSelenium] EXIT --> (_parseElementOnXpath)
14:39:33,978 INFO  [BrowserSelenium] EXIT --> (_getByLocator)
14:39:33,994 INFO  [BrowserSelenium] ENTER --> (_getByLocator)
14:39:33,995 INFO  [BrowserSelenium] (_getByLocator) -> Getting locator for null
14:39:33,995 INFO  [BrowserSelenium] (_getByLocator) -> Locator info found for XPATH attribute as: (//span[text()='Customers'])[2]
14:39:33,995 INFO  [BrowserSelenium] ENTER --> (_parseElementOnXpath)
14:39:33,995 INFO  [BrowserSelenium] (_parseElementOnXpath) -> (//span[text()='Customers'])[2] is used
14:39:33,995 INFO  [BrowserSelenium] EXIT --> (_parseElementOnXpath)
14:39:33,995 INFO  [BrowserSelenium] EXIT --> (_getByLocator)
14:39:34,011 INFO  [BrowserSelenium] ENTER --> (_getByLocator)
14:39:34,011 INFO  [BrowserSelenium] (_getByLocator) -> Getting locator for null
14:39:34,012 INFO  [BrowserSelenium] (_getByLocator) -> Locator info found for XPATH attribute as: (//span[text()='Customers'])[2]
14:39:34,012 INFO  [BrowserSelenium] ENTER --> (_parseElementOnXpath)
14:39:34,012 INFO  [BrowserSelenium] (_parseElementOnXpath) -> (//span[text()='Customers'])[2] is used
14:39:34,012 INFO  [BrowserSelenium] EXIT --> (_parseElementOnXpath)
14:39:34,012 INFO  [BrowserSelenium] EXIT --> (_getByLocator)
14:39:34,028 INFO  [BrowserSelenium] ENTER --> (_getByLocator)
14:39:34,028 INFO  [BrowserSelenium] (_getByLocator) -> Getting locator for null
14:39:34,028 INFO  [BrowserSelenium] (_getByLocator) -> Locator info found for XPATH attribute as: (//span[text()='Customers'])[2]
14:39:34,028 INFO  [BrowserSelenium] ENTER --> (_parseElementOnXpath)
14:39:34,029 INFO  [BrowserSelenium] (_parseElementOnXpath) -> (//span[text()='Customers'])[2] is used
14:39:34,029 INFO  [BrowserSelenium] EXIT --> (_parseElementOnXpath)
14:39:34,029 INFO  [BrowserSelenium] EXIT --> (_getByLocator)
14:39:34,045 INFO  [BrowserSelenium] ENTER --> (_getByLocator)
14:39:34,045 INFO  [BrowserSelenium] (_getByLocator) -> Getting locator for null
14:39:34,045 INFO  [BrowserSelenium] (_getByLocator) -> Locator info found for XPATH attribute as: (//span[text()='Customers'])[2]
14:39:34,045 INFO  [BrowserSelenium] ENTER --> (_parseElementOnXpath)
14:39:34,046 INFO  [BrowserSelenium] (_parseElementOnXpath) -> (//span[text()='Customers'])[2] is used
14:39:34,046 INFO  [BrowserSelenium] EXIT --> (_parseElementOnXpath)
14:39:34,046 INFO  [BrowserSelenium] EXIT --> (_getByLocator)
14:39:34,063 INFO  [BrowserSelenium] ENTER --> (_getByLocator)
14:39:34,063 INFO  [BrowserSelenium] (_getByLocator) -> Getting locator for null
14:39:34,064 INFO  [BrowserSelenium] (_getByLocator) -> Locator info found for XPATH attribute as: (//span[text()='Customers'])[2]
14:39:34,064 INFO  [BrowserSelenium] ENTER --> (_parseElementOnXpath)
14:39:34,064 INFO  [BrowserSelenium] (_parseElementOnXpath) -> (//span[text()='Customers'])[2] is used
14:39:34,064 INFO  [BrowserSelenium] EXIT --> (_parseElementOnXpath)
14:39:34,064 INFO  [BrowserSelenium] EXIT --> (_getByLocator)
14:39:34,082 INFO  [BrowserSelenium] ENTER --> (_getByLocator)
14:39:34,082 INFO  [BrowserSelenium] (_getByLocator) -> Getting locator for null
14:39:34,082 INFO  [BrowserSelenium] (_getByLocator) -> Locator info found for XPATH attribute as: (//span[text()='Customers'])[2]
14:39:34,082 INFO  [BrowserSelenium] ENTER --> (_parseElementOnXpath)
14:39:34,082 INFO  [BrowserSelenium] (_parseElementOnXpath) -> (//span[text()='Customers'])[2] is used
14:39:34,082 INFO  [BrowserSelenium] EXIT --> (_parseElementOnXpath)
14:39:34,082 INFO  [BrowserSelenium] EXIT --> (_getByLocator)
14:39:34,100 INFO  [BrowserSelenium] ENTER --> (_getByLocator)
14:39:34,100 INFO  [BrowserSelenium] (_getByLocator) -> Getting locator for null
14:39:34,100 INFO  [BrowserSelenium] (_getByLocator) -> Locator info found for XPATH attribute as: (//span[text()='Customers'])[2]
14:39:34,100 INFO  [BrowserSelenium] ENTER --> (_parseElementOnXpath)
14:39:34,100 INFO  [BrowserSelenium] (_parseElementOnXpath) -> (//span[text()='Customers'])[2] is used
14:39:34,100 INFO  [BrowserSelenium] EXIT --> (_parseElementOnXpath)
14:39:34,100 INFO  [BrowserSelenium] EXIT --> (_getByLocator)
14:39:34,116 INFO  [BrowserSelenium] ENTER --> (_getByLocator)
14:39:34,117 INFO  [BrowserSelenium] (_getByLocator) -> Getting locator for null
14:39:34,117 INFO  [BrowserSelenium] (_getByLocator) -> Locator info found for XPATH attribute as: (//span[text()='Customers'])[2]
14:39:34,117 INFO  [BrowserSelenium] ENTER --> (_parseElementOnXpath)
14:39:34,117 INFO  [BrowserSelenium] (_parseElementOnXpath) -> (//span[text()='Customers'])[2] is used
14:39:34,117 INFO  [BrowserSelenium] EXIT --> (_parseElementOnXpath)
14:39:34,117 INFO  [BrowserSelenium] EXIT --> (_getByLocator)
14:39:34,133 INFO  [BrowserSelenium] ENTER --> (_getByLocator)
14:39:34,133 INFO  [BrowserSelenium] (_getByLocator) -> Getting locator for null
14:39:34,134 INFO  [BrowserSelenium] (_getByLocator) -> Locator info found for XPATH attribute as: (//span[text()='Customers'])[2]
14:39:34,134 INFO  [BrowserSelenium] ENTER --> (_parseElementOnXpath)
14:39:34,134 INFO  [BrowserSelenium] (_parseElementOnXpath) -> (//span[text()='Customers'])[2] is used
14:39:34,134 INFO  [BrowserSelenium] EXIT --> (_parseElementOnXpath)
14:39:34,134 INFO  [BrowserSelenium] EXIT --> (_getByLocator)
14:39:34,151 INFO  [BrowserSelenium] ENTER --> (_getByLocator)
14:39:34,152 INFO  [BrowserSelenium] (_getByLocator) -> Getting locator for null
14:39:34,152 INFO  [BrowserSelenium] (_getByLocator) -> Locator info found for XPATH attribute as: (//span[text()='Customers'])[2]
14:39:34,152 INFO  [BrowserSelenium] ENTER --> (_parseElementOnXpath)
14:39:34,152 INFO  [BrowserSelenium] (_parseElementOnXpath) -> (//span[text()='Customers'])[2] is used
14:39:34,152 INFO  [BrowserSelenium] EXIT --> (_parseElementOnXpath)
14:39:34,152 INFO  [BrowserSelenium] EXIT --> (_getByLocator)
14:39:34,168 INFO  [BrowserSelenium] ENTER --> (_getByLocator)
14:39:34,168 INFO  [BrowserSelenium] (_getByLocator) -> Getting locator for null
14:39:34,168 INFO  [BrowserSelenium] (_getByLocator) -> Locator info found for XPATH attribute as: (//span[text()='Customers'])[2]
14:39:34,169 INFO  [BrowserSelenium] ENTER --> (_parseElementOnXpath)
14:39:34,169 INFO  [BrowserSelenium] (_parseElementOnXpath) -> (//span[text()='Customers'])[2] is used
14:39:34,169 INFO  [BrowserSelenium] EXIT --> (_parseElementOnXpath)
14:39:34,169 INFO  [BrowserSelenium] EXIT --> (_getByLocator)
14:39:34,187 INFO  [BrowserSelenium] ENTER --> (_getByLocator)
14:39:34,187 INFO  [BrowserSelenium] (_getByLocator) -> Getting locator for null
14:39:34,187 INFO  [BrowserSelenium] (_getByLocator) -> Locator info found for XPATH attribute as: (//span[text()='Customers'])[2]
14:39:34,187 INFO  [BrowserSelenium] ENTER --> (_parseElementOnXpath)
14:39:34,188 INFO  [BrowserSelenium] (_parseElementOnXpath) -> (//span[text()='Customers'])[2] is used
14:39:34,188 INFO  [BrowserSelenium] EXIT --> (_parseElementOnXpath)
14:39:34,188 INFO  [BrowserSelenium] EXIT --> (_getByLocator)
14:39:34,204 INFO  [BrowserSelenium] ENTER --> (_getByLocator)
14:39:34,204 INFO  [BrowserSelenium] (_getByLocator) -> Getting locator for null
14:39:34,204 INFO  [BrowserSelenium] (_getByLocator) -> Locator info found for XPATH attribute as: (//span[text()='Customers'])[2]
14:39:34,204 INFO  [BrowserSelenium] ENTER --> (_parseElementOnXpath)
14:39:34,205 INFO  [BrowserSelenium] (_parseElementOnXpath) -> (//span[text()='Customers'])[2] is used
14:39:34,205 INFO  [BrowserSelenium] EXIT --> (_parseElementOnXpath)
14:39:34,205 INFO  [BrowserSelenium] EXIT --> (_getByLocator)
14:39:34,221 INFO  [BrowserSelenium] ENTER --> (_getByLocator)
14:39:34,221 INFO  [BrowserSelenium] (_getByLocator) -> Getting locator for null
14:39:34,221 INFO  [BrowserSelenium] (_getByLocator) -> Locator info found for XPATH attribute as: (//span[text()='Customers'])[2]
14:39:34,221 INFO  [BrowserSelenium] ENTER --> (_parseElementOnXpath)
14:39:34,221 INFO  [BrowserSelenium] (_parseElementOnXpath) -> (//span[text()='Customers'])[2] is used
14:39:34,221 INFO  [BrowserSelenium] EXIT --> (_parseElementOnXpath)
14:39:34,222 INFO  [BrowserSelenium] EXIT --> (_getByLocator)
14:39:34,238 INFO  [BrowserSelenium] ENTER --> (_getByLocator)
14:39:34,238 INFO  [BrowserSelenium] (_getByLocator) -> Getting locator for null
14:39:34,238 INFO  [BrowserSelenium] (_getByLocator) -> Locator info found for XPATH attribute as: (//span[text()='Customers'])[2]
14:39:34,238 INFO  [BrowserSelenium] ENTER --> (_parseElementOnXpath)
14:39:34,238 INFO  [BrowserSelenium] (_parseElementOnXpath) -> (//span[text()='Customers'])[2] is used
14:39:34,238 INFO  [BrowserSelenium] EXIT --> (_parseElementOnXpath)
14:39:34,239 INFO  [BrowserSelenium] EXIT --> (_getByLocator)
14:39:34,255 INFO  [BrowserSelenium] ENTER --> (_getByLocator)
14:39:34,255 INFO  [BrowserSelenium] (_getByLocator) -> Getting locator for null
14:39:34,255 INFO  [BrowserSelenium] (_getByLocator) -> Locator info found for XPATH attribute as: (//span[text()='Customers'])[2]
14:39:34,255 INFO  [BrowserSelenium] ENTER --> (_parseElementOnXpath)
14:39:34,255 INFO  [BrowserSelenium] (_parseElementOnXpath) -> (//span[text()='Customers'])[2] is used
14:39:34,255 INFO  [BrowserSelenium] EXIT --> (_parseElementOnXpath)
14:39:34,255 INFO  [BrowserSelenium] EXIT --> (_getByLocator)
14:39:34,273 INFO  [BrowserSelenium] ENTER --> (_getByLocator)
14:39:34,273 INFO  [BrowserSelenium] (_getByLocator) -> Getting locator for null
14:39:34,273 INFO  [BrowserSelenium] (_getByLocator) -> Locator info found for XPATH attribute as: (//span[text()='Customers'])[2]
14:39:34,273 INFO  [BrowserSelenium] ENTER --> (_parseElementOnXpath)
14:39:34,273 INFO  [BrowserSelenium] (_parseElementOnXpath) -> (//span[text()='Customers'])[2] is used
14:39:34,274 INFO  [BrowserSelenium] EXIT --> (_parseElementOnXpath)
14:39:34,274 INFO  [BrowserSelenium] EXIT --> (_getByLocator)
14:39:34,292 INFO  [BrowserSelenium] ENTER --> (_getByLocator)
14:39:34,293 INFO  [BrowserSelenium] (_getByLocator) -> Getting locator for null
14:39:34,293 INFO  [BrowserSelenium] (_getByLocator) -> Locator info found for XPATH attribute as: (//span[text()='Customers'])[2]
14:39:34,293 INFO  [BrowserSelenium] ENTER --> (_parseElementOnXpath)
14:39:34,293 INFO  [BrowserSelenium] (_parseElementOnXpath) -> (//span[text()='Customers'])[2] is used
14:39:34,293 INFO  [BrowserSelenium] EXIT --> (_parseElementOnXpath)
14:39:34,293 INFO  [BrowserSelenium] EXIT --> (_getByLocator)
14:39:34,309 INFO  [BrowserSelenium] ENTER --> (_getByLocator)
14:39:34,309 INFO  [BrowserSelenium] (_getByLocator) -> Getting locator for null
14:39:34,309 INFO  [BrowserSelenium] (_getByLocator) -> Locator info found for XPATH attribute as: (//span[text()='Customers'])[2]
14:39:34,310 INFO  [BrowserSelenium] ENTER --> (_parseElementOnXpath)
14:39:34,310 INFO  [BrowserSelenium] (_parseElementOnXpath) -> (//span[text()='Customers'])[2] is used
14:39:34,310 INFO  [BrowserSelenium] EXIT --> (_parseElementOnXpath)
14:39:34,310 INFO  [BrowserSelenium] EXIT --> (_getByLocator)
14:39:34,326 INFO  [BrowserSelenium] ENTER --> (_getByLocator)
14:39:34,326 INFO  [BrowserSelenium] (_getByLocator) -> Getting locator for null
14:39:34,327 INFO  [BrowserSelenium] (_getByLocator) -> Locator info found for XPATH attribute as: (//span[text()='Customers'])[2]
14:39:34,327 INFO  [BrowserSelenium] ENTER --> (_parseElementOnXpath)
14:39:34,327 INFO  [BrowserSelenium] (_parseElementOnXpath) -> (//span[text()='Customers'])[2] is used
14:39:34,327 INFO  [BrowserSelenium] EXIT --> (_parseElementOnXpath)
14:39:34,327 INFO  [BrowserSelenium] EXIT --> (_getByLocator)
14:39:34,343 INFO  [BrowserSelenium] ENTER --> (_getByLocator)
14:39:34,343 INFO  [BrowserSelenium] (_getByLocator) -> Getting locator for null
14:39:34,343 INFO  [BrowserSelenium] (_getByLocator) -> Locator info found for XPATH attribute as: (//span[text()='Customers'])[2]
14:39:34,343 INFO  [BrowserSelenium] ENTER --> (_parseElementOnXpath)
14:39:34,344 INFO  [BrowserSelenium] (_parseElementOnXpath) -> (//span[text()='Customers'])[2] is used
14:39:34,344 INFO  [BrowserSelenium] EXIT --> (_parseElementOnXpath)
14:39:34,344 INFO  [BrowserSelenium] EXIT --> (_getByLocator)
14:39:34,360 INFO  [BrowserSelenium] ENTER --> (_getByLocator)
14:39:34,360 INFO  [BrowserSelenium] (_getByLocator) -> Getting locator for null
14:39:34,360 INFO  [BrowserSelenium] (_getByLocator) -> Locator info found for XPATH attribute as: (//span[text()='Customers'])[2]
14:39:34,360 INFO  [BrowserSelenium] ENTER --> (_parseElementOnXpath)
14:39:34,360 INFO  [BrowserSelenium] (_parseElementOnXpath) -> (//span[text()='Customers'])[2] is used
14:39:34,361 INFO  [BrowserSelenium] EXIT --> (_parseElementOnXpath)
14:39:34,361 INFO  [BrowserSelenium] EXIT --> (_getByLocator)
14:39:34,377 INFO  [BrowserSelenium] ENTER --> (_getByLocator)
14:39:34,378 INFO  [BrowserSelenium] (_getByLocator) -> Getting locator for null
14:39:34,378 INFO  [BrowserSelenium] (_getByLocator) -> Locator info found for XPATH attribute as: (//span[text()='Customers'])[2]
14:39:34,378 INFO  [BrowserSelenium] ENTER --> (_parseElementOnXpath)
14:39:34,378 INFO  [BrowserSelenium] (_parseElementOnXpath) -> (//span[text()='Customers'])[2] is used
14:39:34,378 INFO  [BrowserSelenium] EXIT --> (_parseElementOnXpath)
14:39:34,378 INFO  [BrowserSelenium] EXIT --> (_getByLocator)
14:39:34,396 INFO  [BrowserSelenium] ENTER --> (_getByLocator)
14:39:34,396 INFO  [BrowserSelenium] (_getByLocator) -> Getting locator for null
14:39:34,396 INFO  [BrowserSelenium] (_getByLocator) -> Locator info found for XPATH attribute as: (//span[text()='Customers'])[2]
14:39:34,396 INFO  [BrowserSelenium] ENTER --> (_parseElementOnXpath)
14:39:34,396 INFO  [BrowserSelenium] (_parseElementOnXpath) -> (//span[text()='Customers'])[2] is used
14:39:34,396 INFO  [BrowserSelenium] EXIT --> (_parseElementOnXpath)
14:39:34,396 INFO  [BrowserSelenium] EXIT --> (_getByLocator)
14:39:34,413 INFO  [BrowserSelenium] ENTER --> (_getByLocator)
14:39:34,413 INFO  [BrowserSelenium] (_getByLocator) -> Getting locator for null
14:39:34,413 INFO  [BrowserSelenium] (_getByLocator) -> Locator info found for XPATH attribute as: (//span[text()='Customers'])[2]
14:39:34,413 INFO  [BrowserSelenium] ENTER --> (_parseElementOnXpath)
14:39:34,413 INFO  [BrowserSelenium] (_parseElementOnXpath) -> (//span[text()='Customers'])[2] is used
14:39:34,413 INFO  [BrowserSelenium] EXIT --> (_parseElementOnXpath)
14:39:34,413 INFO  [BrowserSelenium] EXIT --> (_getByLocator)
14:39:34,429 INFO  [BrowserSelenium] ENTER --> (_getByLocator)
14:39:34,430 INFO  [BrowserSelenium] (_getByLocator) -> Getting locator for null
14:39:34,430 INFO  [BrowserSelenium] (_getByLocator) -> Locator info found for XPATH attribute as: (//span[text()='Customers'])[2]
14:39:34,430 INFO  [BrowserSelenium] ENTER --> (_parseElementOnXpath)
14:39:34,430 INFO  [BrowserSelenium] (_parseElementOnXpath) -> (//span[text()='Customers'])[2] is used
14:39:34,430 INFO  [BrowserSelenium] EXIT --> (_parseElementOnXpath)
14:39:34,430 INFO  [BrowserSelenium] EXIT --> (_getByLocator)
14:39:34,447 INFO  [BrowserSelenium] ENTER --> (_getByLocator)
14:39:34,447 INFO  [BrowserSelenium] (_getByLocator) -> Getting locator for null
14:39:34,447 INFO  [BrowserSelenium] (_getByLocator) -> Locator info found for XPATH attribute as: (//span[text()='Customers'])[2]
14:39:34,447 INFO  [BrowserSelenium] ENTER --> (_parseElementOnXpath)
14:39:34,447 INFO  [BrowserSelenium] (_parseElementOnXpath) -> (//span[text()='Customers'])[2] is used
14:39:34,447 INFO  [BrowserSelenium] EXIT --> (_parseElementOnXpath)
14:39:34,447 INFO  [BrowserSelenium] EXIT --> (_getByLocator)
14:39:34,464 INFO  [BrowserSelenium] ENTER --> (_getByLocator)
14:39:34,464 INFO  [BrowserSelenium] (_getByLocator) -> Getting locator for null
14:39:34,464 INFO  [BrowserSelenium] (_getByLocator) -> Locator info found for XPATH attribute as: (//span[text()='Customers'])[2]
14:39:34,464 INFO  [BrowserSelenium] ENTER --> (_parseElementOnXpath)
14:39:34,464 INFO  [BrowserSelenium] (_parseElementOnXpath) -> (//span[text()='Customers'])[2] is used
14:39:34,464 INFO  [BrowserSelenium] EXIT --> (_parseElementOnXpath)
14:39:34,464 INFO  [BrowserSelenium] EXIT --> (_getByLocator)
14:39:34,484 INFO  [BrowserSelenium] ENTER --> (_getByLocator)
14:39:34,484 INFO  [BrowserSelenium] (_getByLocator) -> Getting locator for null
14:39:34,484 INFO  [BrowserSelenium] (_getByLocator) -> Locator info found for XPATH attribute as: (//span[text()='Customers'])[2]
14:39:34,484 INFO  [BrowserSelenium] ENTER --> (_parseElementOnXpath)
14:39:34,484 INFO  [BrowserSelenium] (_parseElementOnXpath) -> (//span[text()='Customers'])[2] is used
14:39:34,484 INFO  [BrowserSelenium] EXIT --> (_parseElementOnXpath)
14:39:34,484 INFO  [BrowserSelenium] EXIT --> (_getByLocator)
14:39:34,500 INFO  [BrowserSelenium] ENTER --> (_getByLocator)
14:39:34,501 INFO  [BrowserSelenium] (_getByLocator) -> Getting locator for null
14:39:34,501 INFO  [BrowserSelenium] (_getByLocator) -> Locator info found for XPATH attribute as: (//span[text()='Customers'])[2]
14:39:34,501 INFO  [BrowserSelenium] ENTER --> (_parseElementOnXpath)
14:39:34,501 INFO  [BrowserSelenium] (_parseElementOnXpath) -> (//span[text()='Customers'])[2] is used
14:39:34,501 INFO  [BrowserSelenium] EXIT --> (_parseElementOnXpath)
14:39:34,501 INFO  [BrowserSelenium] EXIT --> (_getByLocator)
14:39:34,519 INFO  [BrowserSelenium] ENTER --> (_getByLocator)
14:39:34,519 INFO  [BrowserSelenium] (_getByLocator) -> Getting locator for null
14:39:34,519 INFO  [BrowserSelenium] (_getByLocator) -> Locator info found for XPATH attribute as: (//span[text()='Customers'])[2]
14:39:34,520 INFO  [BrowserSelenium] ENTER --> (_parseElementOnXpath)
14:39:34,520 INFO  [BrowserSelenium] (_parseElementOnXpath) -> (//span[text()='Customers'])[2] is used
14:39:34,520 INFO  [BrowserSelenium] EXIT --> (_parseElementOnXpath)
14:39:34,520 INFO  [BrowserSelenium] EXIT --> (_getByLocator)
14:39:34,539 INFO  [BrowserSelenium] ENTER --> (_getByLocator)
14:39:34,539 INFO  [BrowserSelenium] (_getByLocator) -> Getting locator for null
14:39:34,539 INFO  [BrowserSelenium] (_getByLocator) -> Locator info found for XPATH attribute as: (//span[text()='Customers'])[2]
14:39:34,539 INFO  [BrowserSelenium] ENTER --> (_parseElementOnXpath)
14:39:34,539 INFO  [BrowserSelenium] (_parseElementOnXpath) -> (//span[text()='Customers'])[2] is used
14:39:34,539 INFO  [BrowserSelenium] EXIT --> (_parseElementOnXpath)
14:39:34,539 INFO  [BrowserSelenium] EXIT --> (_getByLocator)
14:39:34,556 INFO  [BrowserSelenium] ENTER --> (_getByLocator)
14:39:34,556 INFO  [BrowserSelenium] (_getByLocator) -> Getting locator for null
14:39:34,556 INFO  [BrowserSelenium] (_getByLocator) -> Locator info found for XPATH attribute as: (//span[text()='Customers'])[2]
14:39:34,556 INFO  [BrowserSelenium] ENTER --> (_parseElementOnXpath)
14:39:34,556 INFO  [BrowserSelenium] (_parseElementOnXpath) -> (//span[text()='Customers'])[2] is used
14:39:34,556 INFO  [BrowserSelenium] EXIT --> (_parseElementOnXpath)
14:39:34,556 INFO  [BrowserSelenium] EXIT --> (_getByLocator)
14:39:34,573 INFO  [BrowserSelenium] ENTER --> (_getByLocator)
14:39:34,573 INFO  [BrowserSelenium] (_getByLocator) -> Getting locator for null
14:39:34,573 INFO  [BrowserSelenium] (_getByLocator) -> Locator info found for XPATH attribute as: (//span[text()='Customers'])[2]
14:39:34,573 INFO  [BrowserSelenium] ENTER --> (_parseElementOnXpath)
14:39:34,573 INFO  [BrowserSelenium] (_parseElementOnXpath) -> (//span[text()='Customers'])[2] is used
14:39:34,574 INFO  [BrowserSelenium] EXIT --> (_parseElementOnXpath)
14:39:34,574 INFO  [BrowserSelenium] EXIT --> (_getByLocator)
14:39:34,590 INFO  [BrowserSelenium] ENTER --> (_getByLocator)
14:39:34,590 INFO  [BrowserSelenium] (_getByLocator) -> Getting locator for null
14:39:34,591 INFO  [BrowserSelenium] (_getByLocator) -> Locator info found for XPATH attribute as: (//span[text()='Customers'])[2]
14:39:34,591 INFO  [BrowserSelenium] ENTER --> (_parseElementOnXpath)
14:39:34,591 INFO  [BrowserSelenium] (_parseElementOnXpath) -> (//span[text()='Customers'])[2] is used
14:39:34,591 INFO  [BrowserSelenium] EXIT --> (_parseElementOnXpath)
14:39:34,591 INFO  [BrowserSelenium] EXIT --> (_getByLocator)
14:39:34,607 INFO  [BrowserSelenium] ENTER --> (_getByLocator)
14:39:34,607 INFO  [BrowserSelenium] (_getByLocator) -> Getting locator for null
14:39:34,607 INFO  [BrowserSelenium] (_getByLocator) -> Locator info found for XPATH attribute as: (//span[text()='Customers'])[2]
14:39:34,608 INFO  [BrowserSelenium] ENTER --> (_parseElementOnXpath)
14:39:34,608 INFO  [BrowserSelenium] (_parseElementOnXpath) -> (//span[text()='Customers'])[2] is used
14:39:34,608 INFO  [BrowserSelenium] EXIT --> (_parseElementOnXpath)
14:39:34,608 INFO  [BrowserSelenium] EXIT --> (_getByLocator)
14:39:34,624 INFO  [BrowserSelenium] ENTER --> (_getByLocator)
14:39:34,624 INFO  [BrowserSelenium] (_getByLocator) -> Getting locator for null
14:39:34,624 INFO  [BrowserSelenium] (_getByLocator) -> Locator info found for XPATH attribute as: (//span[text()='Customers'])[2]
14:39:34,624 INFO  [BrowserSelenium] ENTER --> (_parseElementOnXpath)
14:39:34,624 INFO  [BrowserSelenium] (_parseElementOnXpath) -> (//span[text()='Customers'])[2] is used
14:39:34,625 INFO  [BrowserSelenium] EXIT --> (_parseElementOnXpath)
14:39:34,625 INFO  [BrowserSelenium] EXIT --> (_getByLocator)
14:39:34,641 INFO  [BrowserSelenium] ENTER --> (_getByLocator)
14:39:34,641 INFO  [BrowserSelenium] (_getByLocator) -> Getting locator for null
14:39:34,641 INFO  [BrowserSelenium] (_getByLocator) -> Locator info found for XPATH attribute as: (//span[text()='Customers'])[2]
14:39:34,641 INFO  [BrowserSelenium] ENTER --> (_parseElementOnXpath)
14:39:34,641 INFO  [BrowserSelenium] (_parseElementOnXpath) -> (//span[text()='Customers'])[2] is used
14:39:34,642 INFO  [BrowserSelenium] EXIT --> (_parseElementOnXpath)
14:39:34,642 INFO  [BrowserSelenium] EXIT --> (_getByLocator)
14:39:34,658 INFO  [BrowserSelenium] ENTER --> (_getByLocator)
14:39:34,658 INFO  [BrowserSelenium] (_getByLocator) -> Getting locator for null
14:39:34,658 INFO  [BrowserSelenium] (_getByLocator) -> Locator info found for XPATH attribute as: (//span[text()='Customers'])[2]
14:39:34,659 INFO  [BrowserSelenium] ENTER --> (_parseElementOnXpath)
14:39:34,659 INFO  [BrowserSelenium] (_parseElementOnXpath) -> (//span[text()='Customers'])[2] is used
14:39:34,659 INFO  [BrowserSelenium] EXIT --> (_parseElementOnXpath)
14:39:34,659 INFO  [BrowserSelenium] EXIT --> (_getByLocator)
14:39:34,676 INFO  [BrowserSelenium] ENTER --> (_getByLocator)
14:39:34,676 INFO  [BrowserSelenium] (_getByLocator) -> Getting locator for null
14:39:34,676 INFO  [BrowserSelenium] (_getByLocator) -> Locator info found for XPATH attribute as: (//span[text()='Customers'])[2]
14:39:34,676 INFO  [BrowserSelenium] ENTER --> (_parseElementOnXpath)
14:39:34,676 INFO  [BrowserSelenium] (_parseElementOnXpath) -> (//span[text()='Customers'])[2] is used
14:39:34,676 INFO  [BrowserSelenium] EXIT --> (_parseElementOnXpath)
14:39:34,677 INFO  [BrowserSelenium] EXIT --> (_getByLocator)
14:39:34,695 INFO  [BrowserSelenium] ENTER --> (_getByLocator)
14:39:34,695 INFO  [BrowserSelenium] (_getByLocator) -> Getting locator for null
14:39:34,695 INFO  [BrowserSelenium] (_getByLocator) -> Locator info found for XPATH attribute as: (//span[text()='Customers'])[2]
14:39:34,695 INFO  [BrowserSelenium] ENTER --> (_parseElementOnXpath)
14:39:34,696 INFO  [BrowserSelenium] (_parseElementOnXpath) -> (//span[text()='Customers'])[2] is used
14:39:34,696 INFO  [BrowserSelenium] EXIT --> (_parseElementOnXpath)
14:39:34,696 INFO  [BrowserSelenium] EXIT --> (_getByLocator)
14:39:34,712 INFO  [BrowserSelenium] ENTER --> (_getByLocator)
14:39:34,712 INFO  [BrowserSelenium] (_getByLocator) -> Getting locator for null
14:39:34,712 INFO  [BrowserSelenium] (_getByLocator) -> Locator info found for XPATH attribute as: (//span[text()='Customers'])[2]
14:39:34,712 INFO  [BrowserSelenium] ENTER --> (_parseElementOnXpath)
14:39:34,712 INFO  [BrowserSelenium] (_parseElementOnXpath) -> (//span[text()='Customers'])[2] is used
14:39:34,712 INFO  [BrowserSelenium] EXIT --> (_parseElementOnXpath)
14:39:34,713 INFO  [BrowserSelenium] EXIT --> (_getByLocator)
14:39:34,729 INFO  [BrowserSelenium] ENTER --> (_getByLocator)
14:39:34,729 INFO  [BrowserSelenium] (_getByLocator) -> Getting locator for null
14:39:34,729 INFO  [BrowserSelenium] (_getByLocator) -> Locator info found for XPATH attribute as: (//span[text()='Customers'])[2]
14:39:34,729 INFO  [BrowserSelenium] ENTER --> (_parseElementOnXpath)
14:39:34,729 INFO  [BrowserSelenium] (_parseElementOnXpath) -> (//span[text()='Customers'])[2] is used
14:39:34,729 INFO  [BrowserSelenium] EXIT --> (_parseElementOnXpath)
14:39:34,729 INFO  [BrowserSelenium] EXIT --> (_getByLocator)
14:39:34,746 INFO  [BrowserSelenium] ENTER --> (_getByLocator)
14:39:34,746 INFO  [BrowserSelenium] (_getByLocator) -> Getting locator for null
14:39:34,746 INFO  [BrowserSelenium] (_getByLocator) -> Locator info found for XPATH attribute as: (//span[text()='Customers'])[2]
14:39:34,746 INFO  [BrowserSelenium] ENTER --> (_parseElementOnXpath)
14:39:34,746 INFO  [BrowserSelenium] (_parseElementOnXpath) -> (//span[text()='Customers'])[2] is used
14:39:34,746 INFO  [BrowserSelenium] EXIT --> (_parseElementOnXpath)
14:39:34,746 INFO  [BrowserSelenium] EXIT --> (_getByLocator)
14:39:34,763 INFO  [BrowserSelenium] ENTER --> (_getByLocator)
14:39:34,763 INFO  [BrowserSelenium] (_getByLocator) -> Getting locator for null
14:39:34,764 INFO  [BrowserSelenium] (_getByLocator) -> Locator info found for XPATH attribute as: (//span[text()='Customers'])[2]
14:39:34,764 INFO  [BrowserSelenium] ENTER --> (_parseElementOnXpath)
14:39:34,764 INFO  [BrowserSelenium] (_parseElementOnXpath) -> (//span[text()='Customers'])[2] is used
14:39:34,764 INFO  [BrowserSelenium] EXIT --> (_parseElementOnXpath)
14:39:34,764 INFO  [BrowserSelenium] EXIT --> (_getByLocator)
14:39:34,781 INFO  [BrowserSelenium] ENTER --> (_getByLocator)
14:39:34,781 INFO  [BrowserSelenium] (_getByLocator) -> Getting locator for null
14:39:34,781 INFO  [BrowserSelenium] (_getByLocator) -> Locator info found for XPATH attribute as: (//span[text()='Customers'])[2]
14:39:34,781 INFO  [BrowserSelenium] ENTER --> (_parseElementOnXpath)
14:39:34,781 INFO  [BrowserSelenium] (_parseElementOnXpath) -> (//span[text()='Customers'])[2] is used
14:39:34,782 INFO  [BrowserSelenium] EXIT --> (_parseElementOnXpath)
14:39:34,782 INFO  [BrowserSelenium] EXIT --> (_getByLocator)
14:39:34,801 INFO  [BrowserSelenium] ENTER --> (_getByLocator)
14:39:34,801 INFO  [BrowserSelenium] (_getByLocator) -> Getting locator for null
14:39:34,801 INFO  [BrowserSelenium] (_getByLocator) -> Locator info found for XPATH attribute as: (//span[text()='Customers'])[2]
14:39:34,801 INFO  [BrowserSelenium] ENTER --> (_parseElementOnXpath)
14:39:34,801 INFO  [BrowserSelenium] (_parseElementOnXpath) -> (//span[text()='Customers'])[2] is used
14:39:34,801 INFO  [BrowserSelenium] EXIT --> (_parseElementOnXpath)
14:39:34,801 INFO  [BrowserSelenium] EXIT --> (_getByLocator)
14:39:34,819 INFO  [BrowserSelenium] ENTER --> (_getByLocator)
14:39:34,819 INFO  [BrowserSelenium] (_getByLocator) -> Getting locator for null
14:39:34,819 INFO  [BrowserSelenium] (_getByLocator) -> Locator info found for XPATH attribute as: (//span[text()='Customers'])[2]
14:39:34,819 INFO  [BrowserSelenium] ENTER --> (_parseElementOnXpath)
14:39:34,819 INFO  [BrowserSelenium] (_parseElementOnXpath) -> (//span[text()='Customers'])[2] is used
14:39:34,819 INFO  [BrowserSelenium] EXIT --> (_parseElementOnXpath)
14:39:34,819 INFO  [BrowserSelenium] EXIT --> (_getByLocator)
14:39:34,835 INFO  [BrowserSelenium] ENTER --> (_getByLocator)
14:39:34,836 INFO  [BrowserSelenium] (_getByLocator) -> Getting locator for null
14:39:34,836 INFO  [BrowserSelenium] (_getByLocator) -> Locator info found for XPATH attribute as: (//span[text()='Customers'])[2]
14:39:34,836 INFO  [BrowserSelenium] ENTER --> (_parseElementOnXpath)
14:39:34,836 INFO  [BrowserSelenium] (_parseElementOnXpath) -> (//span[text()='Customers'])[2] is used
14:39:34,836 INFO  [BrowserSelenium] EXIT --> (_parseElementOnXpath)
14:39:34,836 INFO  [BrowserSelenium] EXIT --> (_getByLocator)
14:39:34,853 INFO  [BrowserSelenium] ENTER --> (_getByLocator)
14:39:34,853 INFO  [BrowserSelenium] (_getByLocator) -> Getting locator for null
14:39:34,853 INFO  [BrowserSelenium] (_getByLocator) -> Locator info found for XPATH attribute as: (//span[text()='Customers'])[2]
14:39:34,853 INFO  [BrowserSelenium] ENTER --> (_parseElementOnXpath)
14:39:34,853 INFO  [BrowserSelenium] (_parseElementOnXpath) -> (//span[text()='Customers'])[2] is used
14:39:34,853 INFO  [BrowserSelenium] EXIT --> (_parseElementOnXpath)
14:39:34,853 INFO  [BrowserSelenium] EXIT --> (_getByLocator)
14:39:34,869 INFO  [BrowserSelenium] ENTER --> (_getByLocator)
14:39:34,870 INFO  [BrowserSelenium] (_getByLocator) -> Getting locator for null
14:39:34,870 INFO  [BrowserSelenium] (_getByLocator) -> Locator info found for XPATH attribute as: (//span[text()='Customers'])[2]
14:39:34,870 INFO  [BrowserSelenium] ENTER --> (_parseElementOnXpath)
14:39:34,870 INFO  [BrowserSelenium] (_parseElementOnXpath) -> (//span[text()='Customers'])[2] is used
14:39:34,870 INFO  [BrowserSelenium] EXIT --> (_parseElementOnXpath)
14:39:34,871 INFO  [BrowserSelenium] EXIT --> (_getByLocator)
14:39:34,888 INFO  [BrowserSelenium] ENTER --> (_getByLocator)
14:39:34,888 INFO  [BrowserSelenium] (_getByLocator) -> Getting locator for null
14:39:34,888 INFO  [BrowserSelenium] (_getByLocator) -> Locator info found for XPATH attribute as: (//span[text()='Customers'])[2]
14:39:34,888 INFO  [BrowserSelenium] ENTER --> (_parseElementOnXpath)
14:39:34,888 INFO  [BrowserSelenium] (_parseElementOnXpath) -> (//span[text()='Customers'])[2] is used
14:39:34,888 INFO  [BrowserSelenium] EXIT --> (_parseElementOnXpath)
14:39:34,888 INFO  [BrowserSelenium] EXIT --> (_getByLocator)
14:39:34,905 INFO  [BrowserSelenium] ENTER --> (_getByLocator)
14:39:34,905 INFO  [BrowserSelenium] (_getByLocator) -> Getting locator for null
14:39:34,905 INFO  [BrowserSelenium] (_getByLocator) -> Locator info found for XPATH attribute as: (//span[text()='Customers'])[2]
14:39:34,905 INFO  [BrowserSelenium] ENTER --> (_parseElementOnXpath)
14:39:34,905 INFO  [BrowserSelenium] (_parseElementOnXpath) -> (//span[text()='Customers'])[2] is used
14:39:34,905 INFO  [BrowserSelenium] EXIT --> (_parseElementOnXpath)
14:39:34,905 INFO  [BrowserSelenium] EXIT --> (_getByLocator)
14:39:34,925 INFO  [BrowserSelenium] ENTER --> (_getByLocator)
14:39:34,925 INFO  [BrowserSelenium] (_getByLocator) -> Getting locator for null
14:39:34,925 INFO  [BrowserSelenium] (_getByLocator) -> Locator info found for XPATH attribute as: (//span[text()='Customers'])[2]
14:39:34,925 INFO  [BrowserSelenium] ENTER --> (_parseElementOnXpath)
14:39:34,925 INFO  [BrowserSelenium] (_parseElementOnXpath) -> (//span[text()='Customers'])[2] is used
14:39:34,925 INFO  [BrowserSelenium] EXIT --> (_parseElementOnXpath)
14:39:34,925 INFO  [BrowserSelenium] EXIT --> (_getByLocator)
14:39:34,942 INFO  [BrowserSelenium] ENTER --> (_getByLocator)
14:39:34,942 INFO  [BrowserSelenium] (_getByLocator) -> Getting locator for null
14:39:34,942 INFO  [BrowserSelenium] (_getByLocator) -> Locator info found for XPATH attribute as: (//span[text()='Customers'])[2]
14:39:34,942 INFO  [BrowserSelenium] ENTER --> (_parseElementOnXpath)
14:39:34,942 INFO  [BrowserSelenium] (_parseElementOnXpath) -> (//span[text()='Customers'])[2] is used
14:39:34,942 INFO  [BrowserSelenium] EXIT --> (_parseElementOnXpath)
14:39:34,942 INFO  [BrowserSelenium] EXIT --> (_getByLocator)
14:39:34,959 INFO  [BrowserSelenium] ENTER --> (_getByLocator)
14:39:34,959 INFO  [BrowserSelenium] (_getByLocator) -> Getting locator for null
14:39:34,959 INFO  [BrowserSelenium] (_getByLocator) -> Locator info found for XPATH attribute as: (//span[text()='Customers'])[2]
14:39:34,959 INFO  [BrowserSelenium] ENTER --> (_parseElementOnXpath)
14:39:34,959 INFO  [BrowserSelenium] (_parseElementOnXpath) -> (//span[text()='Customers'])[2] is used
14:39:34,959 INFO  [BrowserSelenium] EXIT --> (_parseElementOnXpath)
14:39:34,960 INFO  [BrowserSelenium] EXIT --> (_getByLocator)
14:39:34,976 INFO  [BrowserSelenium] ENTER --> (_getByLocator)
14:39:34,976 INFO  [BrowserSelenium] (_getByLocator) -> Getting locator for null
14:39:34,976 INFO  [BrowserSelenium] (_getByLocator) -> Locator info found for XPATH attribute as: (//span[text()='Customers'])[2]
14:39:34,976 INFO  [BrowserSelenium] ENTER --> (_parseElementOnXpath)
14:39:34,976 INFO  [BrowserSelenium] (_parseElementOnXpath) -> (//span[text()='Customers'])[2] is used
14:39:34,976 INFO  [BrowserSelenium] EXIT --> (_parseElementOnXpath)
14:39:34,976 INFO  [BrowserSelenium] EXIT --> (_getByLocator)
14:39:34,993 INFO  [BrowserSelenium] ENTER --> (_getByLocator)
14:39:34,993 INFO  [BrowserSelenium] (_getByLocator) -> Getting locator for null
14:39:34,993 INFO  [BrowserSelenium] (_getByLocator) -> Locator info found for XPATH attribute as: (//span[text()='Customers'])[2]
14:39:34,993 INFO  [BrowserSelenium] ENTER --> (_parseElementOnXpath)
14:39:34,993 INFO  [BrowserSelenium] (_parseElementOnXpath) -> (//span[text()='Customers'])[2] is used
14:39:34,993 INFO  [BrowserSelenium] EXIT --> (_parseElementOnXpath)
14:39:34,993 INFO  [BrowserSelenium] EXIT --> (_getByLocator)
14:39:35,265 INFO  [BrowserSelenium] ENTER --> (_getByLocator)
14:39:35,265 INFO  [BrowserSelenium] (_getByLocator) -> Getting locator for null
14:39:35,265 INFO  [BrowserSelenium] (_getByLocator) -> Locator info found for XPATH attribute as: (//span[text()='Customers'])[2]
14:39:35,265 INFO  [BrowserSelenium] ENTER --> (_parseElementOnXpath)
14:39:35,265 INFO  [BrowserSelenium] (_parseElementOnXpath) -> (//span[text()='Customers'])[2] is used
14:39:35,265 INFO  [BrowserSelenium] EXIT --> (_parseElementOnXpath)
14:39:35,265 INFO  [BrowserSelenium] EXIT --> (_getByLocator)
14:39:35,289 INFO  [BrowserSelenium] ENTER --> (_getByLocator)
14:39:35,289 INFO  [BrowserSelenium] (_getByLocator) -> Getting locator for null
14:39:35,290 INFO  [BrowserSelenium] (_getByLocator) -> Locator info found for XPATH attribute as: (//span[text()='Customers'])[2]
14:39:35,290 INFO  [BrowserSelenium] ENTER --> (_parseElementOnXpath)
14:39:35,290 INFO  [BrowserSelenium] (_parseElementOnXpath) -> (//span[text()='Customers'])[2] is used
14:39:35,290 INFO  [BrowserSelenium] EXIT --> (_parseElementOnXpath)
14:39:35,290 INFO  [BrowserSelenium] EXIT --> (_getByLocator)
14:39:35,309 INFO  [BrowserSelenium] ENTER --> (_getByLocator)
14:39:35,309 INFO  [BrowserSelenium] (_getByLocator) -> Getting locator for null
14:39:35,309 INFO  [BrowserSelenium] (_getByLocator) -> Locator info found for XPATH attribute as: (//span[text()='Customers'])[2]
14:39:35,309 INFO  [BrowserSelenium] ENTER --> (_parseElementOnXpath)
14:39:35,310 INFO  [BrowserSelenium] (_parseElementOnXpath) -> (//span[text()='Customers'])[2] is used
14:39:35,310 INFO  [BrowserSelenium] EXIT --> (_parseElementOnXpath)
14:39:35,310 INFO  [BrowserSelenium] EXIT --> (_getByLocator)
14:39:35,333 INFO  [BrowserSelenium] ENTER --> (_getByLocator)
14:39:35,333 INFO  [BrowserSelenium] (_getByLocator) -> Getting locator for null
14:39:35,333 INFO  [BrowserSelenium] (_getByLocator) -> Locator info found for XPATH attribute as: (//span[text()='Customers'])[2]
14:39:35,333 INFO  [BrowserSelenium] ENTER --> (_parseElementOnXpath)
14:39:35,333 INFO  [BrowserSelenium] (_parseElementOnXpath) -> (//span[text()='Customers'])[2] is used
14:39:35,333 INFO  [BrowserSelenium] EXIT --> (_parseElementOnXpath)
14:39:35,333 INFO  [BrowserSelenium] EXIT --> (_getByLocator)
14:39:35,354 INFO  [BrowserSelenium] ENTER --> (_getByLocator)
14:39:35,354 INFO  [BrowserSelenium] (_getByLocator) -> Getting locator for null
14:39:35,355 INFO  [BrowserSelenium] (_getByLocator) -> Locator info found for XPATH attribute as: (//span[text()='Customers'])[2]
14:39:35,355 INFO  [BrowserSelenium] ENTER --> (_parseElementOnXpath)
14:39:35,355 INFO  [BrowserSelenium] (_parseElementOnXpath) -> (//span[text()='Customers'])[2] is used
14:39:35,355 INFO  [BrowserSelenium] EXIT --> (_parseElementOnXpath)
14:39:35,355 INFO  [BrowserSelenium] EXIT --> (_getByLocator)
14:39:35,372 INFO  [BrowserSelenium] ENTER --> (_getByLocator)
14:39:35,373 INFO  [BrowserSelenium] (_getByLocator) -> Getting locator for null
14:39:35,373 INFO  [BrowserSelenium] (_getByLocator) -> Locator info found for XPATH attribute as: (//span[text()='Customers'])[2]
14:39:35,373 INFO  [BrowserSelenium] ENTER --> (_parseElementOnXpath)
14:39:35,373 INFO  [BrowserSelenium] (_parseElementOnXpath) -> (//span[text()='Customers'])[2] is used
14:39:35,373 INFO  [BrowserSelenium] EXIT --> (_parseElementOnXpath)
14:39:35,373 INFO  [BrowserSelenium] EXIT --> (_getByLocator)
14:39:35,390 INFO  [BrowserSelenium] ENTER --> (_getByLocator)
14:39:35,391 INFO  [BrowserSelenium] (_getByLocator) -> Getting locator for null
14:39:35,391 INFO  [BrowserSelenium] (_getByLocator) -> Locator info found for XPATH attribute as: (//span[text()='Customers'])[2]
14:39:35,391 INFO  [BrowserSelenium] ENTER --> (_parseElementOnXpath)
14:39:35,391 INFO  [BrowserSelenium] (_parseElementOnXpath) -> (//span[text()='Customers'])[2] is used
14:39:35,391 INFO  [BrowserSelenium] EXIT --> (_parseElementOnXpath)
14:39:35,391 INFO  [BrowserSelenium] EXIT --> (_getByLocator)
14:39:35,408 INFO  [BrowserSelenium] ENTER --> (_getByLocator)
14:39:35,408 INFO  [BrowserSelenium] (_getByLocator) -> Getting locator for null
14:39:35,409 INFO  [BrowserSelenium] (_getByLocator) -> Locator info found for XPATH attribute as: (//span[text()='Customers'])[2]
14:39:35,409 INFO  [BrowserSelenium] ENTER --> (_parseElementOnXpath)
14:39:35,409 INFO  [BrowserSelenium] (_parseElementOnXpath) -> (//span[text()='Customers'])[2] is used
14:39:35,409 INFO  [BrowserSelenium] EXIT --> (_parseElementOnXpath)
14:39:35,409 INFO  [BrowserSelenium] EXIT --> (_getByLocator)
14:39:35,426 INFO  [BrowserSelenium] ENTER --> (_getByLocator)
14:39:35,426 INFO  [BrowserSelenium] (_getByLocator) -> Getting locator for null
14:39:35,426 INFO  [BrowserSelenium] (_getByLocator) -> Locator info found for XPATH attribute as: (//span[text()='Customers'])[2]
14:39:35,426 INFO  [BrowserSelenium] ENTER --> (_parseElementOnXpath)
14:39:35,426 INFO  [BrowserSelenium] (_parseElementOnXpath) -> (//span[text()='Customers'])[2] is used
14:39:35,427 INFO  [BrowserSelenium] EXIT --> (_parseElementOnXpath)
14:39:35,427 INFO  [BrowserSelenium] EXIT --> (_getByLocator)
14:39:35,445 INFO  [BrowserSelenium] ENTER --> (_getByLocator)
14:39:35,446 INFO  [BrowserSelenium] (_getByLocator) -> Getting locator for null
14:39:35,446 INFO  [BrowserSelenium] (_getByLocator) -> Locator info found for XPATH attribute as: (//span[text()='Customers'])[2]
14:39:35,446 INFO  [BrowserSelenium] ENTER --> (_parseElementOnXpath)
14:39:35,446 INFO  [BrowserSelenium] (_parseElementOnXpath) -> (//span[text()='Customers'])[2] is used
14:39:35,446 INFO  [BrowserSelenium] EXIT --> (_parseElementOnXpath)
14:39:35,446 INFO  [BrowserSelenium] EXIT --> (_getByLocator)
14:39:35,464 INFO  [BrowserSelenium] ENTER --> (_getByLocator)
14:39:35,464 INFO  [BrowserSelenium] (_getByLocator) -> Getting locator for null
14:39:35,464 INFO  [BrowserSelenium] (_getByLocator) -> Locator info found for XPATH attribute as: (//span[text()='Customers'])[2]
14:39:35,464 INFO  [BrowserSelenium] ENTER --> (_parseElementOnXpath)
14:39:35,464 INFO  [BrowserSelenium] (_parseElementOnXpath) -> (//span[text()='Customers'])[2] is used
14:39:35,464 INFO  [BrowserSelenium] EXIT --> (_parseElementOnXpath)
14:39:35,464 INFO  [BrowserSelenium] EXIT --> (_getByLocator)
14:39:35,484 INFO  [BrowserSelenium] ENTER --> (_getByLocator)
14:39:35,484 INFO  [BrowserSelenium] (_getByLocator) -> Getting locator for null
14:39:35,484 INFO  [BrowserSelenium] (_getByLocator) -> Locator info found for XPATH attribute as: (//span[text()='Customers'])[2]
14:39:35,484 INFO  [BrowserSelenium] ENTER --> (_parseElementOnXpath)
14:39:35,484 INFO  [BrowserSelenium] (_parseElementOnXpath) -> (//span[text()='Customers'])[2] is used
14:39:35,485 INFO  [BrowserSelenium] EXIT --> (_parseElementOnXpath)
14:39:35,485 INFO  [BrowserSelenium] EXIT --> (_getByLocator)
14:39:35,501 INFO  [BrowserSelenium] ENTER --> (_getByLocator)
14:39:35,502 INFO  [BrowserSelenium] (_getByLocator) -> Getting locator for null
14:39:35,502 INFO  [BrowserSelenium] (_getByLocator) -> Locator info found for XPATH attribute as: (//span[text()='Customers'])[2]
14:39:35,502 INFO  [BrowserSelenium] ENTER --> (_parseElementOnXpath)
14:39:35,502 INFO  [BrowserSelenium] (_parseElementOnXpath) -> (//span[text()='Customers'])[2] is used
14:39:35,502 INFO  [BrowserSelenium] EXIT --> (_parseElementOnXpath)
14:39:35,503 INFO  [BrowserSelenium] EXIT --> (_getByLocator)
14:39:35,520 INFO  [BrowserSelenium] ENTER --> (_getByLocator)
14:39:35,520 INFO  [BrowserSelenium] (_getByLocator) -> Getting locator for null
14:39:35,520 INFO  [BrowserSelenium] (_getByLocator) -> Locator info found for XPATH attribute as: (//span[text()='Customers'])[2]
14:39:35,520 INFO  [BrowserSelenium] ENTER --> (_parseElementOnXpath)
14:39:35,520 INFO  [BrowserSelenium] (_parseElementOnXpath) -> (//span[text()='Customers'])[2] is used
14:39:35,520 INFO  [BrowserSelenium] EXIT --> (_parseElementOnXpath)
14:39:35,521 INFO  [BrowserSelenium] EXIT --> (_getByLocator)
14:39:35,538 INFO  [BrowserSelenium] ENTER --> (_getByLocator)
14:39:35,538 INFO  [BrowserSelenium] (_getByLocator) -> Getting locator for null
14:39:35,538 INFO  [BrowserSelenium] (_getByLocator) -> Locator info found for XPATH attribute as: (//span[text()='Customers'])[2]
14:39:35,538 INFO  [BrowserSelenium] ENTER --> (_parseElementOnXpath)
14:39:35,539 INFO  [BrowserSelenium] (_parseElementOnXpath) -> (//span[text()='Customers'])[2] is used
14:39:35,539 INFO  [BrowserSelenium] EXIT --> (_parseElementOnXpath)
14:39:35,539 INFO  [BrowserSelenium] EXIT --> (_getByLocator)
14:39:35,557 INFO  [BrowserSelenium] ENTER --> (_getByLocator)
14:39:35,558 INFO  [BrowserSelenium] (_getByLocator) -> Getting locator for null
14:39:35,558 INFO  [BrowserSelenium] (_getByLocator) -> Locator info found for XPATH attribute as: (//span[text()='Customers'])[2]
14:39:35,558 INFO  [BrowserSelenium] ENTER --> (_parseElementOnXpath)
14:39:35,558 INFO  [BrowserSelenium] (_parseElementOnXpath) -> (//span[text()='Customers'])[2] is used
14:39:35,558 INFO  [BrowserSelenium] EXIT --> (_parseElementOnXpath)
14:39:35,558 INFO  [BrowserSelenium] EXIT --> (_getByLocator)
14:39:35,577 INFO  [BrowserSelenium] ENTER --> (_getByLocator)
14:39:35,577 INFO  [BrowserSelenium] (_getByLocator) -> Getting locator for null
14:39:35,577 INFO  [BrowserSelenium] (_getByLocator) -> Locator info found for XPATH attribute as: (//span[text()='Customers'])[2]
14:39:35,577 INFO  [BrowserSelenium] ENTER --> (_parseElementOnXpath)
14:39:35,577 INFO  [BrowserSelenium] (_parseElementOnXpath) -> (//span[text()='Customers'])[2] is used
14:39:35,578 INFO  [BrowserSelenium] EXIT --> (_parseElementOnXpath)
14:39:35,578 INFO  [BrowserSelenium] EXIT --> (_getByLocator)
14:39:35,595 INFO  [BrowserSelenium] ENTER --> (_getByLocator)
14:39:35,596 INFO  [BrowserSelenium] (_getByLocator) -> Getting locator for null
14:39:35,596 INFO  [BrowserSelenium] (_getByLocator) -> Locator info found for XPATH attribute as: (//span[text()='Customers'])[2]
14:39:35,596 INFO  [BrowserSelenium] ENTER --> (_parseElementOnXpath)
14:39:35,596 INFO  [BrowserSelenium] (_parseElementOnXpath) -> (//span[text()='Customers'])[2] is used
14:39:35,596 INFO  [BrowserSelenium] EXIT --> (_parseElementOnXpath)
14:39:35,596 INFO  [BrowserSelenium] EXIT --> (_getByLocator)
14:39:35,616 INFO  [BrowserSelenium] ENTER --> (_getByLocator)
14:39:35,616 INFO  [BrowserSelenium] (_getByLocator) -> Getting locator for null
14:39:35,616 INFO  [BrowserSelenium] (_getByLocator) -> Locator info found for XPATH attribute as: (//span[text()='Customers'])[2]
14:39:35,616 INFO  [BrowserSelenium] ENTER --> (_parseElementOnXpath)
14:39:35,617 INFO  [BrowserSelenium] (_parseElementOnXpath) -> (//span[text()='Customers'])[2] is used
14:39:35,617 INFO  [BrowserSelenium] EXIT --> (_parseElementOnXpath)
14:39:35,617 INFO  [BrowserSelenium] EXIT --> (_getByLocator)
14:39:35,645 INFO  [BrowserSelenium] ENTER --> (_getByLocator)
14:39:35,646 INFO  [BrowserSelenium] (_getByLocator) -> Getting locator for null
14:39:35,646 INFO  [BrowserSelenium] (_getByLocator) -> Locator info found for XPATH attribute as: (//span[text()='Customers'])[2]
14:39:35,646 INFO  [BrowserSelenium] ENTER --> (_parseElementOnXpath)
14:39:35,646 INFO  [BrowserSelenium] (_parseElementOnXpath) -> (//span[text()='Customers'])[2] is used
14:39:35,646 INFO  [BrowserSelenium] EXIT --> (_parseElementOnXpath)
14:39:35,646 INFO  [BrowserSelenium] EXIT --> (_getByLocator)
14:39:35,663 INFO  [BrowserSelenium] ENTER --> (_getByLocator)
14:39:35,663 INFO  [BrowserSelenium] (_getByLocator) -> Getting locator for null
14:39:35,663 INFO  [BrowserSelenium] (_getByLocator) -> Locator info found for XPATH attribute as: (//span[text()='Customers'])[2]
14:39:35,664 INFO  [BrowserSelenium] ENTER --> (_parseElementOnXpath)
14:39:35,664 INFO  [BrowserSelenium] (_parseElementOnXpath) -> (//span[text()='Customers'])[2] is used
14:39:35,664 INFO  [BrowserSelenium] EXIT --> (_parseElementOnXpath)
14:39:35,664 INFO  [BrowserSelenium] EXIT --> (_getByLocator)
14:39:35,681 INFO  [BrowserSelenium] ENTER --> (_getByLocator)
14:39:35,681 INFO  [BrowserSelenium] (_getByLocator) -> Getting locator for null
14:39:35,681 INFO  [BrowserSelenium] (_getByLocator) -> Locator info found for XPATH attribute as: (//span[text()='Customers'])[2]
14:39:35,681 INFO  [BrowserSelenium] ENTER --> (_parseElementOnXpath)
14:39:35,681 INFO  [BrowserSelenium] (_parseElementOnXpath) -> (//span[text()='Customers'])[2] is used
14:39:35,681 INFO  [BrowserSelenium] EXIT --> (_parseElementOnXpath)
14:39:35,681 INFO  [BrowserSelenium] EXIT --> (_getByLocator)
14:39:35,701 INFO  [BrowserSelenium] ENTER --> (_getByLocator)
14:39:35,701 INFO  [BrowserSelenium] (_getByLocator) -> Getting locator for null
14:39:35,701 INFO  [BrowserSelenium] (_getByLocator) -> Locator info found for XPATH attribute as: (//span[text()='Customers'])[2]
14:39:35,701 INFO  [BrowserSelenium] ENTER --> (_parseElementOnXpath)
14:39:35,701 INFO  [BrowserSelenium] (_parseElementOnXpath) -> (//span[text()='Customers'])[2] is used
14:39:35,701 INFO  [BrowserSelenium] EXIT --> (_parseElementOnXpath)
14:39:35,702 INFO  [BrowserSelenium] EXIT --> (_getByLocator)
14:39:35,718 INFO  [BrowserSelenium] ENTER --> (_getByLocator)
14:39:35,718 INFO  [BrowserSelenium] (_getByLocator) -> Getting locator for null
14:39:35,718 INFO  [BrowserSelenium] (_getByLocator) -> Locator info found for XPATH attribute as: (//span[text()='Customers'])[2]
14:39:35,718 INFO  [BrowserSelenium] ENTER --> (_parseElementOnXpath)
14:39:35,718 INFO  [BrowserSelenium] (_parseElementOnXpath) -> (//span[text()='Customers'])[2] is used
14:39:35,718 INFO  [BrowserSelenium] EXIT --> (_parseElementOnXpath)
14:39:35,719 INFO  [BrowserSelenium] EXIT --> (_getByLocator)
14:39:35,737 INFO  [BrowserSelenium] ENTER --> (_getByLocator)
14:39:35,737 INFO  [BrowserSelenium] (_getByLocator) -> Getting locator for null
14:39:35,737 INFO  [BrowserSelenium] (_getByLocator) -> Locator info found for XPATH attribute as: (//span[text()='Customers'])[2]
14:39:35,737 INFO  [BrowserSelenium] ENTER --> (_parseElementOnXpath)
14:39:35,738 INFO  [BrowserSelenium] (_parseElementOnXpath) -> (//span[text()='Customers'])[2] is used
14:39:35,738 INFO  [BrowserSelenium] EXIT --> (_parseElementOnXpath)
14:39:35,738 INFO  [BrowserSelenium] EXIT --> (_getByLocator)
14:39:35,758 INFO  [BrowserSelenium] ENTER --> (_getByLocator)
14:39:35,758 INFO  [BrowserSelenium] (_getByLocator) -> Getting locator for null
14:39:35,758 INFO  [BrowserSelenium] (_getByLocator) -> Locator info found for XPATH attribute as: (//span[text()='Customers'])[2]
14:39:35,758 INFO  [BrowserSelenium] ENTER --> (_parseElementOnXpath)
14:39:35,759 INFO  [BrowserSelenium] (_parseElementOnXpath) -> (//span[text()='Customers'])[2] is used
14:39:35,759 INFO  [BrowserSelenium] EXIT --> (_parseElementOnXpath)
14:39:35,759 INFO  [BrowserSelenium] EXIT --> (_getByLocator)
14:39:35,775 INFO  [BrowserSelenium] ENTER --> (_getByLocator)
14:39:35,775 INFO  [BrowserSelenium] (_getByLocator) -> Getting locator for null
14:39:35,776 INFO  [BrowserSelenium] (_getByLocator) -> Locator info found for XPATH attribute as: (//span[text()='Customers'])[2]
14:39:35,776 INFO  [BrowserSelenium] ENTER --> (_parseElementOnXpath)
14:39:35,776 INFO  [BrowserSelenium] (_parseElementOnXpath) -> (//span[text()='Customers'])[2] is used
14:39:35,776 INFO  [BrowserSelenium] EXIT --> (_parseElementOnXpath)
14:39:35,776 INFO  [BrowserSelenium] EXIT --> (_getByLocator)
14:39:35,793 INFO  [BrowserSelenium] ENTER --> (_getByLocator)
14:39:35,793 INFO  [BrowserSelenium] (_getByLocator) -> Getting locator for null
14:39:35,794 INFO  [BrowserSelenium] (_getByLocator) -> Locator info found for XPATH attribute as: (//span[text()='Customers'])[2]
14:39:35,794 INFO  [BrowserSelenium] ENTER --> (_parseElementOnXpath)
14:39:35,794 INFO  [BrowserSelenium] (_parseElementOnXpath) -> (//span[text()='Customers'])[2] is used
14:39:35,794 INFO  [BrowserSelenium] EXIT --> (_parseElementOnXpath)
14:39:35,794 INFO  [BrowserSelenium] EXIT --> (_getByLocator)
14:39:35,811 INFO  [BrowserSelenium] ENTER --> (_getByLocator)
14:39:35,811 INFO  [BrowserSelenium] (_getByLocator) -> Getting locator for null
14:39:35,811 INFO  [BrowserSelenium] (_getByLocator) -> Locator info found for XPATH attribute as: (//span[text()='Customers'])[2]
14:39:35,812 INFO  [BrowserSelenium] ENTER --> (_parseElementOnXpath)
14:39:35,812 INFO  [BrowserSelenium] (_parseElementOnXpath) -> (//span[text()='Customers'])[2] is used
14:39:35,812 INFO  [BrowserSelenium] EXIT --> (_parseElementOnXpath)
14:39:35,812 INFO  [BrowserSelenium] EXIT --> (_getByLocator)
14:39:35,830 INFO  [BrowserSelenium] ENTER --> (_getByLocator)
14:39:35,830 INFO  [BrowserSelenium] (_getByLocator) -> Getting locator for null
14:39:35,830 INFO  [BrowserSelenium] (_getByLocator) -> Locator info found for XPATH attribute as: (//span[text()='Customers'])[2]
14:39:35,831 INFO  [BrowserSelenium] ENTER --> (_parseElementOnXpath)
14:39:35,831 INFO  [BrowserSelenium] (_parseElementOnXpath) -> (//span[text()='Customers'])[2] is used
14:39:35,831 INFO  [BrowserSelenium] EXIT --> (_parseElementOnXpath)
14:39:35,831 INFO  [BrowserSelenium] EXIT --> (_getByLocator)
14:39:35,850 INFO  [BrowserSelenium] ENTER --> (_getByLocator)
14:39:35,851 INFO  [BrowserSelenium] (_getByLocator) -> Getting locator for null
14:39:35,851 INFO  [BrowserSelenium] (_getByLocator) -> Locator info found for XPATH attribute as: (//span[text()='Customers'])[2]
14:39:35,851 INFO  [BrowserSelenium] ENTER --> (_parseElementOnXpath)
14:39:35,851 INFO  [BrowserSelenium] (_parseElementOnXpath) -> (//span[text()='Customers'])[2] is used
14:39:35,851 INFO  [BrowserSelenium] EXIT --> (_parseElementOnXpath)
14:39:35,851 INFO  [BrowserSelenium] EXIT --> (_getByLocator)
14:39:35,869 INFO  [BrowserSelenium] ENTER --> (_getByLocator)
14:39:35,869 INFO  [BrowserSelenium] (_getByLocator) -> Getting locator for null
14:39:35,869 INFO  [BrowserSelenium] (_getByLocator) -> Locator info found for XPATH attribute as: (//span[text()='Customers'])[2]
14:39:35,869 INFO  [BrowserSelenium] ENTER --> (_parseElementOnXpath)
14:39:35,869 INFO  [BrowserSelenium] (_parseElementOnXpath) -> (//span[text()='Customers'])[2] is used
14:39:35,869 INFO  [BrowserSelenium] EXIT --> (_parseElementOnXpath)
14:39:35,870 INFO  [BrowserSelenium] EXIT --> (_getByLocator)
14:39:35,888 INFO  [BrowserSelenium] ENTER --> (_getByLocator)
14:39:35,888 INFO  [BrowserSelenium] (_getByLocator) -> Getting locator for null
14:39:35,888 INFO  [BrowserSelenium] (_getByLocator) -> Locator info found for XPATH attribute as: (//span[text()='Customers'])[2]
14:39:35,888 INFO  [BrowserSelenium] ENTER --> (_parseElementOnXpath)
14:39:35,889 INFO  [BrowserSelenium] (_parseElementOnXpath) -> (//span[text()='Customers'])[2] is used
14:39:35,889 INFO  [BrowserSelenium] EXIT --> (_parseElementOnXpath)
14:39:35,889 INFO  [BrowserSelenium] EXIT --> (_getByLocator)
14:39:35,905 INFO  [BrowserSelenium] ENTER --> (_getByLocator)
14:39:35,905 INFO  [BrowserSelenium] (_getByLocator) -> Getting locator for null
14:39:35,906 INFO  [BrowserSelenium] (_getByLocator) -> Locator info found for XPATH attribute as: (//span[text()='Customers'])[2]
14:39:35,906 INFO  [BrowserSelenium] ENTER --> (_parseElementOnXpath)
14:39:35,906 INFO  [BrowserSelenium] (_parseElementOnXpath) -> (//span[text()='Customers'])[2] is used
14:39:35,906 INFO  [BrowserSelenium] EXIT --> (_parseElementOnXpath)
14:39:35,906 INFO  [BrowserSelenium] EXIT --> (_getByLocator)
14:39:35,924 INFO  [BrowserSelenium] ENTER --> (_getByLocator)
14:39:35,924 INFO  [BrowserSelenium] (_getByLocator) -> Getting locator for null
14:39:35,924 INFO  [BrowserSelenium] (_getByLocator) -> Locator info found for XPATH attribute as: (//span[text()='Customers'])[2]
14:39:35,924 INFO  [BrowserSelenium] ENTER --> (_parseElementOnXpath)
14:39:35,925 INFO  [BrowserSelenium] (_parseElementOnXpath) -> (//span[text()='Customers'])[2] is used
14:39:35,925 INFO  [BrowserSelenium] EXIT --> (_parseElementOnXpath)
14:39:35,925 INFO  [BrowserSelenium] EXIT --> (_getByLocator)
14:39:35,941 INFO  [BrowserSelenium] ENTER --> (_getByLocator)
14:39:35,941 INFO  [BrowserSelenium] (_getByLocator) -> Getting locator for null
14:39:35,942 INFO  [BrowserSelenium] (_getByLocator) -> Locator info found for XPATH attribute as: (//span[text()='Customers'])[2]
14:39:35,942 INFO  [BrowserSelenium] ENTER --> (_parseElementOnXpath)
14:39:35,942 INFO  [BrowserSelenium] (_parseElementOnXpath) -> (//span[text()='Customers'])[2] is used
14:39:35,942 INFO  [BrowserSelenium] EXIT --> (_parseElementOnXpath)
14:39:35,942 INFO  [BrowserSelenium] EXIT --> (_getByLocator)
14:39:35,961 INFO  [BrowserSelenium] ENTER --> (_getByLocator)
14:39:35,961 INFO  [BrowserSelenium] (_getByLocator) -> Getting locator for null
14:39:35,961 INFO  [BrowserSelenium] (_getByLocator) -> Locator info found for XPATH attribute as: (//span[text()='Customers'])[2]
14:39:35,961 INFO  [BrowserSelenium] ENTER --> (_parseElementOnXpath)
14:39:35,961 INFO  [BrowserSelenium] (_parseElementOnXpath) -> (//span[text()='Customers'])[2] is used
14:39:35,961 INFO  [BrowserSelenium] EXIT --> (_parseElementOnXpath)
14:39:35,962 INFO  [BrowserSelenium] EXIT --> (_getByLocator)
14:39:35,981 INFO  [BrowserSelenium] ENTER --> (_getByLocator)
14:39:35,981 INFO  [BrowserSelenium] (_getByLocator) -> Getting locator for null
14:39:35,981 INFO  [BrowserSelenium] (_getByLocator) -> Locator info found for XPATH attribute as: (//span[text()='Customers'])[2]
14:39:35,981 INFO  [BrowserSelenium] ENTER --> (_parseElementOnXpath)
14:39:35,981 INFO  [BrowserSelenium] (_parseElementOnXpath) -> (//span[text()='Customers'])[2] is used
14:39:35,982 INFO  [BrowserSelenium] EXIT --> (_parseElementOnXpath)
14:39:35,982 INFO  [BrowserSelenium] EXIT --> (_getByLocator)
14:39:36,002 INFO  [BrowserSelenium] ENTER --> (_getByLocator)
14:39:36,002 INFO  [BrowserSelenium] (_getByLocator) -> Getting locator for null
14:39:36,002 INFO  [BrowserSelenium] (_getByLocator) -> Locator info found for XPATH attribute as: (//span[text()='Customers'])[2]
14:39:36,002 INFO  [BrowserSelenium] ENTER --> (_parseElementOnXpath)
14:39:36,002 INFO  [BrowserSelenium] (_parseElementOnXpath) -> (//span[text()='Customers'])[2] is used
14:39:36,003 INFO  [BrowserSelenium] EXIT --> (_parseElementOnXpath)
14:39:36,003 INFO  [BrowserSelenium] EXIT --> (_getByLocator)
14:39:36,021 INFO  [BrowserSelenium] ENTER --> (_getByLocator)
14:39:36,021 INFO  [BrowserSelenium] (_getByLocator) -> Getting locator for null
14:39:36,021 INFO  [BrowserSelenium] (_getByLocator) -> Locator info found for XPATH attribute as: (//span[text()='Customers'])[2]
14:39:36,021 INFO  [BrowserSelenium] ENTER --> (_parseElementOnXpath)
14:39:36,022 INFO  [BrowserSelenium] (_parseElementOnXpath) -> (//span[text()='Customers'])[2] is used
14:39:36,022 INFO  [BrowserSelenium] EXIT --> (_parseElementOnXpath)
14:39:36,022 INFO  [BrowserSelenium] EXIT --> (_getByLocator)
14:39:36,038 INFO  [BrowserSelenium] ENTER --> (_getByLocator)
14:39:36,038 INFO  [BrowserSelenium] (_getByLocator) -> Getting locator for null
14:39:36,039 INFO  [BrowserSelenium] (_getByLocator) -> Locator info found for XPATH attribute as: (//span[text()='Customers'])[2]
14:39:36,039 INFO  [BrowserSelenium] ENTER --> (_parseElementOnXpath)
14:39:36,039 INFO  [BrowserSelenium] (_parseElementOnXpath) -> (//span[text()='Customers'])[2] is used
14:39:36,039 INFO  [BrowserSelenium] EXIT --> (_parseElementOnXpath)
14:39:36,039 INFO  [BrowserSelenium] EXIT --> (_getByLocator)
14:39:36,063 INFO  [BrowserSelenium] ENTER --> (_getByLocator)
14:39:36,064 INFO  [BrowserSelenium] (_getByLocator) -> Getting locator for null
14:39:36,064 INFO  [BrowserSelenium] (_getByLocator) -> Locator info found for XPATH attribute as: (//span[text()='Customers'])[2]
14:39:36,064 INFO  [BrowserSelenium] ENTER --> (_parseElementOnXpath)
14:39:36,064 INFO  [BrowserSelenium] (_parseElementOnXpath) -> (//span[text()='Customers'])[2] is used
14:39:36,064 INFO  [BrowserSelenium] EXIT --> (_parseElementOnXpath)
14:39:36,064 INFO  [BrowserSelenium] EXIT --> (_getByLocator)
14:39:36,081 INFO  [BrowserSelenium] ENTER --> (_getByLocator)
14:39:36,081 INFO  [BrowserSelenium] (_getByLocator) -> Getting locator for null
14:39:36,081 INFO  [BrowserSelenium] (_getByLocator) -> Locator info found for XPATH attribute as: (//span[text()='Customers'])[2]
14:39:36,081 INFO  [BrowserSelenium] ENTER --> (_parseElementOnXpath)
14:39:36,082 INFO  [BrowserSelenium] (_parseElementOnXpath) -> (//span[text()='Customers'])[2] is used
14:39:36,082 INFO  [BrowserSelenium] EXIT --> (_parseElementOnXpath)
14:39:36,082 INFO  [BrowserSelenium] EXIT --> (_getByLocator)
14:39:36,098 INFO  [BrowserSelenium] ENTER --> (_getByLocator)
14:39:36,098 INFO  [BrowserSelenium] (_getByLocator) -> Getting locator for null
14:39:36,099 INFO  [BrowserSelenium] (_getByLocator) -> Locator info found for XPATH attribute as: (//span[text()='Customers'])[2]
14:39:36,099 INFO  [BrowserSelenium] ENTER --> (_parseElementOnXpath)
14:39:36,099 INFO  [BrowserSelenium] (_parseElementOnXpath) -> (//span[text()='Customers'])[2] is used
14:39:36,099 INFO  [BrowserSelenium] EXIT --> (_parseElementOnXpath)
14:39:36,099 INFO  [BrowserSelenium] EXIT --> (_getByLocator)
14:39:36,116 INFO  [BrowserSelenium] ENTER --> (_getByLocator)
14:39:36,116 INFO  [BrowserSelenium] (_getByLocator) -> Getting locator for null
14:39:36,116 INFO  [BrowserSelenium] (_getByLocator) -> Locator info found for XPATH attribute as: (//span[text()='Customers'])[2]
14:39:36,116 INFO  [BrowserSelenium] ENTER --> (_parseElementOnXpath)
14:39:36,116 INFO  [BrowserSelenium] (_parseElementOnXpath) -> (//span[text()='Customers'])[2] is used
14:39:36,117 INFO  [BrowserSelenium] EXIT --> (_parseElementOnXpath)
14:39:36,117 INFO  [BrowserSelenium] EXIT --> (_getByLocator)
14:39:36,133 INFO  [BrowserSelenium] ENTER --> (_getByLocator)
14:39:36,133 INFO  [BrowserSelenium] (_getByLocator) -> Getting locator for null
14:39:36,134 INFO  [BrowserSelenium] (_getByLocator) -> Locator info found for XPATH attribute as: (//span[text()='Customers'])[2]
14:39:36,134 INFO  [BrowserSelenium] ENTER --> (_parseElementOnXpath)
14:39:36,134 INFO  [BrowserSelenium] (_parseElementOnXpath) -> (//span[text()='Customers'])[2] is used
14:39:36,134 INFO  [BrowserSelenium] EXIT --> (_parseElementOnXpath)
14:39:36,134 INFO  [BrowserSelenium] EXIT --> (_getByLocator)
14:39:36,151 INFO  [BrowserSelenium] ENTER --> (_getByLocator)
14:39:36,151 INFO  [BrowserSelenium] (_getByLocator) -> Getting locator for null
14:39:36,151 INFO  [BrowserSelenium] (_getByLocator) -> Locator info found for XPATH attribute as: (//span[text()='Customers'])[2]
14:39:36,151 INFO  [BrowserSelenium] ENTER --> (_parseElementOnXpath)
14:39:36,152 INFO  [BrowserSelenium] (_parseElementOnXpath) -> (//span[text()='Customers'])[2] is used
14:39:36,152 INFO  [BrowserSelenium] EXIT --> (_parseElementOnXpath)
14:39:36,152 INFO  [BrowserSelenium] EXIT --> (_getByLocator)
14:39:36,169 INFO  [BrowserSelenium] ENTER --> (_getByLocator)
14:39:36,169 INFO  [BrowserSelenium] (_getByLocator) -> Getting locator for null
14:39:36,169 INFO  [BrowserSelenium] (_getByLocator) -> Locator info found for XPATH attribute as: (//span[text()='Customers'])[2]
14:39:36,169 INFO  [BrowserSelenium] ENTER --> (_parseElementOnXpath)
14:39:36,169 INFO  [BrowserSelenium] (_parseElementOnXpath) -> (//span[text()='Customers'])[2] is used
14:39:36,169 INFO  [BrowserSelenium] EXIT --> (_parseElementOnXpath)
14:39:36,170 INFO  [BrowserSelenium] EXIT --> (_getByLocator)
14:39:36,188 INFO  [BrowserSelenium] ENTER --> (_getByLocator)
14:39:36,189 INFO  [BrowserSelenium] (_getByLocator) -> Getting locator for null
14:39:36,189 INFO  [BrowserSelenium] (_getByLocator) -> Locator info found for XPATH attribute as: (//span[text()='Customers'])[2]
14:39:36,189 INFO  [BrowserSelenium] ENTER --> (_parseElementOnXpath)
14:39:36,189 INFO  [BrowserSelenium] (_parseElementOnXpath) -> (//span[text()='Customers'])[2] is used
14:39:36,189 INFO  [BrowserSelenium] EXIT --> (_parseElementOnXpath)
14:39:36,189 INFO  [BrowserSelenium] EXIT --> (_getByLocator)
14:39:36,206 INFO  [BrowserSelenium] ENTER --> (_getByLocator)
14:39:36,206 INFO  [BrowserSelenium] (_getByLocator) -> Getting locator for null
14:39:36,206 INFO  [BrowserSelenium] (_getByLocator) -> Locator info found for XPATH attribute as: (//span[text()='Customers'])[2]
14:39:36,206 INFO  [BrowserSelenium] ENTER --> (_parseElementOnXpath)
14:39:36,206 INFO  [BrowserSelenium] (_parseElementOnXpath) -> (//span[text()='Customers'])[2] is used
14:39:36,207 INFO  [BrowserSelenium] EXIT --> (_parseElementOnXpath)
14:39:36,207 INFO  [BrowserSelenium] EXIT --> (_getByLocator)
14:39:36,224 INFO  [BrowserSelenium] ENTER --> (_getByLocator)
14:39:36,224 INFO  [BrowserSelenium] (_getByLocator) -> Getting locator for null
14:39:36,224 INFO  [BrowserSelenium] (_getByLocator) -> Locator info found for XPATH attribute as: (//span[text()='Customers'])[2]
14:39:36,224 INFO  [BrowserSelenium] ENTER --> (_parseElementOnXpath)
14:39:36,224 INFO  [BrowserSelenium] (_parseElementOnXpath) -> (//span[text()='Customers'])[2] is used
14:39:36,224 INFO  [BrowserSelenium] EXIT --> (_parseElementOnXpath)
14:39:36,225 INFO  [BrowserSelenium] EXIT --> (_getByLocator)
14:39:36,241 INFO  [BrowserSelenium] ENTER --> (_getByLocator)
14:39:36,241 INFO  [BrowserSelenium] (_getByLocator) -> Getting locator for null
14:39:36,242 INFO  [BrowserSelenium] (_getByLocator) -> Locator info found for XPATH attribute as: (//span[text()='Customers'])[2]
14:39:36,242 INFO  [BrowserSelenium] ENTER --> (_parseElementOnXpath)
14:39:36,242 INFO  [BrowserSelenium] (_parseElementOnXpath) -> (//span[text()='Customers'])[2] is used
14:39:36,242 INFO  [BrowserSelenium] EXIT --> (_parseElementOnXpath)
14:39:36,242 INFO  [BrowserSelenium] EXIT --> (_getByLocator)
14:39:36,260 INFO  [BrowserSelenium] ENTER --> (_getByLocator)
14:39:36,260 INFO  [BrowserSelenium] (_getByLocator) -> Getting locator for null
14:39:36,260 INFO  [BrowserSelenium] (_getByLocator) -> Locator info found for XPATH attribute as: (//span[text()='Customers'])[2]
14:39:36,261 INFO  [BrowserSelenium] ENTER --> (_parseElementOnXpath)
14:39:36,261 INFO  [BrowserSelenium] (_parseElementOnXpath) -> (//span[text()='Customers'])[2] is used
14:39:36,261 INFO  [BrowserSelenium] EXIT --> (_parseElementOnXpath)
14:39:36,261 INFO  [BrowserSelenium] EXIT --> (_getByLocator)
14:39:36,281 INFO  [BrowserSelenium] ENTER --> (_getByLocator)
14:39:36,281 INFO  [BrowserSelenium] (_getByLocator) -> Getting locator for null
14:39:36,282 INFO  [BrowserSelenium] (_getByLocator) -> Locator info found for XPATH attribute as: (//span[text()='Customers'])[2]
14:39:36,282 INFO  [BrowserSelenium] ENTER --> (_parseElementOnXpath)
14:39:36,282 INFO  [BrowserSelenium] (_parseElementOnXpath) -> (//span[text()='Customers'])[2] is used
14:39:36,282 INFO  [BrowserSelenium] EXIT --> (_parseElementOnXpath)
14:39:36,282 INFO  [BrowserSelenium] EXIT --> (_getByLocator)
14:39:36,300 INFO  [BrowserSelenium] ENTER --> (_getByLocator)
14:39:36,300 INFO  [BrowserSelenium] (_getByLocator) -> Getting locator for null
14:39:36,300 INFO  [BrowserSelenium] (_getByLocator) -> Locator info found for XPATH attribute as: (//span[text()='Customers'])[2]
14:39:36,300 INFO  [BrowserSelenium] ENTER --> (_parseElementOnXpath)
14:39:36,300 INFO  [BrowserSelenium] (_parseElementOnXpath) -> (//span[text()='Customers'])[2] is used
14:39:36,301 INFO  [BrowserSelenium] EXIT --> (_parseElementOnXpath)
14:39:36,301 INFO  [BrowserSelenium] EXIT --> (_getByLocator)
14:39:36,322 INFO  [BrowserSelenium] ENTER --> (_getByLocator)
14:39:36,322 INFO  [BrowserSelenium] (_getByLocator) -> Getting locator for null
14:39:36,322 INFO  [BrowserSelenium] (_getByLocator) -> Locator info found for XPATH attribute as: (//span[text()='Customers'])[2]
14:39:36,322 INFO  [BrowserSelenium] ENTER --> (_parseElementOnXpath)
14:39:36,322 INFO  [BrowserSelenium] (_parseElementOnXpath) -> (//span[text()='Customers'])[2] is used
14:39:36,323 INFO  [BrowserSelenium] EXIT --> (_parseElementOnXpath)
14:39:36,323 INFO  [BrowserSelenium] EXIT --> (_getByLocator)
14:39:36,341 INFO  [BrowserSelenium] ENTER --> (_getByLocator)
14:39:36,341 INFO  [BrowserSelenium] (_getByLocator) -> Getting locator for null
14:39:36,341 INFO  [BrowserSelenium] (_getByLocator) -> Locator info found for XPATH attribute as: (//span[text()='Customers'])[2]
14:39:36,341 INFO  [BrowserSelenium] ENTER --> (_parseElementOnXpath)
14:39:36,341 INFO  [BrowserSelenium] (_parseElementOnXpath) -> (//span[text()='Customers'])[2] is used
14:39:36,341 INFO  [BrowserSelenium] EXIT --> (_parseElementOnXpath)
14:39:36,342 INFO  [BrowserSelenium] EXIT --> (_getByLocator)
14:39:36,358 INFO  [BrowserSelenium] ENTER --> (_getByLocator)
14:39:36,358 INFO  [BrowserSelenium] (_getByLocator) -> Getting locator for null
14:39:36,359 INFO  [BrowserSelenium] (_getByLocator) -> Locator info found for XPATH attribute as: (//span[text()='Customers'])[2]
14:39:36,359 INFO  [BrowserSelenium] ENTER --> (_parseElementOnXpath)
14:39:36,359 INFO  [BrowserSelenium] (_parseElementOnXpath) -> (//span[text()='Customers'])[2] is used
14:39:36,359 INFO  [BrowserSelenium] EXIT --> (_parseElementOnXpath)
14:39:36,359 INFO  [BrowserSelenium] EXIT --> (_getByLocator)
14:39:36,377 INFO  [BrowserSelenium] ENTER --> (_getByLocator)
14:39:36,377 INFO  [BrowserSelenium] (_getByLocator) -> Getting locator for null
14:39:36,377 INFO  [BrowserSelenium] (_getByLocator) -> Locator info found for XPATH attribute as: (//span[text()='Customers'])[2]
14:39:36,377 INFO  [BrowserSelenium] ENTER --> (_parseElementOnXpath)
14:39:36,378 INFO  [BrowserSelenium] (_parseElementOnXpath) -> (//span[text()='Customers'])[2] is used
14:39:36,378 INFO  [BrowserSelenium] EXIT --> (_parseElementOnXpath)
14:39:36,378 INFO  [BrowserSelenium] EXIT --> (_getByLocator)
14:39:36,398 INFO  [BrowserSelenium] ENTER --> (_getByLocator)
14:39:36,398 INFO  [BrowserSelenium] (_getByLocator) -> Getting locator for null
14:39:36,398 INFO  [BrowserSelenium] (_getByLocator) -> Locator info found for XPATH attribute as: (//span[text()='Customers'])[2]
14:39:36,399 INFO  [BrowserSelenium] ENTER --> (_parseElementOnXpath)
14:39:36,399 INFO  [BrowserSelenium] (_parseElementOnXpath) -> (//span[text()='Customers'])[2] is used
14:39:36,399 INFO  [BrowserSelenium] EXIT --> (_parseElementOnXpath)
14:39:36,399 INFO  [BrowserSelenium] EXIT --> (_getByLocator)
14:39:36,420 INFO  [BrowserSelenium] ENTER --> (_getByLocator)
14:39:36,421 INFO  [BrowserSelenium] (_getByLocator) -> Getting locator for null
14:39:36,421 INFO  [BrowserSelenium] (_getByLocator) -> Locator info found for XPATH attribute as: (//span[text()='Customers'])[2]
14:39:36,421 INFO  [BrowserSelenium] ENTER --> (_parseElementOnXpath)
14:39:36,421 INFO  [BrowserSelenium] (_parseElementOnXpath) -> (//span[text()='Customers'])[2] is used
14:39:36,421 INFO  [BrowserSelenium] EXIT --> (_parseElementOnXpath)
14:39:36,422 INFO  [BrowserSelenium] EXIT --> (_getByLocator)
14:39:36,440 INFO  [BrowserSelenium] ENTER --> (_getByLocator)
14:39:36,441 INFO  [BrowserSelenium] (_getByLocator) -> Getting locator for null
14:39:36,441 INFO  [BrowserSelenium] (_getByLocator) -> Locator info found for XPATH attribute as: (//span[text()='Customers'])[2]
14:39:36,441 INFO  [BrowserSelenium] ENTER --> (_parseElementOnXpath)
14:39:36,441 INFO  [BrowserSelenium] (_parseElementOnXpath) -> (//span[text()='Customers'])[2] is used
14:39:36,441 INFO  [BrowserSelenium] EXIT --> (_parseElementOnXpath)
14:39:36,441 INFO  [BrowserSelenium] EXIT --> (_getByLocator)
14:39:36,572 INFO  [BrowserSelenium] ENTER --> (_getByLocator)
14:39:36,572 INFO  [BrowserSelenium] (_getByLocator) -> Getting locator for null
14:39:36,572 INFO  [BrowserSelenium] (_getByLocator) -> Locator info found for XPATH attribute as: (//span[text()='Customers'])[2]
14:39:36,573 INFO  [BrowserSelenium] ENTER --> (_parseElementOnXpath)
14:39:36,573 INFO  [BrowserSelenium] (_parseElementOnXpath) -> (//span[text()='Customers'])[2] is used
14:39:36,573 INFO  [BrowserSelenium] EXIT --> (_parseElementOnXpath)
14:39:36,573 INFO  [BrowserSelenium] EXIT --> (_getByLocator)
14:39:36,590 INFO  [BrowserSelenium] ENTER --> (_getByLocator)
14:39:36,590 INFO  [BrowserSelenium] (_getByLocator) -> Getting locator for null
14:39:36,590 INFO  [BrowserSelenium] (_getByLocator) -> Locator info found for XPATH attribute as: (//span[text()='Customers'])[2]
14:39:36,590 INFO  [BrowserSelenium] ENTER --> (_parseElementOnXpath)
14:39:36,590 INFO  [BrowserSelenium] (_parseElementOnXpath) -> (//span[text()='Customers'])[2] is used
14:39:36,590 INFO  [BrowserSelenium] EXIT --> (_parseElementOnXpath)
14:39:36,590 INFO  [BrowserSelenium] EXIT --> (_getByLocator)
14:39:36,608 INFO  [BrowserSelenium] ENTER --> (_getByLocator)
14:39:36,609 INFO  [BrowserSelenium] (_getByLocator) -> Getting locator for null
14:39:36,609 INFO  [BrowserSelenium] (_getByLocator) -> Locator info found for XPATH attribute as: (//span[text()='Customers'])[2]
14:39:36,609 INFO  [BrowserSelenium] ENTER --> (_parseElementOnXpath)
14:39:36,609 INFO  [BrowserSelenium] (_parseElementOnXpath) -> (//span[text()='Customers'])[2] is used
14:39:36,609 INFO  [BrowserSelenium] EXIT --> (_parseElementOnXpath)
14:39:36,609 INFO  [BrowserSelenium] EXIT --> (_getByLocator)
14:39:36,630 INFO  [BrowserSelenium] ENTER --> (_getByLocator)
14:39:36,630 INFO  [BrowserSelenium] (_getByLocator) -> Getting locator for null
14:39:36,630 INFO  [BrowserSelenium] (_getByLocator) -> Locator info found for XPATH attribute as: (//span[text()='Customers'])[2]
14:39:36,630 INFO  [BrowserSelenium] ENTER --> (_parseElementOnXpath)
14:39:36,630 INFO  [BrowserSelenium] (_parseElementOnXpath) -> (//span[text()='Customers'])[2] is used
14:39:36,631 INFO  [BrowserSelenium] EXIT --> (_parseElementOnXpath)
14:39:36,631 INFO  [BrowserSelenium] EXIT --> (_getByLocator)
14:39:36,647 INFO  [BrowserSelenium] ENTER --> (_getByLocator)
14:39:36,647 INFO  [BrowserSelenium] (_getByLocator) -> Getting locator for null
14:39:36,647 INFO  [BrowserSelenium] (_getByLocator) -> Locator info found for XPATH attribute as: (//span[text()='Customers'])[2]
14:39:36,648 INFO  [BrowserSelenium] ENTER --> (_parseElementOnXpath)
14:39:36,648 INFO  [BrowserSelenium] (_parseElementOnXpath) -> (//span[text()='Customers'])[2] is used
14:39:36,648 INFO  [BrowserSelenium] EXIT --> (_parseElementOnXpath)
14:39:36,648 INFO  [BrowserSelenium] EXIT --> (_getByLocator)
14:39:36,664 INFO  [BrowserSelenium] ENTER --> (_getByLocator)
14:39:36,664 INFO  [BrowserSelenium] (_getByLocator) -> Getting locator for null
14:39:36,665 INFO  [BrowserSelenium] (_getByLocator) -> Locator info found for XPATH attribute as: (//span[text()='Customers'])[2]
14:39:36,665 INFO  [BrowserSelenium] ENTER --> (_parseElementOnXpath)
14:39:36,665 INFO  [BrowserSelenium] (_parseElementOnXpath) -> (//span[text()='Customers'])[2] is used
14:39:36,665 INFO  [BrowserSelenium] EXIT --> (_parseElementOnXpath)
14:39:36,665 INFO  [BrowserSelenium] EXIT --> (_getByLocator)
14:39:36,686 INFO  [BrowserSelenium] ENTER --> (_getByLocator)
14:39:36,686 INFO  [BrowserSelenium] (_getByLocator) -> Getting locator for null
14:39:36,687 INFO  [BrowserSelenium] (_getByLocator) -> Locator info found for XPATH attribute as: (//span[text()='Customers'])[2]
14:39:36,687 INFO  [BrowserSelenium] ENTER --> (_parseElementOnXpath)
14:39:36,687 INFO  [BrowserSelenium] (_parseElementOnXpath) -> (//span[text()='Customers'])[2] is used
14:39:36,687 INFO  [BrowserSelenium] EXIT --> (_parseElementOnXpath)
14:39:36,687 INFO  [BrowserSelenium] EXIT --> (_getByLocator)
14:39:36,704 INFO  [BrowserSelenium] ENTER --> (_getByLocator)
14:39:36,704 INFO  [BrowserSelenium] (_getByLocator) -> Getting locator for null
14:39:36,704 INFO  [BrowserSelenium] (_getByLocator) -> Locator info found for XPATH attribute as: (//span[text()='Customers'])[2]
14:39:36,704 INFO  [BrowserSelenium] ENTER --> (_parseElementOnXpath)
14:39:36,704 INFO  [BrowserSelenium] (_parseElementOnXpath) -> (//span[text()='Customers'])[2] is used
14:39:36,704 INFO  [BrowserSelenium] EXIT --> (_parseElementOnXpath)
14:39:36,705 INFO  [BrowserSelenium] EXIT --> (_getByLocator)
14:39:36,721 INFO  [BrowserSelenium] ENTER --> (_getByLocator)
14:39:36,722 INFO  [BrowserSelenium] (_getByLocator) -> Getting locator for null
14:39:36,722 INFO  [BrowserSelenium] (_getByLocator) -> Locator info found for XPATH attribute as: (//span[text()='Customers'])[2]
14:39:36,722 INFO  [BrowserSelenium] ENTER --> (_parseElementOnXpath)
14:39:36,722 INFO  [BrowserSelenium] (_parseElementOnXpath) -> (//span[text()='Customers'])[2] is used
14:39:36,722 INFO  [BrowserSelenium] EXIT --> (_parseElementOnXpath)
14:39:36,722 INFO  [BrowserSelenium] EXIT --> (_getByLocator)
14:39:36,739 INFO  [BrowserSelenium] ENTER --> (_getByLocator)
14:39:36,739 INFO  [BrowserSelenium] (_getByLocator) -> Getting locator for null
14:39:36,739 INFO  [BrowserSelenium] (_getByLocator) -> Locator info found for XPATH attribute as: (//span[text()='Customers'])[2]
14:39:36,739 INFO  [BrowserSelenium] ENTER --> (_parseElementOnXpath)
14:39:36,739 INFO  [BrowserSelenium] (_parseElementOnXpath) -> (//span[text()='Customers'])[2] is used
14:39:36,739 INFO  [BrowserSelenium] EXIT --> (_parseElementOnXpath)
14:39:36,740 INFO  [BrowserSelenium] EXIT --> (_getByLocator)
14:39:36,761 INFO  [BrowserSelenium] ENTER --> (_getByLocator)
14:39:36,761 INFO  [BrowserSelenium] (_getByLocator) -> Getting locator for null
14:39:36,762 INFO  [BrowserSelenium] (_getByLocator) -> Locator info found for XPATH attribute as: (//span[text()='Customers'])[2]
14:39:36,762 INFO  [BrowserSelenium] ENTER --> (_parseElementOnXpath)
14:39:36,762 INFO  [BrowserSelenium] (_parseElementOnXpath) -> (//span[text()='Customers'])[2] is used
14:39:36,762 INFO  [BrowserSelenium] EXIT --> (_parseElementOnXpath)
14:39:36,762 INFO  [BrowserSelenium] EXIT --> (_getByLocator)
14:39:36,786 INFO  [BrowserSelenium] ENTER --> (_getByLocator)
14:39:36,786 INFO  [BrowserSelenium] (_getByLocator) -> Getting locator for null
14:39:36,787 INFO  [BrowserSelenium] (_getByLocator) -> Locator info found for XPATH attribute as: (//span[text()='Customers'])[2]
14:39:36,787 INFO  [BrowserSelenium] ENTER --> (_parseElementOnXpath)
14:39:36,787 INFO  [BrowserSelenium] (_parseElementOnXpath) -> (//span[text()='Customers'])[2] is used
14:39:36,787 INFO  [BrowserSelenium] EXIT --> (_parseElementOnXpath)
14:39:36,787 INFO  [BrowserSelenium] EXIT --> (_getByLocator)
14:39:36,804 INFO  [BrowserSelenium] ENTER --> (_getByLocator)
14:39:36,804 INFO  [BrowserSelenium] (_getByLocator) -> Getting locator for null
14:39:36,804 INFO  [BrowserSelenium] (_getByLocator) -> Locator info found for XPATH attribute as: (//span[text()='Customers'])[2]
14:39:36,804 INFO  [BrowserSelenium] ENTER --> (_parseElementOnXpath)
14:39:36,804 INFO  [BrowserSelenium] (_parseElementOnXpath) -> (//span[text()='Customers'])[2] is used
14:39:36,805 INFO  [BrowserSelenium] EXIT --> (_parseElementOnXpath)
14:39:36,805 INFO  [BrowserSelenium] EXIT --> (_getByLocator)
14:39:36,821 INFO  [BrowserSelenium] ENTER --> (_getByLocator)
14:39:36,822 INFO  [BrowserSelenium] (_getByLocator) -> Getting locator for null
14:39:36,822 INFO  [BrowserSelenium] (_getByLocator) -> Locator info found for XPATH attribute as: (//span[text()='Customers'])[2]
14:39:36,822 INFO  [BrowserSelenium] ENTER --> (_parseElementOnXpath)
14:39:36,822 INFO  [BrowserSelenium] (_parseElementOnXpath) -> (//span[text()='Customers'])[2] is used
14:39:36,822 INFO  [BrowserSelenium] EXIT --> (_parseElementOnXpath)
14:39:36,822 INFO  [BrowserSelenium] EXIT --> (_getByLocator)
14:39:36,843 INFO  [BrowserSelenium] ENTER --> (_getByLocator)
14:39:36,844 INFO  [BrowserSelenium] (_getByLocator) -> Getting locator for null
14:39:36,844 INFO  [BrowserSelenium] (_getByLocator) -> Locator info found for XPATH attribute as: (//span[text()='Customers'])[2]
14:39:36,844 INFO  [BrowserSelenium] ENTER --> (_parseElementOnXpath)
14:39:36,844 INFO  [BrowserSelenium] (_parseElementOnXpath) -> (//span[text()='Customers'])[2] is used
14:39:36,844 INFO  [BrowserSelenium] EXIT --> (_parseElementOnXpath)
14:39:36,844 INFO  [BrowserSelenium] EXIT --> (_getByLocator)
14:39:36,861 INFO  [BrowserSelenium] ENTER --> (_getByLocator)
14:39:36,861 INFO  [BrowserSelenium] (_getByLocator) -> Getting locator for null
14:39:36,861 INFO  [BrowserSelenium] (_getByLocator) -> Locator info found for XPATH attribute as: (//span[text()='Customers'])[2]
14:39:36,861 INFO  [BrowserSelenium] ENTER --> (_parseElementOnXpath)
14:39:36,861 INFO  [BrowserSelenium] (_parseElementOnXpath) -> (//span[text()='Customers'])[2] is used
14:39:36,861 INFO  [BrowserSelenium] EXIT --> (_parseElementOnXpath)
14:39:36,862 INFO  [BrowserSelenium] EXIT --> (_getByLocator)
14:39:36,878 INFO  [BrowserSelenium] ENTER --> (_getByLocator)
14:39:36,878 INFO  [BrowserSelenium] (_getByLocator) -> Getting locator for null
14:39:36,879 INFO  [BrowserSelenium] (_getByLocator) -> Locator info found for XPATH attribute as: (//span[text()='Customers'])[2]
14:39:36,879 INFO  [BrowserSelenium] ENTER --> (_parseElementOnXpath)
14:39:36,879 INFO  [BrowserSelenium] (_parseElementOnXpath) -> (//span[text()='Customers'])[2] is used
14:39:36,879 INFO  [BrowserSelenium] EXIT --> (_parseElementOnXpath)
14:39:36,879 INFO  [BrowserSelenium] EXIT --> (_getByLocator)
14:39:36,898 INFO  [BrowserSelenium] ENTER --> (_getByLocator)
14:39:36,898 INFO  [BrowserSelenium] (_getByLocator) -> Getting locator for null
14:39:36,898 INFO  [BrowserSelenium] (_getByLocator) -> Locator info found for XPATH attribute as: (//span[text()='Customers'])[2]
14:39:36,899 INFO  [BrowserSelenium] ENTER --> (_parseElementOnXpath)
14:39:36,899 INFO  [BrowserSelenium] (_parseElementOnXpath) -> (//span[text()='Customers'])[2] is used
14:39:36,899 INFO  [BrowserSelenium] EXIT --> (_parseElementOnXpath)
14:39:36,899 INFO  [BrowserSelenium] EXIT --> (_getByLocator)
14:39:36,917 INFO  [BrowserSelenium] ENTER --> (_getByLocator)
14:39:36,917 INFO  [BrowserSelenium] (_getByLocator) -> Getting locator for null
14:39:36,917 INFO  [BrowserSelenium] (_getByLocator) -> Locator info found for XPATH attribute as: (//span[text()='Customers'])[2]
14:39:36,918 INFO  [BrowserSelenium] ENTER --> (_parseElementOnXpath)
14:39:36,918 INFO  [BrowserSelenium] (_parseElementOnXpath) -> (//span[text()='Customers'])[2] is used
14:39:36,918 INFO  [BrowserSelenium] EXIT --> (_parseElementOnXpath)
14:39:36,918 INFO  [BrowserSelenium] EXIT --> (_getByLocator)
14:39:36,935 INFO  [BrowserSelenium] ENTER --> (_getByLocator)
14:39:36,935 INFO  [BrowserSelenium] (_getByLocator) -> Getting locator for null
14:39:36,935 INFO  [BrowserSelenium] (_getByLocator) -> Locator info found for XPATH attribute as: (//span[text()='Customers'])[2]
14:39:36,935 INFO  [BrowserSelenium] ENTER --> (_parseElementOnXpath)
14:39:36,935 INFO  [BrowserSelenium] (_parseElementOnXpath) -> (//span[text()='Customers'])[2] is used
14:39:36,935 INFO  [BrowserSelenium] EXIT --> (_parseElementOnXpath)
14:39:36,936 INFO  [BrowserSelenium] EXIT --> (_getByLocator)
14:39:36,952 INFO  [BrowserSelenium] ENTER --> (_getByLocator)
14:39:36,952 INFO  [BrowserSelenium] (_getByLocator) -> Getting locator for null
14:39:36,952 INFO  [BrowserSelenium] (_getByLocator) -> Locator info found for XPATH attribute as: (//span[text()='Customers'])[2]
14:39:36,953 INFO  [BrowserSelenium] ENTER --> (_parseElementOnXpath)
14:39:36,953 INFO  [BrowserSelenium] (_parseElementOnXpath) -> (//span[text()='Customers'])[2] is used
14:39:36,953 INFO  [BrowserSelenium] EXIT --> (_parseElementOnXpath)
14:39:36,953 INFO  [BrowserSelenium] EXIT --> (_getByLocator)
14:39:36,973 INFO  [BrowserSelenium] ENTER --> (_getByLocator)
14:39:36,973 INFO  [BrowserSelenium] (_getByLocator) -> Getting locator for null
14:39:36,974 INFO  [BrowserSelenium] (_getByLocator) -> Locator info found for XPATH attribute as: (//span[text()='Customers'])[2]
14:39:36,974 INFO  [BrowserSelenium] ENTER --> (_parseElementOnXpath)
14:39:36,974 INFO  [BrowserSelenium] (_parseElementOnXpath) -> (//span[text()='Customers'])[2] is used
14:39:36,974 INFO  [BrowserSelenium] EXIT --> (_parseElementOnXpath)
14:39:36,974 INFO  [BrowserSelenium] EXIT --> (_getByLocator)
14:39:36,992 INFO  [BrowserSelenium] ENTER --> (_getByLocator)
14:39:36,992 INFO  [BrowserSelenium] (_getByLocator) -> Getting locator for null
14:39:36,992 INFO  [BrowserSelenium] (_getByLocator) -> Locator info found for XPATH attribute as: (//span[text()='Customers'])[2]
14:39:36,992 INFO  [BrowserSelenium] ENTER --> (_parseElementOnXpath)
14:39:36,993 INFO  [BrowserSelenium] (_parseElementOnXpath) -> (//span[text()='Customers'])[2] is used
14:39:36,993 INFO  [BrowserSelenium] EXIT --> (_parseElementOnXpath)
14:39:36,993 INFO  [BrowserSelenium] EXIT --> (_getByLocator)
14:39:37,011 INFO  [BrowserSelenium] ENTER --> (_getByLocator)
14:39:37,012 INFO  [BrowserSelenium] (_getByLocator) -> Getting locator for null
14:39:37,012 INFO  [BrowserSelenium] (_getByLocator) -> Locator info found for XPATH attribute as: (//span[text()='Customers'])[2]
14:39:37,012 INFO  [BrowserSelenium] ENTER --> (_parseElementOnXpath)
14:39:37,012 INFO  [BrowserSelenium] (_parseElementOnXpath) -> (//span[text()='Customers'])[2] is used
14:39:37,012 INFO  [BrowserSelenium] EXIT --> (_parseElementOnXpath)
14:39:37,012 INFO  [BrowserSelenium] EXIT --> (_getByLocator)
14:39:37,029 INFO  [BrowserSelenium] ENTER --> (_getByLocator)
14:39:37,029 INFO  [BrowserSelenium] (_getByLocator) -> Getting locator for null
14:39:37,029 INFO  [BrowserSelenium] (_getByLocator) -> Locator info found for XPATH attribute as: (//span[text()='Customers'])[2]
14:39:37,029 INFO  [BrowserSelenium] ENTER --> (_parseElementOnXpath)
14:39:37,030 INFO  [BrowserSelenium] (_parseElementOnXpath) -> (//span[text()='Customers'])[2] is used
14:39:37,030 INFO  [BrowserSelenium] EXIT --> (_parseElementOnXpath)
14:39:37,030 INFO  [BrowserSelenium] EXIT --> (_getByLocator)
14:39:37,046 INFO  [BrowserSelenium] ENTER --> (_getByLocator)
14:39:37,047 INFO  [BrowserSelenium] (_getByLocator) -> Getting locator for null
14:39:37,047 INFO  [BrowserSelenium] (_getByLocator) -> Locator info found for XPATH attribute as: (//span[text()='Customers'])[2]
14:39:37,047 INFO  [BrowserSelenium] ENTER --> (_parseElementOnXpath)
14:39:37,047 INFO  [BrowserSelenium] (_parseElementOnXpath) -> (//span[text()='Customers'])[2] is used
14:39:37,047 INFO  [BrowserSelenium] EXIT --> (_parseElementOnXpath)
14:39:37,048 INFO  [BrowserSelenium] EXIT --> (_getByLocator)
14:39:37,065 INFO  [BrowserSelenium] ENTER --> (_getByLocator)
14:39:37,065 INFO  [BrowserSelenium] (_getByLocator) -> Getting locator for null
14:39:37,065 INFO  [BrowserSelenium] (_getByLocator) -> Locator info found for XPATH attribute as: (//span[text()='Customers'])[2]
14:39:37,066 INFO  [BrowserSelenium] ENTER --> (_parseElementOnXpath)
14:39:37,066 INFO  [BrowserSelenium] (_parseElementOnXpath) -> (//span[text()='Customers'])[2] is used
14:39:37,066 INFO  [BrowserSelenium] EXIT --> (_parseElementOnXpath)
14:39:37,066 INFO  [BrowserSelenium] EXIT --> (_getByLocator)
14:39:37,085 INFO  [BrowserSelenium] ENTER --> (_getByLocator)
14:39:37,085 INFO  [BrowserSelenium] (_getByLocator) -> Getting locator for null
14:39:37,085 INFO  [BrowserSelenium] (_getByLocator) -> Locator info found for XPATH attribute as: (//span[text()='Customers'])[2]
14:39:37,085 INFO  [BrowserSelenium] ENTER --> (_parseElementOnXpath)
14:39:37,085 INFO  [BrowserSelenium] (_parseElementOnXpath) -> (//span[text()='Customers'])[2] is used
14:39:37,085 INFO  [BrowserSelenium] EXIT --> (_parseElementOnXpath)
14:39:37,086 INFO  [BrowserSelenium] EXIT --> (_getByLocator)
14:39:37,102 INFO  [BrowserSelenium] ENTER --> (_getByLocator)
14:39:37,102 INFO  [BrowserSelenium] (_getByLocator) -> Getting locator for null
14:39:37,102 INFO  [BrowserSelenium] (_getByLocator) -> Locator info found for XPATH attribute as: (//span[text()='Customers'])[2]
14:39:37,103 INFO  [BrowserSelenium] ENTER --> (_parseElementOnXpath)
14:39:37,103 INFO  [BrowserSelenium] (_parseElementOnXpath) -> (//span[text()='Customers'])[2] is used
14:39:37,103 INFO  [BrowserSelenium] EXIT --> (_parseElementOnXpath)
14:39:37,103 INFO  [BrowserSelenium] EXIT --> (_getByLocator)
14:39:37,122 INFO  [BrowserSelenium] ENTER --> (_getByLocator)
14:39:37,122 INFO  [BrowserSelenium] (_getByLocator) -> Getting locator for null
14:39:37,122 INFO  [BrowserSelenium] (_getByLocator) -> Locator info found for XPATH attribute as: (//span[text()='Customers'])[2]
14:39:37,122 INFO  [BrowserSelenium] ENTER --> (_parseElementOnXpath)
14:39:37,122 INFO  [BrowserSelenium] (_parseElementOnXpath) -> (//span[text()='Customers'])[2] is used
14:39:37,122 INFO  [BrowserSelenium] EXIT --> (_parseElementOnXpath)
14:39:37,123 INFO  [BrowserSelenium] EXIT --> (_getByLocator)
14:39:37,140 INFO  [BrowserSelenium] ENTER --> (_getByLocator)
14:39:37,141 INFO  [BrowserSelenium] (_getByLocator) -> Getting locator for null
14:39:37,141 INFO  [BrowserSelenium] (_getByLocator) -> Locator info found for XPATH attribute as: (//span[text()='Customers'])[2]
14:39:37,141 INFO  [BrowserSelenium] ENTER --> (_parseElementOnXpath)
14:39:37,141 INFO  [BrowserSelenium] (_parseElementOnXpath) -> (//span[text()='Customers'])[2] is used
14:39:37,141 INFO  [BrowserSelenium] EXIT --> (_parseElementOnXpath)
14:39:37,141 INFO  [BrowserSelenium] EXIT --> (_getByLocator)
14:39:37,158 INFO  [BrowserSelenium] ENTER --> (_getByLocator)
14:39:37,158 INFO  [BrowserSelenium] (_getByLocator) -> Getting locator for null
14:39:37,158 INFO  [BrowserSelenium] (_getByLocator) -> Locator info found for XPATH attribute as: (//span[text()='Customers'])[2]
14:39:37,158 INFO  [BrowserSelenium] ENTER --> (_parseElementOnXpath)
14:39:37,159 INFO  [BrowserSelenium] (_parseElementOnXpath) -> (//span[text()='Customers'])[2] is used
14:39:37,159 INFO  [BrowserSelenium] EXIT --> (_parseElementOnXpath)
14:39:37,159 INFO  [BrowserSelenium] EXIT --> (_getByLocator)
14:39:37,177 INFO  [BrowserSelenium] ENTER --> (_getByLocator)
14:39:37,177 INFO  [BrowserSelenium] (_getByLocator) -> Getting locator for null
14:39:37,177 INFO  [BrowserSelenium] (_getByLocator) -> Locator info found for XPATH attribute as: (//span[text()='Customers'])[2]
14:39:37,177 INFO  [BrowserSelenium] ENTER --> (_parseElementOnXpath)
14:39:37,177 INFO  [BrowserSelenium] (_parseElementOnXpath) -> (//span[text()='Customers'])[2] is used
14:39:37,177 INFO  [BrowserSelenium] EXIT --> (_parseElementOnXpath)
14:39:37,178 INFO  [BrowserSelenium] EXIT --> (_getByLocator)
14:39:37,198 INFO  [BrowserSelenium] ENTER --> (_getByLocator)
14:39:37,198 INFO  [BrowserSelenium] (_getByLocator) -> Getting locator for null
14:39:37,198 INFO  [BrowserSelenium] (_getByLocator) -> Locator info found for XPATH attribute as: (//span[text()='Customers'])[2]
14:39:37,198 INFO  [BrowserSelenium] ENTER --> (_parseElementOnXpath)
14:39:37,198 INFO  [BrowserSelenium] (_parseElementOnXpath) -> (//span[text()='Customers'])[2] is used
14:39:37,198 INFO  [BrowserSelenium] EXIT --> (_parseElementOnXpath)
14:39:37,198 INFO  [BrowserSelenium] EXIT --> (_getByLocator)
14:39:37,220 INFO  [BrowserSelenium] ENTER --> (_getByLocator)
14:39:37,220 INFO  [BrowserSelenium] (_getByLocator) -> Getting locator for null
14:39:37,220 INFO  [BrowserSelenium] (_getByLocator) -> Locator info found for XPATH attribute as: (//span[text()='Customers'])[2]
14:39:37,220 INFO  [BrowserSelenium] ENTER --> (_parseElementOnXpath)
14:39:37,220 INFO  [BrowserSelenium] (_parseElementOnXpath) -> (//span[text()='Customers'])[2] is used
14:39:37,220 INFO  [BrowserSelenium] EXIT --> (_parseElementOnXpath)
14:39:37,220 INFO  [BrowserSelenium] EXIT --> (_getByLocator)
14:39:37,234 INFO  [BrowserSelenium] ENTER --> (_getByLocator)
14:39:37,235 INFO  [BrowserSelenium] (_getByLocator) -> Getting locator for null
14:39:37,235 INFO  [BrowserSelenium] (_getByLocator) -> Locator info found for XPATH attribute as: (//span[text()='Customers'])[2]
14:39:37,235 INFO  [BrowserSelenium] ENTER --> (_parseElementOnXpath)
14:39:37,235 INFO  [BrowserSelenium] (_parseElementOnXpath) -> (//span[text()='Customers'])[2] is used
14:39:37,235 INFO  [BrowserSelenium] EXIT --> (_parseElementOnXpath)
14:39:37,235 INFO  [BrowserSelenium] EXIT --> (_getByLocator)
14:40:07,515 INFO  [BrowserSelenium] ENTER --> (_getByLocator)
14:40:07,516 INFO  [BrowserSelenium] (_getByLocator) -> Getting locator for null
14:40:07,516 INFO  [BrowserSelenium] (_getByLocator) -> Locator info found for XPATH attribute as: (//span[text()='Customers'])[2]
14:40:07,516 INFO  [BrowserSelenium] ENTER --> (_parseElementOnXpath)
14:40:07,516 INFO  [BrowserSelenium] (_parseElementOnXpath) -> (//span[text()='Customers'])[2] is used
14:40:07,516 INFO  [BrowserSelenium] EXIT --> (_parseElementOnXpath)
14:40:07,516 INFO  [BrowserSelenium] EXIT --> (_getByLocator)
14:40:07,523 INFO  [BrowserSelenium] ENTER --> (_clickUsingJavaScript)
14:40:07,546 INFO  [BrowserSelenium] EXIT --> (_clickUsingJavaScript)
14:40:07,546 INFO  [BrowserSelenium] EXIT --> (clickLinkText)
14:40:07,546 INFO  [BrowserSelenium] ENTER --> (initElements)
14:40:07,547 INFO  [BrowserSelenium] (initElements) -> ID set to field: 
14:40:07,547 INFO  [BrowserSelenium] (initElements) -> Name set to field: 
14:40:07,547 INFO  [BrowserSelenium] (initElements) -> CSS set to field: 
14:40:07,547 INFO  [BrowserSelenium] (initElements) -> XPath set to field: //select[@name='mainSubscription.periodId']
14:40:07,547 INFO  [BrowserSelenium] (initElements) -> ID set to field: 
14:40:07,547 INFO  [BrowserSelenium] (initElements) -> Name set to field: 
14:40:07,547 INFO  [BrowserSelenium] (initElements) -> CSS set to field: 
14:40:07,547 INFO  [BrowserSelenium] (initElements) -> XPath set to field: //a[@id='companyBillingCycle']/span
14:40:07,547 INFO  [BrowserSelenium] (initElements) -> ID set to field: 
14:40:07,547 INFO  [BrowserSelenium] (initElements) -> Name set to field: 
14:40:07,547 INFO  [BrowserSelenium] (initElements) -> CSS set to field: 
14:40:07,548 INFO  [BrowserSelenium] (initElements) -> XPath set to field: //select[@name='mainSubscription.nextInvoiceDayOfPeriod']
14:40:07,548 INFO  [BrowserSelenium] (initElements) -> ID set to field: 
14:40:07,548 INFO  [BrowserSelenium] (initElements) -> Name set to field: 
14:40:07,548 INFO  [BrowserSelenium] (initElements) -> CSS set to field: 
14:40:07,548 INFO  [BrowserSelenium] (initElements) -> XPath set to field: //strong[contains(text(), 'Bill 2')]
14:40:07,548 INFO  [BrowserSelenium] (initElements) -> ID set to field: 
14:40:07,548 INFO  [BrowserSelenium] (initElements) -> Name set to field: 
14:40:07,548 INFO  [BrowserSelenium] (initElements) -> CSS set to field: 
14:40:07,548 INFO  [BrowserSelenium] (initElements) -> XPath set to field: //label[text()='ach.customer.name']/../../div[2]/div/input
14:40:07,548 INFO  [BrowserSelenium] (initElements) -> ID set to field: 
14:40:07,548 INFO  [BrowserSelenium] (initElements) -> Name set to field: 
14:40:07,549 INFO  [BrowserSelenium] (initElements) -> CSS set to field: 
14:40:07,549 INFO  [BrowserSelenium] (initElements) -> XPath set to field: //label[text()='ach.routing.number']/../../div[1]/div/input
14:40:07,549 INFO  [BrowserSelenium] (initElements) -> ID set to field: 
14:40:07,549 INFO  [BrowserSelenium] (initElements) -> Name set to field: 
14:40:07,549 INFO  [BrowserSelenium] (initElements) -> CSS set to field: 
14:40:07,549 INFO  [BrowserSelenium] (initElements) -> XPath set to field: //label[text()='ach.account.number']/../../div[3]/div/input
14:40:07,549 INFO  [BrowserSelenium] (initElements) -> ID set to field: 
14:40:07,549 INFO  [BrowserSelenium] (initElements) -> Name set to field: 
14:40:07,549 INFO  [BrowserSelenium] (initElements) -> CSS set to field: 
14:40:07,549 INFO  [BrowserSelenium] (initElements) -> XPath set to field: //label[text()='ach.bank.name']/../../div[4]/div/input
14:40:07,549 INFO  [BrowserSelenium] (initElements) -> ID set to field: 
14:40:07,550 INFO  [BrowserSelenium] (initElements) -> Name set to field: 
14:40:07,550 INFO  [BrowserSelenium] (initElements) -> CSS set to field: 
14:40:07,550 INFO  [BrowserSelenium] (initElements) -> XPath set to field: //label[text()='ach.account.type']/../../div[5]/select
14:40:07,550 INFO  [BrowserSelenium] (initElements) -> ID set to field: 
14:40:07,550 INFO  [BrowserSelenium] (initElements) -> Name set to field: 
14:40:07,550 INFO  [BrowserSelenium] (initElements) -> CSS set to field: 
14:40:07,550 INFO  [BrowserSelenium] (initElements) -> XPath set to field: //table[@id='users']
14:40:07,550 INFO  [BrowserSelenium] (initElements) -> ID set to field: 
14:40:07,550 INFO  [BrowserSelenium] (initElements) -> Name set to field: 
14:40:07,550 INFO  [BrowserSelenium] (initElements) -> CSS set to field: 
14:40:07,550 INFO  [BrowserSelenium] (initElements) -> XPath set to field: //span[text()= 'Generate Invoice']
14:40:07,550 INFO  [BrowserSelenium] (initElements) -> ID set to field: 
14:40:07,551 INFO  [BrowserSelenium] (initElements) -> Name set to field: 
14:40:07,551 INFO  [BrowserSelenium] (initElements) -> CSS set to field: .submit.payment>span
14:40:07,551 INFO  [BrowserSelenium] (initElements) -> XPath set to field: 
14:40:07,551 INFO  [BrowserSelenium] (initElements) -> ID set to field: 
14:40:07,551 INFO  [BrowserSelenium] (initElements) -> Name set to field: 
14:40:07,551 INFO  [BrowserSelenium] (initElements) -> CSS set to field: 
14:40:07,551 INFO  [BrowserSelenium] (initElements) -> XPath set to field: //label[text()='Allow Sub-Accounts']/preceding-sibling::input[@type='checkbox']
14:40:07,551 INFO  [BrowserSelenium] (initElements) -> ID set to field: 
14:40:07,551 INFO  [BrowserSelenium] (initElements) -> Name set to field: 
14:40:07,551 INFO  [BrowserSelenium] (initElements) -> CSS set to field: 
14:40:07,551 INFO  [BrowserSelenium] (initElements) -> XPath set to field: //li[@aria-controls='ui-tabs-products']/a
14:40:07,552 INFO  [BrowserSelenium] (initElements) -> ID set to field: 
14:40:07,552 INFO  [BrowserSelenium] (initElements) -> Name set to field: 
14:40:07,552 INFO  [BrowserSelenium] (initElements) -> CSS set to field: 
14:40:07,552 INFO  [BrowserSelenium] (initElements) -> XPath set to field: //input[@name='user.accountExpired']
14:40:07,552 INFO  [BrowserSelenium] (initElements) -> ID set to field: 
14:40:07,552 INFO  [BrowserSelenium] (initElements) -> Name set to field: 
14:40:07,552 INFO  [BrowserSelenium] (initElements) -> CSS set to field: 
14:40:07,552 INFO  [BrowserSelenium] (initElements) -> XPath set to field: //input[@name='user.isAccountLocked']
14:40:07,553 INFO  [BrowserSelenium] (initElements) -> ID set to field: 
14:40:07,553 INFO  [BrowserSelenium] (initElements) -> Name set to field: 
14:40:07,553 INFO  [BrowserSelenium] (initElements) -> CSS set to field: 
14:40:07,553 INFO  [BrowserSelenium] (initElements) -> XPath set to field: //input[@name='user.isParent']
14:40:07,554 INFO  [BrowserSelenium] (initElements) -> ID set to field: 
14:40:07,554 INFO  [BrowserSelenium] (initElements) -> Name set to field: 
14:40:07,554 INFO  [BrowserSelenium] (initElements) -> CSS set to field: 
14:40:07,554 INFO  [BrowserSelenium] (initElements) -> XPath set to field: //label[contains(text(),'Blacklisted')]/preceding-sibling::input[contains(@id,'metaField_')]
14:40:07,554 INFO  [BrowserSelenium] (initElements) -> ID set to field: 
14:40:07,555 INFO  [BrowserSelenium] (initElements) -> Name set to field: 
14:40:07,555 INFO  [BrowserSelenium] (initElements) -> CSS set to field: 
14:40:07,555 INFO  [BrowserSelenium] (initElements) -> XPath set to field: //input[@name='user.createCredentials']
14:40:07,555 INFO  [BrowserSelenium] (initElements) -> ID set to field: 
14:40:07,555 INFO  [BrowserSelenium] (initElements) -> Name set to field: 
14:40:07,555 INFO  [BrowserSelenium] (initElements) -> CSS set to field: 
14:40:07,555 INFO  [BrowserSelenium] (initElements) -> XPath set to field: //form[@id='order-details-form']/div[2]/div[2]/input[2]
14:40:07,555 INFO  [BrowserSelenium] (initElements) -> ID set to field: 
14:40:07,555 INFO  [BrowserSelenium] (initElements) -> Name set to field: 
14:40:07,555 INFO  [BrowserSelenium] (initElements) -> CSS set to field: 
14:40:07,555 INFO  [BrowserSelenium] (initElements) -> XPath set to field: //form[@id='order-details-form']/div/div[11]/input[2]
14:40:07,556 INFO  [BrowserSelenium] (initElements) -> ID set to field: 
14:40:07,556 INFO  [BrowserSelenium] (initElements) -> Name set to field: 
14:40:07,556 INFO  [BrowserSelenium] (initElements) -> CSS set to field: 
14:40:07,556 INFO  [BrowserSelenium] (initElements) -> XPath set to field: //form[@id='order-details-form']/div/div[12]/div/input[2]
14:40:07,556 INFO  [BrowserSelenium] (initElements) -> ID set to field: 
14:40:07,556 INFO  [BrowserSelenium] (initElements) -> Name set to field: 
14:40:07,556 INFO  [BrowserSelenium] (initElements) -> CSS set to field: 
14:40:07,556 INFO  [BrowserSelenium] (initElements) -> XPath set to field: //input[@name='user.excludeAgeing']
14:40:07,556 INFO  [BrowserSelenium] (initElements) -> ID set to field: 
14:40:07,556 INFO  [BrowserSelenium] (initElements) -> Name set to field: 
14:40:07,556 INFO  [BrowserSelenium] (initElements) -> CSS set to field: 
14:40:07,557 INFO  [BrowserSelenium] (initElements) -> XPath set to field: //input[@name='user.invoiceChild']
14:40:07,557 INFO  [BrowserSelenium] (initElements) -> ID set to field: 
14:40:07,557 INFO  [BrowserSelenium] (initElements) -> Name set to field: 
14:40:07,557 INFO  [BrowserSelenium] (initElements) -> CSS set to field: 
14:40:07,557 INFO  [BrowserSelenium] (initElements) -> XPath set to field: //input[@name='user.useParentPricing']
14:40:07,557 INFO  [BrowserSelenium] (initElements) -> ID set to field: 
14:40:07,557 INFO  [BrowserSelenium] (initElements) -> Name set to field: asset.select.0
14:40:07,557 INFO  [BrowserSelenium] (initElements) -> CSS set to field: 
14:40:07,557 INFO  [BrowserSelenium] (initElements) -> XPath set to field: 
14:40:07,557 INFO  [BrowserSelenium] (initElements) -> ID set to field: 
14:40:07,558 INFO  [BrowserSelenium] (initElements) -> Name set to field: 
14:40:07,558 INFO  [BrowserSelenium] (initElements) -> CSS set to field: 
14:40:07,558 INFO  [BrowserSelenium] (initElements) -> XPath set to field: //select[@name='mainSubscription.nextInvoiceDayOfPeriod']
14:40:07,558 INFO  [BrowserSelenium] (initElements) -> ID set to field: 
14:40:07,558 INFO  [BrowserSelenium] (initElements) -> Name set to field: 
14:40:07,559 INFO  [BrowserSelenium] (initElements) -> CSS set to field: 
14:40:07,559 INFO  [BrowserSelenium] (initElements) -> XPath set to field: //select[@name='mainSubscription.periodId']
14:40:07,559 INFO  [BrowserSelenium] (initElements) -> ID set to field: 
14:40:07,559 INFO  [BrowserSelenium] (initElements) -> Name set to field: 
14:40:07,559 INFO  [BrowserSelenium] (initElements) -> CSS set to field: 
14:40:07,559 INFO  [BrowserSelenium] (initElements) -> XPath set to field: (//div[@class='box-cards box-cards-open'])[2]/div[2]/div[2]/div[1]/div[3]/div/input
14:40:07,559 INFO  [BrowserSelenium] (initElements) -> ID set to field: 
14:40:07,559 INFO  [BrowserSelenium] (initElements) -> Name set to field: 
14:40:07,560 INFO  [BrowserSelenium] (initElements) -> CSS set to field: 
14:40:07,560 INFO  [BrowserSelenium] (initElements) -> XPath set to field: (//div[@class='box-cards box-cards-open'])[2]/div[2]/div[2]/div[1]/div[4]/div/input
14:40:07,560 INFO  [BrowserSelenium] (initElements) -> ID set to field: 
14:40:07,560 INFO  [BrowserSelenium] (initElements) -> Name set to field: 
14:40:07,560 INFO  [BrowserSelenium] (initElements) -> CSS set to field: 
14:40:07,560 INFO  [BrowserSelenium] (initElements) -> XPath set to field: (//div[@class='box-cards box-cards-open'])[2]/div[2]/div[2]/div[1]/div/select
14:40:07,560 INFO  [BrowserSelenium] (initElements) -> ID set to field: 
14:40:07,560 INFO  [BrowserSelenium] (initElements) -> Name set to field: 
14:40:07,560 INFO  [BrowserSelenium] (initElements) -> CSS set to field: 
14:40:07,560 INFO  [BrowserSelenium] (initElements) -> XPath set to field: (//div[@class='box-cards box-cards-open'])[2]/div[2]/div[2]/div[1]/div[2]/div/input
14:40:07,560 INFO  [BrowserSelenium] (initElements) -> ID set to field: 
14:40:07,560 INFO  [BrowserSelenium] (initElements) -> Name set to field: 
14:40:07,561 INFO  [BrowserSelenium] (initElements) -> CSS set to field: 
14:40:07,561 INFO  [BrowserSelenium] (initElements) -> XPath set to field: //span[contains(text(),'Business Information')]
14:40:07,561 INFO  [BrowserSelenium] (initElements) -> ID set to field: 
14:40:07,561 INFO  [BrowserSelenium] (initElements) -> Name set to field: 
14:40:07,561 INFO  [BrowserSelenium] (initElements) -> CSS set to field: 
14:40:07,561 INFO  [BrowserSelenium] (initElements) -> XPath set to field: (//div[@class='box-cards box-cards-open'])[2]/div[2]/div[2]/div[2]/div/select
14:40:07,561 INFO  [BrowserSelenium] (initElements) -> ID set to field: 
14:40:07,561 INFO  [BrowserSelenium] (initElements) -> Name set to field: 
14:40:07,561 INFO  [BrowserSelenium] (initElements) -> CSS set to field: 
14:40:07,561 INFO  [BrowserSelenium] (initElements) -> XPath set to field: //a[@class='btn-open']/span
14:40:07,561 INFO  [BrowserSelenium] (initElements) -> ID set to field: 
14:40:07,562 INFO  [BrowserSelenium] (initElements) -> Name set to field: 
14:40:07,562 INFO  [BrowserSelenium] (initElements) -> CSS set to field: 
14:40:07,562 INFO  [BrowserSelenium] (initElements) -> XPath set to field: (//div[@class='box-cards box-cards-open'])[1]/div[2]/div[2]/div[1]/div[4]/div/input[@class='field text field_usage']
14:40:07,562 INFO  [BrowserSelenium] (initElements) -> ID set to field: 
14:40:07,562 INFO  [BrowserSelenium] (initElements) -> Name set to field: 
14:40:07,562 INFO  [BrowserSelenium] (initElements) -> CSS set to field: 
14:40:07,562 INFO  [BrowserSelenium] (initElements) -> XPath set to field: //form[@id='order-details-form']/div[2]/div[1]/textarea
14:40:07,562 INFO  [BrowserSelenium] (initElements) -> ID set to field: 
14:40:07,563 INFO  [BrowserSelenium] (initElements) -> Name set to field: 
14:40:07,563 INFO  [BrowserSelenium] (initElements) -> CSS set to field: 
14:40:07,563 INFO  [BrowserSelenium] (initElements) -> XPath set to field: //select[@name='user.dueDateUnitId']
14:40:07,563 INFO  [BrowserSelenium] (initElements) -> ID set to field: 
14:40:07,563 INFO  [BrowserSelenium] (initElements) -> Name set to field: 
14:40:07,563 INFO  [BrowserSelenium] (initElements) -> CSS set to field: 
14:40:07,563 INFO  [BrowserSelenium] (initElements) -> XPath set to field: (//div[@class='box-cards-title'])[3]/a/span/label
14:40:07,563 INFO  [BrowserSelenium] (initElements) -> ID set to field: 
14:40:07,563 INFO  [BrowserSelenium] (initElements) -> Name set to field: 
14:40:07,563 INFO  [BrowserSelenium] (initElements) -> CSS set to field: 
14:40:07,563 INFO  [BrowserSelenium] (initElements) -> XPath set to field: //textarea[@id='noteContent']
14:40:07,564 INFO  [BrowserSelenium] (initElements) -> ID set to field: 
14:40:07,564 INFO  [BrowserSelenium] (initElements) -> Name set to field: 
14:40:07,564 INFO  [BrowserSelenium] (initElements) -> CSS set to field: 
14:40:07,564 INFO  [BrowserSelenium] (initElements) -> XPath set to field: //a[@class='btn-open']/span[contains(text(),'Notes')]
14:40:07,564 INFO  [BrowserSelenium] (initElements) -> ID set to field: 
14:40:07,564 INFO  [BrowserSelenium] (initElements) -> Name set to field: 
14:40:07,564 INFO  [BrowserSelenium] (initElements) -> CSS set to field: 
14:40:07,564 INFO  [BrowserSelenium] (initElements) -> XPath set to field: //select[@id='accountTypeId']
14:40:07,564 INFO  [BrowserSelenium] (initElements) -> ID set to field: 
14:40:07,564 INFO  [BrowserSelenium] (initElements) -> Name set to field: 
14:40:07,565 INFO  [BrowserSelenium] (initElements) -> CSS set to field: 
14:40:07,565 INFO  [BrowserSelenium] (initElements) -> XPath set to field: //select[@name='mainSubscription.periodId']
14:40:07,565 INFO  [BrowserSelenium] (initElements) -> ID set to field: 
14:40:07,565 INFO  [BrowserSelenium] (initElements) -> Name set to field: 
14:40:07,565 INFO  [BrowserSelenium] (initElements) -> CSS set to field: 
14:40:07,565 INFO  [BrowserSelenium] (initElements) -> XPath set to field: //select[@id='discountableItem.0.lineLevelDetails']
14:40:07,565 INFO  [BrowserSelenium] (initElements) -> ID set to field: 
14:40:07,565 INFO  [BrowserSelenium] (initElements) -> Name set to field: 
14:40:07,565 INFO  [BrowserSelenium] (initElements) -> CSS set to field: 
14:40:07,565 INFO  [BrowserSelenium] (initElements) -> XPath set to field: //select[@id='discount.0.id']
14:40:07,565 INFO  [BrowserSelenium] (initElements) -> ID set to field: 
14:40:07,566 INFO  [BrowserSelenium] (initElements) -> Name set to field: 
14:40:07,566 INFO  [BrowserSelenium] (initElements) -> CSS set to field: 
14:40:07,566 INFO  [BrowserSelenium] (initElements) -> XPath set to field: //select[@id = 'billingTypeId']
14:40:07,566 INFO  [BrowserSelenium] (initElements) -> ID set to field: 
14:40:07,566 INFO  [BrowserSelenium] (initElements) -> Name set to field: 
14:40:07,566 INFO  [BrowserSelenium] (initElements) -> CSS set to field: 
14:40:07,566 INFO  [BrowserSelenium] (initElements) -> XPath set to field: //select[@id='paymentMethod_0.paymentMethodTypeId']
14:40:07,566 INFO  [BrowserSelenium] (initElements) -> ID set to field: 
14:40:07,566 INFO  [BrowserSelenium] (initElements) -> Name set to field: 
14:40:07,566 INFO  [BrowserSelenium] (initElements) -> CSS set to field: 
14:40:07,566 INFO  [BrowserSelenium] (initElements) -> XPath set to field: //select[@id='user.automaticPaymentType']
14:40:07,566 INFO  [BrowserSelenium] (initElements) -> ID set to field: 
14:40:07,567 INFO  [BrowserSelenium] (initElements) -> Name set to field: 
14:40:07,567 INFO  [BrowserSelenium] (initElements) -> CSS set to field: 
14:40:07,567 INFO  [BrowserSelenium] (initElements) -> XPath set to field: //select[@id = 'orderPeriod']
14:40:07,567 INFO  [BrowserSelenium] (initElements) -> ID set to field: 
14:40:07,567 INFO  [BrowserSelenium] (initElements) -> Name set to field: 
14:40:07,567 INFO  [BrowserSelenium] (initElements) -> CSS set to field: 
14:40:07,567 INFO  [BrowserSelenium] (initElements) -> XPath set to field: //select[@name='accountTypeId']
14:40:07,567 INFO  [BrowserSelenium] (initElements) -> ID set to field: 
14:40:07,567 INFO  [BrowserSelenium] (initElements) -> Name set to field: 
14:40:07,567 INFO  [BrowserSelenium] (initElements) -> CSS set to field: 
14:40:07,567 INFO  [BrowserSelenium] (initElements) -> XPath set to field: //form[@id='order-details-form']/div/div[6]/span/div[2]/select
14:40:07,568 INFO  [BrowserSelenium] (initElements) -> ID set to field: 
14:40:07,568 INFO  [BrowserSelenium] (initElements) -> Name set to field: 
14:40:07,568 INFO  [BrowserSelenium] (initElements) -> CSS set to field: 
14:40:07,568 INFO  [BrowserSelenium] (initElements) -> XPath set to field: //form[@id='order-details-form']/div/div[8]/select
14:40:07,568 INFO  [BrowserSelenium] (initElements) -> ID set to field: 
14:40:07,568 INFO  [BrowserSelenium] (initElements) -> Name set to field: 
14:40:07,568 INFO  [BrowserSelenium] (initElements) -> CSS set to field: 
14:40:07,568 INFO  [BrowserSelenium] (initElements) -> XPath set to field: //form[@id='order-details-form']/div/div[3]/select
14:40:07,568 INFO  [BrowserSelenium] (initElements) -> ID set to field: 
14:40:07,568 INFO  [BrowserSelenium] (initElements) -> Name set to field: 
14:40:07,569 INFO  [BrowserSelenium] (initElements) -> CSS set to field: 
14:40:07,569 INFO  [BrowserSelenium] (initElements) -> XPath set to field: //form[@id='order-details-form']/div/div[2]/select
14:40:07,569 INFO  [BrowserSelenium] (initElements) -> ID set to field: 
14:40:07,569 INFO  [BrowserSelenium] (initElements) -> Name set to field: 
14:40:07,569 INFO  [BrowserSelenium] (initElements) -> CSS set to field: 
14:40:07,569 INFO  [BrowserSelenium] (initElements) -> XPath set to field: //select[@name='user.currencyId']
14:40:07,569 INFO  [BrowserSelenium] (initElements) -> ID set to field: 
14:40:07,569 INFO  [BrowserSelenium] (initElements) -> Name set to field: 
14:40:07,569 INFO  [BrowserSelenium] (initElements) -> CSS set to field: 
14:40:07,569 INFO  [BrowserSelenium] (initElements) -> XPath set to field: //form[@id='order-details-form']/div[1]/div/select
14:40:07,569 INFO  [BrowserSelenium] (initElements) -> ID set to field: 
14:40:07,570 INFO  [BrowserSelenium] (initElements) -> Name set to field: 
14:40:07,570 INFO  [BrowserSelenium] (initElements) -> CSS set to field: 
14:40:07,570 INFO  [BrowserSelenium] (initElements) -> XPath set to field: //select[@id='filters.CUSTOMER-EQ_Deleted.integerValue']
14:40:07,570 INFO  [BrowserSelenium] (initElements) -> ID set to field: 
14:40:07,570 INFO  [BrowserSelenium] (initElements) -> Name set to field: 
14:40:07,570 INFO  [BrowserSelenium] (initElements) -> CSS set to field: 
14:40:07,570 INFO  [BrowserSelenium] (initElements) -> XPath set to field: //div[@id='payment-methods']/div[2]/div/div/div/div/select
14:40:07,570 INFO  [BrowserSelenium] (initElements) -> ID set to field: 
14:40:07,571 INFO  [BrowserSelenium] (initElements) -> Name set to field: 
14:40:07,571 INFO  [BrowserSelenium] (initElements) -> CSS set to field: 
14:40:07,571 INFO  [BrowserSelenium] (initElements) -> XPath set to field: //select[@name='user.invoiceDeliveryMethodId']
14:40:07,571 INFO  [BrowserSelenium] (initElements) -> ID set to field: 
14:40:07,571 INFO  [BrowserSelenium] (initElements) -> Name set to field: 
14:40:07,572 INFO  [BrowserSelenium] (initElements) -> CSS set to field: 
14:40:07,572 INFO  [BrowserSelenium] (initElements) -> XPath set to field: //select[@name='user.invoiceTemplateId']
14:40:07,572 INFO  [BrowserSelenium] (initElements) -> ID set to field: 
14:40:07,572 INFO  [BrowserSelenium] (initElements) -> Name set to field: 
14:40:07,572 INFO  [BrowserSelenium] (initElements) -> CSS set to field: 
14:40:07,573 INFO  [BrowserSelenium] (initElements) -> XPath set to field: //select[@name='user.languageId']
14:40:07,573 INFO  [BrowserSelenium] (initElements) -> ID set to field: 
14:40:07,573 INFO  [BrowserSelenium] (initElements) -> Name set to field: 
14:40:07,573 INFO  [BrowserSelenium] (initElements) -> CSS set to field: 
14:40:07,573 INFO  [BrowserSelenium] (initElements) -> XPath set to field: //select[@name='user.automaticPaymentType']
14:40:07,573 INFO  [BrowserSelenium] (initElements) -> ID set to field: 
14:40:07,573 INFO  [BrowserSelenium] (initElements) -> Name set to field: 
14:40:07,574 INFO  [BrowserSelenium] (initElements) -> CSS set to field: 
14:40:07,574 INFO  [BrowserSelenium] (initElements) -> XPath set to field: (//div[@class='box-cards box-cards-open'])[1]/div[2]/div[2]/div[2]/div/select
14:40:07,574 INFO  [BrowserSelenium] (initElements) -> ID set to field: 
14:40:07,574 INFO  [BrowserSelenium] (initElements) -> Name set to field: 
14:40:07,574 INFO  [BrowserSelenium] (initElements) -> CSS set to field: 
14:40:07,574 INFO  [BrowserSelenium] (initElements) -> XPath set to field: //select[@name='user.statusId']
14:40:07,574 INFO  [BrowserSelenium] (initElements) -> ID set to field: 
14:40:07,574 INFO  [BrowserSelenium] (initElements) -> Name set to field: 
14:40:07,574 INFO  [BrowserSelenium] (initElements) -> CSS set to field: 
14:40:07,574 INFO  [BrowserSelenium] (initElements) -> XPath set to field: //div[@class='select-bg']/select
14:40:07,575 INFO  [BrowserSelenium] (initElements) -> ID set to field: 
14:40:07,575 INFO  [BrowserSelenium] (initElements) -> Name set to field: 
14:40:07,575 INFO  [BrowserSelenium] (initElements) -> CSS set to field: 
14:40:07,575 INFO  [BrowserSelenium] (initElements) -> XPath set to field: //select[@name='user.subscriberStatusId']
14:40:07,575 INFO  [BrowserSelenium] (initElements) -> ID set to field: 
14:40:07,575 INFO  [BrowserSelenium] (initElements) -> Name set to field: 
14:40:07,575 INFO  [BrowserSelenium] (initElements) -> CSS set to field: 
14:40:07,575 INFO  [BrowserSelenium] (initElements) -> XPath set to field: //span[text()='Confirm']
14:40:07,575 INFO  [BrowserSelenium] (initElements) -> ID set to field: 
14:40:07,575 INFO  [BrowserSelenium] (initElements) -> Name set to field: 
14:40:07,575 INFO  [BrowserSelenium] (initElements) -> CSS set to field: 
14:40:07,576 INFO  [BrowserSelenium] (initElements) -> XPath set to field: //span[text()='Select']
14:40:07,576 INFO  [BrowserSelenium] (initElements) -> ID set to field: 
14:40:07,576 INFO  [BrowserSelenium] (initElements) -> Name set to field: 
14:40:07,576 INFO  [BrowserSelenium] (initElements) -> CSS set to field: 
14:40:07,576 INFO  [BrowserSelenium] (initElements) -> XPath set to field: //div[@class='dropdown']/a/span
14:40:07,576 INFO  [BrowserSelenium] (initElements) -> ID set to field: 
14:40:07,577 INFO  [BrowserSelenium] (initElements) -> Name set to field: 
14:40:07,577 INFO  [BrowserSelenium] (initElements) -> CSS set to field: 
14:40:07,577 INFO  [BrowserSelenium] (initElements) -> XPath set to field: //div[@class='btn-box']/a/span
14:40:07,577 INFO  [BrowserSelenium] (initElements) -> ID set to field: 
14:40:07,577 INFO  [BrowserSelenium] (initElements) -> Name set to field: //span[text()='Add to Order']
14:40:07,577 INFO  [BrowserSelenium] (initElements) -> CSS set to field: 
14:40:07,578 INFO  [BrowserSelenium] (initElements) -> XPath set to field: 
14:40:07,578 INFO  [BrowserSelenium] (initElements) -> ID set to field: 
14:40:07,578 INFO  [BrowserSelenium] (initElements) -> Name set to field: //div[@id='buttons-id-add']/a//span[contains(text(),'Add to Order')]
14:40:07,578 INFO  [BrowserSelenium] (initElements) -> CSS set to field: 
14:40:07,578 INFO  [BrowserSelenium] (initElements) -> XPath set to field: 
14:40:07,578 INFO  [BrowserSelenium] (initElements) -> ID set to field: 
14:40:07,578 INFO  [BrowserSelenium] (initElements) -> Name set to field: //span[text()='Add Selected']
14:40:07,578 INFO  [BrowserSelenium] (initElements) -> CSS set to field: 
14:40:07,578 INFO  [BrowserSelenium] (initElements) -> XPath set to field: 
14:40:07,579 INFO  [BrowserSelenium] (initElements) -> ID set to field: 
14:40:07,579 INFO  [BrowserSelenium] (initElements) -> Name set to field: 
14:40:07,579 INFO  [BrowserSelenium] (initElements) -> CSS set to field: 
14:40:07,579 INFO  [BrowserSelenium] (initElements) -> XPath set to field: //span[text() = 'Add Sub-Account']
14:40:07,579 INFO  [BrowserSelenium] (initElements) -> ID set to field: 
14:40:07,579 INFO  [BrowserSelenium] (initElements) -> Name set to field: 
14:40:07,579 INFO  [BrowserSelenium] (initElements) -> CSS set to field: 
14:40:07,579 INFO  [BrowserSelenium] (initElements) -> XPath set to field: //div[@class='btn-hold']/a/span
14:40:07,579 INFO  [BrowserSelenium] (initElements) -> ID set to field: 
14:40:07,579 INFO  [BrowserSelenium] (initElements) -> Name set to field: 
14:40:07,579 INFO  [BrowserSelenium] (initElements) -> CSS set to field: 
14:40:07,580 INFO  [BrowserSelenium] (initElements) -> XPath set to field: //div[@class='ui-dialog-content ui-widget-content']/div/div/fieldset/div
14:40:07,580 INFO  [BrowserSelenium] (initElements) -> ID set to field: 
14:40:07,580 INFO  [BrowserSelenium] (initElements) -> Name set to field: 
14:40:07,580 INFO  [BrowserSelenium] (initElements) -> CSS set to field: 
14:40:07,580 INFO  [BrowserSelenium] (initElements) -> XPath set to field: //div[@class='ui-dialog-buttonset']//button/span[contains(text(),'Save')]
14:40:07,580 INFO  [BrowserSelenium] (initElements) -> ID set to field: 
14:40:07,580 INFO  [BrowserSelenium] (initElements) -> Name set to field: 
14:40:07,580 INFO  [BrowserSelenium] (initElements) -> CSS set to field: 
14:40:07,580 INFO  [BrowserSelenium] (initElements) -> XPath set to field: (//div[@class='box-cards box-cards-open'])[2]/div[2]/div/div[1]/div/ul/li[2]/a
14:40:07,580 INFO  [BrowserSelenium] (initElements) -> ID set to field: 
14:40:07,580 INFO  [BrowserSelenium] (initElements) -> Name set to field: 
14:40:07,581 INFO  [BrowserSelenium] (initElements) -> CSS set to field: 
14:40:07,581 INFO  [BrowserSelenium] (initElements) -> XPath set to field: //span[text()='Cancel']
14:40:07,581 INFO  [BrowserSelenium] (initElements) -> ID set to field: 
14:40:07,581 INFO  [BrowserSelenium] (initElements) -> Name set to field: 
14:40:07,581 INFO  [BrowserSelenium] (initElements) -> CSS set to field: 
14:40:07,581 INFO  [BrowserSelenium] (initElements) -> XPath set to field: //div[@class='ui-dialog-buttonset']//button/span[contains(text(),'Cancel')]
14:40:07,581 INFO  [BrowserSelenium] (initElements) -> ID set to field: 
14:40:07,581 INFO  [BrowserSelenium] (initElements) -> Name set to field: 
14:40:07,581 INFO  [BrowserSelenium] (initElements) -> CSS set to field: 
14:40:07,581 INFO  [BrowserSelenium] (initElements) -> XPath set to field: //div[@id='timeline']/div/ul/li[2]/a
14:40:07,581 INFO  [BrowserSelenium] (initElements) -> ID set to field: 
14:40:07,582 INFO  [BrowserSelenium] (initElements) -> Name set to field: 
14:40:07,582 INFO  [BrowserSelenium] (initElements) -> CSS set to field: 
14:40:07,582 INFO  [BrowserSelenium] (initElements) -> XPath set to field: //div[@class='ui-dialog-buttonset']//button/span[contains(text(),'Save')]
14:40:07,582 INFO  [BrowserSelenium] (initElements) -> ID set to field: 
14:40:07,582 INFO  [BrowserSelenium] (initElements) -> Name set to field: 
14:40:07,582 INFO  [BrowserSelenium] (initElements) -> CSS set to field: 
14:40:07,582 INFO  [BrowserSelenium] (initElements) -> XPath set to field: //span[text()='Create Order']
14:40:07,582 INFO  [BrowserSelenium] (initElements) -> ID set to field: 
14:40:07,582 INFO  [BrowserSelenium] (initElements) -> Name set to field: 
14:40:07,582 INFO  [BrowserSelenium] (initElements) -> CSS set to field: 
14:40:07,582 INFO  [BrowserSelenium] (initElements) -> XPath set to field: //span[text()= 'Create Order']
14:40:07,583 INFO  [BrowserSelenium] (initElements) -> ID set to field: 
14:40:07,583 INFO  [BrowserSelenium] (initElements) -> Name set to field: 
14:40:07,583 INFO  [BrowserSelenium] (initElements) -> CSS set to field: 
14:40:07,583 INFO  [BrowserSelenium] (initElements) -> XPath set to field: //span[text()='Cancel']
14:40:07,583 INFO  [BrowserSelenium] (initElements) -> ID set to field: 
14:40:07,583 INFO  [BrowserSelenium] (initElements) -> Name set to field: 
14:40:07,583 INFO  [BrowserSelenium] (initElements) -> CSS set to field: 
14:40:07,583 INFO  [BrowserSelenium] (initElements) -> XPath set to field: //span[text()='Save Changes']
14:40:07,583 INFO  [BrowserSelenium] (initElements) -> ID set to field: 
14:40:07,583 INFO  [BrowserSelenium] (initElements) -> Name set to field: 
14:40:07,584 INFO  [BrowserSelenium] (initElements) -> CSS set to field: 
14:40:07,584 INFO  [BrowserSelenium] (initElements) -> XPath set to field: //span[text()='Current order']
14:40:07,584 INFO  [BrowserSelenium] (initElements) -> ID set to field: 
14:40:07,584 INFO  [BrowserSelenium] (initElements) -> Name set to field: 
14:40:07,584 INFO  [BrowserSelenium] (initElements) -> CSS set to field: 
14:40:07,584 INFO  [BrowserSelenium] (initElements) -> XPath set to field: //strong[contains(text(), 'Customer A')]
14:40:07,584 INFO  [BrowserSelenium] (initElements) -> ID set to field: 
14:40:07,584 INFO  [BrowserSelenium] (initElements) -> Name set to field: 
14:40:07,584 INFO  [BrowserSelenium] (initElements) -> CSS set to field: 
14:40:07,584 INFO  [BrowserSelenium] (initElements) -> XPath set to field: //span[text()='Delete']
14:40:07,584 INFO  [BrowserSelenium] (initElements) -> ID set to field: 
14:40:07,585 INFO  [BrowserSelenium] (initElements) -> Name set to field: 
14:40:07,585 INFO  [BrowserSelenium] (initElements) -> CSS set to field: 
14:40:07,585 INFO  [BrowserSelenium] (initElements) -> XPath set to field: //span[text()='No']
14:40:07,585 INFO  [BrowserSelenium] (initElements) -> ID set to field: 
14:40:07,585 INFO  [BrowserSelenium] (initElements) -> Name set to field: 
14:40:07,585 INFO  [BrowserSelenium] (initElements) -> CSS set to field: 
14:40:07,585 INFO  [BrowserSelenium] (initElements) -> XPath set to field: //span[text()='Yes']
14:40:07,585 INFO  [BrowserSelenium] (initElements) -> ID set to field: 
14:40:07,585 INFO  [BrowserSelenium] (initElements) -> Name set to field: 
14:40:07,585 INFO  [BrowserSelenium] (initElements) -> CSS set to field: 
14:40:07,585 INFO  [BrowserSelenium] (initElements) -> XPath set to field: //span[text()='Dependency']
14:40:07,586 INFO  [BrowserSelenium] (initElements) -> ID set to field: 
14:40:07,586 INFO  [BrowserSelenium] (initElements) -> Name set to field: 
14:40:07,586 INFO  [BrowserSelenium] (initElements) -> CSS set to field: 
14:40:07,586 INFO  [BrowserSelenium] (initElements) -> XPath set to field: //li[@aria-controls='ui-tabs-discounts']/a
14:40:07,586 INFO  [BrowserSelenium] (initElements) -> ID set to field: 
14:40:07,586 INFO  [BrowserSelenium] (initElements) -> Name set to field: 
14:40:07,586 INFO  [BrowserSelenium] (initElements) -> CSS set to field: 
14:40:07,586 INFO  [BrowserSelenium] (initElements) -> XPath set to field: //div[@class='download']/a
14:40:07,586 INFO  [BrowserSelenium] (initElements) -> ID set to field: 
14:40:07,586 INFO  [BrowserSelenium] (initElements) -> Name set to field: 
14:40:07,586 INFO  [BrowserSelenium] (initElements) -> CSS set to field: 
14:40:07,587 INFO  [BrowserSelenium] (initElements) -> XPath set to field: //span[text()='Edit']
14:40:07,587 INFO  [BrowserSelenium] (initElements) -> ID set to field: 
14:40:07,587 INFO  [BrowserSelenium] (initElements) -> Name set to field: 
14:40:07,587 INFO  [BrowserSelenium] (initElements) -> CSS set to field: 
14:40:07,587 INFO  [BrowserSelenium] (initElements) -> XPath set to field: //span[text()='Add Instrument']
14:40:07,587 INFO  [BrowserSelenium] (initElements) -> ID set to field: 
14:40:07,587 INFO  [BrowserSelenium] (initElements) -> Name set to field: 
14:40:07,587 INFO  [BrowserSelenium] (initElements) -> CSS set to field: 
14:40:07,587 INFO  [BrowserSelenium] (initElements) -> XPath set to field: //table[@id='products']/tbody//td/a/strong
14:40:07,587 INFO  [BrowserSelenium] (initElements) -> ID set to field: 
14:40:07,588 INFO  [BrowserSelenium] (initElements) -> Name set to field: 
14:40:07,588 INFO  [BrowserSelenium] (initElements) -> CSS set to field: 
14:40:07,588 INFO  [BrowserSelenium] (initElements) -> XPath set to field: //table[@id='users']/tbody//td/a/strong
14:40:07,588 INFO  [BrowserSelenium] (initElements) -> ID set to field: 
14:40:07,588 INFO  [BrowserSelenium] (initElements) -> Name set to field: 
14:40:07,588 INFO  [BrowserSelenium] (initElements) -> CSS set to field: 
14:40:07,588 INFO  [BrowserSelenium] (initElements) -> XPath set to field: //table[@id='plans']/tbody//td/a/strong
14:40:07,588 INFO  [BrowserSelenium] (initElements) -> ID set to field: 
14:40:07,588 INFO  [BrowserSelenium] (initElements) -> Name set to field: 
14:40:07,588 INFO  [BrowserSelenium] (initElements) -> CSS set to field: 
14:40:07,588 INFO  [BrowserSelenium] (initElements) -> XPath set to field: //span[text()='Load']
14:40:07,589 INFO  [BrowserSelenium] (initElements) -> ID set to field: 
14:40:07,589 INFO  [BrowserSelenium] (initElements) -> Name set to field: 
14:40:07,589 INFO  [BrowserSelenium] (initElements) -> CSS set to field: 
14:40:07,589 INFO  [BrowserSelenium] (initElements) -> XPath set to field: //span[text()='Make Payment']
14:40:07,590 INFO  [BrowserSelenium] (initElements) -> ID set to field: 
14:40:07,590 INFO  [BrowserSelenium] (initElements) -> Name set to field: 
14:40:07,590 INFO  [BrowserSelenium] (initElements) -> CSS set to field: 
14:40:07,590 INFO  [BrowserSelenium] (initElements) -> XPath set to field: //a[@class='submit add']/span
14:40:07,590 INFO  [BrowserSelenium] (initElements) -> ID set to field: 
14:40:07,591 INFO  [BrowserSelenium] (initElements) -> Name set to field: 
14:40:07,591 INFO  [BrowserSelenium] (initElements) -> CSS set to field: 
14:40:07,591 INFO  [BrowserSelenium] (initElements) -> XPath set to field: //div[@class='ui-dialog-buttonset']/button[2]/span
14:40:07,591 INFO  [BrowserSelenium] (initElements) -> ID set to field: 
14:40:07,591 INFO  [BrowserSelenium] (initElements) -> Name set to field: 
14:40:07,591 INFO  [BrowserSelenium] (initElements) -> CSS set to field: 
14:40:07,592 INFO  [BrowserSelenium] (initElements) -> XPath set to field: //strong[contains(text(), 'Bill 2')]
14:40:07,592 INFO  [BrowserSelenium] (initElements) -> ID set to field: 
14:40:07,592 INFO  [BrowserSelenium] (initElements) -> Name set to field: 
14:40:07,592 INFO  [BrowserSelenium] (initElements) -> CSS set to field: 
14:40:07,593 INFO  [BrowserSelenium] (initElements) -> XPath set to field: 
14:40:07,593 INFO  [BrowserSelenium] (initElements) -> ID set to field: 
14:40:07,593 INFO  [BrowserSelenium] (initElements) -> Name set to field: 
14:40:07,593 INFO  [BrowserSelenium] (initElements) -> CSS set to field: 
14:40:07,593 INFO  [BrowserSelenium] (initElements) -> XPath set to field: //a[text()='Review']
14:40:07,593 INFO  [BrowserSelenium] (initElements) -> ID set to field: 
14:40:07,594 INFO  [BrowserSelenium] (initElements) -> Name set to field: 
14:40:07,594 INFO  [BrowserSelenium] (initElements) -> CSS set to field: 
14:40:07,594 INFO  [BrowserSelenium] (initElements) -> XPath set to field: //div[@class='btn-hold']/a[2]/span
14:40:07,594 INFO  [BrowserSelenium] (initElements) -> ID set to field: 
14:40:07,594 INFO  [BrowserSelenium] (initElements) -> Name set to field: 
14:40:07,594 INFO  [BrowserSelenium] (initElements) -> CSS set to field: 
14:40:07,595 INFO  [BrowserSelenium] (initElements) -> XPath set to field: //div[@class='buttons']/ul/li/a/span
14:40:07,595 INFO  [BrowserSelenium] (initElements) -> ID set to field: 
14:40:07,595 INFO  [BrowserSelenium] (initElements) -> Name set to field: 
14:40:07,595 INFO  [BrowserSelenium] (initElements) -> CSS set to field: 
14:40:07,595 INFO  [BrowserSelenium] (initElements) -> XPath set to field: //span[text()='Save Changes']
14:40:07,595 INFO  [BrowserSelenium] (initElements) -> ID set to field: 
14:40:07,596 INFO  [BrowserSelenium] (initElements) -> Name set to field: 
14:40:07,596 INFO  [BrowserSelenium] (initElements) -> CSS set to field: 
14:40:07,596 INFO  [BrowserSelenium] (initElements) -> XPath set to field: //span[text()='Select']
14:40:07,596 INFO  [BrowserSelenium] (initElements) -> ID set to field: 
14:40:07,597 INFO  [BrowserSelenium] (initElements) -> Name set to field: 
14:40:07,597 INFO  [BrowserSelenium] (initElements) -> CSS set to field: 
14:40:07,597 INFO  [BrowserSelenium] (initElements) -> XPath set to field: //span[text()='Update']
14:40:07,597 INFO  [BrowserSelenium] (initElements) -> ID set to field: 
14:40:07,597 INFO  [BrowserSelenium] (initElements) -> Name set to field: 
14:40:07,598 INFO  [BrowserSelenium] (initElements) -> CSS set to field: 
14:40:07,598 INFO  [BrowserSelenium] (initElements) -> XPath set to field: //div[@class='ui-dialog-buttonset']//button/span[contains(text(),'Cancel')]
14:40:07,598 INFO  [BrowserSelenium] (initElements) -> ID set to field: 
14:40:07,598 INFO  [BrowserSelenium] (initElements) -> Name set to field: 
14:40:07,598 INFO  [BrowserSelenium] (initElements) -> CSS set to field: 
14:40:07,598 INFO  [BrowserSelenium] (initElements) -> XPath set to field: //ul[@role='tablist']
14:40:07,599 INFO  [BrowserSelenium] (initElements) -> ID set to field: 
14:40:07,599 INFO  [BrowserSelenium] (initElements) -> Name set to field: 
14:40:07,599 INFO  [BrowserSelenium] (initElements) -> CSS set to field: 
14:40:07,599 INFO  [BrowserSelenium] (initElements) -> XPath set to field: //strong[text()='Installation Fee']
14:40:07,599 INFO  [BrowserSelenium] (initElements) -> ID set to field: 
14:40:07,599 INFO  [BrowserSelenium] (initElements) -> Name set to field: 
14:40:07,599 INFO  [BrowserSelenium] (initElements) -> CSS set to field: 
14:40:07,600 INFO  [BrowserSelenium] (initElements) -> XPath set to field: //div[@id='builder-tabs']/ul//li[@aria-controls='ui-tabs-products']/a
14:40:07,600 INFO  [BrowserSelenium] (initElements) -> ID set to field: 
14:40:07,600 INFO  [BrowserSelenium] (initElements) -> Name set to field: 
14:40:07,600 INFO  [BrowserSelenium] (initElements) -> CSS set to field: 
14:40:07,600 INFO  [BrowserSelenium] (initElements) -> XPath set to field: //a[@id='ui-id-9']
14:40:07,600 INFO  [BrowserSelenium] (initElements) -> ID set to field: 
14:40:07,601 INFO  [BrowserSelenium] (initElements) -> Name set to field: 
14:40:07,601 INFO  [BrowserSelenium] (initElements) -> CSS set to field: 
14:40:07,601 INFO  [BrowserSelenium] (initElements) -> XPath set to field: //table[@id='products']/tbody//td/a/strong
14:40:07,601 INFO  [BrowserSelenium] (initElements) -> ID set to field: 
14:40:07,601 INFO  [BrowserSelenium] (initElements) -> Name set to field: 
14:40:07,601 INFO  [BrowserSelenium] (initElements) -> CSS set to field: 
14:40:07,601 INFO  [BrowserSelenium] (initElements) -> XPath set to field: 
14:40:07,602 INFO  [BrowserSelenium] (initElements) -> ID set to field: 
14:40:07,602 INFO  [BrowserSelenium] (initElements) -> Name set to field: 
14:40:07,602 INFO  [BrowserSelenium] (initElements) -> CSS set to field: 
14:40:07,602 INFO  [BrowserSelenium] (initElements) -> XPath set to field: //label[text()='Active Since']/../div/input
14:40:07,602 INFO  [BrowserSelenium] (initElements) -> ID set to field: 
14:40:07,602 INFO  [BrowserSelenium] (initElements) -> Name set to field: 
14:40:07,603 INFO  [BrowserSelenium] (initElements) -> CSS set to field: 
14:40:07,603 INFO  [BrowserSelenium] (initElements) -> XPath set to field: //input[@id = 'user.partnerIdList']
14:40:07,603 INFO  [BrowserSelenium] (initElements) -> ID set to field: 
14:40:07,603 INFO  [BrowserSelenium] (initElements) -> Name set to field: 
14:40:07,603 INFO  [BrowserSelenium] (initElements) -> CSS set to field: 
14:40:07,603 INFO  [BrowserSelenium] (initElements) -> XPath set to field: //input[@name='user.partnerIdList']
14:40:07,603 INFO  [BrowserSelenium] (initElements) -> ID set to field: 
14:40:07,604 INFO  [BrowserSelenium] (initElements) -> Name set to field: 
14:40:07,604 INFO  [BrowserSelenium] (initElements) -> CSS set to field: 
14:40:07,604 INFO  [BrowserSelenium] (initElements) -> XPath set to field: //input[@name='user.autoRechargeAsDecimal']
14:40:07,604 INFO  [BrowserSelenium] (initElements) -> ID set to field: 
14:40:07,604 INFO  [BrowserSelenium] (initElements) -> Name set to field: 
14:40:07,604 INFO  [BrowserSelenium] (initElements) -> CSS set to field: 
14:40:07,604 INFO  [BrowserSelenium] (initElements) -> XPath set to field: //input[@name='user.monthlyLimit']
14:40:07,604 INFO  [BrowserSelenium] (initElements) -> ID set to field: 
14:40:07,604 INFO  [BrowserSelenium] (initElements) -> Name set to field: 
14:40:07,605 INFO  [BrowserSelenium] (initElements) -> CSS set to field: 
14:40:07,605 INFO  [BrowserSelenium] (initElements) -> XPath set to field: //input[@name='user.rechargeThreshold']
14:40:07,605 INFO  [BrowserSelenium] (initElements) -> ID set to field: 
14:40:07,605 INFO  [BrowserSelenium] (initElements) -> Name set to field: 
14:40:07,605 INFO  [BrowserSelenium] (initElements) -> CSS set to field: 
14:40:07,605 INFO  [BrowserSelenium] (initElements) -> XPath set to field: (//div[@class='box-cards box-cards-open'])[2]/div[2]/div[2]/div[1]/div[5]/div/input
14:40:07,605 INFO  [BrowserSelenium] (initElements) -> ID set to field: 
14:40:07,605 INFO  [BrowserSelenium] (initElements) -> Name set to field: 
14:40:07,605 INFO  [BrowserSelenium] (initElements) -> CSS set to field: 
14:40:07,606 INFO  [BrowserSelenium] (initElements) -> XPath set to field: (//div[@class='box-cards box-cards-open'])[2]/div[2]/div[2]/div[2]/div[4]/div/input
14:40:07,606 INFO  [BrowserSelenium] (initElements) -> ID set to field: 
14:40:07,606 INFO  [BrowserSelenium] (initElements) -> Name set to field: 
14:40:07,606 INFO  [BrowserSelenium] (initElements) -> CSS set to field: 
14:40:07,606 INFO  [BrowserSelenium] (initElements) -> XPath set to field: (//div[@class='box-cards box-cards-open'])[2]/div[2]/div[2]/div[2]/div[3]/div/input
14:40:07,607 INFO  [BrowserSelenium] (initElements) -> ID set to field: 
14:40:07,607 INFO  [BrowserSelenium] (initElements) -> Name set to field: 
14:40:07,607 INFO  [BrowserSelenium] (initElements) -> CSS set to field: 
14:40:07,607 INFO  [BrowserSelenium] (initElements) -> XPath set to field: (//div[@class='box-cards box-cards-open'])[2]/div[2]/div[2]/div[2]/div[2]/div/input
14:40:07,608 INFO  [BrowserSelenium] (initElements) -> ID set to field: 
14:40:07,608 INFO  [BrowserSelenium] (initElements) -> Name set to field: 
14:40:07,608 INFO  [BrowserSelenium] (initElements) -> CSS set to field: 
14:40:07,608 INFO  [BrowserSelenium] (initElements) -> XPath set to field: //div[@id = 'payment-method-fields-0']/div[3]/div/input
14:40:07,608 INFO  [BrowserSelenium] (initElements) -> ID set to field: 
14:40:07,609 INFO  [BrowserSelenium] (initElements) -> Name set to field: 
14:40:07,609 INFO  [BrowserSelenium] (initElements) -> CSS set to field: 
14:40:07,609 INFO  [BrowserSelenium] (initElements) -> XPath set to field: //div[@id = 'payment-method-fields-0']/div/div/input
14:40:07,609 INFO  [BrowserSelenium] (initElements) -> ID set to field: 
14:40:07,609 INFO  [BrowserSelenium] (initElements) -> Name set to field: 
14:40:07,609 INFO  [BrowserSelenium] (initElements) -> CSS set to field: 
14:40:07,610 INFO  [BrowserSelenium] (initElements) -> XPath set to field: //div[@id = 'payment-method-fields-0']/div[2]/div/input
14:40:07,610 INFO  [BrowserSelenium] (initElements) -> ID set to field: 
14:40:07,610 INFO  [BrowserSelenium] (initElements) -> Name set to field: 
14:40:07,610 INFO  [BrowserSelenium] (initElements) -> CSS set to field: 
14:40:07,610 INFO  [BrowserSelenium] (initElements) -> XPath set to field: //input[contains(@class,'field text field_usage')]
14:40:07,610 INFO  [BrowserSelenium] (initElements) -> ID set to field: 
14:40:07,610 INFO  [BrowserSelenium] (initElements) -> Name set to field: 
14:40:07,611 INFO  [BrowserSelenium] (initElements) -> CSS set to field: 
14:40:07,611 INFO  [BrowserSelenium] (initElements) -> XPath set to field: (//div[@class='box-cards box-cards-open'])[1]/div[2]/div[2]/div[1]/div[3]/div/input
14:40:07,611 INFO  [BrowserSelenium] (initElements) -> ID set to field: 
14:40:07,611 INFO  [BrowserSelenium] (initElements) -> Name set to field: 
14:40:07,611 INFO  [BrowserSelenium] (initElements) -> CSS set to field: 
14:40:07,611 INFO  [BrowserSelenium] (initElements) -> XPath set to field: (//div[@class='box-cards box-cards-open'])[1]/div[2]/div[2]/div[1]/div[2]/div/input
14:40:07,612 INFO  [BrowserSelenium] (initElements) -> ID set to field: 
14:40:07,612 INFO  [BrowserSelenium] (initElements) -> Name set to field: 
14:40:07,612 INFO  [BrowserSelenium] (initElements) -> CSS set to field: 
14:40:07,612 INFO  [BrowserSelenium] (initElements) -> XPath set to field: (//input[@class='field hasDatepicker'])[1]
14:40:07,612 INFO  [BrowserSelenium] (initElements) -> ID set to field: 
14:40:07,612 INFO  [BrowserSelenium] (initElements) -> Name set to field: 
14:40:07,613 INFO  [BrowserSelenium] (initElements) -> CSS set to field: 
14:40:07,613 INFO  [BrowserSelenium] (initElements) -> XPath set to field: (//div[@class='box-cards box-cards-open'])[1]/div[2]/div[2]/div[2]/div[3]/div/input
14:40:07,613 INFO  [BrowserSelenium] (initElements) -> ID set to field: 
14:40:07,613 INFO  [BrowserSelenium] (initElements) -> Name set to field: 
14:40:07,613 INFO  [BrowserSelenium] (initElements) -> CSS set to field: 
14:40:07,613 INFO  [BrowserSelenium] (initElements) -> XPath set to field: (//div[@class='box-cards box-cards-open'])[1]/div[2]/div[2]/div[2]/div[2]/div/input
14:40:07,613 INFO  [BrowserSelenium] (initElements) -> ID set to field: 
14:40:07,614 INFO  [BrowserSelenium] (initElements) -> Name set to field: 
14:40:07,614 INFO  [BrowserSelenium] (initElements) -> CSS set to field: 
14:40:07,614 INFO  [BrowserSelenium] (initElements) -> XPath set to field: //form[@id='order-details-form']/div/div[4]/div/input
14:40:07,614 INFO  [BrowserSelenium] (initElements) -> ID set to field: 
14:40:07,614 INFO  [BrowserSelenium] (initElements) -> Name set to field: 
14:40:07,614 INFO  [BrowserSelenium] (initElements) -> CSS set to field: 
14:40:07,615 INFO  [BrowserSelenium] (initElements) -> XPath set to field: //form[@id='order-details-form']/div/div[5]/div/input
14:40:07,615 INFO  [BrowserSelenium] (initElements) -> ID set to field: 
14:40:07,615 INFO  [BrowserSelenium] (initElements) -> Name set to field: 
14:40:07,615 INFO  [BrowserSelenium] (initElements) -> CSS set to field: 
14:40:07,615 INFO  [BrowserSelenium] (initElements) -> XPath set to field: //form[@id='order-details-form']/div/div[6]/span/div/input
14:40:07,615 INFO  [BrowserSelenium] (initElements) -> ID set to field: 
14:40:07,615 INFO  [BrowserSelenium] (initElements) -> Name set to field: 
14:40:07,616 INFO  [BrowserSelenium] (initElements) -> CSS set to field: 
14:40:07,616 INFO  [BrowserSelenium] (initElements) -> XPath set to field: //form[@id='order-details-form']/div/div[7]/span/div/input
14:40:07,616 INFO  [BrowserSelenium] (initElements) -> ID set to field: 
14:40:07,616 INFO  [BrowserSelenium] (initElements) -> Name set to field: 
14:40:07,616 INFO  [BrowserSelenium] (initElements) -> CSS set to field: 
14:40:07,616 INFO  [BrowserSelenium] (initElements) -> XPath set to field: //form[@id='order-details-form']/div/div[14]/span/div/input
14:40:07,617 INFO  [BrowserSelenium] (initElements) -> ID set to field: 
14:40:07,617 INFO  [BrowserSelenium] (initElements) -> Name set to field: 
14:40:07,617 INFO  [BrowserSelenium] (initElements) -> CSS set to field: 
14:40:07,617 INFO  [BrowserSelenium] (initElements) -> XPath set to field: //input[@name='user.creditLimitAsDecimal']
14:40:07,617 INFO  [BrowserSelenium] (initElements) -> ID set to field: 
14:40:07,617 INFO  [BrowserSelenium] (initElements) -> Name set to field: 
14:40:07,617 INFO  [BrowserSelenium] (initElements) -> CSS set to field: 
14:40:07,618 INFO  [BrowserSelenium] (initElements) -> XPath set to field: //input[@id='filters.CUSTOMER-DATE_BETWEEN_Customer_nextInvoiceDate.startDateValue']
14:40:07,618 INFO  [BrowserSelenium] (initElements) -> ID set to field: 
14:40:07,618 INFO  [BrowserSelenium] (initElements) -> Name set to field: 
14:40:07,618 INFO  [BrowserSelenium] (initElements) -> CSS set to field: 
14:40:07,618 INFO  [BrowserSelenium] (initElements) -> XPath set to field: //input[@id='filters.CUSTOMER-DATE_BETWEEN_Customer_nextInvoiceDate.endDateValue']
14:40:07,618 INFO  [BrowserSelenium] (initElements) -> ID set to field: 
14:40:07,619 INFO  [BrowserSelenium] (initElements) -> Name set to field: 
14:40:07,619 INFO  [BrowserSelenium] (initElements) -> CSS set to field: 
14:40:07,619 INFO  [BrowserSelenium] (initElements) -> XPath set to field: //input[@name='user.dueDateValue']
14:40:07,619 INFO  [BrowserSelenium] (initElements) -> ID set to field: 
14:40:07,619 INFO  [BrowserSelenium] (initElements) -> Name set to field: 
14:40:07,619 INFO  [BrowserSelenium] (initElements) -> CSS set to field: 
14:40:07,619 INFO  [BrowserSelenium] (initElements) -> XPath set to field: //div[@id='payment-methods']/div[2]/div/div/div[2]/div/div/input
14:40:07,620 INFO  [BrowserSelenium] (initElements) -> ID set to field: 
14:40:07,620 INFO  [BrowserSelenium] (initElements) -> Name set to field: 
14:40:07,620 INFO  [BrowserSelenium] (initElements) -> CSS set to field: 
14:40:07,620 INFO  [BrowserSelenium] (initElements) -> XPath set to field: //div[@id='payment-methods']/div[2]/div/div/div[2]/div[2]/div/input
14:40:07,620 INFO  [BrowserSelenium] (initElements) -> ID set to field: 
14:40:07,620 INFO  [BrowserSelenium] (initElements) -> Name set to field: 
14:40:07,621 INFO  [BrowserSelenium] (initElements) -> CSS set to field: 
14:40:07,621 INFO  [BrowserSelenium] (initElements) -> XPath set to field: //div[@id='payment-methods']/div[2]/div/div/div[2]/div[3]/div/input
14:40:07,621 INFO  [BrowserSelenium] (initElements) -> ID set to field: 
14:40:07,621 INFO  [BrowserSelenium] (initElements) -> Name set to field: 
14:40:07,621 INFO  [BrowserSelenium] (initElements) -> CSS set to field: 
14:40:07,621 INFO  [BrowserSelenium] (initElements) -> XPath set to field: //div[@id='payment-methods']/div[2]/div/div/div/div[2]/div/input
14:40:07,621 INFO  [BrowserSelenium] (initElements) -> ID set to field: 
14:40:07,622 INFO  [BrowserSelenium] (initElements) -> Name set to field: 
14:40:07,622 INFO  [BrowserSelenium] (initElements) -> CSS set to field: 
14:40:07,622 INFO  [BrowserSelenium] (initElements) -> XPath set to field: //label[text()='Effective Date']/../div/input
14:40:07,622 INFO  [BrowserSelenium] (initElements) -> ID set to field: 
14:40:07,622 INFO  [BrowserSelenium] (initElements) -> Name set to field: 
14:40:07,622 INFO  [BrowserSelenium] (initElements) -> CSS set to field: 
14:40:07,622 INFO  [BrowserSelenium] (initElements) -> XPath set to field: //label[contains(text(),'Email')]/../div/input
14:40:07,623 INFO  [BrowserSelenium] (initElements) -> ID set to field: 
14:40:07,623 INFO  [BrowserSelenium] (initElements) -> Name set to field: 
14:40:07,623 INFO  [BrowserSelenium] (initElements) -> CSS set to field: 
14:40:07,623 INFO  [BrowserSelenium] (initElements) -> XPath set to field: //input[@id='filterBy']
14:40:07,623 INFO  [BrowserSelenium] (initElements) -> ID set to field: 
14:40:07,623 INFO  [BrowserSelenium] (initElements) -> Name set to field: 
14:40:07,624 INFO  [BrowserSelenium] (initElements) -> CSS set to field: 
14:40:07,624 INFO  [BrowserSelenium] (initElements) -> XPath set to field: //input[@class='{validate:{ digits: true }}']
14:40:07,624 INFO  [BrowserSelenium] (initElements) -> ID set to field: 
14:40:07,624 INFO  [BrowserSelenium] (initElements) -> Name set to field: 
14:40:07,624 INFO  [BrowserSelenium] (initElements) -> CSS set to field: 
14:40:07,624 INFO  [BrowserSelenium] (initElements) -> XPath set to field: //input[@id='user.userName']
14:40:07,625 INFO  [BrowserSelenium] (initElements) -> ID set to field: 
14:40:07,625 INFO  [BrowserSelenium] (initElements) -> Name set to field: 
14:40:07,625 INFO  [BrowserSelenium] (initElements) -> CSS set to field: 
14:40:07,625 INFO  [BrowserSelenium] (initElements) -> XPath set to field: //input[@name='user.userName']
14:40:07,625 INFO  [BrowserSelenium] (initElements) -> ID set to field: 
14:40:07,625 INFO  [BrowserSelenium] (initElements) -> Name set to field: 
14:40:07,625 INFO  [BrowserSelenium] (initElements) -> CSS set to field: 
14:40:07,626 INFO  [BrowserSelenium] (initElements) -> XPath set to field: //input[@id='filters.CUSTOMER-LIKE_UserName.stringValue']
14:40:07,626 INFO  [BrowserSelenium] (initElements) -> ID set to field: 
14:40:07,626 INFO  [BrowserSelenium] (initElements) -> Name set to field: 
14:40:07,626 INFO  [BrowserSelenium] (initElements) -> CSS set to field: 
14:40:07,626 INFO  [BrowserSelenium] (initElements) -> XPath set to field: //input[@id='noteTitle']
14:40:07,626 INFO  [BrowserSelenium] (initElements) -> ID set to field: 
14:40:07,627 INFO  [BrowserSelenium] (initElements) -> Name set to field: 
14:40:07,627 INFO  [BrowserSelenium] (initElements) -> CSS set to field: 
14:40:07,627 INFO  [BrowserSelenium] (initElements) -> XPath set to field: //input[@name='user.parentId']
14:40:07,627 INFO  [BrowserSelenium] (initElements) -> ID set to field: 
14:40:07,628 INFO  [BrowserSelenium] (initElements) -> Name set to field: 
14:40:07,628 INFO  [BrowserSelenium] (initElements) -> CSS set to field: 
14:40:07,628 INFO  [BrowserSelenium] (initElements) -> XPath set to field: //input[@id = 'change--3.quantityAsDecimal']
14:40:07,628 INFO  [BrowserSelenium] (initElements) -> ID set to field: 
14:40:07,628 INFO  [BrowserSelenium] (initElements) -> Name set to field: 
14:40:07,628 INFO  [BrowserSelenium] (initElements) -> CSS set to field: 
14:40:07,628 INFO  [BrowserSelenium] (initElements) -> XPath set to field: //span[text()='Use Company Billing Cycle']
14:40:07,629 INFO  [BrowserSelenium] (initElements) -> ID set to field: 
14:40:07,629 INFO  [BrowserSelenium] (initElements) -> Name set to field: 
14:40:07,629 INFO  [BrowserSelenium] (initElements) -> CSS set to field: 
14:40:07,629 INFO  [BrowserSelenium] (initElements) -> XPath set to field: //input[@name='user.userCodeLink']
14:40:07,629 INFO  [BrowserSelenium] (initElements) -> ID set to field: 
14:40:07,629 INFO  [BrowserSelenium] (initElements) -> Name set to field: 
14:40:07,630 INFO  [BrowserSelenium] (initElements) -> CSS set to field: 
14:40:07,630 INFO  [BrowserSelenium] (initElements) -> XPath set to field: 
14:40:07,630 INFO  [BrowserSelenium] (initElements) -> ID set to field: 
14:40:07,630 INFO  [BrowserSelenium] (initElements) -> Name set to field: 
14:40:07,630 INFO  [BrowserSelenium] (initElements) -> CSS set to field: 
14:40:07,630 INFO  [BrowserSelenium] (initElements) -> XPath set to field: //table[@id='users']
14:40:07,630 INFO  [BrowserSelenium] (initElements) -> ID set to field: 
14:40:07,631 INFO  [BrowserSelenium] (initElements) -> Name set to field: 
14:40:07,631 INFO  [BrowserSelenium] (initElements) -> CSS set to field: 
14:40:07,631 INFO  [BrowserSelenium] (initElements) -> XPath set to field: //table[@id='users']/tbody//td/a/strong
14:40:07,631 INFO  [BrowserSelenium] (initElements) -> ID set to field: 
14:40:07,631 INFO  [BrowserSelenium] (initElements) -> Name set to field: 
14:40:07,631 INFO  [BrowserSelenium] (initElements) -> CSS set to field: 
14:40:07,631 INFO  [BrowserSelenium] (initElements) -> XPath set to field: //div[@id='breadcrumbs']
14:40:07,631 INFO  [BrowserSelenium] (initElements) -> ID set to field: payment_amountAsDecimal
14:40:07,632 INFO  [BrowserSelenium] (initElements) -> Name set to field: 
14:40:07,632 INFO  [BrowserSelenium] (initElements) -> CSS set to field: 
14:40:07,632 INFO  [BrowserSelenium] (initElements) -> XPath set to field: 
14:40:07,632 INFO  [BrowserSelenium] (initElements) -> ID set to field: 
14:40:07,632 INFO  [BrowserSelenium] (initElements) -> Name set to field: 
14:40:07,632 INFO  [BrowserSelenium] (initElements) -> CSS set to field: 
14:40:07,632 INFO  [BrowserSelenium] (initElements) -> XPath set to field: //label[text()='cheque.bank.name']/../../div[1]/div/input
14:40:07,632 INFO  [BrowserSelenium] (initElements) -> ID set to field: 
14:40:07,632 INFO  [BrowserSelenium] (initElements) -> Name set to field: 
14:40:07,632 INFO  [BrowserSelenium] (initElements) -> CSS set to field: 
14:40:07,632 INFO  [BrowserSelenium] (initElements) -> XPath set to field: //label[text()='cheque.bank.name']/../../div[2]/div/input
14:40:07,632 INFO  [BrowserSelenium] (initElements) -> ID set to field: 
14:40:07,633 INFO  [BrowserSelenium] (initElements) -> Name set to field: 
14:40:07,633 INFO  [BrowserSelenium] (initElements) -> CSS set to field: 
14:40:07,633 INFO  [BrowserSelenium] (initElements) -> XPath set to field: //label[text()='cheque.bank.name']/../../div[3]/div/input
14:40:07,633 INFO  [BrowserSelenium] (initElements) -> ID set to field: 
14:40:07,633 INFO  [BrowserSelenium] (initElements) -> Name set to field: 
14:40:07,633 INFO  [BrowserSelenium] (initElements) -> CSS set to field: 
14:40:07,633 INFO  [BrowserSelenium] (initElements) -> XPath set to field: //a[@class='submit payment']
14:40:07,633 INFO  [BrowserSelenium] (initElements) -> ID set to field: 
14:40:07,633 INFO  [BrowserSelenium] (initElements) -> Name set to field: 
14:40:07,633 INFO  [BrowserSelenium] (initElements) -> CSS set to field: 
14:40:07,633 INFO  [BrowserSelenium] (initElements) -> XPath set to field: //label[text()='Processing Order']/../div/input
14:40:07,634 INFO  [BrowserSelenium] (initElements) -> ID set to field: 
14:40:07,634 INFO  [BrowserSelenium] (initElements) -> Name set to field: 
14:40:07,634 INFO  [BrowserSelenium] (initElements) -> CSS set to field: 
14:40:07,634 INFO  [BrowserSelenium] (initElements) -> XPath set to field: //table[@id='payments']
14:40:07,634 INFO  [BrowserSelenium] (initElements) -> ID set to field: 
14:40:07,634 INFO  [BrowserSelenium] (initElements) -> Name set to field: 
14:40:07,634 INFO  [BrowserSelenium] (initElements) -> CSS set to field: 
14:40:07,634 INFO  [BrowserSelenium] (initElements) -> XPath set to field: //div[@id='builder-tabs']/ul//li[@aria-controls='ui-tabs-products']/a
14:40:07,634 INFO  [BrowserSelenium] (initElements) -> ID set to field: 
14:40:07,634 INFO  [BrowserSelenium] (initElements) -> Name set to field: 
14:40:07,635 INFO  [BrowserSelenium] (initElements) -> CSS set to field: 
14:40:07,635 INFO  [BrowserSelenium] (initElements) -> XPath set to field: //input[@id='activeSince']
14:40:07,635 INFO  [BrowserSelenium] (initElements) -> ID set to field: 
14:40:07,635 INFO  [BrowserSelenium] (initElements) -> Name set to field: 
14:40:07,635 INFO  [BrowserSelenium] (initElements) -> CSS set to field: 
14:40:07,636 INFO  [BrowserSelenium] (initElements) -> XPath set to field: //table[@id='products']/tbody/tr[1]/td[1]/a/strong
14:40:07,636 INFO  [BrowserSelenium] (initElements) -> ID set to field: 
14:40:07,636 INFO  [BrowserSelenium] (initElements) -> Name set to field: 
14:40:07,636 INFO  [BrowserSelenium] (initElements) -> CSS set to field: 
14:40:07,636 INFO  [BrowserSelenium] (initElements) -> XPath set to field: //span[text()='Create Asset']
14:40:07,636 INFO  [BrowserSelenium] (initElements) -> ID set to field: 
14:40:07,637 INFO  [BrowserSelenium] (initElements) -> Name set to field: 
14:40:07,637 INFO  [BrowserSelenium] (initElements) -> CSS set to field: 
14:40:07,637 INFO  [BrowserSelenium] (initElements) -> XPath set to field: //input[@id='identifier']
14:40:07,637 INFO  [BrowserSelenium] (initElements) -> ID set to field: global-checkbox
14:40:07,637 INFO  [BrowserSelenium] (initElements) -> Name set to field: 
14:40:07,637 INFO  [BrowserSelenium] (initElements) -> CSS set to field: 
14:40:07,637 INFO  [BrowserSelenium] (initElements) -> XPath set to field: 
14:40:07,637 INFO  [BrowserSelenium] (initElements) -> ID set to field: 
14:40:07,638 INFO  [BrowserSelenium] (initElements) -> Name set to field: 
14:40:07,638 INFO  [BrowserSelenium] (initElements) -> CSS set to field: 
14:40:07,638 INFO  [BrowserSelenium] (initElements) -> XPath set to field: //span[text()='Add to Order']
14:40:07,638 INFO  [BrowserSelenium] (initElements) -> ID set to field: 
14:40:07,638 INFO  [BrowserSelenium] (initElements) -> Name set to field: 
14:40:07,638 INFO  [BrowserSelenium] (initElements) -> CSS set to field: 
14:40:07,639 INFO  [BrowserSelenium] (initElements) -> XPath set to field: //div[@id='review-messages']/div
14:40:07,639 INFO  [BrowserSelenium] (initElements) -> ID set to field: 
14:40:07,639 INFO  [BrowserSelenium] (initElements) -> Name set to field: 
14:40:07,639 INFO  [BrowserSelenium] (initElements) -> CSS set to field: 
14:40:07,639 INFO  [BrowserSelenium] (initElements) -> XPath set to field: //div[@id='review-tabs']/ul/li[@aria-controls='ui-tabs-review']/a
14:40:07,639 INFO  [BrowserSelenium] (initElements) -> ID set to field: 
14:40:07,639 INFO  [BrowserSelenium] (initElements) -> Name set to field: 
14:40:07,641 INFO  [BrowserSelenium] (initElements) -> CSS set to field: 
14:40:07,642 INFO  [BrowserSelenium] (initElements) -> XPath set to field: //span[text()='Show Assets']
14:40:07,643 INFO  [BrowserSelenium] (initElements) -> ID set to field: 
14:40:07,643 INFO  [BrowserSelenium] (initElements) -> Name set to field: 
14:40:07,643 INFO  [BrowserSelenium] (initElements) -> CSS set to field: 
14:40:07,643 INFO  [BrowserSelenium] (initElements) -> XPath set to field: //ul[@class='top-nav']/li[1]
14:40:07,643 INFO  [BrowserSelenium] (initElements) -> ID set to field: 
14:40:07,644 INFO  [BrowserSelenium] (initElements) -> Name set to field: 
14:40:07,644 INFO  [BrowserSelenium] (initElements) -> CSS set to field: 
14:40:07,644 INFO  [BrowserSelenium] (initElements) -> XPath set to field: //select[@id='company-select']
14:40:07,644 INFO  [BrowserSelenium] (initElements) -> ID set to field: 
14:40:07,644 INFO  [BrowserSelenium] (initElements) -> Name set to field: 
14:40:07,644 INFO  [BrowserSelenium] (initElements) -> CSS set to field: 
14:40:07,644 INFO  [BrowserSelenium] (initElements) -> XPath set to field: //form[@id='save-asset-form']/fieldset//div[@class='buttons']/ul/li//a[@class='submit save']
14:40:07,645 INFO  [BrowserSelenium] (initElements) -> ID set to field: 
14:40:07,645 INFO  [BrowserSelenium] (initElements) -> Name set to field: 
14:40:07,645 INFO  [BrowserSelenium] (initElements) -> CSS set to field: 
14:40:07,645 INFO  [BrowserSelenium] (initElements) -> XPath set to field: //table[@class='innerTable']/tbody/tr/td
14:40:07,645 INFO  [BrowserSelenium] (initElements) -> ID set to field: 
14:40:07,645 INFO  [BrowserSelenium] (initElements) -> Name set to field: 
14:40:07,646 INFO  [BrowserSelenium] (initElements) -> CSS set to field: 
14:40:07,646 INFO  [BrowserSelenium] (initElements) -> XPath set to field: //span[text()='Reserve']
14:40:07,646 INFO  [BrowserSelenium] (initElements) -> ID set to field: 
14:40:07,646 INFO  [BrowserSelenium] (initElements) -> Name set to field: 
14:40:07,646 INFO  [BrowserSelenium] (initElements) -> CSS set to field: 
14:40:07,646 INFO  [BrowserSelenium] (initElements) -> XPath set to field: //span[text()='Cancel']
14:40:07,647 INFO  [BrowserSelenium] (initElements) -> ID set to field: 
14:40:07,647 INFO  [BrowserSelenium] (initElements) -> Name set to field: 
14:40:07,647 INFO  [BrowserSelenium] (initElements) -> CSS set to field: 
14:40:07,647 INFO  [BrowserSelenium] (initElements) -> XPath set to field: //div[@class='ui-dialog ui-widget ui-widget-content ui-corner-all ui-front ui-dialog-buttons ui-draggable ui-resizable']//strong[text()='Lemonade Plan Setup Fee']
14:40:07,647 INFO  [BrowserSelenium] (initElements) -> ID set to field: 
14:40:07,647 INFO  [BrowserSelenium] (initElements) -> Name set to field: 
14:40:07,647 INFO  [BrowserSelenium] (initElements) -> CSS set to field: 
14:40:07,648 INFO  [BrowserSelenium] (initElements) -> XPath set to field: //span[text()='New SubOrder']
14:40:07,648 INFO  [BrowserSelenium] (initElements) -> ID set to field: ui-id-4
14:40:07,648 INFO  [BrowserSelenium] (initElements) -> Name set to field: 
14:40:07,648 INFO  [BrowserSelenium] (initElements) -> CSS set to field: 
14:40:07,648 INFO  [BrowserSelenium] (initElements) -> XPath set to field: 
14:40:07,648 INFO  [BrowserSelenium] (initElements) -> ID set to field: 
14:40:07,649 INFO  [BrowserSelenium] (initElements) -> Name set to field: 
14:40:07,649 INFO  [BrowserSelenium] (initElements) -> CSS set to field: 
14:40:07,649 INFO  [BrowserSelenium] (initElements) -> XPath set to field: //*[@id='order-details-form']/div[1]/div[4]/div/img
14:40:07,649 INFO  [BrowserSelenium] (initElements) -> ID set to field: 
14:40:07,649 INFO  [BrowserSelenium] (initElements) -> Name set to field: 
14:40:07,649 INFO  [BrowserSelenium] (initElements) -> CSS set to field: 
14:40:07,650 INFO  [BrowserSelenium] (initElements) -> XPath set to field: //img[@alt='inspect customer']
14:40:07,650 INFO  [BrowserSelenium] (initElements) -> ID set to field: 
14:40:07,650 INFO  [BrowserSelenium] (initElements) -> Name set to field: 
14:40:07,650 INFO  [BrowserSelenium] (initElements) -> CSS set to field: 
14:40:07,650 INFO  [BrowserSelenium] (initElements) -> XPath set to field: //*[@id='change--3.description']
14:40:07,650 INFO  [BrowserSelenium] (initElements) -> ID set to field: 
14:40:07,651 INFO  [BrowserSelenium] (initElements) -> Name set to field: 
14:40:07,651 INFO  [BrowserSelenium] (initElements) -> CSS set to field: 
14:40:07,651 INFO  [BrowserSelenium] (initElements) -> XPath set to field: //tr[2]/td[2]/a/strong
14:40:07,651 INFO  [BrowserSelenium] (initElements) -> ID set to field: 
14:40:07,651 INFO  [BrowserSelenium] (initElements) -> Name set to field: 
14:40:07,651 INFO  [BrowserSelenium] (initElements) -> CSS set to field: 
14:40:07,652 INFO  [BrowserSelenium] (initElements) -> XPath set to field: //div[2]/div[7]/div[1]/a[3]/span
14:40:07,652 INFO  [BrowserSelenium] (initElements) -> ID set to field: 
14:40:07,652 INFO  [BrowserSelenium] (initElements) -> Name set to field: 
14:40:07,652 INFO  [BrowserSelenium] (initElements) -> CSS set to field: 
14:40:07,652 INFO  [BrowserSelenium] (initElements) -> XPath set to field: //*[@id='change--3-update-form']/div[2]/a[1]/span
14:40:07,652 INFO  [BrowserSelenium] EXIT --> (initElements)
14:40:07,653 INFO  [BrowserSelenium] ENTER --> (selectListItem)
14:40:07,653 INFO  [BrowserSelenium] (selectListItem) ->  to find
14:40:07,653 INFO  [BrowserSelenium] ENTER --> (_waitForJStoLoad)
14:40:11,630 INFO  [BrowserSelenium] EXIT --> (_waitForJStoLoad) --> DOM load wait done: true
14:40:11,630 INFO  [BrowserSelenium] ENTER --> (_getListItem)
14:40:11,630 INFO  [BrowserSelenium] (_setExtendedTextToXPath) ->  value set
14:40:11,639 INFO  [BrowserSelenium] ENTER --> (_getByLocator)
14:40:11,639 INFO  [BrowserSelenium] (_getByLocator) -> Getting locator for null
14:40:11,639 INFO  [BrowserSelenium] (_getByLocator) -> Locator info found for XPATH attribute as: //table[@id='users']/tbody//td/a/strong
14:40:11,640 INFO  [BrowserSelenium] ENTER --> (_parseElementOnXpath)
14:40:11,640 INFO  [BrowserSelenium] (_parseElementOnXpath) -> //table[@id='users']/tbody//td/a/strong is used
14:40:11,640 INFO  [BrowserSelenium] EXIT --> (_parseElementOnXpath)
14:40:11,640 INFO  [BrowserSelenium] EXIT --> (_getByLocator)
14:40:11,667 INFO  [BrowserSelenium] (_getListItem) -> targetValue to find in listbox: ""
14:40:11,690 INFO  [BrowserSelenium] (_getListItem) -> current element text by we.getText(): "TestCustomer3GGQQB"
14:40:11,705 INFO  [BrowserSelenium] (_getListItem) -> targetValue to find in listbox: ""
14:40:11,717 INFO  [BrowserSelenium] (_getListItem) -> current element text by we.getText(): "QA Company copy 1470042815532"
14:40:11,742 INFO  [BrowserSelenium] (_getListItem) -> targetValue to find in listbox: ""
14:40:11,757 INFO  [BrowserSelenium] (_getListItem) -> current element text by we.getText(): "TestCustomer3CFNCV"
14:40:11,772 INFO  [BrowserSelenium] (_getListItem) -> targetValue to find in listbox: ""
14:40:11,789 INFO  [BrowserSelenium] (_getListItem) -> current element text by we.getText(): "QA Company copy 1470042815532"
14:40:11,800 INFO  [BrowserSelenium] (_getListItem) -> targetValue to find in listbox: ""
14:40:11,813 INFO  [BrowserSelenium] (_getListItem) -> current element text by we.getText(): "TestCustomer3EBQZX"
14:40:11,828 INFO  [BrowserSelenium] (_getListItem) -> targetValue to find in listbox: ""
14:40:11,853 INFO  [BrowserSelenium] (_getListItem) -> current element text by we.getText(): "QA Company copy 1470042815532"
14:40:11,866 INFO  [BrowserSelenium] (_getListItem) -> targetValue to find in listbox: ""
14:40:11,893 INFO  [BrowserSelenium] (_getListItem) -> current element text by we.getText(): "TestCustomer3IMRCV"
14:40:11,917 INFO  [BrowserSelenium] (_getListItem) -> targetValue to find in listbox: ""
14:40:11,933 INFO  [BrowserSelenium] (_getListItem) -> current element text by we.getText(): "QA Company copy 1470042815532"
14:40:11,945 INFO  [BrowserSelenium] (_getListItem) -> targetValue to find in listbox: ""
14:40:11,954 INFO  [BrowserSelenium] (_getListItem) -> current element text by we.getText(): "TestCustomer3SRFCH"
14:40:11,965 INFO  [BrowserSelenium] (_getListItem) -> targetValue to find in listbox: ""
14:40:11,976 INFO  [BrowserSelenium] (_getListItem) -> current element text by we.getText(): "QA Company copy 1470042815532"
14:40:11,985 INFO  [BrowserSelenium] (_getListItem) -> targetValue to find in listbox: ""
14:40:11,997 INFO  [BrowserSelenium] (_getListItem) -> current element text by we.getText(): "TestCustomer3TWMUC"
14:40:12,008 INFO  [BrowserSelenium] (_getListItem) -> targetValue to find in listbox: ""
14:40:12,017 INFO  [BrowserSelenium] (_getListItem) -> current element text by we.getText(): "QA Company copy 1470042815532"
14:40:12,025 INFO  [BrowserSelenium] (_getListItem) -> targetValue to find in listbox: ""
14:40:12,033 INFO  [BrowserSelenium] (_getListItem) -> current element text by we.getText(): "TestCustomer3FLKOK"
14:40:12,041 INFO  [BrowserSelenium] (_getListItem) -> targetValue to find in listbox: ""
14:40:12,050 INFO  [BrowserSelenium] (_getListItem) -> current element text by we.getText(): "QA Company copy 1470042815532"
14:40:12,061 INFO  [BrowserSelenium] (_getListItem) -> targetValue to find in listbox: ""
14:40:12,073 INFO  [BrowserSelenium] (_getListItem) -> current element text by we.getText(): "Sarah WilsonXYZXQPOF"
14:40:12,083 INFO  [BrowserSelenium] (_getListItem) -> targetValue to find in listbox: ""
14:40:12,092 INFO  [BrowserSelenium] (_getListItem) -> current element text by we.getText(): "QA Company copy 1470042815532"
14:40:12,100 INFO  [BrowserSelenium] (_getListItem) -> targetValue to find in listbox: ""
14:40:12,108 INFO  [BrowserSelenium] (_getListItem) -> current element text by we.getText(): "CustomerAAXYZ30"
14:40:12,116 INFO  [BrowserSelenium] (_getListItem) -> targetValue to find in listbox: ""
14:40:12,124 INFO  [BrowserSelenium] (_getListItem) -> current element text by we.getText(): "QA Company copy 1470042815532"
14:40:12,135 INFO  [BrowserSelenium] (_getListItem) -> targetValue to find in listbox: ""
14:40:12,146 INFO  [BrowserSelenium] (_getListItem) -> current element text by we.getText(): "CustomerAAXYZ81"
14:40:12,154 INFO  [BrowserSelenium] (_getListItem) -> targetValue to find in listbox: ""
14:40:12,165 INFO  [BrowserSelenium] (_getListItem) -> current element text by we.getText(): "QA Company copy 1470042815532"
]]></system-out>
  <system-err><![CDATA[]]></system-err>
</testsuite>
