<?xml version="1.0" encoding="UTF-8"?>
<testsuite name="com.jbilling.test.VerifyUserAbleGetMandatoryFieldMessageForAccountType" tests="1" skipped="0" failures="0" errors="0" timestamp="2016-08-04T08:04:40" hostname="Shashank-PC" time="15.646">
  <properties/>
  <testcase name="TC11_2_VerifyMandatoryFieldMessageForAccountType" classname="com.jbilling.test.VerifyUserAbleGetMandatoryFieldMessageForAccountType" time="15.646"/>
  <system-out><![CDATA[13:34:40,854 INFO  [VerifyUserAbleGetMandatoryFieldMessageForAccountType] ENTER --> (TC11_2_VerifyMandatoryFieldMessageForAccountType)
13:34:40,854 INFO  [BrowserSelenium] ENTER --> (clickLinkText)
13:34:40,854 INFO  [BrowserSelenium] ENTER --> (_waitForElement) --> Waiting for element: null
13:34:40,864 INFO  [BrowserSelenium] ENTER --> (waitForElement)
13:34:46,753 INFO  [BrowserSelenium] ENTER --> (_getByLocator)
13:34:46,753 INFO  [BrowserSelenium] (_getByLocator) -> Getting locator for null
13:34:46,753 INFO  [BrowserSelenium] (_getByLocator) -> Locator info found for XPATH attribute as: //a[@href='/jbilling/config/index']
13:34:46,753 INFO  [BrowserSelenium] ENTER --> (_parseElementOnXpath)
13:34:46,753 INFO  [BrowserSelenium] (_parseElementOnXpath) -> //a[@href='/jbilling/config/index'] is used
13:34:46,753 INFO  [BrowserSelenium] EXIT --> (_parseElementOnXpath)
13:34:46,753 INFO  [BrowserSelenium] EXIT --> (_getByLocator)
13:34:46,783 INFO  [BrowserSelenium] ENTER --> (_getByLocator)
13:34:46,783 INFO  [BrowserSelenium] (_getByLocator) -> Getting locator for null
13:34:46,783 INFO  [BrowserSelenium] (_getByLocator) -> Locator info found for XPATH attribute as: //a[@href='/jbilling/config/index']
13:34:46,783 INFO  [BrowserSelenium] ENTER --> (_parseElementOnXpath)
13:34:46,783 INFO  [BrowserSelenium] (_parseElementOnXpath) -> //a[@href='/jbilling/config/index'] is used
13:34:46,783 INFO  [BrowserSelenium] EXIT --> (_parseElementOnXpath)
13:34:46,783 INFO  [BrowserSelenium] EXIT --> (_getByLocator)
13:34:46,843 INFO  [BrowserSelenium] (waitForElement) -> element wait eligibility found: true
13:34:46,853 INFO  [BrowserSelenium] ENTER --> (_waitForJStoLoad)
13:34:46,913 INFO  [BrowserSelenium] EXIT --> (_waitForJStoLoad) --> DOM load wait done: true
13:34:46,913 INFO  [BrowserSelenium] (waitForElement) -> element wait eligibility set: true
13:34:46,913 INFO  [BrowserSelenium] EXIT --> (waitForElement)
13:34:46,913 INFO  [BrowserSelenium] EXIT --> (_waitForElement)
13:34:46,923 INFO  [BrowserSelenium] ENTER --> (_getByLocator)
13:34:46,923 INFO  [BrowserSelenium] (_getByLocator) -> Getting locator for null
13:34:46,923 INFO  [BrowserSelenium] (_getByLocator) -> Locator info found for XPATH attribute as: //a[@href='/jbilling/config/index']
13:34:46,923 INFO  [BrowserSelenium] ENTER --> (_parseElementOnXpath)
13:34:46,923 INFO  [BrowserSelenium] (_parseElementOnXpath) -> //a[@href='/jbilling/config/index'] is used
13:34:46,923 INFO  [BrowserSelenium] EXIT --> (_parseElementOnXpath)
13:34:46,923 INFO  [BrowserSelenium] EXIT --> (_getByLocator)
13:34:46,943 INFO  [BrowserSelenium] ENTER --> (_clickUsingJavaScript)
13:34:46,983 INFO  [BrowserSelenium] EXIT --> (_clickUsingJavaScript)
13:34:46,983 INFO  [BrowserSelenium] EXIT --> (clickLinkText)
13:34:46,983 INFO  [BrowserSelenium] ENTER --> (initElements)
13:34:46,983 INFO  [BrowserSelenium] (initElements) -> ID set to field: 
13:34:46,983 INFO  [BrowserSelenium] (initElements) -> Name set to field: 
13:34:46,983 INFO  [BrowserSelenium] (initElements) -> CSS set to field: 
13:34:46,983 INFO  [BrowserSelenium] (initElements) -> XPath set to field: //div[@class='menu-items']/ul/li
13:34:46,983 INFO  [BrowserSelenium] (initElements) -> ID set to field: 
13:34:46,983 INFO  [BrowserSelenium] (initElements) -> Name set to field: 
13:34:46,983 INFO  [BrowserSelenium] (initElements) -> CSS set to field: 
13:34:46,983 INFO  [BrowserSelenium] (initElements) -> XPath set to field: //div[@id='column1']/div[@class='table-box']/table/tbody//td/a/strong
13:34:46,983 INFO  [BrowserSelenium] (initElements) -> ID set to field: 
13:34:46,983 INFO  [BrowserSelenium] (initElements) -> Name set to field: 
13:34:46,983 INFO  [BrowserSelenium] (initElements) -> CSS set to field: 
13:34:46,983 INFO  [BrowserSelenium] (initElements) -> XPath set to field: //span[text()='Add New']
13:34:46,983 INFO  [BrowserSelenium] (initElements) -> ID set to field: 
13:34:46,983 INFO  [BrowserSelenium] (initElements) -> Name set to field: 
13:34:46,983 INFO  [BrowserSelenium] (initElements) -> CSS set to field: 
13:34:46,983 INFO  [BrowserSelenium] (initElements) -> XPath set to field: //span[text()='Save Changes']
13:34:46,983 INFO  [BrowserSelenium] (initElements) -> ID set to field: 
13:34:46,983 INFO  [BrowserSelenium] (initElements) -> Name set to field: 
13:34:46,983 INFO  [BrowserSelenium] (initElements) -> CSS set to field: 
13:34:46,983 INFO  [BrowserSelenium] (initElements) -> XPath set to field: //span[text()='Cancel']
13:34:46,983 INFO  [BrowserSelenium] (initElements) -> ID set to field: 
13:34:46,983 INFO  [BrowserSelenium] (initElements) -> Name set to field: 
13:34:46,983 INFO  [BrowserSelenium] (initElements) -> CSS set to field: 
13:34:46,983 INFO  [BrowserSelenium] (initElements) -> XPath set to field: //span[text()='Upload File']
13:34:46,983 INFO  [BrowserSelenium] (initElements) -> ID set to field: 
13:34:46,983 INFO  [BrowserSelenium] (initElements) -> Name set to field: 
13:34:46,993 INFO  [BrowserSelenium] (initElements) -> CSS set to field: 
13:34:46,993 INFO  [BrowserSelenium] (initElements) -> XPath set to field: //input[@type='file']
13:34:46,993 INFO  [BrowserSelenium] (initElements) -> ID set to field: 
13:34:46,993 INFO  [BrowserSelenium] (initElements) -> Name set to field: 
13:34:46,993 INFO  [BrowserSelenium] (initElements) -> CSS set to field: 
13:34:46,993 INFO  [BrowserSelenium] (initElements) -> XPath set to field: //span[contains(text(),'Edit')]
13:34:46,993 INFO  [BrowserSelenium] (initElements) -> ID set to field: 
13:34:46,993 INFO  [BrowserSelenium] (initElements) -> Name set to field: 
13:34:46,993 INFO  [BrowserSelenium] (initElements) -> CSS set to field: 
13:34:46,993 INFO  [BrowserSelenium] (initElements) -> XPath set to field: //a[@class='submit save']
13:34:46,993 INFO  [BrowserSelenium] (initElements) -> ID set to field: 
13:34:46,993 INFO  [BrowserSelenium] (initElements) -> Name set to field: 
13:34:46,993 INFO  [BrowserSelenium] (initElements) -> CSS set to field: 
13:34:46,993 INFO  [BrowserSelenium] (initElements) -> XPath set to field: //select[@id='typeId']
13:34:46,993 INFO  [BrowserSelenium] (initElements) -> ID set to field: 
13:34:46,993 INFO  [BrowserSelenium] (initElements) -> Name set to field: 
13:34:46,993 INFO  [BrowserSelenium] (initElements) -> CSS set to field: 
13:34:46,993 INFO  [BrowserSelenium] (initElements) -> XPath set to field: //input[@id='processingOrder']
13:34:46,993 INFO  [BrowserSelenium] (initElements) -> ID set to field: 
13:34:46,993 INFO  [BrowserSelenium] (initElements) -> Name set to field: 
13:34:46,993 INFO  [BrowserSelenium] (initElements) -> CSS set to field: 
13:34:46,993 INFO  [BrowserSelenium] (initElements) -> XPath set to field: //input[@id='name']
13:34:46,993 INFO  [BrowserSelenium] (initElements) -> ID set to field: 
13:34:46,993 INFO  [BrowserSelenium] (initElements) -> Name set to field: 
13:34:46,993 INFO  [BrowserSelenium] (initElements) -> CSS set to field: 
13:34:46,993 INFO  [BrowserSelenium] (initElements) -> XPath set to field: //input[@id='plgDynamic.1.name']
13:34:46,993 INFO  [BrowserSelenium] (initElements) -> ID set to field: 
13:34:46,993 INFO  [BrowserSelenium] (initElements) -> Name set to field: 
13:34:46,993 INFO  [BrowserSelenium] (initElements) -> CSS set to field: 
13:34:46,993 INFO  [BrowserSelenium] (initElements) -> XPath set to field: //input[@id='plgDynamic.1.value']
13:34:46,993 INFO  [BrowserSelenium] (initElements) -> ID set to field: 
13:34:46,993 INFO  [BrowserSelenium] (initElements) -> Name set to field: 
13:34:46,993 INFO  [BrowserSelenium] (initElements) -> CSS set to field: 
13:34:46,993 INFO  [BrowserSelenium] (initElements) -> XPath set to field: //img[@alt='add']
13:34:46,993 INFO  [BrowserSelenium] (initElements) -> ID set to field: 
13:34:46,993 INFO  [BrowserSelenium] (initElements) -> Name set to field: 
13:34:46,993 INFO  [BrowserSelenium] (initElements) -> CSS set to field: 
13:34:46,993 INFO  [BrowserSelenium] (initElements) -> XPath set to field: //img[@alt='remove']
13:34:46,993 INFO  [BrowserSelenium] (initElements) -> ID set to field: 
13:34:46,993 INFO  [BrowserSelenium] (initElements) -> Name set to field: 
13:34:46,993 INFO  [BrowserSelenium] (initElements) -> CSS set to field: 
13:34:46,993 INFO  [BrowserSelenium] (initElements) -> XPath set to field: //span[text()='Save Plug-in']
13:34:46,993 INFO  [BrowserSelenium] (initElements) -> ID set to field: 
13:34:46,993 INFO  [BrowserSelenium] (initElements) -> Name set to field: 
13:34:46,993 INFO  [BrowserSelenium] (initElements) -> CSS set to field: 
13:34:46,993 INFO  [BrowserSelenium] (initElements) -> XPath set to field: //input[@id='nextRunDate']
13:34:46,993 INFO  [BrowserSelenium] (initElements) -> ID set to field: 
13:34:46,993 INFO  [BrowserSelenium] (initElements) -> Name set to field: 
13:34:46,993 INFO  [BrowserSelenium] (initElements) -> CSS set to field: 
13:34:46,993 INFO  [BrowserSelenium] (initElements) -> XPath set to field: //input[@id='generateReport']
13:34:46,993 INFO  [BrowserSelenium] (initElements) -> ID set to field: 
13:34:46,993 INFO  [BrowserSelenium] (initElements) -> Name set to field: 
13:34:46,993 INFO  [BrowserSelenium] (initElements) -> CSS set to field: 
13:34:46,993 INFO  [BrowserSelenium] (initElements) -> XPath set to field: //select[@id='periodUnitId']
13:34:46,993 INFO  [BrowserSelenium] (initElements) -> ID set to field: 
13:34:46,993 INFO  [BrowserSelenium] (initElements) -> Name set to field: 
13:34:46,993 INFO  [BrowserSelenium] (initElements) -> CSS set to field: 
13:34:47,003 INFO  [BrowserSelenium] (initElements) -> XPath set to field: //select[@id='usagePool.consumptionActions.1.type']
13:34:47,003 INFO  [BrowserSelenium] (initElements) -> ID set to field: 
13:34:47,003 INFO  [BrowserSelenium] (initElements) -> Name set to field: 
13:34:47,003 INFO  [BrowserSelenium] (initElements) -> CSS set to field: 
13:34:47,003 INFO  [BrowserSelenium] (initElements) -> XPath set to field: //select[@id='usagePool.consumptionActions.1.notificationId']
13:34:47,003 INFO  [BrowserSelenium] (initElements) -> ID set to field: 
13:34:47,003 INFO  [BrowserSelenium] (initElements) -> Name set to field: 
13:34:47,003 INFO  [BrowserSelenium] (initElements) -> CSS set to field: 
13:34:47,003 INFO  [BrowserSelenium] (initElements) -> XPath set to field: //select[@id='usagePool.consumptionActions.1.mediumType']
13:34:47,003 INFO  [BrowserSelenium] (initElements) -> ID set to field: 
13:34:47,003 INFO  [BrowserSelenium] (initElements) -> Name set to field: 
13:34:47,003 INFO  [BrowserSelenium] (initElements) -> CSS set to field: 
13:34:47,003 INFO  [BrowserSelenium] (initElements) -> XPath set to field: //select[@id='usagePool.consumptionActions.2.type']
13:34:47,003 INFO  [BrowserSelenium] (initElements) -> ID set to field: 
13:34:47,003 INFO  [BrowserSelenium] (initElements) -> Name set to field: 
13:34:47,003 INFO  [BrowserSelenium] (initElements) -> CSS set to field: 
13:34:47,003 INFO  [BrowserSelenium] (initElements) -> XPath set to field: //select[@id = 'usagePool.itemTypes']
13:34:47,003 INFO  [BrowserSelenium] (initElements) -> ID set to field: 
13:34:47,003 INFO  [BrowserSelenium] (initElements) -> Name set to field: 
13:34:47,003 INFO  [BrowserSelenium] (initElements) -> CSS set to field: 
13:34:47,003 INFO  [BrowserSelenium] (initElements) -> XPath set to field: //select[@id = 'usagePool.items']
13:34:47,003 INFO  [BrowserSelenium] (initElements) -> ID set to field: 
13:34:47,003 INFO  [BrowserSelenium] (initElements) -> Name set to field: 
13:34:47,003 INFO  [BrowserSelenium] (initElements) -> CSS set to field: 
13:34:47,003 INFO  [BrowserSelenium] (initElements) -> XPath set to field: //input[@id='maximumPeriods']
13:34:47,003 INFO  [BrowserSelenium] (initElements) -> ID set to field: 
13:34:47,003 INFO  [BrowserSelenium] (initElements) -> Name set to field: 
13:34:47,003 INFO  [BrowserSelenium] (initElements) -> CSS set to field: 
13:34:47,003 INFO  [BrowserSelenium] (initElements) -> XPath set to field: //input[@id='billing.proratingType.neverProrating']
13:34:47,003 INFO  [BrowserSelenium] (initElements) -> ID set to field: 
13:34:47,003 INFO  [BrowserSelenium] (initElements) -> Name set to field: 
13:34:47,003 INFO  [BrowserSelenium] (initElements) -> CSS set to field: 
13:34:47,003 INFO  [BrowserSelenium] (initElements) -> XPath set to field: //span[text()='Run Commission Process']
13:34:47,003 INFO  [BrowserSelenium] (initElements) -> ID set to field: 
13:34:47,003 INFO  [BrowserSelenium] (initElements) -> Name set to field: 
13:34:47,003 INFO  [BrowserSelenium] (initElements) -> CSS set to field: 
13:34:47,003 INFO  [BrowserSelenium] (initElements) -> XPath set to field: //span[text()='Run Billing']
13:34:47,003 INFO  [BrowserSelenium] (initElements) -> ID set to field: 
13:34:47,003 INFO  [BrowserSelenium] (initElements) -> Name set to field: 
13:34:47,003 INFO  [BrowserSelenium] (initElements) -> CSS set to field: 
13:34:47,003 INFO  [BrowserSelenium] (initElements) -> XPath set to field: //input[@id='obj[0].statusStr']
13:34:47,003 INFO  [BrowserSelenium] (initElements) -> ID set to field: 
13:34:47,003 INFO  [BrowserSelenium] (initElements) -> Name set to field: 
13:34:47,003 INFO  [BrowserSelenium] (initElements) -> CSS set to field: 
13:34:47,003 INFO  [BrowserSelenium] (initElements) -> XPath set to field: //input[@id='obj[0].days']
13:34:47,003 INFO  [BrowserSelenium] (initElements) -> ID set to field: 
13:34:47,003 INFO  [BrowserSelenium] (initElements) -> Name set to field: 
13:34:47,003 INFO  [BrowserSelenium] (initElements) -> CSS set to field: 
13:34:47,003 INFO  [BrowserSelenium] (initElements) -> XPath set to field: //input[@id='obj[0].sendNotification']
13:34:47,003 INFO  [BrowserSelenium] (initElements) -> ID set to field: 
13:34:47,003 INFO  [BrowserSelenium] (initElements) -> Name set to field: 
13:34:47,003 INFO  [BrowserSelenium] (initElements) -> CSS set to field: 
13:34:47,003 INFO  [BrowserSelenium] (initElements) -> XPath set to field: //input[@id='obj[0].paymentRetry']
13:34:47,013 INFO  [BrowserSelenium] (initElements) -> ID set to field: 
13:34:47,013 INFO  [BrowserSelenium] (initElements) -> Name set to field: 
13:34:47,013 INFO  [BrowserSelenium] (initElements) -> CSS set to field: 
13:34:47,013 INFO  [BrowserSelenium] (initElements) -> XPath set to field: //input[@id='obj[0].suspended']
13:34:47,013 INFO  [BrowserSelenium] (initElements) -> ID set to field: 
13:34:47,013 INFO  [BrowserSelenium] (initElements) -> Name set to field: 
13:34:47,013 INFO  [BrowserSelenium] (initElements) -> CSS set to field: 
13:34:47,013 INFO  [BrowserSelenium] (initElements) -> XPath set to field: //table[@id='ageingStepTable']/tbody/tr[2]/td[1]/strong
13:34:47,013 INFO  [BrowserSelenium] (initElements) -> ID set to field: 
13:34:47,013 INFO  [BrowserSelenium] (initElements) -> Name set to field: 
13:34:47,013 INFO  [BrowserSelenium] (initElements) -> CSS set to field: 
13:34:47,013 INFO  [BrowserSelenium] (initElements) -> XPath set to field: //input[@id='obj[1].statusStr']
13:34:47,013 INFO  [BrowserSelenium] (initElements) -> ID set to field: 
13:34:47,013 INFO  [BrowserSelenium] (initElements) -> Name set to field: 
13:34:47,013 INFO  [BrowserSelenium] (initElements) -> CSS set to field: 
13:34:47,013 INFO  [BrowserSelenium] (initElements) -> XPath set to field: //input[@id='obj[1].days']
13:34:47,013 INFO  [BrowserSelenium] (initElements) -> ID set to field: 
13:34:47,013 INFO  [BrowserSelenium] (initElements) -> Name set to field: 
13:34:47,013 INFO  [BrowserSelenium] (initElements) -> CSS set to field: 
13:34:47,013 INFO  [BrowserSelenium] (initElements) -> XPath set to field: //input[@id='obj[1].sendNotification']
13:34:47,013 INFO  [BrowserSelenium] (initElements) -> ID set to field: 
13:34:47,013 INFO  [BrowserSelenium] (initElements) -> Name set to field: 
13:34:47,013 INFO  [BrowserSelenium] (initElements) -> CSS set to field: 
13:34:47,013 INFO  [BrowserSelenium] (initElements) -> XPath set to field: //input[@id='obj[1].paymentRetry']
13:34:47,013 INFO  [BrowserSelenium] (initElements) -> ID set to field: 
13:34:47,013 INFO  [BrowserSelenium] (initElements) -> Name set to field: 
13:34:47,013 INFO  [BrowserSelenium] (initElements) -> CSS set to field: 
13:34:47,013 INFO  [BrowserSelenium] (initElements) -> XPath set to field: //input[@id='obj[1].suspended']
13:34:47,013 INFO  [BrowserSelenium] (initElements) -> ID set to field: 
13:34:47,013 INFO  [BrowserSelenium] (initElements) -> Name set to field: 
13:34:47,013 INFO  [BrowserSelenium] (initElements) -> CSS set to field: 
13:34:47,013 INFO  [BrowserSelenium] (initElements) -> XPath set to field: //input[@id='obj[2].statusStr']
13:34:47,013 INFO  [BrowserSelenium] (initElements) -> ID set to field: 
13:34:47,013 INFO  [BrowserSelenium] (initElements) -> Name set to field: 
13:34:47,013 INFO  [BrowserSelenium] (initElements) -> CSS set to field: 
13:34:47,013 INFO  [BrowserSelenium] (initElements) -> XPath set to field: //input[@id='obj[2].days']
13:34:47,013 INFO  [BrowserSelenium] (initElements) -> ID set to field: 
13:34:47,013 INFO  [BrowserSelenium] (initElements) -> Name set to field: 
13:34:47,013 INFO  [BrowserSelenium] (initElements) -> CSS set to field: 
13:34:47,013 INFO  [BrowserSelenium] (initElements) -> XPath set to field: //input[@id='obj[2].sendNotification']
13:34:47,013 INFO  [BrowserSelenium] (initElements) -> ID set to field: 
13:34:47,013 INFO  [BrowserSelenium] (initElements) -> Name set to field: 
13:34:47,013 INFO  [BrowserSelenium] (initElements) -> CSS set to field: 
13:34:47,013 INFO  [BrowserSelenium] (initElements) -> XPath set to field: //input[@id='obj[2].sendNotification']
13:34:47,013 INFO  [BrowserSelenium] (initElements) -> ID set to field: 
13:34:47,013 INFO  [BrowserSelenium] (initElements) -> Name set to field: 
13:34:47,013 INFO  [BrowserSelenium] (initElements) -> CSS set to field: 
13:34:47,013 INFO  [BrowserSelenium] (initElements) -> XPath set to field: //input[@id='obj[2].suspended']
13:34:47,013 INFO  [BrowserSelenium] (initElements) -> ID set to field: 
13:34:47,013 INFO  [BrowserSelenium] (initElements) -> Name set to field: 
13:34:47,013 INFO  [BrowserSelenium] (initElements) -> CSS set to field: 
13:34:47,013 INFO  [BrowserSelenium] (initElements) -> XPath set to field: //input[@id='obj[3].statusStr']
13:34:47,013 INFO  [BrowserSelenium] (initElements) -> ID set to field: 
13:34:47,013 INFO  [BrowserSelenium] (initElements) -> Name set to field: 
13:34:47,023 INFO  [BrowserSelenium] (initElements) -> CSS set to field: 
13:34:47,023 INFO  [BrowserSelenium] (initElements) -> XPath set to field: //input[@id='obj[3].days']
13:34:47,023 INFO  [BrowserSelenium] (initElements) -> ID set to field: 
13:34:47,023 INFO  [BrowserSelenium] (initElements) -> Name set to field: 
13:34:47,023 INFO  [BrowserSelenium] (initElements) -> CSS set to field: 
13:34:47,023 INFO  [BrowserSelenium] (initElements) -> XPath set to field: //input[@id='obj[3].sendNotification']
13:34:47,023 INFO  [BrowserSelenium] (initElements) -> ID set to field: 
13:34:47,023 INFO  [BrowserSelenium] (initElements) -> Name set to field: 
13:34:47,023 INFO  [BrowserSelenium] (initElements) -> CSS set to field: 
13:34:47,023 INFO  [BrowserSelenium] (initElements) -> XPath set to field: //input[@id='obj[3].paymentRetry']
13:34:47,023 INFO  [BrowserSelenium] (initElements) -> ID set to field: 
13:34:47,023 INFO  [BrowserSelenium] (initElements) -> Name set to field: 
13:34:47,023 INFO  [BrowserSelenium] (initElements) -> CSS set to field: 
13:34:47,023 INFO  [BrowserSelenium] (initElements) -> XPath set to field: //input[@name='obj[1].description_1']
13:34:47,023 INFO  [BrowserSelenium] (initElements) -> ID set to field: 
13:34:47,023 INFO  [BrowserSelenium] (initElements) -> Name set to field: 
13:34:47,023 INFO  [BrowserSelenium] (initElements) -> CSS set to field: 
13:34:47,023 INFO  [BrowserSelenium] (initElements) -> XPath set to field: //input[@name='obj[2].description_1']
13:34:47,023 INFO  [BrowserSelenium] (initElements) -> ID set to field: 
13:34:47,023 INFO  [BrowserSelenium] (initElements) -> Name set to field: 
13:34:47,023 INFO  [BrowserSelenium] (initElements) -> CSS set to field: 
13:34:47,023 INFO  [BrowserSelenium] (initElements) -> XPath set to field: //input[@name='obj[3].description_1']
13:34:47,023 INFO  [BrowserSelenium] (initElements) -> ID set to field: 
13:34:47,023 INFO  [BrowserSelenium] (initElements) -> Name set to field: 
13:34:47,023 INFO  [BrowserSelenium] (initElements) -> CSS set to field: 
13:34:47,023 INFO  [BrowserSelenium] (initElements) -> XPath set to field: //input[@id='obj[3].suspended']
13:34:47,023 INFO  [BrowserSelenium] (initElements) -> ID set to field: 
13:34:47,023 INFO  [BrowserSelenium] (initElements) -> Name set to field: 
13:34:47,023 INFO  [BrowserSelenium] (initElements) -> CSS set to field: 
13:34:47,023 INFO  [BrowserSelenium] (initElements) -> XPath set to field: //input[@id='collectionsRunDate']
13:34:47,023 INFO  [BrowserSelenium] (initElements) -> ID set to field: 
13:34:47,023 INFO  [BrowserSelenium] (initElements) -> Name set to field: 
13:34:47,023 INFO  [BrowserSelenium] (initElements) -> CSS set to field: 
13:34:47,023 INFO  [BrowserSelenium] (initElements) -> XPath set to field: //input[@id='run' and @value='Run Collections']
13:34:47,023 INFO  [BrowserSelenium] (initElements) -> ID set to field: 
13:34:47,023 INFO  [BrowserSelenium] (initElements) -> Name set to field: 
13:34:47,023 INFO  [BrowserSelenium] (initElements) -> CSS set to field: 
13:34:47,023 INFO  [BrowserSelenium] (initElements) -> XPath set to field: //span[text()='Run Collections']
13:34:47,023 INFO  [BrowserSelenium] (initElements) -> ID set to field: 
13:34:47,023 INFO  [BrowserSelenium] (initElements) -> Name set to field: 
13:34:47,023 INFO  [BrowserSelenium] (initElements) -> CSS set to field: 
13:34:47,023 INFO  [BrowserSelenium] (initElements) -> XPath set to field: //img[@alt='add']
13:34:47,023 INFO  [BrowserSelenium] (initElements) -> ID set to field: 
13:34:47,023 INFO  [BrowserSelenium] (initElements) -> Name set to field: 
13:34:47,023 INFO  [BrowserSelenium] (initElements) -> CSS set to field: 
13:34:47,023 INFO  [BrowserSelenium] (initElements) -> XPath set to field: //table[@id='users']/tbody//td/a/strong
13:34:47,023 INFO  [BrowserSelenium] (initElements) -> ID set to field: 
13:34:47,023 INFO  [BrowserSelenium] (initElements) -> Name set to field: 
13:34:47,023 INFO  [BrowserSelenium] (initElements) -> CSS set to field: 
13:34:47,023 INFO  [BrowserSelenium] (initElements) -> XPath set to field: //table[@id='usagePools']/tbody//td/a/strong
13:34:47,023 INFO  [BrowserSelenium] (initElements) -> ID set to field: 
13:34:47,023 INFO  [BrowserSelenium] (initElements) -> Name set to field: 
13:34:47,033 INFO  [BrowserSelenium] (initElements) -> CSS set to field: 
13:34:47,033 INFO  [BrowserSelenium] (initElements) -> XPath set to field: //table[@id='data_grid_column1']/tbody//td/div
13:34:47,033 INFO  [BrowserSelenium] (initElements) -> ID set to field: 
13:34:47,033 INFO  [BrowserSelenium] (initElements) -> Name set to field: 
13:34:47,033 INFO  [BrowserSelenium] (initElements) -> CSS set to field: 
13:34:47,033 INFO  [BrowserSelenium] (initElements) -> XPath set to field: //table[@id='users']
13:34:47,033 INFO  [BrowserSelenium] (initElements) -> ID set to field: 
13:34:47,033 INFO  [BrowserSelenium] (initElements) -> Name set to field: 
13:34:47,033 INFO  [BrowserSelenium] (initElements) -> CSS set to field: 
13:34:47,033 INFO  [BrowserSelenium] (initElements) -> XPath set to field: //table[@id='users']/tbody//td/a/strong
13:34:47,033 INFO  [BrowserSelenium] (initElements) -> ID set to field: 
13:34:47,033 INFO  [BrowserSelenium] (initElements) -> Name set to field: 
13:34:47,033 INFO  [BrowserSelenium] (initElements) -> CSS set to field: 
13:34:47,033 INFO  [BrowserSelenium] (initElements) -> XPath set to field: //span[text()='Permissions']
13:34:47,033 INFO  [BrowserSelenium] (initElements) -> ID set to field: 
13:34:47,033 INFO  [BrowserSelenium] (initElements) -> Name set to field: 
13:34:47,033 INFO  [BrowserSelenium] (initElements) -> CSS set to field: 
13:34:47,033 INFO  [BrowserSelenium] (initElements) -> XPath set to field: //label[contains(text(),'Edit plug-in')]/preceding-sibling::input[@type='box']
13:34:47,033 INFO  [BrowserSelenium] (initElements) -> ID set to field: 
13:34:47,033 INFO  [BrowserSelenium] (initElements) -> Name set to field: 
13:34:47,033 INFO  [BrowserSelenium] (initElements) -> CSS set to field: 
13:34:47,033 INFO  [BrowserSelenium] (initElements) -> XPath set to field: //input[@id = 'permission.1902']
13:34:47,033 INFO  [BrowserSelenium] (initElements) -> ID set to field: 
13:34:47,033 INFO  [BrowserSelenium] (initElements) -> Name set to field: 
13:34:47,033 INFO  [BrowserSelenium] (initElements) -> CSS set to field: 
13:34:47,033 INFO  [BrowserSelenium] (initElements) -> XPath set to field: //label[contains(text(),'Edit payment')]/preceding-sibling::input[@type='checkbox']
13:34:47,033 INFO  [BrowserSelenium] (initElements) -> ID set to field: 
13:34:47,033 INFO  [BrowserSelenium] (initElements) -> Name set to field: 
13:34:47,033 INFO  [BrowserSelenium] (initElements) -> CSS set to field: 
13:34:47,033 INFO  [BrowserSelenium] (initElements) -> XPath set to field: //label[contains(text(),'Delete payment')]/preceding-sibling::input[@type='checkbox']
13:34:47,033 INFO  [BrowserSelenium] (initElements) -> ID set to field: 
13:34:47,033 INFO  [BrowserSelenium] (initElements) -> Name set to field: 
13:34:47,033 INFO  [BrowserSelenium] (initElements) -> CSS set to field: 
13:34:47,033 INFO  [BrowserSelenium] (initElements) -> XPath set to field: //span[contains(text(),'Copy Company')]
13:34:47,033 INFO  [BrowserSelenium] (initElements) -> ID set to field: 
13:34:47,033 INFO  [BrowserSelenium] (initElements) -> Name set to field: 
13:34:47,033 INFO  [BrowserSelenium] (initElements) -> CSS set to field: 
13:34:47,033 INFO  [BrowserSelenium] (initElements) -> XPath set to field: //input[@id='isCompanyChild']
13:34:47,033 INFO  [BrowserSelenium] (initElements) -> ID set to field: 
13:34:47,033 INFO  [BrowserSelenium] (initElements) -> Name set to field: 
13:34:47,033 INFO  [BrowserSelenium] (initElements) -> CSS set to field: 
13:34:47,033 INFO  [BrowserSelenium] (initElements) -> XPath set to field: //input[@id='childCompany']
13:34:47,033 INFO  [BrowserSelenium] (initElements) -> ID set to field: 
13:34:47,033 INFO  [BrowserSelenium] (initElements) -> Name set to field: 
13:34:47,033 INFO  [BrowserSelenium] (initElements) -> CSS set to field: 
13:34:47,033 INFO  [BrowserSelenium] (initElements) -> XPath set to field: //button/span[text()='Yes']
13:34:47,033 INFO  [BrowserSelenium] (initElements) -> ID set to field: 
13:34:47,033 INFO  [BrowserSelenium] (initElements) -> Name set to field: 
13:34:47,033 INFO  [BrowserSelenium] (initElements) -> CSS set to field: 
13:34:47,033 INFO  [BrowserSelenium] (initElements) -> XPath set to field: //button/span[text()='No']
13:34:47,033 INFO  [BrowserSelenium] (initElements) -> ID set to field: 
13:34:47,033 INFO  [BrowserSelenium] (initElements) -> Name set to field: 
13:34:47,033 INFO  [BrowserSelenium] (initElements) -> CSS set to field: 
13:34:47,033 INFO  [BrowserSelenium] (initElements) -> XPath set to field: //strong[text()='Done']/../p
13:34:47,033 INFO  [BrowserSelenium] (initElements) -> ID set to field: 
13:34:47,033 INFO  [BrowserSelenium] (initElements) -> Name set to field: 
13:34:47,033 INFO  [BrowserSelenium] (initElements) -> CSS set to field: 
13:34:47,033 INFO  [BrowserSelenium] (initElements) -> XPath set to field: //input[@id='name']
13:34:47,033 INFO  [BrowserSelenium] (initElements) -> ID set to field: 
13:34:47,033 INFO  [BrowserSelenium] (initElements) -> Name set to field: 
13:34:47,033 INFO  [BrowserSelenium] (initElements) -> CSS set to field: 
13:34:47,043 INFO  [BrowserSelenium] (initElements) -> XPath set to field: //input[@id='orderValue']
13:34:47,043 INFO  [BrowserSelenium] (initElements) -> ID set to field: 
13:34:47,043 INFO  [BrowserSelenium] (initElements) -> Name set to field: 
13:34:47,043 INFO  [BrowserSelenium] (initElements) -> CSS set to field: 
13:34:47,043 INFO  [BrowserSelenium] (initElements) -> XPath set to field: //select[@id='mediationJobLauncher']
13:34:47,043 INFO  [BrowserSelenium] (initElements) -> ID set to field: 
13:34:47,043 INFO  [BrowserSelenium] (initElements) -> Name set to field: 
13:34:47,043 INFO  [BrowserSelenium] (initElements) -> CSS set to field: 
13:34:47,043 INFO  [BrowserSelenium] (initElements) -> XPath set to field: //input[@id='global']
13:34:47,043 INFO  [BrowserSelenium] (initElements) -> ID set to field: 
13:34:47,043 INFO  [BrowserSelenium] (initElements) -> Name set to field: 
13:34:47,043 INFO  [BrowserSelenium] (initElements) -> CSS set to field: 
13:34:47,043 INFO  [BrowserSelenium] (initElements) -> XPath set to field: //span[text()='Run Mediation']
13:34:47,043 INFO  [BrowserSelenium] (initElements) -> ID set to field: 
13:34:47,043 INFO  [BrowserSelenium] (initElements) -> Name set to field: 
13:34:47,043 INFO  [BrowserSelenium] (initElements) -> CSS set to field: 
13:34:47,043 INFO  [BrowserSelenium] (initElements) -> XPath set to field: //input[@id='description']
13:34:47,043 INFO  [BrowserSelenium] (initElements) -> ID set to field: 
13:34:47,043 INFO  [BrowserSelenium] (initElements) -> Name set to field: 
13:34:47,043 INFO  [BrowserSelenium] (initElements) -> CSS set to field: 
13:34:47,043 INFO  [BrowserSelenium] (initElements) -> XPath set to field: //select[@id='periodUnitId']
13:34:47,043 INFO  [BrowserSelenium] (initElements) -> ID set to field: 
13:34:47,043 INFO  [BrowserSelenium] (initElements) -> Name set to field: 
13:34:47,043 INFO  [BrowserSelenium] (initElements) -> CSS set to field: 
13:34:47,043 INFO  [BrowserSelenium] (initElements) -> XPath set to field: //input[@id='value']
13:34:47,043 INFO  [BrowserSelenium] (initElements) -> ID set to field: 
13:34:47,043 INFO  [BrowserSelenium] (initElements) -> Name set to field: 
13:34:47,043 INFO  [BrowserSelenium] (initElements) -> CSS set to field: 
13:34:47,043 INFO  [BrowserSelenium] (initElements) -> XPath set to field: //strong[text()='Should use JQGrid for tables']/parent::a
13:34:47,043 INFO  [BrowserSelenium] (initElements) -> ID set to field: 
13:34:47,043 INFO  [BrowserSelenium] (initElements) -> Name set to field: 
13:34:47,043 INFO  [BrowserSelenium] (initElements) -> CSS set to field: 
13:34:47,043 INFO  [BrowserSelenium] (initElements) -> XPath set to field: //div[text()='Should use JQGrid for tables']/parent::td
13:34:47,043 INFO  [BrowserSelenium] (initElements) -> ID set to field: 
13:34:47,043 INFO  [BrowserSelenium] (initElements) -> Name set to field: 
13:34:47,043 INFO  [BrowserSelenium] (initElements) -> CSS set to field: 
13:34:47,043 INFO  [BrowserSelenium] (initElements) -> XPath set to field: //strong[text()='ITG invoice notification']/parent::a
13:34:47,043 INFO  [BrowserSelenium] (initElements) -> ID set to field: 
13:34:47,043 INFO  [BrowserSelenium] (initElements) -> Name set to field: 
13:34:47,043 INFO  [BrowserSelenium] (initElements) -> CSS set to field: 
13:34:47,043 INFO  [BrowserSelenium] (initElements) -> XPath set to field: //input[@id='preference.value']
13:34:47,043 INFO  [BrowserSelenium] (initElements) -> ID set to field: 
13:34:47,043 INFO  [BrowserSelenium] (initElements) -> Name set to field: 
13:34:47,043 INFO  [BrowserSelenium] (initElements) -> CSS set to field: 
13:34:47,043 INFO  [BrowserSelenium] (initElements) -> XPath set to field: //input[@id='description']
13:34:47,043 INFO  [BrowserSelenium] (initElements) -> ID set to field: 
13:34:47,043 INFO  [BrowserSelenium] (initElements) -> Name set to field: 
13:34:47,043 INFO  [BrowserSelenium] (initElements) -> CSS set to field: 
13:34:47,043 INFO  [BrowserSelenium] (initElements) -> XPath set to field: //input[@id='mainSubscription.nextInvoiceDayOfPeriod']
13:34:47,043 INFO  [BrowserSelenium] (initElements) -> ID set to field: 
13:34:47,043 INFO  [BrowserSelenium] (initElements) -> Name set to field: 
13:34:47,053 INFO  [BrowserSelenium] (initElements) -> CSS set to field: 
13:34:47,053 INFO  [BrowserSelenium] (initElements) -> XPath set to field: //input[@id='invoiceDesign']
13:34:47,053 INFO  [BrowserSelenium] (initElements) -> ID set to field: 
13:34:47,053 INFO  [BrowserSelenium] (initElements) -> Name set to field: 
13:34:47,053 INFO  [BrowserSelenium] (initElements) -> CSS set to field: 
13:34:47,053 INFO  [BrowserSelenium] (initElements) -> XPath set to field: //table[@id='periods']
13:34:47,053 INFO  [BrowserSelenium] (initElements) -> ID set to field: 
13:34:47,053 INFO  [BrowserSelenium] (initElements) -> Name set to field: 
13:34:47,053 INFO  [BrowserSelenium] (initElements) -> CSS set to field: 
13:34:47,053 INFO  [BrowserSelenium] (initElements) -> XPath set to field: //input[@class='cb checkbox']
13:34:47,053 INFO  [BrowserSelenium] (initElements) -> ID set to field: 
13:34:47,053 INFO  [BrowserSelenium] (initElements) -> Name set to field: 
13:34:47,053 INFO  [BrowserSelenium] (initElements) -> CSS set to field: 
13:34:47,053 INFO  [BrowserSelenium] (initElements) -> XPath set to field: //table[@id='periods']/tbody//td/a/strong
13:34:47,053 INFO  [BrowserSelenium] (initElements) -> ID set to field: 
13:34:47,053 INFO  [BrowserSelenium] (initElements) -> Name set to field: 
13:34:47,053 INFO  [BrowserSelenium] (initElements) -> CSS set to field: 
13:34:47,053 INFO  [BrowserSelenium] (initElements) -> XPath set to field: //table[@id='categories']
13:34:47,053 INFO  [BrowserSelenium] (initElements) -> ID set to field: 
13:34:47,053 INFO  [BrowserSelenium] (initElements) -> Name set to field: 
13:34:47,053 INFO  [BrowserSelenium] (initElements) -> CSS set to field: 
13:34:47,053 INFO  [BrowserSelenium] (initElements) -> XPath set to field: //table[@id='periods']/tbody/tr[1]/td/a[1]/strong
13:34:47,053 INFO  [BrowserSelenium] (initElements) -> ID set to field: 
13:34:47,053 INFO  [BrowserSelenium] (initElements) -> Name set to field: 
13:34:47,053 INFO  [BrowserSelenium] (initElements) -> CSS set to field: 
13:34:47,053 INFO  [BrowserSelenium] (initElements) -> XPath set to field: //span[text()='Add Information Type']
13:34:47,053 INFO  [BrowserSelenium] (initElements) -> ID set to field: 
13:34:47,053 INFO  [BrowserSelenium] (initElements) -> Name set to field: 
13:34:47,053 INFO  [BrowserSelenium] (initElements) -> CSS set to field: 
13:34:47,053 INFO  [BrowserSelenium] (initElements) -> XPath set to field: //input[@id='name']
13:34:47,053 INFO  [BrowserSelenium] (initElements) -> ID set to field: 
13:34:47,053 INFO  [BrowserSelenium] (initElements) -> Name set to field: 
13:34:47,053 INFO  [BrowserSelenium] (initElements) -> CSS set to field: 
13:34:47,053 INFO  [BrowserSelenium] (initElements) -> XPath set to field: //span[text()='Add New Metafield']
13:34:47,053 INFO  [BrowserSelenium] (initElements) -> ID set to field: 
13:34:47,053 INFO  [BrowserSelenium] (initElements) -> Name set to field: 
13:34:47,053 INFO  [BrowserSelenium] (initElements) -> CSS set to field: 
13:34:47,053 INFO  [BrowserSelenium] (initElements) -> XPath set to field: //span[text()='-']/parent::li
13:34:47,053 INFO  [BrowserSelenium] (initElements) -> ID set to field: 
13:34:47,053 INFO  [BrowserSelenium] (initElements) -> Name set to field: 
13:34:47,053 INFO  [BrowserSelenium] (initElements) -> CSS set to field: 
13:34:47,053 INFO  [BrowserSelenium] (initElements) -> XPath set to field: //span[text()='-']
13:34:47,053 INFO  [BrowserSelenium] (initElements) -> ID set to field: 
13:34:47,053 INFO  [BrowserSelenium] (initElements) -> Name set to field: 
13:34:47,053 INFO  [BrowserSelenium] (initElements) -> CSS set to field: 
13:34:47,053 INFO  [BrowserSelenium] (initElements) -> XPath set to field: //input[@id='metaField0.name']
13:34:47,053 INFO  [BrowserSelenium] (initElements) -> ID set to field: 
13:34:47,053 INFO  [BrowserSelenium] (initElements) -> Name set to field: 
13:34:47,053 INFO  [BrowserSelenium] (initElements) -> CSS set to field: 
13:34:47,053 INFO  [BrowserSelenium] (initElements) -> XPath set to field: //select[@id='fieldType0']
13:34:47,053 INFO  [BrowserSelenium] (initElements) -> ID set to field: 
13:34:47,053 INFO  [BrowserSelenium] (initElements) -> Name set to field: 
13:34:47,053 INFO  [BrowserSelenium] (initElements) -> CSS set to field: 
13:34:47,053 INFO  [BrowserSelenium] (initElements) -> XPath set to field: //li[contains(@class,'active')]/following::li//a/span[contains(text(),'Update')]
13:34:47,053 INFO  [BrowserSelenium] (initElements) -> ID set to field: 
13:34:47,053 INFO  [BrowserSelenium] (initElements) -> Name set to field: 
13:34:47,063 INFO  [BrowserSelenium] (initElements) -> CSS set to field: 
13:34:47,063 INFO  [BrowserSelenium] (initElements) -> XPath set to field: //li[contains(@class,'active')]/following::li//a/span[contains(text(),'Remove')]
13:34:47,063 INFO  [BrowserSelenium] (initElements) -> ID set to field: 
13:34:47,063 INFO  [BrowserSelenium] (initElements) -> Name set to field: 
13:34:47,063 INFO  [BrowserSelenium] (initElements) -> CSS set to field: 
13:34:47,063 INFO  [BrowserSelenium] (initElements) -> XPath set to field: //div[@id='review-box']//span[text()='Save Changes']
13:34:47,063 INFO  [BrowserSelenium] (initElements) -> ID set to field: 
13:34:47,063 INFO  [BrowserSelenium] (initElements) -> Name set to field: 
13:34:47,063 INFO  [BrowserSelenium] (initElements) -> CSS set to field: 
13:34:47,063 INFO  [BrowserSelenium] (initElements) -> XPath set to field: //span[text()='Prices']
13:34:47,063 INFO  [BrowserSelenium] (initElements) -> ID set to field: 
13:34:47,063 INFO  [BrowserSelenium] (initElements) -> Name set to field: 
13:34:47,063 INFO  [BrowserSelenium] (initElements) -> CSS set to field: 
13:34:47,063 INFO  [BrowserSelenium] (initElements) -> XPath set to field: //select[@id='typeId']
13:34:47,063 INFO  [BrowserSelenium] (initElements) -> ID set to field: 
13:34:47,063 INFO  [BrowserSelenium] (initElements) -> Name set to field: 
13:34:47,063 INFO  [BrowserSelenium] (initElements) -> CSS set to field: 
13:34:47,063 INFO  [BrowserSelenium] (initElements) -> XPath set to field: //table[@id='products']
13:34:47,063 INFO  [BrowserSelenium] (initElements) -> ID set to field: 
13:34:47,063 INFO  [BrowserSelenium] (initElements) -> Name set to field: 
13:34:47,063 INFO  [BrowserSelenium] (initElements) -> CSS set to field: 
13:34:47,063 INFO  [BrowserSelenium] (initElements) -> XPath set to field: //table[@id='products']/tbody//td/a/strong
13:34:47,063 INFO  [BrowserSelenium] (initElements) -> ID set to field: 
13:34:47,063 INFO  [BrowserSelenium] (initElements) -> Name set to field: 
13:34:47,063 INFO  [BrowserSelenium] (initElements) -> CSS set to field: 
13:34:47,063 INFO  [BrowserSelenium] (initElements) -> XPath set to field: //span[text()='Add price']
13:34:47,063 INFO  [BrowserSelenium] (initElements) -> ID set to field: 
13:34:47,063 INFO  [BrowserSelenium] (initElements) -> Name set to field: 
13:34:47,063 INFO  [BrowserSelenium] (initElements) -> CSS set to field: 
13:34:47,063 INFO  [BrowserSelenium] (initElements) -> XPath set to field: //input[@id = 'model.0.rateAsDecimal']
13:34:47,063 INFO  [BrowserSelenium] (initElements) -> ID set to field: 
13:34:47,063 INFO  [BrowserSelenium] (initElements) -> Name set to field: 
13:34:47,063 INFO  [BrowserSelenium] (initElements) -> CSS set to field: 
13:34:47,063 INFO  [BrowserSelenium] (initElements) -> XPath set to field: //img[@alt='edit']
13:34:47,063 INFO  [BrowserSelenium] (initElements) -> ID set to field: 
13:34:47,063 INFO  [BrowserSelenium] (initElements) -> Name set to field: 
13:34:47,063 INFO  [BrowserSelenium] (initElements) -> CSS set to field: 
13:34:47,063 INFO  [BrowserSelenium] (initElements) -> XPath set to field: //select[@id='templateId']
13:34:47,063 INFO  [BrowserSelenium] (initElements) -> ID set to field: 
13:34:47,063 INFO  [BrowserSelenium] (initElements) -> Name set to field: 
13:34:47,063 INFO  [BrowserSelenium] (initElements) -> CSS set to field: 
13:34:47,063 INFO  [BrowserSelenium] (initElements) -> XPath set to field: //option[text()='Payment Card']
13:34:47,063 INFO  [BrowserSelenium] (initElements) -> ID set to field: methodName
13:34:47,073 INFO  [BrowserSelenium] (initElements) -> Name set to field: 
13:34:47,073 INFO  [BrowserSelenium] (initElements) -> CSS set to field: 
13:34:47,073 INFO  [BrowserSelenium] (initElements) -> XPath set to field: 
13:34:47,073 INFO  [BrowserSelenium] (initElements) -> ID set to field: isRecurring
13:34:47,073 INFO  [BrowserSelenium] (initElements) -> Name set to field: 
13:34:47,073 INFO  [BrowserSelenium] (initElements) -> CSS set to field: 
13:34:47,073 INFO  [BrowserSelenium] (initElements) -> XPath set to field: 
13:34:47,073 INFO  [BrowserSelenium] (initElements) -> ID set to field: allAccount
13:34:47,073 INFO  [BrowserSelenium] (initElements) -> Name set to field: 
13:34:47,073 INFO  [BrowserSelenium] (initElements) -> CSS set to field: 
13:34:47,073 INFO  [BrowserSelenium] (initElements) -> XPath set to field: 
13:34:47,073 INFO  [BrowserSelenium] (initElements) -> ID set to field: 
13:34:47,073 INFO  [BrowserSelenium] (initElements) -> Name set to field: 
13:34:47,073 INFO  [BrowserSelenium] (initElements) -> CSS set to field: 
13:34:47,073 INFO  [BrowserSelenium] (initElements) -> XPath set to field: //select[@id='accountTypes']
13:34:47,073 INFO  [BrowserSelenium] (initElements) -> ID set to field: 
13:34:47,073 INFO  [BrowserSelenium] (initElements) -> Name set to field: 
13:34:47,073 INFO  [BrowserSelenium] (initElements) -> CSS set to field: 
13:34:47,073 INFO  [BrowserSelenium] (initElements) -> XPath set to field: //span[text()='cc.number']/parent::li
13:34:47,073 INFO  [BrowserSelenium] (initElements) -> ID set to field: 
13:34:47,073 INFO  [BrowserSelenium] (initElements) -> Name set to field: 
13:34:47,073 INFO  [BrowserSelenium] (initElements) -> CSS set to field: 
13:34:47,073 INFO  [BrowserSelenium] (initElements) -> XPath set to field: //span[text() = 'cc.number']
13:34:47,073 INFO  [BrowserSelenium] (initElements) -> ID set to field: 
13:34:47,073 INFO  [BrowserSelenium] (initElements) -> Name set to field: 
13:34:47,073 INFO  [BrowserSelenium] (initElements) -> CSS set to field: 
13:34:47,073 INFO  [BrowserSelenium] (initElements) -> XPath set to field: //span[text()='cc.number']/parent::li/following::li[contains(@id,'editor')]//select[contains(@id,'newDescriptionLanguage')]
13:34:47,073 INFO  [BrowserSelenium] (initElements) -> ID set to field: 
13:34:47,073 INFO  [BrowserSelenium] (initElements) -> Name set to field: 
13:34:47,073 INFO  [BrowserSelenium] (initElements) -> CSS set to field: 
13:34:47,073 INFO  [BrowserSelenium] (initElements) -> XPath set to field: //span[text()='cc.number']/parent::li/following::li[contains(@id,'editor')]//a[contains(@onclick,'addNewDescription')]/img
13:34:47,073 INFO  [BrowserSelenium] (initElements) -> ID set to field: 
13:34:47,073 INFO  [BrowserSelenium] (initElements) -> Name set to field: 
13:34:47,073 INFO  [BrowserSelenium] (initElements) -> CSS set to field: 
13:34:47,073 INFO  [BrowserSelenium] (initElements) -> XPath set to field: //span[text()='cc.number']/../..//label[text()='English Error message']/../div/input[1]
13:34:47,073 INFO  [BrowserSelenium] (initElements) -> ID set to field: 
13:34:47,073 INFO  [BrowserSelenium] (initElements) -> Name set to field: 
13:34:47,073 INFO  [BrowserSelenium] (initElements) -> CSS set to field: 
13:34:47,073 INFO  [BrowserSelenium] (initElements) -> XPath set to field: //span[text()='cc.number']/parent::li/following::li//div[contains(@id,'descriptions')]//a/img[contains(@src,'cross.png')]
13:34:47,073 INFO  [BrowserSelenium] (initElements) -> ID set to field: 
13:34:47,073 INFO  [BrowserSelenium] (initElements) -> Name set to field: 
13:34:47,073 INFO  [BrowserSelenium] (initElements) -> CSS set to field: 
13:34:47,073 INFO  [BrowserSelenium] (initElements) -> XPath set to field: //span[text()='cc.number']/parent::li/following::li[contains(@id,'editor')]//a//span[text()='Update']
13:34:47,083 INFO  [BrowserSelenium] (initElements) -> ID set to field: 
13:34:47,083 INFO  [BrowserSelenium] (initElements) -> Name set to field: 
13:34:47,083 INFO  [BrowserSelenium] (initElements) -> CSS set to field: 
13:34:47,083 INFO  [BrowserSelenium] (initElements) -> XPath set to field: //span[text()='cc.expiry.date']/parent::li
13:34:47,083 INFO  [BrowserSelenium] (initElements) -> ID set to field: 
13:34:47,083 INFO  [BrowserSelenium] (initElements) -> Name set to field: 
13:34:47,083 INFO  [BrowserSelenium] (initElements) -> CSS set to field: 
13:34:47,083 INFO  [BrowserSelenium] (initElements) -> XPath set to field: //span[text()='cc.expiry.date']/../..
13:34:47,083 INFO  [BrowserSelenium] (initElements) -> ID set to field: 
13:34:47,083 INFO  [BrowserSelenium] (initElements) -> Name set to field: 
13:34:47,083 INFO  [BrowserSelenium] (initElements) -> CSS set to field: 
13:34:47,083 INFO  [BrowserSelenium] (initElements) -> XPath set to field: //span[text()='cc.expiry.date']/parent::li/following::li[contains(@id,'editor')]//select[contains(@id,'newDescriptionLanguage')]
13:34:47,083 INFO  [BrowserSelenium] (initElements) -> ID set to field: 
13:34:47,083 INFO  [BrowserSelenium] (initElements) -> Name set to field: 
13:34:47,083 INFO  [BrowserSelenium] (initElements) -> CSS set to field: 
13:34:47,083 INFO  [BrowserSelenium] (initElements) -> XPath set to field: //span[text()='cc.expiry.date']/parent::li/following::li[contains(@id,'editor')]//a[contains(@onclick,'addNewDescription')]/img
13:34:47,083 INFO  [BrowserSelenium] (initElements) -> ID set to field: 
13:34:47,083 INFO  [BrowserSelenium] (initElements) -> Name set to field: 
13:34:47,083 INFO  [BrowserSelenium] (initElements) -> CSS set to field: 
13:34:47,083 INFO  [BrowserSelenium] (initElements) -> XPath set to field: //span[text()='cc.expiry.date']/../..//label[text()='English Error message']/../div/input[1]
13:34:47,083 INFO  [BrowserSelenium] (initElements) -> ID set to field: 
13:34:47,083 INFO  [BrowserSelenium] (initElements) -> Name set to field: 
13:34:47,083 INFO  [BrowserSelenium] (initElements) -> CSS set to field: 
13:34:47,083 INFO  [BrowserSelenium] (initElements) -> XPath set to field: //span[text()='cc.expiry.date']/parent::li/following::li//div[contains(@id,'descriptions')]//a/img[contains(@src,'cross.png')]
13:34:47,083 INFO  [BrowserSelenium] (initElements) -> ID set to field: 
13:34:47,083 INFO  [BrowserSelenium] (initElements) -> Name set to field: 
13:34:47,083 INFO  [BrowserSelenium] (initElements) -> CSS set to field: 
13:34:47,083 INFO  [BrowserSelenium] (initElements) -> XPath set to field: //span[text()='cc.expiry.date']/parent::li/following::li[contains(@id,'editor')]//a//span[text()='Update']
13:34:47,083 INFO  [BrowserSelenium] (initElements) -> ID set to field: 
13:34:47,083 INFO  [BrowserSelenium] (initElements) -> Name set to field: 
13:34:47,083 INFO  [BrowserSelenium] (initElements) -> CSS set to field: 
13:34:47,083 INFO  [BrowserSelenium] (initElements) -> XPath set to field: //div[@class = 'buttons']//a[contains(@onclick,'submit')]
13:34:47,083 INFO  [BrowserSelenium] (initElements) -> ID set to field: 
13:34:47,083 INFO  [BrowserSelenium] (initElements) -> Name set to field: 
13:34:47,083 INFO  [BrowserSelenium] (initElements) -> CSS set to field: 
13:34:47,083 INFO  [BrowserSelenium] (initElements) -> XPath set to field: //div[@id='breadcrumbs']
13:34:47,083 INFO  [BrowserSelenium] (initElements) -> ID set to field: description
13:34:47,083 INFO  [BrowserSelenium] (initElements) -> Name set to field: 
13:34:47,083 INFO  [BrowserSelenium] (initElements) -> CSS set to field: 
13:34:47,083 INFO  [BrowserSelenium] (initElements) -> XPath set to field: 
13:34:47,083 INFO  [BrowserSelenium] (initElements) -> ID set to field: address1
13:34:47,083 INFO  [BrowserSelenium] (initElements) -> Name set to field: 
13:34:47,083 INFO  [BrowserSelenium] (initElements) -> CSS set to field: 
13:34:47,083 INFO  [BrowserSelenium] (initElements) -> XPath set to field: 
13:34:47,083 INFO  [BrowserSelenium] (initElements) -> ID set to field: city
13:34:47,083 INFO  [BrowserSelenium] (initElements) -> Name set to field: 
13:34:47,093 INFO  [BrowserSelenium] (initElements) -> CSS set to field: 
13:34:47,093 INFO  [BrowserSelenium] (initElements) -> XPath set to field: 
13:34:47,093 INFO  [BrowserSelenium] (initElements) -> ID set to field: stateProvince
13:34:47,093 INFO  [BrowserSelenium] (initElements) -> Name set to field: 
13:34:47,093 INFO  [BrowserSelenium] (initElements) -> CSS set to field: 
13:34:47,093 INFO  [BrowserSelenium] (initElements) -> XPath set to field: 
13:34:47,093 INFO  [BrowserSelenium] (initElements) -> ID set to field: 
13:34:47,093 INFO  [BrowserSelenium] (initElements) -> Name set to field: 
13:34:47,093 INFO  [BrowserSelenium] (initElements) -> CSS set to field: 
13:34:47,093 INFO  [BrowserSelenium] (initElements) -> XPath set to field: //label[contains(text(),'View plugin-in')]/../input[2]
13:34:47,093 INFO  [BrowserSelenium] (initElements) -> ID set to field: 
13:34:47,093 INFO  [BrowserSelenium] (initElements) -> Name set to field: 
13:34:47,093 INFO  [BrowserSelenium] (initElements) -> CSS set to field: 
13:34:47,093 INFO  [BrowserSelenium] (initElements) -> XPath set to field: //label[contains(text(),'Edit plug-in')]/../input[2]
13:34:47,093 INFO  [BrowserSelenium] (initElements) -> ID set to field: 
13:34:47,093 INFO  [BrowserSelenium] (initElements) -> Name set to field: 
13:34:47,093 INFO  [BrowserSelenium] (initElements) -> CSS set to field: 
13:34:47,093 INFO  [BrowserSelenium] (initElements) -> XPath set to field: //label[contains(text(),'Edit role')]/../input[2]
13:34:47,093 INFO  [BrowserSelenium] (initElements) -> ID set to field: 
13:34:47,093 INFO  [BrowserSelenium] (initElements) -> Name set to field: 
13:34:47,093 INFO  [BrowserSelenium] (initElements) -> CSS set to field: 
13:34:47,093 INFO  [BrowserSelenium] (initElements) -> XPath set to field: //div[@id='error-messages']/following-sibling::div//p
13:34:47,093 INFO  [BrowserSelenium] (initElements) -> ID set to field: roles
13:34:47,093 INFO  [BrowserSelenium] (initElements) -> Name set to field: 
13:34:47,093 INFO  [BrowserSelenium] (initElements) -> CSS set to field: 
13:34:47,093 INFO  [BrowserSelenium] (initElements) -> XPath set to field: 
13:34:47,093 INFO  [BrowserSelenium] (initElements) -> ID set to field: 
13:34:47,093 INFO  [BrowserSelenium] (initElements) -> Name set to field: 
13:34:47,093 INFO  [BrowserSelenium] (initElements) -> CSS set to field: 
13:34:47,093 INFO  [BrowserSelenium] (initElements) -> XPath set to field: //label[text()='Show agent menu']/../input[2]
13:34:47,093 INFO  [BrowserSelenium] (initElements) -> ID set to field: 
13:34:47,093 INFO  [BrowserSelenium] (initElements) -> Name set to field: 
13:34:47,093 INFO  [BrowserSelenium] (initElements) -> CSS set to field: 
13:34:47,093 INFO  [BrowserSelenium] (initElements) -> XPath set to field: //label[text()='Edit agent']/../input[2]
13:34:47,093 INFO  [BrowserSelenium] (initElements) -> ID set to field: 
13:34:47,093 INFO  [BrowserSelenium] (initElements) -> Name set to field: 
13:34:47,093 INFO  [BrowserSelenium] (initElements) -> CSS set to field: 
13:34:47,093 INFO  [BrowserSelenium] (initElements) -> XPath set to field: //label[text()='View agent details']/../input[2]
13:34:47,093 INFO  [BrowserSelenium] (initElements) -> ID set to field: 
13:34:47,093 INFO  [BrowserSelenium] (initElements) -> Name set to field: 
13:34:47,093 INFO  [BrowserSelenium] (initElements) -> CSS set to field: 
13:34:47,093 INFO  [BrowserSelenium] (initElements) -> XPath set to field: //a[@class='submit delete']
13:34:47,093 INFO  [BrowserSelenium] (initElements) -> ID set to field: creditLimitAsDecimal
13:34:47,093 INFO  [BrowserSelenium] (initElements) -> Name set to field: 
13:34:47,093 INFO  [BrowserSelenium] (initElements) -> CSS set to field: 
13:34:47,093 INFO  [BrowserSelenium] (initElements) -> XPath set to field: 
13:34:47,093 INFO  [BrowserSelenium] (initElements) -> ID set to field: creditNotificationLimit1AsDecimal
13:34:47,093 INFO  [BrowserSelenium] (initElements) -> Name set to field: 
13:34:47,093 INFO  [BrowserSelenium] (initElements) -> CSS set to field: 
13:34:47,093 INFO  [BrowserSelenium] (initElements) -> XPath set to field: 
13:34:47,093 INFO  [BrowserSelenium] (initElements) -> ID set to field: creditNotificationLimit2AsDecimal
13:34:47,093 INFO  [BrowserSelenium] (initElements) -> Name set to field: 
13:34:47,093 INFO  [BrowserSelenium] (initElements) -> CSS set to field: 
13:34:47,093 INFO  [BrowserSelenium] (initElements) -> XPath set to field: 
13:34:47,103 INFO  [BrowserSelenium] (initElements) -> ID set to field: 
13:34:47,103 INFO  [BrowserSelenium] (initElements) -> Name set to field: 
13:34:47,103 INFO  [BrowserSelenium] (initElements) -> CSS set to field: 
13:34:47,103 INFO  [BrowserSelenium] (initElements) -> XPath set to field: //div[@id='messages']//ul/li
13:34:47,103 INFO  [BrowserSelenium] (initElements) -> ID set to field: payment-method-select
13:34:47,103 INFO  [BrowserSelenium] (initElements) -> Name set to field: 
13:34:47,103 INFO  [BrowserSelenium] (initElements) -> CSS set to field: 
13:34:47,103 INFO  [BrowserSelenium] (initElements) -> XPath set to field: 
13:34:47,103 INFO  [BrowserSelenium] (initElements) -> ID set to field: gs_typeId
13:34:47,103 INFO  [BrowserSelenium] (initElements) -> Name set to field: 
13:34:47,103 INFO  [BrowserSelenium] (initElements) -> CSS set to field: 
13:34:47,103 INFO  [BrowserSelenium] (initElements) -> XPath set to field: 
13:34:47,103 INFO  [BrowserSelenium] (initElements) -> ID set to field: 
13:34:47,103 INFO  [BrowserSelenium] (initElements) -> Name set to field: 
13:34:47,103 INFO  [BrowserSelenium] (initElements) -> CSS set to field: 
13:34:47,103 INFO  [BrowserSelenium] (initElements) -> XPath set to field: //option[text()='
13:34:47,103 INFO  [BrowserSelenium] (initElements) -> ID set to field: 
13:34:47,103 INFO  [BrowserSelenium] (initElements) -> Name set to field: 
13:34:47,103 INFO  [BrowserSelenium] (initElements) -> CSS set to field: 
13:34:47,103 INFO  [BrowserSelenium] (initElements) -> XPath set to field: //strong[contains(text(),'Payment gateway integration')]
13:34:47,103 INFO  [BrowserSelenium] (initElements) -> ID set to field: plg-parm-PaypalUserId
13:34:47,103 INFO  [BrowserSelenium] (initElements) -> Name set to field: 
13:34:47,103 INFO  [BrowserSelenium] (initElements) -> CSS set to field: 
13:34:47,103 INFO  [BrowserSelenium] (initElements) -> XPath set to field: 
13:34:47,103 INFO  [BrowserSelenium] (initElements) -> ID set to field: plg-parm-PaypalPassword
13:34:47,103 INFO  [BrowserSelenium] (initElements) -> Name set to field: 
13:34:47,103 INFO  [BrowserSelenium] (initElements) -> CSS set to field: 
13:34:47,103 INFO  [BrowserSelenium] (initElements) -> XPath set to field: 
13:34:47,103 INFO  [BrowserSelenium] (initElements) -> ID set to field: plg-parm-PaypalSignature
13:34:47,103 INFO  [BrowserSelenium] (initElements) -> Name set to field: 
13:34:47,103 INFO  [BrowserSelenium] (initElements) -> CSS set to field: 
13:34:47,103 INFO  [BrowserSelenium] (initElements) -> XPath set to field: 
13:34:47,103 INFO  [BrowserSelenium] (initElements) -> ID set to field: 
13:34:47,103 INFO  [BrowserSelenium] (initElements) -> Name set to field: 
13:34:47,103 INFO  [BrowserSelenium] (initElements) -> CSS set to field: 
13:34:47,103 INFO  [BrowserSelenium] (initElements) -> XPath set to field: //a[contains(text(),'Company')]
13:34:47,103 INFO  [BrowserSelenium] (initElements) -> ID set to field: 
13:34:47,103 INFO  [BrowserSelenium] (initElements) -> Name set to field: 
13:34:47,103 INFO  [BrowserSelenium] (initElements) -> CSS set to field: 
13:34:47,103 INFO  [BrowserSelenium] (initElements) -> XPath set to field: //div[@class='table-box']//tr//td//a
13:34:47,103 INFO  [BrowserSelenium] (initElements) -> ID set to field: metaField.name
13:34:47,103 INFO  [BrowserSelenium] (initElements) -> Name set to field: 
13:34:47,103 INFO  [BrowserSelenium] (initElements) -> CSS set to field: 
13:34:47,103 INFO  [BrowserSelenium] (initElements) -> XPath set to field: 
13:34:47,103 INFO  [BrowserSelenium] (initElements) -> ID set to field: metaField.dataType
13:34:47,103 INFO  [BrowserSelenium] (initElements) -> Name set to field: 
13:34:47,103 INFO  [BrowserSelenium] (initElements) -> CSS set to field: 
13:34:47,113 INFO  [BrowserSelenium] (initElements) -> XPath set to field: 
13:34:47,113 INFO  [BrowserSelenium] (initElements) -> ID set to field: mandatoryCheck
13:34:47,113 INFO  [BrowserSelenium] (initElements) -> Name set to field: 
13:34:47,113 INFO  [BrowserSelenium] (initElements) -> CSS set to field: 
13:34:47,113 INFO  [BrowserSelenium] (initElements) -> XPath set to field: 
13:34:47,113 INFO  [BrowserSelenium] (initElements) -> ID set to field: disableCheck
13:34:47,113 INFO  [BrowserSelenium] (initElements) -> Name set to field: 
13:34:47,113 INFO  [BrowserSelenium] (initElements) -> CSS set to field: 
13:34:47,113 INFO  [BrowserSelenium] (initElements) -> XPath set to field: 
13:34:47,113 INFO  [BrowserSelenium] (initElements) -> ID set to field: defaultValue
13:34:47,113 INFO  [BrowserSelenium] (initElements) -> Name set to field: 
13:34:47,113 INFO  [BrowserSelenium] (initElements) -> CSS set to field: 
13:34:47,113 INFO  [BrowserSelenium] (initElements) -> XPath set to field: 
13:34:47,113 INFO  [BrowserSelenium] (initElements) -> ID set to field: metaField.validationRule.ruleType
13:34:47,113 INFO  [BrowserSelenium] (initElements) -> Name set to field: 
13:34:47,113 INFO  [BrowserSelenium] (initElements) -> CSS set to field: 
13:34:47,113 INFO  [BrowserSelenium] (initElements) -> XPath set to field: 
13:34:47,113 INFO  [BrowserSelenium] (initElements) -> ID set to field: 
13:34:47,113 INFO  [BrowserSelenium] (initElements) -> Name set to field: 
13:34:47,113 INFO  [BrowserSelenium] (initElements) -> CSS set to field: 
13:34:47,113 INFO  [BrowserSelenium] (initElements) -> XPath set to field: //a[@class='submit save']/span
13:34:47,113 INFO  [BrowserSelenium] (initElements) -> ID set to field: 
13:34:47,113 INFO  [BrowserSelenium] (initElements) -> Name set to field: 
13:34:47,113 INFO  [BrowserSelenium] (initElements) -> CSS set to field: 
13:34:47,113 INFO  [BrowserSelenium] (initElements) -> XPath set to field: //a[@class='submit cancel']/span
13:34:47,113 INFO  [BrowserSelenium] (initElements) -> ID set to field: 
13:34:47,113 INFO  [BrowserSelenium] (initElements) -> Name set to field: 
13:34:47,113 INFO  [BrowserSelenium] (initElements) -> CSS set to field: 
13:34:47,113 INFO  [BrowserSelenium] (initElements) -> XPath set to field: //input[@id='helpCheck'] 
13:34:47,113 INFO  [BrowserSelenium] (initElements) -> ID set to field: 
13:34:47,113 INFO  [BrowserSelenium] (initElements) -> Name set to field: 
13:34:47,113 INFO  [BrowserSelenium] (initElements) -> CSS set to field: 
13:34:47,113 INFO  [BrowserSelenium] (initElements) -> XPath set to field: //table[@id='roles']//tbody//tr
13:34:47,113 INFO  [BrowserSelenium] (initElements) -> ID set to field: 
13:34:47,113 INFO  [BrowserSelenium] (initElements) -> Name set to field: 
13:34:47,113 INFO  [BrowserSelenium] (initElements) -> CSS set to field: 
13:34:47,113 INFO  [BrowserSelenium] (initElements) -> XPath set to field: //select[@id='vis-cols-multi-sel-group-left']//option
13:34:47,113 INFO  [BrowserSelenium] (initElements) -> ID set to field: 
13:34:47,113 INFO  [BrowserSelenium] (initElements) -> Name set to field: 
13:34:47,113 INFO  [BrowserSelenium] (initElements) -> CSS set to field: 
13:34:47,113 INFO  [BrowserSelenium] (initElements) -> XPath set to field: //a[@id='vis-cols-multi-sel-to-right']/span
13:34:47,113 INFO  [BrowserSelenium] (initElements) -> ID set to field: 
13:34:47,113 INFO  [BrowserSelenium] (initElements) -> Name set to field: 
13:34:47,113 INFO  [BrowserSelenium] (initElements) -> CSS set to field: 
13:34:47,113 INFO  [BrowserSelenium] (initElements) -> XPath set to field: //input[@id='name']
13:34:47,113 INFO  [BrowserSelenium] (initElements) -> ID set to field: 
13:34:47,113 INFO  [BrowserSelenium] (initElements) -> Name set to field: 
13:34:47,113 INFO  [BrowserSelenium] (initElements) -> CSS set to field: 
13:34:47,113 INFO  [BrowserSelenium] (initElements) -> XPath set to field: //table[@id='payments']
13:34:47,113 INFO  [BrowserSelenium] (initElements) -> ID set to field: 
13:34:47,113 INFO  [BrowserSelenium] (initElements) -> Name set to field: 
13:34:47,113 INFO  [BrowserSelenium] (initElements) -> CSS set to field: 
13:34:47,113 INFO  [BrowserSelenium] (initElements) -> XPath set to field: //div[text()='Should use JQGrid for tables']/..
13:34:47,113 INFO  [BrowserSelenium] (initElements) -> ID set to field: 
13:34:47,123 INFO  [BrowserSelenium] (initElements) -> Name set to field: 
13:34:47,123 INFO  [BrowserSelenium] (initElements) -> CSS set to field: 
13:34:47,123 INFO  [BrowserSelenium] (initElements) -> XPath set to field: //table[@class='jqTable ui-jqgrid-btable']//tbody//tr/td/div
13:34:47,123 INFO  [BrowserSelenium] (initElements) -> ID set to field: 
13:34:47,123 INFO  [BrowserSelenium] (initElements) -> Name set to field: 
13:34:47,123 INFO  [BrowserSelenium] (initElements) -> CSS set to field: 
13:34:47,123 INFO  [BrowserSelenium] (initElements) -> XPath set to field: //select[contains(@id,'paymentMethodTypeId')]
13:34:47,123 INFO  [BrowserSelenium] (initElements) -> ID set to field: disableCheck
13:34:47,123 INFO  [BrowserSelenium] (initElements) -> Name set to field: 
13:34:47,123 INFO  [BrowserSelenium] (initElements) -> CSS set to field: 
13:34:47,123 INFO  [BrowserSelenium] (initElements) -> XPath set to field: 
13:34:47,123 INFO  [BrowserSelenium] (initElements) -> ID set to field: 
13:34:47,123 INFO  [BrowserSelenium] (initElements) -> Name set to field: 
13:34:47,123 INFO  [BrowserSelenium] (initElements) -> CSS set to field: 
13:34:47,123 INFO  [BrowserSelenium] (initElements) -> XPath set to field: //select[contains(@id,'dataType')]
13:34:47,123 INFO  [BrowserSelenium] (initElements) -> ID set to field: 
13:34:47,123 INFO  [BrowserSelenium] (initElements) -> Name set to field: 
13:34:47,123 INFO  [BrowserSelenium] (initElements) -> CSS set to field: 
13:34:47,123 INFO  [BrowserSelenium] (initElements) -> XPath set to field: //div[@id='left-column']//li[21]
13:34:47,123 INFO  [BrowserSelenium] (initElements) -> ID set to field: 
13:34:47,123 INFO  [BrowserSelenium] (initElements) -> Name set to field: 
13:34:47,123 INFO  [BrowserSelenium] (initElements) -> CSS set to field: 
13:34:47,123 INFO  [BrowserSelenium] (initElements) -> XPath set to field: //div[@class='lang_description_1']//input[@id='obj_0_description_1']
13:34:47,123 INFO  [BrowserSelenium] (initElements) -> ID set to field: 
13:34:47,123 INFO  [BrowserSelenium] (initElements) -> Name set to field: 
13:34:47,123 INFO  [BrowserSelenium] (initElements) -> CSS set to field: 
13:34:47,123 INFO  [BrowserSelenium] (initElements) -> XPath set to field: //div[@class='lang_description_1']//input[@id='obj_1_description_1']
13:34:47,123 INFO  [BrowserSelenium] (initElements) -> ID set to field: 
13:34:47,123 INFO  [BrowserSelenium] (initElements) -> Name set to field: 
13:34:47,123 INFO  [BrowserSelenium] (initElements) -> CSS set to field: 
13:34:47,123 INFO  [BrowserSelenium] (initElements) -> XPath set to field: //strong[contains(text(),'Order Change Statuses')]
13:34:47,123 INFO  [BrowserSelenium] (initElements) -> ID set to field: 
13:34:47,123 INFO  [BrowserSelenium] (initElements) -> Name set to field: 
13:34:47,123 INFO  [BrowserSelenium] (initElements) -> CSS set to field: 
13:34:47,123 INFO  [BrowserSelenium] (initElements) -> XPath set to field: //*[@id='obj[1].order']
13:34:47,123 INFO  [BrowserSelenium] (initElements) -> ID set to field: 
13:34:47,123 INFO  [BrowserSelenium] (initElements) -> Name set to field: 
13:34:47,123 INFO  [BrowserSelenium] (initElements) -> CSS set to field: 
13:34:47,123 INFO  [BrowserSelenium] (initElements) -> XPath set to field: //*[@id='obj[1].applyToOrder']
13:34:47,123 INFO  [BrowserSelenium] (initElements) -> ID set to field: 
13:34:47,123 INFO  [BrowserSelenium] (initElements) -> Name set to field: 
13:34:47,123 INFO  [BrowserSelenium] (initElements) -> CSS set to field: 
13:34:47,123 INFO  [BrowserSelenium] (initElements) -> XPath set to field: //*[@id='obj[0].applyToOrder']
13:34:47,123 INFO  [BrowserSelenium] (initElements) -> ID set to field: 
13:34:47,123 INFO  [BrowserSelenium] (initElements) -> Name set to field: 
13:34:47,123 INFO  [BrowserSelenium] (initElements) -> CSS set to field: 
13:34:47,123 INFO  [BrowserSelenium] (initElements) -> XPath set to field: //table[@id='invoiceTemplates']
13:34:47,123 INFO  [BrowserSelenium] (initElements) -> ID set to field: 
13:34:47,123 INFO  [BrowserSelenium] (initElements) -> Name set to field: 
13:34:47,123 INFO  [BrowserSelenium] (initElements) -> CSS set to field: 
13:34:47,123 INFO  [BrowserSelenium] (initElements) -> XPath set to field: //*[@id='17']/em
13:34:47,123 INFO  [BrowserSelenium] (initElements) -> ID set to field: 
13:34:47,123 INFO  [BrowserSelenium] (initElements) -> Name set to field: 
13:34:47,123 INFO  [BrowserSelenium] (initElements) -> CSS set to field: 
13:34:47,123 INFO  [BrowserSelenium] (initElements) -> XPath set to field: //*[@id='processingOrder']
13:34:47,133 INFO  [BrowserSelenium] (initElements) -> ID set to field: 
13:34:47,133 INFO  [BrowserSelenium] (initElements) -> Name set to field: 
13:34:47,133 INFO  [BrowserSelenium] (initElements) -> CSS set to field: 
13:34:47,133 INFO  [BrowserSelenium] (initElements) -> XPath set to field: //*[@id='typeId']
13:34:47,133 INFO  [BrowserSelenium] (initElements) -> ID set to field: 
13:34:47,133 INFO  [BrowserSelenium] (initElements) -> Name set to field: 
13:34:47,133 INFO  [BrowserSelenium] (initElements) -> CSS set to field: 
13:34:47,133 INFO  [BrowserSelenium] (initElements) -> XPath set to field: //div[@class='heading']//strong
13:34:47,133 INFO  [BrowserSelenium] (initElements) -> ID set to field: 
13:34:47,133 INFO  [BrowserSelenium] (initElements) -> Name set to field: 
13:34:47,133 INFO  [BrowserSelenium] (initElements) -> CSS set to field: 
13:34:47,133 INFO  [BrowserSelenium] (initElements) -> XPath set to field: //*[@id='orderChangeStatusesTable']/tbody/tr[2]/td[5]/a/img
13:34:47,133 INFO  [BrowserSelenium] (initElements) -> ID set to field: 
13:34:47,133 INFO  [BrowserSelenium] (initElements) -> Name set to field: 
13:34:47,133 INFO  [BrowserSelenium] (initElements) -> CSS set to field: 
13:34:47,133 INFO  [BrowserSelenium] (initElements) -> XPath set to field: //*[@id='orderChangeStatusesTable']/tbody/tr[3]/td[5]/a/img
13:34:47,133 INFO  [BrowserSelenium] (initElements) -> ID set to field: 
13:34:47,133 INFO  [BrowserSelenium] (initElements) -> Name set to field: 
13:34:47,133 INFO  [BrowserSelenium] (initElements) -> CSS set to field: 
13:34:47,133 INFO  [BrowserSelenium] (initElements) -> XPath set to field: //*[@id='column1']/div/table/thead/tr/th[2]
13:34:47,133 INFO  [BrowserSelenium] (initElements) -> ID set to field: 
13:34:47,133 INFO  [BrowserSelenium] (initElements) -> Name set to field: 
13:34:47,133 INFO  [BrowserSelenium] (initElements) -> CSS set to field: 
13:34:47,133 INFO  [BrowserSelenium] (initElements) -> XPath set to field: //*[@id='CUSTOMER']/strong
13:34:47,133 INFO  [BrowserSelenium] (initElements) -> ID set to field: 
13:34:47,133 INFO  [BrowserSelenium] (initElements) -> Name set to field: 
13:34:47,133 INFO  [BrowserSelenium] (initElements) -> CSS set to field: 
13:34:47,133 INFO  [BrowserSelenium] (initElements) -> XPath set to field: //*[@id='column1']/div[1]/table/thead/tr/th
13:34:47,133 INFO  [BrowserSelenium] (initElements) -> ID set to field: 
13:34:47,133 INFO  [BrowserSelenium] (initElements) -> Name set to field: 
13:34:47,133 INFO  [BrowserSelenium] (initElements) -> CSS set to field: 
13:34:47,133 INFO  [BrowserSelenium] (initElements) -> XPath set to field: //*[@id='metaField.name']
13:34:47,133 INFO  [BrowserSelenium] (initElements) -> ID set to field: 
13:34:47,133 INFO  [BrowserSelenium] (initElements) -> Name set to field: 
13:34:47,133 INFO  [BrowserSelenium] (initElements) -> CSS set to field: 
13:34:47,133 INFO  [BrowserSelenium] (initElements) -> XPath set to field: //*[@id='metaField.dataType']
13:34:47,133 INFO  [BrowserSelenium] (initElements) -> ID set to field: 
13:34:47,133 INFO  [BrowserSelenium] (initElements) -> Name set to field: 
13:34:47,133 INFO  [BrowserSelenium] (initElements) -> CSS set to field: 
13:34:47,133 INFO  [BrowserSelenium] (initElements) -> XPath set to field: //*[@id='mandatoryCheck']
13:34:47,133 INFO  [BrowserSelenium] (initElements) -> ID set to field: 
13:34:47,133 INFO  [BrowserSelenium] (initElements) -> Name set to field: 
13:34:47,133 INFO  [BrowserSelenium] (initElements) -> CSS set to field: 
13:34:47,133 INFO  [BrowserSelenium] (initElements) -> XPath set to field: //*[@class='table-box']//strong[contains(text(),'Salary')]
13:34:47,133 INFO  [BrowserSelenium] (initElements) -> ID set to field: 
13:34:47,133 INFO  [BrowserSelenium] (initElements) -> Name set to field: 
13:34:47,133 INFO  [BrowserSelenium] (initElements) -> CSS set to field: 
13:34:47,133 INFO  [BrowserSelenium] (initElements) -> XPath set to field: (//button[@type='button'])[3]
13:34:47,133 INFO  [BrowserSelenium] (initElements) -> ID set to field: 
13:34:47,133 INFO  [BrowserSelenium] (initElements) -> Name set to field: 
13:34:47,133 INFO  [BrowserSelenium] (initElements) -> CSS set to field: 
13:34:47,133 INFO  [BrowserSelenium] (initElements) -> XPath set to field: //a[contains(text(),'Payment Method')]
13:34:47,133 INFO  [BrowserSelenium] (initElements) -> ID set to field: 
13:34:47,133 INFO  [BrowserSelenium] (initElements) -> Name set to field: 
13:34:47,133 INFO  [BrowserSelenium] (initElements) -> CSS set to field: 
13:34:47,133 INFO  [BrowserSelenium] (initElements) -> XPath set to field: //a[contains(text(),'Account Type')]
13:34:47,143 INFO  [BrowserSelenium] (initElements) -> ID set to field: 
13:34:47,143 INFO  [BrowserSelenium] (initElements) -> Name set to field: 
13:34:47,143 INFO  [BrowserSelenium] (initElements) -> CSS set to field: 
13:34:47,143 INFO  [BrowserSelenium] (initElements) -> XPath set to field: //div[@id='left-column']/div/ul//li//a[contains(text(),'Account Type')]
13:34:47,143 INFO  [BrowserSelenium] (initElements) -> ID set to field: 
13:34:47,143 INFO  [BrowserSelenium] (initElements) -> Name set to field: 
13:34:47,143 INFO  [BrowserSelenium] (initElements) -> CSS set to field: 
13:34:47,143 INFO  [BrowserSelenium] (initElements) -> XPath set to field: //div[@id='messages']/div[@class='msg-box error']/strong
13:34:47,143 INFO  [BrowserSelenium] (initElements) -> ID set to field: 
13:34:47,143 INFO  [BrowserSelenium] (initElements) -> Name set to field: 
13:34:47,143 INFO  [BrowserSelenium] (initElements) -> CSS set to field: 
13:34:47,143 INFO  [BrowserSelenium] (initElements) -> XPath set to field: //div[@id='messages']/div[@class='msg-box error']/ul/li
13:34:47,143 INFO  [BrowserSelenium] (initElements) -> ID set to field: 
13:34:47,143 INFO  [BrowserSelenium] (initElements) -> Name set to field: 
13:34:47,143 INFO  [BrowserSelenium] (initElements) -> CSS set to field: 
13:34:47,143 INFO  [BrowserSelenium] (initElements) -> XPath set to field: //a[contains(.,'Order Statuses')]
13:34:47,143 INFO  [BrowserSelenium] (initElements) -> ID set to field: 
13:34:47,143 INFO  [BrowserSelenium] (initElements) -> Name set to field: 
13:34:47,143 INFO  [BrowserSelenium] (initElements) -> CSS set to field: 
13:34:47,143 INFO  [BrowserSelenium] (initElements) -> XPath set to field: //a[contains(.,'INVOICE')]
13:34:47,143 INFO  [BrowserSelenium] (initElements) -> ID set to field: 
13:34:47,143 INFO  [BrowserSelenium] (initElements) -> Name set to field: 
13:34:47,143 INFO  [BrowserSelenium] (initElements) -> CSS set to field: 
13:34:47,143 INFO  [BrowserSelenium] (initElements) -> XPath set to field: //a[contains(.,'FINISHED')]
13:34:47,143 INFO  [BrowserSelenium] (initElements) -> ID set to field: 
13:34:47,143 INFO  [BrowserSelenium] (initElements) -> Name set to field: 
13:34:47,143 INFO  [BrowserSelenium] (initElements) -> CSS set to field: 
13:34:47,143 INFO  [BrowserSelenium] (initElements) -> XPath set to field: //a[contains(.,'NOT_INVOICE')]
13:34:47,143 INFO  [BrowserSelenium] (initElements) -> ID set to field: 
13:34:47,143 INFO  [BrowserSelenium] (initElements) -> Name set to field: 
13:34:47,143 INFO  [BrowserSelenium] (initElements) -> CSS set to field: 
13:34:47,143 INFO  [BrowserSelenium] (initElements) -> XPath set to field: //a[contains(.,'SUSPENDED_AGEING')]
13:34:47,143 INFO  [BrowserSelenium] (initElements) -> ID set to field: 
13:34:47,143 INFO  [BrowserSelenium] (initElements) -> Name set to field: 
13:34:47,143 INFO  [BrowserSelenium] (initElements) -> CSS set to field: 
13:34:47,143 INFO  [BrowserSelenium] (initElements) -> XPath set to field: //a[contains(.,'Active')]
13:34:47,143 INFO  [BrowserSelenium] (initElements) -> ID set to field: 
13:34:47,143 INFO  [BrowserSelenium] (initElements) -> Name set to field: 
13:34:47,143 INFO  [BrowserSelenium] (initElements) -> CSS set to field: 
13:34:47,143 INFO  [BrowserSelenium] (initElements) -> XPath set to field: //a[contains(.,'Finished')]
13:34:47,143 INFO  [BrowserSelenium] (initElements) -> ID set to field: 
13:34:47,143 INFO  [BrowserSelenium] (initElements) -> Name set to field: 
13:34:47,143 INFO  [BrowserSelenium] (initElements) -> CSS set to field: 
13:34:47,143 INFO  [BrowserSelenium] (initElements) -> XPath set to field: //a[contains(.,'Suspended')]
13:34:47,143 INFO  [BrowserSelenium] (initElements) -> ID set to field: 
13:34:47,153 INFO  [BrowserSelenium] (initElements) -> Name set to field: 
13:34:47,153 INFO  [BrowserSelenium] (initElements) -> CSS set to field: 
13:34:47,153 INFO  [BrowserSelenium] (initElements) -> XPath set to field: //a[contains(.,'Suspended ageing(auto)')]
13:34:47,153 INFO  [BrowserSelenium] (initElements) -> ID set to field: 
13:34:47,153 INFO  [BrowserSelenium] (initElements) -> Name set to field: 
13:34:47,153 INFO  [BrowserSelenium] (initElements) -> CSS set to field: 
13:34:47,153 INFO  [BrowserSelenium] (initElements) -> XPath set to field: //input[@id='description']
13:34:47,153 INFO  [BrowserSelenium] (initElements) -> ID set to field: 
13:34:47,153 INFO  [BrowserSelenium] (initElements) -> Name set to field: 
13:34:47,153 INFO  [BrowserSelenium] (initElements) -> CSS set to field: 
13:34:47,153 INFO  [BrowserSelenium] (initElements) -> XPath set to field: //select[contains(@id,'orderStatusFlag')]
13:34:47,153 INFO  [BrowserSelenium] (initElements) -> ID set to field: 
13:34:47,153 INFO  [BrowserSelenium] (initElements) -> Name set to field: 
13:34:47,153 INFO  [BrowserSelenium] (initElements) -> CSS set to field: 
13:34:47,153 INFO  [BrowserSelenium] (initElements) -> XPath set to field: //div[@id='error-messages']/ul/li
13:34:47,153 INFO  [BrowserSelenium] (initElements) -> ID set to field: 
13:34:47,153 INFO  [BrowserSelenium] (initElements) -> Name set to field: 
13:34:47,153 INFO  [BrowserSelenium] (initElements) -> CSS set to field: 
13:34:47,153 INFO  [BrowserSelenium] (initElements) -> XPath set to field: //div[@id='messages']//div[@class='msg-box error'][1]/ul/li
13:34:47,153 INFO  [BrowserSelenium] (initElements) -> ID set to field: 
13:34:47,153 INFO  [BrowserSelenium] (initElements) -> Name set to field: 
13:34:47,153 INFO  [BrowserSelenium] (initElements) -> CSS set to field: 
13:34:47,153 INFO  [BrowserSelenium] (initElements) -> XPath set to field: //div[@id='error-messages']/ul/li[1]
13:34:47,153 INFO  [BrowserSelenium] (initElements) -> ID set to field: 
13:34:47,153 INFO  [BrowserSelenium] (initElements) -> Name set to field: 
13:34:47,153 INFO  [BrowserSelenium] (initElements) -> CSS set to field: 
13:34:47,153 INFO  [BrowserSelenium] (initElements) -> XPath set to field: //div[@id='error-messages']/ul/li[2]
13:34:47,153 INFO  [BrowserSelenium] (initElements) -> ID set to field: name
13:34:47,153 INFO  [BrowserSelenium] (initElements) -> Name set to field: 
13:34:47,153 INFO  [BrowserSelenium] (initElements) -> CSS set to field: 
13:34:47,153 INFO  [BrowserSelenium] (initElements) -> XPath set to field: 
13:34:47,153 INFO  [BrowserSelenium] (initElements) -> ID set to field: usagePool.names[0].content
13:34:47,153 INFO  [BrowserSelenium] (initElements) -> Name set to field: 
13:34:47,153 INFO  [BrowserSelenium] (initElements) -> CSS set to field: 
13:34:47,153 INFO  [BrowserSelenium] (initElements) -> XPath set to field: 
13:34:47,153 INFO  [BrowserSelenium] (initElements) -> ID set to field: usagePool.cyclePeriodValue
13:34:47,153 INFO  [BrowserSelenium] (initElements) -> Name set to field: 
13:34:47,153 INFO  [BrowserSelenium] (initElements) -> CSS set to field: 
13:34:47,153 INFO  [BrowserSelenium] (initElements) -> XPath set to field: 
13:34:47,153 INFO  [BrowserSelenium] (initElements) -> ID set to field: usagePool.quantity
13:34:47,153 INFO  [BrowserSelenium] (initElements) -> Name set to field: 
13:34:47,153 INFO  [BrowserSelenium] (initElements) -> CSS set to field: 
13:34:47,153 INFO  [BrowserSelenium] (initElements) -> XPath set to field: 
13:34:47,153 INFO  [BrowserSelenium] (initElements) -> ID set to field: usagePool.consumptionActions.1.percentage
13:34:47,153 INFO  [BrowserSelenium] (initElements) -> Name set to field: 
13:34:47,153 INFO  [BrowserSelenium] (initElements) -> CSS set to field: 
13:34:47,153 INFO  [BrowserSelenium] (initElements) -> XPath set to field: 
13:34:47,153 INFO  [BrowserSelenium] (initElements) -> ID set to field: usagePool.consumptionActions.2.percentage
13:34:47,153 INFO  [BrowserSelenium] (initElements) -> Name set to field: 
13:34:47,153 INFO  [BrowserSelenium] (initElements) -> CSS set to field: 
13:34:47,153 INFO  [BrowserSelenium] (initElements) -> XPath set to field: 
13:34:47,153 INFO  [BrowserSelenium] (initElements) -> ID set to field: usagePool.consumptionActions.2.productId
13:34:47,153 INFO  [BrowserSelenium] (initElements) -> Name set to field: 
13:34:47,153 INFO  [BrowserSelenium] (initElements) -> CSS set to field: 
13:34:47,153 INFO  [BrowserSelenium] (initElements) -> XPath set to field: 
13:34:47,153 INFO  [BrowserSelenium] (initElements) -> ID set to field: 
13:34:47,153 INFO  [BrowserSelenium] (initElements) -> Name set to field: 
13:34:47,153 INFO  [BrowserSelenium] (initElements) -> CSS set to field: 
13:34:47,163 INFO  [BrowserSelenium] (initElements) -> XPath set to field: //input[contains(@id,'.value')]
13:34:47,163 INFO  [BrowserSelenium] (initElements) -> ID set to field: 
13:34:47,163 INFO  [BrowserSelenium] (initElements) -> Name set to field: 
13:34:47,163 INFO  [BrowserSelenium] (initElements) -> CSS set to field: 
13:34:47,163 INFO  [BrowserSelenium] (initElements) -> XPath set to field: //label[text()='1']/..//input[contains(@id,'.value')]
13:34:47,163 INFO  [BrowserSelenium] (initElements) -> ID set to field: 
13:34:47,163 INFO  [BrowserSelenium] (initElements) -> Name set to field: 
13:34:47,163 INFO  [BrowserSelenium] (initElements) -> CSS set to field: 
13:34:47,163 INFO  [BrowserSelenium] (initElements) -> XPath set to field: //table[@id='enumerations']/tbody/tr/td//strong
13:34:47,163 INFO  [BrowserSelenium] (initElements) -> ID set to field: 
13:34:47,163 INFO  [BrowserSelenium] (initElements) -> Name set to field: 
13:34:47,163 INFO  [BrowserSelenium] (initElements) -> CSS set to field: 
13:34:47,163 INFO  [BrowserSelenium] (initElements) -> XPath set to field: //img[@alt='Add more values']
13:34:47,163 INFO  [BrowserSelenium] (initElements) -> ID set to field: 
13:34:47,163 INFO  [BrowserSelenium] (initElements) -> Name set to field: 
13:34:47,163 INFO  [BrowserSelenium] (initElements) -> CSS set to field: 
13:34:47,163 INFO  [BrowserSelenium] (initElements) -> XPath set to field: //img[@alt='remove this value']
13:34:47,163 INFO  [BrowserSelenium] (initElements) -> ID set to field: 
13:34:47,163 INFO  [BrowserSelenium] (initElements) -> Name set to field: 
13:34:47,163 INFO  [BrowserSelenium] (initElements) -> CSS set to field: 
13:34:47,163 INFO  [BrowserSelenium] (initElements) -> XPath set to field: //span[@id='mandatory-meta-field']/../following::input[1]
13:34:47,163 INFO  [BrowserSelenium] (initElements) -> ID set to field: 
13:34:47,163 INFO  [BrowserSelenium] (initElements) -> Name set to field: 
13:34:47,163 INFO  [BrowserSelenium] (initElements) -> CSS set to field: 
13:34:47,163 INFO  [BrowserSelenium] (initElements) -> XPath set to field: //label[text()='MetaField Type']/following::select[1]
13:34:47,163 INFO  [BrowserSelenium] (initElements) -> ID set to field: 
13:34:47,163 INFO  [BrowserSelenium] (initElements) -> Name set to field: 
13:34:47,163 INFO  [BrowserSelenium] (initElements) -> CSS set to field: 
13:34:47,163 INFO  [BrowserSelenium] (initElements) -> XPath set to field: //a[contains(text(),'Meta Fields')]
13:34:47,163 INFO  [BrowserSelenium] (initElements) -> ID set to field: 
13:34:47,163 INFO  [BrowserSelenium] (initElements) -> Name set to field: 
13:34:47,163 INFO  [BrowserSelenium] (initElements) -> CSS set to field: 
13:34:47,163 INFO  [BrowserSelenium] (initElements) -> XPath set to field: //div[@class='table-box']/table/tbody/tr/td/a/strong
13:34:47,163 INFO  [BrowserSelenium] (initElements) -> ID set to field: 
13:34:47,163 INFO  [BrowserSelenium] (initElements) -> Name set to field: 
13:34:47,163 INFO  [BrowserSelenium] (initElements) -> CSS set to field: 
13:34:47,163 INFO  [BrowserSelenium] (initElements) -> XPath set to field: //ul[@id='metafield-ait']/form[1]//span[text()='Not Mandatory']
13:34:47,163 INFO  [BrowserSelenium] EXIT --> (initElements)
13:34:47,163 INFO  [BrowserSelenium] ENTER --> (selectListItem)
13:34:47,163 INFO  [BrowserSelenium] (selectListItem) -> Account Type to find
13:34:47,163 INFO  [BrowserSelenium] ENTER --> (_waitForJStoLoad)
13:34:49,613 INFO  [BrowserSelenium] EXIT --> (_waitForJStoLoad) --> DOM load wait done: true
13:34:49,613 INFO  [BrowserSelenium] ENTER --> (_getListItem)
13:34:49,613 INFO  [BrowserSelenium] (_setExtendedTextToXPath) ->  value set
13:34:49,633 INFO  [BrowserSelenium] ENTER --> (_getByLocator)
13:34:49,633 INFO  [BrowserSelenium] (_getByLocator) -> Getting locator for null
13:34:49,633 INFO  [BrowserSelenium] (_getByLocator) -> Locator info found for XPATH attribute as: //div[@class='menu-items']/ul/li
13:34:49,633 INFO  [BrowserSelenium] ENTER --> (_parseElementOnXpath)
13:34:49,633 INFO  [BrowserSelenium] (_parseElementOnXpath) -> //div[@class='menu-items']/ul/li is used
13:34:49,633 INFO  [BrowserSelenium] EXIT --> (_parseElementOnXpath)
13:34:49,633 INFO  [BrowserSelenium] EXIT --> (_getByLocator)
13:34:49,673 INFO  [BrowserSelenium] (_getListItem) -> targetValue to find in listbox: "Account Type"
13:34:49,703 INFO  [BrowserSelenium] (_getListItem) -> current element text by we.getText(): "All"
13:34:49,723 INFO  [BrowserSelenium] (_getListItem) -> targetValue to find in listbox: "Account Type"
13:34:49,763 INFO  [BrowserSelenium] (_getListItem) -> current element text by we.getText(): "Account Type"
13:34:49,773 INFO  [BrowserSelenium] (_getListItem) -> targetValue found at index: 1
13:34:49,793 INFO  [BrowserSelenium] (_getListItem) -> Account Type
13:34:49,793 INFO  [BrowserSelenium] EXIT --> (_getListItem)
13:34:49,903 INFO  [BrowserSelenium] EXIT --> (selectListItem)
13:34:49,903 INFO  [BrowserSelenium] ENTER --> (initElements)
13:34:49,913 INFO  [BrowserSelenium] (initElements) -> ID set to field: 
13:34:49,913 INFO  [BrowserSelenium] (initElements) -> Name set to field: 
13:34:49,913 INFO  [BrowserSelenium] (initElements) -> CSS set to field: 
13:34:49,913 INFO  [BrowserSelenium] (initElements) -> XPath set to field: //div[@class='menu-items']/ul/li
13:34:49,913 INFO  [BrowserSelenium] (initElements) -> ID set to field: 
13:34:49,913 INFO  [BrowserSelenium] (initElements) -> Name set to field: 
13:34:49,913 INFO  [BrowserSelenium] (initElements) -> CSS set to field: 
13:34:49,913 INFO  [BrowserSelenium] (initElements) -> XPath set to field: //div[@id='column1']/div[@class='table-box']/table/tbody//td/a/strong
13:34:49,913 INFO  [BrowserSelenium] (initElements) -> ID set to field: 
13:34:49,913 INFO  [BrowserSelenium] (initElements) -> Name set to field: 
13:34:49,913 INFO  [BrowserSelenium] (initElements) -> CSS set to field: 
13:34:49,913 INFO  [BrowserSelenium] (initElements) -> XPath set to field: //span[text()='Add New']
13:34:49,913 INFO  [BrowserSelenium] (initElements) -> ID set to field: 
13:34:49,913 INFO  [BrowserSelenium] (initElements) -> Name set to field: 
13:34:49,913 INFO  [BrowserSelenium] (initElements) -> CSS set to field: 
13:34:49,913 INFO  [BrowserSelenium] (initElements) -> XPath set to field: //span[text()='Save Changes']
13:34:49,913 INFO  [BrowserSelenium] (initElements) -> ID set to field: 
13:34:49,913 INFO  [BrowserSelenium] (initElements) -> Name set to field: 
13:34:49,913 INFO  [BrowserSelenium] (initElements) -> CSS set to field: 
13:34:49,913 INFO  [BrowserSelenium] (initElements) -> XPath set to field: //span[text()='Cancel']
13:34:49,913 INFO  [BrowserSelenium] (initElements) -> ID set to field: 
13:34:49,913 INFO  [BrowserSelenium] (initElements) -> Name set to field: 
13:34:49,913 INFO  [BrowserSelenium] (initElements) -> CSS set to field: 
13:34:49,913 INFO  [BrowserSelenium] (initElements) -> XPath set to field: //span[text()='Upload File']
13:34:49,913 INFO  [BrowserSelenium] (initElements) -> ID set to field: 
13:34:49,913 INFO  [BrowserSelenium] (initElements) -> Name set to field: 
13:34:49,913 INFO  [BrowserSelenium] (initElements) -> CSS set to field: 
13:34:49,913 INFO  [BrowserSelenium] (initElements) -> XPath set to field: //input[@type='file']
13:34:49,913 INFO  [BrowserSelenium] (initElements) -> ID set to field: 
13:34:49,913 INFO  [BrowserSelenium] (initElements) -> Name set to field: 
13:34:49,913 INFO  [BrowserSelenium] (initElements) -> CSS set to field: 
13:34:49,913 INFO  [BrowserSelenium] (initElements) -> XPath set to field: //span[contains(text(),'Edit')]
13:34:49,913 INFO  [BrowserSelenium] (initElements) -> ID set to field: 
13:34:49,913 INFO  [BrowserSelenium] (initElements) -> Name set to field: 
13:34:49,913 INFO  [BrowserSelenium] (initElements) -> CSS set to field: 
13:34:49,913 INFO  [BrowserSelenium] (initElements) -> XPath set to field: //a[@class='submit save']
13:34:49,913 INFO  [BrowserSelenium] (initElements) -> ID set to field: 
13:34:49,913 INFO  [BrowserSelenium] (initElements) -> Name set to field: 
13:34:49,913 INFO  [BrowserSelenium] (initElements) -> CSS set to field: 
13:34:49,913 INFO  [BrowserSelenium] (initElements) -> XPath set to field: //select[@id='typeId']
13:34:49,913 INFO  [BrowserSelenium] (initElements) -> ID set to field: 
13:34:49,913 INFO  [BrowserSelenium] (initElements) -> Name set to field: 
13:34:49,913 INFO  [BrowserSelenium] (initElements) -> CSS set to field: 
13:34:49,913 INFO  [BrowserSelenium] (initElements) -> XPath set to field: //input[@id='processingOrder']
13:34:49,913 INFO  [BrowserSelenium] (initElements) -> ID set to field: 
13:34:49,913 INFO  [BrowserSelenium] (initElements) -> Name set to field: 
13:34:49,913 INFO  [BrowserSelenium] (initElements) -> CSS set to field: 
13:34:49,913 INFO  [BrowserSelenium] (initElements) -> XPath set to field: //input[@id='name']
13:34:49,913 INFO  [BrowserSelenium] (initElements) -> ID set to field: 
13:34:49,913 INFO  [BrowserSelenium] (initElements) -> Name set to field: 
13:34:49,913 INFO  [BrowserSelenium] (initElements) -> CSS set to field: 
13:34:49,913 INFO  [BrowserSelenium] (initElements) -> XPath set to field: //input[@id='plgDynamic.1.name']
13:34:49,913 INFO  [BrowserSelenium] (initElements) -> ID set to field: 
13:34:49,913 INFO  [BrowserSelenium] (initElements) -> Name set to field: 
13:34:49,913 INFO  [BrowserSelenium] (initElements) -> CSS set to field: 
13:34:49,913 INFO  [BrowserSelenium] (initElements) -> XPath set to field: //input[@id='plgDynamic.1.value']
13:34:49,913 INFO  [BrowserSelenium] (initElements) -> ID set to field: 
13:34:49,913 INFO  [BrowserSelenium] (initElements) -> Name set to field: 
13:34:49,913 INFO  [BrowserSelenium] (initElements) -> CSS set to field: 
13:34:49,913 INFO  [BrowserSelenium] (initElements) -> XPath set to field: //img[@alt='add']
13:34:49,913 INFO  [BrowserSelenium] (initElements) -> ID set to field: 
13:34:49,913 INFO  [BrowserSelenium] (initElements) -> Name set to field: 
13:34:49,923 INFO  [BrowserSelenium] (initElements) -> CSS set to field: 
13:34:49,923 INFO  [BrowserSelenium] (initElements) -> XPath set to field: //img[@alt='remove']
13:34:49,923 INFO  [BrowserSelenium] (initElements) -> ID set to field: 
13:34:49,923 INFO  [BrowserSelenium] (initElements) -> Name set to field: 
13:34:49,923 INFO  [BrowserSelenium] (initElements) -> CSS set to field: 
13:34:49,923 INFO  [BrowserSelenium] (initElements) -> XPath set to field: //span[text()='Save Plug-in']
13:34:49,923 INFO  [BrowserSelenium] (initElements) -> ID set to field: 
13:34:49,923 INFO  [BrowserSelenium] (initElements) -> Name set to field: 
13:34:49,923 INFO  [BrowserSelenium] (initElements) -> CSS set to field: 
13:34:49,923 INFO  [BrowserSelenium] (initElements) -> XPath set to field: //input[@id='nextRunDate']
13:34:49,923 INFO  [BrowserSelenium] (initElements) -> ID set to field: 
13:34:49,923 INFO  [BrowserSelenium] (initElements) -> Name set to field: 
13:34:49,923 INFO  [BrowserSelenium] (initElements) -> CSS set to field: 
13:34:49,923 INFO  [BrowserSelenium] (initElements) -> XPath set to field: //input[@id='generateReport']
13:34:49,923 INFO  [BrowserSelenium] (initElements) -> ID set to field: 
13:34:49,923 INFO  [BrowserSelenium] (initElements) -> Name set to field: 
13:34:49,923 INFO  [BrowserSelenium] (initElements) -> CSS set to field: 
13:34:49,923 INFO  [BrowserSelenium] (initElements) -> XPath set to field: //select[@id='periodUnitId']
13:34:49,923 INFO  [BrowserSelenium] (initElements) -> ID set to field: 
13:34:49,923 INFO  [BrowserSelenium] (initElements) -> Name set to field: 
13:34:49,923 INFO  [BrowserSelenium] (initElements) -> CSS set to field: 
13:34:49,923 INFO  [BrowserSelenium] (initElements) -> XPath set to field: //select[@id='usagePool.consumptionActions.1.type']
13:34:49,923 INFO  [BrowserSelenium] (initElements) -> ID set to field: 
13:34:49,923 INFO  [BrowserSelenium] (initElements) -> Name set to field: 
13:34:49,923 INFO  [BrowserSelenium] (initElements) -> CSS set to field: 
13:34:49,923 INFO  [BrowserSelenium] (initElements) -> XPath set to field: //select[@id='usagePool.consumptionActions.1.notificationId']
13:34:49,923 INFO  [BrowserSelenium] (initElements) -> ID set to field: 
13:34:49,923 INFO  [BrowserSelenium] (initElements) -> Name set to field: 
13:34:49,923 INFO  [BrowserSelenium] (initElements) -> CSS set to field: 
13:34:49,923 INFO  [BrowserSelenium] (initElements) -> XPath set to field: //select[@id='usagePool.consumptionActions.1.mediumType']
13:34:49,923 INFO  [BrowserSelenium] (initElements) -> ID set to field: 
13:34:49,923 INFO  [BrowserSelenium] (initElements) -> Name set to field: 
13:34:49,923 INFO  [BrowserSelenium] (initElements) -> CSS set to field: 
13:34:49,923 INFO  [BrowserSelenium] (initElements) -> XPath set to field: //select[@id='usagePool.consumptionActions.2.type']
13:34:49,923 INFO  [BrowserSelenium] (initElements) -> ID set to field: 
13:34:49,923 INFO  [BrowserSelenium] (initElements) -> Name set to field: 
13:34:49,923 INFO  [BrowserSelenium] (initElements) -> CSS set to field: 
13:34:49,923 INFO  [BrowserSelenium] (initElements) -> XPath set to field: //select[@id = 'usagePool.itemTypes']
13:34:49,923 INFO  [BrowserSelenium] (initElements) -> ID set to field: 
13:34:49,923 INFO  [BrowserSelenium] (initElements) -> Name set to field: 
13:34:49,923 INFO  [BrowserSelenium] (initElements) -> CSS set to field: 
13:34:49,923 INFO  [BrowserSelenium] (initElements) -> XPath set to field: //select[@id = 'usagePool.items']
13:34:49,923 INFO  [BrowserSelenium] (initElements) -> ID set to field: 
13:34:49,923 INFO  [BrowserSelenium] (initElements) -> Name set to field: 
13:34:49,923 INFO  [BrowserSelenium] (initElements) -> CSS set to field: 
13:34:49,923 INFO  [BrowserSelenium] (initElements) -> XPath set to field: //input[@id='maximumPeriods']
13:34:49,923 INFO  [BrowserSelenium] (initElements) -> ID set to field: 
13:34:49,923 INFO  [BrowserSelenium] (initElements) -> Name set to field: 
13:34:49,923 INFO  [BrowserSelenium] (initElements) -> CSS set to field: 
13:34:49,923 INFO  [BrowserSelenium] (initElements) -> XPath set to field: //input[@id='billing.proratingType.neverProrating']
13:34:49,923 INFO  [BrowserSelenium] (initElements) -> ID set to field: 
13:34:49,923 INFO  [BrowserSelenium] (initElements) -> Name set to field: 
13:34:49,923 INFO  [BrowserSelenium] (initElements) -> CSS set to field: 
13:34:49,923 INFO  [BrowserSelenium] (initElements) -> XPath set to field: //span[text()='Run Commission Process']
13:34:49,923 INFO  [BrowserSelenium] (initElements) -> ID set to field: 
13:34:49,923 INFO  [BrowserSelenium] (initElements) -> Name set to field: 
13:34:49,923 INFO  [BrowserSelenium] (initElements) -> CSS set to field: 
13:34:49,923 INFO  [BrowserSelenium] (initElements) -> XPath set to field: //span[text()='Run Billing']
13:34:49,923 INFO  [BrowserSelenium] (initElements) -> ID set to field: 
13:34:49,933 INFO  [BrowserSelenium] (initElements) -> Name set to field: 
13:34:49,933 INFO  [BrowserSelenium] (initElements) -> CSS set to field: 
13:34:49,933 INFO  [BrowserSelenium] (initElements) -> XPath set to field: //input[@id='obj[0].statusStr']
13:34:49,933 INFO  [BrowserSelenium] (initElements) -> ID set to field: 
13:34:49,933 INFO  [BrowserSelenium] (initElements) -> Name set to field: 
13:34:49,933 INFO  [BrowserSelenium] (initElements) -> CSS set to field: 
13:34:49,933 INFO  [BrowserSelenium] (initElements) -> XPath set to field: //input[@id='obj[0].days']
13:34:49,933 INFO  [BrowserSelenium] (initElements) -> ID set to field: 
13:34:49,933 INFO  [BrowserSelenium] (initElements) -> Name set to field: 
13:34:49,933 INFO  [BrowserSelenium] (initElements) -> CSS set to field: 
13:34:49,933 INFO  [BrowserSelenium] (initElements) -> XPath set to field: //input[@id='obj[0].sendNotification']
13:34:49,933 INFO  [BrowserSelenium] (initElements) -> ID set to field: 
13:34:49,933 INFO  [BrowserSelenium] (initElements) -> Name set to field: 
13:34:49,933 INFO  [BrowserSelenium] (initElements) -> CSS set to field: 
13:34:49,933 INFO  [BrowserSelenium] (initElements) -> XPath set to field: //input[@id='obj[0].paymentRetry']
13:34:49,933 INFO  [BrowserSelenium] (initElements) -> ID set to field: 
13:34:49,933 INFO  [BrowserSelenium] (initElements) -> Name set to field: 
13:34:49,933 INFO  [BrowserSelenium] (initElements) -> CSS set to field: 
13:34:49,933 INFO  [BrowserSelenium] (initElements) -> XPath set to field: //input[@id='obj[0].suspended']
13:34:49,933 INFO  [BrowserSelenium] (initElements) -> ID set to field: 
13:34:49,933 INFO  [BrowserSelenium] (initElements) -> Name set to field: 
13:34:49,933 INFO  [BrowserSelenium] (initElements) -> CSS set to field: 
13:34:49,933 INFO  [BrowserSelenium] (initElements) -> XPath set to field: //table[@id='ageingStepTable']/tbody/tr[2]/td[1]/strong
13:34:49,933 INFO  [BrowserSelenium] (initElements) -> ID set to field: 
13:34:49,933 INFO  [BrowserSelenium] (initElements) -> Name set to field: 
13:34:49,933 INFO  [BrowserSelenium] (initElements) -> CSS set to field: 
13:34:49,933 INFO  [BrowserSelenium] (initElements) -> XPath set to field: //input[@id='obj[1].statusStr']
13:34:49,933 INFO  [BrowserSelenium] (initElements) -> ID set to field: 
13:34:49,933 INFO  [BrowserSelenium] (initElements) -> Name set to field: 
13:34:49,933 INFO  [BrowserSelenium] (initElements) -> CSS set to field: 
13:34:49,933 INFO  [BrowserSelenium] (initElements) -> XPath set to field: //input[@id='obj[1].days']
13:34:49,933 INFO  [BrowserSelenium] (initElements) -> ID set to field: 
13:34:49,933 INFO  [BrowserSelenium] (initElements) -> Name set to field: 
13:34:49,933 INFO  [BrowserSelenium] (initElements) -> CSS set to field: 
13:34:49,933 INFO  [BrowserSelenium] (initElements) -> XPath set to field: //input[@id='obj[1].sendNotification']
13:34:49,933 INFO  [BrowserSelenium] (initElements) -> ID set to field: 
13:34:49,933 INFO  [BrowserSelenium] (initElements) -> Name set to field: 
13:34:49,933 INFO  [BrowserSelenium] (initElements) -> CSS set to field: 
13:34:49,933 INFO  [BrowserSelenium] (initElements) -> XPath set to field: //input[@id='obj[1].paymentRetry']
13:34:49,933 INFO  [BrowserSelenium] (initElements) -> ID set to field: 
13:34:49,933 INFO  [BrowserSelenium] (initElements) -> Name set to field: 
13:34:49,933 INFO  [BrowserSelenium] (initElements) -> CSS set to field: 
13:34:49,933 INFO  [BrowserSelenium] (initElements) -> XPath set to field: //input[@id='obj[1].suspended']
13:34:49,933 INFO  [BrowserSelenium] (initElements) -> ID set to field: 
13:34:49,933 INFO  [BrowserSelenium] (initElements) -> Name set to field: 
13:34:49,933 INFO  [BrowserSelenium] (initElements) -> CSS set to field: 
13:34:49,933 INFO  [BrowserSelenium] (initElements) -> XPath set to field: //input[@id='obj[2].statusStr']
13:34:49,933 INFO  [BrowserSelenium] (initElements) -> ID set to field: 
13:34:49,933 INFO  [BrowserSelenium] (initElements) -> Name set to field: 
13:34:49,943 INFO  [BrowserSelenium] (initElements) -> CSS set to field: 
13:34:49,943 INFO  [BrowserSelenium] (initElements) -> XPath set to field: //input[@id='obj[2].days']
13:34:49,943 INFO  [BrowserSelenium] (initElements) -> ID set to field: 
13:34:49,943 INFO  [BrowserSelenium] (initElements) -> Name set to field: 
13:34:49,943 INFO  [BrowserSelenium] (initElements) -> CSS set to field: 
13:34:49,943 INFO  [BrowserSelenium] (initElements) -> XPath set to field: //input[@id='obj[2].sendNotification']
13:34:49,943 INFO  [BrowserSelenium] (initElements) -> ID set to field: 
13:34:49,943 INFO  [BrowserSelenium] (initElements) -> Name set to field: 
13:34:49,943 INFO  [BrowserSelenium] (initElements) -> CSS set to field: 
13:34:49,943 INFO  [BrowserSelenium] (initElements) -> XPath set to field: //input[@id='obj[2].sendNotification']
13:34:49,943 INFO  [BrowserSelenium] (initElements) -> ID set to field: 
13:34:49,943 INFO  [BrowserSelenium] (initElements) -> Name set to field: 
13:34:49,943 INFO  [BrowserSelenium] (initElements) -> CSS set to field: 
13:34:49,943 INFO  [BrowserSelenium] (initElements) -> XPath set to field: //input[@id='obj[2].suspended']
13:34:49,943 INFO  [BrowserSelenium] (initElements) -> ID set to field: 
13:34:49,943 INFO  [BrowserSelenium] (initElements) -> Name set to field: 
13:34:49,943 INFO  [BrowserSelenium] (initElements) -> CSS set to field: 
13:34:49,943 INFO  [BrowserSelenium] (initElements) -> XPath set to field: //input[@id='obj[3].statusStr']
13:34:49,943 INFO  [BrowserSelenium] (initElements) -> ID set to field: 
13:34:49,943 INFO  [BrowserSelenium] (initElements) -> Name set to field: 
13:34:49,943 INFO  [BrowserSelenium] (initElements) -> CSS set to field: 
13:34:49,943 INFO  [BrowserSelenium] (initElements) -> XPath set to field: //input[@id='obj[3].days']
13:34:49,943 INFO  [BrowserSelenium] (initElements) -> ID set to field: 
13:34:49,943 INFO  [BrowserSelenium] (initElements) -> Name set to field: 
13:34:49,943 INFO  [BrowserSelenium] (initElements) -> CSS set to field: 
13:34:49,943 INFO  [BrowserSelenium] (initElements) -> XPath set to field: //input[@id='obj[3].sendNotification']
13:34:49,943 INFO  [BrowserSelenium] (initElements) -> ID set to field: 
13:34:49,943 INFO  [BrowserSelenium] (initElements) -> Name set to field: 
13:34:49,943 INFO  [BrowserSelenium] (initElements) -> CSS set to field: 
13:34:49,943 INFO  [BrowserSelenium] (initElements) -> XPath set to field: //input[@id='obj[3].paymentRetry']
13:34:49,943 INFO  [BrowserSelenium] (initElements) -> ID set to field: 
13:34:49,943 INFO  [BrowserSelenium] (initElements) -> Name set to field: 
13:34:49,943 INFO  [BrowserSelenium] (initElements) -> CSS set to field: 
13:34:49,943 INFO  [BrowserSelenium] (initElements) -> XPath set to field: //input[@name='obj[1].description_1']
13:34:49,943 INFO  [BrowserSelenium] (initElements) -> ID set to field: 
13:34:49,943 INFO  [BrowserSelenium] (initElements) -> Name set to field: 
13:34:49,943 INFO  [BrowserSelenium] (initElements) -> CSS set to field: 
13:34:49,943 INFO  [BrowserSelenium] (initElements) -> XPath set to field: //input[@name='obj[2].description_1']
13:34:49,943 INFO  [BrowserSelenium] (initElements) -> ID set to field: 
13:34:49,943 INFO  [BrowserSelenium] (initElements) -> Name set to field: 
13:34:49,943 INFO  [BrowserSelenium] (initElements) -> CSS set to field: 
13:34:49,943 INFO  [BrowserSelenium] (initElements) -> XPath set to field: //input[@name='obj[3].description_1']
13:34:49,943 INFO  [BrowserSelenium] (initElements) -> ID set to field: 
13:34:49,943 INFO  [BrowserSelenium] (initElements) -> Name set to field: 
13:34:49,943 INFO  [BrowserSelenium] (initElements) -> CSS set to field: 
13:34:49,943 INFO  [BrowserSelenium] (initElements) -> XPath set to field: //input[@id='obj[3].suspended']
13:34:49,943 INFO  [BrowserSelenium] (initElements) -> ID set to field: 
13:34:49,943 INFO  [BrowserSelenium] (initElements) -> Name set to field: 
13:34:49,953 INFO  [BrowserSelenium] (initElements) -> CSS set to field: 
13:34:49,953 INFO  [BrowserSelenium] (initElements) -> XPath set to field: //input[@id='collectionsRunDate']
13:34:49,953 INFO  [BrowserSelenium] (initElements) -> ID set to field: 
13:34:49,953 INFO  [BrowserSelenium] (initElements) -> Name set to field: 
13:34:49,953 INFO  [BrowserSelenium] (initElements) -> CSS set to field: 
13:34:49,953 INFO  [BrowserSelenium] (initElements) -> XPath set to field: //input[@id='run' and @value='Run Collections']
13:34:49,953 INFO  [BrowserSelenium] (initElements) -> ID set to field: 
13:34:49,953 INFO  [BrowserSelenium] (initElements) -> Name set to field: 
13:34:49,953 INFO  [BrowserSelenium] (initElements) -> CSS set to field: 
13:34:49,953 INFO  [BrowserSelenium] (initElements) -> XPath set to field: //span[text()='Run Collections']
13:34:49,953 INFO  [BrowserSelenium] (initElements) -> ID set to field: 
13:34:49,953 INFO  [BrowserSelenium] (initElements) -> Name set to field: 
13:34:49,953 INFO  [BrowserSelenium] (initElements) -> CSS set to field: 
13:34:49,953 INFO  [BrowserSelenium] (initElements) -> XPath set to field: //img[@alt='add']
13:34:49,953 INFO  [BrowserSelenium] (initElements) -> ID set to field: 
13:34:49,953 INFO  [BrowserSelenium] (initElements) -> Name set to field: 
13:34:49,953 INFO  [BrowserSelenium] (initElements) -> CSS set to field: 
13:34:49,953 INFO  [BrowserSelenium] (initElements) -> XPath set to field: //table[@id='users']/tbody//td/a/strong
13:34:49,953 INFO  [BrowserSelenium] (initElements) -> ID set to field: 
13:34:49,953 INFO  [BrowserSelenium] (initElements) -> Name set to field: 
13:34:49,953 INFO  [BrowserSelenium] (initElements) -> CSS set to field: 
13:34:49,953 INFO  [BrowserSelenium] (initElements) -> XPath set to field: //table[@id='usagePools']/tbody//td/a/strong
13:34:49,953 INFO  [BrowserSelenium] (initElements) -> ID set to field: 
13:34:49,953 INFO  [BrowserSelenium] (initElements) -> Name set to field: 
13:34:49,953 INFO  [BrowserSelenium] (initElements) -> CSS set to field: 
13:34:49,953 INFO  [BrowserSelenium] (initElements) -> XPath set to field: //table[@id='data_grid_column1']/tbody//td/div
13:34:49,953 INFO  [BrowserSelenium] (initElements) -> ID set to field: 
13:34:49,953 INFO  [BrowserSelenium] (initElements) -> Name set to field: 
13:34:49,953 INFO  [BrowserSelenium] (initElements) -> CSS set to field: 
13:34:49,953 INFO  [BrowserSelenium] (initElements) -> XPath set to field: //table[@id='users']
13:34:49,953 INFO  [BrowserSelenium] (initElements) -> ID set to field: 
13:34:49,953 INFO  [BrowserSelenium] (initElements) -> Name set to field: 
13:34:49,953 INFO  [BrowserSelenium] (initElements) -> CSS set to field: 
13:34:49,953 INFO  [BrowserSelenium] (initElements) -> XPath set to field: //table[@id='users']/tbody//td/a/strong
13:34:49,953 INFO  [BrowserSelenium] (initElements) -> ID set to field: 
13:34:49,953 INFO  [BrowserSelenium] (initElements) -> Name set to field: 
13:34:49,953 INFO  [BrowserSelenium] (initElements) -> CSS set to field: 
13:34:49,953 INFO  [BrowserSelenium] (initElements) -> XPath set to field: //span[text()='Permissions']
13:34:49,953 INFO  [BrowserSelenium] (initElements) -> ID set to field: 
13:34:49,953 INFO  [BrowserSelenium] (initElements) -> Name set to field: 
13:34:49,953 INFO  [BrowserSelenium] (initElements) -> CSS set to field: 
13:34:49,953 INFO  [BrowserSelenium] (initElements) -> XPath set to field: //label[contains(text(),'Edit plug-in')]/preceding-sibling::input[@type='box']
13:34:49,953 INFO  [BrowserSelenium] (initElements) -> ID set to field: 
13:34:49,953 INFO  [BrowserSelenium] (initElements) -> Name set to field: 
13:34:49,963 INFO  [BrowserSelenium] (initElements) -> CSS set to field: 
13:34:49,963 INFO  [BrowserSelenium] (initElements) -> XPath set to field: //input[@id = 'permission.1902']
13:34:49,963 INFO  [BrowserSelenium] (initElements) -> ID set to field: 
13:34:49,963 INFO  [BrowserSelenium] (initElements) -> Name set to field: 
13:34:49,963 INFO  [BrowserSelenium] (initElements) -> CSS set to field: 
13:34:49,963 INFO  [BrowserSelenium] (initElements) -> XPath set to field: //label[contains(text(),'Edit payment')]/preceding-sibling::input[@type='checkbox']
13:34:49,963 INFO  [BrowserSelenium] (initElements) -> ID set to field: 
13:34:49,963 INFO  [BrowserSelenium] (initElements) -> Name set to field: 
13:34:49,963 INFO  [BrowserSelenium] (initElements) -> CSS set to field: 
13:34:49,963 INFO  [BrowserSelenium] (initElements) -> XPath set to field: //label[contains(text(),'Delete payment')]/preceding-sibling::input[@type='checkbox']
13:34:49,963 INFO  [BrowserSelenium] (initElements) -> ID set to field: 
13:34:49,963 INFO  [BrowserSelenium] (initElements) -> Name set to field: 
13:34:49,963 INFO  [BrowserSelenium] (initElements) -> CSS set to field: 
13:34:49,963 INFO  [BrowserSelenium] (initElements) -> XPath set to field: //span[contains(text(),'Copy Company')]
13:34:49,963 INFO  [BrowserSelenium] (initElements) -> ID set to field: 
13:34:49,963 INFO  [BrowserSelenium] (initElements) -> Name set to field: 
13:34:49,963 INFO  [BrowserSelenium] (initElements) -> CSS set to field: 
13:34:49,963 INFO  [BrowserSelenium] (initElements) -> XPath set to field: //input[@id='isCompanyChild']
13:34:49,963 INFO  [BrowserSelenium] (initElements) -> ID set to field: 
13:34:49,963 INFO  [BrowserSelenium] (initElements) -> Name set to field: 
13:34:49,963 INFO  [BrowserSelenium] (initElements) -> CSS set to field: 
13:34:49,963 INFO  [BrowserSelenium] (initElements) -> XPath set to field: //input[@id='childCompany']
13:34:49,973 INFO  [BrowserSelenium] (initElements) -> ID set to field: 
13:34:49,973 INFO  [BrowserSelenium] (initElements) -> Name set to field: 
13:34:49,973 INFO  [BrowserSelenium] (initElements) -> CSS set to field: 
13:34:49,973 INFO  [BrowserSelenium] (initElements) -> XPath set to field: //button/span[text()='Yes']
13:34:49,973 INFO  [BrowserSelenium] (initElements) -> ID set to field: 
13:34:49,973 INFO  [BrowserSelenium] (initElements) -> Name set to field: 
13:34:49,973 INFO  [BrowserSelenium] (initElements) -> CSS set to field: 
13:34:49,973 INFO  [BrowserSelenium] (initElements) -> XPath set to field: //button/span[text()='No']
13:34:49,973 INFO  [BrowserSelenium] (initElements) -> ID set to field: 
13:34:49,973 INFO  [BrowserSelenium] (initElements) -> Name set to field: 
13:34:49,973 INFO  [BrowserSelenium] (initElements) -> CSS set to field: 
13:34:49,973 INFO  [BrowserSelenium] (initElements) -> XPath set to field: //strong[text()='Done']/../p
13:34:49,973 INFO  [BrowserSelenium] (initElements) -> ID set to field: 
13:34:49,973 INFO  [BrowserSelenium] (initElements) -> Name set to field: 
13:34:49,973 INFO  [BrowserSelenium] (initElements) -> CSS set to field: 
13:34:49,973 INFO  [BrowserSelenium] (initElements) -> XPath set to field: //input[@id='name']
13:34:49,973 INFO  [BrowserSelenium] (initElements) -> ID set to field: 
13:34:49,973 INFO  [BrowserSelenium] (initElements) -> Name set to field: 
13:34:49,973 INFO  [BrowserSelenium] (initElements) -> CSS set to field: 
13:34:49,973 INFO  [BrowserSelenium] (initElements) -> XPath set to field: //input[@id='orderValue']
13:34:49,973 INFO  [BrowserSelenium] (initElements) -> ID set to field: 
13:34:49,973 INFO  [BrowserSelenium] (initElements) -> Name set to field: 
13:34:49,973 INFO  [BrowserSelenium] (initElements) -> CSS set to field: 
13:34:49,973 INFO  [BrowserSelenium] (initElements) -> XPath set to field: //select[@id='mediationJobLauncher']
13:34:49,973 INFO  [BrowserSelenium] (initElements) -> ID set to field: 
13:34:49,973 INFO  [BrowserSelenium] (initElements) -> Name set to field: 
13:34:49,973 INFO  [BrowserSelenium] (initElements) -> CSS set to field: 
13:34:49,973 INFO  [BrowserSelenium] (initElements) -> XPath set to field: //input[@id='global']
13:34:49,973 INFO  [BrowserSelenium] (initElements) -> ID set to field: 
13:34:49,973 INFO  [BrowserSelenium] (initElements) -> Name set to field: 
13:34:49,973 INFO  [BrowserSelenium] (initElements) -> CSS set to field: 
13:34:49,973 INFO  [BrowserSelenium] (initElements) -> XPath set to field: //span[text()='Run Mediation']
13:34:49,973 INFO  [BrowserSelenium] (initElements) -> ID set to field: 
13:34:49,973 INFO  [BrowserSelenium] (initElements) -> Name set to field: 
13:34:49,973 INFO  [BrowserSelenium] (initElements) -> CSS set to field: 
13:34:49,973 INFO  [BrowserSelenium] (initElements) -> XPath set to field: //input[@id='description']
13:34:49,973 INFO  [BrowserSelenium] (initElements) -> ID set to field: 
13:34:49,973 INFO  [BrowserSelenium] (initElements) -> Name set to field: 
13:34:49,973 INFO  [BrowserSelenium] (initElements) -> CSS set to field: 
13:34:49,973 INFO  [BrowserSelenium] (initElements) -> XPath set to field: //select[@id='periodUnitId']
13:34:49,973 INFO  [BrowserSelenium] (initElements) -> ID set to field: 
13:34:49,973 INFO  [BrowserSelenium] (initElements) -> Name set to field: 
13:34:49,973 INFO  [BrowserSelenium] (initElements) -> CSS set to field: 
13:34:49,973 INFO  [BrowserSelenium] (initElements) -> XPath set to field: //input[@id='value']
13:34:49,973 INFO  [BrowserSelenium] (initElements) -> ID set to field: 
13:34:49,983 INFO  [BrowserSelenium] (initElements) -> Name set to field: 
13:34:49,983 INFO  [BrowserSelenium] (initElements) -> CSS set to field: 
13:34:49,983 INFO  [BrowserSelenium] (initElements) -> XPath set to field: //strong[text()='Should use JQGrid for tables']/parent::a
13:34:49,983 INFO  [BrowserSelenium] (initElements) -> ID set to field: 
13:34:49,983 INFO  [BrowserSelenium] (initElements) -> Name set to field: 
13:34:49,983 INFO  [BrowserSelenium] (initElements) -> CSS set to field: 
13:34:49,983 INFO  [BrowserSelenium] (initElements) -> XPath set to field: //div[text()='Should use JQGrid for tables']/parent::td
13:34:49,983 INFO  [BrowserSelenium] (initElements) -> ID set to field: 
13:34:49,983 INFO  [BrowserSelenium] (initElements) -> Name set to field: 
13:34:49,983 INFO  [BrowserSelenium] (initElements) -> CSS set to field: 
13:34:49,983 INFO  [BrowserSelenium] (initElements) -> XPath set to field: //strong[text()='ITG invoice notification']/parent::a
13:34:49,983 INFO  [BrowserSelenium] (initElements) -> ID set to field: 
13:34:49,983 INFO  [BrowserSelenium] (initElements) -> Name set to field: 
13:34:49,993 INFO  [BrowserSelenium] (initElements) -> CSS set to field: 
13:34:49,993 INFO  [BrowserSelenium] (initElements) -> XPath set to field: //input[@id='preference.value']
13:34:49,993 INFO  [BrowserSelenium] (initElements) -> ID set to field: 
13:34:49,993 INFO  [BrowserSelenium] (initElements) -> Name set to field: 
13:34:49,993 INFO  [BrowserSelenium] (initElements) -> CSS set to field: 
13:34:49,994 INFO  [BrowserSelenium] (initElements) -> XPath set to field: //input[@id='description']
13:34:49,994 INFO  [BrowserSelenium] (initElements) -> ID set to field: 
13:34:49,995 INFO  [BrowserSelenium] (initElements) -> Name set to field: 
13:34:49,995 INFO  [BrowserSelenium] (initElements) -> CSS set to field: 
13:34:49,996 INFO  [BrowserSelenium] (initElements) -> XPath set to field: //input[@id='mainSubscription.nextInvoiceDayOfPeriod']
13:34:49,996 INFO  [BrowserSelenium] (initElements) -> ID set to field: 
13:34:49,996 INFO  [BrowserSelenium] (initElements) -> Name set to field: 
13:34:49,996 INFO  [BrowserSelenium] (initElements) -> CSS set to field: 
13:34:49,996 INFO  [BrowserSelenium] (initElements) -> XPath set to field: //input[@id='invoiceDesign']
13:34:49,997 INFO  [BrowserSelenium] (initElements) -> ID set to field: 
13:34:49,997 INFO  [BrowserSelenium] (initElements) -> Name set to field: 
13:34:49,997 INFO  [BrowserSelenium] (initElements) -> CSS set to field: 
13:34:49,997 INFO  [BrowserSelenium] (initElements) -> XPath set to field: //table[@id='periods']
13:34:49,997 INFO  [BrowserSelenium] (initElements) -> ID set to field: 
13:34:49,997 INFO  [BrowserSelenium] (initElements) -> Name set to field: 
13:34:49,998 INFO  [BrowserSelenium] (initElements) -> CSS set to field: 
13:34:49,998 INFO  [BrowserSelenium] (initElements) -> XPath set to field: //input[@class='cb checkbox']
13:34:49,998 INFO  [BrowserSelenium] (initElements) -> ID set to field: 
13:34:49,998 INFO  [BrowserSelenium] (initElements) -> Name set to field: 
13:34:49,998 INFO  [BrowserSelenium] (initElements) -> CSS set to field: 
13:34:49,998 INFO  [BrowserSelenium] (initElements) -> XPath set to field: //table[@id='periods']/tbody//td/a/strong
13:34:49,998 INFO  [BrowserSelenium] (initElements) -> ID set to field: 
13:34:49,999 INFO  [BrowserSelenium] (initElements) -> Name set to field: 
13:34:49,999 INFO  [BrowserSelenium] (initElements) -> CSS set to field: 
13:34:49,999 INFO  [BrowserSelenium] (initElements) -> XPath set to field: //table[@id='categories']
13:34:49,999 INFO  [BrowserSelenium] (initElements) -> ID set to field: 
13:34:49,999 INFO  [BrowserSelenium] (initElements) -> Name set to field: 
13:34:49,999 INFO  [BrowserSelenium] (initElements) -> CSS set to field: 
13:34:49,999 INFO  [BrowserSelenium] (initElements) -> XPath set to field: //table[@id='periods']/tbody/tr[1]/td/a[1]/strong
13:34:50,000 INFO  [BrowserSelenium] (initElements) -> ID set to field: 
13:34:50,000 INFO  [BrowserSelenium] (initElements) -> Name set to field: 
13:34:50,000 INFO  [BrowserSelenium] (initElements) -> CSS set to field: 
13:34:50,000 INFO  [BrowserSelenium] (initElements) -> XPath set to field: //span[text()='Add Information Type']
13:34:50,000 INFO  [BrowserSelenium] (initElements) -> ID set to field: 
13:34:50,000 INFO  [BrowserSelenium] (initElements) -> Name set to field: 
13:34:50,002 INFO  [BrowserSelenium] (initElements) -> CSS set to field: 
13:34:50,002 INFO  [BrowserSelenium] (initElements) -> XPath set to field: //input[@id='name']
13:34:50,003 INFO  [BrowserSelenium] (initElements) -> ID set to field: 
13:34:50,003 INFO  [BrowserSelenium] (initElements) -> Name set to field: 
13:34:50,003 INFO  [BrowserSelenium] (initElements) -> CSS set to field: 
13:34:50,004 INFO  [BrowserSelenium] (initElements) -> XPath set to field: //span[text()='Add New Metafield']
13:34:50,004 INFO  [BrowserSelenium] (initElements) -> ID set to field: 
13:34:50,004 INFO  [BrowserSelenium] (initElements) -> Name set to field: 
13:34:50,004 INFO  [BrowserSelenium] (initElements) -> CSS set to field: 
13:34:50,005 INFO  [BrowserSelenium] (initElements) -> XPath set to field: //span[text()='-']/parent::li
13:34:50,005 INFO  [BrowserSelenium] (initElements) -> ID set to field: 
13:34:50,005 INFO  [BrowserSelenium] (initElements) -> Name set to field: 
13:34:50,005 INFO  [BrowserSelenium] (initElements) -> CSS set to field: 
13:34:50,006 INFO  [BrowserSelenium] (initElements) -> XPath set to field: //span[text()='-']
13:34:50,006 INFO  [BrowserSelenium] (initElements) -> ID set to field: 
13:34:50,006 INFO  [BrowserSelenium] (initElements) -> Name set to field: 
13:34:50,006 INFO  [BrowserSelenium] (initElements) -> CSS set to field: 
13:34:50,006 INFO  [BrowserSelenium] (initElements) -> XPath set to field: //input[@id='metaField0.name']
13:34:50,006 INFO  [BrowserSelenium] (initElements) -> ID set to field: 
13:34:50,007 INFO  [BrowserSelenium] (initElements) -> Name set to field: 
13:34:50,007 INFO  [BrowserSelenium] (initElements) -> CSS set to field: 
13:34:50,007 INFO  [BrowserSelenium] (initElements) -> XPath set to field: //select[@id='fieldType0']
13:34:50,007 INFO  [BrowserSelenium] (initElements) -> ID set to field: 
13:34:50,007 INFO  [BrowserSelenium] (initElements) -> Name set to field: 
13:34:50,007 INFO  [BrowserSelenium] (initElements) -> CSS set to field: 
13:34:50,008 INFO  [BrowserSelenium] (initElements) -> XPath set to field: //li[contains(@class,'active')]/following::li//a/span[contains(text(),'Update')]
13:34:50,008 INFO  [BrowserSelenium] (initElements) -> ID set to field: 
13:34:50,008 INFO  [BrowserSelenium] (initElements) -> Name set to field: 
13:34:50,008 INFO  [BrowserSelenium] (initElements) -> CSS set to field: 
13:34:50,008 INFO  [BrowserSelenium] (initElements) -> XPath set to field: //li[contains(@class,'active')]/following::li//a/span[contains(text(),'Remove')]
13:34:50,008 INFO  [BrowserSelenium] (initElements) -> ID set to field: 
13:34:50,009 INFO  [BrowserSelenium] (initElements) -> Name set to field: 
13:34:50,009 INFO  [BrowserSelenium] (initElements) -> CSS set to field: 
13:34:50,009 INFO  [BrowserSelenium] (initElements) -> XPath set to field: //div[@id='review-box']//span[text()='Save Changes']
13:34:50,009 INFO  [BrowserSelenium] (initElements) -> ID set to field: 
13:34:50,009 INFO  [BrowserSelenium] (initElements) -> Name set to field: 
13:34:50,009 INFO  [BrowserSelenium] (initElements) -> CSS set to field: 
13:34:50,010 INFO  [BrowserSelenium] (initElements) -> XPath set to field: //span[text()='Prices']
13:34:50,010 INFO  [BrowserSelenium] (initElements) -> ID set to field: 
13:34:50,010 INFO  [BrowserSelenium] (initElements) -> Name set to field: 
13:34:50,010 INFO  [BrowserSelenium] (initElements) -> CSS set to field: 
13:34:50,010 INFO  [BrowserSelenium] (initElements) -> XPath set to field: //select[@id='typeId']
13:34:50,011 INFO  [BrowserSelenium] (initElements) -> ID set to field: 
13:34:50,011 INFO  [BrowserSelenium] (initElements) -> Name set to field: 
13:34:50,011 INFO  [BrowserSelenium] (initElements) -> CSS set to field: 
13:34:50,011 INFO  [BrowserSelenium] (initElements) -> XPath set to field: //table[@id='products']
13:34:50,012 INFO  [BrowserSelenium] (initElements) -> ID set to field: 
13:34:50,013 INFO  [BrowserSelenium] (initElements) -> Name set to field: 
13:34:50,014 INFO  [BrowserSelenium] (initElements) -> CSS set to field: 
13:34:50,014 INFO  [BrowserSelenium] (initElements) -> XPath set to field: //table[@id='products']/tbody//td/a/strong
13:34:50,014 INFO  [BrowserSelenium] (initElements) -> ID set to field: 
13:34:50,015 INFO  [BrowserSelenium] (initElements) -> Name set to field: 
13:34:50,015 INFO  [BrowserSelenium] (initElements) -> CSS set to field: 
13:34:50,015 INFO  [BrowserSelenium] (initElements) -> XPath set to field: //span[text()='Add price']
13:34:50,015 INFO  [BrowserSelenium] (initElements) -> ID set to field: 
13:34:50,015 INFO  [BrowserSelenium] (initElements) -> Name set to field: 
13:34:50,016 INFO  [BrowserSelenium] (initElements) -> CSS set to field: 
13:34:50,016 INFO  [BrowserSelenium] (initElements) -> XPath set to field: //input[@id = 'model.0.rateAsDecimal']
13:34:50,016 INFO  [BrowserSelenium] (initElements) -> ID set to field: 
13:34:50,016 INFO  [BrowserSelenium] (initElements) -> Name set to field: 
13:34:50,027 INFO  [BrowserSelenium] (initElements) -> CSS set to field: 
13:34:50,028 INFO  [BrowserSelenium] (initElements) -> XPath set to field: //img[@alt='edit']
13:34:50,028 INFO  [BrowserSelenium] (initElements) -> ID set to field: 
13:34:50,028 INFO  [BrowserSelenium] (initElements) -> Name set to field: 
13:34:50,029 INFO  [BrowserSelenium] (initElements) -> CSS set to field: 
13:34:50,029 INFO  [BrowserSelenium] (initElements) -> XPath set to field: //select[@id='templateId']
13:34:50,029 INFO  [BrowserSelenium] (initElements) -> ID set to field: 
13:34:50,029 INFO  [BrowserSelenium] (initElements) -> Name set to field: 
13:34:50,029 INFO  [BrowserSelenium] (initElements) -> CSS set to field: 
13:34:50,030 INFO  [BrowserSelenium] (initElements) -> XPath set to field: //option[text()='Payment Card']
13:34:50,030 INFO  [BrowserSelenium] (initElements) -> ID set to field: methodName
13:34:50,030 INFO  [BrowserSelenium] (initElements) -> Name set to field: 
13:34:50,030 INFO  [BrowserSelenium] (initElements) -> CSS set to field: 
13:34:50,030 INFO  [BrowserSelenium] (initElements) -> XPath set to field: 
13:34:50,030 INFO  [BrowserSelenium] (initElements) -> ID set to field: isRecurring
13:34:50,031 INFO  [BrowserSelenium] (initElements) -> Name set to field: 
13:34:50,031 INFO  [BrowserSelenium] (initElements) -> CSS set to field: 
13:34:50,031 INFO  [BrowserSelenium] (initElements) -> XPath set to field: 
13:34:50,031 INFO  [BrowserSelenium] (initElements) -> ID set to field: allAccount
13:34:50,031 INFO  [BrowserSelenium] (initElements) -> Name set to field: 
13:34:50,032 INFO  [BrowserSelenium] (initElements) -> CSS set to field: 
13:34:50,032 INFO  [BrowserSelenium] (initElements) -> XPath set to field: 
13:34:50,032 INFO  [BrowserSelenium] (initElements) -> ID set to field: 
13:34:50,032 INFO  [BrowserSelenium] (initElements) -> Name set to field: 
13:34:50,067 INFO  [BrowserSelenium] (initElements) -> CSS set to field: 
13:34:50,086 INFO  [BrowserSelenium] (initElements) -> XPath set to field: //select[@id='accountTypes']
13:34:50,086 INFO  [BrowserSelenium] (initElements) -> ID set to field: 
13:34:50,086 INFO  [BrowserSelenium] (initElements) -> Name set to field: 
13:34:50,087 INFO  [BrowserSelenium] (initElements) -> CSS set to field: 
13:34:50,088 INFO  [BrowserSelenium] (initElements) -> XPath set to field: //span[text()='cc.number']/parent::li
13:34:50,088 INFO  [BrowserSelenium] (initElements) -> ID set to field: 
13:34:50,089 INFO  [BrowserSelenium] (initElements) -> Name set to field: 
13:34:50,089 INFO  [BrowserSelenium] (initElements) -> CSS set to field: 
13:34:50,089 INFO  [BrowserSelenium] (initElements) -> XPath set to field: //span[text() = 'cc.number']
13:34:50,089 INFO  [BrowserSelenium] (initElements) -> ID set to field: 
13:34:50,089 INFO  [BrowserSelenium] (initElements) -> Name set to field: 
13:34:50,090 INFO  [BrowserSelenium] (initElements) -> CSS set to field: 
13:34:50,090 INFO  [BrowserSelenium] (initElements) -> XPath set to field: //span[text()='cc.number']/parent::li/following::li[contains(@id,'editor')]//select[contains(@id,'newDescriptionLanguage')]
13:34:50,090 INFO  [BrowserSelenium] (initElements) -> ID set to field: 
13:34:50,090 INFO  [BrowserSelenium] (initElements) -> Name set to field: 
13:34:50,090 INFO  [BrowserSelenium] (initElements) -> CSS set to field: 
13:34:50,090 INFO  [BrowserSelenium] (initElements) -> XPath set to field: //span[text()='cc.number']/parent::li/following::li[contains(@id,'editor')]//a[contains(@onclick,'addNewDescription')]/img
13:34:50,091 INFO  [BrowserSelenium] (initElements) -> ID set to field: 
13:34:50,091 INFO  [BrowserSelenium] (initElements) -> Name set to field: 
13:34:50,091 INFO  [BrowserSelenium] (initElements) -> CSS set to field: 
13:34:50,091 INFO  [BrowserSelenium] (initElements) -> XPath set to field: //span[text()='cc.number']/../..//label[text()='English Error message']/../div/input[1]
13:34:50,091 INFO  [BrowserSelenium] (initElements) -> ID set to field: 
13:34:50,092 INFO  [BrowserSelenium] (initElements) -> Name set to field: 
13:34:50,092 INFO  [BrowserSelenium] (initElements) -> CSS set to field: 
13:34:50,092 INFO  [BrowserSelenium] (initElements) -> XPath set to field: //span[text()='cc.number']/parent::li/following::li//div[contains(@id,'descriptions')]//a/img[contains(@src,'cross.png')]
13:34:50,092 INFO  [BrowserSelenium] (initElements) -> ID set to field: 
13:34:50,092 INFO  [BrowserSelenium] (initElements) -> Name set to field: 
13:34:50,092 INFO  [BrowserSelenium] (initElements) -> CSS set to field: 
13:34:50,093 INFO  [BrowserSelenium] (initElements) -> XPath set to field: //span[text()='cc.number']/parent::li/following::li[contains(@id,'editor')]//a//span[text()='Update']
13:34:50,093 INFO  [BrowserSelenium] (initElements) -> ID set to field: 
13:34:50,093 INFO  [BrowserSelenium] (initElements) -> Name set to field: 
13:34:50,093 INFO  [BrowserSelenium] (initElements) -> CSS set to field: 
13:34:50,093 INFO  [BrowserSelenium] (initElements) -> XPath set to field: //span[text()='cc.expiry.date']/parent::li
13:34:50,094 INFO  [BrowserSelenium] (initElements) -> ID set to field: 
13:34:50,094 INFO  [BrowserSelenium] (initElements) -> Name set to field: 
13:34:50,094 INFO  [BrowserSelenium] (initElements) -> CSS set to field: 
13:34:50,094 INFO  [BrowserSelenium] (initElements) -> XPath set to field: //span[text()='cc.expiry.date']/../..
13:34:50,094 INFO  [BrowserSelenium] (initElements) -> ID set to field: 
13:34:50,094 INFO  [BrowserSelenium] (initElements) -> Name set to field: 
13:34:50,095 INFO  [BrowserSelenium] (initElements) -> CSS set to field: 
13:34:50,095 INFO  [BrowserSelenium] (initElements) -> XPath set to field: //span[text()='cc.expiry.date']/parent::li/following::li[contains(@id,'editor')]//select[contains(@id,'newDescriptionLanguage')]
13:34:50,095 INFO  [BrowserSelenium] (initElements) -> ID set to field: 
13:34:50,095 INFO  [BrowserSelenium] (initElements) -> Name set to field: 
13:34:50,095 INFO  [BrowserSelenium] (initElements) -> CSS set to field: 
13:34:50,095 INFO  [BrowserSelenium] (initElements) -> XPath set to field: //span[text()='cc.expiry.date']/parent::li/following::li[contains(@id,'editor')]//a[contains(@onclick,'addNewDescription')]/img
13:34:50,096 INFO  [BrowserSelenium] (initElements) -> ID set to field: 
13:34:50,096 INFO  [BrowserSelenium] (initElements) -> Name set to field: 
13:34:50,096 INFO  [BrowserSelenium] (initElements) -> CSS set to field: 
13:34:50,096 INFO  [BrowserSelenium] (initElements) -> XPath set to field: //span[text()='cc.expiry.date']/../..//label[text()='English Error message']/../div/input[1]
13:34:50,096 INFO  [BrowserSelenium] (initElements) -> ID set to field: 
13:34:50,096 INFO  [BrowserSelenium] (initElements) -> Name set to field: 
13:34:50,097 INFO  [BrowserSelenium] (initElements) -> CSS set to field: 
13:34:50,097 INFO  [BrowserSelenium] (initElements) -> XPath set to field: //span[text()='cc.expiry.date']/parent::li/following::li//div[contains(@id,'descriptions')]//a/img[contains(@src,'cross.png')]
13:34:50,097 INFO  [BrowserSelenium] (initElements) -> ID set to field: 
13:34:50,097 INFO  [BrowserSelenium] (initElements) -> Name set to field: 
13:34:50,097 INFO  [BrowserSelenium] (initElements) -> CSS set to field: 
13:34:50,097 INFO  [BrowserSelenium] (initElements) -> XPath set to field: //span[text()='cc.expiry.date']/parent::li/following::li[contains(@id,'editor')]//a//span[text()='Update']
13:34:50,098 INFO  [BrowserSelenium] (initElements) -> ID set to field: 
13:34:50,098 INFO  [BrowserSelenium] (initElements) -> Name set to field: 
13:34:50,098 INFO  [BrowserSelenium] (initElements) -> CSS set to field: 
13:34:50,098 INFO  [BrowserSelenium] (initElements) -> XPath set to field: //div[@class = 'buttons']//a[contains(@onclick,'submit')]
13:34:50,098 INFO  [BrowserSelenium] (initElements) -> ID set to field: 
13:34:50,099 INFO  [BrowserSelenium] (initElements) -> Name set to field: 
13:34:50,099 INFO  [BrowserSelenium] (initElements) -> CSS set to field: 
13:34:50,099 INFO  [BrowserSelenium] (initElements) -> XPath set to field: //div[@id='breadcrumbs']
13:34:50,099 INFO  [BrowserSelenium] (initElements) -> ID set to field: description
13:34:50,099 INFO  [BrowserSelenium] (initElements) -> Name set to field: 
13:34:50,099 INFO  [BrowserSelenium] (initElements) -> CSS set to field: 
13:34:50,100 INFO  [BrowserSelenium] (initElements) -> XPath set to field: 
13:34:50,100 INFO  [BrowserSelenium] (initElements) -> ID set to field: address1
13:34:50,100 INFO  [BrowserSelenium] (initElements) -> Name set to field: 
13:34:50,100 INFO  [BrowserSelenium] (initElements) -> CSS set to field: 
13:34:50,100 INFO  [BrowserSelenium] (initElements) -> XPath set to field: 
13:34:50,100 INFO  [BrowserSelenium] (initElements) -> ID set to field: city
13:34:50,101 INFO  [BrowserSelenium] (initElements) -> Name set to field: 
13:34:50,101 INFO  [BrowserSelenium] (initElements) -> CSS set to field: 
13:34:50,101 INFO  [BrowserSelenium] (initElements) -> XPath set to field: 
13:34:50,101 INFO  [BrowserSelenium] (initElements) -> ID set to field: stateProvince
13:34:50,101 INFO  [BrowserSelenium] (initElements) -> Name set to field: 
13:34:50,102 INFO  [BrowserSelenium] (initElements) -> CSS set to field: 
13:34:50,102 INFO  [BrowserSelenium] (initElements) -> XPath set to field: 
13:34:50,102 INFO  [BrowserSelenium] (initElements) -> ID set to field: 
13:34:50,102 INFO  [BrowserSelenium] (initElements) -> Name set to field: 
13:34:50,102 INFO  [BrowserSelenium] (initElements) -> CSS set to field: 
13:34:50,103 INFO  [BrowserSelenium] (initElements) -> XPath set to field: //label[contains(text(),'View plugin-in')]/../input[2]
13:34:50,103 INFO  [BrowserSelenium] (initElements) -> ID set to field: 
13:34:50,103 INFO  [BrowserSelenium] (initElements) -> Name set to field: 
13:34:50,103 INFO  [BrowserSelenium] (initElements) -> CSS set to field: 
13:34:50,104 INFO  [BrowserSelenium] (initElements) -> XPath set to field: //label[contains(text(),'Edit plug-in')]/../input[2]
13:34:50,104 INFO  [BrowserSelenium] (initElements) -> ID set to field: 
13:34:50,104 INFO  [BrowserSelenium] (initElements) -> Name set to field: 
13:34:50,105 INFO  [BrowserSelenium] (initElements) -> CSS set to field: 
13:34:50,105 INFO  [BrowserSelenium] (initElements) -> XPath set to field: //label[contains(text(),'Edit role')]/../input[2]
13:34:50,105 INFO  [BrowserSelenium] (initElements) -> ID set to field: 
13:34:50,105 INFO  [BrowserSelenium] (initElements) -> Name set to field: 
13:34:50,105 INFO  [BrowserSelenium] (initElements) -> CSS set to field: 
13:34:50,105 INFO  [BrowserSelenium] (initElements) -> XPath set to field: //div[@id='error-messages']/following-sibling::div//p
13:34:50,106 INFO  [BrowserSelenium] (initElements) -> ID set to field: roles
13:34:50,106 INFO  [BrowserSelenium] (initElements) -> Name set to field: 
13:34:50,106 INFO  [BrowserSelenium] (initElements) -> CSS set to field: 
13:34:50,106 INFO  [BrowserSelenium] (initElements) -> XPath set to field: 
13:34:50,106 INFO  [BrowserSelenium] (initElements) -> ID set to field: 
13:34:50,106 INFO  [BrowserSelenium] (initElements) -> Name set to field: 
13:34:50,107 INFO  [BrowserSelenium] (initElements) -> CSS set to field: 
13:34:50,107 INFO  [BrowserSelenium] (initElements) -> XPath set to field: //label[text()='Show agent menu']/../input[2]
13:34:50,107 INFO  [BrowserSelenium] (initElements) -> ID set to field: 
13:34:50,107 INFO  [BrowserSelenium] (initElements) -> Name set to field: 
13:34:50,107 INFO  [BrowserSelenium] (initElements) -> CSS set to field: 
13:34:50,107 INFO  [BrowserSelenium] (initElements) -> XPath set to field: //label[text()='Edit agent']/../input[2]
13:34:50,108 INFO  [BrowserSelenium] (initElements) -> ID set to field: 
13:34:50,108 INFO  [BrowserSelenium] (initElements) -> Name set to field: 
13:34:50,108 INFO  [BrowserSelenium] (initElements) -> CSS set to field: 
13:34:50,108 INFO  [BrowserSelenium] (initElements) -> XPath set to field: //label[text()='View agent details']/../input[2]
13:34:50,108 INFO  [BrowserSelenium] (initElements) -> ID set to field: 
13:34:50,108 INFO  [BrowserSelenium] (initElements) -> Name set to field: 
13:34:50,109 INFO  [BrowserSelenium] (initElements) -> CSS set to field: 
13:34:50,109 INFO  [BrowserSelenium] (initElements) -> XPath set to field: //a[@class='submit delete']
13:34:50,109 INFO  [BrowserSelenium] (initElements) -> ID set to field: creditLimitAsDecimal
13:34:50,109 INFO  [BrowserSelenium] (initElements) -> Name set to field: 
13:34:50,109 INFO  [BrowserSelenium] (initElements) -> CSS set to field: 
13:34:50,110 INFO  [BrowserSelenium] (initElements) -> XPath set to field: 
13:34:50,110 INFO  [BrowserSelenium] (initElements) -> ID set to field: creditNotificationLimit1AsDecimal
13:34:50,110 INFO  [BrowserSelenium] (initElements) -> Name set to field: 
13:34:50,110 INFO  [BrowserSelenium] (initElements) -> CSS set to field: 
13:34:50,110 INFO  [BrowserSelenium] (initElements) -> XPath set to field: 
13:34:50,111 INFO  [BrowserSelenium] (initElements) -> ID set to field: creditNotificationLimit2AsDecimal
13:34:50,111 INFO  [BrowserSelenium] (initElements) -> Name set to field: 
13:34:50,111 INFO  [BrowserSelenium] (initElements) -> CSS set to field: 
13:34:50,111 INFO  [BrowserSelenium] (initElements) -> XPath set to field: 
13:34:50,111 INFO  [BrowserSelenium] (initElements) -> ID set to field: 
13:34:50,111 INFO  [BrowserSelenium] (initElements) -> Name set to field: 
13:34:50,112 INFO  [BrowserSelenium] (initElements) -> CSS set to field: 
13:34:50,112 INFO  [BrowserSelenium] (initElements) -> XPath set to field: //div[@id='messages']//ul/li
13:34:50,112 INFO  [BrowserSelenium] (initElements) -> ID set to field: payment-method-select
13:34:50,112 INFO  [BrowserSelenium] (initElements) -> Name set to field: 
13:34:50,112 INFO  [BrowserSelenium] (initElements) -> CSS set to field: 
13:34:50,112 INFO  [BrowserSelenium] (initElements) -> XPath set to field: 
13:34:50,113 INFO  [BrowserSelenium] (initElements) -> ID set to field: gs_typeId
13:34:50,113 INFO  [BrowserSelenium] (initElements) -> Name set to field: 
13:34:50,113 INFO  [BrowserSelenium] (initElements) -> CSS set to field: 
13:34:50,113 INFO  [BrowserSelenium] (initElements) -> XPath set to field: 
13:34:50,113 INFO  [BrowserSelenium] (initElements) -> ID set to field: 
13:34:50,114 INFO  [BrowserSelenium] (initElements) -> Name set to field: 
13:34:50,114 INFO  [BrowserSelenium] (initElements) -> CSS set to field: 
13:34:50,114 INFO  [BrowserSelenium] (initElements) -> XPath set to field: //option[text()='
13:34:50,114 INFO  [BrowserSelenium] (initElements) -> ID set to field: 
13:34:50,114 INFO  [BrowserSelenium] (initElements) -> Name set to field: 
13:34:50,114 INFO  [BrowserSelenium] (initElements) -> CSS set to field: 
13:34:50,115 INFO  [BrowserSelenium] (initElements) -> XPath set to field: //strong[contains(text(),'Payment gateway integration')]
13:34:50,115 INFO  [BrowserSelenium] (initElements) -> ID set to field: plg-parm-PaypalUserId
13:34:50,115 INFO  [BrowserSelenium] (initElements) -> Name set to field: 
13:34:50,115 INFO  [BrowserSelenium] (initElements) -> CSS set to field: 
13:34:50,115 INFO  [BrowserSelenium] (initElements) -> XPath set to field: 
13:34:50,115 INFO  [BrowserSelenium] (initElements) -> ID set to field: plg-parm-PaypalPassword
13:34:50,116 INFO  [BrowserSelenium] (initElements) -> Name set to field: 
13:34:50,116 INFO  [BrowserSelenium] (initElements) -> CSS set to field: 
13:34:50,116 INFO  [BrowserSelenium] (initElements) -> XPath set to field: 
13:34:50,116 INFO  [BrowserSelenium] (initElements) -> ID set to field: plg-parm-PaypalSignature
13:34:50,116 INFO  [BrowserSelenium] (initElements) -> Name set to field: 
13:34:50,116 INFO  [BrowserSelenium] (initElements) -> CSS set to field: 
13:34:50,117 INFO  [BrowserSelenium] (initElements) -> XPath set to field: 
13:34:50,117 INFO  [BrowserSelenium] (initElements) -> ID set to field: 
13:34:50,117 INFO  [BrowserSelenium] (initElements) -> Name set to field: 
13:34:50,117 INFO  [BrowserSelenium] (initElements) -> CSS set to field: 
13:34:50,117 INFO  [BrowserSelenium] (initElements) -> XPath set to field: //a[contains(text(),'Company')]
13:34:50,117 INFO  [BrowserSelenium] (initElements) -> ID set to field: 
13:34:50,118 INFO  [BrowserSelenium] (initElements) -> Name set to field: 
13:34:50,118 INFO  [BrowserSelenium] (initElements) -> CSS set to field: 
13:34:50,118 INFO  [BrowserSelenium] (initElements) -> XPath set to field: //div[@class='table-box']//tr//td//a
13:34:50,118 INFO  [BrowserSelenium] (initElements) -> ID set to field: metaField.name
13:34:50,118 INFO  [BrowserSelenium] (initElements) -> Name set to field: 
13:34:50,118 INFO  [BrowserSelenium] (initElements) -> CSS set to field: 
13:34:50,119 INFO  [BrowserSelenium] (initElements) -> XPath set to field: 
13:34:50,119 INFO  [BrowserSelenium] (initElements) -> ID set to field: metaField.dataType
13:34:50,119 INFO  [BrowserSelenium] (initElements) -> Name set to field: 
13:34:50,119 INFO  [BrowserSelenium] (initElements) -> CSS set to field: 
13:34:50,119 INFO  [BrowserSelenium] (initElements) -> XPath set to field: 
13:34:50,119 INFO  [BrowserSelenium] (initElements) -> ID set to field: mandatoryCheck
13:34:50,120 INFO  [BrowserSelenium] (initElements) -> Name set to field: 
13:34:50,120 INFO  [BrowserSelenium] (initElements) -> CSS set to field: 
13:34:50,120 INFO  [BrowserSelenium] (initElements) -> XPath set to field: 
13:34:50,120 INFO  [BrowserSelenium] (initElements) -> ID set to field: disableCheck
13:34:50,120 INFO  [BrowserSelenium] (initElements) -> Name set to field: 
13:34:50,121 INFO  [BrowserSelenium] (initElements) -> CSS set to field: 
13:34:50,121 INFO  [BrowserSelenium] (initElements) -> XPath set to field: 
13:34:50,121 INFO  [BrowserSelenium] (initElements) -> ID set to field: defaultValue
13:34:50,121 INFO  [BrowserSelenium] (initElements) -> Name set to field: 
13:34:50,121 INFO  [BrowserSelenium] (initElements) -> CSS set to field: 
13:34:50,121 INFO  [BrowserSelenium] (initElements) -> XPath set to field: 
13:34:50,122 INFO  [BrowserSelenium] (initElements) -> ID set to field: metaField.validationRule.ruleType
13:34:50,122 INFO  [BrowserSelenium] (initElements) -> Name set to field: 
13:34:50,122 INFO  [BrowserSelenium] (initElements) -> CSS set to field: 
13:34:50,122 INFO  [BrowserSelenium] (initElements) -> XPath set to field: 
13:34:50,122 INFO  [BrowserSelenium] (initElements) -> ID set to field: 
13:34:50,122 INFO  [BrowserSelenium] (initElements) -> Name set to field: 
13:34:50,123 INFO  [BrowserSelenium] (initElements) -> CSS set to field: 
13:34:50,123 INFO  [BrowserSelenium] (initElements) -> XPath set to field: //a[@class='submit save']/span
13:34:50,123 INFO  [BrowserSelenium] (initElements) -> ID set to field: 
13:34:50,123 INFO  [BrowserSelenium] (initElements) -> Name set to field: 
13:34:50,123 INFO  [BrowserSelenium] (initElements) -> CSS set to field: 
13:34:50,124 INFO  [BrowserSelenium] (initElements) -> XPath set to field: //a[@class='submit cancel']/span
13:34:50,124 INFO  [BrowserSelenium] (initElements) -> ID set to field: 
13:34:50,124 INFO  [BrowserSelenium] (initElements) -> Name set to field: 
13:34:50,124 INFO  [BrowserSelenium] (initElements) -> CSS set to field: 
13:34:50,124 INFO  [BrowserSelenium] (initElements) -> XPath set to field: //input[@id='helpCheck'] 
13:34:50,124 INFO  [BrowserSelenium] (initElements) -> ID set to field: 
13:34:50,125 INFO  [BrowserSelenium] (initElements) -> Name set to field: 
13:34:50,125 INFO  [BrowserSelenium] (initElements) -> CSS set to field: 
13:34:50,125 INFO  [BrowserSelenium] (initElements) -> XPath set to field: //table[@id='roles']//tbody//tr
13:34:50,125 INFO  [BrowserSelenium] (initElements) -> ID set to field: 
13:34:50,125 INFO  [BrowserSelenium] (initElements) -> Name set to field: 
13:34:50,126 INFO  [BrowserSelenium] (initElements) -> CSS set to field: 
13:34:50,126 INFO  [BrowserSelenium] (initElements) -> XPath set to field: //select[@id='vis-cols-multi-sel-group-left']//option
13:34:50,126 INFO  [BrowserSelenium] (initElements) -> ID set to field: 
13:34:50,126 INFO  [BrowserSelenium] (initElements) -> Name set to field: 
13:34:50,126 INFO  [BrowserSelenium] (initElements) -> CSS set to field: 
13:34:50,126 INFO  [BrowserSelenium] (initElements) -> XPath set to field: //a[@id='vis-cols-multi-sel-to-right']/span
13:34:50,127 INFO  [BrowserSelenium] (initElements) -> ID set to field: 
13:34:50,127 INFO  [BrowserSelenium] (initElements) -> Name set to field: 
13:34:50,127 INFO  [BrowserSelenium] (initElements) -> CSS set to field: 
13:34:50,127 INFO  [BrowserSelenium] (initElements) -> XPath set to field: //input[@id='name']
13:34:50,127 INFO  [BrowserSelenium] (initElements) -> ID set to field: 
13:34:50,127 INFO  [BrowserSelenium] (initElements) -> Name set to field: 
13:34:50,128 INFO  [BrowserSelenium] (initElements) -> CSS set to field: 
13:34:50,128 INFO  [BrowserSelenium] (initElements) -> XPath set to field: //table[@id='payments']
13:34:50,128 INFO  [BrowserSelenium] (initElements) -> ID set to field: 
13:34:50,128 INFO  [BrowserSelenium] (initElements) -> Name set to field: 
13:34:50,128 INFO  [BrowserSelenium] (initElements) -> CSS set to field: 
13:34:50,128 INFO  [BrowserSelenium] (initElements) -> XPath set to field: //div[text()='Should use JQGrid for tables']/..
13:34:50,129 INFO  [BrowserSelenium] (initElements) -> ID set to field: 
13:34:50,129 INFO  [BrowserSelenium] (initElements) -> Name set to field: 
13:34:50,129 INFO  [BrowserSelenium] (initElements) -> CSS set to field: 
13:34:50,129 INFO  [BrowserSelenium] (initElements) -> XPath set to field: //table[@class='jqTable ui-jqgrid-btable']//tbody//tr/td/div
13:34:50,129 INFO  [BrowserSelenium] (initElements) -> ID set to field: 
13:34:50,129 INFO  [BrowserSelenium] (initElements) -> Name set to field: 
13:34:50,130 INFO  [BrowserSelenium] (initElements) -> CSS set to field: 
13:34:50,130 INFO  [BrowserSelenium] (initElements) -> XPath set to field: //select[contains(@id,'paymentMethodTypeId')]
13:34:50,130 INFO  [BrowserSelenium] (initElements) -> ID set to field: disableCheck
13:34:50,130 INFO  [BrowserSelenium] (initElements) -> Name set to field: 
13:34:50,130 INFO  [BrowserSelenium] (initElements) -> CSS set to field: 
13:34:50,131 INFO  [BrowserSelenium] (initElements) -> XPath set to field: 
13:34:50,131 INFO  [BrowserSelenium] (initElements) -> ID set to field: 
13:34:50,131 INFO  [BrowserSelenium] (initElements) -> Name set to field: 
13:34:50,131 INFO  [BrowserSelenium] (initElements) -> CSS set to field: 
13:34:50,131 INFO  [BrowserSelenium] (initElements) -> XPath set to field: //select[contains(@id,'dataType')]
13:34:50,131 INFO  [BrowserSelenium] (initElements) -> ID set to field: 
13:34:50,132 INFO  [BrowserSelenium] (initElements) -> Name set to field: 
13:34:50,132 INFO  [BrowserSelenium] (initElements) -> CSS set to field: 
13:34:50,132 INFO  [BrowserSelenium] (initElements) -> XPath set to field: //div[@id='left-column']//li[21]
13:34:50,132 INFO  [BrowserSelenium] (initElements) -> ID set to field: 
13:34:50,132 INFO  [BrowserSelenium] (initElements) -> Name set to field: 
13:34:50,132 INFO  [BrowserSelenium] (initElements) -> CSS set to field: 
13:34:50,133 INFO  [BrowserSelenium] (initElements) -> XPath set to field: //div[@class='lang_description_1']//input[@id='obj_0_description_1']
13:34:50,133 INFO  [BrowserSelenium] (initElements) -> ID set to field: 
13:34:50,133 INFO  [BrowserSelenium] (initElements) -> Name set to field: 
13:34:50,133 INFO  [BrowserSelenium] (initElements) -> CSS set to field: 
13:34:50,133 INFO  [BrowserSelenium] (initElements) -> XPath set to field: //div[@class='lang_description_1']//input[@id='obj_1_description_1']
13:34:50,134 INFO  [BrowserSelenium] (initElements) -> ID set to field: 
13:34:50,134 INFO  [BrowserSelenium] (initElements) -> Name set to field: 
13:34:50,134 INFO  [BrowserSelenium] (initElements) -> CSS set to field: 
13:34:50,134 INFO  [BrowserSelenium] (initElements) -> XPath set to field: //strong[contains(text(),'Order Change Statuses')]
13:34:50,134 INFO  [BrowserSelenium] (initElements) -> ID set to field: 
13:34:50,134 INFO  [BrowserSelenium] (initElements) -> Name set to field: 
13:34:50,135 INFO  [BrowserSelenium] (initElements) -> CSS set to field: 
13:34:50,135 INFO  [BrowserSelenium] (initElements) -> XPath set to field: //*[@id='obj[1].order']
13:34:50,135 INFO  [BrowserSelenium] (initElements) -> ID set to field: 
13:34:50,135 INFO  [BrowserSelenium] (initElements) -> Name set to field: 
13:34:50,135 INFO  [BrowserSelenium] (initElements) -> CSS set to field: 
13:34:50,135 INFO  [BrowserSelenium] (initElements) -> XPath set to field: //*[@id='obj[1].applyToOrder']
13:34:50,136 INFO  [BrowserSelenium] (initElements) -> ID set to field: 
13:34:50,136 INFO  [BrowserSelenium] (initElements) -> Name set to field: 
13:34:50,136 INFO  [BrowserSelenium] (initElements) -> CSS set to field: 
13:34:50,136 INFO  [BrowserSelenium] (initElements) -> XPath set to field: //*[@id='obj[0].applyToOrder']
13:34:50,136 INFO  [BrowserSelenium] (initElements) -> ID set to field: 
13:34:50,137 INFO  [BrowserSelenium] (initElements) -> Name set to field: 
13:34:50,137 INFO  [BrowserSelenium] (initElements) -> CSS set to field: 
13:34:50,137 INFO  [BrowserSelenium] (initElements) -> XPath set to field: //table[@id='invoiceTemplates']
13:34:50,138 INFO  [BrowserSelenium] (initElements) -> ID set to field: 
13:34:50,138 INFO  [BrowserSelenium] (initElements) -> Name set to field: 
13:34:50,139 INFO  [BrowserSelenium] (initElements) -> CSS set to field: 
13:34:50,139 INFO  [BrowserSelenium] (initElements) -> XPath set to field: //*[@id='17']/em
13:34:50,139 INFO  [BrowserSelenium] (initElements) -> ID set to field: 
13:34:50,139 INFO  [BrowserSelenium] (initElements) -> Name set to field: 
13:34:50,139 INFO  [BrowserSelenium] (initElements) -> CSS set to field: 
13:34:50,139 INFO  [BrowserSelenium] (initElements) -> XPath set to field: //*[@id='processingOrder']
13:34:50,140 INFO  [BrowserSelenium] (initElements) -> ID set to field: 
13:34:50,140 INFO  [BrowserSelenium] (initElements) -> Name set to field: 
13:34:50,140 INFO  [BrowserSelenium] (initElements) -> CSS set to field: 
13:34:50,140 INFO  [BrowserSelenium] (initElements) -> XPath set to field: //*[@id='typeId']
13:34:50,140 INFO  [BrowserSelenium] (initElements) -> ID set to field: 
13:34:50,140 INFO  [BrowserSelenium] (initElements) -> Name set to field: 
13:34:50,141 INFO  [BrowserSelenium] (initElements) -> CSS set to field: 
13:34:50,141 INFO  [BrowserSelenium] (initElements) -> XPath set to field: //div[@class='heading']//strong
13:34:50,141 INFO  [BrowserSelenium] (initElements) -> ID set to field: 
13:34:50,141 INFO  [BrowserSelenium] (initElements) -> Name set to field: 
13:34:50,141 INFO  [BrowserSelenium] (initElements) -> CSS set to field: 
13:34:50,141 INFO  [BrowserSelenium] (initElements) -> XPath set to field: //*[@id='orderChangeStatusesTable']/tbody/tr[2]/td[5]/a/img
13:34:50,142 INFO  [BrowserSelenium] (initElements) -> ID set to field: 
13:34:50,142 INFO  [BrowserSelenium] (initElements) -> Name set to field: 
13:34:50,142 INFO  [BrowserSelenium] (initElements) -> CSS set to field: 
13:34:50,142 INFO  [BrowserSelenium] (initElements) -> XPath set to field: //*[@id='orderChangeStatusesTable']/tbody/tr[3]/td[5]/a/img
13:34:50,142 INFO  [BrowserSelenium] (initElements) -> ID set to field: 
13:34:50,142 INFO  [BrowserSelenium] (initElements) -> Name set to field: 
13:34:50,143 INFO  [BrowserSelenium] (initElements) -> CSS set to field: 
13:34:50,143 INFO  [BrowserSelenium] (initElements) -> XPath set to field: //*[@id='column1']/div/table/thead/tr/th[2]
13:34:50,143 INFO  [BrowserSelenium] (initElements) -> ID set to field: 
13:34:50,143 INFO  [BrowserSelenium] (initElements) -> Name set to field: 
13:34:50,143 INFO  [BrowserSelenium] (initElements) -> CSS set to field: 
13:34:50,143 INFO  [BrowserSelenium] (initElements) -> XPath set to field: //*[@id='CUSTOMER']/strong
13:34:50,144 INFO  [BrowserSelenium] (initElements) -> ID set to field: 
13:34:50,144 INFO  [BrowserSelenium] (initElements) -> Name set to field: 
13:34:50,144 INFO  [BrowserSelenium] (initElements) -> CSS set to field: 
13:34:50,144 INFO  [BrowserSelenium] (initElements) -> XPath set to field: //*[@id='column1']/div[1]/table/thead/tr/th
13:34:50,144 INFO  [BrowserSelenium] (initElements) -> ID set to field: 
13:34:50,144 INFO  [BrowserSelenium] (initElements) -> Name set to field: 
13:34:50,145 INFO  [BrowserSelenium] (initElements) -> CSS set to field: 
13:34:50,145 INFO  [BrowserSelenium] (initElements) -> XPath set to field: //*[@id='metaField.name']
13:34:50,145 INFO  [BrowserSelenium] (initElements) -> ID set to field: 
13:34:50,145 INFO  [BrowserSelenium] (initElements) -> Name set to field: 
13:34:50,145 INFO  [BrowserSelenium] (initElements) -> CSS set to field: 
13:34:50,145 INFO  [BrowserSelenium] (initElements) -> XPath set to field: //*[@id='metaField.dataType']
13:34:50,146 INFO  [BrowserSelenium] (initElements) -> ID set to field: 
13:34:50,150 INFO  [BrowserSelenium] (initElements) -> Name set to field: 
13:34:50,150 INFO  [BrowserSelenium] (initElements) -> CSS set to field: 
13:34:50,151 INFO  [BrowserSelenium] (initElements) -> XPath set to field: //*[@id='mandatoryCheck']
13:34:50,151 INFO  [BrowserSelenium] (initElements) -> ID set to field: 
13:34:50,151 INFO  [BrowserSelenium] (initElements) -> Name set to field: 
13:34:50,151 INFO  [BrowserSelenium] (initElements) -> CSS set to field: 
13:34:50,151 INFO  [BrowserSelenium] (initElements) -> XPath set to field: //*[@class='table-box']//strong[contains(text(),'Salary')]
13:34:50,152 INFO  [BrowserSelenium] (initElements) -> ID set to field: 
13:34:50,152 INFO  [BrowserSelenium] (initElements) -> Name set to field: 
13:34:50,152 INFO  [BrowserSelenium] (initElements) -> CSS set to field: 
13:34:50,153 INFO  [BrowserSelenium] (initElements) -> XPath set to field: (//button[@type='button'])[3]
13:34:50,153 INFO  [BrowserSelenium] (initElements) -> ID set to field: 
13:34:50,153 INFO  [BrowserSelenium] (initElements) -> Name set to field: 
13:34:50,153 INFO  [BrowserSelenium] (initElements) -> CSS set to field: 
13:34:50,153 INFO  [BrowserSelenium] (initElements) -> XPath set to field: //a[contains(text(),'Payment Method')]
13:34:50,154 INFO  [BrowserSelenium] (initElements) -> ID set to field: 
13:34:50,154 INFO  [BrowserSelenium] (initElements) -> Name set to field: 
13:34:50,154 INFO  [BrowserSelenium] (initElements) -> CSS set to field: 
13:34:50,155 INFO  [BrowserSelenium] (initElements) -> XPath set to field: //a[contains(text(),'Account Type')]
13:34:50,155 INFO  [BrowserSelenium] (initElements) -> ID set to field: 
13:34:50,155 INFO  [BrowserSelenium] (initElements) -> Name set to field: 
13:34:50,155 INFO  [BrowserSelenium] (initElements) -> CSS set to field: 
13:34:50,155 INFO  [BrowserSelenium] (initElements) -> XPath set to field: //div[@id='left-column']/div/ul//li//a[contains(text(),'Account Type')]
13:34:50,155 INFO  [BrowserSelenium] (initElements) -> ID set to field: 
13:34:50,156 INFO  [BrowserSelenium] (initElements) -> Name set to field: 
13:34:50,156 INFO  [BrowserSelenium] (initElements) -> CSS set to field: 
13:34:50,156 INFO  [BrowserSelenium] (initElements) -> XPath set to field: //div[@id='messages']/div[@class='msg-box error']/strong
13:34:50,156 INFO  [BrowserSelenium] (initElements) -> ID set to field: 
13:34:50,156 INFO  [BrowserSelenium] (initElements) -> Name set to field: 
13:34:50,157 INFO  [BrowserSelenium] (initElements) -> CSS set to field: 
13:34:50,157 INFO  [BrowserSelenium] (initElements) -> XPath set to field: //div[@id='messages']/div[@class='msg-box error']/ul/li
13:34:50,157 INFO  [BrowserSelenium] (initElements) -> ID set to field: 
13:34:50,157 INFO  [BrowserSelenium] (initElements) -> Name set to field: 
13:34:50,158 INFO  [BrowserSelenium] (initElements) -> CSS set to field: 
13:34:50,158 INFO  [BrowserSelenium] (initElements) -> XPath set to field: //a[contains(.,'Order Statuses')]
13:34:50,158 INFO  [BrowserSelenium] (initElements) -> ID set to field: 
13:34:50,158 INFO  [BrowserSelenium] (initElements) -> Name set to field: 
13:34:50,158 INFO  [BrowserSelenium] (initElements) -> CSS set to field: 
13:34:50,158 INFO  [BrowserSelenium] (initElements) -> XPath set to field: //a[contains(.,'INVOICE')]
13:34:50,159 INFO  [BrowserSelenium] (initElements) -> ID set to field: 
13:34:50,159 INFO  [BrowserSelenium] (initElements) -> Name set to field: 
13:34:50,159 INFO  [BrowserSelenium] (initElements) -> CSS set to field: 
13:34:50,159 INFO  [BrowserSelenium] (initElements) -> XPath set to field: //a[contains(.,'FINISHED')]
13:34:50,159 INFO  [BrowserSelenium] (initElements) -> ID set to field: 
13:34:50,159 INFO  [BrowserSelenium] (initElements) -> Name set to field: 
13:34:50,160 INFO  [BrowserSelenium] (initElements) -> CSS set to field: 
13:34:50,160 INFO  [BrowserSelenium] (initElements) -> XPath set to field: //a[contains(.,'NOT_INVOICE')]
13:34:50,160 INFO  [BrowserSelenium] (initElements) -> ID set to field: 
13:34:50,160 INFO  [BrowserSelenium] (initElements) -> Name set to field: 
13:34:50,160 INFO  [BrowserSelenium] (initElements) -> CSS set to field: 
13:34:50,161 INFO  [BrowserSelenium] (initElements) -> XPath set to field: //a[contains(.,'SUSPENDED_AGEING')]
13:34:50,161 INFO  [BrowserSelenium] (initElements) -> ID set to field: 
13:34:50,161 INFO  [BrowserSelenium] (initElements) -> Name set to field: 
13:34:50,161 INFO  [BrowserSelenium] (initElements) -> CSS set to field: 
13:34:50,162 INFO  [BrowserSelenium] (initElements) -> XPath set to field: //a[contains(.,'Active')]
13:34:50,162 INFO  [BrowserSelenium] (initElements) -> ID set to field: 
13:34:50,162 INFO  [BrowserSelenium] (initElements) -> Name set to field: 
13:34:50,162 INFO  [BrowserSelenium] (initElements) -> CSS set to field: 
13:34:50,162 INFO  [BrowserSelenium] (initElements) -> XPath set to field: //a[contains(.,'Finished')]
13:34:50,163 INFO  [BrowserSelenium] (initElements) -> ID set to field: 
13:34:50,163 INFO  [BrowserSelenium] (initElements) -> Name set to field: 
13:34:50,163 INFO  [BrowserSelenium] (initElements) -> CSS set to field: 
13:34:50,163 INFO  [BrowserSelenium] (initElements) -> XPath set to field: //a[contains(.,'Suspended')]
13:34:50,163 INFO  [BrowserSelenium] (initElements) -> ID set to field: 
13:34:50,164 INFO  [BrowserSelenium] (initElements) -> Name set to field: 
13:34:50,164 INFO  [BrowserSelenium] (initElements) -> CSS set to field: 
13:34:50,164 INFO  [BrowserSelenium] (initElements) -> XPath set to field: //a[contains(.,'Suspended ageing(auto)')]
13:34:50,164 INFO  [BrowserSelenium] (initElements) -> ID set to field: 
13:34:50,164 INFO  [BrowserSelenium] (initElements) -> Name set to field: 
13:34:50,165 INFO  [BrowserSelenium] (initElements) -> CSS set to field: 
13:34:50,165 INFO  [BrowserSelenium] (initElements) -> XPath set to field: //input[@id='description']
13:34:50,165 INFO  [BrowserSelenium] (initElements) -> ID set to field: 
13:34:50,165 INFO  [BrowserSelenium] (initElements) -> Name set to field: 
13:34:50,165 INFO  [BrowserSelenium] (initElements) -> CSS set to field: 
13:34:50,166 INFO  [BrowserSelenium] (initElements) -> XPath set to field: //select[contains(@id,'orderStatusFlag')]
13:34:50,166 INFO  [BrowserSelenium] (initElements) -> ID set to field: 
13:34:50,166 INFO  [BrowserSelenium] (initElements) -> Name set to field: 
13:34:50,166 INFO  [BrowserSelenium] (initElements) -> CSS set to field: 
13:34:50,166 INFO  [BrowserSelenium] (initElements) -> XPath set to field: //div[@id='error-messages']/ul/li
13:34:50,167 INFO  [BrowserSelenium] (initElements) -> ID set to field: 
13:34:50,167 INFO  [BrowserSelenium] (initElements) -> Name set to field: 
13:34:50,167 INFO  [BrowserSelenium] (initElements) -> CSS set to field: 
13:34:50,167 INFO  [BrowserSelenium] (initElements) -> XPath set to field: //div[@id='messages']//div[@class='msg-box error'][1]/ul/li
13:34:50,167 INFO  [BrowserSelenium] (initElements) -> ID set to field: 
13:34:50,167 INFO  [BrowserSelenium] (initElements) -> Name set to field: 
13:34:50,168 INFO  [BrowserSelenium] (initElements) -> CSS set to field: 
13:34:50,168 INFO  [BrowserSelenium] (initElements) -> XPath set to field: //div[@id='error-messages']/ul/li[1]
13:34:50,168 INFO  [BrowserSelenium] (initElements) -> ID set to field: 
13:34:50,168 INFO  [BrowserSelenium] (initElements) -> Name set to field: 
13:34:50,168 INFO  [BrowserSelenium] (initElements) -> CSS set to field: 
13:34:50,169 INFO  [BrowserSelenium] (initElements) -> XPath set to field: //div[@id='error-messages']/ul/li[2]
13:34:50,169 INFO  [BrowserSelenium] (initElements) -> ID set to field: name
13:34:50,169 INFO  [BrowserSelenium] (initElements) -> Name set to field: 
13:34:50,170 INFO  [BrowserSelenium] (initElements) -> CSS set to field: 
13:34:50,170 INFO  [BrowserSelenium] (initElements) -> XPath set to field: 
13:34:50,170 INFO  [BrowserSelenium] (initElements) -> ID set to field: usagePool.names[0].content
13:34:50,170 INFO  [BrowserSelenium] (initElements) -> Name set to field: 
13:34:50,170 INFO  [BrowserSelenium] (initElements) -> CSS set to field: 
13:34:50,171 INFO  [BrowserSelenium] (initElements) -> XPath set to field: 
13:34:50,171 INFO  [BrowserSelenium] (initElements) -> ID set to field: usagePool.cyclePeriodValue
13:34:50,171 INFO  [BrowserSelenium] (initElements) -> Name set to field: 
13:34:50,171 INFO  [BrowserSelenium] (initElements) -> CSS set to field: 
13:34:50,171 INFO  [BrowserSelenium] (initElements) -> XPath set to field: 
13:34:50,171 INFO  [BrowserSelenium] (initElements) -> ID set to field: usagePool.quantity
13:34:50,172 INFO  [BrowserSelenium] (initElements) -> Name set to field: 
13:34:50,172 INFO  [BrowserSelenium] (initElements) -> CSS set to field: 
13:34:50,172 INFO  [BrowserSelenium] (initElements) -> XPath set to field: 
13:34:50,172 INFO  [BrowserSelenium] (initElements) -> ID set to field: usagePool.consumptionActions.1.percentage
13:34:50,172 INFO  [BrowserSelenium] (initElements) -> Name set to field: 
13:34:50,172 INFO  [BrowserSelenium] (initElements) -> CSS set to field: 
13:34:50,173 INFO  [BrowserSelenium] (initElements) -> XPath set to field: 
13:34:50,173 INFO  [BrowserSelenium] (initElements) -> ID set to field: usagePool.consumptionActions.2.percentage
13:34:50,173 INFO  [BrowserSelenium] (initElements) -> Name set to field: 
13:34:50,173 INFO  [BrowserSelenium] (initElements) -> CSS set to field: 
13:34:50,173 INFO  [BrowserSelenium] (initElements) -> XPath set to field: 
13:34:50,173 INFO  [BrowserSelenium] (initElements) -> ID set to field: usagePool.consumptionActions.2.productId
13:34:50,174 INFO  [BrowserSelenium] (initElements) -> Name set to field: 
13:34:50,174 INFO  [BrowserSelenium] (initElements) -> CSS set to field: 
13:34:50,174 INFO  [BrowserSelenium] (initElements) -> XPath set to field: 
13:34:50,174 INFO  [BrowserSelenium] (initElements) -> ID set to field: 
13:34:50,174 INFO  [BrowserSelenium] (initElements) -> Name set to field: 
13:34:50,174 INFO  [BrowserSelenium] (initElements) -> CSS set to field: 
13:34:50,175 INFO  [BrowserSelenium] (initElements) -> XPath set to field: //input[contains(@id,'.value')]
13:34:50,175 INFO  [BrowserSelenium] (initElements) -> ID set to field: 
13:34:50,175 INFO  [BrowserSelenium] (initElements) -> Name set to field: 
13:34:50,175 INFO  [BrowserSelenium] (initElements) -> CSS set to field: 
13:34:50,175 INFO  [BrowserSelenium] (initElements) -> XPath set to field: //label[text()='1']/..//input[contains(@id,'.value')]
13:34:50,176 INFO  [BrowserSelenium] (initElements) -> ID set to field: 
13:34:50,176 INFO  [BrowserSelenium] (initElements) -> Name set to field: 
13:34:50,176 INFO  [BrowserSelenium] (initElements) -> CSS set to field: 
13:34:50,176 INFO  [BrowserSelenium] (initElements) -> XPath set to field: //table[@id='enumerations']/tbody/tr/td//strong
13:34:50,176 INFO  [BrowserSelenium] (initElements) -> ID set to field: 
13:34:50,176 INFO  [BrowserSelenium] (initElements) -> Name set to field: 
13:34:50,177 INFO  [BrowserSelenium] (initElements) -> CSS set to field: 
13:34:50,177 INFO  [BrowserSelenium] (initElements) -> XPath set to field: //img[@alt='Add more values']
13:34:50,177 INFO  [BrowserSelenium] (initElements) -> ID set to field: 
13:34:50,177 INFO  [BrowserSelenium] (initElements) -> Name set to field: 
13:34:50,177 INFO  [BrowserSelenium] (initElements) -> CSS set to field: 
13:34:50,177 INFO  [BrowserSelenium] (initElements) -> XPath set to field: //img[@alt='remove this value']
13:34:50,178 INFO  [BrowserSelenium] (initElements) -> ID set to field: 
13:34:50,178 INFO  [BrowserSelenium] (initElements) -> Name set to field: 
13:34:50,178 INFO  [BrowserSelenium] (initElements) -> CSS set to field: 
13:34:50,178 INFO  [BrowserSelenium] (initElements) -> XPath set to field: //span[@id='mandatory-meta-field']/../following::input[1]
13:34:50,178 INFO  [BrowserSelenium] (initElements) -> ID set to field: 
13:34:50,178 INFO  [BrowserSelenium] (initElements) -> Name set to field: 
13:34:50,179 INFO  [BrowserSelenium] (initElements) -> CSS set to field: 
13:34:50,179 INFO  [BrowserSelenium] (initElements) -> XPath set to field: //label[text()='MetaField Type']/following::select[1]
13:34:50,179 INFO  [BrowserSelenium] (initElements) -> ID set to field: 
13:34:50,179 INFO  [BrowserSelenium] (initElements) -> Name set to field: 
13:34:50,179 INFO  [BrowserSelenium] (initElements) -> CSS set to field: 
13:34:50,179 INFO  [BrowserSelenium] (initElements) -> XPath set to field: //a[contains(text(),'Meta Fields')]
13:34:50,180 INFO  [BrowserSelenium] (initElements) -> ID set to field: 
13:34:50,180 INFO  [BrowserSelenium] (initElements) -> Name set to field: 
13:34:50,180 INFO  [BrowserSelenium] (initElements) -> CSS set to field: 
13:34:50,180 INFO  [BrowserSelenium] (initElements) -> XPath set to field: //div[@class='table-box']/table/tbody/tr/td/a/strong
13:34:50,180 INFO  [BrowserSelenium] (initElements) -> ID set to field: 
13:34:50,180 INFO  [BrowserSelenium] (initElements) -> Name set to field: 
13:34:50,181 INFO  [BrowserSelenium] (initElements) -> CSS set to field: 
13:34:50,181 INFO  [BrowserSelenium] (initElements) -> XPath set to field: //ul[@id='metafield-ait']/form[1]//span[text()='Not Mandatory']
13:34:50,181 INFO  [BrowserSelenium] EXIT --> (initElements)
13:34:50,205 INFO  [DomParser] (<init>) -> Root element :testdata
13:34:50,205 INFO  [DomParser] ENTER --> (getTestDataSetNodesWithValues)
13:34:50,205 INFO  [DomParser] (getNodes) -> Nodes found with testdataset = 65
13:34:50,205 INFO  [DomParser] (getTestDataSetNodesList) -> Checking node [testdataset] at index 0
13:34:50,205 INFO  [DomParser] (getTestDataSetNodesList) -> develop|lab -- addPlugin -- ap
13:34:50,205 INFO  [DomParser] (getTestDataSetNodesList) -> Checking node [testdataset] at index 1
13:34:50,205 INFO  [DomParser] (getTestDataSetNodesList) -> develop|lab -- BillingProcess -- cbp
13:34:50,205 INFO  [DomParser] (getTestDataSetNodesList) -> Checking node [testdataset] at index 2
13:34:50,205 INFO  [DomParser] (getTestDataSetNodesList) -> develop|lab3 -- collectionsStepOne -- ccd
13:34:50,205 INFO  [DomParser] (getTestDataSetNodesList) -> Checking node [testdataset] at index 3
13:34:50,205 INFO  [DomParser] (getTestDataSetNodesList) -> develop|lab3 -- collectionsStepTwo -- ccd
13:34:50,205 INFO  [DomParser] (getTestDataSetNodesList) -> Checking node [testdataset] at index 4
13:34:50,205 INFO  [DomParser] (getTestDataSetNodesList) -> develop|lab3 -- collectionsStepThree -- ccd
13:34:50,205 INFO  [DomParser] (getTestDataSetNodesList) -> Checking node [testdataset] at index 5
13:34:50,205 INFO  [DomParser] (getTestDataSetNodesList) -> develop|lab3 -- collectionsStepFour -- ccd
13:34:50,205 INFO  [DomParser] (getTestDataSetNodesList) -> Checking node [testdataset] at index 6
13:34:50,205 INFO  [DomParser] (getTestDataSetNodesList) -> develop|lab3 -- addMediation -- am
13:34:50,205 INFO  [DomParser] (getTestDataSetNodesList) -> Checking node [testdataset] at index 7
13:34:50,205 INFO  [DomParser] (getTestDataSetNodesList) -> develop|lab3 -- addFreeUsagePool -- afup
13:34:50,205 INFO  [DomParser] (getTestDataSetNodesList) -> Checking node [testdataset] at index 8
13:34:50,205 INFO  [DomParser] (getTestDataSetNodesList) -> develop|lab3 -- firstOrderPeriod -- op
13:34:50,205 INFO  [DomParser] (getTestDataSetNodesList) -> Checking node [testdataset] at index 9
13:34:50,215 INFO  [DomParser] (getTestDataSetNodesList) -> develop|lab3 -- secondOrderPeriod -- op
13:34:50,215 INFO  [DomParser] (getTestDataSetNodesList) -> Checking node [testdataset] at index 10
13:34:50,215 INFO  [DomParser] (getTestDataSetNodesList) -> develop|lab3 -- thirdOrderPeriod -- op
13:34:50,215 INFO  [DomParser] (getTestDataSetNodesList) -> Checking node [testdataset] at index 11
13:34:50,215 INFO  [DomParser] (getTestDataSetNodesList) -> develop|lab3 -- addAccountType -- aat
13:34:50,215 INFO  [DomParser] (getTestDataSetNodesList) -> Checking node [testdataset] at index 12
13:34:50,215 INFO  [DomParser] (getTestDataSetNodesList) -> develop|lab3 -- addSecondAccountType -- aat
13:34:50,215 INFO  [DomParser] (getTestDataSetNodesList) -> Checking node [testdataset] at index 13
13:34:50,215 INFO  [DomParser] (getTestDataSetNodesList) -> develop|lab3 -- editSecondAccountType -- aat
13:34:50,215 INFO  [DomParser] (getTestDataSetNodesList) -> Checking node [testdataset] at index 14
13:34:50,215 INFO  [DomParser] (getTestDataSetNodesList) -> develop|lab -- AddInfoToAccountType -- aitac
13:34:50,215 INFO  [DomParser] (getTestDataSetNodesList) -> Checking node [testdataset] at index 15
13:34:50,215 INFO  [DomParser] (getTestDataSetNodesList) -> develop|lab -- addPrice -- ap
13:34:50,215 INFO  [DomParser] (getTestDataSetNodesList) -> Checking node [testdataset] at index 16
13:34:50,215 INFO  [DomParser] (getTestDataSetNodesList) -> develop|lab -- editPrice -- ap
13:34:50,215 INFO  [DomParser] (getTestDataSetNodesList) -> Checking node [testdataset] at index 17
13:34:50,215 INFO  [DomParser] (getTestDataSetNodesList) -> develop|lab -- testPaymentType -- pt
13:34:50,215 INFO  [DomParser] (getTestDataSetNodesList) -> Checking node [testdataset] at index 18
13:34:50,215 INFO  [DomParser] (getTestDataSetNodesList) -> develop|lab -- secondTestPaymentType -- pt
13:34:50,215 INFO  [DomParser] (getTestDataSetNodesList) -> Checking node [testdataset] at index 19
13:34:50,215 INFO  [DomParser] (getTestDataSetNodesList) -> develop|lab -- setPreferenceValue -- pc
13:34:50,215 INFO  [DomParser] (getTestDataSetNodesList) -> Checking node [testdataset] at index 20
13:34:50,215 INFO  [DomParser] (getTestDataSetNodesList) -> develop|lab3 -- SelectUsagePoolName -- supn
13:34:50,215 INFO  [DomParser] (getTestDataSetNodesList) -> Checking node [testdataset] at index 21
13:34:50,215 INFO  [DomParser] (getTestDataSetNodesList) -> develop|lab -- configurePaymentMethod -- pm
13:34:50,215 INFO  [DomParser] (getTestDataSetNodesList) -> Checking node [testdataset] at index 22
13:34:50,215 INFO  [DomParser] (getTestDataSetNodesList) -> develop|lab -- selectPluginCategory -- pc
13:34:50,215 INFO  [DomParser] (getTestDataSetNodesList) -> Checking node [testdataset] at index 23
13:34:50,215 INFO  [DomParser] (getTestDataSetNodesList) -> develop|lab -- updatePreference -- up
13:34:50,215 INFO  [DomParser] (getTestDataSetNodesList) -> Checking node [testdataset] at index 24
13:34:50,215 INFO  [DomParser] (getTestDataSetNodesList) -> develop|lab -- pluginPermissions -- pp
13:34:50,215 INFO  [DomParser] (getTestDataSetNodesList) -> Checking node [testdataset] at index 25
13:34:50,215 INFO  [DomParser] (getTestDataSetNodesList) -> develop|lab -- pluginAndAgentPermissions -- pap
13:34:50,215 INFO  [DomParser] (getTestDataSetNodesList) -> Checking node [testdataset] at index 26
13:34:50,215 INFO  [DomParser] (getTestDataSetNodesList) -> develop|lab -- accountWithAllAccountType -- awaat
13:34:50,215 INFO  [DomParser] (getTestDataSetNodesList) -> Checking node [testdataset] at index 27
13:34:50,215 INFO  [DomParser] (getTestDataSetNodesList) -> develop|lab -- addPaypalPaymentPlugin -- appp
13:34:50,215 INFO  [DomParser] (getTestDataSetNodesList) -> Checking node [testdataset] at index 28
13:34:50,215 INFO  [DomParser] (getTestDataSetNodesList) -> develop|lab -- TC02_EditCompanyDetails -- cd
13:34:50,215 INFO  [DomParser] (getTestDataSetNodesList) -> Checking node [testdataset] at index 29
13:34:50,215 INFO  [DomParser] (getTestDataSetNodesList) -> develop|lab -- TC07_AddCardPaymentMethod -- apm
13:34:50,215 INFO  [DomParser] (getTestDataSetNodesList) -> Checking node [testdataset] at index 30
13:34:50,215 INFO  [DomParser] (getTestDataSetNodesList) -> develop|lab -- TC08_CreatePaymentMethodACH -- apm
13:34:50,215 INFO  [DomParser] (getTestDataSetNodesList) -> Checking node [testdataset] at index 31
13:34:50,215 INFO  [DomParser] (getTestDataSetNodesList) -> develop|lab -- TC09_addChequePaymentMethod -- apm
13:34:50,215 INFO  [DomParser] (getTestDataSetNodesList) -> Checking node [testdataset] at index 32
13:34:50,215 INFO  [DomParser] (getTestDataSetNodesList) -> develop|lab -- TC10_AddEditDeletePaymentMethod -- aedpm
13:34:50,215 INFO  [DomParser] (getTestDataSetNodesList) -> Checking node [testdataset] at index 33
13:34:50,215 INFO  [DomParser] (getTestDataSetNodesList) -> develop|lab -- TC11_AccountTypeWithCreditLimit -- atcl
13:34:50,215 INFO  [DomParser] (getTestDataSetNodesList) -> Checking node [testdataset] at index 34
13:34:50,215 INFO  [DomParser] (getTestDataSetNodesList) -> develop|lab -- mandatoryFieldAccountType -- mfat
13:34:50,215 INFO  [DomParser] (getTestDataSetNodesWithValues) -> 3
13:34:50,215 INFO  [DomParser] (getTestDataSetNodesWithValues) -> text node found; skipping this node
13:34:50,215 INFO  [DomParser] (getTestDataSetNodesWithValues) -> message <<---->>  The Account Type has an error in the Name field
		 <<---->> 1
13:34:50,215 INFO  [DomParser] (getTestDataSetNodesWithValues) -> text node found; skipping this node
13:34:50,215 INFO  [DomParser] EXIT --> (getTestDataSetNodesWithValues)
13:34:50,215 INFO  [BrowserSelenium] ENTER --> (clickLinkText)
13:34:50,215 INFO  [BrowserSelenium] ENTER --> (_waitForElement) --> Waiting for element: null
13:34:50,215 INFO  [BrowserSelenium] ENTER --> (waitForElement)
13:34:51,636 INFO  [BrowserSelenium] ENTER --> (_getByLocator)
13:34:51,646 INFO  [BrowserSelenium] (_getByLocator) -> Getting locator for null
13:34:51,646 INFO  [BrowserSelenium] (_getByLocator) -> Locator info found for XPATH attribute as: //span[text()='Add New']
13:34:51,646 INFO  [BrowserSelenium] ENTER --> (_parseElementOnXpath)
13:34:51,646 INFO  [BrowserSelenium] (_parseElementOnXpath) -> //span[text()='Add New'] is used
13:34:51,646 INFO  [BrowserSelenium] EXIT --> (_parseElementOnXpath)
13:34:51,646 INFO  [BrowserSelenium] EXIT --> (_getByLocator)
13:34:51,676 INFO  [BrowserSelenium] ENTER --> (_getByLocator)
13:34:51,676 INFO  [BrowserSelenium] (_getByLocator) -> Getting locator for null
13:34:51,676 INFO  [BrowserSelenium] (_getByLocator) -> Locator info found for XPATH attribute as: //span[text()='Add New']
13:34:51,676 INFO  [BrowserSelenium] ENTER --> (_parseElementOnXpath)
13:34:51,676 INFO  [BrowserSelenium] (_parseElementOnXpath) -> //span[text()='Add New'] is used
13:34:51,676 INFO  [BrowserSelenium] EXIT --> (_parseElementOnXpath)
13:34:51,676 INFO  [BrowserSelenium] EXIT --> (_getByLocator)
13:34:51,736 INFO  [BrowserSelenium] (waitForElement) -> element wait eligibility found: true
13:34:51,736 INFO  [BrowserSelenium] ENTER --> (_waitForJStoLoad)
13:34:51,806 INFO  [BrowserSelenium] EXIT --> (_waitForJStoLoad) --> DOM load wait done: true
13:34:51,806 INFO  [BrowserSelenium] (waitForElement) -> element wait eligibility set: true
13:34:51,806 INFO  [BrowserSelenium] EXIT --> (waitForElement)
13:34:51,806 INFO  [BrowserSelenium] EXIT --> (_waitForElement)
13:34:51,816 INFO  [BrowserSelenium] ENTER --> (_getByLocator)
13:34:51,816 INFO  [BrowserSelenium] (_getByLocator) -> Getting locator for null
13:34:51,816 INFO  [BrowserSelenium] (_getByLocator) -> Locator info found for XPATH attribute as: //span[text()='Add New']
13:34:51,816 INFO  [BrowserSelenium] ENTER --> (_parseElementOnXpath)
13:34:51,816 INFO  [BrowserSelenium] (_parseElementOnXpath) -> //span[text()='Add New'] is used
13:34:51,816 INFO  [BrowserSelenium] EXIT --> (_parseElementOnXpath)
13:34:51,816 INFO  [BrowserSelenium] EXIT --> (_getByLocator)
13:34:51,856 INFO  [BrowserSelenium] ENTER --> (_clickUsingJavaScript)
13:34:51,916 INFO  [BrowserSelenium] EXIT --> (_clickUsingJavaScript)
13:34:51,916 INFO  [BrowserSelenium] EXIT --> (clickLinkText)
13:34:51,916 INFO  [BrowserSelenium] ENTER --> (initElements)
13:34:51,916 INFO  [BrowserSelenium] (initElements) -> ID set to field: 
13:34:51,916 INFO  [BrowserSelenium] (initElements) -> Name set to field: 
13:34:51,916 INFO  [BrowserSelenium] (initElements) -> CSS set to field: 
13:34:51,916 INFO  [BrowserSelenium] (initElements) -> XPath set to field: //div[@class='menu-items']/ul/li
13:34:51,916 INFO  [BrowserSelenium] (initElements) -> ID set to field: 
13:34:51,916 INFO  [BrowserSelenium] (initElements) -> Name set to field: 
13:34:51,916 INFO  [BrowserSelenium] (initElements) -> CSS set to field: 
13:34:51,916 INFO  [BrowserSelenium] (initElements) -> XPath set to field: //div[@id='column1']/div[@class='table-box']/table/tbody//td/a/strong
13:34:51,916 INFO  [BrowserSelenium] (initElements) -> ID set to field: 
13:34:51,916 INFO  [BrowserSelenium] (initElements) -> Name set to field: 
13:34:51,916 INFO  [BrowserSelenium] (initElements) -> CSS set to field: 
13:34:51,916 INFO  [BrowserSelenium] (initElements) -> XPath set to field: //span[text()='Add New']
13:34:51,916 INFO  [BrowserSelenium] (initElements) -> ID set to field: 
13:34:51,916 INFO  [BrowserSelenium] (initElements) -> Name set to field: 
13:34:51,916 INFO  [BrowserSelenium] (initElements) -> CSS set to field: 
13:34:51,916 INFO  [BrowserSelenium] (initElements) -> XPath set to field: //span[text()='Save Changes']
13:34:51,916 INFO  [BrowserSelenium] (initElements) -> ID set to field: 
13:34:51,916 INFO  [BrowserSelenium] (initElements) -> Name set to field: 
13:34:51,916 INFO  [BrowserSelenium] (initElements) -> CSS set to field: 
13:34:51,916 INFO  [BrowserSelenium] (initElements) -> XPath set to field: //span[text()='Cancel']
13:34:51,916 INFO  [BrowserSelenium] (initElements) -> ID set to field: 
13:34:51,916 INFO  [BrowserSelenium] (initElements) -> Name set to field: 
13:34:51,916 INFO  [BrowserSelenium] (initElements) -> CSS set to field: 
13:34:51,916 INFO  [BrowserSelenium] (initElements) -> XPath set to field: //span[text()='Upload File']
13:34:51,916 INFO  [BrowserSelenium] (initElements) -> ID set to field: 
13:34:51,916 INFO  [BrowserSelenium] (initElements) -> Name set to field: 
13:34:51,916 INFO  [BrowserSelenium] (initElements) -> CSS set to field: 
13:34:51,916 INFO  [BrowserSelenium] (initElements) -> XPath set to field: //input[@type='file']
13:34:51,916 INFO  [BrowserSelenium] (initElements) -> ID set to field: 
13:34:51,916 INFO  [BrowserSelenium] (initElements) -> Name set to field: 
13:34:51,916 INFO  [BrowserSelenium] (initElements) -> CSS set to field: 
13:34:51,916 INFO  [BrowserSelenium] (initElements) -> XPath set to field: //span[contains(text(),'Edit')]
13:34:51,916 INFO  [BrowserSelenium] (initElements) -> ID set to field: 
13:34:51,916 INFO  [BrowserSelenium] (initElements) -> Name set to field: 
13:34:51,916 INFO  [BrowserSelenium] (initElements) -> CSS set to field: 
13:34:51,916 INFO  [BrowserSelenium] (initElements) -> XPath set to field: //a[@class='submit save']
13:34:51,916 INFO  [BrowserSelenium] (initElements) -> ID set to field: 
13:34:51,916 INFO  [BrowserSelenium] (initElements) -> Name set to field: 
13:34:51,916 INFO  [BrowserSelenium] (initElements) -> CSS set to field: 
13:34:51,926 INFO  [BrowserSelenium] (initElements) -> XPath set to field: //select[@id='typeId']
13:34:51,926 INFO  [BrowserSelenium] (initElements) -> ID set to field: 
13:34:51,926 INFO  [BrowserSelenium] (initElements) -> Name set to field: 
13:34:51,926 INFO  [BrowserSelenium] (initElements) -> CSS set to field: 
13:34:51,926 INFO  [BrowserSelenium] (initElements) -> XPath set to field: //input[@id='processingOrder']
13:34:51,926 INFO  [BrowserSelenium] (initElements) -> ID set to field: 
13:34:51,926 INFO  [BrowserSelenium] (initElements) -> Name set to field: 
13:34:51,926 INFO  [BrowserSelenium] (initElements) -> CSS set to field: 
13:34:51,926 INFO  [BrowserSelenium] (initElements) -> XPath set to field: //input[@id='name']
13:34:51,926 INFO  [BrowserSelenium] (initElements) -> ID set to field: 
13:34:51,926 INFO  [BrowserSelenium] (initElements) -> Name set to field: 
13:34:51,926 INFO  [BrowserSelenium] (initElements) -> CSS set to field: 
13:34:51,926 INFO  [BrowserSelenium] (initElements) -> XPath set to field: //input[@id='plgDynamic.1.name']
13:34:51,926 INFO  [BrowserSelenium] (initElements) -> ID set to field: 
13:34:51,926 INFO  [BrowserSelenium] (initElements) -> Name set to field: 
13:34:51,926 INFO  [BrowserSelenium] (initElements) -> CSS set to field: 
13:34:51,926 INFO  [BrowserSelenium] (initElements) -> XPath set to field: //input[@id='plgDynamic.1.value']
13:34:51,926 INFO  [BrowserSelenium] (initElements) -> ID set to field: 
13:34:51,926 INFO  [BrowserSelenium] (initElements) -> Name set to field: 
13:34:51,926 INFO  [BrowserSelenium] (initElements) -> CSS set to field: 
13:34:51,926 INFO  [BrowserSelenium] (initElements) -> XPath set to field: //img[@alt='add']
13:34:51,926 INFO  [BrowserSelenium] (initElements) -> ID set to field: 
13:34:51,926 INFO  [BrowserSelenium] (initElements) -> Name set to field: 
13:34:51,926 INFO  [BrowserSelenium] (initElements) -> CSS set to field: 
13:34:51,926 INFO  [BrowserSelenium] (initElements) -> XPath set to field: //img[@alt='remove']
13:34:51,926 INFO  [BrowserSelenium] (initElements) -> ID set to field: 
13:34:51,926 INFO  [BrowserSelenium] (initElements) -> Name set to field: 
13:34:51,926 INFO  [BrowserSelenium] (initElements) -> CSS set to field: 
13:34:51,926 INFO  [BrowserSelenium] (initElements) -> XPath set to field: //span[text()='Save Plug-in']
13:34:51,926 INFO  [BrowserSelenium] (initElements) -> ID set to field: 
13:34:51,926 INFO  [BrowserSelenium] (initElements) -> Name set to field: 
13:34:51,926 INFO  [BrowserSelenium] (initElements) -> CSS set to field: 
13:34:51,926 INFO  [BrowserSelenium] (initElements) -> XPath set to field: //input[@id='nextRunDate']
13:34:51,926 INFO  [BrowserSelenium] (initElements) -> ID set to field: 
13:34:51,926 INFO  [BrowserSelenium] (initElements) -> Name set to field: 
13:34:51,926 INFO  [BrowserSelenium] (initElements) -> CSS set to field: 
13:34:51,926 INFO  [BrowserSelenium] (initElements) -> XPath set to field: //input[@id='generateReport']
13:34:51,926 INFO  [BrowserSelenium] (initElements) -> ID set to field: 
13:34:51,926 INFO  [BrowserSelenium] (initElements) -> Name set to field: 
13:34:51,926 INFO  [BrowserSelenium] (initElements) -> CSS set to field: 
13:34:51,926 INFO  [BrowserSelenium] (initElements) -> XPath set to field: //select[@id='periodUnitId']
13:34:51,926 INFO  [BrowserSelenium] (initElements) -> ID set to field: 
13:34:51,926 INFO  [BrowserSelenium] (initElements) -> Name set to field: 
13:34:51,926 INFO  [BrowserSelenium] (initElements) -> CSS set to field: 
13:34:51,926 INFO  [BrowserSelenium] (initElements) -> XPath set to field: //select[@id='usagePool.consumptionActions.1.type']
13:34:51,926 INFO  [BrowserSelenium] (initElements) -> ID set to field: 
13:34:51,926 INFO  [BrowserSelenium] (initElements) -> Name set to field: 
13:34:51,926 INFO  [BrowserSelenium] (initElements) -> CSS set to field: 
13:34:51,926 INFO  [BrowserSelenium] (initElements) -> XPath set to field: //select[@id='usagePool.consumptionActions.1.notificationId']
13:34:51,926 INFO  [BrowserSelenium] (initElements) -> ID set to field: 
13:34:51,936 INFO  [BrowserSelenium] (initElements) -> Name set to field: 
13:34:51,936 INFO  [BrowserSelenium] (initElements) -> CSS set to field: 
13:34:51,936 INFO  [BrowserSelenium] (initElements) -> XPath set to field: //select[@id='usagePool.consumptionActions.1.mediumType']
13:34:51,936 INFO  [BrowserSelenium] (initElements) -> ID set to field: 
13:34:51,936 INFO  [BrowserSelenium] (initElements) -> Name set to field: 
13:34:51,936 INFO  [BrowserSelenium] (initElements) -> CSS set to field: 
13:34:51,936 INFO  [BrowserSelenium] (initElements) -> XPath set to field: //select[@id='usagePool.consumptionActions.2.type']
13:34:51,936 INFO  [BrowserSelenium] (initElements) -> ID set to field: 
13:34:51,936 INFO  [BrowserSelenium] (initElements) -> Name set to field: 
13:34:51,936 INFO  [BrowserSelenium] (initElements) -> CSS set to field: 
13:34:51,936 INFO  [BrowserSelenium] (initElements) -> XPath set to field: //select[@id = 'usagePool.itemTypes']
13:34:51,936 INFO  [BrowserSelenium] (initElements) -> ID set to field: 
13:34:51,936 INFO  [BrowserSelenium] (initElements) -> Name set to field: 
13:34:51,936 INFO  [BrowserSelenium] (initElements) -> CSS set to field: 
13:34:51,936 INFO  [BrowserSelenium] (initElements) -> XPath set to field: //select[@id = 'usagePool.items']
13:34:51,936 INFO  [BrowserSelenium] (initElements) -> ID set to field: 
13:34:51,936 INFO  [BrowserSelenium] (initElements) -> Name set to field: 
13:34:51,936 INFO  [BrowserSelenium] (initElements) -> CSS set to field: 
13:34:51,936 INFO  [BrowserSelenium] (initElements) -> XPath set to field: //input[@id='maximumPeriods']
13:34:51,936 INFO  [BrowserSelenium] (initElements) -> ID set to field: 
13:34:51,936 INFO  [BrowserSelenium] (initElements) -> Name set to field: 
13:34:51,936 INFO  [BrowserSelenium] (initElements) -> CSS set to field: 
13:34:51,936 INFO  [BrowserSelenium] (initElements) -> XPath set to field: //input[@id='billing.proratingType.neverProrating']
13:34:51,936 INFO  [BrowserSelenium] (initElements) -> ID set to field: 
13:34:51,936 INFO  [BrowserSelenium] (initElements) -> Name set to field: 
13:34:51,936 INFO  [BrowserSelenium] (initElements) -> CSS set to field: 
13:34:51,936 INFO  [BrowserSelenium] (initElements) -> XPath set to field: //span[text()='Run Commission Process']
13:34:51,936 INFO  [BrowserSelenium] (initElements) -> ID set to field: 
13:34:51,936 INFO  [BrowserSelenium] (initElements) -> Name set to field: 
13:34:51,936 INFO  [BrowserSelenium] (initElements) -> CSS set to field: 
13:34:51,936 INFO  [BrowserSelenium] (initElements) -> XPath set to field: //span[text()='Run Billing']
13:34:51,936 INFO  [BrowserSelenium] (initElements) -> ID set to field: 
13:34:51,936 INFO  [BrowserSelenium] (initElements) -> Name set to field: 
13:34:51,936 INFO  [BrowserSelenium] (initElements) -> CSS set to field: 
13:34:51,936 INFO  [BrowserSelenium] (initElements) -> XPath set to field: //input[@id='obj[0].statusStr']
13:34:51,936 INFO  [BrowserSelenium] (initElements) -> ID set to field: 
13:34:51,936 INFO  [BrowserSelenium] (initElements) -> Name set to field: 
13:34:51,936 INFO  [BrowserSelenium] (initElements) -> CSS set to field: 
13:34:51,936 INFO  [BrowserSelenium] (initElements) -> XPath set to field: //input[@id='obj[0].days']
13:34:51,936 INFO  [BrowserSelenium] (initElements) -> ID set to field: 
13:34:51,936 INFO  [BrowserSelenium] (initElements) -> Name set to field: 
13:34:51,936 INFO  [BrowserSelenium] (initElements) -> CSS set to field: 
13:34:51,936 INFO  [BrowserSelenium] (initElements) -> XPath set to field: //input[@id='obj[0].sendNotification']
13:34:51,936 INFO  [BrowserSelenium] (initElements) -> ID set to field: 
13:34:51,936 INFO  [BrowserSelenium] (initElements) -> Name set to field: 
13:34:51,936 INFO  [BrowserSelenium] (initElements) -> CSS set to field: 
13:34:51,936 INFO  [BrowserSelenium] (initElements) -> XPath set to field: //input[@id='obj[0].paymentRetry']
13:34:51,936 INFO  [BrowserSelenium] (initElements) -> ID set to field: 
13:34:51,936 INFO  [BrowserSelenium] (initElements) -> Name set to field: 
13:34:51,946 INFO  [BrowserSelenium] (initElements) -> CSS set to field: 
13:34:51,946 INFO  [BrowserSelenium] (initElements) -> XPath set to field: //input[@id='obj[0].suspended']
13:34:51,946 INFO  [BrowserSelenium] (initElements) -> ID set to field: 
13:34:51,946 INFO  [BrowserSelenium] (initElements) -> Name set to field: 
13:34:51,946 INFO  [BrowserSelenium] (initElements) -> CSS set to field: 
13:34:51,946 INFO  [BrowserSelenium] (initElements) -> XPath set to field: //table[@id='ageingStepTable']/tbody/tr[2]/td[1]/strong
13:34:51,946 INFO  [BrowserSelenium] (initElements) -> ID set to field: 
13:34:51,946 INFO  [BrowserSelenium] (initElements) -> Name set to field: 
13:34:51,946 INFO  [BrowserSelenium] (initElements) -> CSS set to field: 
13:34:51,946 INFO  [BrowserSelenium] (initElements) -> XPath set to field: //input[@id='obj[1].statusStr']
13:34:51,946 INFO  [BrowserSelenium] (initElements) -> ID set to field: 
13:34:51,946 INFO  [BrowserSelenium] (initElements) -> Name set to field: 
13:34:51,946 INFO  [BrowserSelenium] (initElements) -> CSS set to field: 
13:34:51,946 INFO  [BrowserSelenium] (initElements) -> XPath set to field: //input[@id='obj[1].days']
13:34:51,946 INFO  [BrowserSelenium] (initElements) -> ID set to field: 
13:34:51,946 INFO  [BrowserSelenium] (initElements) -> Name set to field: 
13:34:51,946 INFO  [BrowserSelenium] (initElements) -> CSS set to field: 
13:34:51,946 INFO  [BrowserSelenium] (initElements) -> XPath set to field: //input[@id='obj[1].sendNotification']
13:34:51,946 INFO  [BrowserSelenium] (initElements) -> ID set to field: 
13:34:51,946 INFO  [BrowserSelenium] (initElements) -> Name set to field: 
13:34:51,946 INFO  [BrowserSelenium] (initElements) -> CSS set to field: 
13:34:51,946 INFO  [BrowserSelenium] (initElements) -> XPath set to field: //input[@id='obj[1].paymentRetry']
13:34:51,946 INFO  [BrowserSelenium] (initElements) -> ID set to field: 
13:34:51,946 INFO  [BrowserSelenium] (initElements) -> Name set to field: 
13:34:51,946 INFO  [BrowserSelenium] (initElements) -> CSS set to field: 
13:34:51,946 INFO  [BrowserSelenium] (initElements) -> XPath set to field: //input[@id='obj[1].suspended']
13:34:51,946 INFO  [BrowserSelenium] (initElements) -> ID set to field: 
13:34:51,946 INFO  [BrowserSelenium] (initElements) -> Name set to field: 
13:34:51,946 INFO  [BrowserSelenium] (initElements) -> CSS set to field: 
13:34:51,946 INFO  [BrowserSelenium] (initElements) -> XPath set to field: //input[@id='obj[2].statusStr']
13:34:51,946 INFO  [BrowserSelenium] (initElements) -> ID set to field: 
13:34:51,946 INFO  [BrowserSelenium] (initElements) -> Name set to field: 
13:34:51,946 INFO  [BrowserSelenium] (initElements) -> CSS set to field: 
13:34:51,946 INFO  [BrowserSelenium] (initElements) -> XPath set to field: //input[@id='obj[2].days']
13:34:51,946 INFO  [BrowserSelenium] (initElements) -> ID set to field: 
13:34:51,946 INFO  [BrowserSelenium] (initElements) -> Name set to field: 
13:34:51,946 INFO  [BrowserSelenium] (initElements) -> CSS set to field: 
13:34:51,946 INFO  [BrowserSelenium] (initElements) -> XPath set to field: //input[@id='obj[2].sendNotification']
13:34:51,946 INFO  [BrowserSelenium] (initElements) -> ID set to field: 
13:34:51,946 INFO  [BrowserSelenium] (initElements) -> Name set to field: 
13:34:51,946 INFO  [BrowserSelenium] (initElements) -> CSS set to field: 
13:34:51,946 INFO  [BrowserSelenium] (initElements) -> XPath set to field: //input[@id='obj[2].sendNotification']
13:34:51,946 INFO  [BrowserSelenium] (initElements) -> ID set to field: 
13:34:51,946 INFO  [BrowserSelenium] (initElements) -> Name set to field: 
13:34:51,946 INFO  [BrowserSelenium] (initElements) -> CSS set to field: 
13:34:51,946 INFO  [BrowserSelenium] (initElements) -> XPath set to field: //input[@id='obj[2].suspended']
13:34:51,946 INFO  [BrowserSelenium] (initElements) -> ID set to field: 
13:34:51,946 INFO  [BrowserSelenium] (initElements) -> Name set to field: 
13:34:51,946 INFO  [BrowserSelenium] (initElements) -> CSS set to field: 
13:34:51,946 INFO  [BrowserSelenium] (initElements) -> XPath set to field: //input[@id='obj[3].statusStr']
13:34:51,946 INFO  [BrowserSelenium] (initElements) -> ID set to field: 
13:34:51,946 INFO  [BrowserSelenium] (initElements) -> Name set to field: 
13:34:51,946 INFO  [BrowserSelenium] (initElements) -> CSS set to field: 
13:34:51,946 INFO  [BrowserSelenium] (initElements) -> XPath set to field: //input[@id='obj[3].days']
13:34:51,946 INFO  [BrowserSelenium] (initElements) -> ID set to field: 
13:34:51,946 INFO  [BrowserSelenium] (initElements) -> Name set to field: 
13:34:51,946 INFO  [BrowserSelenium] (initElements) -> CSS set to field: 
13:34:51,946 INFO  [BrowserSelenium] (initElements) -> XPath set to field: //input[@id='obj[3].sendNotification']
13:34:51,946 INFO  [BrowserSelenium] (initElements) -> ID set to field: 
13:34:51,956 INFO  [BrowserSelenium] (initElements) -> Name set to field: 
13:34:51,956 INFO  [BrowserSelenium] (initElements) -> CSS set to field: 
13:34:51,956 INFO  [BrowserSelenium] (initElements) -> XPath set to field: //input[@id='obj[3].paymentRetry']
13:34:51,956 INFO  [BrowserSelenium] (initElements) -> ID set to field: 
13:34:51,956 INFO  [BrowserSelenium] (initElements) -> Name set to field: 
13:34:51,956 INFO  [BrowserSelenium] (initElements) -> CSS set to field: 
13:34:51,956 INFO  [BrowserSelenium] (initElements) -> XPath set to field: //input[@name='obj[1].description_1']
13:34:51,956 INFO  [BrowserSelenium] (initElements) -> ID set to field: 
13:34:51,956 INFO  [BrowserSelenium] (initElements) -> Name set to field: 
13:34:51,956 INFO  [BrowserSelenium] (initElements) -> CSS set to field: 
13:34:51,956 INFO  [BrowserSelenium] (initElements) -> XPath set to field: //input[@name='obj[2].description_1']
13:34:51,956 INFO  [BrowserSelenium] (initElements) -> ID set to field: 
13:34:51,956 INFO  [BrowserSelenium] (initElements) -> Name set to field: 
13:34:51,956 INFO  [BrowserSelenium] (initElements) -> CSS set to field: 
13:34:51,956 INFO  [BrowserSelenium] (initElements) -> XPath set to field: //input[@name='obj[3].description_1']
13:34:51,956 INFO  [BrowserSelenium] (initElements) -> ID set to field: 
13:34:51,956 INFO  [BrowserSelenium] (initElements) -> Name set to field: 
13:34:51,956 INFO  [BrowserSelenium] (initElements) -> CSS set to field: 
13:34:51,956 INFO  [BrowserSelenium] (initElements) -> XPath set to field: //input[@id='obj[3].suspended']
13:34:51,956 INFO  [BrowserSelenium] (initElements) -> ID set to field: 
13:34:51,956 INFO  [BrowserSelenium] (initElements) -> Name set to field: 
13:34:51,956 INFO  [BrowserSelenium] (initElements) -> CSS set to field: 
13:34:51,956 INFO  [BrowserSelenium] (initElements) -> XPath set to field: //input[@id='collectionsRunDate']
13:34:51,956 INFO  [BrowserSelenium] (initElements) -> ID set to field: 
13:34:51,956 INFO  [BrowserSelenium] (initElements) -> Name set to field: 
13:34:51,956 INFO  [BrowserSelenium] (initElements) -> CSS set to field: 
13:34:51,956 INFO  [BrowserSelenium] (initElements) -> XPath set to field: //input[@id='run' and @value='Run Collections']
13:34:51,956 INFO  [BrowserSelenium] (initElements) -> ID set to field: 
13:34:51,956 INFO  [BrowserSelenium] (initElements) -> Name set to field: 
13:34:51,956 INFO  [BrowserSelenium] (initElements) -> CSS set to field: 
13:34:51,956 INFO  [BrowserSelenium] (initElements) -> XPath set to field: //span[text()='Run Collections']
13:34:51,956 INFO  [BrowserSelenium] (initElements) -> ID set to field: 
13:34:51,956 INFO  [BrowserSelenium] (initElements) -> Name set to field: 
13:34:51,956 INFO  [BrowserSelenium] (initElements) -> CSS set to field: 
13:34:51,956 INFO  [BrowserSelenium] (initElements) -> XPath set to field: //img[@alt='add']
13:34:51,956 INFO  [BrowserSelenium] (initElements) -> ID set to field: 
13:34:51,956 INFO  [BrowserSelenium] (initElements) -> Name set to field: 
13:34:51,956 INFO  [BrowserSelenium] (initElements) -> CSS set to field: 
13:34:51,956 INFO  [BrowserSelenium] (initElements) -> XPath set to field: //table[@id='users']/tbody//td/a/strong
13:34:51,956 INFO  [BrowserSelenium] (initElements) -> ID set to field: 
13:34:51,956 INFO  [BrowserSelenium] (initElements) -> Name set to field: 
13:34:51,956 INFO  [BrowserSelenium] (initElements) -> CSS set to field: 
13:34:51,956 INFO  [BrowserSelenium] (initElements) -> XPath set to field: //table[@id='usagePools']/tbody//td/a/strong
13:34:51,956 INFO  [BrowserSelenium] (initElements) -> ID set to field: 
13:34:51,956 INFO  [BrowserSelenium] (initElements) -> Name set to field: 
13:34:51,956 INFO  [BrowserSelenium] (initElements) -> CSS set to field: 
13:34:51,956 INFO  [BrowserSelenium] (initElements) -> XPath set to field: //table[@id='data_grid_column1']/tbody//td/div
13:34:51,956 INFO  [BrowserSelenium] (initElements) -> ID set to field: 
13:34:51,956 INFO  [BrowserSelenium] (initElements) -> Name set to field: 
13:34:51,966 INFO  [BrowserSelenium] (initElements) -> CSS set to field: 
13:34:51,966 INFO  [BrowserSelenium] (initElements) -> XPath set to field: //table[@id='users']
13:34:51,966 INFO  [BrowserSelenium] (initElements) -> ID set to field: 
13:34:51,966 INFO  [BrowserSelenium] (initElements) -> Name set to field: 
13:34:51,966 INFO  [BrowserSelenium] (initElements) -> CSS set to field: 
13:34:51,966 INFO  [BrowserSelenium] (initElements) -> XPath set to field: //table[@id='users']/tbody//td/a/strong
13:34:51,966 INFO  [BrowserSelenium] (initElements) -> ID set to field: 
13:34:51,966 INFO  [BrowserSelenium] (initElements) -> Name set to field: 
13:34:51,966 INFO  [BrowserSelenium] (initElements) -> CSS set to field: 
13:34:51,966 INFO  [BrowserSelenium] (initElements) -> XPath set to field: //span[text()='Permissions']
13:34:51,966 INFO  [BrowserSelenium] (initElements) -> ID set to field: 
13:34:51,966 INFO  [BrowserSelenium] (initElements) -> Name set to field: 
13:34:51,966 INFO  [BrowserSelenium] (initElements) -> CSS set to field: 
13:34:51,966 INFO  [BrowserSelenium] (initElements) -> XPath set to field: //label[contains(text(),'Edit plug-in')]/preceding-sibling::input[@type='box']
13:34:51,966 INFO  [BrowserSelenium] (initElements) -> ID set to field: 
13:34:51,966 INFO  [BrowserSelenium] (initElements) -> Name set to field: 
13:34:51,966 INFO  [BrowserSelenium] (initElements) -> CSS set to field: 
13:34:51,966 INFO  [BrowserSelenium] (initElements) -> XPath set to field: //input[@id = 'permission.1902']
13:34:51,966 INFO  [BrowserSelenium] (initElements) -> ID set to field: 
13:34:51,966 INFO  [BrowserSelenium] (initElements) -> Name set to field: 
13:34:51,966 INFO  [BrowserSelenium] (initElements) -> CSS set to field: 
13:34:51,966 INFO  [BrowserSelenium] (initElements) -> XPath set to field: //label[contains(text(),'Edit payment')]/preceding-sibling::input[@type='checkbox']
13:34:51,966 INFO  [BrowserSelenium] (initElements) -> ID set to field: 
13:34:51,966 INFO  [BrowserSelenium] (initElements) -> Name set to field: 
13:34:51,966 INFO  [BrowserSelenium] (initElements) -> CSS set to field: 
13:34:51,966 INFO  [BrowserSelenium] (initElements) -> XPath set to field: //label[contains(text(),'Delete payment')]/preceding-sibling::input[@type='checkbox']
13:34:51,966 INFO  [BrowserSelenium] (initElements) -> ID set to field: 
13:34:51,966 INFO  [BrowserSelenium] (initElements) -> Name set to field: 
13:34:51,966 INFO  [BrowserSelenium] (initElements) -> CSS set to field: 
13:34:51,966 INFO  [BrowserSelenium] (initElements) -> XPath set to field: //span[contains(text(),'Copy Company')]
13:34:51,966 INFO  [BrowserSelenium] (initElements) -> ID set to field: 
13:34:51,966 INFO  [BrowserSelenium] (initElements) -> Name set to field: 
13:34:51,966 INFO  [BrowserSelenium] (initElements) -> CSS set to field: 
13:34:51,966 INFO  [BrowserSelenium] (initElements) -> XPath set to field: //input[@id='isCompanyChild']
13:34:51,966 INFO  [BrowserSelenium] (initElements) -> ID set to field: 
13:34:51,966 INFO  [BrowserSelenium] (initElements) -> Name set to field: 
13:34:51,966 INFO  [BrowserSelenium] (initElements) -> CSS set to field: 
13:34:51,966 INFO  [BrowserSelenium] (initElements) -> XPath set to field: //input[@id='childCompany']
13:34:51,966 INFO  [BrowserSelenium] (initElements) -> ID set to field: 
13:34:51,966 INFO  [BrowserSelenium] (initElements) -> Name set to field: 
13:34:51,966 INFO  [BrowserSelenium] (initElements) -> CSS set to field: 
13:34:51,966 INFO  [BrowserSelenium] (initElements) -> XPath set to field: //button/span[text()='Yes']
13:34:51,966 INFO  [BrowserSelenium] (initElements) -> ID set to field: 
13:34:51,966 INFO  [BrowserSelenium] (initElements) -> Name set to field: 
13:34:51,966 INFO  [BrowserSelenium] (initElements) -> CSS set to field: 
13:34:51,966 INFO  [BrowserSelenium] (initElements) -> XPath set to field: //button/span[text()='No']
13:34:51,966 INFO  [BrowserSelenium] (initElements) -> ID set to field: 
13:34:51,966 INFO  [BrowserSelenium] (initElements) -> Name set to field: 
13:34:51,966 INFO  [BrowserSelenium] (initElements) -> CSS set to field: 
13:34:51,966 INFO  [BrowserSelenium] (initElements) -> XPath set to field: //strong[text()='Done']/../p
13:34:51,966 INFO  [BrowserSelenium] (initElements) -> ID set to field: 
13:34:51,966 INFO  [BrowserSelenium] (initElements) -> Name set to field: 
13:34:51,966 INFO  [BrowserSelenium] (initElements) -> CSS set to field: 
13:34:51,966 INFO  [BrowserSelenium] (initElements) -> XPath set to field: //input[@id='name']
13:34:51,966 INFO  [BrowserSelenium] (initElements) -> ID set to field: 
13:34:51,966 INFO  [BrowserSelenium] (initElements) -> Name set to field: 
13:34:51,966 INFO  [BrowserSelenium] (initElements) -> CSS set to field: 
13:34:51,966 INFO  [BrowserSelenium] (initElements) -> XPath set to field: //input[@id='orderValue']
13:34:51,966 INFO  [BrowserSelenium] (initElements) -> ID set to field: 
13:34:51,966 INFO  [BrowserSelenium] (initElements) -> Name set to field: 
13:34:51,966 INFO  [BrowserSelenium] (initElements) -> CSS set to field: 
13:34:51,966 INFO  [BrowserSelenium] (initElements) -> XPath set to field: //select[@id='mediationJobLauncher']
13:34:51,966 INFO  [BrowserSelenium] (initElements) -> ID set to field: 
13:34:51,966 INFO  [BrowserSelenium] (initElements) -> Name set to field: 
13:34:51,966 INFO  [BrowserSelenium] (initElements) -> CSS set to field: 
13:34:51,966 INFO  [BrowserSelenium] (initElements) -> XPath set to field: //input[@id='global']
13:34:51,966 INFO  [BrowserSelenium] (initElements) -> ID set to field: 
13:34:51,966 INFO  [BrowserSelenium] (initElements) -> Name set to field: 
13:34:51,966 INFO  [BrowserSelenium] (initElements) -> CSS set to field: 
13:34:51,966 INFO  [BrowserSelenium] (initElements) -> XPath set to field: //span[text()='Run Mediation']
13:34:51,966 INFO  [BrowserSelenium] (initElements) -> ID set to field: 
13:34:51,966 INFO  [BrowserSelenium] (initElements) -> Name set to field: 
13:34:51,966 INFO  [BrowserSelenium] (initElements) -> CSS set to field: 
13:34:51,966 INFO  [BrowserSelenium] (initElements) -> XPath set to field: //input[@id='description']
13:34:51,976 INFO  [BrowserSelenium] (initElements) -> ID set to field: 
13:34:51,976 INFO  [BrowserSelenium] (initElements) -> Name set to field: 
13:34:51,976 INFO  [BrowserSelenium] (initElements) -> CSS set to field: 
13:34:51,976 INFO  [BrowserSelenium] (initElements) -> XPath set to field: //select[@id='periodUnitId']
13:34:51,976 INFO  [BrowserSelenium] (initElements) -> ID set to field: 
13:34:51,976 INFO  [BrowserSelenium] (initElements) -> Name set to field: 
13:34:51,976 INFO  [BrowserSelenium] (initElements) -> CSS set to field: 
13:34:51,976 INFO  [BrowserSelenium] (initElements) -> XPath set to field: //input[@id='value']
13:34:51,976 INFO  [BrowserSelenium] (initElements) -> ID set to field: 
13:34:51,976 INFO  [BrowserSelenium] (initElements) -> Name set to field: 
13:34:51,976 INFO  [BrowserSelenium] (initElements) -> CSS set to field: 
13:34:51,976 INFO  [BrowserSelenium] (initElements) -> XPath set to field: //strong[text()='Should use JQGrid for tables']/parent::a
13:34:51,976 INFO  [BrowserSelenium] (initElements) -> ID set to field: 
13:34:51,976 INFO  [BrowserSelenium] (initElements) -> Name set to field: 
13:34:51,976 INFO  [BrowserSelenium] (initElements) -> CSS set to field: 
13:34:51,976 INFO  [BrowserSelenium] (initElements) -> XPath set to field: //div[text()='Should use JQGrid for tables']/parent::td
13:34:51,976 INFO  [BrowserSelenium] (initElements) -> ID set to field: 
13:34:51,976 INFO  [BrowserSelenium] (initElements) -> Name set to field: 
13:34:51,976 INFO  [BrowserSelenium] (initElements) -> CSS set to field: 
13:34:51,976 INFO  [BrowserSelenium] (initElements) -> XPath set to field: //strong[text()='ITG invoice notification']/parent::a
13:34:51,976 INFO  [BrowserSelenium] (initElements) -> ID set to field: 
13:34:51,976 INFO  [BrowserSelenium] (initElements) -> Name set to field: 
13:34:51,976 INFO  [BrowserSelenium] (initElements) -> CSS set to field: 
13:34:51,976 INFO  [BrowserSelenium] (initElements) -> XPath set to field: //input[@id='preference.value']
13:34:51,976 INFO  [BrowserSelenium] (initElements) -> ID set to field: 
13:34:51,976 INFO  [BrowserSelenium] (initElements) -> Name set to field: 
13:34:51,976 INFO  [BrowserSelenium] (initElements) -> CSS set to field: 
13:34:51,976 INFO  [BrowserSelenium] (initElements) -> XPath set to field: //input[@id='description']
13:34:51,976 INFO  [BrowserSelenium] (initElements) -> ID set to field: 
13:34:51,976 INFO  [BrowserSelenium] (initElements) -> Name set to field: 
13:34:51,976 INFO  [BrowserSelenium] (initElements) -> CSS set to field: 
13:34:51,976 INFO  [BrowserSelenium] (initElements) -> XPath set to field: //input[@id='mainSubscription.nextInvoiceDayOfPeriod']
13:34:51,976 INFO  [BrowserSelenium] (initElements) -> ID set to field: 
13:34:51,976 INFO  [BrowserSelenium] (initElements) -> Name set to field: 
13:34:51,976 INFO  [BrowserSelenium] (initElements) -> CSS set to field: 
13:34:51,976 INFO  [BrowserSelenium] (initElements) -> XPath set to field: //input[@id='invoiceDesign']
13:34:51,976 INFO  [BrowserSelenium] (initElements) -> ID set to field: 
13:34:51,976 INFO  [BrowserSelenium] (initElements) -> Name set to field: 
13:34:51,976 INFO  [BrowserSelenium] (initElements) -> CSS set to field: 
13:34:51,976 INFO  [BrowserSelenium] (initElements) -> XPath set to field: //table[@id='periods']
13:34:51,976 INFO  [BrowserSelenium] (initElements) -> ID set to field: 
13:34:51,976 INFO  [BrowserSelenium] (initElements) -> Name set to field: 
13:34:51,976 INFO  [BrowserSelenium] (initElements) -> CSS set to field: 
13:34:51,976 INFO  [BrowserSelenium] (initElements) -> XPath set to field: //input[@class='cb checkbox']
13:34:51,976 INFO  [BrowserSelenium] (initElements) -> ID set to field: 
13:34:51,976 INFO  [BrowserSelenium] (initElements) -> Name set to field: 
13:34:51,976 INFO  [BrowserSelenium] (initElements) -> CSS set to field: 
13:34:51,976 INFO  [BrowserSelenium] (initElements) -> XPath set to field: //table[@id='periods']/tbody//td/a/strong
13:34:51,976 INFO  [BrowserSelenium] (initElements) -> ID set to field: 
13:34:51,976 INFO  [BrowserSelenium] (initElements) -> Name set to field: 
13:34:51,986 INFO  [BrowserSelenium] (initElements) -> CSS set to field: 
13:34:51,986 INFO  [BrowserSelenium] (initElements) -> XPath set to field: //table[@id='categories']
13:34:51,986 INFO  [BrowserSelenium] (initElements) -> ID set to field: 
13:34:51,986 INFO  [BrowserSelenium] (initElements) -> Name set to field: 
13:34:51,986 INFO  [BrowserSelenium] (initElements) -> CSS set to field: 
13:34:51,986 INFO  [BrowserSelenium] (initElements) -> XPath set to field: //table[@id='periods']/tbody/tr[1]/td/a[1]/strong
13:34:51,986 INFO  [BrowserSelenium] (initElements) -> ID set to field: 
13:34:51,986 INFO  [BrowserSelenium] (initElements) -> Name set to field: 
13:34:51,986 INFO  [BrowserSelenium] (initElements) -> CSS set to field: 
13:34:51,986 INFO  [BrowserSelenium] (initElements) -> XPath set to field: //span[text()='Add Information Type']
13:34:51,986 INFO  [BrowserSelenium] (initElements) -> ID set to field: 
13:34:51,986 INFO  [BrowserSelenium] (initElements) -> Name set to field: 
13:34:51,986 INFO  [BrowserSelenium] (initElements) -> CSS set to field: 
13:34:51,986 INFO  [BrowserSelenium] (initElements) -> XPath set to field: //input[@id='name']
13:34:51,986 INFO  [BrowserSelenium] (initElements) -> ID set to field: 
13:34:51,986 INFO  [BrowserSelenium] (initElements) -> Name set to field: 
13:34:51,986 INFO  [BrowserSelenium] (initElements) -> CSS set to field: 
13:34:51,986 INFO  [BrowserSelenium] (initElements) -> XPath set to field: //span[text()='Add New Metafield']
13:34:51,986 INFO  [BrowserSelenium] (initElements) -> ID set to field: 
13:34:51,986 INFO  [BrowserSelenium] (initElements) -> Name set to field: 
13:34:51,986 INFO  [BrowserSelenium] (initElements) -> CSS set to field: 
13:34:51,986 INFO  [BrowserSelenium] (initElements) -> XPath set to field: //span[text()='-']/parent::li
13:34:51,986 INFO  [BrowserSelenium] (initElements) -> ID set to field: 
13:34:51,986 INFO  [BrowserSelenium] (initElements) -> Name set to field: 
13:34:51,986 INFO  [BrowserSelenium] (initElements) -> CSS set to field: 
13:34:51,986 INFO  [BrowserSelenium] (initElements) -> XPath set to field: //span[text()='-']
13:34:51,986 INFO  [BrowserSelenium] (initElements) -> ID set to field: 
13:34:51,986 INFO  [BrowserSelenium] (initElements) -> Name set to field: 
13:34:51,986 INFO  [BrowserSelenium] (initElements) -> CSS set to field: 
13:34:51,986 INFO  [BrowserSelenium] (initElements) -> XPath set to field: //input[@id='metaField0.name']
13:34:51,986 INFO  [BrowserSelenium] (initElements) -> ID set to field: 
13:34:51,986 INFO  [BrowserSelenium] (initElements) -> Name set to field: 
13:34:51,986 INFO  [BrowserSelenium] (initElements) -> CSS set to field: 
13:34:51,986 INFO  [BrowserSelenium] (initElements) -> XPath set to field: //select[@id='fieldType0']
13:34:51,986 INFO  [BrowserSelenium] (initElements) -> ID set to field: 
13:34:51,986 INFO  [BrowserSelenium] (initElements) -> Name set to field: 
13:34:51,986 INFO  [BrowserSelenium] (initElements) -> CSS set to field: 
13:34:51,986 INFO  [BrowserSelenium] (initElements) -> XPath set to field: //li[contains(@class,'active')]/following::li//a/span[contains(text(),'Update')]
13:34:51,986 INFO  [BrowserSelenium] (initElements) -> ID set to field: 
13:34:51,986 INFO  [BrowserSelenium] (initElements) -> Name set to field: 
13:34:51,986 INFO  [BrowserSelenium] (initElements) -> CSS set to field: 
13:34:51,986 INFO  [BrowserSelenium] (initElements) -> XPath set to field: //li[contains(@class,'active')]/following::li//a/span[contains(text(),'Remove')]
13:34:51,986 INFO  [BrowserSelenium] (initElements) -> ID set to field: 
13:34:51,986 INFO  [BrowserSelenium] (initElements) -> Name set to field: 
13:34:51,986 INFO  [BrowserSelenium] (initElements) -> CSS set to field: 
13:34:51,986 INFO  [BrowserSelenium] (initElements) -> XPath set to field: //div[@id='review-box']//span[text()='Save Changes']
13:34:51,986 INFO  [BrowserSelenium] (initElements) -> ID set to field: 
13:34:51,986 INFO  [BrowserSelenium] (initElements) -> Name set to field: 
13:34:51,986 INFO  [BrowserSelenium] (initElements) -> CSS set to field: 
13:34:51,986 INFO  [BrowserSelenium] (initElements) -> XPath set to field: //span[text()='Prices']
13:34:51,986 INFO  [BrowserSelenium] (initElements) -> ID set to field: 
13:34:51,986 INFO  [BrowserSelenium] (initElements) -> Name set to field: 
13:34:51,986 INFO  [BrowserSelenium] (initElements) -> CSS set to field: 
13:34:51,986 INFO  [BrowserSelenium] (initElements) -> XPath set to field: //select[@id='typeId']
13:34:51,996 INFO  [BrowserSelenium] (initElements) -> ID set to field: 
13:34:51,996 INFO  [BrowserSelenium] (initElements) -> Name set to field: 
13:34:51,996 INFO  [BrowserSelenium] (initElements) -> CSS set to field: 
13:34:51,996 INFO  [BrowserSelenium] (initElements) -> XPath set to field: //table[@id='products']
13:34:51,996 INFO  [BrowserSelenium] (initElements) -> ID set to field: 
13:34:51,996 INFO  [BrowserSelenium] (initElements) -> Name set to field: 
13:34:51,996 INFO  [BrowserSelenium] (initElements) -> CSS set to field: 
13:34:51,996 INFO  [BrowserSelenium] (initElements) -> XPath set to field: //table[@id='products']/tbody//td/a/strong
13:34:51,996 INFO  [BrowserSelenium] (initElements) -> ID set to field: 
13:34:51,996 INFO  [BrowserSelenium] (initElements) -> Name set to field: 
13:34:51,996 INFO  [BrowserSelenium] (initElements) -> CSS set to field: 
13:34:51,996 INFO  [BrowserSelenium] (initElements) -> XPath set to field: //span[text()='Add price']
13:34:51,996 INFO  [BrowserSelenium] (initElements) -> ID set to field: 
13:34:51,996 INFO  [BrowserSelenium] (initElements) -> Name set to field: 
13:34:51,996 INFO  [BrowserSelenium] (initElements) -> CSS set to field: 
13:34:51,996 INFO  [BrowserSelenium] (initElements) -> XPath set to field: //input[@id = 'model.0.rateAsDecimal']
13:34:51,996 INFO  [BrowserSelenium] (initElements) -> ID set to field: 
13:34:51,996 INFO  [BrowserSelenium] (initElements) -> Name set to field: 
13:34:51,996 INFO  [BrowserSelenium] (initElements) -> CSS set to field: 
13:34:51,996 INFO  [BrowserSelenium] (initElements) -> XPath set to field: //img[@alt='edit']
13:34:51,996 INFO  [BrowserSelenium] (initElements) -> ID set to field: 
13:34:51,996 INFO  [BrowserSelenium] (initElements) -> Name set to field: 
13:34:51,996 INFO  [BrowserSelenium] (initElements) -> CSS set to field: 
13:34:51,996 INFO  [BrowserSelenium] (initElements) -> XPath set to field: //select[@id='templateId']
13:34:51,996 INFO  [BrowserSelenium] (initElements) -> ID set to field: 
13:34:51,996 INFO  [BrowserSelenium] (initElements) -> Name set to field: 
13:34:51,996 INFO  [BrowserSelenium] (initElements) -> CSS set to field: 
13:34:51,996 INFO  [BrowserSelenium] (initElements) -> XPath set to field: //option[text()='Payment Card']
13:34:51,996 INFO  [BrowserSelenium] (initElements) -> ID set to field: methodName
13:34:51,996 INFO  [BrowserSelenium] (initElements) -> Name set to field: 
13:34:51,996 INFO  [BrowserSelenium] (initElements) -> CSS set to field: 
13:34:51,996 INFO  [BrowserSelenium] (initElements) -> XPath set to field: 
13:34:51,996 INFO  [BrowserSelenium] (initElements) -> ID set to field: isRecurring
13:34:51,996 INFO  [BrowserSelenium] (initElements) -> Name set to field: 
13:34:51,996 INFO  [BrowserSelenium] (initElements) -> CSS set to field: 
13:34:51,996 INFO  [BrowserSelenium] (initElements) -> XPath set to field: 
13:34:51,996 INFO  [BrowserSelenium] (initElements) -> ID set to field: allAccount
13:34:51,996 INFO  [BrowserSelenium] (initElements) -> Name set to field: 
13:34:51,996 INFO  [BrowserSelenium] (initElements) -> CSS set to field: 
13:34:51,996 INFO  [BrowserSelenium] (initElements) -> XPath set to field: 
13:34:51,996 INFO  [BrowserSelenium] (initElements) -> ID set to field: 
13:34:51,996 INFO  [BrowserSelenium] (initElements) -> Name set to field: 
13:34:51,996 INFO  [BrowserSelenium] (initElements) -> CSS set to field: 
13:34:51,996 INFO  [BrowserSelenium] (initElements) -> XPath set to field: //select[@id='accountTypes']
13:34:51,996 INFO  [BrowserSelenium] (initElements) -> ID set to field: 
13:34:51,996 INFO  [BrowserSelenium] (initElements) -> Name set to field: 
13:34:51,996 INFO  [BrowserSelenium] (initElements) -> CSS set to field: 
13:34:51,996 INFO  [BrowserSelenium] (initElements) -> XPath set to field: //span[text()='cc.number']/parent::li
13:34:51,996 INFO  [BrowserSelenium] (initElements) -> ID set to field: 
13:34:51,996 INFO  [BrowserSelenium] (initElements) -> Name set to field: 
13:34:51,996 INFO  [BrowserSelenium] (initElements) -> CSS set to field: 
13:34:51,996 INFO  [BrowserSelenium] (initElements) -> XPath set to field: //span[text() = 'cc.number']
13:34:51,996 INFO  [BrowserSelenium] (initElements) -> ID set to field: 
13:34:52,006 INFO  [BrowserSelenium] (initElements) -> Name set to field: 
13:34:52,006 INFO  [BrowserSelenium] (initElements) -> CSS set to field: 
13:34:52,006 INFO  [BrowserSelenium] (initElements) -> XPath set to field: //span[text()='cc.number']/parent::li/following::li[contains(@id,'editor')]//select[contains(@id,'newDescriptionLanguage')]
13:34:52,006 INFO  [BrowserSelenium] (initElements) -> ID set to field: 
13:34:52,006 INFO  [BrowserSelenium] (initElements) -> Name set to field: 
13:34:52,006 INFO  [BrowserSelenium] (initElements) -> CSS set to field: 
13:34:52,006 INFO  [BrowserSelenium] (initElements) -> XPath set to field: //span[text()='cc.number']/parent::li/following::li[contains(@id,'editor')]//a[contains(@onclick,'addNewDescription')]/img
13:34:52,006 INFO  [BrowserSelenium] (initElements) -> ID set to field: 
13:34:52,006 INFO  [BrowserSelenium] (initElements) -> Name set to field: 
13:34:52,006 INFO  [BrowserSelenium] (initElements) -> CSS set to field: 
13:34:52,006 INFO  [BrowserSelenium] (initElements) -> XPath set to field: //span[text()='cc.number']/../..//label[text()='English Error message']/../div/input[1]
13:34:52,006 INFO  [BrowserSelenium] (initElements) -> ID set to field: 
13:34:52,006 INFO  [BrowserSelenium] (initElements) -> Name set to field: 
13:34:52,006 INFO  [BrowserSelenium] (initElements) -> CSS set to field: 
13:34:52,006 INFO  [BrowserSelenium] (initElements) -> XPath set to field: //span[text()='cc.number']/parent::li/following::li//div[contains(@id,'descriptions')]//a/img[contains(@src,'cross.png')]
13:34:52,006 INFO  [BrowserSelenium] (initElements) -> ID set to field: 
13:34:52,006 INFO  [BrowserSelenium] (initElements) -> Name set to field: 
13:34:52,006 INFO  [BrowserSelenium] (initElements) -> CSS set to field: 
13:34:52,006 INFO  [BrowserSelenium] (initElements) -> XPath set to field: //span[text()='cc.number']/parent::li/following::li[contains(@id,'editor')]//a//span[text()='Update']
13:34:52,006 INFO  [BrowserSelenium] (initElements) -> ID set to field: 
13:34:52,006 INFO  [BrowserSelenium] (initElements) -> Name set to field: 
13:34:52,006 INFO  [BrowserSelenium] (initElements) -> CSS set to field: 
13:34:52,006 INFO  [BrowserSelenium] (initElements) -> XPath set to field: //span[text()='cc.expiry.date']/parent::li
13:34:52,006 INFO  [BrowserSelenium] (initElements) -> ID set to field: 
13:34:52,006 INFO  [BrowserSelenium] (initElements) -> Name set to field: 
13:34:52,006 INFO  [BrowserSelenium] (initElements) -> CSS set to field: 
13:34:52,006 INFO  [BrowserSelenium] (initElements) -> XPath set to field: //span[text()='cc.expiry.date']/../..
13:34:52,006 INFO  [BrowserSelenium] (initElements) -> ID set to field: 
13:34:52,006 INFO  [BrowserSelenium] (initElements) -> Name set to field: 
13:34:52,006 INFO  [BrowserSelenium] (initElements) -> CSS set to field: 
13:34:52,006 INFO  [BrowserSelenium] (initElements) -> XPath set to field: //span[text()='cc.expiry.date']/parent::li/following::li[contains(@id,'editor')]//select[contains(@id,'newDescriptionLanguage')]
13:34:52,006 INFO  [BrowserSelenium] (initElements) -> ID set to field: 
13:34:52,006 INFO  [BrowserSelenium] (initElements) -> Name set to field: 
13:34:52,006 INFO  [BrowserSelenium] (initElements) -> CSS set to field: 
13:34:52,006 INFO  [BrowserSelenium] (initElements) -> XPath set to field: //span[text()='cc.expiry.date']/parent::li/following::li[contains(@id,'editor')]//a[contains(@onclick,'addNewDescription')]/img
13:34:52,006 INFO  [BrowserSelenium] (initElements) -> ID set to field: 
13:34:52,006 INFO  [BrowserSelenium] (initElements) -> Name set to field: 
13:34:52,006 INFO  [BrowserSelenium] (initElements) -> CSS set to field: 
13:34:52,006 INFO  [BrowserSelenium] (initElements) -> XPath set to field: //span[text()='cc.expiry.date']/../..//label[text()='English Error message']/../div/input[1]
13:34:52,006 INFO  [BrowserSelenium] (initElements) -> ID set to field: 
13:34:52,006 INFO  [BrowserSelenium] (initElements) -> Name set to field: 
13:34:52,006 INFO  [BrowserSelenium] (initElements) -> CSS set to field: 
13:34:52,006 INFO  [BrowserSelenium] (initElements) -> XPath set to field: //span[text()='cc.expiry.date']/parent::li/following::li//div[contains(@id,'descriptions')]//a/img[contains(@src,'cross.png')]
13:34:52,006 INFO  [BrowserSelenium] (initElements) -> ID set to field: 
13:34:52,006 INFO  [BrowserSelenium] (initElements) -> Name set to field: 
13:34:52,006 INFO  [BrowserSelenium] (initElements) -> CSS set to field: 
13:34:52,016 INFO  [BrowserSelenium] (initElements) -> XPath set to field: //span[text()='cc.expiry.date']/parent::li/following::li[contains(@id,'editor')]//a//span[text()='Update']
13:34:52,016 INFO  [BrowserSelenium] (initElements) -> ID set to field: 
13:34:52,016 INFO  [BrowserSelenium] (initElements) -> Name set to field: 
13:34:52,016 INFO  [BrowserSelenium] (initElements) -> CSS set to field: 
13:34:52,016 INFO  [BrowserSelenium] (initElements) -> XPath set to field: //div[@class = 'buttons']//a[contains(@onclick,'submit')]
13:34:52,016 INFO  [BrowserSelenium] (initElements) -> ID set to field: 
13:34:52,016 INFO  [BrowserSelenium] (initElements) -> Name set to field: 
13:34:52,016 INFO  [BrowserSelenium] (initElements) -> CSS set to field: 
13:34:52,016 INFO  [BrowserSelenium] (initElements) -> XPath set to field: //div[@id='breadcrumbs']
13:34:52,016 INFO  [BrowserSelenium] (initElements) -> ID set to field: description
13:34:52,016 INFO  [BrowserSelenium] (initElements) -> Name set to field: 
13:34:52,016 INFO  [BrowserSelenium] (initElements) -> CSS set to field: 
13:34:52,016 INFO  [BrowserSelenium] (initElements) -> XPath set to field: 
13:34:52,016 INFO  [BrowserSelenium] (initElements) -> ID set to field: address1
13:34:52,016 INFO  [BrowserSelenium] (initElements) -> Name set to field: 
13:34:52,016 INFO  [BrowserSelenium] (initElements) -> CSS set to field: 
13:34:52,016 INFO  [BrowserSelenium] (initElements) -> XPath set to field: 
13:34:52,016 INFO  [BrowserSelenium] (initElements) -> ID set to field: city
13:34:52,016 INFO  [BrowserSelenium] (initElements) -> Name set to field: 
13:34:52,016 INFO  [BrowserSelenium] (initElements) -> CSS set to field: 
13:34:52,016 INFO  [BrowserSelenium] (initElements) -> XPath set to field: 
13:34:52,016 INFO  [BrowserSelenium] (initElements) -> ID set to field: stateProvince
13:34:52,016 INFO  [BrowserSelenium] (initElements) -> Name set to field: 
13:34:52,016 INFO  [BrowserSelenium] (initElements) -> CSS set to field: 
13:34:52,016 INFO  [BrowserSelenium] (initElements) -> XPath set to field: 
13:34:52,016 INFO  [BrowserSelenium] (initElements) -> ID set to field: 
13:34:52,016 INFO  [BrowserSelenium] (initElements) -> Name set to field: 
13:34:52,016 INFO  [BrowserSelenium] (initElements) -> CSS set to field: 
13:34:52,016 INFO  [BrowserSelenium] (initElements) -> XPath set to field: //label[contains(text(),'View plugin-in')]/../input[2]
13:34:52,016 INFO  [BrowserSelenium] (initElements) -> ID set to field: 
13:34:52,016 INFO  [BrowserSelenium] (initElements) -> Name set to field: 
13:34:52,016 INFO  [BrowserSelenium] (initElements) -> CSS set to field: 
13:34:52,016 INFO  [BrowserSelenium] (initElements) -> XPath set to field: //label[contains(text(),'Edit plug-in')]/../input[2]
13:34:52,016 INFO  [BrowserSelenium] (initElements) -> ID set to field: 
13:34:52,016 INFO  [BrowserSelenium] (initElements) -> Name set to field: 
13:34:52,016 INFO  [BrowserSelenium] (initElements) -> CSS set to field: 
13:34:52,016 INFO  [BrowserSelenium] (initElements) -> XPath set to field: //label[contains(text(),'Edit role')]/../input[2]
13:34:52,016 INFO  [BrowserSelenium] (initElements) -> ID set to field: 
13:34:52,016 INFO  [BrowserSelenium] (initElements) -> Name set to field: 
13:34:52,016 INFO  [BrowserSelenium] (initElements) -> CSS set to field: 
13:34:52,016 INFO  [BrowserSelenium] (initElements) -> XPath set to field: //div[@id='error-messages']/following-sibling::div//p
13:34:52,016 INFO  [BrowserSelenium] (initElements) -> ID set to field: roles
13:34:52,016 INFO  [BrowserSelenium] (initElements) -> Name set to field: 
13:34:52,016 INFO  [BrowserSelenium] (initElements) -> CSS set to field: 
13:34:52,016 INFO  [BrowserSelenium] (initElements) -> XPath set to field: 
13:34:52,016 INFO  [BrowserSelenium] (initElements) -> ID set to field: 
13:34:52,016 INFO  [BrowserSelenium] (initElements) -> Name set to field: 
13:34:52,016 INFO  [BrowserSelenium] (initElements) -> CSS set to field: 
13:34:52,016 INFO  [BrowserSelenium] (initElements) -> XPath set to field: //label[text()='Show agent menu']/../input[2]
13:34:52,016 INFO  [BrowserSelenium] (initElements) -> ID set to field: 
13:34:52,016 INFO  [BrowserSelenium] (initElements) -> Name set to field: 
13:34:52,016 INFO  [BrowserSelenium] (initElements) -> CSS set to field: 
13:34:52,016 INFO  [BrowserSelenium] (initElements) -> XPath set to field: //label[text()='Edit agent']/../input[2]
13:34:52,016 INFO  [BrowserSelenium] (initElements) -> ID set to field: 
13:34:52,016 INFO  [BrowserSelenium] (initElements) -> Name set to field: 
13:34:52,016 INFO  [BrowserSelenium] (initElements) -> CSS set to field: 
13:34:52,016 INFO  [BrowserSelenium] (initElements) -> XPath set to field: //label[text()='View agent details']/../input[2]
13:34:52,016 INFO  [BrowserSelenium] (initElements) -> ID set to field: 
13:34:52,016 INFO  [BrowserSelenium] (initElements) -> Name set to field: 
13:34:52,026 INFO  [BrowserSelenium] (initElements) -> CSS set to field: 
13:34:52,026 INFO  [BrowserSelenium] (initElements) -> XPath set to field: //a[@class='submit delete']
13:34:52,026 INFO  [BrowserSelenium] (initElements) -> ID set to field: creditLimitAsDecimal
13:34:52,026 INFO  [BrowserSelenium] (initElements) -> Name set to field: 
13:34:52,026 INFO  [BrowserSelenium] (initElements) -> CSS set to field: 
13:34:52,026 INFO  [BrowserSelenium] (initElements) -> XPath set to field: 
13:34:52,026 INFO  [BrowserSelenium] (initElements) -> ID set to field: creditNotificationLimit1AsDecimal
13:34:52,026 INFO  [BrowserSelenium] (initElements) -> Name set to field: 
13:34:52,026 INFO  [BrowserSelenium] (initElements) -> CSS set to field: 
13:34:52,026 INFO  [BrowserSelenium] (initElements) -> XPath set to field: 
13:34:52,026 INFO  [BrowserSelenium] (initElements) -> ID set to field: creditNotificationLimit2AsDecimal
13:34:52,026 INFO  [BrowserSelenium] (initElements) -> Name set to field: 
13:34:52,026 INFO  [BrowserSelenium] (initElements) -> CSS set to field: 
13:34:52,026 INFO  [BrowserSelenium] (initElements) -> XPath set to field: 
13:34:52,026 INFO  [BrowserSelenium] (initElements) -> ID set to field: 
13:34:52,026 INFO  [BrowserSelenium] (initElements) -> Name set to field: 
13:34:52,026 INFO  [BrowserSelenium] (initElements) -> CSS set to field: 
13:34:52,026 INFO  [BrowserSelenium] (initElements) -> XPath set to field: //div[@id='messages']//ul/li
13:34:52,026 INFO  [BrowserSelenium] (initElements) -> ID set to field: payment-method-select
13:34:52,026 INFO  [BrowserSelenium] (initElements) -> Name set to field: 
13:34:52,026 INFO  [BrowserSelenium] (initElements) -> CSS set to field: 
13:34:52,026 INFO  [BrowserSelenium] (initElements) -> XPath set to field: 
13:34:52,026 INFO  [BrowserSelenium] (initElements) -> ID set to field: gs_typeId
13:34:52,026 INFO  [BrowserSelenium] (initElements) -> Name set to field: 
13:34:52,026 INFO  [BrowserSelenium] (initElements) -> CSS set to field: 
13:34:52,026 INFO  [BrowserSelenium] (initElements) -> XPath set to field: 
13:34:52,026 INFO  [BrowserSelenium] (initElements) -> ID set to field: 
13:34:52,026 INFO  [BrowserSelenium] (initElements) -> Name set to field: 
13:34:52,026 INFO  [BrowserSelenium] (initElements) -> CSS set to field: 
13:34:52,026 INFO  [BrowserSelenium] (initElements) -> XPath set to field: //option[text()='
13:34:52,026 INFO  [BrowserSelenium] (initElements) -> ID set to field: 
13:34:52,026 INFO  [BrowserSelenium] (initElements) -> Name set to field: 
13:34:52,026 INFO  [BrowserSelenium] (initElements) -> CSS set to field: 
13:34:52,026 INFO  [BrowserSelenium] (initElements) -> XPath set to field: //strong[contains(text(),'Payment gateway integration')]
13:34:52,026 INFO  [BrowserSelenium] (initElements) -> ID set to field: plg-parm-PaypalUserId
13:34:52,026 INFO  [BrowserSelenium] (initElements) -> Name set to field: 
13:34:52,026 INFO  [BrowserSelenium] (initElements) -> CSS set to field: 
13:34:52,026 INFO  [BrowserSelenium] (initElements) -> XPath set to field: 
13:34:52,026 INFO  [BrowserSelenium] (initElements) -> ID set to field: plg-parm-PaypalPassword
13:34:52,026 INFO  [BrowserSelenium] (initElements) -> Name set to field: 
13:34:52,026 INFO  [BrowserSelenium] (initElements) -> CSS set to field: 
13:34:52,026 INFO  [BrowserSelenium] (initElements) -> XPath set to field: 
13:34:52,026 INFO  [BrowserSelenium] (initElements) -> ID set to field: plg-parm-PaypalSignature
13:34:52,026 INFO  [BrowserSelenium] (initElements) -> Name set to field: 
13:34:52,026 INFO  [BrowserSelenium] (initElements) -> CSS set to field: 
13:34:52,026 INFO  [BrowserSelenium] (initElements) -> XPath set to field: 
13:34:52,026 INFO  [BrowserSelenium] (initElements) -> ID set to field: 
13:34:52,026 INFO  [BrowserSelenium] (initElements) -> Name set to field: 
13:34:52,026 INFO  [BrowserSelenium] (initElements) -> CSS set to field: 
13:34:52,026 INFO  [BrowserSelenium] (initElements) -> XPath set to field: //a[contains(text(),'Company')]
13:34:52,026 INFO  [BrowserSelenium] (initElements) -> ID set to field: 
13:34:52,026 INFO  [BrowserSelenium] (initElements) -> Name set to field: 
13:34:52,026 INFO  [BrowserSelenium] (initElements) -> CSS set to field: 
13:34:52,026 INFO  [BrowserSelenium] (initElements) -> XPath set to field: //div[@class='table-box']//tr//td//a
13:34:52,026 INFO  [BrowserSelenium] (initElements) -> ID set to field: metaField.name
13:34:52,026 INFO  [BrowserSelenium] (initElements) -> Name set to field: 
13:34:52,036 INFO  [BrowserSelenium] (initElements) -> CSS set to field: 
13:34:52,036 INFO  [BrowserSelenium] (initElements) -> XPath set to field: 
13:34:52,037 INFO  [BrowserSelenium] (initElements) -> ID set to field: metaField.dataType
13:34:52,038 INFO  [BrowserSelenium] (initElements) -> Name set to field: 
13:34:52,038 INFO  [BrowserSelenium] (initElements) -> CSS set to field: 
13:34:52,038 INFO  [BrowserSelenium] (initElements) -> XPath set to field: 
13:34:52,038 INFO  [BrowserSelenium] (initElements) -> ID set to field: mandatoryCheck
13:34:52,039 INFO  [BrowserSelenium] (initElements) -> Name set to field: 
13:34:52,039 INFO  [BrowserSelenium] (initElements) -> CSS set to field: 
13:34:52,039 INFO  [BrowserSelenium] (initElements) -> XPath set to field: 
13:34:52,039 INFO  [BrowserSelenium] (initElements) -> ID set to field: disableCheck
13:34:52,039 INFO  [BrowserSelenium] (initElements) -> Name set to field: 
13:34:52,040 INFO  [BrowserSelenium] (initElements) -> CSS set to field: 
13:34:52,040 INFO  [BrowserSelenium] (initElements) -> XPath set to field: 
13:34:52,041 INFO  [BrowserSelenium] (initElements) -> ID set to field: defaultValue
13:34:52,041 INFO  [BrowserSelenium] (initElements) -> Name set to field: 
13:34:52,042 INFO  [BrowserSelenium] (initElements) -> CSS set to field: 
13:34:52,042 INFO  [BrowserSelenium] (initElements) -> XPath set to field: 
13:34:52,042 INFO  [BrowserSelenium] (initElements) -> ID set to field: metaField.validationRule.ruleType
13:34:52,042 INFO  [BrowserSelenium] (initElements) -> Name set to field: 
13:34:52,043 INFO  [BrowserSelenium] (initElements) -> CSS set to field: 
13:34:52,043 INFO  [BrowserSelenium] (initElements) -> XPath set to field: 
13:34:52,043 INFO  [BrowserSelenium] (initElements) -> ID set to field: 
13:34:52,044 INFO  [BrowserSelenium] (initElements) -> Name set to field: 
13:34:52,044 INFO  [BrowserSelenium] (initElements) -> CSS set to field: 
13:34:52,044 INFO  [BrowserSelenium] (initElements) -> XPath set to field: //a[@class='submit save']/span
13:34:52,044 INFO  [BrowserSelenium] (initElements) -> ID set to field: 
13:34:52,045 INFO  [BrowserSelenium] (initElements) -> Name set to field: 
13:34:52,045 INFO  [BrowserSelenium] (initElements) -> CSS set to field: 
13:34:52,045 INFO  [BrowserSelenium] (initElements) -> XPath set to field: //a[@class='submit cancel']/span
13:34:52,045 INFO  [BrowserSelenium] (initElements) -> ID set to field: 
13:34:52,045 INFO  [BrowserSelenium] (initElements) -> Name set to field: 
13:34:52,045 INFO  [BrowserSelenium] (initElements) -> CSS set to field: 
13:34:52,046 INFO  [BrowserSelenium] (initElements) -> XPath set to field: //input[@id='helpCheck'] 
13:34:52,046 INFO  [BrowserSelenium] (initElements) -> ID set to field: 
13:34:52,046 INFO  [BrowserSelenium] (initElements) -> Name set to field: 
13:34:52,046 INFO  [BrowserSelenium] (initElements) -> CSS set to field: 
13:34:52,046 INFO  [BrowserSelenium] (initElements) -> XPath set to field: //table[@id='roles']//tbody//tr
13:34:52,046 INFO  [BrowserSelenium] (initElements) -> ID set to field: 
13:34:52,047 INFO  [BrowserSelenium] (initElements) -> Name set to field: 
13:34:52,047 INFO  [BrowserSelenium] (initElements) -> CSS set to field: 
13:34:52,047 INFO  [BrowserSelenium] (initElements) -> XPath set to field: //select[@id='vis-cols-multi-sel-group-left']//option
13:34:52,047 INFO  [BrowserSelenium] (initElements) -> ID set to field: 
13:34:52,047 INFO  [BrowserSelenium] (initElements) -> Name set to field: 
13:34:52,048 INFO  [BrowserSelenium] (initElements) -> CSS set to field: 
13:34:52,048 INFO  [BrowserSelenium] (initElements) -> XPath set to field: //a[@id='vis-cols-multi-sel-to-right']/span
13:34:52,048 INFO  [BrowserSelenium] (initElements) -> ID set to field: 
13:34:52,048 INFO  [BrowserSelenium] (initElements) -> Name set to field: 
13:34:52,048 INFO  [BrowserSelenium] (initElements) -> CSS set to field: 
13:34:52,048 INFO  [BrowserSelenium] (initElements) -> XPath set to field: //input[@id='name']
13:34:52,049 INFO  [BrowserSelenium] (initElements) -> ID set to field: 
13:34:52,049 INFO  [BrowserSelenium] (initElements) -> Name set to field: 
13:34:52,049 INFO  [BrowserSelenium] (initElements) -> CSS set to field: 
13:34:52,049 INFO  [BrowserSelenium] (initElements) -> XPath set to field: //table[@id='payments']
13:34:52,049 INFO  [BrowserSelenium] (initElements) -> ID set to field: 
13:34:52,049 INFO  [BrowserSelenium] (initElements) -> Name set to field: 
13:34:52,050 INFO  [BrowserSelenium] (initElements) -> CSS set to field: 
13:34:52,050 INFO  [BrowserSelenium] (initElements) -> XPath set to field: //div[text()='Should use JQGrid for tables']/..
13:34:52,050 INFO  [BrowserSelenium] (initElements) -> ID set to field: 
13:34:52,050 INFO  [BrowserSelenium] (initElements) -> Name set to field: 
13:34:52,050 INFO  [BrowserSelenium] (initElements) -> CSS set to field: 
13:34:52,050 INFO  [BrowserSelenium] (initElements) -> XPath set to field: //table[@class='jqTable ui-jqgrid-btable']//tbody//tr/td/div
13:34:52,051 INFO  [BrowserSelenium] (initElements) -> ID set to field: 
13:34:52,051 INFO  [BrowserSelenium] (initElements) -> Name set to field: 
13:34:52,051 INFO  [BrowserSelenium] (initElements) -> CSS set to field: 
13:34:52,051 INFO  [BrowserSelenium] (initElements) -> XPath set to field: //select[contains(@id,'paymentMethodTypeId')]
13:34:52,051 INFO  [BrowserSelenium] (initElements) -> ID set to field: disableCheck
13:34:52,051 INFO  [BrowserSelenium] (initElements) -> Name set to field: 
13:34:52,051 INFO  [BrowserSelenium] (initElements) -> CSS set to field: 
13:34:52,052 INFO  [BrowserSelenium] (initElements) -> XPath set to field: 
13:34:52,052 INFO  [BrowserSelenium] (initElements) -> ID set to field: 
13:34:52,052 INFO  [BrowserSelenium] (initElements) -> Name set to field: 
13:34:52,052 INFO  [BrowserSelenium] (initElements) -> CSS set to field: 
13:34:52,052 INFO  [BrowserSelenium] (initElements) -> XPath set to field: //select[contains(@id,'dataType')]
13:34:52,053 INFO  [BrowserSelenium] (initElements) -> ID set to field: 
13:34:52,053 INFO  [BrowserSelenium] (initElements) -> Name set to field: 
13:34:52,053 INFO  [BrowserSelenium] (initElements) -> CSS set to field: 
13:34:52,053 INFO  [BrowserSelenium] (initElements) -> XPath set to field: //div[@id='left-column']//li[21]
13:34:52,053 INFO  [BrowserSelenium] (initElements) -> ID set to field: 
13:34:52,053 INFO  [BrowserSelenium] (initElements) -> Name set to field: 
13:34:52,054 INFO  [BrowserSelenium] (initElements) -> CSS set to field: 
13:34:52,054 INFO  [BrowserSelenium] (initElements) -> XPath set to field: //div[@class='lang_description_1']//input[@id='obj_0_description_1']
13:34:52,054 INFO  [BrowserSelenium] (initElements) -> ID set to field: 
13:34:52,054 INFO  [BrowserSelenium] (initElements) -> Name set to field: 
13:34:52,054 INFO  [BrowserSelenium] (initElements) -> CSS set to field: 
13:34:52,054 INFO  [BrowserSelenium] (initElements) -> XPath set to field: //div[@class='lang_description_1']//input[@id='obj_1_description_1']
13:34:52,055 INFO  [BrowserSelenium] (initElements) -> ID set to field: 
13:34:52,055 INFO  [BrowserSelenium] (initElements) -> Name set to field: 
13:34:52,055 INFO  [BrowserSelenium] (initElements) -> CSS set to field: 
13:34:52,055 INFO  [BrowserSelenium] (initElements) -> XPath set to field: //strong[contains(text(),'Order Change Statuses')]
13:34:52,055 INFO  [BrowserSelenium] (initElements) -> ID set to field: 
13:34:52,055 INFO  [BrowserSelenium] (initElements) -> Name set to field: 
13:34:52,056 INFO  [BrowserSelenium] (initElements) -> CSS set to field: 
13:34:52,056 INFO  [BrowserSelenium] (initElements) -> XPath set to field: //*[@id='obj[1].order']
13:34:52,056 INFO  [BrowserSelenium] (initElements) -> ID set to field: 
13:34:52,056 INFO  [BrowserSelenium] (initElements) -> Name set to field: 
13:34:52,056 INFO  [BrowserSelenium] (initElements) -> CSS set to field: 
13:34:52,056 INFO  [BrowserSelenium] (initElements) -> XPath set to field: //*[@id='obj[1].applyToOrder']
13:34:52,057 INFO  [BrowserSelenium] (initElements) -> ID set to field: 
13:34:52,057 INFO  [BrowserSelenium] (initElements) -> Name set to field: 
13:34:52,057 INFO  [BrowserSelenium] (initElements) -> CSS set to field: 
13:34:52,057 INFO  [BrowserSelenium] (initElements) -> XPath set to field: //*[@id='obj[0].applyToOrder']
13:34:52,057 INFO  [BrowserSelenium] (initElements) -> ID set to field: 
13:34:52,057 INFO  [BrowserSelenium] (initElements) -> Name set to field: 
13:34:52,057 INFO  [BrowserSelenium] (initElements) -> CSS set to field: 
13:34:52,058 INFO  [BrowserSelenium] (initElements) -> XPath set to field: //table[@id='invoiceTemplates']
13:34:52,058 INFO  [BrowserSelenium] (initElements) -> ID set to field: 
13:34:52,058 INFO  [BrowserSelenium] (initElements) -> Name set to field: 
13:34:52,058 INFO  [BrowserSelenium] (initElements) -> CSS set to field: 
13:34:52,058 INFO  [BrowserSelenium] (initElements) -> XPath set to field: //*[@id='17']/em
13:34:52,058 INFO  [BrowserSelenium] (initElements) -> ID set to field: 
13:34:52,059 INFO  [BrowserSelenium] (initElements) -> Name set to field: 
13:34:52,059 INFO  [BrowserSelenium] (initElements) -> CSS set to field: 
13:34:52,059 INFO  [BrowserSelenium] (initElements) -> XPath set to field: //*[@id='processingOrder']
13:34:52,059 INFO  [BrowserSelenium] (initElements) -> ID set to field: 
13:34:52,059 INFO  [BrowserSelenium] (initElements) -> Name set to field: 
13:34:52,059 INFO  [BrowserSelenium] (initElements) -> CSS set to field: 
13:34:52,060 INFO  [BrowserSelenium] (initElements) -> XPath set to field: //*[@id='typeId']
13:34:52,060 INFO  [BrowserSelenium] (initElements) -> ID set to field: 
13:34:52,060 INFO  [BrowserSelenium] (initElements) -> Name set to field: 
13:34:52,060 INFO  [BrowserSelenium] (initElements) -> CSS set to field: 
13:34:52,060 INFO  [BrowserSelenium] (initElements) -> XPath set to field: //div[@class='heading']//strong
13:34:52,060 INFO  [BrowserSelenium] (initElements) -> ID set to field: 
13:34:52,061 INFO  [BrowserSelenium] (initElements) -> Name set to field: 
13:34:52,061 INFO  [BrowserSelenium] (initElements) -> CSS set to field: 
13:34:52,061 INFO  [BrowserSelenium] (initElements) -> XPath set to field: //*[@id='orderChangeStatusesTable']/tbody/tr[2]/td[5]/a/img
13:34:52,061 INFO  [BrowserSelenium] (initElements) -> ID set to field: 
13:34:52,061 INFO  [BrowserSelenium] (initElements) -> Name set to field: 
13:34:52,061 INFO  [BrowserSelenium] (initElements) -> CSS set to field: 
13:34:52,061 INFO  [BrowserSelenium] (initElements) -> XPath set to field: //*[@id='orderChangeStatusesTable']/tbody/tr[3]/td[5]/a/img
13:34:52,062 INFO  [BrowserSelenium] (initElements) -> ID set to field: 
13:34:52,062 INFO  [BrowserSelenium] (initElements) -> Name set to field: 
13:34:52,062 INFO  [BrowserSelenium] (initElements) -> CSS set to field: 
13:34:52,062 INFO  [BrowserSelenium] (initElements) -> XPath set to field: //*[@id='column1']/div/table/thead/tr/th[2]
13:34:52,062 INFO  [BrowserSelenium] (initElements) -> ID set to field: 
13:34:52,062 INFO  [BrowserSelenium] (initElements) -> Name set to field: 
13:34:52,067 INFO  [BrowserSelenium] (initElements) -> CSS set to field: 
13:34:52,067 INFO  [BrowserSelenium] (initElements) -> XPath set to field: //*[@id='CUSTOMER']/strong
13:34:52,068 INFO  [BrowserSelenium] (initElements) -> ID set to field: 
13:34:52,068 INFO  [BrowserSelenium] (initElements) -> Name set to field: 
13:34:52,068 INFO  [BrowserSelenium] (initElements) -> CSS set to field: 
13:34:52,068 INFO  [BrowserSelenium] (initElements) -> XPath set to field: //*[@id='column1']/div[1]/table/thead/tr/th
13:34:52,069 INFO  [BrowserSelenium] (initElements) -> ID set to field: 
13:34:52,069 INFO  [BrowserSelenium] (initElements) -> Name set to field: 
13:34:52,069 INFO  [BrowserSelenium] (initElements) -> CSS set to field: 
13:34:52,069 INFO  [BrowserSelenium] (initElements) -> XPath set to field: //*[@id='metaField.name']
13:34:52,070 INFO  [BrowserSelenium] (initElements) -> ID set to field: 
13:34:52,070 INFO  [BrowserSelenium] (initElements) -> Name set to field: 
13:34:52,070 INFO  [BrowserSelenium] (initElements) -> CSS set to field: 
13:34:52,071 INFO  [BrowserSelenium] (initElements) -> XPath set to field: //*[@id='metaField.dataType']
13:34:52,071 INFO  [BrowserSelenium] (initElements) -> ID set to field: 
13:34:52,071 INFO  [BrowserSelenium] (initElements) -> Name set to field: 
13:34:52,071 INFO  [BrowserSelenium] (initElements) -> CSS set to field: 
13:34:52,072 INFO  [BrowserSelenium] (initElements) -> XPath set to field: //*[@id='mandatoryCheck']
13:34:52,072 INFO  [BrowserSelenium] (initElements) -> ID set to field: 
13:34:52,072 INFO  [BrowserSelenium] (initElements) -> Name set to field: 
13:34:52,073 INFO  [BrowserSelenium] (initElements) -> CSS set to field: 
13:34:52,073 INFO  [BrowserSelenium] (initElements) -> XPath set to field: //*[@class='table-box']//strong[contains(text(),'Salary')]
13:34:52,073 INFO  [BrowserSelenium] (initElements) -> ID set to field: 
13:34:52,074 INFO  [BrowserSelenium] (initElements) -> Name set to field: 
13:34:52,074 INFO  [BrowserSelenium] (initElements) -> CSS set to field: 
13:34:52,075 INFO  [BrowserSelenium] (initElements) -> XPath set to field: (//button[@type='button'])[3]
13:34:52,075 INFO  [BrowserSelenium] (initElements) -> ID set to field: 
13:34:52,076 INFO  [BrowserSelenium] (initElements) -> Name set to field: 
13:34:52,076 INFO  [BrowserSelenium] (initElements) -> CSS set to field: 
13:34:52,077 INFO  [BrowserSelenium] (initElements) -> XPath set to field: //a[contains(text(),'Payment Method')]
13:34:52,077 INFO  [BrowserSelenium] (initElements) -> ID set to field: 
13:34:52,078 INFO  [BrowserSelenium] (initElements) -> Name set to field: 
13:34:52,078 INFO  [BrowserSelenium] (initElements) -> CSS set to field: 
13:34:52,078 INFO  [BrowserSelenium] (initElements) -> XPath set to field: //a[contains(text(),'Account Type')]
13:34:52,078 INFO  [BrowserSelenium] (initElements) -> ID set to field: 
13:34:52,079 INFO  [BrowserSelenium] (initElements) -> Name set to field: 
13:34:52,079 INFO  [BrowserSelenium] (initElements) -> CSS set to field: 
13:34:52,079 INFO  [BrowserSelenium] (initElements) -> XPath set to field: //div[@id='left-column']/div/ul//li//a[contains(text(),'Account Type')]
13:34:52,079 INFO  [BrowserSelenium] (initElements) -> ID set to field: 
13:34:52,080 INFO  [BrowserSelenium] (initElements) -> Name set to field: 
13:34:52,080 INFO  [BrowserSelenium] (initElements) -> CSS set to field: 
13:34:52,080 INFO  [BrowserSelenium] (initElements) -> XPath set to field: //div[@id='messages']/div[@class='msg-box error']/strong
13:34:52,080 INFO  [BrowserSelenium] (initElements) -> ID set to field: 
13:34:52,081 INFO  [BrowserSelenium] (initElements) -> Name set to field: 
13:34:52,081 INFO  [BrowserSelenium] (initElements) -> CSS set to field: 
13:34:52,081 INFO  [BrowserSelenium] (initElements) -> XPath set to field: //div[@id='messages']/div[@class='msg-box error']/ul/li
13:34:52,081 INFO  [BrowserSelenium] (initElements) -> ID set to field: 
13:34:52,082 INFO  [BrowserSelenium] (initElements) -> Name set to field: 
13:34:52,082 INFO  [BrowserSelenium] (initElements) -> CSS set to field: 
13:34:52,082 INFO  [BrowserSelenium] (initElements) -> XPath set to field: //a[contains(.,'Order Statuses')]
13:34:52,083 INFO  [BrowserSelenium] (initElements) -> ID set to field: 
13:34:52,083 INFO  [BrowserSelenium] (initElements) -> Name set to field: 
13:34:52,083 INFO  [BrowserSelenium] (initElements) -> CSS set to field: 
13:34:52,083 INFO  [BrowserSelenium] (initElements) -> XPath set to field: //a[contains(.,'INVOICE')]
13:34:52,084 INFO  [BrowserSelenium] (initElements) -> ID set to field: 
13:34:52,084 INFO  [BrowserSelenium] (initElements) -> Name set to field: 
13:34:52,084 INFO  [BrowserSelenium] (initElements) -> CSS set to field: 
13:34:52,085 INFO  [BrowserSelenium] (initElements) -> XPath set to field: //a[contains(.,'FINISHED')]
13:34:52,085 INFO  [BrowserSelenium] (initElements) -> ID set to field: 
13:34:52,085 INFO  [BrowserSelenium] (initElements) -> Name set to field: 
13:34:52,085 INFO  [BrowserSelenium] (initElements) -> CSS set to field: 
13:34:52,086 INFO  [BrowserSelenium] (initElements) -> XPath set to field: //a[contains(.,'NOT_INVOICE')]
13:34:52,086 INFO  [BrowserSelenium] (initElements) -> ID set to field: 
13:34:52,086 INFO  [BrowserSelenium] (initElements) -> Name set to field: 
13:34:52,087 INFO  [BrowserSelenium] (initElements) -> CSS set to field: 
13:34:52,087 INFO  [BrowserSelenium] (initElements) -> XPath set to field: //a[contains(.,'SUSPENDED_AGEING')]
13:34:52,087 INFO  [BrowserSelenium] (initElements) -> ID set to field: 
13:34:52,087 INFO  [BrowserSelenium] (initElements) -> Name set to field: 
13:34:52,088 INFO  [BrowserSelenium] (initElements) -> CSS set to field: 
13:34:52,088 INFO  [BrowserSelenium] (initElements) -> XPath set to field: //a[contains(.,'Active')]
13:34:52,088 INFO  [BrowserSelenium] (initElements) -> ID set to field: 
13:34:52,088 INFO  [BrowserSelenium] (initElements) -> Name set to field: 
13:34:52,089 INFO  [BrowserSelenium] (initElements) -> CSS set to field: 
13:34:52,089 INFO  [BrowserSelenium] (initElements) -> XPath set to field: //a[contains(.,'Finished')]
13:34:52,089 INFO  [BrowserSelenium] (initElements) -> ID set to field: 
13:34:52,090 INFO  [BrowserSelenium] (initElements) -> Name set to field: 
13:34:52,090 INFO  [BrowserSelenium] (initElements) -> CSS set to field: 
13:34:52,090 INFO  [BrowserSelenium] (initElements) -> XPath set to field: //a[contains(.,'Suspended')]
13:34:52,090 INFO  [BrowserSelenium] (initElements) -> ID set to field: 
13:34:52,091 INFO  [BrowserSelenium] (initElements) -> Name set to field: 
13:34:52,091 INFO  [BrowserSelenium] (initElements) -> CSS set to field: 
13:34:52,091 INFO  [BrowserSelenium] (initElements) -> XPath set to field: //a[contains(.,'Suspended ageing(auto)')]
13:34:52,091 INFO  [BrowserSelenium] (initElements) -> ID set to field: 
13:34:52,092 INFO  [BrowserSelenium] (initElements) -> Name set to field: 
13:34:52,092 INFO  [BrowserSelenium] (initElements) -> CSS set to field: 
13:34:52,092 INFO  [BrowserSelenium] (initElements) -> XPath set to field: //input[@id='description']
13:34:52,093 INFO  [BrowserSelenium] (initElements) -> ID set to field: 
13:34:52,093 INFO  [BrowserSelenium] (initElements) -> Name set to field: 
13:34:52,093 INFO  [BrowserSelenium] (initElements) -> CSS set to field: 
13:34:52,094 INFO  [BrowserSelenium] (initElements) -> XPath set to field: //select[contains(@id,'orderStatusFlag')]
13:34:52,094 INFO  [BrowserSelenium] (initElements) -> ID set to field: 
13:34:52,094 INFO  [BrowserSelenium] (initElements) -> Name set to field: 
13:34:52,094 INFO  [BrowserSelenium] (initElements) -> CSS set to field: 
13:34:52,095 INFO  [BrowserSelenium] (initElements) -> XPath set to field: //div[@id='error-messages']/ul/li
13:34:52,095 INFO  [BrowserSelenium] (initElements) -> ID set to field: 
13:34:52,095 INFO  [BrowserSelenium] (initElements) -> Name set to field: 
13:34:52,095 INFO  [BrowserSelenium] (initElements) -> CSS set to field: 
13:34:52,096 INFO  [BrowserSelenium] (initElements) -> XPath set to field: //div[@id='messages']//div[@class='msg-box error'][1]/ul/li
13:34:52,096 INFO  [BrowserSelenium] (initElements) -> ID set to field: 
13:34:52,096 INFO  [BrowserSelenium] (initElements) -> Name set to field: 
13:34:52,097 INFO  [BrowserSelenium] (initElements) -> CSS set to field: 
13:34:52,097 INFO  [BrowserSelenium] (initElements) -> XPath set to field: //div[@id='error-messages']/ul/li[1]
13:34:52,097 INFO  [BrowserSelenium] (initElements) -> ID set to field: 
13:34:52,097 INFO  [BrowserSelenium] (initElements) -> Name set to field: 
13:34:52,098 INFO  [BrowserSelenium] (initElements) -> CSS set to field: 
13:34:52,098 INFO  [BrowserSelenium] (initElements) -> XPath set to field: //div[@id='error-messages']/ul/li[2]
13:34:52,098 INFO  [BrowserSelenium] (initElements) -> ID set to field: name
13:34:52,098 INFO  [BrowserSelenium] (initElements) -> Name set to field: 
13:34:52,098 INFO  [BrowserSelenium] (initElements) -> CSS set to field: 
13:34:52,099 INFO  [BrowserSelenium] (initElements) -> XPath set to field: 
13:34:52,099 INFO  [BrowserSelenium] (initElements) -> ID set to field: usagePool.names[0].content
13:34:52,099 INFO  [BrowserSelenium] (initElements) -> Name set to field: 
13:34:52,099 INFO  [BrowserSelenium] (initElements) -> CSS set to field: 
13:34:52,100 INFO  [BrowserSelenium] (initElements) -> XPath set to field: 
13:34:52,100 INFO  [BrowserSelenium] (initElements) -> ID set to field: usagePool.cyclePeriodValue
13:34:52,100 INFO  [BrowserSelenium] (initElements) -> Name set to field: 
13:34:52,100 INFO  [BrowserSelenium] (initElements) -> CSS set to field: 
13:34:52,101 INFO  [BrowserSelenium] (initElements) -> XPath set to field: 
13:34:52,101 INFO  [BrowserSelenium] (initElements) -> ID set to field: usagePool.quantity
13:34:52,101 INFO  [BrowserSelenium] (initElements) -> Name set to field: 
13:34:52,101 INFO  [BrowserSelenium] (initElements) -> CSS set to field: 
13:34:52,102 INFO  [BrowserSelenium] (initElements) -> XPath set to field: 
13:34:52,102 INFO  [BrowserSelenium] (initElements) -> ID set to field: usagePool.consumptionActions.1.percentage
13:34:52,102 INFO  [BrowserSelenium] (initElements) -> Name set to field: 
13:34:52,102 INFO  [BrowserSelenium] (initElements) -> CSS set to field: 
13:34:52,103 INFO  [BrowserSelenium] (initElements) -> XPath set to field: 
13:34:52,103 INFO  [BrowserSelenium] (initElements) -> ID set to field: usagePool.consumptionActions.2.percentage
13:34:52,103 INFO  [BrowserSelenium] (initElements) -> Name set to field: 
13:34:52,103 INFO  [BrowserSelenium] (initElements) -> CSS set to field: 
13:34:52,104 INFO  [BrowserSelenium] (initElements) -> XPath set to field: 
13:34:52,104 INFO  [BrowserSelenium] (initElements) -> ID set to field: usagePool.consumptionActions.2.productId
13:34:52,104 INFO  [BrowserSelenium] (initElements) -> Name set to field: 
13:34:52,105 INFO  [BrowserSelenium] (initElements) -> CSS set to field: 
13:34:52,105 INFO  [BrowserSelenium] (initElements) -> XPath set to field: 
13:34:52,105 INFO  [BrowserSelenium] (initElements) -> ID set to field: 
13:34:52,105 INFO  [BrowserSelenium] (initElements) -> Name set to field: 
13:34:52,106 INFO  [BrowserSelenium] (initElements) -> CSS set to field: 
13:34:52,106 INFO  [BrowserSelenium] (initElements) -> XPath set to field: //input[contains(@id,'.value')]
13:34:52,106 INFO  [BrowserSelenium] (initElements) -> ID set to field: 
13:34:52,106 INFO  [BrowserSelenium] (initElements) -> Name set to field: 
13:34:52,107 INFO  [BrowserSelenium] (initElements) -> CSS set to field: 
13:34:52,107 INFO  [BrowserSelenium] (initElements) -> XPath set to field: //label[text()='1']/..//input[contains(@id,'.value')]
13:34:52,107 INFO  [BrowserSelenium] (initElements) -> ID set to field: 
13:34:52,107 INFO  [BrowserSelenium] (initElements) -> Name set to field: 
13:34:52,108 INFO  [BrowserSelenium] (initElements) -> CSS set to field: 
13:34:52,108 INFO  [BrowserSelenium] (initElements) -> XPath set to field: //table[@id='enumerations']/tbody/tr/td//strong
13:34:52,110 INFO  [BrowserSelenium] (initElements) -> ID set to field: 
13:34:52,111 INFO  [BrowserSelenium] (initElements) -> Name set to field: 
13:34:52,112 INFO  [BrowserSelenium] (initElements) -> CSS set to field: 
13:34:52,112 INFO  [BrowserSelenium] (initElements) -> XPath set to field: //img[@alt='Add more values']
13:34:52,112 INFO  [BrowserSelenium] (initElements) -> ID set to field: 
13:34:52,112 INFO  [BrowserSelenium] (initElements) -> Name set to field: 
13:34:52,113 INFO  [BrowserSelenium] (initElements) -> CSS set to field: 
13:34:52,113 INFO  [BrowserSelenium] (initElements) -> XPath set to field: //img[@alt='remove this value']
13:34:52,113 INFO  [BrowserSelenium] (initElements) -> ID set to field: 
13:34:52,113 INFO  [BrowserSelenium] (initElements) -> Name set to field: 
13:34:52,114 INFO  [BrowserSelenium] (initElements) -> CSS set to field: 
13:34:52,114 INFO  [BrowserSelenium] (initElements) -> XPath set to field: //span[@id='mandatory-meta-field']/../following::input[1]
13:34:52,114 INFO  [BrowserSelenium] (initElements) -> ID set to field: 
13:34:52,114 INFO  [BrowserSelenium] (initElements) -> Name set to field: 
13:34:52,115 INFO  [BrowserSelenium] (initElements) -> CSS set to field: 
13:34:52,115 INFO  [BrowserSelenium] (initElements) -> XPath set to field: //label[text()='MetaField Type']/following::select[1]
13:34:52,115 INFO  [BrowserSelenium] (initElements) -> ID set to field: 
13:34:52,115 INFO  [BrowserSelenium] (initElements) -> Name set to field: 
13:34:52,116 INFO  [BrowserSelenium] (initElements) -> CSS set to field: 
13:34:52,116 INFO  [BrowserSelenium] (initElements) -> XPath set to field: //a[contains(text(),'Meta Fields')]
13:34:52,116 INFO  [BrowserSelenium] (initElements) -> ID set to field: 
13:34:52,116 INFO  [BrowserSelenium] (initElements) -> Name set to field: 
13:34:52,116 INFO  [BrowserSelenium] (initElements) -> CSS set to field: 
13:34:52,117 INFO  [BrowserSelenium] (initElements) -> XPath set to field: //div[@class='table-box']/table/tbody/tr/td/a/strong
13:34:52,117 INFO  [BrowserSelenium] (initElements) -> ID set to field: 
13:34:52,117 INFO  [BrowserSelenium] (initElements) -> Name set to field: 
13:34:52,117 INFO  [BrowserSelenium] (initElements) -> CSS set to field: 
13:34:52,118 INFO  [BrowserSelenium] (initElements) -> XPath set to field: //ul[@id='metafield-ait']/form[1]//span[text()='Not Mandatory']
13:34:52,118 INFO  [BrowserSelenium] EXIT --> (initElements)
13:34:52,118 INFO  [BrowserSelenium] ENTER --> (clickLinkText)
13:34:52,118 INFO  [BrowserSelenium] ENTER --> (_waitForElement) --> Waiting for element: null
13:34:52,119 INFO  [BrowserSelenium] ENTER --> (waitForElement)
13:34:53,898 INFO  [BrowserSelenium] ENTER --> (_getByLocator)
13:34:53,898 INFO  [BrowserSelenium] (_getByLocator) -> Getting locator for null
13:34:53,898 INFO  [BrowserSelenium] (_getByLocator) -> Locator info found for XPATH attribute as: //span[text()='Save Changes']
13:34:53,898 INFO  [BrowserSelenium] ENTER --> (_parseElementOnXpath)
13:34:53,898 INFO  [BrowserSelenium] (_parseElementOnXpath) -> //span[text()='Save Changes'] is used
13:34:53,898 INFO  [BrowserSelenium] EXIT --> (_parseElementOnXpath)
13:34:53,898 INFO  [BrowserSelenium] EXIT --> (_getByLocator)
13:34:53,918 INFO  [BrowserSelenium] ENTER --> (_getByLocator)
13:34:53,918 INFO  [BrowserSelenium] (_getByLocator) -> Getting locator for null
13:34:53,918 INFO  [BrowserSelenium] (_getByLocator) -> Locator info found for XPATH attribute as: //span[text()='Save Changes']
13:34:53,918 INFO  [BrowserSelenium] ENTER --> (_parseElementOnXpath)
13:34:53,918 INFO  [BrowserSelenium] (_parseElementOnXpath) -> //span[text()='Save Changes'] is used
13:34:53,918 INFO  [BrowserSelenium] EXIT --> (_parseElementOnXpath)
13:34:53,918 INFO  [BrowserSelenium] EXIT --> (_getByLocator)
13:34:53,958 INFO  [BrowserSelenium] (waitForElement) -> element wait eligibility found: true
13:34:53,958 INFO  [BrowserSelenium] ENTER --> (_waitForJStoLoad)
13:34:54,538 INFO  [BrowserSelenium] EXIT --> (_waitForJStoLoad) --> DOM load wait done: true
13:34:54,548 INFO  [BrowserSelenium] (waitForElement) -> element wait eligibility set: true
13:34:54,548 INFO  [BrowserSelenium] EXIT --> (waitForElement)
13:34:54,548 INFO  [BrowserSelenium] EXIT --> (_waitForElement)
13:34:54,558 INFO  [BrowserSelenium] ENTER --> (_getByLocator)
13:34:54,558 INFO  [BrowserSelenium] (_getByLocator) -> Getting locator for null
13:34:54,558 INFO  [BrowserSelenium] (_getByLocator) -> Locator info found for XPATH attribute as: //span[text()='Save Changes']
13:34:54,558 INFO  [BrowserSelenium] ENTER --> (_parseElementOnXpath)
13:34:54,558 INFO  [BrowserSelenium] (_parseElementOnXpath) -> //span[text()='Save Changes'] is used
13:34:54,558 INFO  [BrowserSelenium] EXIT --> (_parseElementOnXpath)
13:34:54,558 INFO  [BrowserSelenium] EXIT --> (_getByLocator)
13:34:54,588 INFO  [BrowserSelenium] ENTER --> (_clickUsingJavaScript)
13:34:54,618 INFO  [BrowserSelenium] EXIT --> (_clickUsingJavaScript)
13:34:54,618 INFO  [BrowserSelenium] EXIT --> (clickLinkText)
13:34:54,618 INFO  [BrowserSelenium] ENTER --> (initElements)
13:34:54,618 INFO  [BrowserSelenium] (initElements) -> ID set to field: 
13:34:54,618 INFO  [BrowserSelenium] (initElements) -> Name set to field: 
13:34:54,618 INFO  [BrowserSelenium] (initElements) -> CSS set to field: 
13:34:54,618 INFO  [BrowserSelenium] (initElements) -> XPath set to field: //div[@class='menu-items']/ul/li
13:34:54,618 INFO  [BrowserSelenium] (initElements) -> ID set to field: 
13:34:54,618 INFO  [BrowserSelenium] (initElements) -> Name set to field: 
13:34:54,618 INFO  [BrowserSelenium] (initElements) -> CSS set to field: 
13:34:54,618 INFO  [BrowserSelenium] (initElements) -> XPath set to field: //div[@id='column1']/div[@class='table-box']/table/tbody//td/a/strong
13:34:54,618 INFO  [BrowserSelenium] (initElements) -> ID set to field: 
13:34:54,618 INFO  [BrowserSelenium] (initElements) -> Name set to field: 
13:34:54,618 INFO  [BrowserSelenium] (initElements) -> CSS set to field: 
13:34:54,618 INFO  [BrowserSelenium] (initElements) -> XPath set to field: //span[text()='Add New']
13:34:54,618 INFO  [BrowserSelenium] (initElements) -> ID set to field: 
13:34:54,618 INFO  [BrowserSelenium] (initElements) -> Name set to field: 
13:34:54,618 INFO  [BrowserSelenium] (initElements) -> CSS set to field: 
13:34:54,618 INFO  [BrowserSelenium] (initElements) -> XPath set to field: //span[text()='Save Changes']
13:34:54,618 INFO  [BrowserSelenium] (initElements) -> ID set to field: 
13:34:54,618 INFO  [BrowserSelenium] (initElements) -> Name set to field: 
13:34:54,618 INFO  [BrowserSelenium] (initElements) -> CSS set to field: 
13:34:54,618 INFO  [BrowserSelenium] (initElements) -> XPath set to field: //span[text()='Cancel']
13:34:54,618 INFO  [BrowserSelenium] (initElements) -> ID set to field: 
13:34:54,618 INFO  [BrowserSelenium] (initElements) -> Name set to field: 
13:34:54,618 INFO  [BrowserSelenium] (initElements) -> CSS set to field: 
13:34:54,618 INFO  [BrowserSelenium] (initElements) -> XPath set to field: //span[text()='Upload File']
13:34:54,618 INFO  [BrowserSelenium] (initElements) -> ID set to field: 
13:34:54,618 INFO  [BrowserSelenium] (initElements) -> Name set to field: 
13:34:54,618 INFO  [BrowserSelenium] (initElements) -> CSS set to field: 
13:34:54,618 INFO  [BrowserSelenium] (initElements) -> XPath set to field: //input[@type='file']
13:34:54,618 INFO  [BrowserSelenium] (initElements) -> ID set to field: 
13:34:54,618 INFO  [BrowserSelenium] (initElements) -> Name set to field: 
13:34:54,618 INFO  [BrowserSelenium] (initElements) -> CSS set to field: 
13:34:54,618 INFO  [BrowserSelenium] (initElements) -> XPath set to field: //span[contains(text(),'Edit')]
13:34:54,618 INFO  [BrowserSelenium] (initElements) -> ID set to field: 
13:34:54,618 INFO  [BrowserSelenium] (initElements) -> Name set to field: 
13:34:54,618 INFO  [BrowserSelenium] (initElements) -> CSS set to field: 
13:34:54,618 INFO  [BrowserSelenium] (initElements) -> XPath set to field: //a[@class='submit save']
13:34:54,618 INFO  [BrowserSelenium] (initElements) -> ID set to field: 
13:34:54,618 INFO  [BrowserSelenium] (initElements) -> Name set to field: 
13:34:54,618 INFO  [BrowserSelenium] (initElements) -> CSS set to field: 
13:34:54,618 INFO  [BrowserSelenium] (initElements) -> XPath set to field: //select[@id='typeId']
13:34:54,618 INFO  [BrowserSelenium] (initElements) -> ID set to field: 
13:34:54,618 INFO  [BrowserSelenium] (initElements) -> Name set to field: 
13:34:54,618 INFO  [BrowserSelenium] (initElements) -> CSS set to field: 
13:34:54,618 INFO  [BrowserSelenium] (initElements) -> XPath set to field: //input[@id='processingOrder']
13:34:54,618 INFO  [BrowserSelenium] (initElements) -> ID set to field: 
13:34:54,618 INFO  [BrowserSelenium] (initElements) -> Name set to field: 
13:34:54,618 INFO  [BrowserSelenium] (initElements) -> CSS set to field: 
13:34:54,618 INFO  [BrowserSelenium] (initElements) -> XPath set to field: //input[@id='name']
13:34:54,618 INFO  [BrowserSelenium] (initElements) -> ID set to field: 
13:34:54,618 INFO  [BrowserSelenium] (initElements) -> Name set to field: 
13:34:54,618 INFO  [BrowserSelenium] (initElements) -> CSS set to field: 
13:34:54,628 INFO  [BrowserSelenium] (initElements) -> XPath set to field: //input[@id='plgDynamic.1.name']
13:34:54,628 INFO  [BrowserSelenium] (initElements) -> ID set to field: 
13:34:54,628 INFO  [BrowserSelenium] (initElements) -> Name set to field: 
13:34:54,628 INFO  [BrowserSelenium] (initElements) -> CSS set to field: 
13:34:54,628 INFO  [BrowserSelenium] (initElements) -> XPath set to field: //input[@id='plgDynamic.1.value']
13:34:54,628 INFO  [BrowserSelenium] (initElements) -> ID set to field: 
13:34:54,628 INFO  [BrowserSelenium] (initElements) -> Name set to field: 
13:34:54,628 INFO  [BrowserSelenium] (initElements) -> CSS set to field: 
13:34:54,628 INFO  [BrowserSelenium] (initElements) -> XPath set to field: //img[@alt='add']
13:34:54,628 INFO  [BrowserSelenium] (initElements) -> ID set to field: 
13:34:54,628 INFO  [BrowserSelenium] (initElements) -> Name set to field: 
13:34:54,628 INFO  [BrowserSelenium] (initElements) -> CSS set to field: 
13:34:54,628 INFO  [BrowserSelenium] (initElements) -> XPath set to field: //img[@alt='remove']
13:34:54,628 INFO  [BrowserSelenium] (initElements) -> ID set to field: 
13:34:54,628 INFO  [BrowserSelenium] (initElements) -> Name set to field: 
13:34:54,628 INFO  [BrowserSelenium] (initElements) -> CSS set to field: 
13:34:54,628 INFO  [BrowserSelenium] (initElements) -> XPath set to field: //span[text()='Save Plug-in']
13:34:54,628 INFO  [BrowserSelenium] (initElements) -> ID set to field: 
13:34:54,628 INFO  [BrowserSelenium] (initElements) -> Name set to field: 
13:34:54,628 INFO  [BrowserSelenium] (initElements) -> CSS set to field: 
13:34:54,628 INFO  [BrowserSelenium] (initElements) -> XPath set to field: //input[@id='nextRunDate']
13:34:54,628 INFO  [BrowserSelenium] (initElements) -> ID set to field: 
13:34:54,628 INFO  [BrowserSelenium] (initElements) -> Name set to field: 
13:34:54,628 INFO  [BrowserSelenium] (initElements) -> CSS set to field: 
13:34:54,628 INFO  [BrowserSelenium] (initElements) -> XPath set to field: //input[@id='generateReport']
13:34:54,628 INFO  [BrowserSelenium] (initElements) -> ID set to field: 
13:34:54,628 INFO  [BrowserSelenium] (initElements) -> Name set to field: 
13:34:54,628 INFO  [BrowserSelenium] (initElements) -> CSS set to field: 
13:34:54,628 INFO  [BrowserSelenium] (initElements) -> XPath set to field: //select[@id='periodUnitId']
13:34:54,628 INFO  [BrowserSelenium] (initElements) -> ID set to field: 
13:34:54,628 INFO  [BrowserSelenium] (initElements) -> Name set to field: 
13:34:54,628 INFO  [BrowserSelenium] (initElements) -> CSS set to field: 
13:34:54,628 INFO  [BrowserSelenium] (initElements) -> XPath set to field: //select[@id='usagePool.consumptionActions.1.type']
13:34:54,628 INFO  [BrowserSelenium] (initElements) -> ID set to field: 
13:34:54,628 INFO  [BrowserSelenium] (initElements) -> Name set to field: 
13:34:54,628 INFO  [BrowserSelenium] (initElements) -> CSS set to field: 
13:34:54,628 INFO  [BrowserSelenium] (initElements) -> XPath set to field: //select[@id='usagePool.consumptionActions.1.notificationId']
13:34:54,628 INFO  [BrowserSelenium] (initElements) -> ID set to field: 
13:34:54,628 INFO  [BrowserSelenium] (initElements) -> Name set to field: 
13:34:54,628 INFO  [BrowserSelenium] (initElements) -> CSS set to field: 
13:34:54,628 INFO  [BrowserSelenium] (initElements) -> XPath set to field: //select[@id='usagePool.consumptionActions.1.mediumType']
13:34:54,628 INFO  [BrowserSelenium] (initElements) -> ID set to field: 
13:34:54,628 INFO  [BrowserSelenium] (initElements) -> Name set to field: 
13:34:54,628 INFO  [BrowserSelenium] (initElements) -> CSS set to field: 
13:34:54,628 INFO  [BrowserSelenium] (initElements) -> XPath set to field: //select[@id='usagePool.consumptionActions.2.type']
13:34:54,628 INFO  [BrowserSelenium] (initElements) -> ID set to field: 
13:34:54,628 INFO  [BrowserSelenium] (initElements) -> Name set to field: 
13:34:54,628 INFO  [BrowserSelenium] (initElements) -> CSS set to field: 
13:34:54,628 INFO  [BrowserSelenium] (initElements) -> XPath set to field: //select[@id = 'usagePool.itemTypes']
13:34:54,628 INFO  [BrowserSelenium] (initElements) -> ID set to field: 
13:34:54,628 INFO  [BrowserSelenium] (initElements) -> Name set to field: 
13:34:54,628 INFO  [BrowserSelenium] (initElements) -> CSS set to field: 
13:34:54,628 INFO  [BrowserSelenium] (initElements) -> XPath set to field: //select[@id = 'usagePool.items']
13:34:54,628 INFO  [BrowserSelenium] (initElements) -> ID set to field: 
13:34:54,628 INFO  [BrowserSelenium] (initElements) -> Name set to field: 
13:34:54,628 INFO  [BrowserSelenium] (initElements) -> CSS set to field: 
13:34:54,628 INFO  [BrowserSelenium] (initElements) -> XPath set to field: //input[@id='maximumPeriods']
13:34:54,628 INFO  [BrowserSelenium] (initElements) -> ID set to field: 
13:34:54,628 INFO  [BrowserSelenium] (initElements) -> Name set to field: 
13:34:54,628 INFO  [BrowserSelenium] (initElements) -> CSS set to field: 
13:34:54,638 INFO  [BrowserSelenium] (initElements) -> XPath set to field: //input[@id='billing.proratingType.neverProrating']
13:34:54,638 INFO  [BrowserSelenium] (initElements) -> ID set to field: 
13:34:54,638 INFO  [BrowserSelenium] (initElements) -> Name set to field: 
13:34:54,638 INFO  [BrowserSelenium] (initElements) -> CSS set to field: 
13:34:54,638 INFO  [BrowserSelenium] (initElements) -> XPath set to field: //span[text()='Run Commission Process']
13:34:54,638 INFO  [BrowserSelenium] (initElements) -> ID set to field: 
13:34:54,638 INFO  [BrowserSelenium] (initElements) -> Name set to field: 
13:34:54,638 INFO  [BrowserSelenium] (initElements) -> CSS set to field: 
13:34:54,638 INFO  [BrowserSelenium] (initElements) -> XPath set to field: //span[text()='Run Billing']
13:34:54,638 INFO  [BrowserSelenium] (initElements) -> ID set to field: 
13:34:54,638 INFO  [BrowserSelenium] (initElements) -> Name set to field: 
13:34:54,638 INFO  [BrowserSelenium] (initElements) -> CSS set to field: 
13:34:54,638 INFO  [BrowserSelenium] (initElements) -> XPath set to field: //input[@id='obj[0].statusStr']
13:34:54,638 INFO  [BrowserSelenium] (initElements) -> ID set to field: 
13:34:54,638 INFO  [BrowserSelenium] (initElements) -> Name set to field: 
13:34:54,638 INFO  [BrowserSelenium] (initElements) -> CSS set to field: 
13:34:54,638 INFO  [BrowserSelenium] (initElements) -> XPath set to field: //input[@id='obj[0].days']
13:34:54,638 INFO  [BrowserSelenium] (initElements) -> ID set to field: 
13:34:54,638 INFO  [BrowserSelenium] (initElements) -> Name set to field: 
13:34:54,638 INFO  [BrowserSelenium] (initElements) -> CSS set to field: 
13:34:54,638 INFO  [BrowserSelenium] (initElements) -> XPath set to field: //input[@id='obj[0].sendNotification']
13:34:54,638 INFO  [BrowserSelenium] (initElements) -> ID set to field: 
13:34:54,638 INFO  [BrowserSelenium] (initElements) -> Name set to field: 
13:34:54,638 INFO  [BrowserSelenium] (initElements) -> CSS set to field: 
13:34:54,638 INFO  [BrowserSelenium] (initElements) -> XPath set to field: //input[@id='obj[0].paymentRetry']
13:34:54,638 INFO  [BrowserSelenium] (initElements) -> ID set to field: 
13:34:54,638 INFO  [BrowserSelenium] (initElements) -> Name set to field: 
13:34:54,638 INFO  [BrowserSelenium] (initElements) -> CSS set to field: 
13:34:54,638 INFO  [BrowserSelenium] (initElements) -> XPath set to field: //input[@id='obj[0].suspended']
13:34:54,638 INFO  [BrowserSelenium] (initElements) -> ID set to field: 
13:34:54,638 INFO  [BrowserSelenium] (initElements) -> Name set to field: 
13:34:54,638 INFO  [BrowserSelenium] (initElements) -> CSS set to field: 
13:34:54,638 INFO  [BrowserSelenium] (initElements) -> XPath set to field: //table[@id='ageingStepTable']/tbody/tr[2]/td[1]/strong
13:34:54,638 INFO  [BrowserSelenium] (initElements) -> ID set to field: 
13:34:54,638 INFO  [BrowserSelenium] (initElements) -> Name set to field: 
13:34:54,638 INFO  [BrowserSelenium] (initElements) -> CSS set to field: 
13:34:54,638 INFO  [BrowserSelenium] (initElements) -> XPath set to field: //input[@id='obj[1].statusStr']
13:34:54,638 INFO  [BrowserSelenium] (initElements) -> ID set to field: 
13:34:54,638 INFO  [BrowserSelenium] (initElements) -> Name set to field: 
13:34:54,638 INFO  [BrowserSelenium] (initElements) -> CSS set to field: 
13:34:54,638 INFO  [BrowserSelenium] (initElements) -> XPath set to field: //input[@id='obj[1].days']
13:34:54,638 INFO  [BrowserSelenium] (initElements) -> ID set to field: 
13:34:54,638 INFO  [BrowserSelenium] (initElements) -> Name set to field: 
13:34:54,638 INFO  [BrowserSelenium] (initElements) -> CSS set to field: 
13:34:54,638 INFO  [BrowserSelenium] (initElements) -> XPath set to field: //input[@id='obj[1].sendNotification']
13:34:54,638 INFO  [BrowserSelenium] (initElements) -> ID set to field: 
13:34:54,638 INFO  [BrowserSelenium] (initElements) -> Name set to field: 
13:34:54,638 INFO  [BrowserSelenium] (initElements) -> CSS set to field: 
13:34:54,638 INFO  [BrowserSelenium] (initElements) -> XPath set to field: //input[@id='obj[1].paymentRetry']
13:34:54,638 INFO  [BrowserSelenium] (initElements) -> ID set to field: 
13:34:54,638 INFO  [BrowserSelenium] (initElements) -> Name set to field: 
13:34:54,638 INFO  [BrowserSelenium] (initElements) -> CSS set to field: 
13:34:54,638 INFO  [BrowserSelenium] (initElements) -> XPath set to field: //input[@id='obj[1].suspended']
13:34:54,638 INFO  [BrowserSelenium] (initElements) -> ID set to field: 
13:34:54,648 INFO  [BrowserSelenium] (initElements) -> Name set to field: 
13:34:54,648 INFO  [BrowserSelenium] (initElements) -> CSS set to field: 
13:34:54,648 INFO  [BrowserSelenium] (initElements) -> XPath set to field: //input[@id='obj[2].statusStr']
13:34:54,648 INFO  [BrowserSelenium] (initElements) -> ID set to field: 
13:34:54,648 INFO  [BrowserSelenium] (initElements) -> Name set to field: 
13:34:54,648 INFO  [BrowserSelenium] (initElements) -> CSS set to field: 
13:34:54,648 INFO  [BrowserSelenium] (initElements) -> XPath set to field: //input[@id='obj[2].days']
13:34:54,648 INFO  [BrowserSelenium] (initElements) -> ID set to field: 
13:34:54,648 INFO  [BrowserSelenium] (initElements) -> Name set to field: 
13:34:54,648 INFO  [BrowserSelenium] (initElements) -> CSS set to field: 
13:34:54,648 INFO  [BrowserSelenium] (initElements) -> XPath set to field: //input[@id='obj[2].sendNotification']
13:34:54,648 INFO  [BrowserSelenium] (initElements) -> ID set to field: 
13:34:54,648 INFO  [BrowserSelenium] (initElements) -> Name set to field: 
13:34:54,648 INFO  [BrowserSelenium] (initElements) -> CSS set to field: 
13:34:54,648 INFO  [BrowserSelenium] (initElements) -> XPath set to field: //input[@id='obj[2].sendNotification']
13:34:54,648 INFO  [BrowserSelenium] (initElements) -> ID set to field: 
13:34:54,648 INFO  [BrowserSelenium] (initElements) -> Name set to field: 
13:34:54,648 INFO  [BrowserSelenium] (initElements) -> CSS set to field: 
13:34:54,648 INFO  [BrowserSelenium] (initElements) -> XPath set to field: //input[@id='obj[2].suspended']
13:34:54,648 INFO  [BrowserSelenium] (initElements) -> ID set to field: 
13:34:54,648 INFO  [BrowserSelenium] (initElements) -> Name set to field: 
13:34:54,648 INFO  [BrowserSelenium] (initElements) -> CSS set to field: 
13:34:54,648 INFO  [BrowserSelenium] (initElements) -> XPath set to field: //input[@id='obj[3].statusStr']
13:34:54,648 INFO  [BrowserSelenium] (initElements) -> ID set to field: 
13:34:54,648 INFO  [BrowserSelenium] (initElements) -> Name set to field: 
13:34:54,648 INFO  [BrowserSelenium] (initElements) -> CSS set to field: 
13:34:54,648 INFO  [BrowserSelenium] (initElements) -> XPath set to field: //input[@id='obj[3].days']
13:34:54,648 INFO  [BrowserSelenium] (initElements) -> ID set to field: 
13:34:54,648 INFO  [BrowserSelenium] (initElements) -> Name set to field: 
13:34:54,648 INFO  [BrowserSelenium] (initElements) -> CSS set to field: 
13:34:54,648 INFO  [BrowserSelenium] (initElements) -> XPath set to field: //input[@id='obj[3].sendNotification']
13:34:54,648 INFO  [BrowserSelenium] (initElements) -> ID set to field: 
13:34:54,648 INFO  [BrowserSelenium] (initElements) -> Name set to field: 
13:34:54,648 INFO  [BrowserSelenium] (initElements) -> CSS set to field: 
13:34:54,648 INFO  [BrowserSelenium] (initElements) -> XPath set to field: //input[@id='obj[3].paymentRetry']
13:34:54,648 INFO  [BrowserSelenium] (initElements) -> ID set to field: 
13:34:54,648 INFO  [BrowserSelenium] (initElements) -> Name set to field: 
13:34:54,648 INFO  [BrowserSelenium] (initElements) -> CSS set to field: 
13:34:54,648 INFO  [BrowserSelenium] (initElements) -> XPath set to field: //input[@name='obj[1].description_1']
13:34:54,648 INFO  [BrowserSelenium] (initElements) -> ID set to field: 
13:34:54,648 INFO  [BrowserSelenium] (initElements) -> Name set to field: 
13:34:54,648 INFO  [BrowserSelenium] (initElements) -> CSS set to field: 
13:34:54,648 INFO  [BrowserSelenium] (initElements) -> XPath set to field: //input[@name='obj[2].description_1']
13:34:54,648 INFO  [BrowserSelenium] (initElements) -> ID set to field: 
13:34:54,648 INFO  [BrowserSelenium] (initElements) -> Name set to field: 
13:34:54,648 INFO  [BrowserSelenium] (initElements) -> CSS set to field: 
13:34:54,648 INFO  [BrowserSelenium] (initElements) -> XPath set to field: //input[@name='obj[3].description_1']
13:34:54,648 INFO  [BrowserSelenium] (initElements) -> ID set to field: 
13:34:54,648 INFO  [BrowserSelenium] (initElements) -> Name set to field: 
13:34:54,648 INFO  [BrowserSelenium] (initElements) -> CSS set to field: 
13:34:54,648 INFO  [BrowserSelenium] (initElements) -> XPath set to field: //input[@id='obj[3].suspended']
13:34:54,648 INFO  [BrowserSelenium] (initElements) -> ID set to field: 
13:34:54,648 INFO  [BrowserSelenium] (initElements) -> Name set to field: 
13:34:54,648 INFO  [BrowserSelenium] (initElements) -> CSS set to field: 
13:34:54,658 INFO  [BrowserSelenium] (initElements) -> XPath set to field: //input[@id='collectionsRunDate']
13:34:54,658 INFO  [BrowserSelenium] (initElements) -> ID set to field: 
13:34:54,658 INFO  [BrowserSelenium] (initElements) -> Name set to field: 
13:34:54,658 INFO  [BrowserSelenium] (initElements) -> CSS set to field: 
13:34:54,658 INFO  [BrowserSelenium] (initElements) -> XPath set to field: //input[@id='run' and @value='Run Collections']
13:34:54,658 INFO  [BrowserSelenium] (initElements) -> ID set to field: 
13:34:54,658 INFO  [BrowserSelenium] (initElements) -> Name set to field: 
13:34:54,658 INFO  [BrowserSelenium] (initElements) -> CSS set to field: 
13:34:54,658 INFO  [BrowserSelenium] (initElements) -> XPath set to field: //span[text()='Run Collections']
13:34:54,658 INFO  [BrowserSelenium] (initElements) -> ID set to field: 
13:34:54,658 INFO  [BrowserSelenium] (initElements) -> Name set to field: 
13:34:54,658 INFO  [BrowserSelenium] (initElements) -> CSS set to field: 
13:34:54,658 INFO  [BrowserSelenium] (initElements) -> XPath set to field: //img[@alt='add']
13:34:54,658 INFO  [BrowserSelenium] (initElements) -> ID set to field: 
13:34:54,658 INFO  [BrowserSelenium] (initElements) -> Name set to field: 
13:34:54,658 INFO  [BrowserSelenium] (initElements) -> CSS set to field: 
13:34:54,658 INFO  [BrowserSelenium] (initElements) -> XPath set to field: //table[@id='users']/tbody//td/a/strong
13:34:54,658 INFO  [BrowserSelenium] (initElements) -> ID set to field: 
13:34:54,658 INFO  [BrowserSelenium] (initElements) -> Name set to field: 
13:34:54,658 INFO  [BrowserSelenium] (initElements) -> CSS set to field: 
13:34:54,658 INFO  [BrowserSelenium] (initElements) -> XPath set to field: //table[@id='usagePools']/tbody//td/a/strong
13:34:54,658 INFO  [BrowserSelenium] (initElements) -> ID set to field: 
13:34:54,658 INFO  [BrowserSelenium] (initElements) -> Name set to field: 
13:34:54,658 INFO  [BrowserSelenium] (initElements) -> CSS set to field: 
13:34:54,658 INFO  [BrowserSelenium] (initElements) -> XPath set to field: //table[@id='data_grid_column1']/tbody//td/div
13:34:54,658 INFO  [BrowserSelenium] (initElements) -> ID set to field: 
13:34:54,658 INFO  [BrowserSelenium] (initElements) -> Name set to field: 
13:34:54,658 INFO  [BrowserSelenium] (initElements) -> CSS set to field: 
13:34:54,658 INFO  [BrowserSelenium] (initElements) -> XPath set to field: //table[@id='users']
13:34:54,658 INFO  [BrowserSelenium] (initElements) -> ID set to field: 
13:34:54,658 INFO  [BrowserSelenium] (initElements) -> Name set to field: 
13:34:54,658 INFO  [BrowserSelenium] (initElements) -> CSS set to field: 
13:34:54,658 INFO  [BrowserSelenium] (initElements) -> XPath set to field: //table[@id='users']/tbody//td/a/strong
13:34:54,658 INFO  [BrowserSelenium] (initElements) -> ID set to field: 
13:34:54,658 INFO  [BrowserSelenium] (initElements) -> Name set to field: 
13:34:54,658 INFO  [BrowserSelenium] (initElements) -> CSS set to field: 
13:34:54,658 INFO  [BrowserSelenium] (initElements) -> XPath set to field: //span[text()='Permissions']
13:34:54,658 INFO  [BrowserSelenium] (initElements) -> ID set to field: 
13:34:54,658 INFO  [BrowserSelenium] (initElements) -> Name set to field: 
13:34:54,658 INFO  [BrowserSelenium] (initElements) -> CSS set to field: 
13:34:54,658 INFO  [BrowserSelenium] (initElements) -> XPath set to field: //label[contains(text(),'Edit plug-in')]/preceding-sibling::input[@type='box']
13:34:54,658 INFO  [BrowserSelenium] (initElements) -> ID set to field: 
13:34:54,658 INFO  [BrowserSelenium] (initElements) -> Name set to field: 
13:34:54,658 INFO  [BrowserSelenium] (initElements) -> CSS set to field: 
13:34:54,658 INFO  [BrowserSelenium] (initElements) -> XPath set to field: //input[@id = 'permission.1902']
13:34:54,658 INFO  [BrowserSelenium] (initElements) -> ID set to field: 
13:34:54,658 INFO  [BrowserSelenium] (initElements) -> Name set to field: 
13:34:54,658 INFO  [BrowserSelenium] (initElements) -> CSS set to field: 
13:34:54,658 INFO  [BrowserSelenium] (initElements) -> XPath set to field: //label[contains(text(),'Edit payment')]/preceding-sibling::input[@type='checkbox']
13:34:54,658 INFO  [BrowserSelenium] (initElements) -> ID set to field: 
13:34:54,658 INFO  [BrowserSelenium] (initElements) -> Name set to field: 
13:34:54,658 INFO  [BrowserSelenium] (initElements) -> CSS set to field: 
13:34:54,658 INFO  [BrowserSelenium] (initElements) -> XPath set to field: //label[contains(text(),'Delete payment')]/preceding-sibling::input[@type='checkbox']
13:34:54,658 INFO  [BrowserSelenium] (initElements) -> ID set to field: 
13:34:54,658 INFO  [BrowserSelenium] (initElements) -> Name set to field: 
13:34:54,658 INFO  [BrowserSelenium] (initElements) -> CSS set to field: 
13:34:54,658 INFO  [BrowserSelenium] (initElements) -> XPath set to field: //span[contains(text(),'Copy Company')]
13:34:54,658 INFO  [BrowserSelenium] (initElements) -> ID set to field: 
13:34:54,658 INFO  [BrowserSelenium] (initElements) -> Name set to field: 
13:34:54,658 INFO  [BrowserSelenium] (initElements) -> CSS set to field: 
13:34:54,658 INFO  [BrowserSelenium] (initElements) -> XPath set to field: //input[@id='isCompanyChild']
13:34:54,658 INFO  [BrowserSelenium] (initElements) -> ID set to field: 
13:34:54,658 INFO  [BrowserSelenium] (initElements) -> Name set to field: 
13:34:54,658 INFO  [BrowserSelenium] (initElements) -> CSS set to field: 
13:34:54,658 INFO  [BrowserSelenium] (initElements) -> XPath set to field: //input[@id='childCompany']
13:34:54,658 INFO  [BrowserSelenium] (initElements) -> ID set to field: 
13:34:54,658 INFO  [BrowserSelenium] (initElements) -> Name set to field: 
13:34:54,658 INFO  [BrowserSelenium] (initElements) -> CSS set to field: 
13:34:54,658 INFO  [BrowserSelenium] (initElements) -> XPath set to field: //button/span[text()='Yes']
13:34:54,658 INFO  [BrowserSelenium] (initElements) -> ID set to field: 
13:34:54,668 INFO  [BrowserSelenium] (initElements) -> Name set to field: 
13:34:54,668 INFO  [BrowserSelenium] (initElements) -> CSS set to field: 
13:34:54,668 INFO  [BrowserSelenium] (initElements) -> XPath set to field: //button/span[text()='No']
13:34:54,668 INFO  [BrowserSelenium] (initElements) -> ID set to field: 
13:34:54,668 INFO  [BrowserSelenium] (initElements) -> Name set to field: 
13:34:54,668 INFO  [BrowserSelenium] (initElements) -> CSS set to field: 
13:34:54,668 INFO  [BrowserSelenium] (initElements) -> XPath set to field: //strong[text()='Done']/../p
13:34:54,668 INFO  [BrowserSelenium] (initElements) -> ID set to field: 
13:34:54,668 INFO  [BrowserSelenium] (initElements) -> Name set to field: 
13:34:54,668 INFO  [BrowserSelenium] (initElements) -> CSS set to field: 
13:34:54,668 INFO  [BrowserSelenium] (initElements) -> XPath set to field: //input[@id='name']
13:34:54,668 INFO  [BrowserSelenium] (initElements) -> ID set to field: 
13:34:54,668 INFO  [BrowserSelenium] (initElements) -> Name set to field: 
13:34:54,668 INFO  [BrowserSelenium] (initElements) -> CSS set to field: 
13:34:54,668 INFO  [BrowserSelenium] (initElements) -> XPath set to field: //input[@id='orderValue']
13:34:54,668 INFO  [BrowserSelenium] (initElements) -> ID set to field: 
13:34:54,668 INFO  [BrowserSelenium] (initElements) -> Name set to field: 
13:34:54,668 INFO  [BrowserSelenium] (initElements) -> CSS set to field: 
13:34:54,668 INFO  [BrowserSelenium] (initElements) -> XPath set to field: //select[@id='mediationJobLauncher']
13:34:54,668 INFO  [BrowserSelenium] (initElements) -> ID set to field: 
13:34:54,668 INFO  [BrowserSelenium] (initElements) -> Name set to field: 
13:34:54,668 INFO  [BrowserSelenium] (initElements) -> CSS set to field: 
13:34:54,668 INFO  [BrowserSelenium] (initElements) -> XPath set to field: //input[@id='global']
13:34:54,668 INFO  [BrowserSelenium] (initElements) -> ID set to field: 
13:34:54,668 INFO  [BrowserSelenium] (initElements) -> Name set to field: 
13:34:54,668 INFO  [BrowserSelenium] (initElements) -> CSS set to field: 
13:34:54,668 INFO  [BrowserSelenium] (initElements) -> XPath set to field: //span[text()='Run Mediation']
13:34:54,668 INFO  [BrowserSelenium] (initElements) -> ID set to field: 
13:34:54,668 INFO  [BrowserSelenium] (initElements) -> Name set to field: 
13:34:54,668 INFO  [BrowserSelenium] (initElements) -> CSS set to field: 
13:34:54,668 INFO  [BrowserSelenium] (initElements) -> XPath set to field: //input[@id='description']
13:34:54,668 INFO  [BrowserSelenium] (initElements) -> ID set to field: 
13:34:54,668 INFO  [BrowserSelenium] (initElements) -> Name set to field: 
13:34:54,668 INFO  [BrowserSelenium] (initElements) -> CSS set to field: 
13:34:54,668 INFO  [BrowserSelenium] (initElements) -> XPath set to field: //select[@id='periodUnitId']
13:34:54,668 INFO  [BrowserSelenium] (initElements) -> ID set to field: 
13:34:54,668 INFO  [BrowserSelenium] (initElements) -> Name set to field: 
13:34:54,668 INFO  [BrowserSelenium] (initElements) -> CSS set to field: 
13:34:54,668 INFO  [BrowserSelenium] (initElements) -> XPath set to field: //input[@id='value']
13:34:54,668 INFO  [BrowserSelenium] (initElements) -> ID set to field: 
13:34:54,668 INFO  [BrowserSelenium] (initElements) -> Name set to field: 
13:34:54,668 INFO  [BrowserSelenium] (initElements) -> CSS set to field: 
13:34:54,668 INFO  [BrowserSelenium] (initElements) -> XPath set to field: //strong[text()='Should use JQGrid for tables']/parent::a
13:34:54,668 INFO  [BrowserSelenium] (initElements) -> ID set to field: 
13:34:54,668 INFO  [BrowserSelenium] (initElements) -> Name set to field: 
13:34:54,668 INFO  [BrowserSelenium] (initElements) -> CSS set to field: 
13:34:54,668 INFO  [BrowserSelenium] (initElements) -> XPath set to field: //div[text()='Should use JQGrid for tables']/parent::td
13:34:54,668 INFO  [BrowserSelenium] (initElements) -> ID set to field: 
13:34:54,668 INFO  [BrowserSelenium] (initElements) -> Name set to field: 
13:34:54,668 INFO  [BrowserSelenium] (initElements) -> CSS set to field: 
13:34:54,668 INFO  [BrowserSelenium] (initElements) -> XPath set to field: //strong[text()='ITG invoice notification']/parent::a
13:34:54,668 INFO  [BrowserSelenium] (initElements) -> ID set to field: 
13:34:54,668 INFO  [BrowserSelenium] (initElements) -> Name set to field: 
13:34:54,668 INFO  [BrowserSelenium] (initElements) -> CSS set to field: 
13:34:54,668 INFO  [BrowserSelenium] (initElements) -> XPath set to field: //input[@id='preference.value']
13:34:54,668 INFO  [BrowserSelenium] (initElements) -> ID set to field: 
13:34:54,668 INFO  [BrowserSelenium] (initElements) -> Name set to field: 
13:34:54,668 INFO  [BrowserSelenium] (initElements) -> CSS set to field: 
13:34:54,668 INFO  [BrowserSelenium] (initElements) -> XPath set to field: //input[@id='description']
13:34:54,668 INFO  [BrowserSelenium] (initElements) -> ID set to field: 
13:34:54,668 INFO  [BrowserSelenium] (initElements) -> Name set to field: 
13:34:54,668 INFO  [BrowserSelenium] (initElements) -> CSS set to field: 
13:34:54,668 INFO  [BrowserSelenium] (initElements) -> XPath set to field: //input[@id='mainSubscription.nextInvoiceDayOfPeriod']
13:34:54,668 INFO  [BrowserSelenium] (initElements) -> ID set to field: 
13:34:54,678 INFO  [BrowserSelenium] (initElements) -> Name set to field: 
13:34:54,678 INFO  [BrowserSelenium] (initElements) -> CSS set to field: 
13:34:54,678 INFO  [BrowserSelenium] (initElements) -> XPath set to field: //input[@id='invoiceDesign']
13:34:54,678 INFO  [BrowserSelenium] (initElements) -> ID set to field: 
13:34:54,678 INFO  [BrowserSelenium] (initElements) -> Name set to field: 
13:34:54,678 INFO  [BrowserSelenium] (initElements) -> CSS set to field: 
13:34:54,678 INFO  [BrowserSelenium] (initElements) -> XPath set to field: //table[@id='periods']
13:34:54,678 INFO  [BrowserSelenium] (initElements) -> ID set to field: 
13:34:54,678 INFO  [BrowserSelenium] (initElements) -> Name set to field: 
13:34:54,678 INFO  [BrowserSelenium] (initElements) -> CSS set to field: 
13:34:54,678 INFO  [BrowserSelenium] (initElements) -> XPath set to field: //input[@class='cb checkbox']
13:34:54,678 INFO  [BrowserSelenium] (initElements) -> ID set to field: 
13:34:54,678 INFO  [BrowserSelenium] (initElements) -> Name set to field: 
13:34:54,678 INFO  [BrowserSelenium] (initElements) -> CSS set to field: 
13:34:54,678 INFO  [BrowserSelenium] (initElements) -> XPath set to field: //table[@id='periods']/tbody//td/a/strong
13:34:54,678 INFO  [BrowserSelenium] (initElements) -> ID set to field: 
13:34:54,678 INFO  [BrowserSelenium] (initElements) -> Name set to field: 
13:34:54,678 INFO  [BrowserSelenium] (initElements) -> CSS set to field: 
13:34:54,678 INFO  [BrowserSelenium] (initElements) -> XPath set to field: //table[@id='categories']
13:34:54,678 INFO  [BrowserSelenium] (initElements) -> ID set to field: 
13:34:54,678 INFO  [BrowserSelenium] (initElements) -> Name set to field: 
13:34:54,678 INFO  [BrowserSelenium] (initElements) -> CSS set to field: 
13:34:54,678 INFO  [BrowserSelenium] (initElements) -> XPath set to field: //table[@id='periods']/tbody/tr[1]/td/a[1]/strong
13:34:54,678 INFO  [BrowserSelenium] (initElements) -> ID set to field: 
13:34:54,678 INFO  [BrowserSelenium] (initElements) -> Name set to field: 
13:34:54,678 INFO  [BrowserSelenium] (initElements) -> CSS set to field: 
13:34:54,678 INFO  [BrowserSelenium] (initElements) -> XPath set to field: //span[text()='Add Information Type']
13:34:54,678 INFO  [BrowserSelenium] (initElements) -> ID set to field: 
13:34:54,678 INFO  [BrowserSelenium] (initElements) -> Name set to field: 
13:34:54,678 INFO  [BrowserSelenium] (initElements) -> CSS set to field: 
13:34:54,678 INFO  [BrowserSelenium] (initElements) -> XPath set to field: //input[@id='name']
13:34:54,678 INFO  [BrowserSelenium] (initElements) -> ID set to field: 
13:34:54,678 INFO  [BrowserSelenium] (initElements) -> Name set to field: 
13:34:54,678 INFO  [BrowserSelenium] (initElements) -> CSS set to field: 
13:34:54,678 INFO  [BrowserSelenium] (initElements) -> XPath set to field: //span[text()='Add New Metafield']
13:34:54,678 INFO  [BrowserSelenium] (initElements) -> ID set to field: 
13:34:54,678 INFO  [BrowserSelenium] (initElements) -> Name set to field: 
13:34:54,678 INFO  [BrowserSelenium] (initElements) -> CSS set to field: 
13:34:54,678 INFO  [BrowserSelenium] (initElements) -> XPath set to field: //span[text()='-']/parent::li
13:34:54,678 INFO  [BrowserSelenium] (initElements) -> ID set to field: 
13:34:54,678 INFO  [BrowserSelenium] (initElements) -> Name set to field: 
13:34:54,678 INFO  [BrowserSelenium] (initElements) -> CSS set to field: 
13:34:54,678 INFO  [BrowserSelenium] (initElements) -> XPath set to field: //span[text()='-']
13:34:54,678 INFO  [BrowserSelenium] (initElements) -> ID set to field: 
13:34:54,678 INFO  [BrowserSelenium] (initElements) -> Name set to field: 
13:34:54,678 INFO  [BrowserSelenium] (initElements) -> CSS set to field: 
13:34:54,678 INFO  [BrowserSelenium] (initElements) -> XPath set to field: //input[@id='metaField0.name']
13:34:54,678 INFO  [BrowserSelenium] (initElements) -> ID set to field: 
13:34:54,678 INFO  [BrowserSelenium] (initElements) -> Name set to field: 
13:34:54,678 INFO  [BrowserSelenium] (initElements) -> CSS set to field: 
13:34:54,678 INFO  [BrowserSelenium] (initElements) -> XPath set to field: //select[@id='fieldType0']
13:34:54,678 INFO  [BrowserSelenium] (initElements) -> ID set to field: 
13:34:54,678 INFO  [BrowserSelenium] (initElements) -> Name set to field: 
13:34:54,678 INFO  [BrowserSelenium] (initElements) -> CSS set to field: 
13:34:54,688 INFO  [BrowserSelenium] (initElements) -> XPath set to field: //li[contains(@class,'active')]/following::li//a/span[contains(text(),'Update')]
13:34:54,688 INFO  [BrowserSelenium] (initElements) -> ID set to field: 
13:34:54,688 INFO  [BrowserSelenium] (initElements) -> Name set to field: 
13:34:54,688 INFO  [BrowserSelenium] (initElements) -> CSS set to field: 
13:34:54,688 INFO  [BrowserSelenium] (initElements) -> XPath set to field: //li[contains(@class,'active')]/following::li//a/span[contains(text(),'Remove')]
13:34:54,688 INFO  [BrowserSelenium] (initElements) -> ID set to field: 
13:34:54,688 INFO  [BrowserSelenium] (initElements) -> Name set to field: 
13:34:54,688 INFO  [BrowserSelenium] (initElements) -> CSS set to field: 
13:34:54,688 INFO  [BrowserSelenium] (initElements) -> XPath set to field: //div[@id='review-box']//span[text()='Save Changes']
13:34:54,688 INFO  [BrowserSelenium] (initElements) -> ID set to field: 
13:34:54,688 INFO  [BrowserSelenium] (initElements) -> Name set to field: 
13:34:54,688 INFO  [BrowserSelenium] (initElements) -> CSS set to field: 
13:34:54,688 INFO  [BrowserSelenium] (initElements) -> XPath set to field: //span[text()='Prices']
13:34:54,688 INFO  [BrowserSelenium] (initElements) -> ID set to field: 
13:34:54,688 INFO  [BrowserSelenium] (initElements) -> Name set to field: 
13:34:54,688 INFO  [BrowserSelenium] (initElements) -> CSS set to field: 
13:34:54,688 INFO  [BrowserSelenium] (initElements) -> XPath set to field: //select[@id='typeId']
13:34:54,688 INFO  [BrowserSelenium] (initElements) -> ID set to field: 
13:34:54,688 INFO  [BrowserSelenium] (initElements) -> Name set to field: 
13:34:54,688 INFO  [BrowserSelenium] (initElements) -> CSS set to field: 
13:34:54,688 INFO  [BrowserSelenium] (initElements) -> XPath set to field: //table[@id='products']
13:34:54,688 INFO  [BrowserSelenium] (initElements) -> ID set to field: 
13:34:54,688 INFO  [BrowserSelenium] (initElements) -> Name set to field: 
13:34:54,688 INFO  [BrowserSelenium] (initElements) -> CSS set to field: 
13:34:54,688 INFO  [BrowserSelenium] (initElements) -> XPath set to field: //table[@id='products']/tbody//td/a/strong
13:34:54,688 INFO  [BrowserSelenium] (initElements) -> ID set to field: 
13:34:54,688 INFO  [BrowserSelenium] (initElements) -> Name set to field: 
13:34:54,688 INFO  [BrowserSelenium] (initElements) -> CSS set to field: 
13:34:54,688 INFO  [BrowserSelenium] (initElements) -> XPath set to field: //span[text()='Add price']
13:34:54,688 INFO  [BrowserSelenium] (initElements) -> ID set to field: 
13:34:54,688 INFO  [BrowserSelenium] (initElements) -> Name set to field: 
13:34:54,688 INFO  [BrowserSelenium] (initElements) -> CSS set to field: 
13:34:54,688 INFO  [BrowserSelenium] (initElements) -> XPath set to field: //input[@id = 'model.0.rateAsDecimal']
13:34:54,688 INFO  [BrowserSelenium] (initElements) -> ID set to field: 
13:34:54,688 INFO  [BrowserSelenium] (initElements) -> Name set to field: 
13:34:54,688 INFO  [BrowserSelenium] (initElements) -> CSS set to field: 
13:34:54,688 INFO  [BrowserSelenium] (initElements) -> XPath set to field: //img[@alt='edit']
13:34:54,688 INFO  [BrowserSelenium] (initElements) -> ID set to field: 
13:34:54,688 INFO  [BrowserSelenium] (initElements) -> Name set to field: 
13:34:54,688 INFO  [BrowserSelenium] (initElements) -> CSS set to field: 
13:34:54,688 INFO  [BrowserSelenium] (initElements) -> XPath set to field: //select[@id='templateId']
13:34:54,688 INFO  [BrowserSelenium] (initElements) -> ID set to field: 
13:34:54,688 INFO  [BrowserSelenium] (initElements) -> Name set to field: 
13:34:54,688 INFO  [BrowserSelenium] (initElements) -> CSS set to field: 
13:34:54,688 INFO  [BrowserSelenium] (initElements) -> XPath set to field: //option[text()='Payment Card']
13:34:54,688 INFO  [BrowserSelenium] (initElements) -> ID set to field: methodName
13:34:54,688 INFO  [BrowserSelenium] (initElements) -> Name set to field: 
13:34:54,688 INFO  [BrowserSelenium] (initElements) -> CSS set to field: 
13:34:54,688 INFO  [BrowserSelenium] (initElements) -> XPath set to field: 
13:34:54,688 INFO  [BrowserSelenium] (initElements) -> ID set to field: isRecurring
13:34:54,688 INFO  [BrowserSelenium] (initElements) -> Name set to field: 
13:34:54,688 INFO  [BrowserSelenium] (initElements) -> CSS set to field: 
13:34:54,688 INFO  [BrowserSelenium] (initElements) -> XPath set to field: 
13:34:54,688 INFO  [BrowserSelenium] (initElements) -> ID set to field: allAccount
13:34:54,688 INFO  [BrowserSelenium] (initElements) -> Name set to field: 
13:34:54,688 INFO  [BrowserSelenium] (initElements) -> CSS set to field: 
13:34:54,688 INFO  [BrowserSelenium] (initElements) -> XPath set to field: 
13:34:54,688 INFO  [BrowserSelenium] (initElements) -> ID set to field: 
13:34:54,688 INFO  [BrowserSelenium] (initElements) -> Name set to field: 
13:34:54,688 INFO  [BrowserSelenium] (initElements) -> CSS set to field: 
13:34:54,688 INFO  [BrowserSelenium] (initElements) -> XPath set to field: //select[@id='accountTypes']
13:34:54,688 INFO  [BrowserSelenium] (initElements) -> ID set to field: 
13:34:54,688 INFO  [BrowserSelenium] (initElements) -> Name set to field: 
13:34:54,688 INFO  [BrowserSelenium] (initElements) -> CSS set to field: 
13:34:54,688 INFO  [BrowserSelenium] (initElements) -> XPath set to field: //span[text()='cc.number']/parent::li
13:34:54,688 INFO  [BrowserSelenium] (initElements) -> ID set to field: 
13:34:54,688 INFO  [BrowserSelenium] (initElements) -> Name set to field: 
13:34:54,688 INFO  [BrowserSelenium] (initElements) -> CSS set to field: 
13:34:54,688 INFO  [BrowserSelenium] (initElements) -> XPath set to field: //span[text() = 'cc.number']
13:34:54,688 INFO  [BrowserSelenium] (initElements) -> ID set to field: 
13:34:54,688 INFO  [BrowserSelenium] (initElements) -> Name set to field: 
13:34:54,688 INFO  [BrowserSelenium] (initElements) -> CSS set to field: 
13:34:54,688 INFO  [BrowserSelenium] (initElements) -> XPath set to field: //span[text()='cc.number']/parent::li/following::li[contains(@id,'editor')]//select[contains(@id,'newDescriptionLanguage')]
13:34:54,688 INFO  [BrowserSelenium] (initElements) -> ID set to field: 
13:34:54,688 INFO  [BrowserSelenium] (initElements) -> Name set to field: 
13:34:54,688 INFO  [BrowserSelenium] (initElements) -> CSS set to field: 
13:34:54,698 INFO  [BrowserSelenium] (initElements) -> XPath set to field: //span[text()='cc.number']/parent::li/following::li[contains(@id,'editor')]//a[contains(@onclick,'addNewDescription')]/img
13:34:54,698 INFO  [BrowserSelenium] (initElements) -> ID set to field: 
13:34:54,698 INFO  [BrowserSelenium] (initElements) -> Name set to field: 
13:34:54,698 INFO  [BrowserSelenium] (initElements) -> CSS set to field: 
13:34:54,698 INFO  [BrowserSelenium] (initElements) -> XPath set to field: //span[text()='cc.number']/../..//label[text()='English Error message']/../div/input[1]
13:34:54,698 INFO  [BrowserSelenium] (initElements) -> ID set to field: 
13:34:54,698 INFO  [BrowserSelenium] (initElements) -> Name set to field: 
13:34:54,698 INFO  [BrowserSelenium] (initElements) -> CSS set to field: 
13:34:54,698 INFO  [BrowserSelenium] (initElements) -> XPath set to field: //span[text()='cc.number']/parent::li/following::li//div[contains(@id,'descriptions')]//a/img[contains(@src,'cross.png')]
13:34:54,698 INFO  [BrowserSelenium] (initElements) -> ID set to field: 
13:34:54,698 INFO  [BrowserSelenium] (initElements) -> Name set to field: 
13:34:54,698 INFO  [BrowserSelenium] (initElements) -> CSS set to field: 
13:34:54,698 INFO  [BrowserSelenium] (initElements) -> XPath set to field: //span[text()='cc.number']/parent::li/following::li[contains(@id,'editor')]//a//span[text()='Update']
13:34:54,698 INFO  [BrowserSelenium] (initElements) -> ID set to field: 
13:34:54,698 INFO  [BrowserSelenium] (initElements) -> Name set to field: 
13:34:54,698 INFO  [BrowserSelenium] (initElements) -> CSS set to field: 
13:34:54,698 INFO  [BrowserSelenium] (initElements) -> XPath set to field: //span[text()='cc.expiry.date']/parent::li
13:34:54,698 INFO  [BrowserSelenium] (initElements) -> ID set to field: 
13:34:54,698 INFO  [BrowserSelenium] (initElements) -> Name set to field: 
13:34:54,698 INFO  [BrowserSelenium] (initElements) -> CSS set to field: 
13:34:54,698 INFO  [BrowserSelenium] (initElements) -> XPath set to field: //span[text()='cc.expiry.date']/../..
13:34:54,698 INFO  [BrowserSelenium] (initElements) -> ID set to field: 
13:34:54,698 INFO  [BrowserSelenium] (initElements) -> Name set to field: 
13:34:54,698 INFO  [BrowserSelenium] (initElements) -> CSS set to field: 
13:34:54,698 INFO  [BrowserSelenium] (initElements) -> XPath set to field: //span[text()='cc.expiry.date']/parent::li/following::li[contains(@id,'editor')]//select[contains(@id,'newDescriptionLanguage')]
13:34:54,698 INFO  [BrowserSelenium] (initElements) -> ID set to field: 
13:34:54,698 INFO  [BrowserSelenium] (initElements) -> Name set to field: 
13:34:54,698 INFO  [BrowserSelenium] (initElements) -> CSS set to field: 
13:34:54,698 INFO  [BrowserSelenium] (initElements) -> XPath set to field: //span[text()='cc.expiry.date']/parent::li/following::li[contains(@id,'editor')]//a[contains(@onclick,'addNewDescription')]/img
13:34:54,698 INFO  [BrowserSelenium] (initElements) -> ID set to field: 
13:34:54,698 INFO  [BrowserSelenium] (initElements) -> Name set to field: 
13:34:54,698 INFO  [BrowserSelenium] (initElements) -> CSS set to field: 
13:34:54,698 INFO  [BrowserSelenium] (initElements) -> XPath set to field: //span[text()='cc.expiry.date']/../..//label[text()='English Error message']/../div/input[1]
13:34:54,698 INFO  [BrowserSelenium] (initElements) -> ID set to field: 
13:34:54,698 INFO  [BrowserSelenium] (initElements) -> Name set to field: 
13:34:54,698 INFO  [BrowserSelenium] (initElements) -> CSS set to field: 
13:34:54,698 INFO  [BrowserSelenium] (initElements) -> XPath set to field: //span[text()='cc.expiry.date']/parent::li/following::li//div[contains(@id,'descriptions')]//a/img[contains(@src,'cross.png')]
13:34:54,698 INFO  [BrowserSelenium] (initElements) -> ID set to field: 
13:34:54,698 INFO  [BrowserSelenium] (initElements) -> Name set to field: 
13:34:54,698 INFO  [BrowserSelenium] (initElements) -> CSS set to field: 
13:34:54,698 INFO  [BrowserSelenium] (initElements) -> XPath set to field: //span[text()='cc.expiry.date']/parent::li/following::li[contains(@id,'editor')]//a//span[text()='Update']
13:34:54,698 INFO  [BrowserSelenium] (initElements) -> ID set to field: 
13:34:54,698 INFO  [BrowserSelenium] (initElements) -> Name set to field: 
13:34:54,698 INFO  [BrowserSelenium] (initElements) -> CSS set to field: 
13:34:54,698 INFO  [BrowserSelenium] (initElements) -> XPath set to field: //div[@class = 'buttons']//a[contains(@onclick,'submit')]
13:34:54,698 INFO  [BrowserSelenium] (initElements) -> ID set to field: 
13:34:54,698 INFO  [BrowserSelenium] (initElements) -> Name set to field: 
13:34:54,698 INFO  [BrowserSelenium] (initElements) -> CSS set to field: 
13:34:54,698 INFO  [BrowserSelenium] (initElements) -> XPath set to field: //div[@id='breadcrumbs']
13:34:54,698 INFO  [BrowserSelenium] (initElements) -> ID set to field: description
13:34:54,698 INFO  [BrowserSelenium] (initElements) -> Name set to field: 
13:34:54,698 INFO  [BrowserSelenium] (initElements) -> CSS set to field: 
13:34:54,698 INFO  [BrowserSelenium] (initElements) -> XPath set to field: 
13:34:54,698 INFO  [BrowserSelenium] (initElements) -> ID set to field: address1
13:34:54,698 INFO  [BrowserSelenium] (initElements) -> Name set to field: 
13:34:54,698 INFO  [BrowserSelenium] (initElements) -> CSS set to field: 
13:34:54,698 INFO  [BrowserSelenium] (initElements) -> XPath set to field: 
13:34:54,698 INFO  [BrowserSelenium] (initElements) -> ID set to field: city
13:34:54,698 INFO  [BrowserSelenium] (initElements) -> Name set to field: 
13:34:54,698 INFO  [BrowserSelenium] (initElements) -> CSS set to field: 
13:34:54,698 INFO  [BrowserSelenium] (initElements) -> XPath set to field: 
13:34:54,698 INFO  [BrowserSelenium] (initElements) -> ID set to field: stateProvince
13:34:54,698 INFO  [BrowserSelenium] (initElements) -> Name set to field: 
13:34:54,698 INFO  [BrowserSelenium] (initElements) -> CSS set to field: 
13:34:54,698 INFO  [BrowserSelenium] (initElements) -> XPath set to field: 
13:34:54,698 INFO  [BrowserSelenium] (initElements) -> ID set to field: 
13:34:54,708 INFO  [BrowserSelenium] (initElements) -> Name set to field: 
13:34:54,708 INFO  [BrowserSelenium] (initElements) -> CSS set to field: 
13:34:54,708 INFO  [BrowserSelenium] (initElements) -> XPath set to field: //label[contains(text(),'View plugin-in')]/../input[2]
13:34:54,708 INFO  [BrowserSelenium] (initElements) -> ID set to field: 
13:34:54,708 INFO  [BrowserSelenium] (initElements) -> Name set to field: 
13:34:54,708 INFO  [BrowserSelenium] (initElements) -> CSS set to field: 
13:34:54,708 INFO  [BrowserSelenium] (initElements) -> XPath set to field: //label[contains(text(),'Edit plug-in')]/../input[2]
13:34:54,708 INFO  [BrowserSelenium] (initElements) -> ID set to field: 
13:34:54,708 INFO  [BrowserSelenium] (initElements) -> Name set to field: 
13:34:54,708 INFO  [BrowserSelenium] (initElements) -> CSS set to field: 
13:34:54,708 INFO  [BrowserSelenium] (initElements) -> XPath set to field: //label[contains(text(),'Edit role')]/../input[2]
13:34:54,708 INFO  [BrowserSelenium] (initElements) -> ID set to field: 
13:34:54,708 INFO  [BrowserSelenium] (initElements) -> Name set to field: 
13:34:54,708 INFO  [BrowserSelenium] (initElements) -> CSS set to field: 
13:34:54,708 INFO  [BrowserSelenium] (initElements) -> XPath set to field: //div[@id='error-messages']/following-sibling::div//p
13:34:54,708 INFO  [BrowserSelenium] (initElements) -> ID set to field: roles
13:34:54,708 INFO  [BrowserSelenium] (initElements) -> Name set to field: 
13:34:54,708 INFO  [BrowserSelenium] (initElements) -> CSS set to field: 
13:34:54,708 INFO  [BrowserSelenium] (initElements) -> XPath set to field: 
13:34:54,708 INFO  [BrowserSelenium] (initElements) -> ID set to field: 
13:34:54,708 INFO  [BrowserSelenium] (initElements) -> Name set to field: 
13:34:54,708 INFO  [BrowserSelenium] (initElements) -> CSS set to field: 
13:34:54,708 INFO  [BrowserSelenium] (initElements) -> XPath set to field: //label[text()='Show agent menu']/../input[2]
13:34:54,708 INFO  [BrowserSelenium] (initElements) -> ID set to field: 
13:34:54,708 INFO  [BrowserSelenium] (initElements) -> Name set to field: 
13:34:54,708 INFO  [BrowserSelenium] (initElements) -> CSS set to field: 
13:34:54,708 INFO  [BrowserSelenium] (initElements) -> XPath set to field: //label[text()='Edit agent']/../input[2]
13:34:54,708 INFO  [BrowserSelenium] (initElements) -> ID set to field: 
13:34:54,708 INFO  [BrowserSelenium] (initElements) -> Name set to field: 
13:34:54,708 INFO  [BrowserSelenium] (initElements) -> CSS set to field: 
13:34:54,708 INFO  [BrowserSelenium] (initElements) -> XPath set to field: //label[text()='View agent details']/../input[2]
13:34:54,708 INFO  [BrowserSelenium] (initElements) -> ID set to field: 
13:34:54,708 INFO  [BrowserSelenium] (initElements) -> Name set to field: 
13:34:54,708 INFO  [BrowserSelenium] (initElements) -> CSS set to field: 
13:34:54,708 INFO  [BrowserSelenium] (initElements) -> XPath set to field: //a[@class='submit delete']
13:34:54,708 INFO  [BrowserSelenium] (initElements) -> ID set to field: creditLimitAsDecimal
13:34:54,708 INFO  [BrowserSelenium] (initElements) -> Name set to field: 
13:34:54,708 INFO  [BrowserSelenium] (initElements) -> CSS set to field: 
13:34:54,708 INFO  [BrowserSelenium] (initElements) -> XPath set to field: 
13:34:54,708 INFO  [BrowserSelenium] (initElements) -> ID set to field: creditNotificationLimit1AsDecimal
13:34:54,708 INFO  [BrowserSelenium] (initElements) -> Name set to field: 
13:34:54,708 INFO  [BrowserSelenium] (initElements) -> CSS set to field: 
13:34:54,708 INFO  [BrowserSelenium] (initElements) -> XPath set to field: 
13:34:54,708 INFO  [BrowserSelenium] (initElements) -> ID set to field: creditNotificationLimit2AsDecimal
13:34:54,708 INFO  [BrowserSelenium] (initElements) -> Name set to field: 
13:34:54,708 INFO  [BrowserSelenium] (initElements) -> CSS set to field: 
13:34:54,708 INFO  [BrowserSelenium] (initElements) -> XPath set to field: 
13:34:54,708 INFO  [BrowserSelenium] (initElements) -> ID set to field: 
13:34:54,708 INFO  [BrowserSelenium] (initElements) -> Name set to field: 
13:34:54,708 INFO  [BrowserSelenium] (initElements) -> CSS set to field: 
13:34:54,708 INFO  [BrowserSelenium] (initElements) -> XPath set to field: //div[@id='messages']//ul/li
13:34:54,708 INFO  [BrowserSelenium] (initElements) -> ID set to field: payment-method-select
13:34:54,708 INFO  [BrowserSelenium] (initElements) -> Name set to field: 
13:34:54,708 INFO  [BrowserSelenium] (initElements) -> CSS set to field: 
13:34:54,708 INFO  [BrowserSelenium] (initElements) -> XPath set to field: 
13:34:54,708 INFO  [BrowserSelenium] (initElements) -> ID set to field: gs_typeId
13:34:54,708 INFO  [BrowserSelenium] (initElements) -> Name set to field: 
13:34:54,708 INFO  [BrowserSelenium] (initElements) -> CSS set to field: 
13:34:54,708 INFO  [BrowserSelenium] (initElements) -> XPath set to field: 
13:34:54,708 INFO  [BrowserSelenium] (initElements) -> ID set to field: 
13:34:54,708 INFO  [BrowserSelenium] (initElements) -> Name set to field: 
13:34:54,718 INFO  [BrowserSelenium] (initElements) -> CSS set to field: 
13:34:54,718 INFO  [BrowserSelenium] (initElements) -> XPath set to field: //option[text()='
13:34:54,718 INFO  [BrowserSelenium] (initElements) -> ID set to field: 
13:34:54,718 INFO  [BrowserSelenium] (initElements) -> Name set to field: 
13:34:54,718 INFO  [BrowserSelenium] (initElements) -> CSS set to field: 
13:34:54,718 INFO  [BrowserSelenium] (initElements) -> XPath set to field: //strong[contains(text(),'Payment gateway integration')]
13:34:54,718 INFO  [BrowserSelenium] (initElements) -> ID set to field: plg-parm-PaypalUserId
13:34:54,718 INFO  [BrowserSelenium] (initElements) -> Name set to field: 
13:34:54,718 INFO  [BrowserSelenium] (initElements) -> CSS set to field: 
13:34:54,718 INFO  [BrowserSelenium] (initElements) -> XPath set to field: 
13:34:54,718 INFO  [BrowserSelenium] (initElements) -> ID set to field: plg-parm-PaypalPassword
13:34:54,718 INFO  [BrowserSelenium] (initElements) -> Name set to field: 
13:34:54,718 INFO  [BrowserSelenium] (initElements) -> CSS set to field: 
13:34:54,718 INFO  [BrowserSelenium] (initElements) -> XPath set to field: 
13:34:54,718 INFO  [BrowserSelenium] (initElements) -> ID set to field: plg-parm-PaypalSignature
13:34:54,718 INFO  [BrowserSelenium] (initElements) -> Name set to field: 
13:34:54,718 INFO  [BrowserSelenium] (initElements) -> CSS set to field: 
13:34:54,718 INFO  [BrowserSelenium] (initElements) -> XPath set to field: 
13:34:54,718 INFO  [BrowserSelenium] (initElements) -> ID set to field: 
13:34:54,718 INFO  [BrowserSelenium] (initElements) -> Name set to field: 
13:34:54,718 INFO  [BrowserSelenium] (initElements) -> CSS set to field: 
13:34:54,718 INFO  [BrowserSelenium] (initElements) -> XPath set to field: //a[contains(text(),'Company')]
13:34:54,718 INFO  [BrowserSelenium] (initElements) -> ID set to field: 
13:34:54,718 INFO  [BrowserSelenium] (initElements) -> Name set to field: 
13:34:54,718 INFO  [BrowserSelenium] (initElements) -> CSS set to field: 
13:34:54,718 INFO  [BrowserSelenium] (initElements) -> XPath set to field: //div[@class='table-box']//tr//td//a
13:34:54,718 INFO  [BrowserSelenium] (initElements) -> ID set to field: metaField.name
13:34:54,718 INFO  [BrowserSelenium] (initElements) -> Name set to field: 
13:34:54,718 INFO  [BrowserSelenium] (initElements) -> CSS set to field: 
13:34:54,718 INFO  [BrowserSelenium] (initElements) -> XPath set to field: 
13:34:54,718 INFO  [BrowserSelenium] (initElements) -> ID set to field: metaField.dataType
13:34:54,718 INFO  [BrowserSelenium] (initElements) -> Name set to field: 
13:34:54,718 INFO  [BrowserSelenium] (initElements) -> CSS set to field: 
13:34:54,718 INFO  [BrowserSelenium] (initElements) -> XPath set to field: 
13:34:54,718 INFO  [BrowserSelenium] (initElements) -> ID set to field: mandatoryCheck
13:34:54,718 INFO  [BrowserSelenium] (initElements) -> Name set to field: 
13:34:54,718 INFO  [BrowserSelenium] (initElements) -> CSS set to field: 
13:34:54,718 INFO  [BrowserSelenium] (initElements) -> XPath set to field: 
13:34:54,718 INFO  [BrowserSelenium] (initElements) -> ID set to field: disableCheck
13:34:54,718 INFO  [BrowserSelenium] (initElements) -> Name set to field: 
13:34:54,718 INFO  [BrowserSelenium] (initElements) -> CSS set to field: 
13:34:54,718 INFO  [BrowserSelenium] (initElements) -> XPath set to field: 
13:34:54,718 INFO  [BrowserSelenium] (initElements) -> ID set to field: defaultValue
13:34:54,718 INFO  [BrowserSelenium] (initElements) -> Name set to field: 
13:34:54,718 INFO  [BrowserSelenium] (initElements) -> CSS set to field: 
13:34:54,718 INFO  [BrowserSelenium] (initElements) -> XPath set to field: 
13:34:54,718 INFO  [BrowserSelenium] (initElements) -> ID set to field: metaField.validationRule.ruleType
13:34:54,718 INFO  [BrowserSelenium] (initElements) -> Name set to field: 
13:34:54,718 INFO  [BrowserSelenium] (initElements) -> CSS set to field: 
13:34:54,718 INFO  [BrowserSelenium] (initElements) -> XPath set to field: 
13:34:54,718 INFO  [BrowserSelenium] (initElements) -> ID set to field: 
13:34:54,718 INFO  [BrowserSelenium] (initElements) -> Name set to field: 
13:34:54,718 INFO  [BrowserSelenium] (initElements) -> CSS set to field: 
13:34:54,718 INFO  [BrowserSelenium] (initElements) -> XPath set to field: //a[@class='submit save']/span
13:34:54,718 INFO  [BrowserSelenium] (initElements) -> ID set to field: 
13:34:54,718 INFO  [BrowserSelenium] (initElements) -> Name set to field: 
13:34:54,718 INFO  [BrowserSelenium] (initElements) -> CSS set to field: 
13:34:54,718 INFO  [BrowserSelenium] (initElements) -> XPath set to field: //a[@class='submit cancel']/span
13:34:54,718 INFO  [BrowserSelenium] (initElements) -> ID set to field: 
13:34:54,718 INFO  [BrowserSelenium] (initElements) -> Name set to field: 
13:34:54,718 INFO  [BrowserSelenium] (initElements) -> CSS set to field: 
13:34:54,728 INFO  [BrowserSelenium] (initElements) -> XPath set to field: //input[@id='helpCheck'] 
13:34:54,728 INFO  [BrowserSelenium] (initElements) -> ID set to field: 
13:34:54,728 INFO  [BrowserSelenium] (initElements) -> Name set to field: 
13:34:54,728 INFO  [BrowserSelenium] (initElements) -> CSS set to field: 
13:34:54,728 INFO  [BrowserSelenium] (initElements) -> XPath set to field: //table[@id='roles']//tbody//tr
13:34:54,728 INFO  [BrowserSelenium] (initElements) -> ID set to field: 
13:34:54,728 INFO  [BrowserSelenium] (initElements) -> Name set to field: 
13:34:54,728 INFO  [BrowserSelenium] (initElements) -> CSS set to field: 
13:34:54,728 INFO  [BrowserSelenium] (initElements) -> XPath set to field: //select[@id='vis-cols-multi-sel-group-left']//option
13:34:54,728 INFO  [BrowserSelenium] (initElements) -> ID set to field: 
13:34:54,728 INFO  [BrowserSelenium] (initElements) -> Name set to field: 
13:34:54,728 INFO  [BrowserSelenium] (initElements) -> CSS set to field: 
13:34:54,728 INFO  [BrowserSelenium] (initElements) -> XPath set to field: //a[@id='vis-cols-multi-sel-to-right']/span
13:34:54,728 INFO  [BrowserSelenium] (initElements) -> ID set to field: 
13:34:54,728 INFO  [BrowserSelenium] (initElements) -> Name set to field: 
13:34:54,728 INFO  [BrowserSelenium] (initElements) -> CSS set to field: 
13:34:54,728 INFO  [BrowserSelenium] (initElements) -> XPath set to field: //input[@id='name']
13:34:54,728 INFO  [BrowserSelenium] (initElements) -> ID set to field: 
13:34:54,728 INFO  [BrowserSelenium] (initElements) -> Name set to field: 
13:34:54,728 INFO  [BrowserSelenium] (initElements) -> CSS set to field: 
13:34:54,728 INFO  [BrowserSelenium] (initElements) -> XPath set to field: //table[@id='payments']
13:34:54,728 INFO  [BrowserSelenium] (initElements) -> ID set to field: 
13:34:54,728 INFO  [BrowserSelenium] (initElements) -> Name set to field: 
13:34:54,728 INFO  [BrowserSelenium] (initElements) -> CSS set to field: 
13:34:54,728 INFO  [BrowserSelenium] (initElements) -> XPath set to field: //div[text()='Should use JQGrid for tables']/..
13:34:54,728 INFO  [BrowserSelenium] (initElements) -> ID set to field: 
13:34:54,728 INFO  [BrowserSelenium] (initElements) -> Name set to field: 
13:34:54,728 INFO  [BrowserSelenium] (initElements) -> CSS set to field: 
13:34:54,728 INFO  [BrowserSelenium] (initElements) -> XPath set to field: //table[@class='jqTable ui-jqgrid-btable']//tbody//tr/td/div
13:34:54,728 INFO  [BrowserSelenium] (initElements) -> ID set to field: 
13:34:54,728 INFO  [BrowserSelenium] (initElements) -> Name set to field: 
13:34:54,728 INFO  [BrowserSelenium] (initElements) -> CSS set to field: 
13:34:54,728 INFO  [BrowserSelenium] (initElements) -> XPath set to field: //select[contains(@id,'paymentMethodTypeId')]
13:34:54,728 INFO  [BrowserSelenium] (initElements) -> ID set to field: disableCheck
13:34:54,728 INFO  [BrowserSelenium] (initElements) -> Name set to field: 
13:34:54,728 INFO  [BrowserSelenium] (initElements) -> CSS set to field: 
13:34:54,728 INFO  [BrowserSelenium] (initElements) -> XPath set to field: 
13:34:54,728 INFO  [BrowserSelenium] (initElements) -> ID set to field: 
13:34:54,728 INFO  [BrowserSelenium] (initElements) -> Name set to field: 
13:34:54,728 INFO  [BrowserSelenium] (initElements) -> CSS set to field: 
13:34:54,728 INFO  [BrowserSelenium] (initElements) -> XPath set to field: //select[contains(@id,'dataType')]
13:34:54,728 INFO  [BrowserSelenium] (initElements) -> ID set to field: 
13:34:54,728 INFO  [BrowserSelenium] (initElements) -> Name set to field: 
13:34:54,728 INFO  [BrowserSelenium] (initElements) -> CSS set to field: 
13:34:54,728 INFO  [BrowserSelenium] (initElements) -> XPath set to field: //div[@id='left-column']//li[21]
13:34:54,728 INFO  [BrowserSelenium] (initElements) -> ID set to field: 
13:34:54,728 INFO  [BrowserSelenium] (initElements) -> Name set to field: 
13:34:54,728 INFO  [BrowserSelenium] (initElements) -> CSS set to field: 
13:34:54,728 INFO  [BrowserSelenium] (initElements) -> XPath set to field: //div[@class='lang_description_1']//input[@id='obj_0_description_1']
13:34:54,728 INFO  [BrowserSelenium] (initElements) -> ID set to field: 
13:34:54,728 INFO  [BrowserSelenium] (initElements) -> Name set to field: 
13:34:54,728 INFO  [BrowserSelenium] (initElements) -> CSS set to field: 
13:34:54,728 INFO  [BrowserSelenium] (initElements) -> XPath set to field: //div[@class='lang_description_1']//input[@id='obj_1_description_1']
13:34:54,728 INFO  [BrowserSelenium] (initElements) -> ID set to field: 
13:34:54,728 INFO  [BrowserSelenium] (initElements) -> Name set to field: 
13:34:54,728 INFO  [BrowserSelenium] (initElements) -> CSS set to field: 
13:34:54,728 INFO  [BrowserSelenium] (initElements) -> XPath set to field: //strong[contains(text(),'Order Change Statuses')]
13:34:54,728 INFO  [BrowserSelenium] (initElements) -> ID set to field: 
13:34:54,728 INFO  [BrowserSelenium] (initElements) -> Name set to field: 
13:34:54,728 INFO  [BrowserSelenium] (initElements) -> CSS set to field: 
13:34:54,738 INFO  [BrowserSelenium] (initElements) -> XPath set to field: //*[@id='obj[1].order']
13:34:54,738 INFO  [BrowserSelenium] (initElements) -> ID set to field: 
13:34:54,738 INFO  [BrowserSelenium] (initElements) -> Name set to field: 
13:34:54,738 INFO  [BrowserSelenium] (initElements) -> CSS set to field: 
13:34:54,738 INFO  [BrowserSelenium] (initElements) -> XPath set to field: //*[@id='obj[1].applyToOrder']
13:34:54,738 INFO  [BrowserSelenium] (initElements) -> ID set to field: 
13:34:54,738 INFO  [BrowserSelenium] (initElements) -> Name set to field: 
13:34:54,738 INFO  [BrowserSelenium] (initElements) -> CSS set to field: 
13:34:54,738 INFO  [BrowserSelenium] (initElements) -> XPath set to field: //*[@id='obj[0].applyToOrder']
13:34:54,738 INFO  [BrowserSelenium] (initElements) -> ID set to field: 
13:34:54,738 INFO  [BrowserSelenium] (initElements) -> Name set to field: 
13:34:54,738 INFO  [BrowserSelenium] (initElements) -> CSS set to field: 
13:34:54,738 INFO  [BrowserSelenium] (initElements) -> XPath set to field: //table[@id='invoiceTemplates']
13:34:54,738 INFO  [BrowserSelenium] (initElements) -> ID set to field: 
13:34:54,738 INFO  [BrowserSelenium] (initElements) -> Name set to field: 
13:34:54,738 INFO  [BrowserSelenium] (initElements) -> CSS set to field: 
13:34:54,738 INFO  [BrowserSelenium] (initElements) -> XPath set to field: //*[@id='17']/em
13:34:54,738 INFO  [BrowserSelenium] (initElements) -> ID set to field: 
13:34:54,738 INFO  [BrowserSelenium] (initElements) -> Name set to field: 
13:34:54,738 INFO  [BrowserSelenium] (initElements) -> CSS set to field: 
13:34:54,738 INFO  [BrowserSelenium] (initElements) -> XPath set to field: //*[@id='processingOrder']
13:34:54,738 INFO  [BrowserSelenium] (initElements) -> ID set to field: 
13:34:54,738 INFO  [BrowserSelenium] (initElements) -> Name set to field: 
13:34:54,738 INFO  [BrowserSelenium] (initElements) -> CSS set to field: 
13:34:54,738 INFO  [BrowserSelenium] (initElements) -> XPath set to field: //*[@id='typeId']
13:34:54,738 INFO  [BrowserSelenium] (initElements) -> ID set to field: 
13:34:54,738 INFO  [BrowserSelenium] (initElements) -> Name set to field: 
13:34:54,738 INFO  [BrowserSelenium] (initElements) -> CSS set to field: 
13:34:54,738 INFO  [BrowserSelenium] (initElements) -> XPath set to field: //div[@class='heading']//strong
13:34:54,738 INFO  [BrowserSelenium] (initElements) -> ID set to field: 
13:34:54,738 INFO  [BrowserSelenium] (initElements) -> Name set to field: 
13:34:54,738 INFO  [BrowserSelenium] (initElements) -> CSS set to field: 
13:34:54,738 INFO  [BrowserSelenium] (initElements) -> XPath set to field: //*[@id='orderChangeStatusesTable']/tbody/tr[2]/td[5]/a/img
13:34:54,738 INFO  [BrowserSelenium] (initElements) -> ID set to field: 
13:34:54,738 INFO  [BrowserSelenium] (initElements) -> Name set to field: 
13:34:54,738 INFO  [BrowserSelenium] (initElements) -> CSS set to field: 
13:34:54,738 INFO  [BrowserSelenium] (initElements) -> XPath set to field: //*[@id='orderChangeStatusesTable']/tbody/tr[3]/td[5]/a/img
13:34:54,738 INFO  [BrowserSelenium] (initElements) -> ID set to field: 
13:34:54,738 INFO  [BrowserSelenium] (initElements) -> Name set to field: 
13:34:54,738 INFO  [BrowserSelenium] (initElements) -> CSS set to field: 
13:34:54,738 INFO  [BrowserSelenium] (initElements) -> XPath set to field: //*[@id='column1']/div/table/thead/tr/th[2]
13:34:54,738 INFO  [BrowserSelenium] (initElements) -> ID set to field: 
13:34:54,738 INFO  [BrowserSelenium] (initElements) -> Name set to field: 
13:34:54,738 INFO  [BrowserSelenium] (initElements) -> CSS set to field: 
13:34:54,738 INFO  [BrowserSelenium] (initElements) -> XPath set to field: //*[@id='CUSTOMER']/strong
13:34:54,738 INFO  [BrowserSelenium] (initElements) -> ID set to field: 
13:34:54,738 INFO  [BrowserSelenium] (initElements) -> Name set to field: 
13:34:54,738 INFO  [BrowserSelenium] (initElements) -> CSS set to field: 
13:34:54,738 INFO  [BrowserSelenium] (initElements) -> XPath set to field: //*[@id='column1']/div[1]/table/thead/tr/th
13:34:54,738 INFO  [BrowserSelenium] (initElements) -> ID set to field: 
13:34:54,738 INFO  [BrowserSelenium] (initElements) -> Name set to field: 
13:34:54,738 INFO  [BrowserSelenium] (initElements) -> CSS set to field: 
13:34:54,748 INFO  [BrowserSelenium] (initElements) -> XPath set to field: //*[@id='metaField.name']
13:34:54,748 INFO  [BrowserSelenium] (initElements) -> ID set to field: 
13:34:54,748 INFO  [BrowserSelenium] (initElements) -> Name set to field: 
13:34:54,748 INFO  [BrowserSelenium] (initElements) -> CSS set to field: 
13:34:54,748 INFO  [BrowserSelenium] (initElements) -> XPath set to field: //*[@id='metaField.dataType']
13:34:54,748 INFO  [BrowserSelenium] (initElements) -> ID set to field: 
13:34:54,748 INFO  [BrowserSelenium] (initElements) -> Name set to field: 
13:34:54,748 INFO  [BrowserSelenium] (initElements) -> CSS set to field: 
13:34:54,748 INFO  [BrowserSelenium] (initElements) -> XPath set to field: //*[@id='mandatoryCheck']
13:34:54,748 INFO  [BrowserSelenium] (initElements) -> ID set to field: 
13:34:54,748 INFO  [BrowserSelenium] (initElements) -> Name set to field: 
13:34:54,748 INFO  [BrowserSelenium] (initElements) -> CSS set to field: 
13:34:54,748 INFO  [BrowserSelenium] (initElements) -> XPath set to field: //*[@class='table-box']//strong[contains(text(),'Salary')]
13:34:54,748 INFO  [BrowserSelenium] (initElements) -> ID set to field: 
13:34:54,748 INFO  [BrowserSelenium] (initElements) -> Name set to field: 
13:34:54,748 INFO  [BrowserSelenium] (initElements) -> CSS set to field: 
13:34:54,748 INFO  [BrowserSelenium] (initElements) -> XPath set to field: (//button[@type='button'])[3]
13:34:54,748 INFO  [BrowserSelenium] (initElements) -> ID set to field: 
13:34:54,748 INFO  [BrowserSelenium] (initElements) -> Name set to field: 
13:34:54,748 INFO  [BrowserSelenium] (initElements) -> CSS set to field: 
13:34:54,748 INFO  [BrowserSelenium] (initElements) -> XPath set to field: //a[contains(text(),'Payment Method')]
13:34:54,748 INFO  [BrowserSelenium] (initElements) -> ID set to field: 
13:34:54,748 INFO  [BrowserSelenium] (initElements) -> Name set to field: 
13:34:54,748 INFO  [BrowserSelenium] (initElements) -> CSS set to field: 
13:34:54,748 INFO  [BrowserSelenium] (initElements) -> XPath set to field: //a[contains(text(),'Account Type')]
13:34:54,748 INFO  [BrowserSelenium] (initElements) -> ID set to field: 
13:34:54,748 INFO  [BrowserSelenium] (initElements) -> Name set to field: 
13:34:54,748 INFO  [BrowserSelenium] (initElements) -> CSS set to field: 
13:34:54,748 INFO  [BrowserSelenium] (initElements) -> XPath set to field: //div[@id='left-column']/div/ul//li//a[contains(text(),'Account Type')]
13:34:54,748 INFO  [BrowserSelenium] (initElements) -> ID set to field: 
13:34:54,748 INFO  [BrowserSelenium] (initElements) -> Name set to field: 
13:34:54,748 INFO  [BrowserSelenium] (initElements) -> CSS set to field: 
13:34:54,748 INFO  [BrowserSelenium] (initElements) -> XPath set to field: //div[@id='messages']/div[@class='msg-box error']/strong
13:34:54,748 INFO  [BrowserSelenium] (initElements) -> ID set to field: 
13:34:54,748 INFO  [BrowserSelenium] (initElements) -> Name set to field: 
13:34:54,748 INFO  [BrowserSelenium] (initElements) -> CSS set to field: 
13:34:54,748 INFO  [BrowserSelenium] (initElements) -> XPath set to field: //div[@id='messages']/div[@class='msg-box error']/ul/li
13:34:54,748 INFO  [BrowserSelenium] (initElements) -> ID set to field: 
13:34:54,748 INFO  [BrowserSelenium] (initElements) -> Name set to field: 
13:34:54,748 INFO  [BrowserSelenium] (initElements) -> CSS set to field: 
13:34:54,748 INFO  [BrowserSelenium] (initElements) -> XPath set to field: //a[contains(.,'Order Statuses')]
13:34:54,748 INFO  [BrowserSelenium] (initElements) -> ID set to field: 
13:34:54,748 INFO  [BrowserSelenium] (initElements) -> Name set to field: 
13:34:54,748 INFO  [BrowserSelenium] (initElements) -> CSS set to field: 
13:34:54,748 INFO  [BrowserSelenium] (initElements) -> XPath set to field: //a[contains(.,'INVOICE')]
13:34:54,748 INFO  [BrowserSelenium] (initElements) -> ID set to field: 
13:34:54,748 INFO  [BrowserSelenium] (initElements) -> Name set to field: 
13:34:54,748 INFO  [BrowserSelenium] (initElements) -> CSS set to field: 
13:34:54,748 INFO  [BrowserSelenium] (initElements) -> XPath set to field: //a[contains(.,'FINISHED')]
13:34:54,748 INFO  [BrowserSelenium] (initElements) -> ID set to field: 
13:34:54,748 INFO  [BrowserSelenium] (initElements) -> Name set to field: 
13:34:54,748 INFO  [BrowserSelenium] (initElements) -> CSS set to field: 
13:34:54,748 INFO  [BrowserSelenium] (initElements) -> XPath set to field: //a[contains(.,'NOT_INVOICE')]
13:34:54,748 INFO  [BrowserSelenium] (initElements) -> ID set to field: 
13:34:54,748 INFO  [BrowserSelenium] (initElements) -> Name set to field: 
13:34:54,748 INFO  [BrowserSelenium] (initElements) -> CSS set to field: 
13:34:54,748 INFO  [BrowserSelenium] (initElements) -> XPath set to field: //a[contains(.,'SUSPENDED_AGEING')]
13:34:54,748 INFO  [BrowserSelenium] (initElements) -> ID set to field: 
13:34:54,748 INFO  [BrowserSelenium] (initElements) -> Name set to field: 
13:34:54,748 INFO  [BrowserSelenium] (initElements) -> CSS set to field: 
13:34:54,748 INFO  [BrowserSelenium] (initElements) -> XPath set to field: //a[contains(.,'Active')]
13:34:54,748 INFO  [BrowserSelenium] (initElements) -> ID set to field: 
13:34:54,758 INFO  [BrowserSelenium] (initElements) -> Name set to field: 
13:34:54,758 INFO  [BrowserSelenium] (initElements) -> CSS set to field: 
13:34:54,758 INFO  [BrowserSelenium] (initElements) -> XPath set to field: //a[contains(.,'Finished')]
13:34:54,758 INFO  [BrowserSelenium] (initElements) -> ID set to field: 
13:34:54,758 INFO  [BrowserSelenium] (initElements) -> Name set to field: 
13:34:54,758 INFO  [BrowserSelenium] (initElements) -> CSS set to field: 
13:34:54,758 INFO  [BrowserSelenium] (initElements) -> XPath set to field: //a[contains(.,'Suspended')]
13:34:54,758 INFO  [BrowserSelenium] (initElements) -> ID set to field: 
13:34:54,758 INFO  [BrowserSelenium] (initElements) -> Name set to field: 
13:34:54,758 INFO  [BrowserSelenium] (initElements) -> CSS set to field: 
13:34:54,758 INFO  [BrowserSelenium] (initElements) -> XPath set to field: //a[contains(.,'Suspended ageing(auto)')]
13:34:54,758 INFO  [BrowserSelenium] (initElements) -> ID set to field: 
13:34:54,758 INFO  [BrowserSelenium] (initElements) -> Name set to field: 
13:34:54,758 INFO  [BrowserSelenium] (initElements) -> CSS set to field: 
13:34:54,758 INFO  [BrowserSelenium] (initElements) -> XPath set to field: //input[@id='description']
13:34:54,758 INFO  [BrowserSelenium] (initElements) -> ID set to field: 
13:34:54,758 INFO  [BrowserSelenium] (initElements) -> Name set to field: 
13:34:54,758 INFO  [BrowserSelenium] (initElements) -> CSS set to field: 
13:34:54,758 INFO  [BrowserSelenium] (initElements) -> XPath set to field: //select[contains(@id,'orderStatusFlag')]
13:34:54,758 INFO  [BrowserSelenium] (initElements) -> ID set to field: 
13:34:54,758 INFO  [BrowserSelenium] (initElements) -> Name set to field: 
13:34:54,758 INFO  [BrowserSelenium] (initElements) -> CSS set to field: 
13:34:54,758 INFO  [BrowserSelenium] (initElements) -> XPath set to field: //div[@id='error-messages']/ul/li
13:34:54,758 INFO  [BrowserSelenium] (initElements) -> ID set to field: 
13:34:54,758 INFO  [BrowserSelenium] (initElements) -> Name set to field: 
13:34:54,758 INFO  [BrowserSelenium] (initElements) -> CSS set to field: 
13:34:54,758 INFO  [BrowserSelenium] (initElements) -> XPath set to field: //div[@id='messages']//div[@class='msg-box error'][1]/ul/li
13:34:54,758 INFO  [BrowserSelenium] (initElements) -> ID set to field: 
13:34:54,758 INFO  [BrowserSelenium] (initElements) -> Name set to field: 
13:34:54,758 INFO  [BrowserSelenium] (initElements) -> CSS set to field: 
13:34:54,758 INFO  [BrowserSelenium] (initElements) -> XPath set to field: //div[@id='error-messages']/ul/li[1]
13:34:54,758 INFO  [BrowserSelenium] (initElements) -> ID set to field: 
13:34:54,758 INFO  [BrowserSelenium] (initElements) -> Name set to field: 
13:34:54,758 INFO  [BrowserSelenium] (initElements) -> CSS set to field: 
13:34:54,758 INFO  [BrowserSelenium] (initElements) -> XPath set to field: //div[@id='error-messages']/ul/li[2]
13:34:54,758 INFO  [BrowserSelenium] (initElements) -> ID set to field: name
13:34:54,758 INFO  [BrowserSelenium] (initElements) -> Name set to field: 
13:34:54,758 INFO  [BrowserSelenium] (initElements) -> CSS set to field: 
13:34:54,758 INFO  [BrowserSelenium] (initElements) -> XPath set to field: 
13:34:54,758 INFO  [BrowserSelenium] (initElements) -> ID set to field: usagePool.names[0].content
13:34:54,758 INFO  [BrowserSelenium] (initElements) -> Name set to field: 
13:34:54,758 INFO  [BrowserSelenium] (initElements) -> CSS set to field: 
13:34:54,758 INFO  [BrowserSelenium] (initElements) -> XPath set to field: 
13:34:54,758 INFO  [BrowserSelenium] (initElements) -> ID set to field: usagePool.cyclePeriodValue
13:34:54,758 INFO  [BrowserSelenium] (initElements) -> Name set to field: 
13:34:54,758 INFO  [BrowserSelenium] (initElements) -> CSS set to field: 
13:34:54,758 INFO  [BrowserSelenium] (initElements) -> XPath set to field: 
13:34:54,758 INFO  [BrowserSelenium] (initElements) -> ID set to field: usagePool.quantity
13:34:54,758 INFO  [BrowserSelenium] (initElements) -> Name set to field: 
13:34:54,758 INFO  [BrowserSelenium] (initElements) -> CSS set to field: 
13:34:54,758 INFO  [BrowserSelenium] (initElements) -> XPath set to field: 
13:34:54,758 INFO  [BrowserSelenium] (initElements) -> ID set to field: usagePool.consumptionActions.1.percentage
13:34:54,758 INFO  [BrowserSelenium] (initElements) -> Name set to field: 
13:34:54,758 INFO  [BrowserSelenium] (initElements) -> CSS set to field: 
13:34:54,758 INFO  [BrowserSelenium] (initElements) -> XPath set to field: 
13:34:54,758 INFO  [BrowserSelenium] (initElements) -> ID set to field: usagePool.consumptionActions.2.percentage
13:34:54,758 INFO  [BrowserSelenium] (initElements) -> Name set to field: 
13:34:54,768 INFO  [BrowserSelenium] (initElements) -> CSS set to field: 
13:34:54,768 INFO  [BrowserSelenium] (initElements) -> XPath set to field: 
13:34:54,768 INFO  [BrowserSelenium] (initElements) -> ID set to field: usagePool.consumptionActions.2.productId
13:34:54,768 INFO  [BrowserSelenium] (initElements) -> Name set to field: 
13:34:54,768 INFO  [BrowserSelenium] (initElements) -> CSS set to field: 
13:34:54,768 INFO  [BrowserSelenium] (initElements) -> XPath set to field: 
13:34:54,768 INFO  [BrowserSelenium] (initElements) -> ID set to field: 
13:34:54,768 INFO  [BrowserSelenium] (initElements) -> Name set to field: 
13:34:54,768 INFO  [BrowserSelenium] (initElements) -> CSS set to field: 
13:34:54,768 INFO  [BrowserSelenium] (initElements) -> XPath set to field: //input[contains(@id,'.value')]
13:34:54,768 INFO  [BrowserSelenium] (initElements) -> ID set to field: 
13:34:54,768 INFO  [BrowserSelenium] (initElements) -> Name set to field: 
13:34:54,768 INFO  [BrowserSelenium] (initElements) -> CSS set to field: 
13:34:54,768 INFO  [BrowserSelenium] (initElements) -> XPath set to field: //label[text()='1']/..//input[contains(@id,'.value')]
13:34:54,768 INFO  [BrowserSelenium] (initElements) -> ID set to field: 
13:34:54,768 INFO  [BrowserSelenium] (initElements) -> Name set to field: 
13:34:54,768 INFO  [BrowserSelenium] (initElements) -> CSS set to field: 
13:34:54,768 INFO  [BrowserSelenium] (initElements) -> XPath set to field: //table[@id='enumerations']/tbody/tr/td//strong
13:34:54,768 INFO  [BrowserSelenium] (initElements) -> ID set to field: 
13:34:54,768 INFO  [BrowserSelenium] (initElements) -> Name set to field: 
13:34:54,768 INFO  [BrowserSelenium] (initElements) -> CSS set to field: 
13:34:54,768 INFO  [BrowserSelenium] (initElements) -> XPath set to field: //img[@alt='Add more values']
13:34:54,768 INFO  [BrowserSelenium] (initElements) -> ID set to field: 
13:34:54,768 INFO  [BrowserSelenium] (initElements) -> Name set to field: 
13:34:54,768 INFO  [BrowserSelenium] (initElements) -> CSS set to field: 
13:34:54,768 INFO  [BrowserSelenium] (initElements) -> XPath set to field: //img[@alt='remove this value']
13:34:54,768 INFO  [BrowserSelenium] (initElements) -> ID set to field: 
13:34:54,768 INFO  [BrowserSelenium] (initElements) -> Name set to field: 
13:34:54,768 INFO  [BrowserSelenium] (initElements) -> CSS set to field: 
13:34:54,768 INFO  [BrowserSelenium] (initElements) -> XPath set to field: //span[@id='mandatory-meta-field']/../following::input[1]
13:34:54,768 INFO  [BrowserSelenium] (initElements) -> ID set to field: 
13:34:54,768 INFO  [BrowserSelenium] (initElements) -> Name set to field: 
13:34:54,768 INFO  [BrowserSelenium] (initElements) -> CSS set to field: 
13:34:54,768 INFO  [BrowserSelenium] (initElements) -> XPath set to field: //label[text()='MetaField Type']/following::select[1]
13:34:54,768 INFO  [BrowserSelenium] (initElements) -> ID set to field: 
13:34:54,768 INFO  [BrowserSelenium] (initElements) -> Name set to field: 
13:34:54,768 INFO  [BrowserSelenium] (initElements) -> CSS set to field: 
13:34:54,768 INFO  [BrowserSelenium] (initElements) -> XPath set to field: //a[contains(text(),'Meta Fields')]
13:34:54,768 INFO  [BrowserSelenium] (initElements) -> ID set to field: 
13:34:54,768 INFO  [BrowserSelenium] (initElements) -> Name set to field: 
13:34:54,768 INFO  [BrowserSelenium] (initElements) -> CSS set to field: 
13:34:54,768 INFO  [BrowserSelenium] (initElements) -> XPath set to field: //div[@class='table-box']/table/tbody/tr/td/a/strong
13:34:54,768 INFO  [BrowserSelenium] (initElements) -> ID set to field: 
13:34:54,768 INFO  [BrowserSelenium] (initElements) -> Name set to field: 
13:34:54,768 INFO  [BrowserSelenium] (initElements) -> CSS set to field: 
13:34:54,768 INFO  [BrowserSelenium] (initElements) -> XPath set to field: //ul[@id='metafield-ait']/form[1]//span[text()='Not Mandatory']
13:34:54,768 INFO  [BrowserSelenium] EXIT --> (initElements)
13:34:54,768 INFO  [BrowserSelenium] ENTER --> (_waitForElement) --> Waiting for element: null
13:34:54,768 INFO  [BrowserSelenium] ENTER --> (waitForElement)
13:34:55,630 INFO  [BrowserSelenium] ENTER --> (_getByLocator)
13:34:55,630 INFO  [BrowserSelenium] (_getByLocator) -> Getting locator for null
13:34:55,630 INFO  [BrowserSelenium] (_getByLocator) -> Locator info found for XPATH attribute as: //div[@id='messages']//ul/li
13:34:55,630 INFO  [BrowserSelenium] ENTER --> (_parseElementOnXpath)
13:34:55,630 INFO  [BrowserSelenium] (_parseElementOnXpath) -> //div[@id='messages']//ul/li is used
13:34:55,630 INFO  [BrowserSelenium] EXIT --> (_parseElementOnXpath)
13:34:55,630 INFO  [BrowserSelenium] EXIT --> (_getByLocator)
13:34:56,000 INFO  [BrowserSelenium] ENTER --> (_getByLocator)
13:34:56,000 INFO  [BrowserSelenium] (_getByLocator) -> Getting locator for null
13:34:56,000 INFO  [BrowserSelenium] (_getByLocator) -> Locator info found for XPATH attribute as: //div[@id='messages']//ul/li
13:34:56,000 INFO  [BrowserSelenium] ENTER --> (_parseElementOnXpath)
13:34:56,000 INFO  [BrowserSelenium] (_parseElementOnXpath) -> //div[@id='messages']//ul/li is used
13:34:56,000 INFO  [BrowserSelenium] EXIT --> (_parseElementOnXpath)
13:34:56,000 INFO  [BrowserSelenium] EXIT --> (_getByLocator)
13:34:56,070 INFO  [BrowserSelenium] (waitForElement) -> element wait eligibility found: true
13:34:56,070 INFO  [BrowserSelenium] ENTER --> (_waitForJStoLoad)
13:34:56,130 INFO  [BrowserSelenium] EXIT --> (_waitForJStoLoad) --> DOM load wait done: true
13:34:56,130 INFO  [BrowserSelenium] (waitForElement) -> element wait eligibility set: true
13:34:56,130 INFO  [BrowserSelenium] EXIT --> (waitForElement)
13:34:56,130 INFO  [BrowserSelenium] EXIT --> (_waitForElement)
13:34:56,140 INFO  [BrowserSelenium] ENTER --> (_getByLocator)
13:34:56,140 INFO  [BrowserSelenium] (_getByLocator) -> Getting locator for null
13:34:56,140 INFO  [BrowserSelenium] (_getByLocator) -> Locator info found for XPATH attribute as: //div[@id='messages']//ul/li
13:34:56,140 INFO  [BrowserSelenium] ENTER --> (_parseElementOnXpath)
13:34:56,140 INFO  [BrowserSelenium] (_parseElementOnXpath) -> //div[@id='messages']//ul/li is used
13:34:56,140 INFO  [BrowserSelenium] EXIT --> (_parseElementOnXpath)
13:34:56,140 INFO  [BrowserSelenium] EXIT --> (_getByLocator)
13:34:56,180 INFO  [BrowserSelenium] ENTER --> (initElements)
13:34:56,180 INFO  [BrowserSelenium] (initElements) -> ID set to field: 
13:34:56,180 INFO  [BrowserSelenium] (initElements) -> Name set to field: 
13:34:56,180 INFO  [BrowserSelenium] (initElements) -> CSS set to field: 
13:34:56,180 INFO  [BrowserSelenium] (initElements) -> XPath set to field: //div[@class='menu-items']/ul/li
13:34:56,180 INFO  [BrowserSelenium] (initElements) -> ID set to field: 
13:34:56,180 INFO  [BrowserSelenium] (initElements) -> Name set to field: 
13:34:56,180 INFO  [BrowserSelenium] (initElements) -> CSS set to field: 
13:34:56,180 INFO  [BrowserSelenium] (initElements) -> XPath set to field: //div[@id='column1']/div[@class='table-box']/table/tbody//td/a/strong
13:34:56,180 INFO  [BrowserSelenium] (initElements) -> ID set to field: 
13:34:56,180 INFO  [BrowserSelenium] (initElements) -> Name set to field: 
13:34:56,180 INFO  [BrowserSelenium] (initElements) -> CSS set to field: 
13:34:56,180 INFO  [BrowserSelenium] (initElements) -> XPath set to field: //span[text()='Add New']
13:34:56,190 INFO  [BrowserSelenium] (initElements) -> ID set to field: 
13:34:56,190 INFO  [BrowserSelenium] (initElements) -> Name set to field: 
13:34:56,190 INFO  [BrowserSelenium] (initElements) -> CSS set to field: 
13:34:56,190 INFO  [BrowserSelenium] (initElements) -> XPath set to field: //span[text()='Save Changes']
13:34:56,190 INFO  [BrowserSelenium] (initElements) -> ID set to field: 
13:34:56,190 INFO  [BrowserSelenium] (initElements) -> Name set to field: 
13:34:56,190 INFO  [BrowserSelenium] (initElements) -> CSS set to field: 
13:34:56,190 INFO  [BrowserSelenium] (initElements) -> XPath set to field: //span[text()='Cancel']
13:34:56,190 INFO  [BrowserSelenium] (initElements) -> ID set to field: 
13:34:56,190 INFO  [BrowserSelenium] (initElements) -> Name set to field: 
13:34:56,190 INFO  [BrowserSelenium] (initElements) -> CSS set to field: 
13:34:56,190 INFO  [BrowserSelenium] (initElements) -> XPath set to field: //span[text()='Upload File']
13:34:56,190 INFO  [BrowserSelenium] (initElements) -> ID set to field: 
13:34:56,190 INFO  [BrowserSelenium] (initElements) -> Name set to field: 
13:34:56,190 INFO  [BrowserSelenium] (initElements) -> CSS set to field: 
13:34:56,190 INFO  [BrowserSelenium] (initElements) -> XPath set to field: //input[@type='file']
13:34:56,190 INFO  [BrowserSelenium] (initElements) -> ID set to field: 
13:34:56,190 INFO  [BrowserSelenium] (initElements) -> Name set to field: 
13:34:56,190 INFO  [BrowserSelenium] (initElements) -> CSS set to field: 
13:34:56,190 INFO  [BrowserSelenium] (initElements) -> XPath set to field: //span[contains(text(),'Edit')]
13:34:56,190 INFO  [BrowserSelenium] (initElements) -> ID set to field: 
13:34:56,190 INFO  [BrowserSelenium] (initElements) -> Name set to field: 
13:34:56,190 INFO  [BrowserSelenium] (initElements) -> CSS set to field: 
13:34:56,190 INFO  [BrowserSelenium] (initElements) -> XPath set to field: //a[@class='submit save']
13:34:56,190 INFO  [BrowserSelenium] (initElements) -> ID set to field: 
13:34:56,190 INFO  [BrowserSelenium] (initElements) -> Name set to field: 
13:34:56,190 INFO  [BrowserSelenium] (initElements) -> CSS set to field: 
13:34:56,190 INFO  [BrowserSelenium] (initElements) -> XPath set to field: //select[@id='typeId']
13:34:56,190 INFO  [BrowserSelenium] (initElements) -> ID set to field: 
13:34:56,190 INFO  [BrowserSelenium] (initElements) -> Name set to field: 
13:34:56,190 INFO  [BrowserSelenium] (initElements) -> CSS set to field: 
13:34:56,190 INFO  [BrowserSelenium] (initElements) -> XPath set to field: //input[@id='processingOrder']
13:34:56,190 INFO  [BrowserSelenium] (initElements) -> ID set to field: 
13:34:56,190 INFO  [BrowserSelenium] (initElements) -> Name set to field: 
13:34:56,190 INFO  [BrowserSelenium] (initElements) -> CSS set to field: 
13:34:56,190 INFO  [BrowserSelenium] (initElements) -> XPath set to field: //input[@id='name']
13:34:56,190 INFO  [BrowserSelenium] (initElements) -> ID set to field: 
13:34:56,190 INFO  [BrowserSelenium] (initElements) -> Name set to field: 
13:34:56,190 INFO  [BrowserSelenium] (initElements) -> CSS set to field: 
13:34:56,190 INFO  [BrowserSelenium] (initElements) -> XPath set to field: //input[@id='plgDynamic.1.name']
13:34:56,190 INFO  [BrowserSelenium] (initElements) -> ID set to field: 
13:34:56,190 INFO  [BrowserSelenium] (initElements) -> Name set to field: 
13:34:56,190 INFO  [BrowserSelenium] (initElements) -> CSS set to field: 
13:34:56,190 INFO  [BrowserSelenium] (initElements) -> XPath set to field: //input[@id='plgDynamic.1.value']
13:34:56,190 INFO  [BrowserSelenium] (initElements) -> ID set to field: 
13:34:56,190 INFO  [BrowserSelenium] (initElements) -> Name set to field: 
13:34:56,190 INFO  [BrowserSelenium] (initElements) -> CSS set to field: 
13:34:56,190 INFO  [BrowserSelenium] (initElements) -> XPath set to field: //img[@alt='add']
13:34:56,190 INFO  [BrowserSelenium] (initElements) -> ID set to field: 
13:34:56,190 INFO  [BrowserSelenium] (initElements) -> Name set to field: 
13:34:56,190 INFO  [BrowserSelenium] (initElements) -> CSS set to field: 
13:34:56,190 INFO  [BrowserSelenium] (initElements) -> XPath set to field: //img[@alt='remove']
13:34:56,190 INFO  [BrowserSelenium] (initElements) -> ID set to field: 
13:34:56,190 INFO  [BrowserSelenium] (initElements) -> Name set to field: 
13:34:56,190 INFO  [BrowserSelenium] (initElements) -> CSS set to field: 
13:34:56,190 INFO  [BrowserSelenium] (initElements) -> XPath set to field: //span[text()='Save Plug-in']
13:34:56,190 INFO  [BrowserSelenium] (initElements) -> ID set to field: 
13:34:56,190 INFO  [BrowserSelenium] (initElements) -> Name set to field: 
13:34:56,190 INFO  [BrowserSelenium] (initElements) -> CSS set to field: 
13:34:56,190 INFO  [BrowserSelenium] (initElements) -> XPath set to field: //input[@id='nextRunDate']
13:34:56,190 INFO  [BrowserSelenium] (initElements) -> ID set to field: 
13:34:56,190 INFO  [BrowserSelenium] (initElements) -> Name set to field: 
13:34:56,190 INFO  [BrowserSelenium] (initElements) -> CSS set to field: 
13:34:56,190 INFO  [BrowserSelenium] (initElements) -> XPath set to field: //input[@id='generateReport']
13:34:56,190 INFO  [BrowserSelenium] (initElements) -> ID set to field: 
13:34:56,190 INFO  [BrowserSelenium] (initElements) -> Name set to field: 
13:34:56,190 INFO  [BrowserSelenium] (initElements) -> CSS set to field: 
13:34:56,190 INFO  [BrowserSelenium] (initElements) -> XPath set to field: //select[@id='periodUnitId']
13:34:56,190 INFO  [BrowserSelenium] (initElements) -> ID set to field: 
13:34:56,190 INFO  [BrowserSelenium] (initElements) -> Name set to field: 
13:34:56,190 INFO  [BrowserSelenium] (initElements) -> CSS set to field: 
13:34:56,190 INFO  [BrowserSelenium] (initElements) -> XPath set to field: //select[@id='usagePool.consumptionActions.1.type']
13:34:56,190 INFO  [BrowserSelenium] (initElements) -> ID set to field: 
13:34:56,190 INFO  [BrowserSelenium] (initElements) -> Name set to field: 
13:34:56,190 INFO  [BrowserSelenium] (initElements) -> CSS set to field: 
13:34:56,190 INFO  [BrowserSelenium] (initElements) -> XPath set to field: //select[@id='usagePool.consumptionActions.1.notificationId']
13:34:56,190 INFO  [BrowserSelenium] (initElements) -> ID set to field: 
13:34:56,190 INFO  [BrowserSelenium] (initElements) -> Name set to field: 
13:34:56,190 INFO  [BrowserSelenium] (initElements) -> CSS set to field: 
13:34:56,190 INFO  [BrowserSelenium] (initElements) -> XPath set to field: //select[@id='usagePool.consumptionActions.1.mediumType']
13:34:56,190 INFO  [BrowserSelenium] (initElements) -> ID set to field: 
13:34:56,190 INFO  [BrowserSelenium] (initElements) -> Name set to field: 
13:34:56,190 INFO  [BrowserSelenium] (initElements) -> CSS set to field: 
13:34:56,190 INFO  [BrowserSelenium] (initElements) -> XPath set to field: //select[@id='usagePool.consumptionActions.2.type']
13:34:56,200 INFO  [BrowserSelenium] (initElements) -> ID set to field: 
13:34:56,200 INFO  [BrowserSelenium] (initElements) -> Name set to field: 
13:34:56,200 INFO  [BrowserSelenium] (initElements) -> CSS set to field: 
13:34:56,200 INFO  [BrowserSelenium] (initElements) -> XPath set to field: //select[@id = 'usagePool.itemTypes']
13:34:56,200 INFO  [BrowserSelenium] (initElements) -> ID set to field: 
13:34:56,200 INFO  [BrowserSelenium] (initElements) -> Name set to field: 
13:34:56,200 INFO  [BrowserSelenium] (initElements) -> CSS set to field: 
13:34:56,200 INFO  [BrowserSelenium] (initElements) -> XPath set to field: //select[@id = 'usagePool.items']
13:34:56,200 INFO  [BrowserSelenium] (initElements) -> ID set to field: 
13:34:56,200 INFO  [BrowserSelenium] (initElements) -> Name set to field: 
13:34:56,200 INFO  [BrowserSelenium] (initElements) -> CSS set to field: 
13:34:56,200 INFO  [BrowserSelenium] (initElements) -> XPath set to field: //input[@id='maximumPeriods']
13:34:56,200 INFO  [BrowserSelenium] (initElements) -> ID set to field: 
13:34:56,200 INFO  [BrowserSelenium] (initElements) -> Name set to field: 
13:34:56,200 INFO  [BrowserSelenium] (initElements) -> CSS set to field: 
13:34:56,200 INFO  [BrowserSelenium] (initElements) -> XPath set to field: //input[@id='billing.proratingType.neverProrating']
13:34:56,200 INFO  [BrowserSelenium] (initElements) -> ID set to field: 
13:34:56,200 INFO  [BrowserSelenium] (initElements) -> Name set to field: 
13:34:56,200 INFO  [BrowserSelenium] (initElements) -> CSS set to field: 
13:34:56,200 INFO  [BrowserSelenium] (initElements) -> XPath set to field: //span[text()='Run Commission Process']
13:34:56,200 INFO  [BrowserSelenium] (initElements) -> ID set to field: 
13:34:56,200 INFO  [BrowserSelenium] (initElements) -> Name set to field: 
13:34:56,200 INFO  [BrowserSelenium] (initElements) -> CSS set to field: 
13:34:56,200 INFO  [BrowserSelenium] (initElements) -> XPath set to field: //span[text()='Run Billing']
13:34:56,200 INFO  [BrowserSelenium] (initElements) -> ID set to field: 
13:34:56,200 INFO  [BrowserSelenium] (initElements) -> Name set to field: 
13:34:56,200 INFO  [BrowserSelenium] (initElements) -> CSS set to field: 
13:34:56,200 INFO  [BrowserSelenium] (initElements) -> XPath set to field: //input[@id='obj[0].statusStr']
13:34:56,200 INFO  [BrowserSelenium] (initElements) -> ID set to field: 
13:34:56,200 INFO  [BrowserSelenium] (initElements) -> Name set to field: 
13:34:56,200 INFO  [BrowserSelenium] (initElements) -> CSS set to field: 
13:34:56,200 INFO  [BrowserSelenium] (initElements) -> XPath set to field: //input[@id='obj[0].days']
13:34:56,200 INFO  [BrowserSelenium] (initElements) -> ID set to field: 
13:34:56,200 INFO  [BrowserSelenium] (initElements) -> Name set to field: 
13:34:56,200 INFO  [BrowserSelenium] (initElements) -> CSS set to field: 
13:34:56,200 INFO  [BrowserSelenium] (initElements) -> XPath set to field: //input[@id='obj[0].sendNotification']
13:34:56,200 INFO  [BrowserSelenium] (initElements) -> ID set to field: 
13:34:56,200 INFO  [BrowserSelenium] (initElements) -> Name set to field: 
13:34:56,200 INFO  [BrowserSelenium] (initElements) -> CSS set to field: 
13:34:56,200 INFO  [BrowserSelenium] (initElements) -> XPath set to field: //input[@id='obj[0].paymentRetry']
13:34:56,200 INFO  [BrowserSelenium] (initElements) -> ID set to field: 
13:34:56,200 INFO  [BrowserSelenium] (initElements) -> Name set to field: 
13:34:56,200 INFO  [BrowserSelenium] (initElements) -> CSS set to field: 
13:34:56,200 INFO  [BrowserSelenium] (initElements) -> XPath set to field: //input[@id='obj[0].suspended']
13:34:56,200 INFO  [BrowserSelenium] (initElements) -> ID set to field: 
13:34:56,200 INFO  [BrowserSelenium] (initElements) -> Name set to field: 
13:34:56,200 INFO  [BrowserSelenium] (initElements) -> CSS set to field: 
13:34:56,200 INFO  [BrowserSelenium] (initElements) -> XPath set to field: //table[@id='ageingStepTable']/tbody/tr[2]/td[1]/strong
13:34:56,200 INFO  [BrowserSelenium] (initElements) -> ID set to field: 
13:34:56,200 INFO  [BrowserSelenium] (initElements) -> Name set to field: 
13:34:56,200 INFO  [BrowserSelenium] (initElements) -> CSS set to field: 
13:34:56,200 INFO  [BrowserSelenium] (initElements) -> XPath set to field: //input[@id='obj[1].statusStr']
13:34:56,200 INFO  [BrowserSelenium] (initElements) -> ID set to field: 
13:34:56,200 INFO  [BrowserSelenium] (initElements) -> Name set to field: 
13:34:56,200 INFO  [BrowserSelenium] (initElements) -> CSS set to field: 
13:34:56,200 INFO  [BrowserSelenium] (initElements) -> XPath set to field: //input[@id='obj[1].days']
13:34:56,210 INFO  [BrowserSelenium] (initElements) -> ID set to field: 
13:34:56,210 INFO  [BrowserSelenium] (initElements) -> Name set to field: 
13:34:56,210 INFO  [BrowserSelenium] (initElements) -> CSS set to field: 
13:34:56,210 INFO  [BrowserSelenium] (initElements) -> XPath set to field: //input[@id='obj[1].sendNotification']
13:34:56,210 INFO  [BrowserSelenium] (initElements) -> ID set to field: 
13:34:56,210 INFO  [BrowserSelenium] (initElements) -> Name set to field: 
13:34:56,210 INFO  [BrowserSelenium] (initElements) -> CSS set to field: 
13:34:56,210 INFO  [BrowserSelenium] (initElements) -> XPath set to field: //input[@id='obj[1].paymentRetry']
13:34:56,210 INFO  [BrowserSelenium] (initElements) -> ID set to field: 
13:34:56,210 INFO  [BrowserSelenium] (initElements) -> Name set to field: 
13:34:56,210 INFO  [BrowserSelenium] (initElements) -> CSS set to field: 
13:34:56,210 INFO  [BrowserSelenium] (initElements) -> XPath set to field: //input[@id='obj[1].suspended']
13:34:56,210 INFO  [BrowserSelenium] (initElements) -> ID set to field: 
13:34:56,210 INFO  [BrowserSelenium] (initElements) -> Name set to field: 
13:34:56,210 INFO  [BrowserSelenium] (initElements) -> CSS set to field: 
13:34:56,210 INFO  [BrowserSelenium] (initElements) -> XPath set to field: //input[@id='obj[2].statusStr']
13:34:56,210 INFO  [BrowserSelenium] (initElements) -> ID set to field: 
13:34:56,210 INFO  [BrowserSelenium] (initElements) -> Name set to field: 
13:34:56,210 INFO  [BrowserSelenium] (initElements) -> CSS set to field: 
13:34:56,210 INFO  [BrowserSelenium] (initElements) -> XPath set to field: //input[@id='obj[2].days']
13:34:56,210 INFO  [BrowserSelenium] (initElements) -> ID set to field: 
13:34:56,210 INFO  [BrowserSelenium] (initElements) -> Name set to field: 
13:34:56,210 INFO  [BrowserSelenium] (initElements) -> CSS set to field: 
13:34:56,210 INFO  [BrowserSelenium] (initElements) -> XPath set to field: //input[@id='obj[2].sendNotification']
13:34:56,210 INFO  [BrowserSelenium] (initElements) -> ID set to field: 
13:34:56,220 INFO  [BrowserSelenium] (initElements) -> Name set to field: 
13:34:56,220 INFO  [BrowserSelenium] (initElements) -> CSS set to field: 
13:34:56,220 INFO  [BrowserSelenium] (initElements) -> XPath set to field: //input[@id='obj[2].sendNotification']
13:34:56,220 INFO  [BrowserSelenium] (initElements) -> ID set to field: 
13:34:56,220 INFO  [BrowserSelenium] (initElements) -> Name set to field: 
13:34:56,220 INFO  [BrowserSelenium] (initElements) -> CSS set to field: 
13:34:56,220 INFO  [BrowserSelenium] (initElements) -> XPath set to field: //input[@id='obj[2].suspended']
13:34:56,220 INFO  [BrowserSelenium] (initElements) -> ID set to field: 
13:34:56,220 INFO  [BrowserSelenium] (initElements) -> Name set to field: 
13:34:56,220 INFO  [BrowserSelenium] (initElements) -> CSS set to field: 
13:34:56,220 INFO  [BrowserSelenium] (initElements) -> XPath set to field: //input[@id='obj[3].statusStr']
13:34:56,220 INFO  [BrowserSelenium] (initElements) -> ID set to field: 
13:34:56,220 INFO  [BrowserSelenium] (initElements) -> Name set to field: 
13:34:56,220 INFO  [BrowserSelenium] (initElements) -> CSS set to field: 
13:34:56,220 INFO  [BrowserSelenium] (initElements) -> XPath set to field: //input[@id='obj[3].days']
13:34:56,220 INFO  [BrowserSelenium] (initElements) -> ID set to field: 
13:34:56,220 INFO  [BrowserSelenium] (initElements) -> Name set to field: 
13:34:56,220 INFO  [BrowserSelenium] (initElements) -> CSS set to field: 
13:34:56,220 INFO  [BrowserSelenium] (initElements) -> XPath set to field: //input[@id='obj[3].sendNotification']
13:34:56,220 INFO  [BrowserSelenium] (initElements) -> ID set to field: 
13:34:56,220 INFO  [BrowserSelenium] (initElements) -> Name set to field: 
13:34:56,220 INFO  [BrowserSelenium] (initElements) -> CSS set to field: 
13:34:56,220 INFO  [BrowserSelenium] (initElements) -> XPath set to field: //input[@id='obj[3].paymentRetry']
13:34:56,220 INFO  [BrowserSelenium] (initElements) -> ID set to field: 
13:34:56,220 INFO  [BrowserSelenium] (initElements) -> Name set to field: 
13:34:56,220 INFO  [BrowserSelenium] (initElements) -> CSS set to field: 
13:34:56,220 INFO  [BrowserSelenium] (initElements) -> XPath set to field: //input[@name='obj[1].description_1']
13:34:56,220 INFO  [BrowserSelenium] (initElements) -> ID set to field: 
13:34:56,220 INFO  [BrowserSelenium] (initElements) -> Name set to field: 
13:34:56,220 INFO  [BrowserSelenium] (initElements) -> CSS set to field: 
13:34:56,220 INFO  [BrowserSelenium] (initElements) -> XPath set to field: //input[@name='obj[2].description_1']
13:34:56,220 INFO  [BrowserSelenium] (initElements) -> ID set to field: 
13:34:56,220 INFO  [BrowserSelenium] (initElements) -> Name set to field: 
13:34:56,220 INFO  [BrowserSelenium] (initElements) -> CSS set to field: 
13:34:56,220 INFO  [BrowserSelenium] (initElements) -> XPath set to field: //input[@name='obj[3].description_1']
13:34:56,220 INFO  [BrowserSelenium] (initElements) -> ID set to field: 
13:34:56,220 INFO  [BrowserSelenium] (initElements) -> Name set to field: 
13:34:56,220 INFO  [BrowserSelenium] (initElements) -> CSS set to field: 
13:34:56,220 INFO  [BrowserSelenium] (initElements) -> XPath set to field: //input[@id='obj[3].suspended']
13:34:56,220 INFO  [BrowserSelenium] (initElements) -> ID set to field: 
13:34:56,220 INFO  [BrowserSelenium] (initElements) -> Name set to field: 
13:34:56,220 INFO  [BrowserSelenium] (initElements) -> CSS set to field: 
13:34:56,220 INFO  [BrowserSelenium] (initElements) -> XPath set to field: //input[@id='collectionsRunDate']
13:34:56,220 INFO  [BrowserSelenium] (initElements) -> ID set to field: 
13:34:56,220 INFO  [BrowserSelenium] (initElements) -> Name set to field: 
13:34:56,220 INFO  [BrowserSelenium] (initElements) -> CSS set to field: 
13:34:56,220 INFO  [BrowserSelenium] (initElements) -> XPath set to field: //input[@id='run' and @value='Run Collections']
13:34:56,230 INFO  [BrowserSelenium] (initElements) -> ID set to field: 
13:34:56,230 INFO  [BrowserSelenium] (initElements) -> Name set to field: 
13:34:56,230 INFO  [BrowserSelenium] (initElements) -> CSS set to field: 
13:34:56,230 INFO  [BrowserSelenium] (initElements) -> XPath set to field: //span[text()='Run Collections']
13:34:56,230 INFO  [BrowserSelenium] (initElements) -> ID set to field: 
13:34:56,230 INFO  [BrowserSelenium] (initElements) -> Name set to field: 
13:34:56,230 INFO  [BrowserSelenium] (initElements) -> CSS set to field: 
13:34:56,230 INFO  [BrowserSelenium] (initElements) -> XPath set to field: //img[@alt='add']
13:34:56,230 INFO  [BrowserSelenium] (initElements) -> ID set to field: 
13:34:56,230 INFO  [BrowserSelenium] (initElements) -> Name set to field: 
13:34:56,230 INFO  [BrowserSelenium] (initElements) -> CSS set to field: 
13:34:56,230 INFO  [BrowserSelenium] (initElements) -> XPath set to field: //table[@id='users']/tbody//td/a/strong
13:34:56,230 INFO  [BrowserSelenium] (initElements) -> ID set to field: 
13:34:56,230 INFO  [BrowserSelenium] (initElements) -> Name set to field: 
13:34:56,230 INFO  [BrowserSelenium] (initElements) -> CSS set to field: 
13:34:56,230 INFO  [BrowserSelenium] (initElements) -> XPath set to field: //table[@id='usagePools']/tbody//td/a/strong
13:34:56,230 INFO  [BrowserSelenium] (initElements) -> ID set to field: 
13:34:56,230 INFO  [BrowserSelenium] (initElements) -> Name set to field: 
13:34:56,230 INFO  [BrowserSelenium] (initElements) -> CSS set to field: 
13:34:56,230 INFO  [BrowserSelenium] (initElements) -> XPath set to field: //table[@id='data_grid_column1']/tbody//td/div
13:34:56,230 INFO  [BrowserSelenium] (initElements) -> ID set to field: 
13:34:56,230 INFO  [BrowserSelenium] (initElements) -> Name set to field: 
13:34:56,230 INFO  [BrowserSelenium] (initElements) -> CSS set to field: 
13:34:56,230 INFO  [BrowserSelenium] (initElements) -> XPath set to field: //table[@id='users']
13:34:56,230 INFO  [BrowserSelenium] (initElements) -> ID set to field: 
13:34:56,230 INFO  [BrowserSelenium] (initElements) -> Name set to field: 
13:34:56,230 INFO  [BrowserSelenium] (initElements) -> CSS set to field: 
13:34:56,230 INFO  [BrowserSelenium] (initElements) -> XPath set to field: //table[@id='users']/tbody//td/a/strong
13:34:56,230 INFO  [BrowserSelenium] (initElements) -> ID set to field: 
13:34:56,230 INFO  [BrowserSelenium] (initElements) -> Name set to field: 
13:34:56,230 INFO  [BrowserSelenium] (initElements) -> CSS set to field: 
13:34:56,230 INFO  [BrowserSelenium] (initElements) -> XPath set to field: //span[text()='Permissions']
13:34:56,230 INFO  [BrowserSelenium] (initElements) -> ID set to field: 
13:34:56,230 INFO  [BrowserSelenium] (initElements) -> Name set to field: 
13:34:56,230 INFO  [BrowserSelenium] (initElements) -> CSS set to field: 
13:34:56,230 INFO  [BrowserSelenium] (initElements) -> XPath set to field: //label[contains(text(),'Edit plug-in')]/preceding-sibling::input[@type='box']
13:34:56,230 INFO  [BrowserSelenium] (initElements) -> ID set to field: 
13:34:56,230 INFO  [BrowserSelenium] (initElements) -> Name set to field: 
13:34:56,230 INFO  [BrowserSelenium] (initElements) -> CSS set to field: 
13:34:56,230 INFO  [BrowserSelenium] (initElements) -> XPath set to field: //input[@id = 'permission.1902']
13:34:56,230 INFO  [BrowserSelenium] (initElements) -> ID set to field: 
13:34:56,230 INFO  [BrowserSelenium] (initElements) -> Name set to field: 
13:34:56,230 INFO  [BrowserSelenium] (initElements) -> CSS set to field: 
13:34:56,230 INFO  [BrowserSelenium] (initElements) -> XPath set to field: //label[contains(text(),'Edit payment')]/preceding-sibling::input[@type='checkbox']
13:34:56,230 INFO  [BrowserSelenium] (initElements) -> ID set to field: 
13:34:56,230 INFO  [BrowserSelenium] (initElements) -> Name set to field: 
13:34:56,230 INFO  [BrowserSelenium] (initElements) -> CSS set to field: 
13:34:56,230 INFO  [BrowserSelenium] (initElements) -> XPath set to field: //label[contains(text(),'Delete payment')]/preceding-sibling::input[@type='checkbox']
13:34:56,230 INFO  [BrowserSelenium] (initElements) -> ID set to field: 
13:34:56,230 INFO  [BrowserSelenium] (initElements) -> Name set to field: 
13:34:56,230 INFO  [BrowserSelenium] (initElements) -> CSS set to field: 
13:34:56,230 INFO  [BrowserSelenium] (initElements) -> XPath set to field: //span[contains(text(),'Copy Company')]
13:34:56,230 INFO  [BrowserSelenium] (initElements) -> ID set to field: 
13:34:56,230 INFO  [BrowserSelenium] (initElements) -> Name set to field: 
13:34:56,230 INFO  [BrowserSelenium] (initElements) -> CSS set to field: 
13:34:56,230 INFO  [BrowserSelenium] (initElements) -> XPath set to field: //input[@id='isCompanyChild']
13:34:56,230 INFO  [BrowserSelenium] (initElements) -> ID set to field: 
13:34:56,240 INFO  [BrowserSelenium] (initElements) -> Name set to field: 
13:34:56,240 INFO  [BrowserSelenium] (initElements) -> CSS set to field: 
13:34:56,240 INFO  [BrowserSelenium] (initElements) -> XPath set to field: //input[@id='childCompany']
13:34:56,240 INFO  [BrowserSelenium] (initElements) -> ID set to field: 
13:34:56,240 INFO  [BrowserSelenium] (initElements) -> Name set to field: 
13:34:56,240 INFO  [BrowserSelenium] (initElements) -> CSS set to field: 
13:34:56,240 INFO  [BrowserSelenium] (initElements) -> XPath set to field: //button/span[text()='Yes']
13:34:56,240 INFO  [BrowserSelenium] (initElements) -> ID set to field: 
13:34:56,240 INFO  [BrowserSelenium] (initElements) -> Name set to field: 
13:34:56,240 INFO  [BrowserSelenium] (initElements) -> CSS set to field: 
13:34:56,240 INFO  [BrowserSelenium] (initElements) -> XPath set to field: //button/span[text()='No']
13:34:56,240 INFO  [BrowserSelenium] (initElements) -> ID set to field: 
13:34:56,240 INFO  [BrowserSelenium] (initElements) -> Name set to field: 
13:34:56,240 INFO  [BrowserSelenium] (initElements) -> CSS set to field: 
13:34:56,240 INFO  [BrowserSelenium] (initElements) -> XPath set to field: //strong[text()='Done']/../p
13:34:56,240 INFO  [BrowserSelenium] (initElements) -> ID set to field: 
13:34:56,240 INFO  [BrowserSelenium] (initElements) -> Name set to field: 
13:34:56,240 INFO  [BrowserSelenium] (initElements) -> CSS set to field: 
13:34:56,240 INFO  [BrowserSelenium] (initElements) -> XPath set to field: //input[@id='name']
13:34:56,240 INFO  [BrowserSelenium] (initElements) -> ID set to field: 
13:34:56,240 INFO  [BrowserSelenium] (initElements) -> Name set to field: 
13:34:56,240 INFO  [BrowserSelenium] (initElements) -> CSS set to field: 
13:34:56,240 INFO  [BrowserSelenium] (initElements) -> XPath set to field: //input[@id='orderValue']
13:34:56,240 INFO  [BrowserSelenium] (initElements) -> ID set to field: 
13:34:56,240 INFO  [BrowserSelenium] (initElements) -> Name set to field: 
13:34:56,240 INFO  [BrowserSelenium] (initElements) -> CSS set to field: 
13:34:56,240 INFO  [BrowserSelenium] (initElements) -> XPath set to field: //select[@id='mediationJobLauncher']
13:34:56,240 INFO  [BrowserSelenium] (initElements) -> ID set to field: 
13:34:56,240 INFO  [BrowserSelenium] (initElements) -> Name set to field: 
13:34:56,240 INFO  [BrowserSelenium] (initElements) -> CSS set to field: 
13:34:56,240 INFO  [BrowserSelenium] (initElements) -> XPath set to field: //input[@id='global']
13:34:56,240 INFO  [BrowserSelenium] (initElements) -> ID set to field: 
13:34:56,240 INFO  [BrowserSelenium] (initElements) -> Name set to field: 
13:34:56,240 INFO  [BrowserSelenium] (initElements) -> CSS set to field: 
13:34:56,240 INFO  [BrowserSelenium] (initElements) -> XPath set to field: //span[text()='Run Mediation']
13:34:56,240 INFO  [BrowserSelenium] (initElements) -> ID set to field: 
13:34:56,240 INFO  [BrowserSelenium] (initElements) -> Name set to field: 
13:34:56,240 INFO  [BrowserSelenium] (initElements) -> CSS set to field: 
13:34:56,240 INFO  [BrowserSelenium] (initElements) -> XPath set to field: //input[@id='description']
13:34:56,240 INFO  [BrowserSelenium] (initElements) -> ID set to field: 
13:34:56,240 INFO  [BrowserSelenium] (initElements) -> Name set to field: 
13:34:56,240 INFO  [BrowserSelenium] (initElements) -> CSS set to field: 
13:34:56,240 INFO  [BrowserSelenium] (initElements) -> XPath set to field: //select[@id='periodUnitId']
13:34:56,240 INFO  [BrowserSelenium] (initElements) -> ID set to field: 
13:34:56,240 INFO  [BrowserSelenium] (initElements) -> Name set to field: 
13:34:56,240 INFO  [BrowserSelenium] (initElements) -> CSS set to field: 
13:34:56,240 INFO  [BrowserSelenium] (initElements) -> XPath set to field: //input[@id='value']
13:34:56,240 INFO  [BrowserSelenium] (initElements) -> ID set to field: 
13:34:56,240 INFO  [BrowserSelenium] (initElements) -> Name set to field: 
13:34:56,240 INFO  [BrowserSelenium] (initElements) -> CSS set to field: 
13:34:56,240 INFO  [BrowserSelenium] (initElements) -> XPath set to field: //strong[text()='Should use JQGrid for tables']/parent::a
13:34:56,240 INFO  [BrowserSelenium] (initElements) -> ID set to field: 
13:34:56,240 INFO  [BrowserSelenium] (initElements) -> Name set to field: 
13:34:56,240 INFO  [BrowserSelenium] (initElements) -> CSS set to field: 
13:34:56,240 INFO  [BrowserSelenium] (initElements) -> XPath set to field: //div[text()='Should use JQGrid for tables']/parent::td
13:34:56,240 INFO  [BrowserSelenium] (initElements) -> ID set to field: 
13:34:56,240 INFO  [BrowserSelenium] (initElements) -> Name set to field: 
13:34:56,250 INFO  [BrowserSelenium] (initElements) -> CSS set to field: 
13:34:56,250 INFO  [BrowserSelenium] (initElements) -> XPath set to field: //strong[text()='ITG invoice notification']/parent::a
13:34:56,250 INFO  [BrowserSelenium] (initElements) -> ID set to field: 
13:34:56,250 INFO  [BrowserSelenium] (initElements) -> Name set to field: 
13:34:56,250 INFO  [BrowserSelenium] (initElements) -> CSS set to field: 
13:34:56,250 INFO  [BrowserSelenium] (initElements) -> XPath set to field: //input[@id='preference.value']
13:34:56,250 INFO  [BrowserSelenium] (initElements) -> ID set to field: 
13:34:56,250 INFO  [BrowserSelenium] (initElements) -> Name set to field: 
13:34:56,250 INFO  [BrowserSelenium] (initElements) -> CSS set to field: 
13:34:56,250 INFO  [BrowserSelenium] (initElements) -> XPath set to field: //input[@id='description']
13:34:56,250 INFO  [BrowserSelenium] (initElements) -> ID set to field: 
13:34:56,250 INFO  [BrowserSelenium] (initElements) -> Name set to field: 
13:34:56,250 INFO  [BrowserSelenium] (initElements) -> CSS set to field: 
13:34:56,250 INFO  [BrowserSelenium] (initElements) -> XPath set to field: //input[@id='mainSubscription.nextInvoiceDayOfPeriod']
13:34:56,250 INFO  [BrowserSelenium] (initElements) -> ID set to field: 
13:34:56,250 INFO  [BrowserSelenium] (initElements) -> Name set to field: 
13:34:56,250 INFO  [BrowserSelenium] (initElements) -> CSS set to field: 
13:34:56,250 INFO  [BrowserSelenium] (initElements) -> XPath set to field: //input[@id='invoiceDesign']
13:34:56,250 INFO  [BrowserSelenium] (initElements) -> ID set to field: 
13:34:56,250 INFO  [BrowserSelenium] (initElements) -> Name set to field: 
13:34:56,250 INFO  [BrowserSelenium] (initElements) -> CSS set to field: 
13:34:56,250 INFO  [BrowserSelenium] (initElements) -> XPath set to field: //table[@id='periods']
13:34:56,250 INFO  [BrowserSelenium] (initElements) -> ID set to field: 
13:34:56,250 INFO  [BrowserSelenium] (initElements) -> Name set to field: 
13:34:56,250 INFO  [BrowserSelenium] (initElements) -> CSS set to field: 
13:34:56,250 INFO  [BrowserSelenium] (initElements) -> XPath set to field: //input[@class='cb checkbox']
13:34:56,250 INFO  [BrowserSelenium] (initElements) -> ID set to field: 
13:34:56,250 INFO  [BrowserSelenium] (initElements) -> Name set to field: 
13:34:56,250 INFO  [BrowserSelenium] (initElements) -> CSS set to field: 
13:34:56,250 INFO  [BrowserSelenium] (initElements) -> XPath set to field: //table[@id='periods']/tbody//td/a/strong
13:34:56,250 INFO  [BrowserSelenium] (initElements) -> ID set to field: 
13:34:56,250 INFO  [BrowserSelenium] (initElements) -> Name set to field: 
13:34:56,250 INFO  [BrowserSelenium] (initElements) -> CSS set to field: 
13:34:56,250 INFO  [BrowserSelenium] (initElements) -> XPath set to field: //table[@id='categories']
13:34:56,250 INFO  [BrowserSelenium] (initElements) -> ID set to field: 
13:34:56,250 INFO  [BrowserSelenium] (initElements) -> Name set to field: 
13:34:56,250 INFO  [BrowserSelenium] (initElements) -> CSS set to field: 
13:34:56,250 INFO  [BrowserSelenium] (initElements) -> XPath set to field: //table[@id='periods']/tbody/tr[1]/td/a[1]/strong
13:34:56,250 INFO  [BrowserSelenium] (initElements) -> ID set to field: 
13:34:56,250 INFO  [BrowserSelenium] (initElements) -> Name set to field: 
13:34:56,250 INFO  [BrowserSelenium] (initElements) -> CSS set to field: 
13:34:56,250 INFO  [BrowserSelenium] (initElements) -> XPath set to field: //span[text()='Add Information Type']
13:34:56,250 INFO  [BrowserSelenium] (initElements) -> ID set to field: 
13:34:56,250 INFO  [BrowserSelenium] (initElements) -> Name set to field: 
13:34:56,250 INFO  [BrowserSelenium] (initElements) -> CSS set to field: 
13:34:56,250 INFO  [BrowserSelenium] (initElements) -> XPath set to field: //input[@id='name']
13:34:56,250 INFO  [BrowserSelenium] (initElements) -> ID set to field: 
13:34:56,250 INFO  [BrowserSelenium] (initElements) -> Name set to field: 
13:34:56,250 INFO  [BrowserSelenium] (initElements) -> CSS set to field: 
13:34:56,250 INFO  [BrowserSelenium] (initElements) -> XPath set to field: //span[text()='Add New Metafield']
13:34:56,250 INFO  [BrowserSelenium] (initElements) -> ID set to field: 
13:34:56,250 INFO  [BrowserSelenium] (initElements) -> Name set to field: 
13:34:56,250 INFO  [BrowserSelenium] (initElements) -> CSS set to field: 
13:34:56,250 INFO  [BrowserSelenium] (initElements) -> XPath set to field: //span[text()='-']/parent::li
13:34:56,250 INFO  [BrowserSelenium] (initElements) -> ID set to field: 
13:34:56,250 INFO  [BrowserSelenium] (initElements) -> Name set to field: 
13:34:56,260 INFO  [BrowserSelenium] (initElements) -> CSS set to field: 
13:34:56,260 INFO  [BrowserSelenium] (initElements) -> XPath set to field: //span[text()='-']
13:34:56,260 INFO  [BrowserSelenium] (initElements) -> ID set to field: 
13:34:56,260 INFO  [BrowserSelenium] (initElements) -> Name set to field: 
13:34:56,260 INFO  [BrowserSelenium] (initElements) -> CSS set to field: 
13:34:56,260 INFO  [BrowserSelenium] (initElements) -> XPath set to field: //input[@id='metaField0.name']
13:34:56,260 INFO  [BrowserSelenium] (initElements) -> ID set to field: 
13:34:56,260 INFO  [BrowserSelenium] (initElements) -> Name set to field: 
13:34:56,260 INFO  [BrowserSelenium] (initElements) -> CSS set to field: 
13:34:56,260 INFO  [BrowserSelenium] (initElements) -> XPath set to field: //select[@id='fieldType0']
13:34:56,260 INFO  [BrowserSelenium] (initElements) -> ID set to field: 
13:34:56,260 INFO  [BrowserSelenium] (initElements) -> Name set to field: 
13:34:56,260 INFO  [BrowserSelenium] (initElements) -> CSS set to field: 
13:34:56,260 INFO  [BrowserSelenium] (initElements) -> XPath set to field: //li[contains(@class,'active')]/following::li//a/span[contains(text(),'Update')]
13:34:56,260 INFO  [BrowserSelenium] (initElements) -> ID set to field: 
13:34:56,260 INFO  [BrowserSelenium] (initElements) -> Name set to field: 
13:34:56,260 INFO  [BrowserSelenium] (initElements) -> CSS set to field: 
13:34:56,260 INFO  [BrowserSelenium] (initElements) -> XPath set to field: //li[contains(@class,'active')]/following::li//a/span[contains(text(),'Remove')]
13:34:56,260 INFO  [BrowserSelenium] (initElements) -> ID set to field: 
13:34:56,260 INFO  [BrowserSelenium] (initElements) -> Name set to field: 
13:34:56,260 INFO  [BrowserSelenium] (initElements) -> CSS set to field: 
13:34:56,260 INFO  [BrowserSelenium] (initElements) -> XPath set to field: //div[@id='review-box']//span[text()='Save Changes']
13:34:56,260 INFO  [BrowserSelenium] (initElements) -> ID set to field: 
13:34:56,260 INFO  [BrowserSelenium] (initElements) -> Name set to field: 
13:34:56,260 INFO  [BrowserSelenium] (initElements) -> CSS set to field: 
13:34:56,260 INFO  [BrowserSelenium] (initElements) -> XPath set to field: //span[text()='Prices']
13:34:56,260 INFO  [BrowserSelenium] (initElements) -> ID set to field: 
13:34:56,260 INFO  [BrowserSelenium] (initElements) -> Name set to field: 
13:34:56,260 INFO  [BrowserSelenium] (initElements) -> CSS set to field: 
13:34:56,260 INFO  [BrowserSelenium] (initElements) -> XPath set to field: //select[@id='typeId']
13:34:56,260 INFO  [BrowserSelenium] (initElements) -> ID set to field: 
13:34:56,260 INFO  [BrowserSelenium] (initElements) -> Name set to field: 
13:34:56,260 INFO  [BrowserSelenium] (initElements) -> CSS set to field: 
13:34:56,260 INFO  [BrowserSelenium] (initElements) -> XPath set to field: //table[@id='products']
13:34:56,260 INFO  [BrowserSelenium] (initElements) -> ID set to field: 
13:34:56,260 INFO  [BrowserSelenium] (initElements) -> Name set to field: 
13:34:56,260 INFO  [BrowserSelenium] (initElements) -> CSS set to field: 
13:34:56,260 INFO  [BrowserSelenium] (initElements) -> XPath set to field: //table[@id='products']/tbody//td/a/strong
13:34:56,260 INFO  [BrowserSelenium] (initElements) -> ID set to field: 
13:34:56,260 INFO  [BrowserSelenium] (initElements) -> Name set to field: 
13:34:56,260 INFO  [BrowserSelenium] (initElements) -> CSS set to field: 
13:34:56,260 INFO  [BrowserSelenium] (initElements) -> XPath set to field: //span[text()='Add price']
13:34:56,260 INFO  [BrowserSelenium] (initElements) -> ID set to field: 
13:34:56,260 INFO  [BrowserSelenium] (initElements) -> Name set to field: 
13:34:56,260 INFO  [BrowserSelenium] (initElements) -> CSS set to field: 
13:34:56,260 INFO  [BrowserSelenium] (initElements) -> XPath set to field: //input[@id = 'model.0.rateAsDecimal']
13:34:56,260 INFO  [BrowserSelenium] (initElements) -> ID set to field: 
13:34:56,260 INFO  [BrowserSelenium] (initElements) -> Name set to field: 
13:34:56,260 INFO  [BrowserSelenium] (initElements) -> CSS set to field: 
13:34:56,260 INFO  [BrowserSelenium] (initElements) -> XPath set to field: //img[@alt='edit']
13:34:56,260 INFO  [BrowserSelenium] (initElements) -> ID set to field: 
13:34:56,260 INFO  [BrowserSelenium] (initElements) -> Name set to field: 
13:34:56,270 INFO  [BrowserSelenium] (initElements) -> CSS set to field: 
13:34:56,270 INFO  [BrowserSelenium] (initElements) -> XPath set to field: //select[@id='templateId']
13:34:56,270 INFO  [BrowserSelenium] (initElements) -> ID set to field: 
13:34:56,270 INFO  [BrowserSelenium] (initElements) -> Name set to field: 
13:34:56,270 INFO  [BrowserSelenium] (initElements) -> CSS set to field: 
13:34:56,270 INFO  [BrowserSelenium] (initElements) -> XPath set to field: //option[text()='Payment Card']
13:34:56,270 INFO  [BrowserSelenium] (initElements) -> ID set to field: methodName
13:34:56,270 INFO  [BrowserSelenium] (initElements) -> Name set to field: 
13:34:56,270 INFO  [BrowserSelenium] (initElements) -> CSS set to field: 
13:34:56,270 INFO  [BrowserSelenium] (initElements) -> XPath set to field: 
13:34:56,270 INFO  [BrowserSelenium] (initElements) -> ID set to field: isRecurring
13:34:56,270 INFO  [BrowserSelenium] (initElements) -> Name set to field: 
13:34:56,270 INFO  [BrowserSelenium] (initElements) -> CSS set to field: 
13:34:56,270 INFO  [BrowserSelenium] (initElements) -> XPath set to field: 
13:34:56,270 INFO  [BrowserSelenium] (initElements) -> ID set to field: allAccount
13:34:56,270 INFO  [BrowserSelenium] (initElements) -> Name set to field: 
13:34:56,270 INFO  [BrowserSelenium] (initElements) -> CSS set to field: 
13:34:56,270 INFO  [BrowserSelenium] (initElements) -> XPath set to field: 
13:34:56,270 INFO  [BrowserSelenium] (initElements) -> ID set to field: 
13:34:56,270 INFO  [BrowserSelenium] (initElements) -> Name set to field: 
13:34:56,270 INFO  [BrowserSelenium] (initElements) -> CSS set to field: 
13:34:56,270 INFO  [BrowserSelenium] (initElements) -> XPath set to field: //select[@id='accountTypes']
13:34:56,270 INFO  [BrowserSelenium] (initElements) -> ID set to field: 
13:34:56,270 INFO  [BrowserSelenium] (initElements) -> Name set to field: 
13:34:56,270 INFO  [BrowserSelenium] (initElements) -> CSS set to field: 
13:34:56,270 INFO  [BrowserSelenium] (initElements) -> XPath set to field: //span[text()='cc.number']/parent::li
13:34:56,270 INFO  [BrowserSelenium] (initElements) -> ID set to field: 
13:34:56,270 INFO  [BrowserSelenium] (initElements) -> Name set to field: 
13:34:56,270 INFO  [BrowserSelenium] (initElements) -> CSS set to field: 
13:34:56,270 INFO  [BrowserSelenium] (initElements) -> XPath set to field: //span[text() = 'cc.number']
13:34:56,270 INFO  [BrowserSelenium] (initElements) -> ID set to field: 
13:34:56,270 INFO  [BrowserSelenium] (initElements) -> Name set to field: 
13:34:56,270 INFO  [BrowserSelenium] (initElements) -> CSS set to field: 
13:34:56,270 INFO  [BrowserSelenium] (initElements) -> XPath set to field: //span[text()='cc.number']/parent::li/following::li[contains(@id,'editor')]//select[contains(@id,'newDescriptionLanguage')]
13:34:56,270 INFO  [BrowserSelenium] (initElements) -> ID set to field: 
13:34:56,270 INFO  [BrowserSelenium] (initElements) -> Name set to field: 
13:34:56,270 INFO  [BrowserSelenium] (initElements) -> CSS set to field: 
13:34:56,270 INFO  [BrowserSelenium] (initElements) -> XPath set to field: //span[text()='cc.number']/parent::li/following::li[contains(@id,'editor')]//a[contains(@onclick,'addNewDescription')]/img
13:34:56,270 INFO  [BrowserSelenium] (initElements) -> ID set to field: 
13:34:56,270 INFO  [BrowserSelenium] (initElements) -> Name set to field: 
13:34:56,270 INFO  [BrowserSelenium] (initElements) -> CSS set to field: 
13:34:56,270 INFO  [BrowserSelenium] (initElements) -> XPath set to field: //span[text()='cc.number']/../..//label[text()='English Error message']/../div/input[1]
13:34:56,270 INFO  [BrowserSelenium] (initElements) -> ID set to field: 
13:34:56,270 INFO  [BrowserSelenium] (initElements) -> Name set to field: 
13:34:56,270 INFO  [BrowserSelenium] (initElements) -> CSS set to field: 
13:34:56,270 INFO  [BrowserSelenium] (initElements) -> XPath set to field: //span[text()='cc.number']/parent::li/following::li//div[contains(@id,'descriptions')]//a/img[contains(@src,'cross.png')]
13:34:56,270 INFO  [BrowserSelenium] (initElements) -> ID set to field: 
13:34:56,270 INFO  [BrowserSelenium] (initElements) -> Name set to field: 
13:34:56,270 INFO  [BrowserSelenium] (initElements) -> CSS set to field: 
13:34:56,270 INFO  [BrowserSelenium] (initElements) -> XPath set to field: //span[text()='cc.number']/parent::li/following::li[contains(@id,'editor')]//a//span[text()='Update']
13:34:56,270 INFO  [BrowserSelenium] (initElements) -> ID set to field: 
13:34:56,270 INFO  [BrowserSelenium] (initElements) -> Name set to field: 
13:34:56,270 INFO  [BrowserSelenium] (initElements) -> CSS set to field: 
13:34:56,270 INFO  [BrowserSelenium] (initElements) -> XPath set to field: //span[text()='cc.expiry.date']/parent::li
13:34:56,270 INFO  [BrowserSelenium] (initElements) -> ID set to field: 
13:34:56,270 INFO  [BrowserSelenium] (initElements) -> Name set to field: 
13:34:56,270 INFO  [BrowserSelenium] (initElements) -> CSS set to field: 
13:34:56,270 INFO  [BrowserSelenium] (initElements) -> XPath set to field: //span[text()='cc.expiry.date']/../..
13:34:56,270 INFO  [BrowserSelenium] (initElements) -> ID set to field: 
13:34:56,270 INFO  [BrowserSelenium] (initElements) -> Name set to field: 
13:34:56,270 INFO  [BrowserSelenium] (initElements) -> CSS set to field: 
13:34:56,270 INFO  [BrowserSelenium] (initElements) -> XPath set to field: //span[text()='cc.expiry.date']/parent::li/following::li[contains(@id,'editor')]//select[contains(@id,'newDescriptionLanguage')]
13:34:56,280 INFO  [BrowserSelenium] (initElements) -> ID set to field: 
13:34:56,280 INFO  [BrowserSelenium] (initElements) -> Name set to field: 
13:34:56,280 INFO  [BrowserSelenium] (initElements) -> CSS set to field: 
13:34:56,280 INFO  [BrowserSelenium] (initElements) -> XPath set to field: //span[text()='cc.expiry.date']/parent::li/following::li[contains(@id,'editor')]//a[contains(@onclick,'addNewDescription')]/img
13:34:56,280 INFO  [BrowserSelenium] (initElements) -> ID set to field: 
13:34:56,280 INFO  [BrowserSelenium] (initElements) -> Name set to field: 
13:34:56,280 INFO  [BrowserSelenium] (initElements) -> CSS set to field: 
13:34:56,280 INFO  [BrowserSelenium] (initElements) -> XPath set to field: //span[text()='cc.expiry.date']/../..//label[text()='English Error message']/../div/input[1]
13:34:56,280 INFO  [BrowserSelenium] (initElements) -> ID set to field: 
13:34:56,280 INFO  [BrowserSelenium] (initElements) -> Name set to field: 
13:34:56,280 INFO  [BrowserSelenium] (initElements) -> CSS set to field: 
13:34:56,280 INFO  [BrowserSelenium] (initElements) -> XPath set to field: //span[text()='cc.expiry.date']/parent::li/following::li//div[contains(@id,'descriptions')]//a/img[contains(@src,'cross.png')]
13:34:56,280 INFO  [BrowserSelenium] (initElements) -> ID set to field: 
13:34:56,280 INFO  [BrowserSelenium] (initElements) -> Name set to field: 
13:34:56,280 INFO  [BrowserSelenium] (initElements) -> CSS set to field: 
13:34:56,280 INFO  [BrowserSelenium] (initElements) -> XPath set to field: //span[text()='cc.expiry.date']/parent::li/following::li[contains(@id,'editor')]//a//span[text()='Update']
13:34:56,280 INFO  [BrowserSelenium] (initElements) -> ID set to field: 
13:34:56,280 INFO  [BrowserSelenium] (initElements) -> Name set to field: 
13:34:56,280 INFO  [BrowserSelenium] (initElements) -> CSS set to field: 
13:34:56,280 INFO  [BrowserSelenium] (initElements) -> XPath set to field: //div[@class = 'buttons']//a[contains(@onclick,'submit')]
13:34:56,280 INFO  [BrowserSelenium] (initElements) -> ID set to field: 
13:34:56,280 INFO  [BrowserSelenium] (initElements) -> Name set to field: 
13:34:56,280 INFO  [BrowserSelenium] (initElements) -> CSS set to field: 
13:34:56,280 INFO  [BrowserSelenium] (initElements) -> XPath set to field: //div[@id='breadcrumbs']
13:34:56,280 INFO  [BrowserSelenium] (initElements) -> ID set to field: description
13:34:56,280 INFO  [BrowserSelenium] (initElements) -> Name set to field: 
13:34:56,280 INFO  [BrowserSelenium] (initElements) -> CSS set to field: 
13:34:56,280 INFO  [BrowserSelenium] (initElements) -> XPath set to field: 
13:34:56,280 INFO  [BrowserSelenium] (initElements) -> ID set to field: address1
13:34:56,280 INFO  [BrowserSelenium] (initElements) -> Name set to field: 
13:34:56,280 INFO  [BrowserSelenium] (initElements) -> CSS set to field: 
13:34:56,280 INFO  [BrowserSelenium] (initElements) -> XPath set to field: 
13:34:56,280 INFO  [BrowserSelenium] (initElements) -> ID set to field: city
13:34:56,280 INFO  [BrowserSelenium] (initElements) -> Name set to field: 
13:34:56,280 INFO  [BrowserSelenium] (initElements) -> CSS set to field: 
13:34:56,280 INFO  [BrowserSelenium] (initElements) -> XPath set to field: 
13:34:56,280 INFO  [BrowserSelenium] (initElements) -> ID set to field: stateProvince
13:34:56,280 INFO  [BrowserSelenium] (initElements) -> Name set to field: 
13:34:56,280 INFO  [BrowserSelenium] (initElements) -> CSS set to field: 
13:34:56,280 INFO  [BrowserSelenium] (initElements) -> XPath set to field: 
13:34:56,280 INFO  [BrowserSelenium] (initElements) -> ID set to field: 
13:34:56,280 INFO  [BrowserSelenium] (initElements) -> Name set to field: 
13:34:56,280 INFO  [BrowserSelenium] (initElements) -> CSS set to field: 
13:34:56,280 INFO  [BrowserSelenium] (initElements) -> XPath set to field: //label[contains(text(),'View plugin-in')]/../input[2]
13:34:56,280 INFO  [BrowserSelenium] (initElements) -> ID set to field: 
13:34:56,280 INFO  [BrowserSelenium] (initElements) -> Name set to field: 
13:34:56,280 INFO  [BrowserSelenium] (initElements) -> CSS set to field: 
13:34:56,280 INFO  [BrowserSelenium] (initElements) -> XPath set to field: //label[contains(text(),'Edit plug-in')]/../input[2]
13:34:56,280 INFO  [BrowserSelenium] (initElements) -> ID set to field: 
13:34:56,280 INFO  [BrowserSelenium] (initElements) -> Name set to field: 
13:34:56,280 INFO  [BrowserSelenium] (initElements) -> CSS set to field: 
13:34:56,280 INFO  [BrowserSelenium] (initElements) -> XPath set to field: //label[contains(text(),'Edit role')]/../input[2]
13:34:56,280 INFO  [BrowserSelenium] (initElements) -> ID set to field: 
13:34:56,280 INFO  [BrowserSelenium] (initElements) -> Name set to field: 
13:34:56,280 INFO  [BrowserSelenium] (initElements) -> CSS set to field: 
13:34:56,280 INFO  [BrowserSelenium] (initElements) -> XPath set to field: //div[@id='error-messages']/following-sibling::div//p
13:34:56,280 INFO  [BrowserSelenium] (initElements) -> ID set to field: roles
13:34:56,280 INFO  [BrowserSelenium] (initElements) -> Name set to field: 
13:34:56,280 INFO  [BrowserSelenium] (initElements) -> CSS set to field: 
13:34:56,280 INFO  [BrowserSelenium] (initElements) -> XPath set to field: 
13:34:56,280 INFO  [BrowserSelenium] (initElements) -> ID set to field: 
13:34:56,280 INFO  [BrowserSelenium] (initElements) -> Name set to field: 
13:34:56,280 INFO  [BrowserSelenium] (initElements) -> CSS set to field: 
13:34:56,280 INFO  [BrowserSelenium] (initElements) -> XPath set to field: //label[text()='Show agent menu']/../input[2]
13:34:56,280 INFO  [BrowserSelenium] (initElements) -> ID set to field: 
13:34:56,280 INFO  [BrowserSelenium] (initElements) -> Name set to field: 
13:34:56,280 INFO  [BrowserSelenium] (initElements) -> CSS set to field: 
13:34:56,280 INFO  [BrowserSelenium] (initElements) -> XPath set to field: //label[text()='Edit agent']/../input[2]
13:34:56,280 INFO  [BrowserSelenium] (initElements) -> ID set to field: 
13:34:56,280 INFO  [BrowserSelenium] (initElements) -> Name set to field: 
13:34:56,280 INFO  [BrowserSelenium] (initElements) -> CSS set to field: 
13:34:56,280 INFO  [BrowserSelenium] (initElements) -> XPath set to field: //label[text()='View agent details']/../input[2]
13:34:56,280 INFO  [BrowserSelenium] (initElements) -> ID set to field: 
13:34:56,280 INFO  [BrowserSelenium] (initElements) -> Name set to field: 
13:34:56,280 INFO  [BrowserSelenium] (initElements) -> CSS set to field: 
13:34:56,280 INFO  [BrowserSelenium] (initElements) -> XPath set to field: //a[@class='submit delete']
13:34:56,280 INFO  [BrowserSelenium] (initElements) -> ID set to field: creditLimitAsDecimal
13:34:56,280 INFO  [BrowserSelenium] (initElements) -> Name set to field: 
13:34:56,290 INFO  [BrowserSelenium] (initElements) -> CSS set to field: 
13:34:56,290 INFO  [BrowserSelenium] (initElements) -> XPath set to field: 
13:34:56,290 INFO  [BrowserSelenium] (initElements) -> ID set to field: creditNotificationLimit1AsDecimal
13:34:56,290 INFO  [BrowserSelenium] (initElements) -> Name set to field: 
13:34:56,290 INFO  [BrowserSelenium] (initElements) -> CSS set to field: 
13:34:56,290 INFO  [BrowserSelenium] (initElements) -> XPath set to field: 
13:34:56,290 INFO  [BrowserSelenium] (initElements) -> ID set to field: creditNotificationLimit2AsDecimal
13:34:56,290 INFO  [BrowserSelenium] (initElements) -> Name set to field: 
13:34:56,290 INFO  [BrowserSelenium] (initElements) -> CSS set to field: 
13:34:56,290 INFO  [BrowserSelenium] (initElements) -> XPath set to field: 
13:34:56,290 INFO  [BrowserSelenium] (initElements) -> ID set to field: 
13:34:56,290 INFO  [BrowserSelenium] (initElements) -> Name set to field: 
13:34:56,290 INFO  [BrowserSelenium] (initElements) -> CSS set to field: 
13:34:56,290 INFO  [BrowserSelenium] (initElements) -> XPath set to field: //div[@id='messages']//ul/li
13:34:56,290 INFO  [BrowserSelenium] (initElements) -> ID set to field: payment-method-select
13:34:56,290 INFO  [BrowserSelenium] (initElements) -> Name set to field: 
13:34:56,290 INFO  [BrowserSelenium] (initElements) -> CSS set to field: 
13:34:56,290 INFO  [BrowserSelenium] (initElements) -> XPath set to field: 
13:34:56,290 INFO  [BrowserSelenium] (initElements) -> ID set to field: gs_typeId
13:34:56,290 INFO  [BrowserSelenium] (initElements) -> Name set to field: 
13:34:56,290 INFO  [BrowserSelenium] (initElements) -> CSS set to field: 
13:34:56,290 INFO  [BrowserSelenium] (initElements) -> XPath set to field: 
13:34:56,290 INFO  [BrowserSelenium] (initElements) -> ID set to field: 
13:34:56,290 INFO  [BrowserSelenium] (initElements) -> Name set to field: 
13:34:56,290 INFO  [BrowserSelenium] (initElements) -> CSS set to field: 
13:34:56,290 INFO  [BrowserSelenium] (initElements) -> XPath set to field: //option[text()='
13:34:56,290 INFO  [BrowserSelenium] (initElements) -> ID set to field: 
13:34:56,290 INFO  [BrowserSelenium] (initElements) -> Name set to field: 
13:34:56,290 INFO  [BrowserSelenium] (initElements) -> CSS set to field: 
13:34:56,290 INFO  [BrowserSelenium] (initElements) -> XPath set to field: //strong[contains(text(),'Payment gateway integration')]
13:34:56,290 INFO  [BrowserSelenium] (initElements) -> ID set to field: plg-parm-PaypalUserId
13:34:56,290 INFO  [BrowserSelenium] (initElements) -> Name set to field: 
13:34:56,290 INFO  [BrowserSelenium] (initElements) -> CSS set to field: 
13:34:56,290 INFO  [BrowserSelenium] (initElements) -> XPath set to field: 
13:34:56,290 INFO  [BrowserSelenium] (initElements) -> ID set to field: plg-parm-PaypalPassword
13:34:56,290 INFO  [BrowserSelenium] (initElements) -> Name set to field: 
13:34:56,290 INFO  [BrowserSelenium] (initElements) -> CSS set to field: 
13:34:56,290 INFO  [BrowserSelenium] (initElements) -> XPath set to field: 
13:34:56,290 INFO  [BrowserSelenium] (initElements) -> ID set to field: plg-parm-PaypalSignature
13:34:56,290 INFO  [BrowserSelenium] (initElements) -> Name set to field: 
13:34:56,290 INFO  [BrowserSelenium] (initElements) -> CSS set to field: 
13:34:56,290 INFO  [BrowserSelenium] (initElements) -> XPath set to field: 
13:34:56,290 INFO  [BrowserSelenium] (initElements) -> ID set to field: 
13:34:56,290 INFO  [BrowserSelenium] (initElements) -> Name set to field: 
13:34:56,290 INFO  [BrowserSelenium] (initElements) -> CSS set to field: 
13:34:56,290 INFO  [BrowserSelenium] (initElements) -> XPath set to field: //a[contains(text(),'Company')]
13:34:56,290 INFO  [BrowserSelenium] (initElements) -> ID set to field: 
13:34:56,290 INFO  [BrowserSelenium] (initElements) -> Name set to field: 
13:34:56,290 INFO  [BrowserSelenium] (initElements) -> CSS set to field: 
13:34:56,290 INFO  [BrowserSelenium] (initElements) -> XPath set to field: //div[@class='table-box']//tr//td//a
13:34:56,290 INFO  [BrowserSelenium] (initElements) -> ID set to field: metaField.name
13:34:56,290 INFO  [BrowserSelenium] (initElements) -> Name set to field: 
13:34:56,290 INFO  [BrowserSelenium] (initElements) -> CSS set to field: 
13:34:56,290 INFO  [BrowserSelenium] (initElements) -> XPath set to field: 
13:34:56,290 INFO  [BrowserSelenium] (initElements) -> ID set to field: metaField.dataType
13:34:56,290 INFO  [BrowserSelenium] (initElements) -> Name set to field: 
13:34:56,290 INFO  [BrowserSelenium] (initElements) -> CSS set to field: 
13:34:56,290 INFO  [BrowserSelenium] (initElements) -> XPath set to field: 
13:34:56,290 INFO  [BrowserSelenium] (initElements) -> ID set to field: mandatoryCheck
13:34:56,290 INFO  [BrowserSelenium] (initElements) -> Name set to field: 
13:34:56,290 INFO  [BrowserSelenium] (initElements) -> CSS set to field: 
13:34:56,290 INFO  [BrowserSelenium] (initElements) -> XPath set to field: 
13:34:56,290 INFO  [BrowserSelenium] (initElements) -> ID set to field: disableCheck
13:34:56,290 INFO  [BrowserSelenium] (initElements) -> Name set to field: 
13:34:56,290 INFO  [BrowserSelenium] (initElements) -> CSS set to field: 
13:34:56,290 INFO  [BrowserSelenium] (initElements) -> XPath set to field: 
13:34:56,290 INFO  [BrowserSelenium] (initElements) -> ID set to field: defaultValue
13:34:56,290 INFO  [BrowserSelenium] (initElements) -> Name set to field: 
13:34:56,290 INFO  [BrowserSelenium] (initElements) -> CSS set to field: 
13:34:56,300 INFO  [BrowserSelenium] (initElements) -> XPath set to field: 
13:34:56,300 INFO  [BrowserSelenium] (initElements) -> ID set to field: metaField.validationRule.ruleType
13:34:56,300 INFO  [BrowserSelenium] (initElements) -> Name set to field: 
13:34:56,300 INFO  [BrowserSelenium] (initElements) -> CSS set to field: 
13:34:56,300 INFO  [BrowserSelenium] (initElements) -> XPath set to field: 
13:34:56,300 INFO  [BrowserSelenium] (initElements) -> ID set to field: 
13:34:56,300 INFO  [BrowserSelenium] (initElements) -> Name set to field: 
13:34:56,300 INFO  [BrowserSelenium] (initElements) -> CSS set to field: 
13:34:56,300 INFO  [BrowserSelenium] (initElements) -> XPath set to field: //a[@class='submit save']/span
13:34:56,300 INFO  [BrowserSelenium] (initElements) -> ID set to field: 
13:34:56,300 INFO  [BrowserSelenium] (initElements) -> Name set to field: 
13:34:56,300 INFO  [BrowserSelenium] (initElements) -> CSS set to field: 
13:34:56,300 INFO  [BrowserSelenium] (initElements) -> XPath set to field: //a[@class='submit cancel']/span
13:34:56,300 INFO  [BrowserSelenium] (initElements) -> ID set to field: 
13:34:56,300 INFO  [BrowserSelenium] (initElements) -> Name set to field: 
13:34:56,300 INFO  [BrowserSelenium] (initElements) -> CSS set to field: 
13:34:56,300 INFO  [BrowserSelenium] (initElements) -> XPath set to field: //input[@id='helpCheck'] 
13:34:56,300 INFO  [BrowserSelenium] (initElements) -> ID set to field: 
13:34:56,300 INFO  [BrowserSelenium] (initElements) -> Name set to field: 
13:34:56,300 INFO  [BrowserSelenium] (initElements) -> CSS set to field: 
13:34:56,300 INFO  [BrowserSelenium] (initElements) -> XPath set to field: //table[@id='roles']//tbody//tr
13:34:56,300 INFO  [BrowserSelenium] (initElements) -> ID set to field: 
13:34:56,300 INFO  [BrowserSelenium] (initElements) -> Name set to field: 
13:34:56,300 INFO  [BrowserSelenium] (initElements) -> CSS set to field: 
13:34:56,300 INFO  [BrowserSelenium] (initElements) -> XPath set to field: //select[@id='vis-cols-multi-sel-group-left']//option
13:34:56,300 INFO  [BrowserSelenium] (initElements) -> ID set to field: 
13:34:56,300 INFO  [BrowserSelenium] (initElements) -> Name set to field: 
13:34:56,300 INFO  [BrowserSelenium] (initElements) -> CSS set to field: 
13:34:56,300 INFO  [BrowserSelenium] (initElements) -> XPath set to field: //a[@id='vis-cols-multi-sel-to-right']/span
13:34:56,300 INFO  [BrowserSelenium] (initElements) -> ID set to field: 
13:34:56,300 INFO  [BrowserSelenium] (initElements) -> Name set to field: 
13:34:56,300 INFO  [BrowserSelenium] (initElements) -> CSS set to field: 
13:34:56,300 INFO  [BrowserSelenium] (initElements) -> XPath set to field: //input[@id='name']
13:34:56,300 INFO  [BrowserSelenium] (initElements) -> ID set to field: 
13:34:56,300 INFO  [BrowserSelenium] (initElements) -> Name set to field: 
13:34:56,300 INFO  [BrowserSelenium] (initElements) -> CSS set to field: 
13:34:56,300 INFO  [BrowserSelenium] (initElements) -> XPath set to field: //table[@id='payments']
13:34:56,300 INFO  [BrowserSelenium] (initElements) -> ID set to field: 
13:34:56,300 INFO  [BrowserSelenium] (initElements) -> Name set to field: 
13:34:56,300 INFO  [BrowserSelenium] (initElements) -> CSS set to field: 
13:34:56,300 INFO  [BrowserSelenium] (initElements) -> XPath set to field: //div[text()='Should use JQGrid for tables']/..
13:34:56,300 INFO  [BrowserSelenium] (initElements) -> ID set to field: 
13:34:56,300 INFO  [BrowserSelenium] (initElements) -> Name set to field: 
13:34:56,300 INFO  [BrowserSelenium] (initElements) -> CSS set to field: 
13:34:56,300 INFO  [BrowserSelenium] (initElements) -> XPath set to field: //table[@class='jqTable ui-jqgrid-btable']//tbody//tr/td/div
13:34:56,300 INFO  [BrowserSelenium] (initElements) -> ID set to field: 
13:34:56,300 INFO  [BrowserSelenium] (initElements) -> Name set to field: 
13:34:56,300 INFO  [BrowserSelenium] (initElements) -> CSS set to field: 
13:34:56,300 INFO  [BrowserSelenium] (initElements) -> XPath set to field: //select[contains(@id,'paymentMethodTypeId')]
13:34:56,300 INFO  [BrowserSelenium] (initElements) -> ID set to field: disableCheck
13:34:56,300 INFO  [BrowserSelenium] (initElements) -> Name set to field: 
13:34:56,300 INFO  [BrowserSelenium] (initElements) -> CSS set to field: 
13:34:56,300 INFO  [BrowserSelenium] (initElements) -> XPath set to field: 
13:34:56,300 INFO  [BrowserSelenium] (initElements) -> ID set to field: 
13:34:56,300 INFO  [BrowserSelenium] (initElements) -> Name set to field: 
13:34:56,300 INFO  [BrowserSelenium] (initElements) -> CSS set to field: 
13:34:56,300 INFO  [BrowserSelenium] (initElements) -> XPath set to field: //select[contains(@id,'dataType')]
13:34:56,300 INFO  [BrowserSelenium] (initElements) -> ID set to field: 
13:34:56,300 INFO  [BrowserSelenium] (initElements) -> Name set to field: 
13:34:56,300 INFO  [BrowserSelenium] (initElements) -> CSS set to field: 
13:34:56,300 INFO  [BrowserSelenium] (initElements) -> XPath set to field: //div[@id='left-column']//li[21]
13:34:56,300 INFO  [BrowserSelenium] (initElements) -> ID set to field: 
13:34:56,300 INFO  [BrowserSelenium] (initElements) -> Name set to field: 
13:34:56,300 INFO  [BrowserSelenium] (initElements) -> CSS set to field: 
13:34:56,300 INFO  [BrowserSelenium] (initElements) -> XPath set to field: //div[@class='lang_description_1']//input[@id='obj_0_description_1']
13:34:56,300 INFO  [BrowserSelenium] (initElements) -> ID set to field: 
13:34:56,300 INFO  [BrowserSelenium] (initElements) -> Name set to field: 
13:34:56,300 INFO  [BrowserSelenium] (initElements) -> CSS set to field: 
13:34:56,300 INFO  [BrowserSelenium] (initElements) -> XPath set to field: //div[@class='lang_description_1']//input[@id='obj_1_description_1']
13:34:56,300 INFO  [BrowserSelenium] (initElements) -> ID set to field: 
13:34:56,300 INFO  [BrowserSelenium] (initElements) -> Name set to field: 
13:34:56,300 INFO  [BrowserSelenium] (initElements) -> CSS set to field: 
13:34:56,300 INFO  [BrowserSelenium] (initElements) -> XPath set to field: //strong[contains(text(),'Order Change Statuses')]
13:34:56,300 INFO  [BrowserSelenium] (initElements) -> ID set to field: 
13:34:56,300 INFO  [BrowserSelenium] (initElements) -> Name set to field: 
13:34:56,300 INFO  [BrowserSelenium] (initElements) -> CSS set to field: 
13:34:56,300 INFO  [BrowserSelenium] (initElements) -> XPath set to field: //*[@id='obj[1].order']
13:34:56,310 INFO  [BrowserSelenium] (initElements) -> ID set to field: 
13:34:56,310 INFO  [BrowserSelenium] (initElements) -> Name set to field: 
13:34:56,310 INFO  [BrowserSelenium] (initElements) -> CSS set to field: 
13:34:56,310 INFO  [BrowserSelenium] (initElements) -> XPath set to field: //*[@id='obj[1].applyToOrder']
13:34:56,310 INFO  [BrowserSelenium] (initElements) -> ID set to field: 
13:34:56,310 INFO  [BrowserSelenium] (initElements) -> Name set to field: 
13:34:56,310 INFO  [BrowserSelenium] (initElements) -> CSS set to field: 
13:34:56,310 INFO  [BrowserSelenium] (initElements) -> XPath set to field: //*[@id='obj[0].applyToOrder']
13:34:56,310 INFO  [BrowserSelenium] (initElements) -> ID set to field: 
13:34:56,310 INFO  [BrowserSelenium] (initElements) -> Name set to field: 
13:34:56,310 INFO  [BrowserSelenium] (initElements) -> CSS set to field: 
13:34:56,310 INFO  [BrowserSelenium] (initElements) -> XPath set to field: //table[@id='invoiceTemplates']
13:34:56,310 INFO  [BrowserSelenium] (initElements) -> ID set to field: 
13:34:56,310 INFO  [BrowserSelenium] (initElements) -> Name set to field: 
13:34:56,310 INFO  [BrowserSelenium] (initElements) -> CSS set to field: 
13:34:56,310 INFO  [BrowserSelenium] (initElements) -> XPath set to field: //*[@id='17']/em
13:34:56,310 INFO  [BrowserSelenium] (initElements) -> ID set to field: 
13:34:56,310 INFO  [BrowserSelenium] (initElements) -> Name set to field: 
13:34:56,310 INFO  [BrowserSelenium] (initElements) -> CSS set to field: 
13:34:56,310 INFO  [BrowserSelenium] (initElements) -> XPath set to field: //*[@id='processingOrder']
13:34:56,310 INFO  [BrowserSelenium] (initElements) -> ID set to field: 
13:34:56,310 INFO  [BrowserSelenium] (initElements) -> Name set to field: 
13:34:56,310 INFO  [BrowserSelenium] (initElements) -> CSS set to field: 
13:34:56,310 INFO  [BrowserSelenium] (initElements) -> XPath set to field: //*[@id='typeId']
13:34:56,310 INFO  [BrowserSelenium] (initElements) -> ID set to field: 
13:34:56,310 INFO  [BrowserSelenium] (initElements) -> Name set to field: 
13:34:56,310 INFO  [BrowserSelenium] (initElements) -> CSS set to field: 
13:34:56,310 INFO  [BrowserSelenium] (initElements) -> XPath set to field: //div[@class='heading']//strong
13:34:56,310 INFO  [BrowserSelenium] (initElements) -> ID set to field: 
13:34:56,310 INFO  [BrowserSelenium] (initElements) -> Name set to field: 
13:34:56,310 INFO  [BrowserSelenium] (initElements) -> CSS set to field: 
13:34:56,310 INFO  [BrowserSelenium] (initElements) -> XPath set to field: //*[@id='orderChangeStatusesTable']/tbody/tr[2]/td[5]/a/img
13:34:56,310 INFO  [BrowserSelenium] (initElements) -> ID set to field: 
13:34:56,310 INFO  [BrowserSelenium] (initElements) -> Name set to field: 
13:34:56,310 INFO  [BrowserSelenium] (initElements) -> CSS set to field: 
13:34:56,310 INFO  [BrowserSelenium] (initElements) -> XPath set to field: //*[@id='orderChangeStatusesTable']/tbody/tr[3]/td[5]/a/img
13:34:56,310 INFO  [BrowserSelenium] (initElements) -> ID set to field: 
13:34:56,310 INFO  [BrowserSelenium] (initElements) -> Name set to field: 
13:34:56,310 INFO  [BrowserSelenium] (initElements) -> CSS set to field: 
13:34:56,310 INFO  [BrowserSelenium] (initElements) -> XPath set to field: //*[@id='column1']/div/table/thead/tr/th[2]
13:34:56,310 INFO  [BrowserSelenium] (initElements) -> ID set to field: 
13:34:56,310 INFO  [BrowserSelenium] (initElements) -> Name set to field: 
13:34:56,310 INFO  [BrowserSelenium] (initElements) -> CSS set to field: 
13:34:56,310 INFO  [BrowserSelenium] (initElements) -> XPath set to field: //*[@id='CUSTOMER']/strong
13:34:56,310 INFO  [BrowserSelenium] (initElements) -> ID set to field: 
13:34:56,310 INFO  [BrowserSelenium] (initElements) -> Name set to field: 
13:34:56,310 INFO  [BrowserSelenium] (initElements) -> CSS set to field: 
13:34:56,310 INFO  [BrowserSelenium] (initElements) -> XPath set to field: //*[@id='column1']/div[1]/table/thead/tr/th
13:34:56,310 INFO  [BrowserSelenium] (initElements) -> ID set to field: 
13:34:56,310 INFO  [BrowserSelenium] (initElements) -> Name set to field: 
13:34:56,310 INFO  [BrowserSelenium] (initElements) -> CSS set to field: 
13:34:56,310 INFO  [BrowserSelenium] (initElements) -> XPath set to field: //*[@id='metaField.name']
13:34:56,310 INFO  [BrowserSelenium] (initElements) -> ID set to field: 
13:34:56,310 INFO  [BrowserSelenium] (initElements) -> Name set to field: 
13:34:56,310 INFO  [BrowserSelenium] (initElements) -> CSS set to field: 
13:34:56,310 INFO  [BrowserSelenium] (initElements) -> XPath set to field: //*[@id='metaField.dataType']
13:34:56,310 INFO  [BrowserSelenium] (initElements) -> ID set to field: 
13:34:56,320 INFO  [BrowserSelenium] (initElements) -> Name set to field: 
13:34:56,320 INFO  [BrowserSelenium] (initElements) -> CSS set to field: 
13:34:56,320 INFO  [BrowserSelenium] (initElements) -> XPath set to field: //*[@id='mandatoryCheck']
13:34:56,320 INFO  [BrowserSelenium] (initElements) -> ID set to field: 
13:34:56,320 INFO  [BrowserSelenium] (initElements) -> Name set to field: 
13:34:56,320 INFO  [BrowserSelenium] (initElements) -> CSS set to field: 
13:34:56,320 INFO  [BrowserSelenium] (initElements) -> XPath set to field: //*[@class='table-box']//strong[contains(text(),'Salary')]
13:34:56,320 INFO  [BrowserSelenium] (initElements) -> ID set to field: 
13:34:56,320 INFO  [BrowserSelenium] (initElements) -> Name set to field: 
13:34:56,320 INFO  [BrowserSelenium] (initElements) -> CSS set to field: 
13:34:56,320 INFO  [BrowserSelenium] (initElements) -> XPath set to field: (//button[@type='button'])[3]
13:34:56,320 INFO  [BrowserSelenium] (initElements) -> ID set to field: 
13:34:56,320 INFO  [BrowserSelenium] (initElements) -> Name set to field: 
13:34:56,320 INFO  [BrowserSelenium] (initElements) -> CSS set to field: 
13:34:56,320 INFO  [BrowserSelenium] (initElements) -> XPath set to field: //a[contains(text(),'Payment Method')]
13:34:56,320 INFO  [BrowserSelenium] (initElements) -> ID set to field: 
13:34:56,320 INFO  [BrowserSelenium] (initElements) -> Name set to field: 
13:34:56,320 INFO  [BrowserSelenium] (initElements) -> CSS set to field: 
13:34:56,320 INFO  [BrowserSelenium] (initElements) -> XPath set to field: //a[contains(text(),'Account Type')]
13:34:56,320 INFO  [BrowserSelenium] (initElements) -> ID set to field: 
13:34:56,320 INFO  [BrowserSelenium] (initElements) -> Name set to field: 
13:34:56,320 INFO  [BrowserSelenium] (initElements) -> CSS set to field: 
13:34:56,320 INFO  [BrowserSelenium] (initElements) -> XPath set to field: //div[@id='left-column']/div/ul//li//a[contains(text(),'Account Type')]
13:34:56,320 INFO  [BrowserSelenium] (initElements) -> ID set to field: 
13:34:56,320 INFO  [BrowserSelenium] (initElements) -> Name set to field: 
13:34:56,320 INFO  [BrowserSelenium] (initElements) -> CSS set to field: 
13:34:56,320 INFO  [BrowserSelenium] (initElements) -> XPath set to field: //div[@id='messages']/div[@class='msg-box error']/strong
13:34:56,320 INFO  [BrowserSelenium] (initElements) -> ID set to field: 
13:34:56,320 INFO  [BrowserSelenium] (initElements) -> Name set to field: 
13:34:56,320 INFO  [BrowserSelenium] (initElements) -> CSS set to field: 
13:34:56,320 INFO  [BrowserSelenium] (initElements) -> XPath set to field: //div[@id='messages']/div[@class='msg-box error']/ul/li
13:34:56,320 INFO  [BrowserSelenium] (initElements) -> ID set to field: 
13:34:56,320 INFO  [BrowserSelenium] (initElements) -> Name set to field: 
13:34:56,320 INFO  [BrowserSelenium] (initElements) -> CSS set to field: 
13:34:56,320 INFO  [BrowserSelenium] (initElements) -> XPath set to field: //a[contains(.,'Order Statuses')]
13:34:56,320 INFO  [BrowserSelenium] (initElements) -> ID set to field: 
13:34:56,320 INFO  [BrowserSelenium] (initElements) -> Name set to field: 
13:34:56,320 INFO  [BrowserSelenium] (initElements) -> CSS set to field: 
13:34:56,320 INFO  [BrowserSelenium] (initElements) -> XPath set to field: //a[contains(.,'INVOICE')]
13:34:56,320 INFO  [BrowserSelenium] (initElements) -> ID set to field: 
13:34:56,320 INFO  [BrowserSelenium] (initElements) -> Name set to field: 
13:34:56,320 INFO  [BrowserSelenium] (initElements) -> CSS set to field: 
13:34:56,320 INFO  [BrowserSelenium] (initElements) -> XPath set to field: //a[contains(.,'FINISHED')]
13:34:56,320 INFO  [BrowserSelenium] (initElements) -> ID set to field: 
13:34:56,320 INFO  [BrowserSelenium] (initElements) -> Name set to field: 
13:34:56,320 INFO  [BrowserSelenium] (initElements) -> CSS set to field: 
13:34:56,320 INFO  [BrowserSelenium] (initElements) -> XPath set to field: //a[contains(.,'NOT_INVOICE')]
13:34:56,320 INFO  [BrowserSelenium] (initElements) -> ID set to field: 
13:34:56,320 INFO  [BrowserSelenium] (initElements) -> Name set to field: 
13:34:56,320 INFO  [BrowserSelenium] (initElements) -> CSS set to field: 
13:34:56,320 INFO  [BrowserSelenium] (initElements) -> XPath set to field: //a[contains(.,'SUSPENDED_AGEING')]
13:34:56,320 INFO  [BrowserSelenium] (initElements) -> ID set to field: 
13:34:56,330 INFO  [BrowserSelenium] (initElements) -> Name set to field: 
13:34:56,330 INFO  [BrowserSelenium] (initElements) -> CSS set to field: 
13:34:56,330 INFO  [BrowserSelenium] (initElements) -> XPath set to field: //a[contains(.,'Active')]
13:34:56,330 INFO  [BrowserSelenium] (initElements) -> ID set to field: 
13:34:56,330 INFO  [BrowserSelenium] (initElements) -> Name set to field: 
13:34:56,330 INFO  [BrowserSelenium] (initElements) -> CSS set to field: 
13:34:56,330 INFO  [BrowserSelenium] (initElements) -> XPath set to field: //a[contains(.,'Finished')]
13:34:56,330 INFO  [BrowserSelenium] (initElements) -> ID set to field: 
13:34:56,330 INFO  [BrowserSelenium] (initElements) -> Name set to field: 
13:34:56,330 INFO  [BrowserSelenium] (initElements) -> CSS set to field: 
13:34:56,330 INFO  [BrowserSelenium] (initElements) -> XPath set to field: //a[contains(.,'Suspended')]
13:34:56,330 INFO  [BrowserSelenium] (initElements) -> ID set to field: 
13:34:56,330 INFO  [BrowserSelenium] (initElements) -> Name set to field: 
13:34:56,330 INFO  [BrowserSelenium] (initElements) -> CSS set to field: 
13:34:56,330 INFO  [BrowserSelenium] (initElements) -> XPath set to field: //a[contains(.,'Suspended ageing(auto)')]
13:34:56,330 INFO  [BrowserSelenium] (initElements) -> ID set to field: 
13:34:56,330 INFO  [BrowserSelenium] (initElements) -> Name set to field: 
13:34:56,330 INFO  [BrowserSelenium] (initElements) -> CSS set to field: 
13:34:56,330 INFO  [BrowserSelenium] (initElements) -> XPath set to field: //input[@id='description']
13:34:56,330 INFO  [BrowserSelenium] (initElements) -> ID set to field: 
13:34:56,330 INFO  [BrowserSelenium] (initElements) -> Name set to field: 
13:34:56,330 INFO  [BrowserSelenium] (initElements) -> CSS set to field: 
13:34:56,330 INFO  [BrowserSelenium] (initElements) -> XPath set to field: //select[contains(@id,'orderStatusFlag')]
13:34:56,330 INFO  [BrowserSelenium] (initElements) -> ID set to field: 
13:34:56,330 INFO  [BrowserSelenium] (initElements) -> Name set to field: 
13:34:56,330 INFO  [BrowserSelenium] (initElements) -> CSS set to field: 
13:34:56,330 INFO  [BrowserSelenium] (initElements) -> XPath set to field: //div[@id='error-messages']/ul/li
13:34:56,330 INFO  [BrowserSelenium] (initElements) -> ID set to field: 
13:34:56,330 INFO  [BrowserSelenium] (initElements) -> Name set to field: 
13:34:56,330 INFO  [BrowserSelenium] (initElements) -> CSS set to field: 
13:34:56,330 INFO  [BrowserSelenium] (initElements) -> XPath set to field: //div[@id='messages']//div[@class='msg-box error'][1]/ul/li
13:34:56,330 INFO  [BrowserSelenium] (initElements) -> ID set to field: 
13:34:56,330 INFO  [BrowserSelenium] (initElements) -> Name set to field: 
13:34:56,330 INFO  [BrowserSelenium] (initElements) -> CSS set to field: 
13:34:56,330 INFO  [BrowserSelenium] (initElements) -> XPath set to field: //div[@id='error-messages']/ul/li[1]
13:34:56,330 INFO  [BrowserSelenium] (initElements) -> ID set to field: 
13:34:56,330 INFO  [BrowserSelenium] (initElements) -> Name set to field: 
13:34:56,330 INFO  [BrowserSelenium] (initElements) -> CSS set to field: 
13:34:56,330 INFO  [BrowserSelenium] (initElements) -> XPath set to field: //div[@id='error-messages']/ul/li[2]
13:34:56,330 INFO  [BrowserSelenium] (initElements) -> ID set to field: name
13:34:56,330 INFO  [BrowserSelenium] (initElements) -> Name set to field: 
13:34:56,330 INFO  [BrowserSelenium] (initElements) -> CSS set to field: 
13:34:56,330 INFO  [BrowserSelenium] (initElements) -> XPath set to field: 
13:34:56,330 INFO  [BrowserSelenium] (initElements) -> ID set to field: usagePool.names[0].content
13:34:56,330 INFO  [BrowserSelenium] (initElements) -> Name set to field: 
13:34:56,330 INFO  [BrowserSelenium] (initElements) -> CSS set to field: 
13:34:56,330 INFO  [BrowserSelenium] (initElements) -> XPath set to field: 
13:34:56,330 INFO  [BrowserSelenium] (initElements) -> ID set to field: usagePool.cyclePeriodValue
13:34:56,330 INFO  [BrowserSelenium] (initElements) -> Name set to field: 
13:34:56,330 INFO  [BrowserSelenium] (initElements) -> CSS set to field: 
13:34:56,330 INFO  [BrowserSelenium] (initElements) -> XPath set to field: 
13:34:56,330 INFO  [BrowserSelenium] (initElements) -> ID set to field: usagePool.quantity
13:34:56,330 INFO  [BrowserSelenium] (initElements) -> Name set to field: 
13:34:56,330 INFO  [BrowserSelenium] (initElements) -> CSS set to field: 
13:34:56,330 INFO  [BrowserSelenium] (initElements) -> XPath set to field: 
13:34:56,330 INFO  [BrowserSelenium] (initElements) -> ID set to field: usagePool.consumptionActions.1.percentage
13:34:56,330 INFO  [BrowserSelenium] (initElements) -> Name set to field: 
13:34:56,330 INFO  [BrowserSelenium] (initElements) -> CSS set to field: 
13:34:56,340 INFO  [BrowserSelenium] (initElements) -> XPath set to field: 
13:34:56,340 INFO  [BrowserSelenium] (initElements) -> ID set to field: usagePool.consumptionActions.2.percentage
13:34:56,340 INFO  [BrowserSelenium] (initElements) -> Name set to field: 
13:34:56,340 INFO  [BrowserSelenium] (initElements) -> CSS set to field: 
13:34:56,340 INFO  [BrowserSelenium] (initElements) -> XPath set to field: 
13:34:56,340 INFO  [BrowserSelenium] (initElements) -> ID set to field: usagePool.consumptionActions.2.productId
13:34:56,340 INFO  [BrowserSelenium] (initElements) -> Name set to field: 
13:34:56,340 INFO  [BrowserSelenium] (initElements) -> CSS set to field: 
13:34:56,340 INFO  [BrowserSelenium] (initElements) -> XPath set to field: 
13:34:56,340 INFO  [BrowserSelenium] (initElements) -> ID set to field: 
13:34:56,340 INFO  [BrowserSelenium] (initElements) -> Name set to field: 
13:34:56,340 INFO  [BrowserSelenium] (initElements) -> CSS set to field: 
13:34:56,340 INFO  [BrowserSelenium] (initElements) -> XPath set to field: //input[contains(@id,'.value')]
13:34:56,340 INFO  [BrowserSelenium] (initElements) -> ID set to field: 
13:34:56,340 INFO  [BrowserSelenium] (initElements) -> Name set to field: 
13:34:56,340 INFO  [BrowserSelenium] (initElements) -> CSS set to field: 
13:34:56,340 INFO  [BrowserSelenium] (initElements) -> XPath set to field: //label[text()='1']/..//input[contains(@id,'.value')]
13:34:56,340 INFO  [BrowserSelenium] (initElements) -> ID set to field: 
13:34:56,340 INFO  [BrowserSelenium] (initElements) -> Name set to field: 
13:34:56,340 INFO  [BrowserSelenium] (initElements) -> CSS set to field: 
13:34:56,340 INFO  [BrowserSelenium] (initElements) -> XPath set to field: //table[@id='enumerations']/tbody/tr/td//strong
13:34:56,340 INFO  [BrowserSelenium] (initElements) -> ID set to field: 
13:34:56,340 INFO  [BrowserSelenium] (initElements) -> Name set to field: 
13:34:56,340 INFO  [BrowserSelenium] (initElements) -> CSS set to field: 
13:34:56,340 INFO  [BrowserSelenium] (initElements) -> XPath set to field: //img[@alt='Add more values']
13:34:56,340 INFO  [BrowserSelenium] (initElements) -> ID set to field: 
13:34:56,340 INFO  [BrowserSelenium] (initElements) -> Name set to field: 
13:34:56,340 INFO  [BrowserSelenium] (initElements) -> CSS set to field: 
13:34:56,340 INFO  [BrowserSelenium] (initElements) -> XPath set to field: //img[@alt='remove this value']
13:34:56,340 INFO  [BrowserSelenium] (initElements) -> ID set to field: 
13:34:56,340 INFO  [BrowserSelenium] (initElements) -> Name set to field: 
13:34:56,340 INFO  [BrowserSelenium] (initElements) -> CSS set to field: 
13:34:56,340 INFO  [BrowserSelenium] (initElements) -> XPath set to field: //span[@id='mandatory-meta-field']/../following::input[1]
13:34:56,340 INFO  [BrowserSelenium] (initElements) -> ID set to field: 
13:34:56,340 INFO  [BrowserSelenium] (initElements) -> Name set to field: 
13:34:56,340 INFO  [BrowserSelenium] (initElements) -> CSS set to field: 
13:34:56,340 INFO  [BrowserSelenium] (initElements) -> XPath set to field: //label[text()='MetaField Type']/following::select[1]
13:34:56,340 INFO  [BrowserSelenium] (initElements) -> ID set to field: 
13:34:56,340 INFO  [BrowserSelenium] (initElements) -> Name set to field: 
13:34:56,340 INFO  [BrowserSelenium] (initElements) -> CSS set to field: 
13:34:56,340 INFO  [BrowserSelenium] (initElements) -> XPath set to field: //a[contains(text(),'Meta Fields')]
13:34:56,340 INFO  [BrowserSelenium] (initElements) -> ID set to field: 
13:34:56,340 INFO  [BrowserSelenium] (initElements) -> Name set to field: 
13:34:56,340 INFO  [BrowserSelenium] (initElements) -> CSS set to field: 
13:34:56,340 INFO  [BrowserSelenium] (initElements) -> XPath set to field: //div[@class='table-box']/table/tbody/tr/td/a/strong
13:34:56,340 INFO  [BrowserSelenium] (initElements) -> ID set to field: 
13:34:56,340 INFO  [BrowserSelenium] (initElements) -> Name set to field: 
13:34:56,340 INFO  [BrowserSelenium] (initElements) -> CSS set to field: 
13:34:56,340 INFO  [BrowserSelenium] (initElements) -> XPath set to field: //ul[@id='metafield-ait']/form[1]//span[text()='Not Mandatory']
13:34:56,340 INFO  [BrowserSelenium] EXIT --> (initElements)
13:34:56,340 INFO  [BrowserSelenium] ENTER --> (initElements)
13:34:56,340 INFO  [BrowserSelenium] (initElements) -> ID set to field: 
13:34:56,340 INFO  [BrowserSelenium] (initElements) -> Name set to field: 
13:34:56,340 INFO  [BrowserSelenium] (initElements) -> CSS set to field: 
13:34:56,350 INFO  [BrowserSelenium] (initElements) -> XPath set to field: //div[@class='menu-items']/ul/li
13:34:56,350 INFO  [BrowserSelenium] (initElements) -> ID set to field: 
13:34:56,350 INFO  [BrowserSelenium] (initElements) -> Name set to field: 
13:34:56,350 INFO  [BrowserSelenium] (initElements) -> CSS set to field: 
13:34:56,350 INFO  [BrowserSelenium] (initElements) -> XPath set to field: //div[@id='column1']/div[@class='table-box']/table/tbody//td/a/strong
13:34:56,350 INFO  [BrowserSelenium] (initElements) -> ID set to field: 
13:34:56,350 INFO  [BrowserSelenium] (initElements) -> Name set to field: 
13:34:56,350 INFO  [BrowserSelenium] (initElements) -> CSS set to field: 
13:34:56,350 INFO  [BrowserSelenium] (initElements) -> XPath set to field: //span[text()='Add New']
13:34:56,350 INFO  [BrowserSelenium] (initElements) -> ID set to field: 
13:34:56,350 INFO  [BrowserSelenium] (initElements) -> Name set to field: 
13:34:56,350 INFO  [BrowserSelenium] (initElements) -> CSS set to field: 
13:34:56,350 INFO  [BrowserSelenium] (initElements) -> XPath set to field: //span[text()='Save Changes']
13:34:56,350 INFO  [BrowserSelenium] (initElements) -> ID set to field: 
13:34:56,350 INFO  [BrowserSelenium] (initElements) -> Name set to field: 
13:34:56,350 INFO  [BrowserSelenium] (initElements) -> CSS set to field: 
13:34:56,350 INFO  [BrowserSelenium] (initElements) -> XPath set to field: //span[text()='Cancel']
13:34:56,350 INFO  [BrowserSelenium] (initElements) -> ID set to field: 
13:34:56,350 INFO  [BrowserSelenium] (initElements) -> Name set to field: 
13:34:56,350 INFO  [BrowserSelenium] (initElements) -> CSS set to field: 
13:34:56,350 INFO  [BrowserSelenium] (initElements) -> XPath set to field: //span[text()='Upload File']
13:34:56,350 INFO  [BrowserSelenium] (initElements) -> ID set to field: 
13:34:56,350 INFO  [BrowserSelenium] (initElements) -> Name set to field: 
13:34:56,350 INFO  [BrowserSelenium] (initElements) -> CSS set to field: 
13:34:56,350 INFO  [BrowserSelenium] (initElements) -> XPath set to field: //input[@type='file']
13:34:56,350 INFO  [BrowserSelenium] (initElements) -> ID set to field: 
13:34:56,350 INFO  [BrowserSelenium] (initElements) -> Name set to field: 
13:34:56,350 INFO  [BrowserSelenium] (initElements) -> CSS set to field: 
13:34:56,350 INFO  [BrowserSelenium] (initElements) -> XPath set to field: //span[contains(text(),'Edit')]
13:34:56,350 INFO  [BrowserSelenium] (initElements) -> ID set to field: 
13:34:56,350 INFO  [BrowserSelenium] (initElements) -> Name set to field: 
13:34:56,350 INFO  [BrowserSelenium] (initElements) -> CSS set to field: 
13:34:56,350 INFO  [BrowserSelenium] (initElements) -> XPath set to field: //a[@class='submit save']
13:34:56,350 INFO  [BrowserSelenium] (initElements) -> ID set to field: 
13:34:56,350 INFO  [BrowserSelenium] (initElements) -> Name set to field: 
13:34:56,350 INFO  [BrowserSelenium] (initElements) -> CSS set to field: 
13:34:56,350 INFO  [BrowserSelenium] (initElements) -> XPath set to field: //select[@id='typeId']
13:34:56,350 INFO  [BrowserSelenium] (initElements) -> ID set to field: 
13:34:56,350 INFO  [BrowserSelenium] (initElements) -> Name set to field: 
13:34:56,350 INFO  [BrowserSelenium] (initElements) -> CSS set to field: 
13:34:56,350 INFO  [BrowserSelenium] (initElements) -> XPath set to field: //input[@id='processingOrder']
13:34:56,350 INFO  [BrowserSelenium] (initElements) -> ID set to field: 
13:34:56,350 INFO  [BrowserSelenium] (initElements) -> Name set to field: 
13:34:56,350 INFO  [BrowserSelenium] (initElements) -> CSS set to field: 
13:34:56,350 INFO  [BrowserSelenium] (initElements) -> XPath set to field: //input[@id='name']
13:34:56,350 INFO  [BrowserSelenium] (initElements) -> ID set to field: 
13:34:56,350 INFO  [BrowserSelenium] (initElements) -> Name set to field: 
13:34:56,350 INFO  [BrowserSelenium] (initElements) -> CSS set to field: 
13:34:56,350 INFO  [BrowserSelenium] (initElements) -> XPath set to field: //input[@id='plgDynamic.1.name']
13:34:56,350 INFO  [BrowserSelenium] (initElements) -> ID set to field: 
13:34:56,350 INFO  [BrowserSelenium] (initElements) -> Name set to field: 
13:34:56,350 INFO  [BrowserSelenium] (initElements) -> CSS set to field: 
13:34:56,350 INFO  [BrowserSelenium] (initElements) -> XPath set to field: //input[@id='plgDynamic.1.value']
13:34:56,350 INFO  [BrowserSelenium] (initElements) -> ID set to field: 
13:34:56,350 INFO  [BrowserSelenium] (initElements) -> Name set to field: 
13:34:56,350 INFO  [BrowserSelenium] (initElements) -> CSS set to field: 
13:34:56,360 INFO  [BrowserSelenium] (initElements) -> XPath set to field: //img[@alt='add']
13:34:56,360 INFO  [BrowserSelenium] (initElements) -> ID set to field: 
13:34:56,360 INFO  [BrowserSelenium] (initElements) -> Name set to field: 
13:34:56,360 INFO  [BrowserSelenium] (initElements) -> CSS set to field: 
13:34:56,360 INFO  [BrowserSelenium] (initElements) -> XPath set to field: //img[@alt='remove']
13:34:56,360 INFO  [BrowserSelenium] (initElements) -> ID set to field: 
13:34:56,360 INFO  [BrowserSelenium] (initElements) -> Name set to field: 
13:34:56,360 INFO  [BrowserSelenium] (initElements) -> CSS set to field: 
13:34:56,360 INFO  [BrowserSelenium] (initElements) -> XPath set to field: //span[text()='Save Plug-in']
13:34:56,360 INFO  [BrowserSelenium] (initElements) -> ID set to field: 
13:34:56,360 INFO  [BrowserSelenium] (initElements) -> Name set to field: 
13:34:56,360 INFO  [BrowserSelenium] (initElements) -> CSS set to field: 
13:34:56,360 INFO  [BrowserSelenium] (initElements) -> XPath set to field: //input[@id='nextRunDate']
13:34:56,360 INFO  [BrowserSelenium] (initElements) -> ID set to field: 
13:34:56,360 INFO  [BrowserSelenium] (initElements) -> Name set to field: 
13:34:56,360 INFO  [BrowserSelenium] (initElements) -> CSS set to field: 
13:34:56,360 INFO  [BrowserSelenium] (initElements) -> XPath set to field: //input[@id='generateReport']
13:34:56,360 INFO  [BrowserSelenium] (initElements) -> ID set to field: 
13:34:56,360 INFO  [BrowserSelenium] (initElements) -> Name set to field: 
13:34:56,360 INFO  [BrowserSelenium] (initElements) -> CSS set to field: 
13:34:56,360 INFO  [BrowserSelenium] (initElements) -> XPath set to field: //select[@id='periodUnitId']
13:34:56,360 INFO  [BrowserSelenium] (initElements) -> ID set to field: 
13:34:56,360 INFO  [BrowserSelenium] (initElements) -> Name set to field: 
13:34:56,360 INFO  [BrowserSelenium] (initElements) -> CSS set to field: 
13:34:56,360 INFO  [BrowserSelenium] (initElements) -> XPath set to field: //select[@id='usagePool.consumptionActions.1.type']
13:34:56,360 INFO  [BrowserSelenium] (initElements) -> ID set to field: 
13:34:56,360 INFO  [BrowserSelenium] (initElements) -> Name set to field: 
13:34:56,360 INFO  [BrowserSelenium] (initElements) -> CSS set to field: 
13:34:56,360 INFO  [BrowserSelenium] (initElements) -> XPath set to field: //select[@id='usagePool.consumptionActions.1.notificationId']
13:34:56,360 INFO  [BrowserSelenium] (initElements) -> ID set to field: 
13:34:56,360 INFO  [BrowserSelenium] (initElements) -> Name set to field: 
13:34:56,360 INFO  [BrowserSelenium] (initElements) -> CSS set to field: 
13:34:56,360 INFO  [BrowserSelenium] (initElements) -> XPath set to field: //select[@id='usagePool.consumptionActions.1.mediumType']
13:34:56,360 INFO  [BrowserSelenium] (initElements) -> ID set to field: 
13:34:56,360 INFO  [BrowserSelenium] (initElements) -> Name set to field: 
13:34:56,360 INFO  [BrowserSelenium] (initElements) -> CSS set to field: 
13:34:56,360 INFO  [BrowserSelenium] (initElements) -> XPath set to field: //select[@id='usagePool.consumptionActions.2.type']
13:34:56,360 INFO  [BrowserSelenium] (initElements) -> ID set to field: 
13:34:56,360 INFO  [BrowserSelenium] (initElements) -> Name set to field: 
13:34:56,360 INFO  [BrowserSelenium] (initElements) -> CSS set to field: 
13:34:56,360 INFO  [BrowserSelenium] (initElements) -> XPath set to field: //select[@id = 'usagePool.itemTypes']
13:34:56,360 INFO  [BrowserSelenium] (initElements) -> ID set to field: 
13:34:56,360 INFO  [BrowserSelenium] (initElements) -> Name set to field: 
13:34:56,360 INFO  [BrowserSelenium] (initElements) -> CSS set to field: 
13:34:56,360 INFO  [BrowserSelenium] (initElements) -> XPath set to field: //select[@id = 'usagePool.items']
13:34:56,360 INFO  [BrowserSelenium] (initElements) -> ID set to field: 
13:34:56,360 INFO  [BrowserSelenium] (initElements) -> Name set to field: 
13:34:56,360 INFO  [BrowserSelenium] (initElements) -> CSS set to field: 
13:34:56,360 INFO  [BrowserSelenium] (initElements) -> XPath set to field: //input[@id='maximumPeriods']
13:34:56,360 INFO  [BrowserSelenium] (initElements) -> ID set to field: 
13:34:56,360 INFO  [BrowserSelenium] (initElements) -> Name set to field: 
13:34:56,360 INFO  [BrowserSelenium] (initElements) -> CSS set to field: 
13:34:56,360 INFO  [BrowserSelenium] (initElements) -> XPath set to field: //input[@id='billing.proratingType.neverProrating']
13:34:56,360 INFO  [BrowserSelenium] (initElements) -> ID set to field: 
13:34:56,360 INFO  [BrowserSelenium] (initElements) -> Name set to field: 
13:34:56,360 INFO  [BrowserSelenium] (initElements) -> CSS set to field: 
13:34:56,360 INFO  [BrowserSelenium] (initElements) -> XPath set to field: //span[text()='Run Commission Process']
13:34:56,360 INFO  [BrowserSelenium] (initElements) -> ID set to field: 
13:34:56,370 INFO  [BrowserSelenium] (initElements) -> Name set to field: 
13:34:56,370 INFO  [BrowserSelenium] (initElements) -> CSS set to field: 
13:34:56,370 INFO  [BrowserSelenium] (initElements) -> XPath set to field: //span[text()='Run Billing']
13:34:56,370 INFO  [BrowserSelenium] (initElements) -> ID set to field: 
13:34:56,370 INFO  [BrowserSelenium] (initElements) -> Name set to field: 
13:34:56,370 INFO  [BrowserSelenium] (initElements) -> CSS set to field: 
13:34:56,370 INFO  [BrowserSelenium] (initElements) -> XPath set to field: //input[@id='obj[0].statusStr']
13:34:56,370 INFO  [BrowserSelenium] (initElements) -> ID set to field: 
13:34:56,370 INFO  [BrowserSelenium] (initElements) -> Name set to field: 
13:34:56,370 INFO  [BrowserSelenium] (initElements) -> CSS set to field: 
13:34:56,370 INFO  [BrowserSelenium] (initElements) -> XPath set to field: //input[@id='obj[0].days']
13:34:56,370 INFO  [BrowserSelenium] (initElements) -> ID set to field: 
13:34:56,370 INFO  [BrowserSelenium] (initElements) -> Name set to field: 
13:34:56,370 INFO  [BrowserSelenium] (initElements) -> CSS set to field: 
13:34:56,370 INFO  [BrowserSelenium] (initElements) -> XPath set to field: //input[@id='obj[0].sendNotification']
13:34:56,370 INFO  [BrowserSelenium] (initElements) -> ID set to field: 
13:34:56,370 INFO  [BrowserSelenium] (initElements) -> Name set to field: 
13:34:56,370 INFO  [BrowserSelenium] (initElements) -> CSS set to field: 
13:34:56,370 INFO  [BrowserSelenium] (initElements) -> XPath set to field: //input[@id='obj[0].paymentRetry']
13:34:56,370 INFO  [BrowserSelenium] (initElements) -> ID set to field: 
13:34:56,370 INFO  [BrowserSelenium] (initElements) -> Name set to field: 
13:34:56,370 INFO  [BrowserSelenium] (initElements) -> CSS set to field: 
13:34:56,370 INFO  [BrowserSelenium] (initElements) -> XPath set to field: //input[@id='obj[0].suspended']
13:34:56,370 INFO  [BrowserSelenium] (initElements) -> ID set to field: 
13:34:56,370 INFO  [BrowserSelenium] (initElements) -> Name set to field: 
13:34:56,370 INFO  [BrowserSelenium] (initElements) -> CSS set to field: 
13:34:56,370 INFO  [BrowserSelenium] (initElements) -> XPath set to field: //table[@id='ageingStepTable']/tbody/tr[2]/td[1]/strong
13:34:56,370 INFO  [BrowserSelenium] (initElements) -> ID set to field: 
13:34:56,370 INFO  [BrowserSelenium] (initElements) -> Name set to field: 
13:34:56,370 INFO  [BrowserSelenium] (initElements) -> CSS set to field: 
13:34:56,370 INFO  [BrowserSelenium] (initElements) -> XPath set to field: //input[@id='obj[1].statusStr']
13:34:56,370 INFO  [BrowserSelenium] (initElements) -> ID set to field: 
13:34:56,370 INFO  [BrowserSelenium] (initElements) -> Name set to field: 
13:34:56,370 INFO  [BrowserSelenium] (initElements) -> CSS set to field: 
13:34:56,370 INFO  [BrowserSelenium] (initElements) -> XPath set to field: //input[@id='obj[1].days']
13:34:56,370 INFO  [BrowserSelenium] (initElements) -> ID set to field: 
13:34:56,370 INFO  [BrowserSelenium] (initElements) -> Name set to field: 
13:34:56,370 INFO  [BrowserSelenium] (initElements) -> CSS set to field: 
13:34:56,370 INFO  [BrowserSelenium] (initElements) -> XPath set to field: //input[@id='obj[1].sendNotification']
13:34:56,370 INFO  [BrowserSelenium] (initElements) -> ID set to field: 
13:34:56,370 INFO  [BrowserSelenium] (initElements) -> Name set to field: 
13:34:56,370 INFO  [BrowserSelenium] (initElements) -> CSS set to field: 
13:34:56,370 INFO  [BrowserSelenium] (initElements) -> XPath set to field: //input[@id='obj[1].paymentRetry']
13:34:56,370 INFO  [BrowserSelenium] (initElements) -> ID set to field: 
13:34:56,370 INFO  [BrowserSelenium] (initElements) -> Name set to field: 
13:34:56,370 INFO  [BrowserSelenium] (initElements) -> CSS set to field: 
13:34:56,370 INFO  [BrowserSelenium] (initElements) -> XPath set to field: //input[@id='obj[1].suspended']
13:34:56,370 INFO  [BrowserSelenium] (initElements) -> ID set to field: 
13:34:56,370 INFO  [BrowserSelenium] (initElements) -> Name set to field: 
13:34:56,370 INFO  [BrowserSelenium] (initElements) -> CSS set to field: 
13:34:56,370 INFO  [BrowserSelenium] (initElements) -> XPath set to field: //input[@id='obj[2].statusStr']
13:34:56,370 INFO  [BrowserSelenium] (initElements) -> ID set to field: 
13:34:56,370 INFO  [BrowserSelenium] (initElements) -> Name set to field: 
13:34:56,370 INFO  [BrowserSelenium] (initElements) -> CSS set to field: 
13:34:56,380 INFO  [BrowserSelenium] (initElements) -> XPath set to field: //input[@id='obj[2].days']
13:34:56,380 INFO  [BrowserSelenium] (initElements) -> ID set to field: 
13:34:56,380 INFO  [BrowserSelenium] (initElements) -> Name set to field: 
13:34:56,380 INFO  [BrowserSelenium] (initElements) -> CSS set to field: 
13:34:56,380 INFO  [BrowserSelenium] (initElements) -> XPath set to field: //input[@id='obj[2].sendNotification']
13:34:56,380 INFO  [BrowserSelenium] (initElements) -> ID set to field: 
13:34:56,380 INFO  [BrowserSelenium] (initElements) -> Name set to field: 
13:34:56,380 INFO  [BrowserSelenium] (initElements) -> CSS set to field: 
13:34:56,380 INFO  [BrowserSelenium] (initElements) -> XPath set to field: //input[@id='obj[2].sendNotification']
13:34:56,380 INFO  [BrowserSelenium] (initElements) -> ID set to field: 
13:34:56,380 INFO  [BrowserSelenium] (initElements) -> Name set to field: 
13:34:56,380 INFO  [BrowserSelenium] (initElements) -> CSS set to field: 
13:34:56,380 INFO  [BrowserSelenium] (initElements) -> XPath set to field: //input[@id='obj[2].suspended']
13:34:56,380 INFO  [BrowserSelenium] (initElements) -> ID set to field: 
13:34:56,380 INFO  [BrowserSelenium] (initElements) -> Name set to field: 
13:34:56,380 INFO  [BrowserSelenium] (initElements) -> CSS set to field: 
13:34:56,380 INFO  [BrowserSelenium] (initElements) -> XPath set to field: //input[@id='obj[3].statusStr']
13:34:56,380 INFO  [BrowserSelenium] (initElements) -> ID set to field: 
13:34:56,380 INFO  [BrowserSelenium] (initElements) -> Name set to field: 
13:34:56,380 INFO  [BrowserSelenium] (initElements) -> CSS set to field: 
13:34:56,380 INFO  [BrowserSelenium] (initElements) -> XPath set to field: //input[@id='obj[3].days']
13:34:56,380 INFO  [BrowserSelenium] (initElements) -> ID set to field: 
13:34:56,380 INFO  [BrowserSelenium] (initElements) -> Name set to field: 
13:34:56,380 INFO  [BrowserSelenium] (initElements) -> CSS set to field: 
13:34:56,380 INFO  [BrowserSelenium] (initElements) -> XPath set to field: //input[@id='obj[3].sendNotification']
13:34:56,380 INFO  [BrowserSelenium] (initElements) -> ID set to field: 
13:34:56,380 INFO  [BrowserSelenium] (initElements) -> Name set to field: 
13:34:56,380 INFO  [BrowserSelenium] (initElements) -> CSS set to field: 
13:34:56,380 INFO  [BrowserSelenium] (initElements) -> XPath set to field: //input[@id='obj[3].paymentRetry']
13:34:56,380 INFO  [BrowserSelenium] (initElements) -> ID set to field: 
13:34:56,380 INFO  [BrowserSelenium] (initElements) -> Name set to field: 
13:34:56,380 INFO  [BrowserSelenium] (initElements) -> CSS set to field: 
13:34:56,380 INFO  [BrowserSelenium] (initElements) -> XPath set to field: //input[@name='obj[1].description_1']
13:34:56,380 INFO  [BrowserSelenium] (initElements) -> ID set to field: 
13:34:56,380 INFO  [BrowserSelenium] (initElements) -> Name set to field: 
13:34:56,380 INFO  [BrowserSelenium] (initElements) -> CSS set to field: 
13:34:56,380 INFO  [BrowserSelenium] (initElements) -> XPath set to field: //input[@name='obj[2].description_1']
13:34:56,380 INFO  [BrowserSelenium] (initElements) -> ID set to field: 
13:34:56,380 INFO  [BrowserSelenium] (initElements) -> Name set to field: 
13:34:56,380 INFO  [BrowserSelenium] (initElements) -> CSS set to field: 
13:34:56,380 INFO  [BrowserSelenium] (initElements) -> XPath set to field: //input[@name='obj[3].description_1']
13:34:56,380 INFO  [BrowserSelenium] (initElements) -> ID set to field: 
13:34:56,380 INFO  [BrowserSelenium] (initElements) -> Name set to field: 
13:34:56,380 INFO  [BrowserSelenium] (initElements) -> CSS set to field: 
13:34:56,380 INFO  [BrowserSelenium] (initElements) -> XPath set to field: //input[@id='obj[3].suspended']
13:34:56,380 INFO  [BrowserSelenium] (initElements) -> ID set to field: 
13:34:56,380 INFO  [BrowserSelenium] (initElements) -> Name set to field: 
13:34:56,380 INFO  [BrowserSelenium] (initElements) -> CSS set to field: 
13:34:56,380 INFO  [BrowserSelenium] (initElements) -> XPath set to field: //input[@id='collectionsRunDate']
13:34:56,380 INFO  [BrowserSelenium] (initElements) -> ID set to field: 
13:34:56,390 INFO  [BrowserSelenium] (initElements) -> Name set to field: 
13:34:56,390 INFO  [BrowserSelenium] (initElements) -> CSS set to field: 
13:34:56,390 INFO  [BrowserSelenium] (initElements) -> XPath set to field: //input[@id='run' and @value='Run Collections']
13:34:56,390 INFO  [BrowserSelenium] (initElements) -> ID set to field: 
13:34:56,390 INFO  [BrowserSelenium] (initElements) -> Name set to field: 
13:34:56,390 INFO  [BrowserSelenium] (initElements) -> CSS set to field: 
13:34:56,390 INFO  [BrowserSelenium] (initElements) -> XPath set to field: //span[text()='Run Collections']
13:34:56,390 INFO  [BrowserSelenium] (initElements) -> ID set to field: 
13:34:56,390 INFO  [BrowserSelenium] (initElements) -> Name set to field: 
13:34:56,390 INFO  [BrowserSelenium] (initElements) -> CSS set to field: 
13:34:56,390 INFO  [BrowserSelenium] (initElements) -> XPath set to field: //img[@alt='add']
13:34:56,390 INFO  [BrowserSelenium] (initElements) -> ID set to field: 
13:34:56,390 INFO  [BrowserSelenium] (initElements) -> Name set to field: 
13:34:56,390 INFO  [BrowserSelenium] (initElements) -> CSS set to field: 
13:34:56,390 INFO  [BrowserSelenium] (initElements) -> XPath set to field: //table[@id='users']/tbody//td/a/strong
13:34:56,390 INFO  [BrowserSelenium] (initElements) -> ID set to field: 
13:34:56,390 INFO  [BrowserSelenium] (initElements) -> Name set to field: 
13:34:56,390 INFO  [BrowserSelenium] (initElements) -> CSS set to field: 
13:34:56,390 INFO  [BrowserSelenium] (initElements) -> XPath set to field: //table[@id='usagePools']/tbody//td/a/strong
13:34:56,390 INFO  [BrowserSelenium] (initElements) -> ID set to field: 
13:34:56,390 INFO  [BrowserSelenium] (initElements) -> Name set to field: 
13:34:56,390 INFO  [BrowserSelenium] (initElements) -> CSS set to field: 
13:34:56,390 INFO  [BrowserSelenium] (initElements) -> XPath set to field: //table[@id='data_grid_column1']/tbody//td/div
13:34:56,390 INFO  [BrowserSelenium] (initElements) -> ID set to field: 
13:34:56,390 INFO  [BrowserSelenium] (initElements) -> Name set to field: 
13:34:56,390 INFO  [BrowserSelenium] (initElements) -> CSS set to field: 
13:34:56,390 INFO  [BrowserSelenium] (initElements) -> XPath set to field: //table[@id='users']
13:34:56,390 INFO  [BrowserSelenium] (initElements) -> ID set to field: 
13:34:56,390 INFO  [BrowserSelenium] (initElements) -> Name set to field: 
13:34:56,390 INFO  [BrowserSelenium] (initElements) -> CSS set to field: 
13:34:56,390 INFO  [BrowserSelenium] (initElements) -> XPath set to field: //table[@id='users']/tbody//td/a/strong
13:34:56,390 INFO  [BrowserSelenium] (initElements) -> ID set to field: 
13:34:56,390 INFO  [BrowserSelenium] (initElements) -> Name set to field: 
13:34:56,390 INFO  [BrowserSelenium] (initElements) -> CSS set to field: 
13:34:56,390 INFO  [BrowserSelenium] (initElements) -> XPath set to field: //span[text()='Permissions']
13:34:56,390 INFO  [BrowserSelenium] (initElements) -> ID set to field: 
13:34:56,390 INFO  [BrowserSelenium] (initElements) -> Name set to field: 
13:34:56,390 INFO  [BrowserSelenium] (initElements) -> CSS set to field: 
13:34:56,390 INFO  [BrowserSelenium] (initElements) -> XPath set to field: //label[contains(text(),'Edit plug-in')]/preceding-sibling::input[@type='box']
13:34:56,390 INFO  [BrowserSelenium] (initElements) -> ID set to field: 
13:34:56,390 INFO  [BrowserSelenium] (initElements) -> Name set to field: 
13:34:56,390 INFO  [BrowserSelenium] (initElements) -> CSS set to field: 
13:34:56,390 INFO  [BrowserSelenium] (initElements) -> XPath set to field: //input[@id = 'permission.1902']
13:34:56,390 INFO  [BrowserSelenium] (initElements) -> ID set to field: 
13:34:56,390 INFO  [BrowserSelenium] (initElements) -> Name set to field: 
13:34:56,390 INFO  [BrowserSelenium] (initElements) -> CSS set to field: 
13:34:56,390 INFO  [BrowserSelenium] (initElements) -> XPath set to field: //label[contains(text(),'Edit payment')]/preceding-sibling::input[@type='checkbox']
13:34:56,390 INFO  [BrowserSelenium] (initElements) -> ID set to field: 
13:34:56,390 INFO  [BrowserSelenium] (initElements) -> Name set to field: 
13:34:56,390 INFO  [BrowserSelenium] (initElements) -> CSS set to field: 
13:34:56,390 INFO  [BrowserSelenium] (initElements) -> XPath set to field: //label[contains(text(),'Delete payment')]/preceding-sibling::input[@type='checkbox']
13:34:56,390 INFO  [BrowserSelenium] (initElements) -> ID set to field: 
13:34:56,390 INFO  [BrowserSelenium] (initElements) -> Name set to field: 
13:34:56,390 INFO  [BrowserSelenium] (initElements) -> CSS set to field: 
13:34:56,390 INFO  [BrowserSelenium] (initElements) -> XPath set to field: //span[contains(text(),'Copy Company')]
13:34:56,390 INFO  [BrowserSelenium] (initElements) -> ID set to field: 
13:34:56,390 INFO  [BrowserSelenium] (initElements) -> Name set to field: 
13:34:56,390 INFO  [BrowserSelenium] (initElements) -> CSS set to field: 
13:34:56,390 INFO  [BrowserSelenium] (initElements) -> XPath set to field: //input[@id='isCompanyChild']
13:34:56,390 INFO  [BrowserSelenium] (initElements) -> ID set to field: 
13:34:56,400 INFO  [BrowserSelenium] (initElements) -> Name set to field: 
13:34:56,400 INFO  [BrowserSelenium] (initElements) -> CSS set to field: 
13:34:56,400 INFO  [BrowserSelenium] (initElements) -> XPath set to field: //input[@id='childCompany']
13:34:56,400 INFO  [BrowserSelenium] (initElements) -> ID set to field: 
13:34:56,400 INFO  [BrowserSelenium] (initElements) -> Name set to field: 
13:34:56,400 INFO  [BrowserSelenium] (initElements) -> CSS set to field: 
13:34:56,400 INFO  [BrowserSelenium] (initElements) -> XPath set to field: //button/span[text()='Yes']
13:34:56,400 INFO  [BrowserSelenium] (initElements) -> ID set to field: 
13:34:56,400 INFO  [BrowserSelenium] (initElements) -> Name set to field: 
13:34:56,400 INFO  [BrowserSelenium] (initElements) -> CSS set to field: 
13:34:56,400 INFO  [BrowserSelenium] (initElements) -> XPath set to field: //button/span[text()='No']
13:34:56,400 INFO  [BrowserSelenium] (initElements) -> ID set to field: 
13:34:56,400 INFO  [BrowserSelenium] (initElements) -> Name set to field: 
13:34:56,400 INFO  [BrowserSelenium] (initElements) -> CSS set to field: 
13:34:56,400 INFO  [BrowserSelenium] (initElements) -> XPath set to field: //strong[text()='Done']/../p
13:34:56,400 INFO  [BrowserSelenium] (initElements) -> ID set to field: 
13:34:56,400 INFO  [BrowserSelenium] (initElements) -> Name set to field: 
13:34:56,400 INFO  [BrowserSelenium] (initElements) -> CSS set to field: 
13:34:56,400 INFO  [BrowserSelenium] (initElements) -> XPath set to field: //input[@id='name']
13:34:56,400 INFO  [BrowserSelenium] (initElements) -> ID set to field: 
13:34:56,400 INFO  [BrowserSelenium] (initElements) -> Name set to field: 
13:34:56,400 INFO  [BrowserSelenium] (initElements) -> CSS set to field: 
13:34:56,400 INFO  [BrowserSelenium] (initElements) -> XPath set to field: //input[@id='orderValue']
13:34:56,400 INFO  [BrowserSelenium] (initElements) -> ID set to field: 
13:34:56,400 INFO  [BrowserSelenium] (initElements) -> Name set to field: 
13:34:56,400 INFO  [BrowserSelenium] (initElements) -> CSS set to field: 
13:34:56,400 INFO  [BrowserSelenium] (initElements) -> XPath set to field: //select[@id='mediationJobLauncher']
13:34:56,400 INFO  [BrowserSelenium] (initElements) -> ID set to field: 
13:34:56,400 INFO  [BrowserSelenium] (initElements) -> Name set to field: 
13:34:56,400 INFO  [BrowserSelenium] (initElements) -> CSS set to field: 
13:34:56,400 INFO  [BrowserSelenium] (initElements) -> XPath set to field: //input[@id='global']
13:34:56,400 INFO  [BrowserSelenium] (initElements) -> ID set to field: 
13:34:56,400 INFO  [BrowserSelenium] (initElements) -> Name set to field: 
13:34:56,400 INFO  [BrowserSelenium] (initElements) -> CSS set to field: 
13:34:56,400 INFO  [BrowserSelenium] (initElements) -> XPath set to field: //span[text()='Run Mediation']
13:34:56,400 INFO  [BrowserSelenium] (initElements) -> ID set to field: 
13:34:56,400 INFO  [BrowserSelenium] (initElements) -> Name set to field: 
13:34:56,400 INFO  [BrowserSelenium] (initElements) -> CSS set to field: 
13:34:56,400 INFO  [BrowserSelenium] (initElements) -> XPath set to field: //input[@id='description']
13:34:56,400 INFO  [BrowserSelenium] (initElements) -> ID set to field: 
13:34:56,400 INFO  [BrowserSelenium] (initElements) -> Name set to field: 
13:34:56,400 INFO  [BrowserSelenium] (initElements) -> CSS set to field: 
13:34:56,400 INFO  [BrowserSelenium] (initElements) -> XPath set to field: //select[@id='periodUnitId']
13:34:56,400 INFO  [BrowserSelenium] (initElements) -> ID set to field: 
13:34:56,400 INFO  [BrowserSelenium] (initElements) -> Name set to field: 
13:34:56,400 INFO  [BrowserSelenium] (initElements) -> CSS set to field: 
13:34:56,400 INFO  [BrowserSelenium] (initElements) -> XPath set to field: //input[@id='value']
13:34:56,400 INFO  [BrowserSelenium] (initElements) -> ID set to field: 
13:34:56,400 INFO  [BrowserSelenium] (initElements) -> Name set to field: 
13:34:56,400 INFO  [BrowserSelenium] (initElements) -> CSS set to field: 
13:34:56,400 INFO  [BrowserSelenium] (initElements) -> XPath set to field: //strong[text()='Should use JQGrid for tables']/parent::a
13:34:56,400 INFO  [BrowserSelenium] (initElements) -> ID set to field: 
13:34:56,400 INFO  [BrowserSelenium] (initElements) -> Name set to field: 
13:34:56,400 INFO  [BrowserSelenium] (initElements) -> CSS set to field: 
13:34:56,400 INFO  [BrowserSelenium] (initElements) -> XPath set to field: //div[text()='Should use JQGrid for tables']/parent::td
13:34:56,400 INFO  [BrowserSelenium] (initElements) -> ID set to field: 
13:34:56,400 INFO  [BrowserSelenium] (initElements) -> Name set to field: 
13:34:56,400 INFO  [BrowserSelenium] (initElements) -> CSS set to field: 
13:34:56,400 INFO  [BrowserSelenium] (initElements) -> XPath set to field: //strong[text()='ITG invoice notification']/parent::a
13:34:56,400 INFO  [BrowserSelenium] (initElements) -> ID set to field: 
13:34:56,400 INFO  [BrowserSelenium] (initElements) -> Name set to field: 
13:34:56,400 INFO  [BrowserSelenium] (initElements) -> CSS set to field: 
13:34:56,400 INFO  [BrowserSelenium] (initElements) -> XPath set to field: //input[@id='preference.value']
13:34:56,400 INFO  [BrowserSelenium] (initElements) -> ID set to field: 
13:34:56,410 INFO  [BrowserSelenium] (initElements) -> Name set to field: 
13:34:56,410 INFO  [BrowserSelenium] (initElements) -> CSS set to field: 
13:34:56,410 INFO  [BrowserSelenium] (initElements) -> XPath set to field: //input[@id='description']
13:34:56,410 INFO  [BrowserSelenium] (initElements) -> ID set to field: 
13:34:56,410 INFO  [BrowserSelenium] (initElements) -> Name set to field: 
13:34:56,410 INFO  [BrowserSelenium] (initElements) -> CSS set to field: 
13:34:56,410 INFO  [BrowserSelenium] (initElements) -> XPath set to field: //input[@id='mainSubscription.nextInvoiceDayOfPeriod']
13:34:56,411 INFO  [BrowserSelenium] (initElements) -> ID set to field: 
13:34:56,411 INFO  [BrowserSelenium] (initElements) -> Name set to field: 
13:34:56,411 INFO  [BrowserSelenium] (initElements) -> CSS set to field: 
13:34:56,411 INFO  [BrowserSelenium] (initElements) -> XPath set to field: //input[@id='invoiceDesign']
13:34:56,411 INFO  [BrowserSelenium] (initElements) -> ID set to field: 
13:34:56,411 INFO  [BrowserSelenium] (initElements) -> Name set to field: 
13:34:56,411 INFO  [BrowserSelenium] (initElements) -> CSS set to field: 
13:34:56,411 INFO  [BrowserSelenium] (initElements) -> XPath set to field: //table[@id='periods']
13:34:56,411 INFO  [BrowserSelenium] (initElements) -> ID set to field: 
13:34:56,412 INFO  [BrowserSelenium] (initElements) -> Name set to field: 
13:34:56,412 INFO  [BrowserSelenium] (initElements) -> CSS set to field: 
13:34:56,412 INFO  [BrowserSelenium] (initElements) -> XPath set to field: //input[@class='cb checkbox']
13:34:56,412 INFO  [BrowserSelenium] (initElements) -> ID set to field: 
13:34:56,412 INFO  [BrowserSelenium] (initElements) -> Name set to field: 
13:34:56,412 INFO  [BrowserSelenium] (initElements) -> CSS set to field: 
13:34:56,412 INFO  [BrowserSelenium] (initElements) -> XPath set to field: //table[@id='periods']/tbody//td/a/strong
13:34:56,412 INFO  [BrowserSelenium] (initElements) -> ID set to field: 
13:34:56,412 INFO  [BrowserSelenium] (initElements) -> Name set to field: 
13:34:56,412 INFO  [BrowserSelenium] (initElements) -> CSS set to field: 
13:34:56,413 INFO  [BrowserSelenium] (initElements) -> XPath set to field: //table[@id='categories']
13:34:56,413 INFO  [BrowserSelenium] (initElements) -> ID set to field: 
13:34:56,413 INFO  [BrowserSelenium] (initElements) -> Name set to field: 
13:34:56,413 INFO  [BrowserSelenium] (initElements) -> CSS set to field: 
13:34:56,413 INFO  [BrowserSelenium] (initElements) -> XPath set to field: //table[@id='periods']/tbody/tr[1]/td/a[1]/strong
13:34:56,413 INFO  [BrowserSelenium] (initElements) -> ID set to field: 
13:34:56,413 INFO  [BrowserSelenium] (initElements) -> Name set to field: 
13:34:56,413 INFO  [BrowserSelenium] (initElements) -> CSS set to field: 
13:34:56,413 INFO  [BrowserSelenium] (initElements) -> XPath set to field: //span[text()='Add Information Type']
13:34:56,414 INFO  [BrowserSelenium] (initElements) -> ID set to field: 
13:34:56,414 INFO  [BrowserSelenium] (initElements) -> Name set to field: 
13:34:56,414 INFO  [BrowserSelenium] (initElements) -> CSS set to field: 
13:34:56,414 INFO  [BrowserSelenium] (initElements) -> XPath set to field: //input[@id='name']
13:34:56,414 INFO  [BrowserSelenium] (initElements) -> ID set to field: 
13:34:56,414 INFO  [BrowserSelenium] (initElements) -> Name set to field: 
13:34:56,414 INFO  [BrowserSelenium] (initElements) -> CSS set to field: 
13:34:56,414 INFO  [BrowserSelenium] (initElements) -> XPath set to field: //span[text()='Add New Metafield']
13:34:56,414 INFO  [BrowserSelenium] (initElements) -> ID set to field: 
13:34:56,415 INFO  [BrowserSelenium] (initElements) -> Name set to field: 
13:34:56,415 INFO  [BrowserSelenium] (initElements) -> CSS set to field: 
13:34:56,415 INFO  [BrowserSelenium] (initElements) -> XPath set to field: //span[text()='-']/parent::li
13:34:56,415 INFO  [BrowserSelenium] (initElements) -> ID set to field: 
13:34:56,415 INFO  [BrowserSelenium] (initElements) -> Name set to field: 
13:34:56,415 INFO  [BrowserSelenium] (initElements) -> CSS set to field: 
13:34:56,415 INFO  [BrowserSelenium] (initElements) -> XPath set to field: //span[text()='-']
13:34:56,415 INFO  [BrowserSelenium] (initElements) -> ID set to field: 
13:34:56,415 INFO  [BrowserSelenium] (initElements) -> Name set to field: 
13:34:56,416 INFO  [BrowserSelenium] (initElements) -> CSS set to field: 
13:34:56,416 INFO  [BrowserSelenium] (initElements) -> XPath set to field: //input[@id='metaField0.name']
13:34:56,416 INFO  [BrowserSelenium] (initElements) -> ID set to field: 
13:34:56,416 INFO  [BrowserSelenium] (initElements) -> Name set to field: 
13:34:56,416 INFO  [BrowserSelenium] (initElements) -> CSS set to field: 
13:34:56,416 INFO  [BrowserSelenium] (initElements) -> XPath set to field: //select[@id='fieldType0']
13:34:56,416 INFO  [BrowserSelenium] (initElements) -> ID set to field: 
13:34:56,416 INFO  [BrowserSelenium] (initElements) -> Name set to field: 
13:34:56,416 INFO  [BrowserSelenium] (initElements) -> CSS set to field: 
13:34:56,417 INFO  [BrowserSelenium] (initElements) -> XPath set to field: //li[contains(@class,'active')]/following::li//a/span[contains(text(),'Update')]
13:34:56,417 INFO  [BrowserSelenium] (initElements) -> ID set to field: 
13:34:56,417 INFO  [BrowserSelenium] (initElements) -> Name set to field: 
13:34:56,417 INFO  [BrowserSelenium] (initElements) -> CSS set to field: 
13:34:56,417 INFO  [BrowserSelenium] (initElements) -> XPath set to field: //li[contains(@class,'active')]/following::li//a/span[contains(text(),'Remove')]
13:34:56,417 INFO  [BrowserSelenium] (initElements) -> ID set to field: 
13:34:56,417 INFO  [BrowserSelenium] (initElements) -> Name set to field: 
13:34:56,417 INFO  [BrowserSelenium] (initElements) -> CSS set to field: 
13:34:56,417 INFO  [BrowserSelenium] (initElements) -> XPath set to field: //div[@id='review-box']//span[text()='Save Changes']
13:34:56,418 INFO  [BrowserSelenium] (initElements) -> ID set to field: 
13:34:56,418 INFO  [BrowserSelenium] (initElements) -> Name set to field: 
13:34:56,418 INFO  [BrowserSelenium] (initElements) -> CSS set to field: 
13:34:56,418 INFO  [BrowserSelenium] (initElements) -> XPath set to field: //span[text()='Prices']
13:34:56,418 INFO  [BrowserSelenium] (initElements) -> ID set to field: 
13:34:56,418 INFO  [BrowserSelenium] (initElements) -> Name set to field: 
13:34:56,418 INFO  [BrowserSelenium] (initElements) -> CSS set to field: 
13:34:56,418 INFO  [BrowserSelenium] (initElements) -> XPath set to field: //select[@id='typeId']
13:34:56,418 INFO  [BrowserSelenium] (initElements) -> ID set to field: 
13:34:56,419 INFO  [BrowserSelenium] (initElements) -> Name set to field: 
13:34:56,419 INFO  [BrowserSelenium] (initElements) -> CSS set to field: 
13:34:56,419 INFO  [BrowserSelenium] (initElements) -> XPath set to field: //table[@id='products']
13:34:56,419 INFO  [BrowserSelenium] (initElements) -> ID set to field: 
13:34:56,419 INFO  [BrowserSelenium] (initElements) -> Name set to field: 
13:34:56,419 INFO  [BrowserSelenium] (initElements) -> CSS set to field: 
13:34:56,420 INFO  [BrowserSelenium] (initElements) -> XPath set to field: //table[@id='products']/tbody//td/a/strong
13:34:56,420 INFO  [BrowserSelenium] (initElements) -> ID set to field: 
13:34:56,420 INFO  [BrowserSelenium] (initElements) -> Name set to field: 
13:34:56,420 INFO  [BrowserSelenium] (initElements) -> CSS set to field: 
13:34:56,420 INFO  [BrowserSelenium] (initElements) -> XPath set to field: //span[text()='Add price']
13:34:56,420 INFO  [BrowserSelenium] (initElements) -> ID set to field: 
13:34:56,420 INFO  [BrowserSelenium] (initElements) -> Name set to field: 
13:34:56,421 INFO  [BrowserSelenium] (initElements) -> CSS set to field: 
13:34:56,421 INFO  [BrowserSelenium] (initElements) -> XPath set to field: //input[@id = 'model.0.rateAsDecimal']
13:34:56,421 INFO  [BrowserSelenium] (initElements) -> ID set to field: 
13:34:56,421 INFO  [BrowserSelenium] (initElements) -> Name set to field: 
13:34:56,421 INFO  [BrowserSelenium] (initElements) -> CSS set to field: 
13:34:56,421 INFO  [BrowserSelenium] (initElements) -> XPath set to field: //img[@alt='edit']
13:34:56,421 INFO  [BrowserSelenium] (initElements) -> ID set to field: 
13:34:56,421 INFO  [BrowserSelenium] (initElements) -> Name set to field: 
13:34:56,421 INFO  [BrowserSelenium] (initElements) -> CSS set to field: 
13:34:56,422 INFO  [BrowserSelenium] (initElements) -> XPath set to field: //select[@id='templateId']
13:34:56,422 INFO  [BrowserSelenium] (initElements) -> ID set to field: 
13:34:56,422 INFO  [BrowserSelenium] (initElements) -> Name set to field: 
13:34:56,422 INFO  [BrowserSelenium] (initElements) -> CSS set to field: 
13:34:56,422 INFO  [BrowserSelenium] (initElements) -> XPath set to field: //option[text()='Payment Card']
13:34:56,422 INFO  [BrowserSelenium] (initElements) -> ID set to field: methodName
13:34:56,422 INFO  [BrowserSelenium] (initElements) -> Name set to field: 
13:34:56,423 INFO  [BrowserSelenium] (initElements) -> CSS set to field: 
13:34:56,423 INFO  [BrowserSelenium] (initElements) -> XPath set to field: 
13:34:56,423 INFO  [BrowserSelenium] (initElements) -> ID set to field: isRecurring
13:34:56,423 INFO  [BrowserSelenium] (initElements) -> Name set to field: 
13:34:56,423 INFO  [BrowserSelenium] (initElements) -> CSS set to field: 
13:34:56,423 INFO  [BrowserSelenium] (initElements) -> XPath set to field: 
13:34:56,423 INFO  [BrowserSelenium] (initElements) -> ID set to field: allAccount
13:34:56,423 INFO  [BrowserSelenium] (initElements) -> Name set to field: 
13:34:56,423 INFO  [BrowserSelenium] (initElements) -> CSS set to field: 
13:34:56,424 INFO  [BrowserSelenium] (initElements) -> XPath set to field: 
13:34:56,424 INFO  [BrowserSelenium] (initElements) -> ID set to field: 
13:34:56,424 INFO  [BrowserSelenium] (initElements) -> Name set to field: 
13:34:56,424 INFO  [BrowserSelenium] (initElements) -> CSS set to field: 
13:34:56,424 INFO  [BrowserSelenium] (initElements) -> XPath set to field: //select[@id='accountTypes']
13:34:56,424 INFO  [BrowserSelenium] (initElements) -> ID set to field: 
13:34:56,424 INFO  [BrowserSelenium] (initElements) -> Name set to field: 
13:34:56,424 INFO  [BrowserSelenium] (initElements) -> CSS set to field: 
13:34:56,424 INFO  [BrowserSelenium] (initElements) -> XPath set to field: //span[text()='cc.number']/parent::li
13:34:56,425 INFO  [BrowserSelenium] (initElements) -> ID set to field: 
13:34:56,425 INFO  [BrowserSelenium] (initElements) -> Name set to field: 
13:34:56,425 INFO  [BrowserSelenium] (initElements) -> CSS set to field: 
13:34:56,425 INFO  [BrowserSelenium] (initElements) -> XPath set to field: //span[text() = 'cc.number']
13:34:56,425 INFO  [BrowserSelenium] (initElements) -> ID set to field: 
13:34:56,425 INFO  [BrowserSelenium] (initElements) -> Name set to field: 
13:34:56,425 INFO  [BrowserSelenium] (initElements) -> CSS set to field: 
13:34:56,425 INFO  [BrowserSelenium] (initElements) -> XPath set to field: //span[text()='cc.number']/parent::li/following::li[contains(@id,'editor')]//select[contains(@id,'newDescriptionLanguage')]
13:34:56,425 INFO  [BrowserSelenium] (initElements) -> ID set to field: 
13:34:56,426 INFO  [BrowserSelenium] (initElements) -> Name set to field: 
13:34:56,426 INFO  [BrowserSelenium] (initElements) -> CSS set to field: 
13:34:56,426 INFO  [BrowserSelenium] (initElements) -> XPath set to field: //span[text()='cc.number']/parent::li/following::li[contains(@id,'editor')]//a[contains(@onclick,'addNewDescription')]/img
13:34:56,426 INFO  [BrowserSelenium] (initElements) -> ID set to field: 
13:34:56,426 INFO  [BrowserSelenium] (initElements) -> Name set to field: 
13:34:56,426 INFO  [BrowserSelenium] (initElements) -> CSS set to field: 
13:34:56,426 INFO  [BrowserSelenium] (initElements) -> XPath set to field: //span[text()='cc.number']/../..//label[text()='English Error message']/../div/input[1]
13:34:56,426 INFO  [BrowserSelenium] (initElements) -> ID set to field: 
13:34:56,426 INFO  [BrowserSelenium] (initElements) -> Name set to field: 
13:34:56,426 INFO  [BrowserSelenium] (initElements) -> CSS set to field: 
13:34:56,427 INFO  [BrowserSelenium] (initElements) -> XPath set to field: //span[text()='cc.number']/parent::li/following::li//div[contains(@id,'descriptions')]//a/img[contains(@src,'cross.png')]
13:34:56,427 INFO  [BrowserSelenium] (initElements) -> ID set to field: 
13:34:56,427 INFO  [BrowserSelenium] (initElements) -> Name set to field: 
13:34:56,427 INFO  [BrowserSelenium] (initElements) -> CSS set to field: 
13:34:56,427 INFO  [BrowserSelenium] (initElements) -> XPath set to field: //span[text()='cc.number']/parent::li/following::li[contains(@id,'editor')]//a//span[text()='Update']
13:34:56,427 INFO  [BrowserSelenium] (initElements) -> ID set to field: 
13:34:56,427 INFO  [BrowserSelenium] (initElements) -> Name set to field: 
13:34:56,427 INFO  [BrowserSelenium] (initElements) -> CSS set to field: 
13:34:56,427 INFO  [BrowserSelenium] (initElements) -> XPath set to field: //span[text()='cc.expiry.date']/parent::li
13:34:56,428 INFO  [BrowserSelenium] (initElements) -> ID set to field: 
13:34:56,428 INFO  [BrowserSelenium] (initElements) -> Name set to field: 
13:34:56,428 INFO  [BrowserSelenium] (initElements) -> CSS set to field: 
13:34:56,428 INFO  [BrowserSelenium] (initElements) -> XPath set to field: //span[text()='cc.expiry.date']/../..
13:34:56,428 INFO  [BrowserSelenium] (initElements) -> ID set to field: 
13:34:56,428 INFO  [BrowserSelenium] (initElements) -> Name set to field: 
13:34:56,428 INFO  [BrowserSelenium] (initElements) -> CSS set to field: 
13:34:56,428 INFO  [BrowserSelenium] (initElements) -> XPath set to field: //span[text()='cc.expiry.date']/parent::li/following::li[contains(@id,'editor')]//select[contains(@id,'newDescriptionLanguage')]
13:34:56,428 INFO  [BrowserSelenium] (initElements) -> ID set to field: 
13:34:56,429 INFO  [BrowserSelenium] (initElements) -> Name set to field: 
13:34:56,429 INFO  [BrowserSelenium] (initElements) -> CSS set to field: 
13:34:56,429 INFO  [BrowserSelenium] (initElements) -> XPath set to field: //span[text()='cc.expiry.date']/parent::li/following::li[contains(@id,'editor')]//a[contains(@onclick,'addNewDescription')]/img
13:34:56,429 INFO  [BrowserSelenium] (initElements) -> ID set to field: 
13:34:56,429 INFO  [BrowserSelenium] (initElements) -> Name set to field: 
13:34:56,429 INFO  [BrowserSelenium] (initElements) -> CSS set to field: 
13:34:56,429 INFO  [BrowserSelenium] (initElements) -> XPath set to field: //span[text()='cc.expiry.date']/../..//label[text()='English Error message']/../div/input[1]
13:34:56,429 INFO  [BrowserSelenium] (initElements) -> ID set to field: 
13:34:56,429 INFO  [BrowserSelenium] (initElements) -> Name set to field: 
13:34:56,430 INFO  [BrowserSelenium] (initElements) -> CSS set to field: 
13:34:56,430 INFO  [BrowserSelenium] (initElements) -> XPath set to field: //span[text()='cc.expiry.date']/parent::li/following::li//div[contains(@id,'descriptions')]//a/img[contains(@src,'cross.png')]
13:34:56,430 INFO  [BrowserSelenium] (initElements) -> ID set to field: 
13:34:56,430 INFO  [BrowserSelenium] (initElements) -> Name set to field: 
13:34:56,430 INFO  [BrowserSelenium] (initElements) -> CSS set to field: 
13:34:56,430 INFO  [BrowserSelenium] (initElements) -> XPath set to field: //span[text()='cc.expiry.date']/parent::li/following::li[contains(@id,'editor')]//a//span[text()='Update']
13:34:56,430 INFO  [BrowserSelenium] (initElements) -> ID set to field: 
13:34:56,430 INFO  [BrowserSelenium] (initElements) -> Name set to field: 
13:34:56,430 INFO  [BrowserSelenium] (initElements) -> CSS set to field: 
13:34:56,431 INFO  [BrowserSelenium] (initElements) -> XPath set to field: //div[@class = 'buttons']//a[contains(@onclick,'submit')]
13:34:56,431 INFO  [BrowserSelenium] (initElements) -> ID set to field: 
13:34:56,431 INFO  [BrowserSelenium] (initElements) -> Name set to field: 
13:34:56,431 INFO  [BrowserSelenium] (initElements) -> CSS set to field: 
13:34:56,431 INFO  [BrowserSelenium] (initElements) -> XPath set to field: //div[@id='breadcrumbs']
13:34:56,431 INFO  [BrowserSelenium] (initElements) -> ID set to field: description
13:34:56,431 INFO  [BrowserSelenium] (initElements) -> Name set to field: 
13:34:56,431 INFO  [BrowserSelenium] (initElements) -> CSS set to field: 
13:34:56,431 INFO  [BrowserSelenium] (initElements) -> XPath set to field: 
13:34:56,432 INFO  [BrowserSelenium] (initElements) -> ID set to field: address1
13:34:56,432 INFO  [BrowserSelenium] (initElements) -> Name set to field: 
13:34:56,432 INFO  [BrowserSelenium] (initElements) -> CSS set to field: 
13:34:56,432 INFO  [BrowserSelenium] (initElements) -> XPath set to field: 
13:34:56,432 INFO  [BrowserSelenium] (initElements) -> ID set to field: city
13:34:56,432 INFO  [BrowserSelenium] (initElements) -> Name set to field: 
13:34:56,432 INFO  [BrowserSelenium] (initElements) -> CSS set to field: 
13:34:56,432 INFO  [BrowserSelenium] (initElements) -> XPath set to field: 
13:34:56,432 INFO  [BrowserSelenium] (initElements) -> ID set to field: stateProvince
13:34:56,432 INFO  [BrowserSelenium] (initElements) -> Name set to field: 
13:34:56,432 INFO  [BrowserSelenium] (initElements) -> CSS set to field: 
13:34:56,432 INFO  [BrowserSelenium] (initElements) -> XPath set to field: 
13:34:56,432 INFO  [BrowserSelenium] (initElements) -> ID set to field: 
13:34:56,432 INFO  [BrowserSelenium] (initElements) -> Name set to field: 
13:34:56,432 INFO  [BrowserSelenium] (initElements) -> CSS set to field: 
13:34:56,432 INFO  [BrowserSelenium] (initElements) -> XPath set to field: //label[contains(text(),'View plugin-in')]/../input[2]
13:34:56,432 INFO  [BrowserSelenium] (initElements) -> ID set to field: 
13:34:56,432 INFO  [BrowserSelenium] (initElements) -> Name set to field: 
13:34:56,432 INFO  [BrowserSelenium] (initElements) -> CSS set to field: 
13:34:56,432 INFO  [BrowserSelenium] (initElements) -> XPath set to field: //label[contains(text(),'Edit plug-in')]/../input[2]
13:34:56,432 INFO  [BrowserSelenium] (initElements) -> ID set to field: 
13:34:56,432 INFO  [BrowserSelenium] (initElements) -> Name set to field: 
13:34:56,432 INFO  [BrowserSelenium] (initElements) -> CSS set to field: 
13:34:56,432 INFO  [BrowserSelenium] (initElements) -> XPath set to field: //label[contains(text(),'Edit role')]/../input[2]
13:34:56,432 INFO  [BrowserSelenium] (initElements) -> ID set to field: 
13:34:56,432 INFO  [BrowserSelenium] (initElements) -> Name set to field: 
13:34:56,432 INFO  [BrowserSelenium] (initElements) -> CSS set to field: 
13:34:56,432 INFO  [BrowserSelenium] (initElements) -> XPath set to field: //div[@id='error-messages']/following-sibling::div//p
13:34:56,432 INFO  [BrowserSelenium] (initElements) -> ID set to field: roles
13:34:56,432 INFO  [BrowserSelenium] (initElements) -> Name set to field: 
13:34:56,432 INFO  [BrowserSelenium] (initElements) -> CSS set to field: 
13:34:56,432 INFO  [BrowserSelenium] (initElements) -> XPath set to field: 
13:34:56,432 INFO  [BrowserSelenium] (initElements) -> ID set to field: 
13:34:56,432 INFO  [BrowserSelenium] (initElements) -> Name set to field: 
13:34:56,432 INFO  [BrowserSelenium] (initElements) -> CSS set to field: 
13:34:56,432 INFO  [BrowserSelenium] (initElements) -> XPath set to field: //label[text()='Show agent menu']/../input[2]
13:34:56,432 INFO  [BrowserSelenium] (initElements) -> ID set to field: 
13:34:56,432 INFO  [BrowserSelenium] (initElements) -> Name set to field: 
13:34:56,432 INFO  [BrowserSelenium] (initElements) -> CSS set to field: 
13:34:56,432 INFO  [BrowserSelenium] (initElements) -> XPath set to field: //label[text()='Edit agent']/../input[2]
13:34:56,432 INFO  [BrowserSelenium] (initElements) -> ID set to field: 
13:34:56,432 INFO  [BrowserSelenium] (initElements) -> Name set to field: 
13:34:56,432 INFO  [BrowserSelenium] (initElements) -> CSS set to field: 
13:34:56,432 INFO  [BrowserSelenium] (initElements) -> XPath set to field: //label[text()='View agent details']/../input[2]
13:34:56,432 INFO  [BrowserSelenium] (initElements) -> ID set to field: 
13:34:56,432 INFO  [BrowserSelenium] (initElements) -> Name set to field: 
13:34:56,432 INFO  [BrowserSelenium] (initElements) -> CSS set to field: 
13:34:56,432 INFO  [BrowserSelenium] (initElements) -> XPath set to field: //a[@class='submit delete']
13:34:56,432 INFO  [BrowserSelenium] (initElements) -> ID set to field: creditLimitAsDecimal
13:34:56,432 INFO  [BrowserSelenium] (initElements) -> Name set to field: 
13:34:56,432 INFO  [BrowserSelenium] (initElements) -> CSS set to field: 
13:34:56,432 INFO  [BrowserSelenium] (initElements) -> XPath set to field: 
13:34:56,432 INFO  [BrowserSelenium] (initElements) -> ID set to field: creditNotificationLimit1AsDecimal
13:34:56,432 INFO  [BrowserSelenium] (initElements) -> Name set to field: 
13:34:56,432 INFO  [BrowserSelenium] (initElements) -> CSS set to field: 
13:34:56,432 INFO  [BrowserSelenium] (initElements) -> XPath set to field: 
13:34:56,432 INFO  [BrowserSelenium] (initElements) -> ID set to field: creditNotificationLimit2AsDecimal
13:34:56,442 INFO  [BrowserSelenium] (initElements) -> Name set to field: 
13:34:56,442 INFO  [BrowserSelenium] (initElements) -> CSS set to field: 
13:34:56,442 INFO  [BrowserSelenium] (initElements) -> XPath set to field: 
13:34:56,442 INFO  [BrowserSelenium] (initElements) -> ID set to field: 
13:34:56,442 INFO  [BrowserSelenium] (initElements) -> Name set to field: 
13:34:56,442 INFO  [BrowserSelenium] (initElements) -> CSS set to field: 
13:34:56,442 INFO  [BrowserSelenium] (initElements) -> XPath set to field: //div[@id='messages']//ul/li
13:34:56,442 INFO  [BrowserSelenium] (initElements) -> ID set to field: payment-method-select
13:34:56,442 INFO  [BrowserSelenium] (initElements) -> Name set to field: 
13:34:56,442 INFO  [BrowserSelenium] (initElements) -> CSS set to field: 
13:34:56,442 INFO  [BrowserSelenium] (initElements) -> XPath set to field: 
13:34:56,442 INFO  [BrowserSelenium] (initElements) -> ID set to field: gs_typeId
13:34:56,442 INFO  [BrowserSelenium] (initElements) -> Name set to field: 
13:34:56,442 INFO  [BrowserSelenium] (initElements) -> CSS set to field: 
13:34:56,442 INFO  [BrowserSelenium] (initElements) -> XPath set to field: 
13:34:56,442 INFO  [BrowserSelenium] (initElements) -> ID set to field: 
13:34:56,442 INFO  [BrowserSelenium] (initElements) -> Name set to field: 
13:34:56,442 INFO  [BrowserSelenium] (initElements) -> CSS set to field: 
13:34:56,442 INFO  [BrowserSelenium] (initElements) -> XPath set to field: //option[text()='
13:34:56,442 INFO  [BrowserSelenium] (initElements) -> ID set to field: 
13:34:56,442 INFO  [BrowserSelenium] (initElements) -> Name set to field: 
13:34:56,442 INFO  [BrowserSelenium] (initElements) -> CSS set to field: 
13:34:56,442 INFO  [BrowserSelenium] (initElements) -> XPath set to field: //strong[contains(text(),'Payment gateway integration')]
13:34:56,442 INFO  [BrowserSelenium] (initElements) -> ID set to field: plg-parm-PaypalUserId
13:34:56,442 INFO  [BrowserSelenium] (initElements) -> Name set to field: 
13:34:56,442 INFO  [BrowserSelenium] (initElements) -> CSS set to field: 
13:34:56,442 INFO  [BrowserSelenium] (initElements) -> XPath set to field: 
13:34:56,442 INFO  [BrowserSelenium] (initElements) -> ID set to field: plg-parm-PaypalPassword
13:34:56,442 INFO  [BrowserSelenium] (initElements) -> Name set to field: 
13:34:56,442 INFO  [BrowserSelenium] (initElements) -> CSS set to field: 
13:34:56,442 INFO  [BrowserSelenium] (initElements) -> XPath set to field: 
13:34:56,442 INFO  [BrowserSelenium] (initElements) -> ID set to field: plg-parm-PaypalSignature
13:34:56,442 INFO  [BrowserSelenium] (initElements) -> Name set to field: 
13:34:56,442 INFO  [BrowserSelenium] (initElements) -> CSS set to field: 
13:34:56,442 INFO  [BrowserSelenium] (initElements) -> XPath set to field: 
13:34:56,442 INFO  [BrowserSelenium] (initElements) -> ID set to field: 
13:34:56,442 INFO  [BrowserSelenium] (initElements) -> Name set to field: 
13:34:56,442 INFO  [BrowserSelenium] (initElements) -> CSS set to field: 
13:34:56,442 INFO  [BrowserSelenium] (initElements) -> XPath set to field: //a[contains(text(),'Company')]
13:34:56,442 INFO  [BrowserSelenium] (initElements) -> ID set to field: 
13:34:56,442 INFO  [BrowserSelenium] (initElements) -> Name set to field: 
13:34:56,442 INFO  [BrowserSelenium] (initElements) -> CSS set to field: 
13:34:56,442 INFO  [BrowserSelenium] (initElements) -> XPath set to field: //div[@class='table-box']//tr//td//a
13:34:56,442 INFO  [BrowserSelenium] (initElements) -> ID set to field: metaField.name
13:34:56,442 INFO  [BrowserSelenium] (initElements) -> Name set to field: 
13:34:56,442 INFO  [BrowserSelenium] (initElements) -> CSS set to field: 
13:34:56,442 INFO  [BrowserSelenium] (initElements) -> XPath set to field: 
13:34:56,442 INFO  [BrowserSelenium] (initElements) -> ID set to field: metaField.dataType
13:34:56,442 INFO  [BrowserSelenium] (initElements) -> Name set to field: 
13:34:56,442 INFO  [BrowserSelenium] (initElements) -> CSS set to field: 
13:34:56,442 INFO  [BrowserSelenium] (initElements) -> XPath set to field: 
13:34:56,442 INFO  [BrowserSelenium] (initElements) -> ID set to field: mandatoryCheck
13:34:56,442 INFO  [BrowserSelenium] (initElements) -> Name set to field: 
13:34:56,442 INFO  [BrowserSelenium] (initElements) -> CSS set to field: 
13:34:56,442 INFO  [BrowserSelenium] (initElements) -> XPath set to field: 
13:34:56,442 INFO  [BrowserSelenium] (initElements) -> ID set to field: disableCheck
13:34:56,442 INFO  [BrowserSelenium] (initElements) -> Name set to field: 
13:34:56,442 INFO  [BrowserSelenium] (initElements) -> CSS set to field: 
13:34:56,442 INFO  [BrowserSelenium] (initElements) -> XPath set to field: 
13:34:56,442 INFO  [BrowserSelenium] (initElements) -> ID set to field: defaultValue
13:34:56,442 INFO  [BrowserSelenium] (initElements) -> Name set to field: 
13:34:56,452 INFO  [BrowserSelenium] (initElements) -> CSS set to field: 
13:34:56,452 INFO  [BrowserSelenium] (initElements) -> XPath set to field: 
13:34:56,452 INFO  [BrowserSelenium] (initElements) -> ID set to field: metaField.validationRule.ruleType
13:34:56,452 INFO  [BrowserSelenium] (initElements) -> Name set to field: 
13:34:56,452 INFO  [BrowserSelenium] (initElements) -> CSS set to field: 
13:34:56,452 INFO  [BrowserSelenium] (initElements) -> XPath set to field: 
13:34:56,452 INFO  [BrowserSelenium] (initElements) -> ID set to field: 
13:34:56,452 INFO  [BrowserSelenium] (initElements) -> Name set to field: 
13:34:56,452 INFO  [BrowserSelenium] (initElements) -> CSS set to field: 
13:34:56,452 INFO  [BrowserSelenium] (initElements) -> XPath set to field: //a[@class='submit save']/span
13:34:56,452 INFO  [BrowserSelenium] (initElements) -> ID set to field: 
13:34:56,452 INFO  [BrowserSelenium] (initElements) -> Name set to field: 
13:34:56,452 INFO  [BrowserSelenium] (initElements) -> CSS set to field: 
13:34:56,452 INFO  [BrowserSelenium] (initElements) -> XPath set to field: //a[@class='submit cancel']/span
13:34:56,452 INFO  [BrowserSelenium] (initElements) -> ID set to field: 
13:34:56,452 INFO  [BrowserSelenium] (initElements) -> Name set to field: 
13:34:56,452 INFO  [BrowserSelenium] (initElements) -> CSS set to field: 
13:34:56,452 INFO  [BrowserSelenium] (initElements) -> XPath set to field: //input[@id='helpCheck'] 
13:34:56,452 INFO  [BrowserSelenium] (initElements) -> ID set to field: 
13:34:56,452 INFO  [BrowserSelenium] (initElements) -> Name set to field: 
13:34:56,452 INFO  [BrowserSelenium] (initElements) -> CSS set to field: 
13:34:56,452 INFO  [BrowserSelenium] (initElements) -> XPath set to field: //table[@id='roles']//tbody//tr
13:34:56,452 INFO  [BrowserSelenium] (initElements) -> ID set to field: 
13:34:56,452 INFO  [BrowserSelenium] (initElements) -> Name set to field: 
13:34:56,452 INFO  [BrowserSelenium] (initElements) -> CSS set to field: 
13:34:56,452 INFO  [BrowserSelenium] (initElements) -> XPath set to field: //select[@id='vis-cols-multi-sel-group-left']//option
13:34:56,452 INFO  [BrowserSelenium] (initElements) -> ID set to field: 
13:34:56,452 INFO  [BrowserSelenium] (initElements) -> Name set to field: 
13:34:56,452 INFO  [BrowserSelenium] (initElements) -> CSS set to field: 
13:34:56,452 INFO  [BrowserSelenium] (initElements) -> XPath set to field: //a[@id='vis-cols-multi-sel-to-right']/span
13:34:56,452 INFO  [BrowserSelenium] (initElements) -> ID set to field: 
13:34:56,452 INFO  [BrowserSelenium] (initElements) -> Name set to field: 
13:34:56,452 INFO  [BrowserSelenium] (initElements) -> CSS set to field: 
13:34:56,452 INFO  [BrowserSelenium] (initElements) -> XPath set to field: //input[@id='name']
13:34:56,452 INFO  [BrowserSelenium] (initElements) -> ID set to field: 
13:34:56,452 INFO  [BrowserSelenium] (initElements) -> Name set to field: 
13:34:56,452 INFO  [BrowserSelenium] (initElements) -> CSS set to field: 
13:34:56,452 INFO  [BrowserSelenium] (initElements) -> XPath set to field: //table[@id='payments']
13:34:56,452 INFO  [BrowserSelenium] (initElements) -> ID set to field: 
13:34:56,452 INFO  [BrowserSelenium] (initElements) -> Name set to field: 
13:34:56,452 INFO  [BrowserSelenium] (initElements) -> CSS set to field: 
13:34:56,452 INFO  [BrowserSelenium] (initElements) -> XPath set to field: //div[text()='Should use JQGrid for tables']/..
13:34:56,452 INFO  [BrowserSelenium] (initElements) -> ID set to field: 
13:34:56,452 INFO  [BrowserSelenium] (initElements) -> Name set to field: 
13:34:56,452 INFO  [BrowserSelenium] (initElements) -> CSS set to field: 
13:34:56,452 INFO  [BrowserSelenium] (initElements) -> XPath set to field: //table[@class='jqTable ui-jqgrid-btable']//tbody//tr/td/div
13:34:56,452 INFO  [BrowserSelenium] (initElements) -> ID set to field: 
13:34:56,452 INFO  [BrowserSelenium] (initElements) -> Name set to field: 
13:34:56,452 INFO  [BrowserSelenium] (initElements) -> CSS set to field: 
13:34:56,452 INFO  [BrowserSelenium] (initElements) -> XPath set to field: //select[contains(@id,'paymentMethodTypeId')]
13:34:56,452 INFO  [BrowserSelenium] (initElements) -> ID set to field: disableCheck
13:34:56,452 INFO  [BrowserSelenium] (initElements) -> Name set to field: 
13:34:56,452 INFO  [BrowserSelenium] (initElements) -> CSS set to field: 
13:34:56,452 INFO  [BrowserSelenium] (initElements) -> XPath set to field: 
13:34:56,452 INFO  [BrowserSelenium] (initElements) -> ID set to field: 
13:34:56,452 INFO  [BrowserSelenium] (initElements) -> Name set to field: 
13:34:56,452 INFO  [BrowserSelenium] (initElements) -> CSS set to field: 
13:34:56,452 INFO  [BrowserSelenium] (initElements) -> XPath set to field: //select[contains(@id,'dataType')]
13:34:56,452 INFO  [BrowserSelenium] (initElements) -> ID set to field: 
13:34:56,452 INFO  [BrowserSelenium] (initElements) -> Name set to field: 
13:34:56,452 INFO  [BrowserSelenium] (initElements) -> CSS set to field: 
13:34:56,462 INFO  [BrowserSelenium] (initElements) -> XPath set to field: //div[@id='left-column']//li[21]
13:34:56,462 INFO  [BrowserSelenium] (initElements) -> ID set to field: 
13:34:56,462 INFO  [BrowserSelenium] (initElements) -> Name set to field: 
13:34:56,462 INFO  [BrowserSelenium] (initElements) -> CSS set to field: 
13:34:56,462 INFO  [BrowserSelenium] (initElements) -> XPath set to field: //div[@class='lang_description_1']//input[@id='obj_0_description_1']
13:34:56,462 INFO  [BrowserSelenium] (initElements) -> ID set to field: 
13:34:56,462 INFO  [BrowserSelenium] (initElements) -> Name set to field: 
13:34:56,462 INFO  [BrowserSelenium] (initElements) -> CSS set to field: 
13:34:56,462 INFO  [BrowserSelenium] (initElements) -> XPath set to field: //div[@class='lang_description_1']//input[@id='obj_1_description_1']
13:34:56,462 INFO  [BrowserSelenium] (initElements) -> ID set to field: 
13:34:56,462 INFO  [BrowserSelenium] (initElements) -> Name set to field: 
13:34:56,462 INFO  [BrowserSelenium] (initElements) -> CSS set to field: 
13:34:56,462 INFO  [BrowserSelenium] (initElements) -> XPath set to field: //strong[contains(text(),'Order Change Statuses')]
13:34:56,462 INFO  [BrowserSelenium] (initElements) -> ID set to field: 
13:34:56,462 INFO  [BrowserSelenium] (initElements) -> Name set to field: 
13:34:56,462 INFO  [BrowserSelenium] (initElements) -> CSS set to field: 
13:34:56,462 INFO  [BrowserSelenium] (initElements) -> XPath set to field: //*[@id='obj[1].order']
13:34:56,462 INFO  [BrowserSelenium] (initElements) -> ID set to field: 
13:34:56,462 INFO  [BrowserSelenium] (initElements) -> Name set to field: 
13:34:56,462 INFO  [BrowserSelenium] (initElements) -> CSS set to field: 
13:34:56,462 INFO  [BrowserSelenium] (initElements) -> XPath set to field: //*[@id='obj[1].applyToOrder']
13:34:56,462 INFO  [BrowserSelenium] (initElements) -> ID set to field: 
13:34:56,462 INFO  [BrowserSelenium] (initElements) -> Name set to field: 
13:34:56,462 INFO  [BrowserSelenium] (initElements) -> CSS set to field: 
13:34:56,462 INFO  [BrowserSelenium] (initElements) -> XPath set to field: //*[@id='obj[0].applyToOrder']
13:34:56,462 INFO  [BrowserSelenium] (initElements) -> ID set to field: 
13:34:56,462 INFO  [BrowserSelenium] (initElements) -> Name set to field: 
13:34:56,462 INFO  [BrowserSelenium] (initElements) -> CSS set to field: 
13:34:56,462 INFO  [BrowserSelenium] (initElements) -> XPath set to field: //table[@id='invoiceTemplates']
13:34:56,462 INFO  [BrowserSelenium] (initElements) -> ID set to field: 
13:34:56,462 INFO  [BrowserSelenium] (initElements) -> Name set to field: 
13:34:56,462 INFO  [BrowserSelenium] (initElements) -> CSS set to field: 
13:34:56,462 INFO  [BrowserSelenium] (initElements) -> XPath set to field: //*[@id='17']/em
13:34:56,462 INFO  [BrowserSelenium] (initElements) -> ID set to field: 
13:34:56,462 INFO  [BrowserSelenium] (initElements) -> Name set to field: 
13:34:56,462 INFO  [BrowserSelenium] (initElements) -> CSS set to field: 
13:34:56,462 INFO  [BrowserSelenium] (initElements) -> XPath set to field: //*[@id='processingOrder']
13:34:56,462 INFO  [BrowserSelenium] (initElements) -> ID set to field: 
13:34:56,462 INFO  [BrowserSelenium] (initElements) -> Name set to field: 
13:34:56,462 INFO  [BrowserSelenium] (initElements) -> CSS set to field: 
13:34:56,462 INFO  [BrowserSelenium] (initElements) -> XPath set to field: //*[@id='typeId']
13:34:56,462 INFO  [BrowserSelenium] (initElements) -> ID set to field: 
13:34:56,462 INFO  [BrowserSelenium] (initElements) -> Name set to field: 
13:34:56,462 INFO  [BrowserSelenium] (initElements) -> CSS set to field: 
13:34:56,462 INFO  [BrowserSelenium] (initElements) -> XPath set to field: //div[@class='heading']//strong
13:34:56,462 INFO  [BrowserSelenium] (initElements) -> ID set to field: 
13:34:56,462 INFO  [BrowserSelenium] (initElements) -> Name set to field: 
13:34:56,462 INFO  [BrowserSelenium] (initElements) -> CSS set to field: 
13:34:56,462 INFO  [BrowserSelenium] (initElements) -> XPath set to field: //*[@id='orderChangeStatusesTable']/tbody/tr[2]/td[5]/a/img
13:34:56,462 INFO  [BrowserSelenium] (initElements) -> ID set to field: 
13:34:56,462 INFO  [BrowserSelenium] (initElements) -> Name set to field: 
13:34:56,462 INFO  [BrowserSelenium] (initElements) -> CSS set to field: 
13:34:56,462 INFO  [BrowserSelenium] (initElements) -> XPath set to field: //*[@id='orderChangeStatusesTable']/tbody/tr[3]/td[5]/a/img
13:34:56,462 INFO  [BrowserSelenium] (initElements) -> ID set to field: 
13:34:56,462 INFO  [BrowserSelenium] (initElements) -> Name set to field: 
13:34:56,462 INFO  [BrowserSelenium] (initElements) -> CSS set to field: 
13:34:56,462 INFO  [BrowserSelenium] (initElements) -> XPath set to field: //*[@id='column1']/div/table/thead/tr/th[2]
13:34:56,462 INFO  [BrowserSelenium] (initElements) -> ID set to field: 
13:34:56,462 INFO  [BrowserSelenium] (initElements) -> Name set to field: 
13:34:56,462 INFO  [BrowserSelenium] (initElements) -> CSS set to field: 
13:34:56,462 INFO  [BrowserSelenium] (initElements) -> XPath set to field: //*[@id='CUSTOMER']/strong
13:34:56,462 INFO  [BrowserSelenium] (initElements) -> ID set to field: 
13:34:56,462 INFO  [BrowserSelenium] (initElements) -> Name set to field: 
13:34:56,472 INFO  [BrowserSelenium] (initElements) -> CSS set to field: 
13:34:56,472 INFO  [BrowserSelenium] (initElements) -> XPath set to field: //*[@id='column1']/div[1]/table/thead/tr/th
13:34:56,472 INFO  [BrowserSelenium] (initElements) -> ID set to field: 
13:34:56,472 INFO  [BrowserSelenium] (initElements) -> Name set to field: 
13:34:56,472 INFO  [BrowserSelenium] (initElements) -> CSS set to field: 
13:34:56,472 INFO  [BrowserSelenium] (initElements) -> XPath set to field: //*[@id='metaField.name']
13:34:56,472 INFO  [BrowserSelenium] (initElements) -> ID set to field: 
13:34:56,472 INFO  [BrowserSelenium] (initElements) -> Name set to field: 
13:34:56,472 INFO  [BrowserSelenium] (initElements) -> CSS set to field: 
13:34:56,472 INFO  [BrowserSelenium] (initElements) -> XPath set to field: //*[@id='metaField.dataType']
13:34:56,472 INFO  [BrowserSelenium] (initElements) -> ID set to field: 
13:34:56,472 INFO  [BrowserSelenium] (initElements) -> Name set to field: 
13:34:56,472 INFO  [BrowserSelenium] (initElements) -> CSS set to field: 
13:34:56,472 INFO  [BrowserSelenium] (initElements) -> XPath set to field: //*[@id='mandatoryCheck']
13:34:56,472 INFO  [BrowserSelenium] (initElements) -> ID set to field: 
13:34:56,472 INFO  [BrowserSelenium] (initElements) -> Name set to field: 
13:34:56,472 INFO  [BrowserSelenium] (initElements) -> CSS set to field: 
13:34:56,472 INFO  [BrowserSelenium] (initElements) -> XPath set to field: //*[@class='table-box']//strong[contains(text(),'Salary')]
13:34:56,472 INFO  [BrowserSelenium] (initElements) -> ID set to field: 
13:34:56,472 INFO  [BrowserSelenium] (initElements) -> Name set to field: 
13:34:56,472 INFO  [BrowserSelenium] (initElements) -> CSS set to field: 
13:34:56,472 INFO  [BrowserSelenium] (initElements) -> XPath set to field: (//button[@type='button'])[3]
13:34:56,472 INFO  [BrowserSelenium] (initElements) -> ID set to field: 
13:34:56,472 INFO  [BrowserSelenium] (initElements) -> Name set to field: 
13:34:56,472 INFO  [BrowserSelenium] (initElements) -> CSS set to field: 
13:34:56,472 INFO  [BrowserSelenium] (initElements) -> XPath set to field: //a[contains(text(),'Payment Method')]
13:34:56,472 INFO  [BrowserSelenium] (initElements) -> ID set to field: 
13:34:56,472 INFO  [BrowserSelenium] (initElements) -> Name set to field: 
13:34:56,472 INFO  [BrowserSelenium] (initElements) -> CSS set to field: 
13:34:56,472 INFO  [BrowserSelenium] (initElements) -> XPath set to field: //a[contains(text(),'Account Type')]
13:34:56,472 INFO  [BrowserSelenium] (initElements) -> ID set to field: 
13:34:56,472 INFO  [BrowserSelenium] (initElements) -> Name set to field: 
13:34:56,472 INFO  [BrowserSelenium] (initElements) -> CSS set to field: 
13:34:56,472 INFO  [BrowserSelenium] (initElements) -> XPath set to field: //div[@id='left-column']/div/ul//li//a[contains(text(),'Account Type')]
13:34:56,472 INFO  [BrowserSelenium] (initElements) -> ID set to field: 
13:34:56,472 INFO  [BrowserSelenium] (initElements) -> Name set to field: 
13:34:56,472 INFO  [BrowserSelenium] (initElements) -> CSS set to field: 
13:34:56,472 INFO  [BrowserSelenium] (initElements) -> XPath set to field: //div[@id='messages']/div[@class='msg-box error']/strong
13:34:56,472 INFO  [BrowserSelenium] (initElements) -> ID set to field: 
13:34:56,472 INFO  [BrowserSelenium] (initElements) -> Name set to field: 
13:34:56,472 INFO  [BrowserSelenium] (initElements) -> CSS set to field: 
13:34:56,472 INFO  [BrowserSelenium] (initElements) -> XPath set to field: //div[@id='messages']/div[@class='msg-box error']/ul/li
13:34:56,472 INFO  [BrowserSelenium] (initElements) -> ID set to field: 
13:34:56,472 INFO  [BrowserSelenium] (initElements) -> Name set to field: 
13:34:56,472 INFO  [BrowserSelenium] (initElements) -> CSS set to field: 
13:34:56,472 INFO  [BrowserSelenium] (initElements) -> XPath set to field: //a[contains(.,'Order Statuses')]
13:34:56,472 INFO  [BrowserSelenium] (initElements) -> ID set to field: 
13:34:56,472 INFO  [BrowserSelenium] (initElements) -> Name set to field: 
13:34:56,472 INFO  [BrowserSelenium] (initElements) -> CSS set to field: 
13:34:56,472 INFO  [BrowserSelenium] (initElements) -> XPath set to field: //a[contains(.,'INVOICE')]
13:34:56,472 INFO  [BrowserSelenium] (initElements) -> ID set to field: 
13:34:56,472 INFO  [BrowserSelenium] (initElements) -> Name set to field: 
13:34:56,472 INFO  [BrowserSelenium] (initElements) -> CSS set to field: 
13:34:56,472 INFO  [BrowserSelenium] (initElements) -> XPath set to field: //a[contains(.,'FINISHED')]
13:34:56,472 INFO  [BrowserSelenium] (initElements) -> ID set to field: 
13:34:56,472 INFO  [BrowserSelenium] (initElements) -> Name set to field: 
13:34:56,472 INFO  [BrowserSelenium] (initElements) -> CSS set to field: 
13:34:56,472 INFO  [BrowserSelenium] (initElements) -> XPath set to field: //a[contains(.,'NOT_INVOICE')]
13:34:56,472 INFO  [BrowserSelenium] (initElements) -> ID set to field: 
13:34:56,472 INFO  [BrowserSelenium] (initElements) -> Name set to field: 
13:34:56,472 INFO  [BrowserSelenium] (initElements) -> CSS set to field: 
13:34:56,472 INFO  [BrowserSelenium] (initElements) -> XPath set to field: //a[contains(.,'SUSPENDED_AGEING')]
13:34:56,482 INFO  [BrowserSelenium] (initElements) -> ID set to field: 
13:34:56,482 INFO  [BrowserSelenium] (initElements) -> Name set to field: 
13:34:56,482 INFO  [BrowserSelenium] (initElements) -> CSS set to field: 
13:34:56,482 INFO  [BrowserSelenium] (initElements) -> XPath set to field: //a[contains(.,'Active')]
13:34:56,482 INFO  [BrowserSelenium] (initElements) -> ID set to field: 
13:34:56,483 INFO  [BrowserSelenium] (initElements) -> Name set to field: 
13:34:56,483 INFO  [BrowserSelenium] (initElements) -> CSS set to field: 
13:34:56,483 INFO  [BrowserSelenium] (initElements) -> XPath set to field: //a[contains(.,'Finished')]
13:34:56,483 INFO  [BrowserSelenium] (initElements) -> ID set to field: 
13:34:56,483 INFO  [BrowserSelenium] (initElements) -> Name set to field: 
13:34:56,483 INFO  [BrowserSelenium] (initElements) -> CSS set to field: 
13:34:56,484 INFO  [BrowserSelenium] (initElements) -> XPath set to field: //a[contains(.,'Suspended')]
13:34:56,484 INFO  [BrowserSelenium] (initElements) -> ID set to field: 
13:34:56,484 INFO  [BrowserSelenium] (initElements) -> Name set to field: 
13:34:56,484 INFO  [BrowserSelenium] (initElements) -> CSS set to field: 
13:34:56,484 INFO  [BrowserSelenium] (initElements) -> XPath set to field: //a[contains(.,'Suspended ageing(auto)')]
13:34:56,484 INFO  [BrowserSelenium] (initElements) -> ID set to field: 
13:34:56,485 INFO  [BrowserSelenium] (initElements) -> Name set to field: 
13:34:56,485 INFO  [BrowserSelenium] (initElements) -> CSS set to field: 
13:34:56,485 INFO  [BrowserSelenium] (initElements) -> XPath set to field: //input[@id='description']
13:34:56,485 INFO  [BrowserSelenium] (initElements) -> ID set to field: 
13:34:56,485 INFO  [BrowserSelenium] (initElements) -> Name set to field: 
13:34:56,485 INFO  [BrowserSelenium] (initElements) -> CSS set to field: 
13:34:56,486 INFO  [BrowserSelenium] (initElements) -> XPath set to field: //select[contains(@id,'orderStatusFlag')]
13:34:56,486 INFO  [BrowserSelenium] (initElements) -> ID set to field: 
13:34:56,486 INFO  [BrowserSelenium] (initElements) -> Name set to field: 
13:34:56,486 INFO  [BrowserSelenium] (initElements) -> CSS set to field: 
13:34:56,486 INFO  [BrowserSelenium] (initElements) -> XPath set to field: //div[@id='error-messages']/ul/li
13:34:56,486 INFO  [BrowserSelenium] (initElements) -> ID set to field: 
13:34:56,486 INFO  [BrowserSelenium] (initElements) -> Name set to field: 
13:34:56,487 INFO  [BrowserSelenium] (initElements) -> CSS set to field: 
13:34:56,487 INFO  [BrowserSelenium] (initElements) -> XPath set to field: //div[@id='messages']//div[@class='msg-box error'][1]/ul/li
13:34:56,487 INFO  [BrowserSelenium] (initElements) -> ID set to field: 
13:34:56,487 INFO  [BrowserSelenium] (initElements) -> Name set to field: 
13:34:56,487 INFO  [BrowserSelenium] (initElements) -> CSS set to field: 
13:34:56,487 INFO  [BrowserSelenium] (initElements) -> XPath set to field: //div[@id='error-messages']/ul/li[1]
13:34:56,488 INFO  [BrowserSelenium] (initElements) -> ID set to field: 
13:34:56,488 INFO  [BrowserSelenium] (initElements) -> Name set to field: 
13:34:56,488 INFO  [BrowserSelenium] (initElements) -> CSS set to field: 
13:34:56,488 INFO  [BrowserSelenium] (initElements) -> XPath set to field: //div[@id='error-messages']/ul/li[2]
13:34:56,488 INFO  [BrowserSelenium] (initElements) -> ID set to field: name
13:34:56,488 INFO  [BrowserSelenium] (initElements) -> Name set to field: 
13:34:56,489 INFO  [BrowserSelenium] (initElements) -> CSS set to field: 
13:34:56,489 INFO  [BrowserSelenium] (initElements) -> XPath set to field: 
13:34:56,489 INFO  [BrowserSelenium] (initElements) -> ID set to field: usagePool.names[0].content
13:34:56,489 INFO  [BrowserSelenium] (initElements) -> Name set to field: 
13:34:56,489 INFO  [BrowserSelenium] (initElements) -> CSS set to field: 
13:34:56,489 INFO  [BrowserSelenium] (initElements) -> XPath set to field: 
13:34:56,490 INFO  [BrowserSelenium] (initElements) -> ID set to field: usagePool.cyclePeriodValue
13:34:56,490 INFO  [BrowserSelenium] (initElements) -> Name set to field: 
13:34:56,490 INFO  [BrowserSelenium] (initElements) -> CSS set to field: 
13:34:56,490 INFO  [BrowserSelenium] (initElements) -> XPath set to field: 
13:34:56,490 INFO  [BrowserSelenium] (initElements) -> ID set to field: usagePool.quantity
13:34:56,490 INFO  [BrowserSelenium] (initElements) -> Name set to field: 
13:34:56,491 INFO  [BrowserSelenium] (initElements) -> CSS set to field: 
13:34:56,491 INFO  [BrowserSelenium] (initElements) -> XPath set to field: 
13:34:56,491 INFO  [BrowserSelenium] (initElements) -> ID set to field: usagePool.consumptionActions.1.percentage
13:34:56,491 INFO  [BrowserSelenium] (initElements) -> Name set to field: 
13:34:56,491 INFO  [BrowserSelenium] (initElements) -> CSS set to field: 
13:34:56,491 INFO  [BrowserSelenium] (initElements) -> XPath set to field: 
13:34:56,491 INFO  [BrowserSelenium] (initElements) -> ID set to field: usagePool.consumptionActions.2.percentage
13:34:56,492 INFO  [BrowserSelenium] (initElements) -> Name set to field: 
13:34:56,492 INFO  [BrowserSelenium] (initElements) -> CSS set to field: 
13:34:56,492 INFO  [BrowserSelenium] (initElements) -> XPath set to field: 
13:34:56,492 INFO  [BrowserSelenium] (initElements) -> ID set to field: usagePool.consumptionActions.2.productId
13:34:56,492 INFO  [BrowserSelenium] (initElements) -> Name set to field: 
13:34:56,492 INFO  [BrowserSelenium] (initElements) -> CSS set to field: 
13:34:56,493 INFO  [BrowserSelenium] (initElements) -> XPath set to field: 
13:34:56,493 INFO  [BrowserSelenium] (initElements) -> ID set to field: 
13:34:56,493 INFO  [BrowserSelenium] (initElements) -> Name set to field: 
13:34:56,493 INFO  [BrowserSelenium] (initElements) -> CSS set to field: 
13:34:56,493 INFO  [BrowserSelenium] (initElements) -> XPath set to field: //input[contains(@id,'.value')]
13:34:56,493 INFO  [BrowserSelenium] (initElements) -> ID set to field: 
13:34:56,494 INFO  [BrowserSelenium] (initElements) -> Name set to field: 
13:34:56,494 INFO  [BrowserSelenium] (initElements) -> CSS set to field: 
13:34:56,494 INFO  [BrowserSelenium] (initElements) -> XPath set to field: //label[text()='1']/..//input[contains(@id,'.value')]
13:34:56,494 INFO  [BrowserSelenium] (initElements) -> ID set to field: 
13:34:56,494 INFO  [BrowserSelenium] (initElements) -> Name set to field: 
13:34:56,494 INFO  [BrowserSelenium] (initElements) -> CSS set to field: 
13:34:56,495 INFO  [BrowserSelenium] (initElements) -> XPath set to field: //table[@id='enumerations']/tbody/tr/td//strong
13:34:56,495 INFO  [BrowserSelenium] (initElements) -> ID set to field: 
13:34:56,495 INFO  [BrowserSelenium] (initElements) -> Name set to field: 
13:34:56,495 INFO  [BrowserSelenium] (initElements) -> CSS set to field: 
13:34:56,495 INFO  [BrowserSelenium] (initElements) -> XPath set to field: //img[@alt='Add more values']
13:34:56,495 INFO  [BrowserSelenium] (initElements) -> ID set to field: 
13:34:56,496 INFO  [BrowserSelenium] (initElements) -> Name set to field: 
13:34:56,496 INFO  [BrowserSelenium] (initElements) -> CSS set to field: 
13:34:56,496 INFO  [BrowserSelenium] (initElements) -> XPath set to field: //img[@alt='remove this value']
13:34:56,496 INFO  [BrowserSelenium] (initElements) -> ID set to field: 
13:34:56,496 INFO  [BrowserSelenium] (initElements) -> Name set to field: 
13:34:56,496 INFO  [BrowserSelenium] (initElements) -> CSS set to field: 
13:34:56,497 INFO  [BrowserSelenium] (initElements) -> XPath set to field: //span[@id='mandatory-meta-field']/../following::input[1]
13:34:56,497 INFO  [BrowserSelenium] (initElements) -> ID set to field: 
13:34:56,497 INFO  [BrowserSelenium] (initElements) -> Name set to field: 
13:34:56,497 INFO  [BrowserSelenium] (initElements) -> CSS set to field: 
13:34:56,497 INFO  [BrowserSelenium] (initElements) -> XPath set to field: //label[text()='MetaField Type']/following::select[1]
13:34:56,497 INFO  [BrowserSelenium] (initElements) -> ID set to field: 
13:34:56,498 INFO  [BrowserSelenium] (initElements) -> Name set to field: 
13:34:56,498 INFO  [BrowserSelenium] (initElements) -> CSS set to field: 
13:34:56,498 INFO  [BrowserSelenium] (initElements) -> XPath set to field: //a[contains(text(),'Meta Fields')]
13:34:56,498 INFO  [BrowserSelenium] (initElements) -> ID set to field: 
13:34:56,498 INFO  [BrowserSelenium] (initElements) -> Name set to field: 
13:34:56,498 INFO  [BrowserSelenium] (initElements) -> CSS set to field: 
13:34:56,498 INFO  [BrowserSelenium] (initElements) -> XPath set to field: //div[@class='table-box']/table/tbody/tr/td/a/strong
13:34:56,499 INFO  [BrowserSelenium] (initElements) -> ID set to field: 
13:34:56,499 INFO  [BrowserSelenium] (initElements) -> Name set to field: 
13:34:56,499 INFO  [BrowserSelenium] (initElements) -> CSS set to field: 
13:34:56,499 INFO  [BrowserSelenium] (initElements) -> XPath set to field: //ul[@id='metafield-ait']/form[1]//span[text()='Not Mandatory']
13:34:56,499 INFO  [BrowserSelenium] EXIT --> (initElements)
13:34:56,499 INFO  [VerifyUserAbleGetMandatoryFieldMessageForAccountType] EXIT --> (TC11_2_VerifyMandatoryFieldMessageForAccountType)
]]></system-out>
  <system-err><![CDATA[]]></system-err>
</testsuite>
