<?xml version="1.0" encoding="UTF-8"?>
<testsuite name="com.jbilling.test.VerifyUserAbleToLoginUsingValidCred" tests="2" skipped="0" failures="0" errors="0" timestamp="2016-08-04T08:28:58" hostname="Shashank-PC" time="13.862">
  <properties/>
  <testcase name="TC01_1_loginWithInvalidCredentials" classname="com.jbilling.test.VerifyUserAbleToLoginUsingValidCred" time="10.779"/>
  <testcase name="TC01_2_loginWithValidCredentials" classname="com.jbilling.test.VerifyUserAbleToLoginUsingValidCred" time="3.083"/>
  <system-out><![CDATA[13:58:58,731 INFO  [VerifyUserAbleToLoginUsingValidCred] ENTER --> (TC01_1_loginWithInvalidCredentials)
13:58:58,731 INFO  [BrowserSelenium] ENTER --> (clickLinkText)
13:58:58,731 INFO  [BrowserSelenium] ENTER --> (_waitForElement) --> Waiting for element: null
13:58:58,731 INFO  [BrowserSelenium] ENTER --> (waitForElement)
13:59:03,885 INFO  [BrowserSelenium] ENTER --> (_getByLocator)
13:59:03,885 INFO  [BrowserSelenium] (_getByLocator) -> Getting locator for null
13:59:03,885 INFO  [BrowserSelenium] (_getByLocator) -> Locator info found for XPATH attribute as: //a[@class='logout']
13:59:03,885 INFO  [BrowserSelenium] ENTER --> (_parseElementOnXpath)
13:59:03,885 INFO  [BrowserSelenium] (_parseElementOnXpath) -> //a[@class='logout'] is used
13:59:03,885 INFO  [BrowserSelenium] EXIT --> (_parseElementOnXpath)
13:59:03,885 INFO  [BrowserSelenium] EXIT --> (_getByLocator)
13:59:03,915 INFO  [BrowserSelenium] ENTER --> (_getByLocator)
13:59:03,915 INFO  [BrowserSelenium] (_getByLocator) -> Getting locator for null
13:59:03,915 INFO  [BrowserSelenium] (_getByLocator) -> Locator info found for XPATH attribute as: //a[@class='logout']
13:59:03,915 INFO  [BrowserSelenium] ENTER --> (_parseElementOnXpath)
13:59:03,915 INFO  [BrowserSelenium] (_parseElementOnXpath) -> //a[@class='logout'] is used
13:59:03,915 INFO  [BrowserSelenium] EXIT --> (_parseElementOnXpath)
13:59:03,915 INFO  [BrowserSelenium] EXIT --> (_getByLocator)
13:59:03,985 INFO  [BrowserSelenium] (waitForElement) -> element wait eligibility found: true
13:59:03,985 INFO  [BrowserSelenium] ENTER --> (_waitForJStoLoad)
13:59:04,045 INFO  [BrowserSelenium] EXIT --> (_waitForJStoLoad) --> DOM load wait done: true
13:59:04,045 INFO  [BrowserSelenium] (waitForElement) -> element wait eligibility set: true
13:59:04,045 INFO  [BrowserSelenium] EXIT --> (waitForElement)
13:59:04,045 INFO  [BrowserSelenium] EXIT --> (_waitForElement)
13:59:04,055 INFO  [BrowserSelenium] ENTER --> (_getByLocator)
13:59:04,055 INFO  [BrowserSelenium] (_getByLocator) -> Getting locator for null
13:59:04,055 INFO  [BrowserSelenium] (_getByLocator) -> Locator info found for XPATH attribute as: //a[@class='logout']
13:59:04,055 INFO  [BrowserSelenium] ENTER --> (_parseElementOnXpath)
13:59:04,055 INFO  [BrowserSelenium] (_parseElementOnXpath) -> //a[@class='logout'] is used
13:59:04,055 INFO  [BrowserSelenium] EXIT --> (_parseElementOnXpath)
13:59:04,055 INFO  [BrowserSelenium] EXIT --> (_getByLocator)
13:59:04,065 INFO  [BrowserSelenium] ENTER --> (_clickUsingJavaScript)
13:59:04,135 INFO  [BrowserSelenium] EXIT --> (_clickUsingJavaScript)
13:59:04,135 INFO  [BrowserSelenium] EXIT --> (clickLinkText)
13:59:04,135 INFO  [BrowserSelenium] ENTER --> (initElements)
13:59:04,135 INFO  [BrowserSelenium] (initElements) -> ID set to field: 
13:59:04,135 INFO  [BrowserSelenium] (initElements) -> Name set to field: 
13:59:04,135 INFO  [BrowserSelenium] (initElements) -> CSS set to field: 
13:59:04,135 INFO  [BrowserSelenium] (initElements) -> XPath set to field: //input[@id='j_username']
13:59:04,135 INFO  [BrowserSelenium] (initElements) -> ID set to field: 
13:59:04,135 INFO  [BrowserSelenium] (initElements) -> Name set to field: 
13:59:04,135 INFO  [BrowserSelenium] (initElements) -> CSS set to field: 
13:59:04,135 INFO  [BrowserSelenium] (initElements) -> XPath set to field: //input[@id='j_password']
13:59:04,135 INFO  [BrowserSelenium] (initElements) -> ID set to field: 
13:59:04,135 INFO  [BrowserSelenium] (initElements) -> Name set to field: 
13:59:04,135 INFO  [BrowserSelenium] (initElements) -> CSS set to field: 
13:59:04,135 INFO  [BrowserSelenium] (initElements) -> XPath set to field: //input[@id='j_client_id']
13:59:04,135 INFO  [BrowserSelenium] (initElements) -> ID set to field: 
13:59:04,135 INFO  [BrowserSelenium] (initElements) -> Name set to field: 
13:59:04,135 INFO  [BrowserSelenium] (initElements) -> CSS set to field: 
13:59:04,135 INFO  [BrowserSelenium] (initElements) -> XPath set to field: //input[@id='_spring_security_remember_me']
13:59:04,135 INFO  [BrowserSelenium] (initElements) -> ID set to field: 
13:59:04,135 INFO  [BrowserSelenium] (initElements) -> Name set to field: 
13:59:04,135 INFO  [BrowserSelenium] (initElements) -> CSS set to field: 
13:59:04,135 INFO  [BrowserSelenium] (initElements) -> XPath set to field: //span[text()='Login']
13:59:04,135 INFO  [BrowserSelenium] EXIT --> (initElements)
13:59:04,155 INFO  [DomParser] (<init>) -> Root element :testdata
13:59:04,155 INFO  [DomParser] ENTER --> (getTestDataSetNodesWithValues)
13:59:04,155 INFO  [DomParser] (getNodes) -> Nodes found with testdataset = 4
13:59:04,155 INFO  [DomParser] (getTestDataSetNodesList) -> Checking node [testdataset] at index 0
13:59:04,155 INFO  [DomParser] (getTestDataSetNodesList) -> develop|lab -- UserLab3 -- ul
13:59:04,155 INFO  [DomParser] (getTestDataSetNodesList) -> Checking node [testdataset] at index 1
13:59:04,155 INFO  [DomParser] (getTestDataSetNodesList) -> develop|lab -- Userlab3 -- ul
13:59:04,155 INFO  [DomParser] (getTestDataSetNodesList) -> Checking node [testdataset] at index 2
13:59:04,155 INFO  [DomParser] (getTestDataSetNodesList) -> develop|lab -- UserDevelop -- ul
13:59:04,155 INFO  [DomParser] (getTestDataSetNodesList) -> Checking node [testdataset] at index 3
13:59:04,155 INFO  [DomParser] (getTestDataSetNodesList) -> develop|lab -- InvalidCredentials -- ul
13:59:04,155 INFO  [DomParser] (getTestDataSetNodesWithValues) -> 9
13:59:04,155 INFO  [DomParser] (getTestDataSetNodesWithValues) -> text node found; skipping this node
13:59:04,155 INFO  [DomParser] (getTestDataSetNodesWithValues) -> username <<---->>  admin <<---->> 1
13:59:04,155 INFO  [DomParser] (getTestDataSetNodesWithValues) -> text node found; skipping this node
13:59:04,155 INFO  [DomParser] (getTestDataSetNodesWithValues) -> password <<---->>  invalid <<---->> 1
13:59:04,155 INFO  [DomParser] (getTestDataSetNodesWithValues) -> text node found; skipping this node
13:59:04,155 INFO  [DomParser] (getTestDataSetNodesWithValues) -> companyid <<---->>  000 <<---->> 1
13:59:04,155 INFO  [DomParser] (getTestDataSetNodesWithValues) -> text node found; skipping this node
13:59:04,155 INFO  [DomParser] (getTestDataSetNodesWithValues) -> rememberme <<---->>  true <<---->> 1
13:59:04,155 INFO  [DomParser] (getTestDataSetNodesWithValues) -> text node found; skipping this node
13:59:04,155 INFO  [DomParser] EXIT --> (getTestDataSetNodesWithValues)
13:59:04,165 INFO  [DomParser] (<init>) -> Root element :testdata
13:59:04,165 INFO  [DomParser] ENTER --> (getTestDataSetNodesWithValues)
13:59:04,165 INFO  [DomParser] (getNodes) -> Nodes found with testdataset = 4
13:59:04,165 INFO  [DomParser] (getTestDataSetNodesList) -> Checking node [testdataset] at index 0
13:59:04,165 INFO  [DomParser] (getTestDataSetNodesList) -> develop|lab -- UserLab3 -- ul
13:59:04,165 INFO  [DomParser] (getTestDataSetNodesList) -> Checking node [testdataset] at index 1
13:59:04,165 INFO  [DomParser] (getTestDataSetNodesList) -> develop|lab -- Userlab3 -- ul
13:59:04,165 INFO  [DomParser] (getTestDataSetNodesList) -> Checking node [testdataset] at index 2
13:59:04,165 INFO  [DomParser] (getTestDataSetNodesList) -> develop|lab -- UserDevelop -- ul
13:59:04,165 INFO  [DomParser] (getTestDataSetNodesList) -> Checking node [testdataset] at index 3
13:59:04,165 INFO  [DomParser] (getTestDataSetNodesList) -> develop|lab -- InvalidCredentials -- ul
13:59:04,165 INFO  [DomParser] (getTestDataSetNodesWithValues) -> 9
13:59:04,165 INFO  [DomParser] (getTestDataSetNodesWithValues) -> text node found; skipping this node
13:59:04,165 INFO  [DomParser] (getTestDataSetNodesWithValues) -> username <<---->>  admin <<---->> 1
13:59:04,165 INFO  [DomParser] (getTestDataSetNodesWithValues) -> text node found; skipping this node
13:59:04,165 INFO  [DomParser] (getTestDataSetNodesWithValues) -> password <<---->>  invalid <<---->> 1
13:59:04,165 INFO  [DomParser] (getTestDataSetNodesWithValues) -> text node found; skipping this node
13:59:04,165 INFO  [DomParser] (getTestDataSetNodesWithValues) -> companyid <<---->>  000 <<---->> 1
13:59:04,165 INFO  [DomParser] (getTestDataSetNodesWithValues) -> text node found; skipping this node
13:59:04,165 INFO  [DomParser] (getTestDataSetNodesWithValues) -> rememberme <<---->>  true <<---->> 1
13:59:04,165 INFO  [DomParser] (getTestDataSetNodesWithValues) -> text node found; skipping this node
13:59:04,165 INFO  [DomParser] EXIT --> (getTestDataSetNodesWithValues)
13:59:04,165 INFO  [DomParser] (<init>) -> Root element :testdata
13:59:04,165 INFO  [DomParser] ENTER --> (getTestDataSetNodesWithValues)
13:59:04,165 INFO  [DomParser] (getNodes) -> Nodes found with testdataset = 4
13:59:04,165 INFO  [DomParser] (getTestDataSetNodesList) -> Checking node [testdataset] at index 0
13:59:04,165 INFO  [DomParser] (getTestDataSetNodesList) -> develop|lab -- UserLab3 -- ul
13:59:04,165 INFO  [DomParser] (getTestDataSetNodesList) -> Checking node [testdataset] at index 1
13:59:04,165 INFO  [DomParser] (getTestDataSetNodesList) -> develop|lab -- Userlab3 -- ul
13:59:04,165 INFO  [DomParser] (getTestDataSetNodesList) -> Checking node [testdataset] at index 2
13:59:04,165 INFO  [DomParser] (getTestDataSetNodesList) -> develop|lab -- UserDevelop -- ul
13:59:04,165 INFO  [DomParser] (getTestDataSetNodesList) -> Checking node [testdataset] at index 3
13:59:04,165 INFO  [DomParser] (getTestDataSetNodesList) -> develop|lab -- InvalidCredentials -- ul
13:59:04,165 INFO  [DomParser] (getTestDataSetNodesWithValues) -> 9
13:59:04,165 INFO  [DomParser] (getTestDataSetNodesWithValues) -> text node found; skipping this node
13:59:04,165 INFO  [DomParser] (getTestDataSetNodesWithValues) -> username <<---->>  admin <<---->> 1
13:59:04,165 INFO  [DomParser] (getTestDataSetNodesWithValues) -> text node found; skipping this node
13:59:04,165 INFO  [DomParser] (getTestDataSetNodesWithValues) -> password <<---->>  invalid <<---->> 1
13:59:04,165 INFO  [DomParser] (getTestDataSetNodesWithValues) -> text node found; skipping this node
13:59:04,165 INFO  [DomParser] (getTestDataSetNodesWithValues) -> companyid <<---->>  000 <<---->> 1
13:59:04,165 INFO  [DomParser] (getTestDataSetNodesWithValues) -> text node found; skipping this node
13:59:04,165 INFO  [DomParser] (getTestDataSetNodesWithValues) -> rememberme <<---->>  true <<---->> 1
13:59:04,165 INFO  [DomParser] (getTestDataSetNodesWithValues) -> text node found; skipping this node
13:59:04,165 INFO  [DomParser] EXIT --> (getTestDataSetNodesWithValues)
13:59:04,165 INFO  [BrowserSelenium] ENTER --> (_waitForElement) --> Waiting for element: null
13:59:04,165 INFO  [BrowserSelenium] ENTER --> (waitForElement)
13:59:05,705 INFO  [BrowserSelenium] ENTER --> (_getByLocator)
13:59:05,705 INFO  [BrowserSelenium] (_getByLocator) -> Getting locator for null
13:59:05,705 INFO  [BrowserSelenium] (_getByLocator) -> Locator info found for XPATH attribute as: //input[@id='j_username']
13:59:05,705 INFO  [BrowserSelenium] ENTER --> (_parseElementOnXpath)
13:59:05,705 INFO  [BrowserSelenium] (_parseElementOnXpath) -> //input[@id='j_username'] is used
13:59:05,705 INFO  [BrowserSelenium] EXIT --> (_parseElementOnXpath)
13:59:05,705 INFO  [BrowserSelenium] EXIT --> (_getByLocator)
13:59:05,745 INFO  [BrowserSelenium] ENTER --> (_getByLocator)
13:59:05,745 INFO  [BrowserSelenium] (_getByLocator) -> Getting locator for null
13:59:05,745 INFO  [BrowserSelenium] (_getByLocator) -> Locator info found for XPATH attribute as: //input[@id='j_username']
13:59:05,745 INFO  [BrowserSelenium] ENTER --> (_parseElementOnXpath)
13:59:05,745 INFO  [BrowserSelenium] (_parseElementOnXpath) -> //input[@id='j_username'] is used
13:59:05,745 INFO  [BrowserSelenium] EXIT --> (_parseElementOnXpath)
13:59:05,745 INFO  [BrowserSelenium] EXIT --> (_getByLocator)
13:59:05,795 INFO  [BrowserSelenium] (waitForElement) -> element wait eligibility found: true
13:59:05,795 INFO  [BrowserSelenium] ENTER --> (_waitForJStoLoad)
13:59:05,825 INFO  [BrowserSelenium] EXIT --> (_waitForJStoLoad) --> DOM load wait done: true
13:59:05,825 INFO  [BrowserSelenium] (waitForElement) -> element wait eligibility set: true
13:59:05,825 INFO  [BrowserSelenium] EXIT --> (waitForElement)
13:59:05,825 INFO  [BrowserSelenium] EXIT --> (_waitForElement)
13:59:05,825 INFO  [BrowserSelenium] ENTER --> (_waitForElement) --> Waiting for element: null
13:59:05,825 INFO  [BrowserSelenium] ENTER --> (waitForElement)
13:59:05,855 INFO  [BrowserSelenium] ENTER --> (_getByLocator)
13:59:05,855 INFO  [BrowserSelenium] (_getByLocator) -> Getting locator for null
13:59:05,855 INFO  [BrowserSelenium] (_getByLocator) -> Locator info found for XPATH attribute as: //input[@id='j_username']
13:59:05,855 INFO  [BrowserSelenium] ENTER --> (_parseElementOnXpath)
13:59:05,855 INFO  [BrowserSelenium] (_parseElementOnXpath) -> //input[@id='j_username'] is used
13:59:05,855 INFO  [BrowserSelenium] EXIT --> (_parseElementOnXpath)
13:59:05,855 INFO  [BrowserSelenium] EXIT --> (_getByLocator)
13:59:05,875 INFO  [BrowserSelenium] ENTER --> (_getByLocator)
13:59:05,875 INFO  [BrowserSelenium] (_getByLocator) -> Getting locator for null
13:59:05,875 INFO  [BrowserSelenium] (_getByLocator) -> Locator info found for XPATH attribute as: //input[@id='j_username']
13:59:05,875 INFO  [BrowserSelenium] ENTER --> (_parseElementOnXpath)
13:59:05,875 INFO  [BrowserSelenium] (_parseElementOnXpath) -> //input[@id='j_username'] is used
13:59:05,875 INFO  [BrowserSelenium] EXIT --> (_parseElementOnXpath)
13:59:05,875 INFO  [BrowserSelenium] EXIT --> (_getByLocator)
13:59:05,905 INFO  [BrowserSelenium] (waitForElement) -> element wait eligibility found: true
13:59:05,905 INFO  [BrowserSelenium] ENTER --> (_waitForJStoLoad)
13:59:05,935 INFO  [BrowserSelenium] EXIT --> (_waitForJStoLoad) --> DOM load wait done: true
13:59:05,935 INFO  [BrowserSelenium] (waitForElement) -> element wait eligibility set: true
13:59:05,935 INFO  [BrowserSelenium] EXIT --> (waitForElement)
13:59:05,935 INFO  [BrowserSelenium] EXIT --> (_waitForElement)
13:59:05,935 INFO  [BrowserSelenium] ENTER --> (_waitForElement) --> Waiting for element: null
13:59:05,935 INFO  [BrowserSelenium] ENTER --> (waitForElement)
13:59:05,945 INFO  [BrowserSelenium] ENTER --> (_getByLocator)
13:59:05,945 INFO  [BrowserSelenium] (_getByLocator) -> Getting locator for null
13:59:05,945 INFO  [BrowserSelenium] (_getByLocator) -> Locator info found for XPATH attribute as: //input[@id='j_username']
13:59:05,945 INFO  [BrowserSelenium] ENTER --> (_parseElementOnXpath)
13:59:05,945 INFO  [BrowserSelenium] (_parseElementOnXpath) -> //input[@id='j_username'] is used
13:59:05,945 INFO  [BrowserSelenium] EXIT --> (_parseElementOnXpath)
13:59:05,945 INFO  [BrowserSelenium] EXIT --> (_getByLocator)
13:59:06,035 INFO  [BrowserSelenium] ENTER --> (_getByLocator)
13:59:06,055 INFO  [BrowserSelenium] (_getByLocator) -> Getting locator for null
13:59:06,055 INFO  [BrowserSelenium] (_getByLocator) -> Locator info found for XPATH attribute as: //input[@id='j_username']
13:59:06,055 INFO  [BrowserSelenium] ENTER --> (_parseElementOnXpath)
13:59:06,055 INFO  [BrowserSelenium] (_parseElementOnXpath) -> //input[@id='j_username'] is used
13:59:06,055 INFO  [BrowserSelenium] EXIT --> (_parseElementOnXpath)
13:59:06,055 INFO  [BrowserSelenium] EXIT --> (_getByLocator)
13:59:06,085 INFO  [BrowserSelenium] (waitForElement) -> element wait eligibility found: true
13:59:06,085 INFO  [BrowserSelenium] ENTER --> (_waitForJStoLoad)
13:59:06,125 INFO  [BrowserSelenium] EXIT --> (_waitForJStoLoad) --> DOM load wait done: true
13:59:06,125 INFO  [BrowserSelenium] (waitForElement) -> element wait eligibility set: true
13:59:06,125 INFO  [BrowserSelenium] EXIT --> (waitForElement)
13:59:06,125 INFO  [BrowserSelenium] EXIT --> (_waitForElement)
13:59:06,125 INFO  [BrowserSelenium] ENTER --> (_waitForElement) --> Waiting for element: null
13:59:06,125 INFO  [BrowserSelenium] ENTER --> (waitForElement)
13:59:06,135 INFO  [BrowserSelenium] ENTER --> (_getByLocator)
13:59:06,135 INFO  [BrowserSelenium] (_getByLocator) -> Getting locator for null
13:59:06,135 INFO  [BrowserSelenium] (_getByLocator) -> Locator info found for XPATH attribute as: //input[@id='j_username']
13:59:06,135 INFO  [BrowserSelenium] ENTER --> (_parseElementOnXpath)
13:59:06,135 INFO  [BrowserSelenium] (_parseElementOnXpath) -> //input[@id='j_username'] is used
13:59:06,135 INFO  [BrowserSelenium] EXIT --> (_parseElementOnXpath)
13:59:06,135 INFO  [BrowserSelenium] EXIT --> (_getByLocator)
13:59:06,155 INFO  [BrowserSelenium] ENTER --> (_getByLocator)
13:59:06,155 INFO  [BrowserSelenium] (_getByLocator) -> Getting locator for null
13:59:06,155 INFO  [BrowserSelenium] (_getByLocator) -> Locator info found for XPATH attribute as: //input[@id='j_username']
13:59:06,155 INFO  [BrowserSelenium] ENTER --> (_parseElementOnXpath)
13:59:06,155 INFO  [BrowserSelenium] (_parseElementOnXpath) -> //input[@id='j_username'] is used
13:59:06,155 INFO  [BrowserSelenium] EXIT --> (_parseElementOnXpath)
13:59:06,155 INFO  [BrowserSelenium] EXIT --> (_getByLocator)
13:59:06,185 INFO  [BrowserSelenium] (waitForElement) -> element wait eligibility found: true
13:59:06,185 INFO  [BrowserSelenium] ENTER --> (_waitForJStoLoad)
13:59:06,205 INFO  [BrowserSelenium] EXIT --> (_waitForJStoLoad) --> DOM load wait done: true
13:59:06,205 INFO  [BrowserSelenium] (waitForElement) -> element wait eligibility set: true
13:59:06,205 INFO  [BrowserSelenium] EXIT --> (waitForElement)
13:59:06,205 INFO  [BrowserSelenium] EXIT --> (_waitForElement)
13:59:06,215 INFO  [BrowserSelenium] ENTER --> (_getByLocator)
13:59:06,215 INFO  [BrowserSelenium] (_getByLocator) -> Getting locator for null
13:59:06,215 INFO  [BrowserSelenium] (_getByLocator) -> Locator info found for XPATH attribute as: //input[@id='j_username']
13:59:06,215 INFO  [BrowserSelenium] ENTER --> (_parseElementOnXpath)
13:59:06,215 INFO  [BrowserSelenium] (_parseElementOnXpath) -> //input[@id='j_username'] is used
13:59:06,215 INFO  [BrowserSelenium] EXIT --> (_parseElementOnXpath)
13:59:06,215 INFO  [BrowserSelenium] EXIT --> (_getByLocator)
13:59:06,235 INFO  [BrowserSelenium] ENTER --> (_getByLocator)
13:59:06,235 INFO  [BrowserSelenium] (_getByLocator) -> Getting locator for null
13:59:06,235 INFO  [BrowserSelenium] (_getByLocator) -> Locator info found for XPATH attribute as: //input[@id='j_username']
13:59:06,235 INFO  [BrowserSelenium] ENTER --> (_parseElementOnXpath)
13:59:06,235 INFO  [BrowserSelenium] (_parseElementOnXpath) -> //input[@id='j_username'] is used
13:59:06,235 INFO  [BrowserSelenium] EXIT --> (_parseElementOnXpath)
13:59:06,235 INFO  [BrowserSelenium] EXIT --> (_getByLocator)
13:59:06,305 INFO  [BrowserSelenium] ENTER --> (_getByLocator)
13:59:06,305 INFO  [BrowserSelenium] (_getByLocator) -> Getting locator for null
13:59:06,305 INFO  [BrowserSelenium] (_getByLocator) -> Locator info found for XPATH attribute as: //input[@id='j_username']
13:59:06,305 INFO  [BrowserSelenium] ENTER --> (_parseElementOnXpath)
13:59:06,305 INFO  [BrowserSelenium] (_parseElementOnXpath) -> //input[@id='j_username'] is used
13:59:06,305 INFO  [BrowserSelenium] EXIT --> (_parseElementOnXpath)
13:59:06,305 INFO  [BrowserSelenium] EXIT --> (_getByLocator)
13:59:06,365 INFO  [BrowserSelenium] ENTER --> (_waitForElement) --> Waiting for element: null
13:59:06,365 INFO  [BrowserSelenium] ENTER --> (waitForElement)
13:59:06,365 INFO  [BrowserSelenium] ENTER --> (_getByLocator)
13:59:06,365 INFO  [BrowserSelenium] (_getByLocator) -> Getting locator for null
13:59:06,365 INFO  [BrowserSelenium] (_getByLocator) -> Locator info found for XPATH attribute as: //input[@id='j_username']
13:59:06,365 INFO  [BrowserSelenium] ENTER --> (_parseElementOnXpath)
13:59:06,365 INFO  [BrowserSelenium] (_parseElementOnXpath) -> //input[@id='j_username'] is used
13:59:06,365 INFO  [BrowserSelenium] EXIT --> (_parseElementOnXpath)
13:59:06,365 INFO  [BrowserSelenium] EXIT --> (_getByLocator)
13:59:06,385 INFO  [BrowserSelenium] ENTER --> (_getByLocator)
13:59:06,385 INFO  [BrowserSelenium] (_getByLocator) -> Getting locator for null
13:59:06,385 INFO  [BrowserSelenium] (_getByLocator) -> Locator info found for XPATH attribute as: //input[@id='j_username']
13:59:06,385 INFO  [BrowserSelenium] ENTER --> (_parseElementOnXpath)
13:59:06,385 INFO  [BrowserSelenium] (_parseElementOnXpath) -> //input[@id='j_username'] is used
13:59:06,385 INFO  [BrowserSelenium] EXIT --> (_parseElementOnXpath)
13:59:06,385 INFO  [BrowserSelenium] EXIT --> (_getByLocator)
13:59:06,415 INFO  [BrowserSelenium] (waitForElement) -> element wait eligibility found: true
13:59:06,415 INFO  [BrowserSelenium] ENTER --> (_waitForJStoLoad)
13:59:06,435 INFO  [BrowserSelenium] EXIT --> (_waitForJStoLoad) --> DOM load wait done: true
13:59:06,435 INFO  [BrowserSelenium] (waitForElement) -> element wait eligibility set: true
13:59:06,435 INFO  [BrowserSelenium] EXIT --> (waitForElement)
13:59:06,435 INFO  [BrowserSelenium] EXIT --> (_waitForElement)
13:59:06,445 INFO  [BrowserSelenium] ENTER --> (_getByLocator)
13:59:06,445 INFO  [BrowserSelenium] (_getByLocator) -> Getting locator for null
13:59:06,445 INFO  [BrowserSelenium] (_getByLocator) -> Locator info found for XPATH attribute as: //input[@id='j_username']
13:59:06,445 INFO  [BrowserSelenium] ENTER --> (_parseElementOnXpath)
13:59:06,445 INFO  [BrowserSelenium] (_parseElementOnXpath) -> //input[@id='j_username'] is used
13:59:06,445 INFO  [BrowserSelenium] EXIT --> (_parseElementOnXpath)
13:59:06,445 INFO  [BrowserSelenium] EXIT --> (_getByLocator)
13:59:06,455 INFO  [BrowserSelenium] ENTER --> (_waitForElement) --> Waiting for element: null
13:59:06,455 INFO  [BrowserSelenium] ENTER --> (waitForElement)
13:59:06,465 INFO  [BrowserSelenium] ENTER --> (_getByLocator)
13:59:06,465 INFO  [BrowserSelenium] (_getByLocator) -> Getting locator for null
13:59:06,465 INFO  [BrowserSelenium] (_getByLocator) -> Locator info found for XPATH attribute as: //input[@id='j_username']
13:59:06,465 INFO  [BrowserSelenium] ENTER --> (_parseElementOnXpath)
13:59:06,465 INFO  [BrowserSelenium] (_parseElementOnXpath) -> //input[@id='j_username'] is used
13:59:06,465 INFO  [BrowserSelenium] EXIT --> (_parseElementOnXpath)
13:59:06,465 INFO  [BrowserSelenium] EXIT --> (_getByLocator)
13:59:06,475 INFO  [BrowserSelenium] ENTER --> (_getByLocator)
13:59:06,475 INFO  [BrowserSelenium] (_getByLocator) -> Getting locator for null
13:59:06,475 INFO  [BrowserSelenium] (_getByLocator) -> Locator info found for XPATH attribute as: //input[@id='j_username']
13:59:06,475 INFO  [BrowserSelenium] ENTER --> (_parseElementOnXpath)
13:59:06,475 INFO  [BrowserSelenium] (_parseElementOnXpath) -> //input[@id='j_username'] is used
13:59:06,475 INFO  [BrowserSelenium] EXIT --> (_parseElementOnXpath)
13:59:06,475 INFO  [BrowserSelenium] EXIT --> (_getByLocator)
13:59:06,515 INFO  [BrowserSelenium] (waitForElement) -> element wait eligibility found: true
13:59:06,515 INFO  [BrowserSelenium] ENTER --> (_waitForJStoLoad)
13:59:06,535 INFO  [BrowserSelenium] EXIT --> (_waitForJStoLoad) --> DOM load wait done: true
13:59:06,535 INFO  [BrowserSelenium] (waitForElement) -> element wait eligibility set: true
13:59:06,535 INFO  [BrowserSelenium] EXIT --> (waitForElement)
13:59:06,535 INFO  [BrowserSelenium] EXIT --> (_waitForElement)
13:59:06,545 INFO  [BrowserSelenium] ENTER --> (_getByLocator)
13:59:06,545 INFO  [BrowserSelenium] (_getByLocator) -> Getting locator for null
13:59:06,545 INFO  [BrowserSelenium] (_getByLocator) -> Locator info found for XPATH attribute as: //input[@id='j_username']
13:59:06,545 INFO  [BrowserSelenium] ENTER --> (_parseElementOnXpath)
13:59:06,545 INFO  [BrowserSelenium] (_parseElementOnXpath) -> //input[@id='j_username'] is used
13:59:06,545 INFO  [BrowserSelenium] EXIT --> (_parseElementOnXpath)
13:59:06,545 INFO  [BrowserSelenium] EXIT --> (_getByLocator)
13:59:06,555 INFO  [BrowserSelenium] ENTER --> (_waitForElement) --> Waiting for element: null
13:59:06,555 INFO  [BrowserSelenium] ENTER --> (waitForElement)
13:59:06,565 INFO  [BrowserSelenium] ENTER --> (_getByLocator)
13:59:06,565 INFO  [BrowserSelenium] (_getByLocator) -> Getting locator for null
13:59:06,565 INFO  [BrowserSelenium] (_getByLocator) -> Locator info found for XPATH attribute as: //input[@id='j_password']
13:59:06,565 INFO  [BrowserSelenium] ENTER --> (_parseElementOnXpath)
13:59:06,565 INFO  [BrowserSelenium] (_parseElementOnXpath) -> //input[@id='j_password'] is used
13:59:06,565 INFO  [BrowserSelenium] EXIT --> (_parseElementOnXpath)
13:59:06,565 INFO  [BrowserSelenium] EXIT --> (_getByLocator)
13:59:06,575 INFO  [BrowserSelenium] ENTER --> (_getByLocator)
13:59:06,575 INFO  [BrowserSelenium] (_getByLocator) -> Getting locator for null
13:59:06,575 INFO  [BrowserSelenium] (_getByLocator) -> Locator info found for XPATH attribute as: //input[@id='j_password']
13:59:06,575 INFO  [BrowserSelenium] ENTER --> (_parseElementOnXpath)
13:59:06,575 INFO  [BrowserSelenium] (_parseElementOnXpath) -> //input[@id='j_password'] is used
13:59:06,575 INFO  [BrowserSelenium] EXIT --> (_parseElementOnXpath)
13:59:06,575 INFO  [BrowserSelenium] EXIT --> (_getByLocator)
13:59:06,615 INFO  [BrowserSelenium] (waitForElement) -> element wait eligibility found: true
13:59:06,615 INFO  [BrowserSelenium] ENTER --> (_waitForJStoLoad)
13:59:06,635 INFO  [BrowserSelenium] EXIT --> (_waitForJStoLoad) --> DOM load wait done: true
13:59:06,635 INFO  [BrowserSelenium] (waitForElement) -> element wait eligibility set: true
13:59:06,635 INFO  [BrowserSelenium] EXIT --> (waitForElement)
13:59:06,635 INFO  [BrowserSelenium] EXIT --> (_waitForElement)
13:59:06,635 INFO  [BrowserSelenium] ENTER --> (_waitForElement) --> Waiting for element: null
13:59:06,635 INFO  [BrowserSelenium] ENTER --> (waitForElement)
13:59:06,645 INFO  [BrowserSelenium] ENTER --> (_getByLocator)
13:59:06,645 INFO  [BrowserSelenium] (_getByLocator) -> Getting locator for null
13:59:06,645 INFO  [BrowserSelenium] (_getByLocator) -> Locator info found for XPATH attribute as: //input[@id='j_password']
13:59:06,645 INFO  [BrowserSelenium] ENTER --> (_parseElementOnXpath)
13:59:06,645 INFO  [BrowserSelenium] (_parseElementOnXpath) -> //input[@id='j_password'] is used
13:59:06,645 INFO  [BrowserSelenium] EXIT --> (_parseElementOnXpath)
13:59:06,645 INFO  [BrowserSelenium] EXIT --> (_getByLocator)
13:59:06,655 INFO  [BrowserSelenium] ENTER --> (_getByLocator)
13:59:06,655 INFO  [BrowserSelenium] (_getByLocator) -> Getting locator for null
13:59:06,655 INFO  [BrowserSelenium] (_getByLocator) -> Locator info found for XPATH attribute as: //input[@id='j_password']
13:59:06,655 INFO  [BrowserSelenium] ENTER --> (_parseElementOnXpath)
13:59:06,655 INFO  [BrowserSelenium] (_parseElementOnXpath) -> //input[@id='j_password'] is used
13:59:06,655 INFO  [BrowserSelenium] EXIT --> (_parseElementOnXpath)
13:59:06,655 INFO  [BrowserSelenium] EXIT --> (_getByLocator)
13:59:06,695 INFO  [BrowserSelenium] (waitForElement) -> element wait eligibility found: true
13:59:06,695 INFO  [BrowserSelenium] ENTER --> (_waitForJStoLoad)
13:59:06,725 INFO  [BrowserSelenium] EXIT --> (_waitForJStoLoad) --> DOM load wait done: true
13:59:06,725 INFO  [BrowserSelenium] (waitForElement) -> element wait eligibility set: true
13:59:06,725 INFO  [BrowserSelenium] EXIT --> (waitForElement)
13:59:06,725 INFO  [BrowserSelenium] EXIT --> (_waitForElement)
13:59:06,725 INFO  [BrowserSelenium] ENTER --> (_waitForElement) --> Waiting for element: null
13:59:06,725 INFO  [BrowserSelenium] ENTER --> (waitForElement)
13:59:06,725 INFO  [BrowserSelenium] ENTER --> (_getByLocator)
13:59:06,725 INFO  [BrowserSelenium] (_getByLocator) -> Getting locator for null
13:59:06,725 INFO  [BrowserSelenium] (_getByLocator) -> Locator info found for XPATH attribute as: //input[@id='j_password']
13:59:06,725 INFO  [BrowserSelenium] ENTER --> (_parseElementOnXpath)
13:59:06,735 INFO  [BrowserSelenium] (_parseElementOnXpath) -> //input[@id='j_password'] is used
13:59:06,735 INFO  [BrowserSelenium] EXIT --> (_parseElementOnXpath)
13:59:06,735 INFO  [BrowserSelenium] EXIT --> (_getByLocator)
13:59:06,745 INFO  [BrowserSelenium] ENTER --> (_getByLocator)
13:59:06,745 INFO  [BrowserSelenium] (_getByLocator) -> Getting locator for null
13:59:06,745 INFO  [BrowserSelenium] (_getByLocator) -> Locator info found for XPATH attribute as: //input[@id='j_password']
13:59:06,745 INFO  [BrowserSelenium] ENTER --> (_parseElementOnXpath)
13:59:06,745 INFO  [BrowserSelenium] (_parseElementOnXpath) -> //input[@id='j_password'] is used
13:59:06,745 INFO  [BrowserSelenium] EXIT --> (_parseElementOnXpath)
13:59:06,745 INFO  [BrowserSelenium] EXIT --> (_getByLocator)
13:59:06,795 INFO  [BrowserSelenium] (waitForElement) -> element wait eligibility found: true
13:59:06,795 INFO  [BrowserSelenium] ENTER --> (_waitForJStoLoad)
13:59:06,815 INFO  [BrowserSelenium] EXIT --> (_waitForJStoLoad) --> DOM load wait done: true
13:59:06,815 INFO  [BrowserSelenium] (waitForElement) -> element wait eligibility set: true
13:59:06,815 INFO  [BrowserSelenium] EXIT --> (waitForElement)
13:59:06,815 INFO  [BrowserSelenium] EXIT --> (_waitForElement)
13:59:06,815 INFO  [BrowserSelenium] ENTER --> (_waitForElement) --> Waiting for element: null
13:59:06,815 INFO  [BrowserSelenium] ENTER --> (waitForElement)
13:59:06,825 INFO  [BrowserSelenium] ENTER --> (_getByLocator)
13:59:06,825 INFO  [BrowserSelenium] (_getByLocator) -> Getting locator for null
13:59:06,825 INFO  [BrowserSelenium] (_getByLocator) -> Locator info found for XPATH attribute as: //input[@id='j_password']
13:59:06,825 INFO  [BrowserSelenium] ENTER --> (_parseElementOnXpath)
13:59:06,825 INFO  [BrowserSelenium] (_parseElementOnXpath) -> //input[@id='j_password'] is used
13:59:06,825 INFO  [BrowserSelenium] EXIT --> (_parseElementOnXpath)
13:59:06,825 INFO  [BrowserSelenium] EXIT --> (_getByLocator)
13:59:06,835 INFO  [BrowserSelenium] ENTER --> (_getByLocator)
13:59:06,835 INFO  [BrowserSelenium] (_getByLocator) -> Getting locator for null
13:59:06,835 INFO  [BrowserSelenium] (_getByLocator) -> Locator info found for XPATH attribute as: //input[@id='j_password']
13:59:06,835 INFO  [BrowserSelenium] ENTER --> (_parseElementOnXpath)
13:59:06,835 INFO  [BrowserSelenium] (_parseElementOnXpath) -> //input[@id='j_password'] is used
13:59:06,835 INFO  [BrowserSelenium] EXIT --> (_parseElementOnXpath)
13:59:06,835 INFO  [BrowserSelenium] EXIT --> (_getByLocator)
13:59:06,865 INFO  [BrowserSelenium] (waitForElement) -> element wait eligibility found: true
13:59:06,865 INFO  [BrowserSelenium] ENTER --> (_waitForJStoLoad)
13:59:06,885 INFO  [BrowserSelenium] EXIT --> (_waitForJStoLoad) --> DOM load wait done: true
13:59:06,885 INFO  [BrowserSelenium] (waitForElement) -> element wait eligibility set: true
13:59:06,885 INFO  [BrowserSelenium] EXIT --> (waitForElement)
13:59:06,885 INFO  [BrowserSelenium] EXIT --> (_waitForElement)
13:59:06,895 INFO  [BrowserSelenium] ENTER --> (_getByLocator)
13:59:06,895 INFO  [BrowserSelenium] (_getByLocator) -> Getting locator for null
13:59:06,895 INFO  [BrowserSelenium] (_getByLocator) -> Locator info found for XPATH attribute as: //input[@id='j_password']
13:59:06,895 INFO  [BrowserSelenium] ENTER --> (_parseElementOnXpath)
13:59:06,895 INFO  [BrowserSelenium] (_parseElementOnXpath) -> //input[@id='j_password'] is used
13:59:06,895 INFO  [BrowserSelenium] EXIT --> (_parseElementOnXpath)
13:59:06,895 INFO  [BrowserSelenium] EXIT --> (_getByLocator)
13:59:06,945 INFO  [BrowserSelenium] ENTER --> (_getByLocator)
13:59:06,945 INFO  [BrowserSelenium] (_getByLocator) -> Getting locator for null
13:59:06,945 INFO  [BrowserSelenium] (_getByLocator) -> Locator info found for XPATH attribute as: //input[@id='j_password']
13:59:06,945 INFO  [BrowserSelenium] ENTER --> (_parseElementOnXpath)
13:59:06,945 INFO  [BrowserSelenium] (_parseElementOnXpath) -> //input[@id='j_password'] is used
13:59:06,945 INFO  [BrowserSelenium] EXIT --> (_parseElementOnXpath)
13:59:06,945 INFO  [BrowserSelenium] EXIT --> (_getByLocator)
13:59:07,025 INFO  [BrowserSelenium] ENTER --> (_getByLocator)
13:59:07,025 INFO  [BrowserSelenium] (_getByLocator) -> Getting locator for null
13:59:07,025 INFO  [BrowserSelenium] (_getByLocator) -> Locator info found for XPATH attribute as: //input[@id='j_password']
13:59:07,025 INFO  [BrowserSelenium] ENTER --> (_parseElementOnXpath)
13:59:07,025 INFO  [BrowserSelenium] (_parseElementOnXpath) -> //input[@id='j_password'] is used
13:59:07,025 INFO  [BrowserSelenium] EXIT --> (_parseElementOnXpath)
13:59:07,025 INFO  [BrowserSelenium] EXIT --> (_getByLocator)
13:59:07,075 INFO  [BrowserSelenium] ENTER --> (_waitForElement) --> Waiting for element: null
13:59:07,085 INFO  [BrowserSelenium] ENTER --> (waitForElement)
13:59:07,085 INFO  [BrowserSelenium] ENTER --> (_getByLocator)
13:59:07,085 INFO  [BrowserSelenium] (_getByLocator) -> Getting locator for null
13:59:07,085 INFO  [BrowserSelenium] (_getByLocator) -> Locator info found for XPATH attribute as: //input[@id='j_password']
13:59:07,085 INFO  [BrowserSelenium] ENTER --> (_parseElementOnXpath)
13:59:07,085 INFO  [BrowserSelenium] (_parseElementOnXpath) -> //input[@id='j_password'] is used
13:59:07,085 INFO  [BrowserSelenium] EXIT --> (_parseElementOnXpath)
13:59:07,085 INFO  [BrowserSelenium] EXIT --> (_getByLocator)
13:59:07,105 INFO  [BrowserSelenium] ENTER --> (_getByLocator)
13:59:07,105 INFO  [BrowserSelenium] (_getByLocator) -> Getting locator for null
13:59:07,105 INFO  [BrowserSelenium] (_getByLocator) -> Locator info found for XPATH attribute as: //input[@id='j_password']
13:59:07,105 INFO  [BrowserSelenium] ENTER --> (_parseElementOnXpath)
13:59:07,105 INFO  [BrowserSelenium] (_parseElementOnXpath) -> //input[@id='j_password'] is used
13:59:07,105 INFO  [BrowserSelenium] EXIT --> (_parseElementOnXpath)
13:59:07,105 INFO  [BrowserSelenium] EXIT --> (_getByLocator)
13:59:07,135 INFO  [BrowserSelenium] (waitForElement) -> element wait eligibility found: true
13:59:07,135 INFO  [BrowserSelenium] ENTER --> (_waitForJStoLoad)
13:59:07,165 INFO  [BrowserSelenium] EXIT --> (_waitForJStoLoad) --> DOM load wait done: true
13:59:07,165 INFO  [BrowserSelenium] (waitForElement) -> element wait eligibility set: true
13:59:07,165 INFO  [BrowserSelenium] EXIT --> (waitForElement)
13:59:07,165 INFO  [BrowserSelenium] EXIT --> (_waitForElement)
13:59:07,175 INFO  [BrowserSelenium] ENTER --> (_getByLocator)
13:59:07,175 INFO  [BrowserSelenium] (_getByLocator) -> Getting locator for null
13:59:07,175 INFO  [BrowserSelenium] (_getByLocator) -> Locator info found for XPATH attribute as: //input[@id='j_password']
13:59:07,175 INFO  [BrowserSelenium] ENTER --> (_parseElementOnXpath)
13:59:07,175 INFO  [BrowserSelenium] (_parseElementOnXpath) -> //input[@id='j_password'] is used
13:59:07,175 INFO  [BrowserSelenium] EXIT --> (_parseElementOnXpath)
13:59:07,175 INFO  [BrowserSelenium] EXIT --> (_getByLocator)
13:59:07,185 INFO  [BrowserSelenium] ENTER --> (_waitForElement) --> Waiting for element: null
13:59:07,185 INFO  [BrowserSelenium] ENTER --> (waitForElement)
13:59:07,185 INFO  [BrowserSelenium] ENTER --> (_getByLocator)
13:59:07,185 INFO  [BrowserSelenium] (_getByLocator) -> Getting locator for null
13:59:07,185 INFO  [BrowserSelenium] (_getByLocator) -> Locator info found for XPATH attribute as: //input[@id='j_password']
13:59:07,185 INFO  [BrowserSelenium] ENTER --> (_parseElementOnXpath)
13:59:07,185 INFO  [BrowserSelenium] (_parseElementOnXpath) -> //input[@id='j_password'] is used
13:59:07,185 INFO  [BrowserSelenium] EXIT --> (_parseElementOnXpath)
13:59:07,185 INFO  [BrowserSelenium] EXIT --> (_getByLocator)
13:59:07,205 INFO  [BrowserSelenium] ENTER --> (_getByLocator)
13:59:07,205 INFO  [BrowserSelenium] (_getByLocator) -> Getting locator for null
13:59:07,205 INFO  [BrowserSelenium] (_getByLocator) -> Locator info found for XPATH attribute as: //input[@id='j_password']
13:59:07,205 INFO  [BrowserSelenium] ENTER --> (_parseElementOnXpath)
13:59:07,205 INFO  [BrowserSelenium] (_parseElementOnXpath) -> //input[@id='j_password'] is used
13:59:07,205 INFO  [BrowserSelenium] EXIT --> (_parseElementOnXpath)
13:59:07,205 INFO  [BrowserSelenium] EXIT --> (_getByLocator)
13:59:07,235 INFO  [BrowserSelenium] (waitForElement) -> element wait eligibility found: true
13:59:07,235 INFO  [BrowserSelenium] ENTER --> (_waitForJStoLoad)
13:59:07,256 INFO  [BrowserSelenium] EXIT --> (_waitForJStoLoad) --> DOM load wait done: true
13:59:07,256 INFO  [BrowserSelenium] (waitForElement) -> element wait eligibility set: true
13:59:07,256 INFO  [BrowserSelenium] EXIT --> (waitForElement)
13:59:07,256 INFO  [BrowserSelenium] EXIT --> (_waitForElement)
13:59:07,256 INFO  [BrowserSelenium] ENTER --> (_getByLocator)
13:59:07,256 INFO  [BrowserSelenium] (_getByLocator) -> Getting locator for null
13:59:07,256 INFO  [BrowserSelenium] (_getByLocator) -> Locator info found for XPATH attribute as: //input[@id='j_password']
13:59:07,256 INFO  [BrowserSelenium] ENTER --> (_parseElementOnXpath)
13:59:07,256 INFO  [BrowserSelenium] (_parseElementOnXpath) -> //input[@id='j_password'] is used
13:59:07,256 INFO  [BrowserSelenium] EXIT --> (_parseElementOnXpath)
13:59:07,256 INFO  [BrowserSelenium] EXIT --> (_getByLocator)
13:59:07,266 INFO  [BrowserSelenium] ENTER --> (_waitForElement) --> Waiting for element: null
13:59:07,266 INFO  [BrowserSelenium] ENTER --> (waitForElement)
13:59:07,276 INFO  [BrowserSelenium] ENTER --> (_getByLocator)
13:59:07,276 INFO  [BrowserSelenium] (_getByLocator) -> Getting locator for null
13:59:07,276 INFO  [BrowserSelenium] (_getByLocator) -> Locator info found for XPATH attribute as: //input[@id='j_client_id']
13:59:07,276 INFO  [BrowserSelenium] ENTER --> (_parseElementOnXpath)
13:59:07,276 INFO  [BrowserSelenium] (_parseElementOnXpath) -> //input[@id='j_client_id'] is used
13:59:07,276 INFO  [BrowserSelenium] EXIT --> (_parseElementOnXpath)
13:59:07,276 INFO  [BrowserSelenium] EXIT --> (_getByLocator)
13:59:07,286 INFO  [BrowserSelenium] ENTER --> (_getByLocator)
13:59:07,286 INFO  [BrowserSelenium] (_getByLocator) -> Getting locator for null
13:59:07,286 INFO  [BrowserSelenium] (_getByLocator) -> Locator info found for XPATH attribute as: //input[@id='j_client_id']
13:59:07,286 INFO  [BrowserSelenium] ENTER --> (_parseElementOnXpath)
13:59:07,286 INFO  [BrowserSelenium] (_parseElementOnXpath) -> //input[@id='j_client_id'] is used
13:59:07,286 INFO  [BrowserSelenium] EXIT --> (_parseElementOnXpath)
13:59:07,286 INFO  [BrowserSelenium] EXIT --> (_getByLocator)
13:59:07,316 INFO  [BrowserSelenium] (waitForElement) -> element wait eligibility found: true
13:59:07,316 INFO  [BrowserSelenium] ENTER --> (_waitForJStoLoad)
13:59:07,336 INFO  [BrowserSelenium] EXIT --> (_waitForJStoLoad) --> DOM load wait done: true
13:59:07,336 INFO  [BrowserSelenium] (waitForElement) -> element wait eligibility set: true
13:59:07,336 INFO  [BrowserSelenium] EXIT --> (waitForElement)
13:59:07,336 INFO  [BrowserSelenium] EXIT --> (_waitForElement)
13:59:07,336 INFO  [BrowserSelenium] ENTER --> (_waitForElement) --> Waiting for element: null
13:59:07,336 INFO  [BrowserSelenium] ENTER --> (waitForElement)
13:59:07,346 INFO  [BrowserSelenium] ENTER --> (_getByLocator)
13:59:07,346 INFO  [BrowserSelenium] (_getByLocator) -> Getting locator for null
13:59:07,346 INFO  [BrowserSelenium] (_getByLocator) -> Locator info found for XPATH attribute as: //input[@id='j_client_id']
13:59:07,346 INFO  [BrowserSelenium] ENTER --> (_parseElementOnXpath)
13:59:07,346 INFO  [BrowserSelenium] (_parseElementOnXpath) -> //input[@id='j_client_id'] is used
13:59:07,346 INFO  [BrowserSelenium] EXIT --> (_parseElementOnXpath)
13:59:07,346 INFO  [BrowserSelenium] EXIT --> (_getByLocator)
13:59:07,356 INFO  [BrowserSelenium] ENTER --> (_getByLocator)
13:59:07,356 INFO  [BrowserSelenium] (_getByLocator) -> Getting locator for null
13:59:07,356 INFO  [BrowserSelenium] (_getByLocator) -> Locator info found for XPATH attribute as: //input[@id='j_client_id']
13:59:07,356 INFO  [BrowserSelenium] ENTER --> (_parseElementOnXpath)
13:59:07,356 INFO  [BrowserSelenium] (_parseElementOnXpath) -> //input[@id='j_client_id'] is used
13:59:07,356 INFO  [BrowserSelenium] EXIT --> (_parseElementOnXpath)
13:59:07,356 INFO  [BrowserSelenium] EXIT --> (_getByLocator)
13:59:07,386 INFO  [BrowserSelenium] (waitForElement) -> element wait eligibility found: true
13:59:07,386 INFO  [BrowserSelenium] ENTER --> (_waitForJStoLoad)
13:59:07,406 INFO  [BrowserSelenium] EXIT --> (_waitForJStoLoad) --> DOM load wait done: true
13:59:07,406 INFO  [BrowserSelenium] (waitForElement) -> element wait eligibility set: true
13:59:07,406 INFO  [BrowserSelenium] EXIT --> (waitForElement)
13:59:07,406 INFO  [BrowserSelenium] EXIT --> (_waitForElement)
13:59:07,406 INFO  [BrowserSelenium] ENTER --> (_waitForElement) --> Waiting for element: null
13:59:07,406 INFO  [BrowserSelenium] ENTER --> (waitForElement)
13:59:07,416 INFO  [BrowserSelenium] ENTER --> (_getByLocator)
13:59:07,416 INFO  [BrowserSelenium] (_getByLocator) -> Getting locator for null
13:59:07,416 INFO  [BrowserSelenium] (_getByLocator) -> Locator info found for XPATH attribute as: //input[@id='j_client_id']
13:59:07,416 INFO  [BrowserSelenium] ENTER --> (_parseElementOnXpath)
13:59:07,416 INFO  [BrowserSelenium] (_parseElementOnXpath) -> //input[@id='j_client_id'] is used
13:59:07,416 INFO  [BrowserSelenium] EXIT --> (_parseElementOnXpath)
13:59:07,416 INFO  [BrowserSelenium] EXIT --> (_getByLocator)
13:59:07,426 INFO  [BrowserSelenium] ENTER --> (_getByLocator)
13:59:07,426 INFO  [BrowserSelenium] (_getByLocator) -> Getting locator for null
13:59:07,426 INFO  [BrowserSelenium] (_getByLocator) -> Locator info found for XPATH attribute as: //input[@id='j_client_id']
13:59:07,426 INFO  [BrowserSelenium] ENTER --> (_parseElementOnXpath)
13:59:07,426 INFO  [BrowserSelenium] (_parseElementOnXpath) -> //input[@id='j_client_id'] is used
13:59:07,426 INFO  [BrowserSelenium] EXIT --> (_parseElementOnXpath)
13:59:07,426 INFO  [BrowserSelenium] EXIT --> (_getByLocator)
13:59:07,456 INFO  [BrowserSelenium] (waitForElement) -> element wait eligibility found: true
13:59:07,456 INFO  [BrowserSelenium] ENTER --> (_waitForJStoLoad)
13:59:07,476 INFO  [BrowserSelenium] EXIT --> (_waitForJStoLoad) --> DOM load wait done: true
13:59:07,476 INFO  [BrowserSelenium] (waitForElement) -> element wait eligibility set: true
13:59:07,476 INFO  [BrowserSelenium] EXIT --> (waitForElement)
13:59:07,476 INFO  [BrowserSelenium] EXIT --> (_waitForElement)
13:59:07,476 INFO  [BrowserSelenium] ENTER --> (_waitForElement) --> Waiting for element: null
13:59:07,476 INFO  [BrowserSelenium] ENTER --> (waitForElement)
13:59:07,486 INFO  [BrowserSelenium] ENTER --> (_getByLocator)
13:59:07,486 INFO  [BrowserSelenium] (_getByLocator) -> Getting locator for null
13:59:07,486 INFO  [BrowserSelenium] (_getByLocator) -> Locator info found for XPATH attribute as: //input[@id='j_client_id']
13:59:07,486 INFO  [BrowserSelenium] ENTER --> (_parseElementOnXpath)
13:59:07,486 INFO  [BrowserSelenium] (_parseElementOnXpath) -> //input[@id='j_client_id'] is used
13:59:07,486 INFO  [BrowserSelenium] EXIT --> (_parseElementOnXpath)
13:59:07,486 INFO  [BrowserSelenium] EXIT --> (_getByLocator)
13:59:07,506 INFO  [BrowserSelenium] ENTER --> (_getByLocator)
13:59:07,506 INFO  [BrowserSelenium] (_getByLocator) -> Getting locator for null
13:59:07,506 INFO  [BrowserSelenium] (_getByLocator) -> Locator info found for XPATH attribute as: //input[@id='j_client_id']
13:59:07,506 INFO  [BrowserSelenium] ENTER --> (_parseElementOnXpath)
13:59:07,506 INFO  [BrowserSelenium] (_parseElementOnXpath) -> //input[@id='j_client_id'] is used
13:59:07,506 INFO  [BrowserSelenium] EXIT --> (_parseElementOnXpath)
13:59:07,506 INFO  [BrowserSelenium] EXIT --> (_getByLocator)
13:59:07,536 INFO  [BrowserSelenium] (waitForElement) -> element wait eligibility found: true
13:59:07,536 INFO  [BrowserSelenium] ENTER --> (_waitForJStoLoad)
13:59:07,566 INFO  [BrowserSelenium] EXIT --> (_waitForJStoLoad) --> DOM load wait done: true
13:59:07,566 INFO  [BrowserSelenium] (waitForElement) -> element wait eligibility set: true
13:59:07,566 INFO  [BrowserSelenium] EXIT --> (waitForElement)
13:59:07,566 INFO  [BrowserSelenium] EXIT --> (_waitForElement)
13:59:07,566 INFO  [BrowserSelenium] ENTER --> (_getByLocator)
13:59:07,566 INFO  [BrowserSelenium] (_getByLocator) -> Getting locator for null
13:59:07,566 INFO  [BrowserSelenium] (_getByLocator) -> Locator info found for XPATH attribute as: //input[@id='j_client_id']
13:59:07,566 INFO  [BrowserSelenium] ENTER --> (_parseElementOnXpath)
13:59:07,566 INFO  [BrowserSelenium] (_parseElementOnXpath) -> //input[@id='j_client_id'] is used
13:59:07,566 INFO  [BrowserSelenium] EXIT --> (_parseElementOnXpath)
13:59:07,566 INFO  [BrowserSelenium] EXIT --> (_getByLocator)
13:59:07,606 INFO  [BrowserSelenium] ENTER --> (_getByLocator)
13:59:07,606 INFO  [BrowserSelenium] (_getByLocator) -> Getting locator for null
13:59:07,606 INFO  [BrowserSelenium] (_getByLocator) -> Locator info found for XPATH attribute as: //input[@id='j_client_id']
13:59:07,606 INFO  [BrowserSelenium] ENTER --> (_parseElementOnXpath)
13:59:07,606 INFO  [BrowserSelenium] (_parseElementOnXpath) -> //input[@id='j_client_id'] is used
13:59:07,606 INFO  [BrowserSelenium] EXIT --> (_parseElementOnXpath)
13:59:07,606 INFO  [BrowserSelenium] EXIT --> (_getByLocator)
13:59:07,686 INFO  [BrowserSelenium] ENTER --> (_getByLocator)
13:59:07,686 INFO  [BrowserSelenium] (_getByLocator) -> Getting locator for null
13:59:07,686 INFO  [BrowserSelenium] (_getByLocator) -> Locator info found for XPATH attribute as: //input[@id='j_client_id']
13:59:07,686 INFO  [BrowserSelenium] ENTER --> (_parseElementOnXpath)
13:59:07,686 INFO  [BrowserSelenium] (_parseElementOnXpath) -> //input[@id='j_client_id'] is used
13:59:07,686 INFO  [BrowserSelenium] EXIT --> (_parseElementOnXpath)
13:59:07,686 INFO  [BrowserSelenium] EXIT --> (_getByLocator)
13:59:07,736 INFO  [BrowserSelenium] ENTER --> (_waitForElement) --> Waiting for element: null
13:59:07,736 INFO  [BrowserSelenium] ENTER --> (waitForElement)
13:59:07,746 INFO  [BrowserSelenium] ENTER --> (_getByLocator)
13:59:07,746 INFO  [BrowserSelenium] (_getByLocator) -> Getting locator for null
13:59:07,746 INFO  [BrowserSelenium] (_getByLocator) -> Locator info found for XPATH attribute as: //input[@id='j_client_id']
13:59:07,746 INFO  [BrowserSelenium] ENTER --> (_parseElementOnXpath)
13:59:07,746 INFO  [BrowserSelenium] (_parseElementOnXpath) -> //input[@id='j_client_id'] is used
13:59:07,746 INFO  [BrowserSelenium] EXIT --> (_parseElementOnXpath)
13:59:07,746 INFO  [BrowserSelenium] EXIT --> (_getByLocator)
13:59:07,766 INFO  [BrowserSelenium] ENTER --> (_getByLocator)
13:59:07,766 INFO  [BrowserSelenium] (_getByLocator) -> Getting locator for null
13:59:07,766 INFO  [BrowserSelenium] (_getByLocator) -> Locator info found for XPATH attribute as: //input[@id='j_client_id']
13:59:07,766 INFO  [BrowserSelenium] ENTER --> (_parseElementOnXpath)
13:59:07,766 INFO  [BrowserSelenium] (_parseElementOnXpath) -> //input[@id='j_client_id'] is used
13:59:07,766 INFO  [BrowserSelenium] EXIT --> (_parseElementOnXpath)
13:59:07,766 INFO  [BrowserSelenium] EXIT --> (_getByLocator)
13:59:07,806 INFO  [BrowserSelenium] (waitForElement) -> element wait eligibility found: true
13:59:07,806 INFO  [BrowserSelenium] ENTER --> (_waitForJStoLoad)
13:59:07,860 INFO  [BrowserSelenium] EXIT --> (_waitForJStoLoad) --> DOM load wait done: true
13:59:07,860 INFO  [BrowserSelenium] (waitForElement) -> element wait eligibility set: true
13:59:07,860 INFO  [BrowserSelenium] EXIT --> (waitForElement)
13:59:07,860 INFO  [BrowserSelenium] EXIT --> (_waitForElement)
13:59:07,870 INFO  [BrowserSelenium] ENTER --> (_getByLocator)
13:59:07,870 INFO  [BrowserSelenium] (_getByLocator) -> Getting locator for null
13:59:07,870 INFO  [BrowserSelenium] (_getByLocator) -> Locator info found for XPATH attribute as: //input[@id='j_client_id']
13:59:07,870 INFO  [BrowserSelenium] ENTER --> (_parseElementOnXpath)
13:59:07,870 INFO  [BrowserSelenium] (_parseElementOnXpath) -> //input[@id='j_client_id'] is used
13:59:07,870 INFO  [BrowserSelenium] EXIT --> (_parseElementOnXpath)
13:59:07,870 INFO  [BrowserSelenium] EXIT --> (_getByLocator)
13:59:07,880 INFO  [BrowserSelenium] ENTER --> (_waitForElement) --> Waiting for element: null
13:59:07,880 INFO  [BrowserSelenium] ENTER --> (waitForElement)
13:59:07,880 INFO  [BrowserSelenium] ENTER --> (_getByLocator)
13:59:07,880 INFO  [BrowserSelenium] (_getByLocator) -> Getting locator for null
13:59:07,880 INFO  [BrowserSelenium] (_getByLocator) -> Locator info found for XPATH attribute as: //input[@id='j_client_id']
13:59:07,880 INFO  [BrowserSelenium] ENTER --> (_parseElementOnXpath)
13:59:07,880 INFO  [BrowserSelenium] (_parseElementOnXpath) -> //input[@id='j_client_id'] is used
13:59:07,880 INFO  [BrowserSelenium] EXIT --> (_parseElementOnXpath)
13:59:07,880 INFO  [BrowserSelenium] EXIT --> (_getByLocator)
13:59:07,900 INFO  [BrowserSelenium] ENTER --> (_getByLocator)
13:59:07,900 INFO  [BrowserSelenium] (_getByLocator) -> Getting locator for null
13:59:07,900 INFO  [BrowserSelenium] (_getByLocator) -> Locator info found for XPATH attribute as: //input[@id='j_client_id']
13:59:07,900 INFO  [BrowserSelenium] ENTER --> (_parseElementOnXpath)
13:59:07,900 INFO  [BrowserSelenium] (_parseElementOnXpath) -> //input[@id='j_client_id'] is used
13:59:07,900 INFO  [BrowserSelenium] EXIT --> (_parseElementOnXpath)
13:59:07,900 INFO  [BrowserSelenium] EXIT --> (_getByLocator)
13:59:07,930 INFO  [BrowserSelenium] (waitForElement) -> element wait eligibility found: true
13:59:07,930 INFO  [BrowserSelenium] ENTER --> (_waitForJStoLoad)
13:59:07,950 INFO  [BrowserSelenium] EXIT --> (_waitForJStoLoad) --> DOM load wait done: true
13:59:07,950 INFO  [BrowserSelenium] (waitForElement) -> element wait eligibility set: true
13:59:07,950 INFO  [BrowserSelenium] EXIT --> (waitForElement)
13:59:07,950 INFO  [BrowserSelenium] EXIT --> (_waitForElement)
13:59:07,970 INFO  [BrowserSelenium] ENTER --> (_getByLocator)
13:59:07,970 INFO  [BrowserSelenium] (_getByLocator) -> Getting locator for null
13:59:07,970 INFO  [BrowserSelenium] (_getByLocator) -> Locator info found for XPATH attribute as: //input[@id='j_client_id']
13:59:07,970 INFO  [BrowserSelenium] ENTER --> (_parseElementOnXpath)
13:59:07,970 INFO  [BrowserSelenium] (_parseElementOnXpath) -> //input[@id='j_client_id'] is used
13:59:07,970 INFO  [BrowserSelenium] EXIT --> (_parseElementOnXpath)
13:59:07,970 INFO  [BrowserSelenium] EXIT --> (_getByLocator)
13:59:07,980 INFO  [BrowserSelenium] ENTER --> (clickLinkText)
13:59:07,980 INFO  [BrowserSelenium] ENTER --> (_waitForElement) --> Waiting for element: null
13:59:07,980 INFO  [BrowserSelenium] ENTER --> (waitForElement)
13:59:07,990 INFO  [BrowserSelenium] ENTER --> (_getByLocator)
13:59:07,990 INFO  [BrowserSelenium] (_getByLocator) -> Getting locator for null
13:59:07,990 INFO  [BrowserSelenium] (_getByLocator) -> Locator info found for XPATH attribute as: //span[text()='Login']
13:59:07,990 INFO  [BrowserSelenium] ENTER --> (_parseElementOnXpath)
13:59:07,990 INFO  [BrowserSelenium] (_parseElementOnXpath) -> //span[text()='Login'] is used
13:59:07,990 INFO  [BrowserSelenium] EXIT --> (_parseElementOnXpath)
13:59:07,990 INFO  [BrowserSelenium] EXIT --> (_getByLocator)
13:59:08,000 INFO  [BrowserSelenium] ENTER --> (_getByLocator)
13:59:08,000 INFO  [BrowserSelenium] (_getByLocator) -> Getting locator for null
13:59:08,000 INFO  [BrowserSelenium] (_getByLocator) -> Locator info found for XPATH attribute as: //span[text()='Login']
13:59:08,000 INFO  [BrowserSelenium] ENTER --> (_parseElementOnXpath)
13:59:08,000 INFO  [BrowserSelenium] (_parseElementOnXpath) -> //span[text()='Login'] is used
13:59:08,000 INFO  [BrowserSelenium] EXIT --> (_parseElementOnXpath)
13:59:08,000 INFO  [BrowserSelenium] EXIT --> (_getByLocator)
13:59:08,030 INFO  [BrowserSelenium] (waitForElement) -> element wait eligibility found: true
13:59:08,030 INFO  [BrowserSelenium] ENTER --> (_waitForJStoLoad)
13:59:08,050 INFO  [BrowserSelenium] EXIT --> (_waitForJStoLoad) --> DOM load wait done: true
13:59:08,050 INFO  [BrowserSelenium] (waitForElement) -> element wait eligibility set: true
13:59:08,050 INFO  [BrowserSelenium] EXIT --> (waitForElement)
13:59:08,050 INFO  [BrowserSelenium] EXIT --> (_waitForElement)
13:59:08,060 INFO  [BrowserSelenium] ENTER --> (_getByLocator)
13:59:08,060 INFO  [BrowserSelenium] (_getByLocator) -> Getting locator for null
13:59:08,060 INFO  [BrowserSelenium] (_getByLocator) -> Locator info found for XPATH attribute as: //span[text()='Login']
13:59:08,060 INFO  [BrowserSelenium] ENTER --> (_parseElementOnXpath)
13:59:08,060 INFO  [BrowserSelenium] (_parseElementOnXpath) -> //span[text()='Login'] is used
13:59:08,060 INFO  [BrowserSelenium] EXIT --> (_parseElementOnXpath)
13:59:08,060 INFO  [BrowserSelenium] EXIT --> (_getByLocator)
13:59:08,060 INFO  [BrowserSelenium] ENTER --> (_clickUsingJavaScript)
13:59:08,140 INFO  [BrowserSelenium] EXIT --> (_clickUsingJavaScript)
13:59:08,140 INFO  [BrowserSelenium] EXIT --> (clickLinkText)
13:59:08,140 INFO  [BrowserSelenium] ENTER --> (initElements)
13:59:08,140 INFO  [BrowserSelenium] (initElements) -> ID set to field: 
13:59:08,140 INFO  [BrowserSelenium] (initElements) -> Name set to field: 
13:59:08,140 INFO  [BrowserSelenium] (initElements) -> CSS set to field: 
13:59:08,140 INFO  [BrowserSelenium] (initElements) -> XPath set to field: //input[@id='j_username']
13:59:08,140 INFO  [BrowserSelenium] (initElements) -> ID set to field: 
13:59:08,140 INFO  [BrowserSelenium] (initElements) -> Name set to field: 
13:59:08,140 INFO  [BrowserSelenium] (initElements) -> CSS set to field: 
13:59:08,140 INFO  [BrowserSelenium] (initElements) -> XPath set to field: //input[@id='j_password']
13:59:08,140 INFO  [BrowserSelenium] (initElements) -> ID set to field: 
13:59:08,140 INFO  [BrowserSelenium] (initElements) -> Name set to field: 
13:59:08,140 INFO  [BrowserSelenium] (initElements) -> CSS set to field: 
13:59:08,140 INFO  [BrowserSelenium] (initElements) -> XPath set to field: //input[@id='j_client_id']
13:59:08,140 INFO  [BrowserSelenium] (initElements) -> ID set to field: 
13:59:08,140 INFO  [BrowserSelenium] (initElements) -> Name set to field: 
13:59:08,140 INFO  [BrowserSelenium] (initElements) -> CSS set to field: 
13:59:08,140 INFO  [BrowserSelenium] (initElements) -> XPath set to field: //input[@id='_spring_security_remember_me']
13:59:08,140 INFO  [BrowserSelenium] (initElements) -> ID set to field: 
13:59:08,140 INFO  [BrowserSelenium] (initElements) -> Name set to field: 
13:59:08,140 INFO  [BrowserSelenium] (initElements) -> CSS set to field: 
13:59:08,140 INFO  [BrowserSelenium] (initElements) -> XPath set to field: //span[text()='Login']
13:59:08,140 INFO  [BrowserSelenium] EXIT --> (initElements)
13:59:08,140 INFO  [BrowserSelenium] ENTER --> (_waitForElement) --> Waiting for element: null
13:59:08,140 INFO  [BrowserSelenium] ENTER --> (waitForElement)
13:59:09,290 INFO  [BrowserSelenium] ENTER --> (_getByLocator)
13:59:09,290 INFO  [BrowserSelenium] (_getByLocator) -> Getting locator for null
13:59:09,290 INFO  [BrowserSelenium] (_getByLocator) -> Locator info found for XPATH attribute as: //div[@id='messages']/div/p
13:59:09,290 INFO  [BrowserSelenium] ENTER --> (_parseElementOnXpath)
13:59:09,290 INFO  [BrowserSelenium] (_parseElementOnXpath) -> //div[@id='messages']/div/p is used
13:59:09,290 INFO  [BrowserSelenium] EXIT --> (_parseElementOnXpath)
13:59:09,290 INFO  [BrowserSelenium] EXIT --> (_getByLocator)
13:59:09,310 INFO  [BrowserSelenium] ENTER --> (_getByLocator)
13:59:09,310 INFO  [BrowserSelenium] (_getByLocator) -> Getting locator for null
13:59:09,310 INFO  [BrowserSelenium] (_getByLocator) -> Locator info found for XPATH attribute as: //div[@id='messages']/div/p
13:59:09,310 INFO  [BrowserSelenium] ENTER --> (_parseElementOnXpath)
13:59:09,310 INFO  [BrowserSelenium] (_parseElementOnXpath) -> //div[@id='messages']/div/p is used
13:59:09,310 INFO  [BrowserSelenium] EXIT --> (_parseElementOnXpath)
13:59:09,310 INFO  [BrowserSelenium] EXIT --> (_getByLocator)
13:59:09,350 INFO  [BrowserSelenium] (waitForElement) -> element wait eligibility found: true
13:59:09,350 INFO  [BrowserSelenium] ENTER --> (_waitForJStoLoad)
13:59:09,370 INFO  [BrowserSelenium] EXIT --> (_waitForJStoLoad) --> DOM load wait done: true
13:59:09,370 INFO  [BrowserSelenium] (waitForElement) -> element wait eligibility set: true
13:59:09,370 INFO  [BrowserSelenium] EXIT --> (waitForElement)
13:59:09,370 INFO  [BrowserSelenium] EXIT --> (_waitForElement)
13:59:09,380 INFO  [BrowserSelenium] ENTER --> (_getByLocator)
13:59:09,380 INFO  [BrowserSelenium] (_getByLocator) -> Getting locator for null
13:59:09,380 INFO  [BrowserSelenium] (_getByLocator) -> Locator info found for XPATH attribute as: //div[@id='messages']/div/p
13:59:09,380 INFO  [BrowserSelenium] ENTER --> (_parseElementOnXpath)
13:59:09,380 INFO  [BrowserSelenium] (_parseElementOnXpath) -> //div[@id='messages']/div/p is used
13:59:09,380 INFO  [BrowserSelenium] EXIT --> (_parseElementOnXpath)
13:59:09,380 INFO  [BrowserSelenium] EXIT --> (_getByLocator)
13:59:09,400 INFO  [MessagesPage] (isOperationSuccessfulOnMessage) -> Sorry, we were not able to find a user with that login id and password for the selected company.
13:59:09,400 INFO  [BrowserSelenium] ENTER --> (_waitForElement) --> Waiting for element: null
13:59:09,400 INFO  [BrowserSelenium] ENTER --> (waitForElement)
13:59:09,400 INFO  [BrowserSelenium] ENTER --> (_getByLocator)
13:59:09,400 INFO  [BrowserSelenium] (_getByLocator) -> Getting locator for null
13:59:09,400 INFO  [BrowserSelenium] (_getByLocator) -> Locator info found for XPATH attribute as: //div[@id='messages']/div/p
13:59:09,400 INFO  [BrowserSelenium] ENTER --> (_parseElementOnXpath)
13:59:09,400 INFO  [BrowserSelenium] (_parseElementOnXpath) -> //div[@id='messages']/div/p is used
13:59:09,400 INFO  [BrowserSelenium] EXIT --> (_parseElementOnXpath)
13:59:09,400 INFO  [BrowserSelenium] EXIT --> (_getByLocator)
13:59:09,410 INFO  [BrowserSelenium] ENTER --> (_getByLocator)
13:59:09,410 INFO  [BrowserSelenium] (_getByLocator) -> Getting locator for null
13:59:09,410 INFO  [BrowserSelenium] (_getByLocator) -> Locator info found for XPATH attribute as: //div[@id='messages']/div/p
13:59:09,410 INFO  [BrowserSelenium] ENTER --> (_parseElementOnXpath)
13:59:09,410 INFO  [BrowserSelenium] (_parseElementOnXpath) -> //div[@id='messages']/div/p is used
13:59:09,410 INFO  [BrowserSelenium] EXIT --> (_parseElementOnXpath)
13:59:09,410 INFO  [BrowserSelenium] EXIT --> (_getByLocator)
13:59:09,450 INFO  [BrowserSelenium] (waitForElement) -> element wait eligibility found: true
13:59:09,450 INFO  [BrowserSelenium] ENTER --> (_waitForJStoLoad)
13:59:09,480 INFO  [BrowserSelenium] EXIT --> (_waitForJStoLoad) --> DOM load wait done: true
13:59:09,480 INFO  [BrowserSelenium] (waitForElement) -> element wait eligibility set: true
13:59:09,480 INFO  [BrowserSelenium] EXIT --> (waitForElement)
13:59:09,480 INFO  [BrowserSelenium] EXIT --> (_waitForElement)
13:59:09,490 INFO  [BrowserSelenium] ENTER --> (_getByLocator)
13:59:09,490 INFO  [BrowserSelenium] (_getByLocator) -> Getting locator for null
13:59:09,490 INFO  [BrowserSelenium] (_getByLocator) -> Locator info found for XPATH attribute as: //div[@id='messages']/div/p
13:59:09,490 INFO  [BrowserSelenium] ENTER --> (_parseElementOnXpath)
13:59:09,490 INFO  [BrowserSelenium] (_parseElementOnXpath) -> //div[@id='messages']/div/p is used
13:59:09,490 INFO  [BrowserSelenium] EXIT --> (_parseElementOnXpath)
13:59:09,490 INFO  [BrowserSelenium] EXIT --> (_getByLocator)
13:59:09,500 INFO  [MessagesPage] (isOperationSuccessfulOnMessage) -> Sorry, we were not able to find a user with that login id and password for the selected company.
13:59:09,500 INFO  [BrowserSelenium] ENTER --> (initElements)
13:59:09,500 INFO  [BrowserSelenium] (initElements) -> ID set to field: 
13:59:09,500 INFO  [BrowserSelenium] (initElements) -> Name set to field: 
13:59:09,500 INFO  [BrowserSelenium] (initElements) -> CSS set to field: 
13:59:09,500 INFO  [BrowserSelenium] (initElements) -> XPath set to field: //div[@id='messages']/div/p
13:59:09,510 INFO  [BrowserSelenium] (initElements) -> ID set to field: 
13:59:09,510 INFO  [BrowserSelenium] (initElements) -> Name set to field: 
13:59:09,510 INFO  [BrowserSelenium] (initElements) -> CSS set to field: 
13:59:09,510 INFO  [BrowserSelenium] (initElements) -> XPath set to field: //div[@class = 'msg-box successfully']
13:59:09,510 INFO  [BrowserSelenium] (initElements) -> ID set to field: 
13:59:09,510 INFO  [BrowserSelenium] (initElements) -> Name set to field: 
13:59:09,510 INFO  [BrowserSelenium] (initElements) -> CSS set to field: 
13:59:09,510 INFO  [BrowserSelenium] (initElements) -> XPath set to field: //div[@id='messages']/div[@class='msg-box error']/strong
13:59:09,510 INFO  [BrowserSelenium] EXIT --> (initElements)
13:59:09,510 INFO  [VerifyUserAbleToLoginUsingValidCred] EXIT --> (TC01_1_loginWithInvalidCredentials)
13:59:09,510 INFO  [VerifyUserAbleToLoginUsingValidCred] ENTER --> (TC01_2_loginWithValidCredentials)
13:59:09,510 INFO  [PropertyFileReaderUpdater] (readPropertyFromFile) -> Read File :::::::::::E:\svn_workspace\jbilling_gradle\src\test\resources\config.properties
13:59:09,510 INFO  [ConfigPropertiesReader] (readConfig) -> :::::::::::::::::::::::::::::::NIGHTLY_ONE
13:59:09,510 INFO  [PropertyFileReaderUpdater] (readPropertyFromFile) -> Read File :::::::::::E:\svn_workspace\jbilling_gradle\src\test\resources\config.properties
13:59:09,510 INFO  [ConfigPropertiesReader] (readConfig) -> :::::::::::::::::::::::::::::::http://nightly-regression.jbilling.com/jbilling/login/auth
13:59:09,510 INFO  [LoginPage] ENTER --> (login)
13:59:09,510 INFO  [PropertyFileReaderUpdater] (readPropertyFromFile) -> Read File :::::::::::E:\svn_workspace\jbilling_gradle\src\test\resources\config.properties
13:59:09,510 INFO  [ConfigPropertiesReader] (readConfig) -> :::::::::::::::::::::::::::::::http://nightly-regression.jbilling.com/jbilling/login/auth
13:59:09,510 INFO  [PropertyFileReaderUpdater] (readPropertyFromFile) -> Read File :::::::::::E:\svn_workspace\jbilling_gradle\src\test\resources\config.properties
13:59:09,510 INFO  [ConfigPropertiesReader] (readConfig) -> :::::::::::::::::::::::::::::::system admin
13:59:09,510 INFO  [PropertyFileReaderUpdater] (readPropertyFromFile) -> Read File :::::::::::E:\svn_workspace\jbilling_gradle\src\test\resources\config.properties
13:59:09,510 INFO  [ConfigPropertiesReader] (readConfig) -> :::::::::::::::::::::::::::::::BWhq!b@06t
13:59:09,510 INFO  [PropertyFileReaderUpdater] (readPropertyFromFile) -> Read File :::::::::::E:\svn_workspace\jbilling_gradle\src\test\resources\config.properties
13:59:09,510 INFO  [ConfigPropertiesReader] (readConfig) -> :::::::::::::::::::::::::::::::81
13:59:09,510 INFO  [LoginPage] ENTER --> (login)
13:59:10,050 INFO  [BrowserSelenium] ENTER --> (_waitForElement) --> Waiting for element: null
13:59:10,050 INFO  [BrowserSelenium] ENTER --> (waitForElement)
13:59:10,060 INFO  [BrowserSelenium] ENTER --> (_getByLocator)
13:59:10,060 INFO  [BrowserSelenium] (_getByLocator) -> Getting locator for null
13:59:10,060 INFO  [BrowserSelenium] (_getByLocator) -> Locator info found for XPATH attribute as: //input[@id='j_username']
13:59:10,060 INFO  [BrowserSelenium] ENTER --> (_parseElementOnXpath)
13:59:10,060 INFO  [BrowserSelenium] (_parseElementOnXpath) -> //input[@id='j_username'] is used
13:59:10,060 INFO  [BrowserSelenium] EXIT --> (_parseElementOnXpath)
13:59:10,060 INFO  [BrowserSelenium] EXIT --> (_getByLocator)
13:59:10,080 INFO  [BrowserSelenium] ENTER --> (_getByLocator)
13:59:10,080 INFO  [BrowserSelenium] (_getByLocator) -> Getting locator for null
13:59:10,080 INFO  [BrowserSelenium] (_getByLocator) -> Locator info found for XPATH attribute as: //input[@id='j_username']
13:59:10,080 INFO  [BrowserSelenium] ENTER --> (_parseElementOnXpath)
13:59:10,080 INFO  [BrowserSelenium] (_parseElementOnXpath) -> //input[@id='j_username'] is used
13:59:10,080 INFO  [BrowserSelenium] EXIT --> (_parseElementOnXpath)
13:59:10,080 INFO  [BrowserSelenium] EXIT --> (_getByLocator)
13:59:10,100 INFO  [BrowserSelenium] (waitForElement) -> element wait eligibility found: true
13:59:10,110 INFO  [BrowserSelenium] ENTER --> (_waitForJStoLoad)
13:59:10,130 INFO  [BrowserSelenium] EXIT --> (_waitForJStoLoad) --> DOM load wait done: true
13:59:10,130 INFO  [BrowserSelenium] (waitForElement) -> element wait eligibility set: true
13:59:10,130 INFO  [BrowserSelenium] EXIT --> (waitForElement)
13:59:10,130 INFO  [BrowserSelenium] EXIT --> (_waitForElement)
13:59:10,130 INFO  [BrowserSelenium] ENTER --> (_waitForElement) --> Waiting for element: null
13:59:10,130 INFO  [BrowserSelenium] ENTER --> (waitForElement)
13:59:10,140 INFO  [BrowserSelenium] ENTER --> (_getByLocator)
13:59:10,140 INFO  [BrowserSelenium] (_getByLocator) -> Getting locator for null
13:59:10,140 INFO  [BrowserSelenium] (_getByLocator) -> Locator info found for XPATH attribute as: //input[@id='j_username']
13:59:10,140 INFO  [BrowserSelenium] ENTER --> (_parseElementOnXpath)
13:59:10,140 INFO  [BrowserSelenium] (_parseElementOnXpath) -> //input[@id='j_username'] is used
13:59:10,140 INFO  [BrowserSelenium] EXIT --> (_parseElementOnXpath)
13:59:10,140 INFO  [BrowserSelenium] EXIT --> (_getByLocator)
13:59:10,160 INFO  [BrowserSelenium] ENTER --> (_getByLocator)
13:59:10,160 INFO  [BrowserSelenium] (_getByLocator) -> Getting locator for null
13:59:10,160 INFO  [BrowserSelenium] (_getByLocator) -> Locator info found for XPATH attribute as: //input[@id='j_username']
13:59:10,160 INFO  [BrowserSelenium] ENTER --> (_parseElementOnXpath)
13:59:10,160 INFO  [BrowserSelenium] (_parseElementOnXpath) -> //input[@id='j_username'] is used
13:59:10,160 INFO  [BrowserSelenium] EXIT --> (_parseElementOnXpath)
13:59:10,160 INFO  [BrowserSelenium] EXIT --> (_getByLocator)
13:59:10,190 INFO  [BrowserSelenium] (waitForElement) -> element wait eligibility found: true
13:59:10,190 INFO  [BrowserSelenium] ENTER --> (_waitForJStoLoad)
13:59:10,210 INFO  [BrowserSelenium] EXIT --> (_waitForJStoLoad) --> DOM load wait done: true
13:59:10,210 INFO  [BrowserSelenium] (waitForElement) -> element wait eligibility set: true
13:59:10,210 INFO  [BrowserSelenium] EXIT --> (waitForElement)
13:59:10,210 INFO  [BrowserSelenium] EXIT --> (_waitForElement)
13:59:10,210 INFO  [BrowserSelenium] ENTER --> (_waitForElement) --> Waiting for element: null
13:59:10,210 INFO  [BrowserSelenium] ENTER --> (waitForElement)
13:59:10,220 INFO  [BrowserSelenium] ENTER --> (_getByLocator)
13:59:10,220 INFO  [BrowserSelenium] (_getByLocator) -> Getting locator for null
13:59:10,220 INFO  [BrowserSelenium] (_getByLocator) -> Locator info found for XPATH attribute as: //input[@id='j_username']
13:59:10,220 INFO  [BrowserSelenium] ENTER --> (_parseElementOnXpath)
13:59:10,220 INFO  [BrowserSelenium] (_parseElementOnXpath) -> //input[@id='j_username'] is used
13:59:10,220 INFO  [BrowserSelenium] EXIT --> (_parseElementOnXpath)
13:59:10,220 INFO  [BrowserSelenium] EXIT --> (_getByLocator)
13:59:10,240 INFO  [BrowserSelenium] ENTER --> (_getByLocator)
13:59:10,240 INFO  [BrowserSelenium] (_getByLocator) -> Getting locator for null
13:59:10,240 INFO  [BrowserSelenium] (_getByLocator) -> Locator info found for XPATH attribute as: //input[@id='j_username']
13:59:10,240 INFO  [BrowserSelenium] ENTER --> (_parseElementOnXpath)
13:59:10,240 INFO  [BrowserSelenium] (_parseElementOnXpath) -> //input[@id='j_username'] is used
13:59:10,240 INFO  [BrowserSelenium] EXIT --> (_parseElementOnXpath)
13:59:10,240 INFO  [BrowserSelenium] EXIT --> (_getByLocator)
13:59:10,270 INFO  [BrowserSelenium] (waitForElement) -> element wait eligibility found: true
13:59:10,270 INFO  [BrowserSelenium] ENTER --> (_waitForJStoLoad)
13:59:10,290 INFO  [BrowserSelenium] EXIT --> (_waitForJStoLoad) --> DOM load wait done: true
13:59:10,290 INFO  [BrowserSelenium] (waitForElement) -> element wait eligibility set: true
13:59:10,290 INFO  [BrowserSelenium] EXIT --> (waitForElement)
13:59:10,290 INFO  [BrowserSelenium] EXIT --> (_waitForElement)
13:59:10,290 INFO  [BrowserSelenium] ENTER --> (_waitForElement) --> Waiting for element: null
13:59:10,290 INFO  [BrowserSelenium] ENTER --> (waitForElement)
13:59:10,300 INFO  [BrowserSelenium] ENTER --> (_getByLocator)
13:59:10,300 INFO  [BrowserSelenium] (_getByLocator) -> Getting locator for null
13:59:10,300 INFO  [BrowserSelenium] (_getByLocator) -> Locator info found for XPATH attribute as: //input[@id='j_username']
13:59:10,300 INFO  [BrowserSelenium] ENTER --> (_parseElementOnXpath)
13:59:10,300 INFO  [BrowserSelenium] (_parseElementOnXpath) -> //input[@id='j_username'] is used
13:59:10,300 INFO  [BrowserSelenium] EXIT --> (_parseElementOnXpath)
13:59:10,300 INFO  [BrowserSelenium] EXIT --> (_getByLocator)
13:59:10,320 INFO  [BrowserSelenium] ENTER --> (_getByLocator)
13:59:10,320 INFO  [BrowserSelenium] (_getByLocator) -> Getting locator for null
13:59:10,320 INFO  [BrowserSelenium] (_getByLocator) -> Locator info found for XPATH attribute as: //input[@id='j_username']
13:59:10,320 INFO  [BrowserSelenium] ENTER --> (_parseElementOnXpath)
13:59:10,320 INFO  [BrowserSelenium] (_parseElementOnXpath) -> //input[@id='j_username'] is used
13:59:10,320 INFO  [BrowserSelenium] EXIT --> (_parseElementOnXpath)
13:59:10,320 INFO  [BrowserSelenium] EXIT --> (_getByLocator)
13:59:10,350 INFO  [BrowserSelenium] (waitForElement) -> element wait eligibility found: true
13:59:10,350 INFO  [BrowserSelenium] ENTER --> (_waitForJStoLoad)
13:59:10,370 INFO  [BrowserSelenium] EXIT --> (_waitForJStoLoad) --> DOM load wait done: true
13:59:10,370 INFO  [BrowserSelenium] (waitForElement) -> element wait eligibility set: true
13:59:10,370 INFO  [BrowserSelenium] EXIT --> (waitForElement)
13:59:10,370 INFO  [BrowserSelenium] EXIT --> (_waitForElement)
13:59:10,380 INFO  [BrowserSelenium] ENTER --> (_getByLocator)
13:59:10,380 INFO  [BrowserSelenium] (_getByLocator) -> Getting locator for null
13:59:10,380 INFO  [BrowserSelenium] (_getByLocator) -> Locator info found for XPATH attribute as: //input[@id='j_username']
13:59:10,380 INFO  [BrowserSelenium] ENTER --> (_parseElementOnXpath)
13:59:10,380 INFO  [BrowserSelenium] (_parseElementOnXpath) -> //input[@id='j_username'] is used
13:59:10,380 INFO  [BrowserSelenium] EXIT --> (_parseElementOnXpath)
13:59:10,380 INFO  [BrowserSelenium] EXIT --> (_getByLocator)
13:59:10,400 INFO  [BrowserSelenium] ENTER --> (_getByLocator)
13:59:10,400 INFO  [BrowserSelenium] (_getByLocator) -> Getting locator for null
13:59:10,400 INFO  [BrowserSelenium] (_getByLocator) -> Locator info found for XPATH attribute as: //input[@id='j_username']
13:59:10,400 INFO  [BrowserSelenium] ENTER --> (_parseElementOnXpath)
13:59:10,400 INFO  [BrowserSelenium] (_parseElementOnXpath) -> //input[@id='j_username'] is used
13:59:10,400 INFO  [BrowserSelenium] EXIT --> (_parseElementOnXpath)
13:59:10,400 INFO  [BrowserSelenium] EXIT --> (_getByLocator)
13:59:10,480 INFO  [BrowserSelenium] ENTER --> (_getByLocator)
13:59:10,480 INFO  [BrowserSelenium] (_getByLocator) -> Getting locator for null
13:59:10,480 INFO  [BrowserSelenium] (_getByLocator) -> Locator info found for XPATH attribute as: //input[@id='j_username']
13:59:10,480 INFO  [BrowserSelenium] ENTER --> (_parseElementOnXpath)
13:59:10,480 INFO  [BrowserSelenium] (_parseElementOnXpath) -> //input[@id='j_username'] is used
13:59:10,480 INFO  [BrowserSelenium] EXIT --> (_parseElementOnXpath)
13:59:10,480 INFO  [BrowserSelenium] EXIT --> (_getByLocator)
13:59:10,550 INFO  [BrowserSelenium] ENTER --> (_waitForElement) --> Waiting for element: null
13:59:10,550 INFO  [BrowserSelenium] ENTER --> (waitForElement)
13:59:10,560 INFO  [BrowserSelenium] ENTER --> (_getByLocator)
13:59:10,560 INFO  [BrowserSelenium] (_getByLocator) -> Getting locator for null
13:59:10,560 INFO  [BrowserSelenium] (_getByLocator) -> Locator info found for XPATH attribute as: //input[@id='j_username']
13:59:10,560 INFO  [BrowserSelenium] ENTER --> (_parseElementOnXpath)
13:59:10,560 INFO  [BrowserSelenium] (_parseElementOnXpath) -> //input[@id='j_username'] is used
13:59:10,560 INFO  [BrowserSelenium] EXIT --> (_parseElementOnXpath)
13:59:10,560 INFO  [BrowserSelenium] EXIT --> (_getByLocator)
13:59:10,570 INFO  [BrowserSelenium] ENTER --> (_getByLocator)
13:59:10,570 INFO  [BrowserSelenium] (_getByLocator) -> Getting locator for null
13:59:10,570 INFO  [BrowserSelenium] (_getByLocator) -> Locator info found for XPATH attribute as: //input[@id='j_username']
13:59:10,570 INFO  [BrowserSelenium] ENTER --> (_parseElementOnXpath)
13:59:10,570 INFO  [BrowserSelenium] (_parseElementOnXpath) -> //input[@id='j_username'] is used
13:59:10,570 INFO  [BrowserSelenium] EXIT --> (_parseElementOnXpath)
13:59:10,570 INFO  [BrowserSelenium] EXIT --> (_getByLocator)
13:59:10,610 INFO  [BrowserSelenium] (waitForElement) -> element wait eligibility found: true
13:59:10,610 INFO  [BrowserSelenium] ENTER --> (_waitForJStoLoad)
13:59:10,630 INFO  [BrowserSelenium] EXIT --> (_waitForJStoLoad) --> DOM load wait done: true
13:59:10,630 INFO  [BrowserSelenium] (waitForElement) -> element wait eligibility set: true
13:59:10,630 INFO  [BrowserSelenium] EXIT --> (waitForElement)
13:59:10,630 INFO  [BrowserSelenium] EXIT --> (_waitForElement)
13:59:10,640 INFO  [BrowserSelenium] ENTER --> (_getByLocator)
13:59:10,640 INFO  [BrowserSelenium] (_getByLocator) -> Getting locator for null
13:59:10,640 INFO  [BrowserSelenium] (_getByLocator) -> Locator info found for XPATH attribute as: //input[@id='j_username']
13:59:10,640 INFO  [BrowserSelenium] ENTER --> (_parseElementOnXpath)
13:59:10,640 INFO  [BrowserSelenium] (_parseElementOnXpath) -> //input[@id='j_username'] is used
13:59:10,640 INFO  [BrowserSelenium] EXIT --> (_parseElementOnXpath)
13:59:10,640 INFO  [BrowserSelenium] EXIT --> (_getByLocator)
13:59:10,650 INFO  [BrowserSelenium] ENTER --> (_waitForElement) --> Waiting for element: null
13:59:10,650 INFO  [BrowserSelenium] ENTER --> (waitForElement)
13:59:10,660 INFO  [BrowserSelenium] ENTER --> (_getByLocator)
13:59:10,660 INFO  [BrowserSelenium] (_getByLocator) -> Getting locator for null
13:59:10,660 INFO  [BrowserSelenium] (_getByLocator) -> Locator info found for XPATH attribute as: //input[@id='j_username']
13:59:10,660 INFO  [BrowserSelenium] ENTER --> (_parseElementOnXpath)
13:59:10,660 INFO  [BrowserSelenium] (_parseElementOnXpath) -> //input[@id='j_username'] is used
13:59:10,660 INFO  [BrowserSelenium] EXIT --> (_parseElementOnXpath)
13:59:10,660 INFO  [BrowserSelenium] EXIT --> (_getByLocator)
13:59:10,670 INFO  [BrowserSelenium] ENTER --> (_getByLocator)
13:59:10,670 INFO  [BrowserSelenium] (_getByLocator) -> Getting locator for null
13:59:10,670 INFO  [BrowserSelenium] (_getByLocator) -> Locator info found for XPATH attribute as: //input[@id='j_username']
13:59:10,670 INFO  [BrowserSelenium] ENTER --> (_parseElementOnXpath)
13:59:10,670 INFO  [BrowserSelenium] (_parseElementOnXpath) -> //input[@id='j_username'] is used
13:59:10,670 INFO  [BrowserSelenium] EXIT --> (_parseElementOnXpath)
13:59:10,670 INFO  [BrowserSelenium] EXIT --> (_getByLocator)
13:59:10,710 INFO  [BrowserSelenium] (waitForElement) -> element wait eligibility found: true
13:59:10,710 INFO  [BrowserSelenium] ENTER --> (_waitForJStoLoad)
13:59:10,730 INFO  [BrowserSelenium] EXIT --> (_waitForJStoLoad) --> DOM load wait done: true
13:59:10,730 INFO  [BrowserSelenium] (waitForElement) -> element wait eligibility set: true
13:59:10,730 INFO  [BrowserSelenium] EXIT --> (waitForElement)
13:59:10,730 INFO  [BrowserSelenium] EXIT --> (_waitForElement)
13:59:10,750 INFO  [BrowserSelenium] ENTER --> (_getByLocator)
13:59:10,750 INFO  [BrowserSelenium] (_getByLocator) -> Getting locator for null
13:59:10,750 INFO  [BrowserSelenium] (_getByLocator) -> Locator info found for XPATH attribute as: //input[@id='j_username']
13:59:10,750 INFO  [BrowserSelenium] ENTER --> (_parseElementOnXpath)
13:59:10,750 INFO  [BrowserSelenium] (_parseElementOnXpath) -> //input[@id='j_username'] is used
13:59:10,750 INFO  [BrowserSelenium] EXIT --> (_parseElementOnXpath)
13:59:10,750 INFO  [BrowserSelenium] EXIT --> (_getByLocator)
13:59:10,760 INFO  [BrowserSelenium] ENTER --> (_waitForElement) --> Waiting for element: null
13:59:10,760 INFO  [BrowserSelenium] ENTER --> (waitForElement)
13:59:10,760 INFO  [BrowserSelenium] ENTER --> (_getByLocator)
13:59:10,760 INFO  [BrowserSelenium] (_getByLocator) -> Getting locator for null
13:59:10,760 INFO  [BrowserSelenium] (_getByLocator) -> Locator info found for XPATH attribute as: //input[@id='j_password']
13:59:10,760 INFO  [BrowserSelenium] ENTER --> (_parseElementOnXpath)
13:59:10,760 INFO  [BrowserSelenium] (_parseElementOnXpath) -> //input[@id='j_password'] is used
13:59:10,760 INFO  [BrowserSelenium] EXIT --> (_parseElementOnXpath)
13:59:10,760 INFO  [BrowserSelenium] EXIT --> (_getByLocator)
13:59:10,780 INFO  [BrowserSelenium] ENTER --> (_getByLocator)
13:59:10,780 INFO  [BrowserSelenium] (_getByLocator) -> Getting locator for null
13:59:10,780 INFO  [BrowserSelenium] (_getByLocator) -> Locator info found for XPATH attribute as: //input[@id='j_password']
13:59:10,780 INFO  [BrowserSelenium] ENTER --> (_parseElementOnXpath)
13:59:10,780 INFO  [BrowserSelenium] (_parseElementOnXpath) -> //input[@id='j_password'] is used
13:59:10,780 INFO  [BrowserSelenium] EXIT --> (_parseElementOnXpath)
13:59:10,780 INFO  [BrowserSelenium] EXIT --> (_getByLocator)
13:59:10,810 INFO  [BrowserSelenium] (waitForElement) -> element wait eligibility found: true
13:59:10,810 INFO  [BrowserSelenium] ENTER --> (_waitForJStoLoad)
13:59:10,830 INFO  [BrowserSelenium] EXIT --> (_waitForJStoLoad) --> DOM load wait done: true
13:59:10,830 INFO  [BrowserSelenium] (waitForElement) -> element wait eligibility set: true
13:59:10,830 INFO  [BrowserSelenium] EXIT --> (waitForElement)
13:59:10,830 INFO  [BrowserSelenium] EXIT --> (_waitForElement)
13:59:10,830 INFO  [BrowserSelenium] ENTER --> (_waitForElement) --> Waiting for element: null
13:59:10,830 INFO  [BrowserSelenium] ENTER --> (waitForElement)
13:59:10,830 INFO  [BrowserSelenium] ENTER --> (_getByLocator)
13:59:10,830 INFO  [BrowserSelenium] (_getByLocator) -> Getting locator for null
13:59:10,830 INFO  [BrowserSelenium] (_getByLocator) -> Locator info found for XPATH attribute as: //input[@id='j_password']
13:59:10,830 INFO  [BrowserSelenium] ENTER --> (_parseElementOnXpath)
13:59:10,830 INFO  [BrowserSelenium] (_parseElementOnXpath) -> //input[@id='j_password'] is used
13:59:10,830 INFO  [BrowserSelenium] EXIT --> (_parseElementOnXpath)
13:59:10,830 INFO  [BrowserSelenium] EXIT --> (_getByLocator)
13:59:10,851 INFO  [BrowserSelenium] ENTER --> (_getByLocator)
13:59:10,851 INFO  [BrowserSelenium] (_getByLocator) -> Getting locator for null
13:59:10,851 INFO  [BrowserSelenium] (_getByLocator) -> Locator info found for XPATH attribute as: //input[@id='j_password']
13:59:10,851 INFO  [BrowserSelenium] ENTER --> (_parseElementOnXpath)
13:59:10,852 INFO  [BrowserSelenium] (_parseElementOnXpath) -> //input[@id='j_password'] is used
13:59:10,852 INFO  [BrowserSelenium] EXIT --> (_parseElementOnXpath)
13:59:10,852 INFO  [BrowserSelenium] EXIT --> (_getByLocator)
13:59:10,883 INFO  [BrowserSelenium] (waitForElement) -> element wait eligibility found: true
13:59:10,883 INFO  [BrowserSelenium] ENTER --> (_waitForJStoLoad)
13:59:10,903 INFO  [BrowserSelenium] EXIT --> (_waitForJStoLoad) --> DOM load wait done: true
13:59:10,903 INFO  [BrowserSelenium] (waitForElement) -> element wait eligibility set: true
13:59:10,903 INFO  [BrowserSelenium] EXIT --> (waitForElement)
13:59:10,903 INFO  [BrowserSelenium] EXIT --> (_waitForElement)
13:59:10,903 INFO  [BrowserSelenium] ENTER --> (_waitForElement) --> Waiting for element: null
13:59:10,903 INFO  [BrowserSelenium] ENTER --> (waitForElement)
13:59:10,923 INFO  [BrowserSelenium] ENTER --> (_getByLocator)
13:59:10,923 INFO  [BrowserSelenium] (_getByLocator) -> Getting locator for null
13:59:10,923 INFO  [BrowserSelenium] (_getByLocator) -> Locator info found for XPATH attribute as: //input[@id='j_password']
13:59:10,923 INFO  [BrowserSelenium] ENTER --> (_parseElementOnXpath)
13:59:10,923 INFO  [BrowserSelenium] (_parseElementOnXpath) -> //input[@id='j_password'] is used
13:59:10,923 INFO  [BrowserSelenium] EXIT --> (_parseElementOnXpath)
13:59:10,923 INFO  [BrowserSelenium] EXIT --> (_getByLocator)
13:59:10,933 INFO  [BrowserSelenium] ENTER --> (_getByLocator)
13:59:10,933 INFO  [BrowserSelenium] (_getByLocator) -> Getting locator for null
13:59:10,933 INFO  [BrowserSelenium] (_getByLocator) -> Locator info found for XPATH attribute as: //input[@id='j_password']
13:59:10,933 INFO  [BrowserSelenium] ENTER --> (_parseElementOnXpath)
13:59:10,933 INFO  [BrowserSelenium] (_parseElementOnXpath) -> //input[@id='j_password'] is used
13:59:10,933 INFO  [BrowserSelenium] EXIT --> (_parseElementOnXpath)
13:59:10,933 INFO  [BrowserSelenium] EXIT --> (_getByLocator)
13:59:10,963 INFO  [BrowserSelenium] (waitForElement) -> element wait eligibility found: true
13:59:10,963 INFO  [BrowserSelenium] ENTER --> (_waitForJStoLoad)
13:59:10,983 INFO  [BrowserSelenium] EXIT --> (_waitForJStoLoad) --> DOM load wait done: true
13:59:10,983 INFO  [BrowserSelenium] (waitForElement) -> element wait eligibility set: true
13:59:10,983 INFO  [BrowserSelenium] EXIT --> (waitForElement)
13:59:10,983 INFO  [BrowserSelenium] EXIT --> (_waitForElement)
13:59:10,983 INFO  [BrowserSelenium] ENTER --> (_waitForElement) --> Waiting for element: null
13:59:10,983 INFO  [BrowserSelenium] ENTER --> (waitForElement)
13:59:10,983 INFO  [BrowserSelenium] ENTER --> (_getByLocator)
13:59:10,983 INFO  [BrowserSelenium] (_getByLocator) -> Getting locator for null
13:59:10,983 INFO  [BrowserSelenium] (_getByLocator) -> Locator info found for XPATH attribute as: //input[@id='j_password']
13:59:10,983 INFO  [BrowserSelenium] ENTER --> (_parseElementOnXpath)
13:59:10,983 INFO  [BrowserSelenium] (_parseElementOnXpath) -> //input[@id='j_password'] is used
13:59:10,983 INFO  [BrowserSelenium] EXIT --> (_parseElementOnXpath)
13:59:10,983 INFO  [BrowserSelenium] EXIT --> (_getByLocator)
13:59:11,003 INFO  [BrowserSelenium] ENTER --> (_getByLocator)
13:59:11,003 INFO  [BrowserSelenium] (_getByLocator) -> Getting locator for null
13:59:11,003 INFO  [BrowserSelenium] (_getByLocator) -> Locator info found for XPATH attribute as: //input[@id='j_password']
13:59:11,003 INFO  [BrowserSelenium] ENTER --> (_parseElementOnXpath)
13:59:11,003 INFO  [BrowserSelenium] (_parseElementOnXpath) -> //input[@id='j_password'] is used
13:59:11,003 INFO  [BrowserSelenium] EXIT --> (_parseElementOnXpath)
13:59:11,003 INFO  [BrowserSelenium] EXIT --> (_getByLocator)
13:59:11,033 INFO  [BrowserSelenium] (waitForElement) -> element wait eligibility found: true
13:59:11,033 INFO  [BrowserSelenium] ENTER --> (_waitForJStoLoad)
13:59:11,053 INFO  [BrowserSelenium] EXIT --> (_waitForJStoLoad) --> DOM load wait done: true
13:59:11,053 INFO  [BrowserSelenium] (waitForElement) -> element wait eligibility set: true
13:59:11,053 INFO  [BrowserSelenium] EXIT --> (waitForElement)
13:59:11,053 INFO  [BrowserSelenium] EXIT --> (_waitForElement)
13:59:11,063 INFO  [BrowserSelenium] ENTER --> (_getByLocator)
13:59:11,063 INFO  [BrowserSelenium] (_getByLocator) -> Getting locator for null
13:59:11,063 INFO  [BrowserSelenium] (_getByLocator) -> Locator info found for XPATH attribute as: //input[@id='j_password']
13:59:11,063 INFO  [BrowserSelenium] ENTER --> (_parseElementOnXpath)
13:59:11,063 INFO  [BrowserSelenium] (_parseElementOnXpath) -> //input[@id='j_password'] is used
13:59:11,063 INFO  [BrowserSelenium] EXIT --> (_parseElementOnXpath)
13:59:11,063 INFO  [BrowserSelenium] EXIT --> (_getByLocator)
13:59:11,113 INFO  [BrowserSelenium] ENTER --> (_getByLocator)
13:59:11,113 INFO  [BrowserSelenium] (_getByLocator) -> Getting locator for null
13:59:11,113 INFO  [BrowserSelenium] (_getByLocator) -> Locator info found for XPATH attribute as: //input[@id='j_password']
13:59:11,113 INFO  [BrowserSelenium] ENTER --> (_parseElementOnXpath)
13:59:11,113 INFO  [BrowserSelenium] (_parseElementOnXpath) -> //input[@id='j_password'] is used
13:59:11,113 INFO  [BrowserSelenium] EXIT --> (_parseElementOnXpath)
13:59:11,113 INFO  [BrowserSelenium] EXIT --> (_getByLocator)
13:59:11,193 INFO  [BrowserSelenium] ENTER --> (_getByLocator)
13:59:11,193 INFO  [BrowserSelenium] (_getByLocator) -> Getting locator for null
13:59:11,193 INFO  [BrowserSelenium] (_getByLocator) -> Locator info found for XPATH attribute as: //input[@id='j_password']
13:59:11,193 INFO  [BrowserSelenium] ENTER --> (_parseElementOnXpath)
13:59:11,193 INFO  [BrowserSelenium] (_parseElementOnXpath) -> //input[@id='j_password'] is used
13:59:11,193 INFO  [BrowserSelenium] EXIT --> (_parseElementOnXpath)
13:59:11,193 INFO  [BrowserSelenium] EXIT --> (_getByLocator)
13:59:11,263 INFO  [BrowserSelenium] ENTER --> (_waitForElement) --> Waiting for element: null
13:59:11,263 INFO  [BrowserSelenium] ENTER --> (waitForElement)
13:59:11,273 INFO  [BrowserSelenium] ENTER --> (_getByLocator)
13:59:11,273 INFO  [BrowserSelenium] (_getByLocator) -> Getting locator for null
13:59:11,273 INFO  [BrowserSelenium] (_getByLocator) -> Locator info found for XPATH attribute as: //input[@id='j_password']
13:59:11,273 INFO  [BrowserSelenium] ENTER --> (_parseElementOnXpath)
13:59:11,273 INFO  [BrowserSelenium] (_parseElementOnXpath) -> //input[@id='j_password'] is used
13:59:11,273 INFO  [BrowserSelenium] EXIT --> (_parseElementOnXpath)
13:59:11,273 INFO  [BrowserSelenium] EXIT --> (_getByLocator)
13:59:11,283 INFO  [BrowserSelenium] ENTER --> (_getByLocator)
13:59:11,283 INFO  [BrowserSelenium] (_getByLocator) -> Getting locator for null
13:59:11,283 INFO  [BrowserSelenium] (_getByLocator) -> Locator info found for XPATH attribute as: //input[@id='j_password']
13:59:11,283 INFO  [BrowserSelenium] ENTER --> (_parseElementOnXpath)
13:59:11,283 INFO  [BrowserSelenium] (_parseElementOnXpath) -> //input[@id='j_password'] is used
13:59:11,283 INFO  [BrowserSelenium] EXIT --> (_parseElementOnXpath)
13:59:11,283 INFO  [BrowserSelenium] EXIT --> (_getByLocator)
13:59:11,313 INFO  [BrowserSelenium] (waitForElement) -> element wait eligibility found: true
13:59:11,323 INFO  [BrowserSelenium] ENTER --> (_waitForJStoLoad)
13:59:11,343 INFO  [BrowserSelenium] EXIT --> (_waitForJStoLoad) --> DOM load wait done: true
13:59:11,343 INFO  [BrowserSelenium] (waitForElement) -> element wait eligibility set: true
13:59:11,343 INFO  [BrowserSelenium] EXIT --> (waitForElement)
13:59:11,343 INFO  [BrowserSelenium] EXIT --> (_waitForElement)
13:59:11,343 INFO  [BrowserSelenium] ENTER --> (_getByLocator)
13:59:11,343 INFO  [BrowserSelenium] (_getByLocator) -> Getting locator for null
13:59:11,343 INFO  [BrowserSelenium] (_getByLocator) -> Locator info found for XPATH attribute as: //input[@id='j_password']
13:59:11,343 INFO  [BrowserSelenium] ENTER --> (_parseElementOnXpath)
13:59:11,343 INFO  [BrowserSelenium] (_parseElementOnXpath) -> //input[@id='j_password'] is used
13:59:11,343 INFO  [BrowserSelenium] EXIT --> (_parseElementOnXpath)
13:59:11,343 INFO  [BrowserSelenium] EXIT --> (_getByLocator)
13:59:11,353 INFO  [BrowserSelenium] ENTER --> (_waitForElement) --> Waiting for element: null
13:59:11,353 INFO  [BrowserSelenium] ENTER --> (waitForElement)
13:59:11,363 INFO  [BrowserSelenium] ENTER --> (_getByLocator)
13:59:11,363 INFO  [BrowserSelenium] (_getByLocator) -> Getting locator for null
13:59:11,363 INFO  [BrowserSelenium] (_getByLocator) -> Locator info found for XPATH attribute as: //input[@id='j_password']
13:59:11,363 INFO  [BrowserSelenium] ENTER --> (_parseElementOnXpath)
13:59:11,363 INFO  [BrowserSelenium] (_parseElementOnXpath) -> //input[@id='j_password'] is used
13:59:11,363 INFO  [BrowserSelenium] EXIT --> (_parseElementOnXpath)
13:59:11,363 INFO  [BrowserSelenium] EXIT --> (_getByLocator)
13:59:11,373 INFO  [BrowserSelenium] ENTER --> (_getByLocator)
13:59:11,383 INFO  [BrowserSelenium] (_getByLocator) -> Getting locator for null
13:59:11,383 INFO  [BrowserSelenium] (_getByLocator) -> Locator info found for XPATH attribute as: //input[@id='j_password']
13:59:11,383 INFO  [BrowserSelenium] ENTER --> (_parseElementOnXpath)
13:59:11,383 INFO  [BrowserSelenium] (_parseElementOnXpath) -> //input[@id='j_password'] is used
13:59:11,383 INFO  [BrowserSelenium] EXIT --> (_parseElementOnXpath)
13:59:11,383 INFO  [BrowserSelenium] EXIT --> (_getByLocator)
13:59:11,413 INFO  [BrowserSelenium] (waitForElement) -> element wait eligibility found: true
13:59:11,413 INFO  [BrowserSelenium] ENTER --> (_waitForJStoLoad)
13:59:11,433 INFO  [BrowserSelenium] EXIT --> (_waitForJStoLoad) --> DOM load wait done: true
13:59:11,433 INFO  [BrowserSelenium] (waitForElement) -> element wait eligibility set: true
13:59:11,433 INFO  [BrowserSelenium] EXIT --> (waitForElement)
13:59:11,433 INFO  [BrowserSelenium] EXIT --> (_waitForElement)
13:59:11,443 INFO  [BrowserSelenium] ENTER --> (_getByLocator)
13:59:11,443 INFO  [BrowserSelenium] (_getByLocator) -> Getting locator for null
13:59:11,443 INFO  [BrowserSelenium] (_getByLocator) -> Locator info found for XPATH attribute as: //input[@id='j_password']
13:59:11,443 INFO  [BrowserSelenium] ENTER --> (_parseElementOnXpath)
13:59:11,443 INFO  [BrowserSelenium] (_parseElementOnXpath) -> //input[@id='j_password'] is used
13:59:11,443 INFO  [BrowserSelenium] EXIT --> (_parseElementOnXpath)
13:59:11,443 INFO  [BrowserSelenium] EXIT --> (_getByLocator)
13:59:11,453 INFO  [BrowserSelenium] ENTER --> (_waitForElement) --> Waiting for element: null
13:59:11,453 INFO  [BrowserSelenium] ENTER --> (waitForElement)
13:59:11,453 INFO  [BrowserSelenium] ENTER --> (_getByLocator)
13:59:11,453 INFO  [BrowserSelenium] (_getByLocator) -> Getting locator for null
13:59:11,453 INFO  [BrowserSelenium] (_getByLocator) -> Locator info found for XPATH attribute as: //input[@id='j_client_id']
13:59:11,453 INFO  [BrowserSelenium] ENTER --> (_parseElementOnXpath)
13:59:11,453 INFO  [BrowserSelenium] (_parseElementOnXpath) -> //input[@id='j_client_id'] is used
13:59:11,453 INFO  [BrowserSelenium] EXIT --> (_parseElementOnXpath)
13:59:11,453 INFO  [BrowserSelenium] EXIT --> (_getByLocator)
13:59:11,473 INFO  [BrowserSelenium] ENTER --> (_getByLocator)
13:59:11,473 INFO  [BrowserSelenium] (_getByLocator) -> Getting locator for null
13:59:11,473 INFO  [BrowserSelenium] (_getByLocator) -> Locator info found for XPATH attribute as: //input[@id='j_client_id']
13:59:11,473 INFO  [BrowserSelenium] ENTER --> (_parseElementOnXpath)
13:59:11,473 INFO  [BrowserSelenium] (_parseElementOnXpath) -> //input[@id='j_client_id'] is used
13:59:11,473 INFO  [BrowserSelenium] EXIT --> (_parseElementOnXpath)
13:59:11,473 INFO  [BrowserSelenium] EXIT --> (_getByLocator)
13:59:11,503 INFO  [BrowserSelenium] (waitForElement) -> element wait eligibility found: true
13:59:11,503 INFO  [BrowserSelenium] ENTER --> (_waitForJStoLoad)
13:59:11,533 INFO  [BrowserSelenium] EXIT --> (_waitForJStoLoad) --> DOM load wait done: true
13:59:11,533 INFO  [BrowserSelenium] (waitForElement) -> element wait eligibility set: true
13:59:11,533 INFO  [BrowserSelenium] EXIT --> (waitForElement)
13:59:11,533 INFO  [BrowserSelenium] EXIT --> (_waitForElement)
13:59:11,533 INFO  [BrowserSelenium] ENTER --> (_waitForElement) --> Waiting for element: null
13:59:11,533 INFO  [BrowserSelenium] ENTER --> (waitForElement)
13:59:11,543 INFO  [BrowserSelenium] ENTER --> (_getByLocator)
13:59:11,543 INFO  [BrowserSelenium] (_getByLocator) -> Getting locator for null
13:59:11,543 INFO  [BrowserSelenium] (_getByLocator) -> Locator info found for XPATH attribute as: //input[@id='j_client_id']
13:59:11,543 INFO  [BrowserSelenium] ENTER --> (_parseElementOnXpath)
13:59:11,543 INFO  [BrowserSelenium] (_parseElementOnXpath) -> //input[@id='j_client_id'] is used
13:59:11,543 INFO  [BrowserSelenium] EXIT --> (_parseElementOnXpath)
13:59:11,543 INFO  [BrowserSelenium] EXIT --> (_getByLocator)
13:59:11,553 INFO  [BrowserSelenium] ENTER --> (_getByLocator)
13:59:11,553 INFO  [BrowserSelenium] (_getByLocator) -> Getting locator for null
13:59:11,553 INFO  [BrowserSelenium] (_getByLocator) -> Locator info found for XPATH attribute as: //input[@id='j_client_id']
13:59:11,553 INFO  [BrowserSelenium] ENTER --> (_parseElementOnXpath)
13:59:11,553 INFO  [BrowserSelenium] (_parseElementOnXpath) -> //input[@id='j_client_id'] is used
13:59:11,553 INFO  [BrowserSelenium] EXIT --> (_parseElementOnXpath)
13:59:11,553 INFO  [BrowserSelenium] EXIT --> (_getByLocator)
13:59:11,583 INFO  [BrowserSelenium] (waitForElement) -> element wait eligibility found: true
13:59:11,583 INFO  [BrowserSelenium] ENTER --> (_waitForJStoLoad)
13:59:11,603 INFO  [BrowserSelenium] EXIT --> (_waitForJStoLoad) --> DOM load wait done: true
13:59:11,603 INFO  [BrowserSelenium] (waitForElement) -> element wait eligibility set: true
13:59:11,603 INFO  [BrowserSelenium] EXIT --> (waitForElement)
13:59:11,603 INFO  [BrowserSelenium] EXIT --> (_waitForElement)
13:59:11,603 INFO  [BrowserSelenium] ENTER --> (_waitForElement) --> Waiting for element: null
13:59:11,603 INFO  [BrowserSelenium] ENTER --> (waitForElement)
13:59:11,613 INFO  [BrowserSelenium] ENTER --> (_getByLocator)
13:59:11,613 INFO  [BrowserSelenium] (_getByLocator) -> Getting locator for null
13:59:11,613 INFO  [BrowserSelenium] (_getByLocator) -> Locator info found for XPATH attribute as: //input[@id='j_client_id']
13:59:11,613 INFO  [BrowserSelenium] ENTER --> (_parseElementOnXpath)
13:59:11,613 INFO  [BrowserSelenium] (_parseElementOnXpath) -> //input[@id='j_client_id'] is used
13:59:11,613 INFO  [BrowserSelenium] EXIT --> (_parseElementOnXpath)
13:59:11,613 INFO  [BrowserSelenium] EXIT --> (_getByLocator)
13:59:11,633 INFO  [BrowserSelenium] ENTER --> (_getByLocator)
13:59:11,633 INFO  [BrowserSelenium] (_getByLocator) -> Getting locator for null
13:59:11,633 INFO  [BrowserSelenium] (_getByLocator) -> Locator info found for XPATH attribute as: //input[@id='j_client_id']
13:59:11,633 INFO  [BrowserSelenium] ENTER --> (_parseElementOnXpath)
13:59:11,633 INFO  [BrowserSelenium] (_parseElementOnXpath) -> //input[@id='j_client_id'] is used
13:59:11,633 INFO  [BrowserSelenium] EXIT --> (_parseElementOnXpath)
13:59:11,633 INFO  [BrowserSelenium] EXIT --> (_getByLocator)
13:59:11,663 INFO  [BrowserSelenium] (waitForElement) -> element wait eligibility found: true
13:59:11,663 INFO  [BrowserSelenium] ENTER --> (_waitForJStoLoad)
13:59:11,683 INFO  [BrowserSelenium] EXIT --> (_waitForJStoLoad) --> DOM load wait done: true
13:59:11,683 INFO  [BrowserSelenium] (waitForElement) -> element wait eligibility set: true
13:59:11,683 INFO  [BrowserSelenium] EXIT --> (waitForElement)
13:59:11,683 INFO  [BrowserSelenium] EXIT --> (_waitForElement)
13:59:11,683 INFO  [BrowserSelenium] ENTER --> (_waitForElement) --> Waiting for element: null
13:59:11,683 INFO  [BrowserSelenium] ENTER --> (waitForElement)
13:59:11,693 INFO  [BrowserSelenium] ENTER --> (_getByLocator)
13:59:11,693 INFO  [BrowserSelenium] (_getByLocator) -> Getting locator for null
13:59:11,693 INFO  [BrowserSelenium] (_getByLocator) -> Locator info found for XPATH attribute as: //input[@id='j_client_id']
13:59:11,693 INFO  [BrowserSelenium] ENTER --> (_parseElementOnXpath)
13:59:11,693 INFO  [BrowserSelenium] (_parseElementOnXpath) -> //input[@id='j_client_id'] is used
13:59:11,693 INFO  [BrowserSelenium] EXIT --> (_parseElementOnXpath)
13:59:11,693 INFO  [BrowserSelenium] EXIT --> (_getByLocator)
13:59:11,713 INFO  [BrowserSelenium] ENTER --> (_getByLocator)
13:59:11,713 INFO  [BrowserSelenium] (_getByLocator) -> Getting locator for null
13:59:11,713 INFO  [BrowserSelenium] (_getByLocator) -> Locator info found for XPATH attribute as: //input[@id='j_client_id']
13:59:11,713 INFO  [BrowserSelenium] ENTER --> (_parseElementOnXpath)
13:59:11,713 INFO  [BrowserSelenium] (_parseElementOnXpath) -> //input[@id='j_client_id'] is used
13:59:11,713 INFO  [BrowserSelenium] EXIT --> (_parseElementOnXpath)
13:59:11,713 INFO  [BrowserSelenium] EXIT --> (_getByLocator)
13:59:11,753 INFO  [BrowserSelenium] (waitForElement) -> element wait eligibility found: true
13:59:11,753 INFO  [BrowserSelenium] ENTER --> (_waitForJStoLoad)
13:59:11,773 INFO  [BrowserSelenium] EXIT --> (_waitForJStoLoad) --> DOM load wait done: true
13:59:11,773 INFO  [BrowserSelenium] (waitForElement) -> element wait eligibility set: true
13:59:11,773 INFO  [BrowserSelenium] EXIT --> (waitForElement)
13:59:11,773 INFO  [BrowserSelenium] EXIT --> (_waitForElement)
13:59:11,773 INFO  [BrowserSelenium] ENTER --> (_getByLocator)
13:59:11,773 INFO  [BrowserSelenium] (_getByLocator) -> Getting locator for null
13:59:11,773 INFO  [BrowserSelenium] (_getByLocator) -> Locator info found for XPATH attribute as: //input[@id='j_client_id']
13:59:11,773 INFO  [BrowserSelenium] ENTER --> (_parseElementOnXpath)
13:59:11,773 INFO  [BrowserSelenium] (_parseElementOnXpath) -> //input[@id='j_client_id'] is used
13:59:11,773 INFO  [BrowserSelenium] EXIT --> (_parseElementOnXpath)
13:59:11,773 INFO  [BrowserSelenium] EXIT --> (_getByLocator)
13:59:11,803 INFO  [BrowserSelenium] ENTER --> (_getByLocator)
13:59:11,803 INFO  [BrowserSelenium] (_getByLocator) -> Getting locator for null
13:59:11,803 INFO  [BrowserSelenium] (_getByLocator) -> Locator info found for XPATH attribute as: //input[@id='j_client_id']
13:59:11,803 INFO  [BrowserSelenium] ENTER --> (_parseElementOnXpath)
13:59:11,803 INFO  [BrowserSelenium] (_parseElementOnXpath) -> //input[@id='j_client_id'] is used
13:59:11,813 INFO  [BrowserSelenium] EXIT --> (_parseElementOnXpath)
13:59:11,813 INFO  [BrowserSelenium] EXIT --> (_getByLocator)
13:59:11,913 INFO  [BrowserSelenium] ENTER --> (_getByLocator)
13:59:11,913 INFO  [BrowserSelenium] (_getByLocator) -> Getting locator for null
13:59:11,913 INFO  [BrowserSelenium] (_getByLocator) -> Locator info found for XPATH attribute as: //input[@id='j_client_id']
13:59:11,913 INFO  [BrowserSelenium] ENTER --> (_parseElementOnXpath)
13:59:11,913 INFO  [BrowserSelenium] (_parseElementOnXpath) -> //input[@id='j_client_id'] is used
13:59:11,913 INFO  [BrowserSelenium] EXIT --> (_parseElementOnXpath)
13:59:11,913 INFO  [BrowserSelenium] EXIT --> (_getByLocator)
13:59:11,973 INFO  [BrowserSelenium] ENTER --> (_waitForElement) --> Waiting for element: null
13:59:11,973 INFO  [BrowserSelenium] ENTER --> (waitForElement)
13:59:11,983 INFO  [BrowserSelenium] ENTER --> (_getByLocator)
13:59:11,983 INFO  [BrowserSelenium] (_getByLocator) -> Getting locator for null
13:59:11,983 INFO  [BrowserSelenium] (_getByLocator) -> Locator info found for XPATH attribute as: //input[@id='j_client_id']
13:59:11,983 INFO  [BrowserSelenium] ENTER --> (_parseElementOnXpath)
13:59:11,983 INFO  [BrowserSelenium] (_parseElementOnXpath) -> //input[@id='j_client_id'] is used
13:59:11,983 INFO  [BrowserSelenium] EXIT --> (_parseElementOnXpath)
13:59:11,983 INFO  [BrowserSelenium] EXIT --> (_getByLocator)
13:59:12,003 INFO  [BrowserSelenium] ENTER --> (_getByLocator)
13:59:12,003 INFO  [BrowserSelenium] (_getByLocator) -> Getting locator for null
13:59:12,003 INFO  [BrowserSelenium] (_getByLocator) -> Locator info found for XPATH attribute as: //input[@id='j_client_id']
13:59:12,003 INFO  [BrowserSelenium] ENTER --> (_parseElementOnXpath)
13:59:12,003 INFO  [BrowserSelenium] (_parseElementOnXpath) -> //input[@id='j_client_id'] is used
13:59:12,003 INFO  [BrowserSelenium] EXIT --> (_parseElementOnXpath)
13:59:12,003 INFO  [BrowserSelenium] EXIT --> (_getByLocator)
13:59:12,053 INFO  [BrowserSelenium] (waitForElement) -> element wait eligibility found: true
13:59:12,053 INFO  [BrowserSelenium] ENTER --> (_waitForJStoLoad)
13:59:12,123 INFO  [BrowserSelenium] EXIT --> (_waitForJStoLoad) --> DOM load wait done: true
13:59:12,123 INFO  [BrowserSelenium] (waitForElement) -> element wait eligibility set: true
13:59:12,123 INFO  [BrowserSelenium] EXIT --> (waitForElement)
13:59:12,123 INFO  [BrowserSelenium] EXIT --> (_waitForElement)
13:59:12,133 INFO  [BrowserSelenium] ENTER --> (_getByLocator)
13:59:12,133 INFO  [BrowserSelenium] (_getByLocator) -> Getting locator for null
13:59:12,133 INFO  [BrowserSelenium] (_getByLocator) -> Locator info found for XPATH attribute as: //input[@id='j_client_id']
13:59:12,133 INFO  [BrowserSelenium] ENTER --> (_parseElementOnXpath)
13:59:12,133 INFO  [BrowserSelenium] (_parseElementOnXpath) -> //input[@id='j_client_id'] is used
13:59:12,133 INFO  [BrowserSelenium] EXIT --> (_parseElementOnXpath)
13:59:12,133 INFO  [BrowserSelenium] EXIT --> (_getByLocator)
13:59:12,143 INFO  [BrowserSelenium] ENTER --> (_waitForElement) --> Waiting for element: null
13:59:12,143 INFO  [BrowserSelenium] ENTER --> (waitForElement)
13:59:12,153 INFO  [BrowserSelenium] ENTER --> (_getByLocator)
13:59:12,153 INFO  [BrowserSelenium] (_getByLocator) -> Getting locator for null
13:59:12,153 INFO  [BrowserSelenium] (_getByLocator) -> Locator info found for XPATH attribute as: //input[@id='j_client_id']
13:59:12,153 INFO  [BrowserSelenium] ENTER --> (_parseElementOnXpath)
13:59:12,153 INFO  [BrowserSelenium] (_parseElementOnXpath) -> //input[@id='j_client_id'] is used
13:59:12,153 INFO  [BrowserSelenium] EXIT --> (_parseElementOnXpath)
13:59:12,153 INFO  [BrowserSelenium] EXIT --> (_getByLocator)
13:59:12,173 INFO  [BrowserSelenium] ENTER --> (_getByLocator)
13:59:12,173 INFO  [BrowserSelenium] (_getByLocator) -> Getting locator for null
13:59:12,173 INFO  [BrowserSelenium] (_getByLocator) -> Locator info found for XPATH attribute as: //input[@id='j_client_id']
13:59:12,173 INFO  [BrowserSelenium] ENTER --> (_parseElementOnXpath)
13:59:12,173 INFO  [BrowserSelenium] (_parseElementOnXpath) -> //input[@id='j_client_id'] is used
13:59:12,173 INFO  [BrowserSelenium] EXIT --> (_parseElementOnXpath)
13:59:12,173 INFO  [BrowserSelenium] EXIT --> (_getByLocator)
13:59:12,253 INFO  [BrowserSelenium] (waitForElement) -> element wait eligibility found: true
13:59:12,253 INFO  [BrowserSelenium] ENTER --> (_waitForJStoLoad)
13:59:12,283 INFO  [BrowserSelenium] EXIT --> (_waitForJStoLoad) --> DOM load wait done: true
13:59:12,283 INFO  [BrowserSelenium] (waitForElement) -> element wait eligibility set: true
13:59:12,283 INFO  [BrowserSelenium] EXIT --> (waitForElement)
13:59:12,283 INFO  [BrowserSelenium] EXIT --> (_waitForElement)
13:59:12,293 INFO  [BrowserSelenium] ENTER --> (_getByLocator)
13:59:12,293 INFO  [BrowserSelenium] (_getByLocator) -> Getting locator for null
13:59:12,293 INFO  [BrowserSelenium] (_getByLocator) -> Locator info found for XPATH attribute as: //input[@id='j_client_id']
13:59:12,293 INFO  [BrowserSelenium] ENTER --> (_parseElementOnXpath)
13:59:12,293 INFO  [BrowserSelenium] (_parseElementOnXpath) -> //input[@id='j_client_id'] is used
13:59:12,293 INFO  [BrowserSelenium] EXIT --> (_parseElementOnXpath)
13:59:12,293 INFO  [BrowserSelenium] EXIT --> (_getByLocator)
13:59:12,303 INFO  [BrowserSelenium] ENTER --> (_waitForElement) --> Waiting for element: null
13:59:12,303 INFO  [BrowserSelenium] ENTER --> (waitForElement)
13:59:12,313 INFO  [BrowserSelenium] ENTER --> (_getByLocator)
13:59:12,313 INFO  [BrowserSelenium] (_getByLocator) -> Getting locator for null
13:59:12,313 INFO  [BrowserSelenium] (_getByLocator) -> Locator info found for XPATH attribute as: //input[@id='_spring_security_remember_me']
13:59:12,313 INFO  [BrowserSelenium] ENTER --> (_parseElementOnXpath)
13:59:12,313 INFO  [BrowserSelenium] (_parseElementOnXpath) -> //input[@id='_spring_security_remember_me'] is used
13:59:12,313 INFO  [BrowserSelenium] EXIT --> (_parseElementOnXpath)
13:59:12,313 INFO  [BrowserSelenium] EXIT --> (_getByLocator)
13:59:12,323 INFO  [BrowserSelenium] ENTER --> (_getByLocator)
13:59:12,323 INFO  [BrowserSelenium] (_getByLocator) -> Getting locator for null
13:59:12,323 INFO  [BrowserSelenium] (_getByLocator) -> Locator info found for XPATH attribute as: //input[@id='_spring_security_remember_me']
13:59:12,323 INFO  [BrowserSelenium] ENTER --> (_parseElementOnXpath)
13:59:12,323 INFO  [BrowserSelenium] (_parseElementOnXpath) -> //input[@id='_spring_security_remember_me'] is used
13:59:12,323 INFO  [BrowserSelenium] EXIT --> (_parseElementOnXpath)
13:59:12,323 INFO  [BrowserSelenium] EXIT --> (_getByLocator)
13:59:12,353 INFO  [BrowserSelenium] (waitForElement) -> element wait eligibility found: true
13:59:12,353 INFO  [BrowserSelenium] ENTER --> (_waitForJStoLoad)
13:59:12,373 INFO  [BrowserSelenium] EXIT --> (_waitForJStoLoad) --> DOM load wait done: true
13:59:12,373 INFO  [BrowserSelenium] (waitForElement) -> element wait eligibility set: true
13:59:12,373 INFO  [BrowserSelenium] EXIT --> (waitForElement)
13:59:12,373 INFO  [BrowserSelenium] EXIT --> (_waitForElement)
13:59:12,373 INFO  [BrowserSelenium] ENTER --> (_getByLocator)
13:59:12,373 INFO  [BrowserSelenium] (_getByLocator) -> Getting locator for null
13:59:12,373 INFO  [BrowserSelenium] (_getByLocator) -> Locator info found for XPATH attribute as: //input[@id='_spring_security_remember_me']
13:59:12,373 INFO  [BrowserSelenium] ENTER --> (_parseElementOnXpath)
13:59:12,373 INFO  [BrowserSelenium] (_parseElementOnXpath) -> //input[@id='_spring_security_remember_me'] is used
13:59:12,373 INFO  [BrowserSelenium] EXIT --> (_parseElementOnXpath)
13:59:12,383 INFO  [BrowserSelenium] EXIT --> (_getByLocator)
13:59:12,453 INFO  [BrowserSelenium] ENTER --> (clickLinkText)
13:59:12,453 INFO  [BrowserSelenium] ENTER --> (_waitForElement) --> Waiting for element: null
13:59:12,453 INFO  [BrowserSelenium] ENTER --> (waitForElement)
13:59:12,453 INFO  [BrowserSelenium] ENTER --> (_getByLocator)
13:59:12,453 INFO  [BrowserSelenium] (_getByLocator) -> Getting locator for null
13:59:12,453 INFO  [BrowserSelenium] (_getByLocator) -> Locator info found for XPATH attribute as: //span[text()='Login']
13:59:12,453 INFO  [BrowserSelenium] ENTER --> (_parseElementOnXpath)
13:59:12,453 INFO  [BrowserSelenium] (_parseElementOnXpath) -> //span[text()='Login'] is used
13:59:12,453 INFO  [BrowserSelenium] EXIT --> (_parseElementOnXpath)
13:59:12,453 INFO  [BrowserSelenium] EXIT --> (_getByLocator)
13:59:12,473 INFO  [BrowserSelenium] ENTER --> (_getByLocator)
13:59:12,473 INFO  [BrowserSelenium] (_getByLocator) -> Getting locator for null
13:59:12,473 INFO  [BrowserSelenium] (_getByLocator) -> Locator info found for XPATH attribute as: //span[text()='Login']
13:59:12,473 INFO  [BrowserSelenium] ENTER --> (_parseElementOnXpath)
13:59:12,473 INFO  [BrowserSelenium] (_parseElementOnXpath) -> //span[text()='Login'] is used
13:59:12,473 INFO  [BrowserSelenium] EXIT --> (_parseElementOnXpath)
13:59:12,473 INFO  [BrowserSelenium] EXIT --> (_getByLocator)
13:59:12,503 INFO  [BrowserSelenium] (waitForElement) -> element wait eligibility found: true
13:59:12,503 INFO  [BrowserSelenium] ENTER --> (_waitForJStoLoad)
13:59:12,523 INFO  [BrowserSelenium] EXIT --> (_waitForJStoLoad) --> DOM load wait done: true
13:59:12,523 INFO  [BrowserSelenium] (waitForElement) -> element wait eligibility set: true
13:59:12,523 INFO  [BrowserSelenium] EXIT --> (waitForElement)
13:59:12,523 INFO  [BrowserSelenium] EXIT --> (_waitForElement)
13:59:12,523 INFO  [BrowserSelenium] ENTER --> (_getByLocator)
13:59:12,523 INFO  [BrowserSelenium] (_getByLocator) -> Getting locator for null
13:59:12,533 INFO  [BrowserSelenium] (_getByLocator) -> Locator info found for XPATH attribute as: //span[text()='Login']
13:59:12,533 INFO  [BrowserSelenium] ENTER --> (_parseElementOnXpath)
13:59:12,533 INFO  [BrowserSelenium] (_parseElementOnXpath) -> //span[text()='Login'] is used
13:59:12,533 INFO  [BrowserSelenium] EXIT --> (_parseElementOnXpath)
13:59:12,533 INFO  [BrowserSelenium] EXIT --> (_getByLocator)
13:59:12,543 INFO  [BrowserSelenium] ENTER --> (_clickUsingJavaScript)
13:59:12,593 INFO  [BrowserSelenium] EXIT --> (_clickUsingJavaScript)
13:59:12,593 INFO  [BrowserSelenium] EXIT --> (clickLinkText)
13:59:12,593 INFO  [LoginPage] EXIT --> (login)
13:59:12,593 INFO  [BrowserSelenium] ENTER --> (initElements)
13:59:12,593 INFO  [BrowserSelenium] EXIT --> (initElements)
13:59:12,593 INFO  [LoginPage] EXIT --> (login)
13:59:12,593 INFO  [BrowserSelenium] ENTER --> (initElements)
13:59:12,593 INFO  [BrowserSelenium] EXIT --> (initElements)
13:59:12,593 INFO  [BrowserSelenium] ENTER --> (initElements)
13:59:12,593 INFO  [BrowserSelenium] EXIT --> (initElements)
13:59:12,593 INFO  [VerifyUserAbleToLoginUsingValidCred] EXIT --> (TC01_2_loginWithValidCredentials)
]]></system-out>
  <system-err><![CDATA[]]></system-err>
</testsuite>
