<?xml version="1.0" encoding="UTF-8"?>
<testsuite name="com.jbilling.test.VerifyUserAbleToCreateEnumeration" tests="1" skipped="0" failures="1" errors="0" timestamp="2016-08-09T07:22:07" hostname="Shashank-PC" time="93.03">
  <properties/>
  <testcase name="TC84_CreateEnumerations" classname="com.jbilling.test.VerifyUserAbleToCreateEnumeration" time="93.03">
    <failure message="java.lang.Exception: Element not found for provided element field" type="java.lang.Exception">java.lang.Exception: Element not found for provided element field
	at com.jbilling.framework.interfaces.impl.selenium.BrowserSelenium._findElement(BrowserSelenium.java:124)
	at com.jbilling.framework.interfaces.impl.selenium.BrowserSelenium.waitForElement(BrowserSelenium.java:962)
	at com.jbilling.framework.interfaces.impl.selenium.BrowserSelenium._waitForElement(BrowserSelenium.java:430)
	at com.jbilling.framework.interfaces.impl.selenium.BrowserSelenium.clickLinkText(BrowserSelenium.java:577)
	at com.jbilling.framework.interfaces.impl.selenium.BrowserSelenium.clickLinkText(BrowserSelenium.java:565)
	at com.jbilling.framework.pageclasses.ConfigurationPage.clickAddNewButton(ConfigurationPage.java:1509)
	at com.jbilling.framework.pageclasses.ConfigurationPage.createEnumeration(ConfigurationPage.java:4296)
	at com.jbilling.test.VerifyUserAbleToCreateEnumeration.TC84_CreateEnumerations(VerifyUserAbleToCreateEnumeration.java:55)
	at sun.reflect.NativeMethodAccessorImpl.invoke0(Native Method)
	at sun.reflect.NativeMethodAccessorImpl.invoke(NativeMethodAccessorImpl.java:62)
	at sun.reflect.DelegatingMethodAccessorImpl.invoke(DelegatingMethodAccessorImpl.java:43)
	at java.lang.reflect.Method.invoke(Method.java:497)
	at org.testng.internal.MethodInvocationHelper.invokeMethod(MethodInvocationHelper.java:86)
	at org.testng.internal.Invoker.invokeMethod(Invoker.java:643)
	at org.testng.internal.Invoker.invokeTestMethod(Invoker.java:820)
	at org.testng.internal.Invoker.invokeTestMethods(Invoker.java:1128)
	at org.testng.internal.TestMethodWorker.invokeTestMethods(TestMethodWorker.java:129)
	at org.testng.internal.TestMethodWorker.run(TestMethodWorker.java:112)
	at org.testng.TestRunner.privateRun(TestRunner.java:782)
	at org.testng.TestRunner.run(TestRunner.java:632)
	at org.testng.SuiteRunner.runTest(SuiteRunner.java:366)
	at org.testng.SuiteRunner.runSequentially(SuiteRunner.java:361)
	at org.testng.SuiteRunner.privateRun(SuiteRunner.java:319)
	at org.testng.SuiteRunner.run(SuiteRunner.java:268)
	at org.testng.SuiteRunnerWorker.runSuite(SuiteRunnerWorker.java:52)
	at org.testng.SuiteRunnerWorker.run(SuiteRunnerWorker.java:86)
	at org.testng.TestNG.runSuitesSequentially(TestNG.java:1244)
	at org.testng.TestNG.runSuitesLocally(TestNG.java:1169)
	at org.testng.TestNG.run(TestNG.java:1064)
	at org.gradle.api.internal.tasks.testing.testng.TestNGTestClassProcessor.runTests(TestNGTestClassProcessor.java:133)
	at org.gradle.api.internal.tasks.testing.testng.TestNGTestClassProcessor.stop(TestNGTestClassProcessor.java:83)
	at org.gradle.api.internal.tasks.testing.SuiteTestClassProcessor.stop(SuiteTestClassProcessor.java:61)
	at sun.reflect.NativeMethodAccessorImpl.invoke0(Native Method)
	at sun.reflect.NativeMethodAccessorImpl.invoke(NativeMethodAccessorImpl.java:62)
	at sun.reflect.DelegatingMethodAccessorImpl.invoke(DelegatingMethodAccessorImpl.java:43)
	at java.lang.reflect.Method.invoke(Method.java:497)
	at org.gradle.messaging.dispatch.ReflectionDispatch.dispatch(ReflectionDispatch.java:35)
	at org.gradle.messaging.dispatch.ReflectionDispatch.dispatch(ReflectionDispatch.java:24)
	at org.gradle.messaging.dispatch.ContextClassLoaderDispatch.dispatch(ContextClassLoaderDispatch.java:32)
	at org.gradle.messaging.dispatch.ProxyDispatchAdapter$DispatchingInvocationHandler.invoke(ProxyDispatchAdapter.java:93)
	at com.sun.proxy.$Proxy2.stop(Unknown Source)
	at org.gradle.api.internal.tasks.testing.worker.TestWorker.stop(TestWorker.java:120)
	at sun.reflect.NativeMethodAccessorImpl.invoke0(Native Method)
	at sun.reflect.NativeMethodAccessorImpl.invoke(NativeMethodAccessorImpl.java:62)
	at sun.reflect.DelegatingMethodAccessorImpl.invoke(DelegatingMethodAccessorImpl.java:43)
	at java.lang.reflect.Method.invoke(Method.java:497)
	at org.gradle.messaging.dispatch.ReflectionDispatch.dispatch(ReflectionDispatch.java:35)
	at org.gradle.messaging.dispatch.ReflectionDispatch.dispatch(ReflectionDispatch.java:24)
	at org.gradle.messaging.remote.internal.hub.MessageHub$Handler.run(MessageHub.java:364)
	at org.gradle.internal.concurrent.ExecutorPolicy$CatchAndRecordFailures.onExecute(ExecutorPolicy.java:54)
	at org.gradle.internal.concurrent.StoppableExecutorImpl$1.run(StoppableExecutorImpl.java:40)
	at java.util.concurrent.ThreadPoolExecutor.runWorker(ThreadPoolExecutor.java:1142)
	at java.util.concurrent.ThreadPoolExecutor$Worker.run(ThreadPoolExecutor.java:617)
	at java.lang.Thread.run(Thread.java:745)
</failure>
  </testcase>
  <system-out><![CDATA[12:52:07,132 INFO  [VerifyUserAbleToCreateEnumeration] ENTER --> (TC84_CreateEnumerations)
12:52:07,132 INFO  [BrowserSelenium] ENTER --> (clickLinkText)
12:52:07,133 INFO  [BrowserSelenium] ENTER --> (_waitForElement) --> Waiting for element: null
12:52:07,133 INFO  [BrowserSelenium] ENTER --> (waitForElement)
12:52:12,839 INFO  [BrowserSelenium] ENTER --> (_getByLocator)
12:52:12,839 INFO  [BrowserSelenium] (_getByLocator) -> Getting locator for null
12:52:12,840 INFO  [BrowserSelenium] (_getByLocator) -> Locator info found for XPATH attribute as: //a[@href='/jbilling/config/index']
12:52:12,840 INFO  [BrowserSelenium] ENTER --> (_parseElementOnXpath)
12:52:12,840 INFO  [BrowserSelenium] (_parseElementOnXpath) -> //a[@href='/jbilling/config/index'] is used
12:52:12,840 INFO  [BrowserSelenium] EXIT --> (_parseElementOnXpath)
12:52:12,840 INFO  [BrowserSelenium] EXIT --> (_getByLocator)
12:52:12,865 INFO  [BrowserSelenium] ENTER --> (_getByLocator)
12:52:12,865 INFO  [BrowserSelenium] (_getByLocator) -> Getting locator for null
12:52:12,865 INFO  [BrowserSelenium] (_getByLocator) -> Locator info found for XPATH attribute as: //a[@href='/jbilling/config/index']
12:52:12,865 INFO  [BrowserSelenium] ENTER --> (_parseElementOnXpath)
12:52:12,865 INFO  [BrowserSelenium] (_parseElementOnXpath) -> //a[@href='/jbilling/config/index'] is used
12:52:12,865 INFO  [BrowserSelenium] EXIT --> (_parseElementOnXpath)
12:52:12,865 INFO  [BrowserSelenium] EXIT --> (_getByLocator)
12:52:12,887 INFO  [BrowserSelenium] ENTER --> (_getByLocator)
12:52:12,888 INFO  [BrowserSelenium] (_getByLocator) -> Getting locator for null
12:52:12,888 INFO  [BrowserSelenium] (_getByLocator) -> Locator info found for XPATH attribute as: //a[@href='/jbilling/config/index']
12:52:12,888 INFO  [BrowserSelenium] ENTER --> (_parseElementOnXpath)
12:52:12,888 INFO  [BrowserSelenium] (_parseElementOnXpath) -> //a[@href='/jbilling/config/index'] is used
12:52:12,888 INFO  [BrowserSelenium] EXIT --> (_parseElementOnXpath)
12:52:12,888 INFO  [BrowserSelenium] EXIT --> (_getByLocator)
12:52:12,909 INFO  [BrowserSelenium] ENTER --> (_getByLocator)
12:52:12,909 INFO  [BrowserSelenium] (_getByLocator) -> Getting locator for null
12:52:12,909 INFO  [BrowserSelenium] (_getByLocator) -> Locator info found for XPATH attribute as: //a[@href='/jbilling/config/index']
12:52:12,909 INFO  [BrowserSelenium] ENTER --> (_parseElementOnXpath)
12:52:12,909 INFO  [BrowserSelenium] (_parseElementOnXpath) -> //a[@href='/jbilling/config/index'] is used
12:52:12,909 INFO  [BrowserSelenium] EXIT --> (_parseElementOnXpath)
12:52:12,910 INFO  [BrowserSelenium] EXIT --> (_getByLocator)
12:52:12,931 INFO  [BrowserSelenium] ENTER --> (_getByLocator)
12:52:12,931 INFO  [BrowserSelenium] (_getByLocator) -> Getting locator for null
12:52:12,931 INFO  [BrowserSelenium] (_getByLocator) -> Locator info found for XPATH attribute as: //a[@href='/jbilling/config/index']
12:52:12,931 INFO  [BrowserSelenium] ENTER --> (_parseElementOnXpath)
12:52:12,931 INFO  [BrowserSelenium] (_parseElementOnXpath) -> //a[@href='/jbilling/config/index'] is used
12:52:12,931 INFO  [BrowserSelenium] EXIT --> (_parseElementOnXpath)
12:52:12,931 INFO  [BrowserSelenium] EXIT --> (_getByLocator)
12:52:12,975 INFO  [BrowserSelenium] ENTER --> (_getByLocator)
12:52:12,975 INFO  [BrowserSelenium] (_getByLocator) -> Getting locator for null
12:52:12,975 INFO  [BrowserSelenium] (_getByLocator) -> Locator info found for XPATH attribute as: //a[@href='/jbilling/config/index']
12:52:12,975 INFO  [BrowserSelenium] ENTER --> (_parseElementOnXpath)
12:52:12,975 INFO  [BrowserSelenium] (_parseElementOnXpath) -> //a[@href='/jbilling/config/index'] is used
12:52:12,975 INFO  [BrowserSelenium] EXIT --> (_parseElementOnXpath)
12:52:12,976 INFO  [BrowserSelenium] EXIT --> (_getByLocator)
12:52:13,001 INFO  [BrowserSelenium] ENTER --> (_getByLocator)
12:52:13,002 INFO  [BrowserSelenium] (_getByLocator) -> Getting locator for null
12:52:13,002 INFO  [BrowserSelenium] (_getByLocator) -> Locator info found for XPATH attribute as: //a[@href='/jbilling/config/index']
12:52:13,002 INFO  [BrowserSelenium] ENTER --> (_parseElementOnXpath)
12:52:13,002 INFO  [BrowserSelenium] (_parseElementOnXpath) -> //a[@href='/jbilling/config/index'] is used
12:52:13,002 INFO  [BrowserSelenium] EXIT --> (_parseElementOnXpath)
12:52:13,002 INFO  [BrowserSelenium] EXIT --> (_getByLocator)
12:52:13,022 INFO  [BrowserSelenium] ENTER --> (_getByLocator)
12:52:13,022 INFO  [BrowserSelenium] (_getByLocator) -> Getting locator for null
12:52:13,022 INFO  [BrowserSelenium] (_getByLocator) -> Locator info found for XPATH attribute as: //a[@href='/jbilling/config/index']
12:52:13,023 INFO  [BrowserSelenium] ENTER --> (_parseElementOnXpath)
12:52:13,023 INFO  [BrowserSelenium] (_parseElementOnXpath) -> //a[@href='/jbilling/config/index'] is used
12:52:13,023 INFO  [BrowserSelenium] EXIT --> (_parseElementOnXpath)
12:52:13,023 INFO  [BrowserSelenium] EXIT --> (_getByLocator)
12:52:13,045 INFO  [BrowserSelenium] ENTER --> (_getByLocator)
12:52:13,045 INFO  [BrowserSelenium] (_getByLocator) -> Getting locator for null
12:52:13,045 INFO  [BrowserSelenium] (_getByLocator) -> Locator info found for XPATH attribute as: //a[@href='/jbilling/config/index']
12:52:13,045 INFO  [BrowserSelenium] ENTER --> (_parseElementOnXpath)
12:52:13,046 INFO  [BrowserSelenium] (_parseElementOnXpath) -> //a[@href='/jbilling/config/index'] is used
12:52:13,046 INFO  [BrowserSelenium] EXIT --> (_parseElementOnXpath)
12:52:13,046 INFO  [BrowserSelenium] EXIT --> (_getByLocator)
12:52:13,066 INFO  [BrowserSelenium] ENTER --> (_getByLocator)
12:52:13,066 INFO  [BrowserSelenium] (_getByLocator) -> Getting locator for null
12:52:13,067 INFO  [BrowserSelenium] (_getByLocator) -> Locator info found for XPATH attribute as: //a[@href='/jbilling/config/index']
12:52:13,067 INFO  [BrowserSelenium] ENTER --> (_parseElementOnXpath)
12:52:13,067 INFO  [BrowserSelenium] (_parseElementOnXpath) -> //a[@href='/jbilling/config/index'] is used
12:52:13,067 INFO  [BrowserSelenium] EXIT --> (_parseElementOnXpath)
12:52:13,067 INFO  [BrowserSelenium] EXIT --> (_getByLocator)
12:52:13,087 INFO  [BrowserSelenium] ENTER --> (_getByLocator)
12:52:13,087 INFO  [BrowserSelenium] (_getByLocator) -> Getting locator for null
12:52:13,087 INFO  [BrowserSelenium] (_getByLocator) -> Locator info found for XPATH attribute as: //a[@href='/jbilling/config/index']
12:52:13,087 INFO  [BrowserSelenium] ENTER --> (_parseElementOnXpath)
12:52:13,087 INFO  [BrowserSelenium] (_parseElementOnXpath) -> //a[@href='/jbilling/config/index'] is used
12:52:13,087 INFO  [BrowserSelenium] EXIT --> (_parseElementOnXpath)
12:52:13,087 INFO  [BrowserSelenium] EXIT --> (_getByLocator)
12:52:13,107 INFO  [BrowserSelenium] ENTER --> (_getByLocator)
12:52:13,108 INFO  [BrowserSelenium] (_getByLocator) -> Getting locator for null
12:52:13,108 INFO  [BrowserSelenium] (_getByLocator) -> Locator info found for XPATH attribute as: //a[@href='/jbilling/config/index']
12:52:13,108 INFO  [BrowserSelenium] ENTER --> (_parseElementOnXpath)
12:52:13,108 INFO  [BrowserSelenium] (_parseElementOnXpath) -> //a[@href='/jbilling/config/index'] is used
12:52:13,108 INFO  [BrowserSelenium] EXIT --> (_parseElementOnXpath)
12:52:13,108 INFO  [BrowserSelenium] EXIT --> (_getByLocator)
12:52:13,132 INFO  [BrowserSelenium] ENTER --> (_getByLocator)
12:52:13,132 INFO  [BrowserSelenium] (_getByLocator) -> Getting locator for null
12:52:13,132 INFO  [BrowserSelenium] (_getByLocator) -> Locator info found for XPATH attribute as: //a[@href='/jbilling/config/index']
12:52:13,132 INFO  [BrowserSelenium] ENTER --> (_parseElementOnXpath)
12:52:13,132 INFO  [BrowserSelenium] (_parseElementOnXpath) -> //a[@href='/jbilling/config/index'] is used
12:52:13,132 INFO  [BrowserSelenium] EXIT --> (_parseElementOnXpath)
12:52:13,132 INFO  [BrowserSelenium] EXIT --> (_getByLocator)
12:52:13,160 INFO  [BrowserSelenium] ENTER --> (_getByLocator)
12:52:13,160 INFO  [BrowserSelenium] (_getByLocator) -> Getting locator for null
12:52:13,160 INFO  [BrowserSelenium] (_getByLocator) -> Locator info found for XPATH attribute as: //a[@href='/jbilling/config/index']
12:52:13,160 INFO  [BrowserSelenium] ENTER --> (_parseElementOnXpath)
12:52:13,161 INFO  [BrowserSelenium] (_parseElementOnXpath) -> //a[@href='/jbilling/config/index'] is used
12:52:13,161 INFO  [BrowserSelenium] EXIT --> (_parseElementOnXpath)
12:52:13,161 INFO  [BrowserSelenium] EXIT --> (_getByLocator)
12:52:13,179 INFO  [BrowserSelenium] ENTER --> (_getByLocator)
12:52:13,180 INFO  [BrowserSelenium] (_getByLocator) -> Getting locator for null
12:52:13,180 INFO  [BrowserSelenium] (_getByLocator) -> Locator info found for XPATH attribute as: //a[@href='/jbilling/config/index']
12:52:13,180 INFO  [BrowserSelenium] ENTER --> (_parseElementOnXpath)
12:52:13,180 INFO  [BrowserSelenium] (_parseElementOnXpath) -> //a[@href='/jbilling/config/index'] is used
12:52:13,181 INFO  [BrowserSelenium] EXIT --> (_parseElementOnXpath)
12:52:13,181 INFO  [BrowserSelenium] EXIT --> (_getByLocator)
12:52:13,222 INFO  [BrowserSelenium] ENTER --> (_getByLocator)
12:52:13,222 INFO  [BrowserSelenium] (_getByLocator) -> Getting locator for null
12:52:13,222 INFO  [BrowserSelenium] (_getByLocator) -> Locator info found for XPATH attribute as: //a[@href='/jbilling/config/index']
12:52:13,222 INFO  [BrowserSelenium] ENTER --> (_parseElementOnXpath)
12:52:13,222 INFO  [BrowserSelenium] (_parseElementOnXpath) -> //a[@href='/jbilling/config/index'] is used
12:52:13,222 INFO  [BrowserSelenium] EXIT --> (_parseElementOnXpath)
12:52:13,223 INFO  [BrowserSelenium] EXIT --> (_getByLocator)
12:52:13,241 INFO  [BrowserSelenium] ENTER --> (_getByLocator)
12:52:13,241 INFO  [BrowserSelenium] (_getByLocator) -> Getting locator for null
12:52:13,241 INFO  [BrowserSelenium] (_getByLocator) -> Locator info found for XPATH attribute as: //a[@href='/jbilling/config/index']
12:52:13,241 INFO  [BrowserSelenium] ENTER --> (_parseElementOnXpath)
12:52:13,242 INFO  [BrowserSelenium] (_parseElementOnXpath) -> //a[@href='/jbilling/config/index'] is used
12:52:13,242 INFO  [BrowserSelenium] EXIT --> (_parseElementOnXpath)
12:52:13,242 INFO  [BrowserSelenium] EXIT --> (_getByLocator)
12:52:13,264 INFO  [BrowserSelenium] ENTER --> (_getByLocator)
12:52:13,265 INFO  [BrowserSelenium] (_getByLocator) -> Getting locator for null
12:52:13,265 INFO  [BrowserSelenium] (_getByLocator) -> Locator info found for XPATH attribute as: //a[@href='/jbilling/config/index']
12:52:13,265 INFO  [BrowserSelenium] ENTER --> (_parseElementOnXpath)
12:52:13,265 INFO  [BrowserSelenium] (_parseElementOnXpath) -> //a[@href='/jbilling/config/index'] is used
12:52:13,265 INFO  [BrowserSelenium] EXIT --> (_parseElementOnXpath)
12:52:13,265 INFO  [BrowserSelenium] EXIT --> (_getByLocator)
12:52:13,286 INFO  [BrowserSelenium] ENTER --> (_getByLocator)
12:52:13,287 INFO  [BrowserSelenium] (_getByLocator) -> Getting locator for null
12:52:13,287 INFO  [BrowserSelenium] (_getByLocator) -> Locator info found for XPATH attribute as: //a[@href='/jbilling/config/index']
12:52:13,287 INFO  [BrowserSelenium] ENTER --> (_parseElementOnXpath)
12:52:13,287 INFO  [BrowserSelenium] (_parseElementOnXpath) -> //a[@href='/jbilling/config/index'] is used
12:52:13,287 INFO  [BrowserSelenium] EXIT --> (_parseElementOnXpath)
12:52:13,287 INFO  [BrowserSelenium] EXIT --> (_getByLocator)
12:52:13,309 INFO  [BrowserSelenium] ENTER --> (_getByLocator)
12:52:13,309 INFO  [BrowserSelenium] (_getByLocator) -> Getting locator for null
12:52:13,310 INFO  [BrowserSelenium] (_getByLocator) -> Locator info found for XPATH attribute as: //a[@href='/jbilling/config/index']
12:52:13,310 INFO  [BrowserSelenium] ENTER --> (_parseElementOnXpath)
12:52:13,310 INFO  [BrowserSelenium] (_parseElementOnXpath) -> //a[@href='/jbilling/config/index'] is used
12:52:13,310 INFO  [BrowserSelenium] EXIT --> (_parseElementOnXpath)
12:52:13,310 INFO  [BrowserSelenium] EXIT --> (_getByLocator)
12:52:13,330 INFO  [BrowserSelenium] ENTER --> (_getByLocator)
12:52:13,330 INFO  [BrowserSelenium] (_getByLocator) -> Getting locator for null
12:52:13,330 INFO  [BrowserSelenium] (_getByLocator) -> Locator info found for XPATH attribute as: //a[@href='/jbilling/config/index']
12:52:13,331 INFO  [BrowserSelenium] ENTER --> (_parseElementOnXpath)
12:52:13,331 INFO  [BrowserSelenium] (_parseElementOnXpath) -> //a[@href='/jbilling/config/index'] is used
12:52:13,331 INFO  [BrowserSelenium] EXIT --> (_parseElementOnXpath)
12:52:13,331 INFO  [BrowserSelenium] EXIT --> (_getByLocator)
12:52:13,350 INFO  [BrowserSelenium] ENTER --> (_getByLocator)
12:52:13,350 INFO  [BrowserSelenium] (_getByLocator) -> Getting locator for null
12:52:13,350 INFO  [BrowserSelenium] (_getByLocator) -> Locator info found for XPATH attribute as: //a[@href='/jbilling/config/index']
12:52:13,351 INFO  [BrowserSelenium] ENTER --> (_parseElementOnXpath)
12:52:13,351 INFO  [BrowserSelenium] (_parseElementOnXpath) -> //a[@href='/jbilling/config/index'] is used
12:52:13,351 INFO  [BrowserSelenium] EXIT --> (_parseElementOnXpath)
12:52:13,351 INFO  [BrowserSelenium] EXIT --> (_getByLocator)
12:52:13,374 INFO  [BrowserSelenium] ENTER --> (_getByLocator)
12:52:13,374 INFO  [BrowserSelenium] (_getByLocator) -> Getting locator for null
12:52:13,375 INFO  [BrowserSelenium] (_getByLocator) -> Locator info found for XPATH attribute as: //a[@href='/jbilling/config/index']
12:52:13,375 INFO  [BrowserSelenium] ENTER --> (_parseElementOnXpath)
12:52:13,375 INFO  [BrowserSelenium] (_parseElementOnXpath) -> //a[@href='/jbilling/config/index'] is used
12:52:13,375 INFO  [BrowserSelenium] EXIT --> (_parseElementOnXpath)
12:52:13,375 INFO  [BrowserSelenium] EXIT --> (_getByLocator)
12:52:13,398 INFO  [BrowserSelenium] ENTER --> (_getByLocator)
12:52:13,398 INFO  [BrowserSelenium] (_getByLocator) -> Getting locator for null
12:52:13,399 INFO  [BrowserSelenium] (_getByLocator) -> Locator info found for XPATH attribute as: //a[@href='/jbilling/config/index']
12:52:13,399 INFO  [BrowserSelenium] ENTER --> (_parseElementOnXpath)
12:52:13,399 INFO  [BrowserSelenium] (_parseElementOnXpath) -> //a[@href='/jbilling/config/index'] is used
12:52:13,399 INFO  [BrowserSelenium] EXIT --> (_parseElementOnXpath)
12:52:13,399 INFO  [BrowserSelenium] EXIT --> (_getByLocator)
12:52:13,420 INFO  [BrowserSelenium] ENTER --> (_getByLocator)
12:52:13,420 INFO  [BrowserSelenium] (_getByLocator) -> Getting locator for null
12:52:13,420 INFO  [BrowserSelenium] (_getByLocator) -> Locator info found for XPATH attribute as: //a[@href='/jbilling/config/index']
12:52:13,420 INFO  [BrowserSelenium] ENTER --> (_parseElementOnXpath)
12:52:13,421 INFO  [BrowserSelenium] (_parseElementOnXpath) -> //a[@href='/jbilling/config/index'] is used
12:52:13,421 INFO  [BrowserSelenium] EXIT --> (_parseElementOnXpath)
12:52:13,421 INFO  [BrowserSelenium] EXIT --> (_getByLocator)
12:52:13,439 INFO  [BrowserSelenium] ENTER --> (_getByLocator)
12:52:13,439 INFO  [BrowserSelenium] (_getByLocator) -> Getting locator for null
12:52:13,440 INFO  [BrowserSelenium] (_getByLocator) -> Locator info found for XPATH attribute as: //a[@href='/jbilling/config/index']
12:52:13,440 INFO  [BrowserSelenium] ENTER --> (_parseElementOnXpath)
12:52:13,440 INFO  [BrowserSelenium] (_parseElementOnXpath) -> //a[@href='/jbilling/config/index'] is used
12:52:13,440 INFO  [BrowserSelenium] EXIT --> (_parseElementOnXpath)
12:52:13,440 INFO  [BrowserSelenium] EXIT --> (_getByLocator)
12:52:13,466 INFO  [BrowserSelenium] ENTER --> (_getByLocator)
12:52:13,466 INFO  [BrowserSelenium] (_getByLocator) -> Getting locator for null
12:52:13,466 INFO  [BrowserSelenium] (_getByLocator) -> Locator info found for XPATH attribute as: //a[@href='/jbilling/config/index']
12:52:13,467 INFO  [BrowserSelenium] ENTER --> (_parseElementOnXpath)
12:52:13,467 INFO  [BrowserSelenium] (_parseElementOnXpath) -> //a[@href='/jbilling/config/index'] is used
12:52:13,467 INFO  [BrowserSelenium] EXIT --> (_parseElementOnXpath)
12:52:13,467 INFO  [BrowserSelenium] EXIT --> (_getByLocator)
12:52:13,488 INFO  [BrowserSelenium] ENTER --> (_getByLocator)
12:52:13,489 INFO  [BrowserSelenium] (_getByLocator) -> Getting locator for null
12:52:13,489 INFO  [BrowserSelenium] (_getByLocator) -> Locator info found for XPATH attribute as: //a[@href='/jbilling/config/index']
12:52:13,489 INFO  [BrowserSelenium] ENTER --> (_parseElementOnXpath)
12:52:13,489 INFO  [BrowserSelenium] (_parseElementOnXpath) -> //a[@href='/jbilling/config/index'] is used
12:52:13,489 INFO  [BrowserSelenium] EXIT --> (_parseElementOnXpath)
12:52:13,490 INFO  [BrowserSelenium] EXIT --> (_getByLocator)
12:52:13,511 INFO  [BrowserSelenium] ENTER --> (_getByLocator)
12:52:13,512 INFO  [BrowserSelenium] (_getByLocator) -> Getting locator for null
12:52:13,512 INFO  [BrowserSelenium] (_getByLocator) -> Locator info found for XPATH attribute as: //a[@href='/jbilling/config/index']
12:52:13,512 INFO  [BrowserSelenium] ENTER --> (_parseElementOnXpath)
12:52:13,512 INFO  [BrowserSelenium] (_parseElementOnXpath) -> //a[@href='/jbilling/config/index'] is used
12:52:13,512 INFO  [BrowserSelenium] EXIT --> (_parseElementOnXpath)
12:52:13,512 INFO  [BrowserSelenium] EXIT --> (_getByLocator)
12:52:13,533 INFO  [BrowserSelenium] ENTER --> (_getByLocator)
12:52:13,533 INFO  [BrowserSelenium] (_getByLocator) -> Getting locator for null
12:52:13,533 INFO  [BrowserSelenium] (_getByLocator) -> Locator info found for XPATH attribute as: //a[@href='/jbilling/config/index']
12:52:13,534 INFO  [BrowserSelenium] ENTER --> (_parseElementOnXpath)
12:52:13,534 INFO  [BrowserSelenium] (_parseElementOnXpath) -> //a[@href='/jbilling/config/index'] is used
12:52:13,534 INFO  [BrowserSelenium] EXIT --> (_parseElementOnXpath)
12:52:13,534 INFO  [BrowserSelenium] EXIT --> (_getByLocator)
12:52:13,557 INFO  [BrowserSelenium] ENTER --> (_getByLocator)
12:52:13,557 INFO  [BrowserSelenium] (_getByLocator) -> Getting locator for null
12:52:13,557 INFO  [BrowserSelenium] (_getByLocator) -> Locator info found for XPATH attribute as: //a[@href='/jbilling/config/index']
12:52:13,557 INFO  [BrowserSelenium] ENTER --> (_parseElementOnXpath)
12:52:13,557 INFO  [BrowserSelenium] (_parseElementOnXpath) -> //a[@href='/jbilling/config/index'] is used
12:52:13,557 INFO  [BrowserSelenium] EXIT --> (_parseElementOnXpath)
12:52:13,557 INFO  [BrowserSelenium] EXIT --> (_getByLocator)
12:52:13,579 INFO  [BrowserSelenium] ENTER --> (_getByLocator)
12:52:13,579 INFO  [BrowserSelenium] (_getByLocator) -> Getting locator for null
12:52:13,580 INFO  [BrowserSelenium] (_getByLocator) -> Locator info found for XPATH attribute as: //a[@href='/jbilling/config/index']
12:52:13,580 INFO  [BrowserSelenium] ENTER --> (_parseElementOnXpath)
12:52:13,580 INFO  [BrowserSelenium] (_parseElementOnXpath) -> //a[@href='/jbilling/config/index'] is used
12:52:13,580 INFO  [BrowserSelenium] EXIT --> (_parseElementOnXpath)
12:52:13,580 INFO  [BrowserSelenium] EXIT --> (_getByLocator)
12:52:13,601 INFO  [BrowserSelenium] ENTER --> (_getByLocator)
12:52:13,601 INFO  [BrowserSelenium] (_getByLocator) -> Getting locator for null
12:52:13,601 INFO  [BrowserSelenium] (_getByLocator) -> Locator info found for XPATH attribute as: //a[@href='/jbilling/config/index']
12:52:13,601 INFO  [BrowserSelenium] ENTER --> (_parseElementOnXpath)
12:52:13,602 INFO  [BrowserSelenium] (_parseElementOnXpath) -> //a[@href='/jbilling/config/index'] is used
12:52:13,602 INFO  [BrowserSelenium] EXIT --> (_parseElementOnXpath)
12:52:13,602 INFO  [BrowserSelenium] EXIT --> (_getByLocator)
12:52:13,622 INFO  [BrowserSelenium] ENTER --> (_getByLocator)
12:52:13,623 INFO  [BrowserSelenium] (_getByLocator) -> Getting locator for null
12:52:13,623 INFO  [BrowserSelenium] (_getByLocator) -> Locator info found for XPATH attribute as: //a[@href='/jbilling/config/index']
12:52:13,623 INFO  [BrowserSelenium] ENTER --> (_parseElementOnXpath)
12:52:13,623 INFO  [BrowserSelenium] (_parseElementOnXpath) -> //a[@href='/jbilling/config/index'] is used
12:52:13,623 INFO  [BrowserSelenium] EXIT --> (_parseElementOnXpath)
12:52:13,623 INFO  [BrowserSelenium] EXIT --> (_getByLocator)
12:52:13,648 INFO  [BrowserSelenium] ENTER --> (_getByLocator)
12:52:13,648 INFO  [BrowserSelenium] (_getByLocator) -> Getting locator for null
12:52:13,648 INFO  [BrowserSelenium] (_getByLocator) -> Locator info found for XPATH attribute as: //a[@href='/jbilling/config/index']
12:52:13,648 INFO  [BrowserSelenium] ENTER --> (_parseElementOnXpath)
12:52:13,649 INFO  [BrowserSelenium] (_parseElementOnXpath) -> //a[@href='/jbilling/config/index'] is used
12:52:13,649 INFO  [BrowserSelenium] EXIT --> (_parseElementOnXpath)
12:52:13,649 INFO  [BrowserSelenium] EXIT --> (_getByLocator)
12:52:13,668 INFO  [BrowserSelenium] ENTER --> (_getByLocator)
12:52:13,668 INFO  [BrowserSelenium] (_getByLocator) -> Getting locator for null
12:52:13,669 INFO  [BrowserSelenium] (_getByLocator) -> Locator info found for XPATH attribute as: //a[@href='/jbilling/config/index']
12:52:13,669 INFO  [BrowserSelenium] ENTER --> (_parseElementOnXpath)
12:52:13,669 INFO  [BrowserSelenium] (_parseElementOnXpath) -> //a[@href='/jbilling/config/index'] is used
12:52:13,669 INFO  [BrowserSelenium] EXIT --> (_parseElementOnXpath)
12:52:13,669 INFO  [BrowserSelenium] EXIT --> (_getByLocator)
12:52:13,697 INFO  [BrowserSelenium] ENTER --> (_getByLocator)
12:52:13,698 INFO  [BrowserSelenium] (_getByLocator) -> Getting locator for null
12:52:13,698 INFO  [BrowserSelenium] (_getByLocator) -> Locator info found for XPATH attribute as: //a[@href='/jbilling/config/index']
12:52:13,698 INFO  [BrowserSelenium] ENTER --> (_parseElementOnXpath)
12:52:13,698 INFO  [BrowserSelenium] (_parseElementOnXpath) -> //a[@href='/jbilling/config/index'] is used
12:52:13,698 INFO  [BrowserSelenium] EXIT --> (_parseElementOnXpath)
12:52:13,699 INFO  [BrowserSelenium] EXIT --> (_getByLocator)
12:52:13,721 INFO  [BrowserSelenium] ENTER --> (_getByLocator)
12:52:13,721 INFO  [BrowserSelenium] (_getByLocator) -> Getting locator for null
12:52:13,722 INFO  [BrowserSelenium] (_getByLocator) -> Locator info found for XPATH attribute as: //a[@href='/jbilling/config/index']
12:52:13,722 INFO  [BrowserSelenium] ENTER --> (_parseElementOnXpath)
12:52:13,722 INFO  [BrowserSelenium] (_parseElementOnXpath) -> //a[@href='/jbilling/config/index'] is used
12:52:13,722 INFO  [BrowserSelenium] EXIT --> (_parseElementOnXpath)
12:52:13,722 INFO  [BrowserSelenium] EXIT --> (_getByLocator)
12:52:13,741 INFO  [BrowserSelenium] ENTER --> (_getByLocator)
12:52:13,741 INFO  [BrowserSelenium] (_getByLocator) -> Getting locator for null
12:52:13,742 INFO  [BrowserSelenium] (_getByLocator) -> Locator info found for XPATH attribute as: //a[@href='/jbilling/config/index']
12:52:13,742 INFO  [BrowserSelenium] ENTER --> (_parseElementOnXpath)
12:52:13,742 INFO  [BrowserSelenium] (_parseElementOnXpath) -> //a[@href='/jbilling/config/index'] is used
12:52:13,742 INFO  [BrowserSelenium] EXIT --> (_parseElementOnXpath)
12:52:13,742 INFO  [BrowserSelenium] EXIT --> (_getByLocator)
12:52:13,766 INFO  [BrowserSelenium] ENTER --> (_getByLocator)
12:52:13,766 INFO  [BrowserSelenium] (_getByLocator) -> Getting locator for null
12:52:13,767 INFO  [BrowserSelenium] (_getByLocator) -> Locator info found for XPATH attribute as: //a[@href='/jbilling/config/index']
12:52:13,767 INFO  [BrowserSelenium] ENTER --> (_parseElementOnXpath)
12:52:13,767 INFO  [BrowserSelenium] (_parseElementOnXpath) -> //a[@href='/jbilling/config/index'] is used
12:52:13,767 INFO  [BrowserSelenium] EXIT --> (_parseElementOnXpath)
12:52:13,767 INFO  [BrowserSelenium] EXIT --> (_getByLocator)
12:52:13,788 INFO  [BrowserSelenium] ENTER --> (_getByLocator)
12:52:13,788 INFO  [BrowserSelenium] (_getByLocator) -> Getting locator for null
12:52:13,788 INFO  [BrowserSelenium] (_getByLocator) -> Locator info found for XPATH attribute as: //a[@href='/jbilling/config/index']
12:52:13,788 INFO  [BrowserSelenium] ENTER --> (_parseElementOnXpath)
12:52:13,788 INFO  [BrowserSelenium] (_parseElementOnXpath) -> //a[@href='/jbilling/config/index'] is used
12:52:13,788 INFO  [BrowserSelenium] EXIT --> (_parseElementOnXpath)
12:52:13,789 INFO  [BrowserSelenium] EXIT --> (_getByLocator)
12:52:13,806 INFO  [BrowserSelenium] ENTER --> (_getByLocator)
12:52:13,807 INFO  [BrowserSelenium] (_getByLocator) -> Getting locator for null
12:52:13,807 INFO  [BrowserSelenium] (_getByLocator) -> Locator info found for XPATH attribute as: //a[@href='/jbilling/config/index']
12:52:13,807 INFO  [BrowserSelenium] ENTER --> (_parseElementOnXpath)
12:52:13,807 INFO  [BrowserSelenium] (_parseElementOnXpath) -> //a[@href='/jbilling/config/index'] is used
12:52:13,807 INFO  [BrowserSelenium] EXIT --> (_parseElementOnXpath)
12:52:13,807 INFO  [BrowserSelenium] EXIT --> (_getByLocator)
12:52:13,826 INFO  [BrowserSelenium] ENTER --> (_getByLocator)
12:52:13,826 INFO  [BrowserSelenium] (_getByLocator) -> Getting locator for null
12:52:13,826 INFO  [BrowserSelenium] (_getByLocator) -> Locator info found for XPATH attribute as: //a[@href='/jbilling/config/index']
12:52:13,826 INFO  [BrowserSelenium] ENTER --> (_parseElementOnXpath)
12:52:13,826 INFO  [BrowserSelenium] (_parseElementOnXpath) -> //a[@href='/jbilling/config/index'] is used
12:52:13,826 INFO  [BrowserSelenium] EXIT --> (_parseElementOnXpath)
12:52:13,826 INFO  [BrowserSelenium] EXIT --> (_getByLocator)
12:52:13,844 INFO  [BrowserSelenium] ENTER --> (_getByLocator)
12:52:13,844 INFO  [BrowserSelenium] (_getByLocator) -> Getting locator for null
12:52:13,845 INFO  [BrowserSelenium] (_getByLocator) -> Locator info found for XPATH attribute as: //a[@href='/jbilling/config/index']
12:52:13,845 INFO  [BrowserSelenium] ENTER --> (_parseElementOnXpath)
12:52:13,845 INFO  [BrowserSelenium] (_parseElementOnXpath) -> //a[@href='/jbilling/config/index'] is used
12:52:13,845 INFO  [BrowserSelenium] EXIT --> (_parseElementOnXpath)
12:52:13,845 INFO  [BrowserSelenium] EXIT --> (_getByLocator)
12:52:13,865 INFO  [BrowserSelenium] ENTER --> (_getByLocator)
12:52:13,865 INFO  [BrowserSelenium] (_getByLocator) -> Getting locator for null
12:52:13,865 INFO  [BrowserSelenium] (_getByLocator) -> Locator info found for XPATH attribute as: //a[@href='/jbilling/config/index']
12:52:13,865 INFO  [BrowserSelenium] ENTER --> (_parseElementOnXpath)
12:52:13,866 INFO  [BrowserSelenium] (_parseElementOnXpath) -> //a[@href='/jbilling/config/index'] is used
12:52:13,866 INFO  [BrowserSelenium] EXIT --> (_parseElementOnXpath)
12:52:13,866 INFO  [BrowserSelenium] EXIT --> (_getByLocator)
12:52:13,890 INFO  [BrowserSelenium] ENTER --> (_getByLocator)
12:52:13,890 INFO  [BrowserSelenium] (_getByLocator) -> Getting locator for null
12:52:13,890 INFO  [BrowserSelenium] (_getByLocator) -> Locator info found for XPATH attribute as: //a[@href='/jbilling/config/index']
12:52:13,890 INFO  [BrowserSelenium] ENTER --> (_parseElementOnXpath)
12:52:13,890 INFO  [BrowserSelenium] (_parseElementOnXpath) -> //a[@href='/jbilling/config/index'] is used
12:52:13,891 INFO  [BrowserSelenium] EXIT --> (_parseElementOnXpath)
12:52:13,891 INFO  [BrowserSelenium] EXIT --> (_getByLocator)
12:52:13,909 INFO  [BrowserSelenium] ENTER --> (_getByLocator)
12:52:13,909 INFO  [BrowserSelenium] (_getByLocator) -> Getting locator for null
12:52:13,910 INFO  [BrowserSelenium] (_getByLocator) -> Locator info found for XPATH attribute as: //a[@href='/jbilling/config/index']
12:52:13,910 INFO  [BrowserSelenium] ENTER --> (_parseElementOnXpath)
12:52:13,910 INFO  [BrowserSelenium] (_parseElementOnXpath) -> //a[@href='/jbilling/config/index'] is used
12:52:13,910 INFO  [BrowserSelenium] EXIT --> (_parseElementOnXpath)
12:52:13,910 INFO  [BrowserSelenium] EXIT --> (_getByLocator)
12:52:13,931 INFO  [BrowserSelenium] ENTER --> (_getByLocator)
12:52:13,931 INFO  [BrowserSelenium] (_getByLocator) -> Getting locator for null
12:52:13,931 INFO  [BrowserSelenium] (_getByLocator) -> Locator info found for XPATH attribute as: //a[@href='/jbilling/config/index']
12:52:13,931 INFO  [BrowserSelenium] ENTER --> (_parseElementOnXpath)
12:52:13,932 INFO  [BrowserSelenium] (_parseElementOnXpath) -> //a[@href='/jbilling/config/index'] is used
12:52:13,932 INFO  [BrowserSelenium] EXIT --> (_parseElementOnXpath)
12:52:13,932 INFO  [BrowserSelenium] EXIT --> (_getByLocator)
12:52:13,954 INFO  [BrowserSelenium] ENTER --> (_getByLocator)
12:52:13,954 INFO  [BrowserSelenium] (_getByLocator) -> Getting locator for null
12:52:13,955 INFO  [BrowserSelenium] (_getByLocator) -> Locator info found for XPATH attribute as: //a[@href='/jbilling/config/index']
12:52:13,955 INFO  [BrowserSelenium] ENTER --> (_parseElementOnXpath)
12:52:13,955 INFO  [BrowserSelenium] (_parseElementOnXpath) -> //a[@href='/jbilling/config/index'] is used
12:52:13,955 INFO  [BrowserSelenium] EXIT --> (_parseElementOnXpath)
12:52:13,955 INFO  [BrowserSelenium] EXIT --> (_getByLocator)
12:52:13,979 INFO  [BrowserSelenium] ENTER --> (_getByLocator)
12:52:13,979 INFO  [BrowserSelenium] (_getByLocator) -> Getting locator for null
12:52:13,979 INFO  [BrowserSelenium] (_getByLocator) -> Locator info found for XPATH attribute as: //a[@href='/jbilling/config/index']
12:52:13,979 INFO  [BrowserSelenium] ENTER --> (_parseElementOnXpath)
12:52:13,980 INFO  [BrowserSelenium] (_parseElementOnXpath) -> //a[@href='/jbilling/config/index'] is used
12:52:13,980 INFO  [BrowserSelenium] EXIT --> (_parseElementOnXpath)
12:52:13,980 INFO  [BrowserSelenium] EXIT --> (_getByLocator)
12:52:14,002 INFO  [BrowserSelenium] ENTER --> (_getByLocator)
12:52:14,003 INFO  [BrowserSelenium] (_getByLocator) -> Getting locator for null
12:52:14,003 INFO  [BrowserSelenium] (_getByLocator) -> Locator info found for XPATH attribute as: //a[@href='/jbilling/config/index']
12:52:14,003 INFO  [BrowserSelenium] ENTER --> (_parseElementOnXpath)
12:52:14,003 INFO  [BrowserSelenium] (_parseElementOnXpath) -> //a[@href='/jbilling/config/index'] is used
12:52:14,003 INFO  [BrowserSelenium] EXIT --> (_parseElementOnXpath)
12:52:14,004 INFO  [BrowserSelenium] EXIT --> (_getByLocator)
12:52:14,024 INFO  [BrowserSelenium] ENTER --> (_getByLocator)
12:52:14,024 INFO  [BrowserSelenium] (_getByLocator) -> Getting locator for null
12:52:14,024 INFO  [BrowserSelenium] (_getByLocator) -> Locator info found for XPATH attribute as: //a[@href='/jbilling/config/index']
12:52:14,024 INFO  [BrowserSelenium] ENTER --> (_parseElementOnXpath)
12:52:14,024 INFO  [BrowserSelenium] (_parseElementOnXpath) -> //a[@href='/jbilling/config/index'] is used
12:52:14,025 INFO  [BrowserSelenium] EXIT --> (_parseElementOnXpath)
12:52:14,025 INFO  [BrowserSelenium] EXIT --> (_getByLocator)
12:52:14,048 INFO  [BrowserSelenium] ENTER --> (_getByLocator)
12:52:14,048 INFO  [BrowserSelenium] (_getByLocator) -> Getting locator for null
12:52:14,048 INFO  [BrowserSelenium] (_getByLocator) -> Locator info found for XPATH attribute as: //a[@href='/jbilling/config/index']
12:52:14,048 INFO  [BrowserSelenium] ENTER --> (_parseElementOnXpath)
12:52:14,048 INFO  [BrowserSelenium] (_parseElementOnXpath) -> //a[@href='/jbilling/config/index'] is used
12:52:14,049 INFO  [BrowserSelenium] EXIT --> (_parseElementOnXpath)
12:52:14,049 INFO  [BrowserSelenium] EXIT --> (_getByLocator)
12:52:14,071 INFO  [BrowserSelenium] ENTER --> (_getByLocator)
12:52:14,071 INFO  [BrowserSelenium] (_getByLocator) -> Getting locator for null
12:52:14,071 INFO  [BrowserSelenium] (_getByLocator) -> Locator info found for XPATH attribute as: //a[@href='/jbilling/config/index']
12:52:14,071 INFO  [BrowserSelenium] ENTER --> (_parseElementOnXpath)
12:52:14,071 INFO  [BrowserSelenium] (_parseElementOnXpath) -> //a[@href='/jbilling/config/index'] is used
12:52:14,072 INFO  [BrowserSelenium] EXIT --> (_parseElementOnXpath)
12:52:14,072 INFO  [BrowserSelenium] EXIT --> (_getByLocator)
12:52:14,090 INFO  [BrowserSelenium] ENTER --> (_getByLocator)
12:52:14,090 INFO  [BrowserSelenium] (_getByLocator) -> Getting locator for null
12:52:14,090 INFO  [BrowserSelenium] (_getByLocator) -> Locator info found for XPATH attribute as: //a[@href='/jbilling/config/index']
12:52:14,090 INFO  [BrowserSelenium] ENTER --> (_parseElementOnXpath)
12:52:14,090 INFO  [BrowserSelenium] (_parseElementOnXpath) -> //a[@href='/jbilling/config/index'] is used
12:52:14,091 INFO  [BrowserSelenium] EXIT --> (_parseElementOnXpath)
12:52:14,091 INFO  [BrowserSelenium] EXIT --> (_getByLocator)
12:52:14,109 INFO  [BrowserSelenium] ENTER --> (_getByLocator)
12:52:14,109 INFO  [BrowserSelenium] (_getByLocator) -> Getting locator for null
12:52:14,109 INFO  [BrowserSelenium] (_getByLocator) -> Locator info found for XPATH attribute as: //a[@href='/jbilling/config/index']
12:52:14,109 INFO  [BrowserSelenium] ENTER --> (_parseElementOnXpath)
12:52:14,110 INFO  [BrowserSelenium] (_parseElementOnXpath) -> //a[@href='/jbilling/config/index'] is used
12:52:14,110 INFO  [BrowserSelenium] EXIT --> (_parseElementOnXpath)
12:52:14,110 INFO  [BrowserSelenium] EXIT --> (_getByLocator)
12:52:14,133 INFO  [BrowserSelenium] ENTER --> (_getByLocator)
12:52:14,134 INFO  [BrowserSelenium] (_getByLocator) -> Getting locator for null
12:52:14,134 INFO  [BrowserSelenium] (_getByLocator) -> Locator info found for XPATH attribute as: //a[@href='/jbilling/config/index']
12:52:14,134 INFO  [BrowserSelenium] ENTER --> (_parseElementOnXpath)
12:52:14,134 INFO  [BrowserSelenium] (_parseElementOnXpath) -> //a[@href='/jbilling/config/index'] is used
12:52:14,134 INFO  [BrowserSelenium] EXIT --> (_parseElementOnXpath)
12:52:14,135 INFO  [BrowserSelenium] EXIT --> (_getByLocator)
12:52:14,174 INFO  [BrowserSelenium] ENTER --> (_getByLocator)
12:52:14,174 INFO  [BrowserSelenium] (_getByLocator) -> Getting locator for null
12:52:14,174 INFO  [BrowserSelenium] (_getByLocator) -> Locator info found for XPATH attribute as: //a[@href='/jbilling/config/index']
12:52:14,175 INFO  [BrowserSelenium] ENTER --> (_parseElementOnXpath)
12:52:14,175 INFO  [BrowserSelenium] (_parseElementOnXpath) -> //a[@href='/jbilling/config/index'] is used
12:52:14,175 INFO  [BrowserSelenium] EXIT --> (_parseElementOnXpath)
12:52:14,175 INFO  [BrowserSelenium] EXIT --> (_getByLocator)
12:52:14,215 INFO  [BrowserSelenium] ENTER --> (_getByLocator)
12:52:14,215 INFO  [BrowserSelenium] (_getByLocator) -> Getting locator for null
12:52:14,215 INFO  [BrowserSelenium] (_getByLocator) -> Locator info found for XPATH attribute as: //a[@href='/jbilling/config/index']
12:52:14,215 INFO  [BrowserSelenium] ENTER --> (_parseElementOnXpath)
12:52:14,215 INFO  [BrowserSelenium] (_parseElementOnXpath) -> //a[@href='/jbilling/config/index'] is used
12:52:14,216 INFO  [BrowserSelenium] EXIT --> (_parseElementOnXpath)
12:52:14,216 INFO  [BrowserSelenium] EXIT --> (_getByLocator)
12:52:14,242 INFO  [BrowserSelenium] ENTER --> (_getByLocator)
12:52:14,243 INFO  [BrowserSelenium] (_getByLocator) -> Getting locator for null
12:52:14,243 INFO  [BrowserSelenium] (_getByLocator) -> Locator info found for XPATH attribute as: //a[@href='/jbilling/config/index']
12:52:14,243 INFO  [BrowserSelenium] ENTER --> (_parseElementOnXpath)
12:52:14,243 INFO  [BrowserSelenium] (_parseElementOnXpath) -> //a[@href='/jbilling/config/index'] is used
12:52:14,244 INFO  [BrowserSelenium] EXIT --> (_parseElementOnXpath)
12:52:14,244 INFO  [BrowserSelenium] EXIT --> (_getByLocator)
12:52:14,267 INFO  [BrowserSelenium] ENTER --> (_getByLocator)
12:52:14,267 INFO  [BrowserSelenium] (_getByLocator) -> Getting locator for null
12:52:14,267 INFO  [BrowserSelenium] (_getByLocator) -> Locator info found for XPATH attribute as: //a[@href='/jbilling/config/index']
12:52:14,268 INFO  [BrowserSelenium] ENTER --> (_parseElementOnXpath)
12:52:14,268 INFO  [BrowserSelenium] (_parseElementOnXpath) -> //a[@href='/jbilling/config/index'] is used
12:52:14,268 INFO  [BrowserSelenium] EXIT --> (_parseElementOnXpath)
12:52:14,268 INFO  [BrowserSelenium] EXIT --> (_getByLocator)
12:52:14,292 INFO  [BrowserSelenium] ENTER --> (_getByLocator)
12:52:14,292 INFO  [BrowserSelenium] (_getByLocator) -> Getting locator for null
12:52:14,292 INFO  [BrowserSelenium] (_getByLocator) -> Locator info found for XPATH attribute as: //a[@href='/jbilling/config/index']
12:52:14,292 INFO  [BrowserSelenium] ENTER --> (_parseElementOnXpath)
12:52:14,293 INFO  [BrowserSelenium] (_parseElementOnXpath) -> //a[@href='/jbilling/config/index'] is used
12:52:14,293 INFO  [BrowserSelenium] EXIT --> (_parseElementOnXpath)
12:52:14,293 INFO  [BrowserSelenium] EXIT --> (_getByLocator)
12:52:14,313 INFO  [BrowserSelenium] ENTER --> (_getByLocator)
12:52:14,313 INFO  [BrowserSelenium] (_getByLocator) -> Getting locator for null
12:52:14,313 INFO  [BrowserSelenium] (_getByLocator) -> Locator info found for XPATH attribute as: //a[@href='/jbilling/config/index']
12:52:14,314 INFO  [BrowserSelenium] ENTER --> (_parseElementOnXpath)
12:52:14,314 INFO  [BrowserSelenium] (_parseElementOnXpath) -> //a[@href='/jbilling/config/index'] is used
12:52:14,314 INFO  [BrowserSelenium] EXIT --> (_parseElementOnXpath)
12:52:14,314 INFO  [BrowserSelenium] EXIT --> (_getByLocator)
12:52:14,333 INFO  [BrowserSelenium] ENTER --> (_getByLocator)
12:52:14,333 INFO  [BrowserSelenium] (_getByLocator) -> Getting locator for null
12:52:14,333 INFO  [BrowserSelenium] (_getByLocator) -> Locator info found for XPATH attribute as: //a[@href='/jbilling/config/index']
12:52:14,333 INFO  [BrowserSelenium] ENTER --> (_parseElementOnXpath)
12:52:14,334 INFO  [BrowserSelenium] (_parseElementOnXpath) -> //a[@href='/jbilling/config/index'] is used
12:52:14,334 INFO  [BrowserSelenium] EXIT --> (_parseElementOnXpath)
12:52:14,334 INFO  [BrowserSelenium] EXIT --> (_getByLocator)
12:52:14,352 INFO  [BrowserSelenium] ENTER --> (_getByLocator)
12:52:14,352 INFO  [BrowserSelenium] (_getByLocator) -> Getting locator for null
12:52:14,352 INFO  [BrowserSelenium] (_getByLocator) -> Locator info found for XPATH attribute as: //a[@href='/jbilling/config/index']
12:52:14,352 INFO  [BrowserSelenium] ENTER --> (_parseElementOnXpath)
12:52:14,352 INFO  [BrowserSelenium] (_parseElementOnXpath) -> //a[@href='/jbilling/config/index'] is used
12:52:14,352 INFO  [BrowserSelenium] EXIT --> (_parseElementOnXpath)
12:52:14,353 INFO  [BrowserSelenium] EXIT --> (_getByLocator)
12:52:14,377 INFO  [BrowserSelenium] ENTER --> (_getByLocator)
12:52:14,377 INFO  [BrowserSelenium] (_getByLocator) -> Getting locator for null
12:52:14,378 INFO  [BrowserSelenium] (_getByLocator) -> Locator info found for XPATH attribute as: //a[@href='/jbilling/config/index']
12:52:14,378 INFO  [BrowserSelenium] ENTER --> (_parseElementOnXpath)
12:52:14,378 INFO  [BrowserSelenium] (_parseElementOnXpath) -> //a[@href='/jbilling/config/index'] is used
12:52:14,378 INFO  [BrowserSelenium] EXIT --> (_parseElementOnXpath)
12:52:14,378 INFO  [BrowserSelenium] EXIT --> (_getByLocator)
12:52:14,397 INFO  [BrowserSelenium] ENTER --> (_getByLocator)
12:52:14,397 INFO  [BrowserSelenium] (_getByLocator) -> Getting locator for null
12:52:14,397 INFO  [BrowserSelenium] (_getByLocator) -> Locator info found for XPATH attribute as: //a[@href='/jbilling/config/index']
12:52:14,397 INFO  [BrowserSelenium] ENTER --> (_parseElementOnXpath)
12:52:14,398 INFO  [BrowserSelenium] (_parseElementOnXpath) -> //a[@href='/jbilling/config/index'] is used
12:52:14,398 INFO  [BrowserSelenium] EXIT --> (_parseElementOnXpath)
12:52:14,398 INFO  [BrowserSelenium] EXIT --> (_getByLocator)
12:52:14,416 INFO  [BrowserSelenium] ENTER --> (_getByLocator)
12:52:14,416 INFO  [BrowserSelenium] (_getByLocator) -> Getting locator for null
12:52:14,417 INFO  [BrowserSelenium] (_getByLocator) -> Locator info found for XPATH attribute as: //a[@href='/jbilling/config/index']
12:52:14,417 INFO  [BrowserSelenium] ENTER --> (_parseElementOnXpath)
12:52:14,417 INFO  [BrowserSelenium] (_parseElementOnXpath) -> //a[@href='/jbilling/config/index'] is used
12:52:14,417 INFO  [BrowserSelenium] EXIT --> (_parseElementOnXpath)
12:52:14,417 INFO  [BrowserSelenium] EXIT --> (_getByLocator)
12:52:14,436 INFO  [BrowserSelenium] ENTER --> (_getByLocator)
12:52:14,436 INFO  [BrowserSelenium] (_getByLocator) -> Getting locator for null
12:52:14,436 INFO  [BrowserSelenium] (_getByLocator) -> Locator info found for XPATH attribute as: //a[@href='/jbilling/config/index']
12:52:14,437 INFO  [BrowserSelenium] ENTER --> (_parseElementOnXpath)
12:52:14,437 INFO  [BrowserSelenium] (_parseElementOnXpath) -> //a[@href='/jbilling/config/index'] is used
12:52:14,437 INFO  [BrowserSelenium] EXIT --> (_parseElementOnXpath)
12:52:14,437 INFO  [BrowserSelenium] EXIT --> (_getByLocator)
12:52:14,455 INFO  [BrowserSelenium] ENTER --> (_getByLocator)
12:52:14,456 INFO  [BrowserSelenium] (_getByLocator) -> Getting locator for null
12:52:14,456 INFO  [BrowserSelenium] (_getByLocator) -> Locator info found for XPATH attribute as: //a[@href='/jbilling/config/index']
12:52:14,456 INFO  [BrowserSelenium] ENTER --> (_parseElementOnXpath)
12:52:14,456 INFO  [BrowserSelenium] (_parseElementOnXpath) -> //a[@href='/jbilling/config/index'] is used
12:52:14,457 INFO  [BrowserSelenium] EXIT --> (_parseElementOnXpath)
12:52:14,457 INFO  [BrowserSelenium] EXIT --> (_getByLocator)
12:52:14,475 INFO  [BrowserSelenium] ENTER --> (_getByLocator)
12:52:14,475 INFO  [BrowserSelenium] (_getByLocator) -> Getting locator for null
12:52:14,475 INFO  [BrowserSelenium] (_getByLocator) -> Locator info found for XPATH attribute as: //a[@href='/jbilling/config/index']
12:52:14,476 INFO  [BrowserSelenium] ENTER --> (_parseElementOnXpath)
12:52:14,476 INFO  [BrowserSelenium] (_parseElementOnXpath) -> //a[@href='/jbilling/config/index'] is used
12:52:14,476 INFO  [BrowserSelenium] EXIT --> (_parseElementOnXpath)
12:52:14,476 INFO  [BrowserSelenium] EXIT --> (_getByLocator)
12:52:14,497 INFO  [BrowserSelenium] ENTER --> (_getByLocator)
12:52:14,497 INFO  [BrowserSelenium] (_getByLocator) -> Getting locator for null
12:52:14,498 INFO  [BrowserSelenium] (_getByLocator) -> Locator info found for XPATH attribute as: //a[@href='/jbilling/config/index']
12:52:14,498 INFO  [BrowserSelenium] ENTER --> (_parseElementOnXpath)
12:52:14,498 INFO  [BrowserSelenium] (_parseElementOnXpath) -> //a[@href='/jbilling/config/index'] is used
12:52:14,498 INFO  [BrowserSelenium] EXIT --> (_parseElementOnXpath)
12:52:14,498 INFO  [BrowserSelenium] EXIT --> (_getByLocator)
12:52:14,518 INFO  [BrowserSelenium] ENTER --> (_getByLocator)
12:52:14,519 INFO  [BrowserSelenium] (_getByLocator) -> Getting locator for null
12:52:14,519 INFO  [BrowserSelenium] (_getByLocator) -> Locator info found for XPATH attribute as: //a[@href='/jbilling/config/index']
12:52:14,519 INFO  [BrowserSelenium] ENTER --> (_parseElementOnXpath)
12:52:14,519 INFO  [BrowserSelenium] (_parseElementOnXpath) -> //a[@href='/jbilling/config/index'] is used
12:52:14,519 INFO  [BrowserSelenium] EXIT --> (_parseElementOnXpath)
12:52:14,519 INFO  [BrowserSelenium] EXIT --> (_getByLocator)
12:52:14,542 INFO  [BrowserSelenium] ENTER --> (_getByLocator)
12:52:14,542 INFO  [BrowserSelenium] (_getByLocator) -> Getting locator for null
12:52:14,542 INFO  [BrowserSelenium] (_getByLocator) -> Locator info found for XPATH attribute as: //a[@href='/jbilling/config/index']
12:52:14,542 INFO  [BrowserSelenium] ENTER --> (_parseElementOnXpath)
12:52:14,543 INFO  [BrowserSelenium] (_parseElementOnXpath) -> //a[@href='/jbilling/config/index'] is used
12:52:14,543 INFO  [BrowserSelenium] EXIT --> (_parseElementOnXpath)
12:52:14,543 INFO  [BrowserSelenium] EXIT --> (_getByLocator)
12:52:14,577 INFO  [BrowserSelenium] ENTER --> (_getByLocator)
12:52:14,577 INFO  [BrowserSelenium] (_getByLocator) -> Getting locator for null
12:52:14,577 INFO  [BrowserSelenium] (_getByLocator) -> Locator info found for XPATH attribute as: //a[@href='/jbilling/config/index']
12:52:14,578 INFO  [BrowserSelenium] ENTER --> (_parseElementOnXpath)
12:52:14,578 INFO  [BrowserSelenium] (_parseElementOnXpath) -> //a[@href='/jbilling/config/index'] is used
12:52:14,578 INFO  [BrowserSelenium] EXIT --> (_parseElementOnXpath)
12:52:14,578 INFO  [BrowserSelenium] EXIT --> (_getByLocator)
12:52:14,601 INFO  [BrowserSelenium] ENTER --> (_getByLocator)
12:52:14,602 INFO  [BrowserSelenium] (_getByLocator) -> Getting locator for null
12:52:14,602 INFO  [BrowserSelenium] (_getByLocator) -> Locator info found for XPATH attribute as: //a[@href='/jbilling/config/index']
12:52:14,602 INFO  [BrowserSelenium] ENTER --> (_parseElementOnXpath)
12:52:14,602 INFO  [BrowserSelenium] (_parseElementOnXpath) -> //a[@href='/jbilling/config/index'] is used
12:52:14,602 INFO  [BrowserSelenium] EXIT --> (_parseElementOnXpath)
12:52:14,603 INFO  [BrowserSelenium] EXIT --> (_getByLocator)
12:52:14,624 INFO  [BrowserSelenium] ENTER --> (_getByLocator)
12:52:14,625 INFO  [BrowserSelenium] (_getByLocator) -> Getting locator for null
12:52:14,625 INFO  [BrowserSelenium] (_getByLocator) -> Locator info found for XPATH attribute as: //a[@href='/jbilling/config/index']
12:52:14,625 INFO  [BrowserSelenium] ENTER --> (_parseElementOnXpath)
12:52:14,625 INFO  [BrowserSelenium] (_parseElementOnXpath) -> //a[@href='/jbilling/config/index'] is used
12:52:14,625 INFO  [BrowserSelenium] EXIT --> (_parseElementOnXpath)
12:52:14,625 INFO  [BrowserSelenium] EXIT --> (_getByLocator)
12:52:14,655 INFO  [BrowserSelenium] ENTER --> (_getByLocator)
12:52:14,655 INFO  [BrowserSelenium] (_getByLocator) -> Getting locator for null
12:52:14,655 INFO  [BrowserSelenium] (_getByLocator) -> Locator info found for XPATH attribute as: //a[@href='/jbilling/config/index']
12:52:14,656 INFO  [BrowserSelenium] ENTER --> (_parseElementOnXpath)
12:52:14,656 INFO  [BrowserSelenium] (_parseElementOnXpath) -> //a[@href='/jbilling/config/index'] is used
12:52:14,656 INFO  [BrowserSelenium] EXIT --> (_parseElementOnXpath)
12:52:14,656 INFO  [BrowserSelenium] EXIT --> (_getByLocator)
12:52:14,708 INFO  [BrowserSelenium] ENTER --> (_getByLocator)
12:52:14,708 INFO  [BrowserSelenium] (_getByLocator) -> Getting locator for null
12:52:14,708 INFO  [BrowserSelenium] (_getByLocator) -> Locator info found for XPATH attribute as: //a[@href='/jbilling/config/index']
12:52:14,708 INFO  [BrowserSelenium] ENTER --> (_parseElementOnXpath)
12:52:14,709 INFO  [BrowserSelenium] (_parseElementOnXpath) -> //a[@href='/jbilling/config/index'] is used
12:52:14,709 INFO  [BrowserSelenium] EXIT --> (_parseElementOnXpath)
12:52:14,709 INFO  [BrowserSelenium] EXIT --> (_getByLocator)
12:52:14,736 INFO  [BrowserSelenium] ENTER --> (_getByLocator)
12:52:14,736 INFO  [BrowserSelenium] (_getByLocator) -> Getting locator for null
12:52:14,736 INFO  [BrowserSelenium] (_getByLocator) -> Locator info found for XPATH attribute as: //a[@href='/jbilling/config/index']
12:52:14,736 INFO  [BrowserSelenium] ENTER --> (_parseElementOnXpath)
12:52:14,736 INFO  [BrowserSelenium] (_parseElementOnXpath) -> //a[@href='/jbilling/config/index'] is used
12:52:14,737 INFO  [BrowserSelenium] EXIT --> (_parseElementOnXpath)
12:52:14,737 INFO  [BrowserSelenium] EXIT --> (_getByLocator)
12:52:14,756 INFO  [BrowserSelenium] ENTER --> (_getByLocator)
12:52:14,756 INFO  [BrowserSelenium] (_getByLocator) -> Getting locator for null
12:52:14,756 INFO  [BrowserSelenium] (_getByLocator) -> Locator info found for XPATH attribute as: //a[@href='/jbilling/config/index']
12:52:14,757 INFO  [BrowserSelenium] ENTER --> (_parseElementOnXpath)
12:52:14,757 INFO  [BrowserSelenium] (_parseElementOnXpath) -> //a[@href='/jbilling/config/index'] is used
12:52:14,757 INFO  [BrowserSelenium] EXIT --> (_parseElementOnXpath)
12:52:14,757 INFO  [BrowserSelenium] EXIT --> (_getByLocator)
12:52:14,777 INFO  [BrowserSelenium] ENTER --> (_getByLocator)
12:52:14,777 INFO  [BrowserSelenium] (_getByLocator) -> Getting locator for null
12:52:14,777 INFO  [BrowserSelenium] (_getByLocator) -> Locator info found for XPATH attribute as: //a[@href='/jbilling/config/index']
12:52:14,777 INFO  [BrowserSelenium] ENTER --> (_parseElementOnXpath)
12:52:14,778 INFO  [BrowserSelenium] (_parseElementOnXpath) -> //a[@href='/jbilling/config/index'] is used
12:52:14,778 INFO  [BrowserSelenium] EXIT --> (_parseElementOnXpath)
12:52:14,778 INFO  [BrowserSelenium] EXIT --> (_getByLocator)
12:52:14,881 INFO  [BrowserSelenium] ENTER --> (_getByLocator)
12:52:14,882 INFO  [BrowserSelenium] (_getByLocator) -> Getting locator for null
12:52:14,882 INFO  [BrowserSelenium] (_getByLocator) -> Locator info found for XPATH attribute as: //a[@href='/jbilling/config/index']
12:52:14,882 INFO  [BrowserSelenium] ENTER --> (_parseElementOnXpath)
12:52:14,882 INFO  [BrowserSelenium] (_parseElementOnXpath) -> //a[@href='/jbilling/config/index'] is used
12:52:14,882 INFO  [BrowserSelenium] EXIT --> (_parseElementOnXpath)
12:52:14,882 INFO  [BrowserSelenium] EXIT --> (_getByLocator)
12:52:14,904 INFO  [BrowserSelenium] ENTER --> (_getByLocator)
12:52:14,905 INFO  [BrowserSelenium] (_getByLocator) -> Getting locator for null
12:52:14,905 INFO  [BrowserSelenium] (_getByLocator) -> Locator info found for XPATH attribute as: //a[@href='/jbilling/config/index']
12:52:14,905 INFO  [BrowserSelenium] ENTER --> (_parseElementOnXpath)
12:52:14,905 INFO  [BrowserSelenium] (_parseElementOnXpath) -> //a[@href='/jbilling/config/index'] is used
12:52:14,905 INFO  [BrowserSelenium] EXIT --> (_parseElementOnXpath)
12:52:14,905 INFO  [BrowserSelenium] EXIT --> (_getByLocator)
12:52:14,925 INFO  [BrowserSelenium] ENTER --> (_getByLocator)
12:52:14,925 INFO  [BrowserSelenium] (_getByLocator) -> Getting locator for null
12:52:14,925 INFO  [BrowserSelenium] (_getByLocator) -> Locator info found for XPATH attribute as: //a[@href='/jbilling/config/index']
12:52:14,926 INFO  [BrowserSelenium] ENTER --> (_parseElementOnXpath)
12:52:14,926 INFO  [BrowserSelenium] (_parseElementOnXpath) -> //a[@href='/jbilling/config/index'] is used
12:52:14,926 INFO  [BrowserSelenium] EXIT --> (_parseElementOnXpath)
12:52:14,926 INFO  [BrowserSelenium] EXIT --> (_getByLocator)
12:52:14,955 INFO  [BrowserSelenium] ENTER --> (_getByLocator)
12:52:14,955 INFO  [BrowserSelenium] (_getByLocator) -> Getting locator for null
12:52:14,955 INFO  [BrowserSelenium] (_getByLocator) -> Locator info found for XPATH attribute as: //a[@href='/jbilling/config/index']
12:52:14,956 INFO  [BrowserSelenium] ENTER --> (_parseElementOnXpath)
12:52:14,956 INFO  [BrowserSelenium] (_parseElementOnXpath) -> //a[@href='/jbilling/config/index'] is used
12:52:14,956 INFO  [BrowserSelenium] EXIT --> (_parseElementOnXpath)
12:52:14,956 INFO  [BrowserSelenium] EXIT --> (_getByLocator)
12:52:14,978 INFO  [BrowserSelenium] ENTER --> (_getByLocator)
12:52:14,978 INFO  [BrowserSelenium] (_getByLocator) -> Getting locator for null
12:52:14,978 INFO  [BrowserSelenium] (_getByLocator) -> Locator info found for XPATH attribute as: //a[@href='/jbilling/config/index']
12:52:14,978 INFO  [BrowserSelenium] ENTER --> (_parseElementOnXpath)
12:52:14,979 INFO  [BrowserSelenium] (_parseElementOnXpath) -> //a[@href='/jbilling/config/index'] is used
12:52:14,979 INFO  [BrowserSelenium] EXIT --> (_parseElementOnXpath)
12:52:14,979 INFO  [BrowserSelenium] EXIT --> (_getByLocator)
12:52:15,017 INFO  [BrowserSelenium] ENTER --> (_getByLocator)
12:52:15,017 INFO  [BrowserSelenium] (_getByLocator) -> Getting locator for null
12:52:15,017 INFO  [BrowserSelenium] (_getByLocator) -> Locator info found for XPATH attribute as: //a[@href='/jbilling/config/index']
12:52:15,017 INFO  [BrowserSelenium] ENTER --> (_parseElementOnXpath)
12:52:15,017 INFO  [BrowserSelenium] (_parseElementOnXpath) -> //a[@href='/jbilling/config/index'] is used
12:52:15,018 INFO  [BrowserSelenium] EXIT --> (_parseElementOnXpath)
12:52:15,018 INFO  [BrowserSelenium] EXIT --> (_getByLocator)
12:52:15,047 INFO  [BrowserSelenium] ENTER --> (_getByLocator)
12:52:15,047 INFO  [BrowserSelenium] (_getByLocator) -> Getting locator for null
12:52:15,047 INFO  [BrowserSelenium] (_getByLocator) -> Locator info found for XPATH attribute as: //a[@href='/jbilling/config/index']
12:52:15,047 INFO  [BrowserSelenium] ENTER --> (_parseElementOnXpath)
12:52:15,048 INFO  [BrowserSelenium] (_parseElementOnXpath) -> //a[@href='/jbilling/config/index'] is used
12:52:15,048 INFO  [BrowserSelenium] EXIT --> (_parseElementOnXpath)
12:52:15,048 INFO  [BrowserSelenium] EXIT --> (_getByLocator)
12:52:15,070 INFO  [BrowserSelenium] ENTER --> (_getByLocator)
12:52:15,070 INFO  [BrowserSelenium] (_getByLocator) -> Getting locator for null
12:52:15,070 INFO  [BrowserSelenium] (_getByLocator) -> Locator info found for XPATH attribute as: //a[@href='/jbilling/config/index']
12:52:15,070 INFO  [BrowserSelenium] ENTER --> (_parseElementOnXpath)
12:52:15,071 INFO  [BrowserSelenium] (_parseElementOnXpath) -> //a[@href='/jbilling/config/index'] is used
12:52:15,071 INFO  [BrowserSelenium] EXIT --> (_parseElementOnXpath)
12:52:15,071 INFO  [BrowserSelenium] EXIT --> (_getByLocator)
12:52:15,090 INFO  [BrowserSelenium] ENTER --> (_getByLocator)
12:52:15,090 INFO  [BrowserSelenium] (_getByLocator) -> Getting locator for null
12:52:15,090 INFO  [BrowserSelenium] (_getByLocator) -> Locator info found for XPATH attribute as: //a[@href='/jbilling/config/index']
12:52:15,090 INFO  [BrowserSelenium] ENTER --> (_parseElementOnXpath)
12:52:15,090 INFO  [BrowserSelenium] (_parseElementOnXpath) -> //a[@href='/jbilling/config/index'] is used
12:52:15,091 INFO  [BrowserSelenium] EXIT --> (_parseElementOnXpath)
12:52:15,091 INFO  [BrowserSelenium] EXIT --> (_getByLocator)
12:52:15,113 INFO  [BrowserSelenium] ENTER --> (_getByLocator)
12:52:15,113 INFO  [BrowserSelenium] (_getByLocator) -> Getting locator for null
12:52:15,113 INFO  [BrowserSelenium] (_getByLocator) -> Locator info found for XPATH attribute as: //a[@href='/jbilling/config/index']
12:52:15,113 INFO  [BrowserSelenium] ENTER --> (_parseElementOnXpath)
12:52:15,113 INFO  [BrowserSelenium] (_parseElementOnXpath) -> //a[@href='/jbilling/config/index'] is used
12:52:15,113 INFO  [BrowserSelenium] EXIT --> (_parseElementOnXpath)
12:52:15,113 INFO  [BrowserSelenium] EXIT --> (_getByLocator)
12:52:15,133 INFO  [BrowserSelenium] ENTER --> (_getByLocator)
12:52:15,133 INFO  [BrowserSelenium] (_getByLocator) -> Getting locator for null
12:52:15,133 INFO  [BrowserSelenium] (_getByLocator) -> Locator info found for XPATH attribute as: //a[@href='/jbilling/config/index']
12:52:15,133 INFO  [BrowserSelenium] ENTER --> (_parseElementOnXpath)
12:52:15,133 INFO  [BrowserSelenium] (_parseElementOnXpath) -> //a[@href='/jbilling/config/index'] is used
12:52:15,133 INFO  [BrowserSelenium] EXIT --> (_parseElementOnXpath)
12:52:15,134 INFO  [BrowserSelenium] EXIT --> (_getByLocator)
12:52:15,153 INFO  [BrowserSelenium] ENTER --> (_getByLocator)
12:52:15,153 INFO  [BrowserSelenium] (_getByLocator) -> Getting locator for null
12:52:15,153 INFO  [BrowserSelenium] (_getByLocator) -> Locator info found for XPATH attribute as: //a[@href='/jbilling/config/index']
12:52:15,154 INFO  [BrowserSelenium] ENTER --> (_parseElementOnXpath)
12:52:15,154 INFO  [BrowserSelenium] (_parseElementOnXpath) -> //a[@href='/jbilling/config/index'] is used
12:52:15,154 INFO  [BrowserSelenium] EXIT --> (_parseElementOnXpath)
12:52:15,154 INFO  [BrowserSelenium] EXIT --> (_getByLocator)
12:52:15,173 INFO  [BrowserSelenium] ENTER --> (_getByLocator)
12:52:15,173 INFO  [BrowserSelenium] (_getByLocator) -> Getting locator for null
12:52:15,173 INFO  [BrowserSelenium] (_getByLocator) -> Locator info found for XPATH attribute as: //a[@href='/jbilling/config/index']
12:52:15,173 INFO  [BrowserSelenium] ENTER --> (_parseElementOnXpath)
12:52:15,174 INFO  [BrowserSelenium] (_parseElementOnXpath) -> //a[@href='/jbilling/config/index'] is used
12:52:15,174 INFO  [BrowserSelenium] EXIT --> (_parseElementOnXpath)
12:52:15,174 INFO  [BrowserSelenium] EXIT --> (_getByLocator)
12:52:15,195 INFO  [BrowserSelenium] ENTER --> (_getByLocator)
12:52:15,195 INFO  [BrowserSelenium] (_getByLocator) -> Getting locator for null
12:52:15,195 INFO  [BrowserSelenium] (_getByLocator) -> Locator info found for XPATH attribute as: //a[@href='/jbilling/config/index']
12:52:15,196 INFO  [BrowserSelenium] ENTER --> (_parseElementOnXpath)
12:52:15,196 INFO  [BrowserSelenium] (_parseElementOnXpath) -> //a[@href='/jbilling/config/index'] is used
12:52:15,196 INFO  [BrowserSelenium] EXIT --> (_parseElementOnXpath)
12:52:15,196 INFO  [BrowserSelenium] EXIT --> (_getByLocator)
12:52:15,215 INFO  [BrowserSelenium] ENTER --> (_getByLocator)
12:52:15,215 INFO  [BrowserSelenium] (_getByLocator) -> Getting locator for null
12:52:15,215 INFO  [BrowserSelenium] (_getByLocator) -> Locator info found for XPATH attribute as: //a[@href='/jbilling/config/index']
12:52:15,215 INFO  [BrowserSelenium] ENTER --> (_parseElementOnXpath)
12:52:15,215 INFO  [BrowserSelenium] (_parseElementOnXpath) -> //a[@href='/jbilling/config/index'] is used
12:52:15,216 INFO  [BrowserSelenium] EXIT --> (_parseElementOnXpath)
12:52:15,216 INFO  [BrowserSelenium] EXIT --> (_getByLocator)
12:52:15,234 INFO  [BrowserSelenium] ENTER --> (_getByLocator)
12:52:15,234 INFO  [BrowserSelenium] (_getByLocator) -> Getting locator for null
12:52:15,235 INFO  [BrowserSelenium] (_getByLocator) -> Locator info found for XPATH attribute as: //a[@href='/jbilling/config/index']
12:52:15,235 INFO  [BrowserSelenium] ENTER --> (_parseElementOnXpath)
12:52:15,235 INFO  [BrowserSelenium] (_parseElementOnXpath) -> //a[@href='/jbilling/config/index'] is used
12:52:15,235 INFO  [BrowserSelenium] EXIT --> (_parseElementOnXpath)
12:52:15,235 INFO  [BrowserSelenium] EXIT --> (_getByLocator)
12:52:15,256 INFO  [BrowserSelenium] ENTER --> (_getByLocator)
12:52:15,256 INFO  [BrowserSelenium] (_getByLocator) -> Getting locator for null
12:52:15,256 INFO  [BrowserSelenium] (_getByLocator) -> Locator info found for XPATH attribute as: //a[@href='/jbilling/config/index']
12:52:15,256 INFO  [BrowserSelenium] ENTER --> (_parseElementOnXpath)
12:52:15,256 INFO  [BrowserSelenium] (_parseElementOnXpath) -> //a[@href='/jbilling/config/index'] is used
12:52:15,256 INFO  [BrowserSelenium] EXIT --> (_parseElementOnXpath)
12:52:15,257 INFO  [BrowserSelenium] EXIT --> (_getByLocator)
12:52:15,278 INFO  [BrowserSelenium] ENTER --> (_getByLocator)
12:52:15,278 INFO  [BrowserSelenium] (_getByLocator) -> Getting locator for null
12:52:15,278 INFO  [BrowserSelenium] (_getByLocator) -> Locator info found for XPATH attribute as: //a[@href='/jbilling/config/index']
12:52:15,278 INFO  [BrowserSelenium] ENTER --> (_parseElementOnXpath)
12:52:15,279 INFO  [BrowserSelenium] (_parseElementOnXpath) -> //a[@href='/jbilling/config/index'] is used
12:52:15,279 INFO  [BrowserSelenium] EXIT --> (_parseElementOnXpath)
12:52:15,279 INFO  [BrowserSelenium] EXIT --> (_getByLocator)
12:52:15,299 INFO  [BrowserSelenium] ENTER --> (_getByLocator)
12:52:15,299 INFO  [BrowserSelenium] (_getByLocator) -> Getting locator for null
12:52:15,299 INFO  [BrowserSelenium] (_getByLocator) -> Locator info found for XPATH attribute as: //a[@href='/jbilling/config/index']
12:52:15,300 INFO  [BrowserSelenium] ENTER --> (_parseElementOnXpath)
12:52:15,300 INFO  [BrowserSelenium] (_parseElementOnXpath) -> //a[@href='/jbilling/config/index'] is used
12:52:15,300 INFO  [BrowserSelenium] EXIT --> (_parseElementOnXpath)
12:52:15,300 INFO  [BrowserSelenium] EXIT --> (_getByLocator)
12:52:15,319 INFO  [BrowserSelenium] ENTER --> (_getByLocator)
12:52:15,320 INFO  [BrowserSelenium] (_getByLocator) -> Getting locator for null
12:52:15,320 INFO  [BrowserSelenium] (_getByLocator) -> Locator info found for XPATH attribute as: //a[@href='/jbilling/config/index']
12:52:15,320 INFO  [BrowserSelenium] ENTER --> (_parseElementOnXpath)
12:52:15,320 INFO  [BrowserSelenium] (_parseElementOnXpath) -> //a[@href='/jbilling/config/index'] is used
12:52:15,320 INFO  [BrowserSelenium] EXIT --> (_parseElementOnXpath)
12:52:15,320 INFO  [BrowserSelenium] EXIT --> (_getByLocator)
12:52:15,343 INFO  [BrowserSelenium] ENTER --> (_getByLocator)
12:52:15,343 INFO  [BrowserSelenium] (_getByLocator) -> Getting locator for null
12:52:15,343 INFO  [BrowserSelenium] (_getByLocator) -> Locator info found for XPATH attribute as: //a[@href='/jbilling/config/index']
12:52:15,343 INFO  [BrowserSelenium] ENTER --> (_parseElementOnXpath)
12:52:15,343 INFO  [BrowserSelenium] (_parseElementOnXpath) -> //a[@href='/jbilling/config/index'] is used
12:52:15,343 INFO  [BrowserSelenium] EXIT --> (_parseElementOnXpath)
12:52:15,344 INFO  [BrowserSelenium] EXIT --> (_getByLocator)
12:52:15,363 INFO  [BrowserSelenium] ENTER --> (_getByLocator)
12:52:15,363 INFO  [BrowserSelenium] (_getByLocator) -> Getting locator for null
12:52:15,363 INFO  [BrowserSelenium] (_getByLocator) -> Locator info found for XPATH attribute as: //a[@href='/jbilling/config/index']
12:52:15,363 INFO  [BrowserSelenium] ENTER --> (_parseElementOnXpath)
12:52:15,364 INFO  [BrowserSelenium] (_parseElementOnXpath) -> //a[@href='/jbilling/config/index'] is used
12:52:15,364 INFO  [BrowserSelenium] EXIT --> (_parseElementOnXpath)
12:52:15,364 INFO  [BrowserSelenium] EXIT --> (_getByLocator)
12:52:15,383 INFO  [BrowserSelenium] ENTER --> (_getByLocator)
12:52:15,383 INFO  [BrowserSelenium] (_getByLocator) -> Getting locator for null
12:52:15,383 INFO  [BrowserSelenium] (_getByLocator) -> Locator info found for XPATH attribute as: //a[@href='/jbilling/config/index']
12:52:15,383 INFO  [BrowserSelenium] ENTER --> (_parseElementOnXpath)
12:52:15,383 INFO  [BrowserSelenium] (_parseElementOnXpath) -> //a[@href='/jbilling/config/index'] is used
12:52:15,384 INFO  [BrowserSelenium] EXIT --> (_parseElementOnXpath)
12:52:15,384 INFO  [BrowserSelenium] EXIT --> (_getByLocator)
12:52:15,406 INFO  [BrowserSelenium] ENTER --> (_getByLocator)
12:52:15,406 INFO  [BrowserSelenium] (_getByLocator) -> Getting locator for null
12:52:15,407 INFO  [BrowserSelenium] (_getByLocator) -> Locator info found for XPATH attribute as: //a[@href='/jbilling/config/index']
12:52:15,407 INFO  [BrowserSelenium] ENTER --> (_parseElementOnXpath)
12:52:15,407 INFO  [BrowserSelenium] (_parseElementOnXpath) -> //a[@href='/jbilling/config/index'] is used
12:52:15,407 INFO  [BrowserSelenium] EXIT --> (_parseElementOnXpath)
12:52:15,407 INFO  [BrowserSelenium] EXIT --> (_getByLocator)
12:52:15,431 INFO  [BrowserSelenium] ENTER --> (_getByLocator)
12:52:15,432 INFO  [BrowserSelenium] (_getByLocator) -> Getting locator for null
12:52:15,432 INFO  [BrowserSelenium] (_getByLocator) -> Locator info found for XPATH attribute as: //a[@href='/jbilling/config/index']
12:52:15,432 INFO  [BrowserSelenium] ENTER --> (_parseElementOnXpath)
12:52:15,432 INFO  [BrowserSelenium] (_parseElementOnXpath) -> //a[@href='/jbilling/config/index'] is used
12:52:15,432 INFO  [BrowserSelenium] EXIT --> (_parseElementOnXpath)
12:52:15,433 INFO  [BrowserSelenium] EXIT --> (_getByLocator)
12:52:15,453 INFO  [BrowserSelenium] ENTER --> (_getByLocator)
12:52:15,453 INFO  [BrowserSelenium] (_getByLocator) -> Getting locator for null
12:52:15,453 INFO  [BrowserSelenium] (_getByLocator) -> Locator info found for XPATH attribute as: //a[@href='/jbilling/config/index']
12:52:15,453 INFO  [BrowserSelenium] ENTER --> (_parseElementOnXpath)
12:52:15,454 INFO  [BrowserSelenium] (_parseElementOnXpath) -> //a[@href='/jbilling/config/index'] is used
12:52:15,454 INFO  [BrowserSelenium] EXIT --> (_parseElementOnXpath)
12:52:15,454 INFO  [BrowserSelenium] EXIT --> (_getByLocator)
12:52:15,474 INFO  [BrowserSelenium] ENTER --> (_getByLocator)
12:52:15,474 INFO  [BrowserSelenium] (_getByLocator) -> Getting locator for null
12:52:15,474 INFO  [BrowserSelenium] (_getByLocator) -> Locator info found for XPATH attribute as: //a[@href='/jbilling/config/index']
12:52:15,474 INFO  [BrowserSelenium] ENTER --> (_parseElementOnXpath)
12:52:15,475 INFO  [BrowserSelenium] (_parseElementOnXpath) -> //a[@href='/jbilling/config/index'] is used
12:52:15,475 INFO  [BrowserSelenium] EXIT --> (_parseElementOnXpath)
12:52:15,475 INFO  [BrowserSelenium] EXIT --> (_getByLocator)
12:52:15,493 INFO  [BrowserSelenium] ENTER --> (_getByLocator)
12:52:15,493 INFO  [BrowserSelenium] (_getByLocator) -> Getting locator for null
12:52:15,494 INFO  [BrowserSelenium] (_getByLocator) -> Locator info found for XPATH attribute as: //a[@href='/jbilling/config/index']
12:52:15,494 INFO  [BrowserSelenium] ENTER --> (_parseElementOnXpath)
12:52:15,494 INFO  [BrowserSelenium] (_parseElementOnXpath) -> //a[@href='/jbilling/config/index'] is used
12:52:15,494 INFO  [BrowserSelenium] EXIT --> (_parseElementOnXpath)
12:52:15,494 INFO  [BrowserSelenium] EXIT --> (_getByLocator)
12:52:15,513 INFO  [BrowserSelenium] ENTER --> (_getByLocator)
12:52:15,513 INFO  [BrowserSelenium] (_getByLocator) -> Getting locator for null
12:52:15,513 INFO  [BrowserSelenium] (_getByLocator) -> Locator info found for XPATH attribute as: //a[@href='/jbilling/config/index']
12:52:15,513 INFO  [BrowserSelenium] ENTER --> (_parseElementOnXpath)
12:52:15,513 INFO  [BrowserSelenium] (_parseElementOnXpath) -> //a[@href='/jbilling/config/index'] is used
12:52:15,513 INFO  [BrowserSelenium] EXIT --> (_parseElementOnXpath)
12:52:15,514 INFO  [BrowserSelenium] EXIT --> (_getByLocator)
12:52:15,532 INFO  [BrowserSelenium] ENTER --> (_getByLocator)
12:52:15,533 INFO  [BrowserSelenium] (_getByLocator) -> Getting locator for null
12:52:15,533 INFO  [BrowserSelenium] (_getByLocator) -> Locator info found for XPATH attribute as: //a[@href='/jbilling/config/index']
12:52:15,533 INFO  [BrowserSelenium] ENTER --> (_parseElementOnXpath)
12:52:15,533 INFO  [BrowserSelenium] (_parseElementOnXpath) -> //a[@href='/jbilling/config/index'] is used
12:52:15,533 INFO  [BrowserSelenium] EXIT --> (_parseElementOnXpath)
12:52:15,534 INFO  [BrowserSelenium] EXIT --> (_getByLocator)
12:52:15,553 INFO  [BrowserSelenium] ENTER --> (_getByLocator)
12:52:15,553 INFO  [BrowserSelenium] (_getByLocator) -> Getting locator for null
12:52:15,553 INFO  [BrowserSelenium] (_getByLocator) -> Locator info found for XPATH attribute as: //a[@href='/jbilling/config/index']
12:52:15,554 INFO  [BrowserSelenium] ENTER --> (_parseElementOnXpath)
12:52:15,554 INFO  [BrowserSelenium] (_parseElementOnXpath) -> //a[@href='/jbilling/config/index'] is used
12:52:15,554 INFO  [BrowserSelenium] EXIT --> (_parseElementOnXpath)
12:52:15,554 INFO  [BrowserSelenium] EXIT --> (_getByLocator)
12:52:15,575 INFO  [BrowserSelenium] ENTER --> (_getByLocator)
12:52:15,576 INFO  [BrowserSelenium] (_getByLocator) -> Getting locator for null
12:52:15,576 INFO  [BrowserSelenium] (_getByLocator) -> Locator info found for XPATH attribute as: //a[@href='/jbilling/config/index']
12:52:15,576 INFO  [BrowserSelenium] ENTER --> (_parseElementOnXpath)
12:52:15,576 INFO  [BrowserSelenium] (_parseElementOnXpath) -> //a[@href='/jbilling/config/index'] is used
12:52:15,576 INFO  [BrowserSelenium] EXIT --> (_parseElementOnXpath)
12:52:15,577 INFO  [BrowserSelenium] EXIT --> (_getByLocator)
12:52:15,600 INFO  [BrowserSelenium] ENTER --> (_getByLocator)
12:52:15,600 INFO  [BrowserSelenium] (_getByLocator) -> Getting locator for null
12:52:15,600 INFO  [BrowserSelenium] (_getByLocator) -> Locator info found for XPATH attribute as: //a[@href='/jbilling/config/index']
12:52:15,601 INFO  [BrowserSelenium] ENTER --> (_parseElementOnXpath)
12:52:15,601 INFO  [BrowserSelenium] (_parseElementOnXpath) -> //a[@href='/jbilling/config/index'] is used
12:52:15,601 INFO  [BrowserSelenium] EXIT --> (_parseElementOnXpath)
12:52:15,601 INFO  [BrowserSelenium] EXIT --> (_getByLocator)
12:52:15,621 INFO  [BrowserSelenium] ENTER --> (_getByLocator)
12:52:15,621 INFO  [BrowserSelenium] (_getByLocator) -> Getting locator for null
12:52:15,622 INFO  [BrowserSelenium] (_getByLocator) -> Locator info found for XPATH attribute as: //a[@href='/jbilling/config/index']
12:52:15,622 INFO  [BrowserSelenium] ENTER --> (_parseElementOnXpath)
12:52:15,622 INFO  [BrowserSelenium] (_parseElementOnXpath) -> //a[@href='/jbilling/config/index'] is used
12:52:15,622 INFO  [BrowserSelenium] EXIT --> (_parseElementOnXpath)
12:52:15,622 INFO  [BrowserSelenium] EXIT --> (_getByLocator)
12:52:15,648 INFO  [BrowserSelenium] ENTER --> (_getByLocator)
12:52:15,648 INFO  [BrowserSelenium] (_getByLocator) -> Getting locator for null
12:52:15,648 INFO  [BrowserSelenium] (_getByLocator) -> Locator info found for XPATH attribute as: //a[@href='/jbilling/config/index']
12:52:15,648 INFO  [BrowserSelenium] ENTER --> (_parseElementOnXpath)
12:52:15,649 INFO  [BrowserSelenium] (_parseElementOnXpath) -> //a[@href='/jbilling/config/index'] is used
12:52:15,649 INFO  [BrowserSelenium] EXIT --> (_parseElementOnXpath)
12:52:15,649 INFO  [BrowserSelenium] EXIT --> (_getByLocator)
12:52:15,670 INFO  [BrowserSelenium] ENTER --> (_getByLocator)
12:52:15,671 INFO  [BrowserSelenium] (_getByLocator) -> Getting locator for null
12:52:15,671 INFO  [BrowserSelenium] (_getByLocator) -> Locator info found for XPATH attribute as: //a[@href='/jbilling/config/index']
12:52:15,671 INFO  [BrowserSelenium] ENTER --> (_parseElementOnXpath)
12:52:15,671 INFO  [BrowserSelenium] (_parseElementOnXpath) -> //a[@href='/jbilling/config/index'] is used
12:52:15,671 INFO  [BrowserSelenium] EXIT --> (_parseElementOnXpath)
12:52:15,671 INFO  [BrowserSelenium] EXIT --> (_getByLocator)
12:52:15,690 INFO  [BrowserSelenium] ENTER --> (_getByLocator)
12:52:15,690 INFO  [BrowserSelenium] (_getByLocator) -> Getting locator for null
12:52:15,690 INFO  [BrowserSelenium] (_getByLocator) -> Locator info found for XPATH attribute as: //a[@href='/jbilling/config/index']
12:52:15,690 INFO  [BrowserSelenium] ENTER --> (_parseElementOnXpath)
12:52:15,690 INFO  [BrowserSelenium] (_parseElementOnXpath) -> //a[@href='/jbilling/config/index'] is used
12:52:15,691 INFO  [BrowserSelenium] EXIT --> (_parseElementOnXpath)
12:52:15,691 INFO  [BrowserSelenium] EXIT --> (_getByLocator)
12:52:15,710 INFO  [BrowserSelenium] ENTER --> (_getByLocator)
12:52:15,710 INFO  [BrowserSelenium] (_getByLocator) -> Getting locator for null
12:52:15,710 INFO  [BrowserSelenium] (_getByLocator) -> Locator info found for XPATH attribute as: //a[@href='/jbilling/config/index']
12:52:15,710 INFO  [BrowserSelenium] ENTER --> (_parseElementOnXpath)
12:52:15,711 INFO  [BrowserSelenium] (_parseElementOnXpath) -> //a[@href='/jbilling/config/index'] is used
12:52:15,711 INFO  [BrowserSelenium] EXIT --> (_parseElementOnXpath)
12:52:15,711 INFO  [BrowserSelenium] EXIT --> (_getByLocator)
12:52:15,734 INFO  [BrowserSelenium] ENTER --> (_getByLocator)
12:52:15,734 INFO  [BrowserSelenium] (_getByLocator) -> Getting locator for null
12:52:15,734 INFO  [BrowserSelenium] (_getByLocator) -> Locator info found for XPATH attribute as: //a[@href='/jbilling/config/index']
12:52:15,734 INFO  [BrowserSelenium] ENTER --> (_parseElementOnXpath)
12:52:15,734 INFO  [BrowserSelenium] (_parseElementOnXpath) -> //a[@href='/jbilling/config/index'] is used
12:52:15,735 INFO  [BrowserSelenium] EXIT --> (_parseElementOnXpath)
12:52:15,735 INFO  [BrowserSelenium] EXIT --> (_getByLocator)
12:52:15,759 INFO  [BrowserSelenium] ENTER --> (_getByLocator)
12:52:15,759 INFO  [BrowserSelenium] (_getByLocator) -> Getting locator for null
12:52:15,760 INFO  [BrowserSelenium] (_getByLocator) -> Locator info found for XPATH attribute as: //a[@href='/jbilling/config/index']
12:52:15,760 INFO  [BrowserSelenium] ENTER --> (_parseElementOnXpath)
12:52:15,760 INFO  [BrowserSelenium] (_parseElementOnXpath) -> //a[@href='/jbilling/config/index'] is used
12:52:15,760 INFO  [BrowserSelenium] EXIT --> (_parseElementOnXpath)
12:52:15,760 INFO  [BrowserSelenium] EXIT --> (_getByLocator)
12:52:15,786 INFO  [BrowserSelenium] ENTER --> (_getByLocator)
12:52:15,787 INFO  [BrowserSelenium] (_getByLocator) -> Getting locator for null
12:52:15,787 INFO  [BrowserSelenium] (_getByLocator) -> Locator info found for XPATH attribute as: //a[@href='/jbilling/config/index']
12:52:15,787 INFO  [BrowserSelenium] ENTER --> (_parseElementOnXpath)
12:52:15,787 INFO  [BrowserSelenium] (_parseElementOnXpath) -> //a[@href='/jbilling/config/index'] is used
12:52:15,787 INFO  [BrowserSelenium] EXIT --> (_parseElementOnXpath)
12:52:15,787 INFO  [BrowserSelenium] EXIT --> (_getByLocator)
12:52:15,812 INFO  [BrowserSelenium] ENTER --> (_getByLocator)
12:52:15,812 INFO  [BrowserSelenium] (_getByLocator) -> Getting locator for null
12:52:15,812 INFO  [BrowserSelenium] (_getByLocator) -> Locator info found for XPATH attribute as: //a[@href='/jbilling/config/index']
12:52:15,812 INFO  [BrowserSelenium] ENTER --> (_parseElementOnXpath)
12:52:15,812 INFO  [BrowserSelenium] (_parseElementOnXpath) -> //a[@href='/jbilling/config/index'] is used
12:52:15,813 INFO  [BrowserSelenium] EXIT --> (_parseElementOnXpath)
12:52:15,813 INFO  [BrowserSelenium] EXIT --> (_getByLocator)
12:52:15,832 INFO  [BrowserSelenium] ENTER --> (_getByLocator)
12:52:15,832 INFO  [BrowserSelenium] (_getByLocator) -> Getting locator for null
12:52:15,832 INFO  [BrowserSelenium] (_getByLocator) -> Locator info found for XPATH attribute as: //a[@href='/jbilling/config/index']
12:52:15,833 INFO  [BrowserSelenium] ENTER --> (_parseElementOnXpath)
12:52:15,833 INFO  [BrowserSelenium] (_parseElementOnXpath) -> //a[@href='/jbilling/config/index'] is used
12:52:15,833 INFO  [BrowserSelenium] EXIT --> (_parseElementOnXpath)
12:52:15,833 INFO  [BrowserSelenium] EXIT --> (_getByLocator)
12:52:15,852 INFO  [BrowserSelenium] ENTER --> (_getByLocator)
12:52:15,852 INFO  [BrowserSelenium] (_getByLocator) -> Getting locator for null
12:52:15,852 INFO  [BrowserSelenium] (_getByLocator) -> Locator info found for XPATH attribute as: //a[@href='/jbilling/config/index']
12:52:15,852 INFO  [BrowserSelenium] ENTER --> (_parseElementOnXpath)
12:52:15,852 INFO  [BrowserSelenium] (_parseElementOnXpath) -> //a[@href='/jbilling/config/index'] is used
12:52:15,852 INFO  [BrowserSelenium] EXIT --> (_parseElementOnXpath)
12:52:15,853 INFO  [BrowserSelenium] EXIT --> (_getByLocator)
12:52:15,871 INFO  [BrowserSelenium] ENTER --> (_getByLocator)
12:52:15,871 INFO  [BrowserSelenium] (_getByLocator) -> Getting locator for null
12:52:15,871 INFO  [BrowserSelenium] (_getByLocator) -> Locator info found for XPATH attribute as: //a[@href='/jbilling/config/index']
12:52:15,871 INFO  [BrowserSelenium] ENTER --> (_parseElementOnXpath)
12:52:15,871 INFO  [BrowserSelenium] (_parseElementOnXpath) -> //a[@href='/jbilling/config/index'] is used
12:52:15,872 INFO  [BrowserSelenium] EXIT --> (_parseElementOnXpath)
12:52:15,872 INFO  [BrowserSelenium] EXIT --> (_getByLocator)
12:52:15,890 INFO  [BrowserSelenium] ENTER --> (_getByLocator)
12:52:15,890 INFO  [BrowserSelenium] (_getByLocator) -> Getting locator for null
12:52:15,890 INFO  [BrowserSelenium] (_getByLocator) -> Locator info found for XPATH attribute as: //a[@href='/jbilling/config/index']
12:52:15,890 INFO  [BrowserSelenium] ENTER --> (_parseElementOnXpath)
12:52:15,890 INFO  [BrowserSelenium] (_parseElementOnXpath) -> //a[@href='/jbilling/config/index'] is used
12:52:15,890 INFO  [BrowserSelenium] EXIT --> (_parseElementOnXpath)
12:52:15,890 INFO  [BrowserSelenium] EXIT --> (_getByLocator)
12:52:15,908 INFO  [BrowserSelenium] ENTER --> (_getByLocator)
12:52:15,909 INFO  [BrowserSelenium] (_getByLocator) -> Getting locator for null
12:52:15,909 INFO  [BrowserSelenium] (_getByLocator) -> Locator info found for XPATH attribute as: //a[@href='/jbilling/config/index']
12:52:15,909 INFO  [BrowserSelenium] ENTER --> (_parseElementOnXpath)
12:52:15,909 INFO  [BrowserSelenium] (_parseElementOnXpath) -> //a[@href='/jbilling/config/index'] is used
12:52:15,909 INFO  [BrowserSelenium] EXIT --> (_parseElementOnXpath)
12:52:15,909 INFO  [BrowserSelenium] EXIT --> (_getByLocator)
12:52:15,929 INFO  [BrowserSelenium] ENTER --> (_getByLocator)
12:52:15,929 INFO  [BrowserSelenium] (_getByLocator) -> Getting locator for null
12:52:15,929 INFO  [BrowserSelenium] (_getByLocator) -> Locator info found for XPATH attribute as: //a[@href='/jbilling/config/index']
12:52:15,929 INFO  [BrowserSelenium] ENTER --> (_parseElementOnXpath)
12:52:15,929 INFO  [BrowserSelenium] (_parseElementOnXpath) -> //a[@href='/jbilling/config/index'] is used
12:52:15,929 INFO  [BrowserSelenium] EXIT --> (_parseElementOnXpath)
12:52:15,929 INFO  [BrowserSelenium] EXIT --> (_getByLocator)
12:52:15,950 INFO  [BrowserSelenium] ENTER --> (_getByLocator)
12:52:15,950 INFO  [BrowserSelenium] (_getByLocator) -> Getting locator for null
12:52:15,950 INFO  [BrowserSelenium] (_getByLocator) -> Locator info found for XPATH attribute as: //a[@href='/jbilling/config/index']
12:52:15,950 INFO  [BrowserSelenium] ENTER --> (_parseElementOnXpath)
12:52:15,951 INFO  [BrowserSelenium] (_parseElementOnXpath) -> //a[@href='/jbilling/config/index'] is used
12:52:15,951 INFO  [BrowserSelenium] EXIT --> (_parseElementOnXpath)
12:52:15,951 INFO  [BrowserSelenium] EXIT --> (_getByLocator)
12:52:15,968 INFO  [BrowserSelenium] ENTER --> (_getByLocator)
12:52:15,968 INFO  [BrowserSelenium] (_getByLocator) -> Getting locator for null
12:52:15,969 INFO  [BrowserSelenium] (_getByLocator) -> Locator info found for XPATH attribute as: //a[@href='/jbilling/config/index']
12:52:15,969 INFO  [BrowserSelenium] ENTER --> (_parseElementOnXpath)
12:52:15,969 INFO  [BrowserSelenium] (_parseElementOnXpath) -> //a[@href='/jbilling/config/index'] is used
12:52:15,969 INFO  [BrowserSelenium] EXIT --> (_parseElementOnXpath)
12:52:15,969 INFO  [BrowserSelenium] EXIT --> (_getByLocator)
12:52:15,987 INFO  [BrowserSelenium] ENTER --> (_getByLocator)
12:52:15,988 INFO  [BrowserSelenium] (_getByLocator) -> Getting locator for null
12:52:15,988 INFO  [BrowserSelenium] (_getByLocator) -> Locator info found for XPATH attribute as: //a[@href='/jbilling/config/index']
12:52:15,988 INFO  [BrowserSelenium] ENTER --> (_parseElementOnXpath)
12:52:15,988 INFO  [BrowserSelenium] (_parseElementOnXpath) -> //a[@href='/jbilling/config/index'] is used
12:52:15,988 INFO  [BrowserSelenium] EXIT --> (_parseElementOnXpath)
12:52:15,988 INFO  [BrowserSelenium] EXIT --> (_getByLocator)
12:52:16,006 INFO  [BrowserSelenium] ENTER --> (_getByLocator)
12:52:16,006 INFO  [BrowserSelenium] (_getByLocator) -> Getting locator for null
12:52:16,006 INFO  [BrowserSelenium] (_getByLocator) -> Locator info found for XPATH attribute as: //a[@href='/jbilling/config/index']
12:52:16,006 INFO  [BrowserSelenium] ENTER --> (_parseElementOnXpath)
12:52:16,007 INFO  [BrowserSelenium] (_parseElementOnXpath) -> //a[@href='/jbilling/config/index'] is used
12:52:16,007 INFO  [BrowserSelenium] EXIT --> (_parseElementOnXpath)
12:52:16,007 INFO  [BrowserSelenium] EXIT --> (_getByLocator)
12:52:16,024 INFO  [BrowserSelenium] ENTER --> (_getByLocator)
12:52:16,024 INFO  [BrowserSelenium] (_getByLocator) -> Getting locator for null
12:52:16,025 INFO  [BrowserSelenium] (_getByLocator) -> Locator info found for XPATH attribute as: //a[@href='/jbilling/config/index']
12:52:16,025 INFO  [BrowserSelenium] ENTER --> (_parseElementOnXpath)
12:52:16,025 INFO  [BrowserSelenium] (_parseElementOnXpath) -> //a[@href='/jbilling/config/index'] is used
12:52:16,025 INFO  [BrowserSelenium] EXIT --> (_parseElementOnXpath)
12:52:16,025 INFO  [BrowserSelenium] EXIT --> (_getByLocator)
12:52:16,044 INFO  [BrowserSelenium] ENTER --> (_getByLocator)
12:52:16,044 INFO  [BrowserSelenium] (_getByLocator) -> Getting locator for null
12:52:16,044 INFO  [BrowserSelenium] (_getByLocator) -> Locator info found for XPATH attribute as: //a[@href='/jbilling/config/index']
12:52:16,044 INFO  [BrowserSelenium] ENTER --> (_parseElementOnXpath)
12:52:16,045 INFO  [BrowserSelenium] (_parseElementOnXpath) -> //a[@href='/jbilling/config/index'] is used
12:52:16,045 INFO  [BrowserSelenium] EXIT --> (_parseElementOnXpath)
12:52:16,045 INFO  [BrowserSelenium] EXIT --> (_getByLocator)
12:52:16,064 INFO  [BrowserSelenium] ENTER --> (_getByLocator)
12:52:16,064 INFO  [BrowserSelenium] (_getByLocator) -> Getting locator for null
12:52:16,064 INFO  [BrowserSelenium] (_getByLocator) -> Locator info found for XPATH attribute as: //a[@href='/jbilling/config/index']
12:52:16,064 INFO  [BrowserSelenium] ENTER --> (_parseElementOnXpath)
12:52:16,064 INFO  [BrowserSelenium] (_parseElementOnXpath) -> //a[@href='/jbilling/config/index'] is used
12:52:16,064 INFO  [BrowserSelenium] EXIT --> (_parseElementOnXpath)
12:52:16,065 INFO  [BrowserSelenium] EXIT --> (_getByLocator)
12:52:16,082 INFO  [BrowserSelenium] ENTER --> (_getByLocator)
12:52:16,083 INFO  [BrowserSelenium] (_getByLocator) -> Getting locator for null
12:52:16,083 INFO  [BrowserSelenium] (_getByLocator) -> Locator info found for XPATH attribute as: //a[@href='/jbilling/config/index']
12:52:16,083 INFO  [BrowserSelenium] ENTER --> (_parseElementOnXpath)
12:52:16,083 INFO  [BrowserSelenium] (_parseElementOnXpath) -> //a[@href='/jbilling/config/index'] is used
12:52:16,083 INFO  [BrowserSelenium] EXIT --> (_parseElementOnXpath)
12:52:16,084 INFO  [BrowserSelenium] EXIT --> (_getByLocator)
12:52:16,109 INFO  [BrowserSelenium] ENTER --> (_getByLocator)
12:52:16,109 INFO  [BrowserSelenium] (_getByLocator) -> Getting locator for null
12:52:16,110 INFO  [BrowserSelenium] (_getByLocator) -> Locator info found for XPATH attribute as: //a[@href='/jbilling/config/index']
12:52:16,110 INFO  [BrowserSelenium] ENTER --> (_parseElementOnXpath)
12:52:16,110 INFO  [BrowserSelenium] (_parseElementOnXpath) -> //a[@href='/jbilling/config/index'] is used
12:52:16,110 INFO  [BrowserSelenium] EXIT --> (_parseElementOnXpath)
12:52:16,110 INFO  [BrowserSelenium] EXIT --> (_getByLocator)
12:52:16,138 INFO  [BrowserSelenium] ENTER --> (_getByLocator)
12:52:16,138 INFO  [BrowserSelenium] (_getByLocator) -> Getting locator for null
12:52:16,138 INFO  [BrowserSelenium] (_getByLocator) -> Locator info found for XPATH attribute as: //a[@href='/jbilling/config/index']
12:52:16,138 INFO  [BrowserSelenium] ENTER --> (_parseElementOnXpath)
12:52:16,139 INFO  [BrowserSelenium] (_parseElementOnXpath) -> //a[@href='/jbilling/config/index'] is used
12:52:16,139 INFO  [BrowserSelenium] EXIT --> (_parseElementOnXpath)
12:52:16,139 INFO  [BrowserSelenium] EXIT --> (_getByLocator)
12:52:16,157 INFO  [BrowserSelenium] ENTER --> (_getByLocator)
12:52:16,157 INFO  [BrowserSelenium] (_getByLocator) -> Getting locator for null
12:52:16,158 INFO  [BrowserSelenium] (_getByLocator) -> Locator info found for XPATH attribute as: //a[@href='/jbilling/config/index']
12:52:16,158 INFO  [BrowserSelenium] ENTER --> (_parseElementOnXpath)
12:52:16,158 INFO  [BrowserSelenium] (_parseElementOnXpath) -> //a[@href='/jbilling/config/index'] is used
12:52:16,158 INFO  [BrowserSelenium] EXIT --> (_parseElementOnXpath)
12:52:16,158 INFO  [BrowserSelenium] EXIT --> (_getByLocator)
12:52:16,182 INFO  [BrowserSelenium] ENTER --> (_getByLocator)
12:52:16,182 INFO  [BrowserSelenium] (_getByLocator) -> Getting locator for null
12:52:16,182 INFO  [BrowserSelenium] (_getByLocator) -> Locator info found for XPATH attribute as: //a[@href='/jbilling/config/index']
12:52:16,182 INFO  [BrowserSelenium] ENTER --> (_parseElementOnXpath)
12:52:16,183 INFO  [BrowserSelenium] (_parseElementOnXpath) -> //a[@href='/jbilling/config/index'] is used
12:52:16,183 INFO  [BrowserSelenium] EXIT --> (_parseElementOnXpath)
12:52:16,183 INFO  [BrowserSelenium] EXIT --> (_getByLocator)
12:52:16,206 INFO  [BrowserSelenium] ENTER --> (_getByLocator)
12:52:16,206 INFO  [BrowserSelenium] (_getByLocator) -> Getting locator for null
12:52:16,206 INFO  [BrowserSelenium] (_getByLocator) -> Locator info found for XPATH attribute as: //a[@href='/jbilling/config/index']
12:52:16,206 INFO  [BrowserSelenium] ENTER --> (_parseElementOnXpath)
12:52:16,207 INFO  [BrowserSelenium] (_parseElementOnXpath) -> //a[@href='/jbilling/config/index'] is used
12:52:16,207 INFO  [BrowserSelenium] EXIT --> (_parseElementOnXpath)
12:52:16,207 INFO  [BrowserSelenium] EXIT --> (_getByLocator)
12:52:16,225 INFO  [BrowserSelenium] ENTER --> (_getByLocator)
12:52:16,225 INFO  [BrowserSelenium] (_getByLocator) -> Getting locator for null
12:52:16,226 INFO  [BrowserSelenium] (_getByLocator) -> Locator info found for XPATH attribute as: //a[@href='/jbilling/config/index']
12:52:16,226 INFO  [BrowserSelenium] ENTER --> (_parseElementOnXpath)
12:52:16,226 INFO  [BrowserSelenium] (_parseElementOnXpath) -> //a[@href='/jbilling/config/index'] is used
12:52:16,226 INFO  [BrowserSelenium] EXIT --> (_parseElementOnXpath)
12:52:16,226 INFO  [BrowserSelenium] EXIT --> (_getByLocator)
12:52:16,246 INFO  [BrowserSelenium] ENTER --> (_getByLocator)
12:52:16,246 INFO  [BrowserSelenium] (_getByLocator) -> Getting locator for null
12:52:16,246 INFO  [BrowserSelenium] (_getByLocator) -> Locator info found for XPATH attribute as: //a[@href='/jbilling/config/index']
12:52:16,246 INFO  [BrowserSelenium] ENTER --> (_parseElementOnXpath)
12:52:16,246 INFO  [BrowserSelenium] (_parseElementOnXpath) -> //a[@href='/jbilling/config/index'] is used
12:52:16,247 INFO  [BrowserSelenium] EXIT --> (_parseElementOnXpath)
12:52:16,247 INFO  [BrowserSelenium] EXIT --> (_getByLocator)
12:52:16,269 INFO  [BrowserSelenium] ENTER --> (_getByLocator)
12:52:16,269 INFO  [BrowserSelenium] (_getByLocator) -> Getting locator for null
12:52:16,269 INFO  [BrowserSelenium] (_getByLocator) -> Locator info found for XPATH attribute as: //a[@href='/jbilling/config/index']
12:52:16,269 INFO  [BrowserSelenium] ENTER --> (_parseElementOnXpath)
12:52:16,269 INFO  [BrowserSelenium] (_parseElementOnXpath) -> //a[@href='/jbilling/config/index'] is used
12:52:16,270 INFO  [BrowserSelenium] EXIT --> (_parseElementOnXpath)
12:52:16,270 INFO  [BrowserSelenium] EXIT --> (_getByLocator)
12:52:16,288 INFO  [BrowserSelenium] ENTER --> (_getByLocator)
12:52:16,288 INFO  [BrowserSelenium] (_getByLocator) -> Getting locator for null
12:52:16,288 INFO  [BrowserSelenium] (_getByLocator) -> Locator info found for XPATH attribute as: //a[@href='/jbilling/config/index']
12:52:16,288 INFO  [BrowserSelenium] ENTER --> (_parseElementOnXpath)
12:52:16,288 INFO  [BrowserSelenium] (_parseElementOnXpath) -> //a[@href='/jbilling/config/index'] is used
12:52:16,288 INFO  [BrowserSelenium] EXIT --> (_parseElementOnXpath)
12:52:16,288 INFO  [BrowserSelenium] EXIT --> (_getByLocator)
12:52:16,306 INFO  [BrowserSelenium] ENTER --> (_getByLocator)
12:52:16,306 INFO  [BrowserSelenium] (_getByLocator) -> Getting locator for null
12:52:16,306 INFO  [BrowserSelenium] (_getByLocator) -> Locator info found for XPATH attribute as: //a[@href='/jbilling/config/index']
12:52:16,306 INFO  [BrowserSelenium] ENTER --> (_parseElementOnXpath)
12:52:16,306 INFO  [BrowserSelenium] (_parseElementOnXpath) -> //a[@href='/jbilling/config/index'] is used
12:52:16,307 INFO  [BrowserSelenium] EXIT --> (_parseElementOnXpath)
12:52:16,307 INFO  [BrowserSelenium] EXIT --> (_getByLocator)
12:52:16,325 INFO  [BrowserSelenium] ENTER --> (_getByLocator)
12:52:16,325 INFO  [BrowserSelenium] (_getByLocator) -> Getting locator for null
12:52:16,325 INFO  [BrowserSelenium] (_getByLocator) -> Locator info found for XPATH attribute as: //a[@href='/jbilling/config/index']
12:52:16,326 INFO  [BrowserSelenium] ENTER --> (_parseElementOnXpath)
12:52:16,326 INFO  [BrowserSelenium] (_parseElementOnXpath) -> //a[@href='/jbilling/config/index'] is used
12:52:16,326 INFO  [BrowserSelenium] EXIT --> (_parseElementOnXpath)
12:52:16,326 INFO  [BrowserSelenium] EXIT --> (_getByLocator)
12:52:16,344 INFO  [BrowserSelenium] ENTER --> (_getByLocator)
12:52:16,344 INFO  [BrowserSelenium] (_getByLocator) -> Getting locator for null
12:52:16,344 INFO  [BrowserSelenium] (_getByLocator) -> Locator info found for XPATH attribute as: //a[@href='/jbilling/config/index']
12:52:16,344 INFO  [BrowserSelenium] ENTER --> (_parseElementOnXpath)
12:52:16,344 INFO  [BrowserSelenium] (_parseElementOnXpath) -> //a[@href='/jbilling/config/index'] is used
12:52:16,344 INFO  [BrowserSelenium] EXIT --> (_parseElementOnXpath)
12:52:16,345 INFO  [BrowserSelenium] EXIT --> (_getByLocator)
12:52:16,364 INFO  [BrowserSelenium] ENTER --> (_getByLocator)
12:52:16,364 INFO  [BrowserSelenium] (_getByLocator) -> Getting locator for null
12:52:16,364 INFO  [BrowserSelenium] (_getByLocator) -> Locator info found for XPATH attribute as: //a[@href='/jbilling/config/index']
12:52:16,365 INFO  [BrowserSelenium] ENTER --> (_parseElementOnXpath)
12:52:16,365 INFO  [BrowserSelenium] (_parseElementOnXpath) -> //a[@href='/jbilling/config/index'] is used
12:52:16,365 INFO  [BrowserSelenium] EXIT --> (_parseElementOnXpath)
12:52:16,365 INFO  [BrowserSelenium] EXIT --> (_getByLocator)
12:52:16,385 INFO  [BrowserSelenium] ENTER --> (_getByLocator)
12:52:16,385 INFO  [BrowserSelenium] (_getByLocator) -> Getting locator for null
12:52:16,385 INFO  [BrowserSelenium] (_getByLocator) -> Locator info found for XPATH attribute as: //a[@href='/jbilling/config/index']
12:52:16,385 INFO  [BrowserSelenium] ENTER --> (_parseElementOnXpath)
12:52:16,385 INFO  [BrowserSelenium] (_parseElementOnXpath) -> //a[@href='/jbilling/config/index'] is used
12:52:16,386 INFO  [BrowserSelenium] EXIT --> (_parseElementOnXpath)
12:52:16,386 INFO  [BrowserSelenium] EXIT --> (_getByLocator)
12:52:16,408 INFO  [BrowserSelenium] ENTER --> (_getByLocator)
12:52:16,408 INFO  [BrowserSelenium] (_getByLocator) -> Getting locator for null
12:52:16,408 INFO  [BrowserSelenium] (_getByLocator) -> Locator info found for XPATH attribute as: //a[@href='/jbilling/config/index']
12:52:16,408 INFO  [BrowserSelenium] ENTER --> (_parseElementOnXpath)
12:52:16,409 INFO  [BrowserSelenium] (_parseElementOnXpath) -> //a[@href='/jbilling/config/index'] is used
12:52:16,409 INFO  [BrowserSelenium] EXIT --> (_parseElementOnXpath)
12:52:16,409 INFO  [BrowserSelenium] EXIT --> (_getByLocator)
12:52:16,429 INFO  [BrowserSelenium] ENTER --> (_getByLocator)
12:52:16,429 INFO  [BrowserSelenium] (_getByLocator) -> Getting locator for null
12:52:16,429 INFO  [BrowserSelenium] (_getByLocator) -> Locator info found for XPATH attribute as: //a[@href='/jbilling/config/index']
12:52:16,429 INFO  [BrowserSelenium] ENTER --> (_parseElementOnXpath)
12:52:16,430 INFO  [BrowserSelenium] (_parseElementOnXpath) -> //a[@href='/jbilling/config/index'] is used
12:52:16,430 INFO  [BrowserSelenium] EXIT --> (_parseElementOnXpath)
12:52:16,430 INFO  [BrowserSelenium] EXIT --> (_getByLocator)
12:52:16,451 INFO  [BrowserSelenium] ENTER --> (_getByLocator)
12:52:16,452 INFO  [BrowserSelenium] (_getByLocator) -> Getting locator for null
12:52:16,452 INFO  [BrowserSelenium] (_getByLocator) -> Locator info found for XPATH attribute as: //a[@href='/jbilling/config/index']
12:52:16,452 INFO  [BrowserSelenium] ENTER --> (_parseElementOnXpath)
12:52:16,452 INFO  [BrowserSelenium] (_parseElementOnXpath) -> //a[@href='/jbilling/config/index'] is used
12:52:16,452 INFO  [BrowserSelenium] EXIT --> (_parseElementOnXpath)
12:52:16,452 INFO  [BrowserSelenium] EXIT --> (_getByLocator)
12:52:16,470 INFO  [BrowserSelenium] ENTER --> (_getByLocator)
12:52:16,471 INFO  [BrowserSelenium] (_getByLocator) -> Getting locator for null
12:52:16,471 INFO  [BrowserSelenium] (_getByLocator) -> Locator info found for XPATH attribute as: //a[@href='/jbilling/config/index']
12:52:16,471 INFO  [BrowserSelenium] ENTER --> (_parseElementOnXpath)
12:52:16,471 INFO  [BrowserSelenium] (_parseElementOnXpath) -> //a[@href='/jbilling/config/index'] is used
12:52:16,471 INFO  [BrowserSelenium] EXIT --> (_parseElementOnXpath)
12:52:16,472 INFO  [BrowserSelenium] EXIT --> (_getByLocator)
12:52:16,492 INFO  [BrowserSelenium] ENTER --> (_getByLocator)
12:52:16,492 INFO  [BrowserSelenium] (_getByLocator) -> Getting locator for null
12:52:16,492 INFO  [BrowserSelenium] (_getByLocator) -> Locator info found for XPATH attribute as: //a[@href='/jbilling/config/index']
12:52:16,492 INFO  [BrowserSelenium] ENTER --> (_parseElementOnXpath)
12:52:16,493 INFO  [BrowserSelenium] (_parseElementOnXpath) -> //a[@href='/jbilling/config/index'] is used
12:52:16,493 INFO  [BrowserSelenium] EXIT --> (_parseElementOnXpath)
12:52:16,493 INFO  [BrowserSelenium] EXIT --> (_getByLocator)
12:52:16,512 INFO  [BrowserSelenium] ENTER --> (_getByLocator)
12:52:16,512 INFO  [BrowserSelenium] (_getByLocator) -> Getting locator for null
12:52:16,512 INFO  [BrowserSelenium] (_getByLocator) -> Locator info found for XPATH attribute as: //a[@href='/jbilling/config/index']
12:52:16,512 INFO  [BrowserSelenium] ENTER --> (_parseElementOnXpath)
12:52:16,512 INFO  [BrowserSelenium] (_parseElementOnXpath) -> //a[@href='/jbilling/config/index'] is used
12:52:16,513 INFO  [BrowserSelenium] EXIT --> (_parseElementOnXpath)
12:52:16,513 INFO  [BrowserSelenium] EXIT --> (_getByLocator)
12:52:16,530 INFO  [BrowserSelenium] ENTER --> (_getByLocator)
12:52:16,531 INFO  [BrowserSelenium] (_getByLocator) -> Getting locator for null
12:52:16,531 INFO  [BrowserSelenium] (_getByLocator) -> Locator info found for XPATH attribute as: //a[@href='/jbilling/config/index']
12:52:16,531 INFO  [BrowserSelenium] ENTER --> (_parseElementOnXpath)
12:52:16,531 INFO  [BrowserSelenium] (_parseElementOnXpath) -> //a[@href='/jbilling/config/index'] is used
12:52:16,531 INFO  [BrowserSelenium] EXIT --> (_parseElementOnXpath)
12:52:16,531 INFO  [BrowserSelenium] EXIT --> (_getByLocator)
12:52:16,555 INFO  [BrowserSelenium] ENTER --> (_getByLocator)
12:52:16,555 INFO  [BrowserSelenium] (_getByLocator) -> Getting locator for null
12:52:16,555 INFO  [BrowserSelenium] (_getByLocator) -> Locator info found for XPATH attribute as: //a[@href='/jbilling/config/index']
12:52:16,555 INFO  [BrowserSelenium] ENTER --> (_parseElementOnXpath)
12:52:16,555 INFO  [BrowserSelenium] (_parseElementOnXpath) -> //a[@href='/jbilling/config/index'] is used
12:52:16,556 INFO  [BrowserSelenium] EXIT --> (_parseElementOnXpath)
12:52:16,556 INFO  [BrowserSelenium] EXIT --> (_getByLocator)
12:52:16,574 INFO  [BrowserSelenium] ENTER --> (_getByLocator)
12:52:16,574 INFO  [BrowserSelenium] (_getByLocator) -> Getting locator for null
12:52:16,574 INFO  [BrowserSelenium] (_getByLocator) -> Locator info found for XPATH attribute as: //a[@href='/jbilling/config/index']
12:52:16,574 INFO  [BrowserSelenium] ENTER --> (_parseElementOnXpath)
12:52:16,575 INFO  [BrowserSelenium] (_parseElementOnXpath) -> //a[@href='/jbilling/config/index'] is used
12:52:16,575 INFO  [BrowserSelenium] EXIT --> (_parseElementOnXpath)
12:52:16,575 INFO  [BrowserSelenium] EXIT --> (_getByLocator)
12:52:16,593 INFO  [BrowserSelenium] ENTER --> (_getByLocator)
12:52:16,593 INFO  [BrowserSelenium] (_getByLocator) -> Getting locator for null
12:52:16,593 INFO  [BrowserSelenium] (_getByLocator) -> Locator info found for XPATH attribute as: //a[@href='/jbilling/config/index']
12:52:16,593 INFO  [BrowserSelenium] ENTER --> (_parseElementOnXpath)
12:52:16,594 INFO  [BrowserSelenium] (_parseElementOnXpath) -> //a[@href='/jbilling/config/index'] is used
12:52:16,594 INFO  [BrowserSelenium] EXIT --> (_parseElementOnXpath)
12:52:16,594 INFO  [BrowserSelenium] EXIT --> (_getByLocator)
12:52:16,636 INFO  [BrowserSelenium] ENTER --> (_getByLocator)
12:52:16,637 INFO  [BrowserSelenium] (_getByLocator) -> Getting locator for null
12:52:16,637 INFO  [BrowserSelenium] (_getByLocator) -> Locator info found for XPATH attribute as: //a[@href='/jbilling/config/index']
12:52:16,637 INFO  [BrowserSelenium] ENTER --> (_parseElementOnXpath)
12:52:16,637 INFO  [BrowserSelenium] (_parseElementOnXpath) -> //a[@href='/jbilling/config/index'] is used
12:52:16,637 INFO  [BrowserSelenium] EXIT --> (_parseElementOnXpath)
12:52:16,637 INFO  [BrowserSelenium] EXIT --> (_getByLocator)
12:52:16,654 INFO  [BrowserSelenium] ENTER --> (_getByLocator)
12:52:16,655 INFO  [BrowserSelenium] (_getByLocator) -> Getting locator for null
12:52:16,655 INFO  [BrowserSelenium] (_getByLocator) -> Locator info found for XPATH attribute as: //a[@href='/jbilling/config/index']
12:52:16,655 INFO  [BrowserSelenium] ENTER --> (_parseElementOnXpath)
12:52:16,655 INFO  [BrowserSelenium] (_parseElementOnXpath) -> //a[@href='/jbilling/config/index'] is used
12:52:16,655 INFO  [BrowserSelenium] EXIT --> (_parseElementOnXpath)
12:52:16,655 INFO  [BrowserSelenium] EXIT --> (_getByLocator)
12:52:16,678 INFO  [BrowserSelenium] ENTER --> (_getByLocator)
12:52:16,678 INFO  [BrowserSelenium] (_getByLocator) -> Getting locator for null
12:52:16,678 INFO  [BrowserSelenium] (_getByLocator) -> Locator info found for XPATH attribute as: //a[@href='/jbilling/config/index']
12:52:16,679 INFO  [BrowserSelenium] ENTER --> (_parseElementOnXpath)
12:52:16,679 INFO  [BrowserSelenium] (_parseElementOnXpath) -> //a[@href='/jbilling/config/index'] is used
12:52:16,679 INFO  [BrowserSelenium] EXIT --> (_parseElementOnXpath)
12:52:16,679 INFO  [BrowserSelenium] EXIT --> (_getByLocator)
12:52:16,705 INFO  [BrowserSelenium] ENTER --> (_getByLocator)
12:52:16,705 INFO  [BrowserSelenium] (_getByLocator) -> Getting locator for null
12:52:16,705 INFO  [BrowserSelenium] (_getByLocator) -> Locator info found for XPATH attribute as: //a[@href='/jbilling/config/index']
12:52:16,706 INFO  [BrowserSelenium] ENTER --> (_parseElementOnXpath)
12:52:16,706 INFO  [BrowserSelenium] (_parseElementOnXpath) -> //a[@href='/jbilling/config/index'] is used
12:52:16,706 INFO  [BrowserSelenium] EXIT --> (_parseElementOnXpath)
12:52:16,706 INFO  [BrowserSelenium] EXIT --> (_getByLocator)
12:52:16,727 INFO  [BrowserSelenium] ENTER --> (_getByLocator)
12:52:16,727 INFO  [BrowserSelenium] (_getByLocator) -> Getting locator for null
12:52:16,727 INFO  [BrowserSelenium] (_getByLocator) -> Locator info found for XPATH attribute as: //a[@href='/jbilling/config/index']
12:52:16,727 INFO  [BrowserSelenium] ENTER --> (_parseElementOnXpath)
12:52:16,727 INFO  [BrowserSelenium] (_parseElementOnXpath) -> //a[@href='/jbilling/config/index'] is used
12:52:16,727 INFO  [BrowserSelenium] EXIT --> (_parseElementOnXpath)
12:52:16,728 INFO  [BrowserSelenium] EXIT --> (_getByLocator)
12:52:16,745 INFO  [BrowserSelenium] ENTER --> (_getByLocator)
12:52:16,745 INFO  [BrowserSelenium] (_getByLocator) -> Getting locator for null
12:52:16,746 INFO  [BrowserSelenium] (_getByLocator) -> Locator info found for XPATH attribute as: //a[@href='/jbilling/config/index']
12:52:16,746 INFO  [BrowserSelenium] ENTER --> (_parseElementOnXpath)
12:52:16,746 INFO  [BrowserSelenium] (_parseElementOnXpath) -> //a[@href='/jbilling/config/index'] is used
12:52:16,746 INFO  [BrowserSelenium] EXIT --> (_parseElementOnXpath)
12:52:16,746 INFO  [BrowserSelenium] EXIT --> (_getByLocator)
12:52:16,763 INFO  [BrowserSelenium] ENTER --> (_getByLocator)
12:52:16,763 INFO  [BrowserSelenium] (_getByLocator) -> Getting locator for null
12:52:16,764 INFO  [BrowserSelenium] (_getByLocator) -> Locator info found for XPATH attribute as: //a[@href='/jbilling/config/index']
12:52:16,764 INFO  [BrowserSelenium] ENTER --> (_parseElementOnXpath)
12:52:16,764 INFO  [BrowserSelenium] (_parseElementOnXpath) -> //a[@href='/jbilling/config/index'] is used
12:52:16,764 INFO  [BrowserSelenium] EXIT --> (_parseElementOnXpath)
12:52:16,764 INFO  [BrowserSelenium] EXIT --> (_getByLocator)
12:52:16,785 INFO  [BrowserSelenium] ENTER --> (_getByLocator)
12:52:16,785 INFO  [BrowserSelenium] (_getByLocator) -> Getting locator for null
12:52:16,785 INFO  [BrowserSelenium] (_getByLocator) -> Locator info found for XPATH attribute as: //a[@href='/jbilling/config/index']
12:52:16,786 INFO  [BrowserSelenium] ENTER --> (_parseElementOnXpath)
12:52:16,786 INFO  [BrowserSelenium] (_parseElementOnXpath) -> //a[@href='/jbilling/config/index'] is used
12:52:16,786 INFO  [BrowserSelenium] EXIT --> (_parseElementOnXpath)
12:52:16,786 INFO  [BrowserSelenium] EXIT --> (_getByLocator)
12:52:16,804 INFO  [BrowserSelenium] ENTER --> (_getByLocator)
12:52:16,804 INFO  [BrowserSelenium] (_getByLocator) -> Getting locator for null
12:52:16,804 INFO  [BrowserSelenium] (_getByLocator) -> Locator info found for XPATH attribute as: //a[@href='/jbilling/config/index']
12:52:16,804 INFO  [BrowserSelenium] ENTER --> (_parseElementOnXpath)
12:52:16,804 INFO  [BrowserSelenium] (_parseElementOnXpath) -> //a[@href='/jbilling/config/index'] is used
12:52:16,804 INFO  [BrowserSelenium] EXIT --> (_parseElementOnXpath)
12:52:16,805 INFO  [BrowserSelenium] EXIT --> (_getByLocator)
12:52:16,822 INFO  [BrowserSelenium] ENTER --> (_getByLocator)
12:52:16,822 INFO  [BrowserSelenium] (_getByLocator) -> Getting locator for null
12:52:16,822 INFO  [BrowserSelenium] (_getByLocator) -> Locator info found for XPATH attribute as: //a[@href='/jbilling/config/index']
12:52:16,822 INFO  [BrowserSelenium] ENTER --> (_parseElementOnXpath)
12:52:16,822 INFO  [BrowserSelenium] (_parseElementOnXpath) -> //a[@href='/jbilling/config/index'] is used
12:52:16,822 INFO  [BrowserSelenium] EXIT --> (_parseElementOnXpath)
12:52:16,823 INFO  [BrowserSelenium] EXIT --> (_getByLocator)
12:52:16,845 INFO  [BrowserSelenium] ENTER --> (_getByLocator)
12:52:16,845 INFO  [BrowserSelenium] (_getByLocator) -> Getting locator for null
12:52:16,845 INFO  [BrowserSelenium] (_getByLocator) -> Locator info found for XPATH attribute as: //a[@href='/jbilling/config/index']
12:52:16,845 INFO  [BrowserSelenium] ENTER --> (_parseElementOnXpath)
12:52:16,845 INFO  [BrowserSelenium] (_parseElementOnXpath) -> //a[@href='/jbilling/config/index'] is used
12:52:16,846 INFO  [BrowserSelenium] EXIT --> (_parseElementOnXpath)
12:52:16,846 INFO  [BrowserSelenium] EXIT --> (_getByLocator)
12:52:16,868 INFO  [BrowserSelenium] ENTER --> (_getByLocator)
12:52:16,869 INFO  [BrowserSelenium] (_getByLocator) -> Getting locator for null
12:52:16,869 INFO  [BrowserSelenium] (_getByLocator) -> Locator info found for XPATH attribute as: //a[@href='/jbilling/config/index']
12:52:16,869 INFO  [BrowserSelenium] ENTER --> (_parseElementOnXpath)
12:52:16,869 INFO  [BrowserSelenium] (_parseElementOnXpath) -> //a[@href='/jbilling/config/index'] is used
12:52:16,869 INFO  [BrowserSelenium] EXIT --> (_parseElementOnXpath)
12:52:16,869 INFO  [BrowserSelenium] EXIT --> (_getByLocator)
12:52:16,890 INFO  [BrowserSelenium] ENTER --> (_getByLocator)
12:52:16,890 INFO  [BrowserSelenium] (_getByLocator) -> Getting locator for null
12:52:16,890 INFO  [BrowserSelenium] (_getByLocator) -> Locator info found for XPATH attribute as: //a[@href='/jbilling/config/index']
12:52:16,890 INFO  [BrowserSelenium] ENTER --> (_parseElementOnXpath)
12:52:16,891 INFO  [BrowserSelenium] (_parseElementOnXpath) -> //a[@href='/jbilling/config/index'] is used
12:52:16,891 INFO  [BrowserSelenium] EXIT --> (_parseElementOnXpath)
12:52:16,891 INFO  [BrowserSelenium] EXIT --> (_getByLocator)
12:52:16,909 INFO  [BrowserSelenium] ENTER --> (_getByLocator)
12:52:16,909 INFO  [BrowserSelenium] (_getByLocator) -> Getting locator for null
12:52:16,909 INFO  [BrowserSelenium] (_getByLocator) -> Locator info found for XPATH attribute as: //a[@href='/jbilling/config/index']
12:52:16,909 INFO  [BrowserSelenium] ENTER --> (_parseElementOnXpath)
12:52:16,910 INFO  [BrowserSelenium] (_parseElementOnXpath) -> //a[@href='/jbilling/config/index'] is used
12:52:16,910 INFO  [BrowserSelenium] EXIT --> (_parseElementOnXpath)
12:52:16,910 INFO  [BrowserSelenium] EXIT --> (_getByLocator)
12:52:16,928 INFO  [BrowserSelenium] ENTER --> (_getByLocator)
12:52:16,929 INFO  [BrowserSelenium] (_getByLocator) -> Getting locator for null
12:52:16,929 INFO  [BrowserSelenium] (_getByLocator) -> Locator info found for XPATH attribute as: //a[@href='/jbilling/config/index']
12:52:16,929 INFO  [BrowserSelenium] ENTER --> (_parseElementOnXpath)
12:52:16,929 INFO  [BrowserSelenium] (_parseElementOnXpath) -> //a[@href='/jbilling/config/index'] is used
12:52:16,930 INFO  [BrowserSelenium] EXIT --> (_parseElementOnXpath)
12:52:16,930 INFO  [BrowserSelenium] EXIT --> (_getByLocator)
12:52:16,949 INFO  [BrowserSelenium] ENTER --> (_getByLocator)
12:52:16,950 INFO  [BrowserSelenium] (_getByLocator) -> Getting locator for null
12:52:16,950 INFO  [BrowserSelenium] (_getByLocator) -> Locator info found for XPATH attribute as: //a[@href='/jbilling/config/index']
12:52:16,950 INFO  [BrowserSelenium] ENTER --> (_parseElementOnXpath)
12:52:16,950 INFO  [BrowserSelenium] (_parseElementOnXpath) -> //a[@href='/jbilling/config/index'] is used
12:52:16,950 INFO  [BrowserSelenium] EXIT --> (_parseElementOnXpath)
12:52:16,950 INFO  [BrowserSelenium] EXIT --> (_getByLocator)
12:52:16,968 INFO  [BrowserSelenium] ENTER --> (_getByLocator)
12:52:16,968 INFO  [BrowserSelenium] (_getByLocator) -> Getting locator for null
12:52:16,968 INFO  [BrowserSelenium] (_getByLocator) -> Locator info found for XPATH attribute as: //a[@href='/jbilling/config/index']
12:52:16,968 INFO  [BrowserSelenium] ENTER --> (_parseElementOnXpath)
12:52:16,968 INFO  [BrowserSelenium] (_parseElementOnXpath) -> //a[@href='/jbilling/config/index'] is used
12:52:16,969 INFO  [BrowserSelenium] EXIT --> (_parseElementOnXpath)
12:52:16,969 INFO  [BrowserSelenium] EXIT --> (_getByLocator)
12:52:16,990 INFO  [BrowserSelenium] ENTER --> (_getByLocator)
12:52:16,990 INFO  [BrowserSelenium] (_getByLocator) -> Getting locator for null
12:52:16,990 INFO  [BrowserSelenium] (_getByLocator) -> Locator info found for XPATH attribute as: //a[@href='/jbilling/config/index']
12:52:16,990 INFO  [BrowserSelenium] ENTER --> (_parseElementOnXpath)
12:52:16,990 INFO  [BrowserSelenium] (_parseElementOnXpath) -> //a[@href='/jbilling/config/index'] is used
12:52:16,991 INFO  [BrowserSelenium] EXIT --> (_parseElementOnXpath)
12:52:16,991 INFO  [BrowserSelenium] EXIT --> (_getByLocator)
12:52:17,013 INFO  [BrowserSelenium] ENTER --> (_getByLocator)
12:52:17,013 INFO  [BrowserSelenium] (_getByLocator) -> Getting locator for null
12:52:17,013 INFO  [BrowserSelenium] (_getByLocator) -> Locator info found for XPATH attribute as: //a[@href='/jbilling/config/index']
12:52:17,013 INFO  [BrowserSelenium] ENTER --> (_parseElementOnXpath)
12:52:17,014 INFO  [BrowserSelenium] (_parseElementOnXpath) -> //a[@href='/jbilling/config/index'] is used
12:52:17,014 INFO  [BrowserSelenium] EXIT --> (_parseElementOnXpath)
12:52:17,014 INFO  [BrowserSelenium] EXIT --> (_getByLocator)
12:52:17,036 INFO  [BrowserSelenium] ENTER --> (_getByLocator)
12:52:17,036 INFO  [BrowserSelenium] (_getByLocator) -> Getting locator for null
12:52:17,036 INFO  [BrowserSelenium] (_getByLocator) -> Locator info found for XPATH attribute as: //a[@href='/jbilling/config/index']
12:52:17,037 INFO  [BrowserSelenium] ENTER --> (_parseElementOnXpath)
12:52:17,037 INFO  [BrowserSelenium] (_parseElementOnXpath) -> //a[@href='/jbilling/config/index'] is used
12:52:17,037 INFO  [BrowserSelenium] EXIT --> (_parseElementOnXpath)
12:52:17,037 INFO  [BrowserSelenium] EXIT --> (_getByLocator)
12:52:17,055 INFO  [BrowserSelenium] ENTER --> (_getByLocator)
12:52:17,056 INFO  [BrowserSelenium] (_getByLocator) -> Getting locator for null
12:52:17,056 INFO  [BrowserSelenium] (_getByLocator) -> Locator info found for XPATH attribute as: //a[@href='/jbilling/config/index']
12:52:17,056 INFO  [BrowserSelenium] ENTER --> (_parseElementOnXpath)
12:52:17,056 INFO  [BrowserSelenium] (_parseElementOnXpath) -> //a[@href='/jbilling/config/index'] is used
12:52:17,056 INFO  [BrowserSelenium] EXIT --> (_parseElementOnXpath)
12:52:17,056 INFO  [BrowserSelenium] EXIT --> (_getByLocator)
12:52:17,077 INFO  [BrowserSelenium] ENTER --> (_getByLocator)
12:52:17,078 INFO  [BrowserSelenium] (_getByLocator) -> Getting locator for null
12:52:17,078 INFO  [BrowserSelenium] (_getByLocator) -> Locator info found for XPATH attribute as: //a[@href='/jbilling/config/index']
12:52:17,078 INFO  [BrowserSelenium] ENTER --> (_parseElementOnXpath)
12:52:17,078 INFO  [BrowserSelenium] (_parseElementOnXpath) -> //a[@href='/jbilling/config/index'] is used
12:52:17,078 INFO  [BrowserSelenium] EXIT --> (_parseElementOnXpath)
12:52:17,079 INFO  [BrowserSelenium] EXIT --> (_getByLocator)
12:52:17,101 INFO  [BrowserSelenium] ENTER --> (_getByLocator)
12:52:17,101 INFO  [BrowserSelenium] (_getByLocator) -> Getting locator for null
12:52:17,102 INFO  [BrowserSelenium] (_getByLocator) -> Locator info found for XPATH attribute as: //a[@href='/jbilling/config/index']
12:52:17,102 INFO  [BrowserSelenium] ENTER --> (_parseElementOnXpath)
12:52:17,102 INFO  [BrowserSelenium] (_parseElementOnXpath) -> //a[@href='/jbilling/config/index'] is used
12:52:17,102 INFO  [BrowserSelenium] EXIT --> (_parseElementOnXpath)
12:52:17,102 INFO  [BrowserSelenium] EXIT --> (_getByLocator)
12:52:17,127 INFO  [BrowserSelenium] ENTER --> (_getByLocator)
12:52:17,127 INFO  [BrowserSelenium] (_getByLocator) -> Getting locator for null
12:52:17,127 INFO  [BrowserSelenium] (_getByLocator) -> Locator info found for XPATH attribute as: //a[@href='/jbilling/config/index']
12:52:17,128 INFO  [BrowserSelenium] ENTER --> (_parseElementOnXpath)
12:52:17,128 INFO  [BrowserSelenium] (_parseElementOnXpath) -> //a[@href='/jbilling/config/index'] is used
12:52:17,128 INFO  [BrowserSelenium] EXIT --> (_parseElementOnXpath)
12:52:17,128 INFO  [BrowserSelenium] EXIT --> (_getByLocator)
12:52:17,146 INFO  [BrowserSelenium] ENTER --> (_getByLocator)
12:52:17,146 INFO  [BrowserSelenium] (_getByLocator) -> Getting locator for null
12:52:17,147 INFO  [BrowserSelenium] (_getByLocator) -> Locator info found for XPATH attribute as: //a[@href='/jbilling/config/index']
12:52:17,147 INFO  [BrowserSelenium] ENTER --> (_parseElementOnXpath)
12:52:17,147 INFO  [BrowserSelenium] (_parseElementOnXpath) -> //a[@href='/jbilling/config/index'] is used
12:52:17,147 INFO  [BrowserSelenium] EXIT --> (_parseElementOnXpath)
12:52:17,147 INFO  [BrowserSelenium] EXIT --> (_getByLocator)
12:52:17,166 INFO  [BrowserSelenium] ENTER --> (_getByLocator)
12:52:17,167 INFO  [BrowserSelenium] (_getByLocator) -> Getting locator for null
12:52:17,167 INFO  [BrowserSelenium] (_getByLocator) -> Locator info found for XPATH attribute as: //a[@href='/jbilling/config/index']
12:52:17,167 INFO  [BrowserSelenium] ENTER --> (_parseElementOnXpath)
12:52:17,167 INFO  [BrowserSelenium] (_parseElementOnXpath) -> //a[@href='/jbilling/config/index'] is used
12:52:17,167 INFO  [BrowserSelenium] EXIT --> (_parseElementOnXpath)
12:52:17,168 INFO  [BrowserSelenium] EXIT --> (_getByLocator)
12:52:17,188 INFO  [BrowserSelenium] ENTER --> (_getByLocator)
12:52:17,188 INFO  [BrowserSelenium] (_getByLocator) -> Getting locator for null
12:52:17,188 INFO  [BrowserSelenium] (_getByLocator) -> Locator info found for XPATH attribute as: //a[@href='/jbilling/config/index']
12:52:17,188 INFO  [BrowserSelenium] ENTER --> (_parseElementOnXpath)
12:52:17,189 INFO  [BrowserSelenium] (_parseElementOnXpath) -> //a[@href='/jbilling/config/index'] is used
12:52:17,189 INFO  [BrowserSelenium] EXIT --> (_parseElementOnXpath)
12:52:17,189 INFO  [BrowserSelenium] EXIT --> (_getByLocator)
12:52:17,208 INFO  [BrowserSelenium] ENTER --> (_getByLocator)
12:52:17,208 INFO  [BrowserSelenium] (_getByLocator) -> Getting locator for null
12:52:17,208 INFO  [BrowserSelenium] (_getByLocator) -> Locator info found for XPATH attribute as: //a[@href='/jbilling/config/index']
12:52:17,209 INFO  [BrowserSelenium] ENTER --> (_parseElementOnXpath)
12:52:17,209 INFO  [BrowserSelenium] (_parseElementOnXpath) -> //a[@href='/jbilling/config/index'] is used
12:52:17,209 INFO  [BrowserSelenium] EXIT --> (_parseElementOnXpath)
12:52:17,209 INFO  [BrowserSelenium] EXIT --> (_getByLocator)
12:52:17,229 INFO  [BrowserSelenium] ENTER --> (_getByLocator)
12:52:17,229 INFO  [BrowserSelenium] (_getByLocator) -> Getting locator for null
12:52:17,229 INFO  [BrowserSelenium] (_getByLocator) -> Locator info found for XPATH attribute as: //a[@href='/jbilling/config/index']
12:52:17,230 INFO  [BrowserSelenium] ENTER --> (_parseElementOnXpath)
12:52:17,230 INFO  [BrowserSelenium] (_parseElementOnXpath) -> //a[@href='/jbilling/config/index'] is used
12:52:17,230 INFO  [BrowserSelenium] EXIT --> (_parseElementOnXpath)
12:52:17,230 INFO  [BrowserSelenium] EXIT --> (_getByLocator)
12:52:17,265 INFO  [BrowserSelenium] ENTER --> (_getByLocator)
12:52:17,266 INFO  [BrowserSelenium] (_getByLocator) -> Getting locator for null
12:52:17,266 INFO  [BrowserSelenium] (_getByLocator) -> Locator info found for XPATH attribute as: //a[@href='/jbilling/config/index']
12:52:17,266 INFO  [BrowserSelenium] ENTER --> (_parseElementOnXpath)
12:52:17,266 INFO  [BrowserSelenium] (_parseElementOnXpath) -> //a[@href='/jbilling/config/index'] is used
12:52:17,266 INFO  [BrowserSelenium] EXIT --> (_parseElementOnXpath)
12:52:17,267 INFO  [BrowserSelenium] EXIT --> (_getByLocator)
12:52:17,295 INFO  [BrowserSelenium] ENTER --> (_getByLocator)
12:52:17,295 INFO  [BrowserSelenium] (_getByLocator) -> Getting locator for null
12:52:17,296 INFO  [BrowserSelenium] (_getByLocator) -> Locator info found for XPATH attribute as: //a[@href='/jbilling/config/index']
12:52:17,296 INFO  [BrowserSelenium] ENTER --> (_parseElementOnXpath)
12:52:17,296 INFO  [BrowserSelenium] (_parseElementOnXpath) -> //a[@href='/jbilling/config/index'] is used
12:52:17,296 INFO  [BrowserSelenium] EXIT --> (_parseElementOnXpath)
12:52:17,296 INFO  [BrowserSelenium] EXIT --> (_getByLocator)
12:52:17,318 INFO  [BrowserSelenium] ENTER --> (_getByLocator)
12:52:17,318 INFO  [BrowserSelenium] (_getByLocator) -> Getting locator for null
12:52:17,319 INFO  [BrowserSelenium] (_getByLocator) -> Locator info found for XPATH attribute as: //a[@href='/jbilling/config/index']
12:52:17,319 INFO  [BrowserSelenium] ENTER --> (_parseElementOnXpath)
12:52:17,319 INFO  [BrowserSelenium] (_parseElementOnXpath) -> //a[@href='/jbilling/config/index'] is used
12:52:17,319 INFO  [BrowserSelenium] EXIT --> (_parseElementOnXpath)
12:52:17,319 INFO  [BrowserSelenium] EXIT --> (_getByLocator)
12:52:17,340 INFO  [BrowserSelenium] ENTER --> (_getByLocator)
12:52:17,340 INFO  [BrowserSelenium] (_getByLocator) -> Getting locator for null
12:52:17,340 INFO  [BrowserSelenium] (_getByLocator) -> Locator info found for XPATH attribute as: //a[@href='/jbilling/config/index']
12:52:17,341 INFO  [BrowserSelenium] ENTER --> (_parseElementOnXpath)
12:52:17,341 INFO  [BrowserSelenium] (_parseElementOnXpath) -> //a[@href='/jbilling/config/index'] is used
12:52:17,341 INFO  [BrowserSelenium] EXIT --> (_parseElementOnXpath)
12:52:17,341 INFO  [BrowserSelenium] EXIT --> (_getByLocator)
12:52:17,358 INFO  [BrowserSelenium] ENTER --> (_getByLocator)
12:52:17,359 INFO  [BrowserSelenium] (_getByLocator) -> Getting locator for null
12:52:17,359 INFO  [BrowserSelenium] (_getByLocator) -> Locator info found for XPATH attribute as: //a[@href='/jbilling/config/index']
12:52:17,359 INFO  [BrowserSelenium] ENTER --> (_parseElementOnXpath)
12:52:17,359 INFO  [BrowserSelenium] (_parseElementOnXpath) -> //a[@href='/jbilling/config/index'] is used
12:52:17,359 INFO  [BrowserSelenium] EXIT --> (_parseElementOnXpath)
12:52:17,360 INFO  [BrowserSelenium] EXIT --> (_getByLocator)
12:52:17,378 INFO  [BrowserSelenium] ENTER --> (_getByLocator)
12:52:17,378 INFO  [BrowserSelenium] (_getByLocator) -> Getting locator for null
12:52:17,379 INFO  [BrowserSelenium] (_getByLocator) -> Locator info found for XPATH attribute as: //a[@href='/jbilling/config/index']
12:52:17,379 INFO  [BrowserSelenium] ENTER --> (_parseElementOnXpath)
12:52:17,379 INFO  [BrowserSelenium] (_parseElementOnXpath) -> //a[@href='/jbilling/config/index'] is used
12:52:17,379 INFO  [BrowserSelenium] EXIT --> (_parseElementOnXpath)
12:52:17,379 INFO  [BrowserSelenium] EXIT --> (_getByLocator)
12:52:17,398 INFO  [BrowserSelenium] ENTER --> (_getByLocator)
12:52:17,398 INFO  [BrowserSelenium] (_getByLocator) -> Getting locator for null
12:52:17,398 INFO  [BrowserSelenium] (_getByLocator) -> Locator info found for XPATH attribute as: //a[@href='/jbilling/config/index']
12:52:17,398 INFO  [BrowserSelenium] ENTER --> (_parseElementOnXpath)
12:52:17,399 INFO  [BrowserSelenium] (_parseElementOnXpath) -> //a[@href='/jbilling/config/index'] is used
12:52:17,399 INFO  [BrowserSelenium] EXIT --> (_parseElementOnXpath)
12:52:17,399 INFO  [BrowserSelenium] EXIT --> (_getByLocator)
12:52:17,418 INFO  [BrowserSelenium] ENTER --> (_getByLocator)
12:52:17,418 INFO  [BrowserSelenium] (_getByLocator) -> Getting locator for null
12:52:17,419 INFO  [BrowserSelenium] (_getByLocator) -> Locator info found for XPATH attribute as: //a[@href='/jbilling/config/index']
12:52:17,419 INFO  [BrowserSelenium] ENTER --> (_parseElementOnXpath)
12:52:17,419 INFO  [BrowserSelenium] (_parseElementOnXpath) -> //a[@href='/jbilling/config/index'] is used
12:52:17,419 INFO  [BrowserSelenium] EXIT --> (_parseElementOnXpath)
12:52:17,419 INFO  [BrowserSelenium] EXIT --> (_getByLocator)
12:52:17,443 INFO  [BrowserSelenium] ENTER --> (_getByLocator)
12:52:17,444 INFO  [BrowserSelenium] (_getByLocator) -> Getting locator for null
12:52:17,444 INFO  [BrowserSelenium] (_getByLocator) -> Locator info found for XPATH attribute as: //a[@href='/jbilling/config/index']
12:52:17,444 INFO  [BrowserSelenium] ENTER --> (_parseElementOnXpath)
12:52:17,444 INFO  [BrowserSelenium] (_parseElementOnXpath) -> //a[@href='/jbilling/config/index'] is used
12:52:17,444 INFO  [BrowserSelenium] EXIT --> (_parseElementOnXpath)
12:52:17,444 INFO  [BrowserSelenium] EXIT --> (_getByLocator)
12:52:17,468 INFO  [BrowserSelenium] ENTER --> (_getByLocator)
12:52:17,468 INFO  [BrowserSelenium] (_getByLocator) -> Getting locator for null
12:52:17,468 INFO  [BrowserSelenium] (_getByLocator) -> Locator info found for XPATH attribute as: //a[@href='/jbilling/config/index']
12:52:17,468 INFO  [BrowserSelenium] ENTER --> (_parseElementOnXpath)
12:52:17,468 INFO  [BrowserSelenium] (_parseElementOnXpath) -> //a[@href='/jbilling/config/index'] is used
12:52:17,469 INFO  [BrowserSelenium] EXIT --> (_parseElementOnXpath)
12:52:17,469 INFO  [BrowserSelenium] EXIT --> (_getByLocator)
12:52:17,487 INFO  [BrowserSelenium] ENTER --> (_getByLocator)
12:52:17,488 INFO  [BrowserSelenium] (_getByLocator) -> Getting locator for null
12:52:17,488 INFO  [BrowserSelenium] (_getByLocator) -> Locator info found for XPATH attribute as: //a[@href='/jbilling/config/index']
12:52:17,488 INFO  [BrowserSelenium] ENTER --> (_parseElementOnXpath)
12:52:17,488 INFO  [BrowserSelenium] (_parseElementOnXpath) -> //a[@href='/jbilling/config/index'] is used
12:52:17,488 INFO  [BrowserSelenium] EXIT --> (_parseElementOnXpath)
12:52:17,488 INFO  [BrowserSelenium] EXIT --> (_getByLocator)
12:52:17,506 INFO  [BrowserSelenium] ENTER --> (_getByLocator)
12:52:17,507 INFO  [BrowserSelenium] (_getByLocator) -> Getting locator for null
12:52:17,507 INFO  [BrowserSelenium] (_getByLocator) -> Locator info found for XPATH attribute as: //a[@href='/jbilling/config/index']
12:52:17,507 INFO  [BrowserSelenium] ENTER --> (_parseElementOnXpath)
12:52:17,507 INFO  [BrowserSelenium] (_parseElementOnXpath) -> //a[@href='/jbilling/config/index'] is used
12:52:17,507 INFO  [BrowserSelenium] EXIT --> (_parseElementOnXpath)
12:52:17,507 INFO  [BrowserSelenium] EXIT --> (_getByLocator)
12:52:17,527 INFO  [BrowserSelenium] ENTER --> (_getByLocator)
12:52:17,527 INFO  [BrowserSelenium] (_getByLocator) -> Getting locator for null
12:52:17,528 INFO  [BrowserSelenium] (_getByLocator) -> Locator info found for XPATH attribute as: //a[@href='/jbilling/config/index']
12:52:17,528 INFO  [BrowserSelenium] ENTER --> (_parseElementOnXpath)
12:52:17,528 INFO  [BrowserSelenium] (_parseElementOnXpath) -> //a[@href='/jbilling/config/index'] is used
12:52:17,528 INFO  [BrowserSelenium] EXIT --> (_parseElementOnXpath)
12:52:17,528 INFO  [BrowserSelenium] EXIT --> (_getByLocator)
12:52:17,552 INFO  [BrowserSelenium] ENTER --> (_getByLocator)
12:52:17,552 INFO  [BrowserSelenium] (_getByLocator) -> Getting locator for null
12:52:17,553 INFO  [BrowserSelenium] (_getByLocator) -> Locator info found for XPATH attribute as: //a[@href='/jbilling/config/index']
12:52:17,553 INFO  [BrowserSelenium] ENTER --> (_parseElementOnXpath)
12:52:17,553 INFO  [BrowserSelenium] (_parseElementOnXpath) -> //a[@href='/jbilling/config/index'] is used
12:52:17,553 INFO  [BrowserSelenium] EXIT --> (_parseElementOnXpath)
12:52:17,553 INFO  [BrowserSelenium] EXIT --> (_getByLocator)
12:52:17,571 INFO  [BrowserSelenium] ENTER --> (_getByLocator)
12:52:17,571 INFO  [BrowserSelenium] (_getByLocator) -> Getting locator for null
12:52:17,572 INFO  [BrowserSelenium] (_getByLocator) -> Locator info found for XPATH attribute as: //a[@href='/jbilling/config/index']
12:52:17,572 INFO  [BrowserSelenium] ENTER --> (_parseElementOnXpath)
12:52:17,572 INFO  [BrowserSelenium] (_parseElementOnXpath) -> //a[@href='/jbilling/config/index'] is used
12:52:17,572 INFO  [BrowserSelenium] EXIT --> (_parseElementOnXpath)
12:52:17,572 INFO  [BrowserSelenium] EXIT --> (_getByLocator)
12:52:17,591 INFO  [BrowserSelenium] ENTER --> (_getByLocator)
12:52:17,591 INFO  [BrowserSelenium] (_getByLocator) -> Getting locator for null
12:52:17,592 INFO  [BrowserSelenium] (_getByLocator) -> Locator info found for XPATH attribute as: //a[@href='/jbilling/config/index']
12:52:17,592 INFO  [BrowserSelenium] ENTER --> (_parseElementOnXpath)
12:52:17,592 INFO  [BrowserSelenium] (_parseElementOnXpath) -> //a[@href='/jbilling/config/index'] is used
12:52:17,592 INFO  [BrowserSelenium] EXIT --> (_parseElementOnXpath)
12:52:17,592 INFO  [BrowserSelenium] EXIT --> (_getByLocator)
12:52:17,654 INFO  [BrowserSelenium] ENTER --> (_getByLocator)
12:52:17,654 INFO  [BrowserSelenium] (_getByLocator) -> Getting locator for null
12:52:17,655 INFO  [BrowserSelenium] (_getByLocator) -> Locator info found for XPATH attribute as: //a[@href='/jbilling/config/index']
12:52:17,655 INFO  [BrowserSelenium] ENTER --> (_parseElementOnXpath)
12:52:17,655 INFO  [BrowserSelenium] (_parseElementOnXpath) -> //a[@href='/jbilling/config/index'] is used
12:52:17,655 INFO  [BrowserSelenium] EXIT --> (_parseElementOnXpath)
12:52:17,655 INFO  [BrowserSelenium] EXIT --> (_getByLocator)
12:52:17,680 INFO  [BrowserSelenium] ENTER --> (_getByLocator)
12:52:17,680 INFO  [BrowserSelenium] (_getByLocator) -> Getting locator for null
12:52:17,680 INFO  [BrowserSelenium] (_getByLocator) -> Locator info found for XPATH attribute as: //a[@href='/jbilling/config/index']
12:52:17,680 INFO  [BrowserSelenium] ENTER --> (_parseElementOnXpath)
12:52:17,681 INFO  [BrowserSelenium] (_parseElementOnXpath) -> //a[@href='/jbilling/config/index'] is used
12:52:17,681 INFO  [BrowserSelenium] EXIT --> (_parseElementOnXpath)
12:52:17,681 INFO  [BrowserSelenium] EXIT --> (_getByLocator)
12:52:17,701 INFO  [BrowserSelenium] ENTER --> (_getByLocator)
12:52:17,701 INFO  [BrowserSelenium] (_getByLocator) -> Getting locator for null
12:52:17,702 INFO  [BrowserSelenium] (_getByLocator) -> Locator info found for XPATH attribute as: //a[@href='/jbilling/config/index']
12:52:17,702 INFO  [BrowserSelenium] ENTER --> (_parseElementOnXpath)
12:52:17,702 INFO  [BrowserSelenium] (_parseElementOnXpath) -> //a[@href='/jbilling/config/index'] is used
12:52:17,702 INFO  [BrowserSelenium] EXIT --> (_parseElementOnXpath)
12:52:17,702 INFO  [BrowserSelenium] EXIT --> (_getByLocator)
12:52:17,720 INFO  [BrowserSelenium] ENTER --> (_getByLocator)
12:52:17,720 INFO  [BrowserSelenium] (_getByLocator) -> Getting locator for null
12:52:17,720 INFO  [BrowserSelenium] (_getByLocator) -> Locator info found for XPATH attribute as: //a[@href='/jbilling/config/index']
12:52:17,720 INFO  [BrowserSelenium] ENTER --> (_parseElementOnXpath)
12:52:17,721 INFO  [BrowserSelenium] (_parseElementOnXpath) -> //a[@href='/jbilling/config/index'] is used
12:52:17,721 INFO  [BrowserSelenium] EXIT --> (_parseElementOnXpath)
12:52:17,721 INFO  [BrowserSelenium] EXIT --> (_getByLocator)
12:52:17,740 INFO  [BrowserSelenium] ENTER --> (_getByLocator)
12:52:17,740 INFO  [BrowserSelenium] (_getByLocator) -> Getting locator for null
12:52:17,740 INFO  [BrowserSelenium] (_getByLocator) -> Locator info found for XPATH attribute as: //a[@href='/jbilling/config/index']
12:52:17,741 INFO  [BrowserSelenium] ENTER --> (_parseElementOnXpath)
12:52:17,741 INFO  [BrowserSelenium] (_parseElementOnXpath) -> //a[@href='/jbilling/config/index'] is used
12:52:17,741 INFO  [BrowserSelenium] EXIT --> (_parseElementOnXpath)
12:52:17,741 INFO  [BrowserSelenium] EXIT --> (_getByLocator)
12:52:17,759 INFO  [BrowserSelenium] ENTER --> (_getByLocator)
12:52:17,759 INFO  [BrowserSelenium] (_getByLocator) -> Getting locator for null
12:52:17,760 INFO  [BrowserSelenium] (_getByLocator) -> Locator info found for XPATH attribute as: //a[@href='/jbilling/config/index']
12:52:17,760 INFO  [BrowserSelenium] ENTER --> (_parseElementOnXpath)
12:52:17,760 INFO  [BrowserSelenium] (_parseElementOnXpath) -> //a[@href='/jbilling/config/index'] is used
12:52:17,760 INFO  [BrowserSelenium] EXIT --> (_parseElementOnXpath)
12:52:17,760 INFO  [BrowserSelenium] EXIT --> (_getByLocator)
12:52:17,780 INFO  [BrowserSelenium] ENTER --> (_getByLocator)
12:52:17,780 INFO  [BrowserSelenium] (_getByLocator) -> Getting locator for null
12:52:17,780 INFO  [BrowserSelenium] (_getByLocator) -> Locator info found for XPATH attribute as: //a[@href='/jbilling/config/index']
12:52:17,781 INFO  [BrowserSelenium] ENTER --> (_parseElementOnXpath)
12:52:17,781 INFO  [BrowserSelenium] (_parseElementOnXpath) -> //a[@href='/jbilling/config/index'] is used
12:52:17,781 INFO  [BrowserSelenium] EXIT --> (_parseElementOnXpath)
12:52:17,781 INFO  [BrowserSelenium] EXIT --> (_getByLocator)
12:52:17,802 INFO  [BrowserSelenium] ENTER --> (_getByLocator)
12:52:17,802 INFO  [BrowserSelenium] (_getByLocator) -> Getting locator for null
12:52:17,802 INFO  [BrowserSelenium] (_getByLocator) -> Locator info found for XPATH attribute as: //a[@href='/jbilling/config/index']
12:52:17,802 INFO  [BrowserSelenium] ENTER --> (_parseElementOnXpath)
12:52:17,802 INFO  [BrowserSelenium] (_parseElementOnXpath) -> //a[@href='/jbilling/config/index'] is used
12:52:17,802 INFO  [BrowserSelenium] EXIT --> (_parseElementOnXpath)
12:52:17,802 INFO  [BrowserSelenium] EXIT --> (_getByLocator)
12:52:17,820 INFO  [BrowserSelenium] ENTER --> (_getByLocator)
12:52:17,820 INFO  [BrowserSelenium] (_getByLocator) -> Getting locator for null
12:52:17,820 INFO  [BrowserSelenium] (_getByLocator) -> Locator info found for XPATH attribute as: //a[@href='/jbilling/config/index']
12:52:17,820 INFO  [BrowserSelenium] ENTER --> (_parseElementOnXpath)
12:52:17,820 INFO  [BrowserSelenium] (_parseElementOnXpath) -> //a[@href='/jbilling/config/index'] is used
12:52:17,820 INFO  [BrowserSelenium] EXIT --> (_parseElementOnXpath)
12:52:17,820 INFO  [BrowserSelenium] EXIT --> (_getByLocator)
12:52:17,841 INFO  [BrowserSelenium] ENTER --> (_getByLocator)
12:52:17,842 INFO  [BrowserSelenium] (_getByLocator) -> Getting locator for null
12:52:17,842 INFO  [BrowserSelenium] (_getByLocator) -> Locator info found for XPATH attribute as: //a[@href='/jbilling/config/index']
12:52:17,842 INFO  [BrowserSelenium] ENTER --> (_parseElementOnXpath)
12:52:17,842 INFO  [BrowserSelenium] (_parseElementOnXpath) -> //a[@href='/jbilling/config/index'] is used
12:52:17,842 INFO  [BrowserSelenium] EXIT --> (_parseElementOnXpath)
12:52:17,842 INFO  [BrowserSelenium] EXIT --> (_getByLocator)
12:52:17,865 INFO  [BrowserSelenium] ENTER --> (_getByLocator)
12:52:17,866 INFO  [BrowserSelenium] (_getByLocator) -> Getting locator for null
12:52:17,866 INFO  [BrowserSelenium] (_getByLocator) -> Locator info found for XPATH attribute as: //a[@href='/jbilling/config/index']
12:52:17,866 INFO  [BrowserSelenium] ENTER --> (_parseElementOnXpath)
12:52:17,866 INFO  [BrowserSelenium] (_parseElementOnXpath) -> //a[@href='/jbilling/config/index'] is used
12:52:17,866 INFO  [BrowserSelenium] EXIT --> (_parseElementOnXpath)
12:52:17,867 INFO  [BrowserSelenium] EXIT --> (_getByLocator)
12:52:17,893 INFO  [BrowserSelenium] ENTER --> (_getByLocator)
12:52:17,893 INFO  [BrowserSelenium] (_getByLocator) -> Getting locator for null
12:52:17,893 INFO  [BrowserSelenium] (_getByLocator) -> Locator info found for XPATH attribute as: //a[@href='/jbilling/config/index']
12:52:17,894 INFO  [BrowserSelenium] ENTER --> (_parseElementOnXpath)
12:52:17,894 INFO  [BrowserSelenium] (_parseElementOnXpath) -> //a[@href='/jbilling/config/index'] is used
12:52:17,894 INFO  [BrowserSelenium] EXIT --> (_parseElementOnXpath)
12:52:17,894 INFO  [BrowserSelenium] EXIT --> (_getByLocator)
12:52:17,920 INFO  [BrowserSelenium] ENTER --> (_getByLocator)
12:52:17,920 INFO  [BrowserSelenium] (_getByLocator) -> Getting locator for null
12:52:17,920 INFO  [BrowserSelenium] (_getByLocator) -> Locator info found for XPATH attribute as: //a[@href='/jbilling/config/index']
12:52:17,920 INFO  [BrowserSelenium] ENTER --> (_parseElementOnXpath)
12:52:17,921 INFO  [BrowserSelenium] (_parseElementOnXpath) -> //a[@href='/jbilling/config/index'] is used
12:52:17,921 INFO  [BrowserSelenium] EXIT --> (_parseElementOnXpath)
12:52:17,921 INFO  [BrowserSelenium] EXIT --> (_getByLocator)
12:52:17,947 INFO  [BrowserSelenium] ENTER --> (_getByLocator)
12:52:17,948 INFO  [BrowserSelenium] (_getByLocator) -> Getting locator for null
12:52:17,948 INFO  [BrowserSelenium] (_getByLocator) -> Locator info found for XPATH attribute as: //a[@href='/jbilling/config/index']
12:52:17,948 INFO  [BrowserSelenium] ENTER --> (_parseElementOnXpath)
12:52:17,948 INFO  [BrowserSelenium] (_parseElementOnXpath) -> //a[@href='/jbilling/config/index'] is used
12:52:17,948 INFO  [BrowserSelenium] EXIT --> (_parseElementOnXpath)
12:52:17,948 INFO  [BrowserSelenium] EXIT --> (_getByLocator)
12:52:17,975 INFO  [BrowserSelenium] ENTER --> (_getByLocator)
12:52:17,975 INFO  [BrowserSelenium] (_getByLocator) -> Getting locator for null
12:52:17,975 INFO  [BrowserSelenium] (_getByLocator) -> Locator info found for XPATH attribute as: //a[@href='/jbilling/config/index']
12:52:17,976 INFO  [BrowserSelenium] ENTER --> (_parseElementOnXpath)
12:52:17,976 INFO  [BrowserSelenium] (_parseElementOnXpath) -> //a[@href='/jbilling/config/index'] is used
12:52:17,976 INFO  [BrowserSelenium] EXIT --> (_parseElementOnXpath)
12:52:17,976 INFO  [BrowserSelenium] EXIT --> (_getByLocator)
12:52:18,002 INFO  [BrowserSelenium] ENTER --> (_getByLocator)
12:52:18,003 INFO  [BrowserSelenium] (_getByLocator) -> Getting locator for null
12:52:18,003 INFO  [BrowserSelenium] (_getByLocator) -> Locator info found for XPATH attribute as: //a[@href='/jbilling/config/index']
12:52:18,003 INFO  [BrowserSelenium] ENTER --> (_parseElementOnXpath)
12:52:18,003 INFO  [BrowserSelenium] (_parseElementOnXpath) -> //a[@href='/jbilling/config/index'] is used
12:52:18,003 INFO  [BrowserSelenium] EXIT --> (_parseElementOnXpath)
12:52:18,004 INFO  [BrowserSelenium] EXIT --> (_getByLocator)
12:52:18,075 INFO  [BrowserSelenium] ENTER --> (_getByLocator)
12:52:18,075 INFO  [BrowserSelenium] (_getByLocator) -> Getting locator for null
12:52:18,075 INFO  [BrowserSelenium] (_getByLocator) -> Locator info found for XPATH attribute as: //a[@href='/jbilling/config/index']
12:52:18,075 INFO  [BrowserSelenium] ENTER --> (_parseElementOnXpath)
12:52:18,076 INFO  [BrowserSelenium] (_parseElementOnXpath) -> //a[@href='/jbilling/config/index'] is used
12:52:18,076 INFO  [BrowserSelenium] EXIT --> (_parseElementOnXpath)
12:52:18,076 INFO  [BrowserSelenium] EXIT --> (_getByLocator)
12:52:18,104 INFO  [BrowserSelenium] ENTER --> (_getByLocator)
12:52:18,104 INFO  [BrowserSelenium] (_getByLocator) -> Getting locator for null
12:52:18,104 INFO  [BrowserSelenium] (_getByLocator) -> Locator info found for XPATH attribute as: //a[@href='/jbilling/config/index']
12:52:18,104 INFO  [BrowserSelenium] ENTER --> (_parseElementOnXpath)
12:52:18,104 INFO  [BrowserSelenium] (_parseElementOnXpath) -> //a[@href='/jbilling/config/index'] is used
12:52:18,105 INFO  [BrowserSelenium] EXIT --> (_parseElementOnXpath)
12:52:18,105 INFO  [BrowserSelenium] EXIT --> (_getByLocator)
12:52:18,132 INFO  [BrowserSelenium] ENTER --> (_getByLocator)
12:52:18,132 INFO  [BrowserSelenium] (_getByLocator) -> Getting locator for null
12:52:18,132 INFO  [BrowserSelenium] (_getByLocator) -> Locator info found for XPATH attribute as: //a[@href='/jbilling/config/index']
12:52:18,132 INFO  [BrowserSelenium] ENTER --> (_parseElementOnXpath)
12:52:18,133 INFO  [BrowserSelenium] (_parseElementOnXpath) -> //a[@href='/jbilling/config/index'] is used
12:52:18,133 INFO  [BrowserSelenium] EXIT --> (_parseElementOnXpath)
12:52:18,133 INFO  [BrowserSelenium] EXIT --> (_getByLocator)
12:52:18,160 INFO  [BrowserSelenium] ENTER --> (_getByLocator)
12:52:18,160 INFO  [BrowserSelenium] (_getByLocator) -> Getting locator for null
12:52:18,160 INFO  [BrowserSelenium] (_getByLocator) -> Locator info found for XPATH attribute as: //a[@href='/jbilling/config/index']
12:52:18,160 INFO  [BrowserSelenium] ENTER --> (_parseElementOnXpath)
12:52:18,160 INFO  [BrowserSelenium] (_parseElementOnXpath) -> //a[@href='/jbilling/config/index'] is used
12:52:18,161 INFO  [BrowserSelenium] EXIT --> (_parseElementOnXpath)
12:52:18,161 INFO  [BrowserSelenium] EXIT --> (_getByLocator)
12:52:18,187 INFO  [BrowserSelenium] ENTER --> (_getByLocator)
12:52:18,187 INFO  [BrowserSelenium] (_getByLocator) -> Getting locator for null
12:52:18,187 INFO  [BrowserSelenium] (_getByLocator) -> Locator info found for XPATH attribute as: //a[@href='/jbilling/config/index']
12:52:18,188 INFO  [BrowserSelenium] ENTER --> (_parseElementOnXpath)
12:52:18,188 INFO  [BrowserSelenium] (_parseElementOnXpath) -> //a[@href='/jbilling/config/index'] is used
12:52:18,188 INFO  [BrowserSelenium] EXIT --> (_parseElementOnXpath)
12:52:18,188 INFO  [BrowserSelenium] EXIT --> (_getByLocator)
12:52:18,214 INFO  [BrowserSelenium] ENTER --> (_getByLocator)
12:52:18,214 INFO  [BrowserSelenium] (_getByLocator) -> Getting locator for null
12:52:18,214 INFO  [BrowserSelenium] (_getByLocator) -> Locator info found for XPATH attribute as: //a[@href='/jbilling/config/index']
12:52:18,214 INFO  [BrowserSelenium] ENTER --> (_parseElementOnXpath)
12:52:18,215 INFO  [BrowserSelenium] (_parseElementOnXpath) -> //a[@href='/jbilling/config/index'] is used
12:52:18,215 INFO  [BrowserSelenium] EXIT --> (_parseElementOnXpath)
12:52:18,215 INFO  [BrowserSelenium] EXIT --> (_getByLocator)
12:52:18,238 INFO  [BrowserSelenium] ENTER --> (_getByLocator)
12:52:18,238 INFO  [BrowserSelenium] (_getByLocator) -> Getting locator for null
12:52:18,238 INFO  [BrowserSelenium] (_getByLocator) -> Locator info found for XPATH attribute as: //a[@href='/jbilling/config/index']
12:52:18,238 INFO  [BrowserSelenium] ENTER --> (_parseElementOnXpath)
12:52:18,239 INFO  [BrowserSelenium] (_parseElementOnXpath) -> //a[@href='/jbilling/config/index'] is used
12:52:18,239 INFO  [BrowserSelenium] EXIT --> (_parseElementOnXpath)
12:52:18,239 INFO  [BrowserSelenium] EXIT --> (_getByLocator)
12:52:18,259 INFO  [BrowserSelenium] ENTER --> (_getByLocator)
12:52:18,260 INFO  [BrowserSelenium] (_getByLocator) -> Getting locator for null
12:52:18,260 INFO  [BrowserSelenium] (_getByLocator) -> Locator info found for XPATH attribute as: //a[@href='/jbilling/config/index']
12:52:18,260 INFO  [BrowserSelenium] ENTER --> (_parseElementOnXpath)
12:52:18,260 INFO  [BrowserSelenium] (_parseElementOnXpath) -> //a[@href='/jbilling/config/index'] is used
12:52:18,260 INFO  [BrowserSelenium] EXIT --> (_parseElementOnXpath)
12:52:18,260 INFO  [BrowserSelenium] EXIT --> (_getByLocator)
12:52:18,278 INFO  [BrowserSelenium] ENTER --> (_getByLocator)
12:52:18,278 INFO  [BrowserSelenium] (_getByLocator) -> Getting locator for null
12:52:18,278 INFO  [BrowserSelenium] (_getByLocator) -> Locator info found for XPATH attribute as: //a[@href='/jbilling/config/index']
12:52:18,279 INFO  [BrowserSelenium] ENTER --> (_parseElementOnXpath)
12:52:18,279 INFO  [BrowserSelenium] (_parseElementOnXpath) -> //a[@href='/jbilling/config/index'] is used
12:52:18,279 INFO  [BrowserSelenium] EXIT --> (_parseElementOnXpath)
12:52:18,279 INFO  [BrowserSelenium] EXIT --> (_getByLocator)
12:52:18,301 INFO  [BrowserSelenium] ENTER --> (_getByLocator)
12:52:18,301 INFO  [BrowserSelenium] (_getByLocator) -> Getting locator for null
12:52:18,301 INFO  [BrowserSelenium] (_getByLocator) -> Locator info found for XPATH attribute as: //a[@href='/jbilling/config/index']
12:52:18,301 INFO  [BrowserSelenium] ENTER --> (_parseElementOnXpath)
12:52:18,301 INFO  [BrowserSelenium] (_parseElementOnXpath) -> //a[@href='/jbilling/config/index'] is used
12:52:18,301 INFO  [BrowserSelenium] EXIT --> (_parseElementOnXpath)
12:52:18,301 INFO  [BrowserSelenium] EXIT --> (_getByLocator)
12:52:18,320 INFO  [BrowserSelenium] ENTER --> (_getByLocator)
12:52:18,320 INFO  [BrowserSelenium] (_getByLocator) -> Getting locator for null
12:52:18,320 INFO  [BrowserSelenium] (_getByLocator) -> Locator info found for XPATH attribute as: //a[@href='/jbilling/config/index']
12:52:18,320 INFO  [BrowserSelenium] ENTER --> (_parseElementOnXpath)
12:52:18,321 INFO  [BrowserSelenium] (_parseElementOnXpath) -> //a[@href='/jbilling/config/index'] is used
12:52:18,321 INFO  [BrowserSelenium] EXIT --> (_parseElementOnXpath)
12:52:18,321 INFO  [BrowserSelenium] EXIT --> (_getByLocator)
12:52:18,341 INFO  [BrowserSelenium] ENTER --> (_getByLocator)
12:52:18,341 INFO  [BrowserSelenium] (_getByLocator) -> Getting locator for null
12:52:18,341 INFO  [BrowserSelenium] (_getByLocator) -> Locator info found for XPATH attribute as: //a[@href='/jbilling/config/index']
12:52:18,341 INFO  [BrowserSelenium] ENTER --> (_parseElementOnXpath)
12:52:18,341 INFO  [BrowserSelenium] (_parseElementOnXpath) -> //a[@href='/jbilling/config/index'] is used
12:52:18,341 INFO  [BrowserSelenium] EXIT --> (_parseElementOnXpath)
12:52:18,342 INFO  [BrowserSelenium] EXIT --> (_getByLocator)
12:52:18,363 INFO  [BrowserSelenium] ENTER --> (_getByLocator)
12:52:18,364 INFO  [BrowserSelenium] (_getByLocator) -> Getting locator for null
12:52:18,364 INFO  [BrowserSelenium] (_getByLocator) -> Locator info found for XPATH attribute as: //a[@href='/jbilling/config/index']
12:52:18,364 INFO  [BrowserSelenium] ENTER --> (_parseElementOnXpath)
12:52:18,364 INFO  [BrowserSelenium] (_parseElementOnXpath) -> //a[@href='/jbilling/config/index'] is used
12:52:18,364 INFO  [BrowserSelenium] EXIT --> (_parseElementOnXpath)
12:52:18,364 INFO  [BrowserSelenium] EXIT --> (_getByLocator)
12:52:18,383 INFO  [BrowserSelenium] ENTER --> (_getByLocator)
12:52:18,383 INFO  [BrowserSelenium] (_getByLocator) -> Getting locator for null
12:52:18,383 INFO  [BrowserSelenium] (_getByLocator) -> Locator info found for XPATH attribute as: //a[@href='/jbilling/config/index']
12:52:18,383 INFO  [BrowserSelenium] ENTER --> (_parseElementOnXpath)
12:52:18,383 INFO  [BrowserSelenium] (_parseElementOnXpath) -> //a[@href='/jbilling/config/index'] is used
12:52:18,383 INFO  [BrowserSelenium] EXIT --> (_parseElementOnXpath)
12:52:18,384 INFO  [BrowserSelenium] EXIT --> (_getByLocator)
12:52:18,401 INFO  [BrowserSelenium] ENTER --> (_getByLocator)
12:52:18,401 INFO  [BrowserSelenium] (_getByLocator) -> Getting locator for null
12:52:18,401 INFO  [BrowserSelenium] (_getByLocator) -> Locator info found for XPATH attribute as: //a[@href='/jbilling/config/index']
12:52:18,401 INFO  [BrowserSelenium] ENTER --> (_parseElementOnXpath)
12:52:18,401 INFO  [BrowserSelenium] (_parseElementOnXpath) -> //a[@href='/jbilling/config/index'] is used
12:52:18,401 INFO  [BrowserSelenium] EXIT --> (_parseElementOnXpath)
12:52:18,402 INFO  [BrowserSelenium] EXIT --> (_getByLocator)
12:52:18,419 INFO  [BrowserSelenium] ENTER --> (_getByLocator)
12:52:18,419 INFO  [BrowserSelenium] (_getByLocator) -> Getting locator for null
12:52:18,419 INFO  [BrowserSelenium] (_getByLocator) -> Locator info found for XPATH attribute as: //a[@href='/jbilling/config/index']
12:52:18,419 INFO  [BrowserSelenium] ENTER --> (_parseElementOnXpath)
12:52:18,420 INFO  [BrowserSelenium] (_parseElementOnXpath) -> //a[@href='/jbilling/config/index'] is used
12:52:18,420 INFO  [BrowserSelenium] EXIT --> (_parseElementOnXpath)
12:52:18,420 INFO  [BrowserSelenium] EXIT --> (_getByLocator)
12:52:18,440 INFO  [BrowserSelenium] ENTER --> (_getByLocator)
12:52:18,440 INFO  [BrowserSelenium] (_getByLocator) -> Getting locator for null
12:52:18,440 INFO  [BrowserSelenium] (_getByLocator) -> Locator info found for XPATH attribute as: //a[@href='/jbilling/config/index']
12:52:18,440 INFO  [BrowserSelenium] ENTER --> (_parseElementOnXpath)
12:52:18,440 INFO  [BrowserSelenium] (_parseElementOnXpath) -> //a[@href='/jbilling/config/index'] is used
12:52:18,440 INFO  [BrowserSelenium] EXIT --> (_parseElementOnXpath)
12:52:18,441 INFO  [BrowserSelenium] EXIT --> (_getByLocator)
12:52:18,463 INFO  [BrowserSelenium] ENTER --> (_getByLocator)
12:52:18,463 INFO  [BrowserSelenium] (_getByLocator) -> Getting locator for null
12:52:18,463 INFO  [BrowserSelenium] (_getByLocator) -> Locator info found for XPATH attribute as: //a[@href='/jbilling/config/index']
12:52:18,463 INFO  [BrowserSelenium] ENTER --> (_parseElementOnXpath)
12:52:18,463 INFO  [BrowserSelenium] (_parseElementOnXpath) -> //a[@href='/jbilling/config/index'] is used
12:52:18,463 INFO  [BrowserSelenium] EXIT --> (_parseElementOnXpath)
12:52:18,464 INFO  [BrowserSelenium] EXIT --> (_getByLocator)
12:52:18,486 INFO  [BrowserSelenium] ENTER --> (_getByLocator)
12:52:18,486 INFO  [BrowserSelenium] (_getByLocator) -> Getting locator for null
12:52:18,486 INFO  [BrowserSelenium] (_getByLocator) -> Locator info found for XPATH attribute as: //a[@href='/jbilling/config/index']
12:52:18,486 INFO  [BrowserSelenium] ENTER --> (_parseElementOnXpath)
12:52:18,486 INFO  [BrowserSelenium] (_parseElementOnXpath) -> //a[@href='/jbilling/config/index'] is used
12:52:18,486 INFO  [BrowserSelenium] EXIT --> (_parseElementOnXpath)
12:52:18,486 INFO  [BrowserSelenium] EXIT --> (_getByLocator)
12:52:18,504 INFO  [BrowserSelenium] ENTER --> (_getByLocator)
12:52:18,504 INFO  [BrowserSelenium] (_getByLocator) -> Getting locator for null
12:52:18,504 INFO  [BrowserSelenium] (_getByLocator) -> Locator info found for XPATH attribute as: //a[@href='/jbilling/config/index']
12:52:18,505 INFO  [BrowserSelenium] ENTER --> (_parseElementOnXpath)
12:52:18,505 INFO  [BrowserSelenium] (_parseElementOnXpath) -> //a[@href='/jbilling/config/index'] is used
12:52:18,505 INFO  [BrowserSelenium] EXIT --> (_parseElementOnXpath)
12:52:18,505 INFO  [BrowserSelenium] EXIT --> (_getByLocator)
12:52:18,526 INFO  [BrowserSelenium] ENTER --> (_getByLocator)
12:52:18,526 INFO  [BrowserSelenium] (_getByLocator) -> Getting locator for null
12:52:18,527 INFO  [BrowserSelenium] (_getByLocator) -> Locator info found for XPATH attribute as: //a[@href='/jbilling/config/index']
12:52:18,527 INFO  [BrowserSelenium] ENTER --> (_parseElementOnXpath)
12:52:18,527 INFO  [BrowserSelenium] (_parseElementOnXpath) -> //a[@href='/jbilling/config/index'] is used
12:52:18,527 INFO  [BrowserSelenium] EXIT --> (_parseElementOnXpath)
12:52:18,527 INFO  [BrowserSelenium] EXIT --> (_getByLocator)
12:52:18,544 INFO  [BrowserSelenium] ENTER --> (_getByLocator)
12:52:18,545 INFO  [BrowserSelenium] (_getByLocator) -> Getting locator for null
12:52:18,545 INFO  [BrowserSelenium] (_getByLocator) -> Locator info found for XPATH attribute as: //a[@href='/jbilling/config/index']
12:52:18,545 INFO  [BrowserSelenium] ENTER --> (_parseElementOnXpath)
12:52:18,545 INFO  [BrowserSelenium] (_parseElementOnXpath) -> //a[@href='/jbilling/config/index'] is used
12:52:18,545 INFO  [BrowserSelenium] EXIT --> (_parseElementOnXpath)
12:52:18,545 INFO  [BrowserSelenium] EXIT --> (_getByLocator)
12:52:18,562 INFO  [BrowserSelenium] ENTER --> (_getByLocator)
12:52:18,562 INFO  [BrowserSelenium] (_getByLocator) -> Getting locator for null
12:52:18,563 INFO  [BrowserSelenium] (_getByLocator) -> Locator info found for XPATH attribute as: //a[@href='/jbilling/config/index']
12:52:18,563 INFO  [BrowserSelenium] ENTER --> (_parseElementOnXpath)
12:52:18,563 INFO  [BrowserSelenium] (_parseElementOnXpath) -> //a[@href='/jbilling/config/index'] is used
12:52:18,563 INFO  [BrowserSelenium] EXIT --> (_parseElementOnXpath)
12:52:18,563 INFO  [BrowserSelenium] EXIT --> (_getByLocator)
12:52:18,580 INFO  [BrowserSelenium] ENTER --> (_getByLocator)
12:52:18,580 INFO  [BrowserSelenium] (_getByLocator) -> Getting locator for null
12:52:18,580 INFO  [BrowserSelenium] (_getByLocator) -> Locator info found for XPATH attribute as: //a[@href='/jbilling/config/index']
12:52:18,581 INFO  [BrowserSelenium] ENTER --> (_parseElementOnXpath)
12:52:18,581 INFO  [BrowserSelenium] (_parseElementOnXpath) -> //a[@href='/jbilling/config/index'] is used
12:52:18,581 INFO  [BrowserSelenium] EXIT --> (_parseElementOnXpath)
12:52:18,581 INFO  [BrowserSelenium] EXIT --> (_getByLocator)
12:52:18,601 INFO  [BrowserSelenium] ENTER --> (_getByLocator)
12:52:18,601 INFO  [BrowserSelenium] (_getByLocator) -> Getting locator for null
12:52:18,601 INFO  [BrowserSelenium] (_getByLocator) -> Locator info found for XPATH attribute as: //a[@href='/jbilling/config/index']
12:52:18,601 INFO  [BrowserSelenium] ENTER --> (_parseElementOnXpath)
12:52:18,601 INFO  [BrowserSelenium] (_parseElementOnXpath) -> //a[@href='/jbilling/config/index'] is used
12:52:18,602 INFO  [BrowserSelenium] EXIT --> (_parseElementOnXpath)
12:52:18,602 INFO  [BrowserSelenium] EXIT --> (_getByLocator)
12:52:18,622 INFO  [BrowserSelenium] ENTER --> (_getByLocator)
12:52:18,622 INFO  [BrowserSelenium] (_getByLocator) -> Getting locator for null
12:52:18,622 INFO  [BrowserSelenium] (_getByLocator) -> Locator info found for XPATH attribute as: //a[@href='/jbilling/config/index']
12:52:18,622 INFO  [BrowserSelenium] ENTER --> (_parseElementOnXpath)
12:52:18,623 INFO  [BrowserSelenium] (_parseElementOnXpath) -> //a[@href='/jbilling/config/index'] is used
12:52:18,623 INFO  [BrowserSelenium] EXIT --> (_parseElementOnXpath)
12:52:18,623 INFO  [BrowserSelenium] EXIT --> (_getByLocator)
12:52:18,645 INFO  [BrowserSelenium] ENTER --> (_getByLocator)
12:52:18,645 INFO  [BrowserSelenium] (_getByLocator) -> Getting locator for null
12:52:18,646 INFO  [BrowserSelenium] (_getByLocator) -> Locator info found for XPATH attribute as: //a[@href='/jbilling/config/index']
12:52:18,646 INFO  [BrowserSelenium] ENTER --> (_parseElementOnXpath)
12:52:18,646 INFO  [BrowserSelenium] (_parseElementOnXpath) -> //a[@href='/jbilling/config/index'] is used
12:52:18,646 INFO  [BrowserSelenium] EXIT --> (_parseElementOnXpath)
12:52:18,646 INFO  [BrowserSelenium] EXIT --> (_getByLocator)
12:52:18,671 INFO  [BrowserSelenium] ENTER --> (_getByLocator)
12:52:18,672 INFO  [BrowserSelenium] (_getByLocator) -> Getting locator for null
12:52:18,672 INFO  [BrowserSelenium] (_getByLocator) -> Locator info found for XPATH attribute as: //a[@href='/jbilling/config/index']
12:52:18,672 INFO  [BrowserSelenium] ENTER --> (_parseElementOnXpath)
12:52:18,672 INFO  [BrowserSelenium] (_parseElementOnXpath) -> //a[@href='/jbilling/config/index'] is used
12:52:18,672 INFO  [BrowserSelenium] EXIT --> (_parseElementOnXpath)
12:52:18,672 INFO  [BrowserSelenium] EXIT --> (_getByLocator)
12:52:18,697 INFO  [BrowserSelenium] ENTER --> (_getByLocator)
12:52:18,697 INFO  [BrowserSelenium] (_getByLocator) -> Getting locator for null
12:52:18,697 INFO  [BrowserSelenium] (_getByLocator) -> Locator info found for XPATH attribute as: //a[@href='/jbilling/config/index']
12:52:18,698 INFO  [BrowserSelenium] ENTER --> (_parseElementOnXpath)
12:52:18,698 INFO  [BrowserSelenium] (_parseElementOnXpath) -> //a[@href='/jbilling/config/index'] is used
12:52:18,698 INFO  [BrowserSelenium] EXIT --> (_parseElementOnXpath)
12:52:18,698 INFO  [BrowserSelenium] EXIT --> (_getByLocator)
12:52:18,720 INFO  [BrowserSelenium] ENTER --> (_getByLocator)
12:52:18,720 INFO  [BrowserSelenium] (_getByLocator) -> Getting locator for null
12:52:18,721 INFO  [BrowserSelenium] (_getByLocator) -> Locator info found for XPATH attribute as: //a[@href='/jbilling/config/index']
12:52:18,721 INFO  [BrowserSelenium] ENTER --> (_parseElementOnXpath)
12:52:18,721 INFO  [BrowserSelenium] (_parseElementOnXpath) -> //a[@href='/jbilling/config/index'] is used
12:52:18,721 INFO  [BrowserSelenium] EXIT --> (_parseElementOnXpath)
12:52:18,721 INFO  [BrowserSelenium] EXIT --> (_getByLocator)
12:52:18,745 INFO  [BrowserSelenium] ENTER --> (_getByLocator)
12:52:18,745 INFO  [BrowserSelenium] (_getByLocator) -> Getting locator for null
12:52:18,745 INFO  [BrowserSelenium] (_getByLocator) -> Locator info found for XPATH attribute as: //a[@href='/jbilling/config/index']
12:52:18,745 INFO  [BrowserSelenium] ENTER --> (_parseElementOnXpath)
12:52:18,745 INFO  [BrowserSelenium] (_parseElementOnXpath) -> //a[@href='/jbilling/config/index'] is used
12:52:18,745 INFO  [BrowserSelenium] EXIT --> (_parseElementOnXpath)
12:52:18,746 INFO  [BrowserSelenium] EXIT --> (_getByLocator)
12:52:18,765 INFO  [BrowserSelenium] ENTER --> (_getByLocator)
12:52:18,765 INFO  [BrowserSelenium] (_getByLocator) -> Getting locator for null
12:52:18,766 INFO  [BrowserSelenium] (_getByLocator) -> Locator info found for XPATH attribute as: //a[@href='/jbilling/config/index']
12:52:18,766 INFO  [BrowserSelenium] ENTER --> (_parseElementOnXpath)
12:52:18,766 INFO  [BrowserSelenium] (_parseElementOnXpath) -> //a[@href='/jbilling/config/index'] is used
12:52:18,766 INFO  [BrowserSelenium] EXIT --> (_parseElementOnXpath)
12:52:18,766 INFO  [BrowserSelenium] EXIT --> (_getByLocator)
12:52:18,786 INFO  [BrowserSelenium] ENTER --> (_getByLocator)
12:52:18,786 INFO  [BrowserSelenium] (_getByLocator) -> Getting locator for null
12:52:18,786 INFO  [BrowserSelenium] (_getByLocator) -> Locator info found for XPATH attribute as: //a[@href='/jbilling/config/index']
12:52:18,786 INFO  [BrowserSelenium] ENTER --> (_parseElementOnXpath)
12:52:18,786 INFO  [BrowserSelenium] (_parseElementOnXpath) -> //a[@href='/jbilling/config/index'] is used
12:52:18,787 INFO  [BrowserSelenium] EXIT --> (_parseElementOnXpath)
12:52:18,787 INFO  [BrowserSelenium] EXIT --> (_getByLocator)
12:52:18,807 INFO  [BrowserSelenium] ENTER --> (_getByLocator)
12:52:18,808 INFO  [BrowserSelenium] (_getByLocator) -> Getting locator for null
12:52:18,808 INFO  [BrowserSelenium] (_getByLocator) -> Locator info found for XPATH attribute as: //a[@href='/jbilling/config/index']
12:52:18,808 INFO  [BrowserSelenium] ENTER --> (_parseElementOnXpath)
12:52:18,808 INFO  [BrowserSelenium] (_parseElementOnXpath) -> //a[@href='/jbilling/config/index'] is used
12:52:18,808 INFO  [BrowserSelenium] EXIT --> (_parseElementOnXpath)
12:52:18,808 INFO  [BrowserSelenium] EXIT --> (_getByLocator)
12:52:18,831 INFO  [BrowserSelenium] ENTER --> (_getByLocator)
12:52:18,831 INFO  [BrowserSelenium] (_getByLocator) -> Getting locator for null
12:52:18,831 INFO  [BrowserSelenium] (_getByLocator) -> Locator info found for XPATH attribute as: //a[@href='/jbilling/config/index']
12:52:18,831 INFO  [BrowserSelenium] ENTER --> (_parseElementOnXpath)
12:52:18,831 INFO  [BrowserSelenium] (_parseElementOnXpath) -> //a[@href='/jbilling/config/index'] is used
12:52:18,831 INFO  [BrowserSelenium] EXIT --> (_parseElementOnXpath)
12:52:18,832 INFO  [BrowserSelenium] EXIT --> (_getByLocator)
12:52:18,851 INFO  [BrowserSelenium] ENTER --> (_getByLocator)
12:52:18,852 INFO  [BrowserSelenium] (_getByLocator) -> Getting locator for null
12:52:18,852 INFO  [BrowserSelenium] (_getByLocator) -> Locator info found for XPATH attribute as: //a[@href='/jbilling/config/index']
12:52:18,852 INFO  [BrowserSelenium] ENTER --> (_parseElementOnXpath)
12:52:18,852 INFO  [BrowserSelenium] (_parseElementOnXpath) -> //a[@href='/jbilling/config/index'] is used
12:52:18,852 INFO  [BrowserSelenium] EXIT --> (_parseElementOnXpath)
12:52:18,852 INFO  [BrowserSelenium] EXIT --> (_getByLocator)
12:52:18,870 INFO  [BrowserSelenium] ENTER --> (_getByLocator)
12:52:18,870 INFO  [BrowserSelenium] (_getByLocator) -> Getting locator for null
12:52:18,870 INFO  [BrowserSelenium] (_getByLocator) -> Locator info found for XPATH attribute as: //a[@href='/jbilling/config/index']
12:52:18,870 INFO  [BrowserSelenium] ENTER --> (_parseElementOnXpath)
12:52:18,870 INFO  [BrowserSelenium] (_parseElementOnXpath) -> //a[@href='/jbilling/config/index'] is used
12:52:18,870 INFO  [BrowserSelenium] EXIT --> (_parseElementOnXpath)
12:52:18,870 INFO  [BrowserSelenium] EXIT --> (_getByLocator)
12:52:18,891 INFO  [BrowserSelenium] ENTER --> (_getByLocator)
12:52:18,891 INFO  [BrowserSelenium] (_getByLocator) -> Getting locator for null
12:52:18,891 INFO  [BrowserSelenium] (_getByLocator) -> Locator info found for XPATH attribute as: //a[@href='/jbilling/config/index']
12:52:18,891 INFO  [BrowserSelenium] ENTER --> (_parseElementOnXpath)
12:52:18,891 INFO  [BrowserSelenium] (_parseElementOnXpath) -> //a[@href='/jbilling/config/index'] is used
12:52:18,891 INFO  [BrowserSelenium] EXIT --> (_parseElementOnXpath)
12:52:18,891 INFO  [BrowserSelenium] EXIT --> (_getByLocator)
12:52:18,908 INFO  [BrowserSelenium] ENTER --> (_getByLocator)
12:52:18,909 INFO  [BrowserSelenium] (_getByLocator) -> Getting locator for null
12:52:18,909 INFO  [BrowserSelenium] (_getByLocator) -> Locator info found for XPATH attribute as: //a[@href='/jbilling/config/index']
12:52:18,909 INFO  [BrowserSelenium] ENTER --> (_parseElementOnXpath)
12:52:18,909 INFO  [BrowserSelenium] (_parseElementOnXpath) -> //a[@href='/jbilling/config/index'] is used
12:52:18,909 INFO  [BrowserSelenium] EXIT --> (_parseElementOnXpath)
12:52:18,909 INFO  [BrowserSelenium] EXIT --> (_getByLocator)
12:52:18,929 INFO  [BrowserSelenium] ENTER --> (_getByLocator)
12:52:18,929 INFO  [BrowserSelenium] (_getByLocator) -> Getting locator for null
12:52:18,929 INFO  [BrowserSelenium] (_getByLocator) -> Locator info found for XPATH attribute as: //a[@href='/jbilling/config/index']
12:52:18,929 INFO  [BrowserSelenium] ENTER --> (_parseElementOnXpath)
12:52:18,929 INFO  [BrowserSelenium] (_parseElementOnXpath) -> //a[@href='/jbilling/config/index'] is used
12:52:18,929 INFO  [BrowserSelenium] EXIT --> (_parseElementOnXpath)
12:52:18,930 INFO  [BrowserSelenium] EXIT --> (_getByLocator)
12:52:18,952 INFO  [BrowserSelenium] ENTER --> (_getByLocator)
12:52:18,952 INFO  [BrowserSelenium] (_getByLocator) -> Getting locator for null
12:52:18,952 INFO  [BrowserSelenium] (_getByLocator) -> Locator info found for XPATH attribute as: //a[@href='/jbilling/config/index']
12:52:18,952 INFO  [BrowserSelenium] ENTER --> (_parseElementOnXpath)
12:52:18,953 INFO  [BrowserSelenium] (_parseElementOnXpath) -> //a[@href='/jbilling/config/index'] is used
12:52:18,953 INFO  [BrowserSelenium] EXIT --> (_parseElementOnXpath)
12:52:18,953 INFO  [BrowserSelenium] EXIT --> (_getByLocator)
12:52:18,979 INFO  [BrowserSelenium] ENTER --> (_getByLocator)
12:52:18,979 INFO  [BrowserSelenium] (_getByLocator) -> Getting locator for null
12:52:18,980 INFO  [BrowserSelenium] (_getByLocator) -> Locator info found for XPATH attribute as: //a[@href='/jbilling/config/index']
12:52:18,980 INFO  [BrowserSelenium] ENTER --> (_parseElementOnXpath)
12:52:18,980 INFO  [BrowserSelenium] (_parseElementOnXpath) -> //a[@href='/jbilling/config/index'] is used
12:52:18,980 INFO  [BrowserSelenium] EXIT --> (_parseElementOnXpath)
12:52:18,980 INFO  [BrowserSelenium] EXIT --> (_getByLocator)
12:52:19,002 INFO  [BrowserSelenium] ENTER --> (_getByLocator)
12:52:19,002 INFO  [BrowserSelenium] (_getByLocator) -> Getting locator for null
12:52:19,002 INFO  [BrowserSelenium] (_getByLocator) -> Locator info found for XPATH attribute as: //a[@href='/jbilling/config/index']
12:52:19,003 INFO  [BrowserSelenium] ENTER --> (_parseElementOnXpath)
12:52:19,003 INFO  [BrowserSelenium] (_parseElementOnXpath) -> //a[@href='/jbilling/config/index'] is used
12:52:19,003 INFO  [BrowserSelenium] EXIT --> (_parseElementOnXpath)
12:52:19,003 INFO  [BrowserSelenium] EXIT --> (_getByLocator)
12:52:19,030 INFO  [BrowserSelenium] ENTER --> (_getByLocator)
12:52:19,030 INFO  [BrowserSelenium] (_getByLocator) -> Getting locator for null
12:52:19,030 INFO  [BrowserSelenium] (_getByLocator) -> Locator info found for XPATH attribute as: //a[@href='/jbilling/config/index']
12:52:19,031 INFO  [BrowserSelenium] ENTER --> (_parseElementOnXpath)
12:52:19,031 INFO  [BrowserSelenium] (_parseElementOnXpath) -> //a[@href='/jbilling/config/index'] is used
12:52:19,031 INFO  [BrowserSelenium] EXIT --> (_parseElementOnXpath)
12:52:19,031 INFO  [BrowserSelenium] EXIT --> (_getByLocator)
12:52:19,068 INFO  [BrowserSelenium] ENTER --> (_getByLocator)
12:52:19,069 INFO  [BrowserSelenium] (_getByLocator) -> Getting locator for null
12:52:19,069 INFO  [BrowserSelenium] (_getByLocator) -> Locator info found for XPATH attribute as: //a[@href='/jbilling/config/index']
12:52:19,069 INFO  [BrowserSelenium] ENTER --> (_parseElementOnXpath)
12:52:19,069 INFO  [BrowserSelenium] (_parseElementOnXpath) -> //a[@href='/jbilling/config/index'] is used
12:52:19,069 INFO  [BrowserSelenium] EXIT --> (_parseElementOnXpath)
12:52:19,069 INFO  [BrowserSelenium] EXIT --> (_getByLocator)
12:52:19,088 INFO  [BrowserSelenium] ENTER --> (_getByLocator)
12:52:19,089 INFO  [BrowserSelenium] (_getByLocator) -> Getting locator for null
12:52:19,089 INFO  [BrowserSelenium] (_getByLocator) -> Locator info found for XPATH attribute as: //a[@href='/jbilling/config/index']
12:52:19,089 INFO  [BrowserSelenium] ENTER --> (_parseElementOnXpath)
12:52:19,089 INFO  [BrowserSelenium] (_parseElementOnXpath) -> //a[@href='/jbilling/config/index'] is used
12:52:19,089 INFO  [BrowserSelenium] EXIT --> (_parseElementOnXpath)
12:52:19,089 INFO  [BrowserSelenium] EXIT --> (_getByLocator)
12:52:19,110 INFO  [BrowserSelenium] ENTER --> (_getByLocator)
12:52:19,110 INFO  [BrowserSelenium] (_getByLocator) -> Getting locator for null
12:52:19,110 INFO  [BrowserSelenium] (_getByLocator) -> Locator info found for XPATH attribute as: //a[@href='/jbilling/config/index']
12:52:19,110 INFO  [BrowserSelenium] ENTER --> (_parseElementOnXpath)
12:52:19,111 INFO  [BrowserSelenium] (_parseElementOnXpath) -> //a[@href='/jbilling/config/index'] is used
12:52:19,111 INFO  [BrowserSelenium] EXIT --> (_parseElementOnXpath)
12:52:19,111 INFO  [BrowserSelenium] EXIT --> (_getByLocator)
12:52:19,129 INFO  [BrowserSelenium] ENTER --> (_getByLocator)
12:52:19,129 INFO  [BrowserSelenium] (_getByLocator) -> Getting locator for null
12:52:19,129 INFO  [BrowserSelenium] (_getByLocator) -> Locator info found for XPATH attribute as: //a[@href='/jbilling/config/index']
12:52:19,129 INFO  [BrowserSelenium] ENTER --> (_parseElementOnXpath)
12:52:19,129 INFO  [BrowserSelenium] (_parseElementOnXpath) -> //a[@href='/jbilling/config/index'] is used
12:52:19,130 INFO  [BrowserSelenium] EXIT --> (_parseElementOnXpath)
12:52:19,130 INFO  [BrowserSelenium] EXIT --> (_getByLocator)
12:52:19,152 INFO  [BrowserSelenium] ENTER --> (_getByLocator)
12:52:19,153 INFO  [BrowserSelenium] (_getByLocator) -> Getting locator for null
12:52:19,153 INFO  [BrowserSelenium] (_getByLocator) -> Locator info found for XPATH attribute as: //a[@href='/jbilling/config/index']
12:52:19,153 INFO  [BrowserSelenium] ENTER --> (_parseElementOnXpath)
12:52:19,153 INFO  [BrowserSelenium] (_parseElementOnXpath) -> //a[@href='/jbilling/config/index'] is used
12:52:19,153 INFO  [BrowserSelenium] EXIT --> (_parseElementOnXpath)
12:52:19,154 INFO  [BrowserSelenium] EXIT --> (_getByLocator)
12:52:19,171 INFO  [BrowserSelenium] ENTER --> (_getByLocator)
12:52:19,172 INFO  [BrowserSelenium] (_getByLocator) -> Getting locator for null
12:52:19,172 INFO  [BrowserSelenium] (_getByLocator) -> Locator info found for XPATH attribute as: //a[@href='/jbilling/config/index']
12:52:19,172 INFO  [BrowserSelenium] ENTER --> (_parseElementOnXpath)
12:52:19,172 INFO  [BrowserSelenium] (_parseElementOnXpath) -> //a[@href='/jbilling/config/index'] is used
12:52:19,172 INFO  [BrowserSelenium] EXIT --> (_parseElementOnXpath)
12:52:19,173 INFO  [BrowserSelenium] EXIT --> (_getByLocator)
12:52:19,197 INFO  [BrowserSelenium] ENTER --> (_getByLocator)
12:52:19,197 INFO  [BrowserSelenium] (_getByLocator) -> Getting locator for null
12:52:19,197 INFO  [BrowserSelenium] (_getByLocator) -> Locator info found for XPATH attribute as: //a[@href='/jbilling/config/index']
12:52:19,197 INFO  [BrowserSelenium] ENTER --> (_parseElementOnXpath)
12:52:19,197 INFO  [BrowserSelenium] (_parseElementOnXpath) -> //a[@href='/jbilling/config/index'] is used
12:52:19,198 INFO  [BrowserSelenium] EXIT --> (_parseElementOnXpath)
12:52:19,198 INFO  [BrowserSelenium] EXIT --> (_getByLocator)
12:52:19,215 INFO  [BrowserSelenium] ENTER --> (_getByLocator)
12:52:19,215 INFO  [BrowserSelenium] (_getByLocator) -> Getting locator for null
12:52:19,215 INFO  [BrowserSelenium] (_getByLocator) -> Locator info found for XPATH attribute as: //a[@href='/jbilling/config/index']
12:52:19,215 INFO  [BrowserSelenium] ENTER --> (_parseElementOnXpath)
12:52:19,215 INFO  [BrowserSelenium] (_parseElementOnXpath) -> //a[@href='/jbilling/config/index'] is used
12:52:19,216 INFO  [BrowserSelenium] EXIT --> (_parseElementOnXpath)
12:52:19,216 INFO  [BrowserSelenium] EXIT --> (_getByLocator)
12:52:19,235 INFO  [BrowserSelenium] ENTER --> (_getByLocator)
12:52:19,236 INFO  [BrowserSelenium] (_getByLocator) -> Getting locator for null
12:52:19,236 INFO  [BrowserSelenium] (_getByLocator) -> Locator info found for XPATH attribute as: //a[@href='/jbilling/config/index']
12:52:19,236 INFO  [BrowserSelenium] ENTER --> (_parseElementOnXpath)
12:52:19,236 INFO  [BrowserSelenium] (_parseElementOnXpath) -> //a[@href='/jbilling/config/index'] is used
12:52:19,236 INFO  [BrowserSelenium] EXIT --> (_parseElementOnXpath)
12:52:19,237 INFO  [BrowserSelenium] EXIT --> (_getByLocator)
12:52:19,258 INFO  [BrowserSelenium] ENTER --> (_getByLocator)
12:52:19,258 INFO  [BrowserSelenium] (_getByLocator) -> Getting locator for null
12:52:19,259 INFO  [BrowserSelenium] (_getByLocator) -> Locator info found for XPATH attribute as: //a[@href='/jbilling/config/index']
12:52:19,259 INFO  [BrowserSelenium] ENTER --> (_parseElementOnXpath)
12:52:19,259 INFO  [BrowserSelenium] (_parseElementOnXpath) -> //a[@href='/jbilling/config/index'] is used
12:52:19,259 INFO  [BrowserSelenium] EXIT --> (_parseElementOnXpath)
12:52:19,259 INFO  [BrowserSelenium] EXIT --> (_getByLocator)
12:52:19,276 INFO  [BrowserSelenium] ENTER --> (_getByLocator)
12:52:19,276 INFO  [BrowserSelenium] (_getByLocator) -> Getting locator for null
12:52:19,277 INFO  [BrowserSelenium] (_getByLocator) -> Locator info found for XPATH attribute as: //a[@href='/jbilling/config/index']
12:52:19,277 INFO  [BrowserSelenium] ENTER --> (_parseElementOnXpath)
12:52:19,277 INFO  [BrowserSelenium] (_parseElementOnXpath) -> //a[@href='/jbilling/config/index'] is used
12:52:19,277 INFO  [BrowserSelenium] EXIT --> (_parseElementOnXpath)
12:52:19,277 INFO  [BrowserSelenium] EXIT --> (_getByLocator)
12:52:19,294 INFO  [BrowserSelenium] ENTER --> (_getByLocator)
12:52:19,295 INFO  [BrowserSelenium] (_getByLocator) -> Getting locator for null
12:52:19,295 INFO  [BrowserSelenium] (_getByLocator) -> Locator info found for XPATH attribute as: //a[@href='/jbilling/config/index']
12:52:19,295 INFO  [BrowserSelenium] ENTER --> (_parseElementOnXpath)
12:52:19,295 INFO  [BrowserSelenium] (_parseElementOnXpath) -> //a[@href='/jbilling/config/index'] is used
12:52:19,295 INFO  [BrowserSelenium] EXIT --> (_parseElementOnXpath)
12:52:19,295 INFO  [BrowserSelenium] EXIT --> (_getByLocator)
12:52:19,315 INFO  [BrowserSelenium] ENTER --> (_getByLocator)
12:52:19,315 INFO  [BrowserSelenium] (_getByLocator) -> Getting locator for null
12:52:19,315 INFO  [BrowserSelenium] (_getByLocator) -> Locator info found for XPATH attribute as: //a[@href='/jbilling/config/index']
12:52:19,315 INFO  [BrowserSelenium] ENTER --> (_parseElementOnXpath)
12:52:19,315 INFO  [BrowserSelenium] (_parseElementOnXpath) -> //a[@href='/jbilling/config/index'] is used
12:52:19,315 INFO  [BrowserSelenium] EXIT --> (_parseElementOnXpath)
12:52:19,315 INFO  [BrowserSelenium] EXIT --> (_getByLocator)
12:52:19,333 INFO  [BrowserSelenium] ENTER --> (_getByLocator)
12:52:19,333 INFO  [BrowserSelenium] (_getByLocator) -> Getting locator for null
12:52:19,333 INFO  [BrowserSelenium] (_getByLocator) -> Locator info found for XPATH attribute as: //a[@href='/jbilling/config/index']
12:52:19,333 INFO  [BrowserSelenium] ENTER --> (_parseElementOnXpath)
12:52:19,334 INFO  [BrowserSelenium] (_parseElementOnXpath) -> //a[@href='/jbilling/config/index'] is used
12:52:19,334 INFO  [BrowserSelenium] EXIT --> (_parseElementOnXpath)
12:52:19,334 INFO  [BrowserSelenium] EXIT --> (_getByLocator)
12:52:19,353 INFO  [BrowserSelenium] ENTER --> (_getByLocator)
12:52:19,353 INFO  [BrowserSelenium] (_getByLocator) -> Getting locator for null
12:52:19,354 INFO  [BrowserSelenium] (_getByLocator) -> Locator info found for XPATH attribute as: //a[@href='/jbilling/config/index']
12:52:19,354 INFO  [BrowserSelenium] ENTER --> (_parseElementOnXpath)
12:52:19,354 INFO  [BrowserSelenium] (_parseElementOnXpath) -> //a[@href='/jbilling/config/index'] is used
12:52:19,354 INFO  [BrowserSelenium] EXIT --> (_parseElementOnXpath)
12:52:19,354 INFO  [BrowserSelenium] EXIT --> (_getByLocator)
12:52:19,372 INFO  [BrowserSelenium] ENTER --> (_getByLocator)
12:52:19,372 INFO  [BrowserSelenium] (_getByLocator) -> Getting locator for null
12:52:19,373 INFO  [BrowserSelenium] (_getByLocator) -> Locator info found for XPATH attribute as: //a[@href='/jbilling/config/index']
12:52:19,373 INFO  [BrowserSelenium] ENTER --> (_parseElementOnXpath)
12:52:19,373 INFO  [BrowserSelenium] (_parseElementOnXpath) -> //a[@href='/jbilling/config/index'] is used
12:52:19,373 INFO  [BrowserSelenium] EXIT --> (_parseElementOnXpath)
12:52:19,373 INFO  [BrowserSelenium] EXIT --> (_getByLocator)
12:52:19,394 INFO  [BrowserSelenium] ENTER --> (_getByLocator)
12:52:19,394 INFO  [BrowserSelenium] (_getByLocator) -> Getting locator for null
12:52:19,394 INFO  [BrowserSelenium] (_getByLocator) -> Locator info found for XPATH attribute as: //a[@href='/jbilling/config/index']
12:52:19,394 INFO  [BrowserSelenium] ENTER --> (_parseElementOnXpath)
12:52:19,395 INFO  [BrowserSelenium] (_parseElementOnXpath) -> //a[@href='/jbilling/config/index'] is used
12:52:19,395 INFO  [BrowserSelenium] EXIT --> (_parseElementOnXpath)
12:52:19,395 INFO  [BrowserSelenium] EXIT --> (_getByLocator)
12:52:19,417 INFO  [BrowserSelenium] ENTER --> (_getByLocator)
12:52:19,418 INFO  [BrowserSelenium] (_getByLocator) -> Getting locator for null
12:52:19,418 INFO  [BrowserSelenium] (_getByLocator) -> Locator info found for XPATH attribute as: //a[@href='/jbilling/config/index']
12:52:19,418 INFO  [BrowserSelenium] ENTER --> (_parseElementOnXpath)
12:52:19,418 INFO  [BrowserSelenium] (_parseElementOnXpath) -> //a[@href='/jbilling/config/index'] is used
12:52:19,418 INFO  [BrowserSelenium] EXIT --> (_parseElementOnXpath)
12:52:19,418 INFO  [BrowserSelenium] EXIT --> (_getByLocator)
12:52:19,443 INFO  [BrowserSelenium] ENTER --> (_getByLocator)
12:52:19,444 INFO  [BrowserSelenium] (_getByLocator) -> Getting locator for null
12:52:19,444 INFO  [BrowserSelenium] (_getByLocator) -> Locator info found for XPATH attribute as: //a[@href='/jbilling/config/index']
12:52:19,444 INFO  [BrowserSelenium] ENTER --> (_parseElementOnXpath)
12:52:19,444 INFO  [BrowserSelenium] (_parseElementOnXpath) -> //a[@href='/jbilling/config/index'] is used
12:52:19,444 INFO  [BrowserSelenium] EXIT --> (_parseElementOnXpath)
12:52:19,444 INFO  [BrowserSelenium] EXIT --> (_getByLocator)
12:52:19,466 INFO  [BrowserSelenium] ENTER --> (_getByLocator)
12:52:19,467 INFO  [BrowserSelenium] (_getByLocator) -> Getting locator for null
12:52:19,467 INFO  [BrowserSelenium] (_getByLocator) -> Locator info found for XPATH attribute as: //a[@href='/jbilling/config/index']
12:52:19,467 INFO  [BrowserSelenium] ENTER --> (_parseElementOnXpath)
12:52:19,467 INFO  [BrowserSelenium] (_parseElementOnXpath) -> //a[@href='/jbilling/config/index'] is used
12:52:19,467 INFO  [BrowserSelenium] EXIT --> (_parseElementOnXpath)
12:52:19,467 INFO  [BrowserSelenium] EXIT --> (_getByLocator)
12:52:19,485 INFO  [BrowserSelenium] ENTER --> (_getByLocator)
12:52:19,485 INFO  [BrowserSelenium] (_getByLocator) -> Getting locator for null
12:52:19,486 INFO  [BrowserSelenium] (_getByLocator) -> Locator info found for XPATH attribute as: //a[@href='/jbilling/config/index']
12:52:19,486 INFO  [BrowserSelenium] ENTER --> (_parseElementOnXpath)
12:52:19,486 INFO  [BrowserSelenium] (_parseElementOnXpath) -> //a[@href='/jbilling/config/index'] is used
12:52:19,486 INFO  [BrowserSelenium] EXIT --> (_parseElementOnXpath)
12:52:19,486 INFO  [BrowserSelenium] EXIT --> (_getByLocator)
12:52:19,504 INFO  [BrowserSelenium] ENTER --> (_getByLocator)
12:52:19,505 INFO  [BrowserSelenium] (_getByLocator) -> Getting locator for null
12:52:19,505 INFO  [BrowserSelenium] (_getByLocator) -> Locator info found for XPATH attribute as: //a[@href='/jbilling/config/index']
12:52:19,505 INFO  [BrowserSelenium] ENTER --> (_parseElementOnXpath)
12:52:19,505 INFO  [BrowserSelenium] (_parseElementOnXpath) -> //a[@href='/jbilling/config/index'] is used
12:52:19,505 INFO  [BrowserSelenium] EXIT --> (_parseElementOnXpath)
12:52:19,506 INFO  [BrowserSelenium] EXIT --> (_getByLocator)
12:52:19,523 INFO  [BrowserSelenium] ENTER --> (_getByLocator)
12:52:19,523 INFO  [BrowserSelenium] (_getByLocator) -> Getting locator for null
12:52:19,524 INFO  [BrowserSelenium] (_getByLocator) -> Locator info found for XPATH attribute as: //a[@href='/jbilling/config/index']
12:52:19,524 INFO  [BrowserSelenium] ENTER --> (_parseElementOnXpath)
12:52:19,524 INFO  [BrowserSelenium] (_parseElementOnXpath) -> //a[@href='/jbilling/config/index'] is used
12:52:19,524 INFO  [BrowserSelenium] EXIT --> (_parseElementOnXpath)
12:52:19,524 INFO  [BrowserSelenium] EXIT --> (_getByLocator)
12:52:19,544 INFO  [BrowserSelenium] ENTER --> (_getByLocator)
12:52:19,544 INFO  [BrowserSelenium] (_getByLocator) -> Getting locator for null
12:52:19,544 INFO  [BrowserSelenium] (_getByLocator) -> Locator info found for XPATH attribute as: //a[@href='/jbilling/config/index']
12:52:19,544 INFO  [BrowserSelenium] ENTER --> (_parseElementOnXpath)
12:52:19,545 INFO  [BrowserSelenium] (_parseElementOnXpath) -> //a[@href='/jbilling/config/index'] is used
12:52:19,545 INFO  [BrowserSelenium] EXIT --> (_parseElementOnXpath)
12:52:19,545 INFO  [BrowserSelenium] EXIT --> (_getByLocator)
12:52:19,566 INFO  [BrowserSelenium] ENTER --> (_getByLocator)
12:52:19,566 INFO  [BrowserSelenium] (_getByLocator) -> Getting locator for null
12:52:19,567 INFO  [BrowserSelenium] (_getByLocator) -> Locator info found for XPATH attribute as: //a[@href='/jbilling/config/index']
12:52:19,567 INFO  [BrowserSelenium] ENTER --> (_parseElementOnXpath)
12:52:19,567 INFO  [BrowserSelenium] (_parseElementOnXpath) -> //a[@href='/jbilling/config/index'] is used
12:52:19,567 INFO  [BrowserSelenium] EXIT --> (_parseElementOnXpath)
12:52:19,567 INFO  [BrowserSelenium] EXIT --> (_getByLocator)
12:52:19,587 INFO  [BrowserSelenium] ENTER --> (_getByLocator)
12:52:19,588 INFO  [BrowserSelenium] (_getByLocator) -> Getting locator for null
12:52:19,588 INFO  [BrowserSelenium] (_getByLocator) -> Locator info found for XPATH attribute as: //a[@href='/jbilling/config/index']
12:52:19,588 INFO  [BrowserSelenium] ENTER --> (_parseElementOnXpath)
12:52:19,588 INFO  [BrowserSelenium] (_parseElementOnXpath) -> //a[@href='/jbilling/config/index'] is used
12:52:19,588 INFO  [BrowserSelenium] EXIT --> (_parseElementOnXpath)
12:52:19,588 INFO  [BrowserSelenium] EXIT --> (_getByLocator)
12:52:19,610 INFO  [BrowserSelenium] ENTER --> (_getByLocator)
12:52:19,610 INFO  [BrowserSelenium] (_getByLocator) -> Getting locator for null
12:52:19,610 INFO  [BrowserSelenium] (_getByLocator) -> Locator info found for XPATH attribute as: //a[@href='/jbilling/config/index']
12:52:19,610 INFO  [BrowserSelenium] ENTER --> (_parseElementOnXpath)
12:52:19,611 INFO  [BrowserSelenium] (_parseElementOnXpath) -> //a[@href='/jbilling/config/index'] is used
12:52:19,611 INFO  [BrowserSelenium] EXIT --> (_parseElementOnXpath)
12:52:19,611 INFO  [BrowserSelenium] EXIT --> (_getByLocator)
12:52:19,633 INFO  [BrowserSelenium] ENTER --> (_getByLocator)
12:52:19,633 INFO  [BrowserSelenium] (_getByLocator) -> Getting locator for null
12:52:19,633 INFO  [BrowserSelenium] (_getByLocator) -> Locator info found for XPATH attribute as: //a[@href='/jbilling/config/index']
12:52:19,633 INFO  [BrowserSelenium] ENTER --> (_parseElementOnXpath)
12:52:19,634 INFO  [BrowserSelenium] (_parseElementOnXpath) -> //a[@href='/jbilling/config/index'] is used
12:52:19,634 INFO  [BrowserSelenium] EXIT --> (_parseElementOnXpath)
12:52:19,634 INFO  [BrowserSelenium] EXIT --> (_getByLocator)
12:52:19,655 INFO  [BrowserSelenium] ENTER --> (_getByLocator)
12:52:19,655 INFO  [BrowserSelenium] (_getByLocator) -> Getting locator for null
12:52:19,655 INFO  [BrowserSelenium] (_getByLocator) -> Locator info found for XPATH attribute as: //a[@href='/jbilling/config/index']
12:52:19,655 INFO  [BrowserSelenium] ENTER --> (_parseElementOnXpath)
12:52:19,655 INFO  [BrowserSelenium] (_parseElementOnXpath) -> //a[@href='/jbilling/config/index'] is used
12:52:19,655 INFO  [BrowserSelenium] EXIT --> (_parseElementOnXpath)
12:52:19,656 INFO  [BrowserSelenium] EXIT --> (_getByLocator)
12:52:19,675 INFO  [BrowserSelenium] ENTER --> (_getByLocator)
12:52:19,675 INFO  [BrowserSelenium] (_getByLocator) -> Getting locator for null
12:52:19,676 INFO  [BrowserSelenium] (_getByLocator) -> Locator info found for XPATH attribute as: //a[@href='/jbilling/config/index']
12:52:19,676 INFO  [BrowserSelenium] ENTER --> (_parseElementOnXpath)
12:52:19,676 INFO  [BrowserSelenium] (_parseElementOnXpath) -> //a[@href='/jbilling/config/index'] is used
12:52:19,676 INFO  [BrowserSelenium] EXIT --> (_parseElementOnXpath)
12:52:19,676 INFO  [BrowserSelenium] EXIT --> (_getByLocator)
12:52:19,694 INFO  [BrowserSelenium] ENTER --> (_getByLocator)
12:52:19,694 INFO  [BrowserSelenium] (_getByLocator) -> Getting locator for null
12:52:19,694 INFO  [BrowserSelenium] (_getByLocator) -> Locator info found for XPATH attribute as: //a[@href='/jbilling/config/index']
12:52:19,694 INFO  [BrowserSelenium] ENTER --> (_parseElementOnXpath)
12:52:19,695 INFO  [BrowserSelenium] (_parseElementOnXpath) -> //a[@href='/jbilling/config/index'] is used
12:52:19,695 INFO  [BrowserSelenium] EXIT --> (_parseElementOnXpath)
12:52:19,695 INFO  [BrowserSelenium] EXIT --> (_getByLocator)
12:52:19,715 INFO  [BrowserSelenium] ENTER --> (_getByLocator)
12:52:19,715 INFO  [BrowserSelenium] (_getByLocator) -> Getting locator for null
12:52:19,715 INFO  [BrowserSelenium] (_getByLocator) -> Locator info found for XPATH attribute as: //a[@href='/jbilling/config/index']
12:52:19,715 INFO  [BrowserSelenium] ENTER --> (_parseElementOnXpath)
12:52:19,715 INFO  [BrowserSelenium] (_parseElementOnXpath) -> //a[@href='/jbilling/config/index'] is used
12:52:19,716 INFO  [BrowserSelenium] EXIT --> (_parseElementOnXpath)
12:52:19,716 INFO  [BrowserSelenium] EXIT --> (_getByLocator)
12:52:19,733 INFO  [BrowserSelenium] ENTER --> (_getByLocator)
12:52:19,733 INFO  [BrowserSelenium] (_getByLocator) -> Getting locator for null
12:52:19,733 INFO  [BrowserSelenium] (_getByLocator) -> Locator info found for XPATH attribute as: //a[@href='/jbilling/config/index']
12:52:19,733 INFO  [BrowserSelenium] ENTER --> (_parseElementOnXpath)
12:52:19,733 INFO  [BrowserSelenium] (_parseElementOnXpath) -> //a[@href='/jbilling/config/index'] is used
12:52:19,733 INFO  [BrowserSelenium] EXIT --> (_parseElementOnXpath)
12:52:19,734 INFO  [BrowserSelenium] EXIT --> (_getByLocator)
12:52:19,751 INFO  [BrowserSelenium] ENTER --> (_getByLocator)
12:52:19,751 INFO  [BrowserSelenium] (_getByLocator) -> Getting locator for null
12:52:19,751 INFO  [BrowserSelenium] (_getByLocator) -> Locator info found for XPATH attribute as: //a[@href='/jbilling/config/index']
12:52:19,751 INFO  [BrowserSelenium] ENTER --> (_parseElementOnXpath)
12:52:19,752 INFO  [BrowserSelenium] (_parseElementOnXpath) -> //a[@href='/jbilling/config/index'] is used
12:52:19,752 INFO  [BrowserSelenium] EXIT --> (_parseElementOnXpath)
12:52:19,752 INFO  [BrowserSelenium] EXIT --> (_getByLocator)
12:52:19,769 INFO  [BrowserSelenium] ENTER --> (_getByLocator)
12:52:19,769 INFO  [BrowserSelenium] (_getByLocator) -> Getting locator for null
12:52:19,769 INFO  [BrowserSelenium] (_getByLocator) -> Locator info found for XPATH attribute as: //a[@href='/jbilling/config/index']
12:52:19,769 INFO  [BrowserSelenium] ENTER --> (_parseElementOnXpath)
12:52:19,770 INFO  [BrowserSelenium] (_parseElementOnXpath) -> //a[@href='/jbilling/config/index'] is used
12:52:19,770 INFO  [BrowserSelenium] EXIT --> (_parseElementOnXpath)
12:52:19,770 INFO  [BrowserSelenium] EXIT --> (_getByLocator)
12:52:19,793 INFO  [BrowserSelenium] ENTER --> (_getByLocator)
12:52:19,793 INFO  [BrowserSelenium] (_getByLocator) -> Getting locator for null
12:52:19,793 INFO  [BrowserSelenium] (_getByLocator) -> Locator info found for XPATH attribute as: //a[@href='/jbilling/config/index']
12:52:19,793 INFO  [BrowserSelenium] ENTER --> (_parseElementOnXpath)
12:52:19,793 INFO  [BrowserSelenium] (_parseElementOnXpath) -> //a[@href='/jbilling/config/index'] is used
12:52:19,793 INFO  [BrowserSelenium] EXIT --> (_parseElementOnXpath)
12:52:19,793 INFO  [BrowserSelenium] EXIT --> (_getByLocator)
12:52:19,816 INFO  [BrowserSelenium] ENTER --> (_getByLocator)
12:52:19,816 INFO  [BrowserSelenium] (_getByLocator) -> Getting locator for null
12:52:19,816 INFO  [BrowserSelenium] (_getByLocator) -> Locator info found for XPATH attribute as: //a[@href='/jbilling/config/index']
12:52:19,816 INFO  [BrowserSelenium] ENTER --> (_parseElementOnXpath)
12:52:19,816 INFO  [BrowserSelenium] (_parseElementOnXpath) -> //a[@href='/jbilling/config/index'] is used
12:52:19,817 INFO  [BrowserSelenium] EXIT --> (_parseElementOnXpath)
12:52:19,817 INFO  [BrowserSelenium] EXIT --> (_getByLocator)
12:52:19,836 INFO  [BrowserSelenium] ENTER --> (_getByLocator)
12:52:19,836 INFO  [BrowserSelenium] (_getByLocator) -> Getting locator for null
12:52:19,836 INFO  [BrowserSelenium] (_getByLocator) -> Locator info found for XPATH attribute as: //a[@href='/jbilling/config/index']
12:52:19,836 INFO  [BrowserSelenium] ENTER --> (_parseElementOnXpath)
12:52:19,836 INFO  [BrowserSelenium] (_parseElementOnXpath) -> //a[@href='/jbilling/config/index'] is used
12:52:19,836 INFO  [BrowserSelenium] EXIT --> (_parseElementOnXpath)
12:52:19,837 INFO  [BrowserSelenium] EXIT --> (_getByLocator)
12:52:19,859 INFO  [BrowserSelenium] ENTER --> (_getByLocator)
12:52:19,859 INFO  [BrowserSelenium] (_getByLocator) -> Getting locator for null
12:52:19,859 INFO  [BrowserSelenium] (_getByLocator) -> Locator info found for XPATH attribute as: //a[@href='/jbilling/config/index']
12:52:19,860 INFO  [BrowserSelenium] ENTER --> (_parseElementOnXpath)
12:52:19,860 INFO  [BrowserSelenium] (_parseElementOnXpath) -> //a[@href='/jbilling/config/index'] is used
12:52:19,860 INFO  [BrowserSelenium] EXIT --> (_parseElementOnXpath)
12:52:19,860 INFO  [BrowserSelenium] EXIT --> (_getByLocator)
12:52:19,878 INFO  [BrowserSelenium] ENTER --> (_getByLocator)
12:52:19,878 INFO  [BrowserSelenium] (_getByLocator) -> Getting locator for null
12:52:19,879 INFO  [BrowserSelenium] (_getByLocator) -> Locator info found for XPATH attribute as: //a[@href='/jbilling/config/index']
12:52:19,879 INFO  [BrowserSelenium] ENTER --> (_parseElementOnXpath)
12:52:19,879 INFO  [BrowserSelenium] (_parseElementOnXpath) -> //a[@href='/jbilling/config/index'] is used
12:52:19,879 INFO  [BrowserSelenium] EXIT --> (_parseElementOnXpath)
12:52:19,879 INFO  [BrowserSelenium] EXIT --> (_getByLocator)
12:52:19,898 INFO  [BrowserSelenium] ENTER --> (_getByLocator)
12:52:19,898 INFO  [BrowserSelenium] (_getByLocator) -> Getting locator for null
12:52:19,898 INFO  [BrowserSelenium] (_getByLocator) -> Locator info found for XPATH attribute as: //a[@href='/jbilling/config/index']
12:52:19,899 INFO  [BrowserSelenium] ENTER --> (_parseElementOnXpath)
12:52:19,899 INFO  [BrowserSelenium] (_parseElementOnXpath) -> //a[@href='/jbilling/config/index'] is used
12:52:19,899 INFO  [BrowserSelenium] EXIT --> (_parseElementOnXpath)
12:52:19,899 INFO  [BrowserSelenium] EXIT --> (_getByLocator)
12:52:19,917 INFO  [BrowserSelenium] ENTER --> (_getByLocator)
12:52:19,917 INFO  [BrowserSelenium] (_getByLocator) -> Getting locator for null
12:52:19,917 INFO  [BrowserSelenium] (_getByLocator) -> Locator info found for XPATH attribute as: //a[@href='/jbilling/config/index']
12:52:19,918 INFO  [BrowserSelenium] ENTER --> (_parseElementOnXpath)
12:52:19,918 INFO  [BrowserSelenium] (_parseElementOnXpath) -> //a[@href='/jbilling/config/index'] is used
12:52:19,918 INFO  [BrowserSelenium] EXIT --> (_parseElementOnXpath)
12:52:19,918 INFO  [BrowserSelenium] EXIT --> (_getByLocator)
12:52:19,936 INFO  [BrowserSelenium] ENTER --> (_getByLocator)
12:52:19,936 INFO  [BrowserSelenium] (_getByLocator) -> Getting locator for null
12:52:19,936 INFO  [BrowserSelenium] (_getByLocator) -> Locator info found for XPATH attribute as: //a[@href='/jbilling/config/index']
12:52:19,937 INFO  [BrowserSelenium] ENTER --> (_parseElementOnXpath)
12:52:19,937 INFO  [BrowserSelenium] (_parseElementOnXpath) -> //a[@href='/jbilling/config/index'] is used
12:52:19,937 INFO  [BrowserSelenium] EXIT --> (_parseElementOnXpath)
12:52:19,937 INFO  [BrowserSelenium] EXIT --> (_getByLocator)
12:52:19,962 INFO  [BrowserSelenium] ENTER --> (_getByLocator)
12:52:19,962 INFO  [BrowserSelenium] (_getByLocator) -> Getting locator for null
12:52:19,963 INFO  [BrowserSelenium] (_getByLocator) -> Locator info found for XPATH attribute as: //a[@href='/jbilling/config/index']
12:52:19,963 INFO  [BrowserSelenium] ENTER --> (_parseElementOnXpath)
12:52:19,963 INFO  [BrowserSelenium] (_parseElementOnXpath) -> //a[@href='/jbilling/config/index'] is used
12:52:19,963 INFO  [BrowserSelenium] EXIT --> (_parseElementOnXpath)
12:52:19,963 INFO  [BrowserSelenium] EXIT --> (_getByLocator)
12:52:19,987 INFO  [BrowserSelenium] ENTER --> (_getByLocator)
12:52:19,987 INFO  [BrowserSelenium] (_getByLocator) -> Getting locator for null
12:52:19,988 INFO  [BrowserSelenium] (_getByLocator) -> Locator info found for XPATH attribute as: //a[@href='/jbilling/config/index']
12:52:19,988 INFO  [BrowserSelenium] ENTER --> (_parseElementOnXpath)
12:52:19,988 INFO  [BrowserSelenium] (_parseElementOnXpath) -> //a[@href='/jbilling/config/index'] is used
12:52:19,988 INFO  [BrowserSelenium] EXIT --> (_parseElementOnXpath)
12:52:19,988 INFO  [BrowserSelenium] EXIT --> (_getByLocator)
12:52:20,011 INFO  [BrowserSelenium] ENTER --> (_getByLocator)
12:52:20,011 INFO  [BrowserSelenium] (_getByLocator) -> Getting locator for null
12:52:20,011 INFO  [BrowserSelenium] (_getByLocator) -> Locator info found for XPATH attribute as: //a[@href='/jbilling/config/index']
12:52:20,011 INFO  [BrowserSelenium] ENTER --> (_parseElementOnXpath)
12:52:20,012 INFO  [BrowserSelenium] (_parseElementOnXpath) -> //a[@href='/jbilling/config/index'] is used
12:52:20,012 INFO  [BrowserSelenium] EXIT --> (_parseElementOnXpath)
12:52:20,012 INFO  [BrowserSelenium] EXIT --> (_getByLocator)
12:52:20,035 INFO  [BrowserSelenium] ENTER --> (_getByLocator)
12:52:20,035 INFO  [BrowserSelenium] (_getByLocator) -> Getting locator for null
12:52:20,036 INFO  [BrowserSelenium] (_getByLocator) -> Locator info found for XPATH attribute as: //a[@href='/jbilling/config/index']
12:52:20,036 INFO  [BrowserSelenium] ENTER --> (_parseElementOnXpath)
12:52:20,036 INFO  [BrowserSelenium] (_parseElementOnXpath) -> //a[@href='/jbilling/config/index'] is used
12:52:20,036 INFO  [BrowserSelenium] EXIT --> (_parseElementOnXpath)
12:52:20,036 INFO  [BrowserSelenium] EXIT --> (_getByLocator)
12:52:20,059 INFO  [BrowserSelenium] ENTER --> (_getByLocator)
12:52:20,060 INFO  [BrowserSelenium] (_getByLocator) -> Getting locator for null
12:52:20,060 INFO  [BrowserSelenium] (_getByLocator) -> Locator info found for XPATH attribute as: //a[@href='/jbilling/config/index']
12:52:20,060 INFO  [BrowserSelenium] ENTER --> (_parseElementOnXpath)
12:52:20,060 INFO  [BrowserSelenium] (_parseElementOnXpath) -> //a[@href='/jbilling/config/index'] is used
12:52:20,060 INFO  [BrowserSelenium] EXIT --> (_parseElementOnXpath)
12:52:20,061 INFO  [BrowserSelenium] EXIT --> (_getByLocator)
12:52:20,082 INFO  [BrowserSelenium] ENTER --> (_getByLocator)
12:52:20,083 INFO  [BrowserSelenium] (_getByLocator) -> Getting locator for null
12:52:20,083 INFO  [BrowserSelenium] (_getByLocator) -> Locator info found for XPATH attribute as: //a[@href='/jbilling/config/index']
12:52:20,083 INFO  [BrowserSelenium] ENTER --> (_parseElementOnXpath)
12:52:20,083 INFO  [BrowserSelenium] (_parseElementOnXpath) -> //a[@href='/jbilling/config/index'] is used
12:52:20,083 INFO  [BrowserSelenium] EXIT --> (_parseElementOnXpath)
12:52:20,083 INFO  [BrowserSelenium] EXIT --> (_getByLocator)
12:52:20,107 INFO  [BrowserSelenium] ENTER --> (_getByLocator)
12:52:20,107 INFO  [BrowserSelenium] (_getByLocator) -> Getting locator for null
12:52:20,107 INFO  [BrowserSelenium] (_getByLocator) -> Locator info found for XPATH attribute as: //a[@href='/jbilling/config/index']
12:52:20,107 INFO  [BrowserSelenium] ENTER --> (_parseElementOnXpath)
12:52:20,108 INFO  [BrowserSelenium] (_parseElementOnXpath) -> //a[@href='/jbilling/config/index'] is used
12:52:20,108 INFO  [BrowserSelenium] EXIT --> (_parseElementOnXpath)
12:52:20,108 INFO  [BrowserSelenium] EXIT --> (_getByLocator)
12:52:20,132 INFO  [BrowserSelenium] ENTER --> (_getByLocator)
12:52:20,132 INFO  [BrowserSelenium] (_getByLocator) -> Getting locator for null
12:52:20,132 INFO  [BrowserSelenium] (_getByLocator) -> Locator info found for XPATH attribute as: //a[@href='/jbilling/config/index']
12:52:20,132 INFO  [BrowserSelenium] ENTER --> (_parseElementOnXpath)
12:52:20,132 INFO  [BrowserSelenium] (_parseElementOnXpath) -> //a[@href='/jbilling/config/index'] is used
12:52:20,132 INFO  [BrowserSelenium] EXIT --> (_parseElementOnXpath)
12:52:20,133 INFO  [BrowserSelenium] EXIT --> (_getByLocator)
12:52:20,155 INFO  [BrowserSelenium] ENTER --> (_getByLocator)
12:52:20,156 INFO  [BrowserSelenium] (_getByLocator) -> Getting locator for null
12:52:20,156 INFO  [BrowserSelenium] (_getByLocator) -> Locator info found for XPATH attribute as: //a[@href='/jbilling/config/index']
12:52:20,156 INFO  [BrowserSelenium] ENTER --> (_parseElementOnXpath)
12:52:20,156 INFO  [BrowserSelenium] (_parseElementOnXpath) -> //a[@href='/jbilling/config/index'] is used
12:52:20,156 INFO  [BrowserSelenium] EXIT --> (_parseElementOnXpath)
12:52:20,157 INFO  [BrowserSelenium] EXIT --> (_getByLocator)
12:52:20,181 INFO  [BrowserSelenium] ENTER --> (_getByLocator)
12:52:20,181 INFO  [BrowserSelenium] (_getByLocator) -> Getting locator for null
12:52:20,181 INFO  [BrowserSelenium] (_getByLocator) -> Locator info found for XPATH attribute as: //a[@href='/jbilling/config/index']
12:52:20,181 INFO  [BrowserSelenium] ENTER --> (_parseElementOnXpath)
12:52:20,182 INFO  [BrowserSelenium] (_parseElementOnXpath) -> //a[@href='/jbilling/config/index'] is used
12:52:20,182 INFO  [BrowserSelenium] EXIT --> (_parseElementOnXpath)
12:52:20,182 INFO  [BrowserSelenium] EXIT --> (_getByLocator)
12:52:20,210 INFO  [BrowserSelenium] ENTER --> (_getByLocator)
12:52:20,210 INFO  [BrowserSelenium] (_getByLocator) -> Getting locator for null
12:52:20,211 INFO  [BrowserSelenium] (_getByLocator) -> Locator info found for XPATH attribute as: //a[@href='/jbilling/config/index']
12:52:20,211 INFO  [BrowserSelenium] ENTER --> (_parseElementOnXpath)
12:52:20,211 INFO  [BrowserSelenium] (_parseElementOnXpath) -> //a[@href='/jbilling/config/index'] is used
12:52:20,211 INFO  [BrowserSelenium] EXIT --> (_parseElementOnXpath)
12:52:20,211 INFO  [BrowserSelenium] EXIT --> (_getByLocator)
12:52:20,235 INFO  [BrowserSelenium] ENTER --> (_getByLocator)
12:52:20,235 INFO  [BrowserSelenium] (_getByLocator) -> Getting locator for null
12:52:20,235 INFO  [BrowserSelenium] (_getByLocator) -> Locator info found for XPATH attribute as: //a[@href='/jbilling/config/index']
12:52:20,235 INFO  [BrowserSelenium] ENTER --> (_parseElementOnXpath)
12:52:20,236 INFO  [BrowserSelenium] (_parseElementOnXpath) -> //a[@href='/jbilling/config/index'] is used
12:52:20,236 INFO  [BrowserSelenium] EXIT --> (_parseElementOnXpath)
12:52:20,236 INFO  [BrowserSelenium] EXIT --> (_getByLocator)
12:52:20,265 INFO  [BrowserSelenium] ENTER --> (_getByLocator)
12:52:20,265 INFO  [BrowserSelenium] (_getByLocator) -> Getting locator for null
12:52:20,265 INFO  [BrowserSelenium] (_getByLocator) -> Locator info found for XPATH attribute as: //a[@href='/jbilling/config/index']
12:52:20,265 INFO  [BrowserSelenium] ENTER --> (_parseElementOnXpath)
12:52:20,265 INFO  [BrowserSelenium] (_parseElementOnXpath) -> //a[@href='/jbilling/config/index'] is used
12:52:20,266 INFO  [BrowserSelenium] EXIT --> (_parseElementOnXpath)
12:52:20,266 INFO  [BrowserSelenium] EXIT --> (_getByLocator)
12:52:20,290 INFO  [BrowserSelenium] ENTER --> (_getByLocator)
12:52:20,290 INFO  [BrowserSelenium] (_getByLocator) -> Getting locator for null
12:52:20,291 INFO  [BrowserSelenium] (_getByLocator) -> Locator info found for XPATH attribute as: //a[@href='/jbilling/config/index']
12:52:20,291 INFO  [BrowserSelenium] ENTER --> (_parseElementOnXpath)
12:52:20,291 INFO  [BrowserSelenium] (_parseElementOnXpath) -> //a[@href='/jbilling/config/index'] is used
12:52:20,291 INFO  [BrowserSelenium] EXIT --> (_parseElementOnXpath)
12:52:20,291 INFO  [BrowserSelenium] EXIT --> (_getByLocator)
12:52:20,315 INFO  [BrowserSelenium] ENTER --> (_getByLocator)
12:52:20,315 INFO  [BrowserSelenium] (_getByLocator) -> Getting locator for null
12:52:20,315 INFO  [BrowserSelenium] (_getByLocator) -> Locator info found for XPATH attribute as: //a[@href='/jbilling/config/index']
12:52:20,315 INFO  [BrowserSelenium] ENTER --> (_parseElementOnXpath)
12:52:20,315 INFO  [BrowserSelenium] (_parseElementOnXpath) -> //a[@href='/jbilling/config/index'] is used
12:52:20,316 INFO  [BrowserSelenium] EXIT --> (_parseElementOnXpath)
12:52:20,316 INFO  [BrowserSelenium] EXIT --> (_getByLocator)
12:52:20,338 INFO  [BrowserSelenium] ENTER --> (_getByLocator)
12:52:20,338 INFO  [BrowserSelenium] (_getByLocator) -> Getting locator for null
12:52:20,338 INFO  [BrowserSelenium] (_getByLocator) -> Locator info found for XPATH attribute as: //a[@href='/jbilling/config/index']
12:52:20,338 INFO  [BrowserSelenium] ENTER --> (_parseElementOnXpath)
12:52:20,338 INFO  [BrowserSelenium] (_parseElementOnXpath) -> //a[@href='/jbilling/config/index'] is used
12:52:20,339 INFO  [BrowserSelenium] EXIT --> (_parseElementOnXpath)
12:52:20,339 INFO  [BrowserSelenium] EXIT --> (_getByLocator)
12:52:20,362 INFO  [BrowserSelenium] ENTER --> (_getByLocator)
12:52:20,362 INFO  [BrowserSelenium] (_getByLocator) -> Getting locator for null
12:52:20,362 INFO  [BrowserSelenium] (_getByLocator) -> Locator info found for XPATH attribute as: //a[@href='/jbilling/config/index']
12:52:20,362 INFO  [BrowserSelenium] ENTER --> (_parseElementOnXpath)
12:52:20,363 INFO  [BrowserSelenium] (_parseElementOnXpath) -> //a[@href='/jbilling/config/index'] is used
12:52:20,363 INFO  [BrowserSelenium] EXIT --> (_parseElementOnXpath)
12:52:20,363 INFO  [BrowserSelenium] EXIT --> (_getByLocator)
12:52:20,385 INFO  [BrowserSelenium] ENTER --> (_getByLocator)
12:52:20,385 INFO  [BrowserSelenium] (_getByLocator) -> Getting locator for null
12:52:20,385 INFO  [BrowserSelenium] (_getByLocator) -> Locator info found for XPATH attribute as: //a[@href='/jbilling/config/index']
12:52:20,385 INFO  [BrowserSelenium] ENTER --> (_parseElementOnXpath)
12:52:20,386 INFO  [BrowserSelenium] (_parseElementOnXpath) -> //a[@href='/jbilling/config/index'] is used
12:52:20,386 INFO  [BrowserSelenium] EXIT --> (_parseElementOnXpath)
12:52:20,386 INFO  [BrowserSelenium] EXIT --> (_getByLocator)
12:52:20,409 INFO  [BrowserSelenium] ENTER --> (_getByLocator)
12:52:20,410 INFO  [BrowserSelenium] (_getByLocator) -> Getting locator for null
12:52:20,410 INFO  [BrowserSelenium] (_getByLocator) -> Locator info found for XPATH attribute as: //a[@href='/jbilling/config/index']
12:52:20,410 INFO  [BrowserSelenium] ENTER --> (_parseElementOnXpath)
12:52:20,410 INFO  [BrowserSelenium] (_parseElementOnXpath) -> //a[@href='/jbilling/config/index'] is used
12:52:20,410 INFO  [BrowserSelenium] EXIT --> (_parseElementOnXpath)
12:52:20,410 INFO  [BrowserSelenium] EXIT --> (_getByLocator)
12:52:20,436 INFO  [BrowserSelenium] ENTER --> (_getByLocator)
12:52:20,436 INFO  [BrowserSelenium] (_getByLocator) -> Getting locator for null
12:52:20,436 INFO  [BrowserSelenium] (_getByLocator) -> Locator info found for XPATH attribute as: //a[@href='/jbilling/config/index']
12:52:20,437 INFO  [BrowserSelenium] ENTER --> (_parseElementOnXpath)
12:52:20,437 INFO  [BrowserSelenium] (_parseElementOnXpath) -> //a[@href='/jbilling/config/index'] is used
12:52:20,437 INFO  [BrowserSelenium] EXIT --> (_parseElementOnXpath)
12:52:20,437 INFO  [BrowserSelenium] EXIT --> (_getByLocator)
12:52:20,458 INFO  [BrowserSelenium] ENTER --> (_getByLocator)
12:52:20,459 INFO  [BrowserSelenium] (_getByLocator) -> Getting locator for null
12:52:20,459 INFO  [BrowserSelenium] (_getByLocator) -> Locator info found for XPATH attribute as: //a[@href='/jbilling/config/index']
12:52:20,459 INFO  [BrowserSelenium] ENTER --> (_parseElementOnXpath)
12:52:20,459 INFO  [BrowserSelenium] (_parseElementOnXpath) -> //a[@href='/jbilling/config/index'] is used
12:52:20,459 INFO  [BrowserSelenium] EXIT --> (_parseElementOnXpath)
12:52:20,460 INFO  [BrowserSelenium] EXIT --> (_getByLocator)
12:52:20,482 INFO  [BrowserSelenium] ENTER --> (_getByLocator)
12:52:20,482 INFO  [BrowserSelenium] (_getByLocator) -> Getting locator for null
12:52:20,482 INFO  [BrowserSelenium] (_getByLocator) -> Locator info found for XPATH attribute as: //a[@href='/jbilling/config/index']
12:52:20,482 INFO  [BrowserSelenium] ENTER --> (_parseElementOnXpath)
12:52:20,483 INFO  [BrowserSelenium] (_parseElementOnXpath) -> //a[@href='/jbilling/config/index'] is used
12:52:20,483 INFO  [BrowserSelenium] EXIT --> (_parseElementOnXpath)
12:52:20,483 INFO  [BrowserSelenium] EXIT --> (_getByLocator)
12:52:20,507 INFO  [BrowserSelenium] ENTER --> (_getByLocator)
12:52:20,507 INFO  [BrowserSelenium] (_getByLocator) -> Getting locator for null
12:52:20,507 INFO  [BrowserSelenium] (_getByLocator) -> Locator info found for XPATH attribute as: //a[@href='/jbilling/config/index']
12:52:20,508 INFO  [BrowserSelenium] ENTER --> (_parseElementOnXpath)
12:52:20,508 INFO  [BrowserSelenium] (_parseElementOnXpath) -> //a[@href='/jbilling/config/index'] is used
12:52:20,508 INFO  [BrowserSelenium] EXIT --> (_parseElementOnXpath)
12:52:20,508 INFO  [BrowserSelenium] EXIT --> (_getByLocator)
12:52:20,532 INFO  [BrowserSelenium] ENTER --> (_getByLocator)
12:52:20,532 INFO  [BrowserSelenium] (_getByLocator) -> Getting locator for null
12:52:20,532 INFO  [BrowserSelenium] (_getByLocator) -> Locator info found for XPATH attribute as: //a[@href='/jbilling/config/index']
12:52:20,532 INFO  [BrowserSelenium] ENTER --> (_parseElementOnXpath)
12:52:20,533 INFO  [BrowserSelenium] (_parseElementOnXpath) -> //a[@href='/jbilling/config/index'] is used
12:52:20,533 INFO  [BrowserSelenium] EXIT --> (_parseElementOnXpath)
12:52:20,533 INFO  [BrowserSelenium] EXIT --> (_getByLocator)
12:52:20,555 INFO  [BrowserSelenium] ENTER --> (_getByLocator)
12:52:20,555 INFO  [BrowserSelenium] (_getByLocator) -> Getting locator for null
12:52:20,555 INFO  [BrowserSelenium] (_getByLocator) -> Locator info found for XPATH attribute as: //a[@href='/jbilling/config/index']
12:52:20,555 INFO  [BrowserSelenium] ENTER --> (_parseElementOnXpath)
12:52:20,556 INFO  [BrowserSelenium] (_parseElementOnXpath) -> //a[@href='/jbilling/config/index'] is used
12:52:20,556 INFO  [BrowserSelenium] EXIT --> (_parseElementOnXpath)
12:52:20,556 INFO  [BrowserSelenium] EXIT --> (_getByLocator)
12:52:20,588 INFO  [BrowserSelenium] ENTER --> (_getByLocator)
12:52:20,588 INFO  [BrowserSelenium] (_getByLocator) -> Getting locator for null
12:52:20,588 INFO  [BrowserSelenium] (_getByLocator) -> Locator info found for XPATH attribute as: //a[@href='/jbilling/config/index']
12:52:20,589 INFO  [BrowserSelenium] ENTER --> (_parseElementOnXpath)
12:52:20,589 INFO  [BrowserSelenium] (_parseElementOnXpath) -> //a[@href='/jbilling/config/index'] is used
12:52:20,589 INFO  [BrowserSelenium] EXIT --> (_parseElementOnXpath)
12:52:20,589 INFO  [BrowserSelenium] EXIT --> (_getByLocator)
12:52:20,631 INFO  [BrowserSelenium] ENTER --> (_getByLocator)
12:52:20,631 INFO  [BrowserSelenium] (_getByLocator) -> Getting locator for null
12:52:20,632 INFO  [BrowserSelenium] (_getByLocator) -> Locator info found for XPATH attribute as: //a[@href='/jbilling/config/index']
12:52:20,632 INFO  [BrowserSelenium] ENTER --> (_parseElementOnXpath)
12:52:20,632 INFO  [BrowserSelenium] (_parseElementOnXpath) -> //a[@href='/jbilling/config/index'] is used
12:52:20,632 INFO  [BrowserSelenium] EXIT --> (_parseElementOnXpath)
12:52:20,632 INFO  [BrowserSelenium] EXIT --> (_getByLocator)
12:52:20,664 INFO  [BrowserSelenium] ENTER --> (_getByLocator)
12:52:20,664 INFO  [BrowserSelenium] (_getByLocator) -> Getting locator for null
12:52:20,664 INFO  [BrowserSelenium] (_getByLocator) -> Locator info found for XPATH attribute as: //a[@href='/jbilling/config/index']
12:52:20,664 INFO  [BrowserSelenium] ENTER --> (_parseElementOnXpath)
12:52:20,664 INFO  [BrowserSelenium] (_parseElementOnXpath) -> //a[@href='/jbilling/config/index'] is used
12:52:20,665 INFO  [BrowserSelenium] EXIT --> (_parseElementOnXpath)
12:52:20,665 INFO  [BrowserSelenium] EXIT --> (_getByLocator)
12:52:20,693 INFO  [BrowserSelenium] ENTER --> (_getByLocator)
12:52:20,694 INFO  [BrowserSelenium] (_getByLocator) -> Getting locator for null
12:52:20,694 INFO  [BrowserSelenium] (_getByLocator) -> Locator info found for XPATH attribute as: //a[@href='/jbilling/config/index']
12:52:20,694 INFO  [BrowserSelenium] ENTER --> (_parseElementOnXpath)
12:52:20,694 INFO  [BrowserSelenium] (_parseElementOnXpath) -> //a[@href='/jbilling/config/index'] is used
12:52:20,694 INFO  [BrowserSelenium] EXIT --> (_parseElementOnXpath)
12:52:20,695 INFO  [BrowserSelenium] EXIT --> (_getByLocator)
12:52:20,745 INFO  [BrowserSelenium] ENTER --> (_getByLocator)
12:52:20,745 INFO  [BrowserSelenium] (_getByLocator) -> Getting locator for null
12:52:20,745 INFO  [BrowserSelenium] (_getByLocator) -> Locator info found for XPATH attribute as: //a[@href='/jbilling/config/index']
12:52:20,745 INFO  [BrowserSelenium] ENTER --> (_parseElementOnXpath)
12:52:20,746 INFO  [BrowserSelenium] (_parseElementOnXpath) -> //a[@href='/jbilling/config/index'] is used
12:52:20,746 INFO  [BrowserSelenium] EXIT --> (_parseElementOnXpath)
12:52:20,746 INFO  [BrowserSelenium] EXIT --> (_getByLocator)
12:52:20,766 INFO  [BrowserSelenium] ENTER --> (_getByLocator)
12:52:20,766 INFO  [BrowserSelenium] (_getByLocator) -> Getting locator for null
12:52:20,767 INFO  [BrowserSelenium] (_getByLocator) -> Locator info found for XPATH attribute as: //a[@href='/jbilling/config/index']
12:52:20,767 INFO  [BrowserSelenium] ENTER --> (_parseElementOnXpath)
12:52:20,767 INFO  [BrowserSelenium] (_parseElementOnXpath) -> //a[@href='/jbilling/config/index'] is used
12:52:20,767 INFO  [BrowserSelenium] EXIT --> (_parseElementOnXpath)
12:52:20,767 INFO  [BrowserSelenium] EXIT --> (_getByLocator)
12:52:20,785 INFO  [BrowserSelenium] ENTER --> (_getByLocator)
12:52:20,785 INFO  [BrowserSelenium] (_getByLocator) -> Getting locator for null
12:52:20,785 INFO  [BrowserSelenium] (_getByLocator) -> Locator info found for XPATH attribute as: //a[@href='/jbilling/config/index']
12:52:20,786 INFO  [BrowserSelenium] ENTER --> (_parseElementOnXpath)
12:52:20,786 INFO  [BrowserSelenium] (_parseElementOnXpath) -> //a[@href='/jbilling/config/index'] is used
12:52:20,786 INFO  [BrowserSelenium] EXIT --> (_parseElementOnXpath)
12:52:20,786 INFO  [BrowserSelenium] EXIT --> (_getByLocator)
12:52:20,804 INFO  [BrowserSelenium] ENTER --> (_getByLocator)
12:52:20,804 INFO  [BrowserSelenium] (_getByLocator) -> Getting locator for null
12:52:20,804 INFO  [BrowserSelenium] (_getByLocator) -> Locator info found for XPATH attribute as: //a[@href='/jbilling/config/index']
12:52:20,805 INFO  [BrowserSelenium] ENTER --> (_parseElementOnXpath)
12:52:20,805 INFO  [BrowserSelenium] (_parseElementOnXpath) -> //a[@href='/jbilling/config/index'] is used
12:52:20,805 INFO  [BrowserSelenium] EXIT --> (_parseElementOnXpath)
12:52:20,805 INFO  [BrowserSelenium] EXIT --> (_getByLocator)
12:52:20,823 INFO  [BrowserSelenium] ENTER --> (_getByLocator)
12:52:20,823 INFO  [BrowserSelenium] (_getByLocator) -> Getting locator for null
12:52:20,823 INFO  [BrowserSelenium] (_getByLocator) -> Locator info found for XPATH attribute as: //a[@href='/jbilling/config/index']
12:52:20,823 INFO  [BrowserSelenium] ENTER --> (_parseElementOnXpath)
12:52:20,823 INFO  [BrowserSelenium] (_parseElementOnXpath) -> //a[@href='/jbilling/config/index'] is used
12:52:20,823 INFO  [BrowserSelenium] EXIT --> (_parseElementOnXpath)
12:52:20,823 INFO  [BrowserSelenium] EXIT --> (_getByLocator)
12:52:20,892 INFO  [BrowserSelenium] ENTER --> (_getByLocator)
12:52:20,893 INFO  [BrowserSelenium] (_getByLocator) -> Getting locator for null
12:52:20,893 INFO  [BrowserSelenium] (_getByLocator) -> Locator info found for XPATH attribute as: //a[@href='/jbilling/config/index']
12:52:20,893 INFO  [BrowserSelenium] ENTER --> (_parseElementOnXpath)
12:52:20,893 INFO  [BrowserSelenium] (_parseElementOnXpath) -> //a[@href='/jbilling/config/index'] is used
12:52:20,893 INFO  [BrowserSelenium] EXIT --> (_parseElementOnXpath)
12:52:20,893 INFO  [BrowserSelenium] EXIT --> (_getByLocator)
12:52:20,917 INFO  [BrowserSelenium] ENTER --> (_getByLocator)
12:52:20,917 INFO  [BrowserSelenium] (_getByLocator) -> Getting locator for null
12:52:20,918 INFO  [BrowserSelenium] (_getByLocator) -> Locator info found for XPATH attribute as: //a[@href='/jbilling/config/index']
12:52:20,918 INFO  [BrowserSelenium] ENTER --> (_parseElementOnXpath)
12:52:20,918 INFO  [BrowserSelenium] (_parseElementOnXpath) -> //a[@href='/jbilling/config/index'] is used
12:52:20,918 INFO  [BrowserSelenium] EXIT --> (_parseElementOnXpath)
12:52:20,918 INFO  [BrowserSelenium] EXIT --> (_getByLocator)
12:52:20,940 INFO  [BrowserSelenium] ENTER --> (_getByLocator)
12:52:20,940 INFO  [BrowserSelenium] (_getByLocator) -> Getting locator for null
12:52:20,940 INFO  [BrowserSelenium] (_getByLocator) -> Locator info found for XPATH attribute as: //a[@href='/jbilling/config/index']
12:52:20,940 INFO  [BrowserSelenium] ENTER --> (_parseElementOnXpath)
12:52:20,940 INFO  [BrowserSelenium] (_parseElementOnXpath) -> //a[@href='/jbilling/config/index'] is used
12:52:20,940 INFO  [BrowserSelenium] EXIT --> (_parseElementOnXpath)
12:52:20,941 INFO  [BrowserSelenium] EXIT --> (_getByLocator)
12:52:20,959 INFO  [BrowserSelenium] ENTER --> (_getByLocator)
12:52:20,959 INFO  [BrowserSelenium] (_getByLocator) -> Getting locator for null
12:52:20,959 INFO  [BrowserSelenium] (_getByLocator) -> Locator info found for XPATH attribute as: //a[@href='/jbilling/config/index']
12:52:20,959 INFO  [BrowserSelenium] ENTER --> (_parseElementOnXpath)
12:52:20,960 INFO  [BrowserSelenium] (_parseElementOnXpath) -> //a[@href='/jbilling/config/index'] is used
12:52:20,960 INFO  [BrowserSelenium] EXIT --> (_parseElementOnXpath)
12:52:20,960 INFO  [BrowserSelenium] EXIT --> (_getByLocator)
12:52:20,982 INFO  [BrowserSelenium] ENTER --> (_getByLocator)
12:52:20,982 INFO  [BrowserSelenium] (_getByLocator) -> Getting locator for null
12:52:20,983 INFO  [BrowserSelenium] (_getByLocator) -> Locator info found for XPATH attribute as: //a[@href='/jbilling/config/index']
12:52:20,983 INFO  [BrowserSelenium] ENTER --> (_parseElementOnXpath)
12:52:20,983 INFO  [BrowserSelenium] (_parseElementOnXpath) -> //a[@href='/jbilling/config/index'] is used
12:52:20,983 INFO  [BrowserSelenium] EXIT --> (_parseElementOnXpath)
12:52:20,983 INFO  [BrowserSelenium] EXIT --> (_getByLocator)
12:52:21,035 INFO  [BrowserSelenium] ENTER --> (_getByLocator)
12:52:21,036 INFO  [BrowserSelenium] (_getByLocator) -> Getting locator for null
12:52:21,036 INFO  [BrowserSelenium] (_getByLocator) -> Locator info found for XPATH attribute as: //a[@href='/jbilling/config/index']
12:52:21,036 INFO  [BrowserSelenium] ENTER --> (_parseElementOnXpath)
12:52:21,036 INFO  [BrowserSelenium] (_parseElementOnXpath) -> //a[@href='/jbilling/config/index'] is used
12:52:21,036 INFO  [BrowserSelenium] EXIT --> (_parseElementOnXpath)
12:52:21,037 INFO  [BrowserSelenium] EXIT --> (_getByLocator)
12:52:21,054 INFO  [BrowserSelenium] ENTER --> (_getByLocator)
12:52:21,055 INFO  [BrowserSelenium] (_getByLocator) -> Getting locator for null
12:52:21,055 INFO  [BrowserSelenium] (_getByLocator) -> Locator info found for XPATH attribute as: //a[@href='/jbilling/config/index']
12:52:21,055 INFO  [BrowserSelenium] ENTER --> (_parseElementOnXpath)
12:52:21,055 INFO  [BrowserSelenium] (_parseElementOnXpath) -> //a[@href='/jbilling/config/index'] is used
12:52:21,055 INFO  [BrowserSelenium] EXIT --> (_parseElementOnXpath)
12:52:21,055 INFO  [BrowserSelenium] EXIT --> (_getByLocator)
12:52:21,075 INFO  [BrowserSelenium] ENTER --> (_getByLocator)
12:52:21,075 INFO  [BrowserSelenium] (_getByLocator) -> Getting locator for null
12:52:21,075 INFO  [BrowserSelenium] (_getByLocator) -> Locator info found for XPATH attribute as: //a[@href='/jbilling/config/index']
12:52:21,075 INFO  [BrowserSelenium] ENTER --> (_parseElementOnXpath)
12:52:21,075 INFO  [BrowserSelenium] (_parseElementOnXpath) -> //a[@href='/jbilling/config/index'] is used
12:52:21,075 INFO  [BrowserSelenium] EXIT --> (_parseElementOnXpath)
12:52:21,076 INFO  [BrowserSelenium] EXIT --> (_getByLocator)
12:52:21,097 INFO  [BrowserSelenium] ENTER --> (_getByLocator)
12:52:21,097 INFO  [BrowserSelenium] (_getByLocator) -> Getting locator for null
12:52:21,097 INFO  [BrowserSelenium] (_getByLocator) -> Locator info found for XPATH attribute as: //a[@href='/jbilling/config/index']
12:52:21,097 INFO  [BrowserSelenium] ENTER --> (_parseElementOnXpath)
12:52:21,097 INFO  [BrowserSelenium] (_parseElementOnXpath) -> //a[@href='/jbilling/config/index'] is used
12:52:21,097 INFO  [BrowserSelenium] EXIT --> (_parseElementOnXpath)
12:52:21,098 INFO  [BrowserSelenium] EXIT --> (_getByLocator)
12:52:21,115 INFO  [BrowserSelenium] ENTER --> (_getByLocator)
12:52:21,115 INFO  [BrowserSelenium] (_getByLocator) -> Getting locator for null
12:52:21,115 INFO  [BrowserSelenium] (_getByLocator) -> Locator info found for XPATH attribute as: //a[@href='/jbilling/config/index']
12:52:21,115 INFO  [BrowserSelenium] ENTER --> (_parseElementOnXpath)
12:52:21,115 INFO  [BrowserSelenium] (_parseElementOnXpath) -> //a[@href='/jbilling/config/index'] is used
12:52:21,116 INFO  [BrowserSelenium] EXIT --> (_parseElementOnXpath)
12:52:21,116 INFO  [BrowserSelenium] EXIT --> (_getByLocator)
12:52:21,138 INFO  [BrowserSelenium] ENTER --> (_getByLocator)
12:52:21,138 INFO  [BrowserSelenium] (_getByLocator) -> Getting locator for null
12:52:21,138 INFO  [BrowserSelenium] (_getByLocator) -> Locator info found for XPATH attribute as: //a[@href='/jbilling/config/index']
12:52:21,138 INFO  [BrowserSelenium] ENTER --> (_parseElementOnXpath)
12:52:21,139 INFO  [BrowserSelenium] (_parseElementOnXpath) -> //a[@href='/jbilling/config/index'] is used
12:52:21,139 INFO  [BrowserSelenium] EXIT --> (_parseElementOnXpath)
12:52:21,139 INFO  [BrowserSelenium] EXIT --> (_getByLocator)
12:52:21,161 INFO  [BrowserSelenium] ENTER --> (_getByLocator)
12:52:21,161 INFO  [BrowserSelenium] (_getByLocator) -> Getting locator for null
12:52:21,161 INFO  [BrowserSelenium] (_getByLocator) -> Locator info found for XPATH attribute as: //a[@href='/jbilling/config/index']
12:52:21,162 INFO  [BrowserSelenium] ENTER --> (_parseElementOnXpath)
12:52:21,162 INFO  [BrowserSelenium] (_parseElementOnXpath) -> //a[@href='/jbilling/config/index'] is used
12:52:21,162 INFO  [BrowserSelenium] EXIT --> (_parseElementOnXpath)
12:52:21,162 INFO  [BrowserSelenium] EXIT --> (_getByLocator)
12:52:21,188 INFO  [BrowserSelenium] ENTER --> (_getByLocator)
12:52:21,189 INFO  [BrowserSelenium] (_getByLocator) -> Getting locator for null
12:52:21,189 INFO  [BrowserSelenium] (_getByLocator) -> Locator info found for XPATH attribute as: //a[@href='/jbilling/config/index']
12:52:21,189 INFO  [BrowserSelenium] ENTER --> (_parseElementOnXpath)
12:52:21,189 INFO  [BrowserSelenium] (_parseElementOnXpath) -> //a[@href='/jbilling/config/index'] is used
12:52:21,190 INFO  [BrowserSelenium] EXIT --> (_parseElementOnXpath)
12:52:21,190 INFO  [BrowserSelenium] EXIT --> (_getByLocator)
12:52:21,216 INFO  [BrowserSelenium] ENTER --> (_getByLocator)
12:52:21,217 INFO  [BrowserSelenium] (_getByLocator) -> Getting locator for null
12:52:21,217 INFO  [BrowserSelenium] (_getByLocator) -> Locator info found for XPATH attribute as: //a[@href='/jbilling/config/index']
12:52:21,217 INFO  [BrowserSelenium] ENTER --> (_parseElementOnXpath)
12:52:21,217 INFO  [BrowserSelenium] (_parseElementOnXpath) -> //a[@href='/jbilling/config/index'] is used
12:52:21,217 INFO  [BrowserSelenium] EXIT --> (_parseElementOnXpath)
12:52:21,218 INFO  [BrowserSelenium] EXIT --> (_getByLocator)
12:52:21,244 INFO  [BrowserSelenium] ENTER --> (_getByLocator)
12:52:21,244 INFO  [BrowserSelenium] (_getByLocator) -> Getting locator for null
12:52:21,244 INFO  [BrowserSelenium] (_getByLocator) -> Locator info found for XPATH attribute as: //a[@href='/jbilling/config/index']
12:52:21,244 INFO  [BrowserSelenium] ENTER --> (_parseElementOnXpath)
12:52:21,244 INFO  [BrowserSelenium] (_parseElementOnXpath) -> //a[@href='/jbilling/config/index'] is used
12:52:21,245 INFO  [BrowserSelenium] EXIT --> (_parseElementOnXpath)
12:52:21,245 INFO  [BrowserSelenium] EXIT --> (_getByLocator)
12:52:21,269 INFO  [BrowserSelenium] ENTER --> (_getByLocator)
12:52:21,269 INFO  [BrowserSelenium] (_getByLocator) -> Getting locator for null
12:52:21,269 INFO  [BrowserSelenium] (_getByLocator) -> Locator info found for XPATH attribute as: //a[@href='/jbilling/config/index']
12:52:21,269 INFO  [BrowserSelenium] ENTER --> (_parseElementOnXpath)
12:52:21,270 INFO  [BrowserSelenium] (_parseElementOnXpath) -> //a[@href='/jbilling/config/index'] is used
12:52:21,270 INFO  [BrowserSelenium] EXIT --> (_parseElementOnXpath)
12:52:21,270 INFO  [BrowserSelenium] EXIT --> (_getByLocator)
12:52:21,298 INFO  [BrowserSelenium] ENTER --> (_getByLocator)
12:52:21,298 INFO  [BrowserSelenium] (_getByLocator) -> Getting locator for null
12:52:21,298 INFO  [BrowserSelenium] (_getByLocator) -> Locator info found for XPATH attribute as: //a[@href='/jbilling/config/index']
12:52:21,298 INFO  [BrowserSelenium] ENTER --> (_parseElementOnXpath)
12:52:21,298 INFO  [BrowserSelenium] (_parseElementOnXpath) -> //a[@href='/jbilling/config/index'] is used
12:52:21,298 INFO  [BrowserSelenium] EXIT --> (_parseElementOnXpath)
12:52:21,299 INFO  [BrowserSelenium] EXIT --> (_getByLocator)
12:52:21,325 INFO  [BrowserSelenium] ENTER --> (_getByLocator)
12:52:21,325 INFO  [BrowserSelenium] (_getByLocator) -> Getting locator for null
12:52:21,325 INFO  [BrowserSelenium] (_getByLocator) -> Locator info found for XPATH attribute as: //a[@href='/jbilling/config/index']
12:52:21,326 INFO  [BrowserSelenium] ENTER --> (_parseElementOnXpath)
12:52:21,326 INFO  [BrowserSelenium] (_parseElementOnXpath) -> //a[@href='/jbilling/config/index'] is used
12:52:21,326 INFO  [BrowserSelenium] EXIT --> (_parseElementOnXpath)
12:52:21,326 INFO  [BrowserSelenium] EXIT --> (_getByLocator)
12:52:21,353 INFO  [BrowserSelenium] ENTER --> (_getByLocator)
12:52:21,353 INFO  [BrowserSelenium] (_getByLocator) -> Getting locator for null
12:52:21,353 INFO  [BrowserSelenium] (_getByLocator) -> Locator info found for XPATH attribute as: //a[@href='/jbilling/config/index']
12:52:21,353 INFO  [BrowserSelenium] ENTER --> (_parseElementOnXpath)
12:52:21,353 INFO  [BrowserSelenium] (_parseElementOnXpath) -> //a[@href='/jbilling/config/index'] is used
12:52:21,354 INFO  [BrowserSelenium] EXIT --> (_parseElementOnXpath)
12:52:21,354 INFO  [BrowserSelenium] EXIT --> (_getByLocator)
12:52:21,379 INFO  [BrowserSelenium] ENTER --> (_getByLocator)
12:52:21,380 INFO  [BrowserSelenium] (_getByLocator) -> Getting locator for null
12:52:21,380 INFO  [BrowserSelenium] (_getByLocator) -> Locator info found for XPATH attribute as: //a[@href='/jbilling/config/index']
12:52:21,380 INFO  [BrowserSelenium] ENTER --> (_parseElementOnXpath)
12:52:21,380 INFO  [BrowserSelenium] (_parseElementOnXpath) -> //a[@href='/jbilling/config/index'] is used
12:52:21,380 INFO  [BrowserSelenium] EXIT --> (_parseElementOnXpath)
12:52:21,381 INFO  [BrowserSelenium] EXIT --> (_getByLocator)
12:52:21,405 INFO  [BrowserSelenium] ENTER --> (_getByLocator)
12:52:21,405 INFO  [BrowserSelenium] (_getByLocator) -> Getting locator for null
12:52:21,405 INFO  [BrowserSelenium] (_getByLocator) -> Locator info found for XPATH attribute as: //a[@href='/jbilling/config/index']
12:52:21,405 INFO  [BrowserSelenium] ENTER --> (_parseElementOnXpath)
12:52:21,405 INFO  [BrowserSelenium] (_parseElementOnXpath) -> //a[@href='/jbilling/config/index'] is used
12:52:21,406 INFO  [BrowserSelenium] EXIT --> (_parseElementOnXpath)
12:52:21,406 INFO  [BrowserSelenium] EXIT --> (_getByLocator)
12:52:21,430 INFO  [BrowserSelenium] ENTER --> (_getByLocator)
12:52:21,430 INFO  [BrowserSelenium] (_getByLocator) -> Getting locator for null
12:52:21,430 INFO  [BrowserSelenium] (_getByLocator) -> Locator info found for XPATH attribute as: //a[@href='/jbilling/config/index']
12:52:21,430 INFO  [BrowserSelenium] ENTER --> (_parseElementOnXpath)
12:52:21,430 INFO  [BrowserSelenium] (_parseElementOnXpath) -> //a[@href='/jbilling/config/index'] is used
12:52:21,431 INFO  [BrowserSelenium] EXIT --> (_parseElementOnXpath)
12:52:21,431 INFO  [BrowserSelenium] EXIT --> (_getByLocator)
12:52:21,455 INFO  [BrowserSelenium] ENTER --> (_getByLocator)
12:52:21,455 INFO  [BrowserSelenium] (_getByLocator) -> Getting locator for null
12:52:21,455 INFO  [BrowserSelenium] (_getByLocator) -> Locator info found for XPATH attribute as: //a[@href='/jbilling/config/index']
12:52:21,456 INFO  [BrowserSelenium] ENTER --> (_parseElementOnXpath)
12:52:21,456 INFO  [BrowserSelenium] (_parseElementOnXpath) -> //a[@href='/jbilling/config/index'] is used
12:52:21,456 INFO  [BrowserSelenium] EXIT --> (_parseElementOnXpath)
12:52:21,456 INFO  [BrowserSelenium] EXIT --> (_getByLocator)
12:52:21,482 INFO  [BrowserSelenium] ENTER --> (_getByLocator)
12:52:21,482 INFO  [BrowserSelenium] (_getByLocator) -> Getting locator for null
12:52:21,482 INFO  [BrowserSelenium] (_getByLocator) -> Locator info found for XPATH attribute as: //a[@href='/jbilling/config/index']
12:52:21,482 INFO  [BrowserSelenium] ENTER --> (_parseElementOnXpath)
12:52:21,483 INFO  [BrowserSelenium] (_parseElementOnXpath) -> //a[@href='/jbilling/config/index'] is used
12:52:21,483 INFO  [BrowserSelenium] EXIT --> (_parseElementOnXpath)
12:52:21,483 INFO  [BrowserSelenium] EXIT --> (_getByLocator)
12:52:21,510 INFO  [BrowserSelenium] ENTER --> (_getByLocator)
12:52:21,510 INFO  [BrowserSelenium] (_getByLocator) -> Getting locator for null
12:52:21,510 INFO  [BrowserSelenium] (_getByLocator) -> Locator info found for XPATH attribute as: //a[@href='/jbilling/config/index']
12:52:21,511 INFO  [BrowserSelenium] ENTER --> (_parseElementOnXpath)
12:52:21,511 INFO  [BrowserSelenium] (_parseElementOnXpath) -> //a[@href='/jbilling/config/index'] is used
12:52:21,511 INFO  [BrowserSelenium] EXIT --> (_parseElementOnXpath)
12:52:21,511 INFO  [BrowserSelenium] EXIT --> (_getByLocator)
12:52:21,537 INFO  [BrowserSelenium] ENTER --> (_getByLocator)
12:52:21,537 INFO  [BrowserSelenium] (_getByLocator) -> Getting locator for null
12:52:21,537 INFO  [BrowserSelenium] (_getByLocator) -> Locator info found for XPATH attribute as: //a[@href='/jbilling/config/index']
12:52:21,537 INFO  [BrowserSelenium] ENTER --> (_parseElementOnXpath)
12:52:21,538 INFO  [BrowserSelenium] (_parseElementOnXpath) -> //a[@href='/jbilling/config/index'] is used
12:52:21,538 INFO  [BrowserSelenium] EXIT --> (_parseElementOnXpath)
12:52:21,538 INFO  [BrowserSelenium] EXIT --> (_getByLocator)
12:52:21,573 INFO  [BrowserSelenium] ENTER --> (_getByLocator)
12:52:21,573 INFO  [BrowserSelenium] (_getByLocator) -> Getting locator for null
12:52:21,573 INFO  [BrowserSelenium] (_getByLocator) -> Locator info found for XPATH attribute as: //a[@href='/jbilling/config/index']
12:52:21,573 INFO  [BrowserSelenium] ENTER --> (_parseElementOnXpath)
12:52:21,573 INFO  [BrowserSelenium] (_parseElementOnXpath) -> //a[@href='/jbilling/config/index'] is used
12:52:21,573 INFO  [BrowserSelenium] EXIT --> (_parseElementOnXpath)
12:52:21,574 INFO  [BrowserSelenium] EXIT --> (_getByLocator)
12:52:21,591 INFO  [BrowserSelenium] ENTER --> (_getByLocator)
12:52:21,591 INFO  [BrowserSelenium] (_getByLocator) -> Getting locator for null
12:52:21,591 INFO  [BrowserSelenium] (_getByLocator) -> Locator info found for XPATH attribute as: //a[@href='/jbilling/config/index']
12:52:21,592 INFO  [BrowserSelenium] ENTER --> (_parseElementOnXpath)
12:52:21,592 INFO  [BrowserSelenium] (_parseElementOnXpath) -> //a[@href='/jbilling/config/index'] is used
12:52:21,592 INFO  [BrowserSelenium] EXIT --> (_parseElementOnXpath)
12:52:21,592 INFO  [BrowserSelenium] EXIT --> (_getByLocator)
12:52:21,613 INFO  [BrowserSelenium] ENTER --> (_getByLocator)
12:52:21,614 INFO  [BrowserSelenium] (_getByLocator) -> Getting locator for null
12:52:21,614 INFO  [BrowserSelenium] (_getByLocator) -> Locator info found for XPATH attribute as: //a[@href='/jbilling/config/index']
12:52:21,614 INFO  [BrowserSelenium] ENTER --> (_parseElementOnXpath)
12:52:21,614 INFO  [BrowserSelenium] (_parseElementOnXpath) -> //a[@href='/jbilling/config/index'] is used
12:52:21,614 INFO  [BrowserSelenium] EXIT --> (_parseElementOnXpath)
12:52:21,615 INFO  [BrowserSelenium] EXIT --> (_getByLocator)
12:52:21,632 INFO  [BrowserSelenium] ENTER --> (_getByLocator)
12:52:21,633 INFO  [BrowserSelenium] (_getByLocator) -> Getting locator for null
12:52:21,633 INFO  [BrowserSelenium] (_getByLocator) -> Locator info found for XPATH attribute as: //a[@href='/jbilling/config/index']
12:52:21,633 INFO  [BrowserSelenium] ENTER --> (_parseElementOnXpath)
12:52:21,633 INFO  [BrowserSelenium] (_parseElementOnXpath) -> //a[@href='/jbilling/config/index'] is used
12:52:21,633 INFO  [BrowserSelenium] EXIT --> (_parseElementOnXpath)
12:52:21,633 INFO  [BrowserSelenium] EXIT --> (_getByLocator)
12:52:21,651 INFO  [BrowserSelenium] ENTER --> (_getByLocator)
12:52:21,651 INFO  [BrowserSelenium] (_getByLocator) -> Getting locator for null
12:52:21,651 INFO  [BrowserSelenium] (_getByLocator) -> Locator info found for XPATH attribute as: //a[@href='/jbilling/config/index']
12:52:21,651 INFO  [BrowserSelenium] ENTER --> (_parseElementOnXpath)
12:52:21,651 INFO  [BrowserSelenium] (_parseElementOnXpath) -> //a[@href='/jbilling/config/index'] is used
12:52:21,651 INFO  [BrowserSelenium] EXIT --> (_parseElementOnXpath)
12:52:21,651 INFO  [BrowserSelenium] EXIT --> (_getByLocator)
12:52:21,670 INFO  [BrowserSelenium] ENTER --> (_getByLocator)
12:52:21,670 INFO  [BrowserSelenium] (_getByLocator) -> Getting locator for null
12:52:21,670 INFO  [BrowserSelenium] (_getByLocator) -> Locator info found for XPATH attribute as: //a[@href='/jbilling/config/index']
12:52:21,670 INFO  [BrowserSelenium] ENTER --> (_parseElementOnXpath)
12:52:21,671 INFO  [BrowserSelenium] (_parseElementOnXpath) -> //a[@href='/jbilling/config/index'] is used
12:52:21,671 INFO  [BrowserSelenium] EXIT --> (_parseElementOnXpath)
12:52:21,671 INFO  [BrowserSelenium] EXIT --> (_getByLocator)
12:52:21,689 INFO  [BrowserSelenium] ENTER --> (_getByLocator)
12:52:21,689 INFO  [BrowserSelenium] (_getByLocator) -> Getting locator for null
12:52:21,689 INFO  [BrowserSelenium] (_getByLocator) -> Locator info found for XPATH attribute as: //a[@href='/jbilling/config/index']
12:52:21,689 INFO  [BrowserSelenium] ENTER --> (_parseElementOnXpath)
12:52:21,690 INFO  [BrowserSelenium] (_parseElementOnXpath) -> //a[@href='/jbilling/config/index'] is used
12:52:21,690 INFO  [BrowserSelenium] EXIT --> (_parseElementOnXpath)
12:52:21,690 INFO  [BrowserSelenium] EXIT --> (_getByLocator)
12:52:21,713 INFO  [BrowserSelenium] ENTER --> (_getByLocator)
12:52:21,713 INFO  [BrowserSelenium] (_getByLocator) -> Getting locator for null
12:52:21,714 INFO  [BrowserSelenium] (_getByLocator) -> Locator info found for XPATH attribute as: //a[@href='/jbilling/config/index']
12:52:21,714 INFO  [BrowserSelenium] ENTER --> (_parseElementOnXpath)
12:52:21,714 INFO  [BrowserSelenium] (_parseElementOnXpath) -> //a[@href='/jbilling/config/index'] is used
12:52:21,714 INFO  [BrowserSelenium] EXIT --> (_parseElementOnXpath)
12:52:21,714 INFO  [BrowserSelenium] EXIT --> (_getByLocator)
12:52:21,746 INFO  [BrowserSelenium] ENTER --> (_getByLocator)
12:52:21,747 INFO  [BrowserSelenium] (_getByLocator) -> Getting locator for null
12:52:21,747 INFO  [BrowserSelenium] (_getByLocator) -> Locator info found for XPATH attribute as: //a[@href='/jbilling/config/index']
12:52:21,747 INFO  [BrowserSelenium] ENTER --> (_parseElementOnXpath)
12:52:21,747 INFO  [BrowserSelenium] (_parseElementOnXpath) -> //a[@href='/jbilling/config/index'] is used
12:52:21,747 INFO  [BrowserSelenium] EXIT --> (_parseElementOnXpath)
12:52:21,747 INFO  [BrowserSelenium] EXIT --> (_getByLocator)
12:52:21,764 INFO  [BrowserSelenium] ENTER --> (_getByLocator)
12:52:21,765 INFO  [BrowserSelenium] (_getByLocator) -> Getting locator for null
12:52:21,765 INFO  [BrowserSelenium] (_getByLocator) -> Locator info found for XPATH attribute as: //a[@href='/jbilling/config/index']
12:52:21,765 INFO  [BrowserSelenium] ENTER --> (_parseElementOnXpath)
12:52:21,765 INFO  [BrowserSelenium] (_parseElementOnXpath) -> //a[@href='/jbilling/config/index'] is used
12:52:21,765 INFO  [BrowserSelenium] EXIT --> (_parseElementOnXpath)
12:52:21,765 INFO  [BrowserSelenium] EXIT --> (_getByLocator)
12:52:21,783 INFO  [BrowserSelenium] ENTER --> (_getByLocator)
12:52:21,783 INFO  [BrowserSelenium] (_getByLocator) -> Getting locator for null
12:52:21,783 INFO  [BrowserSelenium] (_getByLocator) -> Locator info found for XPATH attribute as: //a[@href='/jbilling/config/index']
12:52:21,783 INFO  [BrowserSelenium] ENTER --> (_parseElementOnXpath)
12:52:21,784 INFO  [BrowserSelenium] (_parseElementOnXpath) -> //a[@href='/jbilling/config/index'] is used
12:52:21,784 INFO  [BrowserSelenium] EXIT --> (_parseElementOnXpath)
12:52:21,784 INFO  [BrowserSelenium] EXIT --> (_getByLocator)
12:52:21,802 INFO  [BrowserSelenium] ENTER --> (_getByLocator)
12:52:21,802 INFO  [BrowserSelenium] (_getByLocator) -> Getting locator for null
12:52:21,802 INFO  [BrowserSelenium] (_getByLocator) -> Locator info found for XPATH attribute as: //a[@href='/jbilling/config/index']
12:52:21,802 INFO  [BrowserSelenium] ENTER --> (_parseElementOnXpath)
12:52:21,802 INFO  [BrowserSelenium] (_parseElementOnXpath) -> //a[@href='/jbilling/config/index'] is used
12:52:21,802 INFO  [BrowserSelenium] EXIT --> (_parseElementOnXpath)
12:52:21,803 INFO  [BrowserSelenium] EXIT --> (_getByLocator)
12:52:21,820 INFO  [BrowserSelenium] ENTER --> (_getByLocator)
12:52:21,820 INFO  [BrowserSelenium] (_getByLocator) -> Getting locator for null
12:52:21,820 INFO  [BrowserSelenium] (_getByLocator) -> Locator info found for XPATH attribute as: //a[@href='/jbilling/config/index']
12:52:21,820 INFO  [BrowserSelenium] ENTER --> (_parseElementOnXpath)
12:52:21,821 INFO  [BrowserSelenium] (_parseElementOnXpath) -> //a[@href='/jbilling/config/index'] is used
12:52:21,821 INFO  [BrowserSelenium] EXIT --> (_parseElementOnXpath)
12:52:21,821 INFO  [BrowserSelenium] EXIT --> (_getByLocator)
12:52:21,838 INFO  [BrowserSelenium] ENTER --> (_getByLocator)
12:52:21,838 INFO  [BrowserSelenium] (_getByLocator) -> Getting locator for null
12:52:21,839 INFO  [BrowserSelenium] (_getByLocator) -> Locator info found for XPATH attribute as: //a[@href='/jbilling/config/index']
12:52:21,839 INFO  [BrowserSelenium] ENTER --> (_parseElementOnXpath)
12:52:21,839 INFO  [BrowserSelenium] (_parseElementOnXpath) -> //a[@href='/jbilling/config/index'] is used
12:52:21,839 INFO  [BrowserSelenium] EXIT --> (_parseElementOnXpath)
12:52:21,839 INFO  [BrowserSelenium] EXIT --> (_getByLocator)
12:52:21,859 INFO  [BrowserSelenium] ENTER --> (_getByLocator)
12:52:21,859 INFO  [BrowserSelenium] (_getByLocator) -> Getting locator for null
12:52:21,860 INFO  [BrowserSelenium] (_getByLocator) -> Locator info found for XPATH attribute as: //a[@href='/jbilling/config/index']
12:52:21,860 INFO  [BrowserSelenium] ENTER --> (_parseElementOnXpath)
12:52:21,860 INFO  [BrowserSelenium] (_parseElementOnXpath) -> //a[@href='/jbilling/config/index'] is used
12:52:21,860 INFO  [BrowserSelenium] EXIT --> (_parseElementOnXpath)
12:52:21,860 INFO  [BrowserSelenium] EXIT --> (_getByLocator)
12:52:21,877 INFO  [BrowserSelenium] ENTER --> (_getByLocator)
12:52:21,878 INFO  [BrowserSelenium] (_getByLocator) -> Getting locator for null
12:52:21,878 INFO  [BrowserSelenium] (_getByLocator) -> Locator info found for XPATH attribute as: //a[@href='/jbilling/config/index']
12:52:21,878 INFO  [BrowserSelenium] ENTER --> (_parseElementOnXpath)
12:52:21,878 INFO  [BrowserSelenium] (_parseElementOnXpath) -> //a[@href='/jbilling/config/index'] is used
12:52:21,878 INFO  [BrowserSelenium] EXIT --> (_parseElementOnXpath)
12:52:21,879 INFO  [BrowserSelenium] EXIT --> (_getByLocator)
12:52:21,898 INFO  [BrowserSelenium] ENTER --> (_getByLocator)
12:52:21,898 INFO  [BrowserSelenium] (_getByLocator) -> Getting locator for null
12:52:21,898 INFO  [BrowserSelenium] (_getByLocator) -> Locator info found for XPATH attribute as: //a[@href='/jbilling/config/index']
12:52:21,899 INFO  [BrowserSelenium] ENTER --> (_parseElementOnXpath)
12:52:21,899 INFO  [BrowserSelenium] (_parseElementOnXpath) -> //a[@href='/jbilling/config/index'] is used
12:52:21,899 INFO  [BrowserSelenium] EXIT --> (_parseElementOnXpath)
12:52:21,899 INFO  [BrowserSelenium] EXIT --> (_getByLocator)
12:52:21,921 INFO  [BrowserSelenium] ENTER --> (_getByLocator)
12:52:21,921 INFO  [BrowserSelenium] (_getByLocator) -> Getting locator for null
12:52:21,921 INFO  [BrowserSelenium] (_getByLocator) -> Locator info found for XPATH attribute as: //a[@href='/jbilling/config/index']
12:52:21,921 INFO  [BrowserSelenium] ENTER --> (_parseElementOnXpath)
12:52:21,922 INFO  [BrowserSelenium] (_parseElementOnXpath) -> //a[@href='/jbilling/config/index'] is used
12:52:21,922 INFO  [BrowserSelenium] EXIT --> (_parseElementOnXpath)
12:52:21,922 INFO  [BrowserSelenium] EXIT --> (_getByLocator)
12:52:21,939 INFO  [BrowserSelenium] ENTER --> (_getByLocator)
12:52:21,939 INFO  [BrowserSelenium] (_getByLocator) -> Getting locator for null
12:52:21,940 INFO  [BrowserSelenium] (_getByLocator) -> Locator info found for XPATH attribute as: //a[@href='/jbilling/config/index']
12:52:21,940 INFO  [BrowserSelenium] ENTER --> (_parseElementOnXpath)
12:52:21,940 INFO  [BrowserSelenium] (_parseElementOnXpath) -> //a[@href='/jbilling/config/index'] is used
12:52:21,940 INFO  [BrowserSelenium] EXIT --> (_parseElementOnXpath)
12:52:21,940 INFO  [BrowserSelenium] EXIT --> (_getByLocator)
12:52:21,957 INFO  [BrowserSelenium] ENTER --> (_getByLocator)
12:52:21,958 INFO  [BrowserSelenium] (_getByLocator) -> Getting locator for null
12:52:21,958 INFO  [BrowserSelenium] (_getByLocator) -> Locator info found for XPATH attribute as: //a[@href='/jbilling/config/index']
12:52:21,958 INFO  [BrowserSelenium] ENTER --> (_parseElementOnXpath)
12:52:21,958 INFO  [BrowserSelenium] (_parseElementOnXpath) -> //a[@href='/jbilling/config/index'] is used
12:52:21,958 INFO  [BrowserSelenium] EXIT --> (_parseElementOnXpath)
12:52:21,958 INFO  [BrowserSelenium] EXIT --> (_getByLocator)
12:52:21,977 INFO  [BrowserSelenium] ENTER --> (_getByLocator)
12:52:21,977 INFO  [BrowserSelenium] (_getByLocator) -> Getting locator for null
12:52:21,977 INFO  [BrowserSelenium] (_getByLocator) -> Locator info found for XPATH attribute as: //a[@href='/jbilling/config/index']
12:52:21,977 INFO  [BrowserSelenium] ENTER --> (_parseElementOnXpath)
12:52:21,977 INFO  [BrowserSelenium] (_parseElementOnXpath) -> //a[@href='/jbilling/config/index'] is used
12:52:21,978 INFO  [BrowserSelenium] EXIT --> (_parseElementOnXpath)
12:52:21,978 INFO  [BrowserSelenium] EXIT --> (_getByLocator)
12:52:21,994 INFO  [BrowserSelenium] ENTER --> (_getByLocator)
12:52:21,995 INFO  [BrowserSelenium] (_getByLocator) -> Getting locator for null
12:52:21,995 INFO  [BrowserSelenium] (_getByLocator) -> Locator info found for XPATH attribute as: //a[@href='/jbilling/config/index']
12:52:21,995 INFO  [BrowserSelenium] ENTER --> (_parseElementOnXpath)
12:52:21,995 INFO  [BrowserSelenium] (_parseElementOnXpath) -> //a[@href='/jbilling/config/index'] is used
12:52:21,995 INFO  [BrowserSelenium] EXIT --> (_parseElementOnXpath)
12:52:21,995 INFO  [BrowserSelenium] EXIT --> (_getByLocator)
12:52:22,012 INFO  [BrowserSelenium] ENTER --> (_getByLocator)
12:52:22,012 INFO  [BrowserSelenium] (_getByLocator) -> Getting locator for null
12:52:22,012 INFO  [BrowserSelenium] (_getByLocator) -> Locator info found for XPATH attribute as: //a[@href='/jbilling/config/index']
12:52:22,013 INFO  [BrowserSelenium] ENTER --> (_parseElementOnXpath)
12:52:22,013 INFO  [BrowserSelenium] (_parseElementOnXpath) -> //a[@href='/jbilling/config/index'] is used
12:52:22,013 INFO  [BrowserSelenium] EXIT --> (_parseElementOnXpath)
12:52:22,013 INFO  [BrowserSelenium] EXIT --> (_getByLocator)
12:52:22,030 INFO  [BrowserSelenium] ENTER --> (_getByLocator)
12:52:22,030 INFO  [BrowserSelenium] (_getByLocator) -> Getting locator for null
12:52:22,030 INFO  [BrowserSelenium] (_getByLocator) -> Locator info found for XPATH attribute as: //a[@href='/jbilling/config/index']
12:52:22,030 INFO  [BrowserSelenium] ENTER --> (_parseElementOnXpath)
12:52:22,031 INFO  [BrowserSelenium] (_parseElementOnXpath) -> //a[@href='/jbilling/config/index'] is used
12:52:22,031 INFO  [BrowserSelenium] EXIT --> (_parseElementOnXpath)
12:52:22,031 INFO  [BrowserSelenium] EXIT --> (_getByLocator)
12:52:22,048 INFO  [BrowserSelenium] ENTER --> (_getByLocator)
12:52:22,049 INFO  [BrowserSelenium] (_getByLocator) -> Getting locator for null
12:52:22,049 INFO  [BrowserSelenium] (_getByLocator) -> Locator info found for XPATH attribute as: //a[@href='/jbilling/config/index']
12:52:22,049 INFO  [BrowserSelenium] ENTER --> (_parseElementOnXpath)
12:52:22,049 INFO  [BrowserSelenium] (_parseElementOnXpath) -> //a[@href='/jbilling/config/index'] is used
12:52:22,049 INFO  [BrowserSelenium] EXIT --> (_parseElementOnXpath)
12:52:22,049 INFO  [BrowserSelenium] EXIT --> (_getByLocator)
12:52:22,067 INFO  [BrowserSelenium] ENTER --> (_getByLocator)
12:52:22,068 INFO  [BrowserSelenium] (_getByLocator) -> Getting locator for null
12:52:22,068 INFO  [BrowserSelenium] (_getByLocator) -> Locator info found for XPATH attribute as: //a[@href='/jbilling/config/index']
12:52:22,068 INFO  [BrowserSelenium] ENTER --> (_parseElementOnXpath)
12:52:22,068 INFO  [BrowserSelenium] (_parseElementOnXpath) -> //a[@href='/jbilling/config/index'] is used
12:52:22,068 INFO  [BrowserSelenium] EXIT --> (_parseElementOnXpath)
12:52:22,068 INFO  [BrowserSelenium] EXIT --> (_getByLocator)
12:52:22,090 INFO  [BrowserSelenium] ENTER --> (_getByLocator)
12:52:22,090 INFO  [BrowserSelenium] (_getByLocator) -> Getting locator for null
12:52:22,090 INFO  [BrowserSelenium] (_getByLocator) -> Locator info found for XPATH attribute as: //a[@href='/jbilling/config/index']
12:52:22,090 INFO  [BrowserSelenium] ENTER --> (_parseElementOnXpath)
12:52:22,091 INFO  [BrowserSelenium] (_parseElementOnXpath) -> //a[@href='/jbilling/config/index'] is used
12:52:22,091 INFO  [BrowserSelenium] EXIT --> (_parseElementOnXpath)
12:52:22,091 INFO  [BrowserSelenium] EXIT --> (_getByLocator)
12:52:22,109 INFO  [BrowserSelenium] ENTER --> (_getByLocator)
12:52:22,110 INFO  [BrowserSelenium] (_getByLocator) -> Getting locator for null
12:52:22,110 INFO  [BrowserSelenium] (_getByLocator) -> Locator info found for XPATH attribute as: //a[@href='/jbilling/config/index']
12:52:22,110 INFO  [BrowserSelenium] ENTER --> (_parseElementOnXpath)
12:52:22,110 INFO  [BrowserSelenium] (_parseElementOnXpath) -> //a[@href='/jbilling/config/index'] is used
12:52:22,110 INFO  [BrowserSelenium] EXIT --> (_parseElementOnXpath)
12:52:22,110 INFO  [BrowserSelenium] EXIT --> (_getByLocator)
12:52:22,127 INFO  [BrowserSelenium] ENTER --> (_getByLocator)
12:52:22,128 INFO  [BrowserSelenium] (_getByLocator) -> Getting locator for null
12:52:22,128 INFO  [BrowserSelenium] (_getByLocator) -> Locator info found for XPATH attribute as: //a[@href='/jbilling/config/index']
12:52:22,128 INFO  [BrowserSelenium] ENTER --> (_parseElementOnXpath)
12:52:22,128 INFO  [BrowserSelenium] (_parseElementOnXpath) -> //a[@href='/jbilling/config/index'] is used
12:52:22,128 INFO  [BrowserSelenium] EXIT --> (_parseElementOnXpath)
12:52:22,128 INFO  [BrowserSelenium] EXIT --> (_getByLocator)
12:52:22,150 INFO  [BrowserSelenium] ENTER --> (_getByLocator)
12:52:22,150 INFO  [BrowserSelenium] (_getByLocator) -> Getting locator for null
12:52:22,150 INFO  [BrowserSelenium] (_getByLocator) -> Locator info found for XPATH attribute as: //a[@href='/jbilling/config/index']
12:52:22,151 INFO  [BrowserSelenium] ENTER --> (_parseElementOnXpath)
12:52:22,151 INFO  [BrowserSelenium] (_parseElementOnXpath) -> //a[@href='/jbilling/config/index'] is used
12:52:22,151 INFO  [BrowserSelenium] EXIT --> (_parseElementOnXpath)
12:52:22,151 INFO  [BrowserSelenium] EXIT --> (_getByLocator)
12:52:22,168 INFO  [BrowserSelenium] ENTER --> (_getByLocator)
12:52:22,168 INFO  [BrowserSelenium] (_getByLocator) -> Getting locator for null
12:52:22,169 INFO  [BrowserSelenium] (_getByLocator) -> Locator info found for XPATH attribute as: //a[@href='/jbilling/config/index']
12:52:22,169 INFO  [BrowserSelenium] ENTER --> (_parseElementOnXpath)
12:52:22,169 INFO  [BrowserSelenium] (_parseElementOnXpath) -> //a[@href='/jbilling/config/index'] is used
12:52:22,169 INFO  [BrowserSelenium] EXIT --> (_parseElementOnXpath)
12:52:22,169 INFO  [BrowserSelenium] EXIT --> (_getByLocator)
12:52:22,188 INFO  [BrowserSelenium] ENTER --> (_getByLocator)
12:52:22,188 INFO  [BrowserSelenium] (_getByLocator) -> Getting locator for null
12:52:22,188 INFO  [BrowserSelenium] (_getByLocator) -> Locator info found for XPATH attribute as: //a[@href='/jbilling/config/index']
12:52:22,189 INFO  [BrowserSelenium] ENTER --> (_parseElementOnXpath)
12:52:22,189 INFO  [BrowserSelenium] (_parseElementOnXpath) -> //a[@href='/jbilling/config/index'] is used
12:52:22,189 INFO  [BrowserSelenium] EXIT --> (_parseElementOnXpath)
12:52:22,189 INFO  [BrowserSelenium] EXIT --> (_getByLocator)
12:52:22,206 INFO  [BrowserSelenium] ENTER --> (_getByLocator)
12:52:22,206 INFO  [BrowserSelenium] (_getByLocator) -> Getting locator for null
12:52:22,206 INFO  [BrowserSelenium] (_getByLocator) -> Locator info found for XPATH attribute as: //a[@href='/jbilling/config/index']
12:52:22,206 INFO  [BrowserSelenium] ENTER --> (_parseElementOnXpath)
12:52:22,206 INFO  [BrowserSelenium] (_parseElementOnXpath) -> //a[@href='/jbilling/config/index'] is used
12:52:22,206 INFO  [BrowserSelenium] EXIT --> (_parseElementOnXpath)
12:52:22,206 INFO  [BrowserSelenium] EXIT --> (_getByLocator)
12:52:22,225 INFO  [BrowserSelenium] ENTER --> (_getByLocator)
12:52:22,225 INFO  [BrowserSelenium] (_getByLocator) -> Getting locator for null
12:52:22,226 INFO  [BrowserSelenium] (_getByLocator) -> Locator info found for XPATH attribute as: //a[@href='/jbilling/config/index']
12:52:22,226 INFO  [BrowserSelenium] ENTER --> (_parseElementOnXpath)
12:52:22,226 INFO  [BrowserSelenium] (_parseElementOnXpath) -> //a[@href='/jbilling/config/index'] is used
12:52:22,226 INFO  [BrowserSelenium] EXIT --> (_parseElementOnXpath)
12:52:22,226 INFO  [BrowserSelenium] EXIT --> (_getByLocator)
12:52:22,245 INFO  [BrowserSelenium] ENTER --> (_getByLocator)
12:52:22,246 INFO  [BrowserSelenium] (_getByLocator) -> Getting locator for null
12:52:22,246 INFO  [BrowserSelenium] (_getByLocator) -> Locator info found for XPATH attribute as: //a[@href='/jbilling/config/index']
12:52:22,246 INFO  [BrowserSelenium] ENTER --> (_parseElementOnXpath)
12:52:22,246 INFO  [BrowserSelenium] (_parseElementOnXpath) -> //a[@href='/jbilling/config/index'] is used
12:52:22,246 INFO  [BrowserSelenium] EXIT --> (_parseElementOnXpath)
12:52:22,246 INFO  [BrowserSelenium] EXIT --> (_getByLocator)
12:52:22,273 INFO  [BrowserSelenium] ENTER --> (_getByLocator)
12:52:22,273 INFO  [BrowserSelenium] (_getByLocator) -> Getting locator for null
12:52:22,273 INFO  [BrowserSelenium] (_getByLocator) -> Locator info found for XPATH attribute as: //a[@href='/jbilling/config/index']
12:52:22,274 INFO  [BrowserSelenium] ENTER --> (_parseElementOnXpath)
12:52:22,274 INFO  [BrowserSelenium] (_parseElementOnXpath) -> //a[@href='/jbilling/config/index'] is used
12:52:22,274 INFO  [BrowserSelenium] EXIT --> (_parseElementOnXpath)
12:52:22,274 INFO  [BrowserSelenium] EXIT --> (_getByLocator)
12:52:22,294 INFO  [BrowserSelenium] ENTER --> (_getByLocator)
12:52:22,294 INFO  [BrowserSelenium] (_getByLocator) -> Getting locator for null
12:52:22,295 INFO  [BrowserSelenium] (_getByLocator) -> Locator info found for XPATH attribute as: //a[@href='/jbilling/config/index']
12:52:22,295 INFO  [BrowserSelenium] ENTER --> (_parseElementOnXpath)
12:52:22,295 INFO  [BrowserSelenium] (_parseElementOnXpath) -> //a[@href='/jbilling/config/index'] is used
12:52:22,295 INFO  [BrowserSelenium] EXIT --> (_parseElementOnXpath)
12:52:22,295 INFO  [BrowserSelenium] EXIT --> (_getByLocator)
12:52:22,314 INFO  [BrowserSelenium] ENTER --> (_getByLocator)
12:52:22,315 INFO  [BrowserSelenium] (_getByLocator) -> Getting locator for null
12:52:22,315 INFO  [BrowserSelenium] (_getByLocator) -> Locator info found for XPATH attribute as: //a[@href='/jbilling/config/index']
12:52:22,315 INFO  [BrowserSelenium] ENTER --> (_parseElementOnXpath)
12:52:22,315 INFO  [BrowserSelenium] (_parseElementOnXpath) -> //a[@href='/jbilling/config/index'] is used
12:52:22,315 INFO  [BrowserSelenium] EXIT --> (_parseElementOnXpath)
12:52:22,315 INFO  [BrowserSelenium] EXIT --> (_getByLocator)
12:52:22,332 INFO  [BrowserSelenium] ENTER --> (_getByLocator)
12:52:22,332 INFO  [BrowserSelenium] (_getByLocator) -> Getting locator for null
12:52:22,332 INFO  [BrowserSelenium] (_getByLocator) -> Locator info found for XPATH attribute as: //a[@href='/jbilling/config/index']
12:52:22,333 INFO  [BrowserSelenium] ENTER --> (_parseElementOnXpath)
12:52:22,333 INFO  [BrowserSelenium] (_parseElementOnXpath) -> //a[@href='/jbilling/config/index'] is used
12:52:22,333 INFO  [BrowserSelenium] EXIT --> (_parseElementOnXpath)
12:52:22,333 INFO  [BrowserSelenium] EXIT --> (_getByLocator)
12:52:22,353 INFO  [BrowserSelenium] ENTER --> (_getByLocator)
12:52:22,354 INFO  [BrowserSelenium] (_getByLocator) -> Getting locator for null
12:52:22,354 INFO  [BrowserSelenium] (_getByLocator) -> Locator info found for XPATH attribute as: //a[@href='/jbilling/config/index']
12:52:22,354 INFO  [BrowserSelenium] ENTER --> (_parseElementOnXpath)
12:52:22,354 INFO  [BrowserSelenium] (_parseElementOnXpath) -> //a[@href='/jbilling/config/index'] is used
12:52:22,354 INFO  [BrowserSelenium] EXIT --> (_parseElementOnXpath)
12:52:22,354 INFO  [BrowserSelenium] EXIT --> (_getByLocator)
12:52:22,374 INFO  [BrowserSelenium] ENTER --> (_getByLocator)
12:52:22,374 INFO  [BrowserSelenium] (_getByLocator) -> Getting locator for null
12:52:22,374 INFO  [BrowserSelenium] (_getByLocator) -> Locator info found for XPATH attribute as: //a[@href='/jbilling/config/index']
12:52:22,375 INFO  [BrowserSelenium] ENTER --> (_parseElementOnXpath)
12:52:22,375 INFO  [BrowserSelenium] (_parseElementOnXpath) -> //a[@href='/jbilling/config/index'] is used
12:52:22,375 INFO  [BrowserSelenium] EXIT --> (_parseElementOnXpath)
12:52:22,375 INFO  [BrowserSelenium] EXIT --> (_getByLocator)
12:52:22,393 INFO  [BrowserSelenium] ENTER --> (_getByLocator)
12:52:22,394 INFO  [BrowserSelenium] (_getByLocator) -> Getting locator for null
12:52:22,394 INFO  [BrowserSelenium] (_getByLocator) -> Locator info found for XPATH attribute as: //a[@href='/jbilling/config/index']
12:52:22,394 INFO  [BrowserSelenium] ENTER --> (_parseElementOnXpath)
12:52:22,394 INFO  [BrowserSelenium] (_parseElementOnXpath) -> //a[@href='/jbilling/config/index'] is used
12:52:22,394 INFO  [BrowserSelenium] EXIT --> (_parseElementOnXpath)
12:52:22,394 INFO  [BrowserSelenium] EXIT --> (_getByLocator)
12:52:22,416 INFO  [BrowserSelenium] ENTER --> (_getByLocator)
12:52:22,416 INFO  [BrowserSelenium] (_getByLocator) -> Getting locator for null
12:52:22,416 INFO  [BrowserSelenium] (_getByLocator) -> Locator info found for XPATH attribute as: //a[@href='/jbilling/config/index']
12:52:22,416 INFO  [BrowserSelenium] ENTER --> (_parseElementOnXpath)
12:52:22,416 INFO  [BrowserSelenium] (_parseElementOnXpath) -> //a[@href='/jbilling/config/index'] is used
12:52:22,417 INFO  [BrowserSelenium] EXIT --> (_parseElementOnXpath)
12:52:22,417 INFO  [BrowserSelenium] EXIT --> (_getByLocator)
12:52:22,434 INFO  [BrowserSelenium] ENTER --> (_getByLocator)
12:52:22,434 INFO  [BrowserSelenium] (_getByLocator) -> Getting locator for null
12:52:22,434 INFO  [BrowserSelenium] (_getByLocator) -> Locator info found for XPATH attribute as: //a[@href='/jbilling/config/index']
12:52:22,434 INFO  [BrowserSelenium] ENTER --> (_parseElementOnXpath)
12:52:22,434 INFO  [BrowserSelenium] (_parseElementOnXpath) -> //a[@href='/jbilling/config/index'] is used
12:52:22,434 INFO  [BrowserSelenium] EXIT --> (_parseElementOnXpath)
12:52:22,434 INFO  [BrowserSelenium] EXIT --> (_getByLocator)
12:52:22,454 INFO  [BrowserSelenium] ENTER --> (_getByLocator)
12:52:22,454 INFO  [BrowserSelenium] (_getByLocator) -> Getting locator for null
12:52:22,454 INFO  [BrowserSelenium] (_getByLocator) -> Locator info found for XPATH attribute as: //a[@href='/jbilling/config/index']
12:52:22,454 INFO  [BrowserSelenium] ENTER --> (_parseElementOnXpath)
12:52:22,454 INFO  [BrowserSelenium] (_parseElementOnXpath) -> //a[@href='/jbilling/config/index'] is used
12:52:22,455 INFO  [BrowserSelenium] EXIT --> (_parseElementOnXpath)
12:52:22,455 INFO  [BrowserSelenium] EXIT --> (_getByLocator)
12:52:22,472 INFO  [BrowserSelenium] ENTER --> (_getByLocator)
12:52:22,472 INFO  [BrowserSelenium] (_getByLocator) -> Getting locator for null
12:52:22,472 INFO  [BrowserSelenium] (_getByLocator) -> Locator info found for XPATH attribute as: //a[@href='/jbilling/config/index']
12:52:22,472 INFO  [BrowserSelenium] ENTER --> (_parseElementOnXpath)
12:52:22,472 INFO  [BrowserSelenium] (_parseElementOnXpath) -> //a[@href='/jbilling/config/index'] is used
12:52:22,472 INFO  [BrowserSelenium] EXIT --> (_parseElementOnXpath)
12:52:22,472 INFO  [BrowserSelenium] EXIT --> (_getByLocator)
12:52:22,495 INFO  [BrowserSelenium] ENTER --> (_getByLocator)
12:52:22,495 INFO  [BrowserSelenium] (_getByLocator) -> Getting locator for null
12:52:22,495 INFO  [BrowserSelenium] (_getByLocator) -> Locator info found for XPATH attribute as: //a[@href='/jbilling/config/index']
12:52:22,495 INFO  [BrowserSelenium] ENTER --> (_parseElementOnXpath)
12:52:22,495 INFO  [BrowserSelenium] (_parseElementOnXpath) -> //a[@href='/jbilling/config/index'] is used
12:52:22,495 INFO  [BrowserSelenium] EXIT --> (_parseElementOnXpath)
12:52:22,496 INFO  [BrowserSelenium] EXIT --> (_getByLocator)
12:52:22,514 INFO  [BrowserSelenium] ENTER --> (_getByLocator)
12:52:22,514 INFO  [BrowserSelenium] (_getByLocator) -> Getting locator for null
12:52:22,515 INFO  [BrowserSelenium] (_getByLocator) -> Locator info found for XPATH attribute as: //a[@href='/jbilling/config/index']
12:52:22,515 INFO  [BrowserSelenium] ENTER --> (_parseElementOnXpath)
12:52:22,515 INFO  [BrowserSelenium] (_parseElementOnXpath) -> //a[@href='/jbilling/config/index'] is used
12:52:22,515 INFO  [BrowserSelenium] EXIT --> (_parseElementOnXpath)
12:52:22,515 INFO  [BrowserSelenium] EXIT --> (_getByLocator)
12:52:22,533 INFO  [BrowserSelenium] ENTER --> (_getByLocator)
12:52:22,533 INFO  [BrowserSelenium] (_getByLocator) -> Getting locator for null
12:52:22,533 INFO  [BrowserSelenium] (_getByLocator) -> Locator info found for XPATH attribute as: //a[@href='/jbilling/config/index']
12:52:22,533 INFO  [BrowserSelenium] ENTER --> (_parseElementOnXpath)
12:52:22,533 INFO  [BrowserSelenium] (_parseElementOnXpath) -> //a[@href='/jbilling/config/index'] is used
12:52:22,533 INFO  [BrowserSelenium] EXIT --> (_parseElementOnXpath)
12:52:22,534 INFO  [BrowserSelenium] EXIT --> (_getByLocator)
12:52:22,551 INFO  [BrowserSelenium] ENTER --> (_getByLocator)
12:52:22,552 INFO  [BrowserSelenium] (_getByLocator) -> Getting locator for null
12:52:22,552 INFO  [BrowserSelenium] (_getByLocator) -> Locator info found for XPATH attribute as: //a[@href='/jbilling/config/index']
12:52:22,552 INFO  [BrowserSelenium] ENTER --> (_parseElementOnXpath)
12:52:22,552 INFO  [BrowserSelenium] (_parseElementOnXpath) -> //a[@href='/jbilling/config/index'] is used
12:52:22,552 INFO  [BrowserSelenium] EXIT --> (_parseElementOnXpath)
12:52:22,552 INFO  [BrowserSelenium] EXIT --> (_getByLocator)
12:52:22,574 INFO  [BrowserSelenium] ENTER --> (_getByLocator)
12:52:22,575 INFO  [BrowserSelenium] (_getByLocator) -> Getting locator for null
12:52:22,575 INFO  [BrowserSelenium] (_getByLocator) -> Locator info found for XPATH attribute as: //a[@href='/jbilling/config/index']
12:52:22,575 INFO  [BrowserSelenium] ENTER --> (_parseElementOnXpath)
12:52:22,575 INFO  [BrowserSelenium] (_parseElementOnXpath) -> //a[@href='/jbilling/config/index'] is used
12:52:22,575 INFO  [BrowserSelenium] EXIT --> (_parseElementOnXpath)
12:52:22,575 INFO  [BrowserSelenium] EXIT --> (_getByLocator)
12:52:22,598 INFO  [BrowserSelenium] ENTER --> (_getByLocator)
12:52:22,598 INFO  [BrowserSelenium] (_getByLocator) -> Getting locator for null
12:52:22,599 INFO  [BrowserSelenium] (_getByLocator) -> Locator info found for XPATH attribute as: //a[@href='/jbilling/config/index']
12:52:22,599 INFO  [BrowserSelenium] ENTER --> (_parseElementOnXpath)
12:52:22,599 INFO  [BrowserSelenium] (_parseElementOnXpath) -> //a[@href='/jbilling/config/index'] is used
12:52:22,599 INFO  [BrowserSelenium] EXIT --> (_parseElementOnXpath)
12:52:22,599 INFO  [BrowserSelenium] EXIT --> (_getByLocator)
12:52:22,617 INFO  [BrowserSelenium] ENTER --> (_getByLocator)
12:52:22,617 INFO  [BrowserSelenium] (_getByLocator) -> Getting locator for null
12:52:22,617 INFO  [BrowserSelenium] (_getByLocator) -> Locator info found for XPATH attribute as: //a[@href='/jbilling/config/index']
12:52:22,618 INFO  [BrowserSelenium] ENTER --> (_parseElementOnXpath)
12:52:22,618 INFO  [BrowserSelenium] (_parseElementOnXpath) -> //a[@href='/jbilling/config/index'] is used
12:52:22,618 INFO  [BrowserSelenium] EXIT --> (_parseElementOnXpath)
12:52:22,618 INFO  [BrowserSelenium] EXIT --> (_getByLocator)
12:52:22,713 INFO  [BrowserSelenium] ENTER --> (_getByLocator)
12:52:22,713 INFO  [BrowserSelenium] (_getByLocator) -> Getting locator for null
12:52:22,713 INFO  [BrowserSelenium] (_getByLocator) -> Locator info found for XPATH attribute as: //a[@href='/jbilling/config/index']
12:52:22,713 INFO  [BrowserSelenium] ENTER --> (_parseElementOnXpath)
12:52:22,713 INFO  [BrowserSelenium] (_parseElementOnXpath) -> //a[@href='/jbilling/config/index'] is used
12:52:22,713 INFO  [BrowserSelenium] EXIT --> (_parseElementOnXpath)
12:52:22,713 INFO  [BrowserSelenium] EXIT --> (_getByLocator)
12:52:22,731 INFO  [BrowserSelenium] ENTER --> (_getByLocator)
12:52:22,732 INFO  [BrowserSelenium] (_getByLocator) -> Getting locator for null
12:52:22,732 INFO  [BrowserSelenium] (_getByLocator) -> Locator info found for XPATH attribute as: //a[@href='/jbilling/config/index']
12:52:22,732 INFO  [BrowserSelenium] ENTER --> (_parseElementOnXpath)
12:52:22,732 INFO  [BrowserSelenium] (_parseElementOnXpath) -> //a[@href='/jbilling/config/index'] is used
12:52:22,732 INFO  [BrowserSelenium] EXIT --> (_parseElementOnXpath)
12:52:22,732 INFO  [BrowserSelenium] EXIT --> (_getByLocator)
12:52:22,750 INFO  [BrowserSelenium] ENTER --> (_getByLocator)
12:52:22,750 INFO  [BrowserSelenium] (_getByLocator) -> Getting locator for null
12:52:22,750 INFO  [BrowserSelenium] (_getByLocator) -> Locator info found for XPATH attribute as: //a[@href='/jbilling/config/index']
12:52:22,750 INFO  [BrowserSelenium] ENTER --> (_parseElementOnXpath)
12:52:22,751 INFO  [BrowserSelenium] (_parseElementOnXpath) -> //a[@href='/jbilling/config/index'] is used
12:52:22,751 INFO  [BrowserSelenium] EXIT --> (_parseElementOnXpath)
12:52:22,751 INFO  [BrowserSelenium] EXIT --> (_getByLocator)
12:52:22,770 INFO  [BrowserSelenium] ENTER --> (_getByLocator)
12:52:22,770 INFO  [BrowserSelenium] (_getByLocator) -> Getting locator for null
12:52:22,770 INFO  [BrowserSelenium] (_getByLocator) -> Locator info found for XPATH attribute as: //a[@href='/jbilling/config/index']
12:52:22,771 INFO  [BrowserSelenium] ENTER --> (_parseElementOnXpath)
12:52:22,771 INFO  [BrowserSelenium] (_parseElementOnXpath) -> //a[@href='/jbilling/config/index'] is used
12:52:22,771 INFO  [BrowserSelenium] EXIT --> (_parseElementOnXpath)
12:52:22,771 INFO  [BrowserSelenium] EXIT --> (_getByLocator)
12:52:22,791 INFO  [BrowserSelenium] ENTER --> (_getByLocator)
12:52:22,791 INFO  [BrowserSelenium] (_getByLocator) -> Getting locator for null
12:52:22,792 INFO  [BrowserSelenium] (_getByLocator) -> Locator info found for XPATH attribute as: //a[@href='/jbilling/config/index']
12:52:22,792 INFO  [BrowserSelenium] ENTER --> (_parseElementOnXpath)
12:52:22,792 INFO  [BrowserSelenium] (_parseElementOnXpath) -> //a[@href='/jbilling/config/index'] is used
12:52:22,792 INFO  [BrowserSelenium] EXIT --> (_parseElementOnXpath)
12:52:22,792 INFO  [BrowserSelenium] EXIT --> (_getByLocator)
12:52:22,815 INFO  [BrowserSelenium] ENTER --> (_getByLocator)
12:52:22,815 INFO  [BrowserSelenium] (_getByLocator) -> Getting locator for null
12:52:22,815 INFO  [BrowserSelenium] (_getByLocator) -> Locator info found for XPATH attribute as: //a[@href='/jbilling/config/index']
12:52:22,815 INFO  [BrowserSelenium] ENTER --> (_parseElementOnXpath)
12:52:22,815 INFO  [BrowserSelenium] (_parseElementOnXpath) -> //a[@href='/jbilling/config/index'] is used
12:52:22,815 INFO  [BrowserSelenium] EXIT --> (_parseElementOnXpath)
12:52:22,815 INFO  [BrowserSelenium] EXIT --> (_getByLocator)
12:52:22,835 INFO  [BrowserSelenium] ENTER --> (_getByLocator)
12:52:22,835 INFO  [BrowserSelenium] (_getByLocator) -> Getting locator for null
12:52:22,835 INFO  [BrowserSelenium] (_getByLocator) -> Locator info found for XPATH attribute as: //a[@href='/jbilling/config/index']
12:52:22,835 INFO  [BrowserSelenium] ENTER --> (_parseElementOnXpath)
12:52:22,835 INFO  [BrowserSelenium] (_parseElementOnXpath) -> //a[@href='/jbilling/config/index'] is used
12:52:22,835 INFO  [BrowserSelenium] EXIT --> (_parseElementOnXpath)
12:52:22,835 INFO  [BrowserSelenium] EXIT --> (_getByLocator)
12:52:22,857 INFO  [BrowserSelenium] ENTER --> (_getByLocator)
12:52:22,857 INFO  [BrowserSelenium] (_getByLocator) -> Getting locator for null
12:52:22,857 INFO  [BrowserSelenium] (_getByLocator) -> Locator info found for XPATH attribute as: //a[@href='/jbilling/config/index']
12:52:22,857 INFO  [BrowserSelenium] ENTER --> (_parseElementOnXpath)
12:52:22,857 INFO  [BrowserSelenium] (_parseElementOnXpath) -> //a[@href='/jbilling/config/index'] is used
12:52:22,857 INFO  [BrowserSelenium] EXIT --> (_parseElementOnXpath)
12:52:22,857 INFO  [BrowserSelenium] EXIT --> (_getByLocator)
12:52:22,879 INFO  [BrowserSelenium] ENTER --> (_getByLocator)
12:52:22,879 INFO  [BrowserSelenium] (_getByLocator) -> Getting locator for null
12:52:22,879 INFO  [BrowserSelenium] (_getByLocator) -> Locator info found for XPATH attribute as: //a[@href='/jbilling/config/index']
12:52:22,879 INFO  [BrowserSelenium] ENTER --> (_parseElementOnXpath)
12:52:22,879 INFO  [BrowserSelenium] (_parseElementOnXpath) -> //a[@href='/jbilling/config/index'] is used
12:52:22,879 INFO  [BrowserSelenium] EXIT --> (_parseElementOnXpath)
12:52:22,879 INFO  [BrowserSelenium] EXIT --> (_getByLocator)
12:52:22,899 INFO  [BrowserSelenium] ENTER --> (_getByLocator)
12:52:22,900 INFO  [BrowserSelenium] (_getByLocator) -> Getting locator for null
12:52:22,900 INFO  [BrowserSelenium] (_getByLocator) -> Locator info found for XPATH attribute as: //a[@href='/jbilling/config/index']
12:52:22,900 INFO  [BrowserSelenium] ENTER --> (_parseElementOnXpath)
12:52:22,900 INFO  [BrowserSelenium] (_parseElementOnXpath) -> //a[@href='/jbilling/config/index'] is used
12:52:22,900 INFO  [BrowserSelenium] EXIT --> (_parseElementOnXpath)
12:52:22,900 INFO  [BrowserSelenium] EXIT --> (_getByLocator)
12:52:22,921 INFO  [BrowserSelenium] ENTER --> (_getByLocator)
12:52:22,921 INFO  [BrowserSelenium] (_getByLocator) -> Getting locator for null
12:52:22,922 INFO  [BrowserSelenium] (_getByLocator) -> Locator info found for XPATH attribute as: //a[@href='/jbilling/config/index']
12:52:22,922 INFO  [BrowserSelenium] ENTER --> (_parseElementOnXpath)
12:52:22,922 INFO  [BrowserSelenium] (_parseElementOnXpath) -> //a[@href='/jbilling/config/index'] is used
12:52:22,922 INFO  [BrowserSelenium] EXIT --> (_parseElementOnXpath)
12:52:22,922 INFO  [BrowserSelenium] EXIT --> (_getByLocator)
12:52:22,941 INFO  [BrowserSelenium] ENTER --> (_getByLocator)
12:52:22,941 INFO  [BrowserSelenium] (_getByLocator) -> Getting locator for null
12:52:22,941 INFO  [BrowserSelenium] (_getByLocator) -> Locator info found for XPATH attribute as: //a[@href='/jbilling/config/index']
12:52:22,942 INFO  [BrowserSelenium] ENTER --> (_parseElementOnXpath)
12:52:22,942 INFO  [BrowserSelenium] (_parseElementOnXpath) -> //a[@href='/jbilling/config/index'] is used
12:52:22,942 INFO  [BrowserSelenium] EXIT --> (_parseElementOnXpath)
12:52:22,942 INFO  [BrowserSelenium] EXIT --> (_getByLocator)
12:52:22,963 INFO  [BrowserSelenium] ENTER --> (_getByLocator)
12:52:22,963 INFO  [BrowserSelenium] (_getByLocator) -> Getting locator for null
12:52:22,963 INFO  [BrowserSelenium] (_getByLocator) -> Locator info found for XPATH attribute as: //a[@href='/jbilling/config/index']
12:52:22,964 INFO  [BrowserSelenium] ENTER --> (_parseElementOnXpath)
12:52:22,964 INFO  [BrowserSelenium] (_parseElementOnXpath) -> //a[@href='/jbilling/config/index'] is used
12:52:22,964 INFO  [BrowserSelenium] EXIT --> (_parseElementOnXpath)
12:52:22,964 INFO  [BrowserSelenium] EXIT --> (_getByLocator)
12:52:22,985 INFO  [BrowserSelenium] ENTER --> (_getByLocator)
12:52:22,985 INFO  [BrowserSelenium] (_getByLocator) -> Getting locator for null
12:52:22,985 INFO  [BrowserSelenium] (_getByLocator) -> Locator info found for XPATH attribute as: //a[@href='/jbilling/config/index']
12:52:22,986 INFO  [BrowserSelenium] ENTER --> (_parseElementOnXpath)
12:52:22,986 INFO  [BrowserSelenium] (_parseElementOnXpath) -> //a[@href='/jbilling/config/index'] is used
12:52:22,986 INFO  [BrowserSelenium] EXIT --> (_parseElementOnXpath)
12:52:22,986 INFO  [BrowserSelenium] EXIT --> (_getByLocator)
12:52:23,007 INFO  [BrowserSelenium] ENTER --> (_getByLocator)
12:52:23,007 INFO  [BrowserSelenium] (_getByLocator) -> Getting locator for null
12:52:23,007 INFO  [BrowserSelenium] (_getByLocator) -> Locator info found for XPATH attribute as: //a[@href='/jbilling/config/index']
12:52:23,008 INFO  [BrowserSelenium] ENTER --> (_parseElementOnXpath)
12:52:23,008 INFO  [BrowserSelenium] (_parseElementOnXpath) -> //a[@href='/jbilling/config/index'] is used
12:52:23,008 INFO  [BrowserSelenium] EXIT --> (_parseElementOnXpath)
12:52:23,008 INFO  [BrowserSelenium] EXIT --> (_getByLocator)
12:52:23,029 INFO  [BrowserSelenium] ENTER --> (_getByLocator)
12:52:23,029 INFO  [BrowserSelenium] (_getByLocator) -> Getting locator for null
12:52:23,029 INFO  [BrowserSelenium] (_getByLocator) -> Locator info found for XPATH attribute as: //a[@href='/jbilling/config/index']
12:52:23,030 INFO  [BrowserSelenium] ENTER --> (_parseElementOnXpath)
12:52:23,030 INFO  [BrowserSelenium] (_parseElementOnXpath) -> //a[@href='/jbilling/config/index'] is used
12:52:23,030 INFO  [BrowserSelenium] EXIT --> (_parseElementOnXpath)
12:52:23,030 INFO  [BrowserSelenium] EXIT --> (_getByLocator)
12:52:23,051 INFO  [BrowserSelenium] ENTER --> (_getByLocator)
12:52:23,051 INFO  [BrowserSelenium] (_getByLocator) -> Getting locator for null
12:52:23,051 INFO  [BrowserSelenium] (_getByLocator) -> Locator info found for XPATH attribute as: //a[@href='/jbilling/config/index']
12:52:23,051 INFO  [BrowserSelenium] ENTER --> (_parseElementOnXpath)
12:52:23,051 INFO  [BrowserSelenium] (_parseElementOnXpath) -> //a[@href='/jbilling/config/index'] is used
12:52:23,051 INFO  [BrowserSelenium] EXIT --> (_parseElementOnXpath)
12:52:23,051 INFO  [BrowserSelenium] EXIT --> (_getByLocator)
12:52:23,073 INFO  [BrowserSelenium] ENTER --> (_getByLocator)
12:52:23,073 INFO  [BrowserSelenium] (_getByLocator) -> Getting locator for null
12:52:23,073 INFO  [BrowserSelenium] (_getByLocator) -> Locator info found for XPATH attribute as: //a[@href='/jbilling/config/index']
12:52:23,074 INFO  [BrowserSelenium] ENTER --> (_parseElementOnXpath)
12:52:23,074 INFO  [BrowserSelenium] (_parseElementOnXpath) -> //a[@href='/jbilling/config/index'] is used
12:52:23,074 INFO  [BrowserSelenium] EXIT --> (_parseElementOnXpath)
12:52:23,074 INFO  [BrowserSelenium] EXIT --> (_getByLocator)
12:52:23,096 INFO  [BrowserSelenium] ENTER --> (_getByLocator)
12:52:23,096 INFO  [BrowserSelenium] (_getByLocator) -> Getting locator for null
12:52:23,096 INFO  [BrowserSelenium] (_getByLocator) -> Locator info found for XPATH attribute as: //a[@href='/jbilling/config/index']
12:52:23,096 INFO  [BrowserSelenium] ENTER --> (_parseElementOnXpath)
12:52:23,096 INFO  [BrowserSelenium] (_parseElementOnXpath) -> //a[@href='/jbilling/config/index'] is used
12:52:23,096 INFO  [BrowserSelenium] EXIT --> (_parseElementOnXpath)
12:52:23,097 INFO  [BrowserSelenium] EXIT --> (_getByLocator)
12:52:23,117 INFO  [BrowserSelenium] ENTER --> (_getByLocator)
12:52:23,117 INFO  [BrowserSelenium] (_getByLocator) -> Getting locator for null
12:52:23,117 INFO  [BrowserSelenium] (_getByLocator) -> Locator info found for XPATH attribute as: //a[@href='/jbilling/config/index']
12:52:23,118 INFO  [BrowserSelenium] ENTER --> (_parseElementOnXpath)
12:52:23,118 INFO  [BrowserSelenium] (_parseElementOnXpath) -> //a[@href='/jbilling/config/index'] is used
12:52:23,118 INFO  [BrowserSelenium] EXIT --> (_parseElementOnXpath)
12:52:23,118 INFO  [BrowserSelenium] EXIT --> (_getByLocator)
12:52:23,140 INFO  [BrowserSelenium] ENTER --> (_getByLocator)
12:52:23,140 INFO  [BrowserSelenium] (_getByLocator) -> Getting locator for null
12:52:23,140 INFO  [BrowserSelenium] (_getByLocator) -> Locator info found for XPATH attribute as: //a[@href='/jbilling/config/index']
12:52:23,140 INFO  [BrowserSelenium] ENTER --> (_parseElementOnXpath)
12:52:23,140 INFO  [BrowserSelenium] (_parseElementOnXpath) -> //a[@href='/jbilling/config/index'] is used
12:52:23,140 INFO  [BrowserSelenium] EXIT --> (_parseElementOnXpath)
12:52:23,140 INFO  [BrowserSelenium] EXIT --> (_getByLocator)
12:52:23,162 INFO  [BrowserSelenium] ENTER --> (_getByLocator)
12:52:23,162 INFO  [BrowserSelenium] (_getByLocator) -> Getting locator for null
12:52:23,162 INFO  [BrowserSelenium] (_getByLocator) -> Locator info found for XPATH attribute as: //a[@href='/jbilling/config/index']
12:52:23,162 INFO  [BrowserSelenium] ENTER --> (_parseElementOnXpath)
12:52:23,162 INFO  [BrowserSelenium] (_parseElementOnXpath) -> //a[@href='/jbilling/config/index'] is used
12:52:23,162 INFO  [BrowserSelenium] EXIT --> (_parseElementOnXpath)
12:52:23,162 INFO  [BrowserSelenium] EXIT --> (_getByLocator)
12:52:23,183 INFO  [BrowserSelenium] ENTER --> (_getByLocator)
12:52:23,183 INFO  [BrowserSelenium] (_getByLocator) -> Getting locator for null
12:52:23,183 INFO  [BrowserSelenium] (_getByLocator) -> Locator info found for XPATH attribute as: //a[@href='/jbilling/config/index']
12:52:23,183 INFO  [BrowserSelenium] ENTER --> (_parseElementOnXpath)
12:52:23,183 INFO  [BrowserSelenium] (_parseElementOnXpath) -> //a[@href='/jbilling/config/index'] is used
12:52:23,183 INFO  [BrowserSelenium] EXIT --> (_parseElementOnXpath)
12:52:23,183 INFO  [BrowserSelenium] EXIT --> (_getByLocator)
12:52:23,205 INFO  [BrowserSelenium] ENTER --> (_getByLocator)
12:52:23,205 INFO  [BrowserSelenium] (_getByLocator) -> Getting locator for null
12:52:23,205 INFO  [BrowserSelenium] (_getByLocator) -> Locator info found for XPATH attribute as: //a[@href='/jbilling/config/index']
12:52:23,205 INFO  [BrowserSelenium] ENTER --> (_parseElementOnXpath)
12:52:23,205 INFO  [BrowserSelenium] (_parseElementOnXpath) -> //a[@href='/jbilling/config/index'] is used
12:52:23,205 INFO  [BrowserSelenium] EXIT --> (_parseElementOnXpath)
12:52:23,205 INFO  [BrowserSelenium] EXIT --> (_getByLocator)
12:52:23,227 INFO  [BrowserSelenium] ENTER --> (_getByLocator)
12:52:23,227 INFO  [BrowserSelenium] (_getByLocator) -> Getting locator for null
12:52:23,227 INFO  [BrowserSelenium] (_getByLocator) -> Locator info found for XPATH attribute as: //a[@href='/jbilling/config/index']
12:52:23,227 INFO  [BrowserSelenium] ENTER --> (_parseElementOnXpath)
12:52:23,228 INFO  [BrowserSelenium] (_parseElementOnXpath) -> //a[@href='/jbilling/config/index'] is used
12:52:23,228 INFO  [BrowserSelenium] EXIT --> (_parseElementOnXpath)
12:52:23,228 INFO  [BrowserSelenium] EXIT --> (_getByLocator)
12:52:23,247 INFO  [BrowserSelenium] ENTER --> (_getByLocator)
12:52:23,248 INFO  [BrowserSelenium] (_getByLocator) -> Getting locator for null
12:52:23,248 INFO  [BrowserSelenium] (_getByLocator) -> Locator info found for XPATH attribute as: //a[@href='/jbilling/config/index']
12:52:23,248 INFO  [BrowserSelenium] ENTER --> (_parseElementOnXpath)
12:52:23,248 INFO  [BrowserSelenium] (_parseElementOnXpath) -> //a[@href='/jbilling/config/index'] is used
12:52:23,248 INFO  [BrowserSelenium] EXIT --> (_parseElementOnXpath)
12:52:23,248 INFO  [BrowserSelenium] EXIT --> (_getByLocator)
12:52:23,274 INFO  [BrowserSelenium] ENTER --> (_getByLocator)
12:52:23,275 INFO  [BrowserSelenium] (_getByLocator) -> Getting locator for null
12:52:23,275 INFO  [BrowserSelenium] (_getByLocator) -> Locator info found for XPATH attribute as: //a[@href='/jbilling/config/index']
12:52:23,275 INFO  [BrowserSelenium] ENTER --> (_parseElementOnXpath)
12:52:23,275 INFO  [BrowserSelenium] (_parseElementOnXpath) -> //a[@href='/jbilling/config/index'] is used
12:52:23,275 INFO  [BrowserSelenium] EXIT --> (_parseElementOnXpath)
12:52:23,275 INFO  [BrowserSelenium] EXIT --> (_getByLocator)
12:52:23,308 INFO  [BrowserSelenium] ENTER --> (_getByLocator)
12:52:23,309 INFO  [BrowserSelenium] (_getByLocator) -> Getting locator for null
12:52:23,309 INFO  [BrowserSelenium] (_getByLocator) -> Locator info found for XPATH attribute as: //a[@href='/jbilling/config/index']
12:52:23,309 INFO  [BrowserSelenium] ENTER --> (_parseElementOnXpath)
12:52:23,309 INFO  [BrowserSelenium] (_parseElementOnXpath) -> //a[@href='/jbilling/config/index'] is used
12:52:23,309 INFO  [BrowserSelenium] EXIT --> (_parseElementOnXpath)
12:52:23,309 INFO  [BrowserSelenium] EXIT --> (_getByLocator)
12:52:23,331 INFO  [BrowserSelenium] ENTER --> (_getByLocator)
12:52:23,331 INFO  [BrowserSelenium] (_getByLocator) -> Getting locator for null
12:52:23,332 INFO  [BrowserSelenium] (_getByLocator) -> Locator info found for XPATH attribute as: //a[@href='/jbilling/config/index']
12:52:23,332 INFO  [BrowserSelenium] ENTER --> (_parseElementOnXpath)
12:52:23,332 INFO  [BrowserSelenium] (_parseElementOnXpath) -> //a[@href='/jbilling/config/index'] is used
12:52:23,332 INFO  [BrowserSelenium] EXIT --> (_parseElementOnXpath)
12:52:23,332 INFO  [BrowserSelenium] EXIT --> (_getByLocator)
12:52:23,353 INFO  [BrowserSelenium] ENTER --> (_getByLocator)
12:52:23,353 INFO  [BrowserSelenium] (_getByLocator) -> Getting locator for null
12:52:23,354 INFO  [BrowserSelenium] (_getByLocator) -> Locator info found for XPATH attribute as: //a[@href='/jbilling/config/index']
12:52:23,354 INFO  [BrowserSelenium] ENTER --> (_parseElementOnXpath)
12:52:23,354 INFO  [BrowserSelenium] (_parseElementOnXpath) -> //a[@href='/jbilling/config/index'] is used
12:52:23,354 INFO  [BrowserSelenium] EXIT --> (_parseElementOnXpath)
12:52:23,354 INFO  [BrowserSelenium] EXIT --> (_getByLocator)
12:52:23,374 INFO  [BrowserSelenium] ENTER --> (_getByLocator)
12:52:23,374 INFO  [BrowserSelenium] (_getByLocator) -> Getting locator for null
12:52:23,374 INFO  [BrowserSelenium] (_getByLocator) -> Locator info found for XPATH attribute as: //a[@href='/jbilling/config/index']
12:52:23,374 INFO  [BrowserSelenium] ENTER --> (_parseElementOnXpath)
12:52:23,374 INFO  [BrowserSelenium] (_parseElementOnXpath) -> //a[@href='/jbilling/config/index'] is used
12:52:23,374 INFO  [BrowserSelenium] EXIT --> (_parseElementOnXpath)
12:52:23,375 INFO  [BrowserSelenium] EXIT --> (_getByLocator)
12:52:23,396 INFO  [BrowserSelenium] ENTER --> (_getByLocator)
12:52:23,396 INFO  [BrowserSelenium] (_getByLocator) -> Getting locator for null
12:52:23,396 INFO  [BrowserSelenium] (_getByLocator) -> Locator info found for XPATH attribute as: //a[@href='/jbilling/config/index']
12:52:23,396 INFO  [BrowserSelenium] ENTER --> (_parseElementOnXpath)
12:52:23,396 INFO  [BrowserSelenium] (_parseElementOnXpath) -> //a[@href='/jbilling/config/index'] is used
12:52:23,396 INFO  [BrowserSelenium] EXIT --> (_parseElementOnXpath)
12:52:23,396 INFO  [BrowserSelenium] EXIT --> (_getByLocator)
12:52:23,417 INFO  [BrowserSelenium] ENTER --> (_getByLocator)
12:52:23,417 INFO  [BrowserSelenium] (_getByLocator) -> Getting locator for null
12:52:23,417 INFO  [BrowserSelenium] (_getByLocator) -> Locator info found for XPATH attribute as: //a[@href='/jbilling/config/index']
12:52:23,417 INFO  [BrowserSelenium] ENTER --> (_parseElementOnXpath)
12:52:23,417 INFO  [BrowserSelenium] (_parseElementOnXpath) -> //a[@href='/jbilling/config/index'] is used
12:52:23,417 INFO  [BrowserSelenium] EXIT --> (_parseElementOnXpath)
12:52:23,418 INFO  [BrowserSelenium] EXIT --> (_getByLocator)
12:52:23,438 INFO  [BrowserSelenium] ENTER --> (_getByLocator)
12:52:23,439 INFO  [BrowserSelenium] (_getByLocator) -> Getting locator for null
12:52:23,439 INFO  [BrowserSelenium] (_getByLocator) -> Locator info found for XPATH attribute as: //a[@href='/jbilling/config/index']
12:52:23,439 INFO  [BrowserSelenium] ENTER --> (_parseElementOnXpath)
12:52:23,439 INFO  [BrowserSelenium] (_parseElementOnXpath) -> //a[@href='/jbilling/config/index'] is used
12:52:23,439 INFO  [BrowserSelenium] EXIT --> (_parseElementOnXpath)
12:52:23,439 INFO  [BrowserSelenium] EXIT --> (_getByLocator)
12:52:23,460 INFO  [BrowserSelenium] ENTER --> (_getByLocator)
12:52:23,460 INFO  [BrowserSelenium] (_getByLocator) -> Getting locator for null
12:52:23,460 INFO  [BrowserSelenium] (_getByLocator) -> Locator info found for XPATH attribute as: //a[@href='/jbilling/config/index']
12:52:23,460 INFO  [BrowserSelenium] ENTER --> (_parseElementOnXpath)
12:52:23,460 INFO  [BrowserSelenium] (_parseElementOnXpath) -> //a[@href='/jbilling/config/index'] is used
12:52:23,460 INFO  [BrowserSelenium] EXIT --> (_parseElementOnXpath)
12:52:23,460 INFO  [BrowserSelenium] EXIT --> (_getByLocator)
12:52:23,482 INFO  [BrowserSelenium] ENTER --> (_getByLocator)
12:52:23,482 INFO  [BrowserSelenium] (_getByLocator) -> Getting locator for null
12:52:23,482 INFO  [BrowserSelenium] (_getByLocator) -> Locator info found for XPATH attribute as: //a[@href='/jbilling/config/index']
12:52:23,482 INFO  [BrowserSelenium] ENTER --> (_parseElementOnXpath)
12:52:23,482 INFO  [BrowserSelenium] (_parseElementOnXpath) -> //a[@href='/jbilling/config/index'] is used
12:52:23,483 INFO  [BrowserSelenium] EXIT --> (_parseElementOnXpath)
12:52:23,483 INFO  [BrowserSelenium] EXIT --> (_getByLocator)
12:52:23,503 INFO  [BrowserSelenium] ENTER --> (_getByLocator)
12:52:23,503 INFO  [BrowserSelenium] (_getByLocator) -> Getting locator for null
12:52:23,503 INFO  [BrowserSelenium] (_getByLocator) -> Locator info found for XPATH attribute as: //a[@href='/jbilling/config/index']
12:52:23,503 INFO  [BrowserSelenium] ENTER --> (_parseElementOnXpath)
12:52:23,503 INFO  [BrowserSelenium] (_parseElementOnXpath) -> //a[@href='/jbilling/config/index'] is used
12:52:23,504 INFO  [BrowserSelenium] EXIT --> (_parseElementOnXpath)
12:52:23,504 INFO  [BrowserSelenium] EXIT --> (_getByLocator)
12:52:23,526 INFO  [BrowserSelenium] ENTER --> (_getByLocator)
12:52:23,526 INFO  [BrowserSelenium] (_getByLocator) -> Getting locator for null
12:52:23,526 INFO  [BrowserSelenium] (_getByLocator) -> Locator info found for XPATH attribute as: //a[@href='/jbilling/config/index']
12:52:23,527 INFO  [BrowserSelenium] ENTER --> (_parseElementOnXpath)
12:52:23,527 INFO  [BrowserSelenium] (_parseElementOnXpath) -> //a[@href='/jbilling/config/index'] is used
12:52:23,527 INFO  [BrowserSelenium] EXIT --> (_parseElementOnXpath)
12:52:23,527 INFO  [BrowserSelenium] EXIT --> (_getByLocator)
12:52:23,548 INFO  [BrowserSelenium] ENTER --> (_getByLocator)
12:52:23,549 INFO  [BrowserSelenium] (_getByLocator) -> Getting locator for null
12:52:23,549 INFO  [BrowserSelenium] (_getByLocator) -> Locator info found for XPATH attribute as: //a[@href='/jbilling/config/index']
12:52:23,549 INFO  [BrowserSelenium] ENTER --> (_parseElementOnXpath)
12:52:23,549 INFO  [BrowserSelenium] (_parseElementOnXpath) -> //a[@href='/jbilling/config/index'] is used
12:52:23,549 INFO  [BrowserSelenium] EXIT --> (_parseElementOnXpath)
12:52:23,549 INFO  [BrowserSelenium] EXIT --> (_getByLocator)
12:52:23,571 INFO  [BrowserSelenium] ENTER --> (_getByLocator)
12:52:23,571 INFO  [BrowserSelenium] (_getByLocator) -> Getting locator for null
12:52:23,571 INFO  [BrowserSelenium] (_getByLocator) -> Locator info found for XPATH attribute as: //a[@href='/jbilling/config/index']
12:52:23,571 INFO  [BrowserSelenium] ENTER --> (_parseElementOnXpath)
12:52:23,571 INFO  [BrowserSelenium] (_parseElementOnXpath) -> //a[@href='/jbilling/config/index'] is used
12:52:23,571 INFO  [BrowserSelenium] EXIT --> (_parseElementOnXpath)
12:52:23,571 INFO  [BrowserSelenium] EXIT --> (_getByLocator)
12:52:23,608 INFO  [BrowserSelenium] ENTER --> (_getByLocator)
12:52:23,609 INFO  [BrowserSelenium] (_getByLocator) -> Getting locator for null
12:52:23,609 INFO  [BrowserSelenium] (_getByLocator) -> Locator info found for XPATH attribute as: //a[@href='/jbilling/config/index']
12:52:23,609 INFO  [BrowserSelenium] ENTER --> (_parseElementOnXpath)
12:52:23,609 INFO  [BrowserSelenium] (_parseElementOnXpath) -> //a[@href='/jbilling/config/index'] is used
12:52:23,609 INFO  [BrowserSelenium] EXIT --> (_parseElementOnXpath)
12:52:23,609 INFO  [BrowserSelenium] EXIT --> (_getByLocator)
12:52:23,628 INFO  [BrowserSelenium] ENTER --> (_getByLocator)
12:52:23,629 INFO  [BrowserSelenium] (_getByLocator) -> Getting locator for null
12:52:23,629 INFO  [BrowserSelenium] (_getByLocator) -> Locator info found for XPATH attribute as: //a[@href='/jbilling/config/index']
12:52:23,629 INFO  [BrowserSelenium] ENTER --> (_parseElementOnXpath)
12:52:23,629 INFO  [BrowserSelenium] (_parseElementOnXpath) -> //a[@href='/jbilling/config/index'] is used
12:52:23,629 INFO  [BrowserSelenium] EXIT --> (_parseElementOnXpath)
12:52:23,629 INFO  [BrowserSelenium] EXIT --> (_getByLocator)
12:52:23,650 INFO  [BrowserSelenium] ENTER --> (_getByLocator)
12:52:23,650 INFO  [BrowserSelenium] (_getByLocator) -> Getting locator for null
12:52:23,650 INFO  [BrowserSelenium] (_getByLocator) -> Locator info found for XPATH attribute as: //a[@href='/jbilling/config/index']
12:52:23,650 INFO  [BrowserSelenium] ENTER --> (_parseElementOnXpath)
12:52:23,650 INFO  [BrowserSelenium] (_parseElementOnXpath) -> //a[@href='/jbilling/config/index'] is used
12:52:23,650 INFO  [BrowserSelenium] EXIT --> (_parseElementOnXpath)
12:52:23,651 INFO  [BrowserSelenium] EXIT --> (_getByLocator)
12:52:23,667 INFO  [BrowserSelenium] ENTER --> (_getByLocator)
12:52:23,668 INFO  [BrowserSelenium] (_getByLocator) -> Getting locator for null
12:52:23,668 INFO  [BrowserSelenium] (_getByLocator) -> Locator info found for XPATH attribute as: //a[@href='/jbilling/config/index']
12:52:23,668 INFO  [BrowserSelenium] ENTER --> (_parseElementOnXpath)
12:52:23,668 INFO  [BrowserSelenium] (_parseElementOnXpath) -> //a[@href='/jbilling/config/index'] is used
12:52:23,668 INFO  [BrowserSelenium] EXIT --> (_parseElementOnXpath)
12:52:23,668 INFO  [BrowserSelenium] EXIT --> (_getByLocator)
12:52:23,689 INFO  [BrowserSelenium] ENTER --> (_getByLocator)
12:52:23,689 INFO  [BrowserSelenium] (_getByLocator) -> Getting locator for null
12:52:23,689 INFO  [BrowserSelenium] (_getByLocator) -> Locator info found for XPATH attribute as: //a[@href='/jbilling/config/index']
12:52:23,690 INFO  [BrowserSelenium] ENTER --> (_parseElementOnXpath)
12:52:23,690 INFO  [BrowserSelenium] (_parseElementOnXpath) -> //a[@href='/jbilling/config/index'] is used
12:52:23,690 INFO  [BrowserSelenium] EXIT --> (_parseElementOnXpath)
12:52:23,690 INFO  [BrowserSelenium] EXIT --> (_getByLocator)
12:52:23,714 INFO  [BrowserSelenium] ENTER --> (_getByLocator)
12:52:23,715 INFO  [BrowserSelenium] (_getByLocator) -> Getting locator for null
12:52:23,715 INFO  [BrowserSelenium] (_getByLocator) -> Locator info found for XPATH attribute as: //a[@href='/jbilling/config/index']
12:52:23,715 INFO  [BrowserSelenium] ENTER --> (_parseElementOnXpath)
12:52:23,715 INFO  [BrowserSelenium] (_parseElementOnXpath) -> //a[@href='/jbilling/config/index'] is used
12:52:23,715 INFO  [BrowserSelenium] EXIT --> (_parseElementOnXpath)
12:52:23,715 INFO  [BrowserSelenium] EXIT --> (_getByLocator)
12:52:23,742 INFO  [BrowserSelenium] ENTER --> (_getByLocator)
12:52:23,743 INFO  [BrowserSelenium] (_getByLocator) -> Getting locator for null
12:52:23,743 INFO  [BrowserSelenium] (_getByLocator) -> Locator info found for XPATH attribute as: //a[@href='/jbilling/config/index']
12:52:23,743 INFO  [BrowserSelenium] ENTER --> (_parseElementOnXpath)
12:52:23,743 INFO  [BrowserSelenium] (_parseElementOnXpath) -> //a[@href='/jbilling/config/index'] is used
12:52:23,743 INFO  [BrowserSelenium] EXIT --> (_parseElementOnXpath)
12:52:23,743 INFO  [BrowserSelenium] EXIT --> (_getByLocator)
12:52:23,764 INFO  [BrowserSelenium] ENTER --> (_getByLocator)
12:52:23,764 INFO  [BrowserSelenium] (_getByLocator) -> Getting locator for null
12:52:23,764 INFO  [BrowserSelenium] (_getByLocator) -> Locator info found for XPATH attribute as: //a[@href='/jbilling/config/index']
12:52:23,764 INFO  [BrowserSelenium] ENTER --> (_parseElementOnXpath)
12:52:23,765 INFO  [BrowserSelenium] (_parseElementOnXpath) -> //a[@href='/jbilling/config/index'] is used
12:52:23,765 INFO  [BrowserSelenium] EXIT --> (_parseElementOnXpath)
12:52:23,765 INFO  [BrowserSelenium] EXIT --> (_getByLocator)
12:52:23,788 INFO  [BrowserSelenium] ENTER --> (_getByLocator)
12:52:23,788 INFO  [BrowserSelenium] (_getByLocator) -> Getting locator for null
12:52:23,788 INFO  [BrowserSelenium] (_getByLocator) -> Locator info found for XPATH attribute as: //a[@href='/jbilling/config/index']
12:52:23,789 INFO  [BrowserSelenium] ENTER --> (_parseElementOnXpath)
12:52:23,789 INFO  [BrowserSelenium] (_parseElementOnXpath) -> //a[@href='/jbilling/config/index'] is used
12:52:23,789 INFO  [BrowserSelenium] EXIT --> (_parseElementOnXpath)
12:52:23,789 INFO  [BrowserSelenium] EXIT --> (_getByLocator)
12:52:23,814 INFO  [BrowserSelenium] ENTER --> (_getByLocator)
12:52:23,814 INFO  [BrowserSelenium] (_getByLocator) -> Getting locator for null
12:52:23,814 INFO  [BrowserSelenium] (_getByLocator) -> Locator info found for XPATH attribute as: //a[@href='/jbilling/config/index']
12:52:23,814 INFO  [BrowserSelenium] ENTER --> (_parseElementOnXpath)
12:52:23,814 INFO  [BrowserSelenium] (_parseElementOnXpath) -> //a[@href='/jbilling/config/index'] is used
12:52:23,815 INFO  [BrowserSelenium] EXIT --> (_parseElementOnXpath)
12:52:23,815 INFO  [BrowserSelenium] EXIT --> (_getByLocator)
12:52:23,836 INFO  [BrowserSelenium] ENTER --> (_getByLocator)
12:52:23,837 INFO  [BrowserSelenium] (_getByLocator) -> Getting locator for null
12:52:23,837 INFO  [BrowserSelenium] (_getByLocator) -> Locator info found for XPATH attribute as: //a[@href='/jbilling/config/index']
12:52:23,837 INFO  [BrowserSelenium] ENTER --> (_parseElementOnXpath)
12:52:23,837 INFO  [BrowserSelenium] (_parseElementOnXpath) -> //a[@href='/jbilling/config/index'] is used
12:52:23,837 INFO  [BrowserSelenium] EXIT --> (_parseElementOnXpath)
12:52:23,837 INFO  [BrowserSelenium] EXIT --> (_getByLocator)
12:52:23,862 INFO  [BrowserSelenium] ENTER --> (_getByLocator)
12:52:23,862 INFO  [BrowserSelenium] (_getByLocator) -> Getting locator for null
12:52:23,862 INFO  [BrowserSelenium] (_getByLocator) -> Locator info found for XPATH attribute as: //a[@href='/jbilling/config/index']
12:52:23,862 INFO  [BrowserSelenium] ENTER --> (_parseElementOnXpath)
12:52:23,863 INFO  [BrowserSelenium] (_parseElementOnXpath) -> //a[@href='/jbilling/config/index'] is used
12:52:23,863 INFO  [BrowserSelenium] EXIT --> (_parseElementOnXpath)
12:52:23,863 INFO  [BrowserSelenium] EXIT --> (_getByLocator)
12:52:23,887 INFO  [BrowserSelenium] ENTER --> (_getByLocator)
12:52:23,887 INFO  [BrowserSelenium] (_getByLocator) -> Getting locator for null
12:52:23,888 INFO  [BrowserSelenium] (_getByLocator) -> Locator info found for XPATH attribute as: //a[@href='/jbilling/config/index']
12:52:23,888 INFO  [BrowserSelenium] ENTER --> (_parseElementOnXpath)
12:52:23,888 INFO  [BrowserSelenium] (_parseElementOnXpath) -> //a[@href='/jbilling/config/index'] is used
12:52:23,888 INFO  [BrowserSelenium] EXIT --> (_parseElementOnXpath)
12:52:23,888 INFO  [BrowserSelenium] EXIT --> (_getByLocator)
12:52:23,912 INFO  [BrowserSelenium] ENTER --> (_getByLocator)
12:52:23,912 INFO  [BrowserSelenium] (_getByLocator) -> Getting locator for null
12:52:23,913 INFO  [BrowserSelenium] (_getByLocator) -> Locator info found for XPATH attribute as: //a[@href='/jbilling/config/index']
12:52:23,913 INFO  [BrowserSelenium] ENTER --> (_parseElementOnXpath)
12:52:23,913 INFO  [BrowserSelenium] (_parseElementOnXpath) -> //a[@href='/jbilling/config/index'] is used
12:52:23,913 INFO  [BrowserSelenium] EXIT --> (_parseElementOnXpath)
12:52:23,913 INFO  [BrowserSelenium] EXIT --> (_getByLocator)
12:52:23,939 INFO  [BrowserSelenium] ENTER --> (_getByLocator)
12:52:23,939 INFO  [BrowserSelenium] (_getByLocator) -> Getting locator for null
12:52:23,940 INFO  [BrowserSelenium] (_getByLocator) -> Locator info found for XPATH attribute as: //a[@href='/jbilling/config/index']
12:52:23,940 INFO  [BrowserSelenium] ENTER --> (_parseElementOnXpath)
12:52:23,940 INFO  [BrowserSelenium] (_parseElementOnXpath) -> //a[@href='/jbilling/config/index'] is used
12:52:23,940 INFO  [BrowserSelenium] EXIT --> (_parseElementOnXpath)
12:52:23,940 INFO  [BrowserSelenium] EXIT --> (_getByLocator)
12:52:23,963 INFO  [BrowserSelenium] ENTER --> (_getByLocator)
12:52:23,963 INFO  [BrowserSelenium] (_getByLocator) -> Getting locator for null
12:52:23,964 INFO  [BrowserSelenium] (_getByLocator) -> Locator info found for XPATH attribute as: //a[@href='/jbilling/config/index']
12:52:23,964 INFO  [BrowserSelenium] ENTER --> (_parseElementOnXpath)
12:52:23,964 INFO  [BrowserSelenium] (_parseElementOnXpath) -> //a[@href='/jbilling/config/index'] is used
12:52:23,964 INFO  [BrowserSelenium] EXIT --> (_parseElementOnXpath)
12:52:23,964 INFO  [BrowserSelenium] EXIT --> (_getByLocator)
12:52:23,987 INFO  [BrowserSelenium] ENTER --> (_getByLocator)
12:52:23,988 INFO  [BrowserSelenium] (_getByLocator) -> Getting locator for null
12:52:23,988 INFO  [BrowserSelenium] (_getByLocator) -> Locator info found for XPATH attribute as: //a[@href='/jbilling/config/index']
12:52:23,988 INFO  [BrowserSelenium] ENTER --> (_parseElementOnXpath)
12:52:23,988 INFO  [BrowserSelenium] (_parseElementOnXpath) -> //a[@href='/jbilling/config/index'] is used
12:52:23,988 INFO  [BrowserSelenium] EXIT --> (_parseElementOnXpath)
12:52:23,988 INFO  [BrowserSelenium] EXIT --> (_getByLocator)
12:52:24,008 INFO  [BrowserSelenium] ENTER --> (_getByLocator)
12:52:24,009 INFO  [BrowserSelenium] (_getByLocator) -> Getting locator for null
12:52:24,009 INFO  [BrowserSelenium] (_getByLocator) -> Locator info found for XPATH attribute as: //a[@href='/jbilling/config/index']
12:52:24,009 INFO  [BrowserSelenium] ENTER --> (_parseElementOnXpath)
12:52:24,009 INFO  [BrowserSelenium] (_parseElementOnXpath) -> //a[@href='/jbilling/config/index'] is used
12:52:24,009 INFO  [BrowserSelenium] EXIT --> (_parseElementOnXpath)
12:52:24,009 INFO  [BrowserSelenium] EXIT --> (_getByLocator)
12:52:24,031 INFO  [BrowserSelenium] ENTER --> (_getByLocator)
12:52:24,032 INFO  [BrowserSelenium] (_getByLocator) -> Getting locator for null
12:52:24,032 INFO  [BrowserSelenium] (_getByLocator) -> Locator info found for XPATH attribute as: //a[@href='/jbilling/config/index']
12:52:24,032 INFO  [BrowserSelenium] ENTER --> (_parseElementOnXpath)
12:52:24,032 INFO  [BrowserSelenium] (_parseElementOnXpath) -> //a[@href='/jbilling/config/index'] is used
12:52:24,032 INFO  [BrowserSelenium] EXIT --> (_parseElementOnXpath)
12:52:24,033 INFO  [BrowserSelenium] EXIT --> (_getByLocator)
12:52:24,059 INFO  [BrowserSelenium] ENTER --> (_getByLocator)
12:52:24,059 INFO  [BrowserSelenium] (_getByLocator) -> Getting locator for null
12:52:24,059 INFO  [BrowserSelenium] (_getByLocator) -> Locator info found for XPATH attribute as: //a[@href='/jbilling/config/index']
12:52:24,059 INFO  [BrowserSelenium] ENTER --> (_parseElementOnXpath)
12:52:24,059 INFO  [BrowserSelenium] (_parseElementOnXpath) -> //a[@href='/jbilling/config/index'] is used
12:52:24,060 INFO  [BrowserSelenium] EXIT --> (_parseElementOnXpath)
12:52:24,060 INFO  [BrowserSelenium] EXIT --> (_getByLocator)
12:52:24,085 INFO  [BrowserSelenium] ENTER --> (_getByLocator)
12:52:24,085 INFO  [BrowserSelenium] (_getByLocator) -> Getting locator for null
12:52:24,085 INFO  [BrowserSelenium] (_getByLocator) -> Locator info found for XPATH attribute as: //a[@href='/jbilling/config/index']
12:52:24,085 INFO  [BrowserSelenium] ENTER --> (_parseElementOnXpath)
12:52:24,086 INFO  [BrowserSelenium] (_parseElementOnXpath) -> //a[@href='/jbilling/config/index'] is used
12:52:24,086 INFO  [BrowserSelenium] EXIT --> (_parseElementOnXpath)
12:52:24,086 INFO  [BrowserSelenium] EXIT --> (_getByLocator)
12:52:24,114 INFO  [BrowserSelenium] ENTER --> (_getByLocator)
12:52:24,114 INFO  [BrowserSelenium] (_getByLocator) -> Getting locator for null
12:52:24,114 INFO  [BrowserSelenium] (_getByLocator) -> Locator info found for XPATH attribute as: //a[@href='/jbilling/config/index']
12:52:24,114 INFO  [BrowserSelenium] ENTER --> (_parseElementOnXpath)
12:52:24,114 INFO  [BrowserSelenium] (_parseElementOnXpath) -> //a[@href='/jbilling/config/index'] is used
12:52:24,114 INFO  [BrowserSelenium] EXIT --> (_parseElementOnXpath)
12:52:24,115 INFO  [BrowserSelenium] EXIT --> (_getByLocator)
12:52:24,140 INFO  [BrowserSelenium] ENTER --> (_getByLocator)
12:52:24,140 INFO  [BrowserSelenium] (_getByLocator) -> Getting locator for null
12:52:24,141 INFO  [BrowserSelenium] (_getByLocator) -> Locator info found for XPATH attribute as: //a[@href='/jbilling/config/index']
12:52:24,141 INFO  [BrowserSelenium] ENTER --> (_parseElementOnXpath)
12:52:24,141 INFO  [BrowserSelenium] (_parseElementOnXpath) -> //a[@href='/jbilling/config/index'] is used
12:52:24,141 INFO  [BrowserSelenium] EXIT --> (_parseElementOnXpath)
12:52:24,141 INFO  [BrowserSelenium] EXIT --> (_getByLocator)
12:52:24,165 INFO  [BrowserSelenium] ENTER --> (_getByLocator)
12:52:24,165 INFO  [BrowserSelenium] (_getByLocator) -> Getting locator for null
12:52:24,165 INFO  [BrowserSelenium] (_getByLocator) -> Locator info found for XPATH attribute as: //a[@href='/jbilling/config/index']
12:52:24,165 INFO  [BrowserSelenium] ENTER --> (_parseElementOnXpath)
12:52:24,165 INFO  [BrowserSelenium] (_parseElementOnXpath) -> //a[@href='/jbilling/config/index'] is used
12:52:24,166 INFO  [BrowserSelenium] EXIT --> (_parseElementOnXpath)
12:52:24,166 INFO  [BrowserSelenium] EXIT --> (_getByLocator)
12:52:24,189 INFO  [BrowserSelenium] ENTER --> (_getByLocator)
12:52:24,189 INFO  [BrowserSelenium] (_getByLocator) -> Getting locator for null
12:52:24,189 INFO  [BrowserSelenium] (_getByLocator) -> Locator info found for XPATH attribute as: //a[@href='/jbilling/config/index']
12:52:24,189 INFO  [BrowserSelenium] ENTER --> (_parseElementOnXpath)
12:52:24,190 INFO  [BrowserSelenium] (_parseElementOnXpath) -> //a[@href='/jbilling/config/index'] is used
12:52:24,190 INFO  [BrowserSelenium] EXIT --> (_parseElementOnXpath)
12:52:24,190 INFO  [BrowserSelenium] EXIT --> (_getByLocator)
12:52:24,214 INFO  [BrowserSelenium] ENTER --> (_getByLocator)
12:52:24,214 INFO  [BrowserSelenium] (_getByLocator) -> Getting locator for null
12:52:24,214 INFO  [BrowserSelenium] (_getByLocator) -> Locator info found for XPATH attribute as: //a[@href='/jbilling/config/index']
12:52:24,215 INFO  [BrowserSelenium] ENTER --> (_parseElementOnXpath)
12:52:24,215 INFO  [BrowserSelenium] (_parseElementOnXpath) -> //a[@href='/jbilling/config/index'] is used
12:52:24,215 INFO  [BrowserSelenium] EXIT --> (_parseElementOnXpath)
12:52:24,215 INFO  [BrowserSelenium] EXIT --> (_getByLocator)
12:52:24,238 INFO  [BrowserSelenium] ENTER --> (_getByLocator)
12:52:24,239 INFO  [BrowserSelenium] (_getByLocator) -> Getting locator for null
12:52:24,239 INFO  [BrowserSelenium] (_getByLocator) -> Locator info found for XPATH attribute as: //a[@href='/jbilling/config/index']
12:52:24,239 INFO  [BrowserSelenium] ENTER --> (_parseElementOnXpath)
12:52:24,239 INFO  [BrowserSelenium] (_parseElementOnXpath) -> //a[@href='/jbilling/config/index'] is used
12:52:24,239 INFO  [BrowserSelenium] EXIT --> (_parseElementOnXpath)
12:52:24,239 INFO  [BrowserSelenium] EXIT --> (_getByLocator)
12:52:24,259 INFO  [BrowserSelenium] ENTER --> (_getByLocator)
12:52:24,260 INFO  [BrowserSelenium] (_getByLocator) -> Getting locator for null
12:52:24,260 INFO  [BrowserSelenium] (_getByLocator) -> Locator info found for XPATH attribute as: //a[@href='/jbilling/config/index']
12:52:24,260 INFO  [BrowserSelenium] ENTER --> (_parseElementOnXpath)
12:52:24,260 INFO  [BrowserSelenium] (_parseElementOnXpath) -> //a[@href='/jbilling/config/index'] is used
12:52:24,260 INFO  [BrowserSelenium] EXIT --> (_parseElementOnXpath)
12:52:24,261 INFO  [BrowserSelenium] EXIT --> (_getByLocator)
12:52:24,278 INFO  [BrowserSelenium] ENTER --> (_getByLocator)
12:52:24,278 INFO  [BrowserSelenium] (_getByLocator) -> Getting locator for null
12:52:24,278 INFO  [BrowserSelenium] (_getByLocator) -> Locator info found for XPATH attribute as: //a[@href='/jbilling/config/index']
12:52:24,278 INFO  [BrowserSelenium] ENTER --> (_parseElementOnXpath)
12:52:24,279 INFO  [BrowserSelenium] (_parseElementOnXpath) -> //a[@href='/jbilling/config/index'] is used
12:52:24,279 INFO  [BrowserSelenium] EXIT --> (_parseElementOnXpath)
12:52:24,279 INFO  [BrowserSelenium] EXIT --> (_getByLocator)
12:52:24,297 INFO  [BrowserSelenium] ENTER --> (_getByLocator)
12:52:24,297 INFO  [BrowserSelenium] (_getByLocator) -> Getting locator for null
12:52:24,297 INFO  [BrowserSelenium] (_getByLocator) -> Locator info found for XPATH attribute as: //a[@href='/jbilling/config/index']
12:52:24,297 INFO  [BrowserSelenium] ENTER --> (_parseElementOnXpath)
12:52:24,298 INFO  [BrowserSelenium] (_parseElementOnXpath) -> //a[@href='/jbilling/config/index'] is used
12:52:24,298 INFO  [BrowserSelenium] EXIT --> (_parseElementOnXpath)
12:52:24,298 INFO  [BrowserSelenium] EXIT --> (_getByLocator)
12:52:24,315 INFO  [BrowserSelenium] ENTER --> (_getByLocator)
12:52:24,316 INFO  [BrowserSelenium] (_getByLocator) -> Getting locator for null
12:52:24,316 INFO  [BrowserSelenium] (_getByLocator) -> Locator info found for XPATH attribute as: //a[@href='/jbilling/config/index']
12:52:24,316 INFO  [BrowserSelenium] ENTER --> (_parseElementOnXpath)
12:52:24,316 INFO  [BrowserSelenium] (_parseElementOnXpath) -> //a[@href='/jbilling/config/index'] is used
12:52:24,316 INFO  [BrowserSelenium] EXIT --> (_parseElementOnXpath)
12:52:24,317 INFO  [BrowserSelenium] EXIT --> (_getByLocator)
12:52:24,336 INFO  [BrowserSelenium] ENTER --> (_getByLocator)
12:52:24,337 INFO  [BrowserSelenium] (_getByLocator) -> Getting locator for null
12:52:24,337 INFO  [BrowserSelenium] (_getByLocator) -> Locator info found for XPATH attribute as: //a[@href='/jbilling/config/index']
12:52:24,337 INFO  [BrowserSelenium] ENTER --> (_parseElementOnXpath)
12:52:24,337 INFO  [BrowserSelenium] (_parseElementOnXpath) -> //a[@href='/jbilling/config/index'] is used
12:52:24,337 INFO  [BrowserSelenium] EXIT --> (_parseElementOnXpath)
12:52:24,337 INFO  [BrowserSelenium] EXIT --> (_getByLocator)
12:52:24,354 INFO  [BrowserSelenium] ENTER --> (_getByLocator)
12:52:24,354 INFO  [BrowserSelenium] (_getByLocator) -> Getting locator for null
12:52:24,354 INFO  [BrowserSelenium] (_getByLocator) -> Locator info found for XPATH attribute as: //a[@href='/jbilling/config/index']
12:52:24,354 INFO  [BrowserSelenium] ENTER --> (_parseElementOnXpath)
12:52:24,355 INFO  [BrowserSelenium] (_parseElementOnXpath) -> //a[@href='/jbilling/config/index'] is used
12:52:24,355 INFO  [BrowserSelenium] EXIT --> (_parseElementOnXpath)
12:52:24,355 INFO  [BrowserSelenium] EXIT --> (_getByLocator)
12:52:24,372 INFO  [BrowserSelenium] ENTER --> (_getByLocator)
12:52:24,372 INFO  [BrowserSelenium] (_getByLocator) -> Getting locator for null
12:52:24,373 INFO  [BrowserSelenium] (_getByLocator) -> Locator info found for XPATH attribute as: //a[@href='/jbilling/config/index']
12:52:24,373 INFO  [BrowserSelenium] ENTER --> (_parseElementOnXpath)
12:52:24,373 INFO  [BrowserSelenium] (_parseElementOnXpath) -> //a[@href='/jbilling/config/index'] is used
12:52:24,373 INFO  [BrowserSelenium] EXIT --> (_parseElementOnXpath)
12:52:24,373 INFO  [BrowserSelenium] EXIT --> (_getByLocator)
12:52:24,391 INFO  [BrowserSelenium] ENTER --> (_getByLocator)
12:52:24,391 INFO  [BrowserSelenium] (_getByLocator) -> Getting locator for null
12:52:24,392 INFO  [BrowserSelenium] (_getByLocator) -> Locator info found for XPATH attribute as: //a[@href='/jbilling/config/index']
12:52:24,392 INFO  [BrowserSelenium] ENTER --> (_parseElementOnXpath)
12:52:24,392 INFO  [BrowserSelenium] (_parseElementOnXpath) -> //a[@href='/jbilling/config/index'] is used
12:52:24,392 INFO  [BrowserSelenium] EXIT --> (_parseElementOnXpath)
12:52:24,392 INFO  [BrowserSelenium] EXIT --> (_getByLocator)
12:52:24,409 INFO  [BrowserSelenium] ENTER --> (_getByLocator)
12:52:24,410 INFO  [BrowserSelenium] (_getByLocator) -> Getting locator for null
12:52:24,410 INFO  [BrowserSelenium] (_getByLocator) -> Locator info found for XPATH attribute as: //a[@href='/jbilling/config/index']
12:52:24,410 INFO  [BrowserSelenium] ENTER --> (_parseElementOnXpath)
12:52:24,410 INFO  [BrowserSelenium] (_parseElementOnXpath) -> //a[@href='/jbilling/config/index'] is used
12:52:24,410 INFO  [BrowserSelenium] EXIT --> (_parseElementOnXpath)
12:52:24,410 INFO  [BrowserSelenium] EXIT --> (_getByLocator)
12:52:24,427 INFO  [BrowserSelenium] ENTER --> (_getByLocator)
12:52:24,427 INFO  [BrowserSelenium] (_getByLocator) -> Getting locator for null
12:52:24,427 INFO  [BrowserSelenium] (_getByLocator) -> Locator info found for XPATH attribute as: //a[@href='/jbilling/config/index']
12:52:24,427 INFO  [BrowserSelenium] ENTER --> (_parseElementOnXpath)
12:52:24,427 INFO  [BrowserSelenium] (_parseElementOnXpath) -> //a[@href='/jbilling/config/index'] is used
12:52:24,427 INFO  [BrowserSelenium] EXIT --> (_parseElementOnXpath)
12:52:24,428 INFO  [BrowserSelenium] EXIT --> (_getByLocator)
12:52:24,444 INFO  [BrowserSelenium] ENTER --> (_getByLocator)
12:52:24,444 INFO  [BrowserSelenium] (_getByLocator) -> Getting locator for null
12:52:24,444 INFO  [BrowserSelenium] (_getByLocator) -> Locator info found for XPATH attribute as: //a[@href='/jbilling/config/index']
12:52:24,444 INFO  [BrowserSelenium] ENTER --> (_parseElementOnXpath)
12:52:24,444 INFO  [BrowserSelenium] (_parseElementOnXpath) -> //a[@href='/jbilling/config/index'] is used
12:52:24,445 INFO  [BrowserSelenium] EXIT --> (_parseElementOnXpath)
12:52:24,445 INFO  [BrowserSelenium] EXIT --> (_getByLocator)
12:52:24,461 INFO  [BrowserSelenium] ENTER --> (_getByLocator)
12:52:24,461 INFO  [BrowserSelenium] (_getByLocator) -> Getting locator for null
12:52:24,461 INFO  [BrowserSelenium] (_getByLocator) -> Locator info found for XPATH attribute as: //a[@href='/jbilling/config/index']
12:52:24,461 INFO  [BrowserSelenium] ENTER --> (_parseElementOnXpath)
12:52:24,462 INFO  [BrowserSelenium] (_parseElementOnXpath) -> //a[@href='/jbilling/config/index'] is used
12:52:24,462 INFO  [BrowserSelenium] EXIT --> (_parseElementOnXpath)
12:52:24,462 INFO  [BrowserSelenium] EXIT --> (_getByLocator)
12:52:24,479 INFO  [BrowserSelenium] ENTER --> (_getByLocator)
12:52:24,479 INFO  [BrowserSelenium] (_getByLocator) -> Getting locator for null
12:52:24,479 INFO  [BrowserSelenium] (_getByLocator) -> Locator info found for XPATH attribute as: //a[@href='/jbilling/config/index']
12:52:24,479 INFO  [BrowserSelenium] ENTER --> (_parseElementOnXpath)
12:52:24,479 INFO  [BrowserSelenium] (_parseElementOnXpath) -> //a[@href='/jbilling/config/index'] is used
12:52:24,479 INFO  [BrowserSelenium] EXIT --> (_parseElementOnXpath)
12:52:24,479 INFO  [BrowserSelenium] EXIT --> (_getByLocator)
12:52:24,497 INFO  [BrowserSelenium] ENTER --> (_getByLocator)
12:52:24,497 INFO  [BrowserSelenium] (_getByLocator) -> Getting locator for null
12:52:24,497 INFO  [BrowserSelenium] (_getByLocator) -> Locator info found for XPATH attribute as: //a[@href='/jbilling/config/index']
12:52:24,497 INFO  [BrowserSelenium] ENTER --> (_parseElementOnXpath)
12:52:24,497 INFO  [BrowserSelenium] (_parseElementOnXpath) -> //a[@href='/jbilling/config/index'] is used
12:52:24,497 INFO  [BrowserSelenium] EXIT --> (_parseElementOnXpath)
12:52:24,497 INFO  [BrowserSelenium] EXIT --> (_getByLocator)
12:52:24,514 INFO  [BrowserSelenium] ENTER --> (_getByLocator)
12:52:24,514 INFO  [BrowserSelenium] (_getByLocator) -> Getting locator for null
12:52:24,514 INFO  [BrowserSelenium] (_getByLocator) -> Locator info found for XPATH attribute as: //a[@href='/jbilling/config/index']
12:52:24,515 INFO  [BrowserSelenium] ENTER --> (_parseElementOnXpath)
12:52:24,515 INFO  [BrowserSelenium] (_parseElementOnXpath) -> //a[@href='/jbilling/config/index'] is used
12:52:24,515 INFO  [BrowserSelenium] EXIT --> (_parseElementOnXpath)
12:52:24,515 INFO  [BrowserSelenium] EXIT --> (_getByLocator)
12:52:24,533 INFO  [BrowserSelenium] ENTER --> (_getByLocator)
12:52:24,533 INFO  [BrowserSelenium] (_getByLocator) -> Getting locator for null
12:52:24,533 INFO  [BrowserSelenium] (_getByLocator) -> Locator info found for XPATH attribute as: //a[@href='/jbilling/config/index']
12:52:24,533 INFO  [BrowserSelenium] ENTER --> (_parseElementOnXpath)
12:52:24,533 INFO  [BrowserSelenium] (_parseElementOnXpath) -> //a[@href='/jbilling/config/index'] is used
12:52:24,533 INFO  [BrowserSelenium] EXIT --> (_parseElementOnXpath)
12:52:24,533 INFO  [BrowserSelenium] EXIT --> (_getByLocator)
12:52:24,554 INFO  [BrowserSelenium] ENTER --> (_getByLocator)
12:52:24,554 INFO  [BrowserSelenium] (_getByLocator) -> Getting locator for null
12:52:24,554 INFO  [BrowserSelenium] (_getByLocator) -> Locator info found for XPATH attribute as: //a[@href='/jbilling/config/index']
12:52:24,554 INFO  [BrowserSelenium] ENTER --> (_parseElementOnXpath)
12:52:24,555 INFO  [BrowserSelenium] (_parseElementOnXpath) -> //a[@href='/jbilling/config/index'] is used
12:52:24,555 INFO  [BrowserSelenium] EXIT --> (_parseElementOnXpath)
12:52:24,555 INFO  [BrowserSelenium] EXIT --> (_getByLocator)
12:52:24,574 INFO  [BrowserSelenium] ENTER --> (_getByLocator)
12:52:24,574 INFO  [BrowserSelenium] (_getByLocator) -> Getting locator for null
12:52:24,574 INFO  [BrowserSelenium] (_getByLocator) -> Locator info found for XPATH attribute as: //a[@href='/jbilling/config/index']
12:52:24,574 INFO  [BrowserSelenium] ENTER --> (_parseElementOnXpath)
12:52:24,575 INFO  [BrowserSelenium] (_parseElementOnXpath) -> //a[@href='/jbilling/config/index'] is used
12:52:24,575 INFO  [BrowserSelenium] EXIT --> (_parseElementOnXpath)
12:52:24,575 INFO  [BrowserSelenium] EXIT --> (_getByLocator)
12:52:24,596 INFO  [BrowserSelenium] ENTER --> (_getByLocator)
12:52:24,597 INFO  [BrowserSelenium] (_getByLocator) -> Getting locator for null
12:52:24,597 INFO  [BrowserSelenium] (_getByLocator) -> Locator info found for XPATH attribute as: //a[@href='/jbilling/config/index']
12:52:24,597 INFO  [BrowserSelenium] ENTER --> (_parseElementOnXpath)
12:52:24,597 INFO  [BrowserSelenium] (_parseElementOnXpath) -> //a[@href='/jbilling/config/index'] is used
12:52:24,597 INFO  [BrowserSelenium] EXIT --> (_parseElementOnXpath)
12:52:24,597 INFO  [BrowserSelenium] EXIT --> (_getByLocator)
12:52:24,618 INFO  [BrowserSelenium] ENTER --> (_getByLocator)
12:52:24,618 INFO  [BrowserSelenium] (_getByLocator) -> Getting locator for null
12:52:24,618 INFO  [BrowserSelenium] (_getByLocator) -> Locator info found for XPATH attribute as: //a[@href='/jbilling/config/index']
12:52:24,619 INFO  [BrowserSelenium] ENTER --> (_parseElementOnXpath)
12:52:24,619 INFO  [BrowserSelenium] (_parseElementOnXpath) -> //a[@href='/jbilling/config/index'] is used
12:52:24,619 INFO  [BrowserSelenium] EXIT --> (_parseElementOnXpath)
12:52:24,619 INFO  [BrowserSelenium] EXIT --> (_getByLocator)
12:52:24,638 INFO  [BrowserSelenium] ENTER --> (_getByLocator)
12:52:24,638 INFO  [BrowserSelenium] (_getByLocator) -> Getting locator for null
12:52:24,638 INFO  [BrowserSelenium] (_getByLocator) -> Locator info found for XPATH attribute as: //a[@href='/jbilling/config/index']
12:52:24,638 INFO  [BrowserSelenium] ENTER --> (_parseElementOnXpath)
12:52:24,638 INFO  [BrowserSelenium] (_parseElementOnXpath) -> //a[@href='/jbilling/config/index'] is used
12:52:24,638 INFO  [BrowserSelenium] EXIT --> (_parseElementOnXpath)
12:52:24,639 INFO  [BrowserSelenium] EXIT --> (_getByLocator)
12:52:24,655 INFO  [BrowserSelenium] ENTER --> (_getByLocator)
12:52:24,655 INFO  [BrowserSelenium] (_getByLocator) -> Getting locator for null
12:52:24,655 INFO  [BrowserSelenium] (_getByLocator) -> Locator info found for XPATH attribute as: //a[@href='/jbilling/config/index']
12:52:24,655 INFO  [BrowserSelenium] ENTER --> (_parseElementOnXpath)
12:52:24,655 INFO  [BrowserSelenium] (_parseElementOnXpath) -> //a[@href='/jbilling/config/index'] is used
12:52:24,656 INFO  [BrowserSelenium] EXIT --> (_parseElementOnXpath)
12:52:24,656 INFO  [BrowserSelenium] EXIT --> (_getByLocator)
12:52:24,672 INFO  [BrowserSelenium] ENTER --> (_getByLocator)
12:52:24,673 INFO  [BrowserSelenium] (_getByLocator) -> Getting locator for null
12:52:24,673 INFO  [BrowserSelenium] (_getByLocator) -> Locator info found for XPATH attribute as: //a[@href='/jbilling/config/index']
12:52:24,673 INFO  [BrowserSelenium] ENTER --> (_parseElementOnXpath)
12:52:24,673 INFO  [BrowserSelenium] (_parseElementOnXpath) -> //a[@href='/jbilling/config/index'] is used
12:52:24,673 INFO  [BrowserSelenium] EXIT --> (_parseElementOnXpath)
12:52:24,673 INFO  [BrowserSelenium] EXIT --> (_getByLocator)
12:52:24,690 INFO  [BrowserSelenium] ENTER --> (_getByLocator)
12:52:24,690 INFO  [BrowserSelenium] (_getByLocator) -> Getting locator for null
12:52:24,690 INFO  [BrowserSelenium] (_getByLocator) -> Locator info found for XPATH attribute as: //a[@href='/jbilling/config/index']
12:52:24,690 INFO  [BrowserSelenium] ENTER --> (_parseElementOnXpath)
12:52:24,691 INFO  [BrowserSelenium] (_parseElementOnXpath) -> //a[@href='/jbilling/config/index'] is used
12:52:24,691 INFO  [BrowserSelenium] EXIT --> (_parseElementOnXpath)
12:52:24,691 INFO  [BrowserSelenium] EXIT --> (_getByLocator)
12:52:24,707 INFO  [BrowserSelenium] ENTER --> (_getByLocator)
12:52:24,707 INFO  [BrowserSelenium] (_getByLocator) -> Getting locator for null
12:52:24,708 INFO  [BrowserSelenium] (_getByLocator) -> Locator info found for XPATH attribute as: //a[@href='/jbilling/config/index']
12:52:24,708 INFO  [BrowserSelenium] ENTER --> (_parseElementOnXpath)
12:52:24,708 INFO  [BrowserSelenium] (_parseElementOnXpath) -> //a[@href='/jbilling/config/index'] is used
12:52:24,708 INFO  [BrowserSelenium] EXIT --> (_parseElementOnXpath)
12:52:24,708 INFO  [BrowserSelenium] EXIT --> (_getByLocator)
12:52:24,728 INFO  [BrowserSelenium] ENTER --> (_getByLocator)
12:52:24,728 INFO  [BrowserSelenium] (_getByLocator) -> Getting locator for null
12:52:24,728 INFO  [BrowserSelenium] (_getByLocator) -> Locator info found for XPATH attribute as: //a[@href='/jbilling/config/index']
12:52:24,728 INFO  [BrowserSelenium] ENTER --> (_parseElementOnXpath)
12:52:24,728 INFO  [BrowserSelenium] (_parseElementOnXpath) -> //a[@href='/jbilling/config/index'] is used
12:52:24,728 INFO  [BrowserSelenium] EXIT --> (_parseElementOnXpath)
12:52:24,728 INFO  [BrowserSelenium] EXIT --> (_getByLocator)
12:52:24,747 INFO  [BrowserSelenium] ENTER --> (_getByLocator)
12:52:24,747 INFO  [BrowserSelenium] (_getByLocator) -> Getting locator for null
12:52:24,748 INFO  [BrowserSelenium] (_getByLocator) -> Locator info found for XPATH attribute as: //a[@href='/jbilling/config/index']
12:52:24,748 INFO  [BrowserSelenium] ENTER --> (_parseElementOnXpath)
12:52:24,748 INFO  [BrowserSelenium] (_parseElementOnXpath) -> //a[@href='/jbilling/config/index'] is used
12:52:24,748 INFO  [BrowserSelenium] EXIT --> (_parseElementOnXpath)
12:52:24,748 INFO  [BrowserSelenium] EXIT --> (_getByLocator)
12:52:24,773 INFO  [BrowserSelenium] ENTER --> (_getByLocator)
12:52:24,773 INFO  [BrowserSelenium] (_getByLocator) -> Getting locator for null
12:52:24,773 INFO  [BrowserSelenium] (_getByLocator) -> Locator info found for XPATH attribute as: //a[@href='/jbilling/config/index']
12:52:24,774 INFO  [BrowserSelenium] ENTER --> (_parseElementOnXpath)
12:52:24,774 INFO  [BrowserSelenium] (_parseElementOnXpath) -> //a[@href='/jbilling/config/index'] is used
12:52:24,774 INFO  [BrowserSelenium] EXIT --> (_parseElementOnXpath)
12:52:24,774 INFO  [BrowserSelenium] EXIT --> (_getByLocator)
12:52:24,799 INFO  [BrowserSelenium] ENTER --> (_getByLocator)
12:52:24,800 INFO  [BrowserSelenium] (_getByLocator) -> Getting locator for null
12:52:24,800 INFO  [BrowserSelenium] (_getByLocator) -> Locator info found for XPATH attribute as: //a[@href='/jbilling/config/index']
12:52:24,800 INFO  [BrowserSelenium] ENTER --> (_parseElementOnXpath)
12:52:24,800 INFO  [BrowserSelenium] (_parseElementOnXpath) -> //a[@href='/jbilling/config/index'] is used
12:52:24,800 INFO  [BrowserSelenium] EXIT --> (_parseElementOnXpath)
12:52:24,800 INFO  [BrowserSelenium] EXIT --> (_getByLocator)
12:52:24,825 INFO  [BrowserSelenium] ENTER --> (_getByLocator)
12:52:24,825 INFO  [BrowserSelenium] (_getByLocator) -> Getting locator for null
12:52:24,825 INFO  [BrowserSelenium] (_getByLocator) -> Locator info found for XPATH attribute as: //a[@href='/jbilling/config/index']
12:52:24,825 INFO  [BrowserSelenium] ENTER --> (_parseElementOnXpath)
12:52:24,825 INFO  [BrowserSelenium] (_parseElementOnXpath) -> //a[@href='/jbilling/config/index'] is used
12:52:24,825 INFO  [BrowserSelenium] EXIT --> (_parseElementOnXpath)
12:52:24,826 INFO  [BrowserSelenium] EXIT --> (_getByLocator)
12:52:24,849 INFO  [BrowserSelenium] ENTER --> (_getByLocator)
12:52:24,849 INFO  [BrowserSelenium] (_getByLocator) -> Getting locator for null
12:52:24,850 INFO  [BrowserSelenium] (_getByLocator) -> Locator info found for XPATH attribute as: //a[@href='/jbilling/config/index']
12:52:24,850 INFO  [BrowserSelenium] ENTER --> (_parseElementOnXpath)
12:52:24,850 INFO  [BrowserSelenium] (_parseElementOnXpath) -> //a[@href='/jbilling/config/index'] is used
12:52:24,850 INFO  [BrowserSelenium] EXIT --> (_parseElementOnXpath)
12:52:24,850 INFO  [BrowserSelenium] EXIT --> (_getByLocator)
12:52:24,872 INFO  [BrowserSelenium] ENTER --> (_getByLocator)
12:52:24,872 INFO  [BrowserSelenium] (_getByLocator) -> Getting locator for null
12:52:24,872 INFO  [BrowserSelenium] (_getByLocator) -> Locator info found for XPATH attribute as: //a[@href='/jbilling/config/index']
12:52:24,872 INFO  [BrowserSelenium] ENTER --> (_parseElementOnXpath)
12:52:24,873 INFO  [BrowserSelenium] (_parseElementOnXpath) -> //a[@href='/jbilling/config/index'] is used
12:52:24,873 INFO  [BrowserSelenium] EXIT --> (_parseElementOnXpath)
12:52:24,873 INFO  [BrowserSelenium] EXIT --> (_getByLocator)
12:52:24,890 INFO  [BrowserSelenium] ENTER --> (_getByLocator)
12:52:24,890 INFO  [BrowserSelenium] (_getByLocator) -> Getting locator for null
12:52:24,890 INFO  [BrowserSelenium] (_getByLocator) -> Locator info found for XPATH attribute as: //a[@href='/jbilling/config/index']
12:52:24,890 INFO  [BrowserSelenium] ENTER --> (_parseElementOnXpath)
12:52:24,890 INFO  [BrowserSelenium] (_parseElementOnXpath) -> //a[@href='/jbilling/config/index'] is used
12:52:24,890 INFO  [BrowserSelenium] EXIT --> (_parseElementOnXpath)
12:52:24,890 INFO  [BrowserSelenium] EXIT --> (_getByLocator)
12:52:24,911 INFO  [BrowserSelenium] ENTER --> (_getByLocator)
12:52:24,911 INFO  [BrowserSelenium] (_getByLocator) -> Getting locator for null
12:52:24,912 INFO  [BrowserSelenium] (_getByLocator) -> Locator info found for XPATH attribute as: //a[@href='/jbilling/config/index']
12:52:24,912 INFO  [BrowserSelenium] ENTER --> (_parseElementOnXpath)
12:52:24,912 INFO  [BrowserSelenium] (_parseElementOnXpath) -> //a[@href='/jbilling/config/index'] is used
12:52:24,912 INFO  [BrowserSelenium] EXIT --> (_parseElementOnXpath)
12:52:24,912 INFO  [BrowserSelenium] EXIT --> (_getByLocator)
12:52:24,936 INFO  [BrowserSelenium] ENTER --> (_getByLocator)
12:52:24,936 INFO  [BrowserSelenium] (_getByLocator) -> Getting locator for null
12:52:24,937 INFO  [BrowserSelenium] (_getByLocator) -> Locator info found for XPATH attribute as: //a[@href='/jbilling/config/index']
12:52:24,937 INFO  [BrowserSelenium] ENTER --> (_parseElementOnXpath)
12:52:24,937 INFO  [BrowserSelenium] (_parseElementOnXpath) -> //a[@href='/jbilling/config/index'] is used
12:52:24,937 INFO  [BrowserSelenium] EXIT --> (_parseElementOnXpath)
12:52:24,937 INFO  [BrowserSelenium] EXIT --> (_getByLocator)
12:52:24,960 INFO  [BrowserSelenium] ENTER --> (_getByLocator)
12:52:24,960 INFO  [BrowserSelenium] (_getByLocator) -> Getting locator for null
12:52:24,961 INFO  [BrowserSelenium] (_getByLocator) -> Locator info found for XPATH attribute as: //a[@href='/jbilling/config/index']
12:52:24,961 INFO  [BrowserSelenium] ENTER --> (_parseElementOnXpath)
12:52:24,961 INFO  [BrowserSelenium] (_parseElementOnXpath) -> //a[@href='/jbilling/config/index'] is used
12:52:24,961 INFO  [BrowserSelenium] EXIT --> (_parseElementOnXpath)
12:52:24,961 INFO  [BrowserSelenium] EXIT --> (_getByLocator)
12:52:24,980 INFO  [BrowserSelenium] ENTER --> (_getByLocator)
12:52:24,980 INFO  [BrowserSelenium] (_getByLocator) -> Getting locator for null
12:52:24,980 INFO  [BrowserSelenium] (_getByLocator) -> Locator info found for XPATH attribute as: //a[@href='/jbilling/config/index']
12:52:24,980 INFO  [BrowserSelenium] ENTER --> (_parseElementOnXpath)
12:52:24,980 INFO  [BrowserSelenium] (_parseElementOnXpath) -> //a[@href='/jbilling/config/index'] is used
12:52:24,981 INFO  [BrowserSelenium] EXIT --> (_parseElementOnXpath)
12:52:24,981 INFO  [BrowserSelenium] EXIT --> (_getByLocator)
12:52:24,999 INFO  [BrowserSelenium] ENTER --> (_getByLocator)
12:52:24,999 INFO  [BrowserSelenium] (_getByLocator) -> Getting locator for null
12:52:25,000 INFO  [BrowserSelenium] (_getByLocator) -> Locator info found for XPATH attribute as: //a[@href='/jbilling/config/index']
12:52:25,000 INFO  [BrowserSelenium] ENTER --> (_parseElementOnXpath)
12:52:25,000 INFO  [BrowserSelenium] (_parseElementOnXpath) -> //a[@href='/jbilling/config/index'] is used
12:52:25,000 INFO  [BrowserSelenium] EXIT --> (_parseElementOnXpath)
12:52:25,000 INFO  [BrowserSelenium] EXIT --> (_getByLocator)
12:52:25,017 INFO  [BrowserSelenium] ENTER --> (_getByLocator)
12:52:25,017 INFO  [BrowserSelenium] (_getByLocator) -> Getting locator for null
12:52:25,018 INFO  [BrowserSelenium] (_getByLocator) -> Locator info found for XPATH attribute as: //a[@href='/jbilling/config/index']
12:52:25,018 INFO  [BrowserSelenium] ENTER --> (_parseElementOnXpath)
12:52:25,018 INFO  [BrowserSelenium] (_parseElementOnXpath) -> //a[@href='/jbilling/config/index'] is used
12:52:25,018 INFO  [BrowserSelenium] EXIT --> (_parseElementOnXpath)
12:52:25,018 INFO  [BrowserSelenium] EXIT --> (_getByLocator)
12:52:25,040 INFO  [BrowserSelenium] ENTER --> (_getByLocator)
12:52:25,040 INFO  [BrowserSelenium] (_getByLocator) -> Getting locator for null
12:52:25,041 INFO  [BrowserSelenium] (_getByLocator) -> Locator info found for XPATH attribute as: //a[@href='/jbilling/config/index']
12:52:25,041 INFO  [BrowserSelenium] ENTER --> (_parseElementOnXpath)
12:52:25,041 INFO  [BrowserSelenium] (_parseElementOnXpath) -> //a[@href='/jbilling/config/index'] is used
12:52:25,041 INFO  [BrowserSelenium] EXIT --> (_parseElementOnXpath)
12:52:25,041 INFO  [BrowserSelenium] EXIT --> (_getByLocator)
12:52:25,058 INFO  [BrowserSelenium] ENTER --> (_getByLocator)
12:52:25,059 INFO  [BrowserSelenium] (_getByLocator) -> Getting locator for null
12:52:25,059 INFO  [BrowserSelenium] (_getByLocator) -> Locator info found for XPATH attribute as: //a[@href='/jbilling/config/index']
12:52:25,059 INFO  [BrowserSelenium] ENTER --> (_parseElementOnXpath)
12:52:25,059 INFO  [BrowserSelenium] (_parseElementOnXpath) -> //a[@href='/jbilling/config/index'] is used
12:52:25,059 INFO  [BrowserSelenium] EXIT --> (_parseElementOnXpath)
12:52:25,059 INFO  [BrowserSelenium] EXIT --> (_getByLocator)
12:52:25,076 INFO  [BrowserSelenium] ENTER --> (_getByLocator)
12:52:25,077 INFO  [BrowserSelenium] (_getByLocator) -> Getting locator for null
12:52:25,077 INFO  [BrowserSelenium] (_getByLocator) -> Locator info found for XPATH attribute as: //a[@href='/jbilling/config/index']
12:52:25,077 INFO  [BrowserSelenium] ENTER --> (_parseElementOnXpath)
12:52:25,077 INFO  [BrowserSelenium] (_parseElementOnXpath) -> //a[@href='/jbilling/config/index'] is used
12:52:25,077 INFO  [BrowserSelenium] EXIT --> (_parseElementOnXpath)
12:52:25,077 INFO  [BrowserSelenium] EXIT --> (_getByLocator)
12:52:25,094 INFO  [BrowserSelenium] ENTER --> (_getByLocator)
12:52:25,095 INFO  [BrowserSelenium] (_getByLocator) -> Getting locator for null
12:52:25,095 INFO  [BrowserSelenium] (_getByLocator) -> Locator info found for XPATH attribute as: //a[@href='/jbilling/config/index']
12:52:25,095 INFO  [BrowserSelenium] ENTER --> (_parseElementOnXpath)
12:52:25,095 INFO  [BrowserSelenium] (_parseElementOnXpath) -> //a[@href='/jbilling/config/index'] is used
12:52:25,095 INFO  [BrowserSelenium] EXIT --> (_parseElementOnXpath)
12:52:25,095 INFO  [BrowserSelenium] EXIT --> (_getByLocator)
12:52:25,113 INFO  [BrowserSelenium] ENTER --> (_getByLocator)
12:52:25,113 INFO  [BrowserSelenium] (_getByLocator) -> Getting locator for null
12:52:25,113 INFO  [BrowserSelenium] (_getByLocator) -> Locator info found for XPATH attribute as: //a[@href='/jbilling/config/index']
12:52:25,113 INFO  [BrowserSelenium] ENTER --> (_parseElementOnXpath)
12:52:25,113 INFO  [BrowserSelenium] (_parseElementOnXpath) -> //a[@href='/jbilling/config/index'] is used
12:52:25,113 INFO  [BrowserSelenium] EXIT --> (_parseElementOnXpath)
12:52:25,114 INFO  [BrowserSelenium] EXIT --> (_getByLocator)
12:52:25,150 INFO  [BrowserSelenium] ENTER --> (_getByLocator)
12:52:25,150 INFO  [BrowserSelenium] (_getByLocator) -> Getting locator for null
12:52:25,150 INFO  [BrowserSelenium] (_getByLocator) -> Locator info found for XPATH attribute as: //a[@href='/jbilling/config/index']
12:52:25,151 INFO  [BrowserSelenium] ENTER --> (_parseElementOnXpath)
12:52:25,151 INFO  [BrowserSelenium] (_parseElementOnXpath) -> //a[@href='/jbilling/config/index'] is used
12:52:25,151 INFO  [BrowserSelenium] EXIT --> (_parseElementOnXpath)
12:52:25,151 INFO  [BrowserSelenium] EXIT --> (_getByLocator)
12:52:25,176 INFO  [BrowserSelenium] ENTER --> (_getByLocator)
12:52:25,176 INFO  [BrowserSelenium] (_getByLocator) -> Getting locator for null
12:52:25,177 INFO  [BrowserSelenium] (_getByLocator) -> Locator info found for XPATH attribute as: //a[@href='/jbilling/config/index']
12:52:25,177 INFO  [BrowserSelenium] ENTER --> (_parseElementOnXpath)
12:52:25,177 INFO  [BrowserSelenium] (_parseElementOnXpath) -> //a[@href='/jbilling/config/index'] is used
12:52:25,177 INFO  [BrowserSelenium] EXIT --> (_parseElementOnXpath)
12:52:25,177 INFO  [BrowserSelenium] EXIT --> (_getByLocator)
12:52:25,202 INFO  [BrowserSelenium] ENTER --> (_getByLocator)
12:52:25,202 INFO  [BrowserSelenium] (_getByLocator) -> Getting locator for null
12:52:25,202 INFO  [BrowserSelenium] (_getByLocator) -> Locator info found for XPATH attribute as: //a[@href='/jbilling/config/index']
12:52:25,202 INFO  [BrowserSelenium] ENTER --> (_parseElementOnXpath)
12:52:25,203 INFO  [BrowserSelenium] (_parseElementOnXpath) -> //a[@href='/jbilling/config/index'] is used
12:52:25,203 INFO  [BrowserSelenium] EXIT --> (_parseElementOnXpath)
12:52:25,203 INFO  [BrowserSelenium] EXIT --> (_getByLocator)
12:52:25,227 INFO  [BrowserSelenium] ENTER --> (_getByLocator)
12:52:25,227 INFO  [BrowserSelenium] (_getByLocator) -> Getting locator for null
12:52:25,228 INFO  [BrowserSelenium] (_getByLocator) -> Locator info found for XPATH attribute as: //a[@href='/jbilling/config/index']
12:52:25,228 INFO  [BrowserSelenium] ENTER --> (_parseElementOnXpath)
12:52:25,228 INFO  [BrowserSelenium] (_parseElementOnXpath) -> //a[@href='/jbilling/config/index'] is used
12:52:25,228 INFO  [BrowserSelenium] EXIT --> (_parseElementOnXpath)
12:52:25,228 INFO  [BrowserSelenium] EXIT --> (_getByLocator)
12:52:25,252 INFO  [BrowserSelenium] ENTER --> (_getByLocator)
12:52:25,253 INFO  [BrowserSelenium] (_getByLocator) -> Getting locator for null
12:52:25,253 INFO  [BrowserSelenium] (_getByLocator) -> Locator info found for XPATH attribute as: //a[@href='/jbilling/config/index']
12:52:25,253 INFO  [BrowserSelenium] ENTER --> (_parseElementOnXpath)
12:52:25,253 INFO  [BrowserSelenium] (_parseElementOnXpath) -> //a[@href='/jbilling/config/index'] is used
12:52:25,253 INFO  [BrowserSelenium] EXIT --> (_parseElementOnXpath)
12:52:25,253 INFO  [BrowserSelenium] EXIT --> (_getByLocator)
12:52:25,278 INFO  [BrowserSelenium] ENTER --> (_getByLocator)
12:52:25,278 INFO  [BrowserSelenium] (_getByLocator) -> Getting locator for null
12:52:25,278 INFO  [BrowserSelenium] (_getByLocator) -> Locator info found for XPATH attribute as: //a[@href='/jbilling/config/index']
12:52:25,278 INFO  [BrowserSelenium] ENTER --> (_parseElementOnXpath)
12:52:25,278 INFO  [BrowserSelenium] (_parseElementOnXpath) -> //a[@href='/jbilling/config/index'] is used
12:52:25,278 INFO  [BrowserSelenium] EXIT --> (_parseElementOnXpath)
12:52:25,279 INFO  [BrowserSelenium] EXIT --> (_getByLocator)
12:52:25,304 INFO  [BrowserSelenium] ENTER --> (_getByLocator)
12:52:25,304 INFO  [BrowserSelenium] (_getByLocator) -> Getting locator for null
12:52:25,304 INFO  [BrowserSelenium] (_getByLocator) -> Locator info found for XPATH attribute as: //a[@href='/jbilling/config/index']
12:52:25,304 INFO  [BrowserSelenium] ENTER --> (_parseElementOnXpath)
12:52:25,304 INFO  [BrowserSelenium] (_parseElementOnXpath) -> //a[@href='/jbilling/config/index'] is used
12:52:25,305 INFO  [BrowserSelenium] EXIT --> (_parseElementOnXpath)
12:52:25,305 INFO  [BrowserSelenium] EXIT --> (_getByLocator)
12:52:25,329 INFO  [BrowserSelenium] ENTER --> (_getByLocator)
12:52:25,330 INFO  [BrowserSelenium] (_getByLocator) -> Getting locator for null
12:52:25,330 INFO  [BrowserSelenium] (_getByLocator) -> Locator info found for XPATH attribute as: //a[@href='/jbilling/config/index']
12:52:25,330 INFO  [BrowserSelenium] ENTER --> (_parseElementOnXpath)
12:52:25,330 INFO  [BrowserSelenium] (_parseElementOnXpath) -> //a[@href='/jbilling/config/index'] is used
12:52:25,330 INFO  [BrowserSelenium] EXIT --> (_parseElementOnXpath)
12:52:25,330 INFO  [BrowserSelenium] EXIT --> (_getByLocator)
12:52:25,355 INFO  [BrowserSelenium] ENTER --> (_getByLocator)
12:52:25,356 INFO  [BrowserSelenium] (_getByLocator) -> Getting locator for null
12:52:25,356 INFO  [BrowserSelenium] (_getByLocator) -> Locator info found for XPATH attribute as: //a[@href='/jbilling/config/index']
12:52:25,356 INFO  [BrowserSelenium] ENTER --> (_parseElementOnXpath)
12:52:25,356 INFO  [BrowserSelenium] (_parseElementOnXpath) -> //a[@href='/jbilling/config/index'] is used
12:52:25,356 INFO  [BrowserSelenium] EXIT --> (_parseElementOnXpath)
12:52:25,356 INFO  [BrowserSelenium] EXIT --> (_getByLocator)
12:52:25,381 INFO  [BrowserSelenium] ENTER --> (_getByLocator)
12:52:25,381 INFO  [BrowserSelenium] (_getByLocator) -> Getting locator for null
12:52:25,381 INFO  [BrowserSelenium] (_getByLocator) -> Locator info found for XPATH attribute as: //a[@href='/jbilling/config/index']
12:52:25,382 INFO  [BrowserSelenium] ENTER --> (_parseElementOnXpath)
12:52:25,382 INFO  [BrowserSelenium] (_parseElementOnXpath) -> //a[@href='/jbilling/config/index'] is used
12:52:25,382 INFO  [BrowserSelenium] EXIT --> (_parseElementOnXpath)
12:52:25,382 INFO  [BrowserSelenium] EXIT --> (_getByLocator)
12:52:25,404 INFO  [BrowserSelenium] ENTER --> (_getByLocator)
12:52:25,404 INFO  [BrowserSelenium] (_getByLocator) -> Getting locator for null
12:52:25,404 INFO  [BrowserSelenium] (_getByLocator) -> Locator info found for XPATH attribute as: //a[@href='/jbilling/config/index']
12:52:25,404 INFO  [BrowserSelenium] ENTER --> (_parseElementOnXpath)
12:52:25,405 INFO  [BrowserSelenium] (_parseElementOnXpath) -> //a[@href='/jbilling/config/index'] is used
12:52:25,405 INFO  [BrowserSelenium] EXIT --> (_parseElementOnXpath)
12:52:25,405 INFO  [BrowserSelenium] EXIT --> (_getByLocator)
12:52:25,429 INFO  [BrowserSelenium] ENTER --> (_getByLocator)
12:52:25,429 INFO  [BrowserSelenium] (_getByLocator) -> Getting locator for null
12:52:25,430 INFO  [BrowserSelenium] (_getByLocator) -> Locator info found for XPATH attribute as: //a[@href='/jbilling/config/index']
12:52:25,430 INFO  [BrowserSelenium] ENTER --> (_parseElementOnXpath)
12:52:25,430 INFO  [BrowserSelenium] (_parseElementOnXpath) -> //a[@href='/jbilling/config/index'] is used
12:52:25,430 INFO  [BrowserSelenium] EXIT --> (_parseElementOnXpath)
12:52:25,430 INFO  [BrowserSelenium] EXIT --> (_getByLocator)
12:52:25,453 INFO  [BrowserSelenium] ENTER --> (_getByLocator)
12:52:25,453 INFO  [BrowserSelenium] (_getByLocator) -> Getting locator for null
12:52:25,454 INFO  [BrowserSelenium] (_getByLocator) -> Locator info found for XPATH attribute as: //a[@href='/jbilling/config/index']
12:52:25,454 INFO  [BrowserSelenium] ENTER --> (_parseElementOnXpath)
12:52:25,454 INFO  [BrowserSelenium] (_parseElementOnXpath) -> //a[@href='/jbilling/config/index'] is used
12:52:25,454 INFO  [BrowserSelenium] EXIT --> (_parseElementOnXpath)
12:52:25,454 INFO  [BrowserSelenium] EXIT --> (_getByLocator)
12:52:25,473 INFO  [BrowserSelenium] ENTER --> (_getByLocator)
12:52:25,473 INFO  [BrowserSelenium] (_getByLocator) -> Getting locator for null
12:52:25,474 INFO  [BrowserSelenium] (_getByLocator) -> Locator info found for XPATH attribute as: //a[@href='/jbilling/config/index']
12:52:25,474 INFO  [BrowserSelenium] ENTER --> (_parseElementOnXpath)
12:52:25,474 INFO  [BrowserSelenium] (_parseElementOnXpath) -> //a[@href='/jbilling/config/index'] is used
12:52:25,474 INFO  [BrowserSelenium] EXIT --> (_parseElementOnXpath)
12:52:25,474 INFO  [BrowserSelenium] EXIT --> (_getByLocator)
12:52:25,491 INFO  [BrowserSelenium] ENTER --> (_getByLocator)
12:52:25,492 INFO  [BrowserSelenium] (_getByLocator) -> Getting locator for null
12:52:25,492 INFO  [BrowserSelenium] (_getByLocator) -> Locator info found for XPATH attribute as: //a[@href='/jbilling/config/index']
12:52:25,492 INFO  [BrowserSelenium] ENTER --> (_parseElementOnXpath)
12:52:25,492 INFO  [BrowserSelenium] (_parseElementOnXpath) -> //a[@href='/jbilling/config/index'] is used
12:52:25,492 INFO  [BrowserSelenium] EXIT --> (_parseElementOnXpath)
12:52:25,492 INFO  [BrowserSelenium] EXIT --> (_getByLocator)
12:52:25,510 INFO  [BrowserSelenium] ENTER --> (_getByLocator)
12:52:25,510 INFO  [BrowserSelenium] (_getByLocator) -> Getting locator for null
12:52:25,510 INFO  [BrowserSelenium] (_getByLocator) -> Locator info found for XPATH attribute as: //a[@href='/jbilling/config/index']
12:52:25,510 INFO  [BrowserSelenium] ENTER --> (_parseElementOnXpath)
12:52:25,510 INFO  [BrowserSelenium] (_parseElementOnXpath) -> //a[@href='/jbilling/config/index'] is used
12:52:25,510 INFO  [BrowserSelenium] EXIT --> (_parseElementOnXpath)
12:52:25,510 INFO  [BrowserSelenium] EXIT --> (_getByLocator)
12:52:25,527 INFO  [BrowserSelenium] ENTER --> (_getByLocator)
12:52:25,527 INFO  [BrowserSelenium] (_getByLocator) -> Getting locator for null
12:52:25,527 INFO  [BrowserSelenium] (_getByLocator) -> Locator info found for XPATH attribute as: //a[@href='/jbilling/config/index']
12:52:25,528 INFO  [BrowserSelenium] ENTER --> (_parseElementOnXpath)
12:52:25,528 INFO  [BrowserSelenium] (_parseElementOnXpath) -> //a[@href='/jbilling/config/index'] is used
12:52:25,528 INFO  [BrowserSelenium] EXIT --> (_parseElementOnXpath)
12:52:25,528 INFO  [BrowserSelenium] EXIT --> (_getByLocator)
12:52:25,547 INFO  [BrowserSelenium] ENTER --> (_getByLocator)
12:52:25,547 INFO  [BrowserSelenium] (_getByLocator) -> Getting locator for null
12:52:25,547 INFO  [BrowserSelenium] (_getByLocator) -> Locator info found for XPATH attribute as: //a[@href='/jbilling/config/index']
12:52:25,547 INFO  [BrowserSelenium] ENTER --> (_parseElementOnXpath)
12:52:25,547 INFO  [BrowserSelenium] (_parseElementOnXpath) -> //a[@href='/jbilling/config/index'] is used
12:52:25,548 INFO  [BrowserSelenium] EXIT --> (_parseElementOnXpath)
12:52:25,548 INFO  [BrowserSelenium] EXIT --> (_getByLocator)
12:52:25,565 INFO  [BrowserSelenium] ENTER --> (_getByLocator)
12:52:25,565 INFO  [BrowserSelenium] (_getByLocator) -> Getting locator for null
12:52:25,565 INFO  [BrowserSelenium] (_getByLocator) -> Locator info found for XPATH attribute as: //a[@href='/jbilling/config/index']
12:52:25,566 INFO  [BrowserSelenium] ENTER --> (_parseElementOnXpath)
12:52:25,566 INFO  [BrowserSelenium] (_parseElementOnXpath) -> //a[@href='/jbilling/config/index'] is used
12:52:25,566 INFO  [BrowserSelenium] EXIT --> (_parseElementOnXpath)
12:52:25,566 INFO  [BrowserSelenium] EXIT --> (_getByLocator)
12:52:25,583 INFO  [BrowserSelenium] ENTER --> (_getByLocator)
12:52:25,583 INFO  [BrowserSelenium] (_getByLocator) -> Getting locator for null
12:52:25,584 INFO  [BrowserSelenium] (_getByLocator) -> Locator info found for XPATH attribute as: //a[@href='/jbilling/config/index']
12:52:25,584 INFO  [BrowserSelenium] ENTER --> (_parseElementOnXpath)
12:52:25,584 INFO  [BrowserSelenium] (_parseElementOnXpath) -> //a[@href='/jbilling/config/index'] is used
12:52:25,584 INFO  [BrowserSelenium] EXIT --> (_parseElementOnXpath)
12:52:25,584 INFO  [BrowserSelenium] EXIT --> (_getByLocator)
12:52:25,602 INFO  [BrowserSelenium] ENTER --> (_getByLocator)
12:52:25,602 INFO  [BrowserSelenium] (_getByLocator) -> Getting locator for null
12:52:25,602 INFO  [BrowserSelenium] (_getByLocator) -> Locator info found for XPATH attribute as: //a[@href='/jbilling/config/index']
12:52:25,602 INFO  [BrowserSelenium] ENTER --> (_parseElementOnXpath)
12:52:25,602 INFO  [BrowserSelenium] (_parseElementOnXpath) -> //a[@href='/jbilling/config/index'] is used
12:52:25,602 INFO  [BrowserSelenium] EXIT --> (_parseElementOnXpath)
12:52:25,602 INFO  [BrowserSelenium] EXIT --> (_getByLocator)
12:52:25,619 INFO  [BrowserSelenium] ENTER --> (_getByLocator)
12:52:25,619 INFO  [BrowserSelenium] (_getByLocator) -> Getting locator for null
12:52:25,619 INFO  [BrowserSelenium] (_getByLocator) -> Locator info found for XPATH attribute as: //a[@href='/jbilling/config/index']
12:52:25,619 INFO  [BrowserSelenium] ENTER --> (_parseElementOnXpath)
12:52:25,619 INFO  [BrowserSelenium] (_parseElementOnXpath) -> //a[@href='/jbilling/config/index'] is used
12:52:25,620 INFO  [BrowserSelenium] EXIT --> (_parseElementOnXpath)
12:52:25,620 INFO  [BrowserSelenium] EXIT --> (_getByLocator)
12:52:25,636 INFO  [BrowserSelenium] ENTER --> (_getByLocator)
12:52:25,637 INFO  [BrowserSelenium] (_getByLocator) -> Getting locator for null
12:52:25,637 INFO  [BrowserSelenium] (_getByLocator) -> Locator info found for XPATH attribute as: //a[@href='/jbilling/config/index']
12:52:25,637 INFO  [BrowserSelenium] ENTER --> (_parseElementOnXpath)
12:52:25,637 INFO  [BrowserSelenium] (_parseElementOnXpath) -> //a[@href='/jbilling/config/index'] is used
12:52:25,637 INFO  [BrowserSelenium] EXIT --> (_parseElementOnXpath)
12:52:25,637 INFO  [BrowserSelenium] EXIT --> (_getByLocator)
12:52:25,654 INFO  [BrowserSelenium] ENTER --> (_getByLocator)
12:52:25,654 INFO  [BrowserSelenium] (_getByLocator) -> Getting locator for null
12:52:25,654 INFO  [BrowserSelenium] (_getByLocator) -> Locator info found for XPATH attribute as: //a[@href='/jbilling/config/index']
12:52:25,654 INFO  [BrowserSelenium] ENTER --> (_parseElementOnXpath)
12:52:25,654 INFO  [BrowserSelenium] (_parseElementOnXpath) -> //a[@href='/jbilling/config/index'] is used
12:52:25,654 INFO  [BrowserSelenium] EXIT --> (_parseElementOnXpath)
12:52:25,654 INFO  [BrowserSelenium] EXIT --> (_getByLocator)
12:52:25,672 INFO  [BrowserSelenium] ENTER --> (_getByLocator)
12:52:25,672 INFO  [BrowserSelenium] (_getByLocator) -> Getting locator for null
12:52:25,672 INFO  [BrowserSelenium] (_getByLocator) -> Locator info found for XPATH attribute as: //a[@href='/jbilling/config/index']
12:52:25,672 INFO  [BrowserSelenium] ENTER --> (_parseElementOnXpath)
12:52:25,673 INFO  [BrowserSelenium] (_parseElementOnXpath) -> //a[@href='/jbilling/config/index'] is used
12:52:25,673 INFO  [BrowserSelenium] EXIT --> (_parseElementOnXpath)
12:52:25,673 INFO  [BrowserSelenium] EXIT --> (_getByLocator)
12:52:25,691 INFO  [BrowserSelenium] ENTER --> (_getByLocator)
12:52:25,691 INFO  [BrowserSelenium] (_getByLocator) -> Getting locator for null
12:52:25,692 INFO  [BrowserSelenium] (_getByLocator) -> Locator info found for XPATH attribute as: //a[@href='/jbilling/config/index']
12:52:25,692 INFO  [BrowserSelenium] ENTER --> (_parseElementOnXpath)
12:52:25,692 INFO  [BrowserSelenium] (_parseElementOnXpath) -> //a[@href='/jbilling/config/index'] is used
12:52:25,692 INFO  [BrowserSelenium] EXIT --> (_parseElementOnXpath)
12:52:25,692 INFO  [BrowserSelenium] EXIT --> (_getByLocator)
12:52:25,709 INFO  [BrowserSelenium] ENTER --> (_getByLocator)
12:52:25,709 INFO  [BrowserSelenium] (_getByLocator) -> Getting locator for null
12:52:25,709 INFO  [BrowserSelenium] (_getByLocator) -> Locator info found for XPATH attribute as: //a[@href='/jbilling/config/index']
12:52:25,709 INFO  [BrowserSelenium] ENTER --> (_parseElementOnXpath)
12:52:25,709 INFO  [BrowserSelenium] (_parseElementOnXpath) -> //a[@href='/jbilling/config/index'] is used
12:52:25,709 INFO  [BrowserSelenium] EXIT --> (_parseElementOnXpath)
12:52:25,709 INFO  [BrowserSelenium] EXIT --> (_getByLocator)
12:52:25,729 INFO  [BrowserSelenium] ENTER --> (_getByLocator)
12:52:25,729 INFO  [BrowserSelenium] (_getByLocator) -> Getting locator for null
12:52:25,729 INFO  [BrowserSelenium] (_getByLocator) -> Locator info found for XPATH attribute as: //a[@href='/jbilling/config/index']
12:52:25,730 INFO  [BrowserSelenium] ENTER --> (_parseElementOnXpath)
12:52:25,730 INFO  [BrowserSelenium] (_parseElementOnXpath) -> //a[@href='/jbilling/config/index'] is used
12:52:25,730 INFO  [BrowserSelenium] EXIT --> (_parseElementOnXpath)
12:52:25,730 INFO  [BrowserSelenium] EXIT --> (_getByLocator)
12:52:25,749 INFO  [BrowserSelenium] ENTER --> (_getByLocator)
12:52:25,750 INFO  [BrowserSelenium] (_getByLocator) -> Getting locator for null
12:52:25,750 INFO  [BrowserSelenium] (_getByLocator) -> Locator info found for XPATH attribute as: //a[@href='/jbilling/config/index']
12:52:25,750 INFO  [BrowserSelenium] ENTER --> (_parseElementOnXpath)
12:52:25,750 INFO  [BrowserSelenium] (_parseElementOnXpath) -> //a[@href='/jbilling/config/index'] is used
12:52:25,750 INFO  [BrowserSelenium] EXIT --> (_parseElementOnXpath)
12:52:25,750 INFO  [BrowserSelenium] EXIT --> (_getByLocator)
12:52:25,771 INFO  [BrowserSelenium] ENTER --> (_getByLocator)
12:52:25,771 INFO  [BrowserSelenium] (_getByLocator) -> Getting locator for null
12:52:25,772 INFO  [BrowserSelenium] (_getByLocator) -> Locator info found for XPATH attribute as: //a[@href='/jbilling/config/index']
12:52:25,772 INFO  [BrowserSelenium] ENTER --> (_parseElementOnXpath)
12:52:25,772 INFO  [BrowserSelenium] (_parseElementOnXpath) -> //a[@href='/jbilling/config/index'] is used
12:52:25,772 INFO  [BrowserSelenium] EXIT --> (_parseElementOnXpath)
12:52:25,772 INFO  [BrowserSelenium] EXIT --> (_getByLocator)
12:52:25,793 INFO  [BrowserSelenium] ENTER --> (_getByLocator)
12:52:25,793 INFO  [BrowserSelenium] (_getByLocator) -> Getting locator for null
12:52:25,793 INFO  [BrowserSelenium] (_getByLocator) -> Locator info found for XPATH attribute as: //a[@href='/jbilling/config/index']
12:52:25,793 INFO  [BrowserSelenium] ENTER --> (_parseElementOnXpath)
12:52:25,793 INFO  [BrowserSelenium] (_parseElementOnXpath) -> //a[@href='/jbilling/config/index'] is used
12:52:25,793 INFO  [BrowserSelenium] EXIT --> (_parseElementOnXpath)
12:52:25,794 INFO  [BrowserSelenium] EXIT --> (_getByLocator)
12:52:25,810 INFO  [BrowserSelenium] ENTER --> (_getByLocator)
12:52:25,810 INFO  [BrowserSelenium] (_getByLocator) -> Getting locator for null
12:52:25,810 INFO  [BrowserSelenium] (_getByLocator) -> Locator info found for XPATH attribute as: //a[@href='/jbilling/config/index']
12:52:25,811 INFO  [BrowserSelenium] ENTER --> (_parseElementOnXpath)
12:52:25,811 INFO  [BrowserSelenium] (_parseElementOnXpath) -> //a[@href='/jbilling/config/index'] is used
12:52:25,811 INFO  [BrowserSelenium] EXIT --> (_parseElementOnXpath)
12:52:25,811 INFO  [BrowserSelenium] EXIT --> (_getByLocator)
12:52:25,828 INFO  [BrowserSelenium] ENTER --> (_getByLocator)
12:52:25,828 INFO  [BrowserSelenium] (_getByLocator) -> Getting locator for null
12:52:25,828 INFO  [BrowserSelenium] (_getByLocator) -> Locator info found for XPATH attribute as: //a[@href='/jbilling/config/index']
12:52:25,828 INFO  [BrowserSelenium] ENTER --> (_parseElementOnXpath)
12:52:25,829 INFO  [BrowserSelenium] (_parseElementOnXpath) -> //a[@href='/jbilling/config/index'] is used
12:52:25,829 INFO  [BrowserSelenium] EXIT --> (_parseElementOnXpath)
12:52:25,829 INFO  [BrowserSelenium] EXIT --> (_getByLocator)
12:52:25,848 INFO  [BrowserSelenium] ENTER --> (_getByLocator)
12:52:25,849 INFO  [BrowserSelenium] (_getByLocator) -> Getting locator for null
12:52:25,849 INFO  [BrowserSelenium] (_getByLocator) -> Locator info found for XPATH attribute as: //a[@href='/jbilling/config/index']
12:52:25,849 INFO  [BrowserSelenium] ENTER --> (_parseElementOnXpath)
12:52:25,849 INFO  [BrowserSelenium] (_parseElementOnXpath) -> //a[@href='/jbilling/config/index'] is used
12:52:25,849 INFO  [BrowserSelenium] EXIT --> (_parseElementOnXpath)
12:52:25,849 INFO  [BrowserSelenium] EXIT --> (_getByLocator)
12:52:25,871 INFO  [BrowserSelenium] ENTER --> (_getByLocator)
12:52:25,871 INFO  [BrowserSelenium] (_getByLocator) -> Getting locator for null
12:52:25,871 INFO  [BrowserSelenium] (_getByLocator) -> Locator info found for XPATH attribute as: //a[@href='/jbilling/config/index']
12:52:25,871 INFO  [BrowserSelenium] ENTER --> (_parseElementOnXpath)
12:52:25,871 INFO  [BrowserSelenium] (_parseElementOnXpath) -> //a[@href='/jbilling/config/index'] is used
12:52:25,871 INFO  [BrowserSelenium] EXIT --> (_parseElementOnXpath)
12:52:25,871 INFO  [BrowserSelenium] EXIT --> (_getByLocator)
12:52:25,893 INFO  [BrowserSelenium] ENTER --> (_getByLocator)
12:52:25,893 INFO  [BrowserSelenium] (_getByLocator) -> Getting locator for null
12:52:25,893 INFO  [BrowserSelenium] (_getByLocator) -> Locator info found for XPATH attribute as: //a[@href='/jbilling/config/index']
12:52:25,893 INFO  [BrowserSelenium] ENTER --> (_parseElementOnXpath)
12:52:25,893 INFO  [BrowserSelenium] (_parseElementOnXpath) -> //a[@href='/jbilling/config/index'] is used
12:52:25,894 INFO  [BrowserSelenium] EXIT --> (_parseElementOnXpath)
12:52:25,894 INFO  [BrowserSelenium] EXIT --> (_getByLocator)
12:52:25,916 INFO  [BrowserSelenium] ENTER --> (_getByLocator)
12:52:25,916 INFO  [BrowserSelenium] (_getByLocator) -> Getting locator for null
12:52:25,917 INFO  [BrowserSelenium] (_getByLocator) -> Locator info found for XPATH attribute as: //a[@href='/jbilling/config/index']
12:52:25,917 INFO  [BrowserSelenium] ENTER --> (_parseElementOnXpath)
12:52:25,917 INFO  [BrowserSelenium] (_parseElementOnXpath) -> //a[@href='/jbilling/config/index'] is used
12:52:25,917 INFO  [BrowserSelenium] EXIT --> (_parseElementOnXpath)
12:52:25,918 INFO  [BrowserSelenium] EXIT --> (_getByLocator)
12:52:25,947 INFO  [BrowserSelenium] ENTER --> (_getByLocator)
12:52:25,947 INFO  [BrowserSelenium] (_getByLocator) -> Getting locator for null
12:52:25,947 INFO  [BrowserSelenium] (_getByLocator) -> Locator info found for XPATH attribute as: //a[@href='/jbilling/config/index']
12:52:25,947 INFO  [BrowserSelenium] ENTER --> (_parseElementOnXpath)
12:52:25,947 INFO  [BrowserSelenium] (_parseElementOnXpath) -> //a[@href='/jbilling/config/index'] is used
12:52:25,948 INFO  [BrowserSelenium] EXIT --> (_parseElementOnXpath)
12:52:25,948 INFO  [BrowserSelenium] EXIT --> (_getByLocator)
12:52:25,982 INFO  [BrowserSelenium] ENTER --> (_getByLocator)
12:52:25,982 INFO  [BrowserSelenium] (_getByLocator) -> Getting locator for null
12:52:25,983 INFO  [BrowserSelenium] (_getByLocator) -> Locator info found for XPATH attribute as: //a[@href='/jbilling/config/index']
12:52:25,983 INFO  [BrowserSelenium] ENTER --> (_parseElementOnXpath)
12:52:25,983 INFO  [BrowserSelenium] (_parseElementOnXpath) -> //a[@href='/jbilling/config/index'] is used
12:52:25,983 INFO  [BrowserSelenium] EXIT --> (_parseElementOnXpath)
12:52:25,983 INFO  [BrowserSelenium] EXIT --> (_getByLocator)
12:52:26,003 INFO  [BrowserSelenium] ENTER --> (_getByLocator)
12:52:26,003 INFO  [BrowserSelenium] (_getByLocator) -> Getting locator for null
12:52:26,003 INFO  [BrowserSelenium] (_getByLocator) -> Locator info found for XPATH attribute as: //a[@href='/jbilling/config/index']
12:52:26,004 INFO  [BrowserSelenium] ENTER --> (_parseElementOnXpath)
12:52:26,004 INFO  [BrowserSelenium] (_parseElementOnXpath) -> //a[@href='/jbilling/config/index'] is used
12:52:26,004 INFO  [BrowserSelenium] EXIT --> (_parseElementOnXpath)
12:52:26,004 INFO  [BrowserSelenium] EXIT --> (_getByLocator)
12:52:26,025 INFO  [BrowserSelenium] ENTER --> (_getByLocator)
12:52:26,026 INFO  [BrowserSelenium] (_getByLocator) -> Getting locator for null
12:52:26,026 INFO  [BrowserSelenium] (_getByLocator) -> Locator info found for XPATH attribute as: //a[@href='/jbilling/config/index']
12:52:26,026 INFO  [BrowserSelenium] ENTER --> (_parseElementOnXpath)
12:52:26,026 INFO  [BrowserSelenium] (_parseElementOnXpath) -> //a[@href='/jbilling/config/index'] is used
12:52:26,026 INFO  [BrowserSelenium] EXIT --> (_parseElementOnXpath)
12:52:26,026 INFO  [BrowserSelenium] EXIT --> (_getByLocator)
12:52:26,045 INFO  [BrowserSelenium] ENTER --> (_getByLocator)
12:52:26,046 INFO  [BrowserSelenium] (_getByLocator) -> Getting locator for null
12:52:26,046 INFO  [BrowserSelenium] (_getByLocator) -> Locator info found for XPATH attribute as: //a[@href='/jbilling/config/index']
12:52:26,046 INFO  [BrowserSelenium] ENTER --> (_parseElementOnXpath)
12:52:26,046 INFO  [BrowserSelenium] (_parseElementOnXpath) -> //a[@href='/jbilling/config/index'] is used
12:52:26,046 INFO  [BrowserSelenium] EXIT --> (_parseElementOnXpath)
12:52:26,046 INFO  [BrowserSelenium] EXIT --> (_getByLocator)
12:52:26,065 INFO  [BrowserSelenium] ENTER --> (_getByLocator)
12:52:26,066 INFO  [BrowserSelenium] (_getByLocator) -> Getting locator for null
12:52:26,066 INFO  [BrowserSelenium] (_getByLocator) -> Locator info found for XPATH attribute as: //a[@href='/jbilling/config/index']
12:52:26,066 INFO  [BrowserSelenium] ENTER --> (_parseElementOnXpath)
12:52:26,066 INFO  [BrowserSelenium] (_parseElementOnXpath) -> //a[@href='/jbilling/config/index'] is used
12:52:26,066 INFO  [BrowserSelenium] EXIT --> (_parseElementOnXpath)
12:52:26,066 INFO  [BrowserSelenium] EXIT --> (_getByLocator)
12:52:26,082 INFO  [BrowserSelenium] ENTER --> (_getByLocator)
12:52:26,083 INFO  [BrowserSelenium] (_getByLocator) -> Getting locator for null
12:52:26,083 INFO  [BrowserSelenium] (_getByLocator) -> Locator info found for XPATH attribute as: //a[@href='/jbilling/config/index']
12:52:26,083 INFO  [BrowserSelenium] ENTER --> (_parseElementOnXpath)
12:52:26,083 INFO  [BrowserSelenium] (_parseElementOnXpath) -> //a[@href='/jbilling/config/index'] is used
12:52:26,083 INFO  [BrowserSelenium] EXIT --> (_parseElementOnXpath)
12:52:26,083 INFO  [BrowserSelenium] EXIT --> (_getByLocator)
12:52:26,100 INFO  [BrowserSelenium] ENTER --> (_getByLocator)
12:52:26,100 INFO  [BrowserSelenium] (_getByLocator) -> Getting locator for null
12:52:26,100 INFO  [BrowserSelenium] (_getByLocator) -> Locator info found for XPATH attribute as: //a[@href='/jbilling/config/index']
12:52:26,100 INFO  [BrowserSelenium] ENTER --> (_parseElementOnXpath)
12:52:26,100 INFO  [BrowserSelenium] (_parseElementOnXpath) -> //a[@href='/jbilling/config/index'] is used
12:52:26,100 INFO  [BrowserSelenium] EXIT --> (_parseElementOnXpath)
12:52:26,100 INFO  [BrowserSelenium] EXIT --> (_getByLocator)
12:52:26,121 INFO  [BrowserSelenium] ENTER --> (_getByLocator)
12:52:26,121 INFO  [BrowserSelenium] (_getByLocator) -> Getting locator for null
12:52:26,121 INFO  [BrowserSelenium] (_getByLocator) -> Locator info found for XPATH attribute as: //a[@href='/jbilling/config/index']
12:52:26,121 INFO  [BrowserSelenium] ENTER --> (_parseElementOnXpath)
12:52:26,122 INFO  [BrowserSelenium] (_parseElementOnXpath) -> //a[@href='/jbilling/config/index'] is used
12:52:26,122 INFO  [BrowserSelenium] EXIT --> (_parseElementOnXpath)
12:52:26,122 INFO  [BrowserSelenium] EXIT --> (_getByLocator)
12:52:26,159 INFO  [BrowserSelenium] ENTER --> (_getByLocator)
12:52:26,159 INFO  [BrowserSelenium] (_getByLocator) -> Getting locator for null
12:52:26,159 INFO  [BrowserSelenium] (_getByLocator) -> Locator info found for XPATH attribute as: //a[@href='/jbilling/config/index']
12:52:26,160 INFO  [BrowserSelenium] ENTER --> (_parseElementOnXpath)
12:52:26,160 INFO  [BrowserSelenium] (_parseElementOnXpath) -> //a[@href='/jbilling/config/index'] is used
12:52:26,160 INFO  [BrowserSelenium] EXIT --> (_parseElementOnXpath)
12:52:26,160 INFO  [BrowserSelenium] EXIT --> (_getByLocator)
12:52:26,187 INFO  [BrowserSelenium] ENTER --> (_getByLocator)
12:52:26,188 INFO  [BrowserSelenium] (_getByLocator) -> Getting locator for null
12:52:26,188 INFO  [BrowserSelenium] (_getByLocator) -> Locator info found for XPATH attribute as: //a[@href='/jbilling/config/index']
12:52:26,188 INFO  [BrowserSelenium] ENTER --> (_parseElementOnXpath)
12:52:26,188 INFO  [BrowserSelenium] (_parseElementOnXpath) -> //a[@href='/jbilling/config/index'] is used
12:52:26,188 INFO  [BrowserSelenium] EXIT --> (_parseElementOnXpath)
12:52:26,189 INFO  [BrowserSelenium] EXIT --> (_getByLocator)
12:52:26,214 INFO  [BrowserSelenium] ENTER --> (_getByLocator)
12:52:26,215 INFO  [BrowserSelenium] (_getByLocator) -> Getting locator for null
12:52:26,215 INFO  [BrowserSelenium] (_getByLocator) -> Locator info found for XPATH attribute as: //a[@href='/jbilling/config/index']
12:52:26,215 INFO  [BrowserSelenium] ENTER --> (_parseElementOnXpath)
12:52:26,215 INFO  [BrowserSelenium] (_parseElementOnXpath) -> //a[@href='/jbilling/config/index'] is used
12:52:26,215 INFO  [BrowserSelenium] EXIT --> (_parseElementOnXpath)
12:52:26,216 INFO  [BrowserSelenium] EXIT --> (_getByLocator)
12:52:26,241 INFO  [BrowserSelenium] ENTER --> (_getByLocator)
12:52:26,241 INFO  [BrowserSelenium] (_getByLocator) -> Getting locator for null
12:52:26,242 INFO  [BrowserSelenium] (_getByLocator) -> Locator info found for XPATH attribute as: //a[@href='/jbilling/config/index']
12:52:26,242 INFO  [BrowserSelenium] ENTER --> (_parseElementOnXpath)
12:52:26,242 INFO  [BrowserSelenium] (_parseElementOnXpath) -> //a[@href='/jbilling/config/index'] is used
12:52:26,242 INFO  [BrowserSelenium] EXIT --> (_parseElementOnXpath)
12:52:26,242 INFO  [BrowserSelenium] EXIT --> (_getByLocator)
12:52:26,267 INFO  [BrowserSelenium] ENTER --> (_getByLocator)
12:52:26,267 INFO  [BrowserSelenium] (_getByLocator) -> Getting locator for null
12:52:26,267 INFO  [BrowserSelenium] (_getByLocator) -> Locator info found for XPATH attribute as: //a[@href='/jbilling/config/index']
12:52:26,267 INFO  [BrowserSelenium] ENTER --> (_parseElementOnXpath)
12:52:26,267 INFO  [BrowserSelenium] (_parseElementOnXpath) -> //a[@href='/jbilling/config/index'] is used
12:52:26,267 INFO  [BrowserSelenium] EXIT --> (_parseElementOnXpath)
12:52:26,268 INFO  [BrowserSelenium] EXIT --> (_getByLocator)
12:52:26,291 INFO  [BrowserSelenium] ENTER --> (_getByLocator)
12:52:26,291 INFO  [BrowserSelenium] (_getByLocator) -> Getting locator for null
12:52:26,292 INFO  [BrowserSelenium] (_getByLocator) -> Locator info found for XPATH attribute as: //a[@href='/jbilling/config/index']
12:52:26,292 INFO  [BrowserSelenium] ENTER --> (_parseElementOnXpath)
12:52:26,292 INFO  [BrowserSelenium] (_parseElementOnXpath) -> //a[@href='/jbilling/config/index'] is used
12:52:26,292 INFO  [BrowserSelenium] EXIT --> (_parseElementOnXpath)
12:52:26,292 INFO  [BrowserSelenium] EXIT --> (_getByLocator)
12:52:26,317 INFO  [BrowserSelenium] ENTER --> (_getByLocator)
12:52:26,317 INFO  [BrowserSelenium] (_getByLocator) -> Getting locator for null
12:52:26,317 INFO  [BrowserSelenium] (_getByLocator) -> Locator info found for XPATH attribute as: //a[@href='/jbilling/config/index']
12:52:26,318 INFO  [BrowserSelenium] ENTER --> (_parseElementOnXpath)
12:52:26,318 INFO  [BrowserSelenium] (_parseElementOnXpath) -> //a[@href='/jbilling/config/index'] is used
12:52:26,318 INFO  [BrowserSelenium] EXIT --> (_parseElementOnXpath)
12:52:26,318 INFO  [BrowserSelenium] EXIT --> (_getByLocator)
12:52:26,346 INFO  [BrowserSelenium] ENTER --> (_getByLocator)
12:52:26,346 INFO  [BrowserSelenium] (_getByLocator) -> Getting locator for null
12:52:26,347 INFO  [BrowserSelenium] (_getByLocator) -> Locator info found for XPATH attribute as: //a[@href='/jbilling/config/index']
12:52:26,347 INFO  [BrowserSelenium] ENTER --> (_parseElementOnXpath)
12:52:26,347 INFO  [BrowserSelenium] (_parseElementOnXpath) -> //a[@href='/jbilling/config/index'] is used
12:52:26,347 INFO  [BrowserSelenium] EXIT --> (_parseElementOnXpath)
12:52:26,347 INFO  [BrowserSelenium] EXIT --> (_getByLocator)
12:52:26,372 INFO  [BrowserSelenium] ENTER --> (_getByLocator)
12:52:26,372 INFO  [BrowserSelenium] (_getByLocator) -> Getting locator for null
12:52:26,372 INFO  [BrowserSelenium] (_getByLocator) -> Locator info found for XPATH attribute as: //a[@href='/jbilling/config/index']
12:52:26,372 INFO  [BrowserSelenium] ENTER --> (_parseElementOnXpath)
12:52:26,372 INFO  [BrowserSelenium] (_parseElementOnXpath) -> //a[@href='/jbilling/config/index'] is used
12:52:26,372 INFO  [BrowserSelenium] EXIT --> (_parseElementOnXpath)
12:52:26,373 INFO  [BrowserSelenium] EXIT --> (_getByLocator)
12:52:26,402 INFO  [BrowserSelenium] ENTER --> (_getByLocator)
12:52:26,402 INFO  [BrowserSelenium] (_getByLocator) -> Getting locator for null
12:52:26,402 INFO  [BrowserSelenium] (_getByLocator) -> Locator info found for XPATH attribute as: //a[@href='/jbilling/config/index']
12:52:26,402 INFO  [BrowserSelenium] ENTER --> (_parseElementOnXpath)
12:52:26,402 INFO  [BrowserSelenium] (_parseElementOnXpath) -> //a[@href='/jbilling/config/index'] is used
12:52:26,402 INFO  [BrowserSelenium] EXIT --> (_parseElementOnXpath)
12:52:26,402 INFO  [BrowserSelenium] EXIT --> (_getByLocator)
12:52:26,426 INFO  [BrowserSelenium] ENTER --> (_getByLocator)
12:52:26,426 INFO  [BrowserSelenium] (_getByLocator) -> Getting locator for null
12:52:26,426 INFO  [BrowserSelenium] (_getByLocator) -> Locator info found for XPATH attribute as: //a[@href='/jbilling/config/index']
12:52:26,426 INFO  [BrowserSelenium] ENTER --> (_parseElementOnXpath)
12:52:26,427 INFO  [BrowserSelenium] (_parseElementOnXpath) -> //a[@href='/jbilling/config/index'] is used
12:52:26,427 INFO  [BrowserSelenium] EXIT --> (_parseElementOnXpath)
12:52:26,427 INFO  [BrowserSelenium] EXIT --> (_getByLocator)
12:52:26,449 INFO  [BrowserSelenium] ENTER --> (_getByLocator)
12:52:26,449 INFO  [BrowserSelenium] (_getByLocator) -> Getting locator for null
12:52:26,449 INFO  [BrowserSelenium] (_getByLocator) -> Locator info found for XPATH attribute as: //a[@href='/jbilling/config/index']
12:52:26,450 INFO  [BrowserSelenium] ENTER --> (_parseElementOnXpath)
12:52:26,450 INFO  [BrowserSelenium] (_parseElementOnXpath) -> //a[@href='/jbilling/config/index'] is used
12:52:26,450 INFO  [BrowserSelenium] EXIT --> (_parseElementOnXpath)
12:52:26,450 INFO  [BrowserSelenium] EXIT --> (_getByLocator)
12:52:26,473 INFO  [BrowserSelenium] ENTER --> (_getByLocator)
12:52:26,473 INFO  [BrowserSelenium] (_getByLocator) -> Getting locator for null
12:52:26,473 INFO  [BrowserSelenium] (_getByLocator) -> Locator info found for XPATH attribute as: //a[@href='/jbilling/config/index']
12:52:26,473 INFO  [BrowserSelenium] ENTER --> (_parseElementOnXpath)
12:52:26,473 INFO  [BrowserSelenium] (_parseElementOnXpath) -> //a[@href='/jbilling/config/index'] is used
12:52:26,474 INFO  [BrowserSelenium] EXIT --> (_parseElementOnXpath)
12:52:26,474 INFO  [BrowserSelenium] EXIT --> (_getByLocator)
12:52:26,497 INFO  [BrowserSelenium] ENTER --> (_getByLocator)
12:52:26,497 INFO  [BrowserSelenium] (_getByLocator) -> Getting locator for null
12:52:26,497 INFO  [BrowserSelenium] (_getByLocator) -> Locator info found for XPATH attribute as: //a[@href='/jbilling/config/index']
12:52:26,497 INFO  [BrowserSelenium] ENTER --> (_parseElementOnXpath)
12:52:26,498 INFO  [BrowserSelenium] (_parseElementOnXpath) -> //a[@href='/jbilling/config/index'] is used
12:52:26,498 INFO  [BrowserSelenium] EXIT --> (_parseElementOnXpath)
12:52:26,498 INFO  [BrowserSelenium] EXIT --> (_getByLocator)
12:52:26,524 INFO  [BrowserSelenium] ENTER --> (_getByLocator)
12:52:26,524 INFO  [BrowserSelenium] (_getByLocator) -> Getting locator for null
12:52:26,524 INFO  [BrowserSelenium] (_getByLocator) -> Locator info found for XPATH attribute as: //a[@href='/jbilling/config/index']
12:52:26,524 INFO  [BrowserSelenium] ENTER --> (_parseElementOnXpath)
12:52:26,525 INFO  [BrowserSelenium] (_parseElementOnXpath) -> //a[@href='/jbilling/config/index'] is used
12:52:26,525 INFO  [BrowserSelenium] EXIT --> (_parseElementOnXpath)
12:52:26,525 INFO  [BrowserSelenium] EXIT --> (_getByLocator)
12:52:26,551 INFO  [BrowserSelenium] ENTER --> (_getByLocator)
12:52:26,551 INFO  [BrowserSelenium] (_getByLocator) -> Getting locator for null
12:52:26,551 INFO  [BrowserSelenium] (_getByLocator) -> Locator info found for XPATH attribute as: //a[@href='/jbilling/config/index']
12:52:26,551 INFO  [BrowserSelenium] ENTER --> (_parseElementOnXpath)
12:52:26,551 INFO  [BrowserSelenium] (_parseElementOnXpath) -> //a[@href='/jbilling/config/index'] is used
12:52:26,552 INFO  [BrowserSelenium] EXIT --> (_parseElementOnXpath)
12:52:26,552 INFO  [BrowserSelenium] EXIT --> (_getByLocator)
12:52:26,584 INFO  [BrowserSelenium] ENTER --> (_getByLocator)
12:52:26,584 INFO  [BrowserSelenium] (_getByLocator) -> Getting locator for null
12:52:26,585 INFO  [BrowserSelenium] (_getByLocator) -> Locator info found for XPATH attribute as: //a[@href='/jbilling/config/index']
12:52:26,585 INFO  [BrowserSelenium] ENTER --> (_parseElementOnXpath)
12:52:26,585 INFO  [BrowserSelenium] (_parseElementOnXpath) -> //a[@href='/jbilling/config/index'] is used
12:52:26,585 INFO  [BrowserSelenium] EXIT --> (_parseElementOnXpath)
12:52:26,585 INFO  [BrowserSelenium] EXIT --> (_getByLocator)
12:52:26,616 INFO  [BrowserSelenium] ENTER --> (_getByLocator)
12:52:26,616 INFO  [BrowserSelenium] (_getByLocator) -> Getting locator for null
12:52:26,616 INFO  [BrowserSelenium] (_getByLocator) -> Locator info found for XPATH attribute as: //a[@href='/jbilling/config/index']
12:52:26,617 INFO  [BrowserSelenium] ENTER --> (_parseElementOnXpath)
12:52:26,617 INFO  [BrowserSelenium] (_parseElementOnXpath) -> //a[@href='/jbilling/config/index'] is used
12:52:26,617 INFO  [BrowserSelenium] EXIT --> (_parseElementOnXpath)
12:52:26,617 INFO  [BrowserSelenium] EXIT --> (_getByLocator)
12:52:26,653 INFO  [BrowserSelenium] ENTER --> (_getByLocator)
12:52:26,654 INFO  [BrowserSelenium] (_getByLocator) -> Getting locator for null
12:52:26,654 INFO  [BrowserSelenium] (_getByLocator) -> Locator info found for XPATH attribute as: //a[@href='/jbilling/config/index']
12:52:26,654 INFO  [BrowserSelenium] ENTER --> (_parseElementOnXpath)
12:52:26,654 INFO  [BrowserSelenium] (_parseElementOnXpath) -> //a[@href='/jbilling/config/index'] is used
12:52:26,654 INFO  [BrowserSelenium] EXIT --> (_parseElementOnXpath)
12:52:26,654 INFO  [BrowserSelenium] EXIT --> (_getByLocator)
12:52:26,676 INFO  [BrowserSelenium] ENTER --> (_getByLocator)
12:52:26,677 INFO  [BrowserSelenium] (_getByLocator) -> Getting locator for null
12:52:26,677 INFO  [BrowserSelenium] (_getByLocator) -> Locator info found for XPATH attribute as: //a[@href='/jbilling/config/index']
12:52:26,677 INFO  [BrowserSelenium] ENTER --> (_parseElementOnXpath)
12:52:26,677 INFO  [BrowserSelenium] (_parseElementOnXpath) -> //a[@href='/jbilling/config/index'] is used
12:52:26,677 INFO  [BrowserSelenium] EXIT --> (_parseElementOnXpath)
12:52:26,678 INFO  [BrowserSelenium] EXIT --> (_getByLocator)
12:52:26,699 INFO  [BrowserSelenium] ENTER --> (_getByLocator)
12:52:26,699 INFO  [BrowserSelenium] (_getByLocator) -> Getting locator for null
12:52:26,699 INFO  [BrowserSelenium] (_getByLocator) -> Locator info found for XPATH attribute as: //a[@href='/jbilling/config/index']
12:52:26,700 INFO  [BrowserSelenium] ENTER --> (_parseElementOnXpath)
12:52:26,700 INFO  [BrowserSelenium] (_parseElementOnXpath) -> //a[@href='/jbilling/config/index'] is used
12:52:26,700 INFO  [BrowserSelenium] EXIT --> (_parseElementOnXpath)
12:52:26,700 INFO  [BrowserSelenium] EXIT --> (_getByLocator)
12:52:26,723 INFO  [BrowserSelenium] ENTER --> (_getByLocator)
12:52:26,723 INFO  [BrowserSelenium] (_getByLocator) -> Getting locator for null
12:52:26,723 INFO  [BrowserSelenium] (_getByLocator) -> Locator info found for XPATH attribute as: //a[@href='/jbilling/config/index']
12:52:26,723 INFO  [BrowserSelenium] ENTER --> (_parseElementOnXpath)
12:52:26,723 INFO  [BrowserSelenium] (_parseElementOnXpath) -> //a[@href='/jbilling/config/index'] is used
12:52:26,724 INFO  [BrowserSelenium] EXIT --> (_parseElementOnXpath)
12:52:26,724 INFO  [BrowserSelenium] EXIT --> (_getByLocator)
12:52:26,750 INFO  [BrowserSelenium] ENTER --> (_getByLocator)
12:52:26,750 INFO  [BrowserSelenium] (_getByLocator) -> Getting locator for null
12:52:26,751 INFO  [BrowserSelenium] (_getByLocator) -> Locator info found for XPATH attribute as: //a[@href='/jbilling/config/index']
12:52:26,751 INFO  [BrowserSelenium] ENTER --> (_parseElementOnXpath)
12:52:26,751 INFO  [BrowserSelenium] (_parseElementOnXpath) -> //a[@href='/jbilling/config/index'] is used
12:52:26,751 INFO  [BrowserSelenium] EXIT --> (_parseElementOnXpath)
12:52:26,751 INFO  [BrowserSelenium] EXIT --> (_getByLocator)
12:52:26,776 INFO  [BrowserSelenium] ENTER --> (_getByLocator)
12:52:26,776 INFO  [BrowserSelenium] (_getByLocator) -> Getting locator for null
12:52:26,776 INFO  [BrowserSelenium] (_getByLocator) -> Locator info found for XPATH attribute as: //a[@href='/jbilling/config/index']
12:52:26,776 INFO  [BrowserSelenium] ENTER --> (_parseElementOnXpath)
12:52:26,776 INFO  [BrowserSelenium] (_parseElementOnXpath) -> //a[@href='/jbilling/config/index'] is used
12:52:26,777 INFO  [BrowserSelenium] EXIT --> (_parseElementOnXpath)
12:52:26,777 INFO  [BrowserSelenium] EXIT --> (_getByLocator)
12:52:26,798 INFO  [BrowserSelenium] ENTER --> (_getByLocator)
12:52:26,799 INFO  [BrowserSelenium] (_getByLocator) -> Getting locator for null
12:52:26,799 INFO  [BrowserSelenium] (_getByLocator) -> Locator info found for XPATH attribute as: //a[@href='/jbilling/config/index']
12:52:26,799 INFO  [BrowserSelenium] ENTER --> (_parseElementOnXpath)
12:52:26,799 INFO  [BrowserSelenium] (_parseElementOnXpath) -> //a[@href='/jbilling/config/index'] is used
12:52:26,799 INFO  [BrowserSelenium] EXIT --> (_parseElementOnXpath)
12:52:26,800 INFO  [BrowserSelenium] EXIT --> (_getByLocator)
12:52:26,822 INFO  [BrowserSelenium] ENTER --> (_getByLocator)
12:52:26,822 INFO  [BrowserSelenium] (_getByLocator) -> Getting locator for null
12:52:26,822 INFO  [BrowserSelenium] (_getByLocator) -> Locator info found for XPATH attribute as: //a[@href='/jbilling/config/index']
12:52:26,823 INFO  [BrowserSelenium] ENTER --> (_parseElementOnXpath)
12:52:26,823 INFO  [BrowserSelenium] (_parseElementOnXpath) -> //a[@href='/jbilling/config/index'] is used
12:52:26,823 INFO  [BrowserSelenium] EXIT --> (_parseElementOnXpath)
12:52:26,823 INFO  [BrowserSelenium] EXIT --> (_getByLocator)
12:52:26,844 INFO  [BrowserSelenium] ENTER --> (_getByLocator)
12:52:26,845 INFO  [BrowserSelenium] (_getByLocator) -> Getting locator for null
12:52:26,845 INFO  [BrowserSelenium] (_getByLocator) -> Locator info found for XPATH attribute as: //a[@href='/jbilling/config/index']
12:52:26,845 INFO  [BrowserSelenium] ENTER --> (_parseElementOnXpath)
12:52:26,845 INFO  [BrowserSelenium] (_parseElementOnXpath) -> //a[@href='/jbilling/config/index'] is used
12:52:26,845 INFO  [BrowserSelenium] EXIT --> (_parseElementOnXpath)
12:52:26,846 INFO  [BrowserSelenium] EXIT --> (_getByLocator)
12:52:26,869 INFO  [BrowserSelenium] ENTER --> (_getByLocator)
12:52:26,869 INFO  [BrowserSelenium] (_getByLocator) -> Getting locator for null
12:52:26,870 INFO  [BrowserSelenium] (_getByLocator) -> Locator info found for XPATH attribute as: //a[@href='/jbilling/config/index']
12:52:26,870 INFO  [BrowserSelenium] ENTER --> (_parseElementOnXpath)
12:52:26,870 INFO  [BrowserSelenium] (_parseElementOnXpath) -> //a[@href='/jbilling/config/index'] is used
12:52:26,870 INFO  [BrowserSelenium] EXIT --> (_parseElementOnXpath)
12:52:26,870 INFO  [BrowserSelenium] EXIT --> (_getByLocator)
12:52:26,894 INFO  [BrowserSelenium] ENTER --> (_getByLocator)
12:52:26,894 INFO  [BrowserSelenium] (_getByLocator) -> Getting locator for null
12:52:26,894 INFO  [BrowserSelenium] (_getByLocator) -> Locator info found for XPATH attribute as: //a[@href='/jbilling/config/index']
12:52:26,894 INFO  [BrowserSelenium] ENTER --> (_parseElementOnXpath)
12:52:26,894 INFO  [BrowserSelenium] (_parseElementOnXpath) -> //a[@href='/jbilling/config/index'] is used
12:52:26,894 INFO  [BrowserSelenium] EXIT --> (_parseElementOnXpath)
12:52:26,894 INFO  [BrowserSelenium] EXIT --> (_getByLocator)
12:52:26,919 INFO  [BrowserSelenium] ENTER --> (_getByLocator)
12:52:26,919 INFO  [BrowserSelenium] (_getByLocator) -> Getting locator for null
12:52:26,920 INFO  [BrowserSelenium] (_getByLocator) -> Locator info found for XPATH attribute as: //a[@href='/jbilling/config/index']
12:52:26,920 INFO  [BrowserSelenium] ENTER --> (_parseElementOnXpath)
12:52:26,920 INFO  [BrowserSelenium] (_parseElementOnXpath) -> //a[@href='/jbilling/config/index'] is used
12:52:26,920 INFO  [BrowserSelenium] EXIT --> (_parseElementOnXpath)
12:52:26,920 INFO  [BrowserSelenium] EXIT --> (_getByLocator)
12:52:26,944 INFO  [BrowserSelenium] ENTER --> (_getByLocator)
12:52:26,944 INFO  [BrowserSelenium] (_getByLocator) -> Getting locator for null
12:52:26,944 INFO  [BrowserSelenium] (_getByLocator) -> Locator info found for XPATH attribute as: //a[@href='/jbilling/config/index']
12:52:26,944 INFO  [BrowserSelenium] ENTER --> (_parseElementOnXpath)
12:52:26,945 INFO  [BrowserSelenium] (_parseElementOnXpath) -> //a[@href='/jbilling/config/index'] is used
12:52:26,945 INFO  [BrowserSelenium] EXIT --> (_parseElementOnXpath)
12:52:26,945 INFO  [BrowserSelenium] EXIT --> (_getByLocator)
12:52:26,969 INFO  [BrowserSelenium] ENTER --> (_getByLocator)
12:52:26,969 INFO  [BrowserSelenium] (_getByLocator) -> Getting locator for null
12:52:26,969 INFO  [BrowserSelenium] (_getByLocator) -> Locator info found for XPATH attribute as: //a[@href='/jbilling/config/index']
12:52:26,970 INFO  [BrowserSelenium] ENTER --> (_parseElementOnXpath)
12:52:26,970 INFO  [BrowserSelenium] (_parseElementOnXpath) -> //a[@href='/jbilling/config/index'] is used
12:52:26,970 INFO  [BrowserSelenium] EXIT --> (_parseElementOnXpath)
12:52:26,970 INFO  [BrowserSelenium] EXIT --> (_getByLocator)
12:52:26,991 INFO  [BrowserSelenium] ENTER --> (_getByLocator)
12:52:26,992 INFO  [BrowserSelenium] (_getByLocator) -> Getting locator for null
12:52:26,992 INFO  [BrowserSelenium] (_getByLocator) -> Locator info found for XPATH attribute as: //a[@href='/jbilling/config/index']
12:52:26,992 INFO  [BrowserSelenium] ENTER --> (_parseElementOnXpath)
12:52:26,992 INFO  [BrowserSelenium] (_parseElementOnXpath) -> //a[@href='/jbilling/config/index'] is used
12:52:26,992 INFO  [BrowserSelenium] EXIT --> (_parseElementOnXpath)
12:52:26,992 INFO  [BrowserSelenium] EXIT --> (_getByLocator)
12:52:27,091 INFO  [BrowserSelenium] ENTER --> (_getByLocator)
12:52:27,091 INFO  [BrowserSelenium] (_getByLocator) -> Getting locator for null
12:52:27,091 INFO  [BrowserSelenium] (_getByLocator) -> Locator info found for XPATH attribute as: //a[@href='/jbilling/config/index']
12:52:27,091 INFO  [BrowserSelenium] ENTER --> (_parseElementOnXpath)
12:52:27,091 INFO  [BrowserSelenium] (_parseElementOnXpath) -> //a[@href='/jbilling/config/index'] is used
12:52:27,091 INFO  [BrowserSelenium] EXIT --> (_parseElementOnXpath)
12:52:27,091 INFO  [BrowserSelenium] EXIT --> (_getByLocator)
12:52:27,118 INFO  [BrowserSelenium] ENTER --> (_getByLocator)
12:52:27,118 INFO  [BrowserSelenium] (_getByLocator) -> Getting locator for null
12:52:27,118 INFO  [BrowserSelenium] (_getByLocator) -> Locator info found for XPATH attribute as: //a[@href='/jbilling/config/index']
12:52:27,118 INFO  [BrowserSelenium] ENTER --> (_parseElementOnXpath)
12:52:27,118 INFO  [BrowserSelenium] (_parseElementOnXpath) -> //a[@href='/jbilling/config/index'] is used
12:52:27,118 INFO  [BrowserSelenium] EXIT --> (_parseElementOnXpath)
12:52:27,118 INFO  [BrowserSelenium] EXIT --> (_getByLocator)
12:52:27,135 INFO  [BrowserSelenium] ENTER --> (_getByLocator)
12:52:27,135 INFO  [BrowserSelenium] (_getByLocator) -> Getting locator for null
12:52:27,135 INFO  [BrowserSelenium] (_getByLocator) -> Locator info found for XPATH attribute as: //a[@href='/jbilling/config/index']
12:52:27,135 INFO  [BrowserSelenium] ENTER --> (_parseElementOnXpath)
12:52:27,135 INFO  [BrowserSelenium] (_parseElementOnXpath) -> //a[@href='/jbilling/config/index'] is used
12:52:27,135 INFO  [BrowserSelenium] EXIT --> (_parseElementOnXpath)
12:52:27,135 INFO  [BrowserSelenium] EXIT --> (_getByLocator)
12:52:27,157 INFO  [BrowserSelenium] ENTER --> (_getByLocator)
12:52:27,157 INFO  [BrowserSelenium] (_getByLocator) -> Getting locator for null
12:52:27,157 INFO  [BrowserSelenium] (_getByLocator) -> Locator info found for XPATH attribute as: //a[@href='/jbilling/config/index']
12:52:27,157 INFO  [BrowserSelenium] ENTER --> (_parseElementOnXpath)
12:52:27,157 INFO  [BrowserSelenium] (_parseElementOnXpath) -> //a[@href='/jbilling/config/index'] is used
12:52:27,157 INFO  [BrowserSelenium] EXIT --> (_parseElementOnXpath)
12:52:27,157 INFO  [BrowserSelenium] EXIT --> (_getByLocator)
12:52:27,177 INFO  [BrowserSelenium] ENTER --> (_getByLocator)
12:52:27,177 INFO  [BrowserSelenium] (_getByLocator) -> Getting locator for null
12:52:27,177 INFO  [BrowserSelenium] (_getByLocator) -> Locator info found for XPATH attribute as: //a[@href='/jbilling/config/index']
12:52:27,177 INFO  [BrowserSelenium] ENTER --> (_parseElementOnXpath)
12:52:27,177 INFO  [BrowserSelenium] (_parseElementOnXpath) -> //a[@href='/jbilling/config/index'] is used
12:52:27,177 INFO  [BrowserSelenium] EXIT --> (_parseElementOnXpath)
12:52:27,177 INFO  [BrowserSelenium] EXIT --> (_getByLocator)
12:52:27,196 INFO  [BrowserSelenium] ENTER --> (_getByLocator)
12:52:27,196 INFO  [BrowserSelenium] (_getByLocator) -> Getting locator for null
12:52:27,196 INFO  [BrowserSelenium] (_getByLocator) -> Locator info found for XPATH attribute as: //a[@href='/jbilling/config/index']
12:52:27,196 INFO  [BrowserSelenium] ENTER --> (_parseElementOnXpath)
12:52:27,196 INFO  [BrowserSelenium] (_parseElementOnXpath) -> //a[@href='/jbilling/config/index'] is used
12:52:27,196 INFO  [BrowserSelenium] EXIT --> (_parseElementOnXpath)
12:52:27,196 INFO  [BrowserSelenium] EXIT --> (_getByLocator)
12:52:27,216 INFO  [BrowserSelenium] ENTER --> (_getByLocator)
12:52:27,216 INFO  [BrowserSelenium] (_getByLocator) -> Getting locator for null
12:52:27,216 INFO  [BrowserSelenium] (_getByLocator) -> Locator info found for XPATH attribute as: //a[@href='/jbilling/config/index']
12:52:27,216 INFO  [BrowserSelenium] ENTER --> (_parseElementOnXpath)
12:52:27,216 INFO  [BrowserSelenium] (_parseElementOnXpath) -> //a[@href='/jbilling/config/index'] is used
12:52:27,216 INFO  [BrowserSelenium] EXIT --> (_parseElementOnXpath)
12:52:27,217 INFO  [BrowserSelenium] EXIT --> (_getByLocator)
12:52:27,249 INFO  [BrowserSelenium] ENTER --> (_getByLocator)
12:52:27,249 INFO  [BrowserSelenium] (_getByLocator) -> Getting locator for null
12:52:27,249 INFO  [BrowserSelenium] (_getByLocator) -> Locator info found for XPATH attribute as: //a[@href='/jbilling/config/index']
12:52:27,249 INFO  [BrowserSelenium] ENTER --> (_parseElementOnXpath)
12:52:27,249 INFO  [BrowserSelenium] (_parseElementOnXpath) -> //a[@href='/jbilling/config/index'] is used
12:52:27,250 INFO  [BrowserSelenium] EXIT --> (_parseElementOnXpath)
12:52:27,250 INFO  [BrowserSelenium] EXIT --> (_getByLocator)
12:52:27,269 INFO  [BrowserSelenium] ENTER --> (_getByLocator)
12:52:27,269 INFO  [BrowserSelenium] (_getByLocator) -> Getting locator for null
12:52:27,269 INFO  [BrowserSelenium] (_getByLocator) -> Locator info found for XPATH attribute as: //a[@href='/jbilling/config/index']
12:52:27,269 INFO  [BrowserSelenium] ENTER --> (_parseElementOnXpath)
12:52:27,269 INFO  [BrowserSelenium] (_parseElementOnXpath) -> //a[@href='/jbilling/config/index'] is used
12:52:27,270 INFO  [BrowserSelenium] EXIT --> (_parseElementOnXpath)
12:52:27,270 INFO  [BrowserSelenium] EXIT --> (_getByLocator)
12:52:27,290 INFO  [BrowserSelenium] ENTER --> (_getByLocator)
12:52:27,290 INFO  [BrowserSelenium] (_getByLocator) -> Getting locator for null
12:52:27,290 INFO  [BrowserSelenium] (_getByLocator) -> Locator info found for XPATH attribute as: //a[@href='/jbilling/config/index']
12:52:27,291 INFO  [BrowserSelenium] ENTER --> (_parseElementOnXpath)
12:52:27,291 INFO  [BrowserSelenium] (_parseElementOnXpath) -> //a[@href='/jbilling/config/index'] is used
12:52:27,291 INFO  [BrowserSelenium] EXIT --> (_parseElementOnXpath)
12:52:27,291 INFO  [BrowserSelenium] EXIT --> (_getByLocator)
12:52:27,308 INFO  [BrowserSelenium] ENTER --> (_getByLocator)
12:52:27,308 INFO  [BrowserSelenium] (_getByLocator) -> Getting locator for null
12:52:27,309 INFO  [BrowserSelenium] (_getByLocator) -> Locator info found for XPATH attribute as: //a[@href='/jbilling/config/index']
12:52:27,309 INFO  [BrowserSelenium] ENTER --> (_parseElementOnXpath)
12:52:27,309 INFO  [BrowserSelenium] (_parseElementOnXpath) -> //a[@href='/jbilling/config/index'] is used
12:52:27,309 INFO  [BrowserSelenium] EXIT --> (_parseElementOnXpath)
12:52:27,309 INFO  [BrowserSelenium] EXIT --> (_getByLocator)
12:52:27,325 INFO  [BrowserSelenium] ENTER --> (_getByLocator)
12:52:27,326 INFO  [BrowserSelenium] (_getByLocator) -> Getting locator for null
12:52:27,326 INFO  [BrowserSelenium] (_getByLocator) -> Locator info found for XPATH attribute as: //a[@href='/jbilling/config/index']
12:52:27,326 INFO  [BrowserSelenium] ENTER --> (_parseElementOnXpath)
12:52:27,326 INFO  [BrowserSelenium] (_parseElementOnXpath) -> //a[@href='/jbilling/config/index'] is used
12:52:27,326 INFO  [BrowserSelenium] EXIT --> (_parseElementOnXpath)
12:52:27,326 INFO  [BrowserSelenium] EXIT --> (_getByLocator)
12:52:27,345 INFO  [BrowserSelenium] ENTER --> (_getByLocator)
12:52:27,345 INFO  [BrowserSelenium] (_getByLocator) -> Getting locator for null
12:52:27,345 INFO  [BrowserSelenium] (_getByLocator) -> Locator info found for XPATH attribute as: //a[@href='/jbilling/config/index']
12:52:27,345 INFO  [BrowserSelenium] ENTER --> (_parseElementOnXpath)
12:52:27,346 INFO  [BrowserSelenium] (_parseElementOnXpath) -> //a[@href='/jbilling/config/index'] is used
12:52:27,346 INFO  [BrowserSelenium] EXIT --> (_parseElementOnXpath)
12:52:27,346 INFO  [BrowserSelenium] EXIT --> (_getByLocator)
12:52:27,364 INFO  [BrowserSelenium] ENTER --> (_getByLocator)
12:52:27,364 INFO  [BrowserSelenium] (_getByLocator) -> Getting locator for null
12:52:27,364 INFO  [BrowserSelenium] (_getByLocator) -> Locator info found for XPATH attribute as: //a[@href='/jbilling/config/index']
12:52:27,364 INFO  [BrowserSelenium] ENTER --> (_parseElementOnXpath)
12:52:27,365 INFO  [BrowserSelenium] (_parseElementOnXpath) -> //a[@href='/jbilling/config/index'] is used
12:52:27,365 INFO  [BrowserSelenium] EXIT --> (_parseElementOnXpath)
12:52:27,365 INFO  [BrowserSelenium] EXIT --> (_getByLocator)
12:52:27,382 INFO  [BrowserSelenium] ENTER --> (_getByLocator)
12:52:27,382 INFO  [BrowserSelenium] (_getByLocator) -> Getting locator for null
12:52:27,382 INFO  [BrowserSelenium] (_getByLocator) -> Locator info found for XPATH attribute as: //a[@href='/jbilling/config/index']
12:52:27,382 INFO  [BrowserSelenium] ENTER --> (_parseElementOnXpath)
12:52:27,382 INFO  [BrowserSelenium] (_parseElementOnXpath) -> //a[@href='/jbilling/config/index'] is used
12:52:27,382 INFO  [BrowserSelenium] EXIT --> (_parseElementOnXpath)
12:52:27,382 INFO  [BrowserSelenium] EXIT --> (_getByLocator)
12:52:27,399 INFO  [BrowserSelenium] ENTER --> (_getByLocator)
12:52:27,400 INFO  [BrowserSelenium] (_getByLocator) -> Getting locator for null
12:52:27,400 INFO  [BrowserSelenium] (_getByLocator) -> Locator info found for XPATH attribute as: //a[@href='/jbilling/config/index']
12:52:27,400 INFO  [BrowserSelenium] ENTER --> (_parseElementOnXpath)
12:52:27,400 INFO  [BrowserSelenium] (_parseElementOnXpath) -> //a[@href='/jbilling/config/index'] is used
12:52:27,400 INFO  [BrowserSelenium] EXIT --> (_parseElementOnXpath)
12:52:27,400 INFO  [BrowserSelenium] EXIT --> (_getByLocator)
12:52:27,420 INFO  [BrowserSelenium] ENTER --> (_getByLocator)
12:52:27,420 INFO  [BrowserSelenium] (_getByLocator) -> Getting locator for null
12:52:27,420 INFO  [BrowserSelenium] (_getByLocator) -> Locator info found for XPATH attribute as: //a[@href='/jbilling/config/index']
12:52:27,421 INFO  [BrowserSelenium] ENTER --> (_parseElementOnXpath)
12:52:27,421 INFO  [BrowserSelenium] (_parseElementOnXpath) -> //a[@href='/jbilling/config/index'] is used
12:52:27,421 INFO  [BrowserSelenium] EXIT --> (_parseElementOnXpath)
12:52:27,421 INFO  [BrowserSelenium] EXIT --> (_getByLocator)
12:52:27,438 INFO  [BrowserSelenium] ENTER --> (_getByLocator)
12:52:27,439 INFO  [BrowserSelenium] (_getByLocator) -> Getting locator for null
12:52:27,439 INFO  [BrowserSelenium] (_getByLocator) -> Locator info found for XPATH attribute as: //a[@href='/jbilling/config/index']
12:52:27,439 INFO  [BrowserSelenium] ENTER --> (_parseElementOnXpath)
12:52:27,439 INFO  [BrowserSelenium] (_parseElementOnXpath) -> //a[@href='/jbilling/config/index'] is used
12:52:27,439 INFO  [BrowserSelenium] EXIT --> (_parseElementOnXpath)
12:52:27,439 INFO  [BrowserSelenium] EXIT --> (_getByLocator)
12:52:27,460 INFO  [BrowserSelenium] ENTER --> (_getByLocator)
12:52:27,461 INFO  [BrowserSelenium] (_getByLocator) -> Getting locator for null
12:52:27,461 INFO  [BrowserSelenium] (_getByLocator) -> Locator info found for XPATH attribute as: //a[@href='/jbilling/config/index']
12:52:27,461 INFO  [BrowserSelenium] ENTER --> (_parseElementOnXpath)
12:52:27,461 INFO  [BrowserSelenium] (_parseElementOnXpath) -> //a[@href='/jbilling/config/index'] is used
12:52:27,461 INFO  [BrowserSelenium] EXIT --> (_parseElementOnXpath)
12:52:27,461 INFO  [BrowserSelenium] EXIT --> (_getByLocator)
12:52:27,482 INFO  [BrowserSelenium] ENTER --> (_getByLocator)
12:52:27,483 INFO  [BrowserSelenium] (_getByLocator) -> Getting locator for null
12:52:27,483 INFO  [BrowserSelenium] (_getByLocator) -> Locator info found for XPATH attribute as: //a[@href='/jbilling/config/index']
12:52:27,483 INFO  [BrowserSelenium] ENTER --> (_parseElementOnXpath)
12:52:27,483 INFO  [BrowserSelenium] (_parseElementOnXpath) -> //a[@href='/jbilling/config/index'] is used
12:52:27,483 INFO  [BrowserSelenium] EXIT --> (_parseElementOnXpath)
12:52:27,483 INFO  [BrowserSelenium] EXIT --> (_getByLocator)
12:52:27,500 INFO  [BrowserSelenium] ENTER --> (_getByLocator)
12:52:27,500 INFO  [BrowserSelenium] (_getByLocator) -> Getting locator for null
12:52:27,500 INFO  [BrowserSelenium] (_getByLocator) -> Locator info found for XPATH attribute as: //a[@href='/jbilling/config/index']
12:52:27,500 INFO  [BrowserSelenium] ENTER --> (_parseElementOnXpath)
12:52:27,501 INFO  [BrowserSelenium] (_parseElementOnXpath) -> //a[@href='/jbilling/config/index'] is used
12:52:27,501 INFO  [BrowserSelenium] EXIT --> (_parseElementOnXpath)
12:52:27,501 INFO  [BrowserSelenium] EXIT --> (_getByLocator)
12:52:27,518 INFO  [BrowserSelenium] ENTER --> (_getByLocator)
12:52:27,518 INFO  [BrowserSelenium] (_getByLocator) -> Getting locator for null
12:52:27,518 INFO  [BrowserSelenium] (_getByLocator) -> Locator info found for XPATH attribute as: //a[@href='/jbilling/config/index']
12:52:27,518 INFO  [BrowserSelenium] ENTER --> (_parseElementOnXpath)
12:52:27,518 INFO  [BrowserSelenium] (_parseElementOnXpath) -> //a[@href='/jbilling/config/index'] is used
12:52:27,518 INFO  [BrowserSelenium] EXIT --> (_parseElementOnXpath)
12:52:27,518 INFO  [BrowserSelenium] EXIT --> (_getByLocator)
12:52:27,535 INFO  [BrowserSelenium] ENTER --> (_getByLocator)
12:52:27,535 INFO  [BrowserSelenium] (_getByLocator) -> Getting locator for null
12:52:27,535 INFO  [BrowserSelenium] (_getByLocator) -> Locator info found for XPATH attribute as: //a[@href='/jbilling/config/index']
12:52:27,535 INFO  [BrowserSelenium] ENTER --> (_parseElementOnXpath)
12:52:27,535 INFO  [BrowserSelenium] (_parseElementOnXpath) -> //a[@href='/jbilling/config/index'] is used
12:52:27,535 INFO  [BrowserSelenium] EXIT --> (_parseElementOnXpath)
12:52:27,536 INFO  [BrowserSelenium] EXIT --> (_getByLocator)
12:52:27,557 INFO  [BrowserSelenium] ENTER --> (_getByLocator)
12:52:27,557 INFO  [BrowserSelenium] (_getByLocator) -> Getting locator for null
12:52:27,557 INFO  [BrowserSelenium] (_getByLocator) -> Locator info found for XPATH attribute as: //a[@href='/jbilling/config/index']
12:52:27,557 INFO  [BrowserSelenium] ENTER --> (_parseElementOnXpath)
12:52:27,558 INFO  [BrowserSelenium] (_parseElementOnXpath) -> //a[@href='/jbilling/config/index'] is used
12:52:27,558 INFO  [BrowserSelenium] EXIT --> (_parseElementOnXpath)
12:52:27,558 INFO  [BrowserSelenium] EXIT --> (_getByLocator)
12:52:27,579 INFO  [BrowserSelenium] ENTER --> (_getByLocator)
12:52:27,579 INFO  [BrowserSelenium] (_getByLocator) -> Getting locator for null
12:52:27,579 INFO  [BrowserSelenium] (_getByLocator) -> Locator info found for XPATH attribute as: //a[@href='/jbilling/config/index']
12:52:27,580 INFO  [BrowserSelenium] ENTER --> (_parseElementOnXpath)
12:52:27,580 INFO  [BrowserSelenium] (_parseElementOnXpath) -> //a[@href='/jbilling/config/index'] is used
12:52:27,580 INFO  [BrowserSelenium] EXIT --> (_parseElementOnXpath)
12:52:27,580 INFO  [BrowserSelenium] EXIT --> (_getByLocator)
12:52:27,597 INFO  [BrowserSelenium] ENTER --> (_getByLocator)
12:52:27,598 INFO  [BrowserSelenium] (_getByLocator) -> Getting locator for null
12:52:27,598 INFO  [BrowserSelenium] (_getByLocator) -> Locator info found for XPATH attribute as: //a[@href='/jbilling/config/index']
12:52:27,598 INFO  [BrowserSelenium] ENTER --> (_parseElementOnXpath)
12:52:27,598 INFO  [BrowserSelenium] (_parseElementOnXpath) -> //a[@href='/jbilling/config/index'] is used
12:52:27,598 INFO  [BrowserSelenium] EXIT --> (_parseElementOnXpath)
12:52:27,598 INFO  [BrowserSelenium] EXIT --> (_getByLocator)
12:52:27,616 INFO  [BrowserSelenium] ENTER --> (_getByLocator)
12:52:27,616 INFO  [BrowserSelenium] (_getByLocator) -> Getting locator for null
12:52:27,616 INFO  [BrowserSelenium] (_getByLocator) -> Locator info found for XPATH attribute as: //a[@href='/jbilling/config/index']
12:52:27,616 INFO  [BrowserSelenium] ENTER --> (_parseElementOnXpath)
12:52:27,617 INFO  [BrowserSelenium] (_parseElementOnXpath) -> //a[@href='/jbilling/config/index'] is used
12:52:27,617 INFO  [BrowserSelenium] EXIT --> (_parseElementOnXpath)
12:52:27,617 INFO  [BrowserSelenium] EXIT --> (_getByLocator)
12:52:27,634 INFO  [BrowserSelenium] ENTER --> (_getByLocator)
12:52:27,634 INFO  [BrowserSelenium] (_getByLocator) -> Getting locator for null
12:52:27,634 INFO  [BrowserSelenium] (_getByLocator) -> Locator info found for XPATH attribute as: //a[@href='/jbilling/config/index']
12:52:27,634 INFO  [BrowserSelenium] ENTER --> (_parseElementOnXpath)
12:52:27,634 INFO  [BrowserSelenium] (_parseElementOnXpath) -> //a[@href='/jbilling/config/index'] is used
12:52:27,634 INFO  [BrowserSelenium] EXIT --> (_parseElementOnXpath)
12:52:27,635 INFO  [BrowserSelenium] EXIT --> (_getByLocator)
12:52:27,651 INFO  [BrowserSelenium] ENTER --> (_getByLocator)
12:52:27,651 INFO  [BrowserSelenium] (_getByLocator) -> Getting locator for null
12:52:27,651 INFO  [BrowserSelenium] (_getByLocator) -> Locator info found for XPATH attribute as: //a[@href='/jbilling/config/index']
12:52:27,652 INFO  [BrowserSelenium] ENTER --> (_parseElementOnXpath)
12:52:27,652 INFO  [BrowserSelenium] (_parseElementOnXpath) -> //a[@href='/jbilling/config/index'] is used
12:52:27,652 INFO  [BrowserSelenium] EXIT --> (_parseElementOnXpath)
12:52:27,652 INFO  [BrowserSelenium] EXIT --> (_getByLocator)
12:52:27,671 INFO  [BrowserSelenium] ENTER --> (_getByLocator)
12:52:27,671 INFO  [BrowserSelenium] (_getByLocator) -> Getting locator for null
12:52:27,671 INFO  [BrowserSelenium] (_getByLocator) -> Locator info found for XPATH attribute as: //a[@href='/jbilling/config/index']
12:52:27,671 INFO  [BrowserSelenium] ENTER --> (_parseElementOnXpath)
12:52:27,671 INFO  [BrowserSelenium] (_parseElementOnXpath) -> //a[@href='/jbilling/config/index'] is used
12:52:27,671 INFO  [BrowserSelenium] EXIT --> (_parseElementOnXpath)
12:52:27,672 INFO  [BrowserSelenium] EXIT --> (_getByLocator)
12:52:27,689 INFO  [BrowserSelenium] ENTER --> (_getByLocator)
12:52:27,689 INFO  [BrowserSelenium] (_getByLocator) -> Getting locator for null
12:52:27,689 INFO  [BrowserSelenium] (_getByLocator) -> Locator info found for XPATH attribute as: //a[@href='/jbilling/config/index']
12:52:27,689 INFO  [BrowserSelenium] ENTER --> (_parseElementOnXpath)
12:52:27,689 INFO  [BrowserSelenium] (_parseElementOnXpath) -> //a[@href='/jbilling/config/index'] is used
12:52:27,689 INFO  [BrowserSelenium] EXIT --> (_parseElementOnXpath)
12:52:27,689 INFO  [BrowserSelenium] EXIT --> (_getByLocator)
12:52:27,706 INFO  [BrowserSelenium] ENTER --> (_getByLocator)
12:52:27,706 INFO  [BrowserSelenium] (_getByLocator) -> Getting locator for null
12:52:27,706 INFO  [BrowserSelenium] (_getByLocator) -> Locator info found for XPATH attribute as: //a[@href='/jbilling/config/index']
12:52:27,706 INFO  [BrowserSelenium] ENTER --> (_parseElementOnXpath)
12:52:27,706 INFO  [BrowserSelenium] (_parseElementOnXpath) -> //a[@href='/jbilling/config/index'] is used
12:52:27,706 INFO  [BrowserSelenium] EXIT --> (_parseElementOnXpath)
12:52:27,706 INFO  [BrowserSelenium] EXIT --> (_getByLocator)
12:52:27,723 INFO  [BrowserSelenium] ENTER --> (_getByLocator)
12:52:27,723 INFO  [BrowserSelenium] (_getByLocator) -> Getting locator for null
12:52:27,723 INFO  [BrowserSelenium] (_getByLocator) -> Locator info found for XPATH attribute as: //a[@href='/jbilling/config/index']
12:52:27,723 INFO  [BrowserSelenium] ENTER --> (_parseElementOnXpath)
12:52:27,723 INFO  [BrowserSelenium] (_parseElementOnXpath) -> //a[@href='/jbilling/config/index'] is used
12:52:27,723 INFO  [BrowserSelenium] EXIT --> (_parseElementOnXpath)
12:52:27,723 INFO  [BrowserSelenium] EXIT --> (_getByLocator)
12:52:27,740 INFO  [BrowserSelenium] ENTER --> (_getByLocator)
12:52:27,740 INFO  [BrowserSelenium] (_getByLocator) -> Getting locator for null
12:52:27,740 INFO  [BrowserSelenium] (_getByLocator) -> Locator info found for XPATH attribute as: //a[@href='/jbilling/config/index']
12:52:27,741 INFO  [BrowserSelenium] ENTER --> (_parseElementOnXpath)
12:52:27,741 INFO  [BrowserSelenium] (_parseElementOnXpath) -> //a[@href='/jbilling/config/index'] is used
12:52:27,741 INFO  [BrowserSelenium] EXIT --> (_parseElementOnXpath)
12:52:27,741 INFO  [BrowserSelenium] EXIT --> (_getByLocator)
12:52:27,757 INFO  [BrowserSelenium] ENTER --> (_getByLocator)
12:52:27,757 INFO  [BrowserSelenium] (_getByLocator) -> Getting locator for null
12:52:27,758 INFO  [BrowserSelenium] (_getByLocator) -> Locator info found for XPATH attribute as: //a[@href='/jbilling/config/index']
12:52:27,758 INFO  [BrowserSelenium] ENTER --> (_parseElementOnXpath)
12:52:27,758 INFO  [BrowserSelenium] (_parseElementOnXpath) -> //a[@href='/jbilling/config/index'] is used
12:52:27,758 INFO  [BrowserSelenium] EXIT --> (_parseElementOnXpath)
12:52:27,758 INFO  [BrowserSelenium] EXIT --> (_getByLocator)
12:52:27,781 INFO  [BrowserSelenium] ENTER --> (_getByLocator)
12:52:27,781 INFO  [BrowserSelenium] (_getByLocator) -> Getting locator for null
12:52:27,781 INFO  [BrowserSelenium] (_getByLocator) -> Locator info found for XPATH attribute as: //a[@href='/jbilling/config/index']
12:52:27,781 INFO  [BrowserSelenium] ENTER --> (_parseElementOnXpath)
12:52:27,781 INFO  [BrowserSelenium] (_parseElementOnXpath) -> //a[@href='/jbilling/config/index'] is used
12:52:27,781 INFO  [BrowserSelenium] EXIT --> (_parseElementOnXpath)
12:52:27,782 INFO  [BrowserSelenium] EXIT --> (_getByLocator)
12:52:27,799 INFO  [BrowserSelenium] ENTER --> (_getByLocator)
12:52:27,799 INFO  [BrowserSelenium] (_getByLocator) -> Getting locator for null
12:52:27,799 INFO  [BrowserSelenium] (_getByLocator) -> Locator info found for XPATH attribute as: //a[@href='/jbilling/config/index']
12:52:27,799 INFO  [BrowserSelenium] ENTER --> (_parseElementOnXpath)
12:52:27,799 INFO  [BrowserSelenium] (_parseElementOnXpath) -> //a[@href='/jbilling/config/index'] is used
12:52:27,800 INFO  [BrowserSelenium] EXIT --> (_parseElementOnXpath)
12:52:27,800 INFO  [BrowserSelenium] EXIT --> (_getByLocator)
12:52:27,821 INFO  [BrowserSelenium] ENTER --> (_getByLocator)
12:52:27,821 INFO  [BrowserSelenium] (_getByLocator) -> Getting locator for null
12:52:27,821 INFO  [BrowserSelenium] (_getByLocator) -> Locator info found for XPATH attribute as: //a[@href='/jbilling/config/index']
12:52:27,821 INFO  [BrowserSelenium] ENTER --> (_parseElementOnXpath)
12:52:27,821 INFO  [BrowserSelenium] (_parseElementOnXpath) -> //a[@href='/jbilling/config/index'] is used
12:52:27,822 INFO  [BrowserSelenium] EXIT --> (_parseElementOnXpath)
12:52:27,822 INFO  [BrowserSelenium] EXIT --> (_getByLocator)
12:52:27,842 INFO  [BrowserSelenium] ENTER --> (_getByLocator)
12:52:27,842 INFO  [BrowserSelenium] (_getByLocator) -> Getting locator for null
12:52:27,843 INFO  [BrowserSelenium] (_getByLocator) -> Locator info found for XPATH attribute as: //a[@href='/jbilling/config/index']
12:52:27,843 INFO  [BrowserSelenium] ENTER --> (_parseElementOnXpath)
12:52:27,843 INFO  [BrowserSelenium] (_parseElementOnXpath) -> //a[@href='/jbilling/config/index'] is used
12:52:27,843 INFO  [BrowserSelenium] EXIT --> (_parseElementOnXpath)
12:52:27,843 INFO  [BrowserSelenium] EXIT --> (_getByLocator)
12:52:27,862 INFO  [BrowserSelenium] ENTER --> (_getByLocator)
12:52:27,862 INFO  [BrowserSelenium] (_getByLocator) -> Getting locator for null
12:52:27,862 INFO  [BrowserSelenium] (_getByLocator) -> Locator info found for XPATH attribute as: //a[@href='/jbilling/config/index']
12:52:27,862 INFO  [BrowserSelenium] ENTER --> (_parseElementOnXpath)
12:52:27,862 INFO  [BrowserSelenium] (_parseElementOnXpath) -> //a[@href='/jbilling/config/index'] is used
12:52:27,863 INFO  [BrowserSelenium] EXIT --> (_parseElementOnXpath)
12:52:27,863 INFO  [BrowserSelenium] EXIT --> (_getByLocator)
12:52:27,879 INFO  [BrowserSelenium] ENTER --> (_getByLocator)
12:52:27,880 INFO  [BrowserSelenium] (_getByLocator) -> Getting locator for null
12:52:27,880 INFO  [BrowserSelenium] (_getByLocator) -> Locator info found for XPATH attribute as: //a[@href='/jbilling/config/index']
12:52:27,880 INFO  [BrowserSelenium] ENTER --> (_parseElementOnXpath)
12:52:27,880 INFO  [BrowserSelenium] (_parseElementOnXpath) -> //a[@href='/jbilling/config/index'] is used
12:52:27,880 INFO  [BrowserSelenium] EXIT --> (_parseElementOnXpath)
12:52:27,880 INFO  [BrowserSelenium] EXIT --> (_getByLocator)
12:52:28,070 INFO  [BrowserSelenium] ENTER --> (_getByLocator)
12:52:28,070 INFO  [BrowserSelenium] (_getByLocator) -> Getting locator for null
12:52:28,071 INFO  [BrowserSelenium] (_getByLocator) -> Locator info found for XPATH attribute as: //a[@href='/jbilling/config/index']
12:52:28,071 INFO  [BrowserSelenium] ENTER --> (_parseElementOnXpath)
12:52:28,071 INFO  [BrowserSelenium] (_parseElementOnXpath) -> //a[@href='/jbilling/config/index'] is used
12:52:28,071 INFO  [BrowserSelenium] EXIT --> (_parseElementOnXpath)
12:52:28,071 INFO  [BrowserSelenium] EXIT --> (_getByLocator)
12:52:28,099 INFO  [BrowserSelenium] ENTER --> (_getByLocator)
12:52:28,099 INFO  [BrowserSelenium] (_getByLocator) -> Getting locator for null
12:52:28,099 INFO  [BrowserSelenium] (_getByLocator) -> Locator info found for XPATH attribute as: //a[@href='/jbilling/config/index']
12:52:28,099 INFO  [BrowserSelenium] ENTER --> (_parseElementOnXpath)
12:52:28,099 INFO  [BrowserSelenium] (_parseElementOnXpath) -> //a[@href='/jbilling/config/index'] is used
12:52:28,100 INFO  [BrowserSelenium] EXIT --> (_parseElementOnXpath)
12:52:28,100 INFO  [BrowserSelenium] EXIT --> (_getByLocator)
12:52:28,123 INFO  [BrowserSelenium] ENTER --> (_getByLocator)
12:52:28,123 INFO  [BrowserSelenium] (_getByLocator) -> Getting locator for null
12:52:28,123 INFO  [BrowserSelenium] (_getByLocator) -> Locator info found for XPATH attribute as: //a[@href='/jbilling/config/index']
12:52:28,123 INFO  [BrowserSelenium] ENTER --> (_parseElementOnXpath)
12:52:28,123 INFO  [BrowserSelenium] (_parseElementOnXpath) -> //a[@href='/jbilling/config/index'] is used
12:52:28,123 INFO  [BrowserSelenium] EXIT --> (_parseElementOnXpath)
12:52:28,123 INFO  [BrowserSelenium] EXIT --> (_getByLocator)
12:52:28,145 INFO  [BrowserSelenium] ENTER --> (_getByLocator)
12:52:28,145 INFO  [BrowserSelenium] (_getByLocator) -> Getting locator for null
12:52:28,145 INFO  [BrowserSelenium] (_getByLocator) -> Locator info found for XPATH attribute as: //a[@href='/jbilling/config/index']
12:52:28,146 INFO  [BrowserSelenium] ENTER --> (_parseElementOnXpath)
12:52:28,146 INFO  [BrowserSelenium] (_parseElementOnXpath) -> //a[@href='/jbilling/config/index'] is used
12:52:28,146 INFO  [BrowserSelenium] EXIT --> (_parseElementOnXpath)
12:52:28,146 INFO  [BrowserSelenium] EXIT --> (_getByLocator)
12:52:28,164 INFO  [BrowserSelenium] ENTER --> (_getByLocator)
12:52:28,164 INFO  [BrowserSelenium] (_getByLocator) -> Getting locator for null
12:52:28,164 INFO  [BrowserSelenium] (_getByLocator) -> Locator info found for XPATH attribute as: //a[@href='/jbilling/config/index']
12:52:28,164 INFO  [BrowserSelenium] ENTER --> (_parseElementOnXpath)
12:52:28,164 INFO  [BrowserSelenium] (_parseElementOnXpath) -> //a[@href='/jbilling/config/index'] is used
12:52:28,164 INFO  [BrowserSelenium] EXIT --> (_parseElementOnXpath)
12:52:28,165 INFO  [BrowserSelenium] EXIT --> (_getByLocator)
12:52:28,187 INFO  [BrowserSelenium] ENTER --> (_getByLocator)
12:52:28,187 INFO  [BrowserSelenium] (_getByLocator) -> Getting locator for null
12:52:28,187 INFO  [BrowserSelenium] (_getByLocator) -> Locator info found for XPATH attribute as: //a[@href='/jbilling/config/index']
12:52:28,187 INFO  [BrowserSelenium] ENTER --> (_parseElementOnXpath)
12:52:28,187 INFO  [BrowserSelenium] (_parseElementOnXpath) -> //a[@href='/jbilling/config/index'] is used
12:52:28,188 INFO  [BrowserSelenium] EXIT --> (_parseElementOnXpath)
12:52:28,188 INFO  [BrowserSelenium] EXIT --> (_getByLocator)
12:52:28,205 INFO  [BrowserSelenium] ENTER --> (_getByLocator)
12:52:28,205 INFO  [BrowserSelenium] (_getByLocator) -> Getting locator for null
12:52:28,205 INFO  [BrowserSelenium] (_getByLocator) -> Locator info found for XPATH attribute as: //a[@href='/jbilling/config/index']
12:52:28,206 INFO  [BrowserSelenium] ENTER --> (_parseElementOnXpath)
12:52:28,206 INFO  [BrowserSelenium] (_parseElementOnXpath) -> //a[@href='/jbilling/config/index'] is used
12:52:28,206 INFO  [BrowserSelenium] EXIT --> (_parseElementOnXpath)
12:52:28,206 INFO  [BrowserSelenium] EXIT --> (_getByLocator)
12:52:28,223 INFO  [BrowserSelenium] ENTER --> (_getByLocator)
12:52:28,223 INFO  [BrowserSelenium] (_getByLocator) -> Getting locator for null
12:52:28,223 INFO  [BrowserSelenium] (_getByLocator) -> Locator info found for XPATH attribute as: //a[@href='/jbilling/config/index']
12:52:28,223 INFO  [BrowserSelenium] ENTER --> (_parseElementOnXpath)
12:52:28,223 INFO  [BrowserSelenium] (_parseElementOnXpath) -> //a[@href='/jbilling/config/index'] is used
12:52:28,223 INFO  [BrowserSelenium] EXIT --> (_parseElementOnXpath)
12:52:28,224 INFO  [BrowserSelenium] EXIT --> (_getByLocator)
12:52:28,242 INFO  [BrowserSelenium] ENTER --> (_getByLocator)
12:52:28,242 INFO  [BrowserSelenium] (_getByLocator) -> Getting locator for null
12:52:28,242 INFO  [BrowserSelenium] (_getByLocator) -> Locator info found for XPATH attribute as: //a[@href='/jbilling/config/index']
12:52:28,242 INFO  [BrowserSelenium] ENTER --> (_parseElementOnXpath)
12:52:28,243 INFO  [BrowserSelenium] (_parseElementOnXpath) -> //a[@href='/jbilling/config/index'] is used
12:52:28,243 INFO  [BrowserSelenium] EXIT --> (_parseElementOnXpath)
12:52:28,243 INFO  [BrowserSelenium] EXIT --> (_getByLocator)
12:52:28,263 INFO  [BrowserSelenium] ENTER --> (_getByLocator)
12:52:28,263 INFO  [BrowserSelenium] (_getByLocator) -> Getting locator for null
12:52:28,263 INFO  [BrowserSelenium] (_getByLocator) -> Locator info found for XPATH attribute as: //a[@href='/jbilling/config/index']
12:52:28,263 INFO  [BrowserSelenium] ENTER --> (_parseElementOnXpath)
12:52:28,263 INFO  [BrowserSelenium] (_parseElementOnXpath) -> //a[@href='/jbilling/config/index'] is used
12:52:28,264 INFO  [BrowserSelenium] EXIT --> (_parseElementOnXpath)
12:52:28,264 INFO  [BrowserSelenium] EXIT --> (_getByLocator)
12:52:28,283 INFO  [BrowserSelenium] ENTER --> (_getByLocator)
12:52:28,284 INFO  [BrowserSelenium] (_getByLocator) -> Getting locator for null
12:52:28,284 INFO  [BrowserSelenium] (_getByLocator) -> Locator info found for XPATH attribute as: //a[@href='/jbilling/config/index']
12:52:28,284 INFO  [BrowserSelenium] ENTER --> (_parseElementOnXpath)
12:52:28,284 INFO  [BrowserSelenium] (_parseElementOnXpath) -> //a[@href='/jbilling/config/index'] is used
12:52:28,284 INFO  [BrowserSelenium] EXIT --> (_parseElementOnXpath)
12:52:28,284 INFO  [BrowserSelenium] EXIT --> (_getByLocator)
12:52:28,306 INFO  [BrowserSelenium] ENTER --> (_getByLocator)
12:52:28,306 INFO  [BrowserSelenium] (_getByLocator) -> Getting locator for null
12:52:28,306 INFO  [BrowserSelenium] (_getByLocator) -> Locator info found for XPATH attribute as: //a[@href='/jbilling/config/index']
12:52:28,306 INFO  [BrowserSelenium] ENTER --> (_parseElementOnXpath)
12:52:28,306 INFO  [BrowserSelenium] (_parseElementOnXpath) -> //a[@href='/jbilling/config/index'] is used
12:52:28,307 INFO  [BrowserSelenium] EXIT --> (_parseElementOnXpath)
12:52:28,307 INFO  [BrowserSelenium] EXIT --> (_getByLocator)
12:52:28,324 INFO  [BrowserSelenium] ENTER --> (_getByLocator)
12:52:28,325 INFO  [BrowserSelenium] (_getByLocator) -> Getting locator for null
12:52:28,325 INFO  [BrowserSelenium] (_getByLocator) -> Locator info found for XPATH attribute as: //a[@href='/jbilling/config/index']
12:52:28,325 INFO  [BrowserSelenium] ENTER --> (_parseElementOnXpath)
12:52:28,325 INFO  [BrowserSelenium] (_parseElementOnXpath) -> //a[@href='/jbilling/config/index'] is used
12:52:28,325 INFO  [BrowserSelenium] EXIT --> (_parseElementOnXpath)
12:52:28,325 INFO  [BrowserSelenium] EXIT --> (_getByLocator)
12:52:28,343 INFO  [BrowserSelenium] ENTER --> (_getByLocator)
12:52:28,343 INFO  [BrowserSelenium] (_getByLocator) -> Getting locator for null
12:52:28,343 INFO  [BrowserSelenium] (_getByLocator) -> Locator info found for XPATH attribute as: //a[@href='/jbilling/config/index']
12:52:28,343 INFO  [BrowserSelenium] ENTER --> (_parseElementOnXpath)
12:52:28,344 INFO  [BrowserSelenium] (_parseElementOnXpath) -> //a[@href='/jbilling/config/index'] is used
12:52:28,344 INFO  [BrowserSelenium] EXIT --> (_parseElementOnXpath)
12:52:28,344 INFO  [BrowserSelenium] EXIT --> (_getByLocator)
12:52:28,362 INFO  [BrowserSelenium] ENTER --> (_getByLocator)
12:52:28,363 INFO  [BrowserSelenium] (_getByLocator) -> Getting locator for null
12:52:28,363 INFO  [BrowserSelenium] (_getByLocator) -> Locator info found for XPATH attribute as: //a[@href='/jbilling/config/index']
12:52:28,363 INFO  [BrowserSelenium] ENTER --> (_parseElementOnXpath)
12:52:28,363 INFO  [BrowserSelenium] (_parseElementOnXpath) -> //a[@href='/jbilling/config/index'] is used
12:52:28,363 INFO  [BrowserSelenium] EXIT --> (_parseElementOnXpath)
12:52:28,363 INFO  [BrowserSelenium] EXIT --> (_getByLocator)
12:52:28,381 INFO  [BrowserSelenium] ENTER --> (_getByLocator)
12:52:28,381 INFO  [BrowserSelenium] (_getByLocator) -> Getting locator for null
12:52:28,381 INFO  [BrowserSelenium] (_getByLocator) -> Locator info found for XPATH attribute as: //a[@href='/jbilling/config/index']
12:52:28,381 INFO  [BrowserSelenium] ENTER --> (_parseElementOnXpath)
12:52:28,382 INFO  [BrowserSelenium] (_parseElementOnXpath) -> //a[@href='/jbilling/config/index'] is used
12:52:28,382 INFO  [BrowserSelenium] EXIT --> (_parseElementOnXpath)
12:52:28,382 INFO  [BrowserSelenium] EXIT --> (_getByLocator)
12:52:28,399 INFO  [BrowserSelenium] ENTER --> (_getByLocator)
12:52:28,399 INFO  [BrowserSelenium] (_getByLocator) -> Getting locator for null
12:52:28,400 INFO  [BrowserSelenium] (_getByLocator) -> Locator info found for XPATH attribute as: //a[@href='/jbilling/config/index']
12:52:28,400 INFO  [BrowserSelenium] ENTER --> (_parseElementOnXpath)
12:52:28,400 INFO  [BrowserSelenium] (_parseElementOnXpath) -> //a[@href='/jbilling/config/index'] is used
12:52:28,400 INFO  [BrowserSelenium] EXIT --> (_parseElementOnXpath)
12:52:28,400 INFO  [BrowserSelenium] EXIT --> (_getByLocator)
12:52:28,417 INFO  [BrowserSelenium] ENTER --> (_getByLocator)
12:52:28,418 INFO  [BrowserSelenium] (_getByLocator) -> Getting locator for null
12:52:28,418 INFO  [BrowserSelenium] (_getByLocator) -> Locator info found for XPATH attribute as: //a[@href='/jbilling/config/index']
12:52:28,418 INFO  [BrowserSelenium] ENTER --> (_parseElementOnXpath)
12:52:28,418 INFO  [BrowserSelenium] (_parseElementOnXpath) -> //a[@href='/jbilling/config/index'] is used
12:52:28,418 INFO  [BrowserSelenium] EXIT --> (_parseElementOnXpath)
12:52:28,418 INFO  [BrowserSelenium] EXIT --> (_getByLocator)
12:52:28,435 INFO  [BrowserSelenium] ENTER --> (_getByLocator)
12:52:28,435 INFO  [BrowserSelenium] (_getByLocator) -> Getting locator for null
12:52:28,435 INFO  [BrowserSelenium] (_getByLocator) -> Locator info found for XPATH attribute as: //a[@href='/jbilling/config/index']
12:52:28,436 INFO  [BrowserSelenium] ENTER --> (_parseElementOnXpath)
12:52:28,436 INFO  [BrowserSelenium] (_parseElementOnXpath) -> //a[@href='/jbilling/config/index'] is used
12:52:28,436 INFO  [BrowserSelenium] EXIT --> (_parseElementOnXpath)
12:52:28,436 INFO  [BrowserSelenium] EXIT --> (_getByLocator)
12:52:28,460 INFO  [BrowserSelenium] ENTER --> (_getByLocator)
12:52:28,460 INFO  [BrowserSelenium] (_getByLocator) -> Getting locator for null
12:52:28,460 INFO  [BrowserSelenium] (_getByLocator) -> Locator info found for XPATH attribute as: //a[@href='/jbilling/config/index']
12:52:28,460 INFO  [BrowserSelenium] ENTER --> (_parseElementOnXpath)
12:52:28,460 INFO  [BrowserSelenium] (_parseElementOnXpath) -> //a[@href='/jbilling/config/index'] is used
12:52:28,460 INFO  [BrowserSelenium] EXIT --> (_parseElementOnXpath)
12:52:28,460 INFO  [BrowserSelenium] EXIT --> (_getByLocator)
12:52:28,478 INFO  [BrowserSelenium] ENTER --> (_getByLocator)
12:52:28,478 INFO  [BrowserSelenium] (_getByLocator) -> Getting locator for null
12:52:28,478 INFO  [BrowserSelenium] (_getByLocator) -> Locator info found for XPATH attribute as: //a[@href='/jbilling/config/index']
12:52:28,478 INFO  [BrowserSelenium] ENTER --> (_parseElementOnXpath)
12:52:28,478 INFO  [BrowserSelenium] (_parseElementOnXpath) -> //a[@href='/jbilling/config/index'] is used
12:52:28,478 INFO  [BrowserSelenium] EXIT --> (_parseElementOnXpath)
12:52:28,479 INFO  [BrowserSelenium] EXIT --> (_getByLocator)
12:52:28,496 INFO  [BrowserSelenium] ENTER --> (_getByLocator)
12:52:28,496 INFO  [BrowserSelenium] (_getByLocator) -> Getting locator for null
12:52:28,496 INFO  [BrowserSelenium] (_getByLocator) -> Locator info found for XPATH attribute as: //a[@href='/jbilling/config/index']
12:52:28,496 INFO  [BrowserSelenium] ENTER --> (_parseElementOnXpath)
12:52:28,497 INFO  [BrowserSelenium] (_parseElementOnXpath) -> //a[@href='/jbilling/config/index'] is used
12:52:28,497 INFO  [BrowserSelenium] EXIT --> (_parseElementOnXpath)
12:52:28,497 INFO  [BrowserSelenium] EXIT --> (_getByLocator)
12:52:28,520 INFO  [BrowserSelenium] ENTER --> (_getByLocator)
12:52:28,521 INFO  [BrowserSelenium] (_getByLocator) -> Getting locator for null
12:52:28,521 INFO  [BrowserSelenium] (_getByLocator) -> Locator info found for XPATH attribute as: //a[@href='/jbilling/config/index']
12:52:28,521 INFO  [BrowserSelenium] ENTER --> (_parseElementOnXpath)
12:52:28,521 INFO  [BrowserSelenium] (_parseElementOnXpath) -> //a[@href='/jbilling/config/index'] is used
12:52:28,521 INFO  [BrowserSelenium] EXIT --> (_parseElementOnXpath)
12:52:28,521 INFO  [BrowserSelenium] EXIT --> (_getByLocator)
12:52:28,542 INFO  [BrowserSelenium] ENTER --> (_getByLocator)
12:52:28,542 INFO  [BrowserSelenium] (_getByLocator) -> Getting locator for null
12:52:28,542 INFO  [BrowserSelenium] (_getByLocator) -> Locator info found for XPATH attribute as: //a[@href='/jbilling/config/index']
12:52:28,542 INFO  [BrowserSelenium] ENTER --> (_parseElementOnXpath)
12:52:28,542 INFO  [BrowserSelenium] (_parseElementOnXpath) -> //a[@href='/jbilling/config/index'] is used
12:52:28,543 INFO  [BrowserSelenium] EXIT --> (_parseElementOnXpath)
12:52:28,543 INFO  [BrowserSelenium] EXIT --> (_getByLocator)
12:52:28,561 INFO  [BrowserSelenium] ENTER --> (_getByLocator)
12:52:28,561 INFO  [BrowserSelenium] (_getByLocator) -> Getting locator for null
12:52:28,561 INFO  [BrowserSelenium] (_getByLocator) -> Locator info found for XPATH attribute as: //a[@href='/jbilling/config/index']
12:52:28,561 INFO  [BrowserSelenium] ENTER --> (_parseElementOnXpath)
12:52:28,561 INFO  [BrowserSelenium] (_parseElementOnXpath) -> //a[@href='/jbilling/config/index'] is used
12:52:28,561 INFO  [BrowserSelenium] EXIT --> (_parseElementOnXpath)
12:52:28,561 INFO  [BrowserSelenium] EXIT --> (_getByLocator)
12:52:28,582 INFO  [BrowserSelenium] ENTER --> (_getByLocator)
12:52:28,582 INFO  [BrowserSelenium] (_getByLocator) -> Getting locator for null
12:52:28,582 INFO  [BrowserSelenium] (_getByLocator) -> Locator info found for XPATH attribute as: //a[@href='/jbilling/config/index']
12:52:28,582 INFO  [BrowserSelenium] ENTER --> (_parseElementOnXpath)
12:52:28,582 INFO  [BrowserSelenium] (_parseElementOnXpath) -> //a[@href='/jbilling/config/index'] is used
12:52:28,583 INFO  [BrowserSelenium] EXIT --> (_parseElementOnXpath)
12:52:28,583 INFO  [BrowserSelenium] EXIT --> (_getByLocator)
12:52:28,601 INFO  [BrowserSelenium] ENTER --> (_getByLocator)
12:52:28,601 INFO  [BrowserSelenium] (_getByLocator) -> Getting locator for null
12:52:28,601 INFO  [BrowserSelenium] (_getByLocator) -> Locator info found for XPATH attribute as: //a[@href='/jbilling/config/index']
12:52:28,601 INFO  [BrowserSelenium] ENTER --> (_parseElementOnXpath)
12:52:28,601 INFO  [BrowserSelenium] (_parseElementOnXpath) -> //a[@href='/jbilling/config/index'] is used
12:52:28,601 INFO  [BrowserSelenium] EXIT --> (_parseElementOnXpath)
12:52:28,601 INFO  [BrowserSelenium] EXIT --> (_getByLocator)
12:52:28,618 INFO  [BrowserSelenium] ENTER --> (_getByLocator)
12:52:28,618 INFO  [BrowserSelenium] (_getByLocator) -> Getting locator for null
12:52:28,618 INFO  [BrowserSelenium] (_getByLocator) -> Locator info found for XPATH attribute as: //a[@href='/jbilling/config/index']
12:52:28,618 INFO  [BrowserSelenium] ENTER --> (_parseElementOnXpath)
12:52:28,618 INFO  [BrowserSelenium] (_parseElementOnXpath) -> //a[@href='/jbilling/config/index'] is used
12:52:28,618 INFO  [BrowserSelenium] EXIT --> (_parseElementOnXpath)
12:52:28,618 INFO  [BrowserSelenium] EXIT --> (_getByLocator)
12:52:28,642 INFO  [BrowserSelenium] ENTER --> (_getByLocator)
12:52:28,643 INFO  [BrowserSelenium] (_getByLocator) -> Getting locator for null
12:52:28,643 INFO  [BrowserSelenium] (_getByLocator) -> Locator info found for XPATH attribute as: //a[@href='/jbilling/config/index']
12:52:28,643 INFO  [BrowserSelenium] ENTER --> (_parseElementOnXpath)
12:52:28,643 INFO  [BrowserSelenium] (_parseElementOnXpath) -> //a[@href='/jbilling/config/index'] is used
12:52:28,643 INFO  [BrowserSelenium] EXIT --> (_parseElementOnXpath)
12:52:28,643 INFO  [BrowserSelenium] EXIT --> (_getByLocator)
12:52:28,660 INFO  [BrowserSelenium] ENTER --> (_getByLocator)
12:52:28,660 INFO  [BrowserSelenium] (_getByLocator) -> Getting locator for null
12:52:28,660 INFO  [BrowserSelenium] (_getByLocator) -> Locator info found for XPATH attribute as: //a[@href='/jbilling/config/index']
12:52:28,661 INFO  [BrowserSelenium] ENTER --> (_parseElementOnXpath)
12:52:28,661 INFO  [BrowserSelenium] (_parseElementOnXpath) -> //a[@href='/jbilling/config/index'] is used
12:52:28,661 INFO  [BrowserSelenium] EXIT --> (_parseElementOnXpath)
12:52:28,661 INFO  [BrowserSelenium] EXIT --> (_getByLocator)
12:52:28,679 INFO  [BrowserSelenium] ENTER --> (_getByLocator)
12:52:28,680 INFO  [BrowserSelenium] (_getByLocator) -> Getting locator for null
12:52:28,680 INFO  [BrowserSelenium] (_getByLocator) -> Locator info found for XPATH attribute as: //a[@href='/jbilling/config/index']
12:52:28,680 INFO  [BrowserSelenium] ENTER --> (_parseElementOnXpath)
12:52:28,680 INFO  [BrowserSelenium] (_parseElementOnXpath) -> //a[@href='/jbilling/config/index'] is used
12:52:28,680 INFO  [BrowserSelenium] EXIT --> (_parseElementOnXpath)
12:52:28,680 INFO  [BrowserSelenium] EXIT --> (_getByLocator)
12:52:28,701 INFO  [BrowserSelenium] ENTER --> (_getByLocator)
12:52:28,701 INFO  [BrowserSelenium] (_getByLocator) -> Getting locator for null
12:52:28,702 INFO  [BrowserSelenium] (_getByLocator) -> Locator info found for XPATH attribute as: //a[@href='/jbilling/config/index']
12:52:28,702 INFO  [BrowserSelenium] ENTER --> (_parseElementOnXpath)
12:52:28,702 INFO  [BrowserSelenium] (_parseElementOnXpath) -> //a[@href='/jbilling/config/index'] is used
12:52:28,702 INFO  [BrowserSelenium] EXIT --> (_parseElementOnXpath)
12:52:28,702 INFO  [BrowserSelenium] EXIT --> (_getByLocator)
12:52:28,721 INFO  [BrowserSelenium] ENTER --> (_getByLocator)
12:52:28,721 INFO  [BrowserSelenium] (_getByLocator) -> Getting locator for null
12:52:28,721 INFO  [BrowserSelenium] (_getByLocator) -> Locator info found for XPATH attribute as: //a[@href='/jbilling/config/index']
12:52:28,721 INFO  [BrowserSelenium] ENTER --> (_parseElementOnXpath)
12:52:28,721 INFO  [BrowserSelenium] (_parseElementOnXpath) -> //a[@href='/jbilling/config/index'] is used
12:52:28,722 INFO  [BrowserSelenium] EXIT --> (_parseElementOnXpath)
12:52:28,722 INFO  [BrowserSelenium] EXIT --> (_getByLocator)
12:52:28,740 INFO  [BrowserSelenium] ENTER --> (_getByLocator)
12:52:28,740 INFO  [BrowserSelenium] (_getByLocator) -> Getting locator for null
12:52:28,740 INFO  [BrowserSelenium] (_getByLocator) -> Locator info found for XPATH attribute as: //a[@href='/jbilling/config/index']
12:52:28,740 INFO  [BrowserSelenium] ENTER --> (_parseElementOnXpath)
12:52:28,741 INFO  [BrowserSelenium] (_parseElementOnXpath) -> //a[@href='/jbilling/config/index'] is used
12:52:28,741 INFO  [BrowserSelenium] EXIT --> (_parseElementOnXpath)
12:52:28,741 INFO  [BrowserSelenium] EXIT --> (_getByLocator)
12:52:28,757 INFO  [BrowserSelenium] ENTER --> (_getByLocator)
12:52:28,758 INFO  [BrowserSelenium] (_getByLocator) -> Getting locator for null
12:52:28,758 INFO  [BrowserSelenium] (_getByLocator) -> Locator info found for XPATH attribute as: //a[@href='/jbilling/config/index']
12:52:28,758 INFO  [BrowserSelenium] ENTER --> (_parseElementOnXpath)
12:52:28,758 INFO  [BrowserSelenium] (_parseElementOnXpath) -> //a[@href='/jbilling/config/index'] is used
12:52:28,758 INFO  [BrowserSelenium] EXIT --> (_parseElementOnXpath)
12:52:28,758 INFO  [BrowserSelenium] EXIT --> (_getByLocator)
12:52:28,775 INFO  [BrowserSelenium] ENTER --> (_getByLocator)
12:52:28,775 INFO  [BrowserSelenium] (_getByLocator) -> Getting locator for null
12:52:28,776 INFO  [BrowserSelenium] (_getByLocator) -> Locator info found for XPATH attribute as: //a[@href='/jbilling/config/index']
12:52:28,776 INFO  [BrowserSelenium] ENTER --> (_parseElementOnXpath)
12:52:28,776 INFO  [BrowserSelenium] (_parseElementOnXpath) -> //a[@href='/jbilling/config/index'] is used
12:52:28,776 INFO  [BrowserSelenium] EXIT --> (_parseElementOnXpath)
12:52:28,776 INFO  [BrowserSelenium] EXIT --> (_getByLocator)
12:52:28,796 INFO  [BrowserSelenium] ENTER --> (_getByLocator)
12:52:28,796 INFO  [BrowserSelenium] (_getByLocator) -> Getting locator for null
12:52:28,796 INFO  [BrowserSelenium] (_getByLocator) -> Locator info found for XPATH attribute as: //a[@href='/jbilling/config/index']
12:52:28,796 INFO  [BrowserSelenium] ENTER --> (_parseElementOnXpath)
12:52:28,796 INFO  [BrowserSelenium] (_parseElementOnXpath) -> //a[@href='/jbilling/config/index'] is used
12:52:28,796 INFO  [BrowserSelenium] EXIT --> (_parseElementOnXpath)
12:52:28,797 INFO  [BrowserSelenium] EXIT --> (_getByLocator)
12:52:28,814 INFO  [BrowserSelenium] ENTER --> (_getByLocator)
12:52:28,814 INFO  [BrowserSelenium] (_getByLocator) -> Getting locator for null
12:52:28,814 INFO  [BrowserSelenium] (_getByLocator) -> Locator info found for XPATH attribute as: //a[@href='/jbilling/config/index']
12:52:28,814 INFO  [BrowserSelenium] ENTER --> (_parseElementOnXpath)
12:52:28,814 INFO  [BrowserSelenium] (_parseElementOnXpath) -> //a[@href='/jbilling/config/index'] is used
12:52:28,814 INFO  [BrowserSelenium] EXIT --> (_parseElementOnXpath)
12:52:28,814 INFO  [BrowserSelenium] EXIT --> (_getByLocator)
12:52:28,831 INFO  [BrowserSelenium] ENTER --> (_getByLocator)
12:52:28,832 INFO  [BrowserSelenium] (_getByLocator) -> Getting locator for null
12:52:28,832 INFO  [BrowserSelenium] (_getByLocator) -> Locator info found for XPATH attribute as: //a[@href='/jbilling/config/index']
12:52:28,832 INFO  [BrowserSelenium] ENTER --> (_parseElementOnXpath)
12:52:28,832 INFO  [BrowserSelenium] (_parseElementOnXpath) -> //a[@href='/jbilling/config/index'] is used
12:52:28,832 INFO  [BrowserSelenium] EXIT --> (_parseElementOnXpath)
12:52:28,832 INFO  [BrowserSelenium] EXIT --> (_getByLocator)
12:52:28,898 INFO  [BrowserSelenium] ENTER --> (_getByLocator)
12:52:28,899 INFO  [BrowserSelenium] (_getByLocator) -> Getting locator for null
12:52:28,899 INFO  [BrowserSelenium] (_getByLocator) -> Locator info found for XPATH attribute as: //a[@href='/jbilling/config/index']
12:52:28,899 INFO  [BrowserSelenium] ENTER --> (_parseElementOnXpath)
12:52:28,899 INFO  [BrowserSelenium] (_parseElementOnXpath) -> //a[@href='/jbilling/config/index'] is used
12:52:28,899 INFO  [BrowserSelenium] EXIT --> (_parseElementOnXpath)
12:52:28,899 INFO  [BrowserSelenium] EXIT --> (_getByLocator)
12:52:28,924 INFO  [BrowserSelenium] ENTER --> (_getByLocator)
12:52:28,924 INFO  [BrowserSelenium] (_getByLocator) -> Getting locator for null
12:52:28,924 INFO  [BrowserSelenium] (_getByLocator) -> Locator info found for XPATH attribute as: //a[@href='/jbilling/config/index']
12:52:28,924 INFO  [BrowserSelenium] ENTER --> (_parseElementOnXpath)
12:52:28,925 INFO  [BrowserSelenium] (_parseElementOnXpath) -> //a[@href='/jbilling/config/index'] is used
12:52:28,925 INFO  [BrowserSelenium] EXIT --> (_parseElementOnXpath)
12:52:28,925 INFO  [BrowserSelenium] EXIT --> (_getByLocator)
12:52:28,948 INFO  [BrowserSelenium] ENTER --> (_getByLocator)
12:52:28,948 INFO  [BrowserSelenium] (_getByLocator) -> Getting locator for null
12:52:28,948 INFO  [BrowserSelenium] (_getByLocator) -> Locator info found for XPATH attribute as: //a[@href='/jbilling/config/index']
12:52:28,948 INFO  [BrowserSelenium] ENTER --> (_parseElementOnXpath)
12:52:28,948 INFO  [BrowserSelenium] (_parseElementOnXpath) -> //a[@href='/jbilling/config/index'] is used
12:52:28,949 INFO  [BrowserSelenium] EXIT --> (_parseElementOnXpath)
12:52:28,949 INFO  [BrowserSelenium] EXIT --> (_getByLocator)
12:52:28,965 INFO  [BrowserSelenium] ENTER --> (_getByLocator)
12:52:28,965 INFO  [BrowserSelenium] (_getByLocator) -> Getting locator for null
12:52:28,965 INFO  [BrowserSelenium] (_getByLocator) -> Locator info found for XPATH attribute as: //a[@href='/jbilling/config/index']
12:52:28,966 INFO  [BrowserSelenium] ENTER --> (_parseElementOnXpath)
12:52:28,966 INFO  [BrowserSelenium] (_parseElementOnXpath) -> //a[@href='/jbilling/config/index'] is used
12:52:28,966 INFO  [BrowserSelenium] EXIT --> (_parseElementOnXpath)
12:52:28,966 INFO  [BrowserSelenium] EXIT --> (_getByLocator)
12:52:28,983 INFO  [BrowserSelenium] ENTER --> (_getByLocator)
12:52:28,983 INFO  [BrowserSelenium] (_getByLocator) -> Getting locator for null
12:52:28,983 INFO  [BrowserSelenium] (_getByLocator) -> Locator info found for XPATH attribute as: //a[@href='/jbilling/config/index']
12:52:28,984 INFO  [BrowserSelenium] ENTER --> (_parseElementOnXpath)
12:52:28,984 INFO  [BrowserSelenium] (_parseElementOnXpath) -> //a[@href='/jbilling/config/index'] is used
12:52:28,984 INFO  [BrowserSelenium] EXIT --> (_parseElementOnXpath)
12:52:28,984 INFO  [BrowserSelenium] EXIT --> (_getByLocator)
12:52:29,001 INFO  [BrowserSelenium] ENTER --> (_getByLocator)
12:52:29,002 INFO  [BrowserSelenium] (_getByLocator) -> Getting locator for null
12:52:29,002 INFO  [BrowserSelenium] (_getByLocator) -> Locator info found for XPATH attribute as: //a[@href='/jbilling/config/index']
12:52:29,002 INFO  [BrowserSelenium] ENTER --> (_parseElementOnXpath)
12:52:29,002 INFO  [BrowserSelenium] (_parseElementOnXpath) -> //a[@href='/jbilling/config/index'] is used
12:52:29,002 INFO  [BrowserSelenium] EXIT --> (_parseElementOnXpath)
12:52:29,003 INFO  [BrowserSelenium] EXIT --> (_getByLocator)
12:52:29,024 INFO  [BrowserSelenium] ENTER --> (_getByLocator)
12:52:29,024 INFO  [BrowserSelenium] (_getByLocator) -> Getting locator for null
12:52:29,024 INFO  [BrowserSelenium] (_getByLocator) -> Locator info found for XPATH attribute as: //a[@href='/jbilling/config/index']
12:52:29,024 INFO  [BrowserSelenium] ENTER --> (_parseElementOnXpath)
12:52:29,024 INFO  [BrowserSelenium] (_parseElementOnXpath) -> //a[@href='/jbilling/config/index'] is used
12:52:29,025 INFO  [BrowserSelenium] EXIT --> (_parseElementOnXpath)
12:52:29,025 INFO  [BrowserSelenium] EXIT --> (_getByLocator)
12:52:29,041 INFO  [BrowserSelenium] ENTER --> (_getByLocator)
12:52:29,041 INFO  [BrowserSelenium] (_getByLocator) -> Getting locator for null
12:52:29,041 INFO  [BrowserSelenium] (_getByLocator) -> Locator info found for XPATH attribute as: //a[@href='/jbilling/config/index']
12:52:29,041 INFO  [BrowserSelenium] ENTER --> (_parseElementOnXpath)
12:52:29,042 INFO  [BrowserSelenium] (_parseElementOnXpath) -> //a[@href='/jbilling/config/index'] is used
12:52:29,042 INFO  [BrowserSelenium] EXIT --> (_parseElementOnXpath)
12:52:29,042 INFO  [BrowserSelenium] EXIT --> (_getByLocator)
12:52:29,059 INFO  [BrowserSelenium] ENTER --> (_getByLocator)
12:52:29,059 INFO  [BrowserSelenium] (_getByLocator) -> Getting locator for null
12:52:29,060 INFO  [BrowserSelenium] (_getByLocator) -> Locator info found for XPATH attribute as: //a[@href='/jbilling/config/index']
12:52:29,060 INFO  [BrowserSelenium] ENTER --> (_parseElementOnXpath)
12:52:29,060 INFO  [BrowserSelenium] (_parseElementOnXpath) -> //a[@href='/jbilling/config/index'] is used
12:52:29,060 INFO  [BrowserSelenium] EXIT --> (_parseElementOnXpath)
12:52:29,060 INFO  [BrowserSelenium] EXIT --> (_getByLocator)
12:52:29,080 INFO  [BrowserSelenium] ENTER --> (_getByLocator)
12:52:29,080 INFO  [BrowserSelenium] (_getByLocator) -> Getting locator for null
12:52:29,081 INFO  [BrowserSelenium] (_getByLocator) -> Locator info found for XPATH attribute as: //a[@href='/jbilling/config/index']
12:52:29,081 INFO  [BrowserSelenium] ENTER --> (_parseElementOnXpath)
12:52:29,081 INFO  [BrowserSelenium] (_parseElementOnXpath) -> //a[@href='/jbilling/config/index'] is used
12:52:29,081 INFO  [BrowserSelenium] EXIT --> (_parseElementOnXpath)
12:52:29,081 INFO  [BrowserSelenium] EXIT --> (_getByLocator)
12:52:29,100 INFO  [BrowserSelenium] ENTER --> (_getByLocator)
12:52:29,100 INFO  [BrowserSelenium] (_getByLocator) -> Getting locator for null
12:52:29,100 INFO  [BrowserSelenium] (_getByLocator) -> Locator info found for XPATH attribute as: //a[@href='/jbilling/config/index']
12:52:29,100 INFO  [BrowserSelenium] ENTER --> (_parseElementOnXpath)
12:52:29,101 INFO  [BrowserSelenium] (_parseElementOnXpath) -> //a[@href='/jbilling/config/index'] is used
12:52:29,101 INFO  [BrowserSelenium] EXIT --> (_parseElementOnXpath)
12:52:29,101 INFO  [BrowserSelenium] EXIT --> (_getByLocator)
12:52:29,123 INFO  [BrowserSelenium] ENTER --> (_getByLocator)
12:52:29,123 INFO  [BrowserSelenium] (_getByLocator) -> Getting locator for null
12:52:29,123 INFO  [BrowserSelenium] (_getByLocator) -> Locator info found for XPATH attribute as: //a[@href='/jbilling/config/index']
12:52:29,123 INFO  [BrowserSelenium] ENTER --> (_parseElementOnXpath)
12:52:29,124 INFO  [BrowserSelenium] (_parseElementOnXpath) -> //a[@href='/jbilling/config/index'] is used
12:52:29,124 INFO  [BrowserSelenium] EXIT --> (_parseElementOnXpath)
12:52:29,124 INFO  [BrowserSelenium] EXIT --> (_getByLocator)
12:52:29,142 INFO  [BrowserSelenium] ENTER --> (_getByLocator)
12:52:29,142 INFO  [BrowserSelenium] (_getByLocator) -> Getting locator for null
12:52:29,142 INFO  [BrowserSelenium] (_getByLocator) -> Locator info found for XPATH attribute as: //a[@href='/jbilling/config/index']
12:52:29,142 INFO  [BrowserSelenium] ENTER --> (_parseElementOnXpath)
12:52:29,142 INFO  [BrowserSelenium] (_parseElementOnXpath) -> //a[@href='/jbilling/config/index'] is used
12:52:29,143 INFO  [BrowserSelenium] EXIT --> (_parseElementOnXpath)
12:52:29,143 INFO  [BrowserSelenium] EXIT --> (_getByLocator)
12:52:29,159 INFO  [BrowserSelenium] ENTER --> (_getByLocator)
12:52:29,160 INFO  [BrowserSelenium] (_getByLocator) -> Getting locator for null
12:52:29,160 INFO  [BrowserSelenium] (_getByLocator) -> Locator info found for XPATH attribute as: //a[@href='/jbilling/config/index']
12:52:29,160 INFO  [BrowserSelenium] ENTER --> (_parseElementOnXpath)
12:52:29,160 INFO  [BrowserSelenium] (_parseElementOnXpath) -> //a[@href='/jbilling/config/index'] is used
12:52:29,160 INFO  [BrowserSelenium] EXIT --> (_parseElementOnXpath)
12:52:29,160 INFO  [BrowserSelenium] EXIT --> (_getByLocator)
12:52:29,178 INFO  [BrowserSelenium] ENTER --> (_getByLocator)
12:52:29,179 INFO  [BrowserSelenium] (_getByLocator) -> Getting locator for null
12:52:29,179 INFO  [BrowserSelenium] (_getByLocator) -> Locator info found for XPATH attribute as: //a[@href='/jbilling/config/index']
12:52:29,179 INFO  [BrowserSelenium] ENTER --> (_parseElementOnXpath)
12:52:29,179 INFO  [BrowserSelenium] (_parseElementOnXpath) -> //a[@href='/jbilling/config/index'] is used
12:52:29,179 INFO  [BrowserSelenium] EXIT --> (_parseElementOnXpath)
12:52:29,179 INFO  [BrowserSelenium] EXIT --> (_getByLocator)
12:52:29,201 INFO  [BrowserSelenium] ENTER --> (_getByLocator)
12:52:29,201 INFO  [BrowserSelenium] (_getByLocator) -> Getting locator for null
12:52:29,201 INFO  [BrowserSelenium] (_getByLocator) -> Locator info found for XPATH attribute as: //a[@href='/jbilling/config/index']
12:52:29,201 INFO  [BrowserSelenium] ENTER --> (_parseElementOnXpath)
12:52:29,201 INFO  [BrowserSelenium] (_parseElementOnXpath) -> //a[@href='/jbilling/config/index'] is used
12:52:29,201 INFO  [BrowserSelenium] EXIT --> (_parseElementOnXpath)
12:52:29,201 INFO  [BrowserSelenium] EXIT --> (_getByLocator)
12:52:29,223 INFO  [BrowserSelenium] ENTER --> (_getByLocator)
12:52:29,223 INFO  [BrowserSelenium] (_getByLocator) -> Getting locator for null
12:52:29,223 INFO  [BrowserSelenium] (_getByLocator) -> Locator info found for XPATH attribute as: //a[@href='/jbilling/config/index']
12:52:29,224 INFO  [BrowserSelenium] ENTER --> (_parseElementOnXpath)
12:52:29,224 INFO  [BrowserSelenium] (_parseElementOnXpath) -> //a[@href='/jbilling/config/index'] is used
12:52:29,224 INFO  [BrowserSelenium] EXIT --> (_parseElementOnXpath)
12:52:29,224 INFO  [BrowserSelenium] EXIT --> (_getByLocator)
12:52:29,242 INFO  [BrowserSelenium] ENTER --> (_getByLocator)
12:52:29,243 INFO  [BrowserSelenium] (_getByLocator) -> Getting locator for null
12:52:29,243 INFO  [BrowserSelenium] (_getByLocator) -> Locator info found for XPATH attribute as: //a[@href='/jbilling/config/index']
12:52:29,243 INFO  [BrowserSelenium] ENTER --> (_parseElementOnXpath)
12:52:29,243 INFO  [BrowserSelenium] (_parseElementOnXpath) -> //a[@href='/jbilling/config/index'] is used
12:52:29,243 INFO  [BrowserSelenium] EXIT --> (_parseElementOnXpath)
12:52:29,243 INFO  [BrowserSelenium] EXIT --> (_getByLocator)
12:52:29,265 INFO  [BrowserSelenium] ENTER --> (_getByLocator)
12:52:29,265 INFO  [BrowserSelenium] (_getByLocator) -> Getting locator for null
12:52:29,265 INFO  [BrowserSelenium] (_getByLocator) -> Locator info found for XPATH attribute as: //a[@href='/jbilling/config/index']
12:52:29,265 INFO  [BrowserSelenium] ENTER --> (_parseElementOnXpath)
12:52:29,266 INFO  [BrowserSelenium] (_parseElementOnXpath) -> //a[@href='/jbilling/config/index'] is used
12:52:29,266 INFO  [BrowserSelenium] EXIT --> (_parseElementOnXpath)
12:52:29,266 INFO  [BrowserSelenium] EXIT --> (_getByLocator)
12:52:29,288 INFO  [BrowserSelenium] ENTER --> (_getByLocator)
12:52:29,288 INFO  [BrowserSelenium] (_getByLocator) -> Getting locator for null
12:52:29,288 INFO  [BrowserSelenium] (_getByLocator) -> Locator info found for XPATH attribute as: //a[@href='/jbilling/config/index']
12:52:29,288 INFO  [BrowserSelenium] ENTER --> (_parseElementOnXpath)
12:52:29,289 INFO  [BrowserSelenium] (_parseElementOnXpath) -> //a[@href='/jbilling/config/index'] is used
12:52:29,289 INFO  [BrowserSelenium] EXIT --> (_parseElementOnXpath)
12:52:29,289 INFO  [BrowserSelenium] EXIT --> (_getByLocator)
12:52:29,307 INFO  [BrowserSelenium] ENTER --> (_getByLocator)
12:52:29,307 INFO  [BrowserSelenium] (_getByLocator) -> Getting locator for null
12:52:29,307 INFO  [BrowserSelenium] (_getByLocator) -> Locator info found for XPATH attribute as: //a[@href='/jbilling/config/index']
12:52:29,307 INFO  [BrowserSelenium] ENTER --> (_parseElementOnXpath)
12:52:29,307 INFO  [BrowserSelenium] (_parseElementOnXpath) -> //a[@href='/jbilling/config/index'] is used
12:52:29,307 INFO  [BrowserSelenium] EXIT --> (_parseElementOnXpath)
12:52:29,308 INFO  [BrowserSelenium] EXIT --> (_getByLocator)
12:52:29,330 INFO  [BrowserSelenium] ENTER --> (_getByLocator)
12:52:29,330 INFO  [BrowserSelenium] (_getByLocator) -> Getting locator for null
12:52:29,330 INFO  [BrowserSelenium] (_getByLocator) -> Locator info found for XPATH attribute as: //a[@href='/jbilling/config/index']
12:52:29,330 INFO  [BrowserSelenium] ENTER --> (_parseElementOnXpath)
12:52:29,330 INFO  [BrowserSelenium] (_parseElementOnXpath) -> //a[@href='/jbilling/config/index'] is used
12:52:29,331 INFO  [BrowserSelenium] EXIT --> (_parseElementOnXpath)
12:52:29,331 INFO  [BrowserSelenium] EXIT --> (_getByLocator)
12:52:29,347 INFO  [BrowserSelenium] ENTER --> (_getByLocator)
12:52:29,348 INFO  [BrowserSelenium] (_getByLocator) -> Getting locator for null
12:52:29,348 INFO  [BrowserSelenium] (_getByLocator) -> Locator info found for XPATH attribute as: //a[@href='/jbilling/config/index']
12:52:29,348 INFO  [BrowserSelenium] ENTER --> (_parseElementOnXpath)
12:52:29,348 INFO  [BrowserSelenium] (_parseElementOnXpath) -> //a[@href='/jbilling/config/index'] is used
12:52:29,348 INFO  [BrowserSelenium] EXIT --> (_parseElementOnXpath)
12:52:29,349 INFO  [BrowserSelenium] EXIT --> (_getByLocator)
12:52:29,368 INFO  [BrowserSelenium] ENTER --> (_getByLocator)
12:52:29,368 INFO  [BrowserSelenium] (_getByLocator) -> Getting locator for null
12:52:29,368 INFO  [BrowserSelenium] (_getByLocator) -> Locator info found for XPATH attribute as: //a[@href='/jbilling/config/index']
12:52:29,368 INFO  [BrowserSelenium] ENTER --> (_parseElementOnXpath)
12:52:29,368 INFO  [BrowserSelenium] (_parseElementOnXpath) -> //a[@href='/jbilling/config/index'] is used
12:52:29,369 INFO  [BrowserSelenium] EXIT --> (_parseElementOnXpath)
12:52:29,369 INFO  [BrowserSelenium] EXIT --> (_getByLocator)
12:52:29,389 INFO  [BrowserSelenium] ENTER --> (_getByLocator)
12:52:29,390 INFO  [BrowserSelenium] (_getByLocator) -> Getting locator for null
12:52:29,390 INFO  [BrowserSelenium] (_getByLocator) -> Locator info found for XPATH attribute as: //a[@href='/jbilling/config/index']
12:52:29,390 INFO  [BrowserSelenium] ENTER --> (_parseElementOnXpath)
12:52:29,390 INFO  [BrowserSelenium] (_parseElementOnXpath) -> //a[@href='/jbilling/config/index'] is used
12:52:29,390 INFO  [BrowserSelenium] EXIT --> (_parseElementOnXpath)
12:52:29,390 INFO  [BrowserSelenium] EXIT --> (_getByLocator)
12:52:29,408 INFO  [BrowserSelenium] ENTER --> (_getByLocator)
12:52:29,408 INFO  [BrowserSelenium] (_getByLocator) -> Getting locator for null
12:52:29,408 INFO  [BrowserSelenium] (_getByLocator) -> Locator info found for XPATH attribute as: //a[@href='/jbilling/config/index']
12:52:29,409 INFO  [BrowserSelenium] ENTER --> (_parseElementOnXpath)
12:52:29,409 INFO  [BrowserSelenium] (_parseElementOnXpath) -> //a[@href='/jbilling/config/index'] is used
12:52:29,409 INFO  [BrowserSelenium] EXIT --> (_parseElementOnXpath)
12:52:29,409 INFO  [BrowserSelenium] EXIT --> (_getByLocator)
12:52:29,426 INFO  [BrowserSelenium] ENTER --> (_getByLocator)
12:52:29,426 INFO  [BrowserSelenium] (_getByLocator) -> Getting locator for null
12:52:29,426 INFO  [BrowserSelenium] (_getByLocator) -> Locator info found for XPATH attribute as: //a[@href='/jbilling/config/index']
12:52:29,426 INFO  [BrowserSelenium] ENTER --> (_parseElementOnXpath)
12:52:29,426 INFO  [BrowserSelenium] (_parseElementOnXpath) -> //a[@href='/jbilling/config/index'] is used
12:52:29,427 INFO  [BrowserSelenium] EXIT --> (_parseElementOnXpath)
12:52:29,427 INFO  [BrowserSelenium] EXIT --> (_getByLocator)
12:52:29,446 INFO  [BrowserSelenium] ENTER --> (_getByLocator)
12:52:29,447 INFO  [BrowserSelenium] (_getByLocator) -> Getting locator for null
12:52:29,447 INFO  [BrowserSelenium] (_getByLocator) -> Locator info found for XPATH attribute as: //a[@href='/jbilling/config/index']
12:52:29,447 INFO  [BrowserSelenium] ENTER --> (_parseElementOnXpath)
12:52:29,447 INFO  [BrowserSelenium] (_parseElementOnXpath) -> //a[@href='/jbilling/config/index'] is used
12:52:29,447 INFO  [BrowserSelenium] EXIT --> (_parseElementOnXpath)
12:52:29,448 INFO  [BrowserSelenium] EXIT --> (_getByLocator)
12:52:29,465 INFO  [BrowserSelenium] ENTER --> (_getByLocator)
12:52:29,465 INFO  [BrowserSelenium] (_getByLocator) -> Getting locator for null
12:52:29,465 INFO  [BrowserSelenium] (_getByLocator) -> Locator info found for XPATH attribute as: //a[@href='/jbilling/config/index']
12:52:29,466 INFO  [BrowserSelenium] ENTER --> (_parseElementOnXpath)
12:52:29,466 INFO  [BrowserSelenium] (_parseElementOnXpath) -> //a[@href='/jbilling/config/index'] is used
12:52:29,466 INFO  [BrowserSelenium] EXIT --> (_parseElementOnXpath)
12:52:29,466 INFO  [BrowserSelenium] EXIT --> (_getByLocator)
12:52:29,484 INFO  [BrowserSelenium] ENTER --> (_getByLocator)
12:52:29,484 INFO  [BrowserSelenium] (_getByLocator) -> Getting locator for null
12:52:29,484 INFO  [BrowserSelenium] (_getByLocator) -> Locator info found for XPATH attribute as: //a[@href='/jbilling/config/index']
12:52:29,484 INFO  [BrowserSelenium] ENTER --> (_parseElementOnXpath)
12:52:29,484 INFO  [BrowserSelenium] (_parseElementOnXpath) -> //a[@href='/jbilling/config/index'] is used
12:52:29,484 INFO  [BrowserSelenium] EXIT --> (_parseElementOnXpath)
12:52:29,485 INFO  [BrowserSelenium] EXIT --> (_getByLocator)
12:52:29,502 INFO  [BrowserSelenium] ENTER --> (_getByLocator)
12:52:29,502 INFO  [BrowserSelenium] (_getByLocator) -> Getting locator for null
12:52:29,502 INFO  [BrowserSelenium] (_getByLocator) -> Locator info found for XPATH attribute as: //a[@href='/jbilling/config/index']
12:52:29,502 INFO  [BrowserSelenium] ENTER --> (_parseElementOnXpath)
12:52:29,502 INFO  [BrowserSelenium] (_parseElementOnXpath) -> //a[@href='/jbilling/config/index'] is used
12:52:29,502 INFO  [BrowserSelenium] EXIT --> (_parseElementOnXpath)
12:52:29,503 INFO  [BrowserSelenium] EXIT --> (_getByLocator)
12:52:29,521 INFO  [BrowserSelenium] ENTER --> (_getByLocator)
12:52:29,522 INFO  [BrowserSelenium] (_getByLocator) -> Getting locator for null
12:52:29,522 INFO  [BrowserSelenium] (_getByLocator) -> Locator info found for XPATH attribute as: //a[@href='/jbilling/config/index']
12:52:29,522 INFO  [BrowserSelenium] ENTER --> (_parseElementOnXpath)
12:52:29,522 INFO  [BrowserSelenium] (_parseElementOnXpath) -> //a[@href='/jbilling/config/index'] is used
12:52:29,522 INFO  [BrowserSelenium] EXIT --> (_parseElementOnXpath)
12:52:29,522 INFO  [BrowserSelenium] EXIT --> (_getByLocator)
12:52:29,541 INFO  [BrowserSelenium] ENTER --> (_getByLocator)
12:52:29,541 INFO  [BrowserSelenium] (_getByLocator) -> Getting locator for null
12:52:29,541 INFO  [BrowserSelenium] (_getByLocator) -> Locator info found for XPATH attribute as: //a[@href='/jbilling/config/index']
12:52:29,542 INFO  [BrowserSelenium] ENTER --> (_parseElementOnXpath)
12:52:29,542 INFO  [BrowserSelenium] (_parseElementOnXpath) -> //a[@href='/jbilling/config/index'] is used
12:52:29,542 INFO  [BrowserSelenium] EXIT --> (_parseElementOnXpath)
12:52:29,542 INFO  [BrowserSelenium] EXIT --> (_getByLocator)
12:52:29,559 INFO  [BrowserSelenium] ENTER --> (_getByLocator)
12:52:29,559 INFO  [BrowserSelenium] (_getByLocator) -> Getting locator for null
12:52:29,559 INFO  [BrowserSelenium] (_getByLocator) -> Locator info found for XPATH attribute as: //a[@href='/jbilling/config/index']
12:52:29,559 INFO  [BrowserSelenium] ENTER --> (_parseElementOnXpath)
12:52:29,559 INFO  [BrowserSelenium] (_parseElementOnXpath) -> //a[@href='/jbilling/config/index'] is used
12:52:29,559 INFO  [BrowserSelenium] EXIT --> (_parseElementOnXpath)
12:52:29,559 INFO  [BrowserSelenium] EXIT --> (_getByLocator)
12:52:29,578 INFO  [BrowserSelenium] ENTER --> (_getByLocator)
12:52:29,578 INFO  [BrowserSelenium] (_getByLocator) -> Getting locator for null
12:52:29,578 INFO  [BrowserSelenium] (_getByLocator) -> Locator info found for XPATH attribute as: //a[@href='/jbilling/config/index']
12:52:29,578 INFO  [BrowserSelenium] ENTER --> (_parseElementOnXpath)
12:52:29,578 INFO  [BrowserSelenium] (_parseElementOnXpath) -> //a[@href='/jbilling/config/index'] is used
12:52:29,579 INFO  [BrowserSelenium] EXIT --> (_parseElementOnXpath)
12:52:29,579 INFO  [BrowserSelenium] EXIT --> (_getByLocator)
12:52:29,601 INFO  [BrowserSelenium] ENTER --> (_getByLocator)
12:52:29,601 INFO  [BrowserSelenium] (_getByLocator) -> Getting locator for null
12:52:29,602 INFO  [BrowserSelenium] (_getByLocator) -> Locator info found for XPATH attribute as: //a[@href='/jbilling/config/index']
12:52:29,602 INFO  [BrowserSelenium] ENTER --> (_parseElementOnXpath)
12:52:29,602 INFO  [BrowserSelenium] (_parseElementOnXpath) -> //a[@href='/jbilling/config/index'] is used
12:52:29,602 INFO  [BrowserSelenium] EXIT --> (_parseElementOnXpath)
12:52:29,602 INFO  [BrowserSelenium] EXIT --> (_getByLocator)
12:52:29,619 INFO  [BrowserSelenium] ENTER --> (_getByLocator)
12:52:29,619 INFO  [BrowserSelenium] (_getByLocator) -> Getting locator for null
12:52:29,619 INFO  [BrowserSelenium] (_getByLocator) -> Locator info found for XPATH attribute as: //a[@href='/jbilling/config/index']
12:52:29,620 INFO  [BrowserSelenium] ENTER --> (_parseElementOnXpath)
12:52:29,620 INFO  [BrowserSelenium] (_parseElementOnXpath) -> //a[@href='/jbilling/config/index'] is used
12:52:29,620 INFO  [BrowserSelenium] EXIT --> (_parseElementOnXpath)
12:52:29,620 INFO  [BrowserSelenium] EXIT --> (_getByLocator)
12:52:29,640 INFO  [BrowserSelenium] ENTER --> (_getByLocator)
12:52:29,640 INFO  [BrowserSelenium] (_getByLocator) -> Getting locator for null
12:52:29,641 INFO  [BrowserSelenium] (_getByLocator) -> Locator info found for XPATH attribute as: //a[@href='/jbilling/config/index']
12:52:29,641 INFO  [BrowserSelenium] ENTER --> (_parseElementOnXpath)
12:52:29,641 INFO  [BrowserSelenium] (_parseElementOnXpath) -> //a[@href='/jbilling/config/index'] is used
12:52:29,641 INFO  [BrowserSelenium] EXIT --> (_parseElementOnXpath)
12:52:29,641 INFO  [BrowserSelenium] EXIT --> (_getByLocator)
12:52:29,665 INFO  [BrowserSelenium] ENTER --> (_getByLocator)
12:52:29,665 INFO  [BrowserSelenium] (_getByLocator) -> Getting locator for null
12:52:29,666 INFO  [BrowserSelenium] (_getByLocator) -> Locator info found for XPATH attribute as: //a[@href='/jbilling/config/index']
12:52:29,666 INFO  [BrowserSelenium] ENTER --> (_parseElementOnXpath)
12:52:29,666 INFO  [BrowserSelenium] (_parseElementOnXpath) -> //a[@href='/jbilling/config/index'] is used
12:52:29,666 INFO  [BrowserSelenium] EXIT --> (_parseElementOnXpath)
12:52:29,666 INFO  [BrowserSelenium] EXIT --> (_getByLocator)
12:52:29,686 INFO  [BrowserSelenium] ENTER --> (_getByLocator)
12:52:29,686 INFO  [BrowserSelenium] (_getByLocator) -> Getting locator for null
12:52:29,686 INFO  [BrowserSelenium] (_getByLocator) -> Locator info found for XPATH attribute as: //a[@href='/jbilling/config/index']
12:52:29,687 INFO  [BrowserSelenium] ENTER --> (_parseElementOnXpath)
12:52:29,687 INFO  [BrowserSelenium] (_parseElementOnXpath) -> //a[@href='/jbilling/config/index'] is used
12:52:29,687 INFO  [BrowserSelenium] EXIT --> (_parseElementOnXpath)
12:52:29,687 INFO  [BrowserSelenium] EXIT --> (_getByLocator)
12:52:29,706 INFO  [BrowserSelenium] ENTER --> (_getByLocator)
12:52:29,706 INFO  [BrowserSelenium] (_getByLocator) -> Getting locator for null
12:52:29,706 INFO  [BrowserSelenium] (_getByLocator) -> Locator info found for XPATH attribute as: //a[@href='/jbilling/config/index']
12:52:29,706 INFO  [BrowserSelenium] ENTER --> (_parseElementOnXpath)
12:52:29,706 INFO  [BrowserSelenium] (_parseElementOnXpath) -> //a[@href='/jbilling/config/index'] is used
12:52:29,707 INFO  [BrowserSelenium] EXIT --> (_parseElementOnXpath)
12:52:29,707 INFO  [BrowserSelenium] EXIT --> (_getByLocator)
12:52:29,724 INFO  [BrowserSelenium] ENTER --> (_getByLocator)
12:52:29,724 INFO  [BrowserSelenium] (_getByLocator) -> Getting locator for null
12:52:29,724 INFO  [BrowserSelenium] (_getByLocator) -> Locator info found for XPATH attribute as: //a[@href='/jbilling/config/index']
12:52:29,724 INFO  [BrowserSelenium] ENTER --> (_parseElementOnXpath)
12:52:29,724 INFO  [BrowserSelenium] (_parseElementOnXpath) -> //a[@href='/jbilling/config/index'] is used
12:52:29,724 INFO  [BrowserSelenium] EXIT --> (_parseElementOnXpath)
12:52:29,725 INFO  [BrowserSelenium] EXIT --> (_getByLocator)
12:52:29,742 INFO  [BrowserSelenium] ENTER --> (_getByLocator)
12:52:29,742 INFO  [BrowserSelenium] (_getByLocator) -> Getting locator for null
12:52:29,742 INFO  [BrowserSelenium] (_getByLocator) -> Locator info found for XPATH attribute as: //a[@href='/jbilling/config/index']
12:52:29,742 INFO  [BrowserSelenium] ENTER --> (_parseElementOnXpath)
12:52:29,742 INFO  [BrowserSelenium] (_parseElementOnXpath) -> //a[@href='/jbilling/config/index'] is used
12:52:29,742 INFO  [BrowserSelenium] EXIT --> (_parseElementOnXpath)
12:52:29,743 INFO  [BrowserSelenium] EXIT --> (_getByLocator)
12:52:29,765 INFO  [BrowserSelenium] ENTER --> (_getByLocator)
12:52:29,765 INFO  [BrowserSelenium] (_getByLocator) -> Getting locator for null
12:52:29,765 INFO  [BrowserSelenium] (_getByLocator) -> Locator info found for XPATH attribute as: //a[@href='/jbilling/config/index']
12:52:29,765 INFO  [BrowserSelenium] ENTER --> (_parseElementOnXpath)
12:52:29,765 INFO  [BrowserSelenium] (_parseElementOnXpath) -> //a[@href='/jbilling/config/index'] is used
12:52:29,765 INFO  [BrowserSelenium] EXIT --> (_parseElementOnXpath)
12:52:29,765 INFO  [BrowserSelenium] EXIT --> (_getByLocator)
12:52:29,787 INFO  [BrowserSelenium] ENTER --> (_getByLocator)
12:52:29,787 INFO  [BrowserSelenium] (_getByLocator) -> Getting locator for null
12:52:29,787 INFO  [BrowserSelenium] (_getByLocator) -> Locator info found for XPATH attribute as: //a[@href='/jbilling/config/index']
12:52:29,787 INFO  [BrowserSelenium] ENTER --> (_parseElementOnXpath)
12:52:29,787 INFO  [BrowserSelenium] (_parseElementOnXpath) -> //a[@href='/jbilling/config/index'] is used
12:52:29,787 INFO  [BrowserSelenium] EXIT --> (_parseElementOnXpath)
12:52:29,788 INFO  [BrowserSelenium] EXIT --> (_getByLocator)
12:52:29,805 INFO  [BrowserSelenium] ENTER --> (_getByLocator)
12:52:29,805 INFO  [BrowserSelenium] (_getByLocator) -> Getting locator for null
12:52:29,805 INFO  [BrowserSelenium] (_getByLocator) -> Locator info found for XPATH attribute as: //a[@href='/jbilling/config/index']
12:52:29,805 INFO  [BrowserSelenium] ENTER --> (_parseElementOnXpath)
12:52:29,805 INFO  [BrowserSelenium] (_parseElementOnXpath) -> //a[@href='/jbilling/config/index'] is used
12:52:29,805 INFO  [BrowserSelenium] EXIT --> (_parseElementOnXpath)
12:52:29,806 INFO  [BrowserSelenium] EXIT --> (_getByLocator)
12:52:29,822 INFO  [BrowserSelenium] ENTER --> (_getByLocator)
12:52:29,822 INFO  [BrowserSelenium] (_getByLocator) -> Getting locator for null
12:52:29,822 INFO  [BrowserSelenium] (_getByLocator) -> Locator info found for XPATH attribute as: //a[@href='/jbilling/config/index']
12:52:29,823 INFO  [BrowserSelenium] ENTER --> (_parseElementOnXpath)
12:52:29,823 INFO  [BrowserSelenium] (_parseElementOnXpath) -> //a[@href='/jbilling/config/index'] is used
12:52:29,823 INFO  [BrowserSelenium] EXIT --> (_parseElementOnXpath)
12:52:29,823 INFO  [BrowserSelenium] EXIT --> (_getByLocator)
12:52:29,840 INFO  [BrowserSelenium] ENTER --> (_getByLocator)
12:52:29,840 INFO  [BrowserSelenium] (_getByLocator) -> Getting locator for null
12:52:29,840 INFO  [BrowserSelenium] (_getByLocator) -> Locator info found for XPATH attribute as: //a[@href='/jbilling/config/index']
12:52:29,840 INFO  [BrowserSelenium] ENTER --> (_parseElementOnXpath)
12:52:29,840 INFO  [BrowserSelenium] (_parseElementOnXpath) -> //a[@href='/jbilling/config/index'] is used
12:52:29,841 INFO  [BrowserSelenium] EXIT --> (_parseElementOnXpath)
12:52:29,841 INFO  [BrowserSelenium] EXIT --> (_getByLocator)
12:52:29,857 INFO  [BrowserSelenium] ENTER --> (_getByLocator)
12:52:29,858 INFO  [BrowserSelenium] (_getByLocator) -> Getting locator for null
12:52:29,858 INFO  [BrowserSelenium] (_getByLocator) -> Locator info found for XPATH attribute as: //a[@href='/jbilling/config/index']
12:52:29,858 INFO  [BrowserSelenium] ENTER --> (_parseElementOnXpath)
12:52:29,858 INFO  [BrowserSelenium] (_parseElementOnXpath) -> //a[@href='/jbilling/config/index'] is used
12:52:29,858 INFO  [BrowserSelenium] EXIT --> (_parseElementOnXpath)
12:52:29,858 INFO  [BrowserSelenium] EXIT --> (_getByLocator)
12:52:29,875 INFO  [BrowserSelenium] ENTER --> (_getByLocator)
12:52:29,875 INFO  [BrowserSelenium] (_getByLocator) -> Getting locator for null
12:52:29,875 INFO  [BrowserSelenium] (_getByLocator) -> Locator info found for XPATH attribute as: //a[@href='/jbilling/config/index']
12:52:29,875 INFO  [BrowserSelenium] ENTER --> (_parseElementOnXpath)
12:52:29,875 INFO  [BrowserSelenium] (_parseElementOnXpath) -> //a[@href='/jbilling/config/index'] is used
12:52:29,876 INFO  [BrowserSelenium] EXIT --> (_parseElementOnXpath)
12:52:29,876 INFO  [BrowserSelenium] EXIT --> (_getByLocator)
12:52:29,896 INFO  [BrowserSelenium] ENTER --> (_getByLocator)
12:52:29,897 INFO  [BrowserSelenium] (_getByLocator) -> Getting locator for null
12:52:29,897 INFO  [BrowserSelenium] (_getByLocator) -> Locator info found for XPATH attribute as: //a[@href='/jbilling/config/index']
12:52:29,897 INFO  [BrowserSelenium] ENTER --> (_parseElementOnXpath)
12:52:29,897 INFO  [BrowserSelenium] (_parseElementOnXpath) -> //a[@href='/jbilling/config/index'] is used
12:52:29,897 INFO  [BrowserSelenium] EXIT --> (_parseElementOnXpath)
12:52:29,897 INFO  [BrowserSelenium] EXIT --> (_getByLocator)
12:52:29,914 INFO  [BrowserSelenium] ENTER --> (_getByLocator)
12:52:29,915 INFO  [BrowserSelenium] (_getByLocator) -> Getting locator for null
12:52:29,915 INFO  [BrowserSelenium] (_getByLocator) -> Locator info found for XPATH attribute as: //a[@href='/jbilling/config/index']
12:52:29,915 INFO  [BrowserSelenium] ENTER --> (_parseElementOnXpath)
12:52:29,915 INFO  [BrowserSelenium] (_parseElementOnXpath) -> //a[@href='/jbilling/config/index'] is used
12:52:29,915 INFO  [BrowserSelenium] EXIT --> (_parseElementOnXpath)
12:52:29,915 INFO  [BrowserSelenium] EXIT --> (_getByLocator)
12:52:29,934 INFO  [BrowserSelenium] ENTER --> (_getByLocator)
12:52:29,934 INFO  [BrowserSelenium] (_getByLocator) -> Getting locator for null
12:52:29,934 INFO  [BrowserSelenium] (_getByLocator) -> Locator info found for XPATH attribute as: //a[@href='/jbilling/config/index']
12:52:29,934 INFO  [BrowserSelenium] ENTER --> (_parseElementOnXpath)
12:52:29,934 INFO  [BrowserSelenium] (_parseElementOnXpath) -> //a[@href='/jbilling/config/index'] is used
12:52:29,934 INFO  [BrowserSelenium] EXIT --> (_parseElementOnXpath)
12:52:29,935 INFO  [BrowserSelenium] EXIT --> (_getByLocator)
12:52:29,956 INFO  [BrowserSelenium] ENTER --> (_getByLocator)
12:52:29,956 INFO  [BrowserSelenium] (_getByLocator) -> Getting locator for null
12:52:29,956 INFO  [BrowserSelenium] (_getByLocator) -> Locator info found for XPATH attribute as: //a[@href='/jbilling/config/index']
12:52:29,957 INFO  [BrowserSelenium] ENTER --> (_parseElementOnXpath)
12:52:29,957 INFO  [BrowserSelenium] (_parseElementOnXpath) -> //a[@href='/jbilling/config/index'] is used
12:52:29,957 INFO  [BrowserSelenium] EXIT --> (_parseElementOnXpath)
12:52:29,957 INFO  [BrowserSelenium] EXIT --> (_getByLocator)
12:52:29,979 INFO  [BrowserSelenium] ENTER --> (_getByLocator)
12:52:29,979 INFO  [BrowserSelenium] (_getByLocator) -> Getting locator for null
12:52:29,979 INFO  [BrowserSelenium] (_getByLocator) -> Locator info found for XPATH attribute as: //a[@href='/jbilling/config/index']
12:52:29,979 INFO  [BrowserSelenium] ENTER --> (_parseElementOnXpath)
12:52:29,979 INFO  [BrowserSelenium] (_parseElementOnXpath) -> //a[@href='/jbilling/config/index'] is used
12:52:29,979 INFO  [BrowserSelenium] EXIT --> (_parseElementOnXpath)
12:52:29,980 INFO  [BrowserSelenium] EXIT --> (_getByLocator)
12:52:30,000 INFO  [BrowserSelenium] ENTER --> (_getByLocator)
12:52:30,000 INFO  [BrowserSelenium] (_getByLocator) -> Getting locator for null
12:52:30,000 INFO  [BrowserSelenium] (_getByLocator) -> Locator info found for XPATH attribute as: //a[@href='/jbilling/config/index']
12:52:30,001 INFO  [BrowserSelenium] ENTER --> (_parseElementOnXpath)
12:52:30,001 INFO  [BrowserSelenium] (_parseElementOnXpath) -> //a[@href='/jbilling/config/index'] is used
12:52:30,001 INFO  [BrowserSelenium] EXIT --> (_parseElementOnXpath)
12:52:30,001 INFO  [BrowserSelenium] EXIT --> (_getByLocator)
12:52:30,021 INFO  [BrowserSelenium] ENTER --> (_getByLocator)
12:52:30,022 INFO  [BrowserSelenium] (_getByLocator) -> Getting locator for null
12:52:30,022 INFO  [BrowserSelenium] (_getByLocator) -> Locator info found for XPATH attribute as: //a[@href='/jbilling/config/index']
12:52:30,022 INFO  [BrowserSelenium] ENTER --> (_parseElementOnXpath)
12:52:30,022 INFO  [BrowserSelenium] (_parseElementOnXpath) -> //a[@href='/jbilling/config/index'] is used
12:52:30,022 INFO  [BrowserSelenium] EXIT --> (_parseElementOnXpath)
12:52:30,022 INFO  [BrowserSelenium] EXIT --> (_getByLocator)
12:52:30,040 INFO  [BrowserSelenium] ENTER --> (_getByLocator)
12:52:30,040 INFO  [BrowserSelenium] (_getByLocator) -> Getting locator for null
12:52:30,040 INFO  [BrowserSelenium] (_getByLocator) -> Locator info found for XPATH attribute as: //a[@href='/jbilling/config/index']
12:52:30,040 INFO  [BrowserSelenium] ENTER --> (_parseElementOnXpath)
12:52:30,041 INFO  [BrowserSelenium] (_parseElementOnXpath) -> //a[@href='/jbilling/config/index'] is used
12:52:30,041 INFO  [BrowserSelenium] EXIT --> (_parseElementOnXpath)
12:52:30,041 INFO  [BrowserSelenium] EXIT --> (_getByLocator)
12:52:30,061 INFO  [BrowserSelenium] ENTER --> (_getByLocator)
12:52:30,061 INFO  [BrowserSelenium] (_getByLocator) -> Getting locator for null
12:52:30,061 INFO  [BrowserSelenium] (_getByLocator) -> Locator info found for XPATH attribute as: //a[@href='/jbilling/config/index']
12:52:30,061 INFO  [BrowserSelenium] ENTER --> (_parseElementOnXpath)
12:52:30,061 INFO  [BrowserSelenium] (_parseElementOnXpath) -> //a[@href='/jbilling/config/index'] is used
12:52:30,062 INFO  [BrowserSelenium] EXIT --> (_parseElementOnXpath)
12:52:30,062 INFO  [BrowserSelenium] EXIT --> (_getByLocator)
12:52:30,082 INFO  [BrowserSelenium] ENTER --> (_getByLocator)
12:52:30,082 INFO  [BrowserSelenium] (_getByLocator) -> Getting locator for null
12:52:30,082 INFO  [BrowserSelenium] (_getByLocator) -> Locator info found for XPATH attribute as: //a[@href='/jbilling/config/index']
12:52:30,082 INFO  [BrowserSelenium] ENTER --> (_parseElementOnXpath)
12:52:30,082 INFO  [BrowserSelenium] (_parseElementOnXpath) -> //a[@href='/jbilling/config/index'] is used
12:52:30,082 INFO  [BrowserSelenium] EXIT --> (_parseElementOnXpath)
12:52:30,082 INFO  [BrowserSelenium] EXIT --> (_getByLocator)
12:52:30,100 INFO  [BrowserSelenium] ENTER --> (_getByLocator)
12:52:30,100 INFO  [BrowserSelenium] (_getByLocator) -> Getting locator for null
12:52:30,101 INFO  [BrowserSelenium] (_getByLocator) -> Locator info found for XPATH attribute as: //a[@href='/jbilling/config/index']
12:52:30,101 INFO  [BrowserSelenium] ENTER --> (_parseElementOnXpath)
12:52:30,101 INFO  [BrowserSelenium] (_parseElementOnXpath) -> //a[@href='/jbilling/config/index'] is used
12:52:30,101 INFO  [BrowserSelenium] EXIT --> (_parseElementOnXpath)
12:52:30,101 INFO  [BrowserSelenium] EXIT --> (_getByLocator)
12:52:30,122 INFO  [BrowserSelenium] ENTER --> (_getByLocator)
12:52:30,122 INFO  [BrowserSelenium] (_getByLocator) -> Getting locator for null
12:52:30,122 INFO  [BrowserSelenium] (_getByLocator) -> Locator info found for XPATH attribute as: //a[@href='/jbilling/config/index']
12:52:30,122 INFO  [BrowserSelenium] ENTER --> (_parseElementOnXpath)
12:52:30,122 INFO  [BrowserSelenium] (_parseElementOnXpath) -> //a[@href='/jbilling/config/index'] is used
12:52:30,123 INFO  [BrowserSelenium] EXIT --> (_parseElementOnXpath)
12:52:30,123 INFO  [BrowserSelenium] EXIT --> (_getByLocator)
12:52:30,140 INFO  [BrowserSelenium] ENTER --> (_getByLocator)
12:52:30,141 INFO  [BrowserSelenium] (_getByLocator) -> Getting locator for null
12:52:30,141 INFO  [BrowserSelenium] (_getByLocator) -> Locator info found for XPATH attribute as: //a[@href='/jbilling/config/index']
12:52:30,141 INFO  [BrowserSelenium] ENTER --> (_parseElementOnXpath)
12:52:30,141 INFO  [BrowserSelenium] (_parseElementOnXpath) -> //a[@href='/jbilling/config/index'] is used
12:52:30,141 INFO  [BrowserSelenium] EXIT --> (_parseElementOnXpath)
12:52:30,141 INFO  [BrowserSelenium] EXIT --> (_getByLocator)
12:52:30,159 INFO  [BrowserSelenium] ENTER --> (_getByLocator)
12:52:30,160 INFO  [BrowserSelenium] (_getByLocator) -> Getting locator for null
12:52:30,160 INFO  [BrowserSelenium] (_getByLocator) -> Locator info found for XPATH attribute as: //a[@href='/jbilling/config/index']
12:52:30,160 INFO  [BrowserSelenium] ENTER --> (_parseElementOnXpath)
12:52:30,160 INFO  [BrowserSelenium] (_parseElementOnXpath) -> //a[@href='/jbilling/config/index'] is used
12:52:30,160 INFO  [BrowserSelenium] EXIT --> (_parseElementOnXpath)
12:52:30,160 INFO  [BrowserSelenium] EXIT --> (_getByLocator)
12:52:30,182 INFO  [BrowserSelenium] ENTER --> (_getByLocator)
12:52:30,182 INFO  [BrowserSelenium] (_getByLocator) -> Getting locator for null
12:52:30,182 INFO  [BrowserSelenium] (_getByLocator) -> Locator info found for XPATH attribute as: //a[@href='/jbilling/config/index']
12:52:30,182 INFO  [BrowserSelenium] ENTER --> (_parseElementOnXpath)
12:52:30,182 INFO  [BrowserSelenium] (_parseElementOnXpath) -> //a[@href='/jbilling/config/index'] is used
12:52:30,182 INFO  [BrowserSelenium] EXIT --> (_parseElementOnXpath)
12:52:30,183 INFO  [BrowserSelenium] EXIT --> (_getByLocator)
12:52:30,200 INFO  [BrowserSelenium] ENTER --> (_getByLocator)
12:52:30,200 INFO  [BrowserSelenium] (_getByLocator) -> Getting locator for null
12:52:30,200 INFO  [BrowserSelenium] (_getByLocator) -> Locator info found for XPATH attribute as: //a[@href='/jbilling/config/index']
12:52:30,200 INFO  [BrowserSelenium] ENTER --> (_parseElementOnXpath)
12:52:30,201 INFO  [BrowserSelenium] (_parseElementOnXpath) -> //a[@href='/jbilling/config/index'] is used
12:52:30,201 INFO  [BrowserSelenium] EXIT --> (_parseElementOnXpath)
12:52:30,201 INFO  [BrowserSelenium] EXIT --> (_getByLocator)
12:52:30,220 INFO  [BrowserSelenium] ENTER --> (_getByLocator)
12:52:30,220 INFO  [BrowserSelenium] (_getByLocator) -> Getting locator for null
12:52:30,220 INFO  [BrowserSelenium] (_getByLocator) -> Locator info found for XPATH attribute as: //a[@href='/jbilling/config/index']
12:52:30,220 INFO  [BrowserSelenium] ENTER --> (_parseElementOnXpath)
12:52:30,220 INFO  [BrowserSelenium] (_parseElementOnXpath) -> //a[@href='/jbilling/config/index'] is used
12:52:30,220 INFO  [BrowserSelenium] EXIT --> (_parseElementOnXpath)
12:52:30,220 INFO  [BrowserSelenium] EXIT --> (_getByLocator)
12:52:30,240 INFO  [BrowserSelenium] ENTER --> (_getByLocator)
12:52:30,240 INFO  [BrowserSelenium] (_getByLocator) -> Getting locator for null
12:52:30,241 INFO  [BrowserSelenium] (_getByLocator) -> Locator info found for XPATH attribute as: //a[@href='/jbilling/config/index']
12:52:30,241 INFO  [BrowserSelenium] ENTER --> (_parseElementOnXpath)
12:52:30,241 INFO  [BrowserSelenium] (_parseElementOnXpath) -> //a[@href='/jbilling/config/index'] is used
12:52:30,241 INFO  [BrowserSelenium] EXIT --> (_parseElementOnXpath)
12:52:30,241 INFO  [BrowserSelenium] EXIT --> (_getByLocator)
12:52:30,263 INFO  [BrowserSelenium] ENTER --> (_getByLocator)
12:52:30,263 INFO  [BrowserSelenium] (_getByLocator) -> Getting locator for null
12:52:30,263 INFO  [BrowserSelenium] (_getByLocator) -> Locator info found for XPATH attribute as: //a[@href='/jbilling/config/index']
12:52:30,263 INFO  [BrowserSelenium] ENTER --> (_parseElementOnXpath)
12:52:30,263 INFO  [BrowserSelenium] (_parseElementOnXpath) -> //a[@href='/jbilling/config/index'] is used
12:52:30,264 INFO  [BrowserSelenium] EXIT --> (_parseElementOnXpath)
12:52:30,264 INFO  [BrowserSelenium] EXIT --> (_getByLocator)
12:52:30,288 INFO  [BrowserSelenium] ENTER --> (_getByLocator)
12:52:30,288 INFO  [BrowserSelenium] (_getByLocator) -> Getting locator for null
12:52:30,288 INFO  [BrowserSelenium] (_getByLocator) -> Locator info found for XPATH attribute as: //a[@href='/jbilling/config/index']
12:52:30,288 INFO  [BrowserSelenium] ENTER --> (_parseElementOnXpath)
12:52:30,288 INFO  [BrowserSelenium] (_parseElementOnXpath) -> //a[@href='/jbilling/config/index'] is used
12:52:30,288 INFO  [BrowserSelenium] EXIT --> (_parseElementOnXpath)
12:52:30,288 INFO  [BrowserSelenium] EXIT --> (_getByLocator)
12:52:30,308 INFO  [BrowserSelenium] ENTER --> (_getByLocator)
12:52:30,309 INFO  [BrowserSelenium] (_getByLocator) -> Getting locator for null
12:52:30,309 INFO  [BrowserSelenium] (_getByLocator) -> Locator info found for XPATH attribute as: //a[@href='/jbilling/config/index']
12:52:30,309 INFO  [BrowserSelenium] ENTER --> (_parseElementOnXpath)
12:52:30,309 INFO  [BrowserSelenium] (_parseElementOnXpath) -> //a[@href='/jbilling/config/index'] is used
12:52:30,309 INFO  [BrowserSelenium] EXIT --> (_parseElementOnXpath)
12:52:30,309 INFO  [BrowserSelenium] EXIT --> (_getByLocator)
12:52:30,331 INFO  [BrowserSelenium] ENTER --> (_getByLocator)
12:52:30,331 INFO  [BrowserSelenium] (_getByLocator) -> Getting locator for null
12:52:30,332 INFO  [BrowserSelenium] (_getByLocator) -> Locator info found for XPATH attribute as: //a[@href='/jbilling/config/index']
12:52:30,332 INFO  [BrowserSelenium] ENTER --> (_parseElementOnXpath)
12:52:30,332 INFO  [BrowserSelenium] (_parseElementOnXpath) -> //a[@href='/jbilling/config/index'] is used
12:52:30,332 INFO  [BrowserSelenium] EXIT --> (_parseElementOnXpath)
12:52:30,332 INFO  [BrowserSelenium] EXIT --> (_getByLocator)
12:52:30,353 INFO  [BrowserSelenium] ENTER --> (_getByLocator)
12:52:30,353 INFO  [BrowserSelenium] (_getByLocator) -> Getting locator for null
12:52:30,353 INFO  [BrowserSelenium] (_getByLocator) -> Locator info found for XPATH attribute as: //a[@href='/jbilling/config/index']
12:52:30,353 INFO  [BrowserSelenium] ENTER --> (_parseElementOnXpath)
12:52:30,353 INFO  [BrowserSelenium] (_parseElementOnXpath) -> //a[@href='/jbilling/config/index'] is used
12:52:30,354 INFO  [BrowserSelenium] EXIT --> (_parseElementOnXpath)
12:52:30,354 INFO  [BrowserSelenium] EXIT --> (_getByLocator)
12:52:30,375 INFO  [BrowserSelenium] ENTER --> (_getByLocator)
12:52:30,375 INFO  [BrowserSelenium] (_getByLocator) -> Getting locator for null
12:52:30,376 INFO  [BrowserSelenium] (_getByLocator) -> Locator info found for XPATH attribute as: //a[@href='/jbilling/config/index']
12:52:30,376 INFO  [BrowserSelenium] ENTER --> (_parseElementOnXpath)
12:52:30,376 INFO  [BrowserSelenium] (_parseElementOnXpath) -> //a[@href='/jbilling/config/index'] is used
12:52:30,376 INFO  [BrowserSelenium] EXIT --> (_parseElementOnXpath)
12:52:30,376 INFO  [BrowserSelenium] EXIT --> (_getByLocator)
12:52:30,393 INFO  [BrowserSelenium] ENTER --> (_getByLocator)
12:52:30,394 INFO  [BrowserSelenium] (_getByLocator) -> Getting locator for null
12:52:30,394 INFO  [BrowserSelenium] (_getByLocator) -> Locator info found for XPATH attribute as: //a[@href='/jbilling/config/index']
12:52:30,394 INFO  [BrowserSelenium] ENTER --> (_parseElementOnXpath)
12:52:30,394 INFO  [BrowserSelenium] (_parseElementOnXpath) -> //a[@href='/jbilling/config/index'] is used
12:52:30,394 INFO  [BrowserSelenium] EXIT --> (_parseElementOnXpath)
12:52:30,394 INFO  [BrowserSelenium] EXIT --> (_getByLocator)
12:52:30,412 INFO  [BrowserSelenium] ENTER --> (_getByLocator)
12:52:30,412 INFO  [BrowserSelenium] (_getByLocator) -> Getting locator for null
12:52:30,412 INFO  [BrowserSelenium] (_getByLocator) -> Locator info found for XPATH attribute as: //a[@href='/jbilling/config/index']
12:52:30,412 INFO  [BrowserSelenium] ENTER --> (_parseElementOnXpath)
12:52:30,412 INFO  [BrowserSelenium] (_parseElementOnXpath) -> //a[@href='/jbilling/config/index'] is used
12:52:30,412 INFO  [BrowserSelenium] EXIT --> (_parseElementOnXpath)
12:52:30,413 INFO  [BrowserSelenium] EXIT --> (_getByLocator)
12:52:30,430 INFO  [BrowserSelenium] ENTER --> (_getByLocator)
12:52:30,430 INFO  [BrowserSelenium] (_getByLocator) -> Getting locator for null
12:52:30,430 INFO  [BrowserSelenium] (_getByLocator) -> Locator info found for XPATH attribute as: //a[@href='/jbilling/config/index']
12:52:30,431 INFO  [BrowserSelenium] ENTER --> (_parseElementOnXpath)
12:52:30,431 INFO  [BrowserSelenium] (_parseElementOnXpath) -> //a[@href='/jbilling/config/index'] is used
12:52:30,431 INFO  [BrowserSelenium] EXIT --> (_parseElementOnXpath)
12:52:30,431 INFO  [BrowserSelenium] EXIT --> (_getByLocator)
12:52:30,448 INFO  [BrowserSelenium] ENTER --> (_getByLocator)
12:52:30,448 INFO  [BrowserSelenium] (_getByLocator) -> Getting locator for null
12:52:30,448 INFO  [BrowserSelenium] (_getByLocator) -> Locator info found for XPATH attribute as: //a[@href='/jbilling/config/index']
12:52:30,448 INFO  [BrowserSelenium] ENTER --> (_parseElementOnXpath)
12:52:30,448 INFO  [BrowserSelenium] (_parseElementOnXpath) -> //a[@href='/jbilling/config/index'] is used
12:52:30,448 INFO  [BrowserSelenium] EXIT --> (_parseElementOnXpath)
12:52:30,448 INFO  [BrowserSelenium] EXIT --> (_getByLocator)
12:52:30,465 INFO  [BrowserSelenium] ENTER --> (_getByLocator)
12:52:30,465 INFO  [BrowserSelenium] (_getByLocator) -> Getting locator for null
12:52:30,466 INFO  [BrowserSelenium] (_getByLocator) -> Locator info found for XPATH attribute as: //a[@href='/jbilling/config/index']
12:52:30,466 INFO  [BrowserSelenium] ENTER --> (_parseElementOnXpath)
12:52:30,466 INFO  [BrowserSelenium] (_parseElementOnXpath) -> //a[@href='/jbilling/config/index'] is used
12:52:30,466 INFO  [BrowserSelenium] EXIT --> (_parseElementOnXpath)
12:52:30,466 INFO  [BrowserSelenium] EXIT --> (_getByLocator)
12:52:30,488 INFO  [BrowserSelenium] ENTER --> (_getByLocator)
12:52:30,488 INFO  [BrowserSelenium] (_getByLocator) -> Getting locator for null
12:52:30,488 INFO  [BrowserSelenium] (_getByLocator) -> Locator info found for XPATH attribute as: //a[@href='/jbilling/config/index']
12:52:30,488 INFO  [BrowserSelenium] ENTER --> (_parseElementOnXpath)
12:52:30,488 INFO  [BrowserSelenium] (_parseElementOnXpath) -> //a[@href='/jbilling/config/index'] is used
12:52:30,489 INFO  [BrowserSelenium] EXIT --> (_parseElementOnXpath)
12:52:30,489 INFO  [BrowserSelenium] EXIT --> (_getByLocator)
12:52:30,512 INFO  [BrowserSelenium] ENTER --> (_getByLocator)
12:52:30,512 INFO  [BrowserSelenium] (_getByLocator) -> Getting locator for null
12:52:30,512 INFO  [BrowserSelenium] (_getByLocator) -> Locator info found for XPATH attribute as: //a[@href='/jbilling/config/index']
12:52:30,512 INFO  [BrowserSelenium] ENTER --> (_parseElementOnXpath)
12:52:30,512 INFO  [BrowserSelenium] (_parseElementOnXpath) -> //a[@href='/jbilling/config/index'] is used
12:52:30,513 INFO  [BrowserSelenium] EXIT --> (_parseElementOnXpath)
12:52:30,513 INFO  [BrowserSelenium] EXIT --> (_getByLocator)
12:52:30,534 INFO  [BrowserSelenium] ENTER --> (_getByLocator)
12:52:30,535 INFO  [BrowserSelenium] (_getByLocator) -> Getting locator for null
12:52:30,535 INFO  [BrowserSelenium] (_getByLocator) -> Locator info found for XPATH attribute as: //a[@href='/jbilling/config/index']
12:52:30,535 INFO  [BrowserSelenium] ENTER --> (_parseElementOnXpath)
12:52:30,535 INFO  [BrowserSelenium] (_parseElementOnXpath) -> //a[@href='/jbilling/config/index'] is used
12:52:30,535 INFO  [BrowserSelenium] EXIT --> (_parseElementOnXpath)
12:52:30,535 INFO  [BrowserSelenium] EXIT --> (_getByLocator)
12:52:30,552 INFO  [BrowserSelenium] ENTER --> (_getByLocator)
12:52:30,552 INFO  [BrowserSelenium] (_getByLocator) -> Getting locator for null
12:52:30,552 INFO  [BrowserSelenium] (_getByLocator) -> Locator info found for XPATH attribute as: //a[@href='/jbilling/config/index']
12:52:30,552 INFO  [BrowserSelenium] ENTER --> (_parseElementOnXpath)
12:52:30,553 INFO  [BrowserSelenium] (_parseElementOnXpath) -> //a[@href='/jbilling/config/index'] is used
12:52:30,553 INFO  [BrowserSelenium] EXIT --> (_parseElementOnXpath)
12:52:30,553 INFO  [BrowserSelenium] EXIT --> (_getByLocator)
12:52:30,570 INFO  [BrowserSelenium] ENTER --> (_getByLocator)
12:52:30,570 INFO  [BrowserSelenium] (_getByLocator) -> Getting locator for null
12:52:30,570 INFO  [BrowserSelenium] (_getByLocator) -> Locator info found for XPATH attribute as: //a[@href='/jbilling/config/index']
12:52:30,570 INFO  [BrowserSelenium] ENTER --> (_parseElementOnXpath)
12:52:30,570 INFO  [BrowserSelenium] (_parseElementOnXpath) -> //a[@href='/jbilling/config/index'] is used
12:52:30,570 INFO  [BrowserSelenium] EXIT --> (_parseElementOnXpath)
12:52:30,570 INFO  [BrowserSelenium] EXIT --> (_getByLocator)
12:52:30,588 INFO  [BrowserSelenium] ENTER --> (_getByLocator)
12:52:30,588 INFO  [BrowserSelenium] (_getByLocator) -> Getting locator for null
12:52:30,588 INFO  [BrowserSelenium] (_getByLocator) -> Locator info found for XPATH attribute as: //a[@href='/jbilling/config/index']
12:52:30,588 INFO  [BrowserSelenium] ENTER --> (_parseElementOnXpath)
12:52:30,588 INFO  [BrowserSelenium] (_parseElementOnXpath) -> //a[@href='/jbilling/config/index'] is used
12:52:30,588 INFO  [BrowserSelenium] EXIT --> (_parseElementOnXpath)
12:52:30,588 INFO  [BrowserSelenium] EXIT --> (_getByLocator)
12:52:30,606 INFO  [BrowserSelenium] ENTER --> (_getByLocator)
12:52:30,606 INFO  [BrowserSelenium] (_getByLocator) -> Getting locator for null
12:52:30,606 INFO  [BrowserSelenium] (_getByLocator) -> Locator info found for XPATH attribute as: //a[@href='/jbilling/config/index']
12:52:30,606 INFO  [BrowserSelenium] ENTER --> (_parseElementOnXpath)
12:52:30,606 INFO  [BrowserSelenium] (_parseElementOnXpath) -> //a[@href='/jbilling/config/index'] is used
12:52:30,606 INFO  [BrowserSelenium] EXIT --> (_parseElementOnXpath)
12:52:30,606 INFO  [BrowserSelenium] EXIT --> (_getByLocator)
12:52:30,623 INFO  [BrowserSelenium] ENTER --> (_getByLocator)
12:52:30,624 INFO  [BrowserSelenium] (_getByLocator) -> Getting locator for null
12:52:30,624 INFO  [BrowserSelenium] (_getByLocator) -> Locator info found for XPATH attribute as: //a[@href='/jbilling/config/index']
12:52:30,624 INFO  [BrowserSelenium] ENTER --> (_parseElementOnXpath)
12:52:30,624 INFO  [BrowserSelenium] (_parseElementOnXpath) -> //a[@href='/jbilling/config/index'] is used
12:52:30,625 INFO  [BrowserSelenium] EXIT --> (_parseElementOnXpath)
12:52:30,625 INFO  [BrowserSelenium] EXIT --> (_getByLocator)
12:52:30,764 INFO  [BrowserSelenium] ENTER --> (_getByLocator)
12:52:30,765 INFO  [BrowserSelenium] (_getByLocator) -> Getting locator for null
12:52:30,765 INFO  [BrowserSelenium] (_getByLocator) -> Locator info found for XPATH attribute as: //a[@href='/jbilling/config/index']
12:52:30,765 INFO  [BrowserSelenium] ENTER --> (_parseElementOnXpath)
12:52:30,765 INFO  [BrowserSelenium] (_parseElementOnXpath) -> //a[@href='/jbilling/config/index'] is used
12:52:30,765 INFO  [BrowserSelenium] EXIT --> (_parseElementOnXpath)
12:52:30,765 INFO  [BrowserSelenium] EXIT --> (_getByLocator)
12:52:30,786 INFO  [BrowserSelenium] ENTER --> (_getByLocator)
12:52:30,786 INFO  [BrowserSelenium] (_getByLocator) -> Getting locator for null
12:52:30,786 INFO  [BrowserSelenium] (_getByLocator) -> Locator info found for XPATH attribute as: //a[@href='/jbilling/config/index']
12:52:30,786 INFO  [BrowserSelenium] ENTER --> (_parseElementOnXpath)
12:52:30,786 INFO  [BrowserSelenium] (_parseElementOnXpath) -> //a[@href='/jbilling/config/index'] is used
12:52:30,786 INFO  [BrowserSelenium] EXIT --> (_parseElementOnXpath)
12:52:30,786 INFO  [BrowserSelenium] EXIT --> (_getByLocator)
12:52:30,808 INFO  [BrowserSelenium] ENTER --> (_getByLocator)
12:52:30,808 INFO  [BrowserSelenium] (_getByLocator) -> Getting locator for null
12:52:30,808 INFO  [BrowserSelenium] (_getByLocator) -> Locator info found for XPATH attribute as: //a[@href='/jbilling/config/index']
12:52:30,808 INFO  [BrowserSelenium] ENTER --> (_parseElementOnXpath)
12:52:30,808 INFO  [BrowserSelenium] (_parseElementOnXpath) -> //a[@href='/jbilling/config/index'] is used
12:52:30,809 INFO  [BrowserSelenium] EXIT --> (_parseElementOnXpath)
12:52:30,809 INFO  [BrowserSelenium] EXIT --> (_getByLocator)
12:52:30,828 INFO  [BrowserSelenium] ENTER --> (_getByLocator)
12:52:30,828 INFO  [BrowserSelenium] (_getByLocator) -> Getting locator for null
12:52:30,828 INFO  [BrowserSelenium] (_getByLocator) -> Locator info found for XPATH attribute as: //a[@href='/jbilling/config/index']
12:52:30,828 INFO  [BrowserSelenium] ENTER --> (_parseElementOnXpath)
12:52:30,829 INFO  [BrowserSelenium] (_parseElementOnXpath) -> //a[@href='/jbilling/config/index'] is used
12:52:30,829 INFO  [BrowserSelenium] EXIT --> (_parseElementOnXpath)
12:52:30,829 INFO  [BrowserSelenium] EXIT --> (_getByLocator)
12:52:30,850 INFO  [BrowserSelenium] ENTER --> (_getByLocator)
12:52:30,850 INFO  [BrowserSelenium] (_getByLocator) -> Getting locator for null
12:52:30,850 INFO  [BrowserSelenium] (_getByLocator) -> Locator info found for XPATH attribute as: //a[@href='/jbilling/config/index']
12:52:30,850 INFO  [BrowserSelenium] ENTER --> (_parseElementOnXpath)
12:52:30,850 INFO  [BrowserSelenium] (_parseElementOnXpath) -> //a[@href='/jbilling/config/index'] is used
12:52:30,850 INFO  [BrowserSelenium] EXIT --> (_parseElementOnXpath)
12:52:30,850 INFO  [BrowserSelenium] EXIT --> (_getByLocator)
12:52:30,872 INFO  [BrowserSelenium] ENTER --> (_getByLocator)
12:52:30,872 INFO  [BrowserSelenium] (_getByLocator) -> Getting locator for null
12:52:30,872 INFO  [BrowserSelenium] (_getByLocator) -> Locator info found for XPATH attribute as: //a[@href='/jbilling/config/index']
12:52:30,872 INFO  [BrowserSelenium] ENTER --> (_parseElementOnXpath)
12:52:30,872 INFO  [BrowserSelenium] (_parseElementOnXpath) -> //a[@href='/jbilling/config/index'] is used
12:52:30,872 INFO  [BrowserSelenium] EXIT --> (_parseElementOnXpath)
12:52:30,872 INFO  [BrowserSelenium] EXIT --> (_getByLocator)
12:52:30,892 INFO  [BrowserSelenium] ENTER --> (_getByLocator)
12:52:30,892 INFO  [BrowserSelenium] (_getByLocator) -> Getting locator for null
12:52:30,892 INFO  [BrowserSelenium] (_getByLocator) -> Locator info found for XPATH attribute as: //a[@href='/jbilling/config/index']
12:52:30,892 INFO  [BrowserSelenium] ENTER --> (_parseElementOnXpath)
12:52:30,893 INFO  [BrowserSelenium] (_parseElementOnXpath) -> //a[@href='/jbilling/config/index'] is used
12:52:30,893 INFO  [BrowserSelenium] EXIT --> (_parseElementOnXpath)
12:52:30,893 INFO  [BrowserSelenium] EXIT --> (_getByLocator)
12:52:30,915 INFO  [BrowserSelenium] ENTER --> (_getByLocator)
12:52:30,915 INFO  [BrowserSelenium] (_getByLocator) -> Getting locator for null
12:52:30,916 INFO  [BrowserSelenium] (_getByLocator) -> Locator info found for XPATH attribute as: //a[@href='/jbilling/config/index']
12:52:30,916 INFO  [BrowserSelenium] ENTER --> (_parseElementOnXpath)
12:52:30,916 INFO  [BrowserSelenium] (_parseElementOnXpath) -> //a[@href='/jbilling/config/index'] is used
12:52:30,916 INFO  [BrowserSelenium] EXIT --> (_parseElementOnXpath)
12:52:30,916 INFO  [BrowserSelenium] EXIT --> (_getByLocator)
12:52:30,938 INFO  [BrowserSelenium] ENTER --> (_getByLocator)
12:52:30,938 INFO  [BrowserSelenium] (_getByLocator) -> Getting locator for null
12:52:30,938 INFO  [BrowserSelenium] (_getByLocator) -> Locator info found for XPATH attribute as: //a[@href='/jbilling/config/index']
12:52:30,938 INFO  [BrowserSelenium] ENTER --> (_parseElementOnXpath)
12:52:30,938 INFO  [BrowserSelenium] (_parseElementOnXpath) -> //a[@href='/jbilling/config/index'] is used
12:52:30,938 INFO  [BrowserSelenium] EXIT --> (_parseElementOnXpath)
12:52:30,938 INFO  [BrowserSelenium] EXIT --> (_getByLocator)
12:52:30,958 INFO  [BrowserSelenium] ENTER --> (_getByLocator)
12:52:30,958 INFO  [BrowserSelenium] (_getByLocator) -> Getting locator for null
12:52:30,958 INFO  [BrowserSelenium] (_getByLocator) -> Locator info found for XPATH attribute as: //a[@href='/jbilling/config/index']
12:52:30,959 INFO  [BrowserSelenium] ENTER --> (_parseElementOnXpath)
12:52:30,959 INFO  [BrowserSelenium] (_parseElementOnXpath) -> //a[@href='/jbilling/config/index'] is used
12:52:30,959 INFO  [BrowserSelenium] EXIT --> (_parseElementOnXpath)
12:52:30,959 INFO  [BrowserSelenium] EXIT --> (_getByLocator)
12:52:30,980 INFO  [BrowserSelenium] ENTER --> (_getByLocator)
12:52:30,981 INFO  [BrowserSelenium] (_getByLocator) -> Getting locator for null
12:52:30,981 INFO  [BrowserSelenium] (_getByLocator) -> Locator info found for XPATH attribute as: //a[@href='/jbilling/config/index']
12:52:30,981 INFO  [BrowserSelenium] ENTER --> (_parseElementOnXpath)
12:52:30,981 INFO  [BrowserSelenium] (_parseElementOnXpath) -> //a[@href='/jbilling/config/index'] is used
12:52:30,981 INFO  [BrowserSelenium] EXIT --> (_parseElementOnXpath)
12:52:30,981 INFO  [BrowserSelenium] EXIT --> (_getByLocator)
12:52:31,001 INFO  [BrowserSelenium] ENTER --> (_getByLocator)
12:52:31,001 INFO  [BrowserSelenium] (_getByLocator) -> Getting locator for null
12:52:31,001 INFO  [BrowserSelenium] (_getByLocator) -> Locator info found for XPATH attribute as: //a[@href='/jbilling/config/index']
12:52:31,001 INFO  [BrowserSelenium] ENTER --> (_parseElementOnXpath)
12:52:31,002 INFO  [BrowserSelenium] (_parseElementOnXpath) -> //a[@href='/jbilling/config/index'] is used
12:52:31,002 INFO  [BrowserSelenium] EXIT --> (_parseElementOnXpath)
12:52:31,002 INFO  [BrowserSelenium] EXIT --> (_getByLocator)
12:52:31,045 INFO  [BrowserSelenium] ENTER --> (_getByLocator)
12:52:31,045 INFO  [BrowserSelenium] (_getByLocator) -> Getting locator for null
12:52:31,045 INFO  [BrowserSelenium] (_getByLocator) -> Locator info found for XPATH attribute as: //a[@href='/jbilling/config/index']
12:52:31,045 INFO  [BrowserSelenium] ENTER --> (_parseElementOnXpath)
12:52:31,045 INFO  [BrowserSelenium] (_parseElementOnXpath) -> //a[@href='/jbilling/config/index'] is used
12:52:31,045 INFO  [BrowserSelenium] EXIT --> (_parseElementOnXpath)
12:52:31,046 INFO  [BrowserSelenium] EXIT --> (_getByLocator)
12:52:31,068 INFO  [BrowserSelenium] ENTER --> (_getByLocator)
12:52:31,068 INFO  [BrowserSelenium] (_getByLocator) -> Getting locator for null
12:52:31,069 INFO  [BrowserSelenium] (_getByLocator) -> Locator info found for XPATH attribute as: //a[@href='/jbilling/config/index']
12:52:31,069 INFO  [BrowserSelenium] ENTER --> (_parseElementOnXpath)
12:52:31,069 INFO  [BrowserSelenium] (_parseElementOnXpath) -> //a[@href='/jbilling/config/index'] is used
12:52:31,069 INFO  [BrowserSelenium] EXIT --> (_parseElementOnXpath)
12:52:31,069 INFO  [BrowserSelenium] EXIT --> (_getByLocator)
12:52:31,092 INFO  [BrowserSelenium] ENTER --> (_getByLocator)
12:52:31,093 INFO  [BrowserSelenium] (_getByLocator) -> Getting locator for null
12:52:31,093 INFO  [BrowserSelenium] (_getByLocator) -> Locator info found for XPATH attribute as: //a[@href='/jbilling/config/index']
12:52:31,093 INFO  [BrowserSelenium] ENTER --> (_parseElementOnXpath)
12:52:31,093 INFO  [BrowserSelenium] (_parseElementOnXpath) -> //a[@href='/jbilling/config/index'] is used
12:52:31,093 INFO  [BrowserSelenium] EXIT --> (_parseElementOnXpath)
12:52:31,093 INFO  [BrowserSelenium] EXIT --> (_getByLocator)
12:52:31,112 INFO  [BrowserSelenium] ENTER --> (_getByLocator)
12:52:31,112 INFO  [BrowserSelenium] (_getByLocator) -> Getting locator for null
12:52:31,112 INFO  [BrowserSelenium] (_getByLocator) -> Locator info found for XPATH attribute as: //a[@href='/jbilling/config/index']
12:52:31,112 INFO  [BrowserSelenium] ENTER --> (_parseElementOnXpath)
12:52:31,112 INFO  [BrowserSelenium] (_parseElementOnXpath) -> //a[@href='/jbilling/config/index'] is used
12:52:31,112 INFO  [BrowserSelenium] EXIT --> (_parseElementOnXpath)
12:52:31,112 INFO  [BrowserSelenium] EXIT --> (_getByLocator)
12:52:31,129 INFO  [BrowserSelenium] ENTER --> (_getByLocator)
12:52:31,129 INFO  [BrowserSelenium] (_getByLocator) -> Getting locator for null
12:52:31,129 INFO  [BrowserSelenium] (_getByLocator) -> Locator info found for XPATH attribute as: //a[@href='/jbilling/config/index']
12:52:31,130 INFO  [BrowserSelenium] ENTER --> (_parseElementOnXpath)
12:52:31,130 INFO  [BrowserSelenium] (_parseElementOnXpath) -> //a[@href='/jbilling/config/index'] is used
12:52:31,130 INFO  [BrowserSelenium] EXIT --> (_parseElementOnXpath)
12:52:31,130 INFO  [BrowserSelenium] EXIT --> (_getByLocator)
12:52:31,147 INFO  [BrowserSelenium] ENTER --> (_getByLocator)
12:52:31,147 INFO  [BrowserSelenium] (_getByLocator) -> Getting locator for null
12:52:31,147 INFO  [BrowserSelenium] (_getByLocator) -> Locator info found for XPATH attribute as: //a[@href='/jbilling/config/index']
12:52:31,147 INFO  [BrowserSelenium] ENTER --> (_parseElementOnXpath)
12:52:31,147 INFO  [BrowserSelenium] (_parseElementOnXpath) -> //a[@href='/jbilling/config/index'] is used
12:52:31,147 INFO  [BrowserSelenium] EXIT --> (_parseElementOnXpath)
12:52:31,147 INFO  [BrowserSelenium] EXIT --> (_getByLocator)
12:52:31,166 INFO  [BrowserSelenium] ENTER --> (_getByLocator)
12:52:31,166 INFO  [BrowserSelenium] (_getByLocator) -> Getting locator for null
12:52:31,166 INFO  [BrowserSelenium] (_getByLocator) -> Locator info found for XPATH attribute as: //a[@href='/jbilling/config/index']
12:52:31,166 INFO  [BrowserSelenium] ENTER --> (_parseElementOnXpath)
12:52:31,166 INFO  [BrowserSelenium] (_parseElementOnXpath) -> //a[@href='/jbilling/config/index'] is used
12:52:31,167 INFO  [BrowserSelenium] EXIT --> (_parseElementOnXpath)
12:52:31,167 INFO  [BrowserSelenium] EXIT --> (_getByLocator)
12:52:31,184 INFO  [BrowserSelenium] ENTER --> (_getByLocator)
12:52:31,184 INFO  [BrowserSelenium] (_getByLocator) -> Getting locator for null
12:52:31,184 INFO  [BrowserSelenium] (_getByLocator) -> Locator info found for XPATH attribute as: //a[@href='/jbilling/config/index']
12:52:31,184 INFO  [BrowserSelenium] ENTER --> (_parseElementOnXpath)
12:52:31,184 INFO  [BrowserSelenium] (_parseElementOnXpath) -> //a[@href='/jbilling/config/index'] is used
12:52:31,185 INFO  [BrowserSelenium] EXIT --> (_parseElementOnXpath)
12:52:31,185 INFO  [BrowserSelenium] EXIT --> (_getByLocator)
12:52:31,204 INFO  [BrowserSelenium] ENTER --> (_getByLocator)
12:52:31,204 INFO  [BrowserSelenium] (_getByLocator) -> Getting locator for null
12:52:31,204 INFO  [BrowserSelenium] (_getByLocator) -> Locator info found for XPATH attribute as: //a[@href='/jbilling/config/index']
12:52:31,204 INFO  [BrowserSelenium] ENTER --> (_parseElementOnXpath)
12:52:31,204 INFO  [BrowserSelenium] (_parseElementOnXpath) -> //a[@href='/jbilling/config/index'] is used
12:52:31,204 INFO  [BrowserSelenium] EXIT --> (_parseElementOnXpath)
12:52:31,205 INFO  [BrowserSelenium] EXIT --> (_getByLocator)
12:52:31,226 INFO  [BrowserSelenium] ENTER --> (_getByLocator)
12:52:31,226 INFO  [BrowserSelenium] (_getByLocator) -> Getting locator for null
12:52:31,226 INFO  [BrowserSelenium] (_getByLocator) -> Locator info found for XPATH attribute as: //a[@href='/jbilling/config/index']
12:52:31,226 INFO  [BrowserSelenium] ENTER --> (_parseElementOnXpath)
12:52:31,226 INFO  [BrowserSelenium] (_parseElementOnXpath) -> //a[@href='/jbilling/config/index'] is used
12:52:31,226 INFO  [BrowserSelenium] EXIT --> (_parseElementOnXpath)
12:52:31,227 INFO  [BrowserSelenium] EXIT --> (_getByLocator)
12:52:31,245 INFO  [BrowserSelenium] ENTER --> (_getByLocator)
12:52:31,245 INFO  [BrowserSelenium] (_getByLocator) -> Getting locator for null
12:52:31,246 INFO  [BrowserSelenium] (_getByLocator) -> Locator info found for XPATH attribute as: //a[@href='/jbilling/config/index']
12:52:31,246 INFO  [BrowserSelenium] ENTER --> (_parseElementOnXpath)
12:52:31,246 INFO  [BrowserSelenium] (_parseElementOnXpath) -> //a[@href='/jbilling/config/index'] is used
12:52:31,246 INFO  [BrowserSelenium] EXIT --> (_parseElementOnXpath)
12:52:31,246 INFO  [BrowserSelenium] EXIT --> (_getByLocator)
12:52:31,270 INFO  [BrowserSelenium] ENTER --> (_getByLocator)
12:52:31,270 INFO  [BrowserSelenium] (_getByLocator) -> Getting locator for null
12:52:31,271 INFO  [BrowserSelenium] (_getByLocator) -> Locator info found for XPATH attribute as: //a[@href='/jbilling/config/index']
12:52:31,271 INFO  [BrowserSelenium] ENTER --> (_parseElementOnXpath)
12:52:31,271 INFO  [BrowserSelenium] (_parseElementOnXpath) -> //a[@href='/jbilling/config/index'] is used
12:52:31,271 INFO  [BrowserSelenium] EXIT --> (_parseElementOnXpath)
12:52:31,271 INFO  [BrowserSelenium] EXIT --> (_getByLocator)
12:52:31,311 INFO  [BrowserSelenium] ENTER --> (_getByLocator)
12:52:31,311 INFO  [BrowserSelenium] (_getByLocator) -> Getting locator for null
12:52:31,311 INFO  [BrowserSelenium] (_getByLocator) -> Locator info found for XPATH attribute as: //a[@href='/jbilling/config/index']
12:52:31,311 INFO  [BrowserSelenium] ENTER --> (_parseElementOnXpath)
12:52:31,312 INFO  [BrowserSelenium] (_parseElementOnXpath) -> //a[@href='/jbilling/config/index'] is used
12:52:31,312 INFO  [BrowserSelenium] EXIT --> (_parseElementOnXpath)
12:52:31,312 INFO  [BrowserSelenium] EXIT --> (_getByLocator)
12:52:31,337 INFO  [BrowserSelenium] ENTER --> (_getByLocator)
12:52:31,338 INFO  [BrowserSelenium] (_getByLocator) -> Getting locator for null
12:52:31,338 INFO  [BrowserSelenium] (_getByLocator) -> Locator info found for XPATH attribute as: //a[@href='/jbilling/config/index']
12:52:31,338 INFO  [BrowserSelenium] ENTER --> (_parseElementOnXpath)
12:52:31,338 INFO  [BrowserSelenium] (_parseElementOnXpath) -> //a[@href='/jbilling/config/index'] is used
12:52:31,338 INFO  [BrowserSelenium] EXIT --> (_parseElementOnXpath)
12:52:31,338 INFO  [BrowserSelenium] EXIT --> (_getByLocator)
12:52:31,364 INFO  [BrowserSelenium] ENTER --> (_getByLocator)
12:52:31,364 INFO  [BrowserSelenium] (_getByLocator) -> Getting locator for null
12:52:31,365 INFO  [BrowserSelenium] (_getByLocator) -> Locator info found for XPATH attribute as: //a[@href='/jbilling/config/index']
12:52:31,365 INFO  [BrowserSelenium] ENTER --> (_parseElementOnXpath)
12:52:31,365 INFO  [BrowserSelenium] (_parseElementOnXpath) -> //a[@href='/jbilling/config/index'] is used
12:52:31,365 INFO  [BrowserSelenium] EXIT --> (_parseElementOnXpath)
12:52:31,365 INFO  [BrowserSelenium] EXIT --> (_getByLocator)
12:52:31,390 INFO  [BrowserSelenium] ENTER --> (_getByLocator)
12:52:31,390 INFO  [BrowserSelenium] (_getByLocator) -> Getting locator for null
12:52:31,390 INFO  [BrowserSelenium] (_getByLocator) -> Locator info found for XPATH attribute as: //a[@href='/jbilling/config/index']
12:52:31,390 INFO  [BrowserSelenium] ENTER --> (_parseElementOnXpath)
12:52:31,390 INFO  [BrowserSelenium] (_parseElementOnXpath) -> //a[@href='/jbilling/config/index'] is used
12:52:31,390 INFO  [BrowserSelenium] EXIT --> (_parseElementOnXpath)
12:52:31,391 INFO  [BrowserSelenium] EXIT --> (_getByLocator)
12:52:31,408 INFO  [BrowserSelenium] ENTER --> (_getByLocator)
12:52:31,409 INFO  [BrowserSelenium] (_getByLocator) -> Getting locator for null
12:52:31,409 INFO  [BrowserSelenium] (_getByLocator) -> Locator info found for XPATH attribute as: //a[@href='/jbilling/config/index']
12:52:31,409 INFO  [BrowserSelenium] ENTER --> (_parseElementOnXpath)
12:52:31,409 INFO  [BrowserSelenium] (_parseElementOnXpath) -> //a[@href='/jbilling/config/index'] is used
12:52:31,409 INFO  [BrowserSelenium] EXIT --> (_parseElementOnXpath)
12:52:31,409 INFO  [BrowserSelenium] EXIT --> (_getByLocator)
12:52:31,426 INFO  [BrowserSelenium] ENTER --> (_getByLocator)
12:52:31,427 INFO  [BrowserSelenium] (_getByLocator) -> Getting locator for null
12:52:31,427 INFO  [BrowserSelenium] (_getByLocator) -> Locator info found for XPATH attribute as: //a[@href='/jbilling/config/index']
12:52:31,427 INFO  [BrowserSelenium] ENTER --> (_parseElementOnXpath)
12:52:31,427 INFO  [BrowserSelenium] (_parseElementOnXpath) -> //a[@href='/jbilling/config/index'] is used
12:52:31,427 INFO  [BrowserSelenium] EXIT --> (_parseElementOnXpath)
12:52:31,427 INFO  [BrowserSelenium] EXIT --> (_getByLocator)
12:52:31,447 INFO  [BrowserSelenium] ENTER --> (_getByLocator)
12:52:31,447 INFO  [BrowserSelenium] (_getByLocator) -> Getting locator for null
12:52:31,447 INFO  [BrowserSelenium] (_getByLocator) -> Locator info found for XPATH attribute as: //a[@href='/jbilling/config/index']
12:52:31,447 INFO  [BrowserSelenium] ENTER --> (_parseElementOnXpath)
12:52:31,448 INFO  [BrowserSelenium] (_parseElementOnXpath) -> //a[@href='/jbilling/config/index'] is used
12:52:31,448 INFO  [BrowserSelenium] EXIT --> (_parseElementOnXpath)
12:52:31,448 INFO  [BrowserSelenium] EXIT --> (_getByLocator)
12:52:31,468 INFO  [BrowserSelenium] ENTER --> (_getByLocator)
12:52:31,468 INFO  [BrowserSelenium] (_getByLocator) -> Getting locator for null
12:52:31,468 INFO  [BrowserSelenium] (_getByLocator) -> Locator info found for XPATH attribute as: //a[@href='/jbilling/config/index']
12:52:31,468 INFO  [BrowserSelenium] ENTER --> (_parseElementOnXpath)
12:52:31,468 INFO  [BrowserSelenium] (_parseElementOnXpath) -> //a[@href='/jbilling/config/index'] is used
12:52:31,469 INFO  [BrowserSelenium] EXIT --> (_parseElementOnXpath)
12:52:31,469 INFO  [BrowserSelenium] EXIT --> (_getByLocator)
12:52:31,489 INFO  [BrowserSelenium] ENTER --> (_getByLocator)
12:52:31,489 INFO  [BrowserSelenium] (_getByLocator) -> Getting locator for null
12:52:31,490 INFO  [BrowserSelenium] (_getByLocator) -> Locator info found for XPATH attribute as: //a[@href='/jbilling/config/index']
12:52:31,490 INFO  [BrowserSelenium] ENTER --> (_parseElementOnXpath)
12:52:31,490 INFO  [BrowserSelenium] (_parseElementOnXpath) -> //a[@href='/jbilling/config/index'] is used
12:52:31,490 INFO  [BrowserSelenium] EXIT --> (_parseElementOnXpath)
12:52:31,490 INFO  [BrowserSelenium] EXIT --> (_getByLocator)
12:52:31,507 INFO  [BrowserSelenium] ENTER --> (_getByLocator)
12:52:31,507 INFO  [BrowserSelenium] (_getByLocator) -> Getting locator for null
12:52:31,507 INFO  [BrowserSelenium] (_getByLocator) -> Locator info found for XPATH attribute as: //a[@href='/jbilling/config/index']
12:52:31,507 INFO  [BrowserSelenium] ENTER --> (_parseElementOnXpath)
12:52:31,507 INFO  [BrowserSelenium] (_parseElementOnXpath) -> //a[@href='/jbilling/config/index'] is used
12:52:31,507 INFO  [BrowserSelenium] EXIT --> (_parseElementOnXpath)
12:52:31,507 INFO  [BrowserSelenium] EXIT --> (_getByLocator)
12:52:31,524 INFO  [BrowserSelenium] ENTER --> (_getByLocator)
12:52:31,524 INFO  [BrowserSelenium] (_getByLocator) -> Getting locator for null
12:52:31,524 INFO  [BrowserSelenium] (_getByLocator) -> Locator info found for XPATH attribute as: //a[@href='/jbilling/config/index']
12:52:31,524 INFO  [BrowserSelenium] ENTER --> (_parseElementOnXpath)
12:52:31,525 INFO  [BrowserSelenium] (_parseElementOnXpath) -> //a[@href='/jbilling/config/index'] is used
12:52:31,525 INFO  [BrowserSelenium] EXIT --> (_parseElementOnXpath)
12:52:31,525 INFO  [BrowserSelenium] EXIT --> (_getByLocator)
12:52:31,543 INFO  [BrowserSelenium] ENTER --> (_getByLocator)
12:52:31,543 INFO  [BrowserSelenium] (_getByLocator) -> Getting locator for null
12:52:31,543 INFO  [BrowserSelenium] (_getByLocator) -> Locator info found for XPATH attribute as: //a[@href='/jbilling/config/index']
12:52:31,544 INFO  [BrowserSelenium] ENTER --> (_parseElementOnXpath)
12:52:31,544 INFO  [BrowserSelenium] (_parseElementOnXpath) -> //a[@href='/jbilling/config/index'] is used
12:52:31,544 INFO  [BrowserSelenium] EXIT --> (_parseElementOnXpath)
12:52:31,544 INFO  [BrowserSelenium] EXIT --> (_getByLocator)
12:52:31,565 INFO  [BrowserSelenium] ENTER --> (_getByLocator)
12:52:31,565 INFO  [BrowserSelenium] (_getByLocator) -> Getting locator for null
12:52:31,565 INFO  [BrowserSelenium] (_getByLocator) -> Locator info found for XPATH attribute as: //a[@href='/jbilling/config/index']
12:52:31,566 INFO  [BrowserSelenium] ENTER --> (_parseElementOnXpath)
12:52:31,566 INFO  [BrowserSelenium] (_parseElementOnXpath) -> //a[@href='/jbilling/config/index'] is used
12:52:31,566 INFO  [BrowserSelenium] EXIT --> (_parseElementOnXpath)
12:52:31,566 INFO  [BrowserSelenium] EXIT --> (_getByLocator)
12:52:31,585 INFO  [BrowserSelenium] ENTER --> (_getByLocator)
12:52:31,586 INFO  [BrowserSelenium] (_getByLocator) -> Getting locator for null
12:52:31,586 INFO  [BrowserSelenium] (_getByLocator) -> Locator info found for XPATH attribute as: //a[@href='/jbilling/config/index']
12:52:31,586 INFO  [BrowserSelenium] ENTER --> (_parseElementOnXpath)
12:52:31,586 INFO  [BrowserSelenium] (_parseElementOnXpath) -> //a[@href='/jbilling/config/index'] is used
12:52:31,586 INFO  [BrowserSelenium] EXIT --> (_parseElementOnXpath)
12:52:31,586 INFO  [BrowserSelenium] EXIT --> (_getByLocator)
12:52:31,603 INFO  [BrowserSelenium] ENTER --> (_getByLocator)
12:52:31,603 INFO  [BrowserSelenium] (_getByLocator) -> Getting locator for null
12:52:31,603 INFO  [BrowserSelenium] (_getByLocator) -> Locator info found for XPATH attribute as: //a[@href='/jbilling/config/index']
12:52:31,604 INFO  [BrowserSelenium] ENTER --> (_parseElementOnXpath)
12:52:31,604 INFO  [BrowserSelenium] (_parseElementOnXpath) -> //a[@href='/jbilling/config/index'] is used
12:52:31,604 INFO  [BrowserSelenium] EXIT --> (_parseElementOnXpath)
12:52:31,604 INFO  [BrowserSelenium] EXIT --> (_getByLocator)
12:52:31,621 INFO  [BrowserSelenium] ENTER --> (_getByLocator)
12:52:31,621 INFO  [BrowserSelenium] (_getByLocator) -> Getting locator for null
12:52:31,621 INFO  [BrowserSelenium] (_getByLocator) -> Locator info found for XPATH attribute as: //a[@href='/jbilling/config/index']
12:52:31,621 INFO  [BrowserSelenium] ENTER --> (_parseElementOnXpath)
12:52:31,621 INFO  [BrowserSelenium] (_parseElementOnXpath) -> //a[@href='/jbilling/config/index'] is used
12:52:31,621 INFO  [BrowserSelenium] EXIT --> (_parseElementOnXpath)
12:52:31,621 INFO  [BrowserSelenium] EXIT --> (_getByLocator)
12:52:31,639 INFO  [BrowserSelenium] ENTER --> (_getByLocator)
12:52:31,639 INFO  [BrowserSelenium] (_getByLocator) -> Getting locator for null
12:52:31,640 INFO  [BrowserSelenium] (_getByLocator) -> Locator info found for XPATH attribute as: //a[@href='/jbilling/config/index']
12:52:31,640 INFO  [BrowserSelenium] ENTER --> (_parseElementOnXpath)
12:52:31,640 INFO  [BrowserSelenium] (_parseElementOnXpath) -> //a[@href='/jbilling/config/index'] is used
12:52:31,640 INFO  [BrowserSelenium] EXIT --> (_parseElementOnXpath)
12:52:31,640 INFO  [BrowserSelenium] EXIT --> (_getByLocator)
12:52:31,659 INFO  [BrowserSelenium] ENTER --> (_getByLocator)
12:52:31,660 INFO  [BrowserSelenium] (_getByLocator) -> Getting locator for null
12:52:31,660 INFO  [BrowserSelenium] (_getByLocator) -> Locator info found for XPATH attribute as: //a[@href='/jbilling/config/index']
12:52:31,660 INFO  [BrowserSelenium] ENTER --> (_parseElementOnXpath)
12:52:31,660 INFO  [BrowserSelenium] (_parseElementOnXpath) -> //a[@href='/jbilling/config/index'] is used
12:52:31,660 INFO  [BrowserSelenium] EXIT --> (_parseElementOnXpath)
12:52:31,660 INFO  [BrowserSelenium] EXIT --> (_getByLocator)
12:52:31,678 INFO  [BrowserSelenium] ENTER --> (_getByLocator)
12:52:31,678 INFO  [BrowserSelenium] (_getByLocator) -> Getting locator for null
12:52:31,678 INFO  [BrowserSelenium] (_getByLocator) -> Locator info found for XPATH attribute as: //a[@href='/jbilling/config/index']
12:52:31,678 INFO  [BrowserSelenium] ENTER --> (_parseElementOnXpath)
12:52:31,679 INFO  [BrowserSelenium] (_parseElementOnXpath) -> //a[@href='/jbilling/config/index'] is used
12:52:31,679 INFO  [BrowserSelenium] EXIT --> (_parseElementOnXpath)
12:52:31,679 INFO  [BrowserSelenium] EXIT --> (_getByLocator)
12:52:31,696 INFO  [BrowserSelenium] ENTER --> (_getByLocator)
12:52:31,696 INFO  [BrowserSelenium] (_getByLocator) -> Getting locator for null
12:52:31,696 INFO  [BrowserSelenium] (_getByLocator) -> Locator info found for XPATH attribute as: //a[@href='/jbilling/config/index']
12:52:31,696 INFO  [BrowserSelenium] ENTER --> (_parseElementOnXpath)
12:52:31,696 INFO  [BrowserSelenium] (_parseElementOnXpath) -> //a[@href='/jbilling/config/index'] is used
12:52:31,696 INFO  [BrowserSelenium] EXIT --> (_parseElementOnXpath)
12:52:31,696 INFO  [BrowserSelenium] EXIT --> (_getByLocator)
12:52:31,715 INFO  [BrowserSelenium] ENTER --> (_getByLocator)
12:52:31,716 INFO  [BrowserSelenium] (_getByLocator) -> Getting locator for null
12:52:31,716 INFO  [BrowserSelenium] (_getByLocator) -> Locator info found for XPATH attribute as: //a[@href='/jbilling/config/index']
12:52:31,716 INFO  [BrowserSelenium] ENTER --> (_parseElementOnXpath)
12:52:31,716 INFO  [BrowserSelenium] (_parseElementOnXpath) -> //a[@href='/jbilling/config/index'] is used
12:52:31,716 INFO  [BrowserSelenium] EXIT --> (_parseElementOnXpath)
12:52:31,716 INFO  [BrowserSelenium] EXIT --> (_getByLocator)
12:52:31,735 INFO  [BrowserSelenium] ENTER --> (_getByLocator)
12:52:31,735 INFO  [BrowserSelenium] (_getByLocator) -> Getting locator for null
12:52:31,735 INFO  [BrowserSelenium] (_getByLocator) -> Locator info found for XPATH attribute as: //a[@href='/jbilling/config/index']
12:52:31,736 INFO  [BrowserSelenium] ENTER --> (_parseElementOnXpath)
12:52:31,736 INFO  [BrowserSelenium] (_parseElementOnXpath) -> //a[@href='/jbilling/config/index'] is used
12:52:31,736 INFO  [BrowserSelenium] EXIT --> (_parseElementOnXpath)
12:52:31,736 INFO  [BrowserSelenium] EXIT --> (_getByLocator)
12:52:31,759 INFO  [BrowserSelenium] ENTER --> (_getByLocator)
12:52:31,759 INFO  [BrowserSelenium] (_getByLocator) -> Getting locator for null
12:52:31,759 INFO  [BrowserSelenium] (_getByLocator) -> Locator info found for XPATH attribute as: //a[@href='/jbilling/config/index']
12:52:31,759 INFO  [BrowserSelenium] ENTER --> (_parseElementOnXpath)
12:52:31,759 INFO  [BrowserSelenium] (_parseElementOnXpath) -> //a[@href='/jbilling/config/index'] is used
12:52:31,759 INFO  [BrowserSelenium] EXIT --> (_parseElementOnXpath)
12:52:31,759 INFO  [BrowserSelenium] EXIT --> (_getByLocator)
12:52:31,777 INFO  [BrowserSelenium] ENTER --> (_getByLocator)
12:52:31,777 INFO  [BrowserSelenium] (_getByLocator) -> Getting locator for null
12:52:31,778 INFO  [BrowserSelenium] (_getByLocator) -> Locator info found for XPATH attribute as: //a[@href='/jbilling/config/index']
12:52:31,778 INFO  [BrowserSelenium] ENTER --> (_parseElementOnXpath)
12:52:31,778 INFO  [BrowserSelenium] (_parseElementOnXpath) -> //a[@href='/jbilling/config/index'] is used
12:52:31,778 INFO  [BrowserSelenium] EXIT --> (_parseElementOnXpath)
12:52:31,778 INFO  [BrowserSelenium] EXIT --> (_getByLocator)
12:52:31,797 INFO  [BrowserSelenium] ENTER --> (_getByLocator)
12:52:31,797 INFO  [BrowserSelenium] (_getByLocator) -> Getting locator for null
12:52:31,797 INFO  [BrowserSelenium] (_getByLocator) -> Locator info found for XPATH attribute as: //a[@href='/jbilling/config/index']
12:52:31,797 INFO  [BrowserSelenium] ENTER --> (_parseElementOnXpath)
12:52:31,798 INFO  [BrowserSelenium] (_parseElementOnXpath) -> //a[@href='/jbilling/config/index'] is used
12:52:31,798 INFO  [BrowserSelenium] EXIT --> (_parseElementOnXpath)
12:52:31,798 INFO  [BrowserSelenium] EXIT --> (_getByLocator)
12:52:31,814 INFO  [BrowserSelenium] ENTER --> (_getByLocator)
12:52:31,815 INFO  [BrowserSelenium] (_getByLocator) -> Getting locator for null
12:52:31,815 INFO  [BrowserSelenium] (_getByLocator) -> Locator info found for XPATH attribute as: //a[@href='/jbilling/config/index']
12:52:31,815 INFO  [BrowserSelenium] ENTER --> (_parseElementOnXpath)
12:52:31,815 INFO  [BrowserSelenium] (_parseElementOnXpath) -> //a[@href='/jbilling/config/index'] is used
12:52:31,815 INFO  [BrowserSelenium] EXIT --> (_parseElementOnXpath)
12:52:31,815 INFO  [BrowserSelenium] EXIT --> (_getByLocator)
12:52:31,833 INFO  [BrowserSelenium] ENTER --> (_getByLocator)
12:52:31,833 INFO  [BrowserSelenium] (_getByLocator) -> Getting locator for null
12:52:31,833 INFO  [BrowserSelenium] (_getByLocator) -> Locator info found for XPATH attribute as: //a[@href='/jbilling/config/index']
12:52:31,833 INFO  [BrowserSelenium] ENTER --> (_parseElementOnXpath)
12:52:31,833 INFO  [BrowserSelenium] (_parseElementOnXpath) -> //a[@href='/jbilling/config/index'] is used
12:52:31,833 INFO  [BrowserSelenium] EXIT --> (_parseElementOnXpath)
12:52:31,834 INFO  [BrowserSelenium] EXIT --> (_getByLocator)
12:52:31,852 INFO  [BrowserSelenium] ENTER --> (_getByLocator)
12:52:31,852 INFO  [BrowserSelenium] (_getByLocator) -> Getting locator for null
12:52:31,853 INFO  [BrowserSelenium] (_getByLocator) -> Locator info found for XPATH attribute as: //a[@href='/jbilling/config/index']
12:52:31,853 INFO  [BrowserSelenium] ENTER --> (_parseElementOnXpath)
12:52:31,853 INFO  [BrowserSelenium] (_parseElementOnXpath) -> //a[@href='/jbilling/config/index'] is used
12:52:31,853 INFO  [BrowserSelenium] EXIT --> (_parseElementOnXpath)
12:52:31,853 INFO  [BrowserSelenium] EXIT --> (_getByLocator)
12:52:31,873 INFO  [BrowserSelenium] ENTER --> (_getByLocator)
12:52:31,873 INFO  [BrowserSelenium] (_getByLocator) -> Getting locator for null
12:52:31,873 INFO  [BrowserSelenium] (_getByLocator) -> Locator info found for XPATH attribute as: //a[@href='/jbilling/config/index']
12:52:31,873 INFO  [BrowserSelenium] ENTER --> (_parseElementOnXpath)
12:52:31,873 INFO  [BrowserSelenium] (_parseElementOnXpath) -> //a[@href='/jbilling/config/index'] is used
12:52:31,873 INFO  [BrowserSelenium] EXIT --> (_parseElementOnXpath)
12:52:31,873 INFO  [BrowserSelenium] EXIT --> (_getByLocator)
12:52:31,892 INFO  [BrowserSelenium] ENTER --> (_getByLocator)
12:52:31,892 INFO  [BrowserSelenium] (_getByLocator) -> Getting locator for null
12:52:31,892 INFO  [BrowserSelenium] (_getByLocator) -> Locator info found for XPATH attribute as: //a[@href='/jbilling/config/index']
12:52:31,892 INFO  [BrowserSelenium] ENTER --> (_parseElementOnXpath)
12:52:31,892 INFO  [BrowserSelenium] (_parseElementOnXpath) -> //a[@href='/jbilling/config/index'] is used
12:52:31,892 INFO  [BrowserSelenium] EXIT --> (_parseElementOnXpath)
12:52:31,892 INFO  [BrowserSelenium] EXIT --> (_getByLocator)
12:52:31,913 INFO  [BrowserSelenium] ENTER --> (_getByLocator)
12:52:31,913 INFO  [BrowserSelenium] (_getByLocator) -> Getting locator for null
12:52:31,913 INFO  [BrowserSelenium] (_getByLocator) -> Locator info found for XPATH attribute as: //a[@href='/jbilling/config/index']
12:52:31,913 INFO  [BrowserSelenium] ENTER --> (_parseElementOnXpath)
12:52:31,913 INFO  [BrowserSelenium] (_parseElementOnXpath) -> //a[@href='/jbilling/config/index'] is used
12:52:31,913 INFO  [BrowserSelenium] EXIT --> (_parseElementOnXpath)
12:52:31,914 INFO  [BrowserSelenium] EXIT --> (_getByLocator)
12:52:31,930 INFO  [BrowserSelenium] ENTER --> (_getByLocator)
12:52:31,930 INFO  [BrowserSelenium] (_getByLocator) -> Getting locator for null
12:52:31,930 INFO  [BrowserSelenium] (_getByLocator) -> Locator info found for XPATH attribute as: //a[@href='/jbilling/config/index']
12:52:31,931 INFO  [BrowserSelenium] ENTER --> (_parseElementOnXpath)
12:52:31,931 INFO  [BrowserSelenium] (_parseElementOnXpath) -> //a[@href='/jbilling/config/index'] is used
12:52:31,931 INFO  [BrowserSelenium] EXIT --> (_parseElementOnXpath)
12:52:31,931 INFO  [BrowserSelenium] EXIT --> (_getByLocator)
12:52:31,953 INFO  [BrowserSelenium] ENTER --> (_getByLocator)
12:52:31,954 INFO  [BrowserSelenium] (_getByLocator) -> Getting locator for null
12:52:31,954 INFO  [BrowserSelenium] (_getByLocator) -> Locator info found for XPATH attribute as: //a[@href='/jbilling/config/index']
12:52:31,954 INFO  [BrowserSelenium] ENTER --> (_parseElementOnXpath)
12:52:31,954 INFO  [BrowserSelenium] (_parseElementOnXpath) -> //a[@href='/jbilling/config/index'] is used
12:52:31,954 INFO  [BrowserSelenium] EXIT --> (_parseElementOnXpath)
12:52:31,955 INFO  [BrowserSelenium] EXIT --> (_getByLocator)
12:52:31,976 INFO  [BrowserSelenium] ENTER --> (_getByLocator)
12:52:31,977 INFO  [BrowserSelenium] (_getByLocator) -> Getting locator for null
12:52:31,977 INFO  [BrowserSelenium] (_getByLocator) -> Locator info found for XPATH attribute as: //a[@href='/jbilling/config/index']
12:52:31,977 INFO  [BrowserSelenium] ENTER --> (_parseElementOnXpath)
12:52:31,977 INFO  [BrowserSelenium] (_parseElementOnXpath) -> //a[@href='/jbilling/config/index'] is used
12:52:31,977 INFO  [BrowserSelenium] EXIT --> (_parseElementOnXpath)
12:52:31,977 INFO  [BrowserSelenium] EXIT --> (_getByLocator)
12:52:32,001 INFO  [BrowserSelenium] ENTER --> (_getByLocator)
12:52:32,001 INFO  [BrowserSelenium] (_getByLocator) -> Getting locator for null
12:52:32,001 INFO  [BrowserSelenium] (_getByLocator) -> Locator info found for XPATH attribute as: //a[@href='/jbilling/config/index']
12:52:32,001 INFO  [BrowserSelenium] ENTER --> (_parseElementOnXpath)
12:52:32,001 INFO  [BrowserSelenium] (_parseElementOnXpath) -> //a[@href='/jbilling/config/index'] is used
12:52:32,002 INFO  [BrowserSelenium] EXIT --> (_parseElementOnXpath)
12:52:32,002 INFO  [BrowserSelenium] EXIT --> (_getByLocator)
12:52:32,019 INFO  [BrowserSelenium] ENTER --> (_getByLocator)
12:52:32,019 INFO  [BrowserSelenium] (_getByLocator) -> Getting locator for null
12:52:32,020 INFO  [BrowserSelenium] (_getByLocator) -> Locator info found for XPATH attribute as: //a[@href='/jbilling/config/index']
12:52:32,020 INFO  [BrowserSelenium] ENTER --> (_parseElementOnXpath)
12:52:32,020 INFO  [BrowserSelenium] (_parseElementOnXpath) -> //a[@href='/jbilling/config/index'] is used
12:52:32,020 INFO  [BrowserSelenium] EXIT --> (_parseElementOnXpath)
12:52:32,020 INFO  [BrowserSelenium] EXIT --> (_getByLocator)
12:52:32,036 INFO  [BrowserSelenium] ENTER --> (_getByLocator)
12:52:32,037 INFO  [BrowserSelenium] (_getByLocator) -> Getting locator for null
12:52:32,037 INFO  [BrowserSelenium] (_getByLocator) -> Locator info found for XPATH attribute as: //a[@href='/jbilling/config/index']
12:52:32,037 INFO  [BrowserSelenium] ENTER --> (_parseElementOnXpath)
12:52:32,037 INFO  [BrowserSelenium] (_parseElementOnXpath) -> //a[@href='/jbilling/config/index'] is used
12:52:32,037 INFO  [BrowserSelenium] EXIT --> (_parseElementOnXpath)
12:52:32,037 INFO  [BrowserSelenium] EXIT --> (_getByLocator)
12:52:32,056 INFO  [BrowserSelenium] ENTER --> (_getByLocator)
12:52:32,056 INFO  [BrowserSelenium] (_getByLocator) -> Getting locator for null
12:52:32,056 INFO  [BrowserSelenium] (_getByLocator) -> Locator info found for XPATH attribute as: //a[@href='/jbilling/config/index']
12:52:32,056 INFO  [BrowserSelenium] ENTER --> (_parseElementOnXpath)
12:52:32,057 INFO  [BrowserSelenium] (_parseElementOnXpath) -> //a[@href='/jbilling/config/index'] is used
12:52:32,057 INFO  [BrowserSelenium] EXIT --> (_parseElementOnXpath)
12:52:32,057 INFO  [BrowserSelenium] EXIT --> (_getByLocator)
12:52:32,078 INFO  [BrowserSelenium] ENTER --> (_getByLocator)
12:52:32,078 INFO  [BrowserSelenium] (_getByLocator) -> Getting locator for null
12:52:32,079 INFO  [BrowserSelenium] (_getByLocator) -> Locator info found for XPATH attribute as: //a[@href='/jbilling/config/index']
12:52:32,079 INFO  [BrowserSelenium] ENTER --> (_parseElementOnXpath)
12:52:32,079 INFO  [BrowserSelenium] (_parseElementOnXpath) -> //a[@href='/jbilling/config/index'] is used
12:52:32,079 INFO  [BrowserSelenium] EXIT --> (_parseElementOnXpath)
12:52:32,079 INFO  [BrowserSelenium] EXIT --> (_getByLocator)
12:52:32,097 INFO  [BrowserSelenium] ENTER --> (_getByLocator)
12:52:32,097 INFO  [BrowserSelenium] (_getByLocator) -> Getting locator for null
12:52:32,097 INFO  [BrowserSelenium] (_getByLocator) -> Locator info found for XPATH attribute as: //a[@href='/jbilling/config/index']
12:52:32,097 INFO  [BrowserSelenium] ENTER --> (_parseElementOnXpath)
12:52:32,097 INFO  [BrowserSelenium] (_parseElementOnXpath) -> //a[@href='/jbilling/config/index'] is used
12:52:32,098 INFO  [BrowserSelenium] EXIT --> (_parseElementOnXpath)
12:52:32,098 INFO  [BrowserSelenium] EXIT --> (_getByLocator)
12:52:32,121 INFO  [BrowserSelenium] ENTER --> (_getByLocator)
12:52:32,121 INFO  [BrowserSelenium] (_getByLocator) -> Getting locator for null
12:52:32,121 INFO  [BrowserSelenium] (_getByLocator) -> Locator info found for XPATH attribute as: //a[@href='/jbilling/config/index']
12:52:32,121 INFO  [BrowserSelenium] ENTER --> (_parseElementOnXpath)
12:52:32,121 INFO  [BrowserSelenium] (_parseElementOnXpath) -> //a[@href='/jbilling/config/index'] is used
12:52:32,121 INFO  [BrowserSelenium] EXIT --> (_parseElementOnXpath)
12:52:32,122 INFO  [BrowserSelenium] EXIT --> (_getByLocator)
12:52:32,140 INFO  [BrowserSelenium] ENTER --> (_getByLocator)
12:52:32,140 INFO  [BrowserSelenium] (_getByLocator) -> Getting locator for null
12:52:32,140 INFO  [BrowserSelenium] (_getByLocator) -> Locator info found for XPATH attribute as: //a[@href='/jbilling/config/index']
12:52:32,140 INFO  [BrowserSelenium] ENTER --> (_parseElementOnXpath)
12:52:32,140 INFO  [BrowserSelenium] (_parseElementOnXpath) -> //a[@href='/jbilling/config/index'] is used
12:52:32,140 INFO  [BrowserSelenium] EXIT --> (_parseElementOnXpath)
12:52:32,141 INFO  [BrowserSelenium] EXIT --> (_getByLocator)
12:52:32,159 INFO  [BrowserSelenium] ENTER --> (_getByLocator)
12:52:32,159 INFO  [BrowserSelenium] (_getByLocator) -> Getting locator for null
12:52:32,159 INFO  [BrowserSelenium] (_getByLocator) -> Locator info found for XPATH attribute as: //a[@href='/jbilling/config/index']
12:52:32,159 INFO  [BrowserSelenium] ENTER --> (_parseElementOnXpath)
12:52:32,160 INFO  [BrowserSelenium] (_parseElementOnXpath) -> //a[@href='/jbilling/config/index'] is used
12:52:32,160 INFO  [BrowserSelenium] EXIT --> (_parseElementOnXpath)
12:52:32,160 INFO  [BrowserSelenium] EXIT --> (_getByLocator)
12:52:32,204 INFO  [BrowserSelenium] ENTER --> (_getByLocator)
12:52:32,204 INFO  [BrowserSelenium] (_getByLocator) -> Getting locator for null
12:52:32,205 INFO  [BrowserSelenium] (_getByLocator) -> Locator info found for XPATH attribute as: //a[@href='/jbilling/config/index']
12:52:32,205 INFO  [BrowserSelenium] ENTER --> (_parseElementOnXpath)
12:52:32,205 INFO  [BrowserSelenium] (_parseElementOnXpath) -> //a[@href='/jbilling/config/index'] is used
12:52:32,205 INFO  [BrowserSelenium] EXIT --> (_parseElementOnXpath)
12:52:32,205 INFO  [BrowserSelenium] EXIT --> (_getByLocator)
12:52:32,224 INFO  [BrowserSelenium] ENTER --> (_getByLocator)
12:52:32,224 INFO  [BrowserSelenium] (_getByLocator) -> Getting locator for null
12:52:32,224 INFO  [BrowserSelenium] (_getByLocator) -> Locator info found for XPATH attribute as: //a[@href='/jbilling/config/index']
12:52:32,224 INFO  [BrowserSelenium] ENTER --> (_parseElementOnXpath)
12:52:32,225 INFO  [BrowserSelenium] (_parseElementOnXpath) -> //a[@href='/jbilling/config/index'] is used
12:52:32,225 INFO  [BrowserSelenium] EXIT --> (_parseElementOnXpath)
12:52:32,225 INFO  [BrowserSelenium] EXIT --> (_getByLocator)
12:52:32,242 INFO  [BrowserSelenium] ENTER --> (_getByLocator)
12:52:32,242 INFO  [BrowserSelenium] (_getByLocator) -> Getting locator for null
12:52:32,242 INFO  [BrowserSelenium] (_getByLocator) -> Locator info found for XPATH attribute as: //a[@href='/jbilling/config/index']
12:52:32,243 INFO  [BrowserSelenium] ENTER --> (_parseElementOnXpath)
12:52:32,243 INFO  [BrowserSelenium] (_parseElementOnXpath) -> //a[@href='/jbilling/config/index'] is used
12:52:32,243 INFO  [BrowserSelenium] EXIT --> (_parseElementOnXpath)
12:52:32,243 INFO  [BrowserSelenium] EXIT --> (_getByLocator)
12:52:32,261 INFO  [BrowserSelenium] ENTER --> (_getByLocator)
12:52:32,261 INFO  [BrowserSelenium] (_getByLocator) -> Getting locator for null
12:52:32,261 INFO  [BrowserSelenium] (_getByLocator) -> Locator info found for XPATH attribute as: //a[@href='/jbilling/config/index']
12:52:32,261 INFO  [BrowserSelenium] ENTER --> (_parseElementOnXpath)
12:52:32,262 INFO  [BrowserSelenium] (_parseElementOnXpath) -> //a[@href='/jbilling/config/index'] is used
12:52:32,262 INFO  [BrowserSelenium] EXIT --> (_parseElementOnXpath)
12:52:32,262 INFO  [BrowserSelenium] EXIT --> (_getByLocator)
12:52:32,279 INFO  [BrowserSelenium] ENTER --> (_getByLocator)
12:52:32,280 INFO  [BrowserSelenium] (_getByLocator) -> Getting locator for null
12:52:32,280 INFO  [BrowserSelenium] (_getByLocator) -> Locator info found for XPATH attribute as: //a[@href='/jbilling/config/index']
12:52:32,280 INFO  [BrowserSelenium] ENTER --> (_parseElementOnXpath)
12:52:32,280 INFO  [BrowserSelenium] (_parseElementOnXpath) -> //a[@href='/jbilling/config/index'] is used
12:52:32,280 INFO  [BrowserSelenium] EXIT --> (_parseElementOnXpath)
12:52:32,280 INFO  [BrowserSelenium] EXIT --> (_getByLocator)
12:52:32,298 INFO  [BrowserSelenium] ENTER --> (_getByLocator)
12:52:32,299 INFO  [BrowserSelenium] (_getByLocator) -> Getting locator for null
12:52:32,299 INFO  [BrowserSelenium] (_getByLocator) -> Locator info found for XPATH attribute as: //a[@href='/jbilling/config/index']
12:52:32,299 INFO  [BrowserSelenium] ENTER --> (_parseElementOnXpath)
12:52:32,299 INFO  [BrowserSelenium] (_parseElementOnXpath) -> //a[@href='/jbilling/config/index'] is used
12:52:32,299 INFO  [BrowserSelenium] EXIT --> (_parseElementOnXpath)
12:52:32,299 INFO  [BrowserSelenium] EXIT --> (_getByLocator)
12:52:32,317 INFO  [BrowserSelenium] ENTER --> (_getByLocator)
12:52:32,317 INFO  [BrowserSelenium] (_getByLocator) -> Getting locator for null
12:52:32,317 INFO  [BrowserSelenium] (_getByLocator) -> Locator info found for XPATH attribute as: //a[@href='/jbilling/config/index']
12:52:32,317 INFO  [BrowserSelenium] ENTER --> (_parseElementOnXpath)
12:52:32,317 INFO  [BrowserSelenium] (_parseElementOnXpath) -> //a[@href='/jbilling/config/index'] is used
12:52:32,317 INFO  [BrowserSelenium] EXIT --> (_parseElementOnXpath)
12:52:32,317 INFO  [BrowserSelenium] EXIT --> (_getByLocator)
12:52:32,335 INFO  [BrowserSelenium] ENTER --> (_getByLocator)
12:52:32,335 INFO  [BrowserSelenium] (_getByLocator) -> Getting locator for null
12:52:32,335 INFO  [BrowserSelenium] (_getByLocator) -> Locator info found for XPATH attribute as: //a[@href='/jbilling/config/index']
12:52:32,335 INFO  [BrowserSelenium] ENTER --> (_parseElementOnXpath)
12:52:32,335 INFO  [BrowserSelenium] (_parseElementOnXpath) -> //a[@href='/jbilling/config/index'] is used
12:52:32,335 INFO  [BrowserSelenium] EXIT --> (_parseElementOnXpath)
12:52:32,336 INFO  [BrowserSelenium] EXIT --> (_getByLocator)
12:52:32,353 INFO  [BrowserSelenium] ENTER --> (_getByLocator)
12:52:32,354 INFO  [BrowserSelenium] (_getByLocator) -> Getting locator for null
12:52:32,354 INFO  [BrowserSelenium] (_getByLocator) -> Locator info found for XPATH attribute as: //a[@href='/jbilling/config/index']
12:52:32,354 INFO  [BrowserSelenium] ENTER --> (_parseElementOnXpath)
12:52:32,354 INFO  [BrowserSelenium] (_parseElementOnXpath) -> //a[@href='/jbilling/config/index'] is used
12:52:32,354 INFO  [BrowserSelenium] EXIT --> (_parseElementOnXpath)
12:52:32,354 INFO  [BrowserSelenium] EXIT --> (_getByLocator)
12:52:32,371 INFO  [BrowserSelenium] ENTER --> (_getByLocator)
12:52:32,372 INFO  [BrowserSelenium] (_getByLocator) -> Getting locator for null
12:52:32,372 INFO  [BrowserSelenium] (_getByLocator) -> Locator info found for XPATH attribute as: //a[@href='/jbilling/config/index']
12:52:32,372 INFO  [BrowserSelenium] ENTER --> (_parseElementOnXpath)
12:52:32,372 INFO  [BrowserSelenium] (_parseElementOnXpath) -> //a[@href='/jbilling/config/index'] is used
12:52:32,372 INFO  [BrowserSelenium] EXIT --> (_parseElementOnXpath)
12:52:32,372 INFO  [BrowserSelenium] EXIT --> (_getByLocator)
12:52:32,394 INFO  [BrowserSelenium] ENTER --> (_getByLocator)
12:52:32,394 INFO  [BrowserSelenium] (_getByLocator) -> Getting locator for null
12:52:32,394 INFO  [BrowserSelenium] (_getByLocator) -> Locator info found for XPATH attribute as: //a[@href='/jbilling/config/index']
12:52:32,394 INFO  [BrowserSelenium] ENTER --> (_parseElementOnXpath)
12:52:32,394 INFO  [BrowserSelenium] (_parseElementOnXpath) -> //a[@href='/jbilling/config/index'] is used
12:52:32,395 INFO  [BrowserSelenium] EXIT --> (_parseElementOnXpath)
12:52:32,395 INFO  [BrowserSelenium] EXIT --> (_getByLocator)
12:52:32,412 INFO  [BrowserSelenium] ENTER --> (_getByLocator)
12:52:32,412 INFO  [BrowserSelenium] (_getByLocator) -> Getting locator for null
12:52:32,412 INFO  [BrowserSelenium] (_getByLocator) -> Locator info found for XPATH attribute as: //a[@href='/jbilling/config/index']
12:52:32,412 INFO  [BrowserSelenium] ENTER --> (_parseElementOnXpath)
12:52:32,412 INFO  [BrowserSelenium] (_parseElementOnXpath) -> //a[@href='/jbilling/config/index'] is used
12:52:32,413 INFO  [BrowserSelenium] EXIT --> (_parseElementOnXpath)
12:52:32,413 INFO  [BrowserSelenium] EXIT --> (_getByLocator)
12:52:32,429 INFO  [BrowserSelenium] ENTER --> (_getByLocator)
12:52:32,429 INFO  [BrowserSelenium] (_getByLocator) -> Getting locator for null
12:52:32,429 INFO  [BrowserSelenium] (_getByLocator) -> Locator info found for XPATH attribute as: //a[@href='/jbilling/config/index']
12:52:32,429 INFO  [BrowserSelenium] ENTER --> (_parseElementOnXpath)
12:52:32,429 INFO  [BrowserSelenium] (_parseElementOnXpath) -> //a[@href='/jbilling/config/index'] is used
12:52:32,429 INFO  [BrowserSelenium] EXIT --> (_parseElementOnXpath)
12:52:32,430 INFO  [BrowserSelenium] EXIT --> (_getByLocator)
12:52:32,447 INFO  [BrowserSelenium] ENTER --> (_getByLocator)
12:52:32,447 INFO  [BrowserSelenium] (_getByLocator) -> Getting locator for null
12:52:32,447 INFO  [BrowserSelenium] (_getByLocator) -> Locator info found for XPATH attribute as: //a[@href='/jbilling/config/index']
12:52:32,447 INFO  [BrowserSelenium] ENTER --> (_parseElementOnXpath)
12:52:32,447 INFO  [BrowserSelenium] (_parseElementOnXpath) -> //a[@href='/jbilling/config/index'] is used
12:52:32,447 INFO  [BrowserSelenium] EXIT --> (_parseElementOnXpath)
12:52:32,447 INFO  [BrowserSelenium] EXIT --> (_getByLocator)
12:52:32,465 INFO  [BrowserSelenium] ENTER --> (_getByLocator)
12:52:32,465 INFO  [BrowserSelenium] (_getByLocator) -> Getting locator for null
12:52:32,465 INFO  [BrowserSelenium] (_getByLocator) -> Locator info found for XPATH attribute as: //a[@href='/jbilling/config/index']
12:52:32,465 INFO  [BrowserSelenium] ENTER --> (_parseElementOnXpath)
12:52:32,465 INFO  [BrowserSelenium] (_parseElementOnXpath) -> //a[@href='/jbilling/config/index'] is used
12:52:32,465 INFO  [BrowserSelenium] EXIT --> (_parseElementOnXpath)
12:52:32,465 INFO  [BrowserSelenium] EXIT --> (_getByLocator)
12:52:32,483 INFO  [BrowserSelenium] ENTER --> (_getByLocator)
12:52:32,483 INFO  [BrowserSelenium] (_getByLocator) -> Getting locator for null
12:52:32,483 INFO  [BrowserSelenium] (_getByLocator) -> Locator info found for XPATH attribute as: //a[@href='/jbilling/config/index']
12:52:32,483 INFO  [BrowserSelenium] ENTER --> (_parseElementOnXpath)
12:52:32,483 INFO  [BrowserSelenium] (_parseElementOnXpath) -> //a[@href='/jbilling/config/index'] is used
12:52:32,483 INFO  [BrowserSelenium] EXIT --> (_parseElementOnXpath)
12:52:32,484 INFO  [BrowserSelenium] EXIT --> (_getByLocator)
12:52:32,501 INFO  [BrowserSelenium] ENTER --> (_getByLocator)
12:52:32,501 INFO  [BrowserSelenium] (_getByLocator) -> Getting locator for null
12:52:32,501 INFO  [BrowserSelenium] (_getByLocator) -> Locator info found for XPATH attribute as: //a[@href='/jbilling/config/index']
12:52:32,501 INFO  [BrowserSelenium] ENTER --> (_parseElementOnXpath)
12:52:32,501 INFO  [BrowserSelenium] (_parseElementOnXpath) -> //a[@href='/jbilling/config/index'] is used
12:52:32,502 INFO  [BrowserSelenium] EXIT --> (_parseElementOnXpath)
12:52:32,502 INFO  [BrowserSelenium] EXIT --> (_getByLocator)
12:52:32,521 INFO  [BrowserSelenium] ENTER --> (_getByLocator)
12:52:32,522 INFO  [BrowserSelenium] (_getByLocator) -> Getting locator for null
12:52:32,522 INFO  [BrowserSelenium] (_getByLocator) -> Locator info found for XPATH attribute as: //a[@href='/jbilling/config/index']
12:52:32,522 INFO  [BrowserSelenium] ENTER --> (_parseElementOnXpath)
12:52:32,522 INFO  [BrowserSelenium] (_parseElementOnXpath) -> //a[@href='/jbilling/config/index'] is used
12:52:32,522 INFO  [BrowserSelenium] EXIT --> (_parseElementOnXpath)
12:52:32,522 INFO  [BrowserSelenium] EXIT --> (_getByLocator)
12:52:32,543 INFO  [BrowserSelenium] ENTER --> (_getByLocator)
12:52:32,543 INFO  [BrowserSelenium] (_getByLocator) -> Getting locator for null
12:52:32,543 INFO  [BrowserSelenium] (_getByLocator) -> Locator info found for XPATH attribute as: //a[@href='/jbilling/config/index']
12:52:32,543 INFO  [BrowserSelenium] ENTER --> (_parseElementOnXpath)
12:52:32,543 INFO  [BrowserSelenium] (_parseElementOnXpath) -> //a[@href='/jbilling/config/index'] is used
12:52:32,543 INFO  [BrowserSelenium] EXIT --> (_parseElementOnXpath)
12:52:32,544 INFO  [BrowserSelenium] EXIT --> (_getByLocator)
12:52:32,562 INFO  [BrowserSelenium] ENTER --> (_getByLocator)
12:52:32,563 INFO  [BrowserSelenium] (_getByLocator) -> Getting locator for null
12:52:32,563 INFO  [BrowserSelenium] (_getByLocator) -> Locator info found for XPATH attribute as: //a[@href='/jbilling/config/index']
12:52:32,563 INFO  [BrowserSelenium] ENTER --> (_parseElementOnXpath)
12:52:32,563 INFO  [BrowserSelenium] (_parseElementOnXpath) -> //a[@href='/jbilling/config/index'] is used
12:52:32,563 INFO  [BrowserSelenium] EXIT --> (_parseElementOnXpath)
12:52:32,563 INFO  [BrowserSelenium] EXIT --> (_getByLocator)
12:52:32,580 INFO  [BrowserSelenium] ENTER --> (_getByLocator)
12:52:32,580 INFO  [BrowserSelenium] (_getByLocator) -> Getting locator for null
12:52:32,580 INFO  [BrowserSelenium] (_getByLocator) -> Locator info found for XPATH attribute as: //a[@href='/jbilling/config/index']
12:52:32,581 INFO  [BrowserSelenium] ENTER --> (_parseElementOnXpath)
12:52:32,581 INFO  [BrowserSelenium] (_parseElementOnXpath) -> //a[@href='/jbilling/config/index'] is used
12:52:32,581 INFO  [BrowserSelenium] EXIT --> (_parseElementOnXpath)
12:52:32,581 INFO  [BrowserSelenium] EXIT --> (_getByLocator)
12:52:32,599 INFO  [BrowserSelenium] ENTER --> (_getByLocator)
12:52:32,599 INFO  [BrowserSelenium] (_getByLocator) -> Getting locator for null
12:52:32,599 INFO  [BrowserSelenium] (_getByLocator) -> Locator info found for XPATH attribute as: //a[@href='/jbilling/config/index']
12:52:32,599 INFO  [BrowserSelenium] ENTER --> (_parseElementOnXpath)
12:52:32,599 INFO  [BrowserSelenium] (_parseElementOnXpath) -> //a[@href='/jbilling/config/index'] is used
12:52:32,599 INFO  [BrowserSelenium] EXIT --> (_parseElementOnXpath)
12:52:32,599 INFO  [BrowserSelenium] EXIT --> (_getByLocator)
12:52:32,617 INFO  [BrowserSelenium] ENTER --> (_getByLocator)
12:52:32,617 INFO  [BrowserSelenium] (_getByLocator) -> Getting locator for null
12:52:32,617 INFO  [BrowserSelenium] (_getByLocator) -> Locator info found for XPATH attribute as: //a[@href='/jbilling/config/index']
12:52:32,617 INFO  [BrowserSelenium] ENTER --> (_parseElementOnXpath)
12:52:32,617 INFO  [BrowserSelenium] (_parseElementOnXpath) -> //a[@href='/jbilling/config/index'] is used
12:52:32,617 INFO  [BrowserSelenium] EXIT --> (_parseElementOnXpath)
12:52:32,617 INFO  [BrowserSelenium] EXIT --> (_getByLocator)
12:52:32,637 INFO  [BrowserSelenium] ENTER --> (_getByLocator)
12:52:32,638 INFO  [BrowserSelenium] (_getByLocator) -> Getting locator for null
12:52:32,638 INFO  [BrowserSelenium] (_getByLocator) -> Locator info found for XPATH attribute as: //a[@href='/jbilling/config/index']
12:52:32,638 INFO  [BrowserSelenium] ENTER --> (_parseElementOnXpath)
12:52:32,638 INFO  [BrowserSelenium] (_parseElementOnXpath) -> //a[@href='/jbilling/config/index'] is used
12:52:32,638 INFO  [BrowserSelenium] EXIT --> (_parseElementOnXpath)
12:52:32,638 INFO  [BrowserSelenium] EXIT --> (_getByLocator)
12:52:32,659 INFO  [BrowserSelenium] ENTER --> (_getByLocator)
12:52:32,659 INFO  [BrowserSelenium] (_getByLocator) -> Getting locator for null
12:52:32,659 INFO  [BrowserSelenium] (_getByLocator) -> Locator info found for XPATH attribute as: //a[@href='/jbilling/config/index']
12:52:32,659 INFO  [BrowserSelenium] ENTER --> (_parseElementOnXpath)
12:52:32,659 INFO  [BrowserSelenium] (_parseElementOnXpath) -> //a[@href='/jbilling/config/index'] is used
12:52:32,659 INFO  [BrowserSelenium] EXIT --> (_parseElementOnXpath)
12:52:32,659 INFO  [BrowserSelenium] EXIT --> (_getByLocator)
12:52:32,682 INFO  [BrowserSelenium] ENTER --> (_getByLocator)
12:52:32,682 INFO  [BrowserSelenium] (_getByLocator) -> Getting locator for null
12:52:32,682 INFO  [BrowserSelenium] (_getByLocator) -> Locator info found for XPATH attribute as: //a[@href='/jbilling/config/index']
12:52:32,682 INFO  [BrowserSelenium] ENTER --> (_parseElementOnXpath)
12:52:32,682 INFO  [BrowserSelenium] (_parseElementOnXpath) -> //a[@href='/jbilling/config/index'] is used
12:52:32,682 INFO  [BrowserSelenium] EXIT --> (_parseElementOnXpath)
12:52:32,683 INFO  [BrowserSelenium] EXIT --> (_getByLocator)
12:52:32,701 INFO  [BrowserSelenium] ENTER --> (_getByLocator)
12:52:32,701 INFO  [BrowserSelenium] (_getByLocator) -> Getting locator for null
12:52:32,701 INFO  [BrowserSelenium] (_getByLocator) -> Locator info found for XPATH attribute as: //a[@href='/jbilling/config/index']
12:52:32,701 INFO  [BrowserSelenium] ENTER --> (_parseElementOnXpath)
12:52:32,702 INFO  [BrowserSelenium] (_parseElementOnXpath) -> //a[@href='/jbilling/config/index'] is used
12:52:32,702 INFO  [BrowserSelenium] EXIT --> (_parseElementOnXpath)
12:52:32,702 INFO  [BrowserSelenium] EXIT --> (_getByLocator)
12:52:32,720 INFO  [BrowserSelenium] ENTER --> (_getByLocator)
12:52:32,720 INFO  [BrowserSelenium] (_getByLocator) -> Getting locator for null
12:52:32,720 INFO  [BrowserSelenium] (_getByLocator) -> Locator info found for XPATH attribute as: //a[@href='/jbilling/config/index']
12:52:32,720 INFO  [BrowserSelenium] ENTER --> (_parseElementOnXpath)
12:52:32,720 INFO  [BrowserSelenium] (_parseElementOnXpath) -> //a[@href='/jbilling/config/index'] is used
12:52:32,720 INFO  [BrowserSelenium] EXIT --> (_parseElementOnXpath)
12:52:32,720 INFO  [BrowserSelenium] EXIT --> (_getByLocator)
12:52:32,738 INFO  [BrowserSelenium] ENTER --> (_getByLocator)
12:52:32,738 INFO  [BrowserSelenium] (_getByLocator) -> Getting locator for null
12:52:32,739 INFO  [BrowserSelenium] (_getByLocator) -> Locator info found for XPATH attribute as: //a[@href='/jbilling/config/index']
12:52:32,739 INFO  [BrowserSelenium] ENTER --> (_parseElementOnXpath)
12:52:32,739 INFO  [BrowserSelenium] (_parseElementOnXpath) -> //a[@href='/jbilling/config/index'] is used
12:52:32,739 INFO  [BrowserSelenium] EXIT --> (_parseElementOnXpath)
12:52:32,739 INFO  [BrowserSelenium] EXIT --> (_getByLocator)
12:52:32,757 INFO  [BrowserSelenium] ENTER --> (_getByLocator)
12:52:32,757 INFO  [BrowserSelenium] (_getByLocator) -> Getting locator for null
12:52:32,757 INFO  [BrowserSelenium] (_getByLocator) -> Locator info found for XPATH attribute as: //a[@href='/jbilling/config/index']
12:52:32,757 INFO  [BrowserSelenium] ENTER --> (_parseElementOnXpath)
12:52:32,758 INFO  [BrowserSelenium] (_parseElementOnXpath) -> //a[@href='/jbilling/config/index'] is used
12:52:32,758 INFO  [BrowserSelenium] EXIT --> (_parseElementOnXpath)
12:52:32,758 INFO  [BrowserSelenium] EXIT --> (_getByLocator)
12:52:32,776 INFO  [BrowserSelenium] ENTER --> (_getByLocator)
12:52:32,776 INFO  [BrowserSelenium] (_getByLocator) -> Getting locator for null
12:52:32,776 INFO  [BrowserSelenium] (_getByLocator) -> Locator info found for XPATH attribute as: //a[@href='/jbilling/config/index']
12:52:32,776 INFO  [BrowserSelenium] ENTER --> (_parseElementOnXpath)
12:52:32,776 INFO  [BrowserSelenium] (_parseElementOnXpath) -> //a[@href='/jbilling/config/index'] is used
12:52:32,777 INFO  [BrowserSelenium] EXIT --> (_parseElementOnXpath)
12:52:32,777 INFO  [BrowserSelenium] EXIT --> (_getByLocator)
12:52:32,795 INFO  [BrowserSelenium] ENTER --> (_getByLocator)
12:52:32,795 INFO  [BrowserSelenium] (_getByLocator) -> Getting locator for null
12:52:32,795 INFO  [BrowserSelenium] (_getByLocator) -> Locator info found for XPATH attribute as: //a[@href='/jbilling/config/index']
12:52:32,795 INFO  [BrowserSelenium] ENTER --> (_parseElementOnXpath)
12:52:32,795 INFO  [BrowserSelenium] (_parseElementOnXpath) -> //a[@href='/jbilling/config/index'] is used
12:52:32,796 INFO  [BrowserSelenium] EXIT --> (_parseElementOnXpath)
12:52:32,796 INFO  [BrowserSelenium] EXIT --> (_getByLocator)
12:52:32,814 INFO  [BrowserSelenium] ENTER --> (_getByLocator)
12:52:32,814 INFO  [BrowserSelenium] (_getByLocator) -> Getting locator for null
12:52:32,814 INFO  [BrowserSelenium] (_getByLocator) -> Locator info found for XPATH attribute as: //a[@href='/jbilling/config/index']
12:52:32,814 INFO  [BrowserSelenium] ENTER --> (_parseElementOnXpath)
12:52:32,814 INFO  [BrowserSelenium] (_parseElementOnXpath) -> //a[@href='/jbilling/config/index'] is used
12:52:32,814 INFO  [BrowserSelenium] EXIT --> (_parseElementOnXpath)
12:52:32,814 INFO  [BrowserSelenium] EXIT --> (_getByLocator)
12:52:32,833 INFO  [BrowserSelenium] ENTER --> (_getByLocator)
12:52:32,834 INFO  [BrowserSelenium] (_getByLocator) -> Getting locator for null
12:52:32,834 INFO  [BrowserSelenium] (_getByLocator) -> Locator info found for XPATH attribute as: //a[@href='/jbilling/config/index']
12:52:32,834 INFO  [BrowserSelenium] ENTER --> (_parseElementOnXpath)
12:52:32,834 INFO  [BrowserSelenium] (_parseElementOnXpath) -> //a[@href='/jbilling/config/index'] is used
12:52:32,834 INFO  [BrowserSelenium] EXIT --> (_parseElementOnXpath)
12:52:32,834 INFO  [BrowserSelenium] EXIT --> (_getByLocator)
12:52:32,853 INFO  [BrowserSelenium] ENTER --> (_getByLocator)
12:52:32,853 INFO  [BrowserSelenium] (_getByLocator) -> Getting locator for null
12:52:32,853 INFO  [BrowserSelenium] (_getByLocator) -> Locator info found for XPATH attribute as: //a[@href='/jbilling/config/index']
12:52:32,853 INFO  [BrowserSelenium] ENTER --> (_parseElementOnXpath)
12:52:32,853 INFO  [BrowserSelenium] (_parseElementOnXpath) -> //a[@href='/jbilling/config/index'] is used
12:52:32,854 INFO  [BrowserSelenium] EXIT --> (_parseElementOnXpath)
12:52:32,854 INFO  [BrowserSelenium] EXIT --> (_getByLocator)
12:52:32,872 INFO  [BrowserSelenium] ENTER --> (_getByLocator)
12:52:32,872 INFO  [BrowserSelenium] (_getByLocator) -> Getting locator for null
12:52:32,872 INFO  [BrowserSelenium] (_getByLocator) -> Locator info found for XPATH attribute as: //a[@href='/jbilling/config/index']
12:52:32,872 INFO  [BrowserSelenium] ENTER --> (_parseElementOnXpath)
12:52:32,873 INFO  [BrowserSelenium] (_parseElementOnXpath) -> //a[@href='/jbilling/config/index'] is used
12:52:32,873 INFO  [BrowserSelenium] EXIT --> (_parseElementOnXpath)
12:52:32,873 INFO  [BrowserSelenium] EXIT --> (_getByLocator)
12:52:32,893 INFO  [BrowserSelenium] ENTER --> (_getByLocator)
12:52:32,893 INFO  [BrowserSelenium] (_getByLocator) -> Getting locator for null
12:52:32,893 INFO  [BrowserSelenium] (_getByLocator) -> Locator info found for XPATH attribute as: //a[@href='/jbilling/config/index']
12:52:32,894 INFO  [BrowserSelenium] ENTER --> (_parseElementOnXpath)
12:52:32,894 INFO  [BrowserSelenium] (_parseElementOnXpath) -> //a[@href='/jbilling/config/index'] is used
12:52:32,894 INFO  [BrowserSelenium] EXIT --> (_parseElementOnXpath)
12:52:32,894 INFO  [BrowserSelenium] EXIT --> (_getByLocator)
12:52:32,911 INFO  [BrowserSelenium] ENTER --> (_getByLocator)
12:52:32,911 INFO  [BrowserSelenium] (_getByLocator) -> Getting locator for null
12:52:32,912 INFO  [BrowserSelenium] (_getByLocator) -> Locator info found for XPATH attribute as: //a[@href='/jbilling/config/index']
12:52:32,912 INFO  [BrowserSelenium] ENTER --> (_parseElementOnXpath)
12:52:32,912 INFO  [BrowserSelenium] (_parseElementOnXpath) -> //a[@href='/jbilling/config/index'] is used
12:52:32,912 INFO  [BrowserSelenium] EXIT --> (_parseElementOnXpath)
12:52:32,912 INFO  [BrowserSelenium] EXIT --> (_getByLocator)
12:52:32,932 INFO  [BrowserSelenium] ENTER --> (_getByLocator)
12:52:32,932 INFO  [BrowserSelenium] (_getByLocator) -> Getting locator for null
12:52:32,932 INFO  [BrowserSelenium] (_getByLocator) -> Locator info found for XPATH attribute as: //a[@href='/jbilling/config/index']
12:52:32,932 INFO  [BrowserSelenium] ENTER --> (_parseElementOnXpath)
12:52:32,933 INFO  [BrowserSelenium] (_parseElementOnXpath) -> //a[@href='/jbilling/config/index'] is used
12:52:32,933 INFO  [BrowserSelenium] EXIT --> (_parseElementOnXpath)
12:52:32,933 INFO  [BrowserSelenium] EXIT --> (_getByLocator)
12:52:32,950 INFO  [BrowserSelenium] ENTER --> (_getByLocator)
12:52:32,950 INFO  [BrowserSelenium] (_getByLocator) -> Getting locator for null
12:52:32,950 INFO  [BrowserSelenium] (_getByLocator) -> Locator info found for XPATH attribute as: //a[@href='/jbilling/config/index']
12:52:32,951 INFO  [BrowserSelenium] ENTER --> (_parseElementOnXpath)
12:52:32,951 INFO  [BrowserSelenium] (_parseElementOnXpath) -> //a[@href='/jbilling/config/index'] is used
12:52:32,951 INFO  [BrowserSelenium] EXIT --> (_parseElementOnXpath)
12:52:32,951 INFO  [BrowserSelenium] EXIT --> (_getByLocator)
12:52:32,968 INFO  [BrowserSelenium] ENTER --> (_getByLocator)
12:52:32,968 INFO  [BrowserSelenium] (_getByLocator) -> Getting locator for null
12:52:32,969 INFO  [BrowserSelenium] (_getByLocator) -> Locator info found for XPATH attribute as: //a[@href='/jbilling/config/index']
12:52:32,969 INFO  [BrowserSelenium] ENTER --> (_parseElementOnXpath)
12:52:32,969 INFO  [BrowserSelenium] (_parseElementOnXpath) -> //a[@href='/jbilling/config/index'] is used
12:52:32,969 INFO  [BrowserSelenium] EXIT --> (_parseElementOnXpath)
12:52:32,969 INFO  [BrowserSelenium] EXIT --> (_getByLocator)
12:52:32,987 INFO  [BrowserSelenium] ENTER --> (_getByLocator)
12:52:32,988 INFO  [BrowserSelenium] (_getByLocator) -> Getting locator for null
12:52:32,988 INFO  [BrowserSelenium] (_getByLocator) -> Locator info found for XPATH attribute as: //a[@href='/jbilling/config/index']
12:52:32,988 INFO  [BrowserSelenium] ENTER --> (_parseElementOnXpath)
12:52:32,988 INFO  [BrowserSelenium] (_parseElementOnXpath) -> //a[@href='/jbilling/config/index'] is used
12:52:32,988 INFO  [BrowserSelenium] EXIT --> (_parseElementOnXpath)
12:52:32,988 INFO  [BrowserSelenium] EXIT --> (_getByLocator)
12:52:33,005 INFO  [BrowserSelenium] ENTER --> (_getByLocator)
12:52:33,005 INFO  [BrowserSelenium] (_getByLocator) -> Getting locator for null
12:52:33,005 INFO  [BrowserSelenium] (_getByLocator) -> Locator info found for XPATH attribute as: //a[@href='/jbilling/config/index']
12:52:33,005 INFO  [BrowserSelenium] ENTER --> (_parseElementOnXpath)
12:52:33,006 INFO  [BrowserSelenium] (_parseElementOnXpath) -> //a[@href='/jbilling/config/index'] is used
12:52:33,006 INFO  [BrowserSelenium] EXIT --> (_parseElementOnXpath)
12:52:33,006 INFO  [BrowserSelenium] EXIT --> (_getByLocator)
12:52:33,024 INFO  [BrowserSelenium] ENTER --> (_getByLocator)
12:52:33,024 INFO  [BrowserSelenium] (_getByLocator) -> Getting locator for null
12:52:33,024 INFO  [BrowserSelenium] (_getByLocator) -> Locator info found for XPATH attribute as: //a[@href='/jbilling/config/index']
12:52:33,025 INFO  [BrowserSelenium] ENTER --> (_parseElementOnXpath)
12:52:33,025 INFO  [BrowserSelenium] (_parseElementOnXpath) -> //a[@href='/jbilling/config/index'] is used
12:52:33,025 INFO  [BrowserSelenium] EXIT --> (_parseElementOnXpath)
12:52:33,025 INFO  [BrowserSelenium] EXIT --> (_getByLocator)
12:52:33,043 INFO  [BrowserSelenium] ENTER --> (_getByLocator)
12:52:33,043 INFO  [BrowserSelenium] (_getByLocator) -> Getting locator for null
12:52:33,044 INFO  [BrowserSelenium] (_getByLocator) -> Locator info found for XPATH attribute as: //a[@href='/jbilling/config/index']
12:52:33,044 INFO  [BrowserSelenium] ENTER --> (_parseElementOnXpath)
12:52:33,044 INFO  [BrowserSelenium] (_parseElementOnXpath) -> //a[@href='/jbilling/config/index'] is used
12:52:33,044 INFO  [BrowserSelenium] EXIT --> (_parseElementOnXpath)
12:52:33,044 INFO  [BrowserSelenium] EXIT --> (_getByLocator)
12:52:33,066 INFO  [BrowserSelenium] ENTER --> (_getByLocator)
12:52:33,066 INFO  [BrowserSelenium] (_getByLocator) -> Getting locator for null
12:52:33,066 INFO  [BrowserSelenium] (_getByLocator) -> Locator info found for XPATH attribute as: //a[@href='/jbilling/config/index']
12:52:33,066 INFO  [BrowserSelenium] ENTER --> (_parseElementOnXpath)
12:52:33,067 INFO  [BrowserSelenium] (_parseElementOnXpath) -> //a[@href='/jbilling/config/index'] is used
12:52:33,067 INFO  [BrowserSelenium] EXIT --> (_parseElementOnXpath)
12:52:33,067 INFO  [BrowserSelenium] EXIT --> (_getByLocator)
12:52:33,084 INFO  [BrowserSelenium] ENTER --> (_getByLocator)
12:52:33,085 INFO  [BrowserSelenium] (_getByLocator) -> Getting locator for null
12:52:33,085 INFO  [BrowserSelenium] (_getByLocator) -> Locator info found for XPATH attribute as: //a[@href='/jbilling/config/index']
12:52:33,085 INFO  [BrowserSelenium] ENTER --> (_parseElementOnXpath)
12:52:33,085 INFO  [BrowserSelenium] (_parseElementOnXpath) -> //a[@href='/jbilling/config/index'] is used
12:52:33,085 INFO  [BrowserSelenium] EXIT --> (_parseElementOnXpath)
12:52:33,085 INFO  [BrowserSelenium] EXIT --> (_getByLocator)
12:52:33,103 INFO  [BrowserSelenium] ENTER --> (_getByLocator)
12:52:33,103 INFO  [BrowserSelenium] (_getByLocator) -> Getting locator for null
12:52:33,103 INFO  [BrowserSelenium] (_getByLocator) -> Locator info found for XPATH attribute as: //a[@href='/jbilling/config/index']
12:52:33,103 INFO  [BrowserSelenium] ENTER --> (_parseElementOnXpath)
12:52:33,103 INFO  [BrowserSelenium] (_parseElementOnXpath) -> //a[@href='/jbilling/config/index'] is used
12:52:33,104 INFO  [BrowserSelenium] EXIT --> (_parseElementOnXpath)
12:52:33,104 INFO  [BrowserSelenium] EXIT --> (_getByLocator)
12:52:33,125 INFO  [BrowserSelenium] ENTER --> (_getByLocator)
12:52:33,125 INFO  [BrowserSelenium] (_getByLocator) -> Getting locator for null
12:52:33,126 INFO  [BrowserSelenium] (_getByLocator) -> Locator info found for XPATH attribute as: //a[@href='/jbilling/config/index']
12:52:33,126 INFO  [BrowserSelenium] ENTER --> (_parseElementOnXpath)
12:52:33,126 INFO  [BrowserSelenium] (_parseElementOnXpath) -> //a[@href='/jbilling/config/index'] is used
12:52:33,126 INFO  [BrowserSelenium] EXIT --> (_parseElementOnXpath)
12:52:33,126 INFO  [BrowserSelenium] EXIT --> (_getByLocator)
12:52:33,144 INFO  [BrowserSelenium] ENTER --> (_getByLocator)
12:52:33,144 INFO  [BrowserSelenium] (_getByLocator) -> Getting locator for null
12:52:33,144 INFO  [BrowserSelenium] (_getByLocator) -> Locator info found for XPATH attribute as: //a[@href='/jbilling/config/index']
12:52:33,144 INFO  [BrowserSelenium] ENTER --> (_parseElementOnXpath)
12:52:33,144 INFO  [BrowserSelenium] (_parseElementOnXpath) -> //a[@href='/jbilling/config/index'] is used
12:52:33,145 INFO  [BrowserSelenium] EXIT --> (_parseElementOnXpath)
12:52:33,145 INFO  [BrowserSelenium] EXIT --> (_getByLocator)
12:52:33,162 INFO  [BrowserSelenium] ENTER --> (_getByLocator)
12:52:33,163 INFO  [BrowserSelenium] (_getByLocator) -> Getting locator for null
12:52:33,163 INFO  [BrowserSelenium] (_getByLocator) -> Locator info found for XPATH attribute as: //a[@href='/jbilling/config/index']
12:52:33,163 INFO  [BrowserSelenium] ENTER --> (_parseElementOnXpath)
12:52:33,163 INFO  [BrowserSelenium] (_parseElementOnXpath) -> //a[@href='/jbilling/config/index'] is used
12:52:33,163 INFO  [BrowserSelenium] EXIT --> (_parseElementOnXpath)
12:52:33,163 INFO  [BrowserSelenium] EXIT --> (_getByLocator)
12:52:33,182 INFO  [BrowserSelenium] ENTER --> (_getByLocator)
12:52:33,182 INFO  [BrowserSelenium] (_getByLocator) -> Getting locator for null
12:52:33,182 INFO  [BrowserSelenium] (_getByLocator) -> Locator info found for XPATH attribute as: //a[@href='/jbilling/config/index']
12:52:33,182 INFO  [BrowserSelenium] ENTER --> (_parseElementOnXpath)
12:52:33,182 INFO  [BrowserSelenium] (_parseElementOnXpath) -> //a[@href='/jbilling/config/index'] is used
12:52:33,183 INFO  [BrowserSelenium] EXIT --> (_parseElementOnXpath)
12:52:33,183 INFO  [BrowserSelenium] EXIT --> (_getByLocator)
12:52:33,201 INFO  [BrowserSelenium] ENTER --> (_getByLocator)
12:52:33,201 INFO  [BrowserSelenium] (_getByLocator) -> Getting locator for null
12:52:33,202 INFO  [BrowserSelenium] (_getByLocator) -> Locator info found for XPATH attribute as: //a[@href='/jbilling/config/index']
12:52:33,202 INFO  [BrowserSelenium] ENTER --> (_parseElementOnXpath)
12:52:33,202 INFO  [BrowserSelenium] (_parseElementOnXpath) -> //a[@href='/jbilling/config/index'] is used
12:52:33,202 INFO  [BrowserSelenium] EXIT --> (_parseElementOnXpath)
12:52:33,202 INFO  [BrowserSelenium] EXIT --> (_getByLocator)
12:52:33,220 INFO  [BrowserSelenium] ENTER --> (_getByLocator)
12:52:33,220 INFO  [BrowserSelenium] (_getByLocator) -> Getting locator for null
12:52:33,220 INFO  [BrowserSelenium] (_getByLocator) -> Locator info found for XPATH attribute as: //a[@href='/jbilling/config/index']
12:52:33,220 INFO  [BrowserSelenium] ENTER --> (_parseElementOnXpath)
12:52:33,220 INFO  [BrowserSelenium] (_parseElementOnXpath) -> //a[@href='/jbilling/config/index'] is used
12:52:33,220 INFO  [BrowserSelenium] EXIT --> (_parseElementOnXpath)
12:52:33,221 INFO  [BrowserSelenium] EXIT --> (_getByLocator)
12:52:33,239 INFO  [BrowserSelenium] ENTER --> (_getByLocator)
12:52:33,239 INFO  [BrowserSelenium] (_getByLocator) -> Getting locator for null
12:52:33,239 INFO  [BrowserSelenium] (_getByLocator) -> Locator info found for XPATH attribute as: //a[@href='/jbilling/config/index']
12:52:33,239 INFO  [BrowserSelenium] ENTER --> (_parseElementOnXpath)
12:52:33,240 INFO  [BrowserSelenium] (_parseElementOnXpath) -> //a[@href='/jbilling/config/index'] is used
12:52:33,240 INFO  [BrowserSelenium] EXIT --> (_parseElementOnXpath)
12:52:33,240 INFO  [BrowserSelenium] EXIT --> (_getByLocator)
12:52:33,257 INFO  [BrowserSelenium] ENTER --> (_getByLocator)
12:52:33,258 INFO  [BrowserSelenium] (_getByLocator) -> Getting locator for null
12:52:33,258 INFO  [BrowserSelenium] (_getByLocator) -> Locator info found for XPATH attribute as: //a[@href='/jbilling/config/index']
12:52:33,258 INFO  [BrowserSelenium] ENTER --> (_parseElementOnXpath)
12:52:33,258 INFO  [BrowserSelenium] (_parseElementOnXpath) -> //a[@href='/jbilling/config/index'] is used
12:52:33,258 INFO  [BrowserSelenium] EXIT --> (_parseElementOnXpath)
12:52:33,258 INFO  [BrowserSelenium] EXIT --> (_getByLocator)
12:52:33,276 INFO  [BrowserSelenium] ENTER --> (_getByLocator)
12:52:33,276 INFO  [BrowserSelenium] (_getByLocator) -> Getting locator for null
12:52:33,276 INFO  [BrowserSelenium] (_getByLocator) -> Locator info found for XPATH attribute as: //a[@href='/jbilling/config/index']
12:52:33,276 INFO  [BrowserSelenium] ENTER --> (_parseElementOnXpath)
12:52:33,276 INFO  [BrowserSelenium] (_parseElementOnXpath) -> //a[@href='/jbilling/config/index'] is used
12:52:33,277 INFO  [BrowserSelenium] EXIT --> (_parseElementOnXpath)
12:52:33,277 INFO  [BrowserSelenium] EXIT --> (_getByLocator)
12:52:33,295 INFO  [BrowserSelenium] ENTER --> (_getByLocator)
12:52:33,296 INFO  [BrowserSelenium] (_getByLocator) -> Getting locator for null
12:52:33,296 INFO  [BrowserSelenium] (_getByLocator) -> Locator info found for XPATH attribute as: //a[@href='/jbilling/config/index']
12:52:33,296 INFO  [BrowserSelenium] ENTER --> (_parseElementOnXpath)
12:52:33,296 INFO  [BrowserSelenium] (_parseElementOnXpath) -> //a[@href='/jbilling/config/index'] is used
12:52:33,297 INFO  [BrowserSelenium] EXIT --> (_parseElementOnXpath)
12:52:33,297 INFO  [BrowserSelenium] EXIT --> (_getByLocator)
12:52:33,313 INFO  [BrowserSelenium] ENTER --> (_getByLocator)
12:52:33,314 INFO  [BrowserSelenium] (_getByLocator) -> Getting locator for null
12:52:33,314 INFO  [BrowserSelenium] (_getByLocator) -> Locator info found for XPATH attribute as: //a[@href='/jbilling/config/index']
12:52:33,314 INFO  [BrowserSelenium] ENTER --> (_parseElementOnXpath)
12:52:33,314 INFO  [BrowserSelenium] (_parseElementOnXpath) -> //a[@href='/jbilling/config/index'] is used
12:52:33,314 INFO  [BrowserSelenium] EXIT --> (_parseElementOnXpath)
12:52:33,314 INFO  [BrowserSelenium] EXIT --> (_getByLocator)
12:52:33,334 INFO  [BrowserSelenium] ENTER --> (_getByLocator)
12:52:33,334 INFO  [BrowserSelenium] (_getByLocator) -> Getting locator for null
12:52:33,335 INFO  [BrowserSelenium] (_getByLocator) -> Locator info found for XPATH attribute as: //a[@href='/jbilling/config/index']
12:52:33,335 INFO  [BrowserSelenium] ENTER --> (_parseElementOnXpath)
12:52:33,335 INFO  [BrowserSelenium] (_parseElementOnXpath) -> //a[@href='/jbilling/config/index'] is used
12:52:33,335 INFO  [BrowserSelenium] EXIT --> (_parseElementOnXpath)
12:52:33,335 INFO  [BrowserSelenium] EXIT --> (_getByLocator)
12:52:33,352 INFO  [BrowserSelenium] ENTER --> (_getByLocator)
12:52:33,353 INFO  [BrowserSelenium] (_getByLocator) -> Getting locator for null
12:52:33,353 INFO  [BrowserSelenium] (_getByLocator) -> Locator info found for XPATH attribute as: //a[@href='/jbilling/config/index']
12:52:33,353 INFO  [BrowserSelenium] ENTER --> (_parseElementOnXpath)
12:52:33,353 INFO  [BrowserSelenium] (_parseElementOnXpath) -> //a[@href='/jbilling/config/index'] is used
12:52:33,353 INFO  [BrowserSelenium] EXIT --> (_parseElementOnXpath)
12:52:33,353 INFO  [BrowserSelenium] EXIT --> (_getByLocator)
12:52:33,372 INFO  [BrowserSelenium] ENTER --> (_getByLocator)
12:52:33,372 INFO  [BrowserSelenium] (_getByLocator) -> Getting locator for null
12:52:33,372 INFO  [BrowserSelenium] (_getByLocator) -> Locator info found for XPATH attribute as: //a[@href='/jbilling/config/index']
12:52:33,372 INFO  [BrowserSelenium] ENTER --> (_parseElementOnXpath)
12:52:33,373 INFO  [BrowserSelenium] (_parseElementOnXpath) -> //a[@href='/jbilling/config/index'] is used
12:52:33,373 INFO  [BrowserSelenium] EXIT --> (_parseElementOnXpath)
12:52:33,373 INFO  [BrowserSelenium] EXIT --> (_getByLocator)
12:52:33,389 INFO  [BrowserSelenium] ENTER --> (_getByLocator)
12:52:33,389 INFO  [BrowserSelenium] (_getByLocator) -> Getting locator for null
12:52:33,389 INFO  [BrowserSelenium] (_getByLocator) -> Locator info found for XPATH attribute as: //a[@href='/jbilling/config/index']
12:52:33,389 INFO  [BrowserSelenium] ENTER --> (_parseElementOnXpath)
12:52:33,390 INFO  [BrowserSelenium] (_parseElementOnXpath) -> //a[@href='/jbilling/config/index'] is used
12:52:33,390 INFO  [BrowserSelenium] EXIT --> (_parseElementOnXpath)
12:52:33,390 INFO  [BrowserSelenium] EXIT --> (_getByLocator)
12:52:33,407 INFO  [BrowserSelenium] ENTER --> (_getByLocator)
12:52:33,407 INFO  [BrowserSelenium] (_getByLocator) -> Getting locator for null
12:52:33,407 INFO  [BrowserSelenium] (_getByLocator) -> Locator info found for XPATH attribute as: //a[@href='/jbilling/config/index']
12:52:33,407 INFO  [BrowserSelenium] ENTER --> (_parseElementOnXpath)
12:52:33,407 INFO  [BrowserSelenium] (_parseElementOnXpath) -> //a[@href='/jbilling/config/index'] is used
12:52:33,408 INFO  [BrowserSelenium] EXIT --> (_parseElementOnXpath)
12:52:33,408 INFO  [BrowserSelenium] EXIT --> (_getByLocator)
12:52:33,428 INFO  [BrowserSelenium] ENTER --> (_getByLocator)
12:52:33,428 INFO  [BrowserSelenium] (_getByLocator) -> Getting locator for null
12:52:33,428 INFO  [BrowserSelenium] (_getByLocator) -> Locator info found for XPATH attribute as: //a[@href='/jbilling/config/index']
12:52:33,428 INFO  [BrowserSelenium] ENTER --> (_parseElementOnXpath)
12:52:33,428 INFO  [BrowserSelenium] (_parseElementOnXpath) -> //a[@href='/jbilling/config/index'] is used
12:52:33,429 INFO  [BrowserSelenium] EXIT --> (_parseElementOnXpath)
12:52:33,429 INFO  [BrowserSelenium] EXIT --> (_getByLocator)
12:52:33,447 INFO  [BrowserSelenium] ENTER --> (_getByLocator)
12:52:33,447 INFO  [BrowserSelenium] (_getByLocator) -> Getting locator for null
12:52:33,447 INFO  [BrowserSelenium] (_getByLocator) -> Locator info found for XPATH attribute as: //a[@href='/jbilling/config/index']
12:52:33,447 INFO  [BrowserSelenium] ENTER --> (_parseElementOnXpath)
12:52:33,448 INFO  [BrowserSelenium] (_parseElementOnXpath) -> //a[@href='/jbilling/config/index'] is used
12:52:33,448 INFO  [BrowserSelenium] EXIT --> (_parseElementOnXpath)
12:52:33,448 INFO  [BrowserSelenium] EXIT --> (_getByLocator)
12:52:33,465 INFO  [BrowserSelenium] ENTER --> (_getByLocator)
12:52:33,466 INFO  [BrowserSelenium] (_getByLocator) -> Getting locator for null
12:52:33,466 INFO  [BrowserSelenium] (_getByLocator) -> Locator info found for XPATH attribute as: //a[@href='/jbilling/config/index']
12:52:33,466 INFO  [BrowserSelenium] ENTER --> (_parseElementOnXpath)
12:52:33,466 INFO  [BrowserSelenium] (_parseElementOnXpath) -> //a[@href='/jbilling/config/index'] is used
12:52:33,466 INFO  [BrowserSelenium] EXIT --> (_parseElementOnXpath)
12:52:33,466 INFO  [BrowserSelenium] EXIT --> (_getByLocator)
12:52:33,484 INFO  [BrowserSelenium] ENTER --> (_getByLocator)
12:52:33,485 INFO  [BrowserSelenium] (_getByLocator) -> Getting locator for null
12:52:33,485 INFO  [BrowserSelenium] (_getByLocator) -> Locator info found for XPATH attribute as: //a[@href='/jbilling/config/index']
12:52:33,485 INFO  [BrowserSelenium] ENTER --> (_parseElementOnXpath)
12:52:33,485 INFO  [BrowserSelenium] (_parseElementOnXpath) -> //a[@href='/jbilling/config/index'] is used
12:52:33,485 INFO  [BrowserSelenium] EXIT --> (_parseElementOnXpath)
12:52:33,486 INFO  [BrowserSelenium] EXIT --> (_getByLocator)
12:52:33,503 INFO  [BrowserSelenium] ENTER --> (_getByLocator)
12:52:33,504 INFO  [BrowserSelenium] (_getByLocator) -> Getting locator for null
12:52:33,504 INFO  [BrowserSelenium] (_getByLocator) -> Locator info found for XPATH attribute as: //a[@href='/jbilling/config/index']
12:52:33,504 INFO  [BrowserSelenium] ENTER --> (_parseElementOnXpath)
12:52:33,504 INFO  [BrowserSelenium] (_parseElementOnXpath) -> //a[@href='/jbilling/config/index'] is used
12:52:33,505 INFO  [BrowserSelenium] EXIT --> (_parseElementOnXpath)
12:52:33,505 INFO  [BrowserSelenium] EXIT --> (_getByLocator)
12:52:33,522 INFO  [BrowserSelenium] ENTER --> (_getByLocator)
12:52:33,522 INFO  [BrowserSelenium] (_getByLocator) -> Getting locator for null
12:52:33,523 INFO  [BrowserSelenium] (_getByLocator) -> Locator info found for XPATH attribute as: //a[@href='/jbilling/config/index']
12:52:33,523 INFO  [BrowserSelenium] ENTER --> (_parseElementOnXpath)
12:52:33,523 INFO  [BrowserSelenium] (_parseElementOnXpath) -> //a[@href='/jbilling/config/index'] is used
12:52:33,523 INFO  [BrowserSelenium] EXIT --> (_parseElementOnXpath)
12:52:33,523 INFO  [BrowserSelenium] EXIT --> (_getByLocator)
12:52:33,541 INFO  [BrowserSelenium] ENTER --> (_getByLocator)
12:52:33,541 INFO  [BrowserSelenium] (_getByLocator) -> Getting locator for null
12:52:33,541 INFO  [BrowserSelenium] (_getByLocator) -> Locator info found for XPATH attribute as: //a[@href='/jbilling/config/index']
12:52:33,541 INFO  [BrowserSelenium] ENTER --> (_parseElementOnXpath)
12:52:33,541 INFO  [BrowserSelenium] (_parseElementOnXpath) -> //a[@href='/jbilling/config/index'] is used
12:52:33,542 INFO  [BrowserSelenium] EXIT --> (_parseElementOnXpath)
12:52:33,542 INFO  [BrowserSelenium] EXIT --> (_getByLocator)
12:52:33,559 INFO  [BrowserSelenium] ENTER --> (_getByLocator)
12:52:33,559 INFO  [BrowserSelenium] (_getByLocator) -> Getting locator for null
12:52:33,559 INFO  [BrowserSelenium] (_getByLocator) -> Locator info found for XPATH attribute as: //a[@href='/jbilling/config/index']
12:52:33,559 INFO  [BrowserSelenium] ENTER --> (_parseElementOnXpath)
12:52:33,560 INFO  [BrowserSelenium] (_parseElementOnXpath) -> //a[@href='/jbilling/config/index'] is used
12:52:33,560 INFO  [BrowserSelenium] EXIT --> (_parseElementOnXpath)
12:52:33,560 INFO  [BrowserSelenium] EXIT --> (_getByLocator)
12:52:33,577 INFO  [BrowserSelenium] ENTER --> (_getByLocator)
12:52:33,578 INFO  [BrowserSelenium] (_getByLocator) -> Getting locator for null
12:52:33,578 INFO  [BrowserSelenium] (_getByLocator) -> Locator info found for XPATH attribute as: //a[@href='/jbilling/config/index']
12:52:33,578 INFO  [BrowserSelenium] ENTER --> (_parseElementOnXpath)
12:52:33,578 INFO  [BrowserSelenium] (_parseElementOnXpath) -> //a[@href='/jbilling/config/index'] is used
12:52:33,578 INFO  [BrowserSelenium] EXIT --> (_parseElementOnXpath)
12:52:33,578 INFO  [BrowserSelenium] EXIT --> (_getByLocator)
12:52:33,597 INFO  [BrowserSelenium] ENTER --> (_getByLocator)
12:52:33,598 INFO  [BrowserSelenium] (_getByLocator) -> Getting locator for null
12:52:33,598 INFO  [BrowserSelenium] (_getByLocator) -> Locator info found for XPATH attribute as: //a[@href='/jbilling/config/index']
12:52:33,598 INFO  [BrowserSelenium] ENTER --> (_parseElementOnXpath)
12:52:33,598 INFO  [BrowserSelenium] (_parseElementOnXpath) -> //a[@href='/jbilling/config/index'] is used
12:52:33,598 INFO  [BrowserSelenium] EXIT --> (_parseElementOnXpath)
12:52:33,599 INFO  [BrowserSelenium] EXIT --> (_getByLocator)
12:52:33,616 INFO  [BrowserSelenium] ENTER --> (_getByLocator)
12:52:33,616 INFO  [BrowserSelenium] (_getByLocator) -> Getting locator for null
12:52:33,616 INFO  [BrowserSelenium] (_getByLocator) -> Locator info found for XPATH attribute as: //a[@href='/jbilling/config/index']
12:52:33,617 INFO  [BrowserSelenium] ENTER --> (_parseElementOnXpath)
12:52:33,617 INFO  [BrowserSelenium] (_parseElementOnXpath) -> //a[@href='/jbilling/config/index'] is used
12:52:33,617 INFO  [BrowserSelenium] EXIT --> (_parseElementOnXpath)
12:52:33,617 INFO  [BrowserSelenium] EXIT --> (_getByLocator)
12:52:33,635 INFO  [BrowserSelenium] ENTER --> (_getByLocator)
12:52:33,635 INFO  [BrowserSelenium] (_getByLocator) -> Getting locator for null
12:52:33,635 INFO  [BrowserSelenium] (_getByLocator) -> Locator info found for XPATH attribute as: //a[@href='/jbilling/config/index']
12:52:33,636 INFO  [BrowserSelenium] ENTER --> (_parseElementOnXpath)
12:52:33,636 INFO  [BrowserSelenium] (_parseElementOnXpath) -> //a[@href='/jbilling/config/index'] is used
12:52:33,636 INFO  [BrowserSelenium] EXIT --> (_parseElementOnXpath)
12:52:33,636 INFO  [BrowserSelenium] EXIT --> (_getByLocator)
12:52:33,653 INFO  [BrowserSelenium] ENTER --> (_getByLocator)
12:52:33,653 INFO  [BrowserSelenium] (_getByLocator) -> Getting locator for null
12:52:33,653 INFO  [BrowserSelenium] (_getByLocator) -> Locator info found for XPATH attribute as: //a[@href='/jbilling/config/index']
12:52:33,653 INFO  [BrowserSelenium] ENTER --> (_parseElementOnXpath)
12:52:33,654 INFO  [BrowserSelenium] (_parseElementOnXpath) -> //a[@href='/jbilling/config/index'] is used
12:52:33,654 INFO  [BrowserSelenium] EXIT --> (_parseElementOnXpath)
12:52:33,654 INFO  [BrowserSelenium] EXIT --> (_getByLocator)
12:52:33,673 INFO  [BrowserSelenium] ENTER --> (_getByLocator)
12:52:33,673 INFO  [BrowserSelenium] (_getByLocator) -> Getting locator for null
12:52:33,673 INFO  [BrowserSelenium] (_getByLocator) -> Locator info found for XPATH attribute as: //a[@href='/jbilling/config/index']
12:52:33,673 INFO  [BrowserSelenium] ENTER --> (_parseElementOnXpath)
12:52:33,674 INFO  [BrowserSelenium] (_parseElementOnXpath) -> //a[@href='/jbilling/config/index'] is used
12:52:33,674 INFO  [BrowserSelenium] EXIT --> (_parseElementOnXpath)
12:52:33,674 INFO  [BrowserSelenium] EXIT --> (_getByLocator)
12:52:33,694 INFO  [BrowserSelenium] ENTER --> (_getByLocator)
12:52:33,694 INFO  [BrowserSelenium] (_getByLocator) -> Getting locator for null
12:52:33,694 INFO  [BrowserSelenium] (_getByLocator) -> Locator info found for XPATH attribute as: //a[@href='/jbilling/config/index']
12:52:33,695 INFO  [BrowserSelenium] ENTER --> (_parseElementOnXpath)
12:52:33,695 INFO  [BrowserSelenium] (_parseElementOnXpath) -> //a[@href='/jbilling/config/index'] is used
12:52:33,695 INFO  [BrowserSelenium] EXIT --> (_parseElementOnXpath)
12:52:33,695 INFO  [BrowserSelenium] EXIT --> (_getByLocator)
12:52:33,715 INFO  [BrowserSelenium] ENTER --> (_getByLocator)
12:52:33,715 INFO  [BrowserSelenium] (_getByLocator) -> Getting locator for null
12:52:33,715 INFO  [BrowserSelenium] (_getByLocator) -> Locator info found for XPATH attribute as: //a[@href='/jbilling/config/index']
12:52:33,715 INFO  [BrowserSelenium] ENTER --> (_parseElementOnXpath)
12:52:33,715 INFO  [BrowserSelenium] (_parseElementOnXpath) -> //a[@href='/jbilling/config/index'] is used
12:52:33,715 INFO  [BrowserSelenium] EXIT --> (_parseElementOnXpath)
12:52:33,715 INFO  [BrowserSelenium] EXIT --> (_getByLocator)
12:52:33,740 INFO  [BrowserSelenium] ENTER --> (_getByLocator)
12:52:33,740 INFO  [BrowserSelenium] (_getByLocator) -> Getting locator for null
12:52:33,740 INFO  [BrowserSelenium] (_getByLocator) -> Locator info found for XPATH attribute as: //a[@href='/jbilling/config/index']
12:52:33,740 INFO  [BrowserSelenium] ENTER --> (_parseElementOnXpath)
12:52:33,740 INFO  [BrowserSelenium] (_parseElementOnXpath) -> //a[@href='/jbilling/config/index'] is used
12:52:33,740 INFO  [BrowserSelenium] EXIT --> (_parseElementOnXpath)
12:52:33,741 INFO  [BrowserSelenium] EXIT --> (_getByLocator)
12:52:33,763 INFO  [BrowserSelenium] ENTER --> (_getByLocator)
12:52:33,763 INFO  [BrowserSelenium] (_getByLocator) -> Getting locator for null
12:52:33,763 INFO  [BrowserSelenium] (_getByLocator) -> Locator info found for XPATH attribute as: //a[@href='/jbilling/config/index']
12:52:33,763 INFO  [BrowserSelenium] ENTER --> (_parseElementOnXpath)
12:52:33,763 INFO  [BrowserSelenium] (_parseElementOnXpath) -> //a[@href='/jbilling/config/index'] is used
12:52:33,763 INFO  [BrowserSelenium] EXIT --> (_parseElementOnXpath)
12:52:33,764 INFO  [BrowserSelenium] EXIT --> (_getByLocator)
12:52:33,785 INFO  [BrowserSelenium] ENTER --> (_getByLocator)
12:52:33,785 INFO  [BrowserSelenium] (_getByLocator) -> Getting locator for null
12:52:33,785 INFO  [BrowserSelenium] (_getByLocator) -> Locator info found for XPATH attribute as: //a[@href='/jbilling/config/index']
12:52:33,785 INFO  [BrowserSelenium] ENTER --> (_parseElementOnXpath)
12:52:33,785 INFO  [BrowserSelenium] (_parseElementOnXpath) -> //a[@href='/jbilling/config/index'] is used
12:52:33,785 INFO  [BrowserSelenium] EXIT --> (_parseElementOnXpath)
12:52:33,786 INFO  [BrowserSelenium] EXIT --> (_getByLocator)
12:52:33,805 INFO  [BrowserSelenium] ENTER --> (_getByLocator)
12:52:33,806 INFO  [BrowserSelenium] (_getByLocator) -> Getting locator for null
12:52:33,806 INFO  [BrowserSelenium] (_getByLocator) -> Locator info found for XPATH attribute as: //a[@href='/jbilling/config/index']
12:52:33,806 INFO  [BrowserSelenium] ENTER --> (_parseElementOnXpath)
12:52:33,806 INFO  [BrowserSelenium] (_parseElementOnXpath) -> //a[@href='/jbilling/config/index'] is used
12:52:33,806 INFO  [BrowserSelenium] EXIT --> (_parseElementOnXpath)
12:52:33,806 INFO  [BrowserSelenium] EXIT --> (_getByLocator)
12:52:33,826 INFO  [BrowserSelenium] ENTER --> (_getByLocator)
12:52:33,826 INFO  [BrowserSelenium] (_getByLocator) -> Getting locator for null
12:52:33,826 INFO  [BrowserSelenium] (_getByLocator) -> Locator info found for XPATH attribute as: //a[@href='/jbilling/config/index']
12:52:33,826 INFO  [BrowserSelenium] ENTER --> (_parseElementOnXpath)
12:52:33,826 INFO  [BrowserSelenium] (_parseElementOnXpath) -> //a[@href='/jbilling/config/index'] is used
12:52:33,826 INFO  [BrowserSelenium] EXIT --> (_parseElementOnXpath)
12:52:33,826 INFO  [BrowserSelenium] EXIT --> (_getByLocator)
12:52:33,845 INFO  [BrowserSelenium] ENTER --> (_getByLocator)
12:52:33,845 INFO  [BrowserSelenium] (_getByLocator) -> Getting locator for null
12:52:33,845 INFO  [BrowserSelenium] (_getByLocator) -> Locator info found for XPATH attribute as: //a[@href='/jbilling/config/index']
12:52:33,846 INFO  [BrowserSelenium] ENTER --> (_parseElementOnXpath)
12:52:33,846 INFO  [BrowserSelenium] (_parseElementOnXpath) -> //a[@href='/jbilling/config/index'] is used
12:52:33,846 INFO  [BrowserSelenium] EXIT --> (_parseElementOnXpath)
12:52:33,846 INFO  [BrowserSelenium] EXIT --> (_getByLocator)
12:52:33,868 INFO  [BrowserSelenium] ENTER --> (_getByLocator)
12:52:33,869 INFO  [BrowserSelenium] (_getByLocator) -> Getting locator for null
12:52:33,869 INFO  [BrowserSelenium] (_getByLocator) -> Locator info found for XPATH attribute as: //a[@href='/jbilling/config/index']
12:52:33,869 INFO  [BrowserSelenium] ENTER --> (_parseElementOnXpath)
12:52:33,869 INFO  [BrowserSelenium] (_parseElementOnXpath) -> //a[@href='/jbilling/config/index'] is used
12:52:33,869 INFO  [BrowserSelenium] EXIT --> (_parseElementOnXpath)
12:52:33,869 INFO  [BrowserSelenium] EXIT --> (_getByLocator)
12:52:33,889 INFO  [BrowserSelenium] ENTER --> (_getByLocator)
12:52:33,889 INFO  [BrowserSelenium] (_getByLocator) -> Getting locator for null
12:52:33,889 INFO  [BrowserSelenium] (_getByLocator) -> Locator info found for XPATH attribute as: //a[@href='/jbilling/config/index']
12:52:33,889 INFO  [BrowserSelenium] ENTER --> (_parseElementOnXpath)
12:52:33,889 INFO  [BrowserSelenium] (_parseElementOnXpath) -> //a[@href='/jbilling/config/index'] is used
12:52:33,889 INFO  [BrowserSelenium] EXIT --> (_parseElementOnXpath)
12:52:33,890 INFO  [BrowserSelenium] EXIT --> (_getByLocator)
12:52:33,911 INFO  [BrowserSelenium] ENTER --> (_getByLocator)
12:52:33,911 INFO  [BrowserSelenium] (_getByLocator) -> Getting locator for null
12:52:33,911 INFO  [BrowserSelenium] (_getByLocator) -> Locator info found for XPATH attribute as: //a[@href='/jbilling/config/index']
12:52:33,911 INFO  [BrowserSelenium] ENTER --> (_parseElementOnXpath)
12:52:33,912 INFO  [BrowserSelenium] (_parseElementOnXpath) -> //a[@href='/jbilling/config/index'] is used
12:52:33,912 INFO  [BrowserSelenium] EXIT --> (_parseElementOnXpath)
12:52:33,912 INFO  [BrowserSelenium] EXIT --> (_getByLocator)
12:52:33,931 INFO  [BrowserSelenium] ENTER --> (_getByLocator)
12:52:33,932 INFO  [BrowserSelenium] (_getByLocator) -> Getting locator for null
12:52:33,932 INFO  [BrowserSelenium] (_getByLocator) -> Locator info found for XPATH attribute as: //a[@href='/jbilling/config/index']
12:52:33,932 INFO  [BrowserSelenium] ENTER --> (_parseElementOnXpath)
12:52:33,932 INFO  [BrowserSelenium] (_parseElementOnXpath) -> //a[@href='/jbilling/config/index'] is used
12:52:33,932 INFO  [BrowserSelenium] EXIT --> (_parseElementOnXpath)
12:52:33,932 INFO  [BrowserSelenium] EXIT --> (_getByLocator)
12:52:33,950 INFO  [BrowserSelenium] ENTER --> (_getByLocator)
12:52:33,950 INFO  [BrowserSelenium] (_getByLocator) -> Getting locator for null
12:52:33,950 INFO  [BrowserSelenium] (_getByLocator) -> Locator info found for XPATH attribute as: //a[@href='/jbilling/config/index']
12:52:33,950 INFO  [BrowserSelenium] ENTER --> (_parseElementOnXpath)
12:52:33,950 INFO  [BrowserSelenium] (_parseElementOnXpath) -> //a[@href='/jbilling/config/index'] is used
12:52:33,951 INFO  [BrowserSelenium] EXIT --> (_parseElementOnXpath)
12:52:33,951 INFO  [BrowserSelenium] EXIT --> (_getByLocator)
12:52:33,971 INFO  [BrowserSelenium] ENTER --> (_getByLocator)
12:52:33,971 INFO  [BrowserSelenium] (_getByLocator) -> Getting locator for null
12:52:33,971 INFO  [BrowserSelenium] (_getByLocator) -> Locator info found for XPATH attribute as: //a[@href='/jbilling/config/index']
12:52:33,971 INFO  [BrowserSelenium] ENTER --> (_parseElementOnXpath)
12:52:33,971 INFO  [BrowserSelenium] (_parseElementOnXpath) -> //a[@href='/jbilling/config/index'] is used
12:52:33,971 INFO  [BrowserSelenium] EXIT --> (_parseElementOnXpath)
12:52:33,972 INFO  [BrowserSelenium] EXIT --> (_getByLocator)
12:52:33,991 INFO  [BrowserSelenium] ENTER --> (_getByLocator)
12:52:33,992 INFO  [BrowserSelenium] (_getByLocator) -> Getting locator for null
12:52:33,992 INFO  [BrowserSelenium] (_getByLocator) -> Locator info found for XPATH attribute as: //a[@href='/jbilling/config/index']
12:52:33,992 INFO  [BrowserSelenium] ENTER --> (_parseElementOnXpath)
12:52:33,992 INFO  [BrowserSelenium] (_parseElementOnXpath) -> //a[@href='/jbilling/config/index'] is used
12:52:33,992 INFO  [BrowserSelenium] EXIT --> (_parseElementOnXpath)
12:52:33,993 INFO  [BrowserSelenium] EXIT --> (_getByLocator)
12:52:34,012 INFO  [BrowserSelenium] ENTER --> (_getByLocator)
12:52:34,012 INFO  [BrowserSelenium] (_getByLocator) -> Getting locator for null
12:52:34,012 INFO  [BrowserSelenium] (_getByLocator) -> Locator info found for XPATH attribute as: //a[@href='/jbilling/config/index']
12:52:34,012 INFO  [BrowserSelenium] ENTER --> (_parseElementOnXpath)
12:52:34,013 INFO  [BrowserSelenium] (_parseElementOnXpath) -> //a[@href='/jbilling/config/index'] is used
12:52:34,013 INFO  [BrowserSelenium] EXIT --> (_parseElementOnXpath)
12:52:34,013 INFO  [BrowserSelenium] EXIT --> (_getByLocator)
12:52:34,033 INFO  [BrowserSelenium] ENTER --> (_getByLocator)
12:52:34,033 INFO  [BrowserSelenium] (_getByLocator) -> Getting locator for null
12:52:34,033 INFO  [BrowserSelenium] (_getByLocator) -> Locator info found for XPATH attribute as: //a[@href='/jbilling/config/index']
12:52:34,033 INFO  [BrowserSelenium] ENTER --> (_parseElementOnXpath)
12:52:34,033 INFO  [BrowserSelenium] (_parseElementOnXpath) -> //a[@href='/jbilling/config/index'] is used
12:52:34,033 INFO  [BrowserSelenium] EXIT --> (_parseElementOnXpath)
12:52:34,034 INFO  [BrowserSelenium] EXIT --> (_getByLocator)
12:52:34,050 INFO  [BrowserSelenium] ENTER --> (_getByLocator)
12:52:34,050 INFO  [BrowserSelenium] (_getByLocator) -> Getting locator for null
12:52:34,050 INFO  [BrowserSelenium] (_getByLocator) -> Locator info found for XPATH attribute as: //a[@href='/jbilling/config/index']
12:52:34,051 INFO  [BrowserSelenium] ENTER --> (_parseElementOnXpath)
12:52:34,051 INFO  [BrowserSelenium] (_parseElementOnXpath) -> //a[@href='/jbilling/config/index'] is used
12:52:34,051 INFO  [BrowserSelenium] EXIT --> (_parseElementOnXpath)
12:52:34,051 INFO  [BrowserSelenium] EXIT --> (_getByLocator)
12:52:34,068 INFO  [BrowserSelenium] ENTER --> (_getByLocator)
12:52:34,068 INFO  [BrowserSelenium] (_getByLocator) -> Getting locator for null
12:52:34,068 INFO  [BrowserSelenium] (_getByLocator) -> Locator info found for XPATH attribute as: //a[@href='/jbilling/config/index']
12:52:34,068 INFO  [BrowserSelenium] ENTER --> (_parseElementOnXpath)
12:52:34,068 INFO  [BrowserSelenium] (_parseElementOnXpath) -> //a[@href='/jbilling/config/index'] is used
12:52:34,069 INFO  [BrowserSelenium] EXIT --> (_parseElementOnXpath)
12:52:34,069 INFO  [BrowserSelenium] EXIT --> (_getByLocator)
12:52:34,085 INFO  [BrowserSelenium] ENTER --> (_getByLocator)
12:52:34,085 INFO  [BrowserSelenium] (_getByLocator) -> Getting locator for null
12:52:34,086 INFO  [BrowserSelenium] (_getByLocator) -> Locator info found for XPATH attribute as: //a[@href='/jbilling/config/index']
12:52:34,086 INFO  [BrowserSelenium] ENTER --> (_parseElementOnXpath)
12:52:34,086 INFO  [BrowserSelenium] (_parseElementOnXpath) -> //a[@href='/jbilling/config/index'] is used
12:52:34,086 INFO  [BrowserSelenium] EXIT --> (_parseElementOnXpath)
12:52:34,086 INFO  [BrowserSelenium] EXIT --> (_getByLocator)
12:52:34,103 INFO  [BrowserSelenium] ENTER --> (_getByLocator)
12:52:34,103 INFO  [BrowserSelenium] (_getByLocator) -> Getting locator for null
12:52:34,103 INFO  [BrowserSelenium] (_getByLocator) -> Locator info found for XPATH attribute as: //a[@href='/jbilling/config/index']
12:52:34,103 INFO  [BrowserSelenium] ENTER --> (_parseElementOnXpath)
12:52:34,103 INFO  [BrowserSelenium] (_parseElementOnXpath) -> //a[@href='/jbilling/config/index'] is used
12:52:34,104 INFO  [BrowserSelenium] EXIT --> (_parseElementOnXpath)
12:52:34,104 INFO  [BrowserSelenium] EXIT --> (_getByLocator)
12:52:34,121 INFO  [BrowserSelenium] ENTER --> (_getByLocator)
12:52:34,122 INFO  [BrowserSelenium] (_getByLocator) -> Getting locator for null
12:52:34,122 INFO  [BrowserSelenium] (_getByLocator) -> Locator info found for XPATH attribute as: //a[@href='/jbilling/config/index']
12:52:34,122 INFO  [BrowserSelenium] ENTER --> (_parseElementOnXpath)
12:52:34,122 INFO  [BrowserSelenium] (_parseElementOnXpath) -> //a[@href='/jbilling/config/index'] is used
12:52:34,122 INFO  [BrowserSelenium] EXIT --> (_parseElementOnXpath)
12:52:34,122 INFO  [BrowserSelenium] EXIT --> (_getByLocator)
12:52:34,143 INFO  [BrowserSelenium] ENTER --> (_getByLocator)
12:52:34,143 INFO  [BrowserSelenium] (_getByLocator) -> Getting locator for null
12:52:34,143 INFO  [BrowserSelenium] (_getByLocator) -> Locator info found for XPATH attribute as: //a[@href='/jbilling/config/index']
12:52:34,143 INFO  [BrowserSelenium] ENTER --> (_parseElementOnXpath)
12:52:34,143 INFO  [BrowserSelenium] (_parseElementOnXpath) -> //a[@href='/jbilling/config/index'] is used
12:52:34,144 INFO  [BrowserSelenium] EXIT --> (_parseElementOnXpath)
12:52:34,144 INFO  [BrowserSelenium] EXIT --> (_getByLocator)
12:52:34,162 INFO  [BrowserSelenium] ENTER --> (_getByLocator)
12:52:34,162 INFO  [BrowserSelenium] (_getByLocator) -> Getting locator for null
12:52:34,162 INFO  [BrowserSelenium] (_getByLocator) -> Locator info found for XPATH attribute as: //a[@href='/jbilling/config/index']
12:52:34,162 INFO  [BrowserSelenium] ENTER --> (_parseElementOnXpath)
12:52:34,163 INFO  [BrowserSelenium] (_parseElementOnXpath) -> //a[@href='/jbilling/config/index'] is used
12:52:34,163 INFO  [BrowserSelenium] EXIT --> (_parseElementOnXpath)
12:52:34,163 INFO  [BrowserSelenium] EXIT --> (_getByLocator)
12:52:34,185 INFO  [BrowserSelenium] ENTER --> (_getByLocator)
12:52:34,185 INFO  [BrowserSelenium] (_getByLocator) -> Getting locator for null
12:52:34,186 INFO  [BrowserSelenium] (_getByLocator) -> Locator info found for XPATH attribute as: //a[@href='/jbilling/config/index']
12:52:34,186 INFO  [BrowserSelenium] ENTER --> (_parseElementOnXpath)
12:52:34,186 INFO  [BrowserSelenium] (_parseElementOnXpath) -> //a[@href='/jbilling/config/index'] is used
12:52:34,186 INFO  [BrowserSelenium] EXIT --> (_parseElementOnXpath)
12:52:34,186 INFO  [BrowserSelenium] EXIT --> (_getByLocator)
12:52:34,205 INFO  [BrowserSelenium] ENTER --> (_getByLocator)
12:52:34,205 INFO  [BrowserSelenium] (_getByLocator) -> Getting locator for null
12:52:34,205 INFO  [BrowserSelenium] (_getByLocator) -> Locator info found for XPATH attribute as: //a[@href='/jbilling/config/index']
12:52:34,205 INFO  [BrowserSelenium] ENTER --> (_parseElementOnXpath)
12:52:34,206 INFO  [BrowserSelenium] (_parseElementOnXpath) -> //a[@href='/jbilling/config/index'] is used
12:52:34,206 INFO  [BrowserSelenium] EXIT --> (_parseElementOnXpath)
12:52:34,206 INFO  [BrowserSelenium] EXIT --> (_getByLocator)
12:52:34,223 INFO  [BrowserSelenium] ENTER --> (_getByLocator)
12:52:34,223 INFO  [BrowserSelenium] (_getByLocator) -> Getting locator for null
12:52:34,224 INFO  [BrowserSelenium] (_getByLocator) -> Locator info found for XPATH attribute as: //a[@href='/jbilling/config/index']
12:52:34,224 INFO  [BrowserSelenium] ENTER --> (_parseElementOnXpath)
12:52:34,224 INFO  [BrowserSelenium] (_parseElementOnXpath) -> //a[@href='/jbilling/config/index'] is used
12:52:34,224 INFO  [BrowserSelenium] EXIT --> (_parseElementOnXpath)
12:52:34,224 INFO  [BrowserSelenium] EXIT --> (_getByLocator)
12:52:34,243 INFO  [BrowserSelenium] ENTER --> (_getByLocator)
12:52:34,244 INFO  [BrowserSelenium] (_getByLocator) -> Getting locator for null
12:52:34,244 INFO  [BrowserSelenium] (_getByLocator) -> Locator info found for XPATH attribute as: //a[@href='/jbilling/config/index']
12:52:34,244 INFO  [BrowserSelenium] ENTER --> (_parseElementOnXpath)
12:52:34,244 INFO  [BrowserSelenium] (_parseElementOnXpath) -> //a[@href='/jbilling/config/index'] is used
12:52:34,244 INFO  [BrowserSelenium] EXIT --> (_parseElementOnXpath)
12:52:34,244 INFO  [BrowserSelenium] EXIT --> (_getByLocator)
12:52:34,266 INFO  [BrowserSelenium] ENTER --> (_getByLocator)
12:52:34,266 INFO  [BrowserSelenium] (_getByLocator) -> Getting locator for null
12:52:34,267 INFO  [BrowserSelenium] (_getByLocator) -> Locator info found for XPATH attribute as: //a[@href='/jbilling/config/index']
12:52:34,267 INFO  [BrowserSelenium] ENTER --> (_parseElementOnXpath)
12:52:34,267 INFO  [BrowserSelenium] (_parseElementOnXpath) -> //a[@href='/jbilling/config/index'] is used
12:52:34,267 INFO  [BrowserSelenium] EXIT --> (_parseElementOnXpath)
12:52:34,267 INFO  [BrowserSelenium] EXIT --> (_getByLocator)
12:52:34,287 INFO  [BrowserSelenium] ENTER --> (_getByLocator)
12:52:34,287 INFO  [BrowserSelenium] (_getByLocator) -> Getting locator for null
12:52:34,287 INFO  [BrowserSelenium] (_getByLocator) -> Locator info found for XPATH attribute as: //a[@href='/jbilling/config/index']
12:52:34,287 INFO  [BrowserSelenium] ENTER --> (_parseElementOnXpath)
12:52:34,287 INFO  [BrowserSelenium] (_parseElementOnXpath) -> //a[@href='/jbilling/config/index'] is used
12:52:34,288 INFO  [BrowserSelenium] EXIT --> (_parseElementOnXpath)
12:52:34,288 INFO  [BrowserSelenium] EXIT --> (_getByLocator)
12:52:34,308 INFO  [BrowserSelenium] ENTER --> (_getByLocator)
12:52:34,309 INFO  [BrowserSelenium] (_getByLocator) -> Getting locator for null
12:52:34,309 INFO  [BrowserSelenium] (_getByLocator) -> Locator info found for XPATH attribute as: //a[@href='/jbilling/config/index']
12:52:34,309 INFO  [BrowserSelenium] ENTER --> (_parseElementOnXpath)
12:52:34,309 INFO  [BrowserSelenium] (_parseElementOnXpath) -> //a[@href='/jbilling/config/index'] is used
12:52:34,309 INFO  [BrowserSelenium] EXIT --> (_parseElementOnXpath)
12:52:34,309 INFO  [BrowserSelenium] EXIT --> (_getByLocator)
12:52:34,326 INFO  [BrowserSelenium] ENTER --> (_getByLocator)
12:52:34,327 INFO  [BrowserSelenium] (_getByLocator) -> Getting locator for null
12:52:34,327 INFO  [BrowserSelenium] (_getByLocator) -> Locator info found for XPATH attribute as: //a[@href='/jbilling/config/index']
12:52:34,327 INFO  [BrowserSelenium] ENTER --> (_parseElementOnXpath)
12:52:34,327 INFO  [BrowserSelenium] (_parseElementOnXpath) -> //a[@href='/jbilling/config/index'] is used
12:52:34,327 INFO  [BrowserSelenium] EXIT --> (_parseElementOnXpath)
12:52:34,327 INFO  [BrowserSelenium] EXIT --> (_getByLocator)
12:52:34,345 INFO  [BrowserSelenium] ENTER --> (_getByLocator)
12:52:34,345 INFO  [BrowserSelenium] (_getByLocator) -> Getting locator for null
12:52:34,345 INFO  [BrowserSelenium] (_getByLocator) -> Locator info found for XPATH attribute as: //a[@href='/jbilling/config/index']
12:52:34,345 INFO  [BrowserSelenium] ENTER --> (_parseElementOnXpath)
12:52:34,345 INFO  [BrowserSelenium] (_parseElementOnXpath) -> //a[@href='/jbilling/config/index'] is used
12:52:34,345 INFO  [BrowserSelenium] EXIT --> (_parseElementOnXpath)
12:52:34,345 INFO  [BrowserSelenium] EXIT --> (_getByLocator)
12:52:34,363 INFO  [BrowserSelenium] ENTER --> (_getByLocator)
12:52:34,363 INFO  [BrowserSelenium] (_getByLocator) -> Getting locator for null
12:52:34,363 INFO  [BrowserSelenium] (_getByLocator) -> Locator info found for XPATH attribute as: //a[@href='/jbilling/config/index']
12:52:34,363 INFO  [BrowserSelenium] ENTER --> (_parseElementOnXpath)
12:52:34,363 INFO  [BrowserSelenium] (_parseElementOnXpath) -> //a[@href='/jbilling/config/index'] is used
12:52:34,363 INFO  [BrowserSelenium] EXIT --> (_parseElementOnXpath)
12:52:34,364 INFO  [BrowserSelenium] EXIT --> (_getByLocator)
12:52:34,381 INFO  [BrowserSelenium] ENTER --> (_getByLocator)
12:52:34,381 INFO  [BrowserSelenium] (_getByLocator) -> Getting locator for null
12:52:34,382 INFO  [BrowserSelenium] (_getByLocator) -> Locator info found for XPATH attribute as: //a[@href='/jbilling/config/index']
12:52:34,382 INFO  [BrowserSelenium] ENTER --> (_parseElementOnXpath)
12:52:34,382 INFO  [BrowserSelenium] (_parseElementOnXpath) -> //a[@href='/jbilling/config/index'] is used
12:52:34,382 INFO  [BrowserSelenium] EXIT --> (_parseElementOnXpath)
12:52:34,382 INFO  [BrowserSelenium] EXIT --> (_getByLocator)
12:52:34,399 INFO  [BrowserSelenium] ENTER --> (_getByLocator)
12:52:34,400 INFO  [BrowserSelenium] (_getByLocator) -> Getting locator for null
12:52:34,400 INFO  [BrowserSelenium] (_getByLocator) -> Locator info found for XPATH attribute as: //a[@href='/jbilling/config/index']
12:52:34,400 INFO  [BrowserSelenium] ENTER --> (_parseElementOnXpath)
12:52:34,400 INFO  [BrowserSelenium] (_parseElementOnXpath) -> //a[@href='/jbilling/config/index'] is used
12:52:34,400 INFO  [BrowserSelenium] EXIT --> (_parseElementOnXpath)
12:52:34,400 INFO  [BrowserSelenium] EXIT --> (_getByLocator)
12:52:34,417 INFO  [BrowserSelenium] ENTER --> (_getByLocator)
12:52:34,417 INFO  [BrowserSelenium] (_getByLocator) -> Getting locator for null
12:52:34,417 INFO  [BrowserSelenium] (_getByLocator) -> Locator info found for XPATH attribute as: //a[@href='/jbilling/config/index']
12:52:34,417 INFO  [BrowserSelenium] ENTER --> (_parseElementOnXpath)
12:52:34,417 INFO  [BrowserSelenium] (_parseElementOnXpath) -> //a[@href='/jbilling/config/index'] is used
12:52:34,417 INFO  [BrowserSelenium] EXIT --> (_parseElementOnXpath)
12:52:34,418 INFO  [BrowserSelenium] EXIT --> (_getByLocator)
12:52:34,436 INFO  [BrowserSelenium] ENTER --> (_getByLocator)
12:52:34,436 INFO  [BrowserSelenium] (_getByLocator) -> Getting locator for null
12:52:34,436 INFO  [BrowserSelenium] (_getByLocator) -> Locator info found for XPATH attribute as: //a[@href='/jbilling/config/index']
12:52:34,437 INFO  [BrowserSelenium] ENTER --> (_parseElementOnXpath)
12:52:34,437 INFO  [BrowserSelenium] (_parseElementOnXpath) -> //a[@href='/jbilling/config/index'] is used
12:52:34,437 INFO  [BrowserSelenium] EXIT --> (_parseElementOnXpath)
12:52:34,437 INFO  [BrowserSelenium] EXIT --> (_getByLocator)
12:52:34,456 INFO  [BrowserSelenium] ENTER --> (_getByLocator)
12:52:34,456 INFO  [BrowserSelenium] (_getByLocator) -> Getting locator for null
12:52:34,456 INFO  [BrowserSelenium] (_getByLocator) -> Locator info found for XPATH attribute as: //a[@href='/jbilling/config/index']
12:52:34,456 INFO  [BrowserSelenium] ENTER --> (_parseElementOnXpath)
12:52:34,456 INFO  [BrowserSelenium] (_parseElementOnXpath) -> //a[@href='/jbilling/config/index'] is used
12:52:34,456 INFO  [BrowserSelenium] EXIT --> (_parseElementOnXpath)
12:52:34,457 INFO  [BrowserSelenium] EXIT --> (_getByLocator)
12:52:34,474 INFO  [BrowserSelenium] ENTER --> (_getByLocator)
12:52:34,474 INFO  [BrowserSelenium] (_getByLocator) -> Getting locator for null
12:52:34,474 INFO  [BrowserSelenium] (_getByLocator) -> Locator info found for XPATH attribute as: //a[@href='/jbilling/config/index']
12:52:34,474 INFO  [BrowserSelenium] ENTER --> (_parseElementOnXpath)
12:52:34,474 INFO  [BrowserSelenium] (_parseElementOnXpath) -> //a[@href='/jbilling/config/index'] is used
12:52:34,475 INFO  [BrowserSelenium] EXIT --> (_parseElementOnXpath)
12:52:34,475 INFO  [BrowserSelenium] EXIT --> (_getByLocator)
12:52:34,497 INFO  [BrowserSelenium] ENTER --> (_getByLocator)
12:52:34,497 INFO  [BrowserSelenium] (_getByLocator) -> Getting locator for null
12:52:34,497 INFO  [BrowserSelenium] (_getByLocator) -> Locator info found for XPATH attribute as: //a[@href='/jbilling/config/index']
12:52:34,498 INFO  [BrowserSelenium] ENTER --> (_parseElementOnXpath)
12:52:34,498 INFO  [BrowserSelenium] (_parseElementOnXpath) -> //a[@href='/jbilling/config/index'] is used
12:52:34,498 INFO  [BrowserSelenium] EXIT --> (_parseElementOnXpath)
12:52:34,498 INFO  [BrowserSelenium] EXIT --> (_getByLocator)
12:52:34,519 INFO  [BrowserSelenium] ENTER --> (_getByLocator)
12:52:34,519 INFO  [BrowserSelenium] (_getByLocator) -> Getting locator for null
12:52:34,519 INFO  [BrowserSelenium] (_getByLocator) -> Locator info found for XPATH attribute as: //a[@href='/jbilling/config/index']
12:52:34,519 INFO  [BrowserSelenium] ENTER --> (_parseElementOnXpath)
12:52:34,520 INFO  [BrowserSelenium] (_parseElementOnXpath) -> //a[@href='/jbilling/config/index'] is used
12:52:34,520 INFO  [BrowserSelenium] EXIT --> (_parseElementOnXpath)
12:52:34,520 INFO  [BrowserSelenium] EXIT --> (_getByLocator)
12:52:34,544 INFO  [BrowserSelenium] ENTER --> (_getByLocator)
12:52:34,544 INFO  [BrowserSelenium] (_getByLocator) -> Getting locator for null
12:52:34,544 INFO  [BrowserSelenium] (_getByLocator) -> Locator info found for XPATH attribute as: //a[@href='/jbilling/config/index']
12:52:34,544 INFO  [BrowserSelenium] ENTER --> (_parseElementOnXpath)
12:52:34,544 INFO  [BrowserSelenium] (_parseElementOnXpath) -> //a[@href='/jbilling/config/index'] is used
12:52:34,544 INFO  [BrowserSelenium] EXIT --> (_parseElementOnXpath)
12:52:34,544 INFO  [BrowserSelenium] EXIT --> (_getByLocator)
12:52:34,561 INFO  [BrowserSelenium] ENTER --> (_getByLocator)
12:52:34,561 INFO  [BrowserSelenium] (_getByLocator) -> Getting locator for null
12:52:34,561 INFO  [BrowserSelenium] (_getByLocator) -> Locator info found for XPATH attribute as: //a[@href='/jbilling/config/index']
12:52:34,561 INFO  [BrowserSelenium] ENTER --> (_parseElementOnXpath)
12:52:34,561 INFO  [BrowserSelenium] (_parseElementOnXpath) -> //a[@href='/jbilling/config/index'] is used
12:52:34,561 INFO  [BrowserSelenium] EXIT --> (_parseElementOnXpath)
12:52:34,561 INFO  [BrowserSelenium] EXIT --> (_getByLocator)
12:52:34,578 INFO  [BrowserSelenium] ENTER --> (_getByLocator)
12:52:34,578 INFO  [BrowserSelenium] (_getByLocator) -> Getting locator for null
12:52:34,578 INFO  [BrowserSelenium] (_getByLocator) -> Locator info found for XPATH attribute as: //a[@href='/jbilling/config/index']
12:52:34,578 INFO  [BrowserSelenium] ENTER --> (_parseElementOnXpath)
12:52:34,579 INFO  [BrowserSelenium] (_parseElementOnXpath) -> //a[@href='/jbilling/config/index'] is used
12:52:34,579 INFO  [BrowserSelenium] EXIT --> (_parseElementOnXpath)
12:52:34,579 INFO  [BrowserSelenium] EXIT --> (_getByLocator)
12:52:34,596 INFO  [BrowserSelenium] ENTER --> (_getByLocator)
12:52:34,596 INFO  [BrowserSelenium] (_getByLocator) -> Getting locator for null
12:52:34,596 INFO  [BrowserSelenium] (_getByLocator) -> Locator info found for XPATH attribute as: //a[@href='/jbilling/config/index']
12:52:34,596 INFO  [BrowserSelenium] ENTER --> (_parseElementOnXpath)
12:52:34,596 INFO  [BrowserSelenium] (_parseElementOnXpath) -> //a[@href='/jbilling/config/index'] is used
12:52:34,597 INFO  [BrowserSelenium] EXIT --> (_parseElementOnXpath)
12:52:34,597 INFO  [BrowserSelenium] EXIT --> (_getByLocator)
12:52:34,614 INFO  [BrowserSelenium] ENTER --> (_getByLocator)
12:52:34,614 INFO  [BrowserSelenium] (_getByLocator) -> Getting locator for null
12:52:34,614 INFO  [BrowserSelenium] (_getByLocator) -> Locator info found for XPATH attribute as: //a[@href='/jbilling/config/index']
12:52:34,614 INFO  [BrowserSelenium] ENTER --> (_parseElementOnXpath)
12:52:34,614 INFO  [BrowserSelenium] (_parseElementOnXpath) -> //a[@href='/jbilling/config/index'] is used
12:52:34,614 INFO  [BrowserSelenium] EXIT --> (_parseElementOnXpath)
12:52:34,615 INFO  [BrowserSelenium] EXIT --> (_getByLocator)
12:52:35,036 INFO  [BrowserSelenium] ENTER --> (_getByLocator)
12:52:35,037 INFO  [BrowserSelenium] (_getByLocator) -> Getting locator for null
12:52:35,037 INFO  [BrowserSelenium] (_getByLocator) -> Locator info found for XPATH attribute as: //a[@href='/jbilling/config/index']
12:52:35,037 INFO  [BrowserSelenium] ENTER --> (_parseElementOnXpath)
12:52:35,037 INFO  [BrowserSelenium] (_parseElementOnXpath) -> //a[@href='/jbilling/config/index'] is used
12:52:35,037 INFO  [BrowserSelenium] EXIT --> (_parseElementOnXpath)
12:52:35,037 INFO  [BrowserSelenium] EXIT --> (_getByLocator)
12:52:35,058 INFO  [BrowserSelenium] ENTER --> (_getByLocator)
12:52:35,058 INFO  [BrowserSelenium] (_getByLocator) -> Getting locator for null
12:52:35,058 INFO  [BrowserSelenium] (_getByLocator) -> Locator info found for XPATH attribute as: //a[@href='/jbilling/config/index']
12:52:35,058 INFO  [BrowserSelenium] ENTER --> (_parseElementOnXpath)
12:52:35,059 INFO  [BrowserSelenium] (_parseElementOnXpath) -> //a[@href='/jbilling/config/index'] is used
12:52:35,059 INFO  [BrowserSelenium] EXIT --> (_parseElementOnXpath)
12:52:35,059 INFO  [BrowserSelenium] EXIT --> (_getByLocator)
12:52:35,079 INFO  [BrowserSelenium] ENTER --> (_getByLocator)
12:52:35,079 INFO  [BrowserSelenium] (_getByLocator) -> Getting locator for null
12:52:35,079 INFO  [BrowserSelenium] (_getByLocator) -> Locator info found for XPATH attribute as: //a[@href='/jbilling/config/index']
12:52:35,079 INFO  [BrowserSelenium] ENTER --> (_parseElementOnXpath)
12:52:35,079 INFO  [BrowserSelenium] (_parseElementOnXpath) -> //a[@href='/jbilling/config/index'] is used
12:52:35,079 INFO  [BrowserSelenium] EXIT --> (_parseElementOnXpath)
12:52:35,079 INFO  [BrowserSelenium] EXIT --> (_getByLocator)
12:52:35,099 INFO  [BrowserSelenium] ENTER --> (_getByLocator)
12:52:35,099 INFO  [BrowserSelenium] (_getByLocator) -> Getting locator for null
12:52:35,099 INFO  [BrowserSelenium] (_getByLocator) -> Locator info found for XPATH attribute as: //a[@href='/jbilling/config/index']
12:52:35,100 INFO  [BrowserSelenium] ENTER --> (_parseElementOnXpath)
12:52:35,100 INFO  [BrowserSelenium] (_parseElementOnXpath) -> //a[@href='/jbilling/config/index'] is used
12:52:35,100 INFO  [BrowserSelenium] EXIT --> (_parseElementOnXpath)
12:52:35,100 INFO  [BrowserSelenium] EXIT --> (_getByLocator)
12:52:35,119 INFO  [BrowserSelenium] ENTER --> (_getByLocator)
12:52:35,119 INFO  [BrowserSelenium] (_getByLocator) -> Getting locator for null
12:52:35,119 INFO  [BrowserSelenium] (_getByLocator) -> Locator info found for XPATH attribute as: //a[@href='/jbilling/config/index']
12:52:35,119 INFO  [BrowserSelenium] ENTER --> (_parseElementOnXpath)
12:52:35,119 INFO  [BrowserSelenium] (_parseElementOnXpath) -> //a[@href='/jbilling/config/index'] is used
12:52:35,119 INFO  [BrowserSelenium] EXIT --> (_parseElementOnXpath)
12:52:35,119 INFO  [BrowserSelenium] EXIT --> (_getByLocator)
12:52:35,139 INFO  [BrowserSelenium] ENTER --> (_getByLocator)
12:52:35,139 INFO  [BrowserSelenium] (_getByLocator) -> Getting locator for null
12:52:35,139 INFO  [BrowserSelenium] (_getByLocator) -> Locator info found for XPATH attribute as: //a[@href='/jbilling/config/index']
12:52:35,139 INFO  [BrowserSelenium] ENTER --> (_parseElementOnXpath)
12:52:35,139 INFO  [BrowserSelenium] (_parseElementOnXpath) -> //a[@href='/jbilling/config/index'] is used
12:52:35,139 INFO  [BrowserSelenium] EXIT --> (_parseElementOnXpath)
12:52:35,139 INFO  [BrowserSelenium] EXIT --> (_getByLocator)
12:52:35,160 INFO  [BrowserSelenium] ENTER --> (_getByLocator)
12:52:35,160 INFO  [BrowserSelenium] (_getByLocator) -> Getting locator for null
12:52:35,160 INFO  [BrowserSelenium] (_getByLocator) -> Locator info found for XPATH attribute as: //a[@href='/jbilling/config/index']
12:52:35,160 INFO  [BrowserSelenium] ENTER --> (_parseElementOnXpath)
12:52:35,160 INFO  [BrowserSelenium] (_parseElementOnXpath) -> //a[@href='/jbilling/config/index'] is used
12:52:35,160 INFO  [BrowserSelenium] EXIT --> (_parseElementOnXpath)
12:52:35,161 INFO  [BrowserSelenium] EXIT --> (_getByLocator)
12:52:35,192 INFO  [BrowserSelenium] ENTER --> (_getByLocator)
12:52:35,192 INFO  [BrowserSelenium] (_getByLocator) -> Getting locator for null
12:52:35,192 INFO  [BrowserSelenium] (_getByLocator) -> Locator info found for XPATH attribute as: //a[@href='/jbilling/config/index']
12:52:35,192 INFO  [BrowserSelenium] ENTER --> (_parseElementOnXpath)
12:52:35,192 INFO  [BrowserSelenium] (_parseElementOnXpath) -> //a[@href='/jbilling/config/index'] is used
12:52:35,192 INFO  [BrowserSelenium] EXIT --> (_parseElementOnXpath)
12:52:35,193 INFO  [BrowserSelenium] EXIT --> (_getByLocator)
12:52:35,211 INFO  [BrowserSelenium] ENTER --> (_getByLocator)
12:52:35,211 INFO  [BrowserSelenium] (_getByLocator) -> Getting locator for null
12:52:35,211 INFO  [BrowserSelenium] (_getByLocator) -> Locator info found for XPATH attribute as: //a[@href='/jbilling/config/index']
12:52:35,211 INFO  [BrowserSelenium] ENTER --> (_parseElementOnXpath)
12:52:35,211 INFO  [BrowserSelenium] (_parseElementOnXpath) -> //a[@href='/jbilling/config/index'] is used
12:52:35,212 INFO  [BrowserSelenium] EXIT --> (_parseElementOnXpath)
12:52:35,212 INFO  [BrowserSelenium] EXIT --> (_getByLocator)
12:52:35,232 INFO  [BrowserSelenium] ENTER --> (_getByLocator)
12:52:35,232 INFO  [BrowserSelenium] (_getByLocator) -> Getting locator for null
12:52:35,232 INFO  [BrowserSelenium] (_getByLocator) -> Locator info found for XPATH attribute as: //a[@href='/jbilling/config/index']
12:52:35,232 INFO  [BrowserSelenium] ENTER --> (_parseElementOnXpath)
12:52:35,232 INFO  [BrowserSelenium] (_parseElementOnXpath) -> //a[@href='/jbilling/config/index'] is used
12:52:35,232 INFO  [BrowserSelenium] EXIT --> (_parseElementOnXpath)
12:52:35,233 INFO  [BrowserSelenium] EXIT --> (_getByLocator)
12:52:35,263 INFO  [BrowserSelenium] ENTER --> (_getByLocator)
12:52:35,263 INFO  [BrowserSelenium] (_getByLocator) -> Getting locator for null
12:52:35,263 INFO  [BrowserSelenium] (_getByLocator) -> Locator info found for XPATH attribute as: //a[@href='/jbilling/config/index']
12:52:35,263 INFO  [BrowserSelenium] ENTER --> (_parseElementOnXpath)
12:52:35,263 INFO  [BrowserSelenium] (_parseElementOnXpath) -> //a[@href='/jbilling/config/index'] is used
12:52:35,263 INFO  [BrowserSelenium] EXIT --> (_parseElementOnXpath)
12:52:35,263 INFO  [BrowserSelenium] EXIT --> (_getByLocator)
12:52:35,282 INFO  [BrowserSelenium] ENTER --> (_getByLocator)
12:52:35,282 INFO  [BrowserSelenium] (_getByLocator) -> Getting locator for null
12:52:35,282 INFO  [BrowserSelenium] (_getByLocator) -> Locator info found for XPATH attribute as: //a[@href='/jbilling/config/index']
12:52:35,283 INFO  [BrowserSelenium] ENTER --> (_parseElementOnXpath)
12:52:35,283 INFO  [BrowserSelenium] (_parseElementOnXpath) -> //a[@href='/jbilling/config/index'] is used
12:52:35,283 INFO  [BrowserSelenium] EXIT --> (_parseElementOnXpath)
12:52:35,283 INFO  [BrowserSelenium] EXIT --> (_getByLocator)
12:52:35,301 INFO  [BrowserSelenium] ENTER --> (_getByLocator)
12:52:35,301 INFO  [BrowserSelenium] (_getByLocator) -> Getting locator for null
12:52:35,301 INFO  [BrowserSelenium] (_getByLocator) -> Locator info found for XPATH attribute as: //a[@href='/jbilling/config/index']
12:52:35,301 INFO  [BrowserSelenium] ENTER --> (_parseElementOnXpath)
12:52:35,301 INFO  [BrowserSelenium] (_parseElementOnXpath) -> //a[@href='/jbilling/config/index'] is used
12:52:35,301 INFO  [BrowserSelenium] EXIT --> (_parseElementOnXpath)
12:52:35,302 INFO  [BrowserSelenium] EXIT --> (_getByLocator)
12:52:35,319 INFO  [BrowserSelenium] ENTER --> (_getByLocator)
12:52:35,320 INFO  [BrowserSelenium] (_getByLocator) -> Getting locator for null
12:52:35,320 INFO  [BrowserSelenium] (_getByLocator) -> Locator info found for XPATH attribute as: //a[@href='/jbilling/config/index']
12:52:35,320 INFO  [BrowserSelenium] ENTER --> (_parseElementOnXpath)
12:52:35,320 INFO  [BrowserSelenium] (_parseElementOnXpath) -> //a[@href='/jbilling/config/index'] is used
12:52:35,320 INFO  [BrowserSelenium] EXIT --> (_parseElementOnXpath)
12:52:35,320 INFO  [BrowserSelenium] EXIT --> (_getByLocator)
12:52:35,340 INFO  [BrowserSelenium] ENTER --> (_getByLocator)
12:52:35,340 INFO  [BrowserSelenium] (_getByLocator) -> Getting locator for null
12:52:35,341 INFO  [BrowserSelenium] (_getByLocator) -> Locator info found for XPATH attribute as: //a[@href='/jbilling/config/index']
12:52:35,341 INFO  [BrowserSelenium] ENTER --> (_parseElementOnXpath)
12:52:35,341 INFO  [BrowserSelenium] (_parseElementOnXpath) -> //a[@href='/jbilling/config/index'] is used
12:52:35,341 INFO  [BrowserSelenium] EXIT --> (_parseElementOnXpath)
12:52:35,341 INFO  [BrowserSelenium] EXIT --> (_getByLocator)
12:52:35,360 INFO  [BrowserSelenium] ENTER --> (_getByLocator)
12:52:35,360 INFO  [BrowserSelenium] (_getByLocator) -> Getting locator for null
12:52:35,360 INFO  [BrowserSelenium] (_getByLocator) -> Locator info found for XPATH attribute as: //a[@href='/jbilling/config/index']
12:52:35,360 INFO  [BrowserSelenium] ENTER --> (_parseElementOnXpath)
12:52:35,360 INFO  [BrowserSelenium] (_parseElementOnXpath) -> //a[@href='/jbilling/config/index'] is used
12:52:35,360 INFO  [BrowserSelenium] EXIT --> (_parseElementOnXpath)
12:52:35,360 INFO  [BrowserSelenium] EXIT --> (_getByLocator)
12:52:35,379 INFO  [BrowserSelenium] ENTER --> (_getByLocator)
12:52:35,379 INFO  [BrowserSelenium] (_getByLocator) -> Getting locator for null
12:52:35,379 INFO  [BrowserSelenium] (_getByLocator) -> Locator info found for XPATH attribute as: //a[@href='/jbilling/config/index']
12:52:35,379 INFO  [BrowserSelenium] ENTER --> (_parseElementOnXpath)
12:52:35,379 INFO  [BrowserSelenium] (_parseElementOnXpath) -> //a[@href='/jbilling/config/index'] is used
12:52:35,379 INFO  [BrowserSelenium] EXIT --> (_parseElementOnXpath)
12:52:35,379 INFO  [BrowserSelenium] EXIT --> (_getByLocator)
12:52:35,397 INFO  [BrowserSelenium] ENTER --> (_getByLocator)
12:52:35,397 INFO  [BrowserSelenium] (_getByLocator) -> Getting locator for null
12:52:35,397 INFO  [BrowserSelenium] (_getByLocator) -> Locator info found for XPATH attribute as: //a[@href='/jbilling/config/index']
12:52:35,398 INFO  [BrowserSelenium] ENTER --> (_parseElementOnXpath)
12:52:35,398 INFO  [BrowserSelenium] (_parseElementOnXpath) -> //a[@href='/jbilling/config/index'] is used
12:52:35,398 INFO  [BrowserSelenium] EXIT --> (_parseElementOnXpath)
12:52:35,398 INFO  [BrowserSelenium] EXIT --> (_getByLocator)
12:52:35,418 INFO  [BrowserSelenium] ENTER --> (_getByLocator)
12:52:35,419 INFO  [BrowserSelenium] (_getByLocator) -> Getting locator for null
12:52:35,419 INFO  [BrowserSelenium] (_getByLocator) -> Locator info found for XPATH attribute as: //a[@href='/jbilling/config/index']
12:52:35,419 INFO  [BrowserSelenium] ENTER --> (_parseElementOnXpath)
12:52:35,419 INFO  [BrowserSelenium] (_parseElementOnXpath) -> //a[@href='/jbilling/config/index'] is used
12:52:35,419 INFO  [BrowserSelenium] EXIT --> (_parseElementOnXpath)
12:52:35,419 INFO  [BrowserSelenium] EXIT --> (_getByLocator)
12:52:35,442 INFO  [BrowserSelenium] ENTER --> (_getByLocator)
12:52:35,442 INFO  [BrowserSelenium] (_getByLocator) -> Getting locator for null
12:52:35,442 INFO  [BrowserSelenium] (_getByLocator) -> Locator info found for XPATH attribute as: //a[@href='/jbilling/config/index']
12:52:35,443 INFO  [BrowserSelenium] ENTER --> (_parseElementOnXpath)
12:52:35,443 INFO  [BrowserSelenium] (_parseElementOnXpath) -> //a[@href='/jbilling/config/index'] is used
12:52:35,443 INFO  [BrowserSelenium] EXIT --> (_parseElementOnXpath)
12:52:35,443 INFO  [BrowserSelenium] EXIT --> (_getByLocator)
12:52:35,474 INFO  [BrowserSelenium] ENTER --> (_getByLocator)
12:52:35,474 INFO  [BrowserSelenium] (_getByLocator) -> Getting locator for null
12:52:35,474 INFO  [BrowserSelenium] (_getByLocator) -> Locator info found for XPATH attribute as: //a[@href='/jbilling/config/index']
12:52:35,474 INFO  [BrowserSelenium] ENTER --> (_parseElementOnXpath)
12:52:35,475 INFO  [BrowserSelenium] (_parseElementOnXpath) -> //a[@href='/jbilling/config/index'] is used
12:52:35,475 INFO  [BrowserSelenium] EXIT --> (_parseElementOnXpath)
12:52:35,475 INFO  [BrowserSelenium] EXIT --> (_getByLocator)
12:52:35,502 INFO  [BrowserSelenium] ENTER --> (_getByLocator)
12:52:35,502 INFO  [BrowserSelenium] (_getByLocator) -> Getting locator for null
12:52:35,503 INFO  [BrowserSelenium] (_getByLocator) -> Locator info found for XPATH attribute as: //a[@href='/jbilling/config/index']
12:52:35,503 INFO  [BrowserSelenium] ENTER --> (_parseElementOnXpath)
12:52:35,503 INFO  [BrowserSelenium] (_parseElementOnXpath) -> //a[@href='/jbilling/config/index'] is used
12:52:35,503 INFO  [BrowserSelenium] EXIT --> (_parseElementOnXpath)
12:52:35,503 INFO  [BrowserSelenium] EXIT --> (_getByLocator)
12:52:35,530 INFO  [BrowserSelenium] ENTER --> (_getByLocator)
12:52:35,531 INFO  [BrowserSelenium] (_getByLocator) -> Getting locator for null
12:52:35,531 INFO  [BrowserSelenium] (_getByLocator) -> Locator info found for XPATH attribute as: //a[@href='/jbilling/config/index']
12:52:35,531 INFO  [BrowserSelenium] ENTER --> (_parseElementOnXpath)
12:52:35,531 INFO  [BrowserSelenium] (_parseElementOnXpath) -> //a[@href='/jbilling/config/index'] is used
12:52:35,531 INFO  [BrowserSelenium] EXIT --> (_parseElementOnXpath)
12:52:35,532 INFO  [BrowserSelenium] EXIT --> (_getByLocator)
12:52:35,557 INFO  [BrowserSelenium] ENTER --> (_getByLocator)
12:52:35,558 INFO  [BrowserSelenium] (_getByLocator) -> Getting locator for null
12:52:35,558 INFO  [BrowserSelenium] (_getByLocator) -> Locator info found for XPATH attribute as: //a[@href='/jbilling/config/index']
12:52:35,558 INFO  [BrowserSelenium] ENTER --> (_parseElementOnXpath)
12:52:35,558 INFO  [BrowserSelenium] (_parseElementOnXpath) -> //a[@href='/jbilling/config/index'] is used
12:52:35,558 INFO  [BrowserSelenium] EXIT --> (_parseElementOnXpath)
12:52:35,558 INFO  [BrowserSelenium] EXIT --> (_getByLocator)
12:52:35,583 INFO  [BrowserSelenium] ENTER --> (_getByLocator)
12:52:35,583 INFO  [BrowserSelenium] (_getByLocator) -> Getting locator for null
12:52:35,583 INFO  [BrowserSelenium] (_getByLocator) -> Locator info found for XPATH attribute as: //a[@href='/jbilling/config/index']
12:52:35,584 INFO  [BrowserSelenium] ENTER --> (_parseElementOnXpath)
12:52:35,584 INFO  [BrowserSelenium] (_parseElementOnXpath) -> //a[@href='/jbilling/config/index'] is used
12:52:35,584 INFO  [BrowserSelenium] EXIT --> (_parseElementOnXpath)
12:52:35,584 INFO  [BrowserSelenium] EXIT --> (_getByLocator)
12:52:35,609 INFO  [BrowserSelenium] ENTER --> (_getByLocator)
12:52:35,610 INFO  [BrowserSelenium] (_getByLocator) -> Getting locator for null
12:52:35,610 INFO  [BrowserSelenium] (_getByLocator) -> Locator info found for XPATH attribute as: //a[@href='/jbilling/config/index']
12:52:35,610 INFO  [BrowserSelenium] ENTER --> (_parseElementOnXpath)
12:52:35,610 INFO  [BrowserSelenium] (_parseElementOnXpath) -> //a[@href='/jbilling/config/index'] is used
12:52:35,611 INFO  [BrowserSelenium] EXIT --> (_parseElementOnXpath)
12:52:35,611 INFO  [BrowserSelenium] EXIT --> (_getByLocator)
12:52:35,639 INFO  [BrowserSelenium] ENTER --> (_getByLocator)
12:52:35,639 INFO  [BrowserSelenium] (_getByLocator) -> Getting locator for null
12:52:35,639 INFO  [BrowserSelenium] (_getByLocator) -> Locator info found for XPATH attribute as: //a[@href='/jbilling/config/index']
12:52:35,639 INFO  [BrowserSelenium] ENTER --> (_parseElementOnXpath)
12:52:35,639 INFO  [BrowserSelenium] (_parseElementOnXpath) -> //a[@href='/jbilling/config/index'] is used
12:52:35,639 INFO  [BrowserSelenium] EXIT --> (_parseElementOnXpath)
12:52:35,640 INFO  [BrowserSelenium] EXIT --> (_getByLocator)
12:52:35,666 INFO  [BrowserSelenium] ENTER --> (_getByLocator)
12:52:35,666 INFO  [BrowserSelenium] (_getByLocator) -> Getting locator for null
12:52:35,667 INFO  [BrowserSelenium] (_getByLocator) -> Locator info found for XPATH attribute as: //a[@href='/jbilling/config/index']
12:52:35,667 INFO  [BrowserSelenium] ENTER --> (_parseElementOnXpath)
12:52:35,667 INFO  [BrowserSelenium] (_parseElementOnXpath) -> //a[@href='/jbilling/config/index'] is used
12:52:35,667 INFO  [BrowserSelenium] EXIT --> (_parseElementOnXpath)
12:52:35,667 INFO  [BrowserSelenium] EXIT --> (_getByLocator)
12:52:35,694 INFO  [BrowserSelenium] ENTER --> (_getByLocator)
12:52:35,694 INFO  [BrowserSelenium] (_getByLocator) -> Getting locator for null
12:52:35,694 INFO  [BrowserSelenium] (_getByLocator) -> Locator info found for XPATH attribute as: //a[@href='/jbilling/config/index']
12:52:35,694 INFO  [BrowserSelenium] ENTER --> (_parseElementOnXpath)
12:52:35,695 INFO  [BrowserSelenium] (_parseElementOnXpath) -> //a[@href='/jbilling/config/index'] is used
12:52:35,695 INFO  [BrowserSelenium] EXIT --> (_parseElementOnXpath)
12:52:35,695 INFO  [BrowserSelenium] EXIT --> (_getByLocator)
12:52:35,720 INFO  [BrowserSelenium] ENTER --> (_getByLocator)
12:52:35,720 INFO  [BrowserSelenium] (_getByLocator) -> Getting locator for null
12:52:35,720 INFO  [BrowserSelenium] (_getByLocator) -> Locator info found for XPATH attribute as: //a[@href='/jbilling/config/index']
12:52:35,720 INFO  [BrowserSelenium] ENTER --> (_parseElementOnXpath)
12:52:35,720 INFO  [BrowserSelenium] (_parseElementOnXpath) -> //a[@href='/jbilling/config/index'] is used
12:52:35,721 INFO  [BrowserSelenium] EXIT --> (_parseElementOnXpath)
12:52:35,721 INFO  [BrowserSelenium] EXIT --> (_getByLocator)
12:52:35,749 INFO  [BrowserSelenium] ENTER --> (_getByLocator)
12:52:35,749 INFO  [BrowserSelenium] (_getByLocator) -> Getting locator for null
12:52:35,749 INFO  [BrowserSelenium] (_getByLocator) -> Locator info found for XPATH attribute as: //a[@href='/jbilling/config/index']
12:52:35,749 INFO  [BrowserSelenium] ENTER --> (_parseElementOnXpath)
12:52:35,749 INFO  [BrowserSelenium] (_parseElementOnXpath) -> //a[@href='/jbilling/config/index'] is used
12:52:35,750 INFO  [BrowserSelenium] EXIT --> (_parseElementOnXpath)
12:52:35,750 INFO  [BrowserSelenium] EXIT --> (_getByLocator)
12:52:35,774 INFO  [BrowserSelenium] ENTER --> (_getByLocator)
12:52:35,774 INFO  [BrowserSelenium] (_getByLocator) -> Getting locator for null
12:52:35,774 INFO  [BrowserSelenium] (_getByLocator) -> Locator info found for XPATH attribute as: //a[@href='/jbilling/config/index']
12:52:35,774 INFO  [BrowserSelenium] ENTER --> (_parseElementOnXpath)
12:52:35,774 INFO  [BrowserSelenium] (_parseElementOnXpath) -> //a[@href='/jbilling/config/index'] is used
12:52:35,775 INFO  [BrowserSelenium] EXIT --> (_parseElementOnXpath)
12:52:35,775 INFO  [BrowserSelenium] EXIT --> (_getByLocator)
12:52:35,797 INFO  [BrowserSelenium] ENTER --> (_getByLocator)
12:52:35,797 INFO  [BrowserSelenium] (_getByLocator) -> Getting locator for null
12:52:35,798 INFO  [BrowserSelenium] (_getByLocator) -> Locator info found for XPATH attribute as: //a[@href='/jbilling/config/index']
12:52:35,798 INFO  [BrowserSelenium] ENTER --> (_parseElementOnXpath)
12:52:35,798 INFO  [BrowserSelenium] (_parseElementOnXpath) -> //a[@href='/jbilling/config/index'] is used
12:52:35,798 INFO  [BrowserSelenium] EXIT --> (_parseElementOnXpath)
12:52:35,798 INFO  [BrowserSelenium] EXIT --> (_getByLocator)
12:52:35,822 INFO  [BrowserSelenium] ENTER --> (_getByLocator)
12:52:35,822 INFO  [BrowserSelenium] (_getByLocator) -> Getting locator for null
12:52:35,822 INFO  [BrowserSelenium] (_getByLocator) -> Locator info found for XPATH attribute as: //a[@href='/jbilling/config/index']
12:52:35,822 INFO  [BrowserSelenium] ENTER --> (_parseElementOnXpath)
12:52:35,823 INFO  [BrowserSelenium] (_parseElementOnXpath) -> //a[@href='/jbilling/config/index'] is used
12:52:35,823 INFO  [BrowserSelenium] EXIT --> (_parseElementOnXpath)
12:52:35,823 INFO  [BrowserSelenium] EXIT --> (_getByLocator)
12:52:35,847 INFO  [BrowserSelenium] ENTER --> (_getByLocator)
12:52:35,847 INFO  [BrowserSelenium] (_getByLocator) -> Getting locator for null
12:52:35,848 INFO  [BrowserSelenium] (_getByLocator) -> Locator info found for XPATH attribute as: //a[@href='/jbilling/config/index']
12:52:35,848 INFO  [BrowserSelenium] ENTER --> (_parseElementOnXpath)
12:52:35,848 INFO  [BrowserSelenium] (_parseElementOnXpath) -> //a[@href='/jbilling/config/index'] is used
12:52:35,848 INFO  [BrowserSelenium] EXIT --> (_parseElementOnXpath)
12:52:35,848 INFO  [BrowserSelenium] EXIT --> (_getByLocator)
12:52:35,868 INFO  [BrowserSelenium] ENTER --> (_getByLocator)
12:52:35,868 INFO  [BrowserSelenium] (_getByLocator) -> Getting locator for null
12:52:35,869 INFO  [BrowserSelenium] (_getByLocator) -> Locator info found for XPATH attribute as: //a[@href='/jbilling/config/index']
12:52:35,869 INFO  [BrowserSelenium] ENTER --> (_parseElementOnXpath)
12:52:35,869 INFO  [BrowserSelenium] (_parseElementOnXpath) -> //a[@href='/jbilling/config/index'] is used
12:52:35,869 INFO  [BrowserSelenium] EXIT --> (_parseElementOnXpath)
12:52:35,869 INFO  [BrowserSelenium] EXIT --> (_getByLocator)
12:52:35,889 INFO  [BrowserSelenium] ENTER --> (_getByLocator)
12:52:35,889 INFO  [BrowserSelenium] (_getByLocator) -> Getting locator for null
12:52:35,889 INFO  [BrowserSelenium] (_getByLocator) -> Locator info found for XPATH attribute as: //a[@href='/jbilling/config/index']
12:52:35,889 INFO  [BrowserSelenium] ENTER --> (_parseElementOnXpath)
12:52:35,889 INFO  [BrowserSelenium] (_parseElementOnXpath) -> //a[@href='/jbilling/config/index'] is used
12:52:35,889 INFO  [BrowserSelenium] EXIT --> (_parseElementOnXpath)
12:52:35,890 INFO  [BrowserSelenium] EXIT --> (_getByLocator)
12:52:35,912 INFO  [BrowserSelenium] ENTER --> (_getByLocator)
12:52:35,913 INFO  [BrowserSelenium] (_getByLocator) -> Getting locator for null
12:52:35,913 INFO  [BrowserSelenium] (_getByLocator) -> Locator info found for XPATH attribute as: //a[@href='/jbilling/config/index']
12:52:35,913 INFO  [BrowserSelenium] ENTER --> (_parseElementOnXpath)
12:52:35,913 INFO  [BrowserSelenium] (_parseElementOnXpath) -> //a[@href='/jbilling/config/index'] is used
12:52:35,914 INFO  [BrowserSelenium] EXIT --> (_parseElementOnXpath)
12:52:35,914 INFO  [BrowserSelenium] EXIT --> (_getByLocator)
12:52:35,938 INFO  [BrowserSelenium] ENTER --> (_getByLocator)
12:52:35,938 INFO  [BrowserSelenium] (_getByLocator) -> Getting locator for null
12:52:35,938 INFO  [BrowserSelenium] (_getByLocator) -> Locator info found for XPATH attribute as: //a[@href='/jbilling/config/index']
12:52:35,939 INFO  [BrowserSelenium] ENTER --> (_parseElementOnXpath)
12:52:35,939 INFO  [BrowserSelenium] (_parseElementOnXpath) -> //a[@href='/jbilling/config/index'] is used
12:52:35,939 INFO  [BrowserSelenium] EXIT --> (_parseElementOnXpath)
12:52:35,939 INFO  [BrowserSelenium] EXIT --> (_getByLocator)
12:52:35,962 INFO  [BrowserSelenium] ENTER --> (_getByLocator)
12:52:35,963 INFO  [BrowserSelenium] (_getByLocator) -> Getting locator for null
12:52:35,963 INFO  [BrowserSelenium] (_getByLocator) -> Locator info found for XPATH attribute as: //a[@href='/jbilling/config/index']
12:52:35,963 INFO  [BrowserSelenium] ENTER --> (_parseElementOnXpath)
12:52:35,963 INFO  [BrowserSelenium] (_parseElementOnXpath) -> //a[@href='/jbilling/config/index'] is used
12:52:35,963 INFO  [BrowserSelenium] EXIT --> (_parseElementOnXpath)
12:52:35,963 INFO  [BrowserSelenium] EXIT --> (_getByLocator)
12:52:35,984 INFO  [BrowserSelenium] ENTER --> (_getByLocator)
12:52:35,984 INFO  [BrowserSelenium] (_getByLocator) -> Getting locator for null
12:52:35,984 INFO  [BrowserSelenium] (_getByLocator) -> Locator info found for XPATH attribute as: //a[@href='/jbilling/config/index']
12:52:35,984 INFO  [BrowserSelenium] ENTER --> (_parseElementOnXpath)
12:52:35,985 INFO  [BrowserSelenium] (_parseElementOnXpath) -> //a[@href='/jbilling/config/index'] is used
12:52:35,985 INFO  [BrowserSelenium] EXIT --> (_parseElementOnXpath)
12:52:35,985 INFO  [BrowserSelenium] EXIT --> (_getByLocator)
12:52:36,005 INFO  [BrowserSelenium] ENTER --> (_getByLocator)
12:52:36,006 INFO  [BrowserSelenium] (_getByLocator) -> Getting locator for null
12:52:36,006 INFO  [BrowserSelenium] (_getByLocator) -> Locator info found for XPATH attribute as: //a[@href='/jbilling/config/index']
12:52:36,006 INFO  [BrowserSelenium] ENTER --> (_parseElementOnXpath)
12:52:36,006 INFO  [BrowserSelenium] (_parseElementOnXpath) -> //a[@href='/jbilling/config/index'] is used
12:52:36,006 INFO  [BrowserSelenium] EXIT --> (_parseElementOnXpath)
12:52:36,006 INFO  [BrowserSelenium] EXIT --> (_getByLocator)
12:52:36,023 INFO  [BrowserSelenium] ENTER --> (_getByLocator)
12:52:36,023 INFO  [BrowserSelenium] (_getByLocator) -> Getting locator for null
12:52:36,024 INFO  [BrowserSelenium] (_getByLocator) -> Locator info found for XPATH attribute as: //a[@href='/jbilling/config/index']
12:52:36,024 INFO  [BrowserSelenium] ENTER --> (_parseElementOnXpath)
12:52:36,024 INFO  [BrowserSelenium] (_parseElementOnXpath) -> //a[@href='/jbilling/config/index'] is used
12:52:36,024 INFO  [BrowserSelenium] EXIT --> (_parseElementOnXpath)
12:52:36,024 INFO  [BrowserSelenium] EXIT --> (_getByLocator)
12:52:36,045 INFO  [BrowserSelenium] ENTER --> (_getByLocator)
12:52:36,045 INFO  [BrowserSelenium] (_getByLocator) -> Getting locator for null
12:52:36,045 INFO  [BrowserSelenium] (_getByLocator) -> Locator info found for XPATH attribute as: //a[@href='/jbilling/config/index']
12:52:36,045 INFO  [BrowserSelenium] ENTER --> (_parseElementOnXpath)
12:52:36,046 INFO  [BrowserSelenium] (_parseElementOnXpath) -> //a[@href='/jbilling/config/index'] is used
12:52:36,046 INFO  [BrowserSelenium] EXIT --> (_parseElementOnXpath)
12:52:36,046 INFO  [BrowserSelenium] EXIT --> (_getByLocator)
12:52:36,065 INFO  [BrowserSelenium] ENTER --> (_getByLocator)
12:52:36,066 INFO  [BrowserSelenium] (_getByLocator) -> Getting locator for null
12:52:36,066 INFO  [BrowserSelenium] (_getByLocator) -> Locator info found for XPATH attribute as: //a[@href='/jbilling/config/index']
12:52:36,066 INFO  [BrowserSelenium] ENTER --> (_parseElementOnXpath)
12:52:36,066 INFO  [BrowserSelenium] (_parseElementOnXpath) -> //a[@href='/jbilling/config/index'] is used
12:52:36,066 INFO  [BrowserSelenium] EXIT --> (_parseElementOnXpath)
12:52:36,066 INFO  [BrowserSelenium] EXIT --> (_getByLocator)
12:52:36,088 INFO  [BrowserSelenium] ENTER --> (_getByLocator)
12:52:36,088 INFO  [BrowserSelenium] (_getByLocator) -> Getting locator for null
12:52:36,088 INFO  [BrowserSelenium] (_getByLocator) -> Locator info found for XPATH attribute as: //a[@href='/jbilling/config/index']
12:52:36,088 INFO  [BrowserSelenium] ENTER --> (_parseElementOnXpath)
12:52:36,088 INFO  [BrowserSelenium] (_parseElementOnXpath) -> //a[@href='/jbilling/config/index'] is used
12:52:36,089 INFO  [BrowserSelenium] EXIT --> (_parseElementOnXpath)
12:52:36,089 INFO  [BrowserSelenium] EXIT --> (_getByLocator)
12:52:36,119 INFO  [BrowserSelenium] ENTER --> (_getByLocator)
12:52:36,119 INFO  [BrowserSelenium] (_getByLocator) -> Getting locator for null
12:52:36,119 INFO  [BrowserSelenium] (_getByLocator) -> Locator info found for XPATH attribute as: //a[@href='/jbilling/config/index']
12:52:36,119 INFO  [BrowserSelenium] ENTER --> (_parseElementOnXpath)
12:52:36,120 INFO  [BrowserSelenium] (_parseElementOnXpath) -> //a[@href='/jbilling/config/index'] is used
12:52:36,120 INFO  [BrowserSelenium] EXIT --> (_parseElementOnXpath)
12:52:36,120 INFO  [BrowserSelenium] EXIT --> (_getByLocator)
12:52:36,138 INFO  [BrowserSelenium] ENTER --> (_getByLocator)
12:52:36,139 INFO  [BrowserSelenium] (_getByLocator) -> Getting locator for null
12:52:36,139 INFO  [BrowserSelenium] (_getByLocator) -> Locator info found for XPATH attribute as: //a[@href='/jbilling/config/index']
12:52:36,139 INFO  [BrowserSelenium] ENTER --> (_parseElementOnXpath)
12:52:36,139 INFO  [BrowserSelenium] (_parseElementOnXpath) -> //a[@href='/jbilling/config/index'] is used
12:52:36,139 INFO  [BrowserSelenium] EXIT --> (_parseElementOnXpath)
12:52:36,139 INFO  [BrowserSelenium] EXIT --> (_getByLocator)
12:52:36,160 INFO  [BrowserSelenium] ENTER --> (_getByLocator)
12:52:36,161 INFO  [BrowserSelenium] (_getByLocator) -> Getting locator for null
12:52:36,161 INFO  [BrowserSelenium] (_getByLocator) -> Locator info found for XPATH attribute as: //a[@href='/jbilling/config/index']
12:52:36,161 INFO  [BrowserSelenium] ENTER --> (_parseElementOnXpath)
12:52:36,161 INFO  [BrowserSelenium] (_parseElementOnXpath) -> //a[@href='/jbilling/config/index'] is used
12:52:36,161 INFO  [BrowserSelenium] EXIT --> (_parseElementOnXpath)
12:52:36,161 INFO  [BrowserSelenium] EXIT --> (_getByLocator)
12:52:36,179 INFO  [BrowserSelenium] ENTER --> (_getByLocator)
12:52:36,179 INFO  [BrowserSelenium] (_getByLocator) -> Getting locator for null
12:52:36,179 INFO  [BrowserSelenium] (_getByLocator) -> Locator info found for XPATH attribute as: //a[@href='/jbilling/config/index']
12:52:36,179 INFO  [BrowserSelenium] ENTER --> (_parseElementOnXpath)
12:52:36,179 INFO  [BrowserSelenium] (_parseElementOnXpath) -> //a[@href='/jbilling/config/index'] is used
12:52:36,179 INFO  [BrowserSelenium] EXIT --> (_parseElementOnXpath)
12:52:36,180 INFO  [BrowserSelenium] EXIT --> (_getByLocator)
12:52:36,197 INFO  [BrowserSelenium] ENTER --> (_getByLocator)
12:52:36,197 INFO  [BrowserSelenium] (_getByLocator) -> Getting locator for null
12:52:36,197 INFO  [BrowserSelenium] (_getByLocator) -> Locator info found for XPATH attribute as: //a[@href='/jbilling/config/index']
12:52:36,197 INFO  [BrowserSelenium] ENTER --> (_parseElementOnXpath)
12:52:36,198 INFO  [BrowserSelenium] (_parseElementOnXpath) -> //a[@href='/jbilling/config/index'] is used
12:52:36,198 INFO  [BrowserSelenium] EXIT --> (_parseElementOnXpath)
12:52:36,198 INFO  [BrowserSelenium] EXIT --> (_getByLocator)
12:52:36,216 INFO  [BrowserSelenium] ENTER --> (_getByLocator)
12:52:36,216 INFO  [BrowserSelenium] (_getByLocator) -> Getting locator for null
12:52:36,216 INFO  [BrowserSelenium] (_getByLocator) -> Locator info found for XPATH attribute as: //a[@href='/jbilling/config/index']
12:52:36,216 INFO  [BrowserSelenium] ENTER --> (_parseElementOnXpath)
12:52:36,216 INFO  [BrowserSelenium] (_parseElementOnXpath) -> //a[@href='/jbilling/config/index'] is used
12:52:36,216 INFO  [BrowserSelenium] EXIT --> (_parseElementOnXpath)
12:52:36,216 INFO  [BrowserSelenium] EXIT --> (_getByLocator)
12:52:36,234 INFO  [BrowserSelenium] ENTER --> (_getByLocator)
12:52:36,234 INFO  [BrowserSelenium] (_getByLocator) -> Getting locator for null
12:52:36,234 INFO  [BrowserSelenium] (_getByLocator) -> Locator info found for XPATH attribute as: //a[@href='/jbilling/config/index']
12:52:36,234 INFO  [BrowserSelenium] ENTER --> (_parseElementOnXpath)
12:52:36,235 INFO  [BrowserSelenium] (_parseElementOnXpath) -> //a[@href='/jbilling/config/index'] is used
12:52:36,235 INFO  [BrowserSelenium] EXIT --> (_parseElementOnXpath)
12:52:36,235 INFO  [BrowserSelenium] EXIT --> (_getByLocator)
12:52:36,252 INFO  [BrowserSelenium] ENTER --> (_getByLocator)
12:52:36,252 INFO  [BrowserSelenium] (_getByLocator) -> Getting locator for null
12:52:36,253 INFO  [BrowserSelenium] (_getByLocator) -> Locator info found for XPATH attribute as: //a[@href='/jbilling/config/index']
12:52:36,253 INFO  [BrowserSelenium] ENTER --> (_parseElementOnXpath)
12:52:36,253 INFO  [BrowserSelenium] (_parseElementOnXpath) -> //a[@href='/jbilling/config/index'] is used
12:52:36,253 INFO  [BrowserSelenium] EXIT --> (_parseElementOnXpath)
12:52:36,253 INFO  [BrowserSelenium] EXIT --> (_getByLocator)
12:52:36,273 INFO  [BrowserSelenium] ENTER --> (_getByLocator)
12:52:36,273 INFO  [BrowserSelenium] (_getByLocator) -> Getting locator for null
12:52:36,273 INFO  [BrowserSelenium] (_getByLocator) -> Locator info found for XPATH attribute as: //a[@href='/jbilling/config/index']
12:52:36,273 INFO  [BrowserSelenium] ENTER --> (_parseElementOnXpath)
12:52:36,273 INFO  [BrowserSelenium] (_parseElementOnXpath) -> //a[@href='/jbilling/config/index'] is used
12:52:36,274 INFO  [BrowserSelenium] EXIT --> (_parseElementOnXpath)
12:52:36,274 INFO  [BrowserSelenium] EXIT --> (_getByLocator)
12:52:36,291 INFO  [BrowserSelenium] ENTER --> (_getByLocator)
12:52:36,291 INFO  [BrowserSelenium] (_getByLocator) -> Getting locator for null
12:52:36,291 INFO  [BrowserSelenium] (_getByLocator) -> Locator info found for XPATH attribute as: //a[@href='/jbilling/config/index']
12:52:36,292 INFO  [BrowserSelenium] ENTER --> (_parseElementOnXpath)
12:52:36,292 INFO  [BrowserSelenium] (_parseElementOnXpath) -> //a[@href='/jbilling/config/index'] is used
12:52:36,292 INFO  [BrowserSelenium] EXIT --> (_parseElementOnXpath)
12:52:36,292 INFO  [BrowserSelenium] EXIT --> (_getByLocator)
12:52:36,309 INFO  [BrowserSelenium] ENTER --> (_getByLocator)
12:52:36,309 INFO  [BrowserSelenium] (_getByLocator) -> Getting locator for null
12:52:36,309 INFO  [BrowserSelenium] (_getByLocator) -> Locator info found for XPATH attribute as: //a[@href='/jbilling/config/index']
12:52:36,309 INFO  [BrowserSelenium] ENTER --> (_parseElementOnXpath)
12:52:36,309 INFO  [BrowserSelenium] (_parseElementOnXpath) -> //a[@href='/jbilling/config/index'] is used
12:52:36,310 INFO  [BrowserSelenium] EXIT --> (_parseElementOnXpath)
12:52:36,310 INFO  [BrowserSelenium] EXIT --> (_getByLocator)
12:52:36,326 INFO  [BrowserSelenium] ENTER --> (_getByLocator)
12:52:36,327 INFO  [BrowserSelenium] (_getByLocator) -> Getting locator for null
12:52:36,327 INFO  [BrowserSelenium] (_getByLocator) -> Locator info found for XPATH attribute as: //a[@href='/jbilling/config/index']
12:52:36,327 INFO  [BrowserSelenium] ENTER --> (_parseElementOnXpath)
12:52:36,327 INFO  [BrowserSelenium] (_parseElementOnXpath) -> //a[@href='/jbilling/config/index'] is used
12:52:36,328 INFO  [BrowserSelenium] EXIT --> (_parseElementOnXpath)
12:52:36,328 INFO  [BrowserSelenium] EXIT --> (_getByLocator)
12:52:36,349 INFO  [BrowserSelenium] ENTER --> (_getByLocator)
12:52:36,349 INFO  [BrowserSelenium] (_getByLocator) -> Getting locator for null
12:52:36,349 INFO  [BrowserSelenium] (_getByLocator) -> Locator info found for XPATH attribute as: //a[@href='/jbilling/config/index']
12:52:36,349 INFO  [BrowserSelenium] ENTER --> (_parseElementOnXpath)
12:52:36,350 INFO  [BrowserSelenium] (_parseElementOnXpath) -> //a[@href='/jbilling/config/index'] is used
12:52:36,350 INFO  [BrowserSelenium] EXIT --> (_parseElementOnXpath)
12:52:36,350 INFO  [BrowserSelenium] EXIT --> (_getByLocator)
12:52:36,368 INFO  [BrowserSelenium] ENTER --> (_getByLocator)
12:52:36,368 INFO  [BrowserSelenium] (_getByLocator) -> Getting locator for null
12:52:36,368 INFO  [BrowserSelenium] (_getByLocator) -> Locator info found for XPATH attribute as: //a[@href='/jbilling/config/index']
12:52:36,369 INFO  [BrowserSelenium] ENTER --> (_parseElementOnXpath)
12:52:36,369 INFO  [BrowserSelenium] (_parseElementOnXpath) -> //a[@href='/jbilling/config/index'] is used
12:52:36,369 INFO  [BrowserSelenium] EXIT --> (_parseElementOnXpath)
12:52:36,369 INFO  [BrowserSelenium] EXIT --> (_getByLocator)
12:52:36,390 INFO  [BrowserSelenium] ENTER --> (_getByLocator)
12:52:36,391 INFO  [BrowserSelenium] (_getByLocator) -> Getting locator for null
12:52:36,391 INFO  [BrowserSelenium] (_getByLocator) -> Locator info found for XPATH attribute as: //a[@href='/jbilling/config/index']
12:52:36,391 INFO  [BrowserSelenium] ENTER --> (_parseElementOnXpath)
12:52:36,391 INFO  [BrowserSelenium] (_parseElementOnXpath) -> //a[@href='/jbilling/config/index'] is used
12:52:36,391 INFO  [BrowserSelenium] EXIT --> (_parseElementOnXpath)
12:52:36,391 INFO  [BrowserSelenium] EXIT --> (_getByLocator)
12:52:36,413 INFO  [BrowserSelenium] ENTER --> (_getByLocator)
12:52:36,413 INFO  [BrowserSelenium] (_getByLocator) -> Getting locator for null
12:52:36,413 INFO  [BrowserSelenium] (_getByLocator) -> Locator info found for XPATH attribute as: //a[@href='/jbilling/config/index']
12:52:36,413 INFO  [BrowserSelenium] ENTER --> (_parseElementOnXpath)
12:52:36,413 INFO  [BrowserSelenium] (_parseElementOnXpath) -> //a[@href='/jbilling/config/index'] is used
12:52:36,413 INFO  [BrowserSelenium] EXIT --> (_parseElementOnXpath)
12:52:36,413 INFO  [BrowserSelenium] EXIT --> (_getByLocator)
12:52:36,433 INFO  [BrowserSelenium] ENTER --> (_getByLocator)
12:52:36,433 INFO  [BrowserSelenium] (_getByLocator) -> Getting locator for null
12:52:36,433 INFO  [BrowserSelenium] (_getByLocator) -> Locator info found for XPATH attribute as: //a[@href='/jbilling/config/index']
12:52:36,433 INFO  [BrowserSelenium] ENTER --> (_parseElementOnXpath)
12:52:36,433 INFO  [BrowserSelenium] (_parseElementOnXpath) -> //a[@href='/jbilling/config/index'] is used
12:52:36,433 INFO  [BrowserSelenium] EXIT --> (_parseElementOnXpath)
12:52:36,433 INFO  [BrowserSelenium] EXIT --> (_getByLocator)
12:52:36,451 INFO  [BrowserSelenium] ENTER --> (_getByLocator)
12:52:36,451 INFO  [BrowserSelenium] (_getByLocator) -> Getting locator for null
12:52:36,451 INFO  [BrowserSelenium] (_getByLocator) -> Locator info found for XPATH attribute as: //a[@href='/jbilling/config/index']
12:52:36,451 INFO  [BrowserSelenium] ENTER --> (_parseElementOnXpath)
12:52:36,451 INFO  [BrowserSelenium] (_parseElementOnXpath) -> //a[@href='/jbilling/config/index'] is used
12:52:36,451 INFO  [BrowserSelenium] EXIT --> (_parseElementOnXpath)
12:52:36,451 INFO  [BrowserSelenium] EXIT --> (_getByLocator)
12:52:36,470 INFO  [BrowserSelenium] ENTER --> (_getByLocator)
12:52:36,470 INFO  [BrowserSelenium] (_getByLocator) -> Getting locator for null
12:52:36,470 INFO  [BrowserSelenium] (_getByLocator) -> Locator info found for XPATH attribute as: //a[@href='/jbilling/config/index']
12:52:36,470 INFO  [BrowserSelenium] ENTER --> (_parseElementOnXpath)
12:52:36,471 INFO  [BrowserSelenium] (_parseElementOnXpath) -> //a[@href='/jbilling/config/index'] is used
12:52:36,471 INFO  [BrowserSelenium] EXIT --> (_parseElementOnXpath)
12:52:36,471 INFO  [BrowserSelenium] EXIT --> (_getByLocator)
12:52:36,710 INFO  [BrowserSelenium] ENTER --> (_getByLocator)
12:52:36,710 INFO  [BrowserSelenium] (_getByLocator) -> Getting locator for null
12:52:36,710 INFO  [BrowserSelenium] (_getByLocator) -> Locator info found for XPATH attribute as: //a[@href='/jbilling/config/index']
12:52:36,711 INFO  [BrowserSelenium] ENTER --> (_parseElementOnXpath)
12:52:36,711 INFO  [BrowserSelenium] (_parseElementOnXpath) -> //a[@href='/jbilling/config/index'] is used
12:52:36,711 INFO  [BrowserSelenium] EXIT --> (_parseElementOnXpath)
12:52:36,711 INFO  [BrowserSelenium] EXIT --> (_getByLocator)
12:52:36,731 INFO  [BrowserSelenium] ENTER --> (_getByLocator)
12:52:36,731 INFO  [BrowserSelenium] (_getByLocator) -> Getting locator for null
12:52:36,731 INFO  [BrowserSelenium] (_getByLocator) -> Locator info found for XPATH attribute as: //a[@href='/jbilling/config/index']
12:52:36,731 INFO  [BrowserSelenium] ENTER --> (_parseElementOnXpath)
12:52:36,731 INFO  [BrowserSelenium] (_parseElementOnXpath) -> //a[@href='/jbilling/config/index'] is used
12:52:36,731 INFO  [BrowserSelenium] EXIT --> (_parseElementOnXpath)
12:52:36,732 INFO  [BrowserSelenium] EXIT --> (_getByLocator)
12:52:36,749 INFO  [BrowserSelenium] ENTER --> (_getByLocator)
12:52:36,749 INFO  [BrowserSelenium] (_getByLocator) -> Getting locator for null
12:52:36,749 INFO  [BrowserSelenium] (_getByLocator) -> Locator info found for XPATH attribute as: //a[@href='/jbilling/config/index']
12:52:36,750 INFO  [BrowserSelenium] ENTER --> (_parseElementOnXpath)
12:52:36,750 INFO  [BrowserSelenium] (_parseElementOnXpath) -> //a[@href='/jbilling/config/index'] is used
12:52:36,750 INFO  [BrowserSelenium] EXIT --> (_parseElementOnXpath)
12:52:36,750 INFO  [BrowserSelenium] EXIT --> (_getByLocator)
12:52:36,771 INFO  [BrowserSelenium] ENTER --> (_getByLocator)
12:52:36,771 INFO  [BrowserSelenium] (_getByLocator) -> Getting locator for null
12:52:36,771 INFO  [BrowserSelenium] (_getByLocator) -> Locator info found for XPATH attribute as: //a[@href='/jbilling/config/index']
12:52:36,771 INFO  [BrowserSelenium] ENTER --> (_parseElementOnXpath)
12:52:36,772 INFO  [BrowserSelenium] (_parseElementOnXpath) -> //a[@href='/jbilling/config/index'] is used
12:52:36,772 INFO  [BrowserSelenium] EXIT --> (_parseElementOnXpath)
12:52:36,772 INFO  [BrowserSelenium] EXIT --> (_getByLocator)
12:52:36,789 INFO  [BrowserSelenium] ENTER --> (_getByLocator)
12:52:36,789 INFO  [BrowserSelenium] (_getByLocator) -> Getting locator for null
12:52:36,789 INFO  [BrowserSelenium] (_getByLocator) -> Locator info found for XPATH attribute as: //a[@href='/jbilling/config/index']
12:52:36,789 INFO  [BrowserSelenium] ENTER --> (_parseElementOnXpath)
12:52:36,789 INFO  [BrowserSelenium] (_parseElementOnXpath) -> //a[@href='/jbilling/config/index'] is used
12:52:36,789 INFO  [BrowserSelenium] EXIT --> (_parseElementOnXpath)
12:52:36,790 INFO  [BrowserSelenium] EXIT --> (_getByLocator)
12:52:36,808 INFO  [BrowserSelenium] ENTER --> (_getByLocator)
12:52:36,808 INFO  [BrowserSelenium] (_getByLocator) -> Getting locator for null
12:52:36,809 INFO  [BrowserSelenium] (_getByLocator) -> Locator info found for XPATH attribute as: //a[@href='/jbilling/config/index']
12:52:36,809 INFO  [BrowserSelenium] ENTER --> (_parseElementOnXpath)
12:52:36,809 INFO  [BrowserSelenium] (_parseElementOnXpath) -> //a[@href='/jbilling/config/index'] is used
12:52:36,809 INFO  [BrowserSelenium] EXIT --> (_parseElementOnXpath)
12:52:36,809 INFO  [BrowserSelenium] EXIT --> (_getByLocator)
12:52:36,827 INFO  [BrowserSelenium] ENTER --> (_getByLocator)
12:52:36,827 INFO  [BrowserSelenium] (_getByLocator) -> Getting locator for null
12:52:36,828 INFO  [BrowserSelenium] (_getByLocator) -> Locator info found for XPATH attribute as: //a[@href='/jbilling/config/index']
12:52:36,828 INFO  [BrowserSelenium] ENTER --> (_parseElementOnXpath)
12:52:36,828 INFO  [BrowserSelenium] (_parseElementOnXpath) -> //a[@href='/jbilling/config/index'] is used
12:52:36,828 INFO  [BrowserSelenium] EXIT --> (_parseElementOnXpath)
12:52:36,828 INFO  [BrowserSelenium] EXIT --> (_getByLocator)
12:52:36,846 INFO  [BrowserSelenium] ENTER --> (_getByLocator)
12:52:36,846 INFO  [BrowserSelenium] (_getByLocator) -> Getting locator for null
12:52:36,846 INFO  [BrowserSelenium] (_getByLocator) -> Locator info found for XPATH attribute as: //a[@href='/jbilling/config/index']
12:52:36,846 INFO  [BrowserSelenium] ENTER --> (_parseElementOnXpath)
12:52:36,846 INFO  [BrowserSelenium] (_parseElementOnXpath) -> //a[@href='/jbilling/config/index'] is used
12:52:36,847 INFO  [BrowserSelenium] EXIT --> (_parseElementOnXpath)
12:52:36,847 INFO  [BrowserSelenium] EXIT --> (_getByLocator)
12:52:36,864 INFO  [BrowserSelenium] ENTER --> (_getByLocator)
12:52:36,864 INFO  [BrowserSelenium] (_getByLocator) -> Getting locator for null
12:52:36,864 INFO  [BrowserSelenium] (_getByLocator) -> Locator info found for XPATH attribute as: //a[@href='/jbilling/config/index']
12:52:36,865 INFO  [BrowserSelenium] ENTER --> (_parseElementOnXpath)
12:52:36,865 INFO  [BrowserSelenium] (_parseElementOnXpath) -> //a[@href='/jbilling/config/index'] is used
12:52:36,865 INFO  [BrowserSelenium] EXIT --> (_parseElementOnXpath)
12:52:36,865 INFO  [BrowserSelenium] EXIT --> (_getByLocator)
12:52:36,887 INFO  [BrowserSelenium] ENTER --> (_getByLocator)
12:52:36,887 INFO  [BrowserSelenium] (_getByLocator) -> Getting locator for null
12:52:36,887 INFO  [BrowserSelenium] (_getByLocator) -> Locator info found for XPATH attribute as: //a[@href='/jbilling/config/index']
12:52:36,888 INFO  [BrowserSelenium] ENTER --> (_parseElementOnXpath)
12:52:36,888 INFO  [BrowserSelenium] (_parseElementOnXpath) -> //a[@href='/jbilling/config/index'] is used
12:52:36,888 INFO  [BrowserSelenium] EXIT --> (_parseElementOnXpath)
12:52:36,888 INFO  [BrowserSelenium] EXIT --> (_getByLocator)
12:52:36,913 INFO  [BrowserSelenium] ENTER --> (_getByLocator)
12:52:36,913 INFO  [BrowserSelenium] (_getByLocator) -> Getting locator for null
12:52:36,913 INFO  [BrowserSelenium] (_getByLocator) -> Locator info found for XPATH attribute as: //a[@href='/jbilling/config/index']
12:52:36,913 INFO  [BrowserSelenium] ENTER --> (_parseElementOnXpath)
12:52:36,913 INFO  [BrowserSelenium] (_parseElementOnXpath) -> //a[@href='/jbilling/config/index'] is used
12:52:36,914 INFO  [BrowserSelenium] EXIT --> (_parseElementOnXpath)
12:52:36,914 INFO  [BrowserSelenium] EXIT --> (_getByLocator)
12:52:36,938 INFO  [BrowserSelenium] ENTER --> (_getByLocator)
12:52:36,938 INFO  [BrowserSelenium] (_getByLocator) -> Getting locator for null
12:52:36,938 INFO  [BrowserSelenium] (_getByLocator) -> Locator info found for XPATH attribute as: //a[@href='/jbilling/config/index']
12:52:36,938 INFO  [BrowserSelenium] ENTER --> (_parseElementOnXpath)
12:52:36,939 INFO  [BrowserSelenium] (_parseElementOnXpath) -> //a[@href='/jbilling/config/index'] is used
12:52:36,939 INFO  [BrowserSelenium] EXIT --> (_parseElementOnXpath)
12:52:36,939 INFO  [BrowserSelenium] EXIT --> (_getByLocator)
12:52:36,962 INFO  [BrowserSelenium] ENTER --> (_getByLocator)
12:52:36,962 INFO  [BrowserSelenium] (_getByLocator) -> Getting locator for null
12:52:36,962 INFO  [BrowserSelenium] (_getByLocator) -> Locator info found for XPATH attribute as: //a[@href='/jbilling/config/index']
12:52:36,963 INFO  [BrowserSelenium] ENTER --> (_parseElementOnXpath)
12:52:36,963 INFO  [BrowserSelenium] (_parseElementOnXpath) -> //a[@href='/jbilling/config/index'] is used
12:52:36,963 INFO  [BrowserSelenium] EXIT --> (_parseElementOnXpath)
12:52:36,963 INFO  [BrowserSelenium] EXIT --> (_getByLocator)
12:52:36,987 INFO  [BrowserSelenium] ENTER --> (_getByLocator)
12:52:36,987 INFO  [BrowserSelenium] (_getByLocator) -> Getting locator for null
12:52:36,987 INFO  [BrowserSelenium] (_getByLocator) -> Locator info found for XPATH attribute as: //a[@href='/jbilling/config/index']
12:52:36,987 INFO  [BrowserSelenium] ENTER --> (_parseElementOnXpath)
12:52:36,987 INFO  [BrowserSelenium] (_parseElementOnXpath) -> //a[@href='/jbilling/config/index'] is used
12:52:36,987 INFO  [BrowserSelenium] EXIT --> (_parseElementOnXpath)
12:52:36,988 INFO  [BrowserSelenium] EXIT --> (_getByLocator)
12:52:37,007 INFO  [BrowserSelenium] ENTER --> (_getByLocator)
12:52:37,007 INFO  [BrowserSelenium] (_getByLocator) -> Getting locator for null
12:52:37,007 INFO  [BrowserSelenium] (_getByLocator) -> Locator info found for XPATH attribute as: //a[@href='/jbilling/config/index']
12:52:37,007 INFO  [BrowserSelenium] ENTER --> (_parseElementOnXpath)
12:52:37,008 INFO  [BrowserSelenium] (_parseElementOnXpath) -> //a[@href='/jbilling/config/index'] is used
12:52:37,008 INFO  [BrowserSelenium] EXIT --> (_parseElementOnXpath)
12:52:37,008 INFO  [BrowserSelenium] EXIT --> (_getByLocator)
12:52:37,024 INFO  [BrowserSelenium] ENTER --> (_getByLocator)
12:52:37,024 INFO  [BrowserSelenium] (_getByLocator) -> Getting locator for null
12:52:37,024 INFO  [BrowserSelenium] (_getByLocator) -> Locator info found for XPATH attribute as: //a[@href='/jbilling/config/index']
12:52:37,025 INFO  [BrowserSelenium] ENTER --> (_parseElementOnXpath)
12:52:37,025 INFO  [BrowserSelenium] (_parseElementOnXpath) -> //a[@href='/jbilling/config/index'] is used
12:52:37,025 INFO  [BrowserSelenium] EXIT --> (_parseElementOnXpath)
12:52:37,025 INFO  [BrowserSelenium] EXIT --> (_getByLocator)
12:52:37,043 INFO  [BrowserSelenium] ENTER --> (_getByLocator)
12:52:37,043 INFO  [BrowserSelenium] (_getByLocator) -> Getting locator for null
12:52:37,043 INFO  [BrowserSelenium] (_getByLocator) -> Locator info found for XPATH attribute as: //a[@href='/jbilling/config/index']
12:52:37,043 INFO  [BrowserSelenium] ENTER --> (_parseElementOnXpath)
12:52:37,043 INFO  [BrowserSelenium] (_parseElementOnXpath) -> //a[@href='/jbilling/config/index'] is used
12:52:37,043 INFO  [BrowserSelenium] EXIT --> (_parseElementOnXpath)
12:52:37,044 INFO  [BrowserSelenium] EXIT --> (_getByLocator)
12:52:37,061 INFO  [BrowserSelenium] ENTER --> (_getByLocator)
12:52:37,062 INFO  [BrowserSelenium] (_getByLocator) -> Getting locator for null
12:52:37,062 INFO  [BrowserSelenium] (_getByLocator) -> Locator info found for XPATH attribute as: //a[@href='/jbilling/config/index']
12:52:37,062 INFO  [BrowserSelenium] ENTER --> (_parseElementOnXpath)
12:52:37,062 INFO  [BrowserSelenium] (_parseElementOnXpath) -> //a[@href='/jbilling/config/index'] is used
12:52:37,062 INFO  [BrowserSelenium] EXIT --> (_parseElementOnXpath)
12:52:37,062 INFO  [BrowserSelenium] EXIT --> (_getByLocator)
12:52:37,080 INFO  [BrowserSelenium] ENTER --> (_getByLocator)
12:52:37,080 INFO  [BrowserSelenium] (_getByLocator) -> Getting locator for null
12:52:37,080 INFO  [BrowserSelenium] (_getByLocator) -> Locator info found for XPATH attribute as: //a[@href='/jbilling/config/index']
12:52:37,081 INFO  [BrowserSelenium] ENTER --> (_parseElementOnXpath)
12:52:37,081 INFO  [BrowserSelenium] (_parseElementOnXpath) -> //a[@href='/jbilling/config/index'] is used
12:52:37,081 INFO  [BrowserSelenium] EXIT --> (_parseElementOnXpath)
12:52:37,081 INFO  [BrowserSelenium] EXIT --> (_getByLocator)
12:52:37,099 INFO  [BrowserSelenium] ENTER --> (_getByLocator)
12:52:37,099 INFO  [BrowserSelenium] (_getByLocator) -> Getting locator for null
12:52:37,099 INFO  [BrowserSelenium] (_getByLocator) -> Locator info found for XPATH attribute as: //a[@href='/jbilling/config/index']
12:52:37,099 INFO  [BrowserSelenium] ENTER --> (_parseElementOnXpath)
12:52:37,099 INFO  [BrowserSelenium] (_parseElementOnXpath) -> //a[@href='/jbilling/config/index'] is used
12:52:37,099 INFO  [BrowserSelenium] EXIT --> (_parseElementOnXpath)
12:52:37,100 INFO  [BrowserSelenium] EXIT --> (_getByLocator)
12:52:37,117 INFO  [BrowserSelenium] ENTER --> (_getByLocator)
12:52:37,117 INFO  [BrowserSelenium] (_getByLocator) -> Getting locator for null
12:52:37,118 INFO  [BrowserSelenium] (_getByLocator) -> Locator info found for XPATH attribute as: //a[@href='/jbilling/config/index']
12:52:37,118 INFO  [BrowserSelenium] ENTER --> (_parseElementOnXpath)
12:52:37,118 INFO  [BrowserSelenium] (_parseElementOnXpath) -> //a[@href='/jbilling/config/index'] is used
12:52:37,118 INFO  [BrowserSelenium] EXIT --> (_parseElementOnXpath)
12:52:37,118 INFO  [BrowserSelenium] EXIT --> (_getByLocator)
12:52:37,136 INFO  [BrowserSelenium] ENTER --> (_getByLocator)
12:52:37,136 INFO  [BrowserSelenium] (_getByLocator) -> Getting locator for null
12:52:37,136 INFO  [BrowserSelenium] (_getByLocator) -> Locator info found for XPATH attribute as: //a[@href='/jbilling/config/index']
12:52:37,136 INFO  [BrowserSelenium] ENTER --> (_parseElementOnXpath)
12:52:37,136 INFO  [BrowserSelenium] (_parseElementOnXpath) -> //a[@href='/jbilling/config/index'] is used
12:52:37,136 INFO  [BrowserSelenium] EXIT --> (_parseElementOnXpath)
12:52:37,137 INFO  [BrowserSelenium] EXIT --> (_getByLocator)
12:52:37,149 INFO  [BrowserSelenium] ENTER --> (_getByLocator)
12:52:37,150 INFO  [BrowserSelenium] (_getByLocator) -> Getting locator for null
12:52:37,150 INFO  [BrowserSelenium] (_getByLocator) -> Locator info found for XPATH attribute as: //a[@href='/jbilling/config/index']
12:52:37,150 INFO  [BrowserSelenium] ENTER --> (_parseElementOnXpath)
12:52:37,150 INFO  [BrowserSelenium] (_parseElementOnXpath) -> //a[@href='/jbilling/config/index'] is used
12:52:37,150 INFO  [BrowserSelenium] EXIT --> (_parseElementOnXpath)
12:52:37,150 INFO  [BrowserSelenium] EXIT --> (_getByLocator)
12:53:07,423 INFO  [BrowserSelenium] ENTER --> (_getByLocator)
12:53:07,423 INFO  [BrowserSelenium] (_getByLocator) -> Getting locator for null
12:53:07,424 INFO  [BrowserSelenium] (_getByLocator) -> Locator info found for XPATH attribute as: //a[@href='/jbilling/config/index']
12:53:07,424 INFO  [BrowserSelenium] ENTER --> (_parseElementOnXpath)
12:53:07,424 INFO  [BrowserSelenium] (_parseElementOnXpath) -> //a[@href='/jbilling/config/index'] is used
12:53:07,424 INFO  [BrowserSelenium] EXIT --> (_parseElementOnXpath)
12:53:07,424 INFO  [BrowserSelenium] EXIT --> (_getByLocator)
12:53:07,431 INFO  [BrowserSelenium] ENTER --> (_clickUsingJavaScript)
12:53:07,458 INFO  [BrowserSelenium] EXIT --> (_clickUsingJavaScript)
12:53:07,459 INFO  [BrowserSelenium] EXIT --> (clickLinkText)
12:53:07,459 INFO  [BrowserSelenium] ENTER --> (initElements)
12:53:07,459 INFO  [BrowserSelenium] (initElements) -> ID set to field: 
12:53:07,460 INFO  [BrowserSelenium] (initElements) -> Name set to field: 
12:53:07,460 INFO  [BrowserSelenium] (initElements) -> CSS set to field: 
12:53:07,460 INFO  [BrowserSelenium] (initElements) -> XPath set to field: //div[@class='menu-items']/ul/li
12:53:07,460 INFO  [BrowserSelenium] (initElements) -> ID set to field: 
12:53:07,460 INFO  [BrowserSelenium] (initElements) -> Name set to field: 
12:53:07,461 INFO  [BrowserSelenium] (initElements) -> CSS set to field: 
12:53:07,461 INFO  [BrowserSelenium] (initElements) -> XPath set to field: //div[@id='column1']/div[@class='table-box']/table/tbody//td/a/strong
12:53:07,461 INFO  [BrowserSelenium] (initElements) -> ID set to field: 
12:53:07,461 INFO  [BrowserSelenium] (initElements) -> Name set to field: 
12:53:07,461 INFO  [BrowserSelenium] (initElements) -> CSS set to field: 
12:53:07,461 INFO  [BrowserSelenium] (initElements) -> XPath set to field: //span[text()='Add New']
12:53:07,462 INFO  [BrowserSelenium] (initElements) -> ID set to field: 
12:53:07,462 INFO  [BrowserSelenium] (initElements) -> Name set to field: 
12:53:07,462 INFO  [BrowserSelenium] (initElements) -> CSS set to field: 
12:53:07,462 INFO  [BrowserSelenium] (initElements) -> XPath set to field: //span[text()='Save Changes']
12:53:07,462 INFO  [BrowserSelenium] (initElements) -> ID set to field: 
12:53:07,462 INFO  [BrowserSelenium] (initElements) -> Name set to field: 
12:53:07,463 INFO  [BrowserSelenium] (initElements) -> CSS set to field: 
12:53:07,463 INFO  [BrowserSelenium] (initElements) -> XPath set to field: //span[text()='Cancel']
12:53:07,463 INFO  [BrowserSelenium] (initElements) -> ID set to field: 
12:53:07,463 INFO  [BrowserSelenium] (initElements) -> Name set to field: 
12:53:07,463 INFO  [BrowserSelenium] (initElements) -> CSS set to field: 
12:53:07,463 INFO  [BrowserSelenium] (initElements) -> XPath set to field: //span[text()='Upload File']
12:53:07,464 INFO  [BrowserSelenium] (initElements) -> ID set to field: 
12:53:07,464 INFO  [BrowserSelenium] (initElements) -> Name set to field: 
12:53:07,464 INFO  [BrowserSelenium] (initElements) -> CSS set to field: 
12:53:07,464 INFO  [BrowserSelenium] (initElements) -> XPath set to field: //input[@type='file']
12:53:07,464 INFO  [BrowserSelenium] (initElements) -> ID set to field: 
12:53:07,464 INFO  [BrowserSelenium] (initElements) -> Name set to field: 
12:53:07,465 INFO  [BrowserSelenium] (initElements) -> CSS set to field: 
12:53:07,465 INFO  [BrowserSelenium] (initElements) -> XPath set to field: //span[contains(text(),'Edit')]
12:53:07,465 INFO  [BrowserSelenium] (initElements) -> ID set to field: 
12:53:07,465 INFO  [BrowserSelenium] (initElements) -> Name set to field: 
12:53:07,465 INFO  [BrowserSelenium] (initElements) -> CSS set to field: 
12:53:07,465 INFO  [BrowserSelenium] (initElements) -> XPath set to field: //a[@class='submit save']
12:53:07,466 INFO  [BrowserSelenium] (initElements) -> ID set to field: 
12:53:07,466 INFO  [BrowserSelenium] (initElements) -> Name set to field: 
12:53:07,466 INFO  [BrowserSelenium] (initElements) -> CSS set to field: 
12:53:07,466 INFO  [BrowserSelenium] (initElements) -> XPath set to field: //select[@id='typeId']
12:53:07,466 INFO  [BrowserSelenium] (initElements) -> ID set to field: 
12:53:07,467 INFO  [BrowserSelenium] (initElements) -> Name set to field: 
12:53:07,467 INFO  [BrowserSelenium] (initElements) -> CSS set to field: 
12:53:07,467 INFO  [BrowserSelenium] (initElements) -> XPath set to field: //input[@id='processingOrder']
12:53:07,467 INFO  [BrowserSelenium] (initElements) -> ID set to field: 
12:53:07,468 INFO  [BrowserSelenium] (initElements) -> Name set to field: 
12:53:07,468 INFO  [BrowserSelenium] (initElements) -> CSS set to field: 
12:53:07,468 INFO  [BrowserSelenium] (initElements) -> XPath set to field: //input[@id='name']
12:53:07,468 INFO  [BrowserSelenium] (initElements) -> ID set to field: 
12:53:07,468 INFO  [BrowserSelenium] (initElements) -> Name set to field: 
12:53:07,468 INFO  [BrowserSelenium] (initElements) -> CSS set to field: 
12:53:07,469 INFO  [BrowserSelenium] (initElements) -> XPath set to field: //input[@id='plgDynamic.1.name']
12:53:07,469 INFO  [BrowserSelenium] (initElements) -> ID set to field: 
12:53:07,469 INFO  [BrowserSelenium] (initElements) -> Name set to field: 
12:53:07,469 INFO  [BrowserSelenium] (initElements) -> CSS set to field: 
12:53:07,470 INFO  [BrowserSelenium] (initElements) -> XPath set to field: //input[@id='plgDynamic.1.value']
12:53:07,470 INFO  [BrowserSelenium] (initElements) -> ID set to field: 
12:53:07,470 INFO  [BrowserSelenium] (initElements) -> Name set to field: 
12:53:07,470 INFO  [BrowserSelenium] (initElements) -> CSS set to field: 
12:53:07,471 INFO  [BrowserSelenium] (initElements) -> XPath set to field: //img[@alt='add']
12:53:07,471 INFO  [BrowserSelenium] (initElements) -> ID set to field: 
12:53:07,471 INFO  [BrowserSelenium] (initElements) -> Name set to field: 
12:53:07,471 INFO  [BrowserSelenium] (initElements) -> CSS set to field: 
12:53:07,471 INFO  [BrowserSelenium] (initElements) -> XPath set to field: //img[@alt='remove']
12:53:07,472 INFO  [BrowserSelenium] (initElements) -> ID set to field: 
12:53:07,472 INFO  [BrowserSelenium] (initElements) -> Name set to field: 
12:53:07,472 INFO  [BrowserSelenium] (initElements) -> CSS set to field: 
12:53:07,472 INFO  [BrowserSelenium] (initElements) -> XPath set to field: //span[text()='Save Plug-in']
12:53:07,473 INFO  [BrowserSelenium] (initElements) -> ID set to field: 
12:53:07,473 INFO  [BrowserSelenium] (initElements) -> Name set to field: 
12:53:07,473 INFO  [BrowserSelenium] (initElements) -> CSS set to field: 
12:53:07,473 INFO  [BrowserSelenium] (initElements) -> XPath set to field: //input[@id='nextRunDate']
12:53:07,473 INFO  [BrowserSelenium] (initElements) -> ID set to field: 
12:53:07,474 INFO  [BrowserSelenium] (initElements) -> Name set to field: 
12:53:07,474 INFO  [BrowserSelenium] (initElements) -> CSS set to field: 
12:53:07,474 INFO  [BrowserSelenium] (initElements) -> XPath set to field: //input[@id='generateReport']
12:53:07,474 INFO  [BrowserSelenium] (initElements) -> ID set to field: 
12:53:07,474 INFO  [BrowserSelenium] (initElements) -> Name set to field: 
12:53:07,475 INFO  [BrowserSelenium] (initElements) -> CSS set to field: 
12:53:07,475 INFO  [BrowserSelenium] (initElements) -> XPath set to field: //select[@id='periodUnitId']
12:53:07,475 INFO  [BrowserSelenium] (initElements) -> ID set to field: 
12:53:07,475 INFO  [BrowserSelenium] (initElements) -> Name set to field: 
12:53:07,475 INFO  [BrowserSelenium] (initElements) -> CSS set to field: 
12:53:07,475 INFO  [BrowserSelenium] (initElements) -> XPath set to field: //select[@id='usagePool.consumptionActions.1.type']
12:53:07,476 INFO  [BrowserSelenium] (initElements) -> ID set to field: 
12:53:07,476 INFO  [BrowserSelenium] (initElements) -> Name set to field: 
12:53:07,476 INFO  [BrowserSelenium] (initElements) -> CSS set to field: 
12:53:07,476 INFO  [BrowserSelenium] (initElements) -> XPath set to field: //select[@id='usagePool.consumptionActions.1.notificationId']
12:53:07,477 INFO  [BrowserSelenium] (initElements) -> ID set to field: 
12:53:07,477 INFO  [BrowserSelenium] (initElements) -> Name set to field: 
12:53:07,477 INFO  [BrowserSelenium] (initElements) -> CSS set to field: 
12:53:07,477 INFO  [BrowserSelenium] (initElements) -> XPath set to field: //select[@id='usagePool.consumptionActions.1.mediumType']
12:53:07,478 INFO  [BrowserSelenium] (initElements) -> ID set to field: 
12:53:07,478 INFO  [BrowserSelenium] (initElements) -> Name set to field: 
12:53:07,478 INFO  [BrowserSelenium] (initElements) -> CSS set to field: 
12:53:07,478 INFO  [BrowserSelenium] (initElements) -> XPath set to field: //select[@id='usagePool.consumptionActions.2.type']
12:53:07,478 INFO  [BrowserSelenium] (initElements) -> ID set to field: 
12:53:07,478 INFO  [BrowserSelenium] (initElements) -> Name set to field: 
12:53:07,479 INFO  [BrowserSelenium] (initElements) -> CSS set to field: 
12:53:07,479 INFO  [BrowserSelenium] (initElements) -> XPath set to field: //select[@id = 'usagePool.itemTypes']
12:53:07,479 INFO  [BrowserSelenium] (initElements) -> ID set to field: 
12:53:07,479 INFO  [BrowserSelenium] (initElements) -> Name set to field: 
12:53:07,480 INFO  [BrowserSelenium] (initElements) -> CSS set to field: 
12:53:07,480 INFO  [BrowserSelenium] (initElements) -> XPath set to field: //select[@id = 'usagePool.items']
12:53:07,480 INFO  [BrowserSelenium] (initElements) -> ID set to field: 
12:53:07,480 INFO  [BrowserSelenium] (initElements) -> Name set to field: 
12:53:07,481 INFO  [BrowserSelenium] (initElements) -> CSS set to field: 
12:53:07,481 INFO  [BrowserSelenium] (initElements) -> XPath set to field: //input[@id='maximumPeriods']
12:53:07,481 INFO  [BrowserSelenium] (initElements) -> ID set to field: 
12:53:07,481 INFO  [BrowserSelenium] (initElements) -> Name set to field: 
12:53:07,481 INFO  [BrowserSelenium] (initElements) -> CSS set to field: 
12:53:07,481 INFO  [BrowserSelenium] (initElements) -> XPath set to field: //input[@id='billing.proratingType.neverProrating']
12:53:07,482 INFO  [BrowserSelenium] (initElements) -> ID set to field: 
12:53:07,482 INFO  [BrowserSelenium] (initElements) -> Name set to field: 
12:53:07,482 INFO  [BrowserSelenium] (initElements) -> CSS set to field: 
12:53:07,482 INFO  [BrowserSelenium] (initElements) -> XPath set to field: //span[text()='Run Commission Process']
12:53:07,482 INFO  [BrowserSelenium] (initElements) -> ID set to field: 
12:53:07,482 INFO  [BrowserSelenium] (initElements) -> Name set to field: 
12:53:07,483 INFO  [BrowserSelenium] (initElements) -> CSS set to field: 
12:53:07,483 INFO  [BrowserSelenium] (initElements) -> XPath set to field: //span[text()='Run Billing']
12:53:07,483 INFO  [BrowserSelenium] (initElements) -> ID set to field: 
12:53:07,483 INFO  [BrowserSelenium] (initElements) -> Name set to field: 
12:53:07,483 INFO  [BrowserSelenium] (initElements) -> CSS set to field: 
12:53:07,483 INFO  [BrowserSelenium] (initElements) -> XPath set to field: //input[@id='obj[0].statusStr']
12:53:07,484 INFO  [BrowserSelenium] (initElements) -> ID set to field: 
12:53:07,484 INFO  [BrowserSelenium] (initElements) -> Name set to field: 
12:53:07,484 INFO  [BrowserSelenium] (initElements) -> CSS set to field: 
12:53:07,484 INFO  [BrowserSelenium] (initElements) -> XPath set to field: //input[@id='obj[0].days']
12:53:07,484 INFO  [BrowserSelenium] (initElements) -> ID set to field: 
12:53:07,484 INFO  [BrowserSelenium] (initElements) -> Name set to field: 
12:53:07,484 INFO  [BrowserSelenium] (initElements) -> CSS set to field: 
12:53:07,485 INFO  [BrowserSelenium] (initElements) -> XPath set to field: //input[@id='obj[0].sendNotification']
12:53:07,485 INFO  [BrowserSelenium] (initElements) -> ID set to field: 
12:53:07,485 INFO  [BrowserSelenium] (initElements) -> Name set to field: 
12:53:07,485 INFO  [BrowserSelenium] (initElements) -> CSS set to field: 
12:53:07,485 INFO  [BrowserSelenium] (initElements) -> XPath set to field: //input[@id='obj[0].paymentRetry']
12:53:07,485 INFO  [BrowserSelenium] (initElements) -> ID set to field: 
12:53:07,486 INFO  [BrowserSelenium] (initElements) -> Name set to field: 
12:53:07,486 INFO  [BrowserSelenium] (initElements) -> CSS set to field: 
12:53:07,486 INFO  [BrowserSelenium] (initElements) -> XPath set to field: //input[@id='obj[0].suspended']
12:53:07,486 INFO  [BrowserSelenium] (initElements) -> ID set to field: 
12:53:07,486 INFO  [BrowserSelenium] (initElements) -> Name set to field: 
12:53:07,486 INFO  [BrowserSelenium] (initElements) -> CSS set to field: 
12:53:07,487 INFO  [BrowserSelenium] (initElements) -> XPath set to field: //table[@id='ageingStepTable']/tbody/tr[2]/td[1]/strong
12:53:07,487 INFO  [BrowserSelenium] (initElements) -> ID set to field: 
12:53:07,487 INFO  [BrowserSelenium] (initElements) -> Name set to field: 
12:53:07,487 INFO  [BrowserSelenium] (initElements) -> CSS set to field: 
12:53:07,487 INFO  [BrowserSelenium] (initElements) -> XPath set to field: //input[@id='obj[1].statusStr']
12:53:07,488 INFO  [BrowserSelenium] (initElements) -> ID set to field: 
12:53:07,488 INFO  [BrowserSelenium] (initElements) -> Name set to field: 
12:53:07,488 INFO  [BrowserSelenium] (initElements) -> CSS set to field: 
12:53:07,488 INFO  [BrowserSelenium] (initElements) -> XPath set to field: //input[@id='obj[1].days']
12:53:07,488 INFO  [BrowserSelenium] (initElements) -> ID set to field: 
12:53:07,488 INFO  [BrowserSelenium] (initElements) -> Name set to field: 
12:53:07,489 INFO  [BrowserSelenium] (initElements) -> CSS set to field: 
12:53:07,489 INFO  [BrowserSelenium] (initElements) -> XPath set to field: //input[@id='obj[1].sendNotification']
12:53:07,489 INFO  [BrowserSelenium] (initElements) -> ID set to field: 
12:53:07,489 INFO  [BrowserSelenium] (initElements) -> Name set to field: 
12:53:07,489 INFO  [BrowserSelenium] (initElements) -> CSS set to field: 
12:53:07,489 INFO  [BrowserSelenium] (initElements) -> XPath set to field: //input[@id='obj[1].paymentRetry']
12:53:07,490 INFO  [BrowserSelenium] (initElements) -> ID set to field: 
12:53:07,490 INFO  [BrowserSelenium] (initElements) -> Name set to field: 
12:53:07,490 INFO  [BrowserSelenium] (initElements) -> CSS set to field: 
12:53:07,490 INFO  [BrowserSelenium] (initElements) -> XPath set to field: //input[@id='obj[1].suspended']
12:53:07,490 INFO  [BrowserSelenium] (initElements) -> ID set to field: 
12:53:07,490 INFO  [BrowserSelenium] (initElements) -> Name set to field: 
12:53:07,491 INFO  [BrowserSelenium] (initElements) -> CSS set to field: 
12:53:07,491 INFO  [BrowserSelenium] (initElements) -> XPath set to field: //input[@id='obj[2].statusStr']
12:53:07,491 INFO  [BrowserSelenium] (initElements) -> ID set to field: 
12:53:07,491 INFO  [BrowserSelenium] (initElements) -> Name set to field: 
12:53:07,491 INFO  [BrowserSelenium] (initElements) -> CSS set to field: 
12:53:07,491 INFO  [BrowserSelenium] (initElements) -> XPath set to field: //input[@id='obj[2].days']
12:53:07,492 INFO  [BrowserSelenium] (initElements) -> ID set to field: 
12:53:07,492 INFO  [BrowserSelenium] (initElements) -> Name set to field: 
12:53:07,492 INFO  [BrowserSelenium] (initElements) -> CSS set to field: 
12:53:07,492 INFO  [BrowserSelenium] (initElements) -> XPath set to field: //input[@id='obj[2].sendNotification']
12:53:07,492 INFO  [BrowserSelenium] (initElements) -> ID set to field: 
12:53:07,492 INFO  [BrowserSelenium] (initElements) -> Name set to field: 
12:53:07,492 INFO  [BrowserSelenium] (initElements) -> CSS set to field: 
12:53:07,493 INFO  [BrowserSelenium] (initElements) -> XPath set to field: //input[@id='obj[2].sendNotification']
12:53:07,493 INFO  [BrowserSelenium] (initElements) -> ID set to field: 
12:53:07,493 INFO  [BrowserSelenium] (initElements) -> Name set to field: 
12:53:07,493 INFO  [BrowserSelenium] (initElements) -> CSS set to field: 
12:53:07,493 INFO  [BrowserSelenium] (initElements) -> XPath set to field: //input[@id='obj[2].suspended']
12:53:07,494 INFO  [BrowserSelenium] (initElements) -> ID set to field: 
12:53:07,494 INFO  [BrowserSelenium] (initElements) -> Name set to field: 
12:53:07,494 INFO  [BrowserSelenium] (initElements) -> CSS set to field: 
12:53:07,494 INFO  [BrowserSelenium] (initElements) -> XPath set to field: //input[@id='obj[3].statusStr']
12:53:07,494 INFO  [BrowserSelenium] (initElements) -> ID set to field: 
12:53:07,494 INFO  [BrowserSelenium] (initElements) -> Name set to field: 
12:53:07,495 INFO  [BrowserSelenium] (initElements) -> CSS set to field: 
12:53:07,495 INFO  [BrowserSelenium] (initElements) -> XPath set to field: //input[@id='obj[3].days']
12:53:07,495 INFO  [BrowserSelenium] (initElements) -> ID set to field: 
12:53:07,495 INFO  [BrowserSelenium] (initElements) -> Name set to field: 
12:53:07,495 INFO  [BrowserSelenium] (initElements) -> CSS set to field: 
12:53:07,495 INFO  [BrowserSelenium] (initElements) -> XPath set to field: //input[@id='obj[3].sendNotification']
12:53:07,496 INFO  [BrowserSelenium] (initElements) -> ID set to field: 
12:53:07,496 INFO  [BrowserSelenium] (initElements) -> Name set to field: 
12:53:07,496 INFO  [BrowserSelenium] (initElements) -> CSS set to field: 
12:53:07,496 INFO  [BrowserSelenium] (initElements) -> XPath set to field: //input[@id='obj[3].paymentRetry']
12:53:07,497 INFO  [BrowserSelenium] (initElements) -> ID set to field: 
12:53:07,497 INFO  [BrowserSelenium] (initElements) -> Name set to field: 
12:53:07,497 INFO  [BrowserSelenium] (initElements) -> CSS set to field: 
12:53:07,498 INFO  [BrowserSelenium] (initElements) -> XPath set to field: //input[@name='obj[1].description_1']
12:53:07,501 INFO  [BrowserSelenium] (initElements) -> ID set to field: 
12:53:07,501 INFO  [BrowserSelenium] (initElements) -> Name set to field: 
12:53:07,501 INFO  [BrowserSelenium] (initElements) -> CSS set to field: 
12:53:07,501 INFO  [BrowserSelenium] (initElements) -> XPath set to field: //input[@name='obj[2].description_1']
12:53:07,502 INFO  [BrowserSelenium] (initElements) -> ID set to field: 
12:53:07,502 INFO  [BrowserSelenium] (initElements) -> Name set to field: 
12:53:07,502 INFO  [BrowserSelenium] (initElements) -> CSS set to field: 
12:53:07,502 INFO  [BrowserSelenium] (initElements) -> XPath set to field: //input[@name='obj[3].description_1']
12:53:07,502 INFO  [BrowserSelenium] (initElements) -> ID set to field: 
12:53:07,502 INFO  [BrowserSelenium] (initElements) -> Name set to field: 
12:53:07,503 INFO  [BrowserSelenium] (initElements) -> CSS set to field: 
12:53:07,503 INFO  [BrowserSelenium] (initElements) -> XPath set to field: //input[@id='obj[3].suspended']
12:53:07,503 INFO  [BrowserSelenium] (initElements) -> ID set to field: 
12:53:07,503 INFO  [BrowserSelenium] (initElements) -> Name set to field: 
12:53:07,503 INFO  [BrowserSelenium] (initElements) -> CSS set to field: 
12:53:07,503 INFO  [BrowserSelenium] (initElements) -> XPath set to field: //input[@id='collectionsRunDate']
12:53:07,504 INFO  [BrowserSelenium] (initElements) -> ID set to field: 
12:53:07,504 INFO  [BrowserSelenium] (initElements) -> Name set to field: 
12:53:07,504 INFO  [BrowserSelenium] (initElements) -> CSS set to field: 
12:53:07,504 INFO  [BrowserSelenium] (initElements) -> XPath set to field: //input[@id='run' and @value='Run Collections']
12:53:07,504 INFO  [BrowserSelenium] (initElements) -> ID set to field: 
12:53:07,504 INFO  [BrowserSelenium] (initElements) -> Name set to field: 
12:53:07,505 INFO  [BrowserSelenium] (initElements) -> CSS set to field: 
12:53:07,505 INFO  [BrowserSelenium] (initElements) -> XPath set to field: //span[text()='Run Collections']
12:53:07,505 INFO  [BrowserSelenium] (initElements) -> ID set to field: 
12:53:07,505 INFO  [BrowserSelenium] (initElements) -> Name set to field: 
12:53:07,505 INFO  [BrowserSelenium] (initElements) -> CSS set to field: 
12:53:07,505 INFO  [BrowserSelenium] (initElements) -> XPath set to field: //img[@alt='add']
12:53:07,506 INFO  [BrowserSelenium] (initElements) -> ID set to field: 
12:53:07,506 INFO  [BrowserSelenium] (initElements) -> Name set to field: 
12:53:07,506 INFO  [BrowserSelenium] (initElements) -> CSS set to field: 
12:53:07,506 INFO  [BrowserSelenium] (initElements) -> XPath set to field: //table[@id='users']/tbody//td/a/strong
12:53:07,506 INFO  [BrowserSelenium] (initElements) -> ID set to field: 
12:53:07,506 INFO  [BrowserSelenium] (initElements) -> Name set to field: 
12:53:07,507 INFO  [BrowserSelenium] (initElements) -> CSS set to field: 
12:53:07,507 INFO  [BrowserSelenium] (initElements) -> XPath set to field: //table[@id='usagePools']/tbody//td/a/strong
12:53:07,507 INFO  [BrowserSelenium] (initElements) -> ID set to field: 
12:53:07,507 INFO  [BrowserSelenium] (initElements) -> Name set to field: 
12:53:07,507 INFO  [BrowserSelenium] (initElements) -> CSS set to field: 
12:53:07,507 INFO  [BrowserSelenium] (initElements) -> XPath set to field: //table[@id='data_grid_column1']/tbody//td/div
12:53:07,508 INFO  [BrowserSelenium] (initElements) -> ID set to field: 
12:53:07,508 INFO  [BrowserSelenium] (initElements) -> Name set to field: 
12:53:07,508 INFO  [BrowserSelenium] (initElements) -> CSS set to field: 
12:53:07,508 INFO  [BrowserSelenium] (initElements) -> XPath set to field: //table[@id='users']
12:53:07,508 INFO  [BrowserSelenium] (initElements) -> ID set to field: 
12:53:07,508 INFO  [BrowserSelenium] (initElements) -> Name set to field: 
12:53:07,509 INFO  [BrowserSelenium] (initElements) -> CSS set to field: 
12:53:07,509 INFO  [BrowserSelenium] (initElements) -> XPath set to field: //table[@id='users']/tbody//td/a/strong
12:53:07,509 INFO  [BrowserSelenium] (initElements) -> ID set to field: 
12:53:07,509 INFO  [BrowserSelenium] (initElements) -> Name set to field: 
12:53:07,509 INFO  [BrowserSelenium] (initElements) -> CSS set to field: 
12:53:07,509 INFO  [BrowserSelenium] (initElements) -> XPath set to field: //span[text()='Permissions']
12:53:07,510 INFO  [BrowserSelenium] (initElements) -> ID set to field: 
12:53:07,510 INFO  [BrowserSelenium] (initElements) -> Name set to field: 
12:53:07,510 INFO  [BrowserSelenium] (initElements) -> CSS set to field: 
12:53:07,510 INFO  [BrowserSelenium] (initElements) -> XPath set to field: //label[contains(text(),'Edit plug-in')]/preceding-sibling::input[@type='box']
12:53:07,510 INFO  [BrowserSelenium] (initElements) -> ID set to field: 
12:53:07,511 INFO  [BrowserSelenium] (initElements) -> Name set to field: 
12:53:07,511 INFO  [BrowserSelenium] (initElements) -> CSS set to field: 
12:53:07,511 INFO  [BrowserSelenium] (initElements) -> XPath set to field: //input[@id = 'permission.1902']
12:53:07,511 INFO  [BrowserSelenium] (initElements) -> ID set to field: 
12:53:07,511 INFO  [BrowserSelenium] (initElements) -> Name set to field: 
12:53:07,511 INFO  [BrowserSelenium] (initElements) -> CSS set to field: 
12:53:07,512 INFO  [BrowserSelenium] (initElements) -> XPath set to field: //label[contains(text(),'Edit payment')]/preceding-sibling::input[@type='checkbox']
12:53:07,512 INFO  [BrowserSelenium] (initElements) -> ID set to field: 
12:53:07,512 INFO  [BrowserSelenium] (initElements) -> Name set to field: 
12:53:07,512 INFO  [BrowserSelenium] (initElements) -> CSS set to field: 
12:53:07,512 INFO  [BrowserSelenium] (initElements) -> XPath set to field: //label[contains(text(),'Delete payment')]/preceding-sibling::input[@type='checkbox']
12:53:07,512 INFO  [BrowserSelenium] (initElements) -> ID set to field: 
12:53:07,513 INFO  [BrowserSelenium] (initElements) -> Name set to field: 
12:53:07,513 INFO  [BrowserSelenium] (initElements) -> CSS set to field: 
12:53:07,513 INFO  [BrowserSelenium] (initElements) -> XPath set to field: //span[contains(text(),'Copy Company')]
12:53:07,513 INFO  [BrowserSelenium] (initElements) -> ID set to field: 
12:53:07,513 INFO  [BrowserSelenium] (initElements) -> Name set to field: 
12:53:07,513 INFO  [BrowserSelenium] (initElements) -> CSS set to field: 
12:53:07,514 INFO  [BrowserSelenium] (initElements) -> XPath set to field: //input[@id='isCompanyChild']
12:53:07,514 INFO  [BrowserSelenium] (initElements) -> ID set to field: 
12:53:07,514 INFO  [BrowserSelenium] (initElements) -> Name set to field: 
12:53:07,514 INFO  [BrowserSelenium] (initElements) -> CSS set to field: 
12:53:07,514 INFO  [BrowserSelenium] (initElements) -> XPath set to field: //input[@id='childCompany']
12:53:07,515 INFO  [BrowserSelenium] (initElements) -> ID set to field: 
12:53:07,515 INFO  [BrowserSelenium] (initElements) -> Name set to field: 
12:53:07,515 INFO  [BrowserSelenium] (initElements) -> CSS set to field: 
12:53:07,515 INFO  [BrowserSelenium] (initElements) -> XPath set to field: //button/span[text()='Yes']
12:53:07,516 INFO  [BrowserSelenium] (initElements) -> ID set to field: 
12:53:07,516 INFO  [BrowserSelenium] (initElements) -> Name set to field: 
12:53:07,516 INFO  [BrowserSelenium] (initElements) -> CSS set to field: 
12:53:07,517 INFO  [BrowserSelenium] (initElements) -> XPath set to field: //button/span[text()='No']
12:53:07,517 INFO  [BrowserSelenium] (initElements) -> ID set to field: 
12:53:07,517 INFO  [BrowserSelenium] (initElements) -> Name set to field: 
12:53:07,517 INFO  [BrowserSelenium] (initElements) -> CSS set to field: 
12:53:07,518 INFO  [BrowserSelenium] (initElements) -> XPath set to field: //strong[text()='Done']/../p
12:53:07,518 INFO  [BrowserSelenium] (initElements) -> ID set to field: 
12:53:07,518 INFO  [BrowserSelenium] (initElements) -> Name set to field: 
12:53:07,519 INFO  [BrowserSelenium] (initElements) -> CSS set to field: 
12:53:07,520 INFO  [BrowserSelenium] (initElements) -> XPath set to field: //input[@id='name']
12:53:07,520 INFO  [BrowserSelenium] (initElements) -> ID set to field: 
12:53:07,520 INFO  [BrowserSelenium] (initElements) -> Name set to field: 
12:53:07,520 INFO  [BrowserSelenium] (initElements) -> CSS set to field: 
12:53:07,520 INFO  [BrowserSelenium] (initElements) -> XPath set to field: //input[@id='orderValue']
12:53:07,520 INFO  [BrowserSelenium] (initElements) -> ID set to field: 
12:53:07,521 INFO  [BrowserSelenium] (initElements) -> Name set to field: 
12:53:07,521 INFO  [BrowserSelenium] (initElements) -> CSS set to field: 
12:53:07,521 INFO  [BrowserSelenium] (initElements) -> XPath set to field: //select[@id='mediationJobLauncher']
12:53:07,521 INFO  [BrowserSelenium] (initElements) -> ID set to field: 
12:53:07,521 INFO  [BrowserSelenium] (initElements) -> Name set to field: 
12:53:07,521 INFO  [BrowserSelenium] (initElements) -> CSS set to field: 
12:53:07,521 INFO  [BrowserSelenium] (initElements) -> XPath set to field: //input[@id='global']
12:53:07,521 INFO  [BrowserSelenium] (initElements) -> ID set to field: 
12:53:07,522 INFO  [BrowserSelenium] (initElements) -> Name set to field: 
12:53:07,522 INFO  [BrowserSelenium] (initElements) -> CSS set to field: 
12:53:07,522 INFO  [BrowserSelenium] (initElements) -> XPath set to field: //span[text()='Run Mediation']
12:53:07,522 INFO  [BrowserSelenium] (initElements) -> ID set to field: 
12:53:07,522 INFO  [BrowserSelenium] (initElements) -> Name set to field: 
12:53:07,522 INFO  [BrowserSelenium] (initElements) -> CSS set to field: 
12:53:07,522 INFO  [BrowserSelenium] (initElements) -> XPath set to field: //input[@id='description']
12:53:07,522 INFO  [BrowserSelenium] (initElements) -> ID set to field: 
12:53:07,523 INFO  [BrowserSelenium] (initElements) -> Name set to field: 
12:53:07,523 INFO  [BrowserSelenium] (initElements) -> CSS set to field: 
12:53:07,523 INFO  [BrowserSelenium] (initElements) -> XPath set to field: //select[@id='periodUnitId']
12:53:07,523 INFO  [BrowserSelenium] (initElements) -> ID set to field: 
12:53:07,523 INFO  [BrowserSelenium] (initElements) -> Name set to field: 
12:53:07,523 INFO  [BrowserSelenium] (initElements) -> CSS set to field: 
12:53:07,523 INFO  [BrowserSelenium] (initElements) -> XPath set to field: //input[@id='value']
12:53:07,523 INFO  [BrowserSelenium] (initElements) -> ID set to field: 
12:53:07,524 INFO  [BrowserSelenium] (initElements) -> Name set to field: 
12:53:07,524 INFO  [BrowserSelenium] (initElements) -> CSS set to field: 
12:53:07,524 INFO  [BrowserSelenium] (initElements) -> XPath set to field: //strong[text()='Should use JQGrid for tables']/parent::a
12:53:07,524 INFO  [BrowserSelenium] (initElements) -> ID set to field: 
12:53:07,524 INFO  [BrowserSelenium] (initElements) -> Name set to field: 
12:53:07,524 INFO  [BrowserSelenium] (initElements) -> CSS set to field: 
12:53:07,524 INFO  [BrowserSelenium] (initElements) -> XPath set to field: //div[text()='Should use JQGrid for tables']/parent::td
12:53:07,524 INFO  [BrowserSelenium] (initElements) -> ID set to field: 
12:53:07,524 INFO  [BrowserSelenium] (initElements) -> Name set to field: 
12:53:07,525 INFO  [BrowserSelenium] (initElements) -> CSS set to field: 
12:53:07,525 INFO  [BrowserSelenium] (initElements) -> XPath set to field: //strong[text()='ITG invoice notification']/parent::a
12:53:07,525 INFO  [BrowserSelenium] (initElements) -> ID set to field: 
12:53:07,525 INFO  [BrowserSelenium] (initElements) -> Name set to field: 
12:53:07,525 INFO  [BrowserSelenium] (initElements) -> CSS set to field: 
12:53:07,525 INFO  [BrowserSelenium] (initElements) -> XPath set to field: //input[@id='preference.value']
12:53:07,525 INFO  [BrowserSelenium] (initElements) -> ID set to field: 
12:53:07,526 INFO  [BrowserSelenium] (initElements) -> Name set to field: 
12:53:07,526 INFO  [BrowserSelenium] (initElements) -> CSS set to field: 
12:53:07,527 INFO  [BrowserSelenium] (initElements) -> XPath set to field: //input[@id='description']
12:53:07,527 INFO  [BrowserSelenium] (initElements) -> ID set to field: 
12:53:07,527 INFO  [BrowserSelenium] (initElements) -> Name set to field: 
12:53:07,527 INFO  [BrowserSelenium] (initElements) -> CSS set to field: 
12:53:07,528 INFO  [BrowserSelenium] (initElements) -> XPath set to field: //input[@id='mainSubscription.nextInvoiceDayOfPeriod']
12:53:07,528 INFO  [BrowserSelenium] (initElements) -> ID set to field: 
12:53:07,528 INFO  [BrowserSelenium] (initElements) -> Name set to field: 
12:53:07,528 INFO  [BrowserSelenium] (initElements) -> CSS set to field: 
12:53:07,528 INFO  [BrowserSelenium] (initElements) -> XPath set to field: //input[@id='invoiceDesign']
12:53:07,528 INFO  [BrowserSelenium] (initElements) -> ID set to field: 
12:53:07,528 INFO  [BrowserSelenium] (initElements) -> Name set to field: 
12:53:07,528 INFO  [BrowserSelenium] (initElements) -> CSS set to field: 
12:53:07,529 INFO  [BrowserSelenium] (initElements) -> XPath set to field: //table[@id='periods']
12:53:07,529 INFO  [BrowserSelenium] (initElements) -> ID set to field: 
12:53:07,529 INFO  [BrowserSelenium] (initElements) -> Name set to field: 
12:53:07,529 INFO  [BrowserSelenium] (initElements) -> CSS set to field: 
12:53:07,529 INFO  [BrowserSelenium] (initElements) -> XPath set to field: //input[@class='cb checkbox']
12:53:07,529 INFO  [BrowserSelenium] (initElements) -> ID set to field: 
12:53:07,529 INFO  [BrowserSelenium] (initElements) -> Name set to field: 
12:53:07,529 INFO  [BrowserSelenium] (initElements) -> CSS set to field: 
12:53:07,529 INFO  [BrowserSelenium] (initElements) -> XPath set to field: //table[@id='periods']/tbody//td/a/strong
12:53:07,530 INFO  [BrowserSelenium] (initElements) -> ID set to field: 
12:53:07,530 INFO  [BrowserSelenium] (initElements) -> Name set to field: 
12:53:07,530 INFO  [BrowserSelenium] (initElements) -> CSS set to field: 
12:53:07,530 INFO  [BrowserSelenium] (initElements) -> XPath set to field: //table[@id='categories']
12:53:07,530 INFO  [BrowserSelenium] (initElements) -> ID set to field: 
12:53:07,530 INFO  [BrowserSelenium] (initElements) -> Name set to field: 
12:53:07,530 INFO  [BrowserSelenium] (initElements) -> CSS set to field: 
12:53:07,531 INFO  [BrowserSelenium] (initElements) -> XPath set to field: //table[@id='periods']/tbody/tr[1]/td/a[1]/strong
12:53:07,531 INFO  [BrowserSelenium] (initElements) -> ID set to field: 
12:53:07,531 INFO  [BrowserSelenium] (initElements) -> Name set to field: 
12:53:07,531 INFO  [BrowserSelenium] (initElements) -> CSS set to field: 
12:53:07,531 INFO  [BrowserSelenium] (initElements) -> XPath set to field: //span[text()='Add Information Type']
12:53:07,531 INFO  [BrowserSelenium] (initElements) -> ID set to field: 
12:53:07,532 INFO  [BrowserSelenium] (initElements) -> Name set to field: 
12:53:07,532 INFO  [BrowserSelenium] (initElements) -> CSS set to field: 
12:53:07,532 INFO  [BrowserSelenium] (initElements) -> XPath set to field: //input[@id='name']
12:53:07,532 INFO  [BrowserSelenium] (initElements) -> ID set to field: 
12:53:07,532 INFO  [BrowserSelenium] (initElements) -> Name set to field: 
12:53:07,532 INFO  [BrowserSelenium] (initElements) -> CSS set to field: 
12:53:07,533 INFO  [BrowserSelenium] (initElements) -> XPath set to field: //span[text()='Add New Metafield']
12:53:07,533 INFO  [BrowserSelenium] (initElements) -> ID set to field: 
12:53:07,533 INFO  [BrowserSelenium] (initElements) -> Name set to field: 
12:53:07,534 INFO  [BrowserSelenium] (initElements) -> CSS set to field: 
12:53:07,534 INFO  [BrowserSelenium] (initElements) -> XPath set to field: //span[text()='-']/parent::li
12:53:07,534 INFO  [BrowserSelenium] (initElements) -> ID set to field: 
12:53:07,534 INFO  [BrowserSelenium] (initElements) -> Name set to field: 
12:53:07,534 INFO  [BrowserSelenium] (initElements) -> CSS set to field: 
12:53:07,535 INFO  [BrowserSelenium] (initElements) -> XPath set to field: //span[text()='-']
12:53:07,535 INFO  [BrowserSelenium] (initElements) -> ID set to field: 
12:53:07,535 INFO  [BrowserSelenium] (initElements) -> Name set to field: 
12:53:07,535 INFO  [BrowserSelenium] (initElements) -> CSS set to field: 
12:53:07,535 INFO  [BrowserSelenium] (initElements) -> XPath set to field: //input[@id='metaField0.name']
12:53:07,535 INFO  [BrowserSelenium] (initElements) -> ID set to field: 
12:53:07,536 INFO  [BrowserSelenium] (initElements) -> Name set to field: 
12:53:07,536 INFO  [BrowserSelenium] (initElements) -> CSS set to field: 
12:53:07,536 INFO  [BrowserSelenium] (initElements) -> XPath set to field: //select[@id='fieldType0']
12:53:07,536 INFO  [BrowserSelenium] (initElements) -> ID set to field: 
12:53:07,536 INFO  [BrowserSelenium] (initElements) -> Name set to field: 
12:53:07,536 INFO  [BrowserSelenium] (initElements) -> CSS set to field: 
12:53:07,537 INFO  [BrowserSelenium] (initElements) -> XPath set to field: //li[contains(@class,'active')]/following::li//a/span[contains(text(),'Update')]
12:53:07,537 INFO  [BrowserSelenium] (initElements) -> ID set to field: 
12:53:07,537 INFO  [BrowserSelenium] (initElements) -> Name set to field: 
12:53:07,537 INFO  [BrowserSelenium] (initElements) -> CSS set to field: 
12:53:07,537 INFO  [BrowserSelenium] (initElements) -> XPath set to field: //li[contains(@class,'active')]/following::li//a/span[contains(text(),'Remove')]
12:53:07,537 INFO  [BrowserSelenium] (initElements) -> ID set to field: 
12:53:07,538 INFO  [BrowserSelenium] (initElements) -> Name set to field: 
12:53:07,538 INFO  [BrowserSelenium] (initElements) -> CSS set to field: 
12:53:07,538 INFO  [BrowserSelenium] (initElements) -> XPath set to field: //div[@id='review-box']//span[text()='Save Changes']
12:53:07,538 INFO  [BrowserSelenium] (initElements) -> ID set to field: 
12:53:07,538 INFO  [BrowserSelenium] (initElements) -> Name set to field: 
12:53:07,538 INFO  [BrowserSelenium] (initElements) -> CSS set to field: 
12:53:07,538 INFO  [BrowserSelenium] (initElements) -> XPath set to field: //span[text()='Prices']
12:53:07,539 INFO  [BrowserSelenium] (initElements) -> ID set to field: 
12:53:07,539 INFO  [BrowserSelenium] (initElements) -> Name set to field: 
12:53:07,539 INFO  [BrowserSelenium] (initElements) -> CSS set to field: 
12:53:07,539 INFO  [BrowserSelenium] (initElements) -> XPath set to field: //select[@id='typeId']
12:53:07,539 INFO  [BrowserSelenium] (initElements) -> ID set to field: 
12:53:07,539 INFO  [BrowserSelenium] (initElements) -> Name set to field: 
12:53:07,540 INFO  [BrowserSelenium] (initElements) -> CSS set to field: 
12:53:07,540 INFO  [BrowserSelenium] (initElements) -> XPath set to field: //table[@id='products']
12:53:07,540 INFO  [BrowserSelenium] (initElements) -> ID set to field: 
12:53:07,540 INFO  [BrowserSelenium] (initElements) -> Name set to field: 
12:53:07,540 INFO  [BrowserSelenium] (initElements) -> CSS set to field: 
12:53:07,540 INFO  [BrowserSelenium] (initElements) -> XPath set to field: //table[@id='products']/tbody//td/a/strong
12:53:07,541 INFO  [BrowserSelenium] (initElements) -> ID set to field: 
12:53:07,541 INFO  [BrowserSelenium] (initElements) -> Name set to field: 
12:53:07,541 INFO  [BrowserSelenium] (initElements) -> CSS set to field: 
12:53:07,541 INFO  [BrowserSelenium] (initElements) -> XPath set to field: //span[text()='Add price']
12:53:07,541 INFO  [BrowserSelenium] (initElements) -> ID set to field: 
12:53:07,541 INFO  [BrowserSelenium] (initElements) -> Name set to field: 
12:53:07,542 INFO  [BrowserSelenium] (initElements) -> CSS set to field: 
12:53:07,542 INFO  [BrowserSelenium] (initElements) -> XPath set to field: //input[@id = 'model.0.rateAsDecimal']
12:53:07,542 INFO  [BrowserSelenium] (initElements) -> ID set to field: 
12:53:07,542 INFO  [BrowserSelenium] (initElements) -> Name set to field: 
12:53:07,542 INFO  [BrowserSelenium] (initElements) -> CSS set to field: 
12:53:07,542 INFO  [BrowserSelenium] (initElements) -> XPath set to field: //img[@alt='edit']
12:53:07,543 INFO  [BrowserSelenium] (initElements) -> ID set to field: 
12:53:07,543 INFO  [BrowserSelenium] (initElements) -> Name set to field: 
12:53:07,543 INFO  [BrowserSelenium] (initElements) -> CSS set to field: 
12:53:07,543 INFO  [BrowserSelenium] (initElements) -> XPath set to field: //select[@id='templateId']
12:53:07,543 INFO  [BrowserSelenium] (initElements) -> ID set to field: 
12:53:07,543 INFO  [BrowserSelenium] (initElements) -> Name set to field: 
12:53:07,544 INFO  [BrowserSelenium] (initElements) -> CSS set to field: 
12:53:07,544 INFO  [BrowserSelenium] (initElements) -> XPath set to field: //option[text()='Payment Card']
12:53:07,544 INFO  [BrowserSelenium] (initElements) -> ID set to field: methodName
12:53:07,544 INFO  [BrowserSelenium] (initElements) -> Name set to field: 
12:53:07,544 INFO  [BrowserSelenium] (initElements) -> CSS set to field: 
12:53:07,544 INFO  [BrowserSelenium] (initElements) -> XPath set to field: 
12:53:07,545 INFO  [BrowserSelenium] (initElements) -> ID set to field: isRecurring
12:53:07,545 INFO  [BrowserSelenium] (initElements) -> Name set to field: 
12:53:07,545 INFO  [BrowserSelenium] (initElements) -> CSS set to field: 
12:53:07,545 INFO  [BrowserSelenium] (initElements) -> XPath set to field: 
12:53:07,545 INFO  [BrowserSelenium] (initElements) -> ID set to field: allAccount
12:53:07,545 INFO  [BrowserSelenium] (initElements) -> Name set to field: 
12:53:07,546 INFO  [BrowserSelenium] (initElements) -> CSS set to field: 
12:53:07,546 INFO  [BrowserSelenium] (initElements) -> XPath set to field: 
12:53:07,546 INFO  [BrowserSelenium] (initElements) -> ID set to field: 
12:53:07,546 INFO  [BrowserSelenium] (initElements) -> Name set to field: 
12:53:07,546 INFO  [BrowserSelenium] (initElements) -> CSS set to field: 
12:53:07,546 INFO  [BrowserSelenium] (initElements) -> XPath set to field: //select[@id='accountTypes']
12:53:07,547 INFO  [BrowserSelenium] (initElements) -> ID set to field: 
12:53:07,547 INFO  [BrowserSelenium] (initElements) -> Name set to field: 
12:53:07,547 INFO  [BrowserSelenium] (initElements) -> CSS set to field: 
12:53:07,547 INFO  [BrowserSelenium] (initElements) -> XPath set to field: //span[text()='cc.number']/parent::li
12:53:07,547 INFO  [BrowserSelenium] (initElements) -> ID set to field: 
12:53:07,547 INFO  [BrowserSelenium] (initElements) -> Name set to field: 
12:53:07,547 INFO  [BrowserSelenium] (initElements) -> CSS set to field: 
12:53:07,547 INFO  [BrowserSelenium] (initElements) -> XPath set to field: //span[text() = 'cc.number']
12:53:07,548 INFO  [BrowserSelenium] (initElements) -> ID set to field: 
12:53:07,548 INFO  [BrowserSelenium] (initElements) -> Name set to field: 
12:53:07,548 INFO  [BrowserSelenium] (initElements) -> CSS set to field: 
12:53:07,548 INFO  [BrowserSelenium] (initElements) -> XPath set to field: //span[text()='cc.number']/parent::li/following::li[contains(@id,'editor')]//select[contains(@id,'newDescriptionLanguage')]
12:53:07,548 INFO  [BrowserSelenium] (initElements) -> ID set to field: 
12:53:07,548 INFO  [BrowserSelenium] (initElements) -> Name set to field: 
12:53:07,548 INFO  [BrowserSelenium] (initElements) -> CSS set to field: 
12:53:07,548 INFO  [BrowserSelenium] (initElements) -> XPath set to field: //span[text()='cc.number']/parent::li/following::li[contains(@id,'editor')]//a[contains(@onclick,'addNewDescription')]/img
12:53:07,548 INFO  [BrowserSelenium] (initElements) -> ID set to field: 
12:53:07,549 INFO  [BrowserSelenium] (initElements) -> Name set to field: 
12:53:07,549 INFO  [BrowserSelenium] (initElements) -> CSS set to field: 
12:53:07,549 INFO  [BrowserSelenium] (initElements) -> XPath set to field: //span[text()='cc.number']/../..//label[text()='English Error message']/../div/input[1]
12:53:07,549 INFO  [BrowserSelenium] (initElements) -> ID set to field: 
12:53:07,549 INFO  [BrowserSelenium] (initElements) -> Name set to field: 
12:53:07,549 INFO  [BrowserSelenium] (initElements) -> CSS set to field: 
12:53:07,550 INFO  [BrowserSelenium] (initElements) -> XPath set to field: //span[text()='cc.number']/parent::li/following::li//div[contains(@id,'descriptions')]//a/img[contains(@src,'cross.png')]
12:53:07,550 INFO  [BrowserSelenium] (initElements) -> ID set to field: 
12:53:07,550 INFO  [BrowserSelenium] (initElements) -> Name set to field: 
12:53:07,550 INFO  [BrowserSelenium] (initElements) -> CSS set to field: 
12:53:07,550 INFO  [BrowserSelenium] (initElements) -> XPath set to field: //span[text()='cc.number']/parent::li/following::li[contains(@id,'editor')]//a//span[text()='Update']
12:53:07,550 INFO  [BrowserSelenium] (initElements) -> ID set to field: 
12:53:07,550 INFO  [BrowserSelenium] (initElements) -> Name set to field: 
12:53:07,550 INFO  [BrowserSelenium] (initElements) -> CSS set to field: 
12:53:07,551 INFO  [BrowserSelenium] (initElements) -> XPath set to field: //span[text()='cc.expiry.date']/parent::li
12:53:07,551 INFO  [BrowserSelenium] (initElements) -> ID set to field: 
12:53:07,551 INFO  [BrowserSelenium] (initElements) -> Name set to field: 
12:53:07,551 INFO  [BrowserSelenium] (initElements) -> CSS set to field: 
12:53:07,551 INFO  [BrowserSelenium] (initElements) -> XPath set to field: //span[text()='cc.expiry.date']/../..
12:53:07,551 INFO  [BrowserSelenium] (initElements) -> ID set to field: 
12:53:07,551 INFO  [BrowserSelenium] (initElements) -> Name set to field: 
12:53:07,551 INFO  [BrowserSelenium] (initElements) -> CSS set to field: 
12:53:07,552 INFO  [BrowserSelenium] (initElements) -> XPath set to field: //span[text()='cc.expiry.date']/parent::li/following::li[contains(@id,'editor')]//select[contains(@id,'newDescriptionLanguage')]
12:53:07,552 INFO  [BrowserSelenium] (initElements) -> ID set to field: 
12:53:07,552 INFO  [BrowserSelenium] (initElements) -> Name set to field: 
12:53:07,552 INFO  [BrowserSelenium] (initElements) -> CSS set to field: 
12:53:07,552 INFO  [BrowserSelenium] (initElements) -> XPath set to field: //span[text()='cc.expiry.date']/parent::li/following::li[contains(@id,'editor')]//a[contains(@onclick,'addNewDescription')]/img
12:53:07,552 INFO  [BrowserSelenium] (initElements) -> ID set to field: 
12:53:07,552 INFO  [BrowserSelenium] (initElements) -> Name set to field: 
12:53:07,552 INFO  [BrowserSelenium] (initElements) -> CSS set to field: 
12:53:07,553 INFO  [BrowserSelenium] (initElements) -> XPath set to field: //span[text()='cc.expiry.date']/../..//label[text()='English Error message']/../div/input[1]
12:53:07,553 INFO  [BrowserSelenium] (initElements) -> ID set to field: 
12:53:07,553 INFO  [BrowserSelenium] (initElements) -> Name set to field: 
12:53:07,553 INFO  [BrowserSelenium] (initElements) -> CSS set to field: 
12:53:07,553 INFO  [BrowserSelenium] (initElements) -> XPath set to field: //span[text()='cc.expiry.date']/parent::li/following::li//div[contains(@id,'descriptions')]//a/img[contains(@src,'cross.png')]
12:53:07,553 INFO  [BrowserSelenium] (initElements) -> ID set to field: 
12:53:07,553 INFO  [BrowserSelenium] (initElements) -> Name set to field: 
12:53:07,553 INFO  [BrowserSelenium] (initElements) -> CSS set to field: 
12:53:07,554 INFO  [BrowserSelenium] (initElements) -> XPath set to field: //span[text()='cc.expiry.date']/parent::li/following::li[contains(@id,'editor')]//a//span[text()='Update']
12:53:07,554 INFO  [BrowserSelenium] (initElements) -> ID set to field: 
12:53:07,554 INFO  [BrowserSelenium] (initElements) -> Name set to field: 
12:53:07,554 INFO  [BrowserSelenium] (initElements) -> CSS set to field: 
12:53:07,554 INFO  [BrowserSelenium] (initElements) -> XPath set to field: //div[@class = 'buttons']//a[contains(@onclick,'submit')]
12:53:07,554 INFO  [BrowserSelenium] (initElements) -> ID set to field: 
12:53:07,554 INFO  [BrowserSelenium] (initElements) -> Name set to field: 
12:53:07,554 INFO  [BrowserSelenium] (initElements) -> CSS set to field: 
12:53:07,555 INFO  [BrowserSelenium] (initElements) -> XPath set to field: //div[@id='breadcrumbs']
12:53:07,555 INFO  [BrowserSelenium] (initElements) -> ID set to field: description
12:53:07,555 INFO  [BrowserSelenium] (initElements) -> Name set to field: 
12:53:07,555 INFO  [BrowserSelenium] (initElements) -> CSS set to field: 
12:53:07,555 INFO  [BrowserSelenium] (initElements) -> XPath set to field: 
12:53:07,556 INFO  [BrowserSelenium] (initElements) -> ID set to field: address1
12:53:07,556 INFO  [BrowserSelenium] (initElements) -> Name set to field: 
12:53:07,556 INFO  [BrowserSelenium] (initElements) -> CSS set to field: 
12:53:07,556 INFO  [BrowserSelenium] (initElements) -> XPath set to field: 
12:53:07,556 INFO  [BrowserSelenium] (initElements) -> ID set to field: city
12:53:07,556 INFO  [BrowserSelenium] (initElements) -> Name set to field: 
12:53:07,556 INFO  [BrowserSelenium] (initElements) -> CSS set to field: 
12:53:07,557 INFO  [BrowserSelenium] (initElements) -> XPath set to field: 
12:53:07,557 INFO  [BrowserSelenium] (initElements) -> ID set to field: stateProvince
12:53:07,557 INFO  [BrowserSelenium] (initElements) -> Name set to field: 
12:53:07,557 INFO  [BrowserSelenium] (initElements) -> CSS set to field: 
12:53:07,557 INFO  [BrowserSelenium] (initElements) -> XPath set to field: 
12:53:07,557 INFO  [BrowserSelenium] (initElements) -> ID set to field: 
12:53:07,558 INFO  [BrowserSelenium] (initElements) -> Name set to field: 
12:53:07,558 INFO  [BrowserSelenium] (initElements) -> CSS set to field: 
12:53:07,558 INFO  [BrowserSelenium] (initElements) -> XPath set to field: //label[contains(text(),'View plugin-in')]/../input[2]
12:53:07,558 INFO  [BrowserSelenium] (initElements) -> ID set to field: 
12:53:07,558 INFO  [BrowserSelenium] (initElements) -> Name set to field: 
12:53:07,558 INFO  [BrowserSelenium] (initElements) -> CSS set to field: 
12:53:07,559 INFO  [BrowserSelenium] (initElements) -> XPath set to field: //label[contains(text(),'Edit plug-in')]/../input[2]
12:53:07,559 INFO  [BrowserSelenium] (initElements) -> ID set to field: 
12:53:07,559 INFO  [BrowserSelenium] (initElements) -> Name set to field: 
12:53:07,559 INFO  [BrowserSelenium] (initElements) -> CSS set to field: 
12:53:07,559 INFO  [BrowserSelenium] (initElements) -> XPath set to field: //label[contains(text(),'Edit role')]/../input[2]
12:53:07,559 INFO  [BrowserSelenium] (initElements) -> ID set to field: 
12:53:07,560 INFO  [BrowserSelenium] (initElements) -> Name set to field: 
12:53:07,560 INFO  [BrowserSelenium] (initElements) -> CSS set to field: 
12:53:07,560 INFO  [BrowserSelenium] (initElements) -> XPath set to field: //div[@id='error-messages']/following-sibling::div//p
12:53:07,560 INFO  [BrowserSelenium] (initElements) -> ID set to field: roles
12:53:07,560 INFO  [BrowserSelenium] (initElements) -> Name set to field: 
12:53:07,560 INFO  [BrowserSelenium] (initElements) -> CSS set to field: 
12:53:07,561 INFO  [BrowserSelenium] (initElements) -> XPath set to field: 
12:53:07,561 INFO  [BrowserSelenium] (initElements) -> ID set to field: 
12:53:07,561 INFO  [BrowserSelenium] (initElements) -> Name set to field: 
12:53:07,561 INFO  [BrowserSelenium] (initElements) -> CSS set to field: 
12:53:07,561 INFO  [BrowserSelenium] (initElements) -> XPath set to field: //label[text()='Show agent menu']/../input[2]
12:53:07,561 INFO  [BrowserSelenium] (initElements) -> ID set to field: 
12:53:07,562 INFO  [BrowserSelenium] (initElements) -> Name set to field: 
12:53:07,562 INFO  [BrowserSelenium] (initElements) -> CSS set to field: 
12:53:07,562 INFO  [BrowserSelenium] (initElements) -> XPath set to field: //label[text()='Edit agent']/../input[2]
12:53:07,562 INFO  [BrowserSelenium] (initElements) -> ID set to field: 
12:53:07,562 INFO  [BrowserSelenium] (initElements) -> Name set to field: 
12:53:07,562 INFO  [BrowserSelenium] (initElements) -> CSS set to field: 
12:53:07,563 INFO  [BrowserSelenium] (initElements) -> XPath set to field: //label[text()='View agent details']/../input[2]
12:53:07,563 INFO  [BrowserSelenium] (initElements) -> ID set to field: 
12:53:07,563 INFO  [BrowserSelenium] (initElements) -> Name set to field: 
12:53:07,563 INFO  [BrowserSelenium] (initElements) -> CSS set to field: 
12:53:07,563 INFO  [BrowserSelenium] (initElements) -> XPath set to field: //a[@class='submit delete']
12:53:07,563 INFO  [BrowserSelenium] (initElements) -> ID set to field: creditLimitAsDecimal
12:53:07,564 INFO  [BrowserSelenium] (initElements) -> Name set to field: 
12:53:07,564 INFO  [BrowserSelenium] (initElements) -> CSS set to field: 
12:53:07,564 INFO  [BrowserSelenium] (initElements) -> XPath set to field: 
12:53:07,564 INFO  [BrowserSelenium] (initElements) -> ID set to field: creditNotificationLimit1AsDecimal
12:53:07,564 INFO  [BrowserSelenium] (initElements) -> Name set to field: 
12:53:07,564 INFO  [BrowserSelenium] (initElements) -> CSS set to field: 
12:53:07,565 INFO  [BrowserSelenium] (initElements) -> XPath set to field: 
12:53:07,565 INFO  [BrowserSelenium] (initElements) -> ID set to field: creditNotificationLimit2AsDecimal
12:53:07,565 INFO  [BrowserSelenium] (initElements) -> Name set to field: 
12:53:07,565 INFO  [BrowserSelenium] (initElements) -> CSS set to field: 
12:53:07,565 INFO  [BrowserSelenium] (initElements) -> XPath set to field: 
12:53:07,565 INFO  [BrowserSelenium] (initElements) -> ID set to field: 
12:53:07,566 INFO  [BrowserSelenium] (initElements) -> Name set to field: 
12:53:07,566 INFO  [BrowserSelenium] (initElements) -> CSS set to field: 
12:53:07,566 INFO  [BrowserSelenium] (initElements) -> XPath set to field: //div[@id='messages']//ul/li
12:53:07,566 INFO  [BrowserSelenium] (initElements) -> ID set to field: payment-method-select
12:53:07,566 INFO  [BrowserSelenium] (initElements) -> Name set to field: 
12:53:07,566 INFO  [BrowserSelenium] (initElements) -> CSS set to field: 
12:53:07,567 INFO  [BrowserSelenium] (initElements) -> XPath set to field: 
12:53:07,567 INFO  [BrowserSelenium] (initElements) -> ID set to field: gs_typeId
12:53:07,567 INFO  [BrowserSelenium] (initElements) -> Name set to field: 
12:53:07,567 INFO  [BrowserSelenium] (initElements) -> CSS set to field: 
12:53:07,567 INFO  [BrowserSelenium] (initElements) -> XPath set to field: 
12:53:07,567 INFO  [BrowserSelenium] (initElements) -> ID set to field: 
12:53:07,568 INFO  [BrowserSelenium] (initElements) -> Name set to field: 
12:53:07,568 INFO  [BrowserSelenium] (initElements) -> CSS set to field: 
12:53:07,568 INFO  [BrowserSelenium] (initElements) -> XPath set to field: //option[text()='
12:53:07,568 INFO  [BrowserSelenium] (initElements) -> ID set to field: 
12:53:07,568 INFO  [BrowserSelenium] (initElements) -> Name set to field: 
12:53:07,568 INFO  [BrowserSelenium] (initElements) -> CSS set to field: 
12:53:07,569 INFO  [BrowserSelenium] (initElements) -> XPath set to field: //strong[contains(text(),'Payment gateway integration')]
12:53:07,569 INFO  [BrowserSelenium] (initElements) -> ID set to field: plg-parm-PaypalUserId
12:53:07,569 INFO  [BrowserSelenium] (initElements) -> Name set to field: 
12:53:07,569 INFO  [BrowserSelenium] (initElements) -> CSS set to field: 
12:53:07,569 INFO  [BrowserSelenium] (initElements) -> XPath set to field: 
12:53:07,569 INFO  [BrowserSelenium] (initElements) -> ID set to field: plg-parm-PaypalPassword
12:53:07,570 INFO  [BrowserSelenium] (initElements) -> Name set to field: 
12:53:07,570 INFO  [BrowserSelenium] (initElements) -> CSS set to field: 
12:53:07,570 INFO  [BrowserSelenium] (initElements) -> XPath set to field: 
12:53:07,570 INFO  [BrowserSelenium] (initElements) -> ID set to field: plg-parm-PaypalSignature
12:53:07,570 INFO  [BrowserSelenium] (initElements) -> Name set to field: 
12:53:07,570 INFO  [BrowserSelenium] (initElements) -> CSS set to field: 
12:53:07,571 INFO  [BrowserSelenium] (initElements) -> XPath set to field: 
12:53:07,571 INFO  [BrowserSelenium] (initElements) -> ID set to field: 
12:53:07,571 INFO  [BrowserSelenium] (initElements) -> Name set to field: 
12:53:07,571 INFO  [BrowserSelenium] (initElements) -> CSS set to field: 
12:53:07,571 INFO  [BrowserSelenium] (initElements) -> XPath set to field: //a[contains(text(),'Company')]
12:53:07,571 INFO  [BrowserSelenium] (initElements) -> ID set to field: 
12:53:07,571 INFO  [BrowserSelenium] (initElements) -> Name set to field: 
12:53:07,572 INFO  [BrowserSelenium] (initElements) -> CSS set to field: 
12:53:07,572 INFO  [BrowserSelenium] (initElements) -> XPath set to field: //div[@class='table-box']//tr//td//a
12:53:07,572 INFO  [BrowserSelenium] (initElements) -> ID set to field: metaField.name
12:53:07,572 INFO  [BrowserSelenium] (initElements) -> Name set to field: 
12:53:07,572 INFO  [BrowserSelenium] (initElements) -> CSS set to field: 
12:53:07,572 INFO  [BrowserSelenium] (initElements) -> XPath set to field: 
12:53:07,573 INFO  [BrowserSelenium] (initElements) -> ID set to field: metaField.dataType
12:53:07,573 INFO  [BrowserSelenium] (initElements) -> Name set to field: 
12:53:07,573 INFO  [BrowserSelenium] (initElements) -> CSS set to field: 
12:53:07,573 INFO  [BrowserSelenium] (initElements) -> XPath set to field: 
12:53:07,573 INFO  [BrowserSelenium] (initElements) -> ID set to field: mandatoryCheck
12:53:07,573 INFO  [BrowserSelenium] (initElements) -> Name set to field: 
12:53:07,574 INFO  [BrowserSelenium] (initElements) -> CSS set to field: 
12:53:07,574 INFO  [BrowserSelenium] (initElements) -> XPath set to field: 
12:53:07,574 INFO  [BrowserSelenium] (initElements) -> ID set to field: disableCheck
12:53:07,574 INFO  [BrowserSelenium] (initElements) -> Name set to field: 
12:53:07,574 INFO  [BrowserSelenium] (initElements) -> CSS set to field: 
12:53:07,574 INFO  [BrowserSelenium] (initElements) -> XPath set to field: 
12:53:07,575 INFO  [BrowserSelenium] (initElements) -> ID set to field: defaultValue
12:53:07,575 INFO  [BrowserSelenium] (initElements) -> Name set to field: 
12:53:07,575 INFO  [BrowserSelenium] (initElements) -> CSS set to field: 
12:53:07,575 INFO  [BrowserSelenium] (initElements) -> XPath set to field: 
12:53:07,575 INFO  [BrowserSelenium] (initElements) -> ID set to field: metaField.validationRule.ruleType
12:53:07,575 INFO  [BrowserSelenium] (initElements) -> Name set to field: 
12:53:07,576 INFO  [BrowserSelenium] (initElements) -> CSS set to field: 
12:53:07,576 INFO  [BrowserSelenium] (initElements) -> XPath set to field: 
12:53:07,576 INFO  [BrowserSelenium] (initElements) -> ID set to field: 
12:53:07,576 INFO  [BrowserSelenium] (initElements) -> Name set to field: 
12:53:07,576 INFO  [BrowserSelenium] (initElements) -> CSS set to field: 
12:53:07,576 INFO  [BrowserSelenium] (initElements) -> XPath set to field: //a[@class='submit save']/span
12:53:07,577 INFO  [BrowserSelenium] (initElements) -> ID set to field: 
12:53:07,577 INFO  [BrowserSelenium] (initElements) -> Name set to field: 
12:53:07,577 INFO  [BrowserSelenium] (initElements) -> CSS set to field: 
12:53:07,577 INFO  [BrowserSelenium] (initElements) -> XPath set to field: //a[@class='submit cancel']/span
12:53:07,577 INFO  [BrowserSelenium] (initElements) -> ID set to field: 
12:53:07,577 INFO  [BrowserSelenium] (initElements) -> Name set to field: 
12:53:07,578 INFO  [BrowserSelenium] (initElements) -> CSS set to field: 
12:53:07,578 INFO  [BrowserSelenium] (initElements) -> XPath set to field: //input[@id='helpCheck'] 
12:53:07,578 INFO  [BrowserSelenium] (initElements) -> ID set to field: 
12:53:07,578 INFO  [BrowserSelenium] (initElements) -> Name set to field: 
12:53:07,578 INFO  [BrowserSelenium] (initElements) -> CSS set to field: 
12:53:07,578 INFO  [BrowserSelenium] (initElements) -> XPath set to field: //table[@id='roles']//tbody//tr
12:53:07,579 INFO  [BrowserSelenium] (initElements) -> ID set to field: 
12:53:07,579 INFO  [BrowserSelenium] (initElements) -> Name set to field: 
12:53:07,579 INFO  [BrowserSelenium] (initElements) -> CSS set to field: 
12:53:07,579 INFO  [BrowserSelenium] (initElements) -> XPath set to field: //select[@id='vis-cols-multi-sel-group-left']//option
12:53:07,579 INFO  [BrowserSelenium] (initElements) -> ID set to field: 
12:53:07,579 INFO  [BrowserSelenium] (initElements) -> Name set to field: 
12:53:07,580 INFO  [BrowserSelenium] (initElements) -> CSS set to field: 
12:53:07,580 INFO  [BrowserSelenium] (initElements) -> XPath set to field: //a[@id='vis-cols-multi-sel-to-right']/span
12:53:07,580 INFO  [BrowserSelenium] (initElements) -> ID set to field: 
12:53:07,580 INFO  [BrowserSelenium] (initElements) -> Name set to field: 
12:53:07,580 INFO  [BrowserSelenium] (initElements) -> CSS set to field: 
12:53:07,580 INFO  [BrowserSelenium] (initElements) -> XPath set to field: //input[@id='name']
12:53:07,581 INFO  [BrowserSelenium] (initElements) -> ID set to field: 
12:53:07,581 INFO  [BrowserSelenium] (initElements) -> Name set to field: 
12:53:07,581 INFO  [BrowserSelenium] (initElements) -> CSS set to field: 
12:53:07,581 INFO  [BrowserSelenium] (initElements) -> XPath set to field: //table[@id='payments']
12:53:07,581 INFO  [BrowserSelenium] (initElements) -> ID set to field: 
12:53:07,581 INFO  [BrowserSelenium] (initElements) -> Name set to field: 
12:53:07,582 INFO  [BrowserSelenium] (initElements) -> CSS set to field: 
12:53:07,582 INFO  [BrowserSelenium] (initElements) -> XPath set to field: //div[text()='Should use JQGrid for tables']/..
12:53:07,582 INFO  [BrowserSelenium] (initElements) -> ID set to field: 
12:53:07,582 INFO  [BrowserSelenium] (initElements) -> Name set to field: 
12:53:07,582 INFO  [BrowserSelenium] (initElements) -> CSS set to field: 
12:53:07,582 INFO  [BrowserSelenium] (initElements) -> XPath set to field: //table[@class='jqTable ui-jqgrid-btable']//tbody//tr/td/div
12:53:07,582 INFO  [BrowserSelenium] (initElements) -> ID set to field: 
12:53:07,582 INFO  [BrowserSelenium] (initElements) -> Name set to field: 
12:53:07,583 INFO  [BrowserSelenium] (initElements) -> CSS set to field: 
12:53:07,583 INFO  [BrowserSelenium] (initElements) -> XPath set to field: //select[contains(@id,'paymentMethodTypeId')]
12:53:07,583 INFO  [BrowserSelenium] (initElements) -> ID set to field: disableCheck
12:53:07,583 INFO  [BrowserSelenium] (initElements) -> Name set to field: 
12:53:07,583 INFO  [BrowserSelenium] (initElements) -> CSS set to field: 
12:53:07,583 INFO  [BrowserSelenium] (initElements) -> XPath set to field: 
12:53:07,584 INFO  [BrowserSelenium] (initElements) -> ID set to field: 
12:53:07,584 INFO  [BrowserSelenium] (initElements) -> Name set to field: 
12:53:07,585 INFO  [BrowserSelenium] (initElements) -> CSS set to field: 
12:53:07,585 INFO  [BrowserSelenium] (initElements) -> XPath set to field: //select[contains(@id,'dataType')]
12:53:07,585 INFO  [BrowserSelenium] (initElements) -> ID set to field: 
12:53:07,586 INFO  [BrowserSelenium] (initElements) -> Name set to field: 
12:53:07,586 INFO  [BrowserSelenium] (initElements) -> CSS set to field: 
12:53:07,586 INFO  [BrowserSelenium] (initElements) -> XPath set to field: //div[@id='left-column']//li[21]
12:53:07,586 INFO  [BrowserSelenium] (initElements) -> ID set to field: 
12:53:07,586 INFO  [BrowserSelenium] (initElements) -> Name set to field: 
12:53:07,586 INFO  [BrowserSelenium] (initElements) -> CSS set to field: 
12:53:07,586 INFO  [BrowserSelenium] (initElements) -> XPath set to field: //div[@class='lang_description_1']//input[@id='obj_0_description_1']
12:53:07,586 INFO  [BrowserSelenium] (initElements) -> ID set to field: 
12:53:07,587 INFO  [BrowserSelenium] (initElements) -> Name set to field: 
12:53:07,587 INFO  [BrowserSelenium] (initElements) -> CSS set to field: 
12:53:07,587 INFO  [BrowserSelenium] (initElements) -> XPath set to field: //div[@class='lang_description_1']//input[@id='obj_1_description_1']
12:53:07,587 INFO  [BrowserSelenium] (initElements) -> ID set to field: 
12:53:07,587 INFO  [BrowserSelenium] (initElements) -> Name set to field: 
12:53:07,587 INFO  [BrowserSelenium] (initElements) -> CSS set to field: 
12:53:07,587 INFO  [BrowserSelenium] (initElements) -> XPath set to field: //strong[contains(text(),'Order Change Statuses')]
12:53:07,587 INFO  [BrowserSelenium] (initElements) -> ID set to field: 
12:53:07,588 INFO  [BrowserSelenium] (initElements) -> Name set to field: 
12:53:07,588 INFO  [BrowserSelenium] (initElements) -> CSS set to field: 
12:53:07,588 INFO  [BrowserSelenium] (initElements) -> XPath set to field: //*[@id='obj[1].order']
12:53:07,588 INFO  [BrowserSelenium] (initElements) -> ID set to field: 
12:53:07,588 INFO  [BrowserSelenium] (initElements) -> Name set to field: 
12:53:07,588 INFO  [BrowserSelenium] (initElements) -> CSS set to field: 
12:53:07,589 INFO  [BrowserSelenium] (initElements) -> XPath set to field: //*[@id='obj[1].applyToOrder']
12:53:07,589 INFO  [BrowserSelenium] (initElements) -> ID set to field: 
12:53:07,589 INFO  [BrowserSelenium] (initElements) -> Name set to field: 
12:53:07,589 INFO  [BrowserSelenium] (initElements) -> CSS set to field: 
12:53:07,589 INFO  [BrowserSelenium] (initElements) -> XPath set to field: //*[@id='obj[0].applyToOrder']
12:53:07,589 INFO  [BrowserSelenium] (initElements) -> ID set to field: 
12:53:07,590 INFO  [BrowserSelenium] (initElements) -> Name set to field: 
12:53:07,590 INFO  [BrowserSelenium] (initElements) -> CSS set to field: 
12:53:07,590 INFO  [BrowserSelenium] (initElements) -> XPath set to field: //table[@id='invoiceTemplates']
12:53:07,590 INFO  [BrowserSelenium] (initElements) -> ID set to field: 
12:53:07,590 INFO  [BrowserSelenium] (initElements) -> Name set to field: 
12:53:07,590 INFO  [BrowserSelenium] (initElements) -> CSS set to field: 
12:53:07,591 INFO  [BrowserSelenium] (initElements) -> XPath set to field: //*[@id='17']/em
12:53:07,591 INFO  [BrowserSelenium] (initElements) -> ID set to field: 
12:53:07,591 INFO  [BrowserSelenium] (initElements) -> Name set to field: 
12:53:07,591 INFO  [BrowserSelenium] (initElements) -> CSS set to field: 
12:53:07,591 INFO  [BrowserSelenium] (initElements) -> XPath set to field: //*[@id='processingOrder']
12:53:07,591 INFO  [BrowserSelenium] (initElements) -> ID set to field: 
12:53:07,591 INFO  [BrowserSelenium] (initElements) -> Name set to field: 
12:53:07,592 INFO  [BrowserSelenium] (initElements) -> CSS set to field: 
12:53:07,592 INFO  [BrowserSelenium] (initElements) -> XPath set to field: //*[@id='typeId']
12:53:07,592 INFO  [BrowserSelenium] (initElements) -> ID set to field: 
12:53:07,592 INFO  [BrowserSelenium] (initElements) -> Name set to field: 
12:53:07,592 INFO  [BrowserSelenium] (initElements) -> CSS set to field: 
12:53:07,592 INFO  [BrowserSelenium] (initElements) -> XPath set to field: //div[@class='heading']//strong
12:53:07,593 INFO  [BrowserSelenium] (initElements) -> ID set to field: 
12:53:07,593 INFO  [BrowserSelenium] (initElements) -> Name set to field: 
12:53:07,593 INFO  [BrowserSelenium] (initElements) -> CSS set to field: 
12:53:07,593 INFO  [BrowserSelenium] (initElements) -> XPath set to field: //*[@id='orderChangeStatusesTable']/tbody/tr[2]/td[5]/a/img
12:53:07,593 INFO  [BrowserSelenium] (initElements) -> ID set to field: 
12:53:07,593 INFO  [BrowserSelenium] (initElements) -> Name set to field: 
12:53:07,594 INFO  [BrowserSelenium] (initElements) -> CSS set to field: 
12:53:07,594 INFO  [BrowserSelenium] (initElements) -> XPath set to field: //*[@id='orderChangeStatusesTable']/tbody/tr[3]/td[5]/a/img
12:53:07,594 INFO  [BrowserSelenium] (initElements) -> ID set to field: 
12:53:07,594 INFO  [BrowserSelenium] (initElements) -> Name set to field: 
12:53:07,594 INFO  [BrowserSelenium] (initElements) -> CSS set to field: 
12:53:07,595 INFO  [BrowserSelenium] (initElements) -> XPath set to field: //*[@id='column1']/div/table/thead/tr/th[2]
12:53:07,595 INFO  [BrowserSelenium] (initElements) -> ID set to field: 
12:53:07,595 INFO  [BrowserSelenium] (initElements) -> Name set to field: 
12:53:07,595 INFO  [BrowserSelenium] (initElements) -> CSS set to field: 
12:53:07,595 INFO  [BrowserSelenium] (initElements) -> XPath set to field: //*[@id='CUSTOMER']/strong
12:53:07,596 INFO  [BrowserSelenium] (initElements) -> ID set to field: 
12:53:07,596 INFO  [BrowserSelenium] (initElements) -> Name set to field: 
12:53:07,596 INFO  [BrowserSelenium] (initElements) -> CSS set to field: 
12:53:07,596 INFO  [BrowserSelenium] (initElements) -> XPath set to field: //*[@id='column1']/div[1]/table/thead/tr/th
12:53:07,596 INFO  [BrowserSelenium] (initElements) -> ID set to field: 
12:53:07,596 INFO  [BrowserSelenium] (initElements) -> Name set to field: 
12:53:07,597 INFO  [BrowserSelenium] (initElements) -> CSS set to field: 
12:53:07,597 INFO  [BrowserSelenium] (initElements) -> XPath set to field: //*[@id='metaField.name']
12:53:07,597 INFO  [BrowserSelenium] (initElements) -> ID set to field: 
12:53:07,597 INFO  [BrowserSelenium] (initElements) -> Name set to field: 
12:53:07,597 INFO  [BrowserSelenium] (initElements) -> CSS set to field: 
12:53:07,598 INFO  [BrowserSelenium] (initElements) -> XPath set to field: //*[@id='metaField.dataType']
12:53:07,598 INFO  [BrowserSelenium] (initElements) -> ID set to field: 
12:53:07,598 INFO  [BrowserSelenium] (initElements) -> Name set to field: 
12:53:07,598 INFO  [BrowserSelenium] (initElements) -> CSS set to field: 
12:53:07,598 INFO  [BrowserSelenium] (initElements) -> XPath set to field: //*[@id='mandatoryCheck']
12:53:07,599 INFO  [BrowserSelenium] (initElements) -> ID set to field: 
12:53:07,599 INFO  [BrowserSelenium] (initElements) -> Name set to field: 
12:53:07,599 INFO  [BrowserSelenium] (initElements) -> CSS set to field: 
12:53:07,599 INFO  [BrowserSelenium] (initElements) -> XPath set to field: //*[@class='table-box']//strong[contains(text(),'Salary')]
12:53:07,600 INFO  [BrowserSelenium] (initElements) -> ID set to field: 
12:53:07,600 INFO  [BrowserSelenium] (initElements) -> Name set to field: 
12:53:07,600 INFO  [BrowserSelenium] (initElements) -> CSS set to field: 
12:53:07,600 INFO  [BrowserSelenium] (initElements) -> XPath set to field: (//button[@type='button'])[3]
12:53:07,600 INFO  [BrowserSelenium] (initElements) -> ID set to field: 
12:53:07,601 INFO  [BrowserSelenium] (initElements) -> Name set to field: 
12:53:07,601 INFO  [BrowserSelenium] (initElements) -> CSS set to field: 
12:53:07,601 INFO  [BrowserSelenium] (initElements) -> XPath set to field: //a[contains(text(),'Payment Method')]
12:53:07,601 INFO  [BrowserSelenium] (initElements) -> ID set to field: 
12:53:07,601 INFO  [BrowserSelenium] (initElements) -> Name set to field: 
12:53:07,601 INFO  [BrowserSelenium] (initElements) -> CSS set to field: 
12:53:07,602 INFO  [BrowserSelenium] (initElements) -> XPath set to field: //a[contains(text(),'Account Type')]
12:53:07,602 INFO  [BrowserSelenium] (initElements) -> ID set to field: 
12:53:07,602 INFO  [BrowserSelenium] (initElements) -> Name set to field: 
12:53:07,602 INFO  [BrowserSelenium] (initElements) -> CSS set to field: 
12:53:07,602 INFO  [BrowserSelenium] (initElements) -> XPath set to field: //div[@id='left-column']/div/ul//li//a[contains(text(),'Account Type')]
12:53:07,602 INFO  [BrowserSelenium] (initElements) -> ID set to field: 
12:53:07,603 INFO  [BrowserSelenium] (initElements) -> Name set to field: 
12:53:07,603 INFO  [BrowserSelenium] (initElements) -> CSS set to field: 
12:53:07,603 INFO  [BrowserSelenium] (initElements) -> XPath set to field: //div[@id='messages']/div[@class='msg-box error']/strong
12:53:07,603 INFO  [BrowserSelenium] (initElements) -> ID set to field: 
12:53:07,603 INFO  [BrowserSelenium] (initElements) -> Name set to field: 
12:53:07,603 INFO  [BrowserSelenium] (initElements) -> CSS set to field: 
12:53:07,604 INFO  [BrowserSelenium] (initElements) -> XPath set to field: //div[@id='messages']/div[@class='msg-box error']/ul/li
12:53:07,604 INFO  [BrowserSelenium] (initElements) -> ID set to field: 
12:53:07,604 INFO  [BrowserSelenium] (initElements) -> Name set to field: 
12:53:07,604 INFO  [BrowserSelenium] (initElements) -> CSS set to field: 
12:53:07,604 INFO  [BrowserSelenium] (initElements) -> XPath set to field: //a[contains(.,'Order Statuses')]
12:53:07,604 INFO  [BrowserSelenium] (initElements) -> ID set to field: 
12:53:07,605 INFO  [BrowserSelenium] (initElements) -> Name set to field: 
12:53:07,605 INFO  [BrowserSelenium] (initElements) -> CSS set to field: 
12:53:07,605 INFO  [BrowserSelenium] (initElements) -> XPath set to field: //a[contains(.,'INVOICE')]
12:53:07,605 INFO  [BrowserSelenium] (initElements) -> ID set to field: 
12:53:07,605 INFO  [BrowserSelenium] (initElements) -> Name set to field: 
12:53:07,605 INFO  [BrowserSelenium] (initElements) -> CSS set to field: 
12:53:07,605 INFO  [BrowserSelenium] (initElements) -> XPath set to field: //a[contains(.,'FINISHED')]
12:53:07,605 INFO  [BrowserSelenium] (initElements) -> ID set to field: 
12:53:07,605 INFO  [BrowserSelenium] (initElements) -> Name set to field: 
12:53:07,606 INFO  [BrowserSelenium] (initElements) -> CSS set to field: 
12:53:07,606 INFO  [BrowserSelenium] (initElements) -> XPath set to field: //a[contains(.,'NOT_INVOICE')]
12:53:07,606 INFO  [BrowserSelenium] (initElements) -> ID set to field: 
12:53:07,606 INFO  [BrowserSelenium] (initElements) -> Name set to field: 
12:53:07,606 INFO  [BrowserSelenium] (initElements) -> CSS set to field: 
12:53:07,606 INFO  [BrowserSelenium] (initElements) -> XPath set to field: //a[contains(.,'SUSPENDED_AGEING')]
12:53:07,606 INFO  [BrowserSelenium] (initElements) -> ID set to field: 
12:53:07,606 INFO  [BrowserSelenium] (initElements) -> Name set to field: 
12:53:07,607 INFO  [BrowserSelenium] (initElements) -> CSS set to field: 
12:53:07,607 INFO  [BrowserSelenium] (initElements) -> XPath set to field: //a[contains(.,'Active')]
12:53:07,607 INFO  [BrowserSelenium] (initElements) -> ID set to field: 
12:53:07,607 INFO  [BrowserSelenium] (initElements) -> Name set to field: 
12:53:07,607 INFO  [BrowserSelenium] (initElements) -> CSS set to field: 
12:53:07,607 INFO  [BrowserSelenium] (initElements) -> XPath set to field: //a[contains(.,'Finished')]
12:53:07,607 INFO  [BrowserSelenium] (initElements) -> ID set to field: 
12:53:07,608 INFO  [BrowserSelenium] (initElements) -> Name set to field: 
12:53:07,608 INFO  [BrowserSelenium] (initElements) -> CSS set to field: 
12:53:07,608 INFO  [BrowserSelenium] (initElements) -> XPath set to field: //a[contains(.,'Suspended')]
12:53:07,608 INFO  [BrowserSelenium] (initElements) -> ID set to field: 
12:53:07,608 INFO  [BrowserSelenium] (initElements) -> Name set to field: 
12:53:07,608 INFO  [BrowserSelenium] (initElements) -> CSS set to field: 
12:53:07,609 INFO  [BrowserSelenium] (initElements) -> XPath set to field: //a[contains(.,'Suspended ageing(auto)')]
12:53:07,609 INFO  [BrowserSelenium] (initElements) -> ID set to field: 
12:53:07,609 INFO  [BrowserSelenium] (initElements) -> Name set to field: 
12:53:07,609 INFO  [BrowserSelenium] (initElements) -> CSS set to field: 
12:53:07,609 INFO  [BrowserSelenium] (initElements) -> XPath set to field: //input[@id='description']
12:53:07,609 INFO  [BrowserSelenium] (initElements) -> ID set to field: 
12:53:07,610 INFO  [BrowserSelenium] (initElements) -> Name set to field: 
12:53:07,610 INFO  [BrowserSelenium] (initElements) -> CSS set to field: 
12:53:07,610 INFO  [BrowserSelenium] (initElements) -> XPath set to field: //select[contains(@id,'orderStatusFlag')]
12:53:07,610 INFO  [BrowserSelenium] (initElements) -> ID set to field: 
12:53:07,610 INFO  [BrowserSelenium] (initElements) -> Name set to field: 
12:53:07,610 INFO  [BrowserSelenium] (initElements) -> CSS set to field: 
12:53:07,610 INFO  [BrowserSelenium] (initElements) -> XPath set to field: //div[@id='error-messages']/ul/li
12:53:07,610 INFO  [BrowserSelenium] (initElements) -> ID set to field: 
12:53:07,610 INFO  [BrowserSelenium] (initElements) -> Name set to field: 
12:53:07,611 INFO  [BrowserSelenium] (initElements) -> CSS set to field: 
12:53:07,611 INFO  [BrowserSelenium] (initElements) -> XPath set to field: //div[@id='messages']//div[@class='msg-box error'][1]/ul/li
12:53:07,611 INFO  [BrowserSelenium] (initElements) -> ID set to field: 
12:53:07,611 INFO  [BrowserSelenium] (initElements) -> Name set to field: 
12:53:07,611 INFO  [BrowserSelenium] (initElements) -> CSS set to field: 
12:53:07,611 INFO  [BrowserSelenium] (initElements) -> XPath set to field: //div[@id='error-messages']/ul/li[1]
12:53:07,611 INFO  [BrowserSelenium] (initElements) -> ID set to field: 
12:53:07,611 INFO  [BrowserSelenium] (initElements) -> Name set to field: 
12:53:07,611 INFO  [BrowserSelenium] (initElements) -> CSS set to field: 
12:53:07,612 INFO  [BrowserSelenium] (initElements) -> XPath set to field: //div[@id='error-messages']/ul/li[2]
12:53:07,612 INFO  [BrowserSelenium] (initElements) -> ID set to field: name
12:53:07,612 INFO  [BrowserSelenium] (initElements) -> Name set to field: 
12:53:07,612 INFO  [BrowserSelenium] (initElements) -> CSS set to field: 
12:53:07,612 INFO  [BrowserSelenium] (initElements) -> XPath set to field: 
12:53:07,612 INFO  [BrowserSelenium] (initElements) -> ID set to field: usagePool.names[0].content
12:53:07,612 INFO  [BrowserSelenium] (initElements) -> Name set to field: 
12:53:07,612 INFO  [BrowserSelenium] (initElements) -> CSS set to field: 
12:53:07,612 INFO  [BrowserSelenium] (initElements) -> XPath set to field: 
12:53:07,613 INFO  [BrowserSelenium] (initElements) -> ID set to field: usagePool.cyclePeriodValue
12:53:07,613 INFO  [BrowserSelenium] (initElements) -> Name set to field: 
12:53:07,613 INFO  [BrowserSelenium] (initElements) -> CSS set to field: 
12:53:07,613 INFO  [BrowserSelenium] (initElements) -> XPath set to field: 
12:53:07,613 INFO  [BrowserSelenium] (initElements) -> ID set to field: usagePool.quantity
12:53:07,613 INFO  [BrowserSelenium] (initElements) -> Name set to field: 
12:53:07,613 INFO  [BrowserSelenium] (initElements) -> CSS set to field: 
12:53:07,613 INFO  [BrowserSelenium] (initElements) -> XPath set to field: 
12:53:07,614 INFO  [BrowserSelenium] (initElements) -> ID set to field: usagePool.consumptionActions.1.percentage
12:53:07,614 INFO  [BrowserSelenium] (initElements) -> Name set to field: 
12:53:07,614 INFO  [BrowserSelenium] (initElements) -> CSS set to field: 
12:53:07,614 INFO  [BrowserSelenium] (initElements) -> XPath set to field: 
12:53:07,614 INFO  [BrowserSelenium] (initElements) -> ID set to field: usagePool.consumptionActions.2.percentage
12:53:07,614 INFO  [BrowserSelenium] (initElements) -> Name set to field: 
12:53:07,615 INFO  [BrowserSelenium] (initElements) -> CSS set to field: 
12:53:07,615 INFO  [BrowserSelenium] (initElements) -> XPath set to field: 
12:53:07,615 INFO  [BrowserSelenium] (initElements) -> ID set to field: usagePool.consumptionActions.2.productId
12:53:07,615 INFO  [BrowserSelenium] (initElements) -> Name set to field: 
12:53:07,615 INFO  [BrowserSelenium] (initElements) -> CSS set to field: 
12:53:07,615 INFO  [BrowserSelenium] (initElements) -> XPath set to field: 
12:53:07,615 INFO  [BrowserSelenium] (initElements) -> ID set to field: 
12:53:07,615 INFO  [BrowserSelenium] (initElements) -> Name set to field: 
12:53:07,615 INFO  [BrowserSelenium] (initElements) -> CSS set to field: 
12:53:07,616 INFO  [BrowserSelenium] (initElements) -> XPath set to field: //input[contains(@id,'.value')]
12:53:07,616 INFO  [BrowserSelenium] (initElements) -> ID set to field: 
12:53:07,616 INFO  [BrowserSelenium] (initElements) -> Name set to field: 
12:53:07,616 INFO  [BrowserSelenium] (initElements) -> CSS set to field: 
12:53:07,616 INFO  [BrowserSelenium] (initElements) -> XPath set to field: //label[text()='1']/..//input[contains(@id,'.value')]
12:53:07,616 INFO  [BrowserSelenium] (initElements) -> ID set to field: 
12:53:07,616 INFO  [BrowserSelenium] (initElements) -> Name set to field: 
12:53:07,616 INFO  [BrowserSelenium] (initElements) -> CSS set to field: 
12:53:07,617 INFO  [BrowserSelenium] (initElements) -> XPath set to field: //table[@id='enumerations']/tbody/tr/td//strong
12:53:07,617 INFO  [BrowserSelenium] (initElements) -> ID set to field: 
12:53:07,617 INFO  [BrowserSelenium] (initElements) -> Name set to field: 
12:53:07,617 INFO  [BrowserSelenium] (initElements) -> CSS set to field: 
12:53:07,617 INFO  [BrowserSelenium] (initElements) -> XPath set to field: //img[@alt='Add more values']
12:53:07,617 INFO  [BrowserSelenium] (initElements) -> ID set to field: 
12:53:07,617 INFO  [BrowserSelenium] (initElements) -> Name set to field: 
12:53:07,617 INFO  [BrowserSelenium] (initElements) -> CSS set to field: 
12:53:07,618 INFO  [BrowserSelenium] (initElements) -> XPath set to field: //img[@alt='remove this value']
12:53:07,618 INFO  [BrowserSelenium] (initElements) -> ID set to field: 
12:53:07,618 INFO  [BrowserSelenium] (initElements) -> Name set to field: 
12:53:07,618 INFO  [BrowserSelenium] (initElements) -> CSS set to field: 
12:53:07,618 INFO  [BrowserSelenium] (initElements) -> XPath set to field: //span[@id='mandatory-meta-field']/../following::input[1]
12:53:07,618 INFO  [BrowserSelenium] (initElements) -> ID set to field: 
12:53:07,618 INFO  [BrowserSelenium] (initElements) -> Name set to field: 
12:53:07,618 INFO  [BrowserSelenium] (initElements) -> CSS set to field: 
12:53:07,618 INFO  [BrowserSelenium] (initElements) -> XPath set to field: //label[text()='MetaField Type']/following::select[1]
12:53:07,618 INFO  [BrowserSelenium] (initElements) -> ID set to field: 
12:53:07,619 INFO  [BrowserSelenium] (initElements) -> Name set to field: 
12:53:07,619 INFO  [BrowserSelenium] (initElements) -> CSS set to field: 
12:53:07,619 INFO  [BrowserSelenium] (initElements) -> XPath set to field: //a[contains(text(),'Meta Fields')]
12:53:07,619 INFO  [BrowserSelenium] (initElements) -> ID set to field: 
12:53:07,619 INFO  [BrowserSelenium] (initElements) -> Name set to field: 
12:53:07,619 INFO  [BrowserSelenium] (initElements) -> CSS set to field: 
12:53:07,619 INFO  [BrowserSelenium] (initElements) -> XPath set to field: //div[@class='table-box']/table/tbody/tr/td/a/strong
12:53:07,619 INFO  [BrowserSelenium] (initElements) -> ID set to field: 
12:53:07,619 INFO  [BrowserSelenium] (initElements) -> Name set to field: 
12:53:07,620 INFO  [BrowserSelenium] (initElements) -> CSS set to field: 
12:53:07,620 INFO  [BrowserSelenium] (initElements) -> XPath set to field: //ul[@id='metafield-ait']/form[1]//span[text()='Not Mandatory']
12:53:07,620 INFO  [BrowserSelenium] EXIT --> (initElements)
12:53:07,645 INFO  [DomParser] (<init>) -> Root element :testdata
12:53:07,645 INFO  [DomParser] ENTER --> (getTestDataSetNodesWithValues)
12:53:07,646 INFO  [DomParser] (getNodes) -> Nodes found with testdataset = 67
12:53:07,646 INFO  [DomParser] (getTestDataSetNodesList) -> Checking node [testdataset] at index 0
12:53:07,647 INFO  [DomParser] (getTestDataSetNodesList) -> develop|lab -- addPlugin -- ap
12:53:07,647 INFO  [DomParser] (getTestDataSetNodesList) -> Checking node [testdataset] at index 1
12:53:07,648 INFO  [DomParser] (getTestDataSetNodesList) -> develop|lab -- BillingProcess -- cbp
12:53:07,648 INFO  [DomParser] (getTestDataSetNodesList) -> Checking node [testdataset] at index 2
12:53:07,649 INFO  [DomParser] (getTestDataSetNodesList) -> develop|lab3 -- collectionsStepOne -- ccd
12:53:07,650 INFO  [DomParser] (getTestDataSetNodesList) -> Checking node [testdataset] at index 3
12:53:07,650 INFO  [DomParser] (getTestDataSetNodesList) -> develop|lab3 -- collectionsStepTwo -- ccd
12:53:07,650 INFO  [DomParser] (getTestDataSetNodesList) -> Checking node [testdataset] at index 4
12:53:07,650 INFO  [DomParser] (getTestDataSetNodesList) -> develop|lab3 -- collectionsStepThree -- ccd
12:53:07,651 INFO  [DomParser] (getTestDataSetNodesList) -> Checking node [testdataset] at index 5
12:53:07,651 INFO  [DomParser] (getTestDataSetNodesList) -> develop|lab3 -- collectionsStepFour -- ccd
12:53:07,651 INFO  [DomParser] (getTestDataSetNodesList) -> Checking node [testdataset] at index 6
12:53:07,651 INFO  [DomParser] (getTestDataSetNodesList) -> develop|lab3 -- addMediation -- am
12:53:07,651 INFO  [DomParser] (getTestDataSetNodesList) -> Checking node [testdataset] at index 7
12:53:07,652 INFO  [DomParser] (getTestDataSetNodesList) -> develop|lab3 -- addFreeUsagePool -- afup
12:53:07,652 INFO  [DomParser] (getTestDataSetNodesList) -> Checking node [testdataset] at index 8
12:53:07,652 INFO  [DomParser] (getTestDataSetNodesList) -> develop|lab3 -- firstOrderPeriod -- op
12:53:07,652 INFO  [DomParser] (getTestDataSetNodesList) -> Checking node [testdataset] at index 9
12:53:07,652 INFO  [DomParser] (getTestDataSetNodesList) -> develop|lab3 -- secondOrderPeriod -- op
12:53:07,653 INFO  [DomParser] (getTestDataSetNodesList) -> Checking node [testdataset] at index 10
12:53:07,653 INFO  [DomParser] (getTestDataSetNodesList) -> develop|lab3 -- thirdOrderPeriod -- op
12:53:07,653 INFO  [DomParser] (getTestDataSetNodesList) -> Checking node [testdataset] at index 11
12:53:07,653 INFO  [DomParser] (getTestDataSetNodesList) -> develop|lab3 -- addAccountType -- aat
12:53:07,654 INFO  [DomParser] (getTestDataSetNodesList) -> Checking node [testdataset] at index 12
12:53:07,654 INFO  [DomParser] (getTestDataSetNodesList) -> develop|lab3 -- addSecondAccountType -- aat
12:53:07,655 INFO  [DomParser] (getTestDataSetNodesList) -> Checking node [testdataset] at index 13
12:53:07,655 INFO  [DomParser] (getTestDataSetNodesList) -> develop|lab3 -- editSecondAccountType -- aat
12:53:07,655 INFO  [DomParser] (getTestDataSetNodesList) -> Checking node [testdataset] at index 14
12:53:07,655 INFO  [DomParser] (getTestDataSetNodesList) -> develop|lab -- AddInfoToAccountType -- aitac
12:53:07,655 INFO  [DomParser] (getTestDataSetNodesList) -> Checking node [testdataset] at index 15
12:53:07,656 INFO  [DomParser] (getTestDataSetNodesList) -> develop|lab -- addPrice -- ap
12:53:07,656 INFO  [DomParser] (getTestDataSetNodesList) -> Checking node [testdataset] at index 16
12:53:07,656 INFO  [DomParser] (getTestDataSetNodesList) -> develop|lab -- editPrice -- ap
12:53:07,656 INFO  [DomParser] (getTestDataSetNodesList) -> Checking node [testdataset] at index 17
12:53:07,656 INFO  [DomParser] (getTestDataSetNodesList) -> develop|lab -- testPaymentType -- pt
12:53:07,657 INFO  [DomParser] (getTestDataSetNodesList) -> Checking node [testdataset] at index 18
12:53:07,657 INFO  [DomParser] (getTestDataSetNodesList) -> develop|lab -- secondTestPaymentType -- pt
12:53:07,657 INFO  [DomParser] (getTestDataSetNodesList) -> Checking node [testdataset] at index 19
12:53:07,658 INFO  [DomParser] (getTestDataSetNodesList) -> develop|lab -- setPreferenceValue -- pc
12:53:07,658 INFO  [DomParser] (getTestDataSetNodesList) -> Checking node [testdataset] at index 20
12:53:07,658 INFO  [DomParser] (getTestDataSetNodesList) -> develop|lab3 -- SelectUsagePoolName -- supn
12:53:07,658 INFO  [DomParser] (getTestDataSetNodesList) -> Checking node [testdataset] at index 21
12:53:07,659 INFO  [DomParser] (getTestDataSetNodesList) -> develop|lab -- configurePaymentMethod -- pm
12:53:07,659 INFO  [DomParser] (getTestDataSetNodesList) -> Checking node [testdataset] at index 22
12:53:07,659 INFO  [DomParser] (getTestDataSetNodesList) -> develop|lab -- selectPluginCategory -- pc
12:53:07,659 INFO  [DomParser] (getTestDataSetNodesList) -> Checking node [testdataset] at index 23
12:53:07,660 INFO  [DomParser] (getTestDataSetNodesList) -> develop|lab -- updatePreference -- up
12:53:07,660 INFO  [DomParser] (getTestDataSetNodesList) -> Checking node [testdataset] at index 24
12:53:07,660 INFO  [DomParser] (getTestDataSetNodesList) -> develop|lab -- pluginPermissions -- pp
12:53:07,660 INFO  [DomParser] (getTestDataSetNodesList) -> Checking node [testdataset] at index 25
12:53:07,660 INFO  [DomParser] (getTestDataSetNodesList) -> develop|lab -- pluginAndAgentPermissions -- pap
12:53:07,661 INFO  [DomParser] (getTestDataSetNodesList) -> Checking node [testdataset] at index 26
12:53:07,661 INFO  [DomParser] (getTestDataSetNodesList) -> develop|lab -- accountWithAllAccountType -- awaat
12:53:07,661 INFO  [DomParser] (getTestDataSetNodesList) -> Checking node [testdataset] at index 27
12:53:07,661 INFO  [DomParser] (getTestDataSetNodesList) -> develop|lab -- addPaypalPaymentPlugin -- appp
12:53:07,661 INFO  [DomParser] (getTestDataSetNodesList) -> Checking node [testdataset] at index 28
12:53:07,662 INFO  [DomParser] (getTestDataSetNodesList) -> develop|lab -- TC02_EditCompanyDetails -- cd
12:53:07,662 INFO  [DomParser] (getTestDataSetNodesList) -> Checking node [testdataset] at index 29
12:53:07,662 INFO  [DomParser] (getTestDataSetNodesList) -> develop|lab -- TC07_AddCardPaymentMethod -- apm
12:53:07,662 INFO  [DomParser] (getTestDataSetNodesList) -> Checking node [testdataset] at index 30
12:53:07,663 INFO  [DomParser] (getTestDataSetNodesList) -> develop|lab -- TC08_CreatePaymentMethodACH -- apm
12:53:07,663 INFO  [DomParser] (getTestDataSetNodesList) -> Checking node [testdataset] at index 31
12:53:07,664 INFO  [DomParser] (getTestDataSetNodesList) -> develop|lab3 -- TC115_CreatePaymentMethodACH -- apm
12:53:07,664 INFO  [DomParser] (getTestDataSetNodesList) -> Checking node [testdataset] at index 32
12:53:07,664 INFO  [DomParser] (getTestDataSetNodesList) -> develop|lab -- TC09_addChequePaymentMethod -- apm
12:53:07,665 INFO  [DomParser] (getTestDataSetNodesList) -> Checking node [testdataset] at index 33
12:53:07,665 INFO  [DomParser] (getTestDataSetNodesList) -> develop|lab -- TC10_AddEditDeletePaymentMethod -- aedpm
12:53:07,665 INFO  [DomParser] (getTestDataSetNodesList) -> Checking node [testdataset] at index 34
12:53:07,665 INFO  [DomParser] (getTestDataSetNodesList) -> develop|lab -- TC11_AccountTypeWithCreditLimit -- atcl
12:53:07,665 INFO  [DomParser] (getTestDataSetNodesList) -> Checking node [testdataset] at index 35
12:53:07,666 INFO  [DomParser] (getTestDataSetNodesList) -> develop|lab -- TC115_AccountTypeACH -- atach
12:53:07,666 INFO  [DomParser] (getTestDataSetNodesList) -> Checking node [testdataset] at index 36
12:53:07,666 INFO  [DomParser] (getTestDataSetNodesList) -> develop|lab -- mandatoryFieldAccountType -- mfat
12:53:07,666 INFO  [DomParser] (getTestDataSetNodesList) -> Checking node [testdataset] at index 37
12:53:07,667 INFO  [DomParser] (getTestDataSetNodesList) -> develop|lab -- TC14_AccountTypeWithCreditLimit -- atcl
12:53:07,667 INFO  [DomParser] (getTestDataSetNodesList) -> Checking node [testdataset] at index 38
12:53:07,667 INFO  [DomParser] (getTestDataSetNodesList) -> develop|lab -- TC15_AddPaymentMethodwithACH -- apm
12:53:07,667 INFO  [DomParser] (getTestDataSetNodesList) -> Checking node [testdataset] at index 39
12:53:07,667 INFO  [DomParser] (getTestDataSetNodesList) -> develop|lab -- TC16_addPaymentMethodwithCheque -- apm
12:53:07,668 INFO  [DomParser] (getTestDataSetNodesList) -> Checking node [testdataset] at index 40
12:53:07,668 INFO  [DomParser] (getTestDataSetNodesList) -> develop|lab -- set63Preference -- sp
12:53:07,668 INFO  [DomParser] (getTestDataSetNodesList) -> Checking node [testdataset] at index 41
12:53:07,669 INFO  [DomParser] (getTestDataSetNodesList) -> develop|lab -- TC17_addChequePaymentMethod -- apm
12:53:07,669 INFO  [DomParser] (getTestDataSetNodesList) -> Checking node [testdataset] at index 42
12:53:07,670 INFO  [DomParser] (getTestDataSetNodesList) -> develop|lab -- TC18_AddAccountType -- aat
12:53:07,670 INFO  [DomParser] (getTestDataSetNodesList) -> Checking node [testdataset] at index 43
12:53:07,670 INFO  [DomParser] (getTestDataSetNodesList) -> develop|lab -- reSet63Preference -- sp
12:53:07,671 INFO  [DomParser] (getTestDataSetNodesList) -> Checking node [testdataset] at index 44
12:53:07,671 INFO  [DomParser] (getTestDataSetNodesList) -> develop|lab -- TC20_EditPaymentMethodForAllAcount -- epmaa
12:53:07,671 INFO  [DomParser] (getTestDataSetNodesList) -> Checking node [testdataset] at index 45
12:53:07,671 INFO  [DomParser] (getTestDataSetNodesList) -> develop|lab -- setCompany -- name
12:53:07,672 INFO  [DomParser] (getTestDataSetNodesList) -> Checking node [testdataset] at index 46
12:53:07,672 INFO  [DomParser] (getTestDataSetNodesList) -> develop|lab3 -- yearlyOrderPeriod -- op
12:53:07,672 INFO  [DomParser] (getTestDataSetNodesList) -> Checking node [testdataset] at index 47
12:53:07,672 INFO  [DomParser] (getTestDataSetNodesList) -> develop|lab3 -- TC36_AddInfoToAccType -- aiat
12:53:07,672 INFO  [DomParser] (getTestDataSetNodesList) -> Checking node [testdataset] at index 48
12:53:07,673 INFO  [DomParser] (getTestDataSetNodesList) -> develop|lab3 -- secondRowInfo -- ai
12:53:07,673 INFO  [DomParser] (getTestDataSetNodesList) -> Checking node [testdataset] at index 49
12:53:07,673 INFO  [DomParser] (getTestDataSetNodesList) -> develop|lab3 -- OrderPluginPageInfo -- oi
12:53:07,673 INFO  [DomParser] (getTestDataSetNodesList) -> Checking node [testdataset] at index 50
12:53:07,673 INFO  [DomParser] (getTestDataSetNodesList) -> develop|lab3 -- addInvoiceTemplateName -- additn
12:53:07,674 INFO  [DomParser] (getTestDataSetNodesList) -> Checking node [testdataset] at index 51
12:53:07,674 INFO  [DomParser] (getTestDataSetNodesList) -> develop|lab -- addNewMetaField -- anmf
12:53:07,674 INFO  [DomParser] (getTestDataSetNodesList) -> Checking node [testdataset] at index 52
12:53:07,674 INFO  [DomParser] (getTestDataSetNodesList) -> develop|lab3 -- addPreferencesvalue1 -- ap
12:53:07,674 INFO  [DomParser] (getTestDataSetNodesList) -> Checking node [testdataset] at index 53
12:53:07,675 INFO  [DomParser] (getTestDataSetNodesList) -> develop|lab -- addSecondMetaField -- asmf
12:53:07,675 INFO  [DomParser] (getTestDataSetNodesList) -> Checking node [testdataset] at index 54
12:53:07,675 INFO  [DomParser] (getTestDataSetNodesList) -> develop|lab -- addthirdMetaField -- atmf
12:53:07,675 INFO  [DomParser] (getTestDataSetNodesList) -> Checking node [testdataset] at index 55
12:53:07,676 INFO  [DomParser] (getTestDataSetNodesList) -> develop|lab3 -- addPreferencesvalue0 -- ap
12:53:07,676 INFO  [DomParser] (getTestDataSetNodesList) -> Checking node [testdataset] at index 56
12:53:07,676 INFO  [DomParser] (getTestDataSetNodesList) -> develop|lab3 -- DataStatusInEnglishBox -- dsieb
12:53:07,676 INFO  [DomParser] (getTestDataSetNodesList) -> Checking node [testdataset] at index 57
12:53:07,676 INFO  [DomParser] (getTestDataSetNodesList) -> develop|lab -- addMetaGroupName -- amdg
12:53:07,677 INFO  [DomParser] (getTestDataSetNodesList) -> Checking node [testdataset] at index 58
12:53:07,677 INFO  [DomParser] (getTestDataSetNodesList) -> develop|lab -- addPluginValue -- apv
12:53:07,677 INFO  [DomParser] (getTestDataSetNodesList) -> Checking node [testdataset] at index 59
12:53:07,677 INFO  [DomParser] (getTestDataSetNodesList) -> develop|lab3 -- MetadataName -- MDN
12:53:07,678 INFO  [DomParser] (getTestDataSetNodesList) -> Checking node [testdataset] at index 60
12:53:07,678 INFO  [DomParser] (getTestDataSetNodesList) -> develop|lab -- VerifyOrderStatuses -- OS
12:53:07,678 INFO  [DomParser] (getTestDataSetNodesList) -> Checking node [testdataset] at index 61
12:53:07,678 INFO  [DomParser] (getTestDataSetNodesList) -> develop|lab3 -- TestPaymentType -- HFG
12:53:07,678 INFO  [DomParser] (getTestDataSetNodesList) -> Checking node [testdataset] at index 62
12:53:07,679 INFO  [DomParser] (getTestDataSetNodesList) -> develop|lab3 -- AccountTypeName -- oii
12:53:07,679 INFO  [DomParser] (getTestDataSetNodesList) -> Checking node [testdataset] at index 63
12:53:07,679 INFO  [DomParser] (getTestDataSetNodesList) -> develop|lab -- configurePaymentTemplateMethod -- pom
12:53:07,679 INFO  [DomParser] (getTestDataSetNodesList) -> Checking node [testdataset] at index 64
12:53:07,680 INFO  [DomParser] (getTestDataSetNodesList) -> develop|lab3 -- TC84_EnumValidateMessage -- evm
12:53:07,680 INFO  [DomParser] (getTestDataSetNodesWithValues) -> 13
12:53:07,680 INFO  [DomParser] (getTestDataSetNodesWithValues) -> text node found; skipping this node
12:53:07,681 INFO  [DomParser] (getTestDataSetNodesWithValues) -> NameMessage <<---->>  Enumeration name is empty or missing
		 <<---->> 1
12:53:07,681 INFO  [DomParser] (getTestDataSetNodesWithValues) -> text node found; skipping this node
12:53:07,681 INFO  [DomParser] (getTestDataSetNodesWithValues) -> ValueMessage <<---->>   Enumeration value cannot be blank
		 <<---->> 1
12:53:07,681 INFO  [DomParser] (getTestDataSetNodesWithValues) -> text node found; skipping this node
12:53:07,681 INFO  [DomParser] (getTestDataSetNodesWithValues) -> enumerationName <<---->>  NewEnum{RANDOM} <<---->> 1
12:53:07,682 INFO  [DomParser] (getTestDataSetNodesWithValues) -> text node found; skipping this node
12:53:07,682 INFO  [DomParser] (getTestDataSetNodesWithValues) -> enumerationValue <<---->>  value1 {RANDOMNUM} <<---->> 1
12:53:07,682 INFO  [DomParser] (getTestDataSetNodesWithValues) -> text node found; skipping this node
12:53:07,682 INFO  [DomParser] (getTestDataSetNodesWithValues) -> editEnumerationValue <<---->>  value2
		 <<---->> 1
12:53:07,682 INFO  [DomParser] (getTestDataSetNodesWithValues) -> text node found; skipping this node
12:53:07,683 INFO  [DomParser] (getTestDataSetNodesWithValues) -> errorMessage <<---->>   An enumeration cannot contain duplicate values
		 <<---->> 1
12:53:07,684 INFO  [DomParser] (getTestDataSetNodesWithValues) -> text node found; skipping this node
12:53:07,685 INFO  [DomParser] EXIT --> (getTestDataSetNodesWithValues)
12:53:07,700 INFO  [DomParser] (<init>) -> Root element :testdata
12:53:07,700 INFO  [DomParser] ENTER --> (getTestDataSetNodesWithValues)
12:53:07,701 INFO  [DomParser] (getNodes) -> Nodes found with testdataset = 67
12:53:07,703 INFO  [DomParser] (getTestDataSetNodesList) -> Checking node [testdataset] at index 0
12:53:07,703 INFO  [DomParser] (getTestDataSetNodesList) -> develop|lab -- addPlugin -- ap
12:53:07,704 INFO  [DomParser] (getTestDataSetNodesList) -> Checking node [testdataset] at index 1
12:53:07,704 INFO  [DomParser] (getTestDataSetNodesList) -> develop|lab -- BillingProcess -- cbp
12:53:07,704 INFO  [DomParser] (getTestDataSetNodesList) -> Checking node [testdataset] at index 2
12:53:07,705 INFO  [DomParser] (getTestDataSetNodesList) -> develop|lab3 -- collectionsStepOne -- ccd
12:53:07,705 INFO  [DomParser] (getTestDataSetNodesList) -> Checking node [testdataset] at index 3
12:53:07,705 INFO  [DomParser] (getTestDataSetNodesList) -> develop|lab3 -- collectionsStepTwo -- ccd
12:53:07,705 INFO  [DomParser] (getTestDataSetNodesList) -> Checking node [testdataset] at index 4
12:53:07,705 INFO  [DomParser] (getTestDataSetNodesList) -> develop|lab3 -- collectionsStepThree -- ccd
12:53:07,706 INFO  [DomParser] (getTestDataSetNodesList) -> Checking node [testdataset] at index 5
12:53:07,706 INFO  [DomParser] (getTestDataSetNodesList) -> develop|lab3 -- collectionsStepFour -- ccd
12:53:07,706 INFO  [DomParser] (getTestDataSetNodesList) -> Checking node [testdataset] at index 6
12:53:07,706 INFO  [DomParser] (getTestDataSetNodesList) -> develop|lab3 -- addMediation -- am
12:53:07,707 INFO  [DomParser] (getTestDataSetNodesList) -> Checking node [testdataset] at index 7
12:53:07,707 INFO  [DomParser] (getTestDataSetNodesList) -> develop|lab3 -- addFreeUsagePool -- afup
12:53:07,707 INFO  [DomParser] (getTestDataSetNodesList) -> Checking node [testdataset] at index 8
12:53:07,707 INFO  [DomParser] (getTestDataSetNodesList) -> develop|lab3 -- firstOrderPeriod -- op
12:53:07,707 INFO  [DomParser] (getTestDataSetNodesList) -> Checking node [testdataset] at index 9
12:53:07,708 INFO  [DomParser] (getTestDataSetNodesList) -> develop|lab3 -- secondOrderPeriod -- op
12:53:07,708 INFO  [DomParser] (getTestDataSetNodesList) -> Checking node [testdataset] at index 10
12:53:07,708 INFO  [DomParser] (getTestDataSetNodesList) -> develop|lab3 -- thirdOrderPeriod -- op
12:53:07,708 INFO  [DomParser] (getTestDataSetNodesList) -> Checking node [testdataset] at index 11
12:53:07,709 INFO  [DomParser] (getTestDataSetNodesList) -> develop|lab3 -- addAccountType -- aat
12:53:07,709 INFO  [DomParser] (getTestDataSetNodesList) -> Checking node [testdataset] at index 12
12:53:07,709 INFO  [DomParser] (getTestDataSetNodesList) -> develop|lab3 -- addSecondAccountType -- aat
12:53:07,709 INFO  [DomParser] (getTestDataSetNodesList) -> Checking node [testdataset] at index 13
12:53:07,710 INFO  [DomParser] (getTestDataSetNodesList) -> develop|lab3 -- editSecondAccountType -- aat
12:53:07,710 INFO  [DomParser] (getTestDataSetNodesList) -> Checking node [testdataset] at index 14
12:53:07,710 INFO  [DomParser] (getTestDataSetNodesList) -> develop|lab -- AddInfoToAccountType -- aitac
12:53:07,710 INFO  [DomParser] (getTestDataSetNodesList) -> Checking node [testdataset] at index 15
12:53:07,711 INFO  [DomParser] (getTestDataSetNodesList) -> develop|lab -- addPrice -- ap
12:53:07,711 INFO  [DomParser] (getTestDataSetNodesList) -> Checking node [testdataset] at index 16
12:53:07,711 INFO  [DomParser] (getTestDataSetNodesList) -> develop|lab -- editPrice -- ap
12:53:07,711 INFO  [DomParser] (getTestDataSetNodesList) -> Checking node [testdataset] at index 17
12:53:07,711 INFO  [DomParser] (getTestDataSetNodesList) -> develop|lab -- testPaymentType -- pt
12:53:07,712 INFO  [DomParser] (getTestDataSetNodesList) -> Checking node [testdataset] at index 18
12:53:07,712 INFO  [DomParser] (getTestDataSetNodesList) -> develop|lab -- secondTestPaymentType -- pt
12:53:07,712 INFO  [DomParser] (getTestDataSetNodesList) -> Checking node [testdataset] at index 19
12:53:07,712 INFO  [DomParser] (getTestDataSetNodesList) -> develop|lab -- setPreferenceValue -- pc
12:53:07,713 INFO  [DomParser] (getTestDataSetNodesList) -> Checking node [testdataset] at index 20
12:53:07,713 INFO  [DomParser] (getTestDataSetNodesList) -> develop|lab3 -- SelectUsagePoolName -- supn
12:53:07,714 INFO  [DomParser] (getTestDataSetNodesList) -> Checking node [testdataset] at index 21
12:53:07,714 INFO  [DomParser] (getTestDataSetNodesList) -> develop|lab -- configurePaymentMethod -- pm
12:53:07,714 INFO  [DomParser] (getTestDataSetNodesList) -> Checking node [testdataset] at index 22
12:53:07,714 INFO  [DomParser] (getTestDataSetNodesList) -> develop|lab -- selectPluginCategory -- pc
12:53:07,715 INFO  [DomParser] (getTestDataSetNodesList) -> Checking node [testdataset] at index 23
12:53:07,715 INFO  [DomParser] (getTestDataSetNodesList) -> develop|lab -- updatePreference -- up
12:53:07,715 INFO  [DomParser] (getTestDataSetNodesList) -> Checking node [testdataset] at index 24
12:53:07,715 INFO  [DomParser] (getTestDataSetNodesList) -> develop|lab -- pluginPermissions -- pp
12:53:07,716 INFO  [DomParser] (getTestDataSetNodesList) -> Checking node [testdataset] at index 25
12:53:07,716 INFO  [DomParser] (getTestDataSetNodesList) -> develop|lab -- pluginAndAgentPermissions -- pap
12:53:07,716 INFO  [DomParser] (getTestDataSetNodesList) -> Checking node [testdataset] at index 26
12:53:07,716 INFO  [DomParser] (getTestDataSetNodesList) -> develop|lab -- accountWithAllAccountType -- awaat
12:53:07,716 INFO  [DomParser] (getTestDataSetNodesList) -> Checking node [testdataset] at index 27
12:53:07,716 INFO  [DomParser] (getTestDataSetNodesList) -> develop|lab -- addPaypalPaymentPlugin -- appp
12:53:07,717 INFO  [DomParser] (getTestDataSetNodesList) -> Checking node [testdataset] at index 28
12:53:07,717 INFO  [DomParser] (getTestDataSetNodesList) -> develop|lab -- TC02_EditCompanyDetails -- cd
12:53:07,717 INFO  [DomParser] (getTestDataSetNodesList) -> Checking node [testdataset] at index 29
12:53:07,717 INFO  [DomParser] (getTestDataSetNodesList) -> develop|lab -- TC07_AddCardPaymentMethod -- apm
12:53:07,717 INFO  [DomParser] (getTestDataSetNodesList) -> Checking node [testdataset] at index 30
12:53:07,717 INFO  [DomParser] (getTestDataSetNodesList) -> develop|lab -- TC08_CreatePaymentMethodACH -- apm
12:53:07,718 INFO  [DomParser] (getTestDataSetNodesList) -> Checking node [testdataset] at index 31
12:53:07,718 INFO  [DomParser] (getTestDataSetNodesList) -> develop|lab3 -- TC115_CreatePaymentMethodACH -- apm
12:53:07,718 INFO  [DomParser] (getTestDataSetNodesList) -> Checking node [testdataset] at index 32
12:53:07,718 INFO  [DomParser] (getTestDataSetNodesList) -> develop|lab -- TC09_addChequePaymentMethod -- apm
12:53:07,718 INFO  [DomParser] (getTestDataSetNodesList) -> Checking node [testdataset] at index 33
12:53:07,718 INFO  [DomParser] (getTestDataSetNodesList) -> develop|lab -- TC10_AddEditDeletePaymentMethod -- aedpm
12:53:07,719 INFO  [DomParser] (getTestDataSetNodesList) -> Checking node [testdataset] at index 34
12:53:07,719 INFO  [DomParser] (getTestDataSetNodesList) -> develop|lab -- TC11_AccountTypeWithCreditLimit -- atcl
12:53:07,719 INFO  [DomParser] (getTestDataSetNodesList) -> Checking node [testdataset] at index 35
12:53:07,719 INFO  [DomParser] (getTestDataSetNodesList) -> develop|lab -- TC115_AccountTypeACH -- atach
12:53:07,719 INFO  [DomParser] (getTestDataSetNodesList) -> Checking node [testdataset] at index 36
12:53:07,720 INFO  [DomParser] (getTestDataSetNodesList) -> develop|lab -- mandatoryFieldAccountType -- mfat
12:53:07,720 INFO  [DomParser] (getTestDataSetNodesList) -> Checking node [testdataset] at index 37
12:53:07,720 INFO  [DomParser] (getTestDataSetNodesList) -> develop|lab -- TC14_AccountTypeWithCreditLimit -- atcl
12:53:07,720 INFO  [DomParser] (getTestDataSetNodesList) -> Checking node [testdataset] at index 38
12:53:07,720 INFO  [DomParser] (getTestDataSetNodesList) -> develop|lab -- TC15_AddPaymentMethodwithACH -- apm
12:53:07,721 INFO  [DomParser] (getTestDataSetNodesList) -> Checking node [testdataset] at index 39
12:53:07,721 INFO  [DomParser] (getTestDataSetNodesList) -> develop|lab -- TC16_addPaymentMethodwithCheque -- apm
12:53:07,721 INFO  [DomParser] (getTestDataSetNodesList) -> Checking node [testdataset] at index 40
12:53:07,721 INFO  [DomParser] (getTestDataSetNodesList) -> develop|lab -- set63Preference -- sp
12:53:07,721 INFO  [DomParser] (getTestDataSetNodesList) -> Checking node [testdataset] at index 41
12:53:07,721 INFO  [DomParser] (getTestDataSetNodesList) -> develop|lab -- TC17_addChequePaymentMethod -- apm
12:53:07,722 INFO  [DomParser] (getTestDataSetNodesList) -> Checking node [testdataset] at index 42
12:53:07,722 INFO  [DomParser] (getTestDataSetNodesList) -> develop|lab -- TC18_AddAccountType -- aat
12:53:07,722 INFO  [DomParser] (getTestDataSetNodesList) -> Checking node [testdataset] at index 43
12:53:07,722 INFO  [DomParser] (getTestDataSetNodesList) -> develop|lab -- reSet63Preference -- sp
12:53:07,722 INFO  [DomParser] (getTestDataSetNodesList) -> Checking node [testdataset] at index 44
12:53:07,722 INFO  [DomParser] (getTestDataSetNodesList) -> develop|lab -- TC20_EditPaymentMethodForAllAcount -- epmaa
12:53:07,723 INFO  [DomParser] (getTestDataSetNodesList) -> Checking node [testdataset] at index 45
12:53:07,723 INFO  [DomParser] (getTestDataSetNodesList) -> develop|lab -- setCompany -- name
12:53:07,723 INFO  [DomParser] (getTestDataSetNodesList) -> Checking node [testdataset] at index 46
12:53:07,723 INFO  [DomParser] (getTestDataSetNodesList) -> develop|lab3 -- yearlyOrderPeriod -- op
12:53:07,723 INFO  [DomParser] (getTestDataSetNodesList) -> Checking node [testdataset] at index 47
12:53:07,723 INFO  [DomParser] (getTestDataSetNodesList) -> develop|lab3 -- TC36_AddInfoToAccType -- aiat
12:53:07,724 INFO  [DomParser] (getTestDataSetNodesList) -> Checking node [testdataset] at index 48
12:53:07,724 INFO  [DomParser] (getTestDataSetNodesList) -> develop|lab3 -- secondRowInfo -- ai
12:53:07,724 INFO  [DomParser] (getTestDataSetNodesList) -> Checking node [testdataset] at index 49
12:53:07,724 INFO  [DomParser] (getTestDataSetNodesList) -> develop|lab3 -- OrderPluginPageInfo -- oi
12:53:07,724 INFO  [DomParser] (getTestDataSetNodesList) -> Checking node [testdataset] at index 50
12:53:07,724 INFO  [DomParser] (getTestDataSetNodesList) -> develop|lab3 -- addInvoiceTemplateName -- additn
12:53:07,725 INFO  [DomParser] (getTestDataSetNodesList) -> Checking node [testdataset] at index 51
12:53:07,725 INFO  [DomParser] (getTestDataSetNodesList) -> develop|lab -- addNewMetaField -- anmf
12:53:07,725 INFO  [DomParser] (getTestDataSetNodesList) -> Checking node [testdataset] at index 52
12:53:07,725 INFO  [DomParser] (getTestDataSetNodesList) -> develop|lab3 -- addPreferencesvalue1 -- ap
12:53:07,725 INFO  [DomParser] (getTestDataSetNodesList) -> Checking node [testdataset] at index 53
12:53:07,725 INFO  [DomParser] (getTestDataSetNodesList) -> develop|lab -- addSecondMetaField -- asmf
12:53:07,726 INFO  [DomParser] (getTestDataSetNodesList) -> Checking node [testdataset] at index 54
12:53:07,726 INFO  [DomParser] (getTestDataSetNodesList) -> develop|lab -- addthirdMetaField -- atmf
12:53:07,726 INFO  [DomParser] (getTestDataSetNodesList) -> Checking node [testdataset] at index 55
12:53:07,726 INFO  [DomParser] (getTestDataSetNodesList) -> develop|lab3 -- addPreferencesvalue0 -- ap
12:53:07,726 INFO  [DomParser] (getTestDataSetNodesList) -> Checking node [testdataset] at index 56
12:53:07,726 INFO  [DomParser] (getTestDataSetNodesList) -> develop|lab3 -- DataStatusInEnglishBox -- dsieb
12:53:07,727 INFO  [DomParser] (getTestDataSetNodesList) -> Checking node [testdataset] at index 57
12:53:07,727 INFO  [DomParser] (getTestDataSetNodesList) -> develop|lab -- addMetaGroupName -- amdg
12:53:07,727 INFO  [DomParser] (getTestDataSetNodesList) -> Checking node [testdataset] at index 58
12:53:07,727 INFO  [DomParser] (getTestDataSetNodesList) -> develop|lab -- addPluginValue -- apv
12:53:07,727 INFO  [DomParser] (getTestDataSetNodesList) -> Checking node [testdataset] at index 59
12:53:07,727 INFO  [DomParser] (getTestDataSetNodesList) -> develop|lab3 -- MetadataName -- MDN
12:53:07,728 INFO  [DomParser] (getTestDataSetNodesList) -> Checking node [testdataset] at index 60
12:53:07,728 INFO  [DomParser] (getTestDataSetNodesList) -> develop|lab -- VerifyOrderStatuses -- OS
12:53:07,728 INFO  [DomParser] (getTestDataSetNodesList) -> Checking node [testdataset] at index 61
12:53:07,728 INFO  [DomParser] (getTestDataSetNodesList) -> develop|lab3 -- TestPaymentType -- HFG
12:53:07,728 INFO  [DomParser] (getTestDataSetNodesList) -> Checking node [testdataset] at index 62
12:53:07,728 INFO  [DomParser] (getTestDataSetNodesList) -> develop|lab3 -- AccountTypeName -- oii
12:53:07,729 INFO  [DomParser] (getTestDataSetNodesList) -> Checking node [testdataset] at index 63
12:53:07,729 INFO  [DomParser] (getTestDataSetNodesList) -> develop|lab -- configurePaymentTemplateMethod -- pom
12:53:07,729 INFO  [DomParser] (getTestDataSetNodesList) -> Checking node [testdataset] at index 64
12:53:07,729 INFO  [DomParser] (getTestDataSetNodesList) -> develop|lab3 -- TC84_EnumValidateMessage -- evm
12:53:07,729 INFO  [DomParser] (getTestDataSetNodesWithValues) -> 13
12:53:07,729 INFO  [DomParser] (getTestDataSetNodesWithValues) -> text node found; skipping this node
12:53:07,730 INFO  [DomParser] (getTestDataSetNodesWithValues) -> NameMessage <<---->>  Enumeration name is empty or missing
		 <<---->> 1
12:53:07,730 INFO  [DomParser] (getTestDataSetNodesWithValues) -> text node found; skipping this node
12:53:07,730 INFO  [DomParser] (getTestDataSetNodesWithValues) -> ValueMessage <<---->>   Enumeration value cannot be blank
		 <<---->> 1
12:53:07,730 INFO  [DomParser] (getTestDataSetNodesWithValues) -> text node found; skipping this node
12:53:07,730 INFO  [DomParser] (getTestDataSetNodesWithValues) -> enumerationName <<---->>  NewEnum{RANDOM} <<---->> 1
12:53:07,730 INFO  [DomParser] (getTestDataSetNodesWithValues) -> text node found; skipping this node
12:53:07,731 INFO  [DomParser] (getTestDataSetNodesWithValues) -> enumerationValue <<---->>  value1 {RANDOMNUM} <<---->> 1
12:53:07,731 INFO  [DomParser] (getTestDataSetNodesWithValues) -> text node found; skipping this node
12:53:07,731 INFO  [DomParser] (getTestDataSetNodesWithValues) -> editEnumerationValue <<---->>  value2
		 <<---->> 1
12:53:07,731 INFO  [DomParser] (getTestDataSetNodesWithValues) -> text node found; skipping this node
12:53:07,731 INFO  [DomParser] (getTestDataSetNodesWithValues) -> errorMessage <<---->>   An enumeration cannot contain duplicate values
		 <<---->> 1
12:53:07,731 INFO  [DomParser] (getTestDataSetNodesWithValues) -> text node found; skipping this node
12:53:07,732 INFO  [DomParser] EXIT --> (getTestDataSetNodesWithValues)
12:53:07,736 INFO  [BrowserSelenium] ENTER --> (clickLinkText)
12:53:07,736 INFO  [BrowserSelenium] ENTER --> (_waitForElement) --> Waiting for element: null
12:53:07,737 INFO  [BrowserSelenium] ENTER --> (waitForElement)
12:53:10,006 INFO  [BrowserSelenium] ENTER --> (_getByLocator)
12:53:10,007 INFO  [BrowserSelenium] (_getByLocator) -> Getting locator for null
12:53:10,007 INFO  [BrowserSelenium] (_getByLocator) -> Locator info found for XPATH attribute as: //span[text()='Add New']
12:53:10,007 INFO  [BrowserSelenium] ENTER --> (_parseElementOnXpath)
12:53:10,007 INFO  [BrowserSelenium] (_parseElementOnXpath) -> //span[text()='Add New'] is used
12:53:10,007 INFO  [BrowserSelenium] EXIT --> (_parseElementOnXpath)
12:53:10,007 INFO  [BrowserSelenium] EXIT --> (_getByLocator)
]]></system-out>
  <system-err><![CDATA[]]></system-err>
</testsuite>
