<?xml version="1.0" encoding="UTF-8"?>
<testsuite name="com.jbilling.test.VerifyUserAbleToAddPaymentMethod" tests="1" skipped="0" failures="1" errors="0" timestamp="2016-08-04T11:47:15" hostname="Shashank-PC" time="68.14">
  <properties/>
  <testcase name="TC19_VerifyPayMethodIsDefaultSelectedForAllAccType" classname="com.jbilling.test.VerifyUserAbleToAddPaymentMethod" time="68.14">
    <failure message="java.lang.IndexOutOfBoundsException: Index: 4, Size: 4" type="java.lang.IndexOutOfBoundsException">java.lang.IndexOutOfBoundsException: Index: 4, Size: 4
	at java.util.ArrayList.rangeCheck(ArrayList.java:653)
	at java.util.ArrayList.get(ArrayList.java:429)
	at com.jbilling.framework.interfaces.impl.selenium.BrowserSelenium.getDropDownOptionIsSelected(BrowserSelenium.java:1070)
	at com.jbilling.framework.pageclasses.ConfigurationPage.VerifyPaymentMethodItemIsSelectedInDropdown(ConfigurationPage.java:3705)
	at com.jbilling.framework.pageclasses.ConfigurationPage.verifyPayMethodDefaultSelectedForAccountType(ConfigurationPage.java:3712)
	at com.jbilling.test.VerifyUserAbleToAddPaymentMethod.TC19_VerifyPayMethodIsDefaultSelectedForAllAccType(VerifyUserAbleToAddPaymentMethod.java:482)
	at sun.reflect.NativeMethodAccessorImpl.invoke0(Native Method)
	at sun.reflect.NativeMethodAccessorImpl.invoke(NativeMethodAccessorImpl.java:62)
	at sun.reflect.DelegatingMethodAccessorImpl.invoke(DelegatingMethodAccessorImpl.java:43)
	at java.lang.reflect.Method.invoke(Method.java:497)
	at org.testng.internal.MethodInvocationHelper.invokeMethod(MethodInvocationHelper.java:86)
	at org.testng.internal.Invoker.invokeMethod(Invoker.java:643)
	at org.testng.internal.Invoker.invokeTestMethod(Invoker.java:820)
	at org.testng.internal.Invoker.invokeTestMethods(Invoker.java:1128)
	at org.testng.internal.TestMethodWorker.invokeTestMethods(TestMethodWorker.java:129)
	at org.testng.internal.TestMethodWorker.run(TestMethodWorker.java:112)
	at org.testng.TestRunner.privateRun(TestRunner.java:782)
	at org.testng.TestRunner.run(TestRunner.java:632)
	at org.testng.SuiteRunner.runTest(SuiteRunner.java:366)
	at org.testng.SuiteRunner.runSequentially(SuiteRunner.java:361)
	at org.testng.SuiteRunner.privateRun(SuiteRunner.java:319)
	at org.testng.SuiteRunner.run(SuiteRunner.java:268)
	at org.testng.SuiteRunnerWorker.runSuite(SuiteRunnerWorker.java:52)
	at org.testng.SuiteRunnerWorker.run(SuiteRunnerWorker.java:86)
	at org.testng.TestNG.runSuitesSequentially(TestNG.java:1244)
	at org.testng.TestNG.runSuitesLocally(TestNG.java:1169)
	at org.testng.TestNG.run(TestNG.java:1064)
	at org.gradle.api.internal.tasks.testing.testng.TestNGTestClassProcessor.runTests(TestNGTestClassProcessor.java:133)
	at org.gradle.api.internal.tasks.testing.testng.TestNGTestClassProcessor.stop(TestNGTestClassProcessor.java:83)
	at org.gradle.api.internal.tasks.testing.SuiteTestClassProcessor.stop(SuiteTestClassProcessor.java:61)
	at sun.reflect.NativeMethodAccessorImpl.invoke0(Native Method)
	at sun.reflect.NativeMethodAccessorImpl.invoke(NativeMethodAccessorImpl.java:62)
	at sun.reflect.DelegatingMethodAccessorImpl.invoke(DelegatingMethodAccessorImpl.java:43)
	at java.lang.reflect.Method.invoke(Method.java:497)
	at org.gradle.messaging.dispatch.ReflectionDispatch.dispatch(ReflectionDispatch.java:35)
	at org.gradle.messaging.dispatch.ReflectionDispatch.dispatch(ReflectionDispatch.java:24)
	at org.gradle.messaging.dispatch.ContextClassLoaderDispatch.dispatch(ContextClassLoaderDispatch.java:32)
	at org.gradle.messaging.dispatch.ProxyDispatchAdapter$DispatchingInvocationHandler.invoke(ProxyDispatchAdapter.java:93)
	at com.sun.proxy.$Proxy2.stop(Unknown Source)
	at org.gradle.api.internal.tasks.testing.worker.TestWorker.stop(TestWorker.java:120)
	at sun.reflect.NativeMethodAccessorImpl.invoke0(Native Method)
	at sun.reflect.NativeMethodAccessorImpl.invoke(NativeMethodAccessorImpl.java:62)
	at sun.reflect.DelegatingMethodAccessorImpl.invoke(DelegatingMethodAccessorImpl.java:43)
	at java.lang.reflect.Method.invoke(Method.java:497)
	at org.gradle.messaging.dispatch.ReflectionDispatch.dispatch(ReflectionDispatch.java:35)
	at org.gradle.messaging.dispatch.ReflectionDispatch.dispatch(ReflectionDispatch.java:24)
	at org.gradle.messaging.remote.internal.hub.MessageHub$Handler.run(MessageHub.java:364)
	at org.gradle.internal.concurrent.ExecutorPolicy$CatchAndRecordFailures.onExecute(ExecutorPolicy.java:54)
	at org.gradle.internal.concurrent.StoppableExecutorImpl$1.run(StoppableExecutorImpl.java:40)
	at java.util.concurrent.ThreadPoolExecutor.runWorker(ThreadPoolExecutor.java:1142)
	at java.util.concurrent.ThreadPoolExecutor$Worker.run(ThreadPoolExecutor.java:617)
	at java.lang.Thread.run(Thread.java:745)
</failure>
  </testcase>
  <system-out><![CDATA[17:17:15,782 INFO  [VerifyUserAbleToAddPaymentMethod] ENTER --> (TC19_VerifyPayMethodIsDefaultSelectedForAllAccType)
17:17:15,792 INFO  [BrowserSelenium] ENTER --> (clickLinkText)
17:17:15,792 INFO  [BrowserSelenium] ENTER --> (_waitForElement) --> Waiting for element: null
17:17:15,792 INFO  [BrowserSelenium] ENTER --> (waitForElement)
17:17:19,902 INFO  [BrowserSelenium] ENTER --> (_getByLocator)
17:17:19,902 INFO  [BrowserSelenium] (_getByLocator) -> Getting locator for null
17:17:19,902 INFO  [BrowserSelenium] (_getByLocator) -> Locator info found for XPATH attribute as: //a[@href='/jbilling/config/index']
17:17:19,902 INFO  [BrowserSelenium] ENTER --> (_parseElementOnXpath)
17:17:19,902 INFO  [BrowserSelenium] (_parseElementOnXpath) -> //a[@href='/jbilling/config/index'] is used
17:17:19,902 INFO  [BrowserSelenium] EXIT --> (_parseElementOnXpath)
17:17:19,902 INFO  [BrowserSelenium] EXIT --> (_getByLocator)
17:17:19,952 INFO  [BrowserSelenium] ENTER --> (_getByLocator)
17:17:19,952 INFO  [BrowserSelenium] (_getByLocator) -> Getting locator for null
17:17:19,952 INFO  [BrowserSelenium] (_getByLocator) -> Locator info found for XPATH attribute as: //a[@href='/jbilling/config/index']
17:17:19,952 INFO  [BrowserSelenium] ENTER --> (_parseElementOnXpath)
17:17:19,952 INFO  [BrowserSelenium] (_parseElementOnXpath) -> //a[@href='/jbilling/config/index'] is used
17:17:19,952 INFO  [BrowserSelenium] EXIT --> (_parseElementOnXpath)
17:17:19,952 INFO  [BrowserSelenium] EXIT --> (_getByLocator)
17:17:20,002 INFO  [BrowserSelenium] ENTER --> (_getByLocator)
17:17:20,002 INFO  [BrowserSelenium] (_getByLocator) -> Getting locator for null
17:17:20,002 INFO  [BrowserSelenium] (_getByLocator) -> Locator info found for XPATH attribute as: //a[@href='/jbilling/config/index']
17:17:20,002 INFO  [BrowserSelenium] ENTER --> (_parseElementOnXpath)
17:17:20,002 INFO  [BrowserSelenium] (_parseElementOnXpath) -> //a[@href='/jbilling/config/index'] is used
17:17:20,002 INFO  [BrowserSelenium] EXIT --> (_parseElementOnXpath)
17:17:20,002 INFO  [BrowserSelenium] EXIT --> (_getByLocator)
17:17:20,032 INFO  [BrowserSelenium] ENTER --> (_getByLocator)
17:17:20,032 INFO  [BrowserSelenium] (_getByLocator) -> Getting locator for null
17:17:20,032 INFO  [BrowserSelenium] (_getByLocator) -> Locator info found for XPATH attribute as: //a[@href='/jbilling/config/index']
17:17:20,032 INFO  [BrowserSelenium] ENTER --> (_parseElementOnXpath)
17:17:20,032 INFO  [BrowserSelenium] (_parseElementOnXpath) -> //a[@href='/jbilling/config/index'] is used
17:17:20,032 INFO  [BrowserSelenium] EXIT --> (_parseElementOnXpath)
17:17:20,032 INFO  [BrowserSelenium] EXIT --> (_getByLocator)
17:17:20,072 INFO  [BrowserSelenium] ENTER --> (_getByLocator)
17:17:20,072 INFO  [BrowserSelenium] (_getByLocator) -> Getting locator for null
17:17:20,072 INFO  [BrowserSelenium] (_getByLocator) -> Locator info found for XPATH attribute as: //a[@href='/jbilling/config/index']
17:17:20,072 INFO  [BrowserSelenium] ENTER --> (_parseElementOnXpath)
17:17:20,072 INFO  [BrowserSelenium] (_parseElementOnXpath) -> //a[@href='/jbilling/config/index'] is used
17:17:20,072 INFO  [BrowserSelenium] EXIT --> (_parseElementOnXpath)
17:17:20,082 INFO  [BrowserSelenium] EXIT --> (_getByLocator)
17:17:20,112 INFO  [BrowserSelenium] ENTER --> (_getByLocator)
17:17:20,112 INFO  [BrowserSelenium] (_getByLocator) -> Getting locator for null
17:17:20,112 INFO  [BrowserSelenium] (_getByLocator) -> Locator info found for XPATH attribute as: //a[@href='/jbilling/config/index']
17:17:20,112 INFO  [BrowserSelenium] ENTER --> (_parseElementOnXpath)
17:17:20,112 INFO  [BrowserSelenium] (_parseElementOnXpath) -> //a[@href='/jbilling/config/index'] is used
17:17:20,112 INFO  [BrowserSelenium] EXIT --> (_parseElementOnXpath)
17:17:20,112 INFO  [BrowserSelenium] EXIT --> (_getByLocator)
17:17:20,142 INFO  [BrowserSelenium] ENTER --> (_getByLocator)
17:17:20,142 INFO  [BrowserSelenium] (_getByLocator) -> Getting locator for null
17:17:20,142 INFO  [BrowserSelenium] (_getByLocator) -> Locator info found for XPATH attribute as: //a[@href='/jbilling/config/index']
17:17:20,142 INFO  [BrowserSelenium] ENTER --> (_parseElementOnXpath)
17:17:20,152 INFO  [BrowserSelenium] (_parseElementOnXpath) -> //a[@href='/jbilling/config/index'] is used
17:17:20,152 INFO  [BrowserSelenium] EXIT --> (_parseElementOnXpath)
17:17:20,152 INFO  [BrowserSelenium] EXIT --> (_getByLocator)
17:17:20,182 INFO  [BrowserSelenium] ENTER --> (_getByLocator)
17:17:20,182 INFO  [BrowserSelenium] (_getByLocator) -> Getting locator for null
17:17:20,182 INFO  [BrowserSelenium] (_getByLocator) -> Locator info found for XPATH attribute as: //a[@href='/jbilling/config/index']
17:17:20,182 INFO  [BrowserSelenium] ENTER --> (_parseElementOnXpath)
17:17:20,182 INFO  [BrowserSelenium] (_parseElementOnXpath) -> //a[@href='/jbilling/config/index'] is used
17:17:20,182 INFO  [BrowserSelenium] EXIT --> (_parseElementOnXpath)
17:17:20,182 INFO  [BrowserSelenium] EXIT --> (_getByLocator)
17:17:20,322 INFO  [BrowserSelenium] ENTER --> (_getByLocator)
17:17:20,322 INFO  [BrowserSelenium] (_getByLocator) -> Getting locator for null
17:17:20,322 INFO  [BrowserSelenium] (_getByLocator) -> Locator info found for XPATH attribute as: //a[@href='/jbilling/config/index']
17:17:20,322 INFO  [BrowserSelenium] ENTER --> (_parseElementOnXpath)
17:17:20,322 INFO  [BrowserSelenium] (_parseElementOnXpath) -> //a[@href='/jbilling/config/index'] is used
17:17:20,322 INFO  [BrowserSelenium] EXIT --> (_parseElementOnXpath)
17:17:20,322 INFO  [BrowserSelenium] EXIT --> (_getByLocator)
17:17:20,342 INFO  [BrowserSelenium] ENTER --> (_getByLocator)
17:17:20,342 INFO  [BrowserSelenium] (_getByLocator) -> Getting locator for null
17:17:20,342 INFO  [BrowserSelenium] (_getByLocator) -> Locator info found for XPATH attribute as: //a[@href='/jbilling/config/index']
17:17:20,342 INFO  [BrowserSelenium] ENTER --> (_parseElementOnXpath)
17:17:20,342 INFO  [BrowserSelenium] (_parseElementOnXpath) -> //a[@href='/jbilling/config/index'] is used
17:17:20,342 INFO  [BrowserSelenium] EXIT --> (_parseElementOnXpath)
17:17:20,342 INFO  [BrowserSelenium] EXIT --> (_getByLocator)
17:17:20,372 INFO  [BrowserSelenium] ENTER --> (_getByLocator)
17:17:20,372 INFO  [BrowserSelenium] (_getByLocator) -> Getting locator for null
17:17:20,372 INFO  [BrowserSelenium] (_getByLocator) -> Locator info found for XPATH attribute as: //a[@href='/jbilling/config/index']
17:17:20,372 INFO  [BrowserSelenium] ENTER --> (_parseElementOnXpath)
17:17:20,372 INFO  [BrowserSelenium] (_parseElementOnXpath) -> //a[@href='/jbilling/config/index'] is used
17:17:20,372 INFO  [BrowserSelenium] EXIT --> (_parseElementOnXpath)
17:17:20,372 INFO  [BrowserSelenium] EXIT --> (_getByLocator)
17:17:20,402 INFO  [BrowserSelenium] ENTER --> (_getByLocator)
17:17:20,402 INFO  [BrowserSelenium] (_getByLocator) -> Getting locator for null
17:17:20,402 INFO  [BrowserSelenium] (_getByLocator) -> Locator info found for XPATH attribute as: //a[@href='/jbilling/config/index']
17:17:20,402 INFO  [BrowserSelenium] ENTER --> (_parseElementOnXpath)
17:17:20,402 INFO  [BrowserSelenium] (_parseElementOnXpath) -> //a[@href='/jbilling/config/index'] is used
17:17:20,402 INFO  [BrowserSelenium] EXIT --> (_parseElementOnXpath)
17:17:20,402 INFO  [BrowserSelenium] EXIT --> (_getByLocator)
17:17:20,422 INFO  [BrowserSelenium] ENTER --> (_getByLocator)
17:17:20,422 INFO  [BrowserSelenium] (_getByLocator) -> Getting locator for null
17:17:20,422 INFO  [BrowserSelenium] (_getByLocator) -> Locator info found for XPATH attribute as: //a[@href='/jbilling/config/index']
17:17:20,422 INFO  [BrowserSelenium] ENTER --> (_parseElementOnXpath)
17:17:20,422 INFO  [BrowserSelenium] (_parseElementOnXpath) -> //a[@href='/jbilling/config/index'] is used
17:17:20,422 INFO  [BrowserSelenium] EXIT --> (_parseElementOnXpath)
17:17:20,422 INFO  [BrowserSelenium] EXIT --> (_getByLocator)
17:17:20,452 INFO  [BrowserSelenium] ENTER --> (_getByLocator)
17:17:20,452 INFO  [BrowserSelenium] (_getByLocator) -> Getting locator for null
17:17:20,452 INFO  [BrowserSelenium] (_getByLocator) -> Locator info found for XPATH attribute as: //a[@href='/jbilling/config/index']
17:17:20,452 INFO  [BrowserSelenium] ENTER --> (_parseElementOnXpath)
17:17:20,452 INFO  [BrowserSelenium] (_parseElementOnXpath) -> //a[@href='/jbilling/config/index'] is used
17:17:20,452 INFO  [BrowserSelenium] EXIT --> (_parseElementOnXpath)
17:17:20,452 INFO  [BrowserSelenium] EXIT --> (_getByLocator)
17:17:20,482 INFO  [BrowserSelenium] ENTER --> (_getByLocator)
17:17:20,482 INFO  [BrowserSelenium] (_getByLocator) -> Getting locator for null
17:17:20,482 INFO  [BrowserSelenium] (_getByLocator) -> Locator info found for XPATH attribute as: //a[@href='/jbilling/config/index']
17:17:20,482 INFO  [BrowserSelenium] ENTER --> (_parseElementOnXpath)
17:17:20,482 INFO  [BrowserSelenium] (_parseElementOnXpath) -> //a[@href='/jbilling/config/index'] is used
17:17:20,482 INFO  [BrowserSelenium] EXIT --> (_parseElementOnXpath)
17:17:20,482 INFO  [BrowserSelenium] EXIT --> (_getByLocator)
17:17:20,512 INFO  [BrowserSelenium] ENTER --> (_getByLocator)
17:17:20,512 INFO  [BrowserSelenium] (_getByLocator) -> Getting locator for null
17:17:20,512 INFO  [BrowserSelenium] (_getByLocator) -> Locator info found for XPATH attribute as: //a[@href='/jbilling/config/index']
17:17:20,512 INFO  [BrowserSelenium] ENTER --> (_parseElementOnXpath)
17:17:20,512 INFO  [BrowserSelenium] (_parseElementOnXpath) -> //a[@href='/jbilling/config/index'] is used
17:17:20,512 INFO  [BrowserSelenium] EXIT --> (_parseElementOnXpath)
17:17:20,512 INFO  [BrowserSelenium] EXIT --> (_getByLocator)
17:17:20,542 INFO  [BrowserSelenium] ENTER --> (_getByLocator)
17:17:20,542 INFO  [BrowserSelenium] (_getByLocator) -> Getting locator for null
17:17:20,542 INFO  [BrowserSelenium] (_getByLocator) -> Locator info found for XPATH attribute as: //a[@href='/jbilling/config/index']
17:17:20,542 INFO  [BrowserSelenium] ENTER --> (_parseElementOnXpath)
17:17:20,542 INFO  [BrowserSelenium] (_parseElementOnXpath) -> //a[@href='/jbilling/config/index'] is used
17:17:20,542 INFO  [BrowserSelenium] EXIT --> (_parseElementOnXpath)
17:17:20,542 INFO  [BrowserSelenium] EXIT --> (_getByLocator)
17:17:20,562 INFO  [BrowserSelenium] ENTER --> (_getByLocator)
17:17:20,562 INFO  [BrowserSelenium] (_getByLocator) -> Getting locator for null
17:17:20,562 INFO  [BrowserSelenium] (_getByLocator) -> Locator info found for XPATH attribute as: //a[@href='/jbilling/config/index']
17:17:20,562 INFO  [BrowserSelenium] ENTER --> (_parseElementOnXpath)
17:17:20,562 INFO  [BrowserSelenium] (_parseElementOnXpath) -> //a[@href='/jbilling/config/index'] is used
17:17:20,562 INFO  [BrowserSelenium] EXIT --> (_parseElementOnXpath)
17:17:20,562 INFO  [BrowserSelenium] EXIT --> (_getByLocator)
17:17:20,592 INFO  [BrowserSelenium] ENTER --> (_getByLocator)
17:17:20,592 INFO  [BrowserSelenium] (_getByLocator) -> Getting locator for null
17:17:20,592 INFO  [BrowserSelenium] (_getByLocator) -> Locator info found for XPATH attribute as: //a[@href='/jbilling/config/index']
17:17:20,592 INFO  [BrowserSelenium] ENTER --> (_parseElementOnXpath)
17:17:20,592 INFO  [BrowserSelenium] (_parseElementOnXpath) -> //a[@href='/jbilling/config/index'] is used
17:17:20,592 INFO  [BrowserSelenium] EXIT --> (_parseElementOnXpath)
17:17:20,592 INFO  [BrowserSelenium] EXIT --> (_getByLocator)
17:17:20,622 INFO  [BrowserSelenium] ENTER --> (_getByLocator)
17:17:20,622 INFO  [BrowserSelenium] (_getByLocator) -> Getting locator for null
17:17:20,622 INFO  [BrowserSelenium] (_getByLocator) -> Locator info found for XPATH attribute as: //a[@href='/jbilling/config/index']
17:17:20,622 INFO  [BrowserSelenium] ENTER --> (_parseElementOnXpath)
17:17:20,622 INFO  [BrowserSelenium] (_parseElementOnXpath) -> //a[@href='/jbilling/config/index'] is used
17:17:20,622 INFO  [BrowserSelenium] EXIT --> (_parseElementOnXpath)
17:17:20,622 INFO  [BrowserSelenium] EXIT --> (_getByLocator)
17:17:20,642 INFO  [BrowserSelenium] ENTER --> (_getByLocator)
17:17:20,642 INFO  [BrowserSelenium] (_getByLocator) -> Getting locator for null
17:17:20,642 INFO  [BrowserSelenium] (_getByLocator) -> Locator info found for XPATH attribute as: //a[@href='/jbilling/config/index']
17:17:20,642 INFO  [BrowserSelenium] ENTER --> (_parseElementOnXpath)
17:17:20,642 INFO  [BrowserSelenium] (_parseElementOnXpath) -> //a[@href='/jbilling/config/index'] is used
17:17:20,642 INFO  [BrowserSelenium] EXIT --> (_parseElementOnXpath)
17:17:20,642 INFO  [BrowserSelenium] EXIT --> (_getByLocator)
17:17:20,672 INFO  [BrowserSelenium] ENTER --> (_getByLocator)
17:17:20,672 INFO  [BrowserSelenium] (_getByLocator) -> Getting locator for null
17:17:20,672 INFO  [BrowserSelenium] (_getByLocator) -> Locator info found for XPATH attribute as: //a[@href='/jbilling/config/index']
17:17:20,672 INFO  [BrowserSelenium] ENTER --> (_parseElementOnXpath)
17:17:20,672 INFO  [BrowserSelenium] (_parseElementOnXpath) -> //a[@href='/jbilling/config/index'] is used
17:17:20,672 INFO  [BrowserSelenium] EXIT --> (_parseElementOnXpath)
17:17:20,672 INFO  [BrowserSelenium] EXIT --> (_getByLocator)
17:17:20,692 INFO  [BrowserSelenium] ENTER --> (_getByLocator)
17:17:20,692 INFO  [BrowserSelenium] (_getByLocator) -> Getting locator for null
17:17:20,692 INFO  [BrowserSelenium] (_getByLocator) -> Locator info found for XPATH attribute as: //a[@href='/jbilling/config/index']
17:17:20,692 INFO  [BrowserSelenium] ENTER --> (_parseElementOnXpath)
17:17:20,692 INFO  [BrowserSelenium] (_parseElementOnXpath) -> //a[@href='/jbilling/config/index'] is used
17:17:20,692 INFO  [BrowserSelenium] EXIT --> (_parseElementOnXpath)
17:17:20,692 INFO  [BrowserSelenium] EXIT --> (_getByLocator)
17:17:20,712 INFO  [BrowserSelenium] ENTER --> (_getByLocator)
17:17:20,712 INFO  [BrowserSelenium] (_getByLocator) -> Getting locator for null
17:17:20,712 INFO  [BrowserSelenium] (_getByLocator) -> Locator info found for XPATH attribute as: //a[@href='/jbilling/config/index']
17:17:20,712 INFO  [BrowserSelenium] ENTER --> (_parseElementOnXpath)
17:17:20,712 INFO  [BrowserSelenium] (_parseElementOnXpath) -> //a[@href='/jbilling/config/index'] is used
17:17:20,712 INFO  [BrowserSelenium] EXIT --> (_parseElementOnXpath)
17:17:20,712 INFO  [BrowserSelenium] EXIT --> (_getByLocator)
17:17:20,742 INFO  [BrowserSelenium] ENTER --> (_getByLocator)
17:17:20,742 INFO  [BrowserSelenium] (_getByLocator) -> Getting locator for null
17:17:20,742 INFO  [BrowserSelenium] (_getByLocator) -> Locator info found for XPATH attribute as: //a[@href='/jbilling/config/index']
17:17:20,742 INFO  [BrowserSelenium] ENTER --> (_parseElementOnXpath)
17:17:20,742 INFO  [BrowserSelenium] (_parseElementOnXpath) -> //a[@href='/jbilling/config/index'] is used
17:17:20,742 INFO  [BrowserSelenium] EXIT --> (_parseElementOnXpath)
17:17:20,742 INFO  [BrowserSelenium] EXIT --> (_getByLocator)
17:17:20,762 INFO  [BrowserSelenium] ENTER --> (_getByLocator)
17:17:20,762 INFO  [BrowserSelenium] (_getByLocator) -> Getting locator for null
17:17:20,762 INFO  [BrowserSelenium] (_getByLocator) -> Locator info found for XPATH attribute as: //a[@href='/jbilling/config/index']
17:17:20,762 INFO  [BrowserSelenium] ENTER --> (_parseElementOnXpath)
17:17:20,762 INFO  [BrowserSelenium] (_parseElementOnXpath) -> //a[@href='/jbilling/config/index'] is used
17:17:20,762 INFO  [BrowserSelenium] EXIT --> (_parseElementOnXpath)
17:17:20,762 INFO  [BrowserSelenium] EXIT --> (_getByLocator)
17:17:20,792 INFO  [BrowserSelenium] ENTER --> (_getByLocator)
17:17:20,792 INFO  [BrowserSelenium] (_getByLocator) -> Getting locator for null
17:17:20,792 INFO  [BrowserSelenium] (_getByLocator) -> Locator info found for XPATH attribute as: //a[@href='/jbilling/config/index']
17:17:20,792 INFO  [BrowserSelenium] ENTER --> (_parseElementOnXpath)
17:17:20,792 INFO  [BrowserSelenium] (_parseElementOnXpath) -> //a[@href='/jbilling/config/index'] is used
17:17:20,792 INFO  [BrowserSelenium] EXIT --> (_parseElementOnXpath)
17:17:20,792 INFO  [BrowserSelenium] EXIT --> (_getByLocator)
17:17:20,822 INFO  [BrowserSelenium] ENTER --> (_getByLocator)
17:17:20,822 INFO  [BrowserSelenium] (_getByLocator) -> Getting locator for null
17:17:20,822 INFO  [BrowserSelenium] (_getByLocator) -> Locator info found for XPATH attribute as: //a[@href='/jbilling/config/index']
17:17:20,822 INFO  [BrowserSelenium] ENTER --> (_parseElementOnXpath)
17:17:20,822 INFO  [BrowserSelenium] (_parseElementOnXpath) -> //a[@href='/jbilling/config/index'] is used
17:17:20,822 INFO  [BrowserSelenium] EXIT --> (_parseElementOnXpath)
17:17:20,822 INFO  [BrowserSelenium] EXIT --> (_getByLocator)
17:17:20,852 INFO  [BrowserSelenium] ENTER --> (_getByLocator)
17:17:20,852 INFO  [BrowserSelenium] (_getByLocator) -> Getting locator for null
17:17:20,852 INFO  [BrowserSelenium] (_getByLocator) -> Locator info found for XPATH attribute as: //a[@href='/jbilling/config/index']
17:17:20,852 INFO  [BrowserSelenium] ENTER --> (_parseElementOnXpath)
17:17:20,852 INFO  [BrowserSelenium] (_parseElementOnXpath) -> //a[@href='/jbilling/config/index'] is used
17:17:20,852 INFO  [BrowserSelenium] EXIT --> (_parseElementOnXpath)
17:17:20,852 INFO  [BrowserSelenium] EXIT --> (_getByLocator)
17:17:20,872 INFO  [BrowserSelenium] ENTER --> (_getByLocator)
17:17:20,872 INFO  [BrowserSelenium] (_getByLocator) -> Getting locator for null
17:17:20,872 INFO  [BrowserSelenium] (_getByLocator) -> Locator info found for XPATH attribute as: //a[@href='/jbilling/config/index']
17:17:20,872 INFO  [BrowserSelenium] ENTER --> (_parseElementOnXpath)
17:17:20,872 INFO  [BrowserSelenium] (_parseElementOnXpath) -> //a[@href='/jbilling/config/index'] is used
17:17:20,872 INFO  [BrowserSelenium] EXIT --> (_parseElementOnXpath)
17:17:20,872 INFO  [BrowserSelenium] EXIT --> (_getByLocator)
17:17:20,922 INFO  [BrowserSelenium] ENTER --> (_getByLocator)
17:17:20,922 INFO  [BrowserSelenium] (_getByLocator) -> Getting locator for null
17:17:20,922 INFO  [BrowserSelenium] (_getByLocator) -> Locator info found for XPATH attribute as: //a[@href='/jbilling/config/index']
17:17:20,922 INFO  [BrowserSelenium] ENTER --> (_parseElementOnXpath)
17:17:20,922 INFO  [BrowserSelenium] (_parseElementOnXpath) -> //a[@href='/jbilling/config/index'] is used
17:17:20,922 INFO  [BrowserSelenium] EXIT --> (_parseElementOnXpath)
17:17:20,922 INFO  [BrowserSelenium] EXIT --> (_getByLocator)
17:17:20,942 INFO  [BrowserSelenium] ENTER --> (_getByLocator)
17:17:20,942 INFO  [BrowserSelenium] (_getByLocator) -> Getting locator for null
17:17:20,942 INFO  [BrowserSelenium] (_getByLocator) -> Locator info found for XPATH attribute as: //a[@href='/jbilling/config/index']
17:17:20,942 INFO  [BrowserSelenium] ENTER --> (_parseElementOnXpath)
17:17:20,942 INFO  [BrowserSelenium] (_parseElementOnXpath) -> //a[@href='/jbilling/config/index'] is used
17:17:20,942 INFO  [BrowserSelenium] EXIT --> (_parseElementOnXpath)
17:17:20,942 INFO  [BrowserSelenium] EXIT --> (_getByLocator)
17:17:20,972 INFO  [BrowserSelenium] ENTER --> (_getByLocator)
17:17:20,972 INFO  [BrowserSelenium] (_getByLocator) -> Getting locator for null
17:17:20,972 INFO  [BrowserSelenium] (_getByLocator) -> Locator info found for XPATH attribute as: //a[@href='/jbilling/config/index']
17:17:20,972 INFO  [BrowserSelenium] ENTER --> (_parseElementOnXpath)
17:17:20,972 INFO  [BrowserSelenium] (_parseElementOnXpath) -> //a[@href='/jbilling/config/index'] is used
17:17:20,972 INFO  [BrowserSelenium] EXIT --> (_parseElementOnXpath)
17:17:20,972 INFO  [BrowserSelenium] EXIT --> (_getByLocator)
17:17:20,992 INFO  [BrowserSelenium] ENTER --> (_getByLocator)
17:17:20,992 INFO  [BrowserSelenium] (_getByLocator) -> Getting locator for null
17:17:20,992 INFO  [BrowserSelenium] (_getByLocator) -> Locator info found for XPATH attribute as: //a[@href='/jbilling/config/index']
17:17:20,992 INFO  [BrowserSelenium] ENTER --> (_parseElementOnXpath)
17:17:20,992 INFO  [BrowserSelenium] (_parseElementOnXpath) -> //a[@href='/jbilling/config/index'] is used
17:17:20,992 INFO  [BrowserSelenium] EXIT --> (_parseElementOnXpath)
17:17:20,992 INFO  [BrowserSelenium] EXIT --> (_getByLocator)
17:17:21,012 INFO  [BrowserSelenium] ENTER --> (_getByLocator)
17:17:21,012 INFO  [BrowserSelenium] (_getByLocator) -> Getting locator for null
17:17:21,012 INFO  [BrowserSelenium] (_getByLocator) -> Locator info found for XPATH attribute as: //a[@href='/jbilling/config/index']
17:17:21,012 INFO  [BrowserSelenium] ENTER --> (_parseElementOnXpath)
17:17:21,012 INFO  [BrowserSelenium] (_parseElementOnXpath) -> //a[@href='/jbilling/config/index'] is used
17:17:21,012 INFO  [BrowserSelenium] EXIT --> (_parseElementOnXpath)
17:17:21,012 INFO  [BrowserSelenium] EXIT --> (_getByLocator)
17:17:21,032 INFO  [BrowserSelenium] ENTER --> (_getByLocator)
17:17:21,032 INFO  [BrowserSelenium] (_getByLocator) -> Getting locator for null
17:17:21,032 INFO  [BrowserSelenium] (_getByLocator) -> Locator info found for XPATH attribute as: //a[@href='/jbilling/config/index']
17:17:21,042 INFO  [BrowserSelenium] ENTER --> (_parseElementOnXpath)
17:17:21,042 INFO  [BrowserSelenium] (_parseElementOnXpath) -> //a[@href='/jbilling/config/index'] is used
17:17:21,042 INFO  [BrowserSelenium] EXIT --> (_parseElementOnXpath)
17:17:21,042 INFO  [BrowserSelenium] EXIT --> (_getByLocator)
17:17:21,062 INFO  [BrowserSelenium] ENTER --> (_getByLocator)
17:17:21,062 INFO  [BrowserSelenium] (_getByLocator) -> Getting locator for null
17:17:21,062 INFO  [BrowserSelenium] (_getByLocator) -> Locator info found for XPATH attribute as: //a[@href='/jbilling/config/index']
17:17:21,062 INFO  [BrowserSelenium] ENTER --> (_parseElementOnXpath)
17:17:21,062 INFO  [BrowserSelenium] (_parseElementOnXpath) -> //a[@href='/jbilling/config/index'] is used
17:17:21,062 INFO  [BrowserSelenium] EXIT --> (_parseElementOnXpath)
17:17:21,062 INFO  [BrowserSelenium] EXIT --> (_getByLocator)
17:17:21,082 INFO  [BrowserSelenium] ENTER --> (_getByLocator)
17:17:21,082 INFO  [BrowserSelenium] (_getByLocator) -> Getting locator for null
17:17:21,082 INFO  [BrowserSelenium] (_getByLocator) -> Locator info found for XPATH attribute as: //a[@href='/jbilling/config/index']
17:17:21,082 INFO  [BrowserSelenium] ENTER --> (_parseElementOnXpath)
17:17:21,082 INFO  [BrowserSelenium] (_parseElementOnXpath) -> //a[@href='/jbilling/config/index'] is used
17:17:21,082 INFO  [BrowserSelenium] EXIT --> (_parseElementOnXpath)
17:17:21,082 INFO  [BrowserSelenium] EXIT --> (_getByLocator)
17:17:21,112 INFO  [BrowserSelenium] ENTER --> (_getByLocator)
17:17:21,112 INFO  [BrowserSelenium] (_getByLocator) -> Getting locator for null
17:17:21,112 INFO  [BrowserSelenium] (_getByLocator) -> Locator info found for XPATH attribute as: //a[@href='/jbilling/config/index']
17:17:21,112 INFO  [BrowserSelenium] ENTER --> (_parseElementOnXpath)
17:17:21,112 INFO  [BrowserSelenium] (_parseElementOnXpath) -> //a[@href='/jbilling/config/index'] is used
17:17:21,112 INFO  [BrowserSelenium] EXIT --> (_parseElementOnXpath)
17:17:21,112 INFO  [BrowserSelenium] EXIT --> (_getByLocator)
17:17:21,132 INFO  [BrowserSelenium] ENTER --> (_getByLocator)
17:17:21,132 INFO  [BrowserSelenium] (_getByLocator) -> Getting locator for null
17:17:21,132 INFO  [BrowserSelenium] (_getByLocator) -> Locator info found for XPATH attribute as: //a[@href='/jbilling/config/index']
17:17:21,132 INFO  [BrowserSelenium] ENTER --> (_parseElementOnXpath)
17:17:21,132 INFO  [BrowserSelenium] (_parseElementOnXpath) -> //a[@href='/jbilling/config/index'] is used
17:17:21,132 INFO  [BrowserSelenium] EXIT --> (_parseElementOnXpath)
17:17:21,132 INFO  [BrowserSelenium] EXIT --> (_getByLocator)
17:17:21,162 INFO  [BrowserSelenium] ENTER --> (_getByLocator)
17:17:21,162 INFO  [BrowserSelenium] (_getByLocator) -> Getting locator for null
17:17:21,162 INFO  [BrowserSelenium] (_getByLocator) -> Locator info found for XPATH attribute as: //a[@href='/jbilling/config/index']
17:17:21,162 INFO  [BrowserSelenium] ENTER --> (_parseElementOnXpath)
17:17:21,162 INFO  [BrowserSelenium] (_parseElementOnXpath) -> //a[@href='/jbilling/config/index'] is used
17:17:21,162 INFO  [BrowserSelenium] EXIT --> (_parseElementOnXpath)
17:17:21,162 INFO  [BrowserSelenium] EXIT --> (_getByLocator)
17:17:21,182 INFO  [BrowserSelenium] ENTER --> (_getByLocator)
17:17:21,182 INFO  [BrowserSelenium] (_getByLocator) -> Getting locator for null
17:17:21,182 INFO  [BrowserSelenium] (_getByLocator) -> Locator info found for XPATH attribute as: //a[@href='/jbilling/config/index']
17:17:21,182 INFO  [BrowserSelenium] ENTER --> (_parseElementOnXpath)
17:17:21,182 INFO  [BrowserSelenium] (_parseElementOnXpath) -> //a[@href='/jbilling/config/index'] is used
17:17:21,182 INFO  [BrowserSelenium] EXIT --> (_parseElementOnXpath)
17:17:21,182 INFO  [BrowserSelenium] EXIT --> (_getByLocator)
17:17:21,202 INFO  [BrowserSelenium] ENTER --> (_getByLocator)
17:17:21,202 INFO  [BrowserSelenium] (_getByLocator) -> Getting locator for null
17:17:21,202 INFO  [BrowserSelenium] (_getByLocator) -> Locator info found for XPATH attribute as: //a[@href='/jbilling/config/index']
17:17:21,202 INFO  [BrowserSelenium] ENTER --> (_parseElementOnXpath)
17:17:21,202 INFO  [BrowserSelenium] (_parseElementOnXpath) -> //a[@href='/jbilling/config/index'] is used
17:17:21,202 INFO  [BrowserSelenium] EXIT --> (_parseElementOnXpath)
17:17:21,202 INFO  [BrowserSelenium] EXIT --> (_getByLocator)
17:17:21,232 INFO  [BrowserSelenium] ENTER --> (_getByLocator)
17:17:21,232 INFO  [BrowserSelenium] (_getByLocator) -> Getting locator for null
17:17:21,232 INFO  [BrowserSelenium] (_getByLocator) -> Locator info found for XPATH attribute as: //a[@href='/jbilling/config/index']
17:17:21,232 INFO  [BrowserSelenium] ENTER --> (_parseElementOnXpath)
17:17:21,232 INFO  [BrowserSelenium] (_parseElementOnXpath) -> //a[@href='/jbilling/config/index'] is used
17:17:21,232 INFO  [BrowserSelenium] EXIT --> (_parseElementOnXpath)
17:17:21,232 INFO  [BrowserSelenium] EXIT --> (_getByLocator)
17:17:21,252 INFO  [BrowserSelenium] ENTER --> (_getByLocator)
17:17:21,252 INFO  [BrowserSelenium] (_getByLocator) -> Getting locator for null
17:17:21,252 INFO  [BrowserSelenium] (_getByLocator) -> Locator info found for XPATH attribute as: //a[@href='/jbilling/config/index']
17:17:21,252 INFO  [BrowserSelenium] ENTER --> (_parseElementOnXpath)
17:17:21,252 INFO  [BrowserSelenium] (_parseElementOnXpath) -> //a[@href='/jbilling/config/index'] is used
17:17:21,252 INFO  [BrowserSelenium] EXIT --> (_parseElementOnXpath)
17:17:21,252 INFO  [BrowserSelenium] EXIT --> (_getByLocator)
17:17:21,282 INFO  [BrowserSelenium] ENTER --> (_getByLocator)
17:17:21,282 INFO  [BrowserSelenium] (_getByLocator) -> Getting locator for null
17:17:21,282 INFO  [BrowserSelenium] (_getByLocator) -> Locator info found for XPATH attribute as: //a[@href='/jbilling/config/index']
17:17:21,282 INFO  [BrowserSelenium] ENTER --> (_parseElementOnXpath)
17:17:21,282 INFO  [BrowserSelenium] (_parseElementOnXpath) -> //a[@href='/jbilling/config/index'] is used
17:17:21,282 INFO  [BrowserSelenium] EXIT --> (_parseElementOnXpath)
17:17:21,282 INFO  [BrowserSelenium] EXIT --> (_getByLocator)
17:17:21,302 INFO  [BrowserSelenium] ENTER --> (_getByLocator)
17:17:21,302 INFO  [BrowserSelenium] (_getByLocator) -> Getting locator for null
17:17:21,302 INFO  [BrowserSelenium] (_getByLocator) -> Locator info found for XPATH attribute as: //a[@href='/jbilling/config/index']
17:17:21,302 INFO  [BrowserSelenium] ENTER --> (_parseElementOnXpath)
17:17:21,302 INFO  [BrowserSelenium] (_parseElementOnXpath) -> //a[@href='/jbilling/config/index'] is used
17:17:21,302 INFO  [BrowserSelenium] EXIT --> (_parseElementOnXpath)
17:17:21,302 INFO  [BrowserSelenium] EXIT --> (_getByLocator)
17:17:21,332 INFO  [BrowserSelenium] ENTER --> (_getByLocator)
17:17:21,332 INFO  [BrowserSelenium] (_getByLocator) -> Getting locator for null
17:17:21,332 INFO  [BrowserSelenium] (_getByLocator) -> Locator info found for XPATH attribute as: //a[@href='/jbilling/config/index']
17:17:21,332 INFO  [BrowserSelenium] ENTER --> (_parseElementOnXpath)
17:17:21,332 INFO  [BrowserSelenium] (_parseElementOnXpath) -> //a[@href='/jbilling/config/index'] is used
17:17:21,332 INFO  [BrowserSelenium] EXIT --> (_parseElementOnXpath)
17:17:21,332 INFO  [BrowserSelenium] EXIT --> (_getByLocator)
17:17:21,352 INFO  [BrowserSelenium] ENTER --> (_getByLocator)
17:17:21,352 INFO  [BrowserSelenium] (_getByLocator) -> Getting locator for null
17:17:21,352 INFO  [BrowserSelenium] (_getByLocator) -> Locator info found for XPATH attribute as: //a[@href='/jbilling/config/index']
17:17:21,352 INFO  [BrowserSelenium] ENTER --> (_parseElementOnXpath)
17:17:21,352 INFO  [BrowserSelenium] (_parseElementOnXpath) -> //a[@href='/jbilling/config/index'] is used
17:17:21,352 INFO  [BrowserSelenium] EXIT --> (_parseElementOnXpath)
17:17:21,352 INFO  [BrowserSelenium] EXIT --> (_getByLocator)
17:17:21,382 INFO  [BrowserSelenium] ENTER --> (_getByLocator)
17:17:21,382 INFO  [BrowserSelenium] (_getByLocator) -> Getting locator for null
17:17:21,382 INFO  [BrowserSelenium] (_getByLocator) -> Locator info found for XPATH attribute as: //a[@href='/jbilling/config/index']
17:17:21,382 INFO  [BrowserSelenium] ENTER --> (_parseElementOnXpath)
17:17:21,382 INFO  [BrowserSelenium] (_parseElementOnXpath) -> //a[@href='/jbilling/config/index'] is used
17:17:21,382 INFO  [BrowserSelenium] EXIT --> (_parseElementOnXpath)
17:17:21,382 INFO  [BrowserSelenium] EXIT --> (_getByLocator)
17:17:21,402 INFO  [BrowserSelenium] ENTER --> (_getByLocator)
17:17:21,402 INFO  [BrowserSelenium] (_getByLocator) -> Getting locator for null
17:17:21,402 INFO  [BrowserSelenium] (_getByLocator) -> Locator info found for XPATH attribute as: //a[@href='/jbilling/config/index']
17:17:21,402 INFO  [BrowserSelenium] ENTER --> (_parseElementOnXpath)
17:17:21,402 INFO  [BrowserSelenium] (_parseElementOnXpath) -> //a[@href='/jbilling/config/index'] is used
17:17:21,402 INFO  [BrowserSelenium] EXIT --> (_parseElementOnXpath)
17:17:21,402 INFO  [BrowserSelenium] EXIT --> (_getByLocator)
17:17:21,422 INFO  [BrowserSelenium] ENTER --> (_getByLocator)
17:17:21,422 INFO  [BrowserSelenium] (_getByLocator) -> Getting locator for null
17:17:21,422 INFO  [BrowserSelenium] (_getByLocator) -> Locator info found for XPATH attribute as: //a[@href='/jbilling/config/index']
17:17:21,422 INFO  [BrowserSelenium] ENTER --> (_parseElementOnXpath)
17:17:21,422 INFO  [BrowserSelenium] (_parseElementOnXpath) -> //a[@href='/jbilling/config/index'] is used
17:17:21,422 INFO  [BrowserSelenium] EXIT --> (_parseElementOnXpath)
17:17:21,422 INFO  [BrowserSelenium] EXIT --> (_getByLocator)
17:17:21,442 INFO  [BrowserSelenium] ENTER --> (_getByLocator)
17:17:21,442 INFO  [BrowserSelenium] (_getByLocator) -> Getting locator for null
17:17:21,442 INFO  [BrowserSelenium] (_getByLocator) -> Locator info found for XPATH attribute as: //a[@href='/jbilling/config/index']
17:17:21,442 INFO  [BrowserSelenium] ENTER --> (_parseElementOnXpath)
17:17:21,442 INFO  [BrowserSelenium] (_parseElementOnXpath) -> //a[@href='/jbilling/config/index'] is used
17:17:21,442 INFO  [BrowserSelenium] EXIT --> (_parseElementOnXpath)
17:17:21,442 INFO  [BrowserSelenium] EXIT --> (_getByLocator)
17:17:21,462 INFO  [BrowserSelenium] ENTER --> (_getByLocator)
17:17:21,472 INFO  [BrowserSelenium] (_getByLocator) -> Getting locator for null
17:17:21,472 INFO  [BrowserSelenium] (_getByLocator) -> Locator info found for XPATH attribute as: //a[@href='/jbilling/config/index']
17:17:21,472 INFO  [BrowserSelenium] ENTER --> (_parseElementOnXpath)
17:17:21,472 INFO  [BrowserSelenium] (_parseElementOnXpath) -> //a[@href='/jbilling/config/index'] is used
17:17:21,472 INFO  [BrowserSelenium] EXIT --> (_parseElementOnXpath)
17:17:21,472 INFO  [BrowserSelenium] EXIT --> (_getByLocator)
17:17:21,492 INFO  [BrowserSelenium] ENTER --> (_getByLocator)
17:17:21,492 INFO  [BrowserSelenium] (_getByLocator) -> Getting locator for null
17:17:21,492 INFO  [BrowserSelenium] (_getByLocator) -> Locator info found for XPATH attribute as: //a[@href='/jbilling/config/index']
17:17:21,492 INFO  [BrowserSelenium] ENTER --> (_parseElementOnXpath)
17:17:21,492 INFO  [BrowserSelenium] (_parseElementOnXpath) -> //a[@href='/jbilling/config/index'] is used
17:17:21,492 INFO  [BrowserSelenium] EXIT --> (_parseElementOnXpath)
17:17:21,492 INFO  [BrowserSelenium] EXIT --> (_getByLocator)
17:17:21,522 INFO  [BrowserSelenium] ENTER --> (_getByLocator)
17:17:21,522 INFO  [BrowserSelenium] (_getByLocator) -> Getting locator for null
17:17:21,522 INFO  [BrowserSelenium] (_getByLocator) -> Locator info found for XPATH attribute as: //a[@href='/jbilling/config/index']
17:17:21,522 INFO  [BrowserSelenium] ENTER --> (_parseElementOnXpath)
17:17:21,522 INFO  [BrowserSelenium] (_parseElementOnXpath) -> //a[@href='/jbilling/config/index'] is used
17:17:21,522 INFO  [BrowserSelenium] EXIT --> (_parseElementOnXpath)
17:17:21,522 INFO  [BrowserSelenium] EXIT --> (_getByLocator)
17:17:21,542 INFO  [BrowserSelenium] ENTER --> (_getByLocator)
17:17:21,542 INFO  [BrowserSelenium] (_getByLocator) -> Getting locator for null
17:17:21,542 INFO  [BrowserSelenium] (_getByLocator) -> Locator info found for XPATH attribute as: //a[@href='/jbilling/config/index']
17:17:21,542 INFO  [BrowserSelenium] ENTER --> (_parseElementOnXpath)
17:17:21,542 INFO  [BrowserSelenium] (_parseElementOnXpath) -> //a[@href='/jbilling/config/index'] is used
17:17:21,542 INFO  [BrowserSelenium] EXIT --> (_parseElementOnXpath)
17:17:21,542 INFO  [BrowserSelenium] EXIT --> (_getByLocator)
17:17:21,582 INFO  [BrowserSelenium] ENTER --> (_getByLocator)
17:17:21,582 INFO  [BrowserSelenium] (_getByLocator) -> Getting locator for null
17:17:21,582 INFO  [BrowserSelenium] (_getByLocator) -> Locator info found for XPATH attribute as: //a[@href='/jbilling/config/index']
17:17:21,582 INFO  [BrowserSelenium] ENTER --> (_parseElementOnXpath)
17:17:21,582 INFO  [BrowserSelenium] (_parseElementOnXpath) -> //a[@href='/jbilling/config/index'] is used
17:17:21,582 INFO  [BrowserSelenium] EXIT --> (_parseElementOnXpath)
17:17:21,582 INFO  [BrowserSelenium] EXIT --> (_getByLocator)
17:17:21,630 INFO  [BrowserSelenium] ENTER --> (_getByLocator)
17:17:21,630 INFO  [BrowserSelenium] (_getByLocator) -> Getting locator for null
17:17:21,630 INFO  [BrowserSelenium] (_getByLocator) -> Locator info found for XPATH attribute as: //a[@href='/jbilling/config/index']
17:17:21,631 INFO  [BrowserSelenium] ENTER --> (_parseElementOnXpath)
17:17:21,631 INFO  [BrowserSelenium] (_parseElementOnXpath) -> //a[@href='/jbilling/config/index'] is used
17:17:21,631 INFO  [BrowserSelenium] EXIT --> (_parseElementOnXpath)
17:17:21,631 INFO  [BrowserSelenium] EXIT --> (_getByLocator)
17:17:21,662 INFO  [BrowserSelenium] ENTER --> (_getByLocator)
17:17:21,662 INFO  [BrowserSelenium] (_getByLocator) -> Getting locator for null
17:17:21,663 INFO  [BrowserSelenium] (_getByLocator) -> Locator info found for XPATH attribute as: //a[@href='/jbilling/config/index']
17:17:21,663 INFO  [BrowserSelenium] ENTER --> (_parseElementOnXpath)
17:17:21,663 INFO  [BrowserSelenium] (_parseElementOnXpath) -> //a[@href='/jbilling/config/index'] is used
17:17:21,663 INFO  [BrowserSelenium] EXIT --> (_parseElementOnXpath)
17:17:21,664 INFO  [BrowserSelenium] EXIT --> (_getByLocator)
17:17:21,691 INFO  [BrowserSelenium] ENTER --> (_getByLocator)
17:17:21,691 INFO  [BrowserSelenium] (_getByLocator) -> Getting locator for null
17:17:21,692 INFO  [BrowserSelenium] (_getByLocator) -> Locator info found for XPATH attribute as: //a[@href='/jbilling/config/index']
17:17:21,692 INFO  [BrowserSelenium] ENTER --> (_parseElementOnXpath)
17:17:21,692 INFO  [BrowserSelenium] (_parseElementOnXpath) -> //a[@href='/jbilling/config/index'] is used
17:17:21,692 INFO  [BrowserSelenium] EXIT --> (_parseElementOnXpath)
17:17:21,692 INFO  [BrowserSelenium] EXIT --> (_getByLocator)
17:17:21,720 INFO  [BrowserSelenium] ENTER --> (_getByLocator)
17:17:21,720 INFO  [BrowserSelenium] (_getByLocator) -> Getting locator for null
17:17:21,720 INFO  [BrowserSelenium] (_getByLocator) -> Locator info found for XPATH attribute as: //a[@href='/jbilling/config/index']
17:17:21,720 INFO  [BrowserSelenium] ENTER --> (_parseElementOnXpath)
17:17:21,720 INFO  [BrowserSelenium] (_parseElementOnXpath) -> //a[@href='/jbilling/config/index'] is used
17:17:21,721 INFO  [BrowserSelenium] EXIT --> (_parseElementOnXpath)
17:17:21,721 INFO  [BrowserSelenium] EXIT --> (_getByLocator)
17:17:21,734 INFO  [BrowserSelenium] ENTER --> (_getByLocator)
17:17:21,734 INFO  [BrowserSelenium] (_getByLocator) -> Getting locator for null
17:17:21,734 INFO  [BrowserSelenium] (_getByLocator) -> Locator info found for XPATH attribute as: //a[@href='/jbilling/config/index']
17:17:21,734 INFO  [BrowserSelenium] ENTER --> (_parseElementOnXpath)
17:17:21,734 INFO  [BrowserSelenium] (_parseElementOnXpath) -> //a[@href='/jbilling/config/index'] is used
17:17:21,734 INFO  [BrowserSelenium] EXIT --> (_parseElementOnXpath)
17:17:21,734 INFO  [BrowserSelenium] EXIT --> (_getByLocator)
17:17:21,754 INFO  [BrowserSelenium] ENTER --> (_getByLocator)
17:17:21,754 INFO  [BrowserSelenium] (_getByLocator) -> Getting locator for null
17:17:21,754 INFO  [BrowserSelenium] (_getByLocator) -> Locator info found for XPATH attribute as: //a[@href='/jbilling/config/index']
17:17:21,754 INFO  [BrowserSelenium] ENTER --> (_parseElementOnXpath)
17:17:21,754 INFO  [BrowserSelenium] (_parseElementOnXpath) -> //a[@href='/jbilling/config/index'] is used
17:17:21,754 INFO  [BrowserSelenium] EXIT --> (_parseElementOnXpath)
17:17:21,754 INFO  [BrowserSelenium] EXIT --> (_getByLocator)
17:17:21,784 INFO  [BrowserSelenium] ENTER --> (_getByLocator)
17:17:21,784 INFO  [BrowserSelenium] (_getByLocator) -> Getting locator for null
17:17:21,784 INFO  [BrowserSelenium] (_getByLocator) -> Locator info found for XPATH attribute as: //a[@href='/jbilling/config/index']
17:17:21,784 INFO  [BrowserSelenium] ENTER --> (_parseElementOnXpath)
17:17:21,784 INFO  [BrowserSelenium] (_parseElementOnXpath) -> //a[@href='/jbilling/config/index'] is used
17:17:21,784 INFO  [BrowserSelenium] EXIT --> (_parseElementOnXpath)
17:17:21,784 INFO  [BrowserSelenium] EXIT --> (_getByLocator)
17:17:21,804 INFO  [BrowserSelenium] ENTER --> (_getByLocator)
17:17:21,804 INFO  [BrowserSelenium] (_getByLocator) -> Getting locator for null
17:17:21,804 INFO  [BrowserSelenium] (_getByLocator) -> Locator info found for XPATH attribute as: //a[@href='/jbilling/config/index']
17:17:21,804 INFO  [BrowserSelenium] ENTER --> (_parseElementOnXpath)
17:17:21,804 INFO  [BrowserSelenium] (_parseElementOnXpath) -> //a[@href='/jbilling/config/index'] is used
17:17:21,804 INFO  [BrowserSelenium] EXIT --> (_parseElementOnXpath)
17:17:21,804 INFO  [BrowserSelenium] EXIT --> (_getByLocator)
17:17:21,824 INFO  [BrowserSelenium] ENTER --> (_getByLocator)
17:17:21,824 INFO  [BrowserSelenium] (_getByLocator) -> Getting locator for null
17:17:21,824 INFO  [BrowserSelenium] (_getByLocator) -> Locator info found for XPATH attribute as: //a[@href='/jbilling/config/index']
17:17:21,824 INFO  [BrowserSelenium] ENTER --> (_parseElementOnXpath)
17:17:21,824 INFO  [BrowserSelenium] (_parseElementOnXpath) -> //a[@href='/jbilling/config/index'] is used
17:17:21,824 INFO  [BrowserSelenium] EXIT --> (_parseElementOnXpath)
17:17:21,824 INFO  [BrowserSelenium] EXIT --> (_getByLocator)
17:17:21,844 INFO  [BrowserSelenium] ENTER --> (_getByLocator)
17:17:21,844 INFO  [BrowserSelenium] (_getByLocator) -> Getting locator for null
17:17:21,844 INFO  [BrowserSelenium] (_getByLocator) -> Locator info found for XPATH attribute as: //a[@href='/jbilling/config/index']
17:17:21,844 INFO  [BrowserSelenium] ENTER --> (_parseElementOnXpath)
17:17:21,844 INFO  [BrowserSelenium] (_parseElementOnXpath) -> //a[@href='/jbilling/config/index'] is used
17:17:21,844 INFO  [BrowserSelenium] EXIT --> (_parseElementOnXpath)
17:17:21,844 INFO  [BrowserSelenium] EXIT --> (_getByLocator)
17:17:21,864 INFO  [BrowserSelenium] ENTER --> (_getByLocator)
17:17:21,864 INFO  [BrowserSelenium] (_getByLocator) -> Getting locator for null
17:17:21,864 INFO  [BrowserSelenium] (_getByLocator) -> Locator info found for XPATH attribute as: //a[@href='/jbilling/config/index']
17:17:21,864 INFO  [BrowserSelenium] ENTER --> (_parseElementOnXpath)
17:17:21,864 INFO  [BrowserSelenium] (_parseElementOnXpath) -> //a[@href='/jbilling/config/index'] is used
17:17:21,864 INFO  [BrowserSelenium] EXIT --> (_parseElementOnXpath)
17:17:21,864 INFO  [BrowserSelenium] EXIT --> (_getByLocator)
17:17:21,894 INFO  [BrowserSelenium] ENTER --> (_getByLocator)
17:17:21,894 INFO  [BrowserSelenium] (_getByLocator) -> Getting locator for null
17:17:21,894 INFO  [BrowserSelenium] (_getByLocator) -> Locator info found for XPATH attribute as: //a[@href='/jbilling/config/index']
17:17:21,894 INFO  [BrowserSelenium] ENTER --> (_parseElementOnXpath)
17:17:21,894 INFO  [BrowserSelenium] (_parseElementOnXpath) -> //a[@href='/jbilling/config/index'] is used
17:17:21,894 INFO  [BrowserSelenium] EXIT --> (_parseElementOnXpath)
17:17:21,894 INFO  [BrowserSelenium] EXIT --> (_getByLocator)
17:17:21,914 INFO  [BrowserSelenium] ENTER --> (_getByLocator)
17:17:21,914 INFO  [BrowserSelenium] (_getByLocator) -> Getting locator for null
17:17:21,914 INFO  [BrowserSelenium] (_getByLocator) -> Locator info found for XPATH attribute as: //a[@href='/jbilling/config/index']
17:17:21,914 INFO  [BrowserSelenium] ENTER --> (_parseElementOnXpath)
17:17:21,914 INFO  [BrowserSelenium] (_parseElementOnXpath) -> //a[@href='/jbilling/config/index'] is used
17:17:21,914 INFO  [BrowserSelenium] EXIT --> (_parseElementOnXpath)
17:17:21,914 INFO  [BrowserSelenium] EXIT --> (_getByLocator)
17:17:21,944 INFO  [BrowserSelenium] ENTER --> (_getByLocator)
17:17:21,944 INFO  [BrowserSelenium] (_getByLocator) -> Getting locator for null
17:17:21,944 INFO  [BrowserSelenium] (_getByLocator) -> Locator info found for XPATH attribute as: //a[@href='/jbilling/config/index']
17:17:21,944 INFO  [BrowserSelenium] ENTER --> (_parseElementOnXpath)
17:17:21,944 INFO  [BrowserSelenium] (_parseElementOnXpath) -> //a[@href='/jbilling/config/index'] is used
17:17:21,944 INFO  [BrowserSelenium] EXIT --> (_parseElementOnXpath)
17:17:21,944 INFO  [BrowserSelenium] EXIT --> (_getByLocator)
17:17:21,964 INFO  [BrowserSelenium] ENTER --> (_getByLocator)
17:17:21,964 INFO  [BrowserSelenium] (_getByLocator) -> Getting locator for null
17:17:21,964 INFO  [BrowserSelenium] (_getByLocator) -> Locator info found for XPATH attribute as: //a[@href='/jbilling/config/index']
17:17:21,964 INFO  [BrowserSelenium] ENTER --> (_parseElementOnXpath)
17:17:21,964 INFO  [BrowserSelenium] (_parseElementOnXpath) -> //a[@href='/jbilling/config/index'] is used
17:17:21,964 INFO  [BrowserSelenium] EXIT --> (_parseElementOnXpath)
17:17:21,964 INFO  [BrowserSelenium] EXIT --> (_getByLocator)
17:17:21,984 INFO  [BrowserSelenium] ENTER --> (_getByLocator)
17:17:21,984 INFO  [BrowserSelenium] (_getByLocator) -> Getting locator for null
17:17:21,984 INFO  [BrowserSelenium] (_getByLocator) -> Locator info found for XPATH attribute as: //a[@href='/jbilling/config/index']
17:17:21,984 INFO  [BrowserSelenium] ENTER --> (_parseElementOnXpath)
17:17:21,984 INFO  [BrowserSelenium] (_parseElementOnXpath) -> //a[@href='/jbilling/config/index'] is used
17:17:21,984 INFO  [BrowserSelenium] EXIT --> (_parseElementOnXpath)
17:17:21,984 INFO  [BrowserSelenium] EXIT --> (_getByLocator)
17:17:22,004 INFO  [BrowserSelenium] ENTER --> (_getByLocator)
17:17:22,014 INFO  [BrowserSelenium] (_getByLocator) -> Getting locator for null
17:17:22,014 INFO  [BrowserSelenium] (_getByLocator) -> Locator info found for XPATH attribute as: //a[@href='/jbilling/config/index']
17:17:22,014 INFO  [BrowserSelenium] ENTER --> (_parseElementOnXpath)
17:17:22,014 INFO  [BrowserSelenium] (_parseElementOnXpath) -> //a[@href='/jbilling/config/index'] is used
17:17:22,014 INFO  [BrowserSelenium] EXIT --> (_parseElementOnXpath)
17:17:22,014 INFO  [BrowserSelenium] EXIT --> (_getByLocator)
17:17:22,034 INFO  [BrowserSelenium] ENTER --> (_getByLocator)
17:17:22,034 INFO  [BrowserSelenium] (_getByLocator) -> Getting locator for null
17:17:22,034 INFO  [BrowserSelenium] (_getByLocator) -> Locator info found for XPATH attribute as: //a[@href='/jbilling/config/index']
17:17:22,034 INFO  [BrowserSelenium] ENTER --> (_parseElementOnXpath)
17:17:22,034 INFO  [BrowserSelenium] (_parseElementOnXpath) -> //a[@href='/jbilling/config/index'] is used
17:17:22,034 INFO  [BrowserSelenium] EXIT --> (_parseElementOnXpath)
17:17:22,034 INFO  [BrowserSelenium] EXIT --> (_getByLocator)
17:17:22,054 INFO  [BrowserSelenium] ENTER --> (_getByLocator)
17:17:22,054 INFO  [BrowserSelenium] (_getByLocator) -> Getting locator for null
17:17:22,054 INFO  [BrowserSelenium] (_getByLocator) -> Locator info found for XPATH attribute as: //a[@href='/jbilling/config/index']
17:17:22,054 INFO  [BrowserSelenium] ENTER --> (_parseElementOnXpath)
17:17:22,054 INFO  [BrowserSelenium] (_parseElementOnXpath) -> //a[@href='/jbilling/config/index'] is used
17:17:22,054 INFO  [BrowserSelenium] EXIT --> (_parseElementOnXpath)
17:17:22,054 INFO  [BrowserSelenium] EXIT --> (_getByLocator)
17:17:22,084 INFO  [BrowserSelenium] ENTER --> (_getByLocator)
17:17:22,084 INFO  [BrowserSelenium] (_getByLocator) -> Getting locator for null
17:17:22,084 INFO  [BrowserSelenium] (_getByLocator) -> Locator info found for XPATH attribute as: //a[@href='/jbilling/config/index']
17:17:22,084 INFO  [BrowserSelenium] ENTER --> (_parseElementOnXpath)
17:17:22,084 INFO  [BrowserSelenium] (_parseElementOnXpath) -> //a[@href='/jbilling/config/index'] is used
17:17:22,084 INFO  [BrowserSelenium] EXIT --> (_parseElementOnXpath)
17:17:22,084 INFO  [BrowserSelenium] EXIT --> (_getByLocator)
17:17:22,114 INFO  [BrowserSelenium] ENTER --> (_getByLocator)
17:17:22,114 INFO  [BrowserSelenium] (_getByLocator) -> Getting locator for null
17:17:22,114 INFO  [BrowserSelenium] (_getByLocator) -> Locator info found for XPATH attribute as: //a[@href='/jbilling/config/index']
17:17:22,114 INFO  [BrowserSelenium] ENTER --> (_parseElementOnXpath)
17:17:22,114 INFO  [BrowserSelenium] (_parseElementOnXpath) -> //a[@href='/jbilling/config/index'] is used
17:17:22,114 INFO  [BrowserSelenium] EXIT --> (_parseElementOnXpath)
17:17:22,114 INFO  [BrowserSelenium] EXIT --> (_getByLocator)
17:17:22,144 INFO  [BrowserSelenium] ENTER --> (_getByLocator)
17:17:22,144 INFO  [BrowserSelenium] (_getByLocator) -> Getting locator for null
17:17:22,144 INFO  [BrowserSelenium] (_getByLocator) -> Locator info found for XPATH attribute as: //a[@href='/jbilling/config/index']
17:17:22,144 INFO  [BrowserSelenium] ENTER --> (_parseElementOnXpath)
17:17:22,144 INFO  [BrowserSelenium] (_parseElementOnXpath) -> //a[@href='/jbilling/config/index'] is used
17:17:22,144 INFO  [BrowserSelenium] EXIT --> (_parseElementOnXpath)
17:17:22,144 INFO  [BrowserSelenium] EXIT --> (_getByLocator)
17:17:22,174 INFO  [BrowserSelenium] ENTER --> (_getByLocator)
17:17:22,174 INFO  [BrowserSelenium] (_getByLocator) -> Getting locator for null
17:17:22,174 INFO  [BrowserSelenium] (_getByLocator) -> Locator info found for XPATH attribute as: //a[@href='/jbilling/config/index']
17:17:22,174 INFO  [BrowserSelenium] ENTER --> (_parseElementOnXpath)
17:17:22,174 INFO  [BrowserSelenium] (_parseElementOnXpath) -> //a[@href='/jbilling/config/index'] is used
17:17:22,174 INFO  [BrowserSelenium] EXIT --> (_parseElementOnXpath)
17:17:22,174 INFO  [BrowserSelenium] EXIT --> (_getByLocator)
17:17:22,194 INFO  [BrowserSelenium] ENTER --> (_getByLocator)
17:17:22,194 INFO  [BrowserSelenium] (_getByLocator) -> Getting locator for null
17:17:22,194 INFO  [BrowserSelenium] (_getByLocator) -> Locator info found for XPATH attribute as: //a[@href='/jbilling/config/index']
17:17:22,204 INFO  [BrowserSelenium] ENTER --> (_parseElementOnXpath)
17:17:22,204 INFO  [BrowserSelenium] (_parseElementOnXpath) -> //a[@href='/jbilling/config/index'] is used
17:17:22,204 INFO  [BrowserSelenium] EXIT --> (_parseElementOnXpath)
17:17:22,204 INFO  [BrowserSelenium] EXIT --> (_getByLocator)
17:17:22,224 INFO  [BrowserSelenium] ENTER --> (_getByLocator)
17:17:22,224 INFO  [BrowserSelenium] (_getByLocator) -> Getting locator for null
17:17:22,224 INFO  [BrowserSelenium] (_getByLocator) -> Locator info found for XPATH attribute as: //a[@href='/jbilling/config/index']
17:17:22,224 INFO  [BrowserSelenium] ENTER --> (_parseElementOnXpath)
17:17:22,224 INFO  [BrowserSelenium] (_parseElementOnXpath) -> //a[@href='/jbilling/config/index'] is used
17:17:22,224 INFO  [BrowserSelenium] EXIT --> (_parseElementOnXpath)
17:17:22,224 INFO  [BrowserSelenium] EXIT --> (_getByLocator)
17:17:22,244 INFO  [BrowserSelenium] ENTER --> (_getByLocator)
17:17:22,244 INFO  [BrowserSelenium] (_getByLocator) -> Getting locator for null
17:17:22,244 INFO  [BrowserSelenium] (_getByLocator) -> Locator info found for XPATH attribute as: //a[@href='/jbilling/config/index']
17:17:22,244 INFO  [BrowserSelenium] ENTER --> (_parseElementOnXpath)
17:17:22,244 INFO  [BrowserSelenium] (_parseElementOnXpath) -> //a[@href='/jbilling/config/index'] is used
17:17:22,244 INFO  [BrowserSelenium] EXIT --> (_parseElementOnXpath)
17:17:22,244 INFO  [BrowserSelenium] EXIT --> (_getByLocator)
17:17:22,264 INFO  [BrowserSelenium] ENTER --> (_getByLocator)
17:17:22,264 INFO  [BrowserSelenium] (_getByLocator) -> Getting locator for null
17:17:22,264 INFO  [BrowserSelenium] (_getByLocator) -> Locator info found for XPATH attribute as: //a[@href='/jbilling/config/index']
17:17:22,264 INFO  [BrowserSelenium] ENTER --> (_parseElementOnXpath)
17:17:22,264 INFO  [BrowserSelenium] (_parseElementOnXpath) -> //a[@href='/jbilling/config/index'] is used
17:17:22,264 INFO  [BrowserSelenium] EXIT --> (_parseElementOnXpath)
17:17:22,264 INFO  [BrowserSelenium] EXIT --> (_getByLocator)
17:17:22,284 INFO  [BrowserSelenium] ENTER --> (_getByLocator)
17:17:22,284 INFO  [BrowserSelenium] (_getByLocator) -> Getting locator for null
17:17:22,284 INFO  [BrowserSelenium] (_getByLocator) -> Locator info found for XPATH attribute as: //a[@href='/jbilling/config/index']
17:17:22,284 INFO  [BrowserSelenium] ENTER --> (_parseElementOnXpath)
17:17:22,284 INFO  [BrowserSelenium] (_parseElementOnXpath) -> //a[@href='/jbilling/config/index'] is used
17:17:22,284 INFO  [BrowserSelenium] EXIT --> (_parseElementOnXpath)
17:17:22,284 INFO  [BrowserSelenium] EXIT --> (_getByLocator)
17:17:22,314 INFO  [BrowserSelenium] ENTER --> (_getByLocator)
17:17:22,314 INFO  [BrowserSelenium] (_getByLocator) -> Getting locator for null
17:17:22,314 INFO  [BrowserSelenium] (_getByLocator) -> Locator info found for XPATH attribute as: //a[@href='/jbilling/config/index']
17:17:22,314 INFO  [BrowserSelenium] ENTER --> (_parseElementOnXpath)
17:17:22,314 INFO  [BrowserSelenium] (_parseElementOnXpath) -> //a[@href='/jbilling/config/index'] is used
17:17:22,314 INFO  [BrowserSelenium] EXIT --> (_parseElementOnXpath)
17:17:22,314 INFO  [BrowserSelenium] EXIT --> (_getByLocator)
17:17:22,334 INFO  [BrowserSelenium] ENTER --> (_getByLocator)
17:17:22,334 INFO  [BrowserSelenium] (_getByLocator) -> Getting locator for null
17:17:22,334 INFO  [BrowserSelenium] (_getByLocator) -> Locator info found for XPATH attribute as: //a[@href='/jbilling/config/index']
17:17:22,334 INFO  [BrowserSelenium] ENTER --> (_parseElementOnXpath)
17:17:22,334 INFO  [BrowserSelenium] (_parseElementOnXpath) -> //a[@href='/jbilling/config/index'] is used
17:17:22,334 INFO  [BrowserSelenium] EXIT --> (_parseElementOnXpath)
17:17:22,334 INFO  [BrowserSelenium] EXIT --> (_getByLocator)
17:17:22,364 INFO  [BrowserSelenium] ENTER --> (_getByLocator)
17:17:22,364 INFO  [BrowserSelenium] (_getByLocator) -> Getting locator for null
17:17:22,364 INFO  [BrowserSelenium] (_getByLocator) -> Locator info found for XPATH attribute as: //a[@href='/jbilling/config/index']
17:17:22,364 INFO  [BrowserSelenium] ENTER --> (_parseElementOnXpath)
17:17:22,364 INFO  [BrowserSelenium] (_parseElementOnXpath) -> //a[@href='/jbilling/config/index'] is used
17:17:22,364 INFO  [BrowserSelenium] EXIT --> (_parseElementOnXpath)
17:17:22,364 INFO  [BrowserSelenium] EXIT --> (_getByLocator)
17:17:22,384 INFO  [BrowserSelenium] ENTER --> (_getByLocator)
17:17:22,384 INFO  [BrowserSelenium] (_getByLocator) -> Getting locator for null
17:17:22,384 INFO  [BrowserSelenium] (_getByLocator) -> Locator info found for XPATH attribute as: //a[@href='/jbilling/config/index']
17:17:22,384 INFO  [BrowserSelenium] ENTER --> (_parseElementOnXpath)
17:17:22,384 INFO  [BrowserSelenium] (_parseElementOnXpath) -> //a[@href='/jbilling/config/index'] is used
17:17:22,384 INFO  [BrowserSelenium] EXIT --> (_parseElementOnXpath)
17:17:22,384 INFO  [BrowserSelenium] EXIT --> (_getByLocator)
17:17:22,404 INFO  [BrowserSelenium] ENTER --> (_getByLocator)
17:17:22,404 INFO  [BrowserSelenium] (_getByLocator) -> Getting locator for null
17:17:22,404 INFO  [BrowserSelenium] (_getByLocator) -> Locator info found for XPATH attribute as: //a[@href='/jbilling/config/index']
17:17:22,404 INFO  [BrowserSelenium] ENTER --> (_parseElementOnXpath)
17:17:22,404 INFO  [BrowserSelenium] (_parseElementOnXpath) -> //a[@href='/jbilling/config/index'] is used
17:17:22,404 INFO  [BrowserSelenium] EXIT --> (_parseElementOnXpath)
17:17:22,404 INFO  [BrowserSelenium] EXIT --> (_getByLocator)
17:17:22,434 INFO  [BrowserSelenium] ENTER --> (_getByLocator)
17:17:22,434 INFO  [BrowserSelenium] (_getByLocator) -> Getting locator for null
17:17:22,434 INFO  [BrowserSelenium] (_getByLocator) -> Locator info found for XPATH attribute as: //a[@href='/jbilling/config/index']
17:17:22,434 INFO  [BrowserSelenium] ENTER --> (_parseElementOnXpath)
17:17:22,434 INFO  [BrowserSelenium] (_parseElementOnXpath) -> //a[@href='/jbilling/config/index'] is used
17:17:22,434 INFO  [BrowserSelenium] EXIT --> (_parseElementOnXpath)
17:17:22,434 INFO  [BrowserSelenium] EXIT --> (_getByLocator)
17:17:22,454 INFO  [BrowserSelenium] ENTER --> (_getByLocator)
17:17:22,464 INFO  [BrowserSelenium] (_getByLocator) -> Getting locator for null
17:17:22,464 INFO  [BrowserSelenium] (_getByLocator) -> Locator info found for XPATH attribute as: //a[@href='/jbilling/config/index']
17:17:22,464 INFO  [BrowserSelenium] ENTER --> (_parseElementOnXpath)
17:17:22,464 INFO  [BrowserSelenium] (_parseElementOnXpath) -> //a[@href='/jbilling/config/index'] is used
17:17:22,464 INFO  [BrowserSelenium] EXIT --> (_parseElementOnXpath)
17:17:22,464 INFO  [BrowserSelenium] EXIT --> (_getByLocator)
17:17:22,484 INFO  [BrowserSelenium] ENTER --> (_getByLocator)
17:17:22,484 INFO  [BrowserSelenium] (_getByLocator) -> Getting locator for null
17:17:22,484 INFO  [BrowserSelenium] (_getByLocator) -> Locator info found for XPATH attribute as: //a[@href='/jbilling/config/index']
17:17:22,484 INFO  [BrowserSelenium] ENTER --> (_parseElementOnXpath)
17:17:22,484 INFO  [BrowserSelenium] (_parseElementOnXpath) -> //a[@href='/jbilling/config/index'] is used
17:17:22,484 INFO  [BrowserSelenium] EXIT --> (_parseElementOnXpath)
17:17:22,484 INFO  [BrowserSelenium] EXIT --> (_getByLocator)
17:17:22,504 INFO  [BrowserSelenium] ENTER --> (_getByLocator)
17:17:22,504 INFO  [BrowserSelenium] (_getByLocator) -> Getting locator for null
17:17:22,504 INFO  [BrowserSelenium] (_getByLocator) -> Locator info found for XPATH attribute as: //a[@href='/jbilling/config/index']
17:17:22,504 INFO  [BrowserSelenium] ENTER --> (_parseElementOnXpath)
17:17:22,504 INFO  [BrowserSelenium] (_parseElementOnXpath) -> //a[@href='/jbilling/config/index'] is used
17:17:22,504 INFO  [BrowserSelenium] EXIT --> (_parseElementOnXpath)
17:17:22,504 INFO  [BrowserSelenium] EXIT --> (_getByLocator)
17:17:22,544 INFO  [BrowserSelenium] ENTER --> (_getByLocator)
17:17:22,544 INFO  [BrowserSelenium] (_getByLocator) -> Getting locator for null
17:17:22,544 INFO  [BrowserSelenium] (_getByLocator) -> Locator info found for XPATH attribute as: //a[@href='/jbilling/config/index']
17:17:22,544 INFO  [BrowserSelenium] ENTER --> (_parseElementOnXpath)
17:17:22,544 INFO  [BrowserSelenium] (_parseElementOnXpath) -> //a[@href='/jbilling/config/index'] is used
17:17:22,544 INFO  [BrowserSelenium] EXIT --> (_parseElementOnXpath)
17:17:22,544 INFO  [BrowserSelenium] EXIT --> (_getByLocator)
17:17:22,564 INFO  [BrowserSelenium] ENTER --> (_getByLocator)
17:17:22,564 INFO  [BrowserSelenium] (_getByLocator) -> Getting locator for null
17:17:22,564 INFO  [BrowserSelenium] (_getByLocator) -> Locator info found for XPATH attribute as: //a[@href='/jbilling/config/index']
17:17:22,564 INFO  [BrowserSelenium] ENTER --> (_parseElementOnXpath)
17:17:22,564 INFO  [BrowserSelenium] (_parseElementOnXpath) -> //a[@href='/jbilling/config/index'] is used
17:17:22,564 INFO  [BrowserSelenium] EXIT --> (_parseElementOnXpath)
17:17:22,564 INFO  [BrowserSelenium] EXIT --> (_getByLocator)
17:17:22,584 INFO  [BrowserSelenium] ENTER --> (_getByLocator)
17:17:22,584 INFO  [BrowserSelenium] (_getByLocator) -> Getting locator for null
17:17:22,584 INFO  [BrowserSelenium] (_getByLocator) -> Locator info found for XPATH attribute as: //a[@href='/jbilling/config/index']
17:17:22,584 INFO  [BrowserSelenium] ENTER --> (_parseElementOnXpath)
17:17:22,584 INFO  [BrowserSelenium] (_parseElementOnXpath) -> //a[@href='/jbilling/config/index'] is used
17:17:22,584 INFO  [BrowserSelenium] EXIT --> (_parseElementOnXpath)
17:17:22,584 INFO  [BrowserSelenium] EXIT --> (_getByLocator)
17:17:22,614 INFO  [BrowserSelenium] ENTER --> (_getByLocator)
17:17:22,614 INFO  [BrowserSelenium] (_getByLocator) -> Getting locator for null
17:17:22,614 INFO  [BrowserSelenium] (_getByLocator) -> Locator info found for XPATH attribute as: //a[@href='/jbilling/config/index']
17:17:22,614 INFO  [BrowserSelenium] ENTER --> (_parseElementOnXpath)
17:17:22,614 INFO  [BrowserSelenium] (_parseElementOnXpath) -> //a[@href='/jbilling/config/index'] is used
17:17:22,614 INFO  [BrowserSelenium] EXIT --> (_parseElementOnXpath)
17:17:22,614 INFO  [BrowserSelenium] EXIT --> (_getByLocator)
17:17:22,634 INFO  [BrowserSelenium] ENTER --> (_getByLocator)
17:17:22,634 INFO  [BrowserSelenium] (_getByLocator) -> Getting locator for null
17:17:22,634 INFO  [BrowserSelenium] (_getByLocator) -> Locator info found for XPATH attribute as: //a[@href='/jbilling/config/index']
17:17:22,634 INFO  [BrowserSelenium] ENTER --> (_parseElementOnXpath)
17:17:22,634 INFO  [BrowserSelenium] (_parseElementOnXpath) -> //a[@href='/jbilling/config/index'] is used
17:17:22,634 INFO  [BrowserSelenium] EXIT --> (_parseElementOnXpath)
17:17:22,634 INFO  [BrowserSelenium] EXIT --> (_getByLocator)
17:17:22,664 INFO  [BrowserSelenium] ENTER --> (_getByLocator)
17:17:22,664 INFO  [BrowserSelenium] (_getByLocator) -> Getting locator for null
17:17:22,664 INFO  [BrowserSelenium] (_getByLocator) -> Locator info found for XPATH attribute as: //a[@href='/jbilling/config/index']
17:17:22,664 INFO  [BrowserSelenium] ENTER --> (_parseElementOnXpath)
17:17:22,664 INFO  [BrowserSelenium] (_parseElementOnXpath) -> //a[@href='/jbilling/config/index'] is used
17:17:22,664 INFO  [BrowserSelenium] EXIT --> (_parseElementOnXpath)
17:17:22,664 INFO  [BrowserSelenium] EXIT --> (_getByLocator)
17:17:22,684 INFO  [BrowserSelenium] ENTER --> (_getByLocator)
17:17:22,684 INFO  [BrowserSelenium] (_getByLocator) -> Getting locator for null
17:17:22,684 INFO  [BrowserSelenium] (_getByLocator) -> Locator info found for XPATH attribute as: //a[@href='/jbilling/config/index']
17:17:22,684 INFO  [BrowserSelenium] ENTER --> (_parseElementOnXpath)
17:17:22,684 INFO  [BrowserSelenium] (_parseElementOnXpath) -> //a[@href='/jbilling/config/index'] is used
17:17:22,684 INFO  [BrowserSelenium] EXIT --> (_parseElementOnXpath)
17:17:22,684 INFO  [BrowserSelenium] EXIT --> (_getByLocator)
17:17:22,704 INFO  [BrowserSelenium] ENTER --> (_getByLocator)
17:17:22,704 INFO  [BrowserSelenium] (_getByLocator) -> Getting locator for null
17:17:22,704 INFO  [BrowserSelenium] (_getByLocator) -> Locator info found for XPATH attribute as: //a[@href='/jbilling/config/index']
17:17:22,704 INFO  [BrowserSelenium] ENTER --> (_parseElementOnXpath)
17:17:22,704 INFO  [BrowserSelenium] (_parseElementOnXpath) -> //a[@href='/jbilling/config/index'] is used
17:17:22,704 INFO  [BrowserSelenium] EXIT --> (_parseElementOnXpath)
17:17:22,704 INFO  [BrowserSelenium] EXIT --> (_getByLocator)
17:17:22,724 INFO  [BrowserSelenium] ENTER --> (_getByLocator)
17:17:22,724 INFO  [BrowserSelenium] (_getByLocator) -> Getting locator for null
17:17:22,724 INFO  [BrowserSelenium] (_getByLocator) -> Locator info found for XPATH attribute as: //a[@href='/jbilling/config/index']
17:17:22,724 INFO  [BrowserSelenium] ENTER --> (_parseElementOnXpath)
17:17:22,724 INFO  [BrowserSelenium] (_parseElementOnXpath) -> //a[@href='/jbilling/config/index'] is used
17:17:22,724 INFO  [BrowserSelenium] EXIT --> (_parseElementOnXpath)
17:17:22,724 INFO  [BrowserSelenium] EXIT --> (_getByLocator)
17:17:22,754 INFO  [BrowserSelenium] ENTER --> (_getByLocator)
17:17:22,754 INFO  [BrowserSelenium] (_getByLocator) -> Getting locator for null
17:17:22,764 INFO  [BrowserSelenium] (_getByLocator) -> Locator info found for XPATH attribute as: //a[@href='/jbilling/config/index']
17:17:22,764 INFO  [BrowserSelenium] ENTER --> (_parseElementOnXpath)
17:17:22,764 INFO  [BrowserSelenium] (_parseElementOnXpath) -> //a[@href='/jbilling/config/index'] is used
17:17:22,764 INFO  [BrowserSelenium] EXIT --> (_parseElementOnXpath)
17:17:22,764 INFO  [BrowserSelenium] EXIT --> (_getByLocator)
17:17:22,784 INFO  [BrowserSelenium] ENTER --> (_getByLocator)
17:17:22,784 INFO  [BrowserSelenium] (_getByLocator) -> Getting locator for null
17:17:22,784 INFO  [BrowserSelenium] (_getByLocator) -> Locator info found for XPATH attribute as: //a[@href='/jbilling/config/index']
17:17:22,784 INFO  [BrowserSelenium] ENTER --> (_parseElementOnXpath)
17:17:22,784 INFO  [BrowserSelenium] (_parseElementOnXpath) -> //a[@href='/jbilling/config/index'] is used
17:17:22,784 INFO  [BrowserSelenium] EXIT --> (_parseElementOnXpath)
17:17:22,784 INFO  [BrowserSelenium] EXIT --> (_getByLocator)
17:17:22,804 INFO  [BrowserSelenium] ENTER --> (_getByLocator)
17:17:22,804 INFO  [BrowserSelenium] (_getByLocator) -> Getting locator for null
17:17:22,804 INFO  [BrowserSelenium] (_getByLocator) -> Locator info found for XPATH attribute as: //a[@href='/jbilling/config/index']
17:17:22,804 INFO  [BrowserSelenium] ENTER --> (_parseElementOnXpath)
17:17:22,804 INFO  [BrowserSelenium] (_parseElementOnXpath) -> //a[@href='/jbilling/config/index'] is used
17:17:22,804 INFO  [BrowserSelenium] EXIT --> (_parseElementOnXpath)
17:17:22,804 INFO  [BrowserSelenium] EXIT --> (_getByLocator)
17:17:22,824 INFO  [BrowserSelenium] ENTER --> (_getByLocator)
17:17:22,824 INFO  [BrowserSelenium] (_getByLocator) -> Getting locator for null
17:17:22,824 INFO  [BrowserSelenium] (_getByLocator) -> Locator info found for XPATH attribute as: //a[@href='/jbilling/config/index']
17:17:22,824 INFO  [BrowserSelenium] ENTER --> (_parseElementOnXpath)
17:17:22,824 INFO  [BrowserSelenium] (_parseElementOnXpath) -> //a[@href='/jbilling/config/index'] is used
17:17:22,824 INFO  [BrowserSelenium] EXIT --> (_parseElementOnXpath)
17:17:22,824 INFO  [BrowserSelenium] EXIT --> (_getByLocator)
17:17:22,844 INFO  [BrowserSelenium] ENTER --> (_getByLocator)
17:17:22,844 INFO  [BrowserSelenium] (_getByLocator) -> Getting locator for null
17:17:22,844 INFO  [BrowserSelenium] (_getByLocator) -> Locator info found for XPATH attribute as: //a[@href='/jbilling/config/index']
17:17:22,844 INFO  [BrowserSelenium] ENTER --> (_parseElementOnXpath)
17:17:22,844 INFO  [BrowserSelenium] (_parseElementOnXpath) -> //a[@href='/jbilling/config/index'] is used
17:17:22,844 INFO  [BrowserSelenium] EXIT --> (_parseElementOnXpath)
17:17:22,844 INFO  [BrowserSelenium] EXIT --> (_getByLocator)
17:17:22,874 INFO  [BrowserSelenium] ENTER --> (_getByLocator)
17:17:22,874 INFO  [BrowserSelenium] (_getByLocator) -> Getting locator for null
17:17:22,874 INFO  [BrowserSelenium] (_getByLocator) -> Locator info found for XPATH attribute as: //a[@href='/jbilling/config/index']
17:17:22,874 INFO  [BrowserSelenium] ENTER --> (_parseElementOnXpath)
17:17:22,874 INFO  [BrowserSelenium] (_parseElementOnXpath) -> //a[@href='/jbilling/config/index'] is used
17:17:22,874 INFO  [BrowserSelenium] EXIT --> (_parseElementOnXpath)
17:17:22,874 INFO  [BrowserSelenium] EXIT --> (_getByLocator)
17:17:22,904 INFO  [BrowserSelenium] ENTER --> (_getByLocator)
17:17:22,904 INFO  [BrowserSelenium] (_getByLocator) -> Getting locator for null
17:17:22,904 INFO  [BrowserSelenium] (_getByLocator) -> Locator info found for XPATH attribute as: //a[@href='/jbilling/config/index']
17:17:22,904 INFO  [BrowserSelenium] ENTER --> (_parseElementOnXpath)
17:17:22,904 INFO  [BrowserSelenium] (_parseElementOnXpath) -> //a[@href='/jbilling/config/index'] is used
17:17:22,904 INFO  [BrowserSelenium] EXIT --> (_parseElementOnXpath)
17:17:22,904 INFO  [BrowserSelenium] EXIT --> (_getByLocator)
17:17:22,924 INFO  [BrowserSelenium] ENTER --> (_getByLocator)
17:17:22,924 INFO  [BrowserSelenium] (_getByLocator) -> Getting locator for null
17:17:22,924 INFO  [BrowserSelenium] (_getByLocator) -> Locator info found for XPATH attribute as: //a[@href='/jbilling/config/index']
17:17:22,924 INFO  [BrowserSelenium] ENTER --> (_parseElementOnXpath)
17:17:22,924 INFO  [BrowserSelenium] (_parseElementOnXpath) -> //a[@href='/jbilling/config/index'] is used
17:17:22,924 INFO  [BrowserSelenium] EXIT --> (_parseElementOnXpath)
17:17:22,924 INFO  [BrowserSelenium] EXIT --> (_getByLocator)
17:17:22,944 INFO  [BrowserSelenium] ENTER --> (_getByLocator)
17:17:22,944 INFO  [BrowserSelenium] (_getByLocator) -> Getting locator for null
17:17:22,944 INFO  [BrowserSelenium] (_getByLocator) -> Locator info found for XPATH attribute as: //a[@href='/jbilling/config/index']
17:17:22,944 INFO  [BrowserSelenium] ENTER --> (_parseElementOnXpath)
17:17:22,944 INFO  [BrowserSelenium] (_parseElementOnXpath) -> //a[@href='/jbilling/config/index'] is used
17:17:22,944 INFO  [BrowserSelenium] EXIT --> (_parseElementOnXpath)
17:17:22,944 INFO  [BrowserSelenium] EXIT --> (_getByLocator)
17:17:22,964 INFO  [BrowserSelenium] ENTER --> (_getByLocator)
17:17:22,964 INFO  [BrowserSelenium] (_getByLocator) -> Getting locator for null
17:17:22,974 INFO  [BrowserSelenium] (_getByLocator) -> Locator info found for XPATH attribute as: //a[@href='/jbilling/config/index']
17:17:22,974 INFO  [BrowserSelenium] ENTER --> (_parseElementOnXpath)
17:17:22,974 INFO  [BrowserSelenium] (_parseElementOnXpath) -> //a[@href='/jbilling/config/index'] is used
17:17:22,974 INFO  [BrowserSelenium] EXIT --> (_parseElementOnXpath)
17:17:22,974 INFO  [BrowserSelenium] EXIT --> (_getByLocator)
17:17:22,994 INFO  [BrowserSelenium] ENTER --> (_getByLocator)
17:17:23,004 INFO  [BrowserSelenium] (_getByLocator) -> Getting locator for null
17:17:23,004 INFO  [BrowserSelenium] (_getByLocator) -> Locator info found for XPATH attribute as: //a[@href='/jbilling/config/index']
17:17:23,004 INFO  [BrowserSelenium] ENTER --> (_parseElementOnXpath)
17:17:23,004 INFO  [BrowserSelenium] (_parseElementOnXpath) -> //a[@href='/jbilling/config/index'] is used
17:17:23,004 INFO  [BrowserSelenium] EXIT --> (_parseElementOnXpath)
17:17:23,004 INFO  [BrowserSelenium] EXIT --> (_getByLocator)
17:17:23,034 INFO  [BrowserSelenium] ENTER --> (_getByLocator)
17:17:23,034 INFO  [BrowserSelenium] (_getByLocator) -> Getting locator for null
17:17:23,034 INFO  [BrowserSelenium] (_getByLocator) -> Locator info found for XPATH attribute as: //a[@href='/jbilling/config/index']
17:17:23,034 INFO  [BrowserSelenium] ENTER --> (_parseElementOnXpath)
17:17:23,034 INFO  [BrowserSelenium] (_parseElementOnXpath) -> //a[@href='/jbilling/config/index'] is used
17:17:23,034 INFO  [BrowserSelenium] EXIT --> (_parseElementOnXpath)
17:17:23,034 INFO  [BrowserSelenium] EXIT --> (_getByLocator)
17:17:23,064 INFO  [BrowserSelenium] ENTER --> (_getByLocator)
17:17:23,064 INFO  [BrowserSelenium] (_getByLocator) -> Getting locator for null
17:17:23,064 INFO  [BrowserSelenium] (_getByLocator) -> Locator info found for XPATH attribute as: //a[@href='/jbilling/config/index']
17:17:23,064 INFO  [BrowserSelenium] ENTER --> (_parseElementOnXpath)
17:17:23,064 INFO  [BrowserSelenium] (_parseElementOnXpath) -> //a[@href='/jbilling/config/index'] is used
17:17:23,064 INFO  [BrowserSelenium] EXIT --> (_parseElementOnXpath)
17:17:23,064 INFO  [BrowserSelenium] EXIT --> (_getByLocator)
17:17:23,084 INFO  [BrowserSelenium] ENTER --> (_getByLocator)
17:17:23,084 INFO  [BrowserSelenium] (_getByLocator) -> Getting locator for null
17:17:23,084 INFO  [BrowserSelenium] (_getByLocator) -> Locator info found for XPATH attribute as: //a[@href='/jbilling/config/index']
17:17:23,084 INFO  [BrowserSelenium] ENTER --> (_parseElementOnXpath)
17:17:23,084 INFO  [BrowserSelenium] (_parseElementOnXpath) -> //a[@href='/jbilling/config/index'] is used
17:17:23,084 INFO  [BrowserSelenium] EXIT --> (_parseElementOnXpath)
17:17:23,084 INFO  [BrowserSelenium] EXIT --> (_getByLocator)
17:17:23,114 INFO  [BrowserSelenium] ENTER --> (_getByLocator)
17:17:23,114 INFO  [BrowserSelenium] (_getByLocator) -> Getting locator for null
17:17:23,114 INFO  [BrowserSelenium] (_getByLocator) -> Locator info found for XPATH attribute as: //a[@href='/jbilling/config/index']
17:17:23,114 INFO  [BrowserSelenium] ENTER --> (_parseElementOnXpath)
17:17:23,114 INFO  [BrowserSelenium] (_parseElementOnXpath) -> //a[@href='/jbilling/config/index'] is used
17:17:23,124 INFO  [BrowserSelenium] EXIT --> (_parseElementOnXpath)
17:17:23,124 INFO  [BrowserSelenium] EXIT --> (_getByLocator)
17:17:23,154 INFO  [BrowserSelenium] ENTER --> (_getByLocator)
17:17:23,154 INFO  [BrowserSelenium] (_getByLocator) -> Getting locator for null
17:17:23,154 INFO  [BrowserSelenium] (_getByLocator) -> Locator info found for XPATH attribute as: //a[@href='/jbilling/config/index']
17:17:23,154 INFO  [BrowserSelenium] ENTER --> (_parseElementOnXpath)
17:17:23,154 INFO  [BrowserSelenium] (_parseElementOnXpath) -> //a[@href='/jbilling/config/index'] is used
17:17:23,154 INFO  [BrowserSelenium] EXIT --> (_parseElementOnXpath)
17:17:23,154 INFO  [BrowserSelenium] EXIT --> (_getByLocator)
17:17:23,174 INFO  [BrowserSelenium] ENTER --> (_getByLocator)
17:17:23,174 INFO  [BrowserSelenium] (_getByLocator) -> Getting locator for null
17:17:23,174 INFO  [BrowserSelenium] (_getByLocator) -> Locator info found for XPATH attribute as: //a[@href='/jbilling/config/index']
17:17:23,174 INFO  [BrowserSelenium] ENTER --> (_parseElementOnXpath)
17:17:23,174 INFO  [BrowserSelenium] (_parseElementOnXpath) -> //a[@href='/jbilling/config/index'] is used
17:17:23,174 INFO  [BrowserSelenium] EXIT --> (_parseElementOnXpath)
17:17:23,174 INFO  [BrowserSelenium] EXIT --> (_getByLocator)
17:17:23,202 INFO  [BrowserSelenium] ENTER --> (_getByLocator)
17:17:23,202 INFO  [BrowserSelenium] (_getByLocator) -> Getting locator for null
17:17:23,202 INFO  [BrowserSelenium] (_getByLocator) -> Locator info found for XPATH attribute as: //a[@href='/jbilling/config/index']
17:17:23,202 INFO  [BrowserSelenium] ENTER --> (_parseElementOnXpath)
17:17:23,203 INFO  [BrowserSelenium] (_parseElementOnXpath) -> //a[@href='/jbilling/config/index'] is used
17:17:23,203 INFO  [BrowserSelenium] EXIT --> (_parseElementOnXpath)
17:17:23,203 INFO  [BrowserSelenium] EXIT --> (_getByLocator)
17:17:23,225 INFO  [BrowserSelenium] ENTER --> (_getByLocator)
17:17:23,225 INFO  [BrowserSelenium] (_getByLocator) -> Getting locator for null
17:17:23,225 INFO  [BrowserSelenium] (_getByLocator) -> Locator info found for XPATH attribute as: //a[@href='/jbilling/config/index']
17:17:23,225 INFO  [BrowserSelenium] ENTER --> (_parseElementOnXpath)
17:17:23,225 INFO  [BrowserSelenium] (_parseElementOnXpath) -> //a[@href='/jbilling/config/index'] is used
17:17:23,225 INFO  [BrowserSelenium] EXIT --> (_parseElementOnXpath)
17:17:23,225 INFO  [BrowserSelenium] EXIT --> (_getByLocator)
17:17:23,245 INFO  [BrowserSelenium] ENTER --> (_getByLocator)
17:17:23,245 INFO  [BrowserSelenium] (_getByLocator) -> Getting locator for null
17:17:23,245 INFO  [BrowserSelenium] (_getByLocator) -> Locator info found for XPATH attribute as: //a[@href='/jbilling/config/index']
17:17:23,245 INFO  [BrowserSelenium] ENTER --> (_parseElementOnXpath)
17:17:23,245 INFO  [BrowserSelenium] (_parseElementOnXpath) -> //a[@href='/jbilling/config/index'] is used
17:17:23,245 INFO  [BrowserSelenium] EXIT --> (_parseElementOnXpath)
17:17:23,245 INFO  [BrowserSelenium] EXIT --> (_getByLocator)
17:17:23,285 INFO  [BrowserSelenium] ENTER --> (_getByLocator)
17:17:23,285 INFO  [BrowserSelenium] (_getByLocator) -> Getting locator for null
17:17:23,285 INFO  [BrowserSelenium] (_getByLocator) -> Locator info found for XPATH attribute as: //a[@href='/jbilling/config/index']
17:17:23,285 INFO  [BrowserSelenium] ENTER --> (_parseElementOnXpath)
17:17:23,285 INFO  [BrowserSelenium] (_parseElementOnXpath) -> //a[@href='/jbilling/config/index'] is used
17:17:23,285 INFO  [BrowserSelenium] EXIT --> (_parseElementOnXpath)
17:17:23,285 INFO  [BrowserSelenium] EXIT --> (_getByLocator)
17:17:23,317 INFO  [BrowserSelenium] ENTER --> (_getByLocator)
17:17:23,317 INFO  [BrowserSelenium] (_getByLocator) -> Getting locator for null
17:17:23,317 INFO  [BrowserSelenium] (_getByLocator) -> Locator info found for XPATH attribute as: //a[@href='/jbilling/config/index']
17:17:23,317 INFO  [BrowserSelenium] ENTER --> (_parseElementOnXpath)
17:17:23,317 INFO  [BrowserSelenium] (_parseElementOnXpath) -> //a[@href='/jbilling/config/index'] is used
17:17:23,317 INFO  [BrowserSelenium] EXIT --> (_parseElementOnXpath)
17:17:23,317 INFO  [BrowserSelenium] EXIT --> (_getByLocator)
17:17:23,337 INFO  [BrowserSelenium] ENTER --> (_getByLocator)
17:17:23,337 INFO  [BrowserSelenium] (_getByLocator) -> Getting locator for null
17:17:23,337 INFO  [BrowserSelenium] (_getByLocator) -> Locator info found for XPATH attribute as: //a[@href='/jbilling/config/index']
17:17:23,337 INFO  [BrowserSelenium] ENTER --> (_parseElementOnXpath)
17:17:23,337 INFO  [BrowserSelenium] (_parseElementOnXpath) -> //a[@href='/jbilling/config/index'] is used
17:17:23,337 INFO  [BrowserSelenium] EXIT --> (_parseElementOnXpath)
17:17:23,337 INFO  [BrowserSelenium] EXIT --> (_getByLocator)
17:17:23,357 INFO  [BrowserSelenium] ENTER --> (_getByLocator)
17:17:23,367 INFO  [BrowserSelenium] (_getByLocator) -> Getting locator for null
17:17:23,367 INFO  [BrowserSelenium] (_getByLocator) -> Locator info found for XPATH attribute as: //a[@href='/jbilling/config/index']
17:17:23,367 INFO  [BrowserSelenium] ENTER --> (_parseElementOnXpath)
17:17:23,367 INFO  [BrowserSelenium] (_parseElementOnXpath) -> //a[@href='/jbilling/config/index'] is used
17:17:23,367 INFO  [BrowserSelenium] EXIT --> (_parseElementOnXpath)
17:17:23,367 INFO  [BrowserSelenium] EXIT --> (_getByLocator)
17:17:23,387 INFO  [BrowserSelenium] ENTER --> (_getByLocator)
17:17:23,387 INFO  [BrowserSelenium] (_getByLocator) -> Getting locator for null
17:17:23,387 INFO  [BrowserSelenium] (_getByLocator) -> Locator info found for XPATH attribute as: //a[@href='/jbilling/config/index']
17:17:23,387 INFO  [BrowserSelenium] ENTER --> (_parseElementOnXpath)
17:17:23,387 INFO  [BrowserSelenium] (_parseElementOnXpath) -> //a[@href='/jbilling/config/index'] is used
17:17:23,387 INFO  [BrowserSelenium] EXIT --> (_parseElementOnXpath)
17:17:23,387 INFO  [BrowserSelenium] EXIT --> (_getByLocator)
17:17:23,407 INFO  [BrowserSelenium] ENTER --> (_getByLocator)
17:17:23,407 INFO  [BrowserSelenium] (_getByLocator) -> Getting locator for null
17:17:23,407 INFO  [BrowserSelenium] (_getByLocator) -> Locator info found for XPATH attribute as: //a[@href='/jbilling/config/index']
17:17:23,407 INFO  [BrowserSelenium] ENTER --> (_parseElementOnXpath)
17:17:23,407 INFO  [BrowserSelenium] (_parseElementOnXpath) -> //a[@href='/jbilling/config/index'] is used
17:17:23,407 INFO  [BrowserSelenium] EXIT --> (_parseElementOnXpath)
17:17:23,407 INFO  [BrowserSelenium] EXIT --> (_getByLocator)
17:17:23,427 INFO  [BrowserSelenium] ENTER --> (_getByLocator)
17:17:23,427 INFO  [BrowserSelenium] (_getByLocator) -> Getting locator for null
17:17:23,427 INFO  [BrowserSelenium] (_getByLocator) -> Locator info found for XPATH attribute as: //a[@href='/jbilling/config/index']
17:17:23,427 INFO  [BrowserSelenium] ENTER --> (_parseElementOnXpath)
17:17:23,427 INFO  [BrowserSelenium] (_parseElementOnXpath) -> //a[@href='/jbilling/config/index'] is used
17:17:23,427 INFO  [BrowserSelenium] EXIT --> (_parseElementOnXpath)
17:17:23,427 INFO  [BrowserSelenium] EXIT --> (_getByLocator)
17:17:23,447 INFO  [BrowserSelenium] ENTER --> (_getByLocator)
17:17:23,447 INFO  [BrowserSelenium] (_getByLocator) -> Getting locator for null
17:17:23,447 INFO  [BrowserSelenium] (_getByLocator) -> Locator info found for XPATH attribute as: //a[@href='/jbilling/config/index']
17:17:23,447 INFO  [BrowserSelenium] ENTER --> (_parseElementOnXpath)
17:17:23,447 INFO  [BrowserSelenium] (_parseElementOnXpath) -> //a[@href='/jbilling/config/index'] is used
17:17:23,447 INFO  [BrowserSelenium] EXIT --> (_parseElementOnXpath)
17:17:23,447 INFO  [BrowserSelenium] EXIT --> (_getByLocator)
17:17:23,467 INFO  [BrowserSelenium] ENTER --> (_getByLocator)
17:17:23,477 INFO  [BrowserSelenium] (_getByLocator) -> Getting locator for null
17:17:23,477 INFO  [BrowserSelenium] (_getByLocator) -> Locator info found for XPATH attribute as: //a[@href='/jbilling/config/index']
17:17:23,477 INFO  [BrowserSelenium] ENTER --> (_parseElementOnXpath)
17:17:23,477 INFO  [BrowserSelenium] (_parseElementOnXpath) -> //a[@href='/jbilling/config/index'] is used
17:17:23,477 INFO  [BrowserSelenium] EXIT --> (_parseElementOnXpath)
17:17:23,477 INFO  [BrowserSelenium] EXIT --> (_getByLocator)
17:17:23,487 INFO  [BrowserSelenium] ENTER --> (_getByLocator)
17:17:23,497 INFO  [BrowserSelenium] (_getByLocator) -> Getting locator for null
17:17:23,497 INFO  [BrowserSelenium] (_getByLocator) -> Locator info found for XPATH attribute as: //a[@href='/jbilling/config/index']
17:17:23,497 INFO  [BrowserSelenium] ENTER --> (_parseElementOnXpath)
17:17:23,497 INFO  [BrowserSelenium] (_parseElementOnXpath) -> //a[@href='/jbilling/config/index'] is used
17:17:23,497 INFO  [BrowserSelenium] EXIT --> (_parseElementOnXpath)
17:17:23,497 INFO  [BrowserSelenium] EXIT --> (_getByLocator)
17:17:23,517 INFO  [BrowserSelenium] ENTER --> (_getByLocator)
17:17:23,517 INFO  [BrowserSelenium] (_getByLocator) -> Getting locator for null
17:17:23,517 INFO  [BrowserSelenium] (_getByLocator) -> Locator info found for XPATH attribute as: //a[@href='/jbilling/config/index']
17:17:23,517 INFO  [BrowserSelenium] ENTER --> (_parseElementOnXpath)
17:17:23,517 INFO  [BrowserSelenium] (_parseElementOnXpath) -> //a[@href='/jbilling/config/index'] is used
17:17:23,517 INFO  [BrowserSelenium] EXIT --> (_parseElementOnXpath)
17:17:23,517 INFO  [BrowserSelenium] EXIT --> (_getByLocator)
17:17:23,537 INFO  [BrowserSelenium] ENTER --> (_getByLocator)
17:17:23,537 INFO  [BrowserSelenium] (_getByLocator) -> Getting locator for null
17:17:23,537 INFO  [BrowserSelenium] (_getByLocator) -> Locator info found for XPATH attribute as: //a[@href='/jbilling/config/index']
17:17:23,537 INFO  [BrowserSelenium] ENTER --> (_parseElementOnXpath)
17:17:23,537 INFO  [BrowserSelenium] (_parseElementOnXpath) -> //a[@href='/jbilling/config/index'] is used
17:17:23,537 INFO  [BrowserSelenium] EXIT --> (_parseElementOnXpath)
17:17:23,537 INFO  [BrowserSelenium] EXIT --> (_getByLocator)
17:17:23,557 INFO  [BrowserSelenium] ENTER --> (_getByLocator)
17:17:23,557 INFO  [BrowserSelenium] (_getByLocator) -> Getting locator for null
17:17:23,557 INFO  [BrowserSelenium] (_getByLocator) -> Locator info found for XPATH attribute as: //a[@href='/jbilling/config/index']
17:17:23,557 INFO  [BrowserSelenium] ENTER --> (_parseElementOnXpath)
17:17:23,557 INFO  [BrowserSelenium] (_parseElementOnXpath) -> //a[@href='/jbilling/config/index'] is used
17:17:23,557 INFO  [BrowserSelenium] EXIT --> (_parseElementOnXpath)
17:17:23,557 INFO  [BrowserSelenium] EXIT --> (_getByLocator)
17:17:23,587 INFO  [BrowserSelenium] ENTER --> (_getByLocator)
17:17:23,587 INFO  [BrowserSelenium] (_getByLocator) -> Getting locator for null
17:17:23,587 INFO  [BrowserSelenium] (_getByLocator) -> Locator info found for XPATH attribute as: //a[@href='/jbilling/config/index']
17:17:23,587 INFO  [BrowserSelenium] ENTER --> (_parseElementOnXpath)
17:17:23,587 INFO  [BrowserSelenium] (_parseElementOnXpath) -> //a[@href='/jbilling/config/index'] is used
17:17:23,587 INFO  [BrowserSelenium] EXIT --> (_parseElementOnXpath)
17:17:23,587 INFO  [BrowserSelenium] EXIT --> (_getByLocator)
17:17:23,607 INFO  [BrowserSelenium] ENTER --> (_getByLocator)
17:17:23,607 INFO  [BrowserSelenium] (_getByLocator) -> Getting locator for null
17:17:23,617 INFO  [BrowserSelenium] (_getByLocator) -> Locator info found for XPATH attribute as: //a[@href='/jbilling/config/index']
17:17:23,617 INFO  [BrowserSelenium] ENTER --> (_parseElementOnXpath)
17:17:23,617 INFO  [BrowserSelenium] (_parseElementOnXpath) -> //a[@href='/jbilling/config/index'] is used
17:17:23,617 INFO  [BrowserSelenium] EXIT --> (_parseElementOnXpath)
17:17:23,617 INFO  [BrowserSelenium] EXIT --> (_getByLocator)
17:17:23,644 INFO  [BrowserSelenium] ENTER --> (_getByLocator)
17:17:23,644 INFO  [BrowserSelenium] (_getByLocator) -> Getting locator for null
17:17:23,645 INFO  [BrowserSelenium] (_getByLocator) -> Locator info found for XPATH attribute as: //a[@href='/jbilling/config/index']
17:17:23,645 INFO  [BrowserSelenium] ENTER --> (_parseElementOnXpath)
17:17:23,645 INFO  [BrowserSelenium] (_parseElementOnXpath) -> //a[@href='/jbilling/config/index'] is used
17:17:23,645 INFO  [BrowserSelenium] EXIT --> (_parseElementOnXpath)
17:17:23,645 INFO  [BrowserSelenium] EXIT --> (_getByLocator)
17:17:23,659 INFO  [BrowserSelenium] ENTER --> (_getByLocator)
17:17:23,659 INFO  [BrowserSelenium] (_getByLocator) -> Getting locator for null
17:17:23,659 INFO  [BrowserSelenium] (_getByLocator) -> Locator info found for XPATH attribute as: //a[@href='/jbilling/config/index']
17:17:23,659 INFO  [BrowserSelenium] ENTER --> (_parseElementOnXpath)
17:17:23,659 INFO  [BrowserSelenium] (_parseElementOnXpath) -> //a[@href='/jbilling/config/index'] is used
17:17:23,659 INFO  [BrowserSelenium] EXIT --> (_parseElementOnXpath)
17:17:23,659 INFO  [BrowserSelenium] EXIT --> (_getByLocator)
17:17:23,689 INFO  [BrowserSelenium] ENTER --> (_getByLocator)
17:17:23,689 INFO  [BrowserSelenium] (_getByLocator) -> Getting locator for null
17:17:23,689 INFO  [BrowserSelenium] (_getByLocator) -> Locator info found for XPATH attribute as: //a[@href='/jbilling/config/index']
17:17:23,689 INFO  [BrowserSelenium] ENTER --> (_parseElementOnXpath)
17:17:23,689 INFO  [BrowserSelenium] (_parseElementOnXpath) -> //a[@href='/jbilling/config/index'] is used
17:17:23,689 INFO  [BrowserSelenium] EXIT --> (_parseElementOnXpath)
17:17:23,689 INFO  [BrowserSelenium] EXIT --> (_getByLocator)
17:17:23,709 INFO  [BrowserSelenium] ENTER --> (_getByLocator)
17:17:23,709 INFO  [BrowserSelenium] (_getByLocator) -> Getting locator for null
17:17:23,709 INFO  [BrowserSelenium] (_getByLocator) -> Locator info found for XPATH attribute as: //a[@href='/jbilling/config/index']
17:17:23,709 INFO  [BrowserSelenium] ENTER --> (_parseElementOnXpath)
17:17:23,709 INFO  [BrowserSelenium] (_parseElementOnXpath) -> //a[@href='/jbilling/config/index'] is used
17:17:23,709 INFO  [BrowserSelenium] EXIT --> (_parseElementOnXpath)
17:17:23,709 INFO  [BrowserSelenium] EXIT --> (_getByLocator)
17:17:23,729 INFO  [BrowserSelenium] ENTER --> (_getByLocator)
17:17:23,729 INFO  [BrowserSelenium] (_getByLocator) -> Getting locator for null
17:17:23,729 INFO  [BrowserSelenium] (_getByLocator) -> Locator info found for XPATH attribute as: //a[@href='/jbilling/config/index']
17:17:23,729 INFO  [BrowserSelenium] ENTER --> (_parseElementOnXpath)
17:17:23,729 INFO  [BrowserSelenium] (_parseElementOnXpath) -> //a[@href='/jbilling/config/index'] is used
17:17:23,729 INFO  [BrowserSelenium] EXIT --> (_parseElementOnXpath)
17:17:23,729 INFO  [BrowserSelenium] EXIT --> (_getByLocator)
17:17:23,749 INFO  [BrowserSelenium] ENTER --> (_getByLocator)
17:17:23,749 INFO  [BrowserSelenium] (_getByLocator) -> Getting locator for null
17:17:23,749 INFO  [BrowserSelenium] (_getByLocator) -> Locator info found for XPATH attribute as: //a[@href='/jbilling/config/index']
17:17:23,749 INFO  [BrowserSelenium] ENTER --> (_parseElementOnXpath)
17:17:23,749 INFO  [BrowserSelenium] (_parseElementOnXpath) -> //a[@href='/jbilling/config/index'] is used
17:17:23,749 INFO  [BrowserSelenium] EXIT --> (_parseElementOnXpath)
17:17:23,749 INFO  [BrowserSelenium] EXIT --> (_getByLocator)
17:17:23,779 INFO  [BrowserSelenium] ENTER --> (_getByLocator)
17:17:23,779 INFO  [BrowserSelenium] (_getByLocator) -> Getting locator for null
17:17:23,779 INFO  [BrowserSelenium] (_getByLocator) -> Locator info found for XPATH attribute as: //a[@href='/jbilling/config/index']
17:17:23,779 INFO  [BrowserSelenium] ENTER --> (_parseElementOnXpath)
17:17:23,779 INFO  [BrowserSelenium] (_parseElementOnXpath) -> //a[@href='/jbilling/config/index'] is used
17:17:23,779 INFO  [BrowserSelenium] EXIT --> (_parseElementOnXpath)
17:17:23,779 INFO  [BrowserSelenium] EXIT --> (_getByLocator)
17:17:23,799 INFO  [BrowserSelenium] ENTER --> (_getByLocator)
17:17:23,799 INFO  [BrowserSelenium] (_getByLocator) -> Getting locator for null
17:17:23,799 INFO  [BrowserSelenium] (_getByLocator) -> Locator info found for XPATH attribute as: //a[@href='/jbilling/config/index']
17:17:23,799 INFO  [BrowserSelenium] ENTER --> (_parseElementOnXpath)
17:17:23,799 INFO  [BrowserSelenium] (_parseElementOnXpath) -> //a[@href='/jbilling/config/index'] is used
17:17:23,799 INFO  [BrowserSelenium] EXIT --> (_parseElementOnXpath)
17:17:23,799 INFO  [BrowserSelenium] EXIT --> (_getByLocator)
17:17:23,819 INFO  [BrowserSelenium] ENTER --> (_getByLocator)
17:17:23,819 INFO  [BrowserSelenium] (_getByLocator) -> Getting locator for null
17:17:23,819 INFO  [BrowserSelenium] (_getByLocator) -> Locator info found for XPATH attribute as: //a[@href='/jbilling/config/index']
17:17:23,819 INFO  [BrowserSelenium] ENTER --> (_parseElementOnXpath)
17:17:23,819 INFO  [BrowserSelenium] (_parseElementOnXpath) -> //a[@href='/jbilling/config/index'] is used
17:17:23,819 INFO  [BrowserSelenium] EXIT --> (_parseElementOnXpath)
17:17:23,819 INFO  [BrowserSelenium] EXIT --> (_getByLocator)
17:17:23,839 INFO  [BrowserSelenium] ENTER --> (_getByLocator)
17:17:23,839 INFO  [BrowserSelenium] (_getByLocator) -> Getting locator for null
17:17:23,839 INFO  [BrowserSelenium] (_getByLocator) -> Locator info found for XPATH attribute as: //a[@href='/jbilling/config/index']
17:17:23,849 INFO  [BrowserSelenium] ENTER --> (_parseElementOnXpath)
17:17:23,849 INFO  [BrowserSelenium] (_parseElementOnXpath) -> //a[@href='/jbilling/config/index'] is used
17:17:23,849 INFO  [BrowserSelenium] EXIT --> (_parseElementOnXpath)
17:17:23,849 INFO  [BrowserSelenium] EXIT --> (_getByLocator)
17:17:23,869 INFO  [BrowserSelenium] ENTER --> (_getByLocator)
17:17:23,869 INFO  [BrowserSelenium] (_getByLocator) -> Getting locator for null
17:17:23,869 INFO  [BrowserSelenium] (_getByLocator) -> Locator info found for XPATH attribute as: //a[@href='/jbilling/config/index']
17:17:23,869 INFO  [BrowserSelenium] ENTER --> (_parseElementOnXpath)
17:17:23,869 INFO  [BrowserSelenium] (_parseElementOnXpath) -> //a[@href='/jbilling/config/index'] is used
17:17:23,869 INFO  [BrowserSelenium] EXIT --> (_parseElementOnXpath)
17:17:23,869 INFO  [BrowserSelenium] EXIT --> (_getByLocator)
17:17:23,889 INFO  [BrowserSelenium] ENTER --> (_getByLocator)
17:17:23,899 INFO  [BrowserSelenium] (_getByLocator) -> Getting locator for null
17:17:23,899 INFO  [BrowserSelenium] (_getByLocator) -> Locator info found for XPATH attribute as: //a[@href='/jbilling/config/index']
17:17:23,899 INFO  [BrowserSelenium] ENTER --> (_parseElementOnXpath)
17:17:23,899 INFO  [BrowserSelenium] (_parseElementOnXpath) -> //a[@href='/jbilling/config/index'] is used
17:17:23,899 INFO  [BrowserSelenium] EXIT --> (_parseElementOnXpath)
17:17:23,899 INFO  [BrowserSelenium] EXIT --> (_getByLocator)
17:17:23,919 INFO  [BrowserSelenium] ENTER --> (_getByLocator)
17:17:23,919 INFO  [BrowserSelenium] (_getByLocator) -> Getting locator for null
17:17:23,919 INFO  [BrowserSelenium] (_getByLocator) -> Locator info found for XPATH attribute as: //a[@href='/jbilling/config/index']
17:17:23,919 INFO  [BrowserSelenium] ENTER --> (_parseElementOnXpath)
17:17:23,919 INFO  [BrowserSelenium] (_parseElementOnXpath) -> //a[@href='/jbilling/config/index'] is used
17:17:23,919 INFO  [BrowserSelenium] EXIT --> (_parseElementOnXpath)
17:17:23,919 INFO  [BrowserSelenium] EXIT --> (_getByLocator)
17:17:23,939 INFO  [BrowserSelenium] ENTER --> (_getByLocator)
17:17:23,939 INFO  [BrowserSelenium] (_getByLocator) -> Getting locator for null
17:17:23,939 INFO  [BrowserSelenium] (_getByLocator) -> Locator info found for XPATH attribute as: //a[@href='/jbilling/config/index']
17:17:23,939 INFO  [BrowserSelenium] ENTER --> (_parseElementOnXpath)
17:17:23,939 INFO  [BrowserSelenium] (_parseElementOnXpath) -> //a[@href='/jbilling/config/index'] is used
17:17:23,939 INFO  [BrowserSelenium] EXIT --> (_parseElementOnXpath)
17:17:23,939 INFO  [BrowserSelenium] EXIT --> (_getByLocator)
17:17:23,959 INFO  [BrowserSelenium] ENTER --> (_getByLocator)
17:17:23,959 INFO  [BrowserSelenium] (_getByLocator) -> Getting locator for null
17:17:23,959 INFO  [BrowserSelenium] (_getByLocator) -> Locator info found for XPATH attribute as: //a[@href='/jbilling/config/index']
17:17:23,959 INFO  [BrowserSelenium] ENTER --> (_parseElementOnXpath)
17:17:23,959 INFO  [BrowserSelenium] (_parseElementOnXpath) -> //a[@href='/jbilling/config/index'] is used
17:17:23,959 INFO  [BrowserSelenium] EXIT --> (_parseElementOnXpath)
17:17:23,959 INFO  [BrowserSelenium] EXIT --> (_getByLocator)
17:17:23,989 INFO  [BrowserSelenium] ENTER --> (_getByLocator)
17:17:23,989 INFO  [BrowserSelenium] (_getByLocator) -> Getting locator for null
17:17:23,989 INFO  [BrowserSelenium] (_getByLocator) -> Locator info found for XPATH attribute as: //a[@href='/jbilling/config/index']
17:17:23,989 INFO  [BrowserSelenium] ENTER --> (_parseElementOnXpath)
17:17:23,989 INFO  [BrowserSelenium] (_parseElementOnXpath) -> //a[@href='/jbilling/config/index'] is used
17:17:23,989 INFO  [BrowserSelenium] EXIT --> (_parseElementOnXpath)
17:17:23,989 INFO  [BrowserSelenium] EXIT --> (_getByLocator)
17:17:24,009 INFO  [BrowserSelenium] ENTER --> (_getByLocator)
17:17:24,009 INFO  [BrowserSelenium] (_getByLocator) -> Getting locator for null
17:17:24,009 INFO  [BrowserSelenium] (_getByLocator) -> Locator info found for XPATH attribute as: //a[@href='/jbilling/config/index']
17:17:24,009 INFO  [BrowserSelenium] ENTER --> (_parseElementOnXpath)
17:17:24,009 INFO  [BrowserSelenium] (_parseElementOnXpath) -> //a[@href='/jbilling/config/index'] is used
17:17:24,009 INFO  [BrowserSelenium] EXIT --> (_parseElementOnXpath)
17:17:24,009 INFO  [BrowserSelenium] EXIT --> (_getByLocator)
17:17:24,029 INFO  [BrowserSelenium] ENTER --> (_getByLocator)
17:17:24,029 INFO  [BrowserSelenium] (_getByLocator) -> Getting locator for null
17:17:24,029 INFO  [BrowserSelenium] (_getByLocator) -> Locator info found for XPATH attribute as: //a[@href='/jbilling/config/index']
17:17:24,029 INFO  [BrowserSelenium] ENTER --> (_parseElementOnXpath)
17:17:24,029 INFO  [BrowserSelenium] (_parseElementOnXpath) -> //a[@href='/jbilling/config/index'] is used
17:17:24,029 INFO  [BrowserSelenium] EXIT --> (_parseElementOnXpath)
17:17:24,029 INFO  [BrowserSelenium] EXIT --> (_getByLocator)
17:17:24,049 INFO  [BrowserSelenium] ENTER --> (_getByLocator)
17:17:24,049 INFO  [BrowserSelenium] (_getByLocator) -> Getting locator for null
17:17:24,049 INFO  [BrowserSelenium] (_getByLocator) -> Locator info found for XPATH attribute as: //a[@href='/jbilling/config/index']
17:17:24,049 INFO  [BrowserSelenium] ENTER --> (_parseElementOnXpath)
17:17:24,049 INFO  [BrowserSelenium] (_parseElementOnXpath) -> //a[@href='/jbilling/config/index'] is used
17:17:24,049 INFO  [BrowserSelenium] EXIT --> (_parseElementOnXpath)
17:17:24,049 INFO  [BrowserSelenium] EXIT --> (_getByLocator)
17:17:24,079 INFO  [BrowserSelenium] ENTER --> (_getByLocator)
17:17:24,079 INFO  [BrowserSelenium] (_getByLocator) -> Getting locator for null
17:17:24,079 INFO  [BrowserSelenium] (_getByLocator) -> Locator info found for XPATH attribute as: //a[@href='/jbilling/config/index']
17:17:24,079 INFO  [BrowserSelenium] ENTER --> (_parseElementOnXpath)
17:17:24,079 INFO  [BrowserSelenium] (_parseElementOnXpath) -> //a[@href='/jbilling/config/index'] is used
17:17:24,079 INFO  [BrowserSelenium] EXIT --> (_parseElementOnXpath)
17:17:24,079 INFO  [BrowserSelenium] EXIT --> (_getByLocator)
17:17:24,109 INFO  [BrowserSelenium] ENTER --> (_getByLocator)
17:17:24,109 INFO  [BrowserSelenium] (_getByLocator) -> Getting locator for null
17:17:24,109 INFO  [BrowserSelenium] (_getByLocator) -> Locator info found for XPATH attribute as: //a[@href='/jbilling/config/index']
17:17:24,109 INFO  [BrowserSelenium] ENTER --> (_parseElementOnXpath)
17:17:24,109 INFO  [BrowserSelenium] (_parseElementOnXpath) -> //a[@href='/jbilling/config/index'] is used
17:17:24,109 INFO  [BrowserSelenium] EXIT --> (_parseElementOnXpath)
17:17:24,109 INFO  [BrowserSelenium] EXIT --> (_getByLocator)
17:17:24,129 INFO  [BrowserSelenium] ENTER --> (_getByLocator)
17:17:24,129 INFO  [BrowserSelenium] (_getByLocator) -> Getting locator for null
17:17:24,129 INFO  [BrowserSelenium] (_getByLocator) -> Locator info found for XPATH attribute as: //a[@href='/jbilling/config/index']
17:17:24,129 INFO  [BrowserSelenium] ENTER --> (_parseElementOnXpath)
17:17:24,129 INFO  [BrowserSelenium] (_parseElementOnXpath) -> //a[@href='/jbilling/config/index'] is used
17:17:24,129 INFO  [BrowserSelenium] EXIT --> (_parseElementOnXpath)
17:17:24,129 INFO  [BrowserSelenium] EXIT --> (_getByLocator)
17:17:24,159 INFO  [BrowserSelenium] ENTER --> (_getByLocator)
17:17:24,159 INFO  [BrowserSelenium] (_getByLocator) -> Getting locator for null
17:17:24,159 INFO  [BrowserSelenium] (_getByLocator) -> Locator info found for XPATH attribute as: //a[@href='/jbilling/config/index']
17:17:24,159 INFO  [BrowserSelenium] ENTER --> (_parseElementOnXpath)
17:17:24,159 INFO  [BrowserSelenium] (_parseElementOnXpath) -> //a[@href='/jbilling/config/index'] is used
17:17:24,159 INFO  [BrowserSelenium] EXIT --> (_parseElementOnXpath)
17:17:24,159 INFO  [BrowserSelenium] EXIT --> (_getByLocator)
17:17:24,179 INFO  [BrowserSelenium] ENTER --> (_getByLocator)
17:17:24,179 INFO  [BrowserSelenium] (_getByLocator) -> Getting locator for null
17:17:24,179 INFO  [BrowserSelenium] (_getByLocator) -> Locator info found for XPATH attribute as: //a[@href='/jbilling/config/index']
17:17:24,179 INFO  [BrowserSelenium] ENTER --> (_parseElementOnXpath)
17:17:24,179 INFO  [BrowserSelenium] (_parseElementOnXpath) -> //a[@href='/jbilling/config/index'] is used
17:17:24,179 INFO  [BrowserSelenium] EXIT --> (_parseElementOnXpath)
17:17:24,179 INFO  [BrowserSelenium] EXIT --> (_getByLocator)
17:17:24,209 INFO  [BrowserSelenium] ENTER --> (_getByLocator)
17:17:24,209 INFO  [BrowserSelenium] (_getByLocator) -> Getting locator for null
17:17:24,209 INFO  [BrowserSelenium] (_getByLocator) -> Locator info found for XPATH attribute as: //a[@href='/jbilling/config/index']
17:17:24,209 INFO  [BrowserSelenium] ENTER --> (_parseElementOnXpath)
17:17:24,209 INFO  [BrowserSelenium] (_parseElementOnXpath) -> //a[@href='/jbilling/config/index'] is used
17:17:24,209 INFO  [BrowserSelenium] EXIT --> (_parseElementOnXpath)
17:17:24,209 INFO  [BrowserSelenium] EXIT --> (_getByLocator)
17:17:24,229 INFO  [BrowserSelenium] ENTER --> (_getByLocator)
17:17:24,229 INFO  [BrowserSelenium] (_getByLocator) -> Getting locator for null
17:17:24,229 INFO  [BrowserSelenium] (_getByLocator) -> Locator info found for XPATH attribute as: //a[@href='/jbilling/config/index']
17:17:24,229 INFO  [BrowserSelenium] ENTER --> (_parseElementOnXpath)
17:17:24,229 INFO  [BrowserSelenium] (_parseElementOnXpath) -> //a[@href='/jbilling/config/index'] is used
17:17:24,229 INFO  [BrowserSelenium] EXIT --> (_parseElementOnXpath)
17:17:24,229 INFO  [BrowserSelenium] EXIT --> (_getByLocator)
17:17:24,259 INFO  [BrowserSelenium] ENTER --> (_getByLocator)
17:17:24,259 INFO  [BrowserSelenium] (_getByLocator) -> Getting locator for null
17:17:24,259 INFO  [BrowserSelenium] (_getByLocator) -> Locator info found for XPATH attribute as: //a[@href='/jbilling/config/index']
17:17:24,259 INFO  [BrowserSelenium] ENTER --> (_parseElementOnXpath)
17:17:24,259 INFO  [BrowserSelenium] (_parseElementOnXpath) -> //a[@href='/jbilling/config/index'] is used
17:17:24,259 INFO  [BrowserSelenium] EXIT --> (_parseElementOnXpath)
17:17:24,259 INFO  [BrowserSelenium] EXIT --> (_getByLocator)
17:17:24,289 INFO  [BrowserSelenium] ENTER --> (_getByLocator)
17:17:24,289 INFO  [BrowserSelenium] (_getByLocator) -> Getting locator for null
17:17:24,289 INFO  [BrowserSelenium] (_getByLocator) -> Locator info found for XPATH attribute as: //a[@href='/jbilling/config/index']
17:17:24,289 INFO  [BrowserSelenium] ENTER --> (_parseElementOnXpath)
17:17:24,289 INFO  [BrowserSelenium] (_parseElementOnXpath) -> //a[@href='/jbilling/config/index'] is used
17:17:24,289 INFO  [BrowserSelenium] EXIT --> (_parseElementOnXpath)
17:17:24,289 INFO  [BrowserSelenium] EXIT --> (_getByLocator)
17:17:24,309 INFO  [BrowserSelenium] ENTER --> (_getByLocator)
17:17:24,309 INFO  [BrowserSelenium] (_getByLocator) -> Getting locator for null
17:17:24,309 INFO  [BrowserSelenium] (_getByLocator) -> Locator info found for XPATH attribute as: //a[@href='/jbilling/config/index']
17:17:24,309 INFO  [BrowserSelenium] ENTER --> (_parseElementOnXpath)
17:17:24,309 INFO  [BrowserSelenium] (_parseElementOnXpath) -> //a[@href='/jbilling/config/index'] is used
17:17:24,309 INFO  [BrowserSelenium] EXIT --> (_parseElementOnXpath)
17:17:24,309 INFO  [BrowserSelenium] EXIT --> (_getByLocator)
17:17:24,339 INFO  [BrowserSelenium] ENTER --> (_getByLocator)
17:17:24,339 INFO  [BrowserSelenium] (_getByLocator) -> Getting locator for null
17:17:24,339 INFO  [BrowserSelenium] (_getByLocator) -> Locator info found for XPATH attribute as: //a[@href='/jbilling/config/index']
17:17:24,339 INFO  [BrowserSelenium] ENTER --> (_parseElementOnXpath)
17:17:24,339 INFO  [BrowserSelenium] (_parseElementOnXpath) -> //a[@href='/jbilling/config/index'] is used
17:17:24,339 INFO  [BrowserSelenium] EXIT --> (_parseElementOnXpath)
17:17:24,339 INFO  [BrowserSelenium] EXIT --> (_getByLocator)
17:17:24,359 INFO  [BrowserSelenium] ENTER --> (_getByLocator)
17:17:24,359 INFO  [BrowserSelenium] (_getByLocator) -> Getting locator for null
17:17:24,359 INFO  [BrowserSelenium] (_getByLocator) -> Locator info found for XPATH attribute as: //a[@href='/jbilling/config/index']
17:17:24,359 INFO  [BrowserSelenium] ENTER --> (_parseElementOnXpath)
17:17:24,359 INFO  [BrowserSelenium] (_parseElementOnXpath) -> //a[@href='/jbilling/config/index'] is used
17:17:24,359 INFO  [BrowserSelenium] EXIT --> (_parseElementOnXpath)
17:17:24,359 INFO  [BrowserSelenium] EXIT --> (_getByLocator)
17:17:24,379 INFO  [BrowserSelenium] ENTER --> (_getByLocator)
17:17:24,379 INFO  [BrowserSelenium] (_getByLocator) -> Getting locator for null
17:17:24,379 INFO  [BrowserSelenium] (_getByLocator) -> Locator info found for XPATH attribute as: //a[@href='/jbilling/config/index']
17:17:24,379 INFO  [BrowserSelenium] ENTER --> (_parseElementOnXpath)
17:17:24,379 INFO  [BrowserSelenium] (_parseElementOnXpath) -> //a[@href='/jbilling/config/index'] is used
17:17:24,379 INFO  [BrowserSelenium] EXIT --> (_parseElementOnXpath)
17:17:24,379 INFO  [BrowserSelenium] EXIT --> (_getByLocator)
17:17:24,409 INFO  [BrowserSelenium] ENTER --> (_getByLocator)
17:17:24,409 INFO  [BrowserSelenium] (_getByLocator) -> Getting locator for null
17:17:24,409 INFO  [BrowserSelenium] (_getByLocator) -> Locator info found for XPATH attribute as: //a[@href='/jbilling/config/index']
17:17:24,409 INFO  [BrowserSelenium] ENTER --> (_parseElementOnXpath)
17:17:24,409 INFO  [BrowserSelenium] (_parseElementOnXpath) -> //a[@href='/jbilling/config/index'] is used
17:17:24,409 INFO  [BrowserSelenium] EXIT --> (_parseElementOnXpath)
17:17:24,409 INFO  [BrowserSelenium] EXIT --> (_getByLocator)
17:17:24,429 INFO  [BrowserSelenium] ENTER --> (_getByLocator)
17:17:24,429 INFO  [BrowserSelenium] (_getByLocator) -> Getting locator for null
17:17:24,429 INFO  [BrowserSelenium] (_getByLocator) -> Locator info found for XPATH attribute as: //a[@href='/jbilling/config/index']
17:17:24,429 INFO  [BrowserSelenium] ENTER --> (_parseElementOnXpath)
17:17:24,429 INFO  [BrowserSelenium] (_parseElementOnXpath) -> //a[@href='/jbilling/config/index'] is used
17:17:24,429 INFO  [BrowserSelenium] EXIT --> (_parseElementOnXpath)
17:17:24,429 INFO  [BrowserSelenium] EXIT --> (_getByLocator)
17:17:24,449 INFO  [BrowserSelenium] ENTER --> (_getByLocator)
17:17:24,449 INFO  [BrowserSelenium] (_getByLocator) -> Getting locator for null
17:17:24,449 INFO  [BrowserSelenium] (_getByLocator) -> Locator info found for XPATH attribute as: //a[@href='/jbilling/config/index']
17:17:24,449 INFO  [BrowserSelenium] ENTER --> (_parseElementOnXpath)
17:17:24,449 INFO  [BrowserSelenium] (_parseElementOnXpath) -> //a[@href='/jbilling/config/index'] is used
17:17:24,449 INFO  [BrowserSelenium] EXIT --> (_parseElementOnXpath)
17:17:24,449 INFO  [BrowserSelenium] EXIT --> (_getByLocator)
17:17:24,479 INFO  [BrowserSelenium] ENTER --> (_getByLocator)
17:17:24,479 INFO  [BrowserSelenium] (_getByLocator) -> Getting locator for null
17:17:24,479 INFO  [BrowserSelenium] (_getByLocator) -> Locator info found for XPATH attribute as: //a[@href='/jbilling/config/index']
17:17:24,479 INFO  [BrowserSelenium] ENTER --> (_parseElementOnXpath)
17:17:24,479 INFO  [BrowserSelenium] (_parseElementOnXpath) -> //a[@href='/jbilling/config/index'] is used
17:17:24,479 INFO  [BrowserSelenium] EXIT --> (_parseElementOnXpath)
17:17:24,479 INFO  [BrowserSelenium] EXIT --> (_getByLocator)
17:17:24,509 INFO  [BrowserSelenium] ENTER --> (_getByLocator)
17:17:24,509 INFO  [BrowserSelenium] (_getByLocator) -> Getting locator for null
17:17:24,509 INFO  [BrowserSelenium] (_getByLocator) -> Locator info found for XPATH attribute as: //a[@href='/jbilling/config/index']
17:17:24,509 INFO  [BrowserSelenium] ENTER --> (_parseElementOnXpath)
17:17:24,509 INFO  [BrowserSelenium] (_parseElementOnXpath) -> //a[@href='/jbilling/config/index'] is used
17:17:24,509 INFO  [BrowserSelenium] EXIT --> (_parseElementOnXpath)
17:17:24,509 INFO  [BrowserSelenium] EXIT --> (_getByLocator)
17:17:24,529 INFO  [BrowserSelenium] ENTER --> (_getByLocator)
17:17:24,529 INFO  [BrowserSelenium] (_getByLocator) -> Getting locator for null
17:17:24,529 INFO  [BrowserSelenium] (_getByLocator) -> Locator info found for XPATH attribute as: //a[@href='/jbilling/config/index']
17:17:24,529 INFO  [BrowserSelenium] ENTER --> (_parseElementOnXpath)
17:17:24,529 INFO  [BrowserSelenium] (_parseElementOnXpath) -> //a[@href='/jbilling/config/index'] is used
17:17:24,529 INFO  [BrowserSelenium] EXIT --> (_parseElementOnXpath)
17:17:24,529 INFO  [BrowserSelenium] EXIT --> (_getByLocator)
17:17:24,549 INFO  [BrowserSelenium] ENTER --> (_getByLocator)
17:17:24,549 INFO  [BrowserSelenium] (_getByLocator) -> Getting locator for null
17:17:24,549 INFO  [BrowserSelenium] (_getByLocator) -> Locator info found for XPATH attribute as: //a[@href='/jbilling/config/index']
17:17:24,549 INFO  [BrowserSelenium] ENTER --> (_parseElementOnXpath)
17:17:24,549 INFO  [BrowserSelenium] (_parseElementOnXpath) -> //a[@href='/jbilling/config/index'] is used
17:17:24,549 INFO  [BrowserSelenium] EXIT --> (_parseElementOnXpath)
17:17:24,549 INFO  [BrowserSelenium] EXIT --> (_getByLocator)
17:17:24,579 INFO  [BrowserSelenium] ENTER --> (_getByLocator)
17:17:24,579 INFO  [BrowserSelenium] (_getByLocator) -> Getting locator for null
17:17:24,579 INFO  [BrowserSelenium] (_getByLocator) -> Locator info found for XPATH attribute as: //a[@href='/jbilling/config/index']
17:17:24,579 INFO  [BrowserSelenium] ENTER --> (_parseElementOnXpath)
17:17:24,579 INFO  [BrowserSelenium] (_parseElementOnXpath) -> //a[@href='/jbilling/config/index'] is used
17:17:24,579 INFO  [BrowserSelenium] EXIT --> (_parseElementOnXpath)
17:17:24,579 INFO  [BrowserSelenium] EXIT --> (_getByLocator)
17:17:24,601 INFO  [BrowserSelenium] ENTER --> (_getByLocator)
17:17:24,601 INFO  [BrowserSelenium] (_getByLocator) -> Getting locator for null
17:17:24,601 INFO  [BrowserSelenium] (_getByLocator) -> Locator info found for XPATH attribute as: //a[@href='/jbilling/config/index']
17:17:24,601 INFO  [BrowserSelenium] ENTER --> (_parseElementOnXpath)
17:17:24,601 INFO  [BrowserSelenium] (_parseElementOnXpath) -> //a[@href='/jbilling/config/index'] is used
17:17:24,601 INFO  [BrowserSelenium] EXIT --> (_parseElementOnXpath)
17:17:24,601 INFO  [BrowserSelenium] EXIT --> (_getByLocator)
17:17:24,621 INFO  [BrowserSelenium] ENTER --> (_getByLocator)
17:17:24,621 INFO  [BrowserSelenium] (_getByLocator) -> Getting locator for null
17:17:24,621 INFO  [BrowserSelenium] (_getByLocator) -> Locator info found for XPATH attribute as: //a[@href='/jbilling/config/index']
17:17:24,621 INFO  [BrowserSelenium] ENTER --> (_parseElementOnXpath)
17:17:24,621 INFO  [BrowserSelenium] (_parseElementOnXpath) -> //a[@href='/jbilling/config/index'] is used
17:17:24,621 INFO  [BrowserSelenium] EXIT --> (_parseElementOnXpath)
17:17:24,621 INFO  [BrowserSelenium] EXIT --> (_getByLocator)
17:17:24,641 INFO  [BrowserSelenium] ENTER --> (_getByLocator)
17:17:24,641 INFO  [BrowserSelenium] (_getByLocator) -> Getting locator for null
17:17:24,641 INFO  [BrowserSelenium] (_getByLocator) -> Locator info found for XPATH attribute as: //a[@href='/jbilling/config/index']
17:17:24,641 INFO  [BrowserSelenium] ENTER --> (_parseElementOnXpath)
17:17:24,641 INFO  [BrowserSelenium] (_parseElementOnXpath) -> //a[@href='/jbilling/config/index'] is used
17:17:24,641 INFO  [BrowserSelenium] EXIT --> (_parseElementOnXpath)
17:17:24,641 INFO  [BrowserSelenium] EXIT --> (_getByLocator)
17:17:24,671 INFO  [BrowserSelenium] ENTER --> (_getByLocator)
17:17:24,671 INFO  [BrowserSelenium] (_getByLocator) -> Getting locator for null
17:17:24,671 INFO  [BrowserSelenium] (_getByLocator) -> Locator info found for XPATH attribute as: //a[@href='/jbilling/config/index']
17:17:24,671 INFO  [BrowserSelenium] ENTER --> (_parseElementOnXpath)
17:17:24,671 INFO  [BrowserSelenium] (_parseElementOnXpath) -> //a[@href='/jbilling/config/index'] is used
17:17:24,671 INFO  [BrowserSelenium] EXIT --> (_parseElementOnXpath)
17:17:24,671 INFO  [BrowserSelenium] EXIT --> (_getByLocator)
17:17:24,691 INFO  [BrowserSelenium] ENTER --> (_getByLocator)
17:17:24,691 INFO  [BrowserSelenium] (_getByLocator) -> Getting locator for null
17:17:24,691 INFO  [BrowserSelenium] (_getByLocator) -> Locator info found for XPATH attribute as: //a[@href='/jbilling/config/index']
17:17:24,691 INFO  [BrowserSelenium] ENTER --> (_parseElementOnXpath)
17:17:24,691 INFO  [BrowserSelenium] (_parseElementOnXpath) -> //a[@href='/jbilling/config/index'] is used
17:17:24,691 INFO  [BrowserSelenium] EXIT --> (_parseElementOnXpath)
17:17:24,691 INFO  [BrowserSelenium] EXIT --> (_getByLocator)
17:17:24,711 INFO  [BrowserSelenium] ENTER --> (_getByLocator)
17:17:24,711 INFO  [BrowserSelenium] (_getByLocator) -> Getting locator for null
17:17:24,711 INFO  [BrowserSelenium] (_getByLocator) -> Locator info found for XPATH attribute as: //a[@href='/jbilling/config/index']
17:17:24,711 INFO  [BrowserSelenium] ENTER --> (_parseElementOnXpath)
17:17:24,711 INFO  [BrowserSelenium] (_parseElementOnXpath) -> //a[@href='/jbilling/config/index'] is used
17:17:24,711 INFO  [BrowserSelenium] EXIT --> (_parseElementOnXpath)
17:17:24,711 INFO  [BrowserSelenium] EXIT --> (_getByLocator)
17:17:24,731 INFO  [BrowserSelenium] ENTER --> (_getByLocator)
17:17:24,731 INFO  [BrowserSelenium] (_getByLocator) -> Getting locator for null
17:17:24,731 INFO  [BrowserSelenium] (_getByLocator) -> Locator info found for XPATH attribute as: //a[@href='/jbilling/config/index']
17:17:24,731 INFO  [BrowserSelenium] ENTER --> (_parseElementOnXpath)
17:17:24,731 INFO  [BrowserSelenium] (_parseElementOnXpath) -> //a[@href='/jbilling/config/index'] is used
17:17:24,731 INFO  [BrowserSelenium] EXIT --> (_parseElementOnXpath)
17:17:24,731 INFO  [BrowserSelenium] EXIT --> (_getByLocator)
17:17:24,761 INFO  [BrowserSelenium] ENTER --> (_getByLocator)
17:17:24,761 INFO  [BrowserSelenium] (_getByLocator) -> Getting locator for null
17:17:24,761 INFO  [BrowserSelenium] (_getByLocator) -> Locator info found for XPATH attribute as: //a[@href='/jbilling/config/index']
17:17:24,761 INFO  [BrowserSelenium] ENTER --> (_parseElementOnXpath)
17:17:24,761 INFO  [BrowserSelenium] (_parseElementOnXpath) -> //a[@href='/jbilling/config/index'] is used
17:17:24,761 INFO  [BrowserSelenium] EXIT --> (_parseElementOnXpath)
17:17:24,761 INFO  [BrowserSelenium] EXIT --> (_getByLocator)
17:17:24,781 INFO  [BrowserSelenium] ENTER --> (_getByLocator)
17:17:24,781 INFO  [BrowserSelenium] (_getByLocator) -> Getting locator for null
17:17:24,781 INFO  [BrowserSelenium] (_getByLocator) -> Locator info found for XPATH attribute as: //a[@href='/jbilling/config/index']
17:17:24,781 INFO  [BrowserSelenium] ENTER --> (_parseElementOnXpath)
17:17:24,781 INFO  [BrowserSelenium] (_parseElementOnXpath) -> //a[@href='/jbilling/config/index'] is used
17:17:24,781 INFO  [BrowserSelenium] EXIT --> (_parseElementOnXpath)
17:17:24,781 INFO  [BrowserSelenium] EXIT --> (_getByLocator)
17:17:24,801 INFO  [BrowserSelenium] ENTER --> (_getByLocator)
17:17:24,801 INFO  [BrowserSelenium] (_getByLocator) -> Getting locator for null
17:17:24,801 INFO  [BrowserSelenium] (_getByLocator) -> Locator info found for XPATH attribute as: //a[@href='/jbilling/config/index']
17:17:24,801 INFO  [BrowserSelenium] ENTER --> (_parseElementOnXpath)
17:17:24,801 INFO  [BrowserSelenium] (_parseElementOnXpath) -> //a[@href='/jbilling/config/index'] is used
17:17:24,801 INFO  [BrowserSelenium] EXIT --> (_parseElementOnXpath)
17:17:24,801 INFO  [BrowserSelenium] EXIT --> (_getByLocator)
17:17:24,821 INFO  [BrowserSelenium] ENTER --> (_getByLocator)
17:17:24,821 INFO  [BrowserSelenium] (_getByLocator) -> Getting locator for null
17:17:24,831 INFO  [BrowserSelenium] (_getByLocator) -> Locator info found for XPATH attribute as: //a[@href='/jbilling/config/index']
17:17:24,831 INFO  [BrowserSelenium] ENTER --> (_parseElementOnXpath)
17:17:24,831 INFO  [BrowserSelenium] (_parseElementOnXpath) -> //a[@href='/jbilling/config/index'] is used
17:17:24,831 INFO  [BrowserSelenium] EXIT --> (_parseElementOnXpath)
17:17:24,831 INFO  [BrowserSelenium] EXIT --> (_getByLocator)
17:17:24,851 INFO  [BrowserSelenium] ENTER --> (_getByLocator)
17:17:24,851 INFO  [BrowserSelenium] (_getByLocator) -> Getting locator for null
17:17:24,851 INFO  [BrowserSelenium] (_getByLocator) -> Locator info found for XPATH attribute as: //a[@href='/jbilling/config/index']
17:17:24,851 INFO  [BrowserSelenium] ENTER --> (_parseElementOnXpath)
17:17:24,851 INFO  [BrowserSelenium] (_parseElementOnXpath) -> //a[@href='/jbilling/config/index'] is used
17:17:24,851 INFO  [BrowserSelenium] EXIT --> (_parseElementOnXpath)
17:17:24,851 INFO  [BrowserSelenium] EXIT --> (_getByLocator)
17:17:24,871 INFO  [BrowserSelenium] ENTER --> (_getByLocator)
17:17:24,871 INFO  [BrowserSelenium] (_getByLocator) -> Getting locator for null
17:17:24,871 INFO  [BrowserSelenium] (_getByLocator) -> Locator info found for XPATH attribute as: //a[@href='/jbilling/config/index']
17:17:24,871 INFO  [BrowserSelenium] ENTER --> (_parseElementOnXpath)
17:17:24,871 INFO  [BrowserSelenium] (_parseElementOnXpath) -> //a[@href='/jbilling/config/index'] is used
17:17:24,871 INFO  [BrowserSelenium] EXIT --> (_parseElementOnXpath)
17:17:24,871 INFO  [BrowserSelenium] EXIT --> (_getByLocator)
17:17:24,921 INFO  [BrowserSelenium] ENTER --> (_getByLocator)
17:17:24,921 INFO  [BrowserSelenium] (_getByLocator) -> Getting locator for null
17:17:24,921 INFO  [BrowserSelenium] (_getByLocator) -> Locator info found for XPATH attribute as: //a[@href='/jbilling/config/index']
17:17:24,921 INFO  [BrowserSelenium] ENTER --> (_parseElementOnXpath)
17:17:24,921 INFO  [BrowserSelenium] (_parseElementOnXpath) -> //a[@href='/jbilling/config/index'] is used
17:17:24,921 INFO  [BrowserSelenium] EXIT --> (_parseElementOnXpath)
17:17:24,921 INFO  [BrowserSelenium] EXIT --> (_getByLocator)
17:17:24,951 INFO  [BrowserSelenium] ENTER --> (_getByLocator)
17:17:24,951 INFO  [BrowserSelenium] (_getByLocator) -> Getting locator for null
17:17:24,951 INFO  [BrowserSelenium] (_getByLocator) -> Locator info found for XPATH attribute as: //a[@href='/jbilling/config/index']
17:17:24,951 INFO  [BrowserSelenium] ENTER --> (_parseElementOnXpath)
17:17:24,951 INFO  [BrowserSelenium] (_parseElementOnXpath) -> //a[@href='/jbilling/config/index'] is used
17:17:24,951 INFO  [BrowserSelenium] EXIT --> (_parseElementOnXpath)
17:17:24,951 INFO  [BrowserSelenium] EXIT --> (_getByLocator)
17:17:24,981 INFO  [BrowserSelenium] ENTER --> (_getByLocator)
17:17:24,981 INFO  [BrowserSelenium] (_getByLocator) -> Getting locator for null
17:17:24,981 INFO  [BrowserSelenium] (_getByLocator) -> Locator info found for XPATH attribute as: //a[@href='/jbilling/config/index']
17:17:24,981 INFO  [BrowserSelenium] ENTER --> (_parseElementOnXpath)
17:17:24,981 INFO  [BrowserSelenium] (_parseElementOnXpath) -> //a[@href='/jbilling/config/index'] is used
17:17:24,981 INFO  [BrowserSelenium] EXIT --> (_parseElementOnXpath)
17:17:24,981 INFO  [BrowserSelenium] EXIT --> (_getByLocator)
17:17:25,001 INFO  [BrowserSelenium] ENTER --> (_getByLocator)
17:17:25,001 INFO  [BrowserSelenium] (_getByLocator) -> Getting locator for null
17:17:25,001 INFO  [BrowserSelenium] (_getByLocator) -> Locator info found for XPATH attribute as: //a[@href='/jbilling/config/index']
17:17:25,001 INFO  [BrowserSelenium] ENTER --> (_parseElementOnXpath)
17:17:25,001 INFO  [BrowserSelenium] (_parseElementOnXpath) -> //a[@href='/jbilling/config/index'] is used
17:17:25,001 INFO  [BrowserSelenium] EXIT --> (_parseElementOnXpath)
17:17:25,001 INFO  [BrowserSelenium] EXIT --> (_getByLocator)
17:17:25,061 INFO  [BrowserSelenium] ENTER --> (_getByLocator)
17:17:25,061 INFO  [BrowserSelenium] (_getByLocator) -> Getting locator for null
17:17:25,061 INFO  [BrowserSelenium] (_getByLocator) -> Locator info found for XPATH attribute as: //a[@href='/jbilling/config/index']
17:17:25,071 INFO  [BrowserSelenium] ENTER --> (_parseElementOnXpath)
17:17:25,071 INFO  [BrowserSelenium] (_parseElementOnXpath) -> //a[@href='/jbilling/config/index'] is used
17:17:25,071 INFO  [BrowserSelenium] EXIT --> (_parseElementOnXpath)
17:17:25,071 INFO  [BrowserSelenium] EXIT --> (_getByLocator)
17:17:25,091 INFO  [BrowserSelenium] ENTER --> (_getByLocator)
17:17:25,091 INFO  [BrowserSelenium] (_getByLocator) -> Getting locator for null
17:17:25,091 INFO  [BrowserSelenium] (_getByLocator) -> Locator info found for XPATH attribute as: //a[@href='/jbilling/config/index']
17:17:25,091 INFO  [BrowserSelenium] ENTER --> (_parseElementOnXpath)
17:17:25,091 INFO  [BrowserSelenium] (_parseElementOnXpath) -> //a[@href='/jbilling/config/index'] is used
17:17:25,091 INFO  [BrowserSelenium] EXIT --> (_parseElementOnXpath)
17:17:25,091 INFO  [BrowserSelenium] EXIT --> (_getByLocator)
17:17:25,111 INFO  [BrowserSelenium] ENTER --> (_getByLocator)
17:17:25,111 INFO  [BrowserSelenium] (_getByLocator) -> Getting locator for null
17:17:25,111 INFO  [BrowserSelenium] (_getByLocator) -> Locator info found for XPATH attribute as: //a[@href='/jbilling/config/index']
17:17:25,111 INFO  [BrowserSelenium] ENTER --> (_parseElementOnXpath)
17:17:25,111 INFO  [BrowserSelenium] (_parseElementOnXpath) -> //a[@href='/jbilling/config/index'] is used
17:17:25,111 INFO  [BrowserSelenium] EXIT --> (_parseElementOnXpath)
17:17:25,111 INFO  [BrowserSelenium] EXIT --> (_getByLocator)
17:17:25,141 INFO  [BrowserSelenium] ENTER --> (_getByLocator)
17:17:25,141 INFO  [BrowserSelenium] (_getByLocator) -> Getting locator for null
17:17:25,141 INFO  [BrowserSelenium] (_getByLocator) -> Locator info found for XPATH attribute as: //a[@href='/jbilling/config/index']
17:17:25,141 INFO  [BrowserSelenium] ENTER --> (_parseElementOnXpath)
17:17:25,141 INFO  [BrowserSelenium] (_parseElementOnXpath) -> //a[@href='/jbilling/config/index'] is used
17:17:25,141 INFO  [BrowserSelenium] EXIT --> (_parseElementOnXpath)
17:17:25,141 INFO  [BrowserSelenium] EXIT --> (_getByLocator)
17:17:25,231 INFO  [BrowserSelenium] ENTER --> (_getByLocator)
17:17:25,231 INFO  [BrowserSelenium] (_getByLocator) -> Getting locator for null
17:17:25,231 INFO  [BrowserSelenium] (_getByLocator) -> Locator info found for XPATH attribute as: //a[@href='/jbilling/config/index']
17:17:25,231 INFO  [BrowserSelenium] ENTER --> (_parseElementOnXpath)
17:17:25,231 INFO  [BrowserSelenium] (_parseElementOnXpath) -> //a[@href='/jbilling/config/index'] is used
17:17:25,231 INFO  [BrowserSelenium] EXIT --> (_parseElementOnXpath)
17:17:25,231 INFO  [BrowserSelenium] EXIT --> (_getByLocator)
17:17:25,251 INFO  [BrowserSelenium] ENTER --> (_getByLocator)
17:17:25,251 INFO  [BrowserSelenium] (_getByLocator) -> Getting locator for null
17:17:25,251 INFO  [BrowserSelenium] (_getByLocator) -> Locator info found for XPATH attribute as: //a[@href='/jbilling/config/index']
17:17:25,251 INFO  [BrowserSelenium] ENTER --> (_parseElementOnXpath)
17:17:25,251 INFO  [BrowserSelenium] (_parseElementOnXpath) -> //a[@href='/jbilling/config/index'] is used
17:17:25,251 INFO  [BrowserSelenium] EXIT --> (_parseElementOnXpath)
17:17:25,251 INFO  [BrowserSelenium] EXIT --> (_getByLocator)
17:17:25,281 INFO  [BrowserSelenium] ENTER --> (_getByLocator)
17:17:25,281 INFO  [BrowserSelenium] (_getByLocator) -> Getting locator for null
17:17:25,281 INFO  [BrowserSelenium] (_getByLocator) -> Locator info found for XPATH attribute as: //a[@href='/jbilling/config/index']
17:17:25,281 INFO  [BrowserSelenium] ENTER --> (_parseElementOnXpath)
17:17:25,281 INFO  [BrowserSelenium] (_parseElementOnXpath) -> //a[@href='/jbilling/config/index'] is used
17:17:25,281 INFO  [BrowserSelenium] EXIT --> (_parseElementOnXpath)
17:17:25,281 INFO  [BrowserSelenium] EXIT --> (_getByLocator)
17:17:25,351 INFO  [BrowserSelenium] ENTER --> (_getByLocator)
17:17:25,351 INFO  [BrowserSelenium] (_getByLocator) -> Getting locator for null
17:17:25,351 INFO  [BrowserSelenium] (_getByLocator) -> Locator info found for XPATH attribute as: //a[@href='/jbilling/config/index']
17:17:25,351 INFO  [BrowserSelenium] ENTER --> (_parseElementOnXpath)
17:17:25,351 INFO  [BrowserSelenium] (_parseElementOnXpath) -> //a[@href='/jbilling/config/index'] is used
17:17:25,351 INFO  [BrowserSelenium] EXIT --> (_parseElementOnXpath)
17:17:25,351 INFO  [BrowserSelenium] EXIT --> (_getByLocator)
17:17:25,381 INFO  [BrowserSelenium] ENTER --> (_getByLocator)
17:17:25,381 INFO  [BrowserSelenium] (_getByLocator) -> Getting locator for null
17:17:25,381 INFO  [BrowserSelenium] (_getByLocator) -> Locator info found for XPATH attribute as: //a[@href='/jbilling/config/index']
17:17:25,381 INFO  [BrowserSelenium] ENTER --> (_parseElementOnXpath)
17:17:25,381 INFO  [BrowserSelenium] (_parseElementOnXpath) -> //a[@href='/jbilling/config/index'] is used
17:17:25,381 INFO  [BrowserSelenium] EXIT --> (_parseElementOnXpath)
17:17:25,381 INFO  [BrowserSelenium] EXIT --> (_getByLocator)
17:17:25,401 INFO  [BrowserSelenium] ENTER --> (_getByLocator)
17:17:25,401 INFO  [BrowserSelenium] (_getByLocator) -> Getting locator for null
17:17:25,401 INFO  [BrowserSelenium] (_getByLocator) -> Locator info found for XPATH attribute as: //a[@href='/jbilling/config/index']
17:17:25,401 INFO  [BrowserSelenium] ENTER --> (_parseElementOnXpath)
17:17:25,401 INFO  [BrowserSelenium] (_parseElementOnXpath) -> //a[@href='/jbilling/config/index'] is used
17:17:25,401 INFO  [BrowserSelenium] EXIT --> (_parseElementOnXpath)
17:17:25,401 INFO  [BrowserSelenium] EXIT --> (_getByLocator)
17:17:25,421 INFO  [BrowserSelenium] ENTER --> (_getByLocator)
17:17:25,421 INFO  [BrowserSelenium] (_getByLocator) -> Getting locator for null
17:17:25,421 INFO  [BrowserSelenium] (_getByLocator) -> Locator info found for XPATH attribute as: //a[@href='/jbilling/config/index']
17:17:25,421 INFO  [BrowserSelenium] ENTER --> (_parseElementOnXpath)
17:17:25,421 INFO  [BrowserSelenium] (_parseElementOnXpath) -> //a[@href='/jbilling/config/index'] is used
17:17:25,421 INFO  [BrowserSelenium] EXIT --> (_parseElementOnXpath)
17:17:25,421 INFO  [BrowserSelenium] EXIT --> (_getByLocator)
17:17:25,451 INFO  [BrowserSelenium] ENTER --> (_getByLocator)
17:17:25,451 INFO  [BrowserSelenium] (_getByLocator) -> Getting locator for null
17:17:25,451 INFO  [BrowserSelenium] (_getByLocator) -> Locator info found for XPATH attribute as: //a[@href='/jbilling/config/index']
17:17:25,461 INFO  [BrowserSelenium] ENTER --> (_parseElementOnXpath)
17:17:25,461 INFO  [BrowserSelenium] (_parseElementOnXpath) -> //a[@href='/jbilling/config/index'] is used
17:17:25,461 INFO  [BrowserSelenium] EXIT --> (_parseElementOnXpath)
17:17:25,461 INFO  [BrowserSelenium] EXIT --> (_getByLocator)
17:17:25,481 INFO  [BrowserSelenium] ENTER --> (_getByLocator)
17:17:25,481 INFO  [BrowserSelenium] (_getByLocator) -> Getting locator for null
17:17:25,481 INFO  [BrowserSelenium] (_getByLocator) -> Locator info found for XPATH attribute as: //a[@href='/jbilling/config/index']
17:17:25,481 INFO  [BrowserSelenium] ENTER --> (_parseElementOnXpath)
17:17:25,481 INFO  [BrowserSelenium] (_parseElementOnXpath) -> //a[@href='/jbilling/config/index'] is used
17:17:25,481 INFO  [BrowserSelenium] EXIT --> (_parseElementOnXpath)
17:17:25,481 INFO  [BrowserSelenium] EXIT --> (_getByLocator)
17:17:25,507 INFO  [BrowserSelenium] ENTER --> (_getByLocator)
17:17:25,507 INFO  [BrowserSelenium] (_getByLocator) -> Getting locator for null
17:17:25,508 INFO  [BrowserSelenium] (_getByLocator) -> Locator info found for XPATH attribute as: //a[@href='/jbilling/config/index']
17:17:25,508 INFO  [BrowserSelenium] ENTER --> (_parseElementOnXpath)
17:17:25,508 INFO  [BrowserSelenium] (_parseElementOnXpath) -> //a[@href='/jbilling/config/index'] is used
17:17:25,508 INFO  [BrowserSelenium] EXIT --> (_parseElementOnXpath)
17:17:25,508 INFO  [BrowserSelenium] EXIT --> (_getByLocator)
17:17:25,559 INFO  [BrowserSelenium] ENTER --> (_getByLocator)
17:17:25,559 INFO  [BrowserSelenium] (_getByLocator) -> Getting locator for null
17:17:25,559 INFO  [BrowserSelenium] (_getByLocator) -> Locator info found for XPATH attribute as: //a[@href='/jbilling/config/index']
17:17:25,559 INFO  [BrowserSelenium] ENTER --> (_parseElementOnXpath)
17:17:25,559 INFO  [BrowserSelenium] (_parseElementOnXpath) -> //a[@href='/jbilling/config/index'] is used
17:17:25,560 INFO  [BrowserSelenium] EXIT --> (_parseElementOnXpath)
17:17:25,560 INFO  [BrowserSelenium] EXIT --> (_getByLocator)
17:17:25,595 INFO  [BrowserSelenium] ENTER --> (_getByLocator)
17:17:25,595 INFO  [BrowserSelenium] (_getByLocator) -> Getting locator for null
17:17:25,595 INFO  [BrowserSelenium] (_getByLocator) -> Locator info found for XPATH attribute as: //a[@href='/jbilling/config/index']
17:17:25,595 INFO  [BrowserSelenium] ENTER --> (_parseElementOnXpath)
17:17:25,595 INFO  [BrowserSelenium] (_parseElementOnXpath) -> //a[@href='/jbilling/config/index'] is used
17:17:25,595 INFO  [BrowserSelenium] EXIT --> (_parseElementOnXpath)
17:17:25,595 INFO  [BrowserSelenium] EXIT --> (_getByLocator)
17:17:25,615 INFO  [BrowserSelenium] ENTER --> (_getByLocator)
17:17:25,615 INFO  [BrowserSelenium] (_getByLocator) -> Getting locator for null
17:17:25,615 INFO  [BrowserSelenium] (_getByLocator) -> Locator info found for XPATH attribute as: //a[@href='/jbilling/config/index']
17:17:25,615 INFO  [BrowserSelenium] ENTER --> (_parseElementOnXpath)
17:17:25,615 INFO  [BrowserSelenium] (_parseElementOnXpath) -> //a[@href='/jbilling/config/index'] is used
17:17:25,615 INFO  [BrowserSelenium] EXIT --> (_parseElementOnXpath)
17:17:25,615 INFO  [BrowserSelenium] EXIT --> (_getByLocator)
17:17:25,635 INFO  [BrowserSelenium] ENTER --> (_getByLocator)
17:17:25,635 INFO  [BrowserSelenium] (_getByLocator) -> Getting locator for null
17:17:25,635 INFO  [BrowserSelenium] (_getByLocator) -> Locator info found for XPATH attribute as: //a[@href='/jbilling/config/index']
17:17:25,635 INFO  [BrowserSelenium] ENTER --> (_parseElementOnXpath)
17:17:25,645 INFO  [BrowserSelenium] (_parseElementOnXpath) -> //a[@href='/jbilling/config/index'] is used
17:17:25,645 INFO  [BrowserSelenium] EXIT --> (_parseElementOnXpath)
17:17:25,645 INFO  [BrowserSelenium] EXIT --> (_getByLocator)
17:17:25,655 INFO  [BrowserSelenium] ENTER --> (_getByLocator)
17:17:25,655 INFO  [BrowserSelenium] (_getByLocator) -> Getting locator for null
17:17:25,655 INFO  [BrowserSelenium] (_getByLocator) -> Locator info found for XPATH attribute as: //a[@href='/jbilling/config/index']
17:17:25,655 INFO  [BrowserSelenium] ENTER --> (_parseElementOnXpath)
17:17:25,655 INFO  [BrowserSelenium] (_parseElementOnXpath) -> //a[@href='/jbilling/config/index'] is used
17:17:25,665 INFO  [BrowserSelenium] EXIT --> (_parseElementOnXpath)
17:17:25,665 INFO  [BrowserSelenium] EXIT --> (_getByLocator)
17:17:25,685 INFO  [BrowserSelenium] ENTER --> (_getByLocator)
17:17:25,685 INFO  [BrowserSelenium] (_getByLocator) -> Getting locator for null
17:17:25,685 INFO  [BrowserSelenium] (_getByLocator) -> Locator info found for XPATH attribute as: //a[@href='/jbilling/config/index']
17:17:25,685 INFO  [BrowserSelenium] ENTER --> (_parseElementOnXpath)
17:17:25,685 INFO  [BrowserSelenium] (_parseElementOnXpath) -> //a[@href='/jbilling/config/index'] is used
17:17:25,685 INFO  [BrowserSelenium] EXIT --> (_parseElementOnXpath)
17:17:25,685 INFO  [BrowserSelenium] EXIT --> (_getByLocator)
17:17:25,715 INFO  [BrowserSelenium] ENTER --> (_getByLocator)
17:17:25,715 INFO  [BrowserSelenium] (_getByLocator) -> Getting locator for null
17:17:25,715 INFO  [BrowserSelenium] (_getByLocator) -> Locator info found for XPATH attribute as: //a[@href='/jbilling/config/index']
17:17:25,715 INFO  [BrowserSelenium] ENTER --> (_parseElementOnXpath)
17:17:25,715 INFO  [BrowserSelenium] (_parseElementOnXpath) -> //a[@href='/jbilling/config/index'] is used
17:17:25,715 INFO  [BrowserSelenium] EXIT --> (_parseElementOnXpath)
17:17:25,715 INFO  [BrowserSelenium] EXIT --> (_getByLocator)
17:17:25,811 INFO  [BrowserSelenium] ENTER --> (_getByLocator)
17:17:25,812 INFO  [BrowserSelenium] (_getByLocator) -> Getting locator for null
17:17:25,812 INFO  [BrowserSelenium] (_getByLocator) -> Locator info found for XPATH attribute as: //a[@href='/jbilling/config/index']
17:17:25,812 INFO  [BrowserSelenium] ENTER --> (_parseElementOnXpath)
17:17:25,812 INFO  [BrowserSelenium] (_parseElementOnXpath) -> //a[@href='/jbilling/config/index'] is used
17:17:25,812 INFO  [BrowserSelenium] EXIT --> (_parseElementOnXpath)
17:17:25,813 INFO  [BrowserSelenium] EXIT --> (_getByLocator)
17:17:25,864 INFO  [BrowserSelenium] ENTER --> (_getByLocator)
17:17:25,864 INFO  [BrowserSelenium] (_getByLocator) -> Getting locator for null
17:17:25,864 INFO  [BrowserSelenium] (_getByLocator) -> Locator info found for XPATH attribute as: //a[@href='/jbilling/config/index']
17:17:25,864 INFO  [BrowserSelenium] ENTER --> (_parseElementOnXpath)
17:17:25,864 INFO  [BrowserSelenium] (_parseElementOnXpath) -> //a[@href='/jbilling/config/index'] is used
17:17:25,865 INFO  [BrowserSelenium] EXIT --> (_parseElementOnXpath)
17:17:25,865 INFO  [BrowserSelenium] EXIT --> (_getByLocator)
17:17:25,894 INFO  [BrowserSelenium] ENTER --> (_getByLocator)
17:17:25,894 INFO  [BrowserSelenium] (_getByLocator) -> Getting locator for null
17:17:25,894 INFO  [BrowserSelenium] (_getByLocator) -> Locator info found for XPATH attribute as: //a[@href='/jbilling/config/index']
17:17:25,895 INFO  [BrowserSelenium] ENTER --> (_parseElementOnXpath)
17:17:25,895 INFO  [BrowserSelenium] (_parseElementOnXpath) -> //a[@href='/jbilling/config/index'] is used
17:17:25,895 INFO  [BrowserSelenium] EXIT --> (_parseElementOnXpath)
17:17:25,895 INFO  [BrowserSelenium] EXIT --> (_getByLocator)
17:17:25,924 INFO  [BrowserSelenium] ENTER --> (_getByLocator)
17:17:25,924 INFO  [BrowserSelenium] (_getByLocator) -> Getting locator for null
17:17:25,925 INFO  [BrowserSelenium] (_getByLocator) -> Locator info found for XPATH attribute as: //a[@href='/jbilling/config/index']
17:17:25,925 INFO  [BrowserSelenium] ENTER --> (_parseElementOnXpath)
17:17:25,925 INFO  [BrowserSelenium] (_parseElementOnXpath) -> //a[@href='/jbilling/config/index'] is used
17:17:25,925 INFO  [BrowserSelenium] EXIT --> (_parseElementOnXpath)
17:17:25,925 INFO  [BrowserSelenium] EXIT --> (_getByLocator)
17:17:25,967 INFO  [BrowserSelenium] ENTER --> (_getByLocator)
17:17:25,967 INFO  [BrowserSelenium] (_getByLocator) -> Getting locator for null
17:17:25,967 INFO  [BrowserSelenium] (_getByLocator) -> Locator info found for XPATH attribute as: //a[@href='/jbilling/config/index']
17:17:25,967 INFO  [BrowserSelenium] ENTER --> (_parseElementOnXpath)
17:17:25,967 INFO  [BrowserSelenium] (_parseElementOnXpath) -> //a[@href='/jbilling/config/index'] is used
17:17:25,977 INFO  [BrowserSelenium] EXIT --> (_parseElementOnXpath)
17:17:25,977 INFO  [BrowserSelenium] EXIT --> (_getByLocator)
17:17:26,016 INFO  [BrowserSelenium] ENTER --> (_getByLocator)
17:17:26,016 INFO  [BrowserSelenium] (_getByLocator) -> Getting locator for null
17:17:26,016 INFO  [BrowserSelenium] (_getByLocator) -> Locator info found for XPATH attribute as: //a[@href='/jbilling/config/index']
17:17:26,017 INFO  [BrowserSelenium] ENTER --> (_parseElementOnXpath)
17:17:26,017 INFO  [BrowserSelenium] (_parseElementOnXpath) -> //a[@href='/jbilling/config/index'] is used
17:17:26,017 INFO  [BrowserSelenium] EXIT --> (_parseElementOnXpath)
17:17:26,017 INFO  [BrowserSelenium] EXIT --> (_getByLocator)
17:17:26,029 INFO  [BrowserSelenium] ENTER --> (_getByLocator)
17:17:26,029 INFO  [BrowserSelenium] (_getByLocator) -> Getting locator for null
17:17:26,029 INFO  [BrowserSelenium] (_getByLocator) -> Locator info found for XPATH attribute as: //a[@href='/jbilling/config/index']
17:17:26,029 INFO  [BrowserSelenium] ENTER --> (_parseElementOnXpath)
17:17:26,029 INFO  [BrowserSelenium] (_parseElementOnXpath) -> //a[@href='/jbilling/config/index'] is used
17:17:26,039 INFO  [BrowserSelenium] EXIT --> (_parseElementOnXpath)
17:17:26,039 INFO  [BrowserSelenium] EXIT --> (_getByLocator)
17:17:26,059 INFO  [BrowserSelenium] ENTER --> (_getByLocator)
17:17:26,059 INFO  [BrowserSelenium] (_getByLocator) -> Getting locator for null
17:17:26,059 INFO  [BrowserSelenium] (_getByLocator) -> Locator info found for XPATH attribute as: //a[@href='/jbilling/config/index']
17:17:26,059 INFO  [BrowserSelenium] ENTER --> (_parseElementOnXpath)
17:17:26,059 INFO  [BrowserSelenium] (_parseElementOnXpath) -> //a[@href='/jbilling/config/index'] is used
17:17:26,059 INFO  [BrowserSelenium] EXIT --> (_parseElementOnXpath)
17:17:26,059 INFO  [BrowserSelenium] EXIT --> (_getByLocator)
17:17:26,079 INFO  [BrowserSelenium] ENTER --> (_getByLocator)
17:17:26,079 INFO  [BrowserSelenium] (_getByLocator) -> Getting locator for null
17:17:26,079 INFO  [BrowserSelenium] (_getByLocator) -> Locator info found for XPATH attribute as: //a[@href='/jbilling/config/index']
17:17:26,079 INFO  [BrowserSelenium] ENTER --> (_parseElementOnXpath)
17:17:26,079 INFO  [BrowserSelenium] (_parseElementOnXpath) -> //a[@href='/jbilling/config/index'] is used
17:17:26,079 INFO  [BrowserSelenium] EXIT --> (_parseElementOnXpath)
17:17:26,079 INFO  [BrowserSelenium] EXIT --> (_getByLocator)
17:17:26,099 INFO  [BrowserSelenium] ENTER --> (_getByLocator)
17:17:26,099 INFO  [BrowserSelenium] (_getByLocator) -> Getting locator for null
17:17:26,099 INFO  [BrowserSelenium] (_getByLocator) -> Locator info found for XPATH attribute as: //a[@href='/jbilling/config/index']
17:17:26,099 INFO  [BrowserSelenium] ENTER --> (_parseElementOnXpath)
17:17:26,099 INFO  [BrowserSelenium] (_parseElementOnXpath) -> //a[@href='/jbilling/config/index'] is used
17:17:26,099 INFO  [BrowserSelenium] EXIT --> (_parseElementOnXpath)
17:17:26,099 INFO  [BrowserSelenium] EXIT --> (_getByLocator)
17:17:26,127 INFO  [BrowserSelenium] ENTER --> (_getByLocator)
17:17:26,127 INFO  [BrowserSelenium] (_getByLocator) -> Getting locator for null
17:17:26,127 INFO  [BrowserSelenium] (_getByLocator) -> Locator info found for XPATH attribute as: //a[@href='/jbilling/config/index']
17:17:26,127 INFO  [BrowserSelenium] ENTER --> (_parseElementOnXpath)
17:17:26,127 INFO  [BrowserSelenium] (_parseElementOnXpath) -> //a[@href='/jbilling/config/index'] is used
17:17:26,127 INFO  [BrowserSelenium] EXIT --> (_parseElementOnXpath)
17:17:26,127 INFO  [BrowserSelenium] EXIT --> (_getByLocator)
17:17:26,140 INFO  [BrowserSelenium] ENTER --> (_getByLocator)
17:17:26,140 INFO  [BrowserSelenium] (_getByLocator) -> Getting locator for null
17:17:26,140 INFO  [BrowserSelenium] (_getByLocator) -> Locator info found for XPATH attribute as: //a[@href='/jbilling/config/index']
17:17:26,150 INFO  [BrowserSelenium] ENTER --> (_parseElementOnXpath)
17:17:26,150 INFO  [BrowserSelenium] (_parseElementOnXpath) -> //a[@href='/jbilling/config/index'] is used
17:17:26,150 INFO  [BrowserSelenium] EXIT --> (_parseElementOnXpath)
17:17:26,150 INFO  [BrowserSelenium] EXIT --> (_getByLocator)
17:17:26,170 INFO  [BrowserSelenium] ENTER --> (_getByLocator)
17:17:26,170 INFO  [BrowserSelenium] (_getByLocator) -> Getting locator for null
17:17:26,170 INFO  [BrowserSelenium] (_getByLocator) -> Locator info found for XPATH attribute as: //a[@href='/jbilling/config/index']
17:17:26,170 INFO  [BrowserSelenium] ENTER --> (_parseElementOnXpath)
17:17:26,170 INFO  [BrowserSelenium] (_parseElementOnXpath) -> //a[@href='/jbilling/config/index'] is used
17:17:26,170 INFO  [BrowserSelenium] EXIT --> (_parseElementOnXpath)
17:17:26,170 INFO  [BrowserSelenium] EXIT --> (_getByLocator)
17:17:26,200 INFO  [BrowserSelenium] ENTER --> (_getByLocator)
17:17:26,200 INFO  [BrowserSelenium] (_getByLocator) -> Getting locator for null
17:17:26,200 INFO  [BrowserSelenium] (_getByLocator) -> Locator info found for XPATH attribute as: //a[@href='/jbilling/config/index']
17:17:26,200 INFO  [BrowserSelenium] ENTER --> (_parseElementOnXpath)
17:17:26,200 INFO  [BrowserSelenium] (_parseElementOnXpath) -> //a[@href='/jbilling/config/index'] is used
17:17:26,200 INFO  [BrowserSelenium] EXIT --> (_parseElementOnXpath)
17:17:26,200 INFO  [BrowserSelenium] EXIT --> (_getByLocator)
17:17:26,230 INFO  [BrowserSelenium] ENTER --> (_getByLocator)
17:17:26,230 INFO  [BrowserSelenium] (_getByLocator) -> Getting locator for null
17:17:26,230 INFO  [BrowserSelenium] (_getByLocator) -> Locator info found for XPATH attribute as: //a[@href='/jbilling/config/index']
17:17:26,230 INFO  [BrowserSelenium] ENTER --> (_parseElementOnXpath)
17:17:26,230 INFO  [BrowserSelenium] (_parseElementOnXpath) -> //a[@href='/jbilling/config/index'] is used
17:17:26,230 INFO  [BrowserSelenium] EXIT --> (_parseElementOnXpath)
17:17:26,230 INFO  [BrowserSelenium] EXIT --> (_getByLocator)
17:17:26,260 INFO  [BrowserSelenium] ENTER --> (_getByLocator)
17:17:26,260 INFO  [BrowserSelenium] (_getByLocator) -> Getting locator for null
17:17:26,260 INFO  [BrowserSelenium] (_getByLocator) -> Locator info found for XPATH attribute as: //a[@href='/jbilling/config/index']
17:17:26,260 INFO  [BrowserSelenium] ENTER --> (_parseElementOnXpath)
17:17:26,260 INFO  [BrowserSelenium] (_parseElementOnXpath) -> //a[@href='/jbilling/config/index'] is used
17:17:26,260 INFO  [BrowserSelenium] EXIT --> (_parseElementOnXpath)
17:17:26,260 INFO  [BrowserSelenium] EXIT --> (_getByLocator)
17:17:26,280 INFO  [BrowserSelenium] ENTER --> (_getByLocator)
17:17:26,280 INFO  [BrowserSelenium] (_getByLocator) -> Getting locator for null
17:17:26,280 INFO  [BrowserSelenium] (_getByLocator) -> Locator info found for XPATH attribute as: //a[@href='/jbilling/config/index']
17:17:26,280 INFO  [BrowserSelenium] ENTER --> (_parseElementOnXpath)
17:17:26,280 INFO  [BrowserSelenium] (_parseElementOnXpath) -> //a[@href='/jbilling/config/index'] is used
17:17:26,280 INFO  [BrowserSelenium] EXIT --> (_parseElementOnXpath)
17:17:26,280 INFO  [BrowserSelenium] EXIT --> (_getByLocator)
17:17:26,300 INFO  [BrowserSelenium] ENTER --> (_getByLocator)
17:17:26,300 INFO  [BrowserSelenium] (_getByLocator) -> Getting locator for null
17:17:26,300 INFO  [BrowserSelenium] (_getByLocator) -> Locator info found for XPATH attribute as: //a[@href='/jbilling/config/index']
17:17:26,300 INFO  [BrowserSelenium] ENTER --> (_parseElementOnXpath)
17:17:26,300 INFO  [BrowserSelenium] (_parseElementOnXpath) -> //a[@href='/jbilling/config/index'] is used
17:17:26,300 INFO  [BrowserSelenium] EXIT --> (_parseElementOnXpath)
17:17:26,300 INFO  [BrowserSelenium] EXIT --> (_getByLocator)
17:17:26,330 INFO  [BrowserSelenium] ENTER --> (_getByLocator)
17:17:26,330 INFO  [BrowserSelenium] (_getByLocator) -> Getting locator for null
17:17:26,330 INFO  [BrowserSelenium] (_getByLocator) -> Locator info found for XPATH attribute as: //a[@href='/jbilling/config/index']
17:17:26,330 INFO  [BrowserSelenium] ENTER --> (_parseElementOnXpath)
17:17:26,330 INFO  [BrowserSelenium] (_parseElementOnXpath) -> //a[@href='/jbilling/config/index'] is used
17:17:26,330 INFO  [BrowserSelenium] EXIT --> (_parseElementOnXpath)
17:17:26,330 INFO  [BrowserSelenium] EXIT --> (_getByLocator)
17:17:26,350 INFO  [BrowserSelenium] ENTER --> (_getByLocator)
17:17:26,350 INFO  [BrowserSelenium] (_getByLocator) -> Getting locator for null
17:17:26,350 INFO  [BrowserSelenium] (_getByLocator) -> Locator info found for XPATH attribute as: //a[@href='/jbilling/config/index']
17:17:26,350 INFO  [BrowserSelenium] ENTER --> (_parseElementOnXpath)
17:17:26,350 INFO  [BrowserSelenium] (_parseElementOnXpath) -> //a[@href='/jbilling/config/index'] is used
17:17:26,350 INFO  [BrowserSelenium] EXIT --> (_parseElementOnXpath)
17:17:26,350 INFO  [BrowserSelenium] EXIT --> (_getByLocator)
17:17:26,380 INFO  [BrowserSelenium] ENTER --> (_getByLocator)
17:17:26,380 INFO  [BrowserSelenium] (_getByLocator) -> Getting locator for null
17:17:26,380 INFO  [BrowserSelenium] (_getByLocator) -> Locator info found for XPATH attribute as: //a[@href='/jbilling/config/index']
17:17:26,380 INFO  [BrowserSelenium] ENTER --> (_parseElementOnXpath)
17:17:26,380 INFO  [BrowserSelenium] (_parseElementOnXpath) -> //a[@href='/jbilling/config/index'] is used
17:17:26,380 INFO  [BrowserSelenium] EXIT --> (_parseElementOnXpath)
17:17:26,380 INFO  [BrowserSelenium] EXIT --> (_getByLocator)
17:17:26,400 INFO  [BrowserSelenium] ENTER --> (_getByLocator)
17:17:26,400 INFO  [BrowserSelenium] (_getByLocator) -> Getting locator for null
17:17:26,400 INFO  [BrowserSelenium] (_getByLocator) -> Locator info found for XPATH attribute as: //a[@href='/jbilling/config/index']
17:17:26,400 INFO  [BrowserSelenium] ENTER --> (_parseElementOnXpath)
17:17:26,400 INFO  [BrowserSelenium] (_parseElementOnXpath) -> //a[@href='/jbilling/config/index'] is used
17:17:26,400 INFO  [BrowserSelenium] EXIT --> (_parseElementOnXpath)
17:17:26,400 INFO  [BrowserSelenium] EXIT --> (_getByLocator)
17:17:26,420 INFO  [BrowserSelenium] ENTER --> (_getByLocator)
17:17:26,420 INFO  [BrowserSelenium] (_getByLocator) -> Getting locator for null
17:17:26,420 INFO  [BrowserSelenium] (_getByLocator) -> Locator info found for XPATH attribute as: //a[@href='/jbilling/config/index']
17:17:26,420 INFO  [BrowserSelenium] ENTER --> (_parseElementOnXpath)
17:17:26,420 INFO  [BrowserSelenium] (_parseElementOnXpath) -> //a[@href='/jbilling/config/index'] is used
17:17:26,420 INFO  [BrowserSelenium] EXIT --> (_parseElementOnXpath)
17:17:26,430 INFO  [BrowserSelenium] EXIT --> (_getByLocator)
17:17:26,450 INFO  [BrowserSelenium] ENTER --> (_getByLocator)
17:17:26,450 INFO  [BrowserSelenium] (_getByLocator) -> Getting locator for null
17:17:26,450 INFO  [BrowserSelenium] (_getByLocator) -> Locator info found for XPATH attribute as: //a[@href='/jbilling/config/index']
17:17:26,450 INFO  [BrowserSelenium] ENTER --> (_parseElementOnXpath)
17:17:26,450 INFO  [BrowserSelenium] (_parseElementOnXpath) -> //a[@href='/jbilling/config/index'] is used
17:17:26,450 INFO  [BrowserSelenium] EXIT --> (_parseElementOnXpath)
17:17:26,450 INFO  [BrowserSelenium] EXIT --> (_getByLocator)
17:17:26,470 INFO  [BrowserSelenium] ENTER --> (_getByLocator)
17:17:26,470 INFO  [BrowserSelenium] (_getByLocator) -> Getting locator for null
17:17:26,470 INFO  [BrowserSelenium] (_getByLocator) -> Locator info found for XPATH attribute as: //a[@href='/jbilling/config/index']
17:17:26,470 INFO  [BrowserSelenium] ENTER --> (_parseElementOnXpath)
17:17:26,470 INFO  [BrowserSelenium] (_parseElementOnXpath) -> //a[@href='/jbilling/config/index'] is used
17:17:26,470 INFO  [BrowserSelenium] EXIT --> (_parseElementOnXpath)
17:17:26,470 INFO  [BrowserSelenium] EXIT --> (_getByLocator)
17:17:26,490 INFO  [BrowserSelenium] ENTER --> (_getByLocator)
17:17:26,490 INFO  [BrowserSelenium] (_getByLocator) -> Getting locator for null
17:17:26,490 INFO  [BrowserSelenium] (_getByLocator) -> Locator info found for XPATH attribute as: //a[@href='/jbilling/config/index']
17:17:26,490 INFO  [BrowserSelenium] ENTER --> (_parseElementOnXpath)
17:17:26,490 INFO  [BrowserSelenium] (_parseElementOnXpath) -> //a[@href='/jbilling/config/index'] is used
17:17:26,490 INFO  [BrowserSelenium] EXIT --> (_parseElementOnXpath)
17:17:26,490 INFO  [BrowserSelenium] EXIT --> (_getByLocator)
17:17:26,520 INFO  [BrowserSelenium] ENTER --> (_getByLocator)
17:17:26,520 INFO  [BrowserSelenium] (_getByLocator) -> Getting locator for null
17:17:26,520 INFO  [BrowserSelenium] (_getByLocator) -> Locator info found for XPATH attribute as: //a[@href='/jbilling/config/index']
17:17:26,520 INFO  [BrowserSelenium] ENTER --> (_parseElementOnXpath)
17:17:26,520 INFO  [BrowserSelenium] (_parseElementOnXpath) -> //a[@href='/jbilling/config/index'] is used
17:17:26,520 INFO  [BrowserSelenium] EXIT --> (_parseElementOnXpath)
17:17:26,520 INFO  [BrowserSelenium] EXIT --> (_getByLocator)
17:17:26,540 INFO  [BrowserSelenium] ENTER --> (_getByLocator)
17:17:26,540 INFO  [BrowserSelenium] (_getByLocator) -> Getting locator for null
17:17:26,540 INFO  [BrowserSelenium] (_getByLocator) -> Locator info found for XPATH attribute as: //a[@href='/jbilling/config/index']
17:17:26,540 INFO  [BrowserSelenium] ENTER --> (_parseElementOnXpath)
17:17:26,540 INFO  [BrowserSelenium] (_parseElementOnXpath) -> //a[@href='/jbilling/config/index'] is used
17:17:26,540 INFO  [BrowserSelenium] EXIT --> (_parseElementOnXpath)
17:17:26,540 INFO  [BrowserSelenium] EXIT --> (_getByLocator)
17:17:26,560 INFO  [BrowserSelenium] ENTER --> (_getByLocator)
17:17:26,560 INFO  [BrowserSelenium] (_getByLocator) -> Getting locator for null
17:17:26,560 INFO  [BrowserSelenium] (_getByLocator) -> Locator info found for XPATH attribute as: //a[@href='/jbilling/config/index']
17:17:26,560 INFO  [BrowserSelenium] ENTER --> (_parseElementOnXpath)
17:17:26,560 INFO  [BrowserSelenium] (_parseElementOnXpath) -> //a[@href='/jbilling/config/index'] is used
17:17:26,560 INFO  [BrowserSelenium] EXIT --> (_parseElementOnXpath)
17:17:26,560 INFO  [BrowserSelenium] EXIT --> (_getByLocator)
17:17:26,580 INFO  [BrowserSelenium] ENTER --> (_getByLocator)
17:17:26,590 INFO  [BrowserSelenium] (_getByLocator) -> Getting locator for null
17:17:26,590 INFO  [BrowserSelenium] (_getByLocator) -> Locator info found for XPATH attribute as: //a[@href='/jbilling/config/index']
17:17:26,590 INFO  [BrowserSelenium] ENTER --> (_parseElementOnXpath)
17:17:26,590 INFO  [BrowserSelenium] (_parseElementOnXpath) -> //a[@href='/jbilling/config/index'] is used
17:17:26,590 INFO  [BrowserSelenium] EXIT --> (_parseElementOnXpath)
17:17:26,590 INFO  [BrowserSelenium] EXIT --> (_getByLocator)
17:17:26,610 INFO  [BrowserSelenium] ENTER --> (_getByLocator)
17:17:26,610 INFO  [BrowserSelenium] (_getByLocator) -> Getting locator for null
17:17:26,610 INFO  [BrowserSelenium] (_getByLocator) -> Locator info found for XPATH attribute as: //a[@href='/jbilling/config/index']
17:17:26,610 INFO  [BrowserSelenium] ENTER --> (_parseElementOnXpath)
17:17:26,610 INFO  [BrowserSelenium] (_parseElementOnXpath) -> //a[@href='/jbilling/config/index'] is used
17:17:26,610 INFO  [BrowserSelenium] EXIT --> (_parseElementOnXpath)
17:17:26,610 INFO  [BrowserSelenium] EXIT --> (_getByLocator)
17:17:26,650 INFO  [BrowserSelenium] ENTER --> (_getByLocator)
17:17:26,650 INFO  [BrowserSelenium] (_getByLocator) -> Getting locator for null
17:17:26,650 INFO  [BrowserSelenium] (_getByLocator) -> Locator info found for XPATH attribute as: //a[@href='/jbilling/config/index']
17:17:26,650 INFO  [BrowserSelenium] ENTER --> (_parseElementOnXpath)
17:17:26,650 INFO  [BrowserSelenium] (_parseElementOnXpath) -> //a[@href='/jbilling/config/index'] is used
17:17:26,650 INFO  [BrowserSelenium] EXIT --> (_parseElementOnXpath)
17:17:26,650 INFO  [BrowserSelenium] EXIT --> (_getByLocator)
17:17:26,680 INFO  [BrowserSelenium] ENTER --> (_getByLocator)
17:17:26,680 INFO  [BrowserSelenium] (_getByLocator) -> Getting locator for null
17:17:26,680 INFO  [BrowserSelenium] (_getByLocator) -> Locator info found for XPATH attribute as: //a[@href='/jbilling/config/index']
17:17:26,680 INFO  [BrowserSelenium] ENTER --> (_parseElementOnXpath)
17:17:26,680 INFO  [BrowserSelenium] (_parseElementOnXpath) -> //a[@href='/jbilling/config/index'] is used
17:17:26,680 INFO  [BrowserSelenium] EXIT --> (_parseElementOnXpath)
17:17:26,680 INFO  [BrowserSelenium] EXIT --> (_getByLocator)
17:17:26,700 INFO  [BrowserSelenium] ENTER --> (_getByLocator)
17:17:26,700 INFO  [BrowserSelenium] (_getByLocator) -> Getting locator for null
17:17:26,700 INFO  [BrowserSelenium] (_getByLocator) -> Locator info found for XPATH attribute as: //a[@href='/jbilling/config/index']
17:17:26,700 INFO  [BrowserSelenium] ENTER --> (_parseElementOnXpath)
17:17:26,700 INFO  [BrowserSelenium] (_parseElementOnXpath) -> //a[@href='/jbilling/config/index'] is used
17:17:26,700 INFO  [BrowserSelenium] EXIT --> (_parseElementOnXpath)
17:17:26,700 INFO  [BrowserSelenium] EXIT --> (_getByLocator)
17:17:26,730 INFO  [BrowserSelenium] ENTER --> (_getByLocator)
17:17:26,730 INFO  [BrowserSelenium] (_getByLocator) -> Getting locator for null
17:17:26,730 INFO  [BrowserSelenium] (_getByLocator) -> Locator info found for XPATH attribute as: //a[@href='/jbilling/config/index']
17:17:26,730 INFO  [BrowserSelenium] ENTER --> (_parseElementOnXpath)
17:17:26,730 INFO  [BrowserSelenium] (_parseElementOnXpath) -> //a[@href='/jbilling/config/index'] is used
17:17:26,730 INFO  [BrowserSelenium] EXIT --> (_parseElementOnXpath)
17:17:26,730 INFO  [BrowserSelenium] EXIT --> (_getByLocator)
17:17:26,750 INFO  [BrowserSelenium] ENTER --> (_getByLocator)
17:17:26,750 INFO  [BrowserSelenium] (_getByLocator) -> Getting locator for null
17:17:26,750 INFO  [BrowserSelenium] (_getByLocator) -> Locator info found for XPATH attribute as: //a[@href='/jbilling/config/index']
17:17:26,750 INFO  [BrowserSelenium] ENTER --> (_parseElementOnXpath)
17:17:26,750 INFO  [BrowserSelenium] (_parseElementOnXpath) -> //a[@href='/jbilling/config/index'] is used
17:17:26,750 INFO  [BrowserSelenium] EXIT --> (_parseElementOnXpath)
17:17:26,750 INFO  [BrowserSelenium] EXIT --> (_getByLocator)
17:17:26,770 INFO  [BrowserSelenium] ENTER --> (_getByLocator)
17:17:26,770 INFO  [BrowserSelenium] (_getByLocator) -> Getting locator for null
17:17:26,770 INFO  [BrowserSelenium] (_getByLocator) -> Locator info found for XPATH attribute as: //a[@href='/jbilling/config/index']
17:17:26,770 INFO  [BrowserSelenium] ENTER --> (_parseElementOnXpath)
17:17:26,770 INFO  [BrowserSelenium] (_parseElementOnXpath) -> //a[@href='/jbilling/config/index'] is used
17:17:26,770 INFO  [BrowserSelenium] EXIT --> (_parseElementOnXpath)
17:17:26,770 INFO  [BrowserSelenium] EXIT --> (_getByLocator)
17:17:26,800 INFO  [BrowserSelenium] ENTER --> (_getByLocator)
17:17:26,800 INFO  [BrowserSelenium] (_getByLocator) -> Getting locator for null
17:17:26,800 INFO  [BrowserSelenium] (_getByLocator) -> Locator info found for XPATH attribute as: //a[@href='/jbilling/config/index']
17:17:26,800 INFO  [BrowserSelenium] ENTER --> (_parseElementOnXpath)
17:17:26,800 INFO  [BrowserSelenium] (_parseElementOnXpath) -> //a[@href='/jbilling/config/index'] is used
17:17:26,800 INFO  [BrowserSelenium] EXIT --> (_parseElementOnXpath)
17:17:26,800 INFO  [BrowserSelenium] EXIT --> (_getByLocator)
17:17:26,820 INFO  [BrowserSelenium] ENTER --> (_getByLocator)
17:17:26,820 INFO  [BrowserSelenium] (_getByLocator) -> Getting locator for null
17:17:26,820 INFO  [BrowserSelenium] (_getByLocator) -> Locator info found for XPATH attribute as: //a[@href='/jbilling/config/index']
17:17:26,820 INFO  [BrowserSelenium] ENTER --> (_parseElementOnXpath)
17:17:26,820 INFO  [BrowserSelenium] (_parseElementOnXpath) -> //a[@href='/jbilling/config/index'] is used
17:17:26,820 INFO  [BrowserSelenium] EXIT --> (_parseElementOnXpath)
17:17:26,820 INFO  [BrowserSelenium] EXIT --> (_getByLocator)
17:17:26,840 INFO  [BrowserSelenium] ENTER --> (_getByLocator)
17:17:26,840 INFO  [BrowserSelenium] (_getByLocator) -> Getting locator for null
17:17:26,840 INFO  [BrowserSelenium] (_getByLocator) -> Locator info found for XPATH attribute as: //a[@href='/jbilling/config/index']
17:17:26,840 INFO  [BrowserSelenium] ENTER --> (_parseElementOnXpath)
17:17:26,840 INFO  [BrowserSelenium] (_parseElementOnXpath) -> //a[@href='/jbilling/config/index'] is used
17:17:26,840 INFO  [BrowserSelenium] EXIT --> (_parseElementOnXpath)
17:17:26,840 INFO  [BrowserSelenium] EXIT --> (_getByLocator)
17:17:26,860 INFO  [BrowserSelenium] ENTER --> (_getByLocator)
17:17:26,860 INFO  [BrowserSelenium] (_getByLocator) -> Getting locator for null
17:17:26,870 INFO  [BrowserSelenium] (_getByLocator) -> Locator info found for XPATH attribute as: //a[@href='/jbilling/config/index']
17:17:26,870 INFO  [BrowserSelenium] ENTER --> (_parseElementOnXpath)
17:17:26,870 INFO  [BrowserSelenium] (_parseElementOnXpath) -> //a[@href='/jbilling/config/index'] is used
17:17:26,870 INFO  [BrowserSelenium] EXIT --> (_parseElementOnXpath)
17:17:26,870 INFO  [BrowserSelenium] EXIT --> (_getByLocator)
17:17:26,890 INFO  [BrowserSelenium] ENTER --> (_getByLocator)
17:17:26,890 INFO  [BrowserSelenium] (_getByLocator) -> Getting locator for null
17:17:26,890 INFO  [BrowserSelenium] (_getByLocator) -> Locator info found for XPATH attribute as: //a[@href='/jbilling/config/index']
17:17:26,890 INFO  [BrowserSelenium] ENTER --> (_parseElementOnXpath)
17:17:26,890 INFO  [BrowserSelenium] (_parseElementOnXpath) -> //a[@href='/jbilling/config/index'] is used
17:17:26,890 INFO  [BrowserSelenium] EXIT --> (_parseElementOnXpath)
17:17:26,890 INFO  [BrowserSelenium] EXIT --> (_getByLocator)
17:17:26,910 INFO  [BrowserSelenium] ENTER --> (_getByLocator)
17:17:26,910 INFO  [BrowserSelenium] (_getByLocator) -> Getting locator for null
17:17:26,910 INFO  [BrowserSelenium] (_getByLocator) -> Locator info found for XPATH attribute as: //a[@href='/jbilling/config/index']
17:17:26,910 INFO  [BrowserSelenium] ENTER --> (_parseElementOnXpath)
17:17:26,910 INFO  [BrowserSelenium] (_parseElementOnXpath) -> //a[@href='/jbilling/config/index'] is used
17:17:26,910 INFO  [BrowserSelenium] EXIT --> (_parseElementOnXpath)
17:17:26,910 INFO  [BrowserSelenium] EXIT --> (_getByLocator)
17:17:26,930 INFO  [BrowserSelenium] ENTER --> (_getByLocator)
17:17:26,930 INFO  [BrowserSelenium] (_getByLocator) -> Getting locator for null
17:17:26,930 INFO  [BrowserSelenium] (_getByLocator) -> Locator info found for XPATH attribute as: //a[@href='/jbilling/config/index']
17:17:26,930 INFO  [BrowserSelenium] ENTER --> (_parseElementOnXpath)
17:17:26,930 INFO  [BrowserSelenium] (_parseElementOnXpath) -> //a[@href='/jbilling/config/index'] is used
17:17:26,930 INFO  [BrowserSelenium] EXIT --> (_parseElementOnXpath)
17:17:26,930 INFO  [BrowserSelenium] EXIT --> (_getByLocator)
17:17:26,950 INFO  [BrowserSelenium] ENTER --> (_getByLocator)
17:17:26,950 INFO  [BrowserSelenium] (_getByLocator) -> Getting locator for null
17:17:26,960 INFO  [BrowserSelenium] (_getByLocator) -> Locator info found for XPATH attribute as: //a[@href='/jbilling/config/index']
17:17:26,960 INFO  [BrowserSelenium] ENTER --> (_parseElementOnXpath)
17:17:26,960 INFO  [BrowserSelenium] (_parseElementOnXpath) -> //a[@href='/jbilling/config/index'] is used
17:17:26,960 INFO  [BrowserSelenium] EXIT --> (_parseElementOnXpath)
17:17:26,960 INFO  [BrowserSelenium] EXIT --> (_getByLocator)
17:17:26,980 INFO  [BrowserSelenium] ENTER --> (_getByLocator)
17:17:26,980 INFO  [BrowserSelenium] (_getByLocator) -> Getting locator for null
17:17:26,980 INFO  [BrowserSelenium] (_getByLocator) -> Locator info found for XPATH attribute as: //a[@href='/jbilling/config/index']
17:17:26,980 INFO  [BrowserSelenium] ENTER --> (_parseElementOnXpath)
17:17:26,980 INFO  [BrowserSelenium] (_parseElementOnXpath) -> //a[@href='/jbilling/config/index'] is used
17:17:26,980 INFO  [BrowserSelenium] EXIT --> (_parseElementOnXpath)
17:17:26,980 INFO  [BrowserSelenium] EXIT --> (_getByLocator)
17:17:27,040 INFO  [BrowserSelenium] ENTER --> (_getByLocator)
17:17:27,040 INFO  [BrowserSelenium] (_getByLocator) -> Getting locator for null
17:17:27,040 INFO  [BrowserSelenium] (_getByLocator) -> Locator info found for XPATH attribute as: //a[@href='/jbilling/config/index']
17:17:27,040 INFO  [BrowserSelenium] ENTER --> (_parseElementOnXpath)
17:17:27,040 INFO  [BrowserSelenium] (_parseElementOnXpath) -> //a[@href='/jbilling/config/index'] is used
17:17:27,040 INFO  [BrowserSelenium] EXIT --> (_parseElementOnXpath)
17:17:27,040 INFO  [BrowserSelenium] EXIT --> (_getByLocator)
17:17:27,060 INFO  [BrowserSelenium] ENTER --> (_getByLocator)
17:17:27,060 INFO  [BrowserSelenium] (_getByLocator) -> Getting locator for null
17:17:27,060 INFO  [BrowserSelenium] (_getByLocator) -> Locator info found for XPATH attribute as: //a[@href='/jbilling/config/index']
17:17:27,060 INFO  [BrowserSelenium] ENTER --> (_parseElementOnXpath)
17:17:27,060 INFO  [BrowserSelenium] (_parseElementOnXpath) -> //a[@href='/jbilling/config/index'] is used
17:17:27,060 INFO  [BrowserSelenium] EXIT --> (_parseElementOnXpath)
17:17:27,060 INFO  [BrowserSelenium] EXIT --> (_getByLocator)
17:17:27,080 INFO  [BrowserSelenium] ENTER --> (_getByLocator)
17:17:27,080 INFO  [BrowserSelenium] (_getByLocator) -> Getting locator for null
17:17:27,080 INFO  [BrowserSelenium] (_getByLocator) -> Locator info found for XPATH attribute as: //a[@href='/jbilling/config/index']
17:17:27,080 INFO  [BrowserSelenium] ENTER --> (_parseElementOnXpath)
17:17:27,080 INFO  [BrowserSelenium] (_parseElementOnXpath) -> //a[@href='/jbilling/config/index'] is used
17:17:27,080 INFO  [BrowserSelenium] EXIT --> (_parseElementOnXpath)
17:17:27,080 INFO  [BrowserSelenium] EXIT --> (_getByLocator)
17:17:27,110 INFO  [BrowserSelenium] ENTER --> (_getByLocator)
17:17:27,110 INFO  [BrowserSelenium] (_getByLocator) -> Getting locator for null
17:17:27,110 INFO  [BrowserSelenium] (_getByLocator) -> Locator info found for XPATH attribute as: //a[@href='/jbilling/config/index']
17:17:27,110 INFO  [BrowserSelenium] ENTER --> (_parseElementOnXpath)
17:17:27,110 INFO  [BrowserSelenium] (_parseElementOnXpath) -> //a[@href='/jbilling/config/index'] is used
17:17:27,110 INFO  [BrowserSelenium] EXIT --> (_parseElementOnXpath)
17:17:27,110 INFO  [BrowserSelenium] EXIT --> (_getByLocator)
17:17:27,130 INFO  [BrowserSelenium] ENTER --> (_getByLocator)
17:17:27,130 INFO  [BrowserSelenium] (_getByLocator) -> Getting locator for null
17:17:27,130 INFO  [BrowserSelenium] (_getByLocator) -> Locator info found for XPATH attribute as: //a[@href='/jbilling/config/index']
17:17:27,130 INFO  [BrowserSelenium] ENTER --> (_parseElementOnXpath)
17:17:27,130 INFO  [BrowserSelenium] (_parseElementOnXpath) -> //a[@href='/jbilling/config/index'] is used
17:17:27,130 INFO  [BrowserSelenium] EXIT --> (_parseElementOnXpath)
17:17:27,130 INFO  [BrowserSelenium] EXIT --> (_getByLocator)
17:17:27,150 INFO  [BrowserSelenium] ENTER --> (_getByLocator)
17:17:27,150 INFO  [BrowserSelenium] (_getByLocator) -> Getting locator for null
17:17:27,150 INFO  [BrowserSelenium] (_getByLocator) -> Locator info found for XPATH attribute as: //a[@href='/jbilling/config/index']
17:17:27,150 INFO  [BrowserSelenium] ENTER --> (_parseElementOnXpath)
17:17:27,150 INFO  [BrowserSelenium] (_parseElementOnXpath) -> //a[@href='/jbilling/config/index'] is used
17:17:27,150 INFO  [BrowserSelenium] EXIT --> (_parseElementOnXpath)
17:17:27,150 INFO  [BrowserSelenium] EXIT --> (_getByLocator)
17:17:27,180 INFO  [BrowserSelenium] ENTER --> (_getByLocator)
17:17:27,180 INFO  [BrowserSelenium] (_getByLocator) -> Getting locator for null
17:17:27,180 INFO  [BrowserSelenium] (_getByLocator) -> Locator info found for XPATH attribute as: //a[@href='/jbilling/config/index']
17:17:27,180 INFO  [BrowserSelenium] ENTER --> (_parseElementOnXpath)
17:17:27,180 INFO  [BrowserSelenium] (_parseElementOnXpath) -> //a[@href='/jbilling/config/index'] is used
17:17:27,180 INFO  [BrowserSelenium] EXIT --> (_parseElementOnXpath)
17:17:27,180 INFO  [BrowserSelenium] EXIT --> (_getByLocator)
17:17:27,200 INFO  [BrowserSelenium] ENTER --> (_getByLocator)
17:17:27,200 INFO  [BrowserSelenium] (_getByLocator) -> Getting locator for null
17:17:27,200 INFO  [BrowserSelenium] (_getByLocator) -> Locator info found for XPATH attribute as: //a[@href='/jbilling/config/index']
17:17:27,210 INFO  [BrowserSelenium] ENTER --> (_parseElementOnXpath)
17:17:27,210 INFO  [BrowserSelenium] (_parseElementOnXpath) -> //a[@href='/jbilling/config/index'] is used
17:17:27,210 INFO  [BrowserSelenium] EXIT --> (_parseElementOnXpath)
17:17:27,210 INFO  [BrowserSelenium] EXIT --> (_getByLocator)
17:17:27,230 INFO  [BrowserSelenium] ENTER --> (_getByLocator)
17:17:27,230 INFO  [BrowserSelenium] (_getByLocator) -> Getting locator for null
17:17:27,230 INFO  [BrowserSelenium] (_getByLocator) -> Locator info found for XPATH attribute as: //a[@href='/jbilling/config/index']
17:17:27,230 INFO  [BrowserSelenium] ENTER --> (_parseElementOnXpath)
17:17:27,230 INFO  [BrowserSelenium] (_parseElementOnXpath) -> //a[@href='/jbilling/config/index'] is used
17:17:27,230 INFO  [BrowserSelenium] EXIT --> (_parseElementOnXpath)
17:17:27,230 INFO  [BrowserSelenium] EXIT --> (_getByLocator)
17:17:27,250 INFO  [BrowserSelenium] ENTER --> (_getByLocator)
17:17:27,250 INFO  [BrowserSelenium] (_getByLocator) -> Getting locator for null
17:17:27,250 INFO  [BrowserSelenium] (_getByLocator) -> Locator info found for XPATH attribute as: //a[@href='/jbilling/config/index']
17:17:27,250 INFO  [BrowserSelenium] ENTER --> (_parseElementOnXpath)
17:17:27,250 INFO  [BrowserSelenium] (_parseElementOnXpath) -> //a[@href='/jbilling/config/index'] is used
17:17:27,250 INFO  [BrowserSelenium] EXIT --> (_parseElementOnXpath)
17:17:27,250 INFO  [BrowserSelenium] EXIT --> (_getByLocator)
17:17:27,280 INFO  [BrowserSelenium] ENTER --> (_getByLocator)
17:17:27,280 INFO  [BrowserSelenium] (_getByLocator) -> Getting locator for null
17:17:27,280 INFO  [BrowserSelenium] (_getByLocator) -> Locator info found for XPATH attribute as: //a[@href='/jbilling/config/index']
17:17:27,280 INFO  [BrowserSelenium] ENTER --> (_parseElementOnXpath)
17:17:27,280 INFO  [BrowserSelenium] (_parseElementOnXpath) -> //a[@href='/jbilling/config/index'] is used
17:17:27,280 INFO  [BrowserSelenium] EXIT --> (_parseElementOnXpath)
17:17:27,280 INFO  [BrowserSelenium] EXIT --> (_getByLocator)
17:17:27,300 INFO  [BrowserSelenium] ENTER --> (_getByLocator)
17:17:27,300 INFO  [BrowserSelenium] (_getByLocator) -> Getting locator for null
17:17:27,300 INFO  [BrowserSelenium] (_getByLocator) -> Locator info found for XPATH attribute as: //a[@href='/jbilling/config/index']
17:17:27,300 INFO  [BrowserSelenium] ENTER --> (_parseElementOnXpath)
17:17:27,300 INFO  [BrowserSelenium] (_parseElementOnXpath) -> //a[@href='/jbilling/config/index'] is used
17:17:27,300 INFO  [BrowserSelenium] EXIT --> (_parseElementOnXpath)
17:17:27,300 INFO  [BrowserSelenium] EXIT --> (_getByLocator)
17:17:27,320 INFO  [BrowserSelenium] ENTER --> (_getByLocator)
17:17:27,320 INFO  [BrowserSelenium] (_getByLocator) -> Getting locator for null
17:17:27,320 INFO  [BrowserSelenium] (_getByLocator) -> Locator info found for XPATH attribute as: //a[@href='/jbilling/config/index']
17:17:27,320 INFO  [BrowserSelenium] ENTER --> (_parseElementOnXpath)
17:17:27,320 INFO  [BrowserSelenium] (_parseElementOnXpath) -> //a[@href='/jbilling/config/index'] is used
17:17:27,320 INFO  [BrowserSelenium] EXIT --> (_parseElementOnXpath)
17:17:27,320 INFO  [BrowserSelenium] EXIT --> (_getByLocator)
17:17:27,350 INFO  [BrowserSelenium] ENTER --> (_getByLocator)
17:17:27,350 INFO  [BrowserSelenium] (_getByLocator) -> Getting locator for null
17:17:27,350 INFO  [BrowserSelenium] (_getByLocator) -> Locator info found for XPATH attribute as: //a[@href='/jbilling/config/index']
17:17:27,350 INFO  [BrowserSelenium] ENTER --> (_parseElementOnXpath)
17:17:27,350 INFO  [BrowserSelenium] (_parseElementOnXpath) -> //a[@href='/jbilling/config/index'] is used
17:17:27,350 INFO  [BrowserSelenium] EXIT --> (_parseElementOnXpath)
17:17:27,350 INFO  [BrowserSelenium] EXIT --> (_getByLocator)
17:17:27,370 INFO  [BrowserSelenium] ENTER --> (_getByLocator)
17:17:27,370 INFO  [BrowserSelenium] (_getByLocator) -> Getting locator for null
17:17:27,370 INFO  [BrowserSelenium] (_getByLocator) -> Locator info found for XPATH attribute as: //a[@href='/jbilling/config/index']
17:17:27,370 INFO  [BrowserSelenium] ENTER --> (_parseElementOnXpath)
17:17:27,370 INFO  [BrowserSelenium] (_parseElementOnXpath) -> //a[@href='/jbilling/config/index'] is used
17:17:27,370 INFO  [BrowserSelenium] EXIT --> (_parseElementOnXpath)
17:17:27,370 INFO  [BrowserSelenium] EXIT --> (_getByLocator)
17:17:27,380 INFO  [BrowserSelenium] ENTER --> (_getByLocator)
17:17:27,380 INFO  [BrowserSelenium] (_getByLocator) -> Getting locator for null
17:17:27,390 INFO  [BrowserSelenium] (_getByLocator) -> Locator info found for XPATH attribute as: //a[@href='/jbilling/config/index']
17:17:27,390 INFO  [BrowserSelenium] ENTER --> (_parseElementOnXpath)
17:17:27,390 INFO  [BrowserSelenium] (_parseElementOnXpath) -> //a[@href='/jbilling/config/index'] is used
17:17:27,390 INFO  [BrowserSelenium] EXIT --> (_parseElementOnXpath)
17:17:27,390 INFO  [BrowserSelenium] EXIT --> (_getByLocator)
17:17:27,410 INFO  [BrowserSelenium] ENTER --> (_getByLocator)
17:17:27,410 INFO  [BrowserSelenium] (_getByLocator) -> Getting locator for null
17:17:27,410 INFO  [BrowserSelenium] (_getByLocator) -> Locator info found for XPATH attribute as: //a[@href='/jbilling/config/index']
17:17:27,410 INFO  [BrowserSelenium] ENTER --> (_parseElementOnXpath)
17:17:27,410 INFO  [BrowserSelenium] (_parseElementOnXpath) -> //a[@href='/jbilling/config/index'] is used
17:17:27,410 INFO  [BrowserSelenium] EXIT --> (_parseElementOnXpath)
17:17:27,410 INFO  [BrowserSelenium] EXIT --> (_getByLocator)
17:17:27,430 INFO  [BrowserSelenium] ENTER --> (_getByLocator)
17:17:27,430 INFO  [BrowserSelenium] (_getByLocator) -> Getting locator for null
17:17:27,430 INFO  [BrowserSelenium] (_getByLocator) -> Locator info found for XPATH attribute as: //a[@href='/jbilling/config/index']
17:17:27,430 INFO  [BrowserSelenium] ENTER --> (_parseElementOnXpath)
17:17:27,430 INFO  [BrowserSelenium] (_parseElementOnXpath) -> //a[@href='/jbilling/config/index'] is used
17:17:27,430 INFO  [BrowserSelenium] EXIT --> (_parseElementOnXpath)
17:17:27,430 INFO  [BrowserSelenium] EXIT --> (_getByLocator)
17:17:27,450 INFO  [BrowserSelenium] ENTER --> (_getByLocator)
17:17:27,450 INFO  [BrowserSelenium] (_getByLocator) -> Getting locator for null
17:17:27,450 INFO  [BrowserSelenium] (_getByLocator) -> Locator info found for XPATH attribute as: //a[@href='/jbilling/config/index']
17:17:27,450 INFO  [BrowserSelenium] ENTER --> (_parseElementOnXpath)
17:17:27,450 INFO  [BrowserSelenium] (_parseElementOnXpath) -> //a[@href='/jbilling/config/index'] is used
17:17:27,450 INFO  [BrowserSelenium] EXIT --> (_parseElementOnXpath)
17:17:27,450 INFO  [BrowserSelenium] EXIT --> (_getByLocator)
17:17:27,470 INFO  [BrowserSelenium] ENTER --> (_getByLocator)
17:17:27,470 INFO  [BrowserSelenium] (_getByLocator) -> Getting locator for null
17:17:27,470 INFO  [BrowserSelenium] (_getByLocator) -> Locator info found for XPATH attribute as: //a[@href='/jbilling/config/index']
17:17:27,470 INFO  [BrowserSelenium] ENTER --> (_parseElementOnXpath)
17:17:27,470 INFO  [BrowserSelenium] (_parseElementOnXpath) -> //a[@href='/jbilling/config/index'] is used
17:17:27,470 INFO  [BrowserSelenium] EXIT --> (_parseElementOnXpath)
17:17:27,470 INFO  [BrowserSelenium] EXIT --> (_getByLocator)
17:17:27,490 INFO  [BrowserSelenium] ENTER --> (_getByLocator)
17:17:27,490 INFO  [BrowserSelenium] (_getByLocator) -> Getting locator for null
17:17:27,490 INFO  [BrowserSelenium] (_getByLocator) -> Locator info found for XPATH attribute as: //a[@href='/jbilling/config/index']
17:17:27,490 INFO  [BrowserSelenium] ENTER --> (_parseElementOnXpath)
17:17:27,490 INFO  [BrowserSelenium] (_parseElementOnXpath) -> //a[@href='/jbilling/config/index'] is used
17:17:27,490 INFO  [BrowserSelenium] EXIT --> (_parseElementOnXpath)
17:17:27,490 INFO  [BrowserSelenium] EXIT --> (_getByLocator)
17:17:27,510 INFO  [BrowserSelenium] ENTER --> (_getByLocator)
17:17:27,510 INFO  [BrowserSelenium] (_getByLocator) -> Getting locator for null
17:17:27,510 INFO  [BrowserSelenium] (_getByLocator) -> Locator info found for XPATH attribute as: //a[@href='/jbilling/config/index']
17:17:27,510 INFO  [BrowserSelenium] ENTER --> (_parseElementOnXpath)
17:17:27,510 INFO  [BrowserSelenium] (_parseElementOnXpath) -> //a[@href='/jbilling/config/index'] is used
17:17:27,510 INFO  [BrowserSelenium] EXIT --> (_parseElementOnXpath)
17:17:27,510 INFO  [BrowserSelenium] EXIT --> (_getByLocator)
17:17:27,530 INFO  [BrowserSelenium] ENTER --> (_getByLocator)
17:17:27,530 INFO  [BrowserSelenium] (_getByLocator) -> Getting locator for null
17:17:27,530 INFO  [BrowserSelenium] (_getByLocator) -> Locator info found for XPATH attribute as: //a[@href='/jbilling/config/index']
17:17:27,530 INFO  [BrowserSelenium] ENTER --> (_parseElementOnXpath)
17:17:27,530 INFO  [BrowserSelenium] (_parseElementOnXpath) -> //a[@href='/jbilling/config/index'] is used
17:17:27,530 INFO  [BrowserSelenium] EXIT --> (_parseElementOnXpath)
17:17:27,530 INFO  [BrowserSelenium] EXIT --> (_getByLocator)
17:17:27,550 INFO  [BrowserSelenium] ENTER --> (_getByLocator)
17:17:27,550 INFO  [BrowserSelenium] (_getByLocator) -> Getting locator for null
17:17:27,550 INFO  [BrowserSelenium] (_getByLocator) -> Locator info found for XPATH attribute as: //a[@href='/jbilling/config/index']
17:17:27,550 INFO  [BrowserSelenium] ENTER --> (_parseElementOnXpath)
17:17:27,550 INFO  [BrowserSelenium] (_parseElementOnXpath) -> //a[@href='/jbilling/config/index'] is used
17:17:27,550 INFO  [BrowserSelenium] EXIT --> (_parseElementOnXpath)
17:17:27,550 INFO  [BrowserSelenium] EXIT --> (_getByLocator)
17:17:27,570 INFO  [BrowserSelenium] ENTER --> (_getByLocator)
17:17:27,570 INFO  [BrowserSelenium] (_getByLocator) -> Getting locator for null
17:17:27,580 INFO  [BrowserSelenium] (_getByLocator) -> Locator info found for XPATH attribute as: //a[@href='/jbilling/config/index']
17:17:27,580 INFO  [BrowserSelenium] ENTER --> (_parseElementOnXpath)
17:17:27,580 INFO  [BrowserSelenium] (_parseElementOnXpath) -> //a[@href='/jbilling/config/index'] is used
17:17:27,580 INFO  [BrowserSelenium] EXIT --> (_parseElementOnXpath)
17:17:27,580 INFO  [BrowserSelenium] EXIT --> (_getByLocator)
17:17:27,590 INFO  [BrowserSelenium] ENTER --> (_getByLocator)
17:17:27,590 INFO  [BrowserSelenium] (_getByLocator) -> Getting locator for null
17:17:27,590 INFO  [BrowserSelenium] (_getByLocator) -> Locator info found for XPATH attribute as: //a[@href='/jbilling/config/index']
17:17:27,590 INFO  [BrowserSelenium] ENTER --> (_parseElementOnXpath)
17:17:27,590 INFO  [BrowserSelenium] (_parseElementOnXpath) -> //a[@href='/jbilling/config/index'] is used
17:17:27,590 INFO  [BrowserSelenium] EXIT --> (_parseElementOnXpath)
17:17:27,590 INFO  [BrowserSelenium] EXIT --> (_getByLocator)
17:17:27,620 INFO  [BrowserSelenium] ENTER --> (_getByLocator)
17:17:27,620 INFO  [BrowserSelenium] (_getByLocator) -> Getting locator for null
17:17:27,620 INFO  [BrowserSelenium] (_getByLocator) -> Locator info found for XPATH attribute as: //a[@href='/jbilling/config/index']
17:17:27,620 INFO  [BrowserSelenium] ENTER --> (_parseElementOnXpath)
17:17:27,620 INFO  [BrowserSelenium] (_parseElementOnXpath) -> //a[@href='/jbilling/config/index'] is used
17:17:27,620 INFO  [BrowserSelenium] EXIT --> (_parseElementOnXpath)
17:17:27,620 INFO  [BrowserSelenium] EXIT --> (_getByLocator)
17:17:27,650 INFO  [BrowserSelenium] ENTER --> (_getByLocator)
17:17:27,650 INFO  [BrowserSelenium] (_getByLocator) -> Getting locator for null
17:17:27,650 INFO  [BrowserSelenium] (_getByLocator) -> Locator info found for XPATH attribute as: //a[@href='/jbilling/config/index']
17:17:27,650 INFO  [BrowserSelenium] ENTER --> (_parseElementOnXpath)
17:17:27,650 INFO  [BrowserSelenium] (_parseElementOnXpath) -> //a[@href='/jbilling/config/index'] is used
17:17:27,650 INFO  [BrowserSelenium] EXIT --> (_parseElementOnXpath)
17:17:27,650 INFO  [BrowserSelenium] EXIT --> (_getByLocator)
17:17:27,670 INFO  [BrowserSelenium] ENTER --> (_getByLocator)
17:17:27,670 INFO  [BrowserSelenium] (_getByLocator) -> Getting locator for null
17:17:27,670 INFO  [BrowserSelenium] (_getByLocator) -> Locator info found for XPATH attribute as: //a[@href='/jbilling/config/index']
17:17:27,670 INFO  [BrowserSelenium] ENTER --> (_parseElementOnXpath)
17:17:27,670 INFO  [BrowserSelenium] (_parseElementOnXpath) -> //a[@href='/jbilling/config/index'] is used
17:17:27,670 INFO  [BrowserSelenium] EXIT --> (_parseElementOnXpath)
17:17:27,670 INFO  [BrowserSelenium] EXIT --> (_getByLocator)
17:17:27,700 INFO  [BrowserSelenium] ENTER --> (_getByLocator)
17:17:27,700 INFO  [BrowserSelenium] (_getByLocator) -> Getting locator for null
17:17:27,700 INFO  [BrowserSelenium] (_getByLocator) -> Locator info found for XPATH attribute as: //a[@href='/jbilling/config/index']
17:17:27,700 INFO  [BrowserSelenium] ENTER --> (_parseElementOnXpath)
17:17:27,700 INFO  [BrowserSelenium] (_parseElementOnXpath) -> //a[@href='/jbilling/config/index'] is used
17:17:27,700 INFO  [BrowserSelenium] EXIT --> (_parseElementOnXpath)
17:17:27,700 INFO  [BrowserSelenium] EXIT --> (_getByLocator)
17:17:27,720 INFO  [BrowserSelenium] ENTER --> (_getByLocator)
17:17:27,720 INFO  [BrowserSelenium] (_getByLocator) -> Getting locator for null
17:17:27,720 INFO  [BrowserSelenium] (_getByLocator) -> Locator info found for XPATH attribute as: //a[@href='/jbilling/config/index']
17:17:27,720 INFO  [BrowserSelenium] ENTER --> (_parseElementOnXpath)
17:17:27,720 INFO  [BrowserSelenium] (_parseElementOnXpath) -> //a[@href='/jbilling/config/index'] is used
17:17:27,720 INFO  [BrowserSelenium] EXIT --> (_parseElementOnXpath)
17:17:27,720 INFO  [BrowserSelenium] EXIT --> (_getByLocator)
17:17:27,740 INFO  [BrowserSelenium] ENTER --> (_getByLocator)
17:17:27,740 INFO  [BrowserSelenium] (_getByLocator) -> Getting locator for null
17:17:27,740 INFO  [BrowserSelenium] (_getByLocator) -> Locator info found for XPATH attribute as: //a[@href='/jbilling/config/index']
17:17:27,740 INFO  [BrowserSelenium] ENTER --> (_parseElementOnXpath)
17:17:27,740 INFO  [BrowserSelenium] (_parseElementOnXpath) -> //a[@href='/jbilling/config/index'] is used
17:17:27,740 INFO  [BrowserSelenium] EXIT --> (_parseElementOnXpath)
17:17:27,740 INFO  [BrowserSelenium] EXIT --> (_getByLocator)
17:17:27,760 INFO  [BrowserSelenium] ENTER --> (_getByLocator)
17:17:27,760 INFO  [BrowserSelenium] (_getByLocator) -> Getting locator for null
17:17:27,760 INFO  [BrowserSelenium] (_getByLocator) -> Locator info found for XPATH attribute as: //a[@href='/jbilling/config/index']
17:17:27,760 INFO  [BrowserSelenium] ENTER --> (_parseElementOnXpath)
17:17:27,760 INFO  [BrowserSelenium] (_parseElementOnXpath) -> //a[@href='/jbilling/config/index'] is used
17:17:27,760 INFO  [BrowserSelenium] EXIT --> (_parseElementOnXpath)
17:17:27,760 INFO  [BrowserSelenium] EXIT --> (_getByLocator)
17:17:27,780 INFO  [BrowserSelenium] ENTER --> (_getByLocator)
17:17:27,780 INFO  [BrowserSelenium] (_getByLocator) -> Getting locator for null
17:17:27,780 INFO  [BrowserSelenium] (_getByLocator) -> Locator info found for XPATH attribute as: //a[@href='/jbilling/config/index']
17:17:27,780 INFO  [BrowserSelenium] ENTER --> (_parseElementOnXpath)
17:17:27,780 INFO  [BrowserSelenium] (_parseElementOnXpath) -> //a[@href='/jbilling/config/index'] is used
17:17:27,780 INFO  [BrowserSelenium] EXIT --> (_parseElementOnXpath)
17:17:27,780 INFO  [BrowserSelenium] EXIT --> (_getByLocator)
17:17:27,810 INFO  [BrowserSelenium] ENTER --> (_getByLocator)
17:17:27,810 INFO  [BrowserSelenium] (_getByLocator) -> Getting locator for null
17:17:27,810 INFO  [BrowserSelenium] (_getByLocator) -> Locator info found for XPATH attribute as: //a[@href='/jbilling/config/index']
17:17:27,810 INFO  [BrowserSelenium] ENTER --> (_parseElementOnXpath)
17:17:27,810 INFO  [BrowserSelenium] (_parseElementOnXpath) -> //a[@href='/jbilling/config/index'] is used
17:17:27,810 INFO  [BrowserSelenium] EXIT --> (_parseElementOnXpath)
17:17:27,810 INFO  [BrowserSelenium] EXIT --> (_getByLocator)
17:17:27,830 INFO  [BrowserSelenium] ENTER --> (_getByLocator)
17:17:27,830 INFO  [BrowserSelenium] (_getByLocator) -> Getting locator for null
17:17:27,830 INFO  [BrowserSelenium] (_getByLocator) -> Locator info found for XPATH attribute as: //a[@href='/jbilling/config/index']
17:17:27,830 INFO  [BrowserSelenium] ENTER --> (_parseElementOnXpath)
17:17:27,830 INFO  [BrowserSelenium] (_parseElementOnXpath) -> //a[@href='/jbilling/config/index'] is used
17:17:27,830 INFO  [BrowserSelenium] EXIT --> (_parseElementOnXpath)
17:17:27,830 INFO  [BrowserSelenium] EXIT --> (_getByLocator)
17:17:27,860 INFO  [BrowserSelenium] ENTER --> (_getByLocator)
17:17:27,860 INFO  [BrowserSelenium] (_getByLocator) -> Getting locator for null
17:17:27,860 INFO  [BrowserSelenium] (_getByLocator) -> Locator info found for XPATH attribute as: //a[@href='/jbilling/config/index']
17:17:27,860 INFO  [BrowserSelenium] ENTER --> (_parseElementOnXpath)
17:17:27,860 INFO  [BrowserSelenium] (_parseElementOnXpath) -> //a[@href='/jbilling/config/index'] is used
17:17:27,860 INFO  [BrowserSelenium] EXIT --> (_parseElementOnXpath)
17:17:27,860 INFO  [BrowserSelenium] EXIT --> (_getByLocator)
17:17:27,880 INFO  [BrowserSelenium] ENTER --> (_getByLocator)
17:17:27,880 INFO  [BrowserSelenium] (_getByLocator) -> Getting locator for null
17:17:27,880 INFO  [BrowserSelenium] (_getByLocator) -> Locator info found for XPATH attribute as: //a[@href='/jbilling/config/index']
17:17:27,880 INFO  [BrowserSelenium] ENTER --> (_parseElementOnXpath)
17:17:27,880 INFO  [BrowserSelenium] (_parseElementOnXpath) -> //a[@href='/jbilling/config/index'] is used
17:17:27,880 INFO  [BrowserSelenium] EXIT --> (_parseElementOnXpath)
17:17:27,880 INFO  [BrowserSelenium] EXIT --> (_getByLocator)
17:17:27,900 INFO  [BrowserSelenium] ENTER --> (_getByLocator)
17:17:27,900 INFO  [BrowserSelenium] (_getByLocator) -> Getting locator for null
17:17:27,900 INFO  [BrowserSelenium] (_getByLocator) -> Locator info found for XPATH attribute as: //a[@href='/jbilling/config/index']
17:17:27,900 INFO  [BrowserSelenium] ENTER --> (_parseElementOnXpath)
17:17:27,900 INFO  [BrowserSelenium] (_parseElementOnXpath) -> //a[@href='/jbilling/config/index'] is used
17:17:27,900 INFO  [BrowserSelenium] EXIT --> (_parseElementOnXpath)
17:17:27,900 INFO  [BrowserSelenium] EXIT --> (_getByLocator)
17:17:27,920 INFO  [BrowserSelenium] ENTER --> (_getByLocator)
17:17:27,920 INFO  [BrowserSelenium] (_getByLocator) -> Getting locator for null
17:17:27,920 INFO  [BrowserSelenium] (_getByLocator) -> Locator info found for XPATH attribute as: //a[@href='/jbilling/config/index']
17:17:27,920 INFO  [BrowserSelenium] ENTER --> (_parseElementOnXpath)
17:17:27,920 INFO  [BrowserSelenium] (_parseElementOnXpath) -> //a[@href='/jbilling/config/index'] is used
17:17:27,920 INFO  [BrowserSelenium] EXIT --> (_parseElementOnXpath)
17:17:27,920 INFO  [BrowserSelenium] EXIT --> (_getByLocator)
17:17:27,950 INFO  [BrowserSelenium] ENTER --> (_getByLocator)
17:17:27,950 INFO  [BrowserSelenium] (_getByLocator) -> Getting locator for null
17:17:27,950 INFO  [BrowserSelenium] (_getByLocator) -> Locator info found for XPATH attribute as: //a[@href='/jbilling/config/index']
17:17:27,950 INFO  [BrowserSelenium] ENTER --> (_parseElementOnXpath)
17:17:27,950 INFO  [BrowserSelenium] (_parseElementOnXpath) -> //a[@href='/jbilling/config/index'] is used
17:17:27,950 INFO  [BrowserSelenium] EXIT --> (_parseElementOnXpath)
17:17:27,950 INFO  [BrowserSelenium] EXIT --> (_getByLocator)
17:17:27,970 INFO  [BrowserSelenium] ENTER --> (_getByLocator)
17:17:27,970 INFO  [BrowserSelenium] (_getByLocator) -> Getting locator for null
17:17:27,970 INFO  [BrowserSelenium] (_getByLocator) -> Locator info found for XPATH attribute as: //a[@href='/jbilling/config/index']
17:17:27,970 INFO  [BrowserSelenium] ENTER --> (_parseElementOnXpath)
17:17:27,970 INFO  [BrowserSelenium] (_parseElementOnXpath) -> //a[@href='/jbilling/config/index'] is used
17:17:27,970 INFO  [BrowserSelenium] EXIT --> (_parseElementOnXpath)
17:17:27,970 INFO  [BrowserSelenium] EXIT --> (_getByLocator)
17:17:27,990 INFO  [BrowserSelenium] ENTER --> (_getByLocator)
17:17:27,990 INFO  [BrowserSelenium] (_getByLocator) -> Getting locator for null
17:17:27,990 INFO  [BrowserSelenium] (_getByLocator) -> Locator info found for XPATH attribute as: //a[@href='/jbilling/config/index']
17:17:27,990 INFO  [BrowserSelenium] ENTER --> (_parseElementOnXpath)
17:17:27,990 INFO  [BrowserSelenium] (_parseElementOnXpath) -> //a[@href='/jbilling/config/index'] is used
17:17:27,990 INFO  [BrowserSelenium] EXIT --> (_parseElementOnXpath)
17:17:27,990 INFO  [BrowserSelenium] EXIT --> (_getByLocator)
17:17:28,010 INFO  [BrowserSelenium] ENTER --> (_getByLocator)
17:17:28,010 INFO  [BrowserSelenium] (_getByLocator) -> Getting locator for null
17:17:28,010 INFO  [BrowserSelenium] (_getByLocator) -> Locator info found for XPATH attribute as: //a[@href='/jbilling/config/index']
17:17:28,010 INFO  [BrowserSelenium] ENTER --> (_parseElementOnXpath)
17:17:28,010 INFO  [BrowserSelenium] (_parseElementOnXpath) -> //a[@href='/jbilling/config/index'] is used
17:17:28,010 INFO  [BrowserSelenium] EXIT --> (_parseElementOnXpath)
17:17:28,010 INFO  [BrowserSelenium] EXIT --> (_getByLocator)
17:17:28,030 INFO  [BrowserSelenium] ENTER --> (_getByLocator)
17:17:28,030 INFO  [BrowserSelenium] (_getByLocator) -> Getting locator for null
17:17:28,030 INFO  [BrowserSelenium] (_getByLocator) -> Locator info found for XPATH attribute as: //a[@href='/jbilling/config/index']
17:17:28,030 INFO  [BrowserSelenium] ENTER --> (_parseElementOnXpath)
17:17:28,030 INFO  [BrowserSelenium] (_parseElementOnXpath) -> //a[@href='/jbilling/config/index'] is used
17:17:28,030 INFO  [BrowserSelenium] EXIT --> (_parseElementOnXpath)
17:17:28,030 INFO  [BrowserSelenium] EXIT --> (_getByLocator)
17:17:28,050 INFO  [BrowserSelenium] ENTER --> (_getByLocator)
17:17:28,050 INFO  [BrowserSelenium] (_getByLocator) -> Getting locator for null
17:17:28,050 INFO  [BrowserSelenium] (_getByLocator) -> Locator info found for XPATH attribute as: //a[@href='/jbilling/config/index']
17:17:28,060 INFO  [BrowserSelenium] ENTER --> (_parseElementOnXpath)
17:17:28,060 INFO  [BrowserSelenium] (_parseElementOnXpath) -> //a[@href='/jbilling/config/index'] is used
17:17:28,060 INFO  [BrowserSelenium] EXIT --> (_parseElementOnXpath)
17:17:28,060 INFO  [BrowserSelenium] EXIT --> (_getByLocator)
17:17:28,080 INFO  [BrowserSelenium] ENTER --> (_getByLocator)
17:17:28,080 INFO  [BrowserSelenium] (_getByLocator) -> Getting locator for null
17:17:28,080 INFO  [BrowserSelenium] (_getByLocator) -> Locator info found for XPATH attribute as: //a[@href='/jbilling/config/index']
17:17:28,080 INFO  [BrowserSelenium] ENTER --> (_parseElementOnXpath)
17:17:28,080 INFO  [BrowserSelenium] (_parseElementOnXpath) -> //a[@href='/jbilling/config/index'] is used
17:17:28,080 INFO  [BrowserSelenium] EXIT --> (_parseElementOnXpath)
17:17:28,080 INFO  [BrowserSelenium] EXIT --> (_getByLocator)
17:17:28,110 INFO  [BrowserSelenium] ENTER --> (_getByLocator)
17:17:28,110 INFO  [BrowserSelenium] (_getByLocator) -> Getting locator for null
17:17:28,110 INFO  [BrowserSelenium] (_getByLocator) -> Locator info found for XPATH attribute as: //a[@href='/jbilling/config/index']
17:17:28,110 INFO  [BrowserSelenium] ENTER --> (_parseElementOnXpath)
17:17:28,110 INFO  [BrowserSelenium] (_parseElementOnXpath) -> //a[@href='/jbilling/config/index'] is used
17:17:28,110 INFO  [BrowserSelenium] EXIT --> (_parseElementOnXpath)
17:17:28,110 INFO  [BrowserSelenium] EXIT --> (_getByLocator)
17:17:28,130 INFO  [BrowserSelenium] ENTER --> (_getByLocator)
17:17:28,130 INFO  [BrowserSelenium] (_getByLocator) -> Getting locator for null
17:17:28,130 INFO  [BrowserSelenium] (_getByLocator) -> Locator info found for XPATH attribute as: //a[@href='/jbilling/config/index']
17:17:28,130 INFO  [BrowserSelenium] ENTER --> (_parseElementOnXpath)
17:17:28,130 INFO  [BrowserSelenium] (_parseElementOnXpath) -> //a[@href='/jbilling/config/index'] is used
17:17:28,130 INFO  [BrowserSelenium] EXIT --> (_parseElementOnXpath)
17:17:28,130 INFO  [BrowserSelenium] EXIT --> (_getByLocator)
17:17:28,160 INFO  [BrowserSelenium] ENTER --> (_getByLocator)
17:17:28,160 INFO  [BrowserSelenium] (_getByLocator) -> Getting locator for null
17:17:28,160 INFO  [BrowserSelenium] (_getByLocator) -> Locator info found for XPATH attribute as: //a[@href='/jbilling/config/index']
17:17:28,160 INFO  [BrowserSelenium] ENTER --> (_parseElementOnXpath)
17:17:28,160 INFO  [BrowserSelenium] (_parseElementOnXpath) -> //a[@href='/jbilling/config/index'] is used
17:17:28,160 INFO  [BrowserSelenium] EXIT --> (_parseElementOnXpath)
17:17:28,160 INFO  [BrowserSelenium] EXIT --> (_getByLocator)
17:17:28,190 INFO  [BrowserSelenium] ENTER --> (_getByLocator)
17:17:28,190 INFO  [BrowserSelenium] (_getByLocator) -> Getting locator for null
17:17:28,190 INFO  [BrowserSelenium] (_getByLocator) -> Locator info found for XPATH attribute as: //a[@href='/jbilling/config/index']
17:17:28,190 INFO  [BrowserSelenium] ENTER --> (_parseElementOnXpath)
17:17:28,190 INFO  [BrowserSelenium] (_parseElementOnXpath) -> //a[@href='/jbilling/config/index'] is used
17:17:28,190 INFO  [BrowserSelenium] EXIT --> (_parseElementOnXpath)
17:17:28,190 INFO  [BrowserSelenium] EXIT --> (_getByLocator)
17:17:28,210 INFO  [BrowserSelenium] ENTER --> (_getByLocator)
17:17:28,210 INFO  [BrowserSelenium] (_getByLocator) -> Getting locator for null
17:17:28,210 INFO  [BrowserSelenium] (_getByLocator) -> Locator info found for XPATH attribute as: //a[@href='/jbilling/config/index']
17:17:28,210 INFO  [BrowserSelenium] ENTER --> (_parseElementOnXpath)
17:17:28,210 INFO  [BrowserSelenium] (_parseElementOnXpath) -> //a[@href='/jbilling/config/index'] is used
17:17:28,210 INFO  [BrowserSelenium] EXIT --> (_parseElementOnXpath)
17:17:28,210 INFO  [BrowserSelenium] EXIT --> (_getByLocator)
17:17:28,240 INFO  [BrowserSelenium] ENTER --> (_getByLocator)
17:17:28,240 INFO  [BrowserSelenium] (_getByLocator) -> Getting locator for null
17:17:28,240 INFO  [BrowserSelenium] (_getByLocator) -> Locator info found for XPATH attribute as: //a[@href='/jbilling/config/index']
17:17:28,240 INFO  [BrowserSelenium] ENTER --> (_parseElementOnXpath)
17:17:28,240 INFO  [BrowserSelenium] (_parseElementOnXpath) -> //a[@href='/jbilling/config/index'] is used
17:17:28,240 INFO  [BrowserSelenium] EXIT --> (_parseElementOnXpath)
17:17:28,240 INFO  [BrowserSelenium] EXIT --> (_getByLocator)
17:17:28,270 INFO  [BrowserSelenium] ENTER --> (_getByLocator)
17:17:28,270 INFO  [BrowserSelenium] (_getByLocator) -> Getting locator for null
17:17:28,270 INFO  [BrowserSelenium] (_getByLocator) -> Locator info found for XPATH attribute as: //a[@href='/jbilling/config/index']
17:17:28,270 INFO  [BrowserSelenium] ENTER --> (_parseElementOnXpath)
17:17:28,270 INFO  [BrowserSelenium] (_parseElementOnXpath) -> //a[@href='/jbilling/config/index'] is used
17:17:28,270 INFO  [BrowserSelenium] EXIT --> (_parseElementOnXpath)
17:17:28,270 INFO  [BrowserSelenium] EXIT --> (_getByLocator)
17:17:28,300 INFO  [BrowserSelenium] ENTER --> (_getByLocator)
17:17:28,300 INFO  [BrowserSelenium] (_getByLocator) -> Getting locator for null
17:17:28,300 INFO  [BrowserSelenium] (_getByLocator) -> Locator info found for XPATH attribute as: //a[@href='/jbilling/config/index']
17:17:28,300 INFO  [BrowserSelenium] ENTER --> (_parseElementOnXpath)
17:17:28,300 INFO  [BrowserSelenium] (_parseElementOnXpath) -> //a[@href='/jbilling/config/index'] is used
17:17:28,300 INFO  [BrowserSelenium] EXIT --> (_parseElementOnXpath)
17:17:28,300 INFO  [BrowserSelenium] EXIT --> (_getByLocator)
17:17:28,320 INFO  [BrowserSelenium] ENTER --> (_getByLocator)
17:17:28,320 INFO  [BrowserSelenium] (_getByLocator) -> Getting locator for null
17:17:28,320 INFO  [BrowserSelenium] (_getByLocator) -> Locator info found for XPATH attribute as: //a[@href='/jbilling/config/index']
17:17:28,320 INFO  [BrowserSelenium] ENTER --> (_parseElementOnXpath)
17:17:28,320 INFO  [BrowserSelenium] (_parseElementOnXpath) -> //a[@href='/jbilling/config/index'] is used
17:17:28,320 INFO  [BrowserSelenium] EXIT --> (_parseElementOnXpath)
17:17:28,320 INFO  [BrowserSelenium] EXIT --> (_getByLocator)
17:17:28,350 INFO  [BrowserSelenium] ENTER --> (_getByLocator)
17:17:28,350 INFO  [BrowserSelenium] (_getByLocator) -> Getting locator for null
17:17:28,350 INFO  [BrowserSelenium] (_getByLocator) -> Locator info found for XPATH attribute as: //a[@href='/jbilling/config/index']
17:17:28,350 INFO  [BrowserSelenium] ENTER --> (_parseElementOnXpath)
17:17:28,350 INFO  [BrowserSelenium] (_parseElementOnXpath) -> //a[@href='/jbilling/config/index'] is used
17:17:28,350 INFO  [BrowserSelenium] EXIT --> (_parseElementOnXpath)
17:17:28,350 INFO  [BrowserSelenium] EXIT --> (_getByLocator)
17:17:28,370 INFO  [BrowserSelenium] ENTER --> (_getByLocator)
17:17:28,370 INFO  [BrowserSelenium] (_getByLocator) -> Getting locator for null
17:17:28,370 INFO  [BrowserSelenium] (_getByLocator) -> Locator info found for XPATH attribute as: //a[@href='/jbilling/config/index']
17:17:28,370 INFO  [BrowserSelenium] ENTER --> (_parseElementOnXpath)
17:17:28,370 INFO  [BrowserSelenium] (_parseElementOnXpath) -> //a[@href='/jbilling/config/index'] is used
17:17:28,370 INFO  [BrowserSelenium] EXIT --> (_parseElementOnXpath)
17:17:28,370 INFO  [BrowserSelenium] EXIT --> (_getByLocator)
17:17:28,400 INFO  [BrowserSelenium] ENTER --> (_getByLocator)
17:17:28,400 INFO  [BrowserSelenium] (_getByLocator) -> Getting locator for null
17:17:28,400 INFO  [BrowserSelenium] (_getByLocator) -> Locator info found for XPATH attribute as: //a[@href='/jbilling/config/index']
17:17:28,400 INFO  [BrowserSelenium] ENTER --> (_parseElementOnXpath)
17:17:28,400 INFO  [BrowserSelenium] (_parseElementOnXpath) -> //a[@href='/jbilling/config/index'] is used
17:17:28,400 INFO  [BrowserSelenium] EXIT --> (_parseElementOnXpath)
17:17:28,400 INFO  [BrowserSelenium] EXIT --> (_getByLocator)
17:17:28,420 INFO  [BrowserSelenium] ENTER --> (_getByLocator)
17:17:28,420 INFO  [BrowserSelenium] (_getByLocator) -> Getting locator for null
17:17:28,420 INFO  [BrowserSelenium] (_getByLocator) -> Locator info found for XPATH attribute as: //a[@href='/jbilling/config/index']
17:17:28,420 INFO  [BrowserSelenium] ENTER --> (_parseElementOnXpath)
17:17:28,420 INFO  [BrowserSelenium] (_parseElementOnXpath) -> //a[@href='/jbilling/config/index'] is used
17:17:28,420 INFO  [BrowserSelenium] EXIT --> (_parseElementOnXpath)
17:17:28,420 INFO  [BrowserSelenium] EXIT --> (_getByLocator)
17:17:28,450 INFO  [BrowserSelenium] ENTER --> (_getByLocator)
17:17:28,450 INFO  [BrowserSelenium] (_getByLocator) -> Getting locator for null
17:17:28,460 INFO  [BrowserSelenium] (_getByLocator) -> Locator info found for XPATH attribute as: //a[@href='/jbilling/config/index']
17:17:28,460 INFO  [BrowserSelenium] ENTER --> (_parseElementOnXpath)
17:17:28,460 INFO  [BrowserSelenium] (_parseElementOnXpath) -> //a[@href='/jbilling/config/index'] is used
17:17:28,460 INFO  [BrowserSelenium] EXIT --> (_parseElementOnXpath)
17:17:28,460 INFO  [BrowserSelenium] EXIT --> (_getByLocator)
17:17:28,480 INFO  [BrowserSelenium] ENTER --> (_getByLocator)
17:17:28,480 INFO  [BrowserSelenium] (_getByLocator) -> Getting locator for null
17:17:28,480 INFO  [BrowserSelenium] (_getByLocator) -> Locator info found for XPATH attribute as: //a[@href='/jbilling/config/index']
17:17:28,480 INFO  [BrowserSelenium] ENTER --> (_parseElementOnXpath)
17:17:28,480 INFO  [BrowserSelenium] (_parseElementOnXpath) -> //a[@href='/jbilling/config/index'] is used
17:17:28,480 INFO  [BrowserSelenium] EXIT --> (_parseElementOnXpath)
17:17:28,480 INFO  [BrowserSelenium] EXIT --> (_getByLocator)
17:17:28,500 INFO  [BrowserSelenium] ENTER --> (_getByLocator)
17:17:28,500 INFO  [BrowserSelenium] (_getByLocator) -> Getting locator for null
17:17:28,500 INFO  [BrowserSelenium] (_getByLocator) -> Locator info found for XPATH attribute as: //a[@href='/jbilling/config/index']
17:17:28,500 INFO  [BrowserSelenium] ENTER --> (_parseElementOnXpath)
17:17:28,500 INFO  [BrowserSelenium] (_parseElementOnXpath) -> //a[@href='/jbilling/config/index'] is used
17:17:28,500 INFO  [BrowserSelenium] EXIT --> (_parseElementOnXpath)
17:17:28,500 INFO  [BrowserSelenium] EXIT --> (_getByLocator)
17:17:28,530 INFO  [BrowserSelenium] ENTER --> (_getByLocator)
17:17:28,530 INFO  [BrowserSelenium] (_getByLocator) -> Getting locator for null
17:17:28,530 INFO  [BrowserSelenium] (_getByLocator) -> Locator info found for XPATH attribute as: //a[@href='/jbilling/config/index']
17:17:28,530 INFO  [BrowserSelenium] ENTER --> (_parseElementOnXpath)
17:17:28,530 INFO  [BrowserSelenium] (_parseElementOnXpath) -> //a[@href='/jbilling/config/index'] is used
17:17:28,530 INFO  [BrowserSelenium] EXIT --> (_parseElementOnXpath)
17:17:28,530 INFO  [BrowserSelenium] EXIT --> (_getByLocator)
17:17:28,550 INFO  [BrowserSelenium] ENTER --> (_getByLocator)
17:17:28,550 INFO  [BrowserSelenium] (_getByLocator) -> Getting locator for null
17:17:28,550 INFO  [BrowserSelenium] (_getByLocator) -> Locator info found for XPATH attribute as: //a[@href='/jbilling/config/index']
17:17:28,550 INFO  [BrowserSelenium] ENTER --> (_parseElementOnXpath)
17:17:28,550 INFO  [BrowserSelenium] (_parseElementOnXpath) -> //a[@href='/jbilling/config/index'] is used
17:17:28,550 INFO  [BrowserSelenium] EXIT --> (_parseElementOnXpath)
17:17:28,550 INFO  [BrowserSelenium] EXIT --> (_getByLocator)
17:17:28,580 INFO  [BrowserSelenium] ENTER --> (_getByLocator)
17:17:28,580 INFO  [BrowserSelenium] (_getByLocator) -> Getting locator for null
17:17:28,580 INFO  [BrowserSelenium] (_getByLocator) -> Locator info found for XPATH attribute as: //a[@href='/jbilling/config/index']
17:17:28,580 INFO  [BrowserSelenium] ENTER --> (_parseElementOnXpath)
17:17:28,580 INFO  [BrowserSelenium] (_parseElementOnXpath) -> //a[@href='/jbilling/config/index'] is used
17:17:28,580 INFO  [BrowserSelenium] EXIT --> (_parseElementOnXpath)
17:17:28,580 INFO  [BrowserSelenium] EXIT --> (_getByLocator)
17:17:28,600 INFO  [BrowserSelenium] ENTER --> (_getByLocator)
17:17:28,600 INFO  [BrowserSelenium] (_getByLocator) -> Getting locator for null
17:17:28,600 INFO  [BrowserSelenium] (_getByLocator) -> Locator info found for XPATH attribute as: //a[@href='/jbilling/config/index']
17:17:28,600 INFO  [BrowserSelenium] ENTER --> (_parseElementOnXpath)
17:17:28,600 INFO  [BrowserSelenium] (_parseElementOnXpath) -> //a[@href='/jbilling/config/index'] is used
17:17:28,600 INFO  [BrowserSelenium] EXIT --> (_parseElementOnXpath)
17:17:28,600 INFO  [BrowserSelenium] EXIT --> (_getByLocator)
17:17:28,620 INFO  [BrowserSelenium] ENTER --> (_getByLocator)
17:17:28,630 INFO  [BrowserSelenium] (_getByLocator) -> Getting locator for null
17:17:28,630 INFO  [BrowserSelenium] (_getByLocator) -> Locator info found for XPATH attribute as: //a[@href='/jbilling/config/index']
17:17:28,630 INFO  [BrowserSelenium] ENTER --> (_parseElementOnXpath)
17:17:28,630 INFO  [BrowserSelenium] (_parseElementOnXpath) -> //a[@href='/jbilling/config/index'] is used
17:17:28,630 INFO  [BrowserSelenium] EXIT --> (_parseElementOnXpath)
17:17:28,630 INFO  [BrowserSelenium] EXIT --> (_getByLocator)
17:17:28,660 INFO  [BrowserSelenium] ENTER --> (_getByLocator)
17:17:28,660 INFO  [BrowserSelenium] (_getByLocator) -> Getting locator for null
17:17:28,660 INFO  [BrowserSelenium] (_getByLocator) -> Locator info found for XPATH attribute as: //a[@href='/jbilling/config/index']
17:17:28,660 INFO  [BrowserSelenium] ENTER --> (_parseElementOnXpath)
17:17:28,660 INFO  [BrowserSelenium] (_parseElementOnXpath) -> //a[@href='/jbilling/config/index'] is used
17:17:28,660 INFO  [BrowserSelenium] EXIT --> (_parseElementOnXpath)
17:17:28,660 INFO  [BrowserSelenium] EXIT --> (_getByLocator)
17:17:28,690 INFO  [BrowserSelenium] ENTER --> (_getByLocator)
17:17:28,690 INFO  [BrowserSelenium] (_getByLocator) -> Getting locator for null
17:17:28,690 INFO  [BrowserSelenium] (_getByLocator) -> Locator info found for XPATH attribute as: //a[@href='/jbilling/config/index']
17:17:28,690 INFO  [BrowserSelenium] ENTER --> (_parseElementOnXpath)
17:17:28,690 INFO  [BrowserSelenium] (_parseElementOnXpath) -> //a[@href='/jbilling/config/index'] is used
17:17:28,690 INFO  [BrowserSelenium] EXIT --> (_parseElementOnXpath)
17:17:28,690 INFO  [BrowserSelenium] EXIT --> (_getByLocator)
17:17:28,710 INFO  [BrowserSelenium] ENTER --> (_getByLocator)
17:17:28,710 INFO  [BrowserSelenium] (_getByLocator) -> Getting locator for null
17:17:28,710 INFO  [BrowserSelenium] (_getByLocator) -> Locator info found for XPATH attribute as: //a[@href='/jbilling/config/index']
17:17:28,710 INFO  [BrowserSelenium] ENTER --> (_parseElementOnXpath)
17:17:28,720 INFO  [BrowserSelenium] (_parseElementOnXpath) -> //a[@href='/jbilling/config/index'] is used
17:17:28,720 INFO  [BrowserSelenium] EXIT --> (_parseElementOnXpath)
17:17:28,720 INFO  [BrowserSelenium] EXIT --> (_getByLocator)
17:17:28,740 INFO  [BrowserSelenium] ENTER --> (_getByLocator)
17:17:28,740 INFO  [BrowserSelenium] (_getByLocator) -> Getting locator for null
17:17:28,740 INFO  [BrowserSelenium] (_getByLocator) -> Locator info found for XPATH attribute as: //a[@href='/jbilling/config/index']
17:17:28,740 INFO  [BrowserSelenium] ENTER --> (_parseElementOnXpath)
17:17:28,740 INFO  [BrowserSelenium] (_parseElementOnXpath) -> //a[@href='/jbilling/config/index'] is used
17:17:28,740 INFO  [BrowserSelenium] EXIT --> (_parseElementOnXpath)
17:17:28,740 INFO  [BrowserSelenium] EXIT --> (_getByLocator)
17:17:28,770 INFO  [BrowserSelenium] ENTER --> (_getByLocator)
17:17:28,770 INFO  [BrowserSelenium] (_getByLocator) -> Getting locator for null
17:17:28,770 INFO  [BrowserSelenium] (_getByLocator) -> Locator info found for XPATH attribute as: //a[@href='/jbilling/config/index']
17:17:28,770 INFO  [BrowserSelenium] ENTER --> (_parseElementOnXpath)
17:17:28,770 INFO  [BrowserSelenium] (_parseElementOnXpath) -> //a[@href='/jbilling/config/index'] is used
17:17:28,770 INFO  [BrowserSelenium] EXIT --> (_parseElementOnXpath)
17:17:28,770 INFO  [BrowserSelenium] EXIT --> (_getByLocator)
17:17:28,790 INFO  [BrowserSelenium] ENTER --> (_getByLocator)
17:17:28,790 INFO  [BrowserSelenium] (_getByLocator) -> Getting locator for null
17:17:28,790 INFO  [BrowserSelenium] (_getByLocator) -> Locator info found for XPATH attribute as: //a[@href='/jbilling/config/index']
17:17:28,790 INFO  [BrowserSelenium] ENTER --> (_parseElementOnXpath)
17:17:28,790 INFO  [BrowserSelenium] (_parseElementOnXpath) -> //a[@href='/jbilling/config/index'] is used
17:17:28,790 INFO  [BrowserSelenium] EXIT --> (_parseElementOnXpath)
17:17:28,790 INFO  [BrowserSelenium] EXIT --> (_getByLocator)
17:17:28,820 INFO  [BrowserSelenium] ENTER --> (_getByLocator)
17:17:28,820 INFO  [BrowserSelenium] (_getByLocator) -> Getting locator for null
17:17:28,820 INFO  [BrowserSelenium] (_getByLocator) -> Locator info found for XPATH attribute as: //a[@href='/jbilling/config/index']
17:17:28,820 INFO  [BrowserSelenium] ENTER --> (_parseElementOnXpath)
17:17:28,820 INFO  [BrowserSelenium] (_parseElementOnXpath) -> //a[@href='/jbilling/config/index'] is used
17:17:28,820 INFO  [BrowserSelenium] EXIT --> (_parseElementOnXpath)
17:17:28,820 INFO  [BrowserSelenium] EXIT --> (_getByLocator)
17:17:28,840 INFO  [BrowserSelenium] ENTER --> (_getByLocator)
17:17:28,840 INFO  [BrowserSelenium] (_getByLocator) -> Getting locator for null
17:17:28,840 INFO  [BrowserSelenium] (_getByLocator) -> Locator info found for XPATH attribute as: //a[@href='/jbilling/config/index']
17:17:28,840 INFO  [BrowserSelenium] ENTER --> (_parseElementOnXpath)
17:17:28,840 INFO  [BrowserSelenium] (_parseElementOnXpath) -> //a[@href='/jbilling/config/index'] is used
17:17:28,840 INFO  [BrowserSelenium] EXIT --> (_parseElementOnXpath)
17:17:28,840 INFO  [BrowserSelenium] EXIT --> (_getByLocator)
17:17:28,880 INFO  [BrowserSelenium] ENTER --> (_getByLocator)
17:17:28,880 INFO  [BrowserSelenium] (_getByLocator) -> Getting locator for null
17:17:28,880 INFO  [BrowserSelenium] (_getByLocator) -> Locator info found for XPATH attribute as: //a[@href='/jbilling/config/index']
17:17:28,880 INFO  [BrowserSelenium] ENTER --> (_parseElementOnXpath)
17:17:28,880 INFO  [BrowserSelenium] (_parseElementOnXpath) -> //a[@href='/jbilling/config/index'] is used
17:17:28,880 INFO  [BrowserSelenium] EXIT --> (_parseElementOnXpath)
17:17:28,880 INFO  [BrowserSelenium] EXIT --> (_getByLocator)
17:17:28,900 INFO  [BrowserSelenium] ENTER --> (_getByLocator)
17:17:28,900 INFO  [BrowserSelenium] (_getByLocator) -> Getting locator for null
17:17:28,900 INFO  [BrowserSelenium] (_getByLocator) -> Locator info found for XPATH attribute as: //a[@href='/jbilling/config/index']
17:17:28,900 INFO  [BrowserSelenium] ENTER --> (_parseElementOnXpath)
17:17:28,900 INFO  [BrowserSelenium] (_parseElementOnXpath) -> //a[@href='/jbilling/config/index'] is used
17:17:28,900 INFO  [BrowserSelenium] EXIT --> (_parseElementOnXpath)
17:17:28,900 INFO  [BrowserSelenium] EXIT --> (_getByLocator)
17:17:28,920 INFO  [BrowserSelenium] ENTER --> (_getByLocator)
17:17:28,920 INFO  [BrowserSelenium] (_getByLocator) -> Getting locator for null
17:17:28,920 INFO  [BrowserSelenium] (_getByLocator) -> Locator info found for XPATH attribute as: //a[@href='/jbilling/config/index']
17:17:28,920 INFO  [BrowserSelenium] ENTER --> (_parseElementOnXpath)
17:17:28,920 INFO  [BrowserSelenium] (_parseElementOnXpath) -> //a[@href='/jbilling/config/index'] is used
17:17:28,920 INFO  [BrowserSelenium] EXIT --> (_parseElementOnXpath)
17:17:28,920 INFO  [BrowserSelenium] EXIT --> (_getByLocator)
17:17:28,940 INFO  [BrowserSelenium] ENTER --> (_getByLocator)
17:17:28,940 INFO  [BrowserSelenium] (_getByLocator) -> Getting locator for null
17:17:28,940 INFO  [BrowserSelenium] (_getByLocator) -> Locator info found for XPATH attribute as: //a[@href='/jbilling/config/index']
17:17:28,940 INFO  [BrowserSelenium] ENTER --> (_parseElementOnXpath)
17:17:28,940 INFO  [BrowserSelenium] (_parseElementOnXpath) -> //a[@href='/jbilling/config/index'] is used
17:17:28,940 INFO  [BrowserSelenium] EXIT --> (_parseElementOnXpath)
17:17:28,940 INFO  [BrowserSelenium] EXIT --> (_getByLocator)
17:17:28,960 INFO  [BrowserSelenium] ENTER --> (_getByLocator)
17:17:28,960 INFO  [BrowserSelenium] (_getByLocator) -> Getting locator for null
17:17:28,960 INFO  [BrowserSelenium] (_getByLocator) -> Locator info found for XPATH attribute as: //a[@href='/jbilling/config/index']
17:17:28,960 INFO  [BrowserSelenium] ENTER --> (_parseElementOnXpath)
17:17:28,960 INFO  [BrowserSelenium] (_parseElementOnXpath) -> //a[@href='/jbilling/config/index'] is used
17:17:28,960 INFO  [BrowserSelenium] EXIT --> (_parseElementOnXpath)
17:17:28,960 INFO  [BrowserSelenium] EXIT --> (_getByLocator)
17:17:28,980 INFO  [BrowserSelenium] ENTER --> (_getByLocator)
17:17:28,980 INFO  [BrowserSelenium] (_getByLocator) -> Getting locator for null
17:17:28,980 INFO  [BrowserSelenium] (_getByLocator) -> Locator info found for XPATH attribute as: //a[@href='/jbilling/config/index']
17:17:28,980 INFO  [BrowserSelenium] ENTER --> (_parseElementOnXpath)
17:17:28,980 INFO  [BrowserSelenium] (_parseElementOnXpath) -> //a[@href='/jbilling/config/index'] is used
17:17:28,980 INFO  [BrowserSelenium] EXIT --> (_parseElementOnXpath)
17:17:28,980 INFO  [BrowserSelenium] EXIT --> (_getByLocator)
17:17:29,010 INFO  [BrowserSelenium] ENTER --> (_getByLocator)
17:17:29,010 INFO  [BrowserSelenium] (_getByLocator) -> Getting locator for null
17:17:29,010 INFO  [BrowserSelenium] (_getByLocator) -> Locator info found for XPATH attribute as: //a[@href='/jbilling/config/index']
17:17:29,010 INFO  [BrowserSelenium] ENTER --> (_parseElementOnXpath)
17:17:29,010 INFO  [BrowserSelenium] (_parseElementOnXpath) -> //a[@href='/jbilling/config/index'] is used
17:17:29,010 INFO  [BrowserSelenium] EXIT --> (_parseElementOnXpath)
17:17:29,010 INFO  [BrowserSelenium] EXIT --> (_getByLocator)
17:17:29,030 INFO  [BrowserSelenium] ENTER --> (_getByLocator)
17:17:29,030 INFO  [BrowserSelenium] (_getByLocator) -> Getting locator for null
17:17:29,030 INFO  [BrowserSelenium] (_getByLocator) -> Locator info found for XPATH attribute as: //a[@href='/jbilling/config/index']
17:17:29,030 INFO  [BrowserSelenium] ENTER --> (_parseElementOnXpath)
17:17:29,030 INFO  [BrowserSelenium] (_parseElementOnXpath) -> //a[@href='/jbilling/config/index'] is used
17:17:29,030 INFO  [BrowserSelenium] EXIT --> (_parseElementOnXpath)
17:17:29,030 INFO  [BrowserSelenium] EXIT --> (_getByLocator)
17:17:29,050 INFO  [BrowserSelenium] ENTER --> (_getByLocator)
17:17:29,050 INFO  [BrowserSelenium] (_getByLocator) -> Getting locator for null
17:17:29,050 INFO  [BrowserSelenium] (_getByLocator) -> Locator info found for XPATH attribute as: //a[@href='/jbilling/config/index']
17:17:29,050 INFO  [BrowserSelenium] ENTER --> (_parseElementOnXpath)
17:17:29,050 INFO  [BrowserSelenium] (_parseElementOnXpath) -> //a[@href='/jbilling/config/index'] is used
17:17:29,050 INFO  [BrowserSelenium] EXIT --> (_parseElementOnXpath)
17:17:29,050 INFO  [BrowserSelenium] EXIT --> (_getByLocator)
17:17:29,090 INFO  [BrowserSelenium] ENTER --> (_getByLocator)
17:17:29,090 INFO  [BrowserSelenium] (_getByLocator) -> Getting locator for null
17:17:29,090 INFO  [BrowserSelenium] (_getByLocator) -> Locator info found for XPATH attribute as: //a[@href='/jbilling/config/index']
17:17:29,090 INFO  [BrowserSelenium] ENTER --> (_parseElementOnXpath)
17:17:29,090 INFO  [BrowserSelenium] (_parseElementOnXpath) -> //a[@href='/jbilling/config/index'] is used
17:17:29,090 INFO  [BrowserSelenium] EXIT --> (_parseElementOnXpath)
17:17:29,090 INFO  [BrowserSelenium] EXIT --> (_getByLocator)
17:17:29,110 INFO  [BrowserSelenium] ENTER --> (_getByLocator)
17:17:29,110 INFO  [BrowserSelenium] (_getByLocator) -> Getting locator for null
17:17:29,110 INFO  [BrowserSelenium] (_getByLocator) -> Locator info found for XPATH attribute as: //a[@href='/jbilling/config/index']
17:17:29,110 INFO  [BrowserSelenium] ENTER --> (_parseElementOnXpath)
17:17:29,110 INFO  [BrowserSelenium] (_parseElementOnXpath) -> //a[@href='/jbilling/config/index'] is used
17:17:29,110 INFO  [BrowserSelenium] EXIT --> (_parseElementOnXpath)
17:17:29,110 INFO  [BrowserSelenium] EXIT --> (_getByLocator)
17:17:29,130 INFO  [BrowserSelenium] ENTER --> (_getByLocator)
17:17:29,130 INFO  [BrowserSelenium] (_getByLocator) -> Getting locator for null
17:17:29,130 INFO  [BrowserSelenium] (_getByLocator) -> Locator info found for XPATH attribute as: //a[@href='/jbilling/config/index']
17:17:29,130 INFO  [BrowserSelenium] ENTER --> (_parseElementOnXpath)
17:17:29,130 INFO  [BrowserSelenium] (_parseElementOnXpath) -> //a[@href='/jbilling/config/index'] is used
17:17:29,130 INFO  [BrowserSelenium] EXIT --> (_parseElementOnXpath)
17:17:29,130 INFO  [BrowserSelenium] EXIT --> (_getByLocator)
17:17:29,150 INFO  [BrowserSelenium] ENTER --> (_getByLocator)
17:17:29,160 INFO  [BrowserSelenium] (_getByLocator) -> Getting locator for null
17:17:29,160 INFO  [BrowserSelenium] (_getByLocator) -> Locator info found for XPATH attribute as: //a[@href='/jbilling/config/index']
17:17:29,160 INFO  [BrowserSelenium] ENTER --> (_parseElementOnXpath)
17:17:29,160 INFO  [BrowserSelenium] (_parseElementOnXpath) -> //a[@href='/jbilling/config/index'] is used
17:17:29,160 INFO  [BrowserSelenium] EXIT --> (_parseElementOnXpath)
17:17:29,160 INFO  [BrowserSelenium] EXIT --> (_getByLocator)
17:17:29,180 INFO  [BrowserSelenium] ENTER --> (_getByLocator)
17:17:29,180 INFO  [BrowserSelenium] (_getByLocator) -> Getting locator for null
17:17:29,180 INFO  [BrowserSelenium] (_getByLocator) -> Locator info found for XPATH attribute as: //a[@href='/jbilling/config/index']
17:17:29,180 INFO  [BrowserSelenium] ENTER --> (_parseElementOnXpath)
17:17:29,180 INFO  [BrowserSelenium] (_parseElementOnXpath) -> //a[@href='/jbilling/config/index'] is used
17:17:29,180 INFO  [BrowserSelenium] EXIT --> (_parseElementOnXpath)
17:17:29,180 INFO  [BrowserSelenium] EXIT --> (_getByLocator)
17:17:29,210 INFO  [BrowserSelenium] ENTER --> (_getByLocator)
17:17:29,210 INFO  [BrowserSelenium] (_getByLocator) -> Getting locator for null
17:17:29,210 INFO  [BrowserSelenium] (_getByLocator) -> Locator info found for XPATH attribute as: //a[@href='/jbilling/config/index']
17:17:29,210 INFO  [BrowserSelenium] ENTER --> (_parseElementOnXpath)
17:17:29,210 INFO  [BrowserSelenium] (_parseElementOnXpath) -> //a[@href='/jbilling/config/index'] is used
17:17:29,210 INFO  [BrowserSelenium] EXIT --> (_parseElementOnXpath)
17:17:29,210 INFO  [BrowserSelenium] EXIT --> (_getByLocator)
17:17:29,230 INFO  [BrowserSelenium] ENTER --> (_getByLocator)
17:17:29,230 INFO  [BrowserSelenium] (_getByLocator) -> Getting locator for null
17:17:29,230 INFO  [BrowserSelenium] (_getByLocator) -> Locator info found for XPATH attribute as: //a[@href='/jbilling/config/index']
17:17:29,230 INFO  [BrowserSelenium] ENTER --> (_parseElementOnXpath)
17:17:29,230 INFO  [BrowserSelenium] (_parseElementOnXpath) -> //a[@href='/jbilling/config/index'] is used
17:17:29,230 INFO  [BrowserSelenium] EXIT --> (_parseElementOnXpath)
17:17:29,230 INFO  [BrowserSelenium] EXIT --> (_getByLocator)
17:17:29,260 INFO  [BrowserSelenium] ENTER --> (_getByLocator)
17:17:29,260 INFO  [BrowserSelenium] (_getByLocator) -> Getting locator for null
17:17:29,260 INFO  [BrowserSelenium] (_getByLocator) -> Locator info found for XPATH attribute as: //a[@href='/jbilling/config/index']
17:17:29,260 INFO  [BrowserSelenium] ENTER --> (_parseElementOnXpath)
17:17:29,260 INFO  [BrowserSelenium] (_parseElementOnXpath) -> //a[@href='/jbilling/config/index'] is used
17:17:29,260 INFO  [BrowserSelenium] EXIT --> (_parseElementOnXpath)
17:17:29,260 INFO  [BrowserSelenium] EXIT --> (_getByLocator)
17:17:29,290 INFO  [BrowserSelenium] ENTER --> (_getByLocator)
17:17:29,290 INFO  [BrowserSelenium] (_getByLocator) -> Getting locator for null
17:17:29,290 INFO  [BrowserSelenium] (_getByLocator) -> Locator info found for XPATH attribute as: //a[@href='/jbilling/config/index']
17:17:29,290 INFO  [BrowserSelenium] ENTER --> (_parseElementOnXpath)
17:17:29,290 INFO  [BrowserSelenium] (_parseElementOnXpath) -> //a[@href='/jbilling/config/index'] is used
17:17:29,290 INFO  [BrowserSelenium] EXIT --> (_parseElementOnXpath)
17:17:29,290 INFO  [BrowserSelenium] EXIT --> (_getByLocator)
17:17:29,328 INFO  [BrowserSelenium] ENTER --> (_getByLocator)
17:17:29,328 INFO  [BrowserSelenium] (_getByLocator) -> Getting locator for null
17:17:29,329 INFO  [BrowserSelenium] (_getByLocator) -> Locator info found for XPATH attribute as: //a[@href='/jbilling/config/index']
17:17:29,329 INFO  [BrowserSelenium] ENTER --> (_parseElementOnXpath)
17:17:29,329 INFO  [BrowserSelenium] (_parseElementOnXpath) -> //a[@href='/jbilling/config/index'] is used
17:17:29,329 INFO  [BrowserSelenium] EXIT --> (_parseElementOnXpath)
17:17:29,329 INFO  [BrowserSelenium] EXIT --> (_getByLocator)
17:17:29,359 INFO  [BrowserSelenium] ENTER --> (_getByLocator)
17:17:29,359 INFO  [BrowserSelenium] (_getByLocator) -> Getting locator for null
17:17:29,359 INFO  [BrowserSelenium] (_getByLocator) -> Locator info found for XPATH attribute as: //a[@href='/jbilling/config/index']
17:17:29,359 INFO  [BrowserSelenium] ENTER --> (_parseElementOnXpath)
17:17:29,360 INFO  [BrowserSelenium] (_parseElementOnXpath) -> //a[@href='/jbilling/config/index'] is used
17:17:29,360 INFO  [BrowserSelenium] EXIT --> (_parseElementOnXpath)
17:17:29,360 INFO  [BrowserSelenium] EXIT --> (_getByLocator)
17:17:29,391 INFO  [BrowserSelenium] ENTER --> (_getByLocator)
17:17:29,391 INFO  [BrowserSelenium] (_getByLocator) -> Getting locator for null
17:17:29,391 INFO  [BrowserSelenium] (_getByLocator) -> Locator info found for XPATH attribute as: //a[@href='/jbilling/config/index']
17:17:29,392 INFO  [BrowserSelenium] ENTER --> (_parseElementOnXpath)
17:17:29,392 INFO  [BrowserSelenium] (_parseElementOnXpath) -> //a[@href='/jbilling/config/index'] is used
17:17:29,392 INFO  [BrowserSelenium] EXIT --> (_parseElementOnXpath)
17:17:29,392 INFO  [BrowserSelenium] EXIT --> (_getByLocator)
17:17:29,419 INFO  [BrowserSelenium] ENTER --> (_getByLocator)
17:17:29,420 INFO  [BrowserSelenium] (_getByLocator) -> Getting locator for null
17:17:29,420 INFO  [BrowserSelenium] (_getByLocator) -> Locator info found for XPATH attribute as: //a[@href='/jbilling/config/index']
17:17:29,420 INFO  [BrowserSelenium] ENTER --> (_parseElementOnXpath)
17:17:29,420 INFO  [BrowserSelenium] (_parseElementOnXpath) -> //a[@href='/jbilling/config/index'] is used
17:17:29,420 INFO  [BrowserSelenium] EXIT --> (_parseElementOnXpath)
17:17:29,421 INFO  [BrowserSelenium] EXIT --> (_getByLocator)
17:17:29,446 INFO  [BrowserSelenium] ENTER --> (_getByLocator)
17:17:29,446 INFO  [BrowserSelenium] (_getByLocator) -> Getting locator for null
17:17:29,447 INFO  [BrowserSelenium] (_getByLocator) -> Locator info found for XPATH attribute as: //a[@href='/jbilling/config/index']
17:17:29,447 INFO  [BrowserSelenium] ENTER --> (_parseElementOnXpath)
17:17:29,447 INFO  [BrowserSelenium] (_parseElementOnXpath) -> //a[@href='/jbilling/config/index'] is used
17:17:29,447 INFO  [BrowserSelenium] EXIT --> (_parseElementOnXpath)
17:17:29,447 INFO  [BrowserSelenium] EXIT --> (_getByLocator)
17:17:29,473 INFO  [BrowserSelenium] ENTER --> (_getByLocator)
17:17:29,474 INFO  [BrowserSelenium] (_getByLocator) -> Getting locator for null
17:17:29,474 INFO  [BrowserSelenium] (_getByLocator) -> Locator info found for XPATH attribute as: //a[@href='/jbilling/config/index']
17:17:29,474 INFO  [BrowserSelenium] ENTER --> (_parseElementOnXpath)
17:17:29,474 INFO  [BrowserSelenium] (_parseElementOnXpath) -> //a[@href='/jbilling/config/index'] is used
17:17:29,474 INFO  [BrowserSelenium] EXIT --> (_parseElementOnXpath)
17:17:29,475 INFO  [BrowserSelenium] EXIT --> (_getByLocator)
17:17:29,503 INFO  [BrowserSelenium] ENTER --> (_getByLocator)
17:17:29,503 INFO  [BrowserSelenium] (_getByLocator) -> Getting locator for null
17:17:29,503 INFO  [BrowserSelenium] (_getByLocator) -> Locator info found for XPATH attribute as: //a[@href='/jbilling/config/index']
17:17:29,504 INFO  [BrowserSelenium] ENTER --> (_parseElementOnXpath)
17:17:29,504 INFO  [BrowserSelenium] (_parseElementOnXpath) -> //a[@href='/jbilling/config/index'] is used
17:17:29,504 INFO  [BrowserSelenium] EXIT --> (_parseElementOnXpath)
17:17:29,504 INFO  [BrowserSelenium] EXIT --> (_getByLocator)
17:17:29,522 INFO  [BrowserSelenium] ENTER --> (_getByLocator)
17:17:29,522 INFO  [BrowserSelenium] (_getByLocator) -> Getting locator for null
17:17:29,522 INFO  [BrowserSelenium] (_getByLocator) -> Locator info found for XPATH attribute as: //a[@href='/jbilling/config/index']
17:17:29,522 INFO  [BrowserSelenium] ENTER --> (_parseElementOnXpath)
17:17:29,522 INFO  [BrowserSelenium] (_parseElementOnXpath) -> //a[@href='/jbilling/config/index'] is used
17:17:29,522 INFO  [BrowserSelenium] EXIT --> (_parseElementOnXpath)
17:17:29,522 INFO  [BrowserSelenium] EXIT --> (_getByLocator)
17:17:29,552 INFO  [BrowserSelenium] ENTER --> (_getByLocator)
17:17:29,552 INFO  [BrowserSelenium] (_getByLocator) -> Getting locator for null
17:17:29,552 INFO  [BrowserSelenium] (_getByLocator) -> Locator info found for XPATH attribute as: //a[@href='/jbilling/config/index']
17:17:29,552 INFO  [BrowserSelenium] ENTER --> (_parseElementOnXpath)
17:17:29,552 INFO  [BrowserSelenium] (_parseElementOnXpath) -> //a[@href='/jbilling/config/index'] is used
17:17:29,552 INFO  [BrowserSelenium] EXIT --> (_parseElementOnXpath)
17:17:29,552 INFO  [BrowserSelenium] EXIT --> (_getByLocator)
17:17:29,572 INFO  [BrowserSelenium] ENTER --> (_getByLocator)
17:17:29,572 INFO  [BrowserSelenium] (_getByLocator) -> Getting locator for null
17:17:29,572 INFO  [BrowserSelenium] (_getByLocator) -> Locator info found for XPATH attribute as: //a[@href='/jbilling/config/index']
17:17:29,572 INFO  [BrowserSelenium] ENTER --> (_parseElementOnXpath)
17:17:29,572 INFO  [BrowserSelenium] (_parseElementOnXpath) -> //a[@href='/jbilling/config/index'] is used
17:17:29,572 INFO  [BrowserSelenium] EXIT --> (_parseElementOnXpath)
17:17:29,572 INFO  [BrowserSelenium] EXIT --> (_getByLocator)
17:17:29,602 INFO  [BrowserSelenium] ENTER --> (_getByLocator)
17:17:29,602 INFO  [BrowserSelenium] (_getByLocator) -> Getting locator for null
17:17:29,602 INFO  [BrowserSelenium] (_getByLocator) -> Locator info found for XPATH attribute as: //a[@href='/jbilling/config/index']
17:17:29,602 INFO  [BrowserSelenium] ENTER --> (_parseElementOnXpath)
17:17:29,602 INFO  [BrowserSelenium] (_parseElementOnXpath) -> //a[@href='/jbilling/config/index'] is used
17:17:29,602 INFO  [BrowserSelenium] EXIT --> (_parseElementOnXpath)
17:17:29,602 INFO  [BrowserSelenium] EXIT --> (_getByLocator)
17:17:29,632 INFO  [BrowserSelenium] ENTER --> (_getByLocator)
17:17:29,632 INFO  [BrowserSelenium] (_getByLocator) -> Getting locator for null
17:17:29,632 INFO  [BrowserSelenium] (_getByLocator) -> Locator info found for XPATH attribute as: //a[@href='/jbilling/config/index']
17:17:29,632 INFO  [BrowserSelenium] ENTER --> (_parseElementOnXpath)
17:17:29,633 INFO  [BrowserSelenium] (_parseElementOnXpath) -> //a[@href='/jbilling/config/index'] is used
17:17:29,633 INFO  [BrowserSelenium] EXIT --> (_parseElementOnXpath)
17:17:29,633 INFO  [BrowserSelenium] EXIT --> (_getByLocator)
17:17:29,654 INFO  [BrowserSelenium] ENTER --> (_getByLocator)
17:17:29,654 INFO  [BrowserSelenium] (_getByLocator) -> Getting locator for null
17:17:29,654 INFO  [BrowserSelenium] (_getByLocator) -> Locator info found for XPATH attribute as: //a[@href='/jbilling/config/index']
17:17:29,654 INFO  [BrowserSelenium] ENTER --> (_parseElementOnXpath)
17:17:29,654 INFO  [BrowserSelenium] (_parseElementOnXpath) -> //a[@href='/jbilling/config/index'] is used
17:17:29,654 INFO  [BrowserSelenium] EXIT --> (_parseElementOnXpath)
17:17:29,654 INFO  [BrowserSelenium] EXIT --> (_getByLocator)
17:17:29,674 INFO  [BrowserSelenium] ENTER --> (_getByLocator)
17:17:29,674 INFO  [BrowserSelenium] (_getByLocator) -> Getting locator for null
17:17:29,674 INFO  [BrowserSelenium] (_getByLocator) -> Locator info found for XPATH attribute as: //a[@href='/jbilling/config/index']
17:17:29,674 INFO  [BrowserSelenium] ENTER --> (_parseElementOnXpath)
17:17:29,674 INFO  [BrowserSelenium] (_parseElementOnXpath) -> //a[@href='/jbilling/config/index'] is used
17:17:29,674 INFO  [BrowserSelenium] EXIT --> (_parseElementOnXpath)
17:17:29,674 INFO  [BrowserSelenium] EXIT --> (_getByLocator)
17:17:29,694 INFO  [BrowserSelenium] ENTER --> (_getByLocator)
17:17:29,694 INFO  [BrowserSelenium] (_getByLocator) -> Getting locator for null
17:17:29,694 INFO  [BrowserSelenium] (_getByLocator) -> Locator info found for XPATH attribute as: //a[@href='/jbilling/config/index']
17:17:29,694 INFO  [BrowserSelenium] ENTER --> (_parseElementOnXpath)
17:17:29,694 INFO  [BrowserSelenium] (_parseElementOnXpath) -> //a[@href='/jbilling/config/index'] is used
17:17:29,694 INFO  [BrowserSelenium] EXIT --> (_parseElementOnXpath)
17:17:29,694 INFO  [BrowserSelenium] EXIT --> (_getByLocator)
17:17:29,714 INFO  [BrowserSelenium] ENTER --> (_getByLocator)
17:17:29,714 INFO  [BrowserSelenium] (_getByLocator) -> Getting locator for null
17:17:29,714 INFO  [BrowserSelenium] (_getByLocator) -> Locator info found for XPATH attribute as: //a[@href='/jbilling/config/index']
17:17:29,714 INFO  [BrowserSelenium] ENTER --> (_parseElementOnXpath)
17:17:29,714 INFO  [BrowserSelenium] (_parseElementOnXpath) -> //a[@href='/jbilling/config/index'] is used
17:17:29,714 INFO  [BrowserSelenium] EXIT --> (_parseElementOnXpath)
17:17:29,714 INFO  [BrowserSelenium] EXIT --> (_getByLocator)
17:17:29,734 INFO  [BrowserSelenium] ENTER --> (_getByLocator)
17:17:29,734 INFO  [BrowserSelenium] (_getByLocator) -> Getting locator for null
17:17:29,734 INFO  [BrowserSelenium] (_getByLocator) -> Locator info found for XPATH attribute as: //a[@href='/jbilling/config/index']
17:17:29,734 INFO  [BrowserSelenium] ENTER --> (_parseElementOnXpath)
17:17:29,734 INFO  [BrowserSelenium] (_parseElementOnXpath) -> //a[@href='/jbilling/config/index'] is used
17:17:29,734 INFO  [BrowserSelenium] EXIT --> (_parseElementOnXpath)
17:17:29,734 INFO  [BrowserSelenium] EXIT --> (_getByLocator)
17:17:29,764 INFO  [BrowserSelenium] ENTER --> (_getByLocator)
17:17:29,764 INFO  [BrowserSelenium] (_getByLocator) -> Getting locator for null
17:17:29,764 INFO  [BrowserSelenium] (_getByLocator) -> Locator info found for XPATH attribute as: //a[@href='/jbilling/config/index']
17:17:29,764 INFO  [BrowserSelenium] ENTER --> (_parseElementOnXpath)
17:17:29,764 INFO  [BrowserSelenium] (_parseElementOnXpath) -> //a[@href='/jbilling/config/index'] is used
17:17:29,764 INFO  [BrowserSelenium] EXIT --> (_parseElementOnXpath)
17:17:29,764 INFO  [BrowserSelenium] EXIT --> (_getByLocator)
17:17:29,784 INFO  [BrowserSelenium] ENTER --> (_getByLocator)
17:17:29,784 INFO  [BrowserSelenium] (_getByLocator) -> Getting locator for null
17:17:29,784 INFO  [BrowserSelenium] (_getByLocator) -> Locator info found for XPATH attribute as: //a[@href='/jbilling/config/index']
17:17:29,784 INFO  [BrowserSelenium] ENTER --> (_parseElementOnXpath)
17:17:29,784 INFO  [BrowserSelenium] (_parseElementOnXpath) -> //a[@href='/jbilling/config/index'] is used
17:17:29,784 INFO  [BrowserSelenium] EXIT --> (_parseElementOnXpath)
17:17:29,784 INFO  [BrowserSelenium] EXIT --> (_getByLocator)
17:17:29,804 INFO  [BrowserSelenium] ENTER --> (_getByLocator)
17:17:29,804 INFO  [BrowserSelenium] (_getByLocator) -> Getting locator for null
17:17:29,804 INFO  [BrowserSelenium] (_getByLocator) -> Locator info found for XPATH attribute as: //a[@href='/jbilling/config/index']
17:17:29,804 INFO  [BrowserSelenium] ENTER --> (_parseElementOnXpath)
17:17:29,804 INFO  [BrowserSelenium] (_parseElementOnXpath) -> //a[@href='/jbilling/config/index'] is used
17:17:29,804 INFO  [BrowserSelenium] EXIT --> (_parseElementOnXpath)
17:17:29,804 INFO  [BrowserSelenium] EXIT --> (_getByLocator)
17:17:29,824 INFO  [BrowserSelenium] ENTER --> (_getByLocator)
17:17:29,824 INFO  [BrowserSelenium] (_getByLocator) -> Getting locator for null
17:17:29,824 INFO  [BrowserSelenium] (_getByLocator) -> Locator info found for XPATH attribute as: //a[@href='/jbilling/config/index']
17:17:29,834 INFO  [BrowserSelenium] ENTER --> (_parseElementOnXpath)
17:17:29,834 INFO  [BrowserSelenium] (_parseElementOnXpath) -> //a[@href='/jbilling/config/index'] is used
17:17:29,834 INFO  [BrowserSelenium] EXIT --> (_parseElementOnXpath)
17:17:29,834 INFO  [BrowserSelenium] EXIT --> (_getByLocator)
17:17:29,854 INFO  [BrowserSelenium] ENTER --> (_getByLocator)
17:17:29,854 INFO  [BrowserSelenium] (_getByLocator) -> Getting locator for null
17:17:29,854 INFO  [BrowserSelenium] (_getByLocator) -> Locator info found for XPATH attribute as: //a[@href='/jbilling/config/index']
17:17:29,854 INFO  [BrowserSelenium] ENTER --> (_parseElementOnXpath)
17:17:29,854 INFO  [BrowserSelenium] (_parseElementOnXpath) -> //a[@href='/jbilling/config/index'] is used
17:17:29,854 INFO  [BrowserSelenium] EXIT --> (_parseElementOnXpath)
17:17:29,854 INFO  [BrowserSelenium] EXIT --> (_getByLocator)
17:17:29,882 INFO  [BrowserSelenium] ENTER --> (_getByLocator)
17:17:29,882 INFO  [BrowserSelenium] (_getByLocator) -> Getting locator for null
17:17:29,882 INFO  [BrowserSelenium] (_getByLocator) -> Locator info found for XPATH attribute as: //a[@href='/jbilling/config/index']
17:17:29,882 INFO  [BrowserSelenium] ENTER --> (_parseElementOnXpath)
17:17:29,882 INFO  [BrowserSelenium] (_parseElementOnXpath) -> //a[@href='/jbilling/config/index'] is used
17:17:29,883 INFO  [BrowserSelenium] EXIT --> (_parseElementOnXpath)
17:17:29,883 INFO  [BrowserSelenium] EXIT --> (_getByLocator)
17:17:29,896 INFO  [BrowserSelenium] ENTER --> (_getByLocator)
17:17:29,896 INFO  [BrowserSelenium] (_getByLocator) -> Getting locator for null
17:17:29,896 INFO  [BrowserSelenium] (_getByLocator) -> Locator info found for XPATH attribute as: //a[@href='/jbilling/config/index']
17:17:29,896 INFO  [BrowserSelenium] ENTER --> (_parseElementOnXpath)
17:17:29,896 INFO  [BrowserSelenium] (_parseElementOnXpath) -> //a[@href='/jbilling/config/index'] is used
17:17:29,896 INFO  [BrowserSelenium] EXIT --> (_parseElementOnXpath)
17:17:29,896 INFO  [BrowserSelenium] EXIT --> (_getByLocator)
17:17:29,926 INFO  [BrowserSelenium] ENTER --> (_getByLocator)
17:17:29,926 INFO  [BrowserSelenium] (_getByLocator) -> Getting locator for null
17:17:29,926 INFO  [BrowserSelenium] (_getByLocator) -> Locator info found for XPATH attribute as: //a[@href='/jbilling/config/index']
17:17:29,926 INFO  [BrowserSelenium] ENTER --> (_parseElementOnXpath)
17:17:29,926 INFO  [BrowserSelenium] (_parseElementOnXpath) -> //a[@href='/jbilling/config/index'] is used
17:17:29,926 INFO  [BrowserSelenium] EXIT --> (_parseElementOnXpath)
17:17:29,926 INFO  [BrowserSelenium] EXIT --> (_getByLocator)
17:17:29,946 INFO  [BrowserSelenium] ENTER --> (_getByLocator)
17:17:29,946 INFO  [BrowserSelenium] (_getByLocator) -> Getting locator for null
17:17:29,946 INFO  [BrowserSelenium] (_getByLocator) -> Locator info found for XPATH attribute as: //a[@href='/jbilling/config/index']
17:17:29,946 INFO  [BrowserSelenium] ENTER --> (_parseElementOnXpath)
17:17:29,946 INFO  [BrowserSelenium] (_parseElementOnXpath) -> //a[@href='/jbilling/config/index'] is used
17:17:29,946 INFO  [BrowserSelenium] EXIT --> (_parseElementOnXpath)
17:17:29,946 INFO  [BrowserSelenium] EXIT --> (_getByLocator)
17:17:29,966 INFO  [BrowserSelenium] ENTER --> (_getByLocator)
17:17:29,966 INFO  [BrowserSelenium] (_getByLocator) -> Getting locator for null
17:17:29,966 INFO  [BrowserSelenium] (_getByLocator) -> Locator info found for XPATH attribute as: //a[@href='/jbilling/config/index']
17:17:29,966 INFO  [BrowserSelenium] ENTER --> (_parseElementOnXpath)
17:17:29,966 INFO  [BrowserSelenium] (_parseElementOnXpath) -> //a[@href='/jbilling/config/index'] is used
17:17:29,966 INFO  [BrowserSelenium] EXIT --> (_parseElementOnXpath)
17:17:29,966 INFO  [BrowserSelenium] EXIT --> (_getByLocator)
17:17:29,986 INFO  [BrowserSelenium] ENTER --> (_getByLocator)
17:17:29,986 INFO  [BrowserSelenium] (_getByLocator) -> Getting locator for null
17:17:29,986 INFO  [BrowserSelenium] (_getByLocator) -> Locator info found for XPATH attribute as: //a[@href='/jbilling/config/index']
17:17:29,986 INFO  [BrowserSelenium] ENTER --> (_parseElementOnXpath)
17:17:29,986 INFO  [BrowserSelenium] (_parseElementOnXpath) -> //a[@href='/jbilling/config/index'] is used
17:17:29,986 INFO  [BrowserSelenium] EXIT --> (_parseElementOnXpath)
17:17:29,986 INFO  [BrowserSelenium] EXIT --> (_getByLocator)
17:17:30,006 INFO  [BrowserSelenium] ENTER --> (_getByLocator)
17:17:30,006 INFO  [BrowserSelenium] (_getByLocator) -> Getting locator for null
17:17:30,006 INFO  [BrowserSelenium] (_getByLocator) -> Locator info found for XPATH attribute as: //a[@href='/jbilling/config/index']
17:17:30,006 INFO  [BrowserSelenium] ENTER --> (_parseElementOnXpath)
17:17:30,006 INFO  [BrowserSelenium] (_parseElementOnXpath) -> //a[@href='/jbilling/config/index'] is used
17:17:30,006 INFO  [BrowserSelenium] EXIT --> (_parseElementOnXpath)
17:17:30,006 INFO  [BrowserSelenium] EXIT --> (_getByLocator)
17:17:30,036 INFO  [BrowserSelenium] ENTER --> (_getByLocator)
17:17:30,036 INFO  [BrowserSelenium] (_getByLocator) -> Getting locator for null
17:17:30,036 INFO  [BrowserSelenium] (_getByLocator) -> Locator info found for XPATH attribute as: //a[@href='/jbilling/config/index']
17:17:30,036 INFO  [BrowserSelenium] ENTER --> (_parseElementOnXpath)
17:17:30,036 INFO  [BrowserSelenium] (_parseElementOnXpath) -> //a[@href='/jbilling/config/index'] is used
17:17:30,036 INFO  [BrowserSelenium] EXIT --> (_parseElementOnXpath)
17:17:30,036 INFO  [BrowserSelenium] EXIT --> (_getByLocator)
17:17:30,056 INFO  [BrowserSelenium] ENTER --> (_getByLocator)
17:17:30,056 INFO  [BrowserSelenium] (_getByLocator) -> Getting locator for null
17:17:30,056 INFO  [BrowserSelenium] (_getByLocator) -> Locator info found for XPATH attribute as: //a[@href='/jbilling/config/index']
17:17:30,056 INFO  [BrowserSelenium] ENTER --> (_parseElementOnXpath)
17:17:30,056 INFO  [BrowserSelenium] (_parseElementOnXpath) -> //a[@href='/jbilling/config/index'] is used
17:17:30,056 INFO  [BrowserSelenium] EXIT --> (_parseElementOnXpath)
17:17:30,056 INFO  [BrowserSelenium] EXIT --> (_getByLocator)
17:17:30,076 INFO  [BrowserSelenium] ENTER --> (_getByLocator)
17:17:30,076 INFO  [BrowserSelenium] (_getByLocator) -> Getting locator for null
17:17:30,076 INFO  [BrowserSelenium] (_getByLocator) -> Locator info found for XPATH attribute as: //a[@href='/jbilling/config/index']
17:17:30,076 INFO  [BrowserSelenium] ENTER --> (_parseElementOnXpath)
17:17:30,076 INFO  [BrowserSelenium] (_parseElementOnXpath) -> //a[@href='/jbilling/config/index'] is used
17:17:30,076 INFO  [BrowserSelenium] EXIT --> (_parseElementOnXpath)
17:17:30,076 INFO  [BrowserSelenium] EXIT --> (_getByLocator)
17:17:30,096 INFO  [BrowserSelenium] ENTER --> (_getByLocator)
17:17:30,096 INFO  [BrowserSelenium] (_getByLocator) -> Getting locator for null
17:17:30,096 INFO  [BrowserSelenium] (_getByLocator) -> Locator info found for XPATH attribute as: //a[@href='/jbilling/config/index']
17:17:30,096 INFO  [BrowserSelenium] ENTER --> (_parseElementOnXpath)
17:17:30,096 INFO  [BrowserSelenium] (_parseElementOnXpath) -> //a[@href='/jbilling/config/index'] is used
17:17:30,096 INFO  [BrowserSelenium] EXIT --> (_parseElementOnXpath)
17:17:30,096 INFO  [BrowserSelenium] EXIT --> (_getByLocator)
17:17:30,116 INFO  [BrowserSelenium] ENTER --> (_getByLocator)
17:17:30,116 INFO  [BrowserSelenium] (_getByLocator) -> Getting locator for null
17:17:30,116 INFO  [BrowserSelenium] (_getByLocator) -> Locator info found for XPATH attribute as: //a[@href='/jbilling/config/index']
17:17:30,116 INFO  [BrowserSelenium] ENTER --> (_parseElementOnXpath)
17:17:30,116 INFO  [BrowserSelenium] (_parseElementOnXpath) -> //a[@href='/jbilling/config/index'] is used
17:17:30,116 INFO  [BrowserSelenium] EXIT --> (_parseElementOnXpath)
17:17:30,116 INFO  [BrowserSelenium] EXIT --> (_getByLocator)
17:17:30,136 INFO  [BrowserSelenium] ENTER --> (_getByLocator)
17:17:30,136 INFO  [BrowserSelenium] (_getByLocator) -> Getting locator for null
17:17:30,136 INFO  [BrowserSelenium] (_getByLocator) -> Locator info found for XPATH attribute as: //a[@href='/jbilling/config/index']
17:17:30,136 INFO  [BrowserSelenium] ENTER --> (_parseElementOnXpath)
17:17:30,136 INFO  [BrowserSelenium] (_parseElementOnXpath) -> //a[@href='/jbilling/config/index'] is used
17:17:30,136 INFO  [BrowserSelenium] EXIT --> (_parseElementOnXpath)
17:17:30,136 INFO  [BrowserSelenium] EXIT --> (_getByLocator)
17:17:30,156 INFO  [BrowserSelenium] ENTER --> (_getByLocator)
17:17:30,156 INFO  [BrowserSelenium] (_getByLocator) -> Getting locator for null
17:17:30,156 INFO  [BrowserSelenium] (_getByLocator) -> Locator info found for XPATH attribute as: //a[@href='/jbilling/config/index']
17:17:30,156 INFO  [BrowserSelenium] ENTER --> (_parseElementOnXpath)
17:17:30,156 INFO  [BrowserSelenium] (_parseElementOnXpath) -> //a[@href='/jbilling/config/index'] is used
17:17:30,156 INFO  [BrowserSelenium] EXIT --> (_parseElementOnXpath)
17:17:30,156 INFO  [BrowserSelenium] EXIT --> (_getByLocator)
17:17:30,176 INFO  [BrowserSelenium] ENTER --> (_getByLocator)
17:17:30,176 INFO  [BrowserSelenium] (_getByLocator) -> Getting locator for null
17:17:30,176 INFO  [BrowserSelenium] (_getByLocator) -> Locator info found for XPATH attribute as: //a[@href='/jbilling/config/index']
17:17:30,176 INFO  [BrowserSelenium] ENTER --> (_parseElementOnXpath)
17:17:30,176 INFO  [BrowserSelenium] (_parseElementOnXpath) -> //a[@href='/jbilling/config/index'] is used
17:17:30,176 INFO  [BrowserSelenium] EXIT --> (_parseElementOnXpath)
17:17:30,176 INFO  [BrowserSelenium] EXIT --> (_getByLocator)
17:17:30,196 INFO  [BrowserSelenium] ENTER --> (_getByLocator)
17:17:30,196 INFO  [BrowserSelenium] (_getByLocator) -> Getting locator for null
17:17:30,196 INFO  [BrowserSelenium] (_getByLocator) -> Locator info found for XPATH attribute as: //a[@href='/jbilling/config/index']
17:17:30,196 INFO  [BrowserSelenium] ENTER --> (_parseElementOnXpath)
17:17:30,196 INFO  [BrowserSelenium] (_parseElementOnXpath) -> //a[@href='/jbilling/config/index'] is used
17:17:30,196 INFO  [BrowserSelenium] EXIT --> (_parseElementOnXpath)
17:17:30,196 INFO  [BrowserSelenium] EXIT --> (_getByLocator)
17:17:30,226 INFO  [BrowserSelenium] ENTER --> (_getByLocator)
17:17:30,226 INFO  [BrowserSelenium] (_getByLocator) -> Getting locator for null
17:17:30,226 INFO  [BrowserSelenium] (_getByLocator) -> Locator info found for XPATH attribute as: //a[@href='/jbilling/config/index']
17:17:30,226 INFO  [BrowserSelenium] ENTER --> (_parseElementOnXpath)
17:17:30,226 INFO  [BrowserSelenium] (_parseElementOnXpath) -> //a[@href='/jbilling/config/index'] is used
17:17:30,226 INFO  [BrowserSelenium] EXIT --> (_parseElementOnXpath)
17:17:30,226 INFO  [BrowserSelenium] EXIT --> (_getByLocator)
17:17:30,246 INFO  [BrowserSelenium] ENTER --> (_getByLocator)
17:17:30,246 INFO  [BrowserSelenium] (_getByLocator) -> Getting locator for null
17:17:30,246 INFO  [BrowserSelenium] (_getByLocator) -> Locator info found for XPATH attribute as: //a[@href='/jbilling/config/index']
17:17:30,246 INFO  [BrowserSelenium] ENTER --> (_parseElementOnXpath)
17:17:30,246 INFO  [BrowserSelenium] (_parseElementOnXpath) -> //a[@href='/jbilling/config/index'] is used
17:17:30,246 INFO  [BrowserSelenium] EXIT --> (_parseElementOnXpath)
17:17:30,246 INFO  [BrowserSelenium] EXIT --> (_getByLocator)
17:17:30,266 INFO  [BrowserSelenium] ENTER --> (_getByLocator)
17:17:30,266 INFO  [BrowserSelenium] (_getByLocator) -> Getting locator for null
17:17:30,266 INFO  [BrowserSelenium] (_getByLocator) -> Locator info found for XPATH attribute as: //a[@href='/jbilling/config/index']
17:17:30,266 INFO  [BrowserSelenium] ENTER --> (_parseElementOnXpath)
17:17:30,266 INFO  [BrowserSelenium] (_parseElementOnXpath) -> //a[@href='/jbilling/config/index'] is used
17:17:30,266 INFO  [BrowserSelenium] EXIT --> (_parseElementOnXpath)
17:17:30,266 INFO  [BrowserSelenium] EXIT --> (_getByLocator)
17:17:30,306 INFO  [BrowserSelenium] ENTER --> (_getByLocator)
17:17:30,306 INFO  [BrowserSelenium] (_getByLocator) -> Getting locator for null
17:17:30,306 INFO  [BrowserSelenium] (_getByLocator) -> Locator info found for XPATH attribute as: //a[@href='/jbilling/config/index']
17:17:30,306 INFO  [BrowserSelenium] ENTER --> (_parseElementOnXpath)
17:17:30,306 INFO  [BrowserSelenium] (_parseElementOnXpath) -> //a[@href='/jbilling/config/index'] is used
17:17:30,306 INFO  [BrowserSelenium] EXIT --> (_parseElementOnXpath)
17:17:30,306 INFO  [BrowserSelenium] EXIT --> (_getByLocator)
17:17:30,326 INFO  [BrowserSelenium] ENTER --> (_getByLocator)
17:17:30,326 INFO  [BrowserSelenium] (_getByLocator) -> Getting locator for null
17:17:30,326 INFO  [BrowserSelenium] (_getByLocator) -> Locator info found for XPATH attribute as: //a[@href='/jbilling/config/index']
17:17:30,326 INFO  [BrowserSelenium] ENTER --> (_parseElementOnXpath)
17:17:30,326 INFO  [BrowserSelenium] (_parseElementOnXpath) -> //a[@href='/jbilling/config/index'] is used
17:17:30,326 INFO  [BrowserSelenium] EXIT --> (_parseElementOnXpath)
17:17:30,326 INFO  [BrowserSelenium] EXIT --> (_getByLocator)
17:17:30,346 INFO  [BrowserSelenium] ENTER --> (_getByLocator)
17:17:30,346 INFO  [BrowserSelenium] (_getByLocator) -> Getting locator for null
17:17:30,346 INFO  [BrowserSelenium] (_getByLocator) -> Locator info found for XPATH attribute as: //a[@href='/jbilling/config/index']
17:17:30,346 INFO  [BrowserSelenium] ENTER --> (_parseElementOnXpath)
17:17:30,346 INFO  [BrowserSelenium] (_parseElementOnXpath) -> //a[@href='/jbilling/config/index'] is used
17:17:30,346 INFO  [BrowserSelenium] EXIT --> (_parseElementOnXpath)
17:17:30,346 INFO  [BrowserSelenium] EXIT --> (_getByLocator)
17:17:30,366 INFO  [BrowserSelenium] ENTER --> (_getByLocator)
17:17:30,366 INFO  [BrowserSelenium] (_getByLocator) -> Getting locator for null
17:17:30,366 INFO  [BrowserSelenium] (_getByLocator) -> Locator info found for XPATH attribute as: //a[@href='/jbilling/config/index']
17:17:30,366 INFO  [BrowserSelenium] ENTER --> (_parseElementOnXpath)
17:17:30,366 INFO  [BrowserSelenium] (_parseElementOnXpath) -> //a[@href='/jbilling/config/index'] is used
17:17:30,366 INFO  [BrowserSelenium] EXIT --> (_parseElementOnXpath)
17:17:30,366 INFO  [BrowserSelenium] EXIT --> (_getByLocator)
17:17:30,386 INFO  [BrowserSelenium] ENTER --> (_getByLocator)
17:17:30,386 INFO  [BrowserSelenium] (_getByLocator) -> Getting locator for null
17:17:30,386 INFO  [BrowserSelenium] (_getByLocator) -> Locator info found for XPATH attribute as: //a[@href='/jbilling/config/index']
17:17:30,386 INFO  [BrowserSelenium] ENTER --> (_parseElementOnXpath)
17:17:30,386 INFO  [BrowserSelenium] (_parseElementOnXpath) -> //a[@href='/jbilling/config/index'] is used
17:17:30,386 INFO  [BrowserSelenium] EXIT --> (_parseElementOnXpath)
17:17:30,386 INFO  [BrowserSelenium] EXIT --> (_getByLocator)
17:17:30,406 INFO  [BrowserSelenium] ENTER --> (_getByLocator)
17:17:30,406 INFO  [BrowserSelenium] (_getByLocator) -> Getting locator for null
17:17:30,406 INFO  [BrowserSelenium] (_getByLocator) -> Locator info found for XPATH attribute as: //a[@href='/jbilling/config/index']
17:17:30,406 INFO  [BrowserSelenium] ENTER --> (_parseElementOnXpath)
17:17:30,406 INFO  [BrowserSelenium] (_parseElementOnXpath) -> //a[@href='/jbilling/config/index'] is used
17:17:30,406 INFO  [BrowserSelenium] EXIT --> (_parseElementOnXpath)
17:17:30,406 INFO  [BrowserSelenium] EXIT --> (_getByLocator)
17:17:30,426 INFO  [BrowserSelenium] ENTER --> (_getByLocator)
17:17:30,426 INFO  [BrowserSelenium] (_getByLocator) -> Getting locator for null
17:17:30,426 INFO  [BrowserSelenium] (_getByLocator) -> Locator info found for XPATH attribute as: //a[@href='/jbilling/config/index']
17:17:30,426 INFO  [BrowserSelenium] ENTER --> (_parseElementOnXpath)
17:17:30,426 INFO  [BrowserSelenium] (_parseElementOnXpath) -> //a[@href='/jbilling/config/index'] is used
17:17:30,426 INFO  [BrowserSelenium] EXIT --> (_parseElementOnXpath)
17:17:30,426 INFO  [BrowserSelenium] EXIT --> (_getByLocator)
17:17:30,446 INFO  [BrowserSelenium] ENTER --> (_getByLocator)
17:17:30,446 INFO  [BrowserSelenium] (_getByLocator) -> Getting locator for null
17:17:30,446 INFO  [BrowserSelenium] (_getByLocator) -> Locator info found for XPATH attribute as: //a[@href='/jbilling/config/index']
17:17:30,446 INFO  [BrowserSelenium] ENTER --> (_parseElementOnXpath)
17:17:30,446 INFO  [BrowserSelenium] (_parseElementOnXpath) -> //a[@href='/jbilling/config/index'] is used
17:17:30,446 INFO  [BrowserSelenium] EXIT --> (_parseElementOnXpath)
17:17:30,446 INFO  [BrowserSelenium] EXIT --> (_getByLocator)
17:17:30,466 INFO  [BrowserSelenium] ENTER --> (_getByLocator)
17:17:30,466 INFO  [BrowserSelenium] (_getByLocator) -> Getting locator for null
17:17:30,466 INFO  [BrowserSelenium] (_getByLocator) -> Locator info found for XPATH attribute as: //a[@href='/jbilling/config/index']
17:17:30,466 INFO  [BrowserSelenium] ENTER --> (_parseElementOnXpath)
17:17:30,466 INFO  [BrowserSelenium] (_parseElementOnXpath) -> //a[@href='/jbilling/config/index'] is used
17:17:30,466 INFO  [BrowserSelenium] EXIT --> (_parseElementOnXpath)
17:17:30,466 INFO  [BrowserSelenium] EXIT --> (_getByLocator)
17:17:30,486 INFO  [BrowserSelenium] ENTER --> (_getByLocator)
17:17:30,486 INFO  [BrowserSelenium] (_getByLocator) -> Getting locator for null
17:17:30,486 INFO  [BrowserSelenium] (_getByLocator) -> Locator info found for XPATH attribute as: //a[@href='/jbilling/config/index']
17:17:30,486 INFO  [BrowserSelenium] ENTER --> (_parseElementOnXpath)
17:17:30,486 INFO  [BrowserSelenium] (_parseElementOnXpath) -> //a[@href='/jbilling/config/index'] is used
17:17:30,486 INFO  [BrowserSelenium] EXIT --> (_parseElementOnXpath)
17:17:30,486 INFO  [BrowserSelenium] EXIT --> (_getByLocator)
17:17:30,506 INFO  [BrowserSelenium] ENTER --> (_getByLocator)
17:17:30,506 INFO  [BrowserSelenium] (_getByLocator) -> Getting locator for null
17:17:30,506 INFO  [BrowserSelenium] (_getByLocator) -> Locator info found for XPATH attribute as: //a[@href='/jbilling/config/index']
17:17:30,506 INFO  [BrowserSelenium] ENTER --> (_parseElementOnXpath)
17:17:30,506 INFO  [BrowserSelenium] (_parseElementOnXpath) -> //a[@href='/jbilling/config/index'] is used
17:17:30,506 INFO  [BrowserSelenium] EXIT --> (_parseElementOnXpath)
17:17:30,506 INFO  [BrowserSelenium] EXIT --> (_getByLocator)
17:17:30,526 INFO  [BrowserSelenium] ENTER --> (_getByLocator)
17:17:30,526 INFO  [BrowserSelenium] (_getByLocator) -> Getting locator for null
17:17:30,526 INFO  [BrowserSelenium] (_getByLocator) -> Locator info found for XPATH attribute as: //a[@href='/jbilling/config/index']
17:17:30,526 INFO  [BrowserSelenium] ENTER --> (_parseElementOnXpath)
17:17:30,526 INFO  [BrowserSelenium] (_parseElementOnXpath) -> //a[@href='/jbilling/config/index'] is used
17:17:30,526 INFO  [BrowserSelenium] EXIT --> (_parseElementOnXpath)
17:17:30,526 INFO  [BrowserSelenium] EXIT --> (_getByLocator)
17:17:30,546 INFO  [BrowserSelenium] ENTER --> (_getByLocator)
17:17:30,546 INFO  [BrowserSelenium] (_getByLocator) -> Getting locator for null
17:17:30,546 INFO  [BrowserSelenium] (_getByLocator) -> Locator info found for XPATH attribute as: //a[@href='/jbilling/config/index']
17:17:30,546 INFO  [BrowserSelenium] ENTER --> (_parseElementOnXpath)
17:17:30,546 INFO  [BrowserSelenium] (_parseElementOnXpath) -> //a[@href='/jbilling/config/index'] is used
17:17:30,546 INFO  [BrowserSelenium] EXIT --> (_parseElementOnXpath)
17:17:30,546 INFO  [BrowserSelenium] EXIT --> (_getByLocator)
17:17:30,566 INFO  [BrowserSelenium] ENTER --> (_getByLocator)
17:17:30,566 INFO  [BrowserSelenium] (_getByLocator) -> Getting locator for null
17:17:30,566 INFO  [BrowserSelenium] (_getByLocator) -> Locator info found for XPATH attribute as: //a[@href='/jbilling/config/index']
17:17:30,566 INFO  [BrowserSelenium] ENTER --> (_parseElementOnXpath)
17:17:30,566 INFO  [BrowserSelenium] (_parseElementOnXpath) -> //a[@href='/jbilling/config/index'] is used
17:17:30,566 INFO  [BrowserSelenium] EXIT --> (_parseElementOnXpath)
17:17:30,566 INFO  [BrowserSelenium] EXIT --> (_getByLocator)
17:17:30,576 INFO  [BrowserSelenium] ENTER --> (_getByLocator)
17:17:30,576 INFO  [BrowserSelenium] (_getByLocator) -> Getting locator for null
17:17:30,576 INFO  [BrowserSelenium] (_getByLocator) -> Locator info found for XPATH attribute as: //a[@href='/jbilling/config/index']
17:17:30,576 INFO  [BrowserSelenium] ENTER --> (_parseElementOnXpath)
17:17:30,576 INFO  [BrowserSelenium] (_parseElementOnXpath) -> //a[@href='/jbilling/config/index'] is used
17:17:30,576 INFO  [BrowserSelenium] EXIT --> (_parseElementOnXpath)
17:17:30,576 INFO  [BrowserSelenium] EXIT --> (_getByLocator)
17:17:30,596 INFO  [BrowserSelenium] ENTER --> (_getByLocator)
17:17:30,596 INFO  [BrowserSelenium] (_getByLocator) -> Getting locator for null
17:17:30,596 INFO  [BrowserSelenium] (_getByLocator) -> Locator info found for XPATH attribute as: //a[@href='/jbilling/config/index']
17:17:30,596 INFO  [BrowserSelenium] ENTER --> (_parseElementOnXpath)
17:17:30,596 INFO  [BrowserSelenium] (_parseElementOnXpath) -> //a[@href='/jbilling/config/index'] is used
17:17:30,596 INFO  [BrowserSelenium] EXIT --> (_parseElementOnXpath)
17:17:30,596 INFO  [BrowserSelenium] EXIT --> (_getByLocator)
17:17:30,616 INFO  [BrowserSelenium] ENTER --> (_getByLocator)
17:17:30,616 INFO  [BrowserSelenium] (_getByLocator) -> Getting locator for null
17:17:30,616 INFO  [BrowserSelenium] (_getByLocator) -> Locator info found for XPATH attribute as: //a[@href='/jbilling/config/index']
17:17:30,616 INFO  [BrowserSelenium] ENTER --> (_parseElementOnXpath)
17:17:30,616 INFO  [BrowserSelenium] (_parseElementOnXpath) -> //a[@href='/jbilling/config/index'] is used
17:17:30,616 INFO  [BrowserSelenium] EXIT --> (_parseElementOnXpath)
17:17:30,616 INFO  [BrowserSelenium] EXIT --> (_getByLocator)
17:17:30,636 INFO  [BrowserSelenium] ENTER --> (_getByLocator)
17:17:30,636 INFO  [BrowserSelenium] (_getByLocator) -> Getting locator for null
17:17:30,636 INFO  [BrowserSelenium] (_getByLocator) -> Locator info found for XPATH attribute as: //a[@href='/jbilling/config/index']
17:17:30,636 INFO  [BrowserSelenium] ENTER --> (_parseElementOnXpath)
17:17:30,636 INFO  [BrowserSelenium] (_parseElementOnXpath) -> //a[@href='/jbilling/config/index'] is used
17:17:30,636 INFO  [BrowserSelenium] EXIT --> (_parseElementOnXpath)
17:17:30,636 INFO  [BrowserSelenium] EXIT --> (_getByLocator)
17:17:30,646 INFO  [BrowserSelenium] ENTER --> (_getByLocator)
17:17:30,646 INFO  [BrowserSelenium] (_getByLocator) -> Getting locator for null
17:17:30,646 INFO  [BrowserSelenium] (_getByLocator) -> Locator info found for XPATH attribute as: //a[@href='/jbilling/config/index']
17:17:30,646 INFO  [BrowserSelenium] ENTER --> (_parseElementOnXpath)
17:17:30,646 INFO  [BrowserSelenium] (_parseElementOnXpath) -> //a[@href='/jbilling/config/index'] is used
17:17:30,646 INFO  [BrowserSelenium] EXIT --> (_parseElementOnXpath)
17:17:30,646 INFO  [BrowserSelenium] EXIT --> (_getByLocator)
17:17:30,666 INFO  [BrowserSelenium] ENTER --> (_getByLocator)
17:17:30,666 INFO  [BrowserSelenium] (_getByLocator) -> Getting locator for null
17:17:30,666 INFO  [BrowserSelenium] (_getByLocator) -> Locator info found for XPATH attribute as: //a[@href='/jbilling/config/index']
17:17:30,666 INFO  [BrowserSelenium] ENTER --> (_parseElementOnXpath)
17:17:30,666 INFO  [BrowserSelenium] (_parseElementOnXpath) -> //a[@href='/jbilling/config/index'] is used
17:17:30,666 INFO  [BrowserSelenium] EXIT --> (_parseElementOnXpath)
17:17:30,666 INFO  [BrowserSelenium] EXIT --> (_getByLocator)
17:17:30,686 INFO  [BrowserSelenium] ENTER --> (_getByLocator)
17:17:30,686 INFO  [BrowserSelenium] (_getByLocator) -> Getting locator for null
17:17:30,686 INFO  [BrowserSelenium] (_getByLocator) -> Locator info found for XPATH attribute as: //a[@href='/jbilling/config/index']
17:17:30,686 INFO  [BrowserSelenium] ENTER --> (_parseElementOnXpath)
17:17:30,686 INFO  [BrowserSelenium] (_parseElementOnXpath) -> //a[@href='/jbilling/config/index'] is used
17:17:30,686 INFO  [BrowserSelenium] EXIT --> (_parseElementOnXpath)
17:17:30,686 INFO  [BrowserSelenium] EXIT --> (_getByLocator)
17:17:30,716 INFO  [BrowserSelenium] ENTER --> (_getByLocator)
17:17:30,716 INFO  [BrowserSelenium] (_getByLocator) -> Getting locator for null
17:17:30,716 INFO  [BrowserSelenium] (_getByLocator) -> Locator info found for XPATH attribute as: //a[@href='/jbilling/config/index']
17:17:30,716 INFO  [BrowserSelenium] ENTER --> (_parseElementOnXpath)
17:17:30,716 INFO  [BrowserSelenium] (_parseElementOnXpath) -> //a[@href='/jbilling/config/index'] is used
17:17:30,716 INFO  [BrowserSelenium] EXIT --> (_parseElementOnXpath)
17:17:30,716 INFO  [BrowserSelenium] EXIT --> (_getByLocator)
17:17:30,736 INFO  [BrowserSelenium] ENTER --> (_getByLocator)
17:17:30,736 INFO  [BrowserSelenium] (_getByLocator) -> Getting locator for null
17:17:30,736 INFO  [BrowserSelenium] (_getByLocator) -> Locator info found for XPATH attribute as: //a[@href='/jbilling/config/index']
17:17:30,736 INFO  [BrowserSelenium] ENTER --> (_parseElementOnXpath)
17:17:30,736 INFO  [BrowserSelenium] (_parseElementOnXpath) -> //a[@href='/jbilling/config/index'] is used
17:17:30,736 INFO  [BrowserSelenium] EXIT --> (_parseElementOnXpath)
17:17:30,736 INFO  [BrowserSelenium] EXIT --> (_getByLocator)
17:17:30,756 INFO  [BrowserSelenium] ENTER --> (_getByLocator)
17:17:30,756 INFO  [BrowserSelenium] (_getByLocator) -> Getting locator for null
17:17:30,756 INFO  [BrowserSelenium] (_getByLocator) -> Locator info found for XPATH attribute as: //a[@href='/jbilling/config/index']
17:17:30,756 INFO  [BrowserSelenium] ENTER --> (_parseElementOnXpath)
17:17:30,756 INFO  [BrowserSelenium] (_parseElementOnXpath) -> //a[@href='/jbilling/config/index'] is used
17:17:30,756 INFO  [BrowserSelenium] EXIT --> (_parseElementOnXpath)
17:17:30,756 INFO  [BrowserSelenium] EXIT --> (_getByLocator)
17:17:30,776 INFO  [BrowserSelenium] ENTER --> (_getByLocator)
17:17:30,776 INFO  [BrowserSelenium] (_getByLocator) -> Getting locator for null
17:17:30,776 INFO  [BrowserSelenium] (_getByLocator) -> Locator info found for XPATH attribute as: //a[@href='/jbilling/config/index']
17:17:30,776 INFO  [BrowserSelenium] ENTER --> (_parseElementOnXpath)
17:17:30,776 INFO  [BrowserSelenium] (_parseElementOnXpath) -> //a[@href='/jbilling/config/index'] is used
17:17:30,776 INFO  [BrowserSelenium] EXIT --> (_parseElementOnXpath)
17:17:30,776 INFO  [BrowserSelenium] EXIT --> (_getByLocator)
17:17:30,796 INFO  [BrowserSelenium] ENTER --> (_getByLocator)
17:17:30,796 INFO  [BrowserSelenium] (_getByLocator) -> Getting locator for null
17:17:30,796 INFO  [BrowserSelenium] (_getByLocator) -> Locator info found for XPATH attribute as: //a[@href='/jbilling/config/index']
17:17:30,796 INFO  [BrowserSelenium] ENTER --> (_parseElementOnXpath)
17:17:30,796 INFO  [BrowserSelenium] (_parseElementOnXpath) -> //a[@href='/jbilling/config/index'] is used
17:17:30,796 INFO  [BrowserSelenium] EXIT --> (_parseElementOnXpath)
17:17:30,796 INFO  [BrowserSelenium] EXIT --> (_getByLocator)
17:17:30,806 INFO  [BrowserSelenium] ENTER --> (_getByLocator)
17:17:30,806 INFO  [BrowserSelenium] (_getByLocator) -> Getting locator for null
17:17:30,806 INFO  [BrowserSelenium] (_getByLocator) -> Locator info found for XPATH attribute as: //a[@href='/jbilling/config/index']
17:17:30,806 INFO  [BrowserSelenium] ENTER --> (_parseElementOnXpath)
17:17:30,806 INFO  [BrowserSelenium] (_parseElementOnXpath) -> //a[@href='/jbilling/config/index'] is used
17:17:30,816 INFO  [BrowserSelenium] EXIT --> (_parseElementOnXpath)
17:17:30,816 INFO  [BrowserSelenium] EXIT --> (_getByLocator)
17:17:30,826 INFO  [BrowserSelenium] ENTER --> (_getByLocator)
17:17:30,826 INFO  [BrowserSelenium] (_getByLocator) -> Getting locator for null
17:17:30,826 INFO  [BrowserSelenium] (_getByLocator) -> Locator info found for XPATH attribute as: //a[@href='/jbilling/config/index']
17:17:30,826 INFO  [BrowserSelenium] ENTER --> (_parseElementOnXpath)
17:17:30,826 INFO  [BrowserSelenium] (_parseElementOnXpath) -> //a[@href='/jbilling/config/index'] is used
17:17:30,826 INFO  [BrowserSelenium] EXIT --> (_parseElementOnXpath)
17:17:30,826 INFO  [BrowserSelenium] EXIT --> (_getByLocator)
17:17:30,846 INFO  [BrowserSelenium] ENTER --> (_getByLocator)
17:17:30,846 INFO  [BrowserSelenium] (_getByLocator) -> Getting locator for null
17:17:30,846 INFO  [BrowserSelenium] (_getByLocator) -> Locator info found for XPATH attribute as: //a[@href='/jbilling/config/index']
17:17:30,846 INFO  [BrowserSelenium] ENTER --> (_parseElementOnXpath)
17:17:30,846 INFO  [BrowserSelenium] (_parseElementOnXpath) -> //a[@href='/jbilling/config/index'] is used
17:17:30,846 INFO  [BrowserSelenium] EXIT --> (_parseElementOnXpath)
17:17:30,846 INFO  [BrowserSelenium] EXIT --> (_getByLocator)
17:17:30,866 INFO  [BrowserSelenium] ENTER --> (_getByLocator)
17:17:30,866 INFO  [BrowserSelenium] (_getByLocator) -> Getting locator for null
17:17:30,876 INFO  [BrowserSelenium] (_getByLocator) -> Locator info found for XPATH attribute as: //a[@href='/jbilling/config/index']
17:17:30,876 INFO  [BrowserSelenium] ENTER --> (_parseElementOnXpath)
17:17:30,876 INFO  [BrowserSelenium] (_parseElementOnXpath) -> //a[@href='/jbilling/config/index'] is used
17:17:30,876 INFO  [BrowserSelenium] EXIT --> (_parseElementOnXpath)
17:17:30,876 INFO  [BrowserSelenium] EXIT --> (_getByLocator)
17:17:30,886 INFO  [BrowserSelenium] ENTER --> (_getByLocator)
17:17:30,886 INFO  [BrowserSelenium] (_getByLocator) -> Getting locator for null
17:17:30,886 INFO  [BrowserSelenium] (_getByLocator) -> Locator info found for XPATH attribute as: //a[@href='/jbilling/config/index']
17:17:30,886 INFO  [BrowserSelenium] ENTER --> (_parseElementOnXpath)
17:17:30,886 INFO  [BrowserSelenium] (_parseElementOnXpath) -> //a[@href='/jbilling/config/index'] is used
17:17:30,886 INFO  [BrowserSelenium] EXIT --> (_parseElementOnXpath)
17:17:30,886 INFO  [BrowserSelenium] EXIT --> (_getByLocator)
17:17:30,906 INFO  [BrowserSelenium] ENTER --> (_getByLocator)
17:17:30,906 INFO  [BrowserSelenium] (_getByLocator) -> Getting locator for null
17:17:30,906 INFO  [BrowserSelenium] (_getByLocator) -> Locator info found for XPATH attribute as: //a[@href='/jbilling/config/index']
17:17:30,906 INFO  [BrowserSelenium] ENTER --> (_parseElementOnXpath)
17:17:30,906 INFO  [BrowserSelenium] (_parseElementOnXpath) -> //a[@href='/jbilling/config/index'] is used
17:17:30,906 INFO  [BrowserSelenium] EXIT --> (_parseElementOnXpath)
17:17:30,906 INFO  [BrowserSelenium] EXIT --> (_getByLocator)
17:17:30,926 INFO  [BrowserSelenium] ENTER --> (_getByLocator)
17:17:30,926 INFO  [BrowserSelenium] (_getByLocator) -> Getting locator for null
17:17:30,926 INFO  [BrowserSelenium] (_getByLocator) -> Locator info found for XPATH attribute as: //a[@href='/jbilling/config/index']
17:17:30,926 INFO  [BrowserSelenium] ENTER --> (_parseElementOnXpath)
17:17:30,926 INFO  [BrowserSelenium] (_parseElementOnXpath) -> //a[@href='/jbilling/config/index'] is used
17:17:30,926 INFO  [BrowserSelenium] EXIT --> (_parseElementOnXpath)
17:17:30,926 INFO  [BrowserSelenium] EXIT --> (_getByLocator)
17:17:30,946 INFO  [BrowserSelenium] ENTER --> (_getByLocator)
17:17:30,946 INFO  [BrowserSelenium] (_getByLocator) -> Getting locator for null
17:17:30,946 INFO  [BrowserSelenium] (_getByLocator) -> Locator info found for XPATH attribute as: //a[@href='/jbilling/config/index']
17:17:30,946 INFO  [BrowserSelenium] ENTER --> (_parseElementOnXpath)
17:17:30,946 INFO  [BrowserSelenium] (_parseElementOnXpath) -> //a[@href='/jbilling/config/index'] is used
17:17:30,946 INFO  [BrowserSelenium] EXIT --> (_parseElementOnXpath)
17:17:30,946 INFO  [BrowserSelenium] EXIT --> (_getByLocator)
17:17:30,966 INFO  [BrowserSelenium] ENTER --> (_getByLocator)
17:17:30,966 INFO  [BrowserSelenium] (_getByLocator) -> Getting locator for null
17:17:30,966 INFO  [BrowserSelenium] (_getByLocator) -> Locator info found for XPATH attribute as: //a[@href='/jbilling/config/index']
17:17:30,966 INFO  [BrowserSelenium] ENTER --> (_parseElementOnXpath)
17:17:30,966 INFO  [BrowserSelenium] (_parseElementOnXpath) -> //a[@href='/jbilling/config/index'] is used
17:17:30,966 INFO  [BrowserSelenium] EXIT --> (_parseElementOnXpath)
17:17:30,966 INFO  [BrowserSelenium] EXIT --> (_getByLocator)
17:17:30,976 INFO  [BrowserSelenium] ENTER --> (_getByLocator)
17:17:30,976 INFO  [BrowserSelenium] (_getByLocator) -> Getting locator for null
17:17:30,976 INFO  [BrowserSelenium] (_getByLocator) -> Locator info found for XPATH attribute as: //a[@href='/jbilling/config/index']
17:17:30,976 INFO  [BrowserSelenium] ENTER --> (_parseElementOnXpath)
17:17:30,976 INFO  [BrowserSelenium] (_parseElementOnXpath) -> //a[@href='/jbilling/config/index'] is used
17:17:30,976 INFO  [BrowserSelenium] EXIT --> (_parseElementOnXpath)
17:17:30,976 INFO  [BrowserSelenium] EXIT --> (_getByLocator)
17:17:30,996 INFO  [BrowserSelenium] ENTER --> (_getByLocator)
17:17:30,996 INFO  [BrowserSelenium] (_getByLocator) -> Getting locator for null
17:17:30,996 INFO  [BrowserSelenium] (_getByLocator) -> Locator info found for XPATH attribute as: //a[@href='/jbilling/config/index']
17:17:30,996 INFO  [BrowserSelenium] ENTER --> (_parseElementOnXpath)
17:17:30,996 INFO  [BrowserSelenium] (_parseElementOnXpath) -> //a[@href='/jbilling/config/index'] is used
17:17:30,996 INFO  [BrowserSelenium] EXIT --> (_parseElementOnXpath)
17:17:30,996 INFO  [BrowserSelenium] EXIT --> (_getByLocator)
17:17:31,046 INFO  [BrowserSelenium] ENTER --> (_getByLocator)
17:17:31,046 INFO  [BrowserSelenium] (_getByLocator) -> Getting locator for null
17:17:31,046 INFO  [BrowserSelenium] (_getByLocator) -> Locator info found for XPATH attribute as: //a[@href='/jbilling/config/index']
17:17:31,046 INFO  [BrowserSelenium] ENTER --> (_parseElementOnXpath)
17:17:31,046 INFO  [BrowserSelenium] (_parseElementOnXpath) -> //a[@href='/jbilling/config/index'] is used
17:17:31,046 INFO  [BrowserSelenium] EXIT --> (_parseElementOnXpath)
17:17:31,046 INFO  [BrowserSelenium] EXIT --> (_getByLocator)
17:17:31,076 INFO  [BrowserSelenium] ENTER --> (_getByLocator)
17:17:31,076 INFO  [BrowserSelenium] (_getByLocator) -> Getting locator for null
17:17:31,076 INFO  [BrowserSelenium] (_getByLocator) -> Locator info found for XPATH attribute as: //a[@href='/jbilling/config/index']
17:17:31,076 INFO  [BrowserSelenium] ENTER --> (_parseElementOnXpath)
17:17:31,076 INFO  [BrowserSelenium] (_parseElementOnXpath) -> //a[@href='/jbilling/config/index'] is used
17:17:31,076 INFO  [BrowserSelenium] EXIT --> (_parseElementOnXpath)
17:17:31,076 INFO  [BrowserSelenium] EXIT --> (_getByLocator)
17:17:31,096 INFO  [BrowserSelenium] ENTER --> (_getByLocator)
17:17:31,096 INFO  [BrowserSelenium] (_getByLocator) -> Getting locator for null
17:17:31,096 INFO  [BrowserSelenium] (_getByLocator) -> Locator info found for XPATH attribute as: //a[@href='/jbilling/config/index']
17:17:31,096 INFO  [BrowserSelenium] ENTER --> (_parseElementOnXpath)
17:17:31,096 INFO  [BrowserSelenium] (_parseElementOnXpath) -> //a[@href='/jbilling/config/index'] is used
17:17:31,096 INFO  [BrowserSelenium] EXIT --> (_parseElementOnXpath)
17:17:31,096 INFO  [BrowserSelenium] EXIT --> (_getByLocator)
17:17:31,146 INFO  [BrowserSelenium] ENTER --> (_getByLocator)
17:17:31,146 INFO  [BrowserSelenium] (_getByLocator) -> Getting locator for null
17:17:31,146 INFO  [BrowserSelenium] (_getByLocator) -> Locator info found for XPATH attribute as: //a[@href='/jbilling/config/index']
17:17:31,146 INFO  [BrowserSelenium] ENTER --> (_parseElementOnXpath)
17:17:31,146 INFO  [BrowserSelenium] (_parseElementOnXpath) -> //a[@href='/jbilling/config/index'] is used
17:17:31,146 INFO  [BrowserSelenium] EXIT --> (_parseElementOnXpath)
17:17:31,146 INFO  [BrowserSelenium] EXIT --> (_getByLocator)
17:17:31,166 INFO  [BrowserSelenium] ENTER --> (_getByLocator)
17:17:31,166 INFO  [BrowserSelenium] (_getByLocator) -> Getting locator for null
17:17:31,166 INFO  [BrowserSelenium] (_getByLocator) -> Locator info found for XPATH attribute as: //a[@href='/jbilling/config/index']
17:17:31,166 INFO  [BrowserSelenium] ENTER --> (_parseElementOnXpath)
17:17:31,166 INFO  [BrowserSelenium] (_parseElementOnXpath) -> //a[@href='/jbilling/config/index'] is used
17:17:31,166 INFO  [BrowserSelenium] EXIT --> (_parseElementOnXpath)
17:17:31,166 INFO  [BrowserSelenium] EXIT --> (_getByLocator)
17:17:31,186 INFO  [BrowserSelenium] ENTER --> (_getByLocator)
17:17:31,186 INFO  [BrowserSelenium] (_getByLocator) -> Getting locator for null
17:17:31,186 INFO  [BrowserSelenium] (_getByLocator) -> Locator info found for XPATH attribute as: //a[@href='/jbilling/config/index']
17:17:31,186 INFO  [BrowserSelenium] ENTER --> (_parseElementOnXpath)
17:17:31,186 INFO  [BrowserSelenium] (_parseElementOnXpath) -> //a[@href='/jbilling/config/index'] is used
17:17:31,196 INFO  [BrowserSelenium] EXIT --> (_parseElementOnXpath)
17:17:31,196 INFO  [BrowserSelenium] EXIT --> (_getByLocator)
17:17:31,206 INFO  [BrowserSelenium] ENTER --> (_getByLocator)
17:17:31,206 INFO  [BrowserSelenium] (_getByLocator) -> Getting locator for null
17:17:31,206 INFO  [BrowserSelenium] (_getByLocator) -> Locator info found for XPATH attribute as: //a[@href='/jbilling/config/index']
17:17:31,206 INFO  [BrowserSelenium] ENTER --> (_parseElementOnXpath)
17:17:31,206 INFO  [BrowserSelenium] (_parseElementOnXpath) -> //a[@href='/jbilling/config/index'] is used
17:17:31,206 INFO  [BrowserSelenium] EXIT --> (_parseElementOnXpath)
17:17:31,206 INFO  [BrowserSelenium] EXIT --> (_getByLocator)
17:17:31,226 INFO  [BrowserSelenium] ENTER --> (_getByLocator)
17:17:31,226 INFO  [BrowserSelenium] (_getByLocator) -> Getting locator for null
17:17:31,226 INFO  [BrowserSelenium] (_getByLocator) -> Locator info found for XPATH attribute as: //a[@href='/jbilling/config/index']
17:17:31,226 INFO  [BrowserSelenium] ENTER --> (_parseElementOnXpath)
17:17:31,226 INFO  [BrowserSelenium] (_parseElementOnXpath) -> //a[@href='/jbilling/config/index'] is used
17:17:31,226 INFO  [BrowserSelenium] EXIT --> (_parseElementOnXpath)
17:17:31,226 INFO  [BrowserSelenium] EXIT --> (_getByLocator)
17:17:31,246 INFO  [BrowserSelenium] ENTER --> (_getByLocator)
17:17:31,246 INFO  [BrowserSelenium] (_getByLocator) -> Getting locator for null
17:17:31,246 INFO  [BrowserSelenium] (_getByLocator) -> Locator info found for XPATH attribute as: //a[@href='/jbilling/config/index']
17:17:31,246 INFO  [BrowserSelenium] ENTER --> (_parseElementOnXpath)
17:17:31,246 INFO  [BrowserSelenium] (_parseElementOnXpath) -> //a[@href='/jbilling/config/index'] is used
17:17:31,246 INFO  [BrowserSelenium] EXIT --> (_parseElementOnXpath)
17:17:31,246 INFO  [BrowserSelenium] EXIT --> (_getByLocator)
17:17:31,336 INFO  [BrowserSelenium] ENTER --> (_getByLocator)
17:17:31,336 INFO  [BrowserSelenium] (_getByLocator) -> Getting locator for null
17:17:31,336 INFO  [BrowserSelenium] (_getByLocator) -> Locator info found for XPATH attribute as: //a[@href='/jbilling/config/index']
17:17:31,336 INFO  [BrowserSelenium] ENTER --> (_parseElementOnXpath)
17:17:31,346 INFO  [BrowserSelenium] (_parseElementOnXpath) -> //a[@href='/jbilling/config/index'] is used
17:17:31,346 INFO  [BrowserSelenium] EXIT --> (_parseElementOnXpath)
17:17:31,346 INFO  [BrowserSelenium] EXIT --> (_getByLocator)
17:17:31,366 INFO  [BrowserSelenium] ENTER --> (_getByLocator)
17:17:31,366 INFO  [BrowserSelenium] (_getByLocator) -> Getting locator for null
17:17:31,366 INFO  [BrowserSelenium] (_getByLocator) -> Locator info found for XPATH attribute as: //a[@href='/jbilling/config/index']
17:17:31,366 INFO  [BrowserSelenium] ENTER --> (_parseElementOnXpath)
17:17:31,366 INFO  [BrowserSelenium] (_parseElementOnXpath) -> //a[@href='/jbilling/config/index'] is used
17:17:31,366 INFO  [BrowserSelenium] EXIT --> (_parseElementOnXpath)
17:17:31,366 INFO  [BrowserSelenium] EXIT --> (_getByLocator)
17:17:31,386 INFO  [BrowserSelenium] ENTER --> (_getByLocator)
17:17:31,386 INFO  [BrowserSelenium] (_getByLocator) -> Getting locator for null
17:17:31,386 INFO  [BrowserSelenium] (_getByLocator) -> Locator info found for XPATH attribute as: //a[@href='/jbilling/config/index']
17:17:31,386 INFO  [BrowserSelenium] ENTER --> (_parseElementOnXpath)
17:17:31,386 INFO  [BrowserSelenium] (_parseElementOnXpath) -> //a[@href='/jbilling/config/index'] is used
17:17:31,386 INFO  [BrowserSelenium] EXIT --> (_parseElementOnXpath)
17:17:31,386 INFO  [BrowserSelenium] EXIT --> (_getByLocator)
17:17:31,406 INFO  [BrowserSelenium] ENTER --> (_getByLocator)
17:17:31,406 INFO  [BrowserSelenium] (_getByLocator) -> Getting locator for null
17:17:31,406 INFO  [BrowserSelenium] (_getByLocator) -> Locator info found for XPATH attribute as: //a[@href='/jbilling/config/index']
17:17:31,406 INFO  [BrowserSelenium] ENTER --> (_parseElementOnXpath)
17:17:31,406 INFO  [BrowserSelenium] (_parseElementOnXpath) -> //a[@href='/jbilling/config/index'] is used
17:17:31,406 INFO  [BrowserSelenium] EXIT --> (_parseElementOnXpath)
17:17:31,406 INFO  [BrowserSelenium] EXIT --> (_getByLocator)
17:17:31,476 INFO  [BrowserSelenium] ENTER --> (_getByLocator)
17:17:31,476 INFO  [BrowserSelenium] (_getByLocator) -> Getting locator for null
17:17:31,476 INFO  [BrowserSelenium] (_getByLocator) -> Locator info found for XPATH attribute as: //a[@href='/jbilling/config/index']
17:17:31,476 INFO  [BrowserSelenium] ENTER --> (_parseElementOnXpath)
17:17:31,476 INFO  [BrowserSelenium] (_parseElementOnXpath) -> //a[@href='/jbilling/config/index'] is used
17:17:31,476 INFO  [BrowserSelenium] EXIT --> (_parseElementOnXpath)
17:17:31,476 INFO  [BrowserSelenium] EXIT --> (_getByLocator)
17:17:31,496 INFO  [BrowserSelenium] ENTER --> (_getByLocator)
17:17:31,496 INFO  [BrowserSelenium] (_getByLocator) -> Getting locator for null
17:17:31,496 INFO  [BrowserSelenium] (_getByLocator) -> Locator info found for XPATH attribute as: //a[@href='/jbilling/config/index']
17:17:31,496 INFO  [BrowserSelenium] ENTER --> (_parseElementOnXpath)
17:17:31,506 INFO  [BrowserSelenium] (_parseElementOnXpath) -> //a[@href='/jbilling/config/index'] is used
17:17:31,506 INFO  [BrowserSelenium] EXIT --> (_parseElementOnXpath)
17:17:31,506 INFO  [BrowserSelenium] EXIT --> (_getByLocator)
17:17:31,526 INFO  [BrowserSelenium] ENTER --> (_getByLocator)
17:17:31,526 INFO  [BrowserSelenium] (_getByLocator) -> Getting locator for null
17:17:31,526 INFO  [BrowserSelenium] (_getByLocator) -> Locator info found for XPATH attribute as: //a[@href='/jbilling/config/index']
17:17:31,526 INFO  [BrowserSelenium] ENTER --> (_parseElementOnXpath)
17:17:31,526 INFO  [BrowserSelenium] (_parseElementOnXpath) -> //a[@href='/jbilling/config/index'] is used
17:17:31,526 INFO  [BrowserSelenium] EXIT --> (_parseElementOnXpath)
17:17:31,526 INFO  [BrowserSelenium] EXIT --> (_getByLocator)
17:17:31,546 INFO  [BrowserSelenium] ENTER --> (_getByLocator)
17:17:31,546 INFO  [BrowserSelenium] (_getByLocator) -> Getting locator for null
17:17:31,546 INFO  [BrowserSelenium] (_getByLocator) -> Locator info found for XPATH attribute as: //a[@href='/jbilling/config/index']
17:17:31,546 INFO  [BrowserSelenium] ENTER --> (_parseElementOnXpath)
17:17:31,546 INFO  [BrowserSelenium] (_parseElementOnXpath) -> //a[@href='/jbilling/config/index'] is used
17:17:31,546 INFO  [BrowserSelenium] EXIT --> (_parseElementOnXpath)
17:17:31,546 INFO  [BrowserSelenium] EXIT --> (_getByLocator)
17:17:31,566 INFO  [BrowserSelenium] ENTER --> (_getByLocator)
17:17:31,566 INFO  [BrowserSelenium] (_getByLocator) -> Getting locator for null
17:17:31,566 INFO  [BrowserSelenium] (_getByLocator) -> Locator info found for XPATH attribute as: //a[@href='/jbilling/config/index']
17:17:31,566 INFO  [BrowserSelenium] ENTER --> (_parseElementOnXpath)
17:17:31,566 INFO  [BrowserSelenium] (_parseElementOnXpath) -> //a[@href='/jbilling/config/index'] is used
17:17:31,566 INFO  [BrowserSelenium] EXIT --> (_parseElementOnXpath)
17:17:31,566 INFO  [BrowserSelenium] EXIT --> (_getByLocator)
17:17:31,586 INFO  [BrowserSelenium] ENTER --> (_getByLocator)
17:17:31,586 INFO  [BrowserSelenium] (_getByLocator) -> Getting locator for null
17:17:31,596 INFO  [BrowserSelenium] (_getByLocator) -> Locator info found for XPATH attribute as: //a[@href='/jbilling/config/index']
17:17:31,596 INFO  [BrowserSelenium] ENTER --> (_parseElementOnXpath)
17:17:31,596 INFO  [BrowserSelenium] (_parseElementOnXpath) -> //a[@href='/jbilling/config/index'] is used
17:17:31,596 INFO  [BrowserSelenium] EXIT --> (_parseElementOnXpath)
17:17:31,596 INFO  [BrowserSelenium] EXIT --> (_getByLocator)
17:17:31,616 INFO  [BrowserSelenium] ENTER --> (_getByLocator)
17:17:31,616 INFO  [BrowserSelenium] (_getByLocator) -> Getting locator for null
17:17:31,616 INFO  [BrowserSelenium] (_getByLocator) -> Locator info found for XPATH attribute as: //a[@href='/jbilling/config/index']
17:17:31,616 INFO  [BrowserSelenium] ENTER --> (_parseElementOnXpath)
17:17:31,616 INFO  [BrowserSelenium] (_parseElementOnXpath) -> //a[@href='/jbilling/config/index'] is used
17:17:31,616 INFO  [BrowserSelenium] EXIT --> (_parseElementOnXpath)
17:17:31,616 INFO  [BrowserSelenium] EXIT --> (_getByLocator)
17:17:31,636 INFO  [BrowserSelenium] ENTER --> (_getByLocator)
17:17:31,646 INFO  [BrowserSelenium] (_getByLocator) -> Getting locator for null
17:17:31,646 INFO  [BrowserSelenium] (_getByLocator) -> Locator info found for XPATH attribute as: //a[@href='/jbilling/config/index']
17:17:31,646 INFO  [BrowserSelenium] ENTER --> (_parseElementOnXpath)
17:17:31,646 INFO  [BrowserSelenium] (_parseElementOnXpath) -> //a[@href='/jbilling/config/index'] is used
17:17:31,646 INFO  [BrowserSelenium] EXIT --> (_parseElementOnXpath)
17:17:31,646 INFO  [BrowserSelenium] EXIT --> (_getByLocator)
17:17:31,666 INFO  [BrowserSelenium] ENTER --> (_getByLocator)
17:17:31,666 INFO  [BrowserSelenium] (_getByLocator) -> Getting locator for null
17:17:31,666 INFO  [BrowserSelenium] (_getByLocator) -> Locator info found for XPATH attribute as: //a[@href='/jbilling/config/index']
17:17:31,666 INFO  [BrowserSelenium] ENTER --> (_parseElementOnXpath)
17:17:31,666 INFO  [BrowserSelenium] (_parseElementOnXpath) -> //a[@href='/jbilling/config/index'] is used
17:17:31,666 INFO  [BrowserSelenium] EXIT --> (_parseElementOnXpath)
17:17:31,666 INFO  [BrowserSelenium] EXIT --> (_getByLocator)
17:17:31,696 INFO  [BrowserSelenium] ENTER --> (_getByLocator)
17:17:31,696 INFO  [BrowserSelenium] (_getByLocator) -> Getting locator for null
17:17:31,696 INFO  [BrowserSelenium] (_getByLocator) -> Locator info found for XPATH attribute as: //a[@href='/jbilling/config/index']
17:17:31,696 INFO  [BrowserSelenium] ENTER --> (_parseElementOnXpath)
17:17:31,696 INFO  [BrowserSelenium] (_parseElementOnXpath) -> //a[@href='/jbilling/config/index'] is used
17:17:31,696 INFO  [BrowserSelenium] EXIT --> (_parseElementOnXpath)
17:17:31,696 INFO  [BrowserSelenium] EXIT --> (_getByLocator)
17:17:31,706 INFO  [BrowserSelenium] ENTER --> (_getByLocator)
17:17:31,706 INFO  [BrowserSelenium] (_getByLocator) -> Getting locator for null
17:17:31,706 INFO  [BrowserSelenium] (_getByLocator) -> Locator info found for XPATH attribute as: //a[@href='/jbilling/config/index']
17:17:31,706 INFO  [BrowserSelenium] ENTER --> (_parseElementOnXpath)
17:17:31,706 INFO  [BrowserSelenium] (_parseElementOnXpath) -> //a[@href='/jbilling/config/index'] is used
17:17:31,716 INFO  [BrowserSelenium] EXIT --> (_parseElementOnXpath)
17:17:31,716 INFO  [BrowserSelenium] EXIT --> (_getByLocator)
17:17:31,736 INFO  [BrowserSelenium] ENTER --> (_getByLocator)
17:17:31,746 INFO  [BrowserSelenium] (_getByLocator) -> Getting locator for null
17:17:31,746 INFO  [BrowserSelenium] (_getByLocator) -> Locator info found for XPATH attribute as: //a[@href='/jbilling/config/index']
17:17:31,746 INFO  [BrowserSelenium] ENTER --> (_parseElementOnXpath)
17:17:31,746 INFO  [BrowserSelenium] (_parseElementOnXpath) -> //a[@href='/jbilling/config/index'] is used
17:17:31,746 INFO  [BrowserSelenium] EXIT --> (_parseElementOnXpath)
17:17:31,746 INFO  [BrowserSelenium] EXIT --> (_getByLocator)
17:17:31,756 INFO  [BrowserSelenium] ENTER --> (_getByLocator)
17:17:31,756 INFO  [BrowserSelenium] (_getByLocator) -> Getting locator for null
17:17:31,756 INFO  [BrowserSelenium] (_getByLocator) -> Locator info found for XPATH attribute as: //a[@href='/jbilling/config/index']
17:17:31,756 INFO  [BrowserSelenium] ENTER --> (_parseElementOnXpath)
17:17:31,756 INFO  [BrowserSelenium] (_parseElementOnXpath) -> //a[@href='/jbilling/config/index'] is used
17:17:31,756 INFO  [BrowserSelenium] EXIT --> (_parseElementOnXpath)
17:17:31,766 INFO  [BrowserSelenium] EXIT --> (_getByLocator)
17:17:31,786 INFO  [BrowserSelenium] ENTER --> (_getByLocator)
17:17:31,786 INFO  [BrowserSelenium] (_getByLocator) -> Getting locator for null
17:17:31,786 INFO  [BrowserSelenium] (_getByLocator) -> Locator info found for XPATH attribute as: //a[@href='/jbilling/config/index']
17:17:31,786 INFO  [BrowserSelenium] ENTER --> (_parseElementOnXpath)
17:17:31,786 INFO  [BrowserSelenium] (_parseElementOnXpath) -> //a[@href='/jbilling/config/index'] is used
17:17:31,786 INFO  [BrowserSelenium] EXIT --> (_parseElementOnXpath)
17:17:31,786 INFO  [BrowserSelenium] EXIT --> (_getByLocator)
17:17:31,806 INFO  [BrowserSelenium] ENTER --> (_getByLocator)
17:17:31,806 INFO  [BrowserSelenium] (_getByLocator) -> Getting locator for null
17:17:31,806 INFO  [BrowserSelenium] (_getByLocator) -> Locator info found for XPATH attribute as: //a[@href='/jbilling/config/index']
17:17:31,806 INFO  [BrowserSelenium] ENTER --> (_parseElementOnXpath)
17:17:31,806 INFO  [BrowserSelenium] (_parseElementOnXpath) -> //a[@href='/jbilling/config/index'] is used
17:17:31,806 INFO  [BrowserSelenium] EXIT --> (_parseElementOnXpath)
17:17:31,806 INFO  [BrowserSelenium] EXIT --> (_getByLocator)
17:17:31,826 INFO  [BrowserSelenium] ENTER --> (_getByLocator)
17:17:31,826 INFO  [BrowserSelenium] (_getByLocator) -> Getting locator for null
17:17:31,826 INFO  [BrowserSelenium] (_getByLocator) -> Locator info found for XPATH attribute as: //a[@href='/jbilling/config/index']
17:17:31,826 INFO  [BrowserSelenium] ENTER --> (_parseElementOnXpath)
17:17:31,826 INFO  [BrowserSelenium] (_parseElementOnXpath) -> //a[@href='/jbilling/config/index'] is used
17:17:31,826 INFO  [BrowserSelenium] EXIT --> (_parseElementOnXpath)
17:17:31,826 INFO  [BrowserSelenium] EXIT --> (_getByLocator)
17:17:31,836 INFO  [BrowserSelenium] ENTER --> (_getByLocator)
17:17:31,836 INFO  [BrowserSelenium] (_getByLocator) -> Getting locator for null
17:17:31,836 INFO  [BrowserSelenium] (_getByLocator) -> Locator info found for XPATH attribute as: //a[@href='/jbilling/config/index']
17:17:31,836 INFO  [BrowserSelenium] ENTER --> (_parseElementOnXpath)
17:17:31,836 INFO  [BrowserSelenium] (_parseElementOnXpath) -> //a[@href='/jbilling/config/index'] is used
17:17:31,836 INFO  [BrowserSelenium] EXIT --> (_parseElementOnXpath)
17:17:31,836 INFO  [BrowserSelenium] EXIT --> (_getByLocator)
17:17:31,856 INFO  [BrowserSelenium] ENTER --> (_getByLocator)
17:17:31,856 INFO  [BrowserSelenium] (_getByLocator) -> Getting locator for null
17:17:31,856 INFO  [BrowserSelenium] (_getByLocator) -> Locator info found for XPATH attribute as: //a[@href='/jbilling/config/index']
17:17:31,856 INFO  [BrowserSelenium] ENTER --> (_parseElementOnXpath)
17:17:31,856 INFO  [BrowserSelenium] (_parseElementOnXpath) -> //a[@href='/jbilling/config/index'] is used
17:17:31,856 INFO  [BrowserSelenium] EXIT --> (_parseElementOnXpath)
17:17:31,856 INFO  [BrowserSelenium] EXIT --> (_getByLocator)
17:17:31,876 INFO  [BrowserSelenium] ENTER --> (_getByLocator)
17:17:31,876 INFO  [BrowserSelenium] (_getByLocator) -> Getting locator for null
17:17:31,876 INFO  [BrowserSelenium] (_getByLocator) -> Locator info found for XPATH attribute as: //a[@href='/jbilling/config/index']
17:17:31,876 INFO  [BrowserSelenium] ENTER --> (_parseElementOnXpath)
17:17:31,876 INFO  [BrowserSelenium] (_parseElementOnXpath) -> //a[@href='/jbilling/config/index'] is used
17:17:31,876 INFO  [BrowserSelenium] EXIT --> (_parseElementOnXpath)
17:17:31,876 INFO  [BrowserSelenium] EXIT --> (_getByLocator)
17:17:31,896 INFO  [BrowserSelenium] ENTER --> (_getByLocator)
17:17:31,896 INFO  [BrowserSelenium] (_getByLocator) -> Getting locator for null
17:17:31,896 INFO  [BrowserSelenium] (_getByLocator) -> Locator info found for XPATH attribute as: //a[@href='/jbilling/config/index']
17:17:31,896 INFO  [BrowserSelenium] ENTER --> (_parseElementOnXpath)
17:17:31,896 INFO  [BrowserSelenium] (_parseElementOnXpath) -> //a[@href='/jbilling/config/index'] is used
17:17:31,896 INFO  [BrowserSelenium] EXIT --> (_parseElementOnXpath)
17:17:31,896 INFO  [BrowserSelenium] EXIT --> (_getByLocator)
17:17:31,926 INFO  [BrowserSelenium] ENTER --> (_getByLocator)
17:17:31,926 INFO  [BrowserSelenium] (_getByLocator) -> Getting locator for null
17:17:31,926 INFO  [BrowserSelenium] (_getByLocator) -> Locator info found for XPATH attribute as: //a[@href='/jbilling/config/index']
17:17:31,926 INFO  [BrowserSelenium] ENTER --> (_parseElementOnXpath)
17:17:31,926 INFO  [BrowserSelenium] (_parseElementOnXpath) -> //a[@href='/jbilling/config/index'] is used
17:17:31,926 INFO  [BrowserSelenium] EXIT --> (_parseElementOnXpath)
17:17:31,926 INFO  [BrowserSelenium] EXIT --> (_getByLocator)
17:17:31,956 INFO  [BrowserSelenium] ENTER --> (_getByLocator)
17:17:31,956 INFO  [BrowserSelenium] (_getByLocator) -> Getting locator for null
17:17:31,956 INFO  [BrowserSelenium] (_getByLocator) -> Locator info found for XPATH attribute as: //a[@href='/jbilling/config/index']
17:17:31,956 INFO  [BrowserSelenium] ENTER --> (_parseElementOnXpath)
17:17:31,956 INFO  [BrowserSelenium] (_parseElementOnXpath) -> //a[@href='/jbilling/config/index'] is used
17:17:31,956 INFO  [BrowserSelenium] EXIT --> (_parseElementOnXpath)
17:17:31,956 INFO  [BrowserSelenium] EXIT --> (_getByLocator)
17:17:31,976 INFO  [BrowserSelenium] ENTER --> (_getByLocator)
17:17:31,976 INFO  [BrowserSelenium] (_getByLocator) -> Getting locator for null
17:17:31,976 INFO  [BrowserSelenium] (_getByLocator) -> Locator info found for XPATH attribute as: //a[@href='/jbilling/config/index']
17:17:31,976 INFO  [BrowserSelenium] ENTER --> (_parseElementOnXpath)
17:17:31,976 INFO  [BrowserSelenium] (_parseElementOnXpath) -> //a[@href='/jbilling/config/index'] is used
17:17:31,976 INFO  [BrowserSelenium] EXIT --> (_parseElementOnXpath)
17:17:31,976 INFO  [BrowserSelenium] EXIT --> (_getByLocator)
17:17:32,006 INFO  [BrowserSelenium] ENTER --> (_getByLocator)
17:17:32,006 INFO  [BrowserSelenium] (_getByLocator) -> Getting locator for null
17:17:32,006 INFO  [BrowserSelenium] (_getByLocator) -> Locator info found for XPATH attribute as: //a[@href='/jbilling/config/index']
17:17:32,006 INFO  [BrowserSelenium] ENTER --> (_parseElementOnXpath)
17:17:32,006 INFO  [BrowserSelenium] (_parseElementOnXpath) -> //a[@href='/jbilling/config/index'] is used
17:17:32,006 INFO  [BrowserSelenium] EXIT --> (_parseElementOnXpath)
17:17:32,006 INFO  [BrowserSelenium] EXIT --> (_getByLocator)
17:17:32,026 INFO  [BrowserSelenium] ENTER --> (_getByLocator)
17:17:32,026 INFO  [BrowserSelenium] (_getByLocator) -> Getting locator for null
17:17:32,026 INFO  [BrowserSelenium] (_getByLocator) -> Locator info found for XPATH attribute as: //a[@href='/jbilling/config/index']
17:17:32,026 INFO  [BrowserSelenium] ENTER --> (_parseElementOnXpath)
17:17:32,026 INFO  [BrowserSelenium] (_parseElementOnXpath) -> //a[@href='/jbilling/config/index'] is used
17:17:32,026 INFO  [BrowserSelenium] EXIT --> (_parseElementOnXpath)
17:17:32,026 INFO  [BrowserSelenium] EXIT --> (_getByLocator)
17:17:32,056 INFO  [BrowserSelenium] ENTER --> (_getByLocator)
17:17:32,056 INFO  [BrowserSelenium] (_getByLocator) -> Getting locator for null
17:17:32,056 INFO  [BrowserSelenium] (_getByLocator) -> Locator info found for XPATH attribute as: //a[@href='/jbilling/config/index']
17:17:32,056 INFO  [BrowserSelenium] ENTER --> (_parseElementOnXpath)
17:17:32,056 INFO  [BrowserSelenium] (_parseElementOnXpath) -> //a[@href='/jbilling/config/index'] is used
17:17:32,056 INFO  [BrowserSelenium] EXIT --> (_parseElementOnXpath)
17:17:32,056 INFO  [BrowserSelenium] EXIT --> (_getByLocator)
17:17:32,076 INFO  [BrowserSelenium] ENTER --> (_getByLocator)
17:17:32,076 INFO  [BrowserSelenium] (_getByLocator) -> Getting locator for null
17:17:32,076 INFO  [BrowserSelenium] (_getByLocator) -> Locator info found for XPATH attribute as: //a[@href='/jbilling/config/index']
17:17:32,076 INFO  [BrowserSelenium] ENTER --> (_parseElementOnXpath)
17:17:32,076 INFO  [BrowserSelenium] (_parseElementOnXpath) -> //a[@href='/jbilling/config/index'] is used
17:17:32,076 INFO  [BrowserSelenium] EXIT --> (_parseElementOnXpath)
17:17:32,076 INFO  [BrowserSelenium] EXIT --> (_getByLocator)
17:17:32,106 INFO  [BrowserSelenium] ENTER --> (_getByLocator)
17:17:32,106 INFO  [BrowserSelenium] (_getByLocator) -> Getting locator for null
17:17:32,106 INFO  [BrowserSelenium] (_getByLocator) -> Locator info found for XPATH attribute as: //a[@href='/jbilling/config/index']
17:17:32,106 INFO  [BrowserSelenium] ENTER --> (_parseElementOnXpath)
17:17:32,106 INFO  [BrowserSelenium] (_parseElementOnXpath) -> //a[@href='/jbilling/config/index'] is used
17:17:32,106 INFO  [BrowserSelenium] EXIT --> (_parseElementOnXpath)
17:17:32,106 INFO  [BrowserSelenium] EXIT --> (_getByLocator)
17:17:32,136 INFO  [BrowserSelenium] ENTER --> (_getByLocator)
17:17:32,136 INFO  [BrowserSelenium] (_getByLocator) -> Getting locator for null
17:17:32,136 INFO  [BrowserSelenium] (_getByLocator) -> Locator info found for XPATH attribute as: //a[@href='/jbilling/config/index']
17:17:32,136 INFO  [BrowserSelenium] ENTER --> (_parseElementOnXpath)
17:17:32,136 INFO  [BrowserSelenium] (_parseElementOnXpath) -> //a[@href='/jbilling/config/index'] is used
17:17:32,136 INFO  [BrowserSelenium] EXIT --> (_parseElementOnXpath)
17:17:32,136 INFO  [BrowserSelenium] EXIT --> (_getByLocator)
17:17:32,166 INFO  [BrowserSelenium] ENTER --> (_getByLocator)
17:17:32,166 INFO  [BrowserSelenium] (_getByLocator) -> Getting locator for null
17:17:32,166 INFO  [BrowserSelenium] (_getByLocator) -> Locator info found for XPATH attribute as: //a[@href='/jbilling/config/index']
17:17:32,166 INFO  [BrowserSelenium] ENTER --> (_parseElementOnXpath)
17:17:32,166 INFO  [BrowserSelenium] (_parseElementOnXpath) -> //a[@href='/jbilling/config/index'] is used
17:17:32,166 INFO  [BrowserSelenium] EXIT --> (_parseElementOnXpath)
17:17:32,166 INFO  [BrowserSelenium] EXIT --> (_getByLocator)
17:17:32,186 INFO  [BrowserSelenium] ENTER --> (_getByLocator)
17:17:32,186 INFO  [BrowserSelenium] (_getByLocator) -> Getting locator for null
17:17:32,186 INFO  [BrowserSelenium] (_getByLocator) -> Locator info found for XPATH attribute as: //a[@href='/jbilling/config/index']
17:17:32,186 INFO  [BrowserSelenium] ENTER --> (_parseElementOnXpath)
17:17:32,186 INFO  [BrowserSelenium] (_parseElementOnXpath) -> //a[@href='/jbilling/config/index'] is used
17:17:32,186 INFO  [BrowserSelenium] EXIT --> (_parseElementOnXpath)
17:17:32,186 INFO  [BrowserSelenium] EXIT --> (_getByLocator)
17:17:32,206 INFO  [BrowserSelenium] ENTER --> (_getByLocator)
17:17:32,206 INFO  [BrowserSelenium] (_getByLocator) -> Getting locator for null
17:17:32,206 INFO  [BrowserSelenium] (_getByLocator) -> Locator info found for XPATH attribute as: //a[@href='/jbilling/config/index']
17:17:32,206 INFO  [BrowserSelenium] ENTER --> (_parseElementOnXpath)
17:17:32,206 INFO  [BrowserSelenium] (_parseElementOnXpath) -> //a[@href='/jbilling/config/index'] is used
17:17:32,206 INFO  [BrowserSelenium] EXIT --> (_parseElementOnXpath)
17:17:32,206 INFO  [BrowserSelenium] EXIT --> (_getByLocator)
17:17:32,226 INFO  [BrowserSelenium] ENTER --> (_getByLocator)
17:17:32,226 INFO  [BrowserSelenium] (_getByLocator) -> Getting locator for null
17:17:32,226 INFO  [BrowserSelenium] (_getByLocator) -> Locator info found for XPATH attribute as: //a[@href='/jbilling/config/index']
17:17:32,226 INFO  [BrowserSelenium] ENTER --> (_parseElementOnXpath)
17:17:32,226 INFO  [BrowserSelenium] (_parseElementOnXpath) -> //a[@href='/jbilling/config/index'] is used
17:17:32,226 INFO  [BrowserSelenium] EXIT --> (_parseElementOnXpath)
17:17:32,226 INFO  [BrowserSelenium] EXIT --> (_getByLocator)
17:17:32,246 INFO  [BrowserSelenium] ENTER --> (_getByLocator)
17:17:32,246 INFO  [BrowserSelenium] (_getByLocator) -> Getting locator for null
17:17:32,246 INFO  [BrowserSelenium] (_getByLocator) -> Locator info found for XPATH attribute as: //a[@href='/jbilling/config/index']
17:17:32,246 INFO  [BrowserSelenium] ENTER --> (_parseElementOnXpath)
17:17:32,246 INFO  [BrowserSelenium] (_parseElementOnXpath) -> //a[@href='/jbilling/config/index'] is used
17:17:32,246 INFO  [BrowserSelenium] EXIT --> (_parseElementOnXpath)
17:17:32,246 INFO  [BrowserSelenium] EXIT --> (_getByLocator)
17:17:32,276 INFO  [BrowserSelenium] ENTER --> (_getByLocator)
17:17:32,276 INFO  [BrowserSelenium] (_getByLocator) -> Getting locator for null
17:17:32,276 INFO  [BrowserSelenium] (_getByLocator) -> Locator info found for XPATH attribute as: //a[@href='/jbilling/config/index']
17:17:32,276 INFO  [BrowserSelenium] ENTER --> (_parseElementOnXpath)
17:17:32,276 INFO  [BrowserSelenium] (_parseElementOnXpath) -> //a[@href='/jbilling/config/index'] is used
17:17:32,276 INFO  [BrowserSelenium] EXIT --> (_parseElementOnXpath)
17:17:32,276 INFO  [BrowserSelenium] EXIT --> (_getByLocator)
17:17:32,306 INFO  [BrowserSelenium] ENTER --> (_getByLocator)
17:17:32,306 INFO  [BrowserSelenium] (_getByLocator) -> Getting locator for null
17:17:32,306 INFO  [BrowserSelenium] (_getByLocator) -> Locator info found for XPATH attribute as: //a[@href='/jbilling/config/index']
17:17:32,306 INFO  [BrowserSelenium] ENTER --> (_parseElementOnXpath)
17:17:32,316 INFO  [BrowserSelenium] (_parseElementOnXpath) -> //a[@href='/jbilling/config/index'] is used
17:17:32,316 INFO  [BrowserSelenium] EXIT --> (_parseElementOnXpath)
17:17:32,316 INFO  [BrowserSelenium] EXIT --> (_getByLocator)
17:17:32,355 INFO  [BrowserSelenium] ENTER --> (_getByLocator)
17:17:32,355 INFO  [BrowserSelenium] (_getByLocator) -> Getting locator for null
17:17:32,355 INFO  [BrowserSelenium] (_getByLocator) -> Locator info found for XPATH attribute as: //a[@href='/jbilling/config/index']
17:17:32,355 INFO  [BrowserSelenium] ENTER --> (_parseElementOnXpath)
17:17:32,356 INFO  [BrowserSelenium] (_parseElementOnXpath) -> //a[@href='/jbilling/config/index'] is used
17:17:32,356 INFO  [BrowserSelenium] EXIT --> (_parseElementOnXpath)
17:17:32,356 INFO  [BrowserSelenium] EXIT --> (_getByLocator)
17:17:32,382 INFO  [BrowserSelenium] ENTER --> (_getByLocator)
17:17:32,382 INFO  [BrowserSelenium] (_getByLocator) -> Getting locator for null
17:17:32,383 INFO  [BrowserSelenium] (_getByLocator) -> Locator info found for XPATH attribute as: //a[@href='/jbilling/config/index']
17:17:32,383 INFO  [BrowserSelenium] ENTER --> (_parseElementOnXpath)
17:17:32,383 INFO  [BrowserSelenium] (_parseElementOnXpath) -> //a[@href='/jbilling/config/index'] is used
17:17:32,383 INFO  [BrowserSelenium] EXIT --> (_parseElementOnXpath)
17:17:32,383 INFO  [BrowserSelenium] EXIT --> (_getByLocator)
17:17:32,411 INFO  [BrowserSelenium] ENTER --> (_getByLocator)
17:17:32,412 INFO  [BrowserSelenium] (_getByLocator) -> Getting locator for null
17:17:32,412 INFO  [BrowserSelenium] (_getByLocator) -> Locator info found for XPATH attribute as: //a[@href='/jbilling/config/index']
17:17:32,412 INFO  [BrowserSelenium] ENTER --> (_parseElementOnXpath)
17:17:32,412 INFO  [BrowserSelenium] (_parseElementOnXpath) -> //a[@href='/jbilling/config/index'] is used
17:17:32,413 INFO  [BrowserSelenium] EXIT --> (_parseElementOnXpath)
17:17:32,413 INFO  [BrowserSelenium] EXIT --> (_getByLocator)
17:17:32,428 INFO  [BrowserSelenium] ENTER --> (_getByLocator)
17:17:32,428 INFO  [BrowserSelenium] (_getByLocator) -> Getting locator for null
17:17:32,428 INFO  [BrowserSelenium] (_getByLocator) -> Locator info found for XPATH attribute as: //a[@href='/jbilling/config/index']
17:17:32,428 INFO  [BrowserSelenium] ENTER --> (_parseElementOnXpath)
17:17:32,438 INFO  [BrowserSelenium] (_parseElementOnXpath) -> //a[@href='/jbilling/config/index'] is used
17:17:32,438 INFO  [BrowserSelenium] EXIT --> (_parseElementOnXpath)
17:17:32,438 INFO  [BrowserSelenium] EXIT --> (_getByLocator)
17:17:32,458 INFO  [BrowserSelenium] ENTER --> (_getByLocator)
17:17:32,458 INFO  [BrowserSelenium] (_getByLocator) -> Getting locator for null
17:17:32,458 INFO  [BrowserSelenium] (_getByLocator) -> Locator info found for XPATH attribute as: //a[@href='/jbilling/config/index']
17:17:32,458 INFO  [BrowserSelenium] ENTER --> (_parseElementOnXpath)
17:17:32,458 INFO  [BrowserSelenium] (_parseElementOnXpath) -> //a[@href='/jbilling/config/index'] is used
17:17:32,458 INFO  [BrowserSelenium] EXIT --> (_parseElementOnXpath)
17:17:32,458 INFO  [BrowserSelenium] EXIT --> (_getByLocator)
17:17:32,478 INFO  [BrowserSelenium] ENTER --> (_getByLocator)
17:17:32,478 INFO  [BrowserSelenium] (_getByLocator) -> Getting locator for null
17:17:32,478 INFO  [BrowserSelenium] (_getByLocator) -> Locator info found for XPATH attribute as: //a[@href='/jbilling/config/index']
17:17:32,478 INFO  [BrowserSelenium] ENTER --> (_parseElementOnXpath)
17:17:32,478 INFO  [BrowserSelenium] (_parseElementOnXpath) -> //a[@href='/jbilling/config/index'] is used
17:17:32,478 INFO  [BrowserSelenium] EXIT --> (_parseElementOnXpath)
17:17:32,478 INFO  [BrowserSelenium] EXIT --> (_getByLocator)
17:17:32,498 INFO  [BrowserSelenium] ENTER --> (_getByLocator)
17:17:32,498 INFO  [BrowserSelenium] (_getByLocator) -> Getting locator for null
17:17:32,498 INFO  [BrowserSelenium] (_getByLocator) -> Locator info found for XPATH attribute as: //a[@href='/jbilling/config/index']
17:17:32,498 INFO  [BrowserSelenium] ENTER --> (_parseElementOnXpath)
17:17:32,498 INFO  [BrowserSelenium] (_parseElementOnXpath) -> //a[@href='/jbilling/config/index'] is used
17:17:32,498 INFO  [BrowserSelenium] EXIT --> (_parseElementOnXpath)
17:17:32,498 INFO  [BrowserSelenium] EXIT --> (_getByLocator)
17:17:32,518 INFO  [BrowserSelenium] ENTER --> (_getByLocator)
17:17:32,518 INFO  [BrowserSelenium] (_getByLocator) -> Getting locator for null
17:17:32,518 INFO  [BrowserSelenium] (_getByLocator) -> Locator info found for XPATH attribute as: //a[@href='/jbilling/config/index']
17:17:32,518 INFO  [BrowserSelenium] ENTER --> (_parseElementOnXpath)
17:17:32,518 INFO  [BrowserSelenium] (_parseElementOnXpath) -> //a[@href='/jbilling/config/index'] is used
17:17:32,518 INFO  [BrowserSelenium] EXIT --> (_parseElementOnXpath)
17:17:32,518 INFO  [BrowserSelenium] EXIT --> (_getByLocator)
17:17:32,538 INFO  [BrowserSelenium] ENTER --> (_getByLocator)
17:17:32,538 INFO  [BrowserSelenium] (_getByLocator) -> Getting locator for null
17:17:32,538 INFO  [BrowserSelenium] (_getByLocator) -> Locator info found for XPATH attribute as: //a[@href='/jbilling/config/index']
17:17:32,538 INFO  [BrowserSelenium] ENTER --> (_parseElementOnXpath)
17:17:32,538 INFO  [BrowserSelenium] (_parseElementOnXpath) -> //a[@href='/jbilling/config/index'] is used
17:17:32,538 INFO  [BrowserSelenium] EXIT --> (_parseElementOnXpath)
17:17:32,538 INFO  [BrowserSelenium] EXIT --> (_getByLocator)
17:17:32,558 INFO  [BrowserSelenium] ENTER --> (_getByLocator)
17:17:32,558 INFO  [BrowserSelenium] (_getByLocator) -> Getting locator for null
17:17:32,558 INFO  [BrowserSelenium] (_getByLocator) -> Locator info found for XPATH attribute as: //a[@href='/jbilling/config/index']
17:17:32,558 INFO  [BrowserSelenium] ENTER --> (_parseElementOnXpath)
17:17:32,558 INFO  [BrowserSelenium] (_parseElementOnXpath) -> //a[@href='/jbilling/config/index'] is used
17:17:32,558 INFO  [BrowserSelenium] EXIT --> (_parseElementOnXpath)
17:17:32,558 INFO  [BrowserSelenium] EXIT --> (_getByLocator)
17:17:32,578 INFO  [BrowserSelenium] ENTER --> (_getByLocator)
17:17:32,578 INFO  [BrowserSelenium] (_getByLocator) -> Getting locator for null
17:17:32,578 INFO  [BrowserSelenium] (_getByLocator) -> Locator info found for XPATH attribute as: //a[@href='/jbilling/config/index']
17:17:32,578 INFO  [BrowserSelenium] ENTER --> (_parseElementOnXpath)
17:17:32,578 INFO  [BrowserSelenium] (_parseElementOnXpath) -> //a[@href='/jbilling/config/index'] is used
17:17:32,578 INFO  [BrowserSelenium] EXIT --> (_parseElementOnXpath)
17:17:32,578 INFO  [BrowserSelenium] EXIT --> (_getByLocator)
17:17:32,598 INFO  [BrowserSelenium] ENTER --> (_getByLocator)
17:17:32,598 INFO  [BrowserSelenium] (_getByLocator) -> Getting locator for null
17:17:32,598 INFO  [BrowserSelenium] (_getByLocator) -> Locator info found for XPATH attribute as: //a[@href='/jbilling/config/index']
17:17:32,598 INFO  [BrowserSelenium] ENTER --> (_parseElementOnXpath)
17:17:32,598 INFO  [BrowserSelenium] (_parseElementOnXpath) -> //a[@href='/jbilling/config/index'] is used
17:17:32,598 INFO  [BrowserSelenium] EXIT --> (_parseElementOnXpath)
17:17:32,598 INFO  [BrowserSelenium] EXIT --> (_getByLocator)
17:17:32,618 INFO  [BrowserSelenium] ENTER --> (_getByLocator)
17:17:32,618 INFO  [BrowserSelenium] (_getByLocator) -> Getting locator for null
17:17:32,618 INFO  [BrowserSelenium] (_getByLocator) -> Locator info found for XPATH attribute as: //a[@href='/jbilling/config/index']
17:17:32,618 INFO  [BrowserSelenium] ENTER --> (_parseElementOnXpath)
17:17:32,618 INFO  [BrowserSelenium] (_parseElementOnXpath) -> //a[@href='/jbilling/config/index'] is used
17:17:32,618 INFO  [BrowserSelenium] EXIT --> (_parseElementOnXpath)
17:17:32,618 INFO  [BrowserSelenium] EXIT --> (_getByLocator)
17:17:32,638 INFO  [BrowserSelenium] ENTER --> (_getByLocator)
17:17:32,638 INFO  [BrowserSelenium] (_getByLocator) -> Getting locator for null
17:17:32,638 INFO  [BrowserSelenium] (_getByLocator) -> Locator info found for XPATH attribute as: //a[@href='/jbilling/config/index']
17:17:32,638 INFO  [BrowserSelenium] ENTER --> (_parseElementOnXpath)
17:17:32,638 INFO  [BrowserSelenium] (_parseElementOnXpath) -> //a[@href='/jbilling/config/index'] is used
17:17:32,638 INFO  [BrowserSelenium] EXIT --> (_parseElementOnXpath)
17:17:32,638 INFO  [BrowserSelenium] EXIT --> (_getByLocator)
17:17:32,658 INFO  [BrowserSelenium] ENTER --> (_getByLocator)
17:17:32,658 INFO  [BrowserSelenium] (_getByLocator) -> Getting locator for null
17:17:32,658 INFO  [BrowserSelenium] (_getByLocator) -> Locator info found for XPATH attribute as: //a[@href='/jbilling/config/index']
17:17:32,658 INFO  [BrowserSelenium] ENTER --> (_parseElementOnXpath)
17:17:32,658 INFO  [BrowserSelenium] (_parseElementOnXpath) -> //a[@href='/jbilling/config/index'] is used
17:17:32,658 INFO  [BrowserSelenium] EXIT --> (_parseElementOnXpath)
17:17:32,658 INFO  [BrowserSelenium] EXIT --> (_getByLocator)
17:17:32,678 INFO  [BrowserSelenium] ENTER --> (_getByLocator)
17:17:32,678 INFO  [BrowserSelenium] (_getByLocator) -> Getting locator for null
17:17:32,678 INFO  [BrowserSelenium] (_getByLocator) -> Locator info found for XPATH attribute as: //a[@href='/jbilling/config/index']
17:17:32,678 INFO  [BrowserSelenium] ENTER --> (_parseElementOnXpath)
17:17:32,678 INFO  [BrowserSelenium] (_parseElementOnXpath) -> //a[@href='/jbilling/config/index'] is used
17:17:32,678 INFO  [BrowserSelenium] EXIT --> (_parseElementOnXpath)
17:17:32,678 INFO  [BrowserSelenium] EXIT --> (_getByLocator)
17:17:32,698 INFO  [BrowserSelenium] ENTER --> (_getByLocator)
17:17:32,698 INFO  [BrowserSelenium] (_getByLocator) -> Getting locator for null
17:17:32,698 INFO  [BrowserSelenium] (_getByLocator) -> Locator info found for XPATH attribute as: //a[@href='/jbilling/config/index']
17:17:32,698 INFO  [BrowserSelenium] ENTER --> (_parseElementOnXpath)
17:17:32,698 INFO  [BrowserSelenium] (_parseElementOnXpath) -> //a[@href='/jbilling/config/index'] is used
17:17:32,698 INFO  [BrowserSelenium] EXIT --> (_parseElementOnXpath)
17:17:32,698 INFO  [BrowserSelenium] EXIT --> (_getByLocator)
17:17:32,718 INFO  [BrowserSelenium] ENTER --> (_getByLocator)
17:17:32,718 INFO  [BrowserSelenium] (_getByLocator) -> Getting locator for null
17:17:32,718 INFO  [BrowserSelenium] (_getByLocator) -> Locator info found for XPATH attribute as: //a[@href='/jbilling/config/index']
17:17:32,718 INFO  [BrowserSelenium] ENTER --> (_parseElementOnXpath)
17:17:32,728 INFO  [BrowserSelenium] (_parseElementOnXpath) -> //a[@href='/jbilling/config/index'] is used
17:17:32,728 INFO  [BrowserSelenium] EXIT --> (_parseElementOnXpath)
17:17:32,728 INFO  [BrowserSelenium] EXIT --> (_getByLocator)
17:17:32,748 INFO  [BrowserSelenium] ENTER --> (_getByLocator)
17:17:32,748 INFO  [BrowserSelenium] (_getByLocator) -> Getting locator for null
17:17:32,748 INFO  [BrowserSelenium] (_getByLocator) -> Locator info found for XPATH attribute as: //a[@href='/jbilling/config/index']
17:17:32,748 INFO  [BrowserSelenium] ENTER --> (_parseElementOnXpath)
17:17:32,748 INFO  [BrowserSelenium] (_parseElementOnXpath) -> //a[@href='/jbilling/config/index'] is used
17:17:32,748 INFO  [BrowserSelenium] EXIT --> (_parseElementOnXpath)
17:17:32,748 INFO  [BrowserSelenium] EXIT --> (_getByLocator)
17:17:32,768 INFO  [BrowserSelenium] ENTER --> (_getByLocator)
17:17:32,768 INFO  [BrowserSelenium] (_getByLocator) -> Getting locator for null
17:17:32,768 INFO  [BrowserSelenium] (_getByLocator) -> Locator info found for XPATH attribute as: //a[@href='/jbilling/config/index']
17:17:32,768 INFO  [BrowserSelenium] ENTER --> (_parseElementOnXpath)
17:17:32,768 INFO  [BrowserSelenium] (_parseElementOnXpath) -> //a[@href='/jbilling/config/index'] is used
17:17:32,768 INFO  [BrowserSelenium] EXIT --> (_parseElementOnXpath)
17:17:32,768 INFO  [BrowserSelenium] EXIT --> (_getByLocator)
17:17:32,788 INFO  [BrowserSelenium] ENTER --> (_getByLocator)
17:17:32,788 INFO  [BrowserSelenium] (_getByLocator) -> Getting locator for null
17:17:32,788 INFO  [BrowserSelenium] (_getByLocator) -> Locator info found for XPATH attribute as: //a[@href='/jbilling/config/index']
17:17:32,788 INFO  [BrowserSelenium] ENTER --> (_parseElementOnXpath)
17:17:32,788 INFO  [BrowserSelenium] (_parseElementOnXpath) -> //a[@href='/jbilling/config/index'] is used
17:17:32,788 INFO  [BrowserSelenium] EXIT --> (_parseElementOnXpath)
17:17:32,788 INFO  [BrowserSelenium] EXIT --> (_getByLocator)
17:17:32,808 INFO  [BrowserSelenium] ENTER --> (_getByLocator)
17:17:32,808 INFO  [BrowserSelenium] (_getByLocator) -> Getting locator for null
17:17:32,808 INFO  [BrowserSelenium] (_getByLocator) -> Locator info found for XPATH attribute as: //a[@href='/jbilling/config/index']
17:17:32,808 INFO  [BrowserSelenium] ENTER --> (_parseElementOnXpath)
17:17:32,808 INFO  [BrowserSelenium] (_parseElementOnXpath) -> //a[@href='/jbilling/config/index'] is used
17:17:32,808 INFO  [BrowserSelenium] EXIT --> (_parseElementOnXpath)
17:17:32,808 INFO  [BrowserSelenium] EXIT --> (_getByLocator)
17:17:32,838 INFO  [BrowserSelenium] ENTER --> (_getByLocator)
17:17:32,838 INFO  [BrowserSelenium] (_getByLocator) -> Getting locator for null
17:17:32,838 INFO  [BrowserSelenium] (_getByLocator) -> Locator info found for XPATH attribute as: //a[@href='/jbilling/config/index']
17:17:32,838 INFO  [BrowserSelenium] ENTER --> (_parseElementOnXpath)
17:17:32,838 INFO  [BrowserSelenium] (_parseElementOnXpath) -> //a[@href='/jbilling/config/index'] is used
17:17:32,838 INFO  [BrowserSelenium] EXIT --> (_parseElementOnXpath)
17:17:32,838 INFO  [BrowserSelenium] EXIT --> (_getByLocator)
17:17:32,858 INFO  [BrowserSelenium] ENTER --> (_getByLocator)
17:17:32,858 INFO  [BrowserSelenium] (_getByLocator) -> Getting locator for null
17:17:32,858 INFO  [BrowserSelenium] (_getByLocator) -> Locator info found for XPATH attribute as: //a[@href='/jbilling/config/index']
17:17:32,858 INFO  [BrowserSelenium] ENTER --> (_parseElementOnXpath)
17:17:32,858 INFO  [BrowserSelenium] (_parseElementOnXpath) -> //a[@href='/jbilling/config/index'] is used
17:17:32,858 INFO  [BrowserSelenium] EXIT --> (_parseElementOnXpath)
17:17:32,858 INFO  [BrowserSelenium] EXIT --> (_getByLocator)
17:17:32,878 INFO  [BrowserSelenium] ENTER --> (_getByLocator)
17:17:32,878 INFO  [BrowserSelenium] (_getByLocator) -> Getting locator for null
17:17:32,878 INFO  [BrowserSelenium] (_getByLocator) -> Locator info found for XPATH attribute as: //a[@href='/jbilling/config/index']
17:17:32,878 INFO  [BrowserSelenium] ENTER --> (_parseElementOnXpath)
17:17:32,878 INFO  [BrowserSelenium] (_parseElementOnXpath) -> //a[@href='/jbilling/config/index'] is used
17:17:32,878 INFO  [BrowserSelenium] EXIT --> (_parseElementOnXpath)
17:17:32,878 INFO  [BrowserSelenium] EXIT --> (_getByLocator)
17:17:32,898 INFO  [BrowserSelenium] ENTER --> (_getByLocator)
17:17:32,898 INFO  [BrowserSelenium] (_getByLocator) -> Getting locator for null
17:17:32,898 INFO  [BrowserSelenium] (_getByLocator) -> Locator info found for XPATH attribute as: //a[@href='/jbilling/config/index']
17:17:32,898 INFO  [BrowserSelenium] ENTER --> (_parseElementOnXpath)
17:17:32,898 INFO  [BrowserSelenium] (_parseElementOnXpath) -> //a[@href='/jbilling/config/index'] is used
17:17:32,898 INFO  [BrowserSelenium] EXIT --> (_parseElementOnXpath)
17:17:32,898 INFO  [BrowserSelenium] EXIT --> (_getByLocator)
17:17:32,918 INFO  [BrowserSelenium] ENTER --> (_getByLocator)
17:17:32,918 INFO  [BrowserSelenium] (_getByLocator) -> Getting locator for null
17:17:32,918 INFO  [BrowserSelenium] (_getByLocator) -> Locator info found for XPATH attribute as: //a[@href='/jbilling/config/index']
17:17:32,918 INFO  [BrowserSelenium] ENTER --> (_parseElementOnXpath)
17:17:32,918 INFO  [BrowserSelenium] (_parseElementOnXpath) -> //a[@href='/jbilling/config/index'] is used
17:17:32,918 INFO  [BrowserSelenium] EXIT --> (_parseElementOnXpath)
17:17:32,918 INFO  [BrowserSelenium] EXIT --> (_getByLocator)
17:17:32,938 INFO  [BrowserSelenium] ENTER --> (_getByLocator)
17:17:32,938 INFO  [BrowserSelenium] (_getByLocator) -> Getting locator for null
17:17:32,938 INFO  [BrowserSelenium] (_getByLocator) -> Locator info found for XPATH attribute as: //a[@href='/jbilling/config/index']
17:17:32,938 INFO  [BrowserSelenium] ENTER --> (_parseElementOnXpath)
17:17:32,938 INFO  [BrowserSelenium] (_parseElementOnXpath) -> //a[@href='/jbilling/config/index'] is used
17:17:32,938 INFO  [BrowserSelenium] EXIT --> (_parseElementOnXpath)
17:17:32,938 INFO  [BrowserSelenium] EXIT --> (_getByLocator)
17:17:32,958 INFO  [BrowserSelenium] ENTER --> (_getByLocator)
17:17:32,958 INFO  [BrowserSelenium] (_getByLocator) -> Getting locator for null
17:17:32,958 INFO  [BrowserSelenium] (_getByLocator) -> Locator info found for XPATH attribute as: //a[@href='/jbilling/config/index']
17:17:32,958 INFO  [BrowserSelenium] ENTER --> (_parseElementOnXpath)
17:17:32,958 INFO  [BrowserSelenium] (_parseElementOnXpath) -> //a[@href='/jbilling/config/index'] is used
17:17:32,958 INFO  [BrowserSelenium] EXIT --> (_parseElementOnXpath)
17:17:32,958 INFO  [BrowserSelenium] EXIT --> (_getByLocator)
17:17:32,978 INFO  [BrowserSelenium] ENTER --> (_getByLocator)
17:17:32,978 INFO  [BrowserSelenium] (_getByLocator) -> Getting locator for null
17:17:32,978 INFO  [BrowserSelenium] (_getByLocator) -> Locator info found for XPATH attribute as: //a[@href='/jbilling/config/index']
17:17:32,978 INFO  [BrowserSelenium] ENTER --> (_parseElementOnXpath)
17:17:32,978 INFO  [BrowserSelenium] (_parseElementOnXpath) -> //a[@href='/jbilling/config/index'] is used
17:17:32,978 INFO  [BrowserSelenium] EXIT --> (_parseElementOnXpath)
17:17:32,988 INFO  [BrowserSelenium] EXIT --> (_getByLocator)
17:17:32,998 INFO  [BrowserSelenium] ENTER --> (_getByLocator)
17:17:32,998 INFO  [BrowserSelenium] (_getByLocator) -> Getting locator for null
17:17:32,998 INFO  [BrowserSelenium] (_getByLocator) -> Locator info found for XPATH attribute as: //a[@href='/jbilling/config/index']
17:17:32,998 INFO  [BrowserSelenium] ENTER --> (_parseElementOnXpath)
17:17:32,998 INFO  [BrowserSelenium] (_parseElementOnXpath) -> //a[@href='/jbilling/config/index'] is used
17:17:32,998 INFO  [BrowserSelenium] EXIT --> (_parseElementOnXpath)
17:17:32,998 INFO  [BrowserSelenium] EXIT --> (_getByLocator)
17:17:33,018 INFO  [BrowserSelenium] ENTER --> (_getByLocator)
17:17:33,018 INFO  [BrowserSelenium] (_getByLocator) -> Getting locator for null
17:17:33,018 INFO  [BrowserSelenium] (_getByLocator) -> Locator info found for XPATH attribute as: //a[@href='/jbilling/config/index']
17:17:33,018 INFO  [BrowserSelenium] ENTER --> (_parseElementOnXpath)
17:17:33,018 INFO  [BrowserSelenium] (_parseElementOnXpath) -> //a[@href='/jbilling/config/index'] is used
17:17:33,018 INFO  [BrowserSelenium] EXIT --> (_parseElementOnXpath)
17:17:33,018 INFO  [BrowserSelenium] EXIT --> (_getByLocator)
17:17:33,038 INFO  [BrowserSelenium] ENTER --> (_getByLocator)
17:17:33,038 INFO  [BrowserSelenium] (_getByLocator) -> Getting locator for null
17:17:33,038 INFO  [BrowserSelenium] (_getByLocator) -> Locator info found for XPATH attribute as: //a[@href='/jbilling/config/index']
17:17:33,038 INFO  [BrowserSelenium] ENTER --> (_parseElementOnXpath)
17:17:33,038 INFO  [BrowserSelenium] (_parseElementOnXpath) -> //a[@href='/jbilling/config/index'] is used
17:17:33,038 INFO  [BrowserSelenium] EXIT --> (_parseElementOnXpath)
17:17:33,038 INFO  [BrowserSelenium] EXIT --> (_getByLocator)
17:17:33,068 INFO  [BrowserSelenium] ENTER --> (_getByLocator)
17:17:33,068 INFO  [BrowserSelenium] (_getByLocator) -> Getting locator for null
17:17:33,068 INFO  [BrowserSelenium] (_getByLocator) -> Locator info found for XPATH attribute as: //a[@href='/jbilling/config/index']
17:17:33,068 INFO  [BrowserSelenium] ENTER --> (_parseElementOnXpath)
17:17:33,068 INFO  [BrowserSelenium] (_parseElementOnXpath) -> //a[@href='/jbilling/config/index'] is used
17:17:33,068 INFO  [BrowserSelenium] EXIT --> (_parseElementOnXpath)
17:17:33,068 INFO  [BrowserSelenium] EXIT --> (_getByLocator)
17:17:33,098 INFO  [BrowserSelenium] ENTER --> (_getByLocator)
17:17:33,098 INFO  [BrowserSelenium] (_getByLocator) -> Getting locator for null
17:17:33,098 INFO  [BrowserSelenium] (_getByLocator) -> Locator info found for XPATH attribute as: //a[@href='/jbilling/config/index']
17:17:33,098 INFO  [BrowserSelenium] ENTER --> (_parseElementOnXpath)
17:17:33,098 INFO  [BrowserSelenium] (_parseElementOnXpath) -> //a[@href='/jbilling/config/index'] is used
17:17:33,098 INFO  [BrowserSelenium] EXIT --> (_parseElementOnXpath)
17:17:33,098 INFO  [BrowserSelenium] EXIT --> (_getByLocator)
17:17:33,131 INFO  [BrowserSelenium] ENTER --> (_getByLocator)
17:17:33,131 INFO  [BrowserSelenium] (_getByLocator) -> Getting locator for null
17:17:33,131 INFO  [BrowserSelenium] (_getByLocator) -> Locator info found for XPATH attribute as: //a[@href='/jbilling/config/index']
17:17:33,131 INFO  [BrowserSelenium] ENTER --> (_parseElementOnXpath)
17:17:33,132 INFO  [BrowserSelenium] (_parseElementOnXpath) -> //a[@href='/jbilling/config/index'] is used
17:17:33,132 INFO  [BrowserSelenium] EXIT --> (_parseElementOnXpath)
17:17:33,132 INFO  [BrowserSelenium] EXIT --> (_getByLocator)
17:17:33,180 INFO  [BrowserSelenium] ENTER --> (_getByLocator)
17:17:33,180 INFO  [BrowserSelenium] (_getByLocator) -> Getting locator for null
17:17:33,180 INFO  [BrowserSelenium] (_getByLocator) -> Locator info found for XPATH attribute as: //a[@href='/jbilling/config/index']
17:17:33,180 INFO  [BrowserSelenium] ENTER --> (_parseElementOnXpath)
17:17:33,180 INFO  [BrowserSelenium] (_parseElementOnXpath) -> //a[@href='/jbilling/config/index'] is used
17:17:33,180 INFO  [BrowserSelenium] EXIT --> (_parseElementOnXpath)
17:17:33,180 INFO  [BrowserSelenium] EXIT --> (_getByLocator)
17:17:33,200 INFO  [BrowserSelenium] ENTER --> (_getByLocator)
17:17:33,200 INFO  [BrowserSelenium] (_getByLocator) -> Getting locator for null
17:17:33,200 INFO  [BrowserSelenium] (_getByLocator) -> Locator info found for XPATH attribute as: //a[@href='/jbilling/config/index']
17:17:33,200 INFO  [BrowserSelenium] ENTER --> (_parseElementOnXpath)
17:17:33,200 INFO  [BrowserSelenium] (_parseElementOnXpath) -> //a[@href='/jbilling/config/index'] is used
17:17:33,200 INFO  [BrowserSelenium] EXIT --> (_parseElementOnXpath)
17:17:33,200 INFO  [BrowserSelenium] EXIT --> (_getByLocator)
17:17:33,220 INFO  [BrowserSelenium] ENTER --> (_getByLocator)
17:17:33,220 INFO  [BrowserSelenium] (_getByLocator) -> Getting locator for null
17:17:33,220 INFO  [BrowserSelenium] (_getByLocator) -> Locator info found for XPATH attribute as: //a[@href='/jbilling/config/index']
17:17:33,220 INFO  [BrowserSelenium] ENTER --> (_parseElementOnXpath)
17:17:33,220 INFO  [BrowserSelenium] (_parseElementOnXpath) -> //a[@href='/jbilling/config/index'] is used
17:17:33,220 INFO  [BrowserSelenium] EXIT --> (_parseElementOnXpath)
17:17:33,220 INFO  [BrowserSelenium] EXIT --> (_getByLocator)
17:17:33,240 INFO  [BrowserSelenium] ENTER --> (_getByLocator)
17:17:33,240 INFO  [BrowserSelenium] (_getByLocator) -> Getting locator for null
17:17:33,240 INFO  [BrowserSelenium] (_getByLocator) -> Locator info found for XPATH attribute as: //a[@href='/jbilling/config/index']
17:17:33,240 INFO  [BrowserSelenium] ENTER --> (_parseElementOnXpath)
17:17:33,240 INFO  [BrowserSelenium] (_parseElementOnXpath) -> //a[@href='/jbilling/config/index'] is used
17:17:33,240 INFO  [BrowserSelenium] EXIT --> (_parseElementOnXpath)
17:17:33,240 INFO  [BrowserSelenium] EXIT --> (_getByLocator)
17:17:33,260 INFO  [BrowserSelenium] ENTER --> (_getByLocator)
17:17:33,260 INFO  [BrowserSelenium] (_getByLocator) -> Getting locator for null
17:17:33,270 INFO  [BrowserSelenium] (_getByLocator) -> Locator info found for XPATH attribute as: //a[@href='/jbilling/config/index']
17:17:33,270 INFO  [BrowserSelenium] ENTER --> (_parseElementOnXpath)
17:17:33,270 INFO  [BrowserSelenium] (_parseElementOnXpath) -> //a[@href='/jbilling/config/index'] is used
17:17:33,270 INFO  [BrowserSelenium] EXIT --> (_parseElementOnXpath)
17:17:33,270 INFO  [BrowserSelenium] EXIT --> (_getByLocator)
17:17:33,290 INFO  [BrowserSelenium] ENTER --> (_getByLocator)
17:17:33,290 INFO  [BrowserSelenium] (_getByLocator) -> Getting locator for null
17:17:33,290 INFO  [BrowserSelenium] (_getByLocator) -> Locator info found for XPATH attribute as: //a[@href='/jbilling/config/index']
17:17:33,290 INFO  [BrowserSelenium] ENTER --> (_parseElementOnXpath)
17:17:33,290 INFO  [BrowserSelenium] (_parseElementOnXpath) -> //a[@href='/jbilling/config/index'] is used
17:17:33,290 INFO  [BrowserSelenium] EXIT --> (_parseElementOnXpath)
17:17:33,290 INFO  [BrowserSelenium] EXIT --> (_getByLocator)
17:17:33,320 INFO  [BrowserSelenium] ENTER --> (_getByLocator)
17:17:33,320 INFO  [BrowserSelenium] (_getByLocator) -> Getting locator for null
17:17:33,320 INFO  [BrowserSelenium] (_getByLocator) -> Locator info found for XPATH attribute as: //a[@href='/jbilling/config/index']
17:17:33,320 INFO  [BrowserSelenium] ENTER --> (_parseElementOnXpath)
17:17:33,320 INFO  [BrowserSelenium] (_parseElementOnXpath) -> //a[@href='/jbilling/config/index'] is used
17:17:33,320 INFO  [BrowserSelenium] EXIT --> (_parseElementOnXpath)
17:17:33,320 INFO  [BrowserSelenium] EXIT --> (_getByLocator)
17:17:33,340 INFO  [BrowserSelenium] ENTER --> (_getByLocator)
17:17:33,340 INFO  [BrowserSelenium] (_getByLocator) -> Getting locator for null
17:17:33,340 INFO  [BrowserSelenium] (_getByLocator) -> Locator info found for XPATH attribute as: //a[@href='/jbilling/config/index']
17:17:33,340 INFO  [BrowserSelenium] ENTER --> (_parseElementOnXpath)
17:17:33,340 INFO  [BrowserSelenium] (_parseElementOnXpath) -> //a[@href='/jbilling/config/index'] is used
17:17:33,340 INFO  [BrowserSelenium] EXIT --> (_parseElementOnXpath)
17:17:33,340 INFO  [BrowserSelenium] EXIT --> (_getByLocator)
17:17:33,360 INFO  [BrowserSelenium] ENTER --> (_getByLocator)
17:17:33,360 INFO  [BrowserSelenium] (_getByLocator) -> Getting locator for null
17:17:33,360 INFO  [BrowserSelenium] (_getByLocator) -> Locator info found for XPATH attribute as: //a[@href='/jbilling/config/index']
17:17:33,360 INFO  [BrowserSelenium] ENTER --> (_parseElementOnXpath)
17:17:33,360 INFO  [BrowserSelenium] (_parseElementOnXpath) -> //a[@href='/jbilling/config/index'] is used
17:17:33,360 INFO  [BrowserSelenium] EXIT --> (_parseElementOnXpath)
17:17:33,360 INFO  [BrowserSelenium] EXIT --> (_getByLocator)
17:17:33,380 INFO  [BrowserSelenium] ENTER --> (_getByLocator)
17:17:33,380 INFO  [BrowserSelenium] (_getByLocator) -> Getting locator for null
17:17:33,380 INFO  [BrowserSelenium] (_getByLocator) -> Locator info found for XPATH attribute as: //a[@href='/jbilling/config/index']
17:17:33,380 INFO  [BrowserSelenium] ENTER --> (_parseElementOnXpath)
17:17:33,380 INFO  [BrowserSelenium] (_parseElementOnXpath) -> //a[@href='/jbilling/config/index'] is used
17:17:33,380 INFO  [BrowserSelenium] EXIT --> (_parseElementOnXpath)
17:17:33,380 INFO  [BrowserSelenium] EXIT --> (_getByLocator)
17:17:33,400 INFO  [BrowserSelenium] ENTER --> (_getByLocator)
17:17:33,400 INFO  [BrowserSelenium] (_getByLocator) -> Getting locator for null
17:17:33,400 INFO  [BrowserSelenium] (_getByLocator) -> Locator info found for XPATH attribute as: //a[@href='/jbilling/config/index']
17:17:33,400 INFO  [BrowserSelenium] ENTER --> (_parseElementOnXpath)
17:17:33,400 INFO  [BrowserSelenium] (_parseElementOnXpath) -> //a[@href='/jbilling/config/index'] is used
17:17:33,400 INFO  [BrowserSelenium] EXIT --> (_parseElementOnXpath)
17:17:33,400 INFO  [BrowserSelenium] EXIT --> (_getByLocator)
17:17:33,420 INFO  [BrowserSelenium] ENTER --> (_getByLocator)
17:17:33,420 INFO  [BrowserSelenium] (_getByLocator) -> Getting locator for null
17:17:33,420 INFO  [BrowserSelenium] (_getByLocator) -> Locator info found for XPATH attribute as: //a[@href='/jbilling/config/index']
17:17:33,420 INFO  [BrowserSelenium] ENTER --> (_parseElementOnXpath)
17:17:33,420 INFO  [BrowserSelenium] (_parseElementOnXpath) -> //a[@href='/jbilling/config/index'] is used
17:17:33,420 INFO  [BrowserSelenium] EXIT --> (_parseElementOnXpath)
17:17:33,420 INFO  [BrowserSelenium] EXIT --> (_getByLocator)
17:17:33,450 INFO  [BrowserSelenium] ENTER --> (_getByLocator)
17:17:33,450 INFO  [BrowserSelenium] (_getByLocator) -> Getting locator for null
17:17:33,450 INFO  [BrowserSelenium] (_getByLocator) -> Locator info found for XPATH attribute as: //a[@href='/jbilling/config/index']
17:17:33,450 INFO  [BrowserSelenium] ENTER --> (_parseElementOnXpath)
17:17:33,450 INFO  [BrowserSelenium] (_parseElementOnXpath) -> //a[@href='/jbilling/config/index'] is used
17:17:33,450 INFO  [BrowserSelenium] EXIT --> (_parseElementOnXpath)
17:17:33,450 INFO  [BrowserSelenium] EXIT --> (_getByLocator)
17:17:33,470 INFO  [BrowserSelenium] ENTER --> (_getByLocator)
17:17:33,470 INFO  [BrowserSelenium] (_getByLocator) -> Getting locator for null
17:17:33,470 INFO  [BrowserSelenium] (_getByLocator) -> Locator info found for XPATH attribute as: //a[@href='/jbilling/config/index']
17:17:33,470 INFO  [BrowserSelenium] ENTER --> (_parseElementOnXpath)
17:17:33,470 INFO  [BrowserSelenium] (_parseElementOnXpath) -> //a[@href='/jbilling/config/index'] is used
17:17:33,470 INFO  [BrowserSelenium] EXIT --> (_parseElementOnXpath)
17:17:33,470 INFO  [BrowserSelenium] EXIT --> (_getByLocator)
17:17:33,500 INFO  [BrowserSelenium] ENTER --> (_getByLocator)
17:17:33,500 INFO  [BrowserSelenium] (_getByLocator) -> Getting locator for null
17:17:33,500 INFO  [BrowserSelenium] (_getByLocator) -> Locator info found for XPATH attribute as: //a[@href='/jbilling/config/index']
17:17:33,510 INFO  [BrowserSelenium] ENTER --> (_parseElementOnXpath)
17:17:33,510 INFO  [BrowserSelenium] (_parseElementOnXpath) -> //a[@href='/jbilling/config/index'] is used
17:17:33,510 INFO  [BrowserSelenium] EXIT --> (_parseElementOnXpath)
17:17:33,510 INFO  [BrowserSelenium] EXIT --> (_getByLocator)
17:17:33,545 INFO  [BrowserSelenium] ENTER --> (_getByLocator)
17:17:33,545 INFO  [BrowserSelenium] (_getByLocator) -> Getting locator for null
17:17:33,545 INFO  [BrowserSelenium] (_getByLocator) -> Locator info found for XPATH attribute as: //a[@href='/jbilling/config/index']
17:17:33,546 INFO  [BrowserSelenium] ENTER --> (_parseElementOnXpath)
17:17:33,546 INFO  [BrowserSelenium] (_parseElementOnXpath) -> //a[@href='/jbilling/config/index'] is used
17:17:33,546 INFO  [BrowserSelenium] EXIT --> (_parseElementOnXpath)
17:17:33,546 INFO  [BrowserSelenium] EXIT --> (_getByLocator)
17:17:33,562 INFO  [BrowserSelenium] ENTER --> (_getByLocator)
17:17:33,562 INFO  [BrowserSelenium] (_getByLocator) -> Getting locator for null
17:17:33,562 INFO  [BrowserSelenium] (_getByLocator) -> Locator info found for XPATH attribute as: //a[@href='/jbilling/config/index']
17:17:33,562 INFO  [BrowserSelenium] ENTER --> (_parseElementOnXpath)
17:17:33,562 INFO  [BrowserSelenium] (_parseElementOnXpath) -> //a[@href='/jbilling/config/index'] is used
17:17:33,562 INFO  [BrowserSelenium] EXIT --> (_parseElementOnXpath)
17:17:33,562 INFO  [BrowserSelenium] EXIT --> (_getByLocator)
17:17:33,592 INFO  [BrowserSelenium] ENTER --> (_getByLocator)
17:17:33,592 INFO  [BrowserSelenium] (_getByLocator) -> Getting locator for null
17:17:33,592 INFO  [BrowserSelenium] (_getByLocator) -> Locator info found for XPATH attribute as: //a[@href='/jbilling/config/index']
17:17:33,592 INFO  [BrowserSelenium] ENTER --> (_parseElementOnXpath)
17:17:33,592 INFO  [BrowserSelenium] (_parseElementOnXpath) -> //a[@href='/jbilling/config/index'] is used
17:17:33,592 INFO  [BrowserSelenium] EXIT --> (_parseElementOnXpath)
17:17:33,592 INFO  [BrowserSelenium] EXIT --> (_getByLocator)
17:17:33,612 INFO  [BrowserSelenium] ENTER --> (_getByLocator)
17:17:33,612 INFO  [BrowserSelenium] (_getByLocator) -> Getting locator for null
17:17:33,612 INFO  [BrowserSelenium] (_getByLocator) -> Locator info found for XPATH attribute as: //a[@href='/jbilling/config/index']
17:17:33,612 INFO  [BrowserSelenium] ENTER --> (_parseElementOnXpath)
17:17:33,612 INFO  [BrowserSelenium] (_parseElementOnXpath) -> //a[@href='/jbilling/config/index'] is used
17:17:33,612 INFO  [BrowserSelenium] EXIT --> (_parseElementOnXpath)
17:17:33,612 INFO  [BrowserSelenium] EXIT --> (_getByLocator)
17:17:33,642 INFO  [BrowserSelenium] ENTER --> (_getByLocator)
17:17:33,642 INFO  [BrowserSelenium] (_getByLocator) -> Getting locator for null
17:17:33,642 INFO  [BrowserSelenium] (_getByLocator) -> Locator info found for XPATH attribute as: //a[@href='/jbilling/config/index']
17:17:33,642 INFO  [BrowserSelenium] ENTER --> (_parseElementOnXpath)
17:17:33,642 INFO  [BrowserSelenium] (_parseElementOnXpath) -> //a[@href='/jbilling/config/index'] is used
17:17:33,642 INFO  [BrowserSelenium] EXIT --> (_parseElementOnXpath)
17:17:33,642 INFO  [BrowserSelenium] EXIT --> (_getByLocator)
17:17:33,662 INFO  [BrowserSelenium] ENTER --> (_getByLocator)
17:17:33,662 INFO  [BrowserSelenium] (_getByLocator) -> Getting locator for null
17:17:33,662 INFO  [BrowserSelenium] (_getByLocator) -> Locator info found for XPATH attribute as: //a[@href='/jbilling/config/index']
17:17:33,662 INFO  [BrowserSelenium] ENTER --> (_parseElementOnXpath)
17:17:33,662 INFO  [BrowserSelenium] (_parseElementOnXpath) -> //a[@href='/jbilling/config/index'] is used
17:17:33,662 INFO  [BrowserSelenium] EXIT --> (_parseElementOnXpath)
17:17:33,662 INFO  [BrowserSelenium] EXIT --> (_getByLocator)
17:17:33,682 INFO  [BrowserSelenium] ENTER --> (_getByLocator)
17:17:33,682 INFO  [BrowserSelenium] (_getByLocator) -> Getting locator for null
17:17:33,682 INFO  [BrowserSelenium] (_getByLocator) -> Locator info found for XPATH attribute as: //a[@href='/jbilling/config/index']
17:17:33,682 INFO  [BrowserSelenium] ENTER --> (_parseElementOnXpath)
17:17:33,682 INFO  [BrowserSelenium] (_parseElementOnXpath) -> //a[@href='/jbilling/config/index'] is used
17:17:33,682 INFO  [BrowserSelenium] EXIT --> (_parseElementOnXpath)
17:17:33,692 INFO  [BrowserSelenium] EXIT --> (_getByLocator)
17:17:33,712 INFO  [BrowserSelenium] ENTER --> (_getByLocator)
17:17:33,712 INFO  [BrowserSelenium] (_getByLocator) -> Getting locator for null
17:17:33,712 INFO  [BrowserSelenium] (_getByLocator) -> Locator info found for XPATH attribute as: //a[@href='/jbilling/config/index']
17:17:33,712 INFO  [BrowserSelenium] ENTER --> (_parseElementOnXpath)
17:17:33,712 INFO  [BrowserSelenium] (_parseElementOnXpath) -> //a[@href='/jbilling/config/index'] is used
17:17:33,712 INFO  [BrowserSelenium] EXIT --> (_parseElementOnXpath)
17:17:33,712 INFO  [BrowserSelenium] EXIT --> (_getByLocator)
17:17:33,732 INFO  [BrowserSelenium] ENTER --> (_getByLocator)
17:17:33,732 INFO  [BrowserSelenium] (_getByLocator) -> Getting locator for null
17:17:33,732 INFO  [BrowserSelenium] (_getByLocator) -> Locator info found for XPATH attribute as: //a[@href='/jbilling/config/index']
17:17:33,732 INFO  [BrowserSelenium] ENTER --> (_parseElementOnXpath)
17:17:33,732 INFO  [BrowserSelenium] (_parseElementOnXpath) -> //a[@href='/jbilling/config/index'] is used
17:17:33,732 INFO  [BrowserSelenium] EXIT --> (_parseElementOnXpath)
17:17:33,732 INFO  [BrowserSelenium] EXIT --> (_getByLocator)
17:17:33,762 INFO  [BrowserSelenium] ENTER --> (_getByLocator)
17:17:33,762 INFO  [BrowserSelenium] (_getByLocator) -> Getting locator for null
17:17:33,762 INFO  [BrowserSelenium] (_getByLocator) -> Locator info found for XPATH attribute as: //a[@href='/jbilling/config/index']
17:17:33,762 INFO  [BrowserSelenium] ENTER --> (_parseElementOnXpath)
17:17:33,762 INFO  [BrowserSelenium] (_parseElementOnXpath) -> //a[@href='/jbilling/config/index'] is used
17:17:33,762 INFO  [BrowserSelenium] EXIT --> (_parseElementOnXpath)
17:17:33,762 INFO  [BrowserSelenium] EXIT --> (_getByLocator)
17:17:33,782 INFO  [BrowserSelenium] ENTER --> (_getByLocator)
17:17:33,782 INFO  [BrowserSelenium] (_getByLocator) -> Getting locator for null
17:17:33,782 INFO  [BrowserSelenium] (_getByLocator) -> Locator info found for XPATH attribute as: //a[@href='/jbilling/config/index']
17:17:33,782 INFO  [BrowserSelenium] ENTER --> (_parseElementOnXpath)
17:17:33,782 INFO  [BrowserSelenium] (_parseElementOnXpath) -> //a[@href='/jbilling/config/index'] is used
17:17:33,782 INFO  [BrowserSelenium] EXIT --> (_parseElementOnXpath)
17:17:33,782 INFO  [BrowserSelenium] EXIT --> (_getByLocator)
17:17:33,812 INFO  [BrowserSelenium] ENTER --> (_getByLocator)
17:17:33,812 INFO  [BrowserSelenium] (_getByLocator) -> Getting locator for null
17:17:33,812 INFO  [BrowserSelenium] (_getByLocator) -> Locator info found for XPATH attribute as: //a[@href='/jbilling/config/index']
17:17:33,812 INFO  [BrowserSelenium] ENTER --> (_parseElementOnXpath)
17:17:33,812 INFO  [BrowserSelenium] (_parseElementOnXpath) -> //a[@href='/jbilling/config/index'] is used
17:17:33,812 INFO  [BrowserSelenium] EXIT --> (_parseElementOnXpath)
17:17:33,812 INFO  [BrowserSelenium] EXIT --> (_getByLocator)
17:17:33,832 INFO  [BrowserSelenium] ENTER --> (_getByLocator)
17:17:33,832 INFO  [BrowserSelenium] (_getByLocator) -> Getting locator for null
17:17:33,832 INFO  [BrowserSelenium] (_getByLocator) -> Locator info found for XPATH attribute as: //a[@href='/jbilling/config/index']
17:17:33,832 INFO  [BrowserSelenium] ENTER --> (_parseElementOnXpath)
17:17:33,832 INFO  [BrowserSelenium] (_parseElementOnXpath) -> //a[@href='/jbilling/config/index'] is used
17:17:33,832 INFO  [BrowserSelenium] EXIT --> (_parseElementOnXpath)
17:17:33,832 INFO  [BrowserSelenium] EXIT --> (_getByLocator)
17:17:33,862 INFO  [BrowserSelenium] ENTER --> (_getByLocator)
17:17:33,862 INFO  [BrowserSelenium] (_getByLocator) -> Getting locator for null
17:17:33,862 INFO  [BrowserSelenium] (_getByLocator) -> Locator info found for XPATH attribute as: //a[@href='/jbilling/config/index']
17:17:33,862 INFO  [BrowserSelenium] ENTER --> (_parseElementOnXpath)
17:17:33,862 INFO  [BrowserSelenium] (_parseElementOnXpath) -> //a[@href='/jbilling/config/index'] is used
17:17:33,862 INFO  [BrowserSelenium] EXIT --> (_parseElementOnXpath)
17:17:33,862 INFO  [BrowserSelenium] EXIT --> (_getByLocator)
17:17:33,872 INFO  [BrowserSelenium] ENTER --> (_getByLocator)
17:17:33,872 INFO  [BrowserSelenium] (_getByLocator) -> Getting locator for null
17:17:33,872 INFO  [BrowserSelenium] (_getByLocator) -> Locator info found for XPATH attribute as: //a[@href='/jbilling/config/index']
17:17:33,872 INFO  [BrowserSelenium] ENTER --> (_parseElementOnXpath)
17:17:33,872 INFO  [BrowserSelenium] (_parseElementOnXpath) -> //a[@href='/jbilling/config/index'] is used
17:17:33,872 INFO  [BrowserSelenium] EXIT --> (_parseElementOnXpath)
17:17:33,872 INFO  [BrowserSelenium] EXIT --> (_getByLocator)
17:17:33,892 INFO  [BrowserSelenium] ENTER --> (_getByLocator)
17:17:33,892 INFO  [BrowserSelenium] (_getByLocator) -> Getting locator for null
17:17:33,892 INFO  [BrowserSelenium] (_getByLocator) -> Locator info found for XPATH attribute as: //a[@href='/jbilling/config/index']
17:17:33,892 INFO  [BrowserSelenium] ENTER --> (_parseElementOnXpath)
17:17:33,892 INFO  [BrowserSelenium] (_parseElementOnXpath) -> //a[@href='/jbilling/config/index'] is used
17:17:33,892 INFO  [BrowserSelenium] EXIT --> (_parseElementOnXpath)
17:17:33,892 INFO  [BrowserSelenium] EXIT --> (_getByLocator)
17:17:33,922 INFO  [BrowserSelenium] ENTER --> (_getByLocator)
17:17:33,922 INFO  [BrowserSelenium] (_getByLocator) -> Getting locator for null
17:17:33,922 INFO  [BrowserSelenium] (_getByLocator) -> Locator info found for XPATH attribute as: //a[@href='/jbilling/config/index']
17:17:33,922 INFO  [BrowserSelenium] ENTER --> (_parseElementOnXpath)
17:17:33,922 INFO  [BrowserSelenium] (_parseElementOnXpath) -> //a[@href='/jbilling/config/index'] is used
17:17:33,922 INFO  [BrowserSelenium] EXIT --> (_parseElementOnXpath)
17:17:33,922 INFO  [BrowserSelenium] EXIT --> (_getByLocator)
17:17:33,942 INFO  [BrowserSelenium] ENTER --> (_getByLocator)
17:17:33,942 INFO  [BrowserSelenium] (_getByLocator) -> Getting locator for null
17:17:33,942 INFO  [BrowserSelenium] (_getByLocator) -> Locator info found for XPATH attribute as: //a[@href='/jbilling/config/index']
17:17:33,942 INFO  [BrowserSelenium] ENTER --> (_parseElementOnXpath)
17:17:33,942 INFO  [BrowserSelenium] (_parseElementOnXpath) -> //a[@href='/jbilling/config/index'] is used
17:17:33,942 INFO  [BrowserSelenium] EXIT --> (_parseElementOnXpath)
17:17:33,942 INFO  [BrowserSelenium] EXIT --> (_getByLocator)
17:17:33,962 INFO  [BrowserSelenium] ENTER --> (_getByLocator)
17:17:33,962 INFO  [BrowserSelenium] (_getByLocator) -> Getting locator for null
17:17:33,962 INFO  [BrowserSelenium] (_getByLocator) -> Locator info found for XPATH attribute as: //a[@href='/jbilling/config/index']
17:17:33,962 INFO  [BrowserSelenium] ENTER --> (_parseElementOnXpath)
17:17:33,962 INFO  [BrowserSelenium] (_parseElementOnXpath) -> //a[@href='/jbilling/config/index'] is used
17:17:33,962 INFO  [BrowserSelenium] EXIT --> (_parseElementOnXpath)
17:17:33,962 INFO  [BrowserSelenium] EXIT --> (_getByLocator)
17:17:33,982 INFO  [BrowserSelenium] ENTER --> (_getByLocator)
17:17:33,982 INFO  [BrowserSelenium] (_getByLocator) -> Getting locator for null
17:17:33,982 INFO  [BrowserSelenium] (_getByLocator) -> Locator info found for XPATH attribute as: //a[@href='/jbilling/config/index']
17:17:33,982 INFO  [BrowserSelenium] ENTER --> (_parseElementOnXpath)
17:17:33,982 INFO  [BrowserSelenium] (_parseElementOnXpath) -> //a[@href='/jbilling/config/index'] is used
17:17:33,982 INFO  [BrowserSelenium] EXIT --> (_parseElementOnXpath)
17:17:33,982 INFO  [BrowserSelenium] EXIT --> (_getByLocator)
17:17:34,002 INFO  [BrowserSelenium] ENTER --> (_getByLocator)
17:17:34,002 INFO  [BrowserSelenium] (_getByLocator) -> Getting locator for null
17:17:34,002 INFO  [BrowserSelenium] (_getByLocator) -> Locator info found for XPATH attribute as: //a[@href='/jbilling/config/index']
17:17:34,002 INFO  [BrowserSelenium] ENTER --> (_parseElementOnXpath)
17:17:34,002 INFO  [BrowserSelenium] (_parseElementOnXpath) -> //a[@href='/jbilling/config/index'] is used
17:17:34,002 INFO  [BrowserSelenium] EXIT --> (_parseElementOnXpath)
17:17:34,002 INFO  [BrowserSelenium] EXIT --> (_getByLocator)
17:17:34,022 INFO  [BrowserSelenium] ENTER --> (_getByLocator)
17:17:34,022 INFO  [BrowserSelenium] (_getByLocator) -> Getting locator for null
17:17:34,022 INFO  [BrowserSelenium] (_getByLocator) -> Locator info found for XPATH attribute as: //a[@href='/jbilling/config/index']
17:17:34,022 INFO  [BrowserSelenium] ENTER --> (_parseElementOnXpath)
17:17:34,022 INFO  [BrowserSelenium] (_parseElementOnXpath) -> //a[@href='/jbilling/config/index'] is used
17:17:34,022 INFO  [BrowserSelenium] EXIT --> (_parseElementOnXpath)
17:17:34,022 INFO  [BrowserSelenium] EXIT --> (_getByLocator)
17:17:34,042 INFO  [BrowserSelenium] ENTER --> (_getByLocator)
17:17:34,042 INFO  [BrowserSelenium] (_getByLocator) -> Getting locator for null
17:17:34,042 INFO  [BrowserSelenium] (_getByLocator) -> Locator info found for XPATH attribute as: //a[@href='/jbilling/config/index']
17:17:34,042 INFO  [BrowserSelenium] ENTER --> (_parseElementOnXpath)
17:17:34,042 INFO  [BrowserSelenium] (_parseElementOnXpath) -> //a[@href='/jbilling/config/index'] is used
17:17:34,042 INFO  [BrowserSelenium] EXIT --> (_parseElementOnXpath)
17:17:34,042 INFO  [BrowserSelenium] EXIT --> (_getByLocator)
17:17:34,072 INFO  [BrowserSelenium] ENTER --> (_getByLocator)
17:17:34,072 INFO  [BrowserSelenium] (_getByLocator) -> Getting locator for null
17:17:34,072 INFO  [BrowserSelenium] (_getByLocator) -> Locator info found for XPATH attribute as: //a[@href='/jbilling/config/index']
17:17:34,072 INFO  [BrowserSelenium] ENTER --> (_parseElementOnXpath)
17:17:34,072 INFO  [BrowserSelenium] (_parseElementOnXpath) -> //a[@href='/jbilling/config/index'] is used
17:17:34,072 INFO  [BrowserSelenium] EXIT --> (_parseElementOnXpath)
17:17:34,072 INFO  [BrowserSelenium] EXIT --> (_getByLocator)
17:17:34,082 INFO  [BrowserSelenium] ENTER --> (_getByLocator)
17:17:34,092 INFO  [BrowserSelenium] (_getByLocator) -> Getting locator for null
17:17:34,092 INFO  [BrowserSelenium] (_getByLocator) -> Locator info found for XPATH attribute as: //a[@href='/jbilling/config/index']
17:17:34,092 INFO  [BrowserSelenium] ENTER --> (_parseElementOnXpath)
17:17:34,092 INFO  [BrowserSelenium] (_parseElementOnXpath) -> //a[@href='/jbilling/config/index'] is used
17:17:34,092 INFO  [BrowserSelenium] EXIT --> (_parseElementOnXpath)
17:17:34,092 INFO  [BrowserSelenium] EXIT --> (_getByLocator)
17:17:34,102 INFO  [BrowserSelenium] ENTER --> (_getByLocator)
17:17:34,102 INFO  [BrowserSelenium] (_getByLocator) -> Getting locator for null
17:17:34,102 INFO  [BrowserSelenium] (_getByLocator) -> Locator info found for XPATH attribute as: //a[@href='/jbilling/config/index']
17:17:34,102 INFO  [BrowserSelenium] ENTER --> (_parseElementOnXpath)
17:17:34,102 INFO  [BrowserSelenium] (_parseElementOnXpath) -> //a[@href='/jbilling/config/index'] is used
17:17:34,102 INFO  [BrowserSelenium] EXIT --> (_parseElementOnXpath)
17:17:34,102 INFO  [BrowserSelenium] EXIT --> (_getByLocator)
17:17:34,122 INFO  [BrowserSelenium] ENTER --> (_getByLocator)
17:17:34,132 INFO  [BrowserSelenium] (_getByLocator) -> Getting locator for null
17:17:34,132 INFO  [BrowserSelenium] (_getByLocator) -> Locator info found for XPATH attribute as: //a[@href='/jbilling/config/index']
17:17:34,132 INFO  [BrowserSelenium] ENTER --> (_parseElementOnXpath)
17:17:34,132 INFO  [BrowserSelenium] (_parseElementOnXpath) -> //a[@href='/jbilling/config/index'] is used
17:17:34,132 INFO  [BrowserSelenium] EXIT --> (_parseElementOnXpath)
17:17:34,132 INFO  [BrowserSelenium] EXIT --> (_getByLocator)
17:17:34,142 INFO  [BrowserSelenium] ENTER --> (_getByLocator)
17:17:34,142 INFO  [BrowserSelenium] (_getByLocator) -> Getting locator for null
17:17:34,142 INFO  [BrowserSelenium] (_getByLocator) -> Locator info found for XPATH attribute as: //a[@href='/jbilling/config/index']
17:17:34,152 INFO  [BrowserSelenium] ENTER --> (_parseElementOnXpath)
17:17:34,152 INFO  [BrowserSelenium] (_parseElementOnXpath) -> //a[@href='/jbilling/config/index'] is used
17:17:34,152 INFO  [BrowserSelenium] EXIT --> (_parseElementOnXpath)
17:17:34,152 INFO  [BrowserSelenium] EXIT --> (_getByLocator)
17:17:34,172 INFO  [BrowserSelenium] ENTER --> (_getByLocator)
17:17:34,172 INFO  [BrowserSelenium] (_getByLocator) -> Getting locator for null
17:17:34,172 INFO  [BrowserSelenium] (_getByLocator) -> Locator info found for XPATH attribute as: //a[@href='/jbilling/config/index']
17:17:34,172 INFO  [BrowserSelenium] ENTER --> (_parseElementOnXpath)
17:17:34,172 INFO  [BrowserSelenium] (_parseElementOnXpath) -> //a[@href='/jbilling/config/index'] is used
17:17:34,172 INFO  [BrowserSelenium] EXIT --> (_parseElementOnXpath)
17:17:34,172 INFO  [BrowserSelenium] EXIT --> (_getByLocator)
17:17:34,192 INFO  [BrowserSelenium] ENTER --> (_getByLocator)
17:17:34,192 INFO  [BrowserSelenium] (_getByLocator) -> Getting locator for null
17:17:34,192 INFO  [BrowserSelenium] (_getByLocator) -> Locator info found for XPATH attribute as: //a[@href='/jbilling/config/index']
17:17:34,192 INFO  [BrowserSelenium] ENTER --> (_parseElementOnXpath)
17:17:34,192 INFO  [BrowserSelenium] (_parseElementOnXpath) -> //a[@href='/jbilling/config/index'] is used
17:17:34,192 INFO  [BrowserSelenium] EXIT --> (_parseElementOnXpath)
17:17:34,192 INFO  [BrowserSelenium] EXIT --> (_getByLocator)
17:17:34,212 INFO  [BrowserSelenium] ENTER --> (_getByLocator)
17:17:34,212 INFO  [BrowserSelenium] (_getByLocator) -> Getting locator for null
17:17:34,212 INFO  [BrowserSelenium] (_getByLocator) -> Locator info found for XPATH attribute as: //a[@href='/jbilling/config/index']
17:17:34,222 INFO  [BrowserSelenium] ENTER --> (_parseElementOnXpath)
17:17:34,222 INFO  [BrowserSelenium] (_parseElementOnXpath) -> //a[@href='/jbilling/config/index'] is used
17:17:34,222 INFO  [BrowserSelenium] EXIT --> (_parseElementOnXpath)
17:17:34,222 INFO  [BrowserSelenium] EXIT --> (_getByLocator)
17:17:34,232 INFO  [BrowserSelenium] ENTER --> (_getByLocator)
17:17:34,232 INFO  [BrowserSelenium] (_getByLocator) -> Getting locator for null
17:17:34,232 INFO  [BrowserSelenium] (_getByLocator) -> Locator info found for XPATH attribute as: //a[@href='/jbilling/config/index']
17:17:34,232 INFO  [BrowserSelenium] ENTER --> (_parseElementOnXpath)
17:17:34,232 INFO  [BrowserSelenium] (_parseElementOnXpath) -> //a[@href='/jbilling/config/index'] is used
17:17:34,232 INFO  [BrowserSelenium] EXIT --> (_parseElementOnXpath)
17:17:34,232 INFO  [BrowserSelenium] EXIT --> (_getByLocator)
17:17:34,252 INFO  [BrowserSelenium] ENTER --> (_getByLocator)
17:17:34,252 INFO  [BrowserSelenium] (_getByLocator) -> Getting locator for null
17:17:34,252 INFO  [BrowserSelenium] (_getByLocator) -> Locator info found for XPATH attribute as: //a[@href='/jbilling/config/index']
17:17:34,252 INFO  [BrowserSelenium] ENTER --> (_parseElementOnXpath)
17:17:34,252 INFO  [BrowserSelenium] (_parseElementOnXpath) -> //a[@href='/jbilling/config/index'] is used
17:17:34,252 INFO  [BrowserSelenium] EXIT --> (_parseElementOnXpath)
17:17:34,252 INFO  [BrowserSelenium] EXIT --> (_getByLocator)
17:17:34,272 INFO  [BrowserSelenium] ENTER --> (_getByLocator)
17:17:34,272 INFO  [BrowserSelenium] (_getByLocator) -> Getting locator for null
17:17:34,272 INFO  [BrowserSelenium] (_getByLocator) -> Locator info found for XPATH attribute as: //a[@href='/jbilling/config/index']
17:17:34,272 INFO  [BrowserSelenium] ENTER --> (_parseElementOnXpath)
17:17:34,272 INFO  [BrowserSelenium] (_parseElementOnXpath) -> //a[@href='/jbilling/config/index'] is used
17:17:34,272 INFO  [BrowserSelenium] EXIT --> (_parseElementOnXpath)
17:17:34,272 INFO  [BrowserSelenium] EXIT --> (_getByLocator)
17:17:34,292 INFO  [BrowserSelenium] ENTER --> (_getByLocator)
17:17:34,292 INFO  [BrowserSelenium] (_getByLocator) -> Getting locator for null
17:17:34,292 INFO  [BrowserSelenium] (_getByLocator) -> Locator info found for XPATH attribute as: //a[@href='/jbilling/config/index']
17:17:34,292 INFO  [BrowserSelenium] ENTER --> (_parseElementOnXpath)
17:17:34,292 INFO  [BrowserSelenium] (_parseElementOnXpath) -> //a[@href='/jbilling/config/index'] is used
17:17:34,292 INFO  [BrowserSelenium] EXIT --> (_parseElementOnXpath)
17:17:34,292 INFO  [BrowserSelenium] EXIT --> (_getByLocator)
17:17:34,312 INFO  [BrowserSelenium] ENTER --> (_getByLocator)
17:17:34,312 INFO  [BrowserSelenium] (_getByLocator) -> Getting locator for null
17:17:34,312 INFO  [BrowserSelenium] (_getByLocator) -> Locator info found for XPATH attribute as: //a[@href='/jbilling/config/index']
17:17:34,312 INFO  [BrowserSelenium] ENTER --> (_parseElementOnXpath)
17:17:34,312 INFO  [BrowserSelenium] (_parseElementOnXpath) -> //a[@href='/jbilling/config/index'] is used
17:17:34,312 INFO  [BrowserSelenium] EXIT --> (_parseElementOnXpath)
17:17:34,312 INFO  [BrowserSelenium] EXIT --> (_getByLocator)
17:17:34,332 INFO  [BrowserSelenium] ENTER --> (_getByLocator)
17:17:34,332 INFO  [BrowserSelenium] (_getByLocator) -> Getting locator for null
17:17:34,332 INFO  [BrowserSelenium] (_getByLocator) -> Locator info found for XPATH attribute as: //a[@href='/jbilling/config/index']
17:17:34,332 INFO  [BrowserSelenium] ENTER --> (_parseElementOnXpath)
17:17:34,332 INFO  [BrowserSelenium] (_parseElementOnXpath) -> //a[@href='/jbilling/config/index'] is used
17:17:34,332 INFO  [BrowserSelenium] EXIT --> (_parseElementOnXpath)
17:17:34,342 INFO  [BrowserSelenium] EXIT --> (_getByLocator)
17:17:34,362 INFO  [BrowserSelenium] ENTER --> (_getByLocator)
17:17:34,362 INFO  [BrowserSelenium] (_getByLocator) -> Getting locator for null
17:17:34,362 INFO  [BrowserSelenium] (_getByLocator) -> Locator info found for XPATH attribute as: //a[@href='/jbilling/config/index']
17:17:34,362 INFO  [BrowserSelenium] ENTER --> (_parseElementOnXpath)
17:17:34,362 INFO  [BrowserSelenium] (_parseElementOnXpath) -> //a[@href='/jbilling/config/index'] is used
17:17:34,362 INFO  [BrowserSelenium] EXIT --> (_parseElementOnXpath)
17:17:34,362 INFO  [BrowserSelenium] EXIT --> (_getByLocator)
17:17:34,382 INFO  [BrowserSelenium] ENTER --> (_getByLocator)
17:17:34,382 INFO  [BrowserSelenium] (_getByLocator) -> Getting locator for null
17:17:34,382 INFO  [BrowserSelenium] (_getByLocator) -> Locator info found for XPATH attribute as: //a[@href='/jbilling/config/index']
17:17:34,382 INFO  [BrowserSelenium] ENTER --> (_parseElementOnXpath)
17:17:34,382 INFO  [BrowserSelenium] (_parseElementOnXpath) -> //a[@href='/jbilling/config/index'] is used
17:17:34,382 INFO  [BrowserSelenium] EXIT --> (_parseElementOnXpath)
17:17:34,382 INFO  [BrowserSelenium] EXIT --> (_getByLocator)
17:17:34,402 INFO  [BrowserSelenium] ENTER --> (_getByLocator)
17:17:34,402 INFO  [BrowserSelenium] (_getByLocator) -> Getting locator for null
17:17:34,402 INFO  [BrowserSelenium] (_getByLocator) -> Locator info found for XPATH attribute as: //a[@href='/jbilling/config/index']
17:17:34,402 INFO  [BrowserSelenium] ENTER --> (_parseElementOnXpath)
17:17:34,402 INFO  [BrowserSelenium] (_parseElementOnXpath) -> //a[@href='/jbilling/config/index'] is used
17:17:34,402 INFO  [BrowserSelenium] EXIT --> (_parseElementOnXpath)
17:17:34,402 INFO  [BrowserSelenium] EXIT --> (_getByLocator)
17:17:34,432 INFO  [BrowserSelenium] ENTER --> (_getByLocator)
17:17:34,432 INFO  [BrowserSelenium] (_getByLocator) -> Getting locator for null
17:17:34,432 INFO  [BrowserSelenium] (_getByLocator) -> Locator info found for XPATH attribute as: //a[@href='/jbilling/config/index']
17:17:34,432 INFO  [BrowserSelenium] ENTER --> (_parseElementOnXpath)
17:17:34,432 INFO  [BrowserSelenium] (_parseElementOnXpath) -> //a[@href='/jbilling/config/index'] is used
17:17:34,432 INFO  [BrowserSelenium] EXIT --> (_parseElementOnXpath)
17:17:34,432 INFO  [BrowserSelenium] EXIT --> (_getByLocator)
17:17:34,452 INFO  [BrowserSelenium] ENTER --> (_getByLocator)
17:17:34,452 INFO  [BrowserSelenium] (_getByLocator) -> Getting locator for null
17:17:34,452 INFO  [BrowserSelenium] (_getByLocator) -> Locator info found for XPATH attribute as: //a[@href='/jbilling/config/index']
17:17:34,452 INFO  [BrowserSelenium] ENTER --> (_parseElementOnXpath)
17:17:34,452 INFO  [BrowserSelenium] (_parseElementOnXpath) -> //a[@href='/jbilling/config/index'] is used
17:17:34,452 INFO  [BrowserSelenium] EXIT --> (_parseElementOnXpath)
17:17:34,452 INFO  [BrowserSelenium] EXIT --> (_getByLocator)
17:17:34,472 INFO  [BrowserSelenium] ENTER --> (_getByLocator)
17:17:34,472 INFO  [BrowserSelenium] (_getByLocator) -> Getting locator for null
17:17:34,472 INFO  [BrowserSelenium] (_getByLocator) -> Locator info found for XPATH attribute as: //a[@href='/jbilling/config/index']
17:17:34,472 INFO  [BrowserSelenium] ENTER --> (_parseElementOnXpath)
17:17:34,472 INFO  [BrowserSelenium] (_parseElementOnXpath) -> //a[@href='/jbilling/config/index'] is used
17:17:34,472 INFO  [BrowserSelenium] EXIT --> (_parseElementOnXpath)
17:17:34,472 INFO  [BrowserSelenium] EXIT --> (_getByLocator)
17:17:34,492 INFO  [BrowserSelenium] ENTER --> (_getByLocator)
17:17:34,492 INFO  [BrowserSelenium] (_getByLocator) -> Getting locator for null
17:17:34,492 INFO  [BrowserSelenium] (_getByLocator) -> Locator info found for XPATH attribute as: //a[@href='/jbilling/config/index']
17:17:34,492 INFO  [BrowserSelenium] ENTER --> (_parseElementOnXpath)
17:17:34,492 INFO  [BrowserSelenium] (_parseElementOnXpath) -> //a[@href='/jbilling/config/index'] is used
17:17:34,492 INFO  [BrowserSelenium] EXIT --> (_parseElementOnXpath)
17:17:34,492 INFO  [BrowserSelenium] EXIT --> (_getByLocator)
17:17:34,512 INFO  [BrowserSelenium] ENTER --> (_getByLocator)
17:17:34,512 INFO  [BrowserSelenium] (_getByLocator) -> Getting locator for null
17:17:34,512 INFO  [BrowserSelenium] (_getByLocator) -> Locator info found for XPATH attribute as: //a[@href='/jbilling/config/index']
17:17:34,512 INFO  [BrowserSelenium] ENTER --> (_parseElementOnXpath)
17:17:34,512 INFO  [BrowserSelenium] (_parseElementOnXpath) -> //a[@href='/jbilling/config/index'] is used
17:17:34,512 INFO  [BrowserSelenium] EXIT --> (_parseElementOnXpath)
17:17:34,512 INFO  [BrowserSelenium] EXIT --> (_getByLocator)
17:17:34,542 INFO  [BrowserSelenium] ENTER --> (_getByLocator)
17:17:34,542 INFO  [BrowserSelenium] (_getByLocator) -> Getting locator for null
17:17:34,542 INFO  [BrowserSelenium] (_getByLocator) -> Locator info found for XPATH attribute as: //a[@href='/jbilling/config/index']
17:17:34,542 INFO  [BrowserSelenium] ENTER --> (_parseElementOnXpath)
17:17:34,542 INFO  [BrowserSelenium] (_parseElementOnXpath) -> //a[@href='/jbilling/config/index'] is used
17:17:34,542 INFO  [BrowserSelenium] EXIT --> (_parseElementOnXpath)
17:17:34,542 INFO  [BrowserSelenium] EXIT --> (_getByLocator)
17:17:34,582 INFO  [BrowserSelenium] ENTER --> (_getByLocator)
17:17:34,582 INFO  [BrowserSelenium] (_getByLocator) -> Getting locator for null
17:17:34,582 INFO  [BrowserSelenium] (_getByLocator) -> Locator info found for XPATH attribute as: //a[@href='/jbilling/config/index']
17:17:34,583 INFO  [BrowserSelenium] ENTER --> (_parseElementOnXpath)
17:17:34,583 INFO  [BrowserSelenium] (_parseElementOnXpath) -> //a[@href='/jbilling/config/index'] is used
17:17:34,583 INFO  [BrowserSelenium] EXIT --> (_parseElementOnXpath)
17:17:34,583 INFO  [BrowserSelenium] EXIT --> (_getByLocator)
17:17:34,612 INFO  [BrowserSelenium] ENTER --> (_getByLocator)
17:17:34,612 INFO  [BrowserSelenium] (_getByLocator) -> Getting locator for null
17:17:34,613 INFO  [BrowserSelenium] (_getByLocator) -> Locator info found for XPATH attribute as: //a[@href='/jbilling/config/index']
17:17:34,613 INFO  [BrowserSelenium] ENTER --> (_parseElementOnXpath)
17:17:34,615 INFO  [BrowserSelenium] (_parseElementOnXpath) -> //a[@href='/jbilling/config/index'] is used
17:17:34,615 INFO  [BrowserSelenium] EXIT --> (_parseElementOnXpath)
17:17:34,615 INFO  [BrowserSelenium] EXIT --> (_getByLocator)
17:17:34,656 INFO  [BrowserSelenium] ENTER --> (_getByLocator)
17:17:34,656 INFO  [BrowserSelenium] (_getByLocator) -> Getting locator for null
17:17:34,656 INFO  [BrowserSelenium] (_getByLocator) -> Locator info found for XPATH attribute as: //a[@href='/jbilling/config/index']
17:17:34,656 INFO  [BrowserSelenium] ENTER --> (_parseElementOnXpath)
17:17:34,656 INFO  [BrowserSelenium] (_parseElementOnXpath) -> //a[@href='/jbilling/config/index'] is used
17:17:34,657 INFO  [BrowserSelenium] EXIT --> (_parseElementOnXpath)
17:17:34,657 INFO  [BrowserSelenium] EXIT --> (_getByLocator)
17:17:34,685 INFO  [BrowserSelenium] ENTER --> (_getByLocator)
17:17:34,685 INFO  [BrowserSelenium] (_getByLocator) -> Getting locator for null
17:17:34,685 INFO  [BrowserSelenium] (_getByLocator) -> Locator info found for XPATH attribute as: //a[@href='/jbilling/config/index']
17:17:34,685 INFO  [BrowserSelenium] ENTER --> (_parseElementOnXpath)
17:17:34,685 INFO  [BrowserSelenium] (_parseElementOnXpath) -> //a[@href='/jbilling/config/index'] is used
17:17:34,685 INFO  [BrowserSelenium] EXIT --> (_parseElementOnXpath)
17:17:34,685 INFO  [BrowserSelenium] EXIT --> (_getByLocator)
17:17:34,705 INFO  [BrowserSelenium] ENTER --> (_getByLocator)
17:17:34,705 INFO  [BrowserSelenium] (_getByLocator) -> Getting locator for null
17:17:34,705 INFO  [BrowserSelenium] (_getByLocator) -> Locator info found for XPATH attribute as: //a[@href='/jbilling/config/index']
17:17:34,705 INFO  [BrowserSelenium] ENTER --> (_parseElementOnXpath)
17:17:34,705 INFO  [BrowserSelenium] (_parseElementOnXpath) -> //a[@href='/jbilling/config/index'] is used
17:17:34,705 INFO  [BrowserSelenium] EXIT --> (_parseElementOnXpath)
17:17:34,705 INFO  [BrowserSelenium] EXIT --> (_getByLocator)
17:17:34,735 INFO  [BrowserSelenium] ENTER --> (_getByLocator)
17:17:34,735 INFO  [BrowserSelenium] (_getByLocator) -> Getting locator for null
17:17:34,735 INFO  [BrowserSelenium] (_getByLocator) -> Locator info found for XPATH attribute as: //a[@href='/jbilling/config/index']
17:17:34,735 INFO  [BrowserSelenium] ENTER --> (_parseElementOnXpath)
17:17:34,735 INFO  [BrowserSelenium] (_parseElementOnXpath) -> //a[@href='/jbilling/config/index'] is used
17:17:34,735 INFO  [BrowserSelenium] EXIT --> (_parseElementOnXpath)
17:17:34,735 INFO  [BrowserSelenium] EXIT --> (_getByLocator)
17:17:34,755 INFO  [BrowserSelenium] ENTER --> (_getByLocator)
17:17:34,755 INFO  [BrowserSelenium] (_getByLocator) -> Getting locator for null
17:17:34,755 INFO  [BrowserSelenium] (_getByLocator) -> Locator info found for XPATH attribute as: //a[@href='/jbilling/config/index']
17:17:34,755 INFO  [BrowserSelenium] ENTER --> (_parseElementOnXpath)
17:17:34,755 INFO  [BrowserSelenium] (_parseElementOnXpath) -> //a[@href='/jbilling/config/index'] is used
17:17:34,755 INFO  [BrowserSelenium] EXIT --> (_parseElementOnXpath)
17:17:34,755 INFO  [BrowserSelenium] EXIT --> (_getByLocator)
17:17:34,785 INFO  [BrowserSelenium] ENTER --> (_getByLocator)
17:17:34,785 INFO  [BrowserSelenium] (_getByLocator) -> Getting locator for null
17:17:34,785 INFO  [BrowserSelenium] (_getByLocator) -> Locator info found for XPATH attribute as: //a[@href='/jbilling/config/index']
17:17:34,785 INFO  [BrowserSelenium] ENTER --> (_parseElementOnXpath)
17:17:34,785 INFO  [BrowserSelenium] (_parseElementOnXpath) -> //a[@href='/jbilling/config/index'] is used
17:17:34,785 INFO  [BrowserSelenium] EXIT --> (_parseElementOnXpath)
17:17:34,785 INFO  [BrowserSelenium] EXIT --> (_getByLocator)
17:17:34,815 INFO  [BrowserSelenium] ENTER --> (_getByLocator)
17:17:34,815 INFO  [BrowserSelenium] (_getByLocator) -> Getting locator for null
17:17:34,815 INFO  [BrowserSelenium] (_getByLocator) -> Locator info found for XPATH attribute as: //a[@href='/jbilling/config/index']
17:17:34,815 INFO  [BrowserSelenium] ENTER --> (_parseElementOnXpath)
17:17:34,815 INFO  [BrowserSelenium] (_parseElementOnXpath) -> //a[@href='/jbilling/config/index'] is used
17:17:34,815 INFO  [BrowserSelenium] EXIT --> (_parseElementOnXpath)
17:17:34,815 INFO  [BrowserSelenium] EXIT --> (_getByLocator)
17:17:34,850 INFO  [BrowserSelenium] ENTER --> (_getByLocator)
17:17:34,851 INFO  [BrowserSelenium] (_getByLocator) -> Getting locator for null
17:17:34,851 INFO  [BrowserSelenium] (_getByLocator) -> Locator info found for XPATH attribute as: //a[@href='/jbilling/config/index']
17:17:34,851 INFO  [BrowserSelenium] ENTER --> (_parseElementOnXpath)
17:17:34,851 INFO  [BrowserSelenium] (_parseElementOnXpath) -> //a[@href='/jbilling/config/index'] is used
17:17:34,851 INFO  [BrowserSelenium] EXIT --> (_parseElementOnXpath)
17:17:34,852 INFO  [BrowserSelenium] EXIT --> (_getByLocator)
17:17:34,867 INFO  [BrowserSelenium] ENTER --> (_getByLocator)
17:17:34,867 INFO  [BrowserSelenium] (_getByLocator) -> Getting locator for null
17:17:34,867 INFO  [BrowserSelenium] (_getByLocator) -> Locator info found for XPATH attribute as: //a[@href='/jbilling/config/index']
17:17:34,867 INFO  [BrowserSelenium] ENTER --> (_parseElementOnXpath)
17:17:34,867 INFO  [BrowserSelenium] (_parseElementOnXpath) -> //a[@href='/jbilling/config/index'] is used
17:17:34,867 INFO  [BrowserSelenium] EXIT --> (_parseElementOnXpath)
17:17:34,867 INFO  [BrowserSelenium] EXIT --> (_getByLocator)
17:17:34,897 INFO  [BrowserSelenium] ENTER --> (_getByLocator)
17:17:34,897 INFO  [BrowserSelenium] (_getByLocator) -> Getting locator for null
17:17:34,897 INFO  [BrowserSelenium] (_getByLocator) -> Locator info found for XPATH attribute as: //a[@href='/jbilling/config/index']
17:17:34,897 INFO  [BrowserSelenium] ENTER --> (_parseElementOnXpath)
17:17:34,897 INFO  [BrowserSelenium] (_parseElementOnXpath) -> //a[@href='/jbilling/config/index'] is used
17:17:34,897 INFO  [BrowserSelenium] EXIT --> (_parseElementOnXpath)
17:17:34,897 INFO  [BrowserSelenium] EXIT --> (_getByLocator)
17:17:34,917 INFO  [BrowserSelenium] ENTER --> (_getByLocator)
17:17:34,917 INFO  [BrowserSelenium] (_getByLocator) -> Getting locator for null
17:17:34,917 INFO  [BrowserSelenium] (_getByLocator) -> Locator info found for XPATH attribute as: //a[@href='/jbilling/config/index']
17:17:34,917 INFO  [BrowserSelenium] ENTER --> (_parseElementOnXpath)
17:17:34,917 INFO  [BrowserSelenium] (_parseElementOnXpath) -> //a[@href='/jbilling/config/index'] is used
17:17:34,917 INFO  [BrowserSelenium] EXIT --> (_parseElementOnXpath)
17:17:34,917 INFO  [BrowserSelenium] EXIT --> (_getByLocator)
17:17:34,947 INFO  [BrowserSelenium] ENTER --> (_getByLocator)
17:17:34,947 INFO  [BrowserSelenium] (_getByLocator) -> Getting locator for null
17:17:34,947 INFO  [BrowserSelenium] (_getByLocator) -> Locator info found for XPATH attribute as: //a[@href='/jbilling/config/index']
17:17:34,947 INFO  [BrowserSelenium] ENTER --> (_parseElementOnXpath)
17:17:34,947 INFO  [BrowserSelenium] (_parseElementOnXpath) -> //a[@href='/jbilling/config/index'] is used
17:17:34,947 INFO  [BrowserSelenium] EXIT --> (_parseElementOnXpath)
17:17:34,947 INFO  [BrowserSelenium] EXIT --> (_getByLocator)
17:17:34,983 INFO  [BrowserSelenium] ENTER --> (_getByLocator)
17:17:34,984 INFO  [BrowserSelenium] (_getByLocator) -> Getting locator for null
17:17:34,984 INFO  [BrowserSelenium] (_getByLocator) -> Locator info found for XPATH attribute as: //a[@href='/jbilling/config/index']
17:17:34,984 INFO  [BrowserSelenium] ENTER --> (_parseElementOnXpath)
17:17:34,984 INFO  [BrowserSelenium] (_parseElementOnXpath) -> //a[@href='/jbilling/config/index'] is used
17:17:34,984 INFO  [BrowserSelenium] EXIT --> (_parseElementOnXpath)
17:17:34,985 INFO  [BrowserSelenium] EXIT --> (_getByLocator)
17:17:35,011 INFO  [BrowserSelenium] ENTER --> (_getByLocator)
17:17:35,011 INFO  [BrowserSelenium] (_getByLocator) -> Getting locator for null
17:17:35,011 INFO  [BrowserSelenium] (_getByLocator) -> Locator info found for XPATH attribute as: //a[@href='/jbilling/config/index']
17:17:35,011 INFO  [BrowserSelenium] ENTER --> (_parseElementOnXpath)
17:17:35,012 INFO  [BrowserSelenium] (_parseElementOnXpath) -> //a[@href='/jbilling/config/index'] is used
17:17:35,012 INFO  [BrowserSelenium] EXIT --> (_parseElementOnXpath)
17:17:35,012 INFO  [BrowserSelenium] EXIT --> (_getByLocator)
17:17:35,059 INFO  [BrowserSelenium] ENTER --> (_getByLocator)
17:17:35,059 INFO  [BrowserSelenium] (_getByLocator) -> Getting locator for null
17:17:35,059 INFO  [BrowserSelenium] (_getByLocator) -> Locator info found for XPATH attribute as: //a[@href='/jbilling/config/index']
17:17:35,059 INFO  [BrowserSelenium] ENTER --> (_parseElementOnXpath)
17:17:35,059 INFO  [BrowserSelenium] (_parseElementOnXpath) -> //a[@href='/jbilling/config/index'] is used
17:17:35,059 INFO  [BrowserSelenium] EXIT --> (_parseElementOnXpath)
17:17:35,059 INFO  [BrowserSelenium] EXIT --> (_getByLocator)
17:17:35,089 INFO  [BrowserSelenium] ENTER --> (_getByLocator)
17:17:35,089 INFO  [BrowserSelenium] (_getByLocator) -> Getting locator for null
17:17:35,089 INFO  [BrowserSelenium] (_getByLocator) -> Locator info found for XPATH attribute as: //a[@href='/jbilling/config/index']
17:17:35,089 INFO  [BrowserSelenium] ENTER --> (_parseElementOnXpath)
17:17:35,089 INFO  [BrowserSelenium] (_parseElementOnXpath) -> //a[@href='/jbilling/config/index'] is used
17:17:35,089 INFO  [BrowserSelenium] EXIT --> (_parseElementOnXpath)
17:17:35,089 INFO  [BrowserSelenium] EXIT --> (_getByLocator)
17:17:35,109 INFO  [BrowserSelenium] ENTER --> (_getByLocator)
17:17:35,109 INFO  [BrowserSelenium] (_getByLocator) -> Getting locator for null
17:17:35,109 INFO  [BrowserSelenium] (_getByLocator) -> Locator info found for XPATH attribute as: //a[@href='/jbilling/config/index']
17:17:35,109 INFO  [BrowserSelenium] ENTER --> (_parseElementOnXpath)
17:17:35,109 INFO  [BrowserSelenium] (_parseElementOnXpath) -> //a[@href='/jbilling/config/index'] is used
17:17:35,109 INFO  [BrowserSelenium] EXIT --> (_parseElementOnXpath)
17:17:35,109 INFO  [BrowserSelenium] EXIT --> (_getByLocator)
17:17:35,129 INFO  [BrowserSelenium] ENTER --> (_getByLocator)
17:17:35,129 INFO  [BrowserSelenium] (_getByLocator) -> Getting locator for null
17:17:35,129 INFO  [BrowserSelenium] (_getByLocator) -> Locator info found for XPATH attribute as: //a[@href='/jbilling/config/index']
17:17:35,139 INFO  [BrowserSelenium] ENTER --> (_parseElementOnXpath)
17:17:35,139 INFO  [BrowserSelenium] (_parseElementOnXpath) -> //a[@href='/jbilling/config/index'] is used
17:17:35,139 INFO  [BrowserSelenium] EXIT --> (_parseElementOnXpath)
17:17:35,139 INFO  [BrowserSelenium] EXIT --> (_getByLocator)
17:17:35,159 INFO  [BrowserSelenium] ENTER --> (_getByLocator)
17:17:35,159 INFO  [BrowserSelenium] (_getByLocator) -> Getting locator for null
17:17:35,159 INFO  [BrowserSelenium] (_getByLocator) -> Locator info found for XPATH attribute as: //a[@href='/jbilling/config/index']
17:17:35,159 INFO  [BrowserSelenium] ENTER --> (_parseElementOnXpath)
17:17:35,159 INFO  [BrowserSelenium] (_parseElementOnXpath) -> //a[@href='/jbilling/config/index'] is used
17:17:35,159 INFO  [BrowserSelenium] EXIT --> (_parseElementOnXpath)
17:17:35,159 INFO  [BrowserSelenium] EXIT --> (_getByLocator)
17:17:35,179 INFO  [BrowserSelenium] ENTER --> (_getByLocator)
17:17:35,179 INFO  [BrowserSelenium] (_getByLocator) -> Getting locator for null
17:17:35,179 INFO  [BrowserSelenium] (_getByLocator) -> Locator info found for XPATH attribute as: //a[@href='/jbilling/config/index']
17:17:35,179 INFO  [BrowserSelenium] ENTER --> (_parseElementOnXpath)
17:17:35,179 INFO  [BrowserSelenium] (_parseElementOnXpath) -> //a[@href='/jbilling/config/index'] is used
17:17:35,189 INFO  [BrowserSelenium] EXIT --> (_parseElementOnXpath)
17:17:35,189 INFO  [BrowserSelenium] EXIT --> (_getByLocator)
17:17:35,209 INFO  [BrowserSelenium] ENTER --> (_getByLocator)
17:17:35,209 INFO  [BrowserSelenium] (_getByLocator) -> Getting locator for null
17:17:35,209 INFO  [BrowserSelenium] (_getByLocator) -> Locator info found for XPATH attribute as: //a[@href='/jbilling/config/index']
17:17:35,209 INFO  [BrowserSelenium] ENTER --> (_parseElementOnXpath)
17:17:35,209 INFO  [BrowserSelenium] (_parseElementOnXpath) -> //a[@href='/jbilling/config/index'] is used
17:17:35,209 INFO  [BrowserSelenium] EXIT --> (_parseElementOnXpath)
17:17:35,209 INFO  [BrowserSelenium] EXIT --> (_getByLocator)
17:17:35,229 INFO  [BrowserSelenium] ENTER --> (_getByLocator)
17:17:35,239 INFO  [BrowserSelenium] (_getByLocator) -> Getting locator for null
17:17:35,239 INFO  [BrowserSelenium] (_getByLocator) -> Locator info found for XPATH attribute as: //a[@href='/jbilling/config/index']
17:17:35,239 INFO  [BrowserSelenium] ENTER --> (_parseElementOnXpath)
17:17:35,239 INFO  [BrowserSelenium] (_parseElementOnXpath) -> //a[@href='/jbilling/config/index'] is used
17:17:35,239 INFO  [BrowserSelenium] EXIT --> (_parseElementOnXpath)
17:17:35,239 INFO  [BrowserSelenium] EXIT --> (_getByLocator)
17:17:35,259 INFO  [BrowserSelenium] ENTER --> (_getByLocator)
17:17:35,259 INFO  [BrowserSelenium] (_getByLocator) -> Getting locator for null
17:17:35,259 INFO  [BrowserSelenium] (_getByLocator) -> Locator info found for XPATH attribute as: //a[@href='/jbilling/config/index']
17:17:35,259 INFO  [BrowserSelenium] ENTER --> (_parseElementOnXpath)
17:17:35,259 INFO  [BrowserSelenium] (_parseElementOnXpath) -> //a[@href='/jbilling/config/index'] is used
17:17:35,259 INFO  [BrowserSelenium] EXIT --> (_parseElementOnXpath)
17:17:35,259 INFO  [BrowserSelenium] EXIT --> (_getByLocator)
17:17:35,289 INFO  [BrowserSelenium] ENTER --> (_getByLocator)
17:17:35,289 INFO  [BrowserSelenium] (_getByLocator) -> Getting locator for null
17:17:35,289 INFO  [BrowserSelenium] (_getByLocator) -> Locator info found for XPATH attribute as: //a[@href='/jbilling/config/index']
17:17:35,289 INFO  [BrowserSelenium] ENTER --> (_parseElementOnXpath)
17:17:35,289 INFO  [BrowserSelenium] (_parseElementOnXpath) -> //a[@href='/jbilling/config/index'] is used
17:17:35,289 INFO  [BrowserSelenium] EXIT --> (_parseElementOnXpath)
17:17:35,289 INFO  [BrowserSelenium] EXIT --> (_getByLocator)
17:17:35,426 INFO  [BrowserSelenium] ENTER --> (_getByLocator)
17:17:35,426 INFO  [BrowserSelenium] (_getByLocator) -> Getting locator for null
17:17:35,426 INFO  [BrowserSelenium] (_getByLocator) -> Locator info found for XPATH attribute as: //a[@href='/jbilling/config/index']
17:17:35,426 INFO  [BrowserSelenium] ENTER --> (_parseElementOnXpath)
17:17:35,427 INFO  [BrowserSelenium] (_parseElementOnXpath) -> //a[@href='/jbilling/config/index'] is used
17:17:35,427 INFO  [BrowserSelenium] EXIT --> (_parseElementOnXpath)
17:17:35,427 INFO  [BrowserSelenium] EXIT --> (_getByLocator)
17:17:35,441 INFO  [BrowserSelenium] ENTER --> (_getByLocator)
17:17:35,441 INFO  [BrowserSelenium] (_getByLocator) -> Getting locator for null
17:17:35,451 INFO  [BrowserSelenium] (_getByLocator) -> Locator info found for XPATH attribute as: //a[@href='/jbilling/config/index']
17:17:35,451 INFO  [BrowserSelenium] ENTER --> (_parseElementOnXpath)
17:17:35,451 INFO  [BrowserSelenium] (_parseElementOnXpath) -> //a[@href='/jbilling/config/index'] is used
17:17:35,451 INFO  [BrowserSelenium] EXIT --> (_parseElementOnXpath)
17:17:35,451 INFO  [BrowserSelenium] EXIT --> (_getByLocator)
17:17:35,471 INFO  [BrowserSelenium] ENTER --> (_getByLocator)
17:17:35,471 INFO  [BrowserSelenium] (_getByLocator) -> Getting locator for null
17:17:35,471 INFO  [BrowserSelenium] (_getByLocator) -> Locator info found for XPATH attribute as: //a[@href='/jbilling/config/index']
17:17:35,471 INFO  [BrowserSelenium] ENTER --> (_parseElementOnXpath)
17:17:35,471 INFO  [BrowserSelenium] (_parseElementOnXpath) -> //a[@href='/jbilling/config/index'] is used
17:17:35,471 INFO  [BrowserSelenium] EXIT --> (_parseElementOnXpath)
17:17:35,471 INFO  [BrowserSelenium] EXIT --> (_getByLocator)
17:17:35,481 INFO  [BrowserSelenium] ENTER --> (_getByLocator)
17:17:35,481 INFO  [BrowserSelenium] (_getByLocator) -> Getting locator for null
17:17:35,481 INFO  [BrowserSelenium] (_getByLocator) -> Locator info found for XPATH attribute as: //a[@href='/jbilling/config/index']
17:17:35,481 INFO  [BrowserSelenium] ENTER --> (_parseElementOnXpath)
17:17:35,491 INFO  [BrowserSelenium] (_parseElementOnXpath) -> //a[@href='/jbilling/config/index'] is used
17:17:35,491 INFO  [BrowserSelenium] EXIT --> (_parseElementOnXpath)
17:17:35,491 INFO  [BrowserSelenium] EXIT --> (_getByLocator)
17:17:35,501 INFO  [BrowserSelenium] ENTER --> (_getByLocator)
17:17:35,501 INFO  [BrowserSelenium] (_getByLocator) -> Getting locator for null
17:17:35,511 INFO  [BrowserSelenium] (_getByLocator) -> Locator info found for XPATH attribute as: //a[@href='/jbilling/config/index']
17:17:35,511 INFO  [BrowserSelenium] ENTER --> (_parseElementOnXpath)
17:17:35,511 INFO  [BrowserSelenium] (_parseElementOnXpath) -> //a[@href='/jbilling/config/index'] is used
17:17:35,511 INFO  [BrowserSelenium] EXIT --> (_parseElementOnXpath)
17:17:35,511 INFO  [BrowserSelenium] EXIT --> (_getByLocator)
17:17:35,531 INFO  [BrowserSelenium] ENTER --> (_getByLocator)
17:17:35,531 INFO  [BrowserSelenium] (_getByLocator) -> Getting locator for null
17:17:35,531 INFO  [BrowserSelenium] (_getByLocator) -> Locator info found for XPATH attribute as: //a[@href='/jbilling/config/index']
17:17:35,531 INFO  [BrowserSelenium] ENTER --> (_parseElementOnXpath)
17:17:35,531 INFO  [BrowserSelenium] (_parseElementOnXpath) -> //a[@href='/jbilling/config/index'] is used
17:17:35,531 INFO  [BrowserSelenium] EXIT --> (_parseElementOnXpath)
17:17:35,531 INFO  [BrowserSelenium] EXIT --> (_getByLocator)
17:17:35,551 INFO  [BrowserSelenium] ENTER --> (_getByLocator)
17:17:35,551 INFO  [BrowserSelenium] (_getByLocator) -> Getting locator for null
17:17:35,551 INFO  [BrowserSelenium] (_getByLocator) -> Locator info found for XPATH attribute as: //a[@href='/jbilling/config/index']
17:17:35,551 INFO  [BrowserSelenium] ENTER --> (_parseElementOnXpath)
17:17:35,551 INFO  [BrowserSelenium] (_parseElementOnXpath) -> //a[@href='/jbilling/config/index'] is used
17:17:35,551 INFO  [BrowserSelenium] EXIT --> (_parseElementOnXpath)
17:17:35,551 INFO  [BrowserSelenium] EXIT --> (_getByLocator)
17:17:35,571 INFO  [BrowserSelenium] ENTER --> (_getByLocator)
17:17:35,571 INFO  [BrowserSelenium] (_getByLocator) -> Getting locator for null
17:17:35,571 INFO  [BrowserSelenium] (_getByLocator) -> Locator info found for XPATH attribute as: //a[@href='/jbilling/config/index']
17:17:35,571 INFO  [BrowserSelenium] ENTER --> (_parseElementOnXpath)
17:17:35,571 INFO  [BrowserSelenium] (_parseElementOnXpath) -> //a[@href='/jbilling/config/index'] is used
17:17:35,571 INFO  [BrowserSelenium] EXIT --> (_parseElementOnXpath)
17:17:35,571 INFO  [BrowserSelenium] EXIT --> (_getByLocator)
17:17:35,591 INFO  [BrowserSelenium] ENTER --> (_getByLocator)
17:17:35,591 INFO  [BrowserSelenium] (_getByLocator) -> Getting locator for null
17:17:35,591 INFO  [BrowserSelenium] (_getByLocator) -> Locator info found for XPATH attribute as: //a[@href='/jbilling/config/index']
17:17:35,591 INFO  [BrowserSelenium] ENTER --> (_parseElementOnXpath)
17:17:35,591 INFO  [BrowserSelenium] (_parseElementOnXpath) -> //a[@href='/jbilling/config/index'] is used
17:17:35,591 INFO  [BrowserSelenium] EXIT --> (_parseElementOnXpath)
17:17:35,591 INFO  [BrowserSelenium] EXIT --> (_getByLocator)
17:17:35,621 INFO  [BrowserSelenium] ENTER --> (_getByLocator)
17:17:35,621 INFO  [BrowserSelenium] (_getByLocator) -> Getting locator for null
17:17:35,621 INFO  [BrowserSelenium] (_getByLocator) -> Locator info found for XPATH attribute as: //a[@href='/jbilling/config/index']
17:17:35,621 INFO  [BrowserSelenium] ENTER --> (_parseElementOnXpath)
17:17:35,621 INFO  [BrowserSelenium] (_parseElementOnXpath) -> //a[@href='/jbilling/config/index'] is used
17:17:35,621 INFO  [BrowserSelenium] EXIT --> (_parseElementOnXpath)
17:17:35,621 INFO  [BrowserSelenium] EXIT --> (_getByLocator)
17:17:35,641 INFO  [BrowserSelenium] ENTER --> (_getByLocator)
17:17:35,641 INFO  [BrowserSelenium] (_getByLocator) -> Getting locator for null
17:17:35,641 INFO  [BrowserSelenium] (_getByLocator) -> Locator info found for XPATH attribute as: //a[@href='/jbilling/config/index']
17:17:35,641 INFO  [BrowserSelenium] ENTER --> (_parseElementOnXpath)
17:17:35,641 INFO  [BrowserSelenium] (_parseElementOnXpath) -> //a[@href='/jbilling/config/index'] is used
17:17:35,641 INFO  [BrowserSelenium] EXIT --> (_parseElementOnXpath)
17:17:35,641 INFO  [BrowserSelenium] EXIT --> (_getByLocator)
17:17:35,671 INFO  [BrowserSelenium] ENTER --> (_getByLocator)
17:17:35,671 INFO  [BrowserSelenium] (_getByLocator) -> Getting locator for null
17:17:35,671 INFO  [BrowserSelenium] (_getByLocator) -> Locator info found for XPATH attribute as: //a[@href='/jbilling/config/index']
17:17:35,671 INFO  [BrowserSelenium] ENTER --> (_parseElementOnXpath)
17:17:35,671 INFO  [BrowserSelenium] (_parseElementOnXpath) -> //a[@href='/jbilling/config/index'] is used
17:17:35,671 INFO  [BrowserSelenium] EXIT --> (_parseElementOnXpath)
17:17:35,671 INFO  [BrowserSelenium] EXIT --> (_getByLocator)
17:17:35,691 INFO  [BrowserSelenium] ENTER --> (_getByLocator)
17:17:35,691 INFO  [BrowserSelenium] (_getByLocator) -> Getting locator for null
17:17:35,691 INFO  [BrowserSelenium] (_getByLocator) -> Locator info found for XPATH attribute as: //a[@href='/jbilling/config/index']
17:17:35,691 INFO  [BrowserSelenium] ENTER --> (_parseElementOnXpath)
17:17:35,691 INFO  [BrowserSelenium] (_parseElementOnXpath) -> //a[@href='/jbilling/config/index'] is used
17:17:35,691 INFO  [BrowserSelenium] EXIT --> (_parseElementOnXpath)
17:17:35,691 INFO  [BrowserSelenium] EXIT --> (_getByLocator)
17:17:35,711 INFO  [BrowserSelenium] ENTER --> (_getByLocator)
17:17:35,711 INFO  [BrowserSelenium] (_getByLocator) -> Getting locator for null
17:17:35,711 INFO  [BrowserSelenium] (_getByLocator) -> Locator info found for XPATH attribute as: //a[@href='/jbilling/config/index']
17:17:35,711 INFO  [BrowserSelenium] ENTER --> (_parseElementOnXpath)
17:17:35,711 INFO  [BrowserSelenium] (_parseElementOnXpath) -> //a[@href='/jbilling/config/index'] is used
17:17:35,711 INFO  [BrowserSelenium] EXIT --> (_parseElementOnXpath)
17:17:35,711 INFO  [BrowserSelenium] EXIT --> (_getByLocator)
17:17:35,731 INFO  [BrowserSelenium] ENTER --> (_getByLocator)
17:17:35,731 INFO  [BrowserSelenium] (_getByLocator) -> Getting locator for null
17:17:35,731 INFO  [BrowserSelenium] (_getByLocator) -> Locator info found for XPATH attribute as: //a[@href='/jbilling/config/index']
17:17:35,731 INFO  [BrowserSelenium] ENTER --> (_parseElementOnXpath)
17:17:35,731 INFO  [BrowserSelenium] (_parseElementOnXpath) -> //a[@href='/jbilling/config/index'] is used
17:17:35,731 INFO  [BrowserSelenium] EXIT --> (_parseElementOnXpath)
17:17:35,731 INFO  [BrowserSelenium] EXIT --> (_getByLocator)
17:17:35,751 INFO  [BrowserSelenium] ENTER --> (_getByLocator)
17:17:35,751 INFO  [BrowserSelenium] (_getByLocator) -> Getting locator for null
17:17:35,751 INFO  [BrowserSelenium] (_getByLocator) -> Locator info found for XPATH attribute as: //a[@href='/jbilling/config/index']
17:17:35,751 INFO  [BrowserSelenium] ENTER --> (_parseElementOnXpath)
17:17:35,751 INFO  [BrowserSelenium] (_parseElementOnXpath) -> //a[@href='/jbilling/config/index'] is used
17:17:35,751 INFO  [BrowserSelenium] EXIT --> (_parseElementOnXpath)
17:17:35,751 INFO  [BrowserSelenium] EXIT --> (_getByLocator)
17:17:35,771 INFO  [BrowserSelenium] ENTER --> (_getByLocator)
17:17:35,771 INFO  [BrowserSelenium] (_getByLocator) -> Getting locator for null
17:17:35,771 INFO  [BrowserSelenium] (_getByLocator) -> Locator info found for XPATH attribute as: //a[@href='/jbilling/config/index']
17:17:35,771 INFO  [BrowserSelenium] ENTER --> (_parseElementOnXpath)
17:17:35,771 INFO  [BrowserSelenium] (_parseElementOnXpath) -> //a[@href='/jbilling/config/index'] is used
17:17:35,771 INFO  [BrowserSelenium] EXIT --> (_parseElementOnXpath)
17:17:35,771 INFO  [BrowserSelenium] EXIT --> (_getByLocator)
17:17:35,791 INFO  [BrowserSelenium] ENTER --> (_getByLocator)
17:17:35,791 INFO  [BrowserSelenium] (_getByLocator) -> Getting locator for null
17:17:35,791 INFO  [BrowserSelenium] (_getByLocator) -> Locator info found for XPATH attribute as: //a[@href='/jbilling/config/index']
17:17:35,791 INFO  [BrowserSelenium] ENTER --> (_parseElementOnXpath)
17:17:35,791 INFO  [BrowserSelenium] (_parseElementOnXpath) -> //a[@href='/jbilling/config/index'] is used
17:17:35,791 INFO  [BrowserSelenium] EXIT --> (_parseElementOnXpath)
17:17:35,791 INFO  [BrowserSelenium] EXIT --> (_getByLocator)
17:17:35,811 INFO  [BrowserSelenium] ENTER --> (_getByLocator)
17:17:35,811 INFO  [BrowserSelenium] (_getByLocator) -> Getting locator for null
17:17:35,811 INFO  [BrowserSelenium] (_getByLocator) -> Locator info found for XPATH attribute as: //a[@href='/jbilling/config/index']
17:17:35,811 INFO  [BrowserSelenium] ENTER --> (_parseElementOnXpath)
17:17:35,811 INFO  [BrowserSelenium] (_parseElementOnXpath) -> //a[@href='/jbilling/config/index'] is used
17:17:35,811 INFO  [BrowserSelenium] EXIT --> (_parseElementOnXpath)
17:17:35,811 INFO  [BrowserSelenium] EXIT --> (_getByLocator)
17:17:35,831 INFO  [BrowserSelenium] ENTER --> (_getByLocator)
17:17:35,831 INFO  [BrowserSelenium] (_getByLocator) -> Getting locator for null
17:17:35,831 INFO  [BrowserSelenium] (_getByLocator) -> Locator info found for XPATH attribute as: //a[@href='/jbilling/config/index']
17:17:35,831 INFO  [BrowserSelenium] ENTER --> (_parseElementOnXpath)
17:17:35,831 INFO  [BrowserSelenium] (_parseElementOnXpath) -> //a[@href='/jbilling/config/index'] is used
17:17:35,831 INFO  [BrowserSelenium] EXIT --> (_parseElementOnXpath)
17:17:35,831 INFO  [BrowserSelenium] EXIT --> (_getByLocator)
17:17:35,841 INFO  [BrowserSelenium] ENTER --> (_getByLocator)
17:17:35,841 INFO  [BrowserSelenium] (_getByLocator) -> Getting locator for null
17:17:35,851 INFO  [BrowserSelenium] (_getByLocator) -> Locator info found for XPATH attribute as: //a[@href='/jbilling/config/index']
17:17:35,851 INFO  [BrowserSelenium] ENTER --> (_parseElementOnXpath)
17:17:35,851 INFO  [BrowserSelenium] (_parseElementOnXpath) -> //a[@href='/jbilling/config/index'] is used
17:17:35,851 INFO  [BrowserSelenium] EXIT --> (_parseElementOnXpath)
17:17:35,851 INFO  [BrowserSelenium] EXIT --> (_getByLocator)
17:17:35,871 INFO  [BrowserSelenium] ENTER --> (_getByLocator)
17:17:35,871 INFO  [BrowserSelenium] (_getByLocator) -> Getting locator for null
17:17:35,871 INFO  [BrowserSelenium] (_getByLocator) -> Locator info found for XPATH attribute as: //a[@href='/jbilling/config/index']
17:17:35,871 INFO  [BrowserSelenium] ENTER --> (_parseElementOnXpath)
17:17:35,871 INFO  [BrowserSelenium] (_parseElementOnXpath) -> //a[@href='/jbilling/config/index'] is used
17:17:35,871 INFO  [BrowserSelenium] EXIT --> (_parseElementOnXpath)
17:17:35,871 INFO  [BrowserSelenium] EXIT --> (_getByLocator)
17:17:35,891 INFO  [BrowserSelenium] ENTER --> (_getByLocator)
17:17:35,891 INFO  [BrowserSelenium] (_getByLocator) -> Getting locator for null
17:17:35,891 INFO  [BrowserSelenium] (_getByLocator) -> Locator info found for XPATH attribute as: //a[@href='/jbilling/config/index']
17:17:35,891 INFO  [BrowserSelenium] ENTER --> (_parseElementOnXpath)
17:17:35,891 INFO  [BrowserSelenium] (_parseElementOnXpath) -> //a[@href='/jbilling/config/index'] is used
17:17:35,891 INFO  [BrowserSelenium] EXIT --> (_parseElementOnXpath)
17:17:35,891 INFO  [BrowserSelenium] EXIT --> (_getByLocator)
17:17:35,911 INFO  [BrowserSelenium] ENTER --> (_getByLocator)
17:17:35,911 INFO  [BrowserSelenium] (_getByLocator) -> Getting locator for null
17:17:35,911 INFO  [BrowserSelenium] (_getByLocator) -> Locator info found for XPATH attribute as: //a[@href='/jbilling/config/index']
17:17:35,911 INFO  [BrowserSelenium] ENTER --> (_parseElementOnXpath)
17:17:35,911 INFO  [BrowserSelenium] (_parseElementOnXpath) -> //a[@href='/jbilling/config/index'] is used
17:17:35,911 INFO  [BrowserSelenium] EXIT --> (_parseElementOnXpath)
17:17:35,911 INFO  [BrowserSelenium] EXIT --> (_getByLocator)
17:17:35,931 INFO  [BrowserSelenium] ENTER --> (_getByLocator)
17:17:35,931 INFO  [BrowserSelenium] (_getByLocator) -> Getting locator for null
17:17:35,931 INFO  [BrowserSelenium] (_getByLocator) -> Locator info found for XPATH attribute as: //a[@href='/jbilling/config/index']
17:17:35,931 INFO  [BrowserSelenium] ENTER --> (_parseElementOnXpath)
17:17:35,931 INFO  [BrowserSelenium] (_parseElementOnXpath) -> //a[@href='/jbilling/config/index'] is used
17:17:35,931 INFO  [BrowserSelenium] EXIT --> (_parseElementOnXpath)
17:17:35,931 INFO  [BrowserSelenium] EXIT --> (_getByLocator)
17:17:35,951 INFO  [BrowserSelenium] ENTER --> (_getByLocator)
17:17:35,951 INFO  [BrowserSelenium] (_getByLocator) -> Getting locator for null
17:17:35,951 INFO  [BrowserSelenium] (_getByLocator) -> Locator info found for XPATH attribute as: //a[@href='/jbilling/config/index']
17:17:35,961 INFO  [BrowserSelenium] ENTER --> (_parseElementOnXpath)
17:17:35,961 INFO  [BrowserSelenium] (_parseElementOnXpath) -> //a[@href='/jbilling/config/index'] is used
17:17:35,961 INFO  [BrowserSelenium] EXIT --> (_parseElementOnXpath)
17:17:35,961 INFO  [BrowserSelenium] EXIT --> (_getByLocator)
17:17:35,971 INFO  [BrowserSelenium] ENTER --> (_getByLocator)
17:17:35,971 INFO  [BrowserSelenium] (_getByLocator) -> Getting locator for null
17:17:35,971 INFO  [BrowserSelenium] (_getByLocator) -> Locator info found for XPATH attribute as: //a[@href='/jbilling/config/index']
17:17:35,971 INFO  [BrowserSelenium] ENTER --> (_parseElementOnXpath)
17:17:35,971 INFO  [BrowserSelenium] (_parseElementOnXpath) -> //a[@href='/jbilling/config/index'] is used
17:17:35,971 INFO  [BrowserSelenium] EXIT --> (_parseElementOnXpath)
17:17:35,971 INFO  [BrowserSelenium] EXIT --> (_getByLocator)
17:17:35,991 INFO  [BrowserSelenium] ENTER --> (_getByLocator)
17:17:35,991 INFO  [BrowserSelenium] (_getByLocator) -> Getting locator for null
17:17:35,991 INFO  [BrowserSelenium] (_getByLocator) -> Locator info found for XPATH attribute as: //a[@href='/jbilling/config/index']
17:17:35,991 INFO  [BrowserSelenium] ENTER --> (_parseElementOnXpath)
17:17:35,991 INFO  [BrowserSelenium] (_parseElementOnXpath) -> //a[@href='/jbilling/config/index'] is used
17:17:35,991 INFO  [BrowserSelenium] EXIT --> (_parseElementOnXpath)
17:17:35,991 INFO  [BrowserSelenium] EXIT --> (_getByLocator)
17:17:36,011 INFO  [BrowserSelenium] ENTER --> (_getByLocator)
17:17:36,011 INFO  [BrowserSelenium] (_getByLocator) -> Getting locator for null
17:17:36,011 INFO  [BrowserSelenium] (_getByLocator) -> Locator info found for XPATH attribute as: //a[@href='/jbilling/config/index']
17:17:36,011 INFO  [BrowserSelenium] ENTER --> (_parseElementOnXpath)
17:17:36,011 INFO  [BrowserSelenium] (_parseElementOnXpath) -> //a[@href='/jbilling/config/index'] is used
17:17:36,011 INFO  [BrowserSelenium] EXIT --> (_parseElementOnXpath)
17:17:36,011 INFO  [BrowserSelenium] EXIT --> (_getByLocator)
17:17:36,051 INFO  [BrowserSelenium] ENTER --> (_getByLocator)
17:17:36,051 INFO  [BrowserSelenium] (_getByLocator) -> Getting locator for null
17:17:36,051 INFO  [BrowserSelenium] (_getByLocator) -> Locator info found for XPATH attribute as: //a[@href='/jbilling/config/index']
17:17:36,051 INFO  [BrowserSelenium] ENTER --> (_parseElementOnXpath)
17:17:36,051 INFO  [BrowserSelenium] (_parseElementOnXpath) -> //a[@href='/jbilling/config/index'] is used
17:17:36,051 INFO  [BrowserSelenium] EXIT --> (_parseElementOnXpath)
17:17:36,051 INFO  [BrowserSelenium] EXIT --> (_getByLocator)
17:17:36,061 INFO  [BrowserSelenium] ENTER --> (_getByLocator)
17:17:36,061 INFO  [BrowserSelenium] (_getByLocator) -> Getting locator for null
17:17:36,061 INFO  [BrowserSelenium] (_getByLocator) -> Locator info found for XPATH attribute as: //a[@href='/jbilling/config/index']
17:17:36,061 INFO  [BrowserSelenium] ENTER --> (_parseElementOnXpath)
17:17:36,061 INFO  [BrowserSelenium] (_parseElementOnXpath) -> //a[@href='/jbilling/config/index'] is used
17:17:36,061 INFO  [BrowserSelenium] EXIT --> (_parseElementOnXpath)
17:17:36,061 INFO  [BrowserSelenium] EXIT --> (_getByLocator)
17:17:36,089 INFO  [BrowserSelenium] ENTER --> (_getByLocator)
17:17:36,089 INFO  [BrowserSelenium] (_getByLocator) -> Getting locator for null
17:17:36,089 INFO  [BrowserSelenium] (_getByLocator) -> Locator info found for XPATH attribute as: //a[@href='/jbilling/config/index']
17:17:36,089 INFO  [BrowserSelenium] ENTER --> (_parseElementOnXpath)
17:17:36,089 INFO  [BrowserSelenium] (_parseElementOnXpath) -> //a[@href='/jbilling/config/index'] is used
17:17:36,090 INFO  [BrowserSelenium] EXIT --> (_parseElementOnXpath)
17:17:36,090 INFO  [BrowserSelenium] EXIT --> (_getByLocator)
17:17:36,105 INFO  [BrowserSelenium] ENTER --> (_getByLocator)
17:17:36,105 INFO  [BrowserSelenium] (_getByLocator) -> Getting locator for null
17:17:36,105 INFO  [BrowserSelenium] (_getByLocator) -> Locator info found for XPATH attribute as: //a[@href='/jbilling/config/index']
17:17:36,105 INFO  [BrowserSelenium] ENTER --> (_parseElementOnXpath)
17:17:36,105 INFO  [BrowserSelenium] (_parseElementOnXpath) -> //a[@href='/jbilling/config/index'] is used
17:17:36,105 INFO  [BrowserSelenium] EXIT --> (_parseElementOnXpath)
17:17:36,105 INFO  [BrowserSelenium] EXIT --> (_getByLocator)
17:17:36,115 INFO  [BrowserSelenium] ENTER --> (_getByLocator)
17:17:36,115 INFO  [BrowserSelenium] (_getByLocator) -> Getting locator for null
17:17:36,115 INFO  [BrowserSelenium] (_getByLocator) -> Locator info found for XPATH attribute as: //a[@href='/jbilling/config/index']
17:17:36,115 INFO  [BrowserSelenium] ENTER --> (_parseElementOnXpath)
17:17:36,115 INFO  [BrowserSelenium] (_parseElementOnXpath) -> //a[@href='/jbilling/config/index'] is used
17:17:36,115 INFO  [BrowserSelenium] EXIT --> (_parseElementOnXpath)
17:17:36,115 INFO  [BrowserSelenium] EXIT --> (_getByLocator)
17:17:36,135 INFO  [BrowserSelenium] ENTER --> (_getByLocator)
17:17:36,135 INFO  [BrowserSelenium] (_getByLocator) -> Getting locator for null
17:17:36,135 INFO  [BrowserSelenium] (_getByLocator) -> Locator info found for XPATH attribute as: //a[@href='/jbilling/config/index']
17:17:36,135 INFO  [BrowserSelenium] ENTER --> (_parseElementOnXpath)
17:17:36,135 INFO  [BrowserSelenium] (_parseElementOnXpath) -> //a[@href='/jbilling/config/index'] is used
17:17:36,135 INFO  [BrowserSelenium] EXIT --> (_parseElementOnXpath)
17:17:36,135 INFO  [BrowserSelenium] EXIT --> (_getByLocator)
17:17:36,155 INFO  [BrowserSelenium] ENTER --> (_getByLocator)
17:17:36,155 INFO  [BrowserSelenium] (_getByLocator) -> Getting locator for null
17:17:36,155 INFO  [BrowserSelenium] (_getByLocator) -> Locator info found for XPATH attribute as: //a[@href='/jbilling/config/index']
17:17:36,155 INFO  [BrowserSelenium] ENTER --> (_parseElementOnXpath)
17:17:36,155 INFO  [BrowserSelenium] (_parseElementOnXpath) -> //a[@href='/jbilling/config/index'] is used
17:17:36,155 INFO  [BrowserSelenium] EXIT --> (_parseElementOnXpath)
17:17:36,155 INFO  [BrowserSelenium] EXIT --> (_getByLocator)
17:17:36,175 INFO  [BrowserSelenium] ENTER --> (_getByLocator)
17:17:36,175 INFO  [BrowserSelenium] (_getByLocator) -> Getting locator for null
17:17:36,175 INFO  [BrowserSelenium] (_getByLocator) -> Locator info found for XPATH attribute as: //a[@href='/jbilling/config/index']
17:17:36,175 INFO  [BrowserSelenium] ENTER --> (_parseElementOnXpath)
17:17:36,175 INFO  [BrowserSelenium] (_parseElementOnXpath) -> //a[@href='/jbilling/config/index'] is used
17:17:36,175 INFO  [BrowserSelenium] EXIT --> (_parseElementOnXpath)
17:17:36,175 INFO  [BrowserSelenium] EXIT --> (_getByLocator)
17:17:36,195 INFO  [BrowserSelenium] ENTER --> (_getByLocator)
17:17:36,195 INFO  [BrowserSelenium] (_getByLocator) -> Getting locator for null
17:17:36,195 INFO  [BrowserSelenium] (_getByLocator) -> Locator info found for XPATH attribute as: //a[@href='/jbilling/config/index']
17:17:36,195 INFO  [BrowserSelenium] ENTER --> (_parseElementOnXpath)
17:17:36,195 INFO  [BrowserSelenium] (_parseElementOnXpath) -> //a[@href='/jbilling/config/index'] is used
17:17:36,195 INFO  [BrowserSelenium] EXIT --> (_parseElementOnXpath)
17:17:36,195 INFO  [BrowserSelenium] EXIT --> (_getByLocator)
17:17:36,205 INFO  [BrowserSelenium] ENTER --> (_getByLocator)
17:17:36,205 INFO  [BrowserSelenium] (_getByLocator) -> Getting locator for null
17:17:36,215 INFO  [BrowserSelenium] (_getByLocator) -> Locator info found for XPATH attribute as: //a[@href='/jbilling/config/index']
17:17:36,215 INFO  [BrowserSelenium] ENTER --> (_parseElementOnXpath)
17:17:36,215 INFO  [BrowserSelenium] (_parseElementOnXpath) -> //a[@href='/jbilling/config/index'] is used
17:17:36,215 INFO  [BrowserSelenium] EXIT --> (_parseElementOnXpath)
17:17:36,215 INFO  [BrowserSelenium] EXIT --> (_getByLocator)
17:17:36,237 INFO  [BrowserSelenium] ENTER --> (_getByLocator)
17:17:36,237 INFO  [BrowserSelenium] (_getByLocator) -> Getting locator for null
17:17:36,238 INFO  [BrowserSelenium] (_getByLocator) -> Locator info found for XPATH attribute as: //a[@href='/jbilling/config/index']
17:17:36,238 INFO  [BrowserSelenium] ENTER --> (_parseElementOnXpath)
17:17:36,238 INFO  [BrowserSelenium] (_parseElementOnXpath) -> //a[@href='/jbilling/config/index'] is used
17:17:36,238 INFO  [BrowserSelenium] EXIT --> (_parseElementOnXpath)
17:17:36,238 INFO  [BrowserSelenium] EXIT --> (_getByLocator)
17:17:36,255 INFO  [BrowserSelenium] ENTER --> (_getByLocator)
17:17:36,255 INFO  [BrowserSelenium] (_getByLocator) -> Getting locator for null
17:17:36,255 INFO  [BrowserSelenium] (_getByLocator) -> Locator info found for XPATH attribute as: //a[@href='/jbilling/config/index']
17:17:36,255 INFO  [BrowserSelenium] ENTER --> (_parseElementOnXpath)
17:17:36,255 INFO  [BrowserSelenium] (_parseElementOnXpath) -> //a[@href='/jbilling/config/index'] is used
17:17:36,255 INFO  [BrowserSelenium] EXIT --> (_parseElementOnXpath)
17:17:36,255 INFO  [BrowserSelenium] EXIT --> (_getByLocator)
17:17:36,276 INFO  [BrowserSelenium] ENTER --> (_getByLocator)
17:17:36,276 INFO  [BrowserSelenium] (_getByLocator) -> Getting locator for null
17:17:36,276 INFO  [BrowserSelenium] (_getByLocator) -> Locator info found for XPATH attribute as: //a[@href='/jbilling/config/index']
17:17:36,276 INFO  [BrowserSelenium] ENTER --> (_parseElementOnXpath)
17:17:36,276 INFO  [BrowserSelenium] (_parseElementOnXpath) -> //a[@href='/jbilling/config/index'] is used
17:17:36,276 INFO  [BrowserSelenium] EXIT --> (_parseElementOnXpath)
17:17:36,276 INFO  [BrowserSelenium] EXIT --> (_getByLocator)
17:17:36,296 INFO  [BrowserSelenium] ENTER --> (_getByLocator)
17:17:36,296 INFO  [BrowserSelenium] (_getByLocator) -> Getting locator for null
17:17:36,296 INFO  [BrowserSelenium] (_getByLocator) -> Locator info found for XPATH attribute as: //a[@href='/jbilling/config/index']
17:17:36,296 INFO  [BrowserSelenium] ENTER --> (_parseElementOnXpath)
17:17:36,296 INFO  [BrowserSelenium] (_parseElementOnXpath) -> //a[@href='/jbilling/config/index'] is used
17:17:36,296 INFO  [BrowserSelenium] EXIT --> (_parseElementOnXpath)
17:17:36,296 INFO  [BrowserSelenium] EXIT --> (_getByLocator)
17:17:36,316 INFO  [BrowserSelenium] ENTER --> (_getByLocator)
17:17:36,316 INFO  [BrowserSelenium] (_getByLocator) -> Getting locator for null
17:17:36,316 INFO  [BrowserSelenium] (_getByLocator) -> Locator info found for XPATH attribute as: //a[@href='/jbilling/config/index']
17:17:36,316 INFO  [BrowserSelenium] ENTER --> (_parseElementOnXpath)
17:17:36,316 INFO  [BrowserSelenium] (_parseElementOnXpath) -> //a[@href='/jbilling/config/index'] is used
17:17:36,316 INFO  [BrowserSelenium] EXIT --> (_parseElementOnXpath)
17:17:36,316 INFO  [BrowserSelenium] EXIT --> (_getByLocator)
17:17:36,336 INFO  [BrowserSelenium] ENTER --> (_getByLocator)
17:17:36,336 INFO  [BrowserSelenium] (_getByLocator) -> Getting locator for null
17:17:36,336 INFO  [BrowserSelenium] (_getByLocator) -> Locator info found for XPATH attribute as: //a[@href='/jbilling/config/index']
17:17:36,336 INFO  [BrowserSelenium] ENTER --> (_parseElementOnXpath)
17:17:36,336 INFO  [BrowserSelenium] (_parseElementOnXpath) -> //a[@href='/jbilling/config/index'] is used
17:17:36,336 INFO  [BrowserSelenium] EXIT --> (_parseElementOnXpath)
17:17:36,336 INFO  [BrowserSelenium] EXIT --> (_getByLocator)
17:17:36,356 INFO  [BrowserSelenium] ENTER --> (_getByLocator)
17:17:36,356 INFO  [BrowserSelenium] (_getByLocator) -> Getting locator for null
17:17:36,356 INFO  [BrowserSelenium] (_getByLocator) -> Locator info found for XPATH attribute as: //a[@href='/jbilling/config/index']
17:17:36,356 INFO  [BrowserSelenium] ENTER --> (_parseElementOnXpath)
17:17:36,356 INFO  [BrowserSelenium] (_parseElementOnXpath) -> //a[@href='/jbilling/config/index'] is used
17:17:36,356 INFO  [BrowserSelenium] EXIT --> (_parseElementOnXpath)
17:17:36,356 INFO  [BrowserSelenium] EXIT --> (_getByLocator)
17:17:36,376 INFO  [BrowserSelenium] ENTER --> (_getByLocator)
17:17:36,376 INFO  [BrowserSelenium] (_getByLocator) -> Getting locator for null
17:17:36,376 INFO  [BrowserSelenium] (_getByLocator) -> Locator info found for XPATH attribute as: //a[@href='/jbilling/config/index']
17:17:36,376 INFO  [BrowserSelenium] ENTER --> (_parseElementOnXpath)
17:17:36,376 INFO  [BrowserSelenium] (_parseElementOnXpath) -> //a[@href='/jbilling/config/index'] is used
17:17:36,376 INFO  [BrowserSelenium] EXIT --> (_parseElementOnXpath)
17:17:36,376 INFO  [BrowserSelenium] EXIT --> (_getByLocator)
17:17:36,396 INFO  [BrowserSelenium] ENTER --> (_getByLocator)
17:17:36,396 INFO  [BrowserSelenium] (_getByLocator) -> Getting locator for null
17:17:36,396 INFO  [BrowserSelenium] (_getByLocator) -> Locator info found for XPATH attribute as: //a[@href='/jbilling/config/index']
17:17:36,396 INFO  [BrowserSelenium] ENTER --> (_parseElementOnXpath)
17:17:36,396 INFO  [BrowserSelenium] (_parseElementOnXpath) -> //a[@href='/jbilling/config/index'] is used
17:17:36,396 INFO  [BrowserSelenium] EXIT --> (_parseElementOnXpath)
17:17:36,396 INFO  [BrowserSelenium] EXIT --> (_getByLocator)
17:17:36,426 INFO  [BrowserSelenium] ENTER --> (_getByLocator)
17:17:36,426 INFO  [BrowserSelenium] (_getByLocator) -> Getting locator for null
17:17:36,426 INFO  [BrowserSelenium] (_getByLocator) -> Locator info found for XPATH attribute as: //a[@href='/jbilling/config/index']
17:17:36,426 INFO  [BrowserSelenium] ENTER --> (_parseElementOnXpath)
17:17:36,426 INFO  [BrowserSelenium] (_parseElementOnXpath) -> //a[@href='/jbilling/config/index'] is used
17:17:36,426 INFO  [BrowserSelenium] EXIT --> (_parseElementOnXpath)
17:17:36,426 INFO  [BrowserSelenium] EXIT --> (_getByLocator)
17:17:36,446 INFO  [BrowserSelenium] ENTER --> (_getByLocator)
17:17:36,446 INFO  [BrowserSelenium] (_getByLocator) -> Getting locator for null
17:17:36,446 INFO  [BrowserSelenium] (_getByLocator) -> Locator info found for XPATH attribute as: //a[@href='/jbilling/config/index']
17:17:36,446 INFO  [BrowserSelenium] ENTER --> (_parseElementOnXpath)
17:17:36,446 INFO  [BrowserSelenium] (_parseElementOnXpath) -> //a[@href='/jbilling/config/index'] is used
17:17:36,446 INFO  [BrowserSelenium] EXIT --> (_parseElementOnXpath)
17:17:36,446 INFO  [BrowserSelenium] EXIT --> (_getByLocator)
17:17:36,466 INFO  [BrowserSelenium] ENTER --> (_getByLocator)
17:17:36,466 INFO  [BrowserSelenium] (_getByLocator) -> Getting locator for null
17:17:36,466 INFO  [BrowserSelenium] (_getByLocator) -> Locator info found for XPATH attribute as: //a[@href='/jbilling/config/index']
17:17:36,466 INFO  [BrowserSelenium] ENTER --> (_parseElementOnXpath)
17:17:36,466 INFO  [BrowserSelenium] (_parseElementOnXpath) -> //a[@href='/jbilling/config/index'] is used
17:17:36,466 INFO  [BrowserSelenium] EXIT --> (_parseElementOnXpath)
17:17:36,466 INFO  [BrowserSelenium] EXIT --> (_getByLocator)
17:17:36,476 INFO  [BrowserSelenium] ENTER --> (_getByLocator)
17:17:36,476 INFO  [BrowserSelenium] (_getByLocator) -> Getting locator for null
17:17:36,476 INFO  [BrowserSelenium] (_getByLocator) -> Locator info found for XPATH attribute as: //a[@href='/jbilling/config/index']
17:17:36,476 INFO  [BrowserSelenium] ENTER --> (_parseElementOnXpath)
17:17:36,486 INFO  [BrowserSelenium] (_parseElementOnXpath) -> //a[@href='/jbilling/config/index'] is used
17:17:36,486 INFO  [BrowserSelenium] EXIT --> (_parseElementOnXpath)
17:17:36,486 INFO  [BrowserSelenium] EXIT --> (_getByLocator)
17:17:36,506 INFO  [BrowserSelenium] ENTER --> (_getByLocator)
17:17:36,506 INFO  [BrowserSelenium] (_getByLocator) -> Getting locator for null
17:17:36,506 INFO  [BrowserSelenium] (_getByLocator) -> Locator info found for XPATH attribute as: //a[@href='/jbilling/config/index']
17:17:36,506 INFO  [BrowserSelenium] ENTER --> (_parseElementOnXpath)
17:17:36,506 INFO  [BrowserSelenium] (_parseElementOnXpath) -> //a[@href='/jbilling/config/index'] is used
17:17:36,506 INFO  [BrowserSelenium] EXIT --> (_parseElementOnXpath)
17:17:36,506 INFO  [BrowserSelenium] EXIT --> (_getByLocator)
17:17:36,526 INFO  [BrowserSelenium] ENTER --> (_getByLocator)
17:17:36,526 INFO  [BrowserSelenium] (_getByLocator) -> Getting locator for null
17:17:36,526 INFO  [BrowserSelenium] (_getByLocator) -> Locator info found for XPATH attribute as: //a[@href='/jbilling/config/index']
17:17:36,526 INFO  [BrowserSelenium] ENTER --> (_parseElementOnXpath)
17:17:36,526 INFO  [BrowserSelenium] (_parseElementOnXpath) -> //a[@href='/jbilling/config/index'] is used
17:17:36,526 INFO  [BrowserSelenium] EXIT --> (_parseElementOnXpath)
17:17:36,526 INFO  [BrowserSelenium] EXIT --> (_getByLocator)
17:17:36,546 INFO  [BrowserSelenium] ENTER --> (_getByLocator)
17:17:36,546 INFO  [BrowserSelenium] (_getByLocator) -> Getting locator for null
17:17:36,546 INFO  [BrowserSelenium] (_getByLocator) -> Locator info found for XPATH attribute as: //a[@href='/jbilling/config/index']
17:17:36,546 INFO  [BrowserSelenium] ENTER --> (_parseElementOnXpath)
17:17:36,546 INFO  [BrowserSelenium] (_parseElementOnXpath) -> //a[@href='/jbilling/config/index'] is used
17:17:36,546 INFO  [BrowserSelenium] EXIT --> (_parseElementOnXpath)
17:17:36,546 INFO  [BrowserSelenium] EXIT --> (_getByLocator)
17:17:36,566 INFO  [BrowserSelenium] ENTER --> (_getByLocator)
17:17:36,566 INFO  [BrowserSelenium] (_getByLocator) -> Getting locator for null
17:17:36,566 INFO  [BrowserSelenium] (_getByLocator) -> Locator info found for XPATH attribute as: //a[@href='/jbilling/config/index']
17:17:36,566 INFO  [BrowserSelenium] ENTER --> (_parseElementOnXpath)
17:17:36,566 INFO  [BrowserSelenium] (_parseElementOnXpath) -> //a[@href='/jbilling/config/index'] is used
17:17:36,566 INFO  [BrowserSelenium] EXIT --> (_parseElementOnXpath)
17:17:36,566 INFO  [BrowserSelenium] EXIT --> (_getByLocator)
17:17:36,596 INFO  [BrowserSelenium] ENTER --> (_getByLocator)
17:17:36,596 INFO  [BrowserSelenium] (_getByLocator) -> Getting locator for null
17:17:36,596 INFO  [BrowserSelenium] (_getByLocator) -> Locator info found for XPATH attribute as: //a[@href='/jbilling/config/index']
17:17:36,596 INFO  [BrowserSelenium] ENTER --> (_parseElementOnXpath)
17:17:36,596 INFO  [BrowserSelenium] (_parseElementOnXpath) -> //a[@href='/jbilling/config/index'] is used
17:17:36,596 INFO  [BrowserSelenium] EXIT --> (_parseElementOnXpath)
17:17:36,596 INFO  [BrowserSelenium] EXIT --> (_getByLocator)
17:17:36,616 INFO  [BrowserSelenium] ENTER --> (_getByLocator)
17:17:36,616 INFO  [BrowserSelenium] (_getByLocator) -> Getting locator for null
17:17:36,616 INFO  [BrowserSelenium] (_getByLocator) -> Locator info found for XPATH attribute as: //a[@href='/jbilling/config/index']
17:17:36,616 INFO  [BrowserSelenium] ENTER --> (_parseElementOnXpath)
17:17:36,616 INFO  [BrowserSelenium] (_parseElementOnXpath) -> //a[@href='/jbilling/config/index'] is used
17:17:36,616 INFO  [BrowserSelenium] EXIT --> (_parseElementOnXpath)
17:17:36,616 INFO  [BrowserSelenium] EXIT --> (_getByLocator)
17:17:36,636 INFO  [BrowserSelenium] ENTER --> (_getByLocator)
17:17:36,636 INFO  [BrowserSelenium] (_getByLocator) -> Getting locator for null
17:17:36,636 INFO  [BrowserSelenium] (_getByLocator) -> Locator info found for XPATH attribute as: //a[@href='/jbilling/config/index']
17:17:36,636 INFO  [BrowserSelenium] ENTER --> (_parseElementOnXpath)
17:17:36,636 INFO  [BrowserSelenium] (_parseElementOnXpath) -> //a[@href='/jbilling/config/index'] is used
17:17:36,636 INFO  [BrowserSelenium] EXIT --> (_parseElementOnXpath)
17:17:36,636 INFO  [BrowserSelenium] EXIT --> (_getByLocator)
17:17:36,656 INFO  [BrowserSelenium] ENTER --> (_getByLocator)
17:17:36,656 INFO  [BrowserSelenium] (_getByLocator) -> Getting locator for null
17:17:36,656 INFO  [BrowserSelenium] (_getByLocator) -> Locator info found for XPATH attribute as: //a[@href='/jbilling/config/index']
17:17:36,656 INFO  [BrowserSelenium] ENTER --> (_parseElementOnXpath)
17:17:36,656 INFO  [BrowserSelenium] (_parseElementOnXpath) -> //a[@href='/jbilling/config/index'] is used
17:17:36,656 INFO  [BrowserSelenium] EXIT --> (_parseElementOnXpath)
17:17:36,656 INFO  [BrowserSelenium] EXIT --> (_getByLocator)
17:17:36,676 INFO  [BrowserSelenium] ENTER --> (_getByLocator)
17:17:36,686 INFO  [BrowserSelenium] (_getByLocator) -> Getting locator for null
17:17:36,686 INFO  [BrowserSelenium] (_getByLocator) -> Locator info found for XPATH attribute as: //a[@href='/jbilling/config/index']
17:17:36,686 INFO  [BrowserSelenium] ENTER --> (_parseElementOnXpath)
17:17:36,686 INFO  [BrowserSelenium] (_parseElementOnXpath) -> //a[@href='/jbilling/config/index'] is used
17:17:36,686 INFO  [BrowserSelenium] EXIT --> (_parseElementOnXpath)
17:17:36,686 INFO  [BrowserSelenium] EXIT --> (_getByLocator)
17:17:36,706 INFO  [BrowserSelenium] ENTER --> (_getByLocator)
17:17:36,706 INFO  [BrowserSelenium] (_getByLocator) -> Getting locator for null
17:17:36,706 INFO  [BrowserSelenium] (_getByLocator) -> Locator info found for XPATH attribute as: //a[@href='/jbilling/config/index']
17:17:36,706 INFO  [BrowserSelenium] ENTER --> (_parseElementOnXpath)
17:17:36,706 INFO  [BrowserSelenium] (_parseElementOnXpath) -> //a[@href='/jbilling/config/index'] is used
17:17:36,706 INFO  [BrowserSelenium] EXIT --> (_parseElementOnXpath)
17:17:36,706 INFO  [BrowserSelenium] EXIT --> (_getByLocator)
17:17:36,726 INFO  [BrowserSelenium] ENTER --> (_getByLocator)
17:17:36,726 INFO  [BrowserSelenium] (_getByLocator) -> Getting locator for null
17:17:36,726 INFO  [BrowserSelenium] (_getByLocator) -> Locator info found for XPATH attribute as: //a[@href='/jbilling/config/index']
17:17:36,726 INFO  [BrowserSelenium] ENTER --> (_parseElementOnXpath)
17:17:36,726 INFO  [BrowserSelenium] (_parseElementOnXpath) -> //a[@href='/jbilling/config/index'] is used
17:17:36,726 INFO  [BrowserSelenium] EXIT --> (_parseElementOnXpath)
17:17:36,726 INFO  [BrowserSelenium] EXIT --> (_getByLocator)
17:17:36,736 INFO  [BrowserSelenium] ENTER --> (_getByLocator)
17:17:36,736 INFO  [BrowserSelenium] (_getByLocator) -> Getting locator for null
17:17:36,736 INFO  [BrowserSelenium] (_getByLocator) -> Locator info found for XPATH attribute as: //a[@href='/jbilling/config/index']
17:17:36,736 INFO  [BrowserSelenium] ENTER --> (_parseElementOnXpath)
17:17:36,736 INFO  [BrowserSelenium] (_parseElementOnXpath) -> //a[@href='/jbilling/config/index'] is used
17:17:36,736 INFO  [BrowserSelenium] EXIT --> (_parseElementOnXpath)
17:17:36,746 INFO  [BrowserSelenium] EXIT --> (_getByLocator)
17:17:36,756 INFO  [BrowserSelenium] ENTER --> (_getByLocator)
17:17:36,756 INFO  [BrowserSelenium] (_getByLocator) -> Getting locator for null
17:17:36,756 INFO  [BrowserSelenium] (_getByLocator) -> Locator info found for XPATH attribute as: //a[@href='/jbilling/config/index']
17:17:36,756 INFO  [BrowserSelenium] ENTER --> (_parseElementOnXpath)
17:17:36,756 INFO  [BrowserSelenium] (_parseElementOnXpath) -> //a[@href='/jbilling/config/index'] is used
17:17:36,756 INFO  [BrowserSelenium] EXIT --> (_parseElementOnXpath)
17:17:36,756 INFO  [BrowserSelenium] EXIT --> (_getByLocator)
17:17:36,776 INFO  [BrowserSelenium] ENTER --> (_getByLocator)
17:17:36,776 INFO  [BrowserSelenium] (_getByLocator) -> Getting locator for null
17:17:36,776 INFO  [BrowserSelenium] (_getByLocator) -> Locator info found for XPATH attribute as: //a[@href='/jbilling/config/index']
17:17:36,776 INFO  [BrowserSelenium] ENTER --> (_parseElementOnXpath)
17:17:36,776 INFO  [BrowserSelenium] (_parseElementOnXpath) -> //a[@href='/jbilling/config/index'] is used
17:17:36,776 INFO  [BrowserSelenium] EXIT --> (_parseElementOnXpath)
17:17:36,776 INFO  [BrowserSelenium] EXIT --> (_getByLocator)
17:17:36,796 INFO  [BrowserSelenium] ENTER --> (_getByLocator)
17:17:36,796 INFO  [BrowserSelenium] (_getByLocator) -> Getting locator for null
17:17:36,796 INFO  [BrowserSelenium] (_getByLocator) -> Locator info found for XPATH attribute as: //a[@href='/jbilling/config/index']
17:17:36,796 INFO  [BrowserSelenium] ENTER --> (_parseElementOnXpath)
17:17:36,796 INFO  [BrowserSelenium] (_parseElementOnXpath) -> //a[@href='/jbilling/config/index'] is used
17:17:36,806 INFO  [BrowserSelenium] EXIT --> (_parseElementOnXpath)
17:17:36,806 INFO  [BrowserSelenium] EXIT --> (_getByLocator)
17:17:36,826 INFO  [BrowserSelenium] ENTER --> (_getByLocator)
17:17:36,826 INFO  [BrowserSelenium] (_getByLocator) -> Getting locator for null
17:17:36,826 INFO  [BrowserSelenium] (_getByLocator) -> Locator info found for XPATH attribute as: //a[@href='/jbilling/config/index']
17:17:36,826 INFO  [BrowserSelenium] ENTER --> (_parseElementOnXpath)
17:17:36,826 INFO  [BrowserSelenium] (_parseElementOnXpath) -> //a[@href='/jbilling/config/index'] is used
17:17:36,826 INFO  [BrowserSelenium] EXIT --> (_parseElementOnXpath)
17:17:36,826 INFO  [BrowserSelenium] EXIT --> (_getByLocator)
17:17:36,846 INFO  [BrowserSelenium] ENTER --> (_getByLocator)
17:17:36,846 INFO  [BrowserSelenium] (_getByLocator) -> Getting locator for null
17:17:36,846 INFO  [BrowserSelenium] (_getByLocator) -> Locator info found for XPATH attribute as: //a[@href='/jbilling/config/index']
17:17:36,846 INFO  [BrowserSelenium] ENTER --> (_parseElementOnXpath)
17:17:36,846 INFO  [BrowserSelenium] (_parseElementOnXpath) -> //a[@href='/jbilling/config/index'] is used
17:17:36,846 INFO  [BrowserSelenium] EXIT --> (_parseElementOnXpath)
17:17:36,846 INFO  [BrowserSelenium] EXIT --> (_getByLocator)
17:17:36,866 INFO  [BrowserSelenium] ENTER --> (_getByLocator)
17:17:36,866 INFO  [BrowserSelenium] (_getByLocator) -> Getting locator for null
17:17:36,866 INFO  [BrowserSelenium] (_getByLocator) -> Locator info found for XPATH attribute as: //a[@href='/jbilling/config/index']
17:17:36,866 INFO  [BrowserSelenium] ENTER --> (_parseElementOnXpath)
17:17:36,866 INFO  [BrowserSelenium] (_parseElementOnXpath) -> //a[@href='/jbilling/config/index'] is used
17:17:36,866 INFO  [BrowserSelenium] EXIT --> (_parseElementOnXpath)
17:17:36,866 INFO  [BrowserSelenium] EXIT --> (_getByLocator)
17:17:36,886 INFO  [BrowserSelenium] ENTER --> (_getByLocator)
17:17:36,886 INFO  [BrowserSelenium] (_getByLocator) -> Getting locator for null
17:17:36,886 INFO  [BrowserSelenium] (_getByLocator) -> Locator info found for XPATH attribute as: //a[@href='/jbilling/config/index']
17:17:36,886 INFO  [BrowserSelenium] ENTER --> (_parseElementOnXpath)
17:17:36,886 INFO  [BrowserSelenium] (_parseElementOnXpath) -> //a[@href='/jbilling/config/index'] is used
17:17:36,886 INFO  [BrowserSelenium] EXIT --> (_parseElementOnXpath)
17:17:36,886 INFO  [BrowserSelenium] EXIT --> (_getByLocator)
17:17:36,916 INFO  [BrowserSelenium] ENTER --> (_getByLocator)
17:17:36,916 INFO  [BrowserSelenium] (_getByLocator) -> Getting locator for null
17:17:36,916 INFO  [BrowserSelenium] (_getByLocator) -> Locator info found for XPATH attribute as: //a[@href='/jbilling/config/index']
17:17:36,916 INFO  [BrowserSelenium] ENTER --> (_parseElementOnXpath)
17:17:36,916 INFO  [BrowserSelenium] (_parseElementOnXpath) -> //a[@href='/jbilling/config/index'] is used
17:17:36,916 INFO  [BrowserSelenium] EXIT --> (_parseElementOnXpath)
17:17:36,916 INFO  [BrowserSelenium] EXIT --> (_getByLocator)
17:17:36,946 INFO  [BrowserSelenium] ENTER --> (_getByLocator)
17:17:36,946 INFO  [BrowserSelenium] (_getByLocator) -> Getting locator for null
17:17:36,946 INFO  [BrowserSelenium] (_getByLocator) -> Locator info found for XPATH attribute as: //a[@href='/jbilling/config/index']
17:17:36,946 INFO  [BrowserSelenium] ENTER --> (_parseElementOnXpath)
17:17:36,946 INFO  [BrowserSelenium] (_parseElementOnXpath) -> //a[@href='/jbilling/config/index'] is used
17:17:36,946 INFO  [BrowserSelenium] EXIT --> (_parseElementOnXpath)
17:17:36,946 INFO  [BrowserSelenium] EXIT --> (_getByLocator)
17:17:36,966 INFO  [BrowserSelenium] ENTER --> (_getByLocator)
17:17:36,966 INFO  [BrowserSelenium] (_getByLocator) -> Getting locator for null
17:17:36,966 INFO  [BrowserSelenium] (_getByLocator) -> Locator info found for XPATH attribute as: //a[@href='/jbilling/config/index']
17:17:36,966 INFO  [BrowserSelenium] ENTER --> (_parseElementOnXpath)
17:17:36,966 INFO  [BrowserSelenium] (_parseElementOnXpath) -> //a[@href='/jbilling/config/index'] is used
17:17:36,966 INFO  [BrowserSelenium] EXIT --> (_parseElementOnXpath)
17:17:36,966 INFO  [BrowserSelenium] EXIT --> (_getByLocator)
17:17:36,986 INFO  [BrowserSelenium] ENTER --> (_getByLocator)
17:17:36,986 INFO  [BrowserSelenium] (_getByLocator) -> Getting locator for null
17:17:36,986 INFO  [BrowserSelenium] (_getByLocator) -> Locator info found for XPATH attribute as: //a[@href='/jbilling/config/index']
17:17:36,986 INFO  [BrowserSelenium] ENTER --> (_parseElementOnXpath)
17:17:36,986 INFO  [BrowserSelenium] (_parseElementOnXpath) -> //a[@href='/jbilling/config/index'] is used
17:17:36,986 INFO  [BrowserSelenium] EXIT --> (_parseElementOnXpath)
17:17:36,986 INFO  [BrowserSelenium] EXIT --> (_getByLocator)
17:17:37,006 INFO  [BrowserSelenium] ENTER --> (_getByLocator)
17:17:37,006 INFO  [BrowserSelenium] (_getByLocator) -> Getting locator for null
17:17:37,006 INFO  [BrowserSelenium] (_getByLocator) -> Locator info found for XPATH attribute as: //a[@href='/jbilling/config/index']
17:17:37,006 INFO  [BrowserSelenium] ENTER --> (_parseElementOnXpath)
17:17:37,006 INFO  [BrowserSelenium] (_parseElementOnXpath) -> //a[@href='/jbilling/config/index'] is used
17:17:37,006 INFO  [BrowserSelenium] EXIT --> (_parseElementOnXpath)
17:17:37,006 INFO  [BrowserSelenium] EXIT --> (_getByLocator)
17:17:37,196 INFO  [BrowserSelenium] ENTER --> (_getByLocator)
17:17:37,196 INFO  [BrowserSelenium] (_getByLocator) -> Getting locator for null
17:17:37,196 INFO  [BrowserSelenium] (_getByLocator) -> Locator info found for XPATH attribute as: //a[@href='/jbilling/config/index']
17:17:37,196 INFO  [BrowserSelenium] ENTER --> (_parseElementOnXpath)
17:17:37,196 INFO  [BrowserSelenium] (_parseElementOnXpath) -> //a[@href='/jbilling/config/index'] is used
17:17:37,196 INFO  [BrowserSelenium] EXIT --> (_parseElementOnXpath)
17:17:37,196 INFO  [BrowserSelenium] EXIT --> (_getByLocator)
17:17:37,216 INFO  [BrowserSelenium] ENTER --> (_getByLocator)
17:17:37,216 INFO  [BrowserSelenium] (_getByLocator) -> Getting locator for null
17:17:37,216 INFO  [BrowserSelenium] (_getByLocator) -> Locator info found for XPATH attribute as: //a[@href='/jbilling/config/index']
17:17:37,216 INFO  [BrowserSelenium] ENTER --> (_parseElementOnXpath)
17:17:37,216 INFO  [BrowserSelenium] (_parseElementOnXpath) -> //a[@href='/jbilling/config/index'] is used
17:17:37,216 INFO  [BrowserSelenium] EXIT --> (_parseElementOnXpath)
17:17:37,216 INFO  [BrowserSelenium] EXIT --> (_getByLocator)
17:17:37,236 INFO  [BrowserSelenium] ENTER --> (_getByLocator)
17:17:37,236 INFO  [BrowserSelenium] (_getByLocator) -> Getting locator for null
17:17:37,236 INFO  [BrowserSelenium] (_getByLocator) -> Locator info found for XPATH attribute as: //a[@href='/jbilling/config/index']
17:17:37,236 INFO  [BrowserSelenium] ENTER --> (_parseElementOnXpath)
17:17:37,236 INFO  [BrowserSelenium] (_parseElementOnXpath) -> //a[@href='/jbilling/config/index'] is used
17:17:37,236 INFO  [BrowserSelenium] EXIT --> (_parseElementOnXpath)
17:17:37,236 INFO  [BrowserSelenium] EXIT --> (_getByLocator)
17:17:37,266 INFO  [BrowserSelenium] ENTER --> (_getByLocator)
17:17:37,266 INFO  [BrowserSelenium] (_getByLocator) -> Getting locator for null
17:17:37,266 INFO  [BrowserSelenium] (_getByLocator) -> Locator info found for XPATH attribute as: //a[@href='/jbilling/config/index']
17:17:37,266 INFO  [BrowserSelenium] ENTER --> (_parseElementOnXpath)
17:17:37,266 INFO  [BrowserSelenium] (_parseElementOnXpath) -> //a[@href='/jbilling/config/index'] is used
17:17:37,266 INFO  [BrowserSelenium] EXIT --> (_parseElementOnXpath)
17:17:37,266 INFO  [BrowserSelenium] EXIT --> (_getByLocator)
17:17:37,286 INFO  [BrowserSelenium] ENTER --> (_getByLocator)
17:17:37,286 INFO  [BrowserSelenium] (_getByLocator) -> Getting locator for null
17:17:37,286 INFO  [BrowserSelenium] (_getByLocator) -> Locator info found for XPATH attribute as: //a[@href='/jbilling/config/index']
17:17:37,286 INFO  [BrowserSelenium] ENTER --> (_parseElementOnXpath)
17:17:37,286 INFO  [BrowserSelenium] (_parseElementOnXpath) -> //a[@href='/jbilling/config/index'] is used
17:17:37,286 INFO  [BrowserSelenium] EXIT --> (_parseElementOnXpath)
17:17:37,286 INFO  [BrowserSelenium] EXIT --> (_getByLocator)
17:17:37,296 INFO  [BrowserSelenium] ENTER --> (_getByLocator)
17:17:37,296 INFO  [BrowserSelenium] (_getByLocator) -> Getting locator for null
17:17:37,296 INFO  [BrowserSelenium] (_getByLocator) -> Locator info found for XPATH attribute as: //a[@href='/jbilling/config/index']
17:17:37,296 INFO  [BrowserSelenium] ENTER --> (_parseElementOnXpath)
17:17:37,296 INFO  [BrowserSelenium] (_parseElementOnXpath) -> //a[@href='/jbilling/config/index'] is used
17:17:37,296 INFO  [BrowserSelenium] EXIT --> (_parseElementOnXpath)
17:17:37,296 INFO  [BrowserSelenium] EXIT --> (_getByLocator)
17:17:37,526 INFO  [BrowserSelenium] ENTER --> (_getByLocator)
17:17:37,526 INFO  [BrowserSelenium] (_getByLocator) -> Getting locator for null
17:17:37,526 INFO  [BrowserSelenium] (_getByLocator) -> Locator info found for XPATH attribute as: //a[@href='/jbilling/config/index']
17:17:37,526 INFO  [BrowserSelenium] ENTER --> (_parseElementOnXpath)
17:17:37,526 INFO  [BrowserSelenium] (_parseElementOnXpath) -> //a[@href='/jbilling/config/index'] is used
17:17:37,526 INFO  [BrowserSelenium] EXIT --> (_parseElementOnXpath)
17:17:37,526 INFO  [BrowserSelenium] EXIT --> (_getByLocator)
17:17:37,546 INFO  [BrowserSelenium] ENTER --> (_getByLocator)
17:17:37,546 INFO  [BrowserSelenium] (_getByLocator) -> Getting locator for null
17:17:37,546 INFO  [BrowserSelenium] (_getByLocator) -> Locator info found for XPATH attribute as: //a[@href='/jbilling/config/index']
17:17:37,546 INFO  [BrowserSelenium] ENTER --> (_parseElementOnXpath)
17:17:37,546 INFO  [BrowserSelenium] (_parseElementOnXpath) -> //a[@href='/jbilling/config/index'] is used
17:17:37,546 INFO  [BrowserSelenium] EXIT --> (_parseElementOnXpath)
17:17:37,546 INFO  [BrowserSelenium] EXIT --> (_getByLocator)
17:17:37,566 INFO  [BrowserSelenium] ENTER --> (_getByLocator)
17:17:37,566 INFO  [BrowserSelenium] (_getByLocator) -> Getting locator for null
17:17:37,566 INFO  [BrowserSelenium] (_getByLocator) -> Locator info found for XPATH attribute as: //a[@href='/jbilling/config/index']
17:17:37,566 INFO  [BrowserSelenium] ENTER --> (_parseElementOnXpath)
17:17:37,566 INFO  [BrowserSelenium] (_parseElementOnXpath) -> //a[@href='/jbilling/config/index'] is used
17:17:37,566 INFO  [BrowserSelenium] EXIT --> (_parseElementOnXpath)
17:17:37,566 INFO  [BrowserSelenium] EXIT --> (_getByLocator)
17:17:37,576 INFO  [BrowserSelenium] ENTER --> (_getByLocator)
17:17:37,576 INFO  [BrowserSelenium] (_getByLocator) -> Getting locator for null
17:17:37,576 INFO  [BrowserSelenium] (_getByLocator) -> Locator info found for XPATH attribute as: //a[@href='/jbilling/config/index']
17:17:37,576 INFO  [BrowserSelenium] ENTER --> (_parseElementOnXpath)
17:17:37,576 INFO  [BrowserSelenium] (_parseElementOnXpath) -> //a[@href='/jbilling/config/index'] is used
17:17:37,576 INFO  [BrowserSelenium] EXIT --> (_parseElementOnXpath)
17:17:37,576 INFO  [BrowserSelenium] EXIT --> (_getByLocator)
17:17:37,596 INFO  [BrowserSelenium] ENTER --> (_getByLocator)
17:17:37,596 INFO  [BrowserSelenium] (_getByLocator) -> Getting locator for null
17:17:37,596 INFO  [BrowserSelenium] (_getByLocator) -> Locator info found for XPATH attribute as: //a[@href='/jbilling/config/index']
17:17:37,596 INFO  [BrowserSelenium] ENTER --> (_parseElementOnXpath)
17:17:37,596 INFO  [BrowserSelenium] (_parseElementOnXpath) -> //a[@href='/jbilling/config/index'] is used
17:17:37,596 INFO  [BrowserSelenium] EXIT --> (_parseElementOnXpath)
17:17:37,596 INFO  [BrowserSelenium] EXIT --> (_getByLocator)
17:17:37,616 INFO  [BrowserSelenium] ENTER --> (_getByLocator)
17:17:37,616 INFO  [BrowserSelenium] (_getByLocator) -> Getting locator for null
17:17:37,616 INFO  [BrowserSelenium] (_getByLocator) -> Locator info found for XPATH attribute as: //a[@href='/jbilling/config/index']
17:17:37,616 INFO  [BrowserSelenium] ENTER --> (_parseElementOnXpath)
17:17:37,616 INFO  [BrowserSelenium] (_parseElementOnXpath) -> //a[@href='/jbilling/config/index'] is used
17:17:37,616 INFO  [BrowserSelenium] EXIT --> (_parseElementOnXpath)
17:17:37,616 INFO  [BrowserSelenium] EXIT --> (_getByLocator)
17:17:37,636 INFO  [BrowserSelenium] ENTER --> (_getByLocator)
17:17:37,636 INFO  [BrowserSelenium] (_getByLocator) -> Getting locator for null
17:17:37,636 INFO  [BrowserSelenium] (_getByLocator) -> Locator info found for XPATH attribute as: //a[@href='/jbilling/config/index']
17:17:37,636 INFO  [BrowserSelenium] ENTER --> (_parseElementOnXpath)
17:17:37,636 INFO  [BrowserSelenium] (_parseElementOnXpath) -> //a[@href='/jbilling/config/index'] is used
17:17:37,636 INFO  [BrowserSelenium] EXIT --> (_parseElementOnXpath)
17:17:37,636 INFO  [BrowserSelenium] EXIT --> (_getByLocator)
17:17:37,666 INFO  [BrowserSelenium] ENTER --> (_getByLocator)
17:17:37,666 INFO  [BrowserSelenium] (_getByLocator) -> Getting locator for null
17:17:37,666 INFO  [BrowserSelenium] (_getByLocator) -> Locator info found for XPATH attribute as: //a[@href='/jbilling/config/index']
17:17:37,666 INFO  [BrowserSelenium] ENTER --> (_parseElementOnXpath)
17:17:37,666 INFO  [BrowserSelenium] (_parseElementOnXpath) -> //a[@href='/jbilling/config/index'] is used
17:17:37,666 INFO  [BrowserSelenium] EXIT --> (_parseElementOnXpath)
17:17:37,666 INFO  [BrowserSelenium] EXIT --> (_getByLocator)
17:17:37,696 INFO  [BrowserSelenium] ENTER --> (_getByLocator)
17:17:37,696 INFO  [BrowserSelenium] (_getByLocator) -> Getting locator for null
17:17:37,696 INFO  [BrowserSelenium] (_getByLocator) -> Locator info found for XPATH attribute as: //a[@href='/jbilling/config/index']
17:17:37,696 INFO  [BrowserSelenium] ENTER --> (_parseElementOnXpath)
17:17:37,696 INFO  [BrowserSelenium] (_parseElementOnXpath) -> //a[@href='/jbilling/config/index'] is used
17:17:37,696 INFO  [BrowserSelenium] EXIT --> (_parseElementOnXpath)
17:17:37,696 INFO  [BrowserSelenium] EXIT --> (_getByLocator)
17:17:37,721 INFO  [BrowserSelenium] ENTER --> (_getByLocator)
17:17:37,721 INFO  [BrowserSelenium] (_getByLocator) -> Getting locator for null
17:17:37,722 INFO  [BrowserSelenium] (_getByLocator) -> Locator info found for XPATH attribute as: //a[@href='/jbilling/config/index']
17:17:37,722 INFO  [BrowserSelenium] ENTER --> (_parseElementOnXpath)
17:17:37,722 INFO  [BrowserSelenium] (_parseElementOnXpath) -> //a[@href='/jbilling/config/index'] is used
17:17:37,722 INFO  [BrowserSelenium] EXIT --> (_parseElementOnXpath)
17:17:37,722 INFO  [BrowserSelenium] EXIT --> (_getByLocator)
17:17:37,738 INFO  [BrowserSelenium] ENTER --> (_getByLocator)
17:17:37,738 INFO  [BrowserSelenium] (_getByLocator) -> Getting locator for null
17:17:37,738 INFO  [BrowserSelenium] (_getByLocator) -> Locator info found for XPATH attribute as: //a[@href='/jbilling/config/index']
17:17:37,738 INFO  [BrowserSelenium] ENTER --> (_parseElementOnXpath)
17:17:37,738 INFO  [BrowserSelenium] (_parseElementOnXpath) -> //a[@href='/jbilling/config/index'] is used
17:17:37,738 INFO  [BrowserSelenium] EXIT --> (_parseElementOnXpath)
17:17:37,738 INFO  [BrowserSelenium] EXIT --> (_getByLocator)
17:17:37,758 INFO  [BrowserSelenium] ENTER --> (_getByLocator)
17:17:37,758 INFO  [BrowserSelenium] (_getByLocator) -> Getting locator for null
17:17:37,758 INFO  [BrowserSelenium] (_getByLocator) -> Locator info found for XPATH attribute as: //a[@href='/jbilling/config/index']
17:17:37,758 INFO  [BrowserSelenium] ENTER --> (_parseElementOnXpath)
17:17:37,758 INFO  [BrowserSelenium] (_parseElementOnXpath) -> //a[@href='/jbilling/config/index'] is used
17:17:37,758 INFO  [BrowserSelenium] EXIT --> (_parseElementOnXpath)
17:17:37,758 INFO  [BrowserSelenium] EXIT --> (_getByLocator)
17:17:37,778 INFO  [BrowserSelenium] ENTER --> (_getByLocator)
17:17:37,778 INFO  [BrowserSelenium] (_getByLocator) -> Getting locator for null
17:17:37,778 INFO  [BrowserSelenium] (_getByLocator) -> Locator info found for XPATH attribute as: //a[@href='/jbilling/config/index']
17:17:37,778 INFO  [BrowserSelenium] ENTER --> (_parseElementOnXpath)
17:17:37,778 INFO  [BrowserSelenium] (_parseElementOnXpath) -> //a[@href='/jbilling/config/index'] is used
17:17:37,778 INFO  [BrowserSelenium] EXIT --> (_parseElementOnXpath)
17:17:37,778 INFO  [BrowserSelenium] EXIT --> (_getByLocator)
17:17:37,798 INFO  [BrowserSelenium] ENTER --> (_getByLocator)
17:17:37,798 INFO  [BrowserSelenium] (_getByLocator) -> Getting locator for null
17:17:37,798 INFO  [BrowserSelenium] (_getByLocator) -> Locator info found for XPATH attribute as: //a[@href='/jbilling/config/index']
17:17:37,798 INFO  [BrowserSelenium] ENTER --> (_parseElementOnXpath)
17:17:37,798 INFO  [BrowserSelenium] (_parseElementOnXpath) -> //a[@href='/jbilling/config/index'] is used
17:17:37,798 INFO  [BrowserSelenium] EXIT --> (_parseElementOnXpath)
17:17:37,798 INFO  [BrowserSelenium] EXIT --> (_getByLocator)
17:17:37,808 INFO  [BrowserSelenium] ENTER --> (_getByLocator)
17:17:37,808 INFO  [BrowserSelenium] (_getByLocator) -> Getting locator for null
17:17:37,808 INFO  [BrowserSelenium] (_getByLocator) -> Locator info found for XPATH attribute as: //a[@href='/jbilling/config/index']
17:17:37,808 INFO  [BrowserSelenium] ENTER --> (_parseElementOnXpath)
17:17:37,808 INFO  [BrowserSelenium] (_parseElementOnXpath) -> //a[@href='/jbilling/config/index'] is used
17:17:37,818 INFO  [BrowserSelenium] EXIT --> (_parseElementOnXpath)
17:17:37,818 INFO  [BrowserSelenium] EXIT --> (_getByLocator)
17:17:37,835 INFO  [BrowserSelenium] ENTER --> (_getByLocator)
17:17:37,835 INFO  [BrowserSelenium] (_getByLocator) -> Getting locator for null
17:17:37,835 INFO  [BrowserSelenium] (_getByLocator) -> Locator info found for XPATH attribute as: //a[@href='/jbilling/config/index']
17:17:37,836 INFO  [BrowserSelenium] ENTER --> (_parseElementOnXpath)
17:17:37,836 INFO  [BrowserSelenium] (_parseElementOnXpath) -> //a[@href='/jbilling/config/index'] is used
17:17:37,836 INFO  [BrowserSelenium] EXIT --> (_parseElementOnXpath)
17:17:37,836 INFO  [BrowserSelenium] EXIT --> (_getByLocator)
17:17:37,849 INFO  [BrowserSelenium] ENTER --> (_getByLocator)
17:17:37,849 INFO  [BrowserSelenium] (_getByLocator) -> Getting locator for null
17:17:37,849 INFO  [BrowserSelenium] (_getByLocator) -> Locator info found for XPATH attribute as: //a[@href='/jbilling/config/index']
17:17:37,849 INFO  [BrowserSelenium] ENTER --> (_parseElementOnXpath)
17:17:37,849 INFO  [BrowserSelenium] (_parseElementOnXpath) -> //a[@href='/jbilling/config/index'] is used
17:17:37,849 INFO  [BrowserSelenium] EXIT --> (_parseElementOnXpath)
17:17:37,849 INFO  [BrowserSelenium] EXIT --> (_getByLocator)
17:17:37,879 INFO  [BrowserSelenium] ENTER --> (_getByLocator)
17:17:37,879 INFO  [BrowserSelenium] (_getByLocator) -> Getting locator for null
17:17:37,879 INFO  [BrowserSelenium] (_getByLocator) -> Locator info found for XPATH attribute as: //a[@href='/jbilling/config/index']
17:17:37,879 INFO  [BrowserSelenium] ENTER --> (_parseElementOnXpath)
17:17:37,879 INFO  [BrowserSelenium] (_parseElementOnXpath) -> //a[@href='/jbilling/config/index'] is used
17:17:37,879 INFO  [BrowserSelenium] EXIT --> (_parseElementOnXpath)
17:17:37,879 INFO  [BrowserSelenium] EXIT --> (_getByLocator)
17:17:37,889 INFO  [BrowserSelenium] ENTER --> (_getByLocator)
17:17:37,889 INFO  [BrowserSelenium] (_getByLocator) -> Getting locator for null
17:17:37,889 INFO  [BrowserSelenium] (_getByLocator) -> Locator info found for XPATH attribute as: //a[@href='/jbilling/config/index']
17:17:37,889 INFO  [BrowserSelenium] ENTER --> (_parseElementOnXpath)
17:17:37,899 INFO  [BrowserSelenium] (_parseElementOnXpath) -> //a[@href='/jbilling/config/index'] is used
17:17:37,899 INFO  [BrowserSelenium] EXIT --> (_parseElementOnXpath)
17:17:37,899 INFO  [BrowserSelenium] EXIT --> (_getByLocator)
17:17:37,909 INFO  [BrowserSelenium] ENTER --> (_getByLocator)
17:17:37,909 INFO  [BrowserSelenium] (_getByLocator) -> Getting locator for null
17:17:37,909 INFO  [BrowserSelenium] (_getByLocator) -> Locator info found for XPATH attribute as: //a[@href='/jbilling/config/index']
17:17:37,909 INFO  [BrowserSelenium] ENTER --> (_parseElementOnXpath)
17:17:37,909 INFO  [BrowserSelenium] (_parseElementOnXpath) -> //a[@href='/jbilling/config/index'] is used
17:17:37,909 INFO  [BrowserSelenium] EXIT --> (_parseElementOnXpath)
17:17:37,909 INFO  [BrowserSelenium] EXIT --> (_getByLocator)
17:17:37,929 INFO  [BrowserSelenium] ENTER --> (_getByLocator)
17:17:37,929 INFO  [BrowserSelenium] (_getByLocator) -> Getting locator for null
17:17:37,929 INFO  [BrowserSelenium] (_getByLocator) -> Locator info found for XPATH attribute as: //a[@href='/jbilling/config/index']
17:17:37,929 INFO  [BrowserSelenium] ENTER --> (_parseElementOnXpath)
17:17:37,929 INFO  [BrowserSelenium] (_parseElementOnXpath) -> //a[@href='/jbilling/config/index'] is used
17:17:37,929 INFO  [BrowserSelenium] EXIT --> (_parseElementOnXpath)
17:17:37,929 INFO  [BrowserSelenium] EXIT --> (_getByLocator)
17:17:37,949 INFO  [BrowserSelenium] ENTER --> (_getByLocator)
17:17:37,949 INFO  [BrowserSelenium] (_getByLocator) -> Getting locator for null
17:17:37,949 INFO  [BrowserSelenium] (_getByLocator) -> Locator info found for XPATH attribute as: //a[@href='/jbilling/config/index']
17:17:37,949 INFO  [BrowserSelenium] ENTER --> (_parseElementOnXpath)
17:17:37,949 INFO  [BrowserSelenium] (_parseElementOnXpath) -> //a[@href='/jbilling/config/index'] is used
17:17:37,949 INFO  [BrowserSelenium] EXIT --> (_parseElementOnXpath)
17:17:37,949 INFO  [BrowserSelenium] EXIT --> (_getByLocator)
17:17:37,969 INFO  [BrowserSelenium] ENTER --> (_getByLocator)
17:17:37,969 INFO  [BrowserSelenium] (_getByLocator) -> Getting locator for null
17:17:37,969 INFO  [BrowserSelenium] (_getByLocator) -> Locator info found for XPATH attribute as: //a[@href='/jbilling/config/index']
17:17:37,969 INFO  [BrowserSelenium] ENTER --> (_parseElementOnXpath)
17:17:37,969 INFO  [BrowserSelenium] (_parseElementOnXpath) -> //a[@href='/jbilling/config/index'] is used
17:17:37,969 INFO  [BrowserSelenium] EXIT --> (_parseElementOnXpath)
17:17:37,979 INFO  [BrowserSelenium] EXIT --> (_getByLocator)
17:17:37,999 INFO  [BrowserSelenium] ENTER --> (_getByLocator)
17:17:37,999 INFO  [BrowserSelenium] (_getByLocator) -> Getting locator for null
17:17:37,999 INFO  [BrowserSelenium] (_getByLocator) -> Locator info found for XPATH attribute as: //a[@href='/jbilling/config/index']
17:17:37,999 INFO  [BrowserSelenium] ENTER --> (_parseElementOnXpath)
17:17:37,999 INFO  [BrowserSelenium] (_parseElementOnXpath) -> //a[@href='/jbilling/config/index'] is used
17:17:37,999 INFO  [BrowserSelenium] EXIT --> (_parseElementOnXpath)
17:17:37,999 INFO  [BrowserSelenium] EXIT --> (_getByLocator)
17:17:38,019 INFO  [BrowserSelenium] ENTER --> (_getByLocator)
17:17:38,019 INFO  [BrowserSelenium] (_getByLocator) -> Getting locator for null
17:17:38,019 INFO  [BrowserSelenium] (_getByLocator) -> Locator info found for XPATH attribute as: //a[@href='/jbilling/config/index']
17:17:38,019 INFO  [BrowserSelenium] ENTER --> (_parseElementOnXpath)
17:17:38,019 INFO  [BrowserSelenium] (_parseElementOnXpath) -> //a[@href='/jbilling/config/index'] is used
17:17:38,019 INFO  [BrowserSelenium] EXIT --> (_parseElementOnXpath)
17:17:38,019 INFO  [BrowserSelenium] EXIT --> (_getByLocator)
17:17:38,039 INFO  [BrowserSelenium] ENTER --> (_getByLocator)
17:17:38,039 INFO  [BrowserSelenium] (_getByLocator) -> Getting locator for null
17:17:38,039 INFO  [BrowserSelenium] (_getByLocator) -> Locator info found for XPATH attribute as: //a[@href='/jbilling/config/index']
17:17:38,039 INFO  [BrowserSelenium] ENTER --> (_parseElementOnXpath)
17:17:38,039 INFO  [BrowserSelenium] (_parseElementOnXpath) -> //a[@href='/jbilling/config/index'] is used
17:17:38,039 INFO  [BrowserSelenium] EXIT --> (_parseElementOnXpath)
17:17:38,039 INFO  [BrowserSelenium] EXIT --> (_getByLocator)
17:17:38,059 INFO  [BrowserSelenium] ENTER --> (_getByLocator)
17:17:38,059 INFO  [BrowserSelenium] (_getByLocator) -> Getting locator for null
17:17:38,059 INFO  [BrowserSelenium] (_getByLocator) -> Locator info found for XPATH attribute as: //a[@href='/jbilling/config/index']
17:17:38,059 INFO  [BrowserSelenium] ENTER --> (_parseElementOnXpath)
17:17:38,059 INFO  [BrowserSelenium] (_parseElementOnXpath) -> //a[@href='/jbilling/config/index'] is used
17:17:38,059 INFO  [BrowserSelenium] EXIT --> (_parseElementOnXpath)
17:17:38,059 INFO  [BrowserSelenium] EXIT --> (_getByLocator)
17:17:38,079 INFO  [BrowserSelenium] ENTER --> (_getByLocator)
17:17:38,079 INFO  [BrowserSelenium] (_getByLocator) -> Getting locator for null
17:17:38,079 INFO  [BrowserSelenium] (_getByLocator) -> Locator info found for XPATH attribute as: //a[@href='/jbilling/config/index']
17:17:38,079 INFO  [BrowserSelenium] ENTER --> (_parseElementOnXpath)
17:17:38,079 INFO  [BrowserSelenium] (_parseElementOnXpath) -> //a[@href='/jbilling/config/index'] is used
17:17:38,079 INFO  [BrowserSelenium] EXIT --> (_parseElementOnXpath)
17:17:38,079 INFO  [BrowserSelenium] EXIT --> (_getByLocator)
17:17:38,099 INFO  [BrowserSelenium] ENTER --> (_getByLocator)
17:17:38,099 INFO  [BrowserSelenium] (_getByLocator) -> Getting locator for null
17:17:38,099 INFO  [BrowserSelenium] (_getByLocator) -> Locator info found for XPATH attribute as: //a[@href='/jbilling/config/index']
17:17:38,099 INFO  [BrowserSelenium] ENTER --> (_parseElementOnXpath)
17:17:38,099 INFO  [BrowserSelenium] (_parseElementOnXpath) -> //a[@href='/jbilling/config/index'] is used
17:17:38,099 INFO  [BrowserSelenium] EXIT --> (_parseElementOnXpath)
17:17:38,099 INFO  [BrowserSelenium] EXIT --> (_getByLocator)
17:17:38,119 INFO  [BrowserSelenium] ENTER --> (_getByLocator)
17:17:38,119 INFO  [BrowserSelenium] (_getByLocator) -> Getting locator for null
17:17:38,119 INFO  [BrowserSelenium] (_getByLocator) -> Locator info found for XPATH attribute as: //a[@href='/jbilling/config/index']
17:17:38,119 INFO  [BrowserSelenium] ENTER --> (_parseElementOnXpath)
17:17:38,119 INFO  [BrowserSelenium] (_parseElementOnXpath) -> //a[@href='/jbilling/config/index'] is used
17:17:38,119 INFO  [BrowserSelenium] EXIT --> (_parseElementOnXpath)
17:17:38,119 INFO  [BrowserSelenium] EXIT --> (_getByLocator)
17:17:38,149 INFO  [BrowserSelenium] ENTER --> (_getByLocator)
17:17:38,149 INFO  [BrowserSelenium] (_getByLocator) -> Getting locator for null
17:17:38,149 INFO  [BrowserSelenium] (_getByLocator) -> Locator info found for XPATH attribute as: //a[@href='/jbilling/config/index']
17:17:38,149 INFO  [BrowserSelenium] ENTER --> (_parseElementOnXpath)
17:17:38,149 INFO  [BrowserSelenium] (_parseElementOnXpath) -> //a[@href='/jbilling/config/index'] is used
17:17:38,149 INFO  [BrowserSelenium] EXIT --> (_parseElementOnXpath)
17:17:38,149 INFO  [BrowserSelenium] EXIT --> (_getByLocator)
17:17:38,169 INFO  [BrowserSelenium] ENTER --> (_getByLocator)
17:17:38,169 INFO  [BrowserSelenium] (_getByLocator) -> Getting locator for null
17:17:38,169 INFO  [BrowserSelenium] (_getByLocator) -> Locator info found for XPATH attribute as: //a[@href='/jbilling/config/index']
17:17:38,169 INFO  [BrowserSelenium] ENTER --> (_parseElementOnXpath)
17:17:38,169 INFO  [BrowserSelenium] (_parseElementOnXpath) -> //a[@href='/jbilling/config/index'] is used
17:17:38,169 INFO  [BrowserSelenium] EXIT --> (_parseElementOnXpath)
17:17:38,169 INFO  [BrowserSelenium] EXIT --> (_getByLocator)
17:17:38,189 INFO  [BrowserSelenium] ENTER --> (_getByLocator)
17:17:38,189 INFO  [BrowserSelenium] (_getByLocator) -> Getting locator for null
17:17:38,189 INFO  [BrowserSelenium] (_getByLocator) -> Locator info found for XPATH attribute as: //a[@href='/jbilling/config/index']
17:17:38,189 INFO  [BrowserSelenium] ENTER --> (_parseElementOnXpath)
17:17:38,189 INFO  [BrowserSelenium] (_parseElementOnXpath) -> //a[@href='/jbilling/config/index'] is used
17:17:38,189 INFO  [BrowserSelenium] EXIT --> (_parseElementOnXpath)
17:17:38,189 INFO  [BrowserSelenium] EXIT --> (_getByLocator)
17:17:38,209 INFO  [BrowserSelenium] ENTER --> (_getByLocator)
17:17:38,209 INFO  [BrowserSelenium] (_getByLocator) -> Getting locator for null
17:17:38,219 INFO  [BrowserSelenium] (_getByLocator) -> Locator info found for XPATH attribute as: //a[@href='/jbilling/config/index']
17:17:38,219 INFO  [BrowserSelenium] ENTER --> (_parseElementOnXpath)
17:17:38,219 INFO  [BrowserSelenium] (_parseElementOnXpath) -> //a[@href='/jbilling/config/index'] is used
17:17:38,219 INFO  [BrowserSelenium] EXIT --> (_parseElementOnXpath)
17:17:38,219 INFO  [BrowserSelenium] EXIT --> (_getByLocator)
17:17:38,239 INFO  [BrowserSelenium] ENTER --> (_getByLocator)
17:17:38,239 INFO  [BrowserSelenium] (_getByLocator) -> Getting locator for null
17:17:38,239 INFO  [BrowserSelenium] (_getByLocator) -> Locator info found for XPATH attribute as: //a[@href='/jbilling/config/index']
17:17:38,239 INFO  [BrowserSelenium] ENTER --> (_parseElementOnXpath)
17:17:38,239 INFO  [BrowserSelenium] (_parseElementOnXpath) -> //a[@href='/jbilling/config/index'] is used
17:17:38,239 INFO  [BrowserSelenium] EXIT --> (_parseElementOnXpath)
17:17:38,239 INFO  [BrowserSelenium] EXIT --> (_getByLocator)
17:17:38,259 INFO  [BrowserSelenium] ENTER --> (_getByLocator)
17:17:38,259 INFO  [BrowserSelenium] (_getByLocator) -> Getting locator for null
17:17:38,259 INFO  [BrowserSelenium] (_getByLocator) -> Locator info found for XPATH attribute as: //a[@href='/jbilling/config/index']
17:17:38,259 INFO  [BrowserSelenium] ENTER --> (_parseElementOnXpath)
17:17:38,259 INFO  [BrowserSelenium] (_parseElementOnXpath) -> //a[@href='/jbilling/config/index'] is used
17:17:38,259 INFO  [BrowserSelenium] EXIT --> (_parseElementOnXpath)
17:17:38,259 INFO  [BrowserSelenium] EXIT --> (_getByLocator)
17:17:38,279 INFO  [BrowserSelenium] ENTER --> (_getByLocator)
17:17:38,279 INFO  [BrowserSelenium] (_getByLocator) -> Getting locator for null
17:17:38,279 INFO  [BrowserSelenium] (_getByLocator) -> Locator info found for XPATH attribute as: //a[@href='/jbilling/config/index']
17:17:38,279 INFO  [BrowserSelenium] ENTER --> (_parseElementOnXpath)
17:17:38,279 INFO  [BrowserSelenium] (_parseElementOnXpath) -> //a[@href='/jbilling/config/index'] is used
17:17:38,279 INFO  [BrowserSelenium] EXIT --> (_parseElementOnXpath)
17:17:38,279 INFO  [BrowserSelenium] EXIT --> (_getByLocator)
17:17:38,299 INFO  [BrowserSelenium] ENTER --> (_getByLocator)
17:17:38,299 INFO  [BrowserSelenium] (_getByLocator) -> Getting locator for null
17:17:38,299 INFO  [BrowserSelenium] (_getByLocator) -> Locator info found for XPATH attribute as: //a[@href='/jbilling/config/index']
17:17:38,299 INFO  [BrowserSelenium] ENTER --> (_parseElementOnXpath)
17:17:38,299 INFO  [BrowserSelenium] (_parseElementOnXpath) -> //a[@href='/jbilling/config/index'] is used
17:17:38,299 INFO  [BrowserSelenium] EXIT --> (_parseElementOnXpath)
17:17:38,299 INFO  [BrowserSelenium] EXIT --> (_getByLocator)
17:17:38,319 INFO  [BrowserSelenium] ENTER --> (_getByLocator)
17:17:38,319 INFO  [BrowserSelenium] (_getByLocator) -> Getting locator for null
17:17:38,319 INFO  [BrowserSelenium] (_getByLocator) -> Locator info found for XPATH attribute as: //a[@href='/jbilling/config/index']
17:17:38,319 INFO  [BrowserSelenium] ENTER --> (_parseElementOnXpath)
17:17:38,319 INFO  [BrowserSelenium] (_parseElementOnXpath) -> //a[@href='/jbilling/config/index'] is used
17:17:38,319 INFO  [BrowserSelenium] EXIT --> (_parseElementOnXpath)
17:17:38,319 INFO  [BrowserSelenium] EXIT --> (_getByLocator)
17:17:38,339 INFO  [BrowserSelenium] ENTER --> (_getByLocator)
17:17:38,339 INFO  [BrowserSelenium] (_getByLocator) -> Getting locator for null
17:17:38,339 INFO  [BrowserSelenium] (_getByLocator) -> Locator info found for XPATH attribute as: //a[@href='/jbilling/config/index']
17:17:38,339 INFO  [BrowserSelenium] ENTER --> (_parseElementOnXpath)
17:17:38,339 INFO  [BrowserSelenium] (_parseElementOnXpath) -> //a[@href='/jbilling/config/index'] is used
17:17:38,339 INFO  [BrowserSelenium] EXIT --> (_parseElementOnXpath)
17:17:38,339 INFO  [BrowserSelenium] EXIT --> (_getByLocator)
17:17:38,359 INFO  [BrowserSelenium] ENTER --> (_getByLocator)
17:17:38,359 INFO  [BrowserSelenium] (_getByLocator) -> Getting locator for null
17:17:38,359 INFO  [BrowserSelenium] (_getByLocator) -> Locator info found for XPATH attribute as: //a[@href='/jbilling/config/index']
17:17:38,359 INFO  [BrowserSelenium] ENTER --> (_parseElementOnXpath)
17:17:38,359 INFO  [BrowserSelenium] (_parseElementOnXpath) -> //a[@href='/jbilling/config/index'] is used
17:17:38,359 INFO  [BrowserSelenium] EXIT --> (_parseElementOnXpath)
17:17:38,359 INFO  [BrowserSelenium] EXIT --> (_getByLocator)
17:17:38,379 INFO  [BrowserSelenium] ENTER --> (_getByLocator)
17:17:38,379 INFO  [BrowserSelenium] (_getByLocator) -> Getting locator for null
17:17:38,379 INFO  [BrowserSelenium] (_getByLocator) -> Locator info found for XPATH attribute as: //a[@href='/jbilling/config/index']
17:17:38,379 INFO  [BrowserSelenium] ENTER --> (_parseElementOnXpath)
17:17:38,379 INFO  [BrowserSelenium] (_parseElementOnXpath) -> //a[@href='/jbilling/config/index'] is used
17:17:38,379 INFO  [BrowserSelenium] EXIT --> (_parseElementOnXpath)
17:17:38,379 INFO  [BrowserSelenium] EXIT --> (_getByLocator)
17:17:38,399 INFO  [BrowserSelenium] ENTER --> (_getByLocator)
17:17:38,399 INFO  [BrowserSelenium] (_getByLocator) -> Getting locator for null
17:17:38,399 INFO  [BrowserSelenium] (_getByLocator) -> Locator info found for XPATH attribute as: //a[@href='/jbilling/config/index']
17:17:38,399 INFO  [BrowserSelenium] ENTER --> (_parseElementOnXpath)
17:17:38,399 INFO  [BrowserSelenium] (_parseElementOnXpath) -> //a[@href='/jbilling/config/index'] is used
17:17:38,399 INFO  [BrowserSelenium] EXIT --> (_parseElementOnXpath)
17:17:38,399 INFO  [BrowserSelenium] EXIT --> (_getByLocator)
17:17:38,419 INFO  [BrowserSelenium] ENTER --> (_getByLocator)
17:17:38,419 INFO  [BrowserSelenium] (_getByLocator) -> Getting locator for null
17:17:38,419 INFO  [BrowserSelenium] (_getByLocator) -> Locator info found for XPATH attribute as: //a[@href='/jbilling/config/index']
17:17:38,419 INFO  [BrowserSelenium] ENTER --> (_parseElementOnXpath)
17:17:38,419 INFO  [BrowserSelenium] (_parseElementOnXpath) -> //a[@href='/jbilling/config/index'] is used
17:17:38,419 INFO  [BrowserSelenium] EXIT --> (_parseElementOnXpath)
17:17:38,419 INFO  [BrowserSelenium] EXIT --> (_getByLocator)
17:17:38,439 INFO  [BrowserSelenium] ENTER --> (_getByLocator)
17:17:38,439 INFO  [BrowserSelenium] (_getByLocator) -> Getting locator for null
17:17:38,439 INFO  [BrowserSelenium] (_getByLocator) -> Locator info found for XPATH attribute as: //a[@href='/jbilling/config/index']
17:17:38,439 INFO  [BrowserSelenium] ENTER --> (_parseElementOnXpath)
17:17:38,439 INFO  [BrowserSelenium] (_parseElementOnXpath) -> //a[@href='/jbilling/config/index'] is used
17:17:38,439 INFO  [BrowserSelenium] EXIT --> (_parseElementOnXpath)
17:17:38,439 INFO  [BrowserSelenium] EXIT --> (_getByLocator)
17:17:38,459 INFO  [BrowserSelenium] ENTER --> (_getByLocator)
17:17:38,459 INFO  [BrowserSelenium] (_getByLocator) -> Getting locator for null
17:17:38,459 INFO  [BrowserSelenium] (_getByLocator) -> Locator info found for XPATH attribute as: //a[@href='/jbilling/config/index']
17:17:38,459 INFO  [BrowserSelenium] ENTER --> (_parseElementOnXpath)
17:17:38,459 INFO  [BrowserSelenium] (_parseElementOnXpath) -> //a[@href='/jbilling/config/index'] is used
17:17:38,459 INFO  [BrowserSelenium] EXIT --> (_parseElementOnXpath)
17:17:38,459 INFO  [BrowserSelenium] EXIT --> (_getByLocator)
17:17:38,489 INFO  [BrowserSelenium] ENTER --> (_getByLocator)
17:17:38,489 INFO  [BrowserSelenium] (_getByLocator) -> Getting locator for null
17:17:38,489 INFO  [BrowserSelenium] (_getByLocator) -> Locator info found for XPATH attribute as: //a[@href='/jbilling/config/index']
17:17:38,489 INFO  [BrowserSelenium] ENTER --> (_parseElementOnXpath)
17:17:38,489 INFO  [BrowserSelenium] (_parseElementOnXpath) -> //a[@href='/jbilling/config/index'] is used
17:17:38,489 INFO  [BrowserSelenium] EXIT --> (_parseElementOnXpath)
17:17:38,489 INFO  [BrowserSelenium] EXIT --> (_getByLocator)
17:17:38,509 INFO  [BrowserSelenium] ENTER --> (_getByLocator)
17:17:38,509 INFO  [BrowserSelenium] (_getByLocator) -> Getting locator for null
17:17:38,509 INFO  [BrowserSelenium] (_getByLocator) -> Locator info found for XPATH attribute as: //a[@href='/jbilling/config/index']
17:17:38,509 INFO  [BrowserSelenium] ENTER --> (_parseElementOnXpath)
17:17:38,509 INFO  [BrowserSelenium] (_parseElementOnXpath) -> //a[@href='/jbilling/config/index'] is used
17:17:38,509 INFO  [BrowserSelenium] EXIT --> (_parseElementOnXpath)
17:17:38,509 INFO  [BrowserSelenium] EXIT --> (_getByLocator)
17:17:38,529 INFO  [BrowserSelenium] ENTER --> (_getByLocator)
17:17:38,529 INFO  [BrowserSelenium] (_getByLocator) -> Getting locator for null
17:17:38,529 INFO  [BrowserSelenium] (_getByLocator) -> Locator info found for XPATH attribute as: //a[@href='/jbilling/config/index']
17:17:38,529 INFO  [BrowserSelenium] ENTER --> (_parseElementOnXpath)
17:17:38,529 INFO  [BrowserSelenium] (_parseElementOnXpath) -> //a[@href='/jbilling/config/index'] is used
17:17:38,529 INFO  [BrowserSelenium] EXIT --> (_parseElementOnXpath)
17:17:38,529 INFO  [BrowserSelenium] EXIT --> (_getByLocator)
17:17:38,559 INFO  [BrowserSelenium] ENTER --> (_getByLocator)
17:17:38,559 INFO  [BrowserSelenium] (_getByLocator) -> Getting locator for null
17:17:38,559 INFO  [BrowserSelenium] (_getByLocator) -> Locator info found for XPATH attribute as: //a[@href='/jbilling/config/index']
17:17:38,559 INFO  [BrowserSelenium] ENTER --> (_parseElementOnXpath)
17:17:38,559 INFO  [BrowserSelenium] (_parseElementOnXpath) -> //a[@href='/jbilling/config/index'] is used
17:17:38,559 INFO  [BrowserSelenium] EXIT --> (_parseElementOnXpath)
17:17:38,559 INFO  [BrowserSelenium] EXIT --> (_getByLocator)
17:17:38,579 INFO  [BrowserSelenium] ENTER --> (_getByLocator)
17:17:38,579 INFO  [BrowserSelenium] (_getByLocator) -> Getting locator for null
17:17:38,579 INFO  [BrowserSelenium] (_getByLocator) -> Locator info found for XPATH attribute as: //a[@href='/jbilling/config/index']
17:17:38,579 INFO  [BrowserSelenium] ENTER --> (_parseElementOnXpath)
17:17:38,579 INFO  [BrowserSelenium] (_parseElementOnXpath) -> //a[@href='/jbilling/config/index'] is used
17:17:38,579 INFO  [BrowserSelenium] EXIT --> (_parseElementOnXpath)
17:17:38,579 INFO  [BrowserSelenium] EXIT --> (_getByLocator)
17:17:38,599 INFO  [BrowserSelenium] ENTER --> (_getByLocator)
17:17:38,599 INFO  [BrowserSelenium] (_getByLocator) -> Getting locator for null
17:17:38,599 INFO  [BrowserSelenium] (_getByLocator) -> Locator info found for XPATH attribute as: //a[@href='/jbilling/config/index']
17:17:38,599 INFO  [BrowserSelenium] ENTER --> (_parseElementOnXpath)
17:17:38,599 INFO  [BrowserSelenium] (_parseElementOnXpath) -> //a[@href='/jbilling/config/index'] is used
17:17:38,599 INFO  [BrowserSelenium] EXIT --> (_parseElementOnXpath)
17:17:38,599 INFO  [BrowserSelenium] EXIT --> (_getByLocator)
17:17:38,609 INFO  [BrowserSelenium] ENTER --> (_getByLocator)
17:17:38,609 INFO  [BrowserSelenium] (_getByLocator) -> Getting locator for null
17:17:38,609 INFO  [BrowserSelenium] (_getByLocator) -> Locator info found for XPATH attribute as: //a[@href='/jbilling/config/index']
17:17:38,609 INFO  [BrowserSelenium] ENTER --> (_parseElementOnXpath)
17:17:38,609 INFO  [BrowserSelenium] (_parseElementOnXpath) -> //a[@href='/jbilling/config/index'] is used
17:17:38,609 INFO  [BrowserSelenium] EXIT --> (_parseElementOnXpath)
17:17:38,609 INFO  [BrowserSelenium] EXIT --> (_getByLocator)
17:17:38,629 INFO  [BrowserSelenium] ENTER --> (_getByLocator)
17:17:38,629 INFO  [BrowserSelenium] (_getByLocator) -> Getting locator for null
17:17:38,629 INFO  [BrowserSelenium] (_getByLocator) -> Locator info found for XPATH attribute as: //a[@href='/jbilling/config/index']
17:17:38,629 INFO  [BrowserSelenium] ENTER --> (_parseElementOnXpath)
17:17:38,629 INFO  [BrowserSelenium] (_parseElementOnXpath) -> //a[@href='/jbilling/config/index'] is used
17:17:38,629 INFO  [BrowserSelenium] EXIT --> (_parseElementOnXpath)
17:17:38,629 INFO  [BrowserSelenium] EXIT --> (_getByLocator)
17:17:38,649 INFO  [BrowserSelenium] ENTER --> (_getByLocator)
17:17:38,649 INFO  [BrowserSelenium] (_getByLocator) -> Getting locator for null
17:17:38,649 INFO  [BrowserSelenium] (_getByLocator) -> Locator info found for XPATH attribute as: //a[@href='/jbilling/config/index']
17:17:38,649 INFO  [BrowserSelenium] ENTER --> (_parseElementOnXpath)
17:17:38,649 INFO  [BrowserSelenium] (_parseElementOnXpath) -> //a[@href='/jbilling/config/index'] is used
17:17:38,649 INFO  [BrowserSelenium] EXIT --> (_parseElementOnXpath)
17:17:38,649 INFO  [BrowserSelenium] EXIT --> (_getByLocator)
17:17:38,669 INFO  [BrowserSelenium] ENTER --> (_getByLocator)
17:17:38,669 INFO  [BrowserSelenium] (_getByLocator) -> Getting locator for null
17:17:38,669 INFO  [BrowserSelenium] (_getByLocator) -> Locator info found for XPATH attribute as: //a[@href='/jbilling/config/index']
17:17:38,669 INFO  [BrowserSelenium] ENTER --> (_parseElementOnXpath)
17:17:38,669 INFO  [BrowserSelenium] (_parseElementOnXpath) -> //a[@href='/jbilling/config/index'] is used
17:17:38,669 INFO  [BrowserSelenium] EXIT --> (_parseElementOnXpath)
17:17:38,669 INFO  [BrowserSelenium] EXIT --> (_getByLocator)
17:17:38,689 INFO  [BrowserSelenium] ENTER --> (_getByLocator)
17:17:38,689 INFO  [BrowserSelenium] (_getByLocator) -> Getting locator for null
17:17:38,689 INFO  [BrowserSelenium] (_getByLocator) -> Locator info found for XPATH attribute as: //a[@href='/jbilling/config/index']
17:17:38,689 INFO  [BrowserSelenium] ENTER --> (_parseElementOnXpath)
17:17:38,689 INFO  [BrowserSelenium] (_parseElementOnXpath) -> //a[@href='/jbilling/config/index'] is used
17:17:38,689 INFO  [BrowserSelenium] EXIT --> (_parseElementOnXpath)
17:17:38,689 INFO  [BrowserSelenium] EXIT --> (_getByLocator)
17:17:38,699 INFO  [BrowserSelenium] ENTER --> (_getByLocator)
17:17:38,699 INFO  [BrowserSelenium] (_getByLocator) -> Getting locator for null
17:17:38,709 INFO  [BrowserSelenium] (_getByLocator) -> Locator info found for XPATH attribute as: //a[@href='/jbilling/config/index']
17:17:38,709 INFO  [BrowserSelenium] ENTER --> (_parseElementOnXpath)
17:17:38,709 INFO  [BrowserSelenium] (_parseElementOnXpath) -> //a[@href='/jbilling/config/index'] is used
17:17:38,709 INFO  [BrowserSelenium] EXIT --> (_parseElementOnXpath)
17:17:38,709 INFO  [BrowserSelenium] EXIT --> (_getByLocator)
17:17:38,719 INFO  [BrowserSelenium] ENTER --> (_getByLocator)
17:17:38,719 INFO  [BrowserSelenium] (_getByLocator) -> Getting locator for null
17:17:38,719 INFO  [BrowserSelenium] (_getByLocator) -> Locator info found for XPATH attribute as: //a[@href='/jbilling/config/index']
17:17:38,719 INFO  [BrowserSelenium] ENTER --> (_parseElementOnXpath)
17:17:38,719 INFO  [BrowserSelenium] (_parseElementOnXpath) -> //a[@href='/jbilling/config/index'] is used
17:17:38,719 INFO  [BrowserSelenium] EXIT --> (_parseElementOnXpath)
17:17:38,719 INFO  [BrowserSelenium] EXIT --> (_getByLocator)
17:17:38,739 INFO  [BrowserSelenium] ENTER --> (_getByLocator)
17:17:38,739 INFO  [BrowserSelenium] (_getByLocator) -> Getting locator for null
17:17:38,739 INFO  [BrowserSelenium] (_getByLocator) -> Locator info found for XPATH attribute as: //a[@href='/jbilling/config/index']
17:17:38,739 INFO  [BrowserSelenium] ENTER --> (_parseElementOnXpath)
17:17:38,739 INFO  [BrowserSelenium] (_parseElementOnXpath) -> //a[@href='/jbilling/config/index'] is used
17:17:38,739 INFO  [BrowserSelenium] EXIT --> (_parseElementOnXpath)
17:17:38,739 INFO  [BrowserSelenium] EXIT --> (_getByLocator)
17:17:38,759 INFO  [BrowserSelenium] ENTER --> (_getByLocator)
17:17:38,759 INFO  [BrowserSelenium] (_getByLocator) -> Getting locator for null
17:17:38,759 INFO  [BrowserSelenium] (_getByLocator) -> Locator info found for XPATH attribute as: //a[@href='/jbilling/config/index']
17:17:38,759 INFO  [BrowserSelenium] ENTER --> (_parseElementOnXpath)
17:17:38,759 INFO  [BrowserSelenium] (_parseElementOnXpath) -> //a[@href='/jbilling/config/index'] is used
17:17:38,759 INFO  [BrowserSelenium] EXIT --> (_parseElementOnXpath)
17:17:38,759 INFO  [BrowserSelenium] EXIT --> (_getByLocator)
17:17:38,779 INFO  [BrowserSelenium] ENTER --> (_getByLocator)
17:17:38,779 INFO  [BrowserSelenium] (_getByLocator) -> Getting locator for null
17:17:38,779 INFO  [BrowserSelenium] (_getByLocator) -> Locator info found for XPATH attribute as: //a[@href='/jbilling/config/index']
17:17:38,779 INFO  [BrowserSelenium] ENTER --> (_parseElementOnXpath)
17:17:38,779 INFO  [BrowserSelenium] (_parseElementOnXpath) -> //a[@href='/jbilling/config/index'] is used
17:17:38,779 INFO  [BrowserSelenium] EXIT --> (_parseElementOnXpath)
17:17:38,779 INFO  [BrowserSelenium] EXIT --> (_getByLocator)
17:17:38,797 INFO  [BrowserSelenium] ENTER --> (_getByLocator)
17:17:38,797 INFO  [BrowserSelenium] (_getByLocator) -> Getting locator for null
17:17:38,797 INFO  [BrowserSelenium] (_getByLocator) -> Locator info found for XPATH attribute as: //a[@href='/jbilling/config/index']
17:17:38,797 INFO  [BrowserSelenium] ENTER --> (_parseElementOnXpath)
17:17:38,797 INFO  [BrowserSelenium] (_parseElementOnXpath) -> //a[@href='/jbilling/config/index'] is used
17:17:38,797 INFO  [BrowserSelenium] EXIT --> (_parseElementOnXpath)
17:17:38,797 INFO  [BrowserSelenium] EXIT --> (_getByLocator)
17:17:38,817 INFO  [BrowserSelenium] ENTER --> (_getByLocator)
17:17:38,817 INFO  [BrowserSelenium] (_getByLocator) -> Getting locator for null
17:17:38,817 INFO  [BrowserSelenium] (_getByLocator) -> Locator info found for XPATH attribute as: //a[@href='/jbilling/config/index']
17:17:38,817 INFO  [BrowserSelenium] ENTER --> (_parseElementOnXpath)
17:17:38,817 INFO  [BrowserSelenium] (_parseElementOnXpath) -> //a[@href='/jbilling/config/index'] is used
17:17:38,817 INFO  [BrowserSelenium] EXIT --> (_parseElementOnXpath)
17:17:38,817 INFO  [BrowserSelenium] EXIT --> (_getByLocator)
17:17:38,827 INFO  [BrowserSelenium] ENTER --> (_getByLocator)
17:17:38,827 INFO  [BrowserSelenium] (_getByLocator) -> Getting locator for null
17:17:38,827 INFO  [BrowserSelenium] (_getByLocator) -> Locator info found for XPATH attribute as: //a[@href='/jbilling/config/index']
17:17:38,827 INFO  [BrowserSelenium] ENTER --> (_parseElementOnXpath)
17:17:38,827 INFO  [BrowserSelenium] (_parseElementOnXpath) -> //a[@href='/jbilling/config/index'] is used
17:17:38,827 INFO  [BrowserSelenium] EXIT --> (_parseElementOnXpath)
17:17:38,827 INFO  [BrowserSelenium] EXIT --> (_getByLocator)
17:17:38,847 INFO  [BrowserSelenium] ENTER --> (_getByLocator)
17:17:38,847 INFO  [BrowserSelenium] (_getByLocator) -> Getting locator for null
17:17:38,847 INFO  [BrowserSelenium] (_getByLocator) -> Locator info found for XPATH attribute as: //a[@href='/jbilling/config/index']
17:17:38,847 INFO  [BrowserSelenium] ENTER --> (_parseElementOnXpath)
17:17:38,847 INFO  [BrowserSelenium] (_parseElementOnXpath) -> //a[@href='/jbilling/config/index'] is used
17:17:38,847 INFO  [BrowserSelenium] EXIT --> (_parseElementOnXpath)
17:17:38,847 INFO  [BrowserSelenium] EXIT --> (_getByLocator)
17:17:38,867 INFO  [BrowserSelenium] ENTER --> (_getByLocator)
17:17:38,867 INFO  [BrowserSelenium] (_getByLocator) -> Getting locator for null
17:17:38,867 INFO  [BrowserSelenium] (_getByLocator) -> Locator info found for XPATH attribute as: //a[@href='/jbilling/config/index']
17:17:38,867 INFO  [BrowserSelenium] ENTER --> (_parseElementOnXpath)
17:17:38,867 INFO  [BrowserSelenium] (_parseElementOnXpath) -> //a[@href='/jbilling/config/index'] is used
17:17:38,867 INFO  [BrowserSelenium] EXIT --> (_parseElementOnXpath)
17:17:38,867 INFO  [BrowserSelenium] EXIT --> (_getByLocator)
17:17:38,887 INFO  [BrowserSelenium] ENTER --> (_getByLocator)
17:17:38,887 INFO  [BrowserSelenium] (_getByLocator) -> Getting locator for null
17:17:38,887 INFO  [BrowserSelenium] (_getByLocator) -> Locator info found for XPATH attribute as: //a[@href='/jbilling/config/index']
17:17:38,887 INFO  [BrowserSelenium] ENTER --> (_parseElementOnXpath)
17:17:38,887 INFO  [BrowserSelenium] (_parseElementOnXpath) -> //a[@href='/jbilling/config/index'] is used
17:17:38,897 INFO  [BrowserSelenium] EXIT --> (_parseElementOnXpath)
17:17:38,897 INFO  [BrowserSelenium] EXIT --> (_getByLocator)
17:17:38,907 INFO  [BrowserSelenium] ENTER --> (_getByLocator)
17:17:38,907 INFO  [BrowserSelenium] (_getByLocator) -> Getting locator for null
17:17:38,907 INFO  [BrowserSelenium] (_getByLocator) -> Locator info found for XPATH attribute as: //a[@href='/jbilling/config/index']
17:17:38,907 INFO  [BrowserSelenium] ENTER --> (_parseElementOnXpath)
17:17:38,907 INFO  [BrowserSelenium] (_parseElementOnXpath) -> //a[@href='/jbilling/config/index'] is used
17:17:38,907 INFO  [BrowserSelenium] EXIT --> (_parseElementOnXpath)
17:17:38,907 INFO  [BrowserSelenium] EXIT --> (_getByLocator)
17:17:39,127 INFO  [BrowserSelenium] ENTER --> (_getByLocator)
17:17:39,127 INFO  [BrowserSelenium] (_getByLocator) -> Getting locator for null
17:17:39,127 INFO  [BrowserSelenium] (_getByLocator) -> Locator info found for XPATH attribute as: //a[@href='/jbilling/config/index']
17:17:39,127 INFO  [BrowserSelenium] ENTER --> (_parseElementOnXpath)
17:17:39,127 INFO  [BrowserSelenium] (_parseElementOnXpath) -> //a[@href='/jbilling/config/index'] is used
17:17:39,127 INFO  [BrowserSelenium] EXIT --> (_parseElementOnXpath)
17:17:39,127 INFO  [BrowserSelenium] EXIT --> (_getByLocator)
17:17:39,157 INFO  [BrowserSelenium] ENTER --> (_getByLocator)
17:17:39,157 INFO  [BrowserSelenium] (_getByLocator) -> Getting locator for null
17:17:39,157 INFO  [BrowserSelenium] (_getByLocator) -> Locator info found for XPATH attribute as: //a[@href='/jbilling/config/index']
17:17:39,157 INFO  [BrowserSelenium] ENTER --> (_parseElementOnXpath)
17:17:39,157 INFO  [BrowserSelenium] (_parseElementOnXpath) -> //a[@href='/jbilling/config/index'] is used
17:17:39,157 INFO  [BrowserSelenium] EXIT --> (_parseElementOnXpath)
17:17:39,157 INFO  [BrowserSelenium] EXIT --> (_getByLocator)
17:17:39,177 INFO  [BrowserSelenium] ENTER --> (_getByLocator)
17:17:39,177 INFO  [BrowserSelenium] (_getByLocator) -> Getting locator for null
17:17:39,177 INFO  [BrowserSelenium] (_getByLocator) -> Locator info found for XPATH attribute as: //a[@href='/jbilling/config/index']
17:17:39,177 INFO  [BrowserSelenium] ENTER --> (_parseElementOnXpath)
17:17:39,177 INFO  [BrowserSelenium] (_parseElementOnXpath) -> //a[@href='/jbilling/config/index'] is used
17:17:39,177 INFO  [BrowserSelenium] EXIT --> (_parseElementOnXpath)
17:17:39,177 INFO  [BrowserSelenium] EXIT --> (_getByLocator)
17:17:39,197 INFO  [BrowserSelenium] ENTER --> (_getByLocator)
17:17:39,197 INFO  [BrowserSelenium] (_getByLocator) -> Getting locator for null
17:17:39,197 INFO  [BrowserSelenium] (_getByLocator) -> Locator info found for XPATH attribute as: //a[@href='/jbilling/config/index']
17:17:39,197 INFO  [BrowserSelenium] ENTER --> (_parseElementOnXpath)
17:17:39,197 INFO  [BrowserSelenium] (_parseElementOnXpath) -> //a[@href='/jbilling/config/index'] is used
17:17:39,197 INFO  [BrowserSelenium] EXIT --> (_parseElementOnXpath)
17:17:39,197 INFO  [BrowserSelenium] EXIT --> (_getByLocator)
17:17:39,227 INFO  [BrowserSelenium] ENTER --> (_getByLocator)
17:17:39,227 INFO  [BrowserSelenium] (_getByLocator) -> Getting locator for null
17:17:39,227 INFO  [BrowserSelenium] (_getByLocator) -> Locator info found for XPATH attribute as: //a[@href='/jbilling/config/index']
17:17:39,227 INFO  [BrowserSelenium] ENTER --> (_parseElementOnXpath)
17:17:39,227 INFO  [BrowserSelenium] (_parseElementOnXpath) -> //a[@href='/jbilling/config/index'] is used
17:17:39,227 INFO  [BrowserSelenium] EXIT --> (_parseElementOnXpath)
17:17:39,227 INFO  [BrowserSelenium] EXIT --> (_getByLocator)
17:17:39,247 INFO  [BrowserSelenium] ENTER --> (_getByLocator)
17:17:39,247 INFO  [BrowserSelenium] (_getByLocator) -> Getting locator for null
17:17:39,247 INFO  [BrowserSelenium] (_getByLocator) -> Locator info found for XPATH attribute as: //a[@href='/jbilling/config/index']
17:17:39,247 INFO  [BrowserSelenium] ENTER --> (_parseElementOnXpath)
17:17:39,247 INFO  [BrowserSelenium] (_parseElementOnXpath) -> //a[@href='/jbilling/config/index'] is used
17:17:39,247 INFO  [BrowserSelenium] EXIT --> (_parseElementOnXpath)
17:17:39,247 INFO  [BrowserSelenium] EXIT --> (_getByLocator)
17:17:39,267 INFO  [BrowserSelenium] ENTER --> (_getByLocator)
17:17:39,267 INFO  [BrowserSelenium] (_getByLocator) -> Getting locator for null
17:17:39,267 INFO  [BrowserSelenium] (_getByLocator) -> Locator info found for XPATH attribute as: //a[@href='/jbilling/config/index']
17:17:39,267 INFO  [BrowserSelenium] ENTER --> (_parseElementOnXpath)
17:17:39,267 INFO  [BrowserSelenium] (_parseElementOnXpath) -> //a[@href='/jbilling/config/index'] is used
17:17:39,267 INFO  [BrowserSelenium] EXIT --> (_parseElementOnXpath)
17:17:39,267 INFO  [BrowserSelenium] EXIT --> (_getByLocator)
17:17:39,337 INFO  [BrowserSelenium] ENTER --> (_getByLocator)
17:17:39,337 INFO  [BrowserSelenium] (_getByLocator) -> Getting locator for null
17:17:39,337 INFO  [BrowserSelenium] (_getByLocator) -> Locator info found for XPATH attribute as: //a[@href='/jbilling/config/index']
17:17:39,337 INFO  [BrowserSelenium] ENTER --> (_parseElementOnXpath)
17:17:39,337 INFO  [BrowserSelenium] (_parseElementOnXpath) -> //a[@href='/jbilling/config/index'] is used
17:17:39,337 INFO  [BrowserSelenium] EXIT --> (_parseElementOnXpath)
17:17:39,337 INFO  [BrowserSelenium] EXIT --> (_getByLocator)
17:17:39,357 INFO  [BrowserSelenium] ENTER --> (_getByLocator)
17:17:39,357 INFO  [BrowserSelenium] (_getByLocator) -> Getting locator for null
17:17:39,357 INFO  [BrowserSelenium] (_getByLocator) -> Locator info found for XPATH attribute as: //a[@href='/jbilling/config/index']
17:17:39,357 INFO  [BrowserSelenium] ENTER --> (_parseElementOnXpath)
17:17:39,357 INFO  [BrowserSelenium] (_parseElementOnXpath) -> //a[@href='/jbilling/config/index'] is used
17:17:39,357 INFO  [BrowserSelenium] EXIT --> (_parseElementOnXpath)
17:17:39,357 INFO  [BrowserSelenium] EXIT --> (_getByLocator)
17:17:39,377 INFO  [BrowserSelenium] ENTER --> (_getByLocator)
17:17:39,377 INFO  [BrowserSelenium] (_getByLocator) -> Getting locator for null
17:17:39,377 INFO  [BrowserSelenium] (_getByLocator) -> Locator info found for XPATH attribute as: //a[@href='/jbilling/config/index']
17:17:39,377 INFO  [BrowserSelenium] ENTER --> (_parseElementOnXpath)
17:17:39,377 INFO  [BrowserSelenium] (_parseElementOnXpath) -> //a[@href='/jbilling/config/index'] is used
17:17:39,377 INFO  [BrowserSelenium] EXIT --> (_parseElementOnXpath)
17:17:39,377 INFO  [BrowserSelenium] EXIT --> (_getByLocator)
17:17:39,397 INFO  [BrowserSelenium] ENTER --> (_getByLocator)
17:17:39,397 INFO  [BrowserSelenium] (_getByLocator) -> Getting locator for null
17:17:39,397 INFO  [BrowserSelenium] (_getByLocator) -> Locator info found for XPATH attribute as: //a[@href='/jbilling/config/index']
17:17:39,397 INFO  [BrowserSelenium] ENTER --> (_parseElementOnXpath)
17:17:39,397 INFO  [BrowserSelenium] (_parseElementOnXpath) -> //a[@href='/jbilling/config/index'] is used
17:17:39,397 INFO  [BrowserSelenium] EXIT --> (_parseElementOnXpath)
17:17:39,397 INFO  [BrowserSelenium] EXIT --> (_getByLocator)
17:17:39,417 INFO  [BrowserSelenium] ENTER --> (_getByLocator)
17:17:39,417 INFO  [BrowserSelenium] (_getByLocator) -> Getting locator for null
17:17:39,417 INFO  [BrowserSelenium] (_getByLocator) -> Locator info found for XPATH attribute as: //a[@href='/jbilling/config/index']
17:17:39,417 INFO  [BrowserSelenium] ENTER --> (_parseElementOnXpath)
17:17:39,417 INFO  [BrowserSelenium] (_parseElementOnXpath) -> //a[@href='/jbilling/config/index'] is used
17:17:39,417 INFO  [BrowserSelenium] EXIT --> (_parseElementOnXpath)
17:17:39,417 INFO  [BrowserSelenium] EXIT --> (_getByLocator)
17:17:39,437 INFO  [BrowserSelenium] ENTER --> (_getByLocator)
17:17:39,437 INFO  [BrowserSelenium] (_getByLocator) -> Getting locator for null
17:17:39,437 INFO  [BrowserSelenium] (_getByLocator) -> Locator info found for XPATH attribute as: //a[@href='/jbilling/config/index']
17:17:39,437 INFO  [BrowserSelenium] ENTER --> (_parseElementOnXpath)
17:17:39,437 INFO  [BrowserSelenium] (_parseElementOnXpath) -> //a[@href='/jbilling/config/index'] is used
17:17:39,437 INFO  [BrowserSelenium] EXIT --> (_parseElementOnXpath)
17:17:39,437 INFO  [BrowserSelenium] EXIT --> (_getByLocator)
17:17:39,457 INFO  [BrowserSelenium] ENTER --> (_getByLocator)
17:17:39,457 INFO  [BrowserSelenium] (_getByLocator) -> Getting locator for null
17:17:39,457 INFO  [BrowserSelenium] (_getByLocator) -> Locator info found for XPATH attribute as: //a[@href='/jbilling/config/index']
17:17:39,457 INFO  [BrowserSelenium] ENTER --> (_parseElementOnXpath)
17:17:39,457 INFO  [BrowserSelenium] (_parseElementOnXpath) -> //a[@href='/jbilling/config/index'] is used
17:17:39,457 INFO  [BrowserSelenium] EXIT --> (_parseElementOnXpath)
17:17:39,457 INFO  [BrowserSelenium] EXIT --> (_getByLocator)
17:17:39,477 INFO  [BrowserSelenium] ENTER --> (_getByLocator)
17:17:39,477 INFO  [BrowserSelenium] (_getByLocator) -> Getting locator for null
17:17:39,477 INFO  [BrowserSelenium] (_getByLocator) -> Locator info found for XPATH attribute as: //a[@href='/jbilling/config/index']
17:17:39,477 INFO  [BrowserSelenium] ENTER --> (_parseElementOnXpath)
17:17:39,477 INFO  [BrowserSelenium] (_parseElementOnXpath) -> //a[@href='/jbilling/config/index'] is used
17:17:39,477 INFO  [BrowserSelenium] EXIT --> (_parseElementOnXpath)
17:17:39,477 INFO  [BrowserSelenium] EXIT --> (_getByLocator)
17:17:39,497 INFO  [BrowserSelenium] ENTER --> (_getByLocator)
17:17:39,497 INFO  [BrowserSelenium] (_getByLocator) -> Getting locator for null
17:17:39,497 INFO  [BrowserSelenium] (_getByLocator) -> Locator info found for XPATH attribute as: //a[@href='/jbilling/config/index']
17:17:39,497 INFO  [BrowserSelenium] ENTER --> (_parseElementOnXpath)
17:17:39,497 INFO  [BrowserSelenium] (_parseElementOnXpath) -> //a[@href='/jbilling/config/index'] is used
17:17:39,497 INFO  [BrowserSelenium] EXIT --> (_parseElementOnXpath)
17:17:39,497 INFO  [BrowserSelenium] EXIT --> (_getByLocator)
17:17:39,517 INFO  [BrowserSelenium] ENTER --> (_getByLocator)
17:17:39,517 INFO  [BrowserSelenium] (_getByLocator) -> Getting locator for null
17:17:39,517 INFO  [BrowserSelenium] (_getByLocator) -> Locator info found for XPATH attribute as: //a[@href='/jbilling/config/index']
17:17:39,517 INFO  [BrowserSelenium] ENTER --> (_parseElementOnXpath)
17:17:39,517 INFO  [BrowserSelenium] (_parseElementOnXpath) -> //a[@href='/jbilling/config/index'] is used
17:17:39,517 INFO  [BrowserSelenium] EXIT --> (_parseElementOnXpath)
17:17:39,517 INFO  [BrowserSelenium] EXIT --> (_getByLocator)
17:17:39,537 INFO  [BrowserSelenium] ENTER --> (_getByLocator)
17:17:39,537 INFO  [BrowserSelenium] (_getByLocator) -> Getting locator for null
17:17:39,547 INFO  [BrowserSelenium] (_getByLocator) -> Locator info found for XPATH attribute as: //a[@href='/jbilling/config/index']
17:17:39,547 INFO  [BrowserSelenium] ENTER --> (_parseElementOnXpath)
17:17:39,547 INFO  [BrowserSelenium] (_parseElementOnXpath) -> //a[@href='/jbilling/config/index'] is used
17:17:39,547 INFO  [BrowserSelenium] EXIT --> (_parseElementOnXpath)
17:17:39,547 INFO  [BrowserSelenium] EXIT --> (_getByLocator)
17:17:39,557 INFO  [BrowserSelenium] ENTER --> (_getByLocator)
17:17:39,557 INFO  [BrowserSelenium] (_getByLocator) -> Getting locator for null
17:17:39,557 INFO  [BrowserSelenium] (_getByLocator) -> Locator info found for XPATH attribute as: //a[@href='/jbilling/config/index']
17:17:39,557 INFO  [BrowserSelenium] ENTER --> (_parseElementOnXpath)
17:17:39,557 INFO  [BrowserSelenium] (_parseElementOnXpath) -> //a[@href='/jbilling/config/index'] is used
17:17:39,557 INFO  [BrowserSelenium] EXIT --> (_parseElementOnXpath)
17:17:39,557 INFO  [BrowserSelenium] EXIT --> (_getByLocator)
17:17:39,587 INFO  [BrowserSelenium] ENTER --> (_getByLocator)
17:17:39,587 INFO  [BrowserSelenium] (_getByLocator) -> Getting locator for null
17:17:39,587 INFO  [BrowserSelenium] (_getByLocator) -> Locator info found for XPATH attribute as: //a[@href='/jbilling/config/index']
17:17:39,587 INFO  [BrowserSelenium] ENTER --> (_parseElementOnXpath)
17:17:39,587 INFO  [BrowserSelenium] (_parseElementOnXpath) -> //a[@href='/jbilling/config/index'] is used
17:17:39,587 INFO  [BrowserSelenium] EXIT --> (_parseElementOnXpath)
17:17:39,587 INFO  [BrowserSelenium] EXIT --> (_getByLocator)
17:17:39,607 INFO  [BrowserSelenium] ENTER --> (_getByLocator)
17:17:39,607 INFO  [BrowserSelenium] (_getByLocator) -> Getting locator for null
17:17:39,607 INFO  [BrowserSelenium] (_getByLocator) -> Locator info found for XPATH attribute as: //a[@href='/jbilling/config/index']
17:17:39,607 INFO  [BrowserSelenium] ENTER --> (_parseElementOnXpath)
17:17:39,607 INFO  [BrowserSelenium] (_parseElementOnXpath) -> //a[@href='/jbilling/config/index'] is used
17:17:39,607 INFO  [BrowserSelenium] EXIT --> (_parseElementOnXpath)
17:17:39,607 INFO  [BrowserSelenium] EXIT --> (_getByLocator)
17:17:39,627 INFO  [BrowserSelenium] ENTER --> (_getByLocator)
17:17:39,627 INFO  [BrowserSelenium] (_getByLocator) -> Getting locator for null
17:17:39,627 INFO  [BrowserSelenium] (_getByLocator) -> Locator info found for XPATH attribute as: //a[@href='/jbilling/config/index']
17:17:39,627 INFO  [BrowserSelenium] ENTER --> (_parseElementOnXpath)
17:17:39,627 INFO  [BrowserSelenium] (_parseElementOnXpath) -> //a[@href='/jbilling/config/index'] is used
17:17:39,627 INFO  [BrowserSelenium] EXIT --> (_parseElementOnXpath)
17:17:39,627 INFO  [BrowserSelenium] EXIT --> (_getByLocator)
17:17:39,647 INFO  [BrowserSelenium] ENTER --> (_getByLocator)
17:17:39,647 INFO  [BrowserSelenium] (_getByLocator) -> Getting locator for null
17:17:39,647 INFO  [BrowserSelenium] (_getByLocator) -> Locator info found for XPATH attribute as: //a[@href='/jbilling/config/index']
17:17:39,647 INFO  [BrowserSelenium] ENTER --> (_parseElementOnXpath)
17:17:39,647 INFO  [BrowserSelenium] (_parseElementOnXpath) -> //a[@href='/jbilling/config/index'] is used
17:17:39,647 INFO  [BrowserSelenium] EXIT --> (_parseElementOnXpath)
17:17:39,647 INFO  [BrowserSelenium] EXIT --> (_getByLocator)
17:17:39,667 INFO  [BrowserSelenium] ENTER --> (_getByLocator)
17:17:39,667 INFO  [BrowserSelenium] (_getByLocator) -> Getting locator for null
17:17:39,667 INFO  [BrowserSelenium] (_getByLocator) -> Locator info found for XPATH attribute as: //a[@href='/jbilling/config/index']
17:17:39,667 INFO  [BrowserSelenium] ENTER --> (_parseElementOnXpath)
17:17:39,667 INFO  [BrowserSelenium] (_parseElementOnXpath) -> //a[@href='/jbilling/config/index'] is used
17:17:39,667 INFO  [BrowserSelenium] EXIT --> (_parseElementOnXpath)
17:17:39,667 INFO  [BrowserSelenium] EXIT --> (_getByLocator)
17:17:39,687 INFO  [BrowserSelenium] ENTER --> (_getByLocator)
17:17:39,687 INFO  [BrowserSelenium] (_getByLocator) -> Getting locator for null
17:17:39,687 INFO  [BrowserSelenium] (_getByLocator) -> Locator info found for XPATH attribute as: //a[@href='/jbilling/config/index']
17:17:39,687 INFO  [BrowserSelenium] ENTER --> (_parseElementOnXpath)
17:17:39,687 INFO  [BrowserSelenium] (_parseElementOnXpath) -> //a[@href='/jbilling/config/index'] is used
17:17:39,687 INFO  [BrowserSelenium] EXIT --> (_parseElementOnXpath)
17:17:39,687 INFO  [BrowserSelenium] EXIT --> (_getByLocator)
17:17:39,707 INFO  [BrowserSelenium] ENTER --> (_getByLocator)
17:17:39,707 INFO  [BrowserSelenium] (_getByLocator) -> Getting locator for null
17:17:39,707 INFO  [BrowserSelenium] (_getByLocator) -> Locator info found for XPATH attribute as: //a[@href='/jbilling/config/index']
17:17:39,707 INFO  [BrowserSelenium] ENTER --> (_parseElementOnXpath)
17:17:39,707 INFO  [BrowserSelenium] (_parseElementOnXpath) -> //a[@href='/jbilling/config/index'] is used
17:17:39,707 INFO  [BrowserSelenium] EXIT --> (_parseElementOnXpath)
17:17:39,707 INFO  [BrowserSelenium] EXIT --> (_getByLocator)
17:17:39,717 INFO  [BrowserSelenium] ENTER --> (_getByLocator)
17:17:39,717 INFO  [BrowserSelenium] (_getByLocator) -> Getting locator for null
17:17:39,717 INFO  [BrowserSelenium] (_getByLocator) -> Locator info found for XPATH attribute as: //a[@href='/jbilling/config/index']
17:17:39,717 INFO  [BrowserSelenium] ENTER --> (_parseElementOnXpath)
17:17:39,727 INFO  [BrowserSelenium] (_parseElementOnXpath) -> //a[@href='/jbilling/config/index'] is used
17:17:39,727 INFO  [BrowserSelenium] EXIT --> (_parseElementOnXpath)
17:17:39,727 INFO  [BrowserSelenium] EXIT --> (_getByLocator)
17:17:39,747 INFO  [BrowserSelenium] ENTER --> (_getByLocator)
17:17:39,747 INFO  [BrowserSelenium] (_getByLocator) -> Getting locator for null
17:17:39,747 INFO  [BrowserSelenium] (_getByLocator) -> Locator info found for XPATH attribute as: //a[@href='/jbilling/config/index']
17:17:39,747 INFO  [BrowserSelenium] ENTER --> (_parseElementOnXpath)
17:17:39,747 INFO  [BrowserSelenium] (_parseElementOnXpath) -> //a[@href='/jbilling/config/index'] is used
17:17:39,747 INFO  [BrowserSelenium] EXIT --> (_parseElementOnXpath)
17:17:39,747 INFO  [BrowserSelenium] EXIT --> (_getByLocator)
17:17:39,767 INFO  [BrowserSelenium] ENTER --> (_getByLocator)
17:17:39,767 INFO  [BrowserSelenium] (_getByLocator) -> Getting locator for null
17:17:39,767 INFO  [BrowserSelenium] (_getByLocator) -> Locator info found for XPATH attribute as: //a[@href='/jbilling/config/index']
17:17:39,767 INFO  [BrowserSelenium] ENTER --> (_parseElementOnXpath)
17:17:39,767 INFO  [BrowserSelenium] (_parseElementOnXpath) -> //a[@href='/jbilling/config/index'] is used
17:17:39,767 INFO  [BrowserSelenium] EXIT --> (_parseElementOnXpath)
17:17:39,767 INFO  [BrowserSelenium] EXIT --> (_getByLocator)
17:17:39,787 INFO  [BrowserSelenium] ENTER --> (_getByLocator)
17:17:39,787 INFO  [BrowserSelenium] (_getByLocator) -> Getting locator for null
17:17:39,787 INFO  [BrowserSelenium] (_getByLocator) -> Locator info found for XPATH attribute as: //a[@href='/jbilling/config/index']
17:17:39,787 INFO  [BrowserSelenium] ENTER --> (_parseElementOnXpath)
17:17:39,787 INFO  [BrowserSelenium] (_parseElementOnXpath) -> //a[@href='/jbilling/config/index'] is used
17:17:39,787 INFO  [BrowserSelenium] EXIT --> (_parseElementOnXpath)
17:17:39,787 INFO  [BrowserSelenium] EXIT --> (_getByLocator)
17:17:39,807 INFO  [BrowserSelenium] ENTER --> (_getByLocator)
17:17:39,807 INFO  [BrowserSelenium] (_getByLocator) -> Getting locator for null
17:17:39,807 INFO  [BrowserSelenium] (_getByLocator) -> Locator info found for XPATH attribute as: //a[@href='/jbilling/config/index']
17:17:39,807 INFO  [BrowserSelenium] ENTER --> (_parseElementOnXpath)
17:17:39,807 INFO  [BrowserSelenium] (_parseElementOnXpath) -> //a[@href='/jbilling/config/index'] is used
17:17:39,807 INFO  [BrowserSelenium] EXIT --> (_parseElementOnXpath)
17:17:39,807 INFO  [BrowserSelenium] EXIT --> (_getByLocator)
17:17:39,827 INFO  [BrowserSelenium] ENTER --> (_getByLocator)
17:17:39,827 INFO  [BrowserSelenium] (_getByLocator) -> Getting locator for null
17:17:39,827 INFO  [BrowserSelenium] (_getByLocator) -> Locator info found for XPATH attribute as: //a[@href='/jbilling/config/index']
17:17:39,827 INFO  [BrowserSelenium] ENTER --> (_parseElementOnXpath)
17:17:39,827 INFO  [BrowserSelenium] (_parseElementOnXpath) -> //a[@href='/jbilling/config/index'] is used
17:17:39,827 INFO  [BrowserSelenium] EXIT --> (_parseElementOnXpath)
17:17:39,827 INFO  [BrowserSelenium] EXIT --> (_getByLocator)
17:17:39,847 INFO  [BrowserSelenium] ENTER --> (_getByLocator)
17:17:39,847 INFO  [BrowserSelenium] (_getByLocator) -> Getting locator for null
17:17:39,847 INFO  [BrowserSelenium] (_getByLocator) -> Locator info found for XPATH attribute as: //a[@href='/jbilling/config/index']
17:17:39,847 INFO  [BrowserSelenium] ENTER --> (_parseElementOnXpath)
17:17:39,847 INFO  [BrowserSelenium] (_parseElementOnXpath) -> //a[@href='/jbilling/config/index'] is used
17:17:39,847 INFO  [BrowserSelenium] EXIT --> (_parseElementOnXpath)
17:17:39,847 INFO  [BrowserSelenium] EXIT --> (_getByLocator)
17:17:39,867 INFO  [BrowserSelenium] ENTER --> (_getByLocator)
17:17:39,867 INFO  [BrowserSelenium] (_getByLocator) -> Getting locator for null
17:17:39,867 INFO  [BrowserSelenium] (_getByLocator) -> Locator info found for XPATH attribute as: //a[@href='/jbilling/config/index']
17:17:39,867 INFO  [BrowserSelenium] ENTER --> (_parseElementOnXpath)
17:17:39,867 INFO  [BrowserSelenium] (_parseElementOnXpath) -> //a[@href='/jbilling/config/index'] is used
17:17:39,867 INFO  [BrowserSelenium] EXIT --> (_parseElementOnXpath)
17:17:39,867 INFO  [BrowserSelenium] EXIT --> (_getByLocator)
17:17:39,897 INFO  [BrowserSelenium] ENTER --> (_getByLocator)
17:17:39,897 INFO  [BrowserSelenium] (_getByLocator) -> Getting locator for null
17:17:39,897 INFO  [BrowserSelenium] (_getByLocator) -> Locator info found for XPATH attribute as: //a[@href='/jbilling/config/index']
17:17:39,897 INFO  [BrowserSelenium] ENTER --> (_parseElementOnXpath)
17:17:39,897 INFO  [BrowserSelenium] (_parseElementOnXpath) -> //a[@href='/jbilling/config/index'] is used
17:17:39,897 INFO  [BrowserSelenium] EXIT --> (_parseElementOnXpath)
17:17:39,897 INFO  [BrowserSelenium] EXIT --> (_getByLocator)
17:17:39,917 INFO  [BrowserSelenium] ENTER --> (_getByLocator)
17:17:39,917 INFO  [BrowserSelenium] (_getByLocator) -> Getting locator for null
17:17:39,917 INFO  [BrowserSelenium] (_getByLocator) -> Locator info found for XPATH attribute as: //a[@href='/jbilling/config/index']
17:17:39,917 INFO  [BrowserSelenium] ENTER --> (_parseElementOnXpath)
17:17:39,917 INFO  [BrowserSelenium] (_parseElementOnXpath) -> //a[@href='/jbilling/config/index'] is used
17:17:39,917 INFO  [BrowserSelenium] EXIT --> (_parseElementOnXpath)
17:17:39,917 INFO  [BrowserSelenium] EXIT --> (_getByLocator)
17:17:39,947 INFO  [BrowserSelenium] ENTER --> (_getByLocator)
17:17:39,947 INFO  [BrowserSelenium] (_getByLocator) -> Getting locator for null
17:17:39,947 INFO  [BrowserSelenium] (_getByLocator) -> Locator info found for XPATH attribute as: //a[@href='/jbilling/config/index']
17:17:39,947 INFO  [BrowserSelenium] ENTER --> (_parseElementOnXpath)
17:17:39,947 INFO  [BrowserSelenium] (_parseElementOnXpath) -> //a[@href='/jbilling/config/index'] is used
17:17:39,947 INFO  [BrowserSelenium] EXIT --> (_parseElementOnXpath)
17:17:39,947 INFO  [BrowserSelenium] EXIT --> (_getByLocator)
17:17:39,967 INFO  [BrowserSelenium] ENTER --> (_getByLocator)
17:17:39,967 INFO  [BrowserSelenium] (_getByLocator) -> Getting locator for null
17:17:39,967 INFO  [BrowserSelenium] (_getByLocator) -> Locator info found for XPATH attribute as: //a[@href='/jbilling/config/index']
17:17:39,967 INFO  [BrowserSelenium] ENTER --> (_parseElementOnXpath)
17:17:39,967 INFO  [BrowserSelenium] (_parseElementOnXpath) -> //a[@href='/jbilling/config/index'] is used
17:17:39,967 INFO  [BrowserSelenium] EXIT --> (_parseElementOnXpath)
17:17:39,967 INFO  [BrowserSelenium] EXIT --> (_getByLocator)
17:17:39,997 INFO  [BrowserSelenium] ENTER --> (_getByLocator)
17:17:39,997 INFO  [BrowserSelenium] (_getByLocator) -> Getting locator for null
17:17:39,997 INFO  [BrowserSelenium] (_getByLocator) -> Locator info found for XPATH attribute as: //a[@href='/jbilling/config/index']
17:17:39,997 INFO  [BrowserSelenium] ENTER --> (_parseElementOnXpath)
17:17:39,997 INFO  [BrowserSelenium] (_parseElementOnXpath) -> //a[@href='/jbilling/config/index'] is used
17:17:39,997 INFO  [BrowserSelenium] EXIT --> (_parseElementOnXpath)
17:17:39,997 INFO  [BrowserSelenium] EXIT --> (_getByLocator)
17:17:40,007 INFO  [BrowserSelenium] ENTER --> (_getByLocator)
17:17:40,007 INFO  [BrowserSelenium] (_getByLocator) -> Getting locator for null
17:17:40,007 INFO  [BrowserSelenium] (_getByLocator) -> Locator info found for XPATH attribute as: //a[@href='/jbilling/config/index']
17:17:40,007 INFO  [BrowserSelenium] ENTER --> (_parseElementOnXpath)
17:17:40,007 INFO  [BrowserSelenium] (_parseElementOnXpath) -> //a[@href='/jbilling/config/index'] is used
17:17:40,007 INFO  [BrowserSelenium] EXIT --> (_parseElementOnXpath)
17:17:40,007 INFO  [BrowserSelenium] EXIT --> (_getByLocator)
17:17:40,027 INFO  [BrowserSelenium] ENTER --> (_getByLocator)
17:17:40,027 INFO  [BrowserSelenium] (_getByLocator) -> Getting locator for null
17:17:40,027 INFO  [BrowserSelenium] (_getByLocator) -> Locator info found for XPATH attribute as: //a[@href='/jbilling/config/index']
17:17:40,027 INFO  [BrowserSelenium] ENTER --> (_parseElementOnXpath)
17:17:40,027 INFO  [BrowserSelenium] (_parseElementOnXpath) -> //a[@href='/jbilling/config/index'] is used
17:17:40,027 INFO  [BrowserSelenium] EXIT --> (_parseElementOnXpath)
17:17:40,027 INFO  [BrowserSelenium] EXIT --> (_getByLocator)
17:17:40,057 INFO  [BrowserSelenium] ENTER --> (_getByLocator)
17:17:40,057 INFO  [BrowserSelenium] (_getByLocator) -> Getting locator for null
17:17:40,057 INFO  [BrowserSelenium] (_getByLocator) -> Locator info found for XPATH attribute as: //a[@href='/jbilling/config/index']
17:17:40,057 INFO  [BrowserSelenium] ENTER --> (_parseElementOnXpath)
17:17:40,057 INFO  [BrowserSelenium] (_parseElementOnXpath) -> //a[@href='/jbilling/config/index'] is used
17:17:40,057 INFO  [BrowserSelenium] EXIT --> (_parseElementOnXpath)
17:17:40,057 INFO  [BrowserSelenium] EXIT --> (_getByLocator)
17:17:40,067 INFO  [BrowserSelenium] ENTER --> (_getByLocator)
17:17:40,067 INFO  [BrowserSelenium] (_getByLocator) -> Getting locator for null
17:17:40,067 INFO  [BrowserSelenium] (_getByLocator) -> Locator info found for XPATH attribute as: //a[@href='/jbilling/config/index']
17:17:40,077 INFO  [BrowserSelenium] ENTER --> (_parseElementOnXpath)
17:17:40,077 INFO  [BrowserSelenium] (_parseElementOnXpath) -> //a[@href='/jbilling/config/index'] is used
17:17:40,077 INFO  [BrowserSelenium] EXIT --> (_parseElementOnXpath)
17:17:40,077 INFO  [BrowserSelenium] EXIT --> (_getByLocator)
17:17:40,097 INFO  [BrowserSelenium] ENTER --> (_getByLocator)
17:17:40,097 INFO  [BrowserSelenium] (_getByLocator) -> Getting locator for null
17:17:40,097 INFO  [BrowserSelenium] (_getByLocator) -> Locator info found for XPATH attribute as: //a[@href='/jbilling/config/index']
17:17:40,097 INFO  [BrowserSelenium] ENTER --> (_parseElementOnXpath)
17:17:40,097 INFO  [BrowserSelenium] (_parseElementOnXpath) -> //a[@href='/jbilling/config/index'] is used
17:17:40,097 INFO  [BrowserSelenium] EXIT --> (_parseElementOnXpath)
17:17:40,097 INFO  [BrowserSelenium] EXIT --> (_getByLocator)
17:17:40,117 INFO  [BrowserSelenium] ENTER --> (_getByLocator)
17:17:40,117 INFO  [BrowserSelenium] (_getByLocator) -> Getting locator for null
17:17:40,117 INFO  [BrowserSelenium] (_getByLocator) -> Locator info found for XPATH attribute as: //a[@href='/jbilling/config/index']
17:17:40,117 INFO  [BrowserSelenium] ENTER --> (_parseElementOnXpath)
17:17:40,117 INFO  [BrowserSelenium] (_parseElementOnXpath) -> //a[@href='/jbilling/config/index'] is used
17:17:40,117 INFO  [BrowserSelenium] EXIT --> (_parseElementOnXpath)
17:17:40,117 INFO  [BrowserSelenium] EXIT --> (_getByLocator)
17:17:40,137 INFO  [BrowserSelenium] ENTER --> (_getByLocator)
17:17:40,137 INFO  [BrowserSelenium] (_getByLocator) -> Getting locator for null
17:17:40,137 INFO  [BrowserSelenium] (_getByLocator) -> Locator info found for XPATH attribute as: //a[@href='/jbilling/config/index']
17:17:40,137 INFO  [BrowserSelenium] ENTER --> (_parseElementOnXpath)
17:17:40,137 INFO  [BrowserSelenium] (_parseElementOnXpath) -> //a[@href='/jbilling/config/index'] is used
17:17:40,137 INFO  [BrowserSelenium] EXIT --> (_parseElementOnXpath)
17:17:40,137 INFO  [BrowserSelenium] EXIT --> (_getByLocator)
17:17:40,167 INFO  [BrowserSelenium] ENTER --> (_getByLocator)
17:17:40,167 INFO  [BrowserSelenium] (_getByLocator) -> Getting locator for null
17:17:40,167 INFO  [BrowserSelenium] (_getByLocator) -> Locator info found for XPATH attribute as: //a[@href='/jbilling/config/index']
17:17:40,167 INFO  [BrowserSelenium] ENTER --> (_parseElementOnXpath)
17:17:40,167 INFO  [BrowserSelenium] (_parseElementOnXpath) -> //a[@href='/jbilling/config/index'] is used
17:17:40,167 INFO  [BrowserSelenium] EXIT --> (_parseElementOnXpath)
17:17:40,167 INFO  [BrowserSelenium] EXIT --> (_getByLocator)
17:17:40,187 INFO  [BrowserSelenium] ENTER --> (_getByLocator)
17:17:40,197 INFO  [BrowserSelenium] (_getByLocator) -> Getting locator for null
17:17:40,197 INFO  [BrowserSelenium] (_getByLocator) -> Locator info found for XPATH attribute as: //a[@href='/jbilling/config/index']
17:17:40,197 INFO  [BrowserSelenium] ENTER --> (_parseElementOnXpath)
17:17:40,197 INFO  [BrowserSelenium] (_parseElementOnXpath) -> //a[@href='/jbilling/config/index'] is used
17:17:40,197 INFO  [BrowserSelenium] EXIT --> (_parseElementOnXpath)
17:17:40,197 INFO  [BrowserSelenium] EXIT --> (_getByLocator)
17:17:40,217 INFO  [BrowserSelenium] ENTER --> (_getByLocator)
17:17:40,217 INFO  [BrowserSelenium] (_getByLocator) -> Getting locator for null
17:17:40,217 INFO  [BrowserSelenium] (_getByLocator) -> Locator info found for XPATH attribute as: //a[@href='/jbilling/config/index']
17:17:40,217 INFO  [BrowserSelenium] ENTER --> (_parseElementOnXpath)
17:17:40,217 INFO  [BrowserSelenium] (_parseElementOnXpath) -> //a[@href='/jbilling/config/index'] is used
17:17:40,217 INFO  [BrowserSelenium] EXIT --> (_parseElementOnXpath)
17:17:40,217 INFO  [BrowserSelenium] EXIT --> (_getByLocator)
17:17:40,247 INFO  [BrowserSelenium] ENTER --> (_getByLocator)
17:17:40,247 INFO  [BrowserSelenium] (_getByLocator) -> Getting locator for null
17:17:40,247 INFO  [BrowserSelenium] (_getByLocator) -> Locator info found for XPATH attribute as: //a[@href='/jbilling/config/index']
17:17:40,247 INFO  [BrowserSelenium] ENTER --> (_parseElementOnXpath)
17:17:40,247 INFO  [BrowserSelenium] (_parseElementOnXpath) -> //a[@href='/jbilling/config/index'] is used
17:17:40,247 INFO  [BrowserSelenium] EXIT --> (_parseElementOnXpath)
17:17:40,247 INFO  [BrowserSelenium] EXIT --> (_getByLocator)
17:17:40,267 INFO  [BrowserSelenium] ENTER --> (_getByLocator)
17:17:40,267 INFO  [BrowserSelenium] (_getByLocator) -> Getting locator for null
17:17:40,267 INFO  [BrowserSelenium] (_getByLocator) -> Locator info found for XPATH attribute as: //a[@href='/jbilling/config/index']
17:17:40,267 INFO  [BrowserSelenium] ENTER --> (_parseElementOnXpath)
17:17:40,267 INFO  [BrowserSelenium] (_parseElementOnXpath) -> //a[@href='/jbilling/config/index'] is used
17:17:40,267 INFO  [BrowserSelenium] EXIT --> (_parseElementOnXpath)
17:17:40,267 INFO  [BrowserSelenium] EXIT --> (_getByLocator)
17:17:40,287 INFO  [BrowserSelenium] ENTER --> (_getByLocator)
17:17:40,287 INFO  [BrowserSelenium] (_getByLocator) -> Getting locator for null
17:17:40,287 INFO  [BrowserSelenium] (_getByLocator) -> Locator info found for XPATH attribute as: //a[@href='/jbilling/config/index']
17:17:40,287 INFO  [BrowserSelenium] ENTER --> (_parseElementOnXpath)
17:17:40,287 INFO  [BrowserSelenium] (_parseElementOnXpath) -> //a[@href='/jbilling/config/index'] is used
17:17:40,287 INFO  [BrowserSelenium] EXIT --> (_parseElementOnXpath)
17:17:40,287 INFO  [BrowserSelenium] EXIT --> (_getByLocator)
17:17:40,297 INFO  [BrowserSelenium] ENTER --> (_getByLocator)
17:17:40,297 INFO  [BrowserSelenium] (_getByLocator) -> Getting locator for null
17:17:40,307 INFO  [BrowserSelenium] (_getByLocator) -> Locator info found for XPATH attribute as: //a[@href='/jbilling/config/index']
17:17:40,307 INFO  [BrowserSelenium] ENTER --> (_parseElementOnXpath)
17:17:40,307 INFO  [BrowserSelenium] (_parseElementOnXpath) -> //a[@href='/jbilling/config/index'] is used
17:17:40,307 INFO  [BrowserSelenium] EXIT --> (_parseElementOnXpath)
17:17:40,307 INFO  [BrowserSelenium] EXIT --> (_getByLocator)
17:17:40,327 INFO  [BrowserSelenium] ENTER --> (_getByLocator)
17:17:40,327 INFO  [BrowserSelenium] (_getByLocator) -> Getting locator for null
17:17:40,327 INFO  [BrowserSelenium] (_getByLocator) -> Locator info found for XPATH attribute as: //a[@href='/jbilling/config/index']
17:17:40,327 INFO  [BrowserSelenium] ENTER --> (_parseElementOnXpath)
17:17:40,327 INFO  [BrowserSelenium] (_parseElementOnXpath) -> //a[@href='/jbilling/config/index'] is used
17:17:40,327 INFO  [BrowserSelenium] EXIT --> (_parseElementOnXpath)
17:17:40,327 INFO  [BrowserSelenium] EXIT --> (_getByLocator)
17:17:40,337 INFO  [BrowserSelenium] ENTER --> (_getByLocator)
17:17:40,337 INFO  [BrowserSelenium] (_getByLocator) -> Getting locator for null
17:17:40,337 INFO  [BrowserSelenium] (_getByLocator) -> Locator info found for XPATH attribute as: //a[@href='/jbilling/config/index']
17:17:40,337 INFO  [BrowserSelenium] ENTER --> (_parseElementOnXpath)
17:17:40,337 INFO  [BrowserSelenium] (_parseElementOnXpath) -> //a[@href='/jbilling/config/index'] is used
17:17:40,347 INFO  [BrowserSelenium] EXIT --> (_parseElementOnXpath)
17:17:40,347 INFO  [BrowserSelenium] EXIT --> (_getByLocator)
17:17:40,357 INFO  [BrowserSelenium] ENTER --> (_getByLocator)
17:17:40,357 INFO  [BrowserSelenium] (_getByLocator) -> Getting locator for null
17:17:40,357 INFO  [BrowserSelenium] (_getByLocator) -> Locator info found for XPATH attribute as: //a[@href='/jbilling/config/index']
17:17:40,357 INFO  [BrowserSelenium] ENTER --> (_parseElementOnXpath)
17:17:40,357 INFO  [BrowserSelenium] (_parseElementOnXpath) -> //a[@href='/jbilling/config/index'] is used
17:17:40,357 INFO  [BrowserSelenium] EXIT --> (_parseElementOnXpath)
17:17:40,357 INFO  [BrowserSelenium] EXIT --> (_getByLocator)
17:17:40,387 INFO  [BrowserSelenium] ENTER --> (_getByLocator)
17:17:40,387 INFO  [BrowserSelenium] (_getByLocator) -> Getting locator for null
17:17:40,387 INFO  [BrowserSelenium] (_getByLocator) -> Locator info found for XPATH attribute as: //a[@href='/jbilling/config/index']
17:17:40,387 INFO  [BrowserSelenium] ENTER --> (_parseElementOnXpath)
17:17:40,387 INFO  [BrowserSelenium] (_parseElementOnXpath) -> //a[@href='/jbilling/config/index'] is used
17:17:40,387 INFO  [BrowserSelenium] EXIT --> (_parseElementOnXpath)
17:17:40,387 INFO  [BrowserSelenium] EXIT --> (_getByLocator)
17:17:40,407 INFO  [BrowserSelenium] ENTER --> (_getByLocator)
17:17:40,407 INFO  [BrowserSelenium] (_getByLocator) -> Getting locator for null
17:17:40,407 INFO  [BrowserSelenium] (_getByLocator) -> Locator info found for XPATH attribute as: //a[@href='/jbilling/config/index']
17:17:40,407 INFO  [BrowserSelenium] ENTER --> (_parseElementOnXpath)
17:17:40,407 INFO  [BrowserSelenium] (_parseElementOnXpath) -> //a[@href='/jbilling/config/index'] is used
17:17:40,407 INFO  [BrowserSelenium] EXIT --> (_parseElementOnXpath)
17:17:40,407 INFO  [BrowserSelenium] EXIT --> (_getByLocator)
17:17:40,427 INFO  [BrowserSelenium] ENTER --> (_getByLocator)
17:17:40,427 INFO  [BrowserSelenium] (_getByLocator) -> Getting locator for null
17:17:40,427 INFO  [BrowserSelenium] (_getByLocator) -> Locator info found for XPATH attribute as: //a[@href='/jbilling/config/index']
17:17:40,427 INFO  [BrowserSelenium] ENTER --> (_parseElementOnXpath)
17:17:40,427 INFO  [BrowserSelenium] (_parseElementOnXpath) -> //a[@href='/jbilling/config/index'] is used
17:17:40,427 INFO  [BrowserSelenium] EXIT --> (_parseElementOnXpath)
17:17:40,427 INFO  [BrowserSelenium] EXIT --> (_getByLocator)
17:17:40,447 INFO  [BrowserSelenium] ENTER --> (_getByLocator)
17:17:40,447 INFO  [BrowserSelenium] (_getByLocator) -> Getting locator for null
17:17:40,447 INFO  [BrowserSelenium] (_getByLocator) -> Locator info found for XPATH attribute as: //a[@href='/jbilling/config/index']
17:17:40,447 INFO  [BrowserSelenium] ENTER --> (_parseElementOnXpath)
17:17:40,447 INFO  [BrowserSelenium] (_parseElementOnXpath) -> //a[@href='/jbilling/config/index'] is used
17:17:40,447 INFO  [BrowserSelenium] EXIT --> (_parseElementOnXpath)
17:17:40,447 INFO  [BrowserSelenium] EXIT --> (_getByLocator)
17:17:40,467 INFO  [BrowserSelenium] ENTER --> (_getByLocator)
17:17:40,467 INFO  [BrowserSelenium] (_getByLocator) -> Getting locator for null
17:17:40,467 INFO  [BrowserSelenium] (_getByLocator) -> Locator info found for XPATH attribute as: //a[@href='/jbilling/config/index']
17:17:40,467 INFO  [BrowserSelenium] ENTER --> (_parseElementOnXpath)
17:17:40,467 INFO  [BrowserSelenium] (_parseElementOnXpath) -> //a[@href='/jbilling/config/index'] is used
17:17:40,467 INFO  [BrowserSelenium] EXIT --> (_parseElementOnXpath)
17:17:40,467 INFO  [BrowserSelenium] EXIT --> (_getByLocator)
17:17:40,487 INFO  [BrowserSelenium] ENTER --> (_getByLocator)
17:17:40,487 INFO  [BrowserSelenium] (_getByLocator) -> Getting locator for null
17:17:40,487 INFO  [BrowserSelenium] (_getByLocator) -> Locator info found for XPATH attribute as: //a[@href='/jbilling/config/index']
17:17:40,487 INFO  [BrowserSelenium] ENTER --> (_parseElementOnXpath)
17:17:40,487 INFO  [BrowserSelenium] (_parseElementOnXpath) -> //a[@href='/jbilling/config/index'] is used
17:17:40,487 INFO  [BrowserSelenium] EXIT --> (_parseElementOnXpath)
17:17:40,487 INFO  [BrowserSelenium] EXIT --> (_getByLocator)
17:17:40,507 INFO  [BrowserSelenium] ENTER --> (_getByLocator)
17:17:40,507 INFO  [BrowserSelenium] (_getByLocator) -> Getting locator for null
17:17:40,507 INFO  [BrowserSelenium] (_getByLocator) -> Locator info found for XPATH attribute as: //a[@href='/jbilling/config/index']
17:17:40,507 INFO  [BrowserSelenium] ENTER --> (_parseElementOnXpath)
17:17:40,507 INFO  [BrowserSelenium] (_parseElementOnXpath) -> //a[@href='/jbilling/config/index'] is used
17:17:40,507 INFO  [BrowserSelenium] EXIT --> (_parseElementOnXpath)
17:17:40,507 INFO  [BrowserSelenium] EXIT --> (_getByLocator)
17:17:40,527 INFO  [BrowserSelenium] ENTER --> (_getByLocator)
17:17:40,527 INFO  [BrowserSelenium] (_getByLocator) -> Getting locator for null
17:17:40,527 INFO  [BrowserSelenium] (_getByLocator) -> Locator info found for XPATH attribute as: //a[@href='/jbilling/config/index']
17:17:40,527 INFO  [BrowserSelenium] ENTER --> (_parseElementOnXpath)
17:17:40,527 INFO  [BrowserSelenium] (_parseElementOnXpath) -> //a[@href='/jbilling/config/index'] is used
17:17:40,527 INFO  [BrowserSelenium] EXIT --> (_parseElementOnXpath)
17:17:40,527 INFO  [BrowserSelenium] EXIT --> (_getByLocator)
17:17:40,547 INFO  [BrowserSelenium] ENTER --> (_getByLocator)
17:17:40,547 INFO  [BrowserSelenium] (_getByLocator) -> Getting locator for null
17:17:40,547 INFO  [BrowserSelenium] (_getByLocator) -> Locator info found for XPATH attribute as: //a[@href='/jbilling/config/index']
17:17:40,547 INFO  [BrowserSelenium] ENTER --> (_parseElementOnXpath)
17:17:40,547 INFO  [BrowserSelenium] (_parseElementOnXpath) -> //a[@href='/jbilling/config/index'] is used
17:17:40,547 INFO  [BrowserSelenium] EXIT --> (_parseElementOnXpath)
17:17:40,547 INFO  [BrowserSelenium] EXIT --> (_getByLocator)
17:17:40,577 INFO  [BrowserSelenium] ENTER --> (_getByLocator)
17:17:40,577 INFO  [BrowserSelenium] (_getByLocator) -> Getting locator for null
17:17:40,577 INFO  [BrowserSelenium] (_getByLocator) -> Locator info found for XPATH attribute as: //a[@href='/jbilling/config/index']
17:17:40,577 INFO  [BrowserSelenium] ENTER --> (_parseElementOnXpath)
17:17:40,577 INFO  [BrowserSelenium] (_parseElementOnXpath) -> //a[@href='/jbilling/config/index'] is used
17:17:40,577 INFO  [BrowserSelenium] EXIT --> (_parseElementOnXpath)
17:17:40,577 INFO  [BrowserSelenium] EXIT --> (_getByLocator)
17:17:40,597 INFO  [BrowserSelenium] ENTER --> (_getByLocator)
17:17:40,597 INFO  [BrowserSelenium] (_getByLocator) -> Getting locator for null
17:17:40,597 INFO  [BrowserSelenium] (_getByLocator) -> Locator info found for XPATH attribute as: //a[@href='/jbilling/config/index']
17:17:40,597 INFO  [BrowserSelenium] ENTER --> (_parseElementOnXpath)
17:17:40,597 INFO  [BrowserSelenium] (_parseElementOnXpath) -> //a[@href='/jbilling/config/index'] is used
17:17:40,597 INFO  [BrowserSelenium] EXIT --> (_parseElementOnXpath)
17:17:40,597 INFO  [BrowserSelenium] EXIT --> (_getByLocator)
17:17:40,617 INFO  [BrowserSelenium] ENTER --> (_getByLocator)
17:17:40,617 INFO  [BrowserSelenium] (_getByLocator) -> Getting locator for null
17:17:40,617 INFO  [BrowserSelenium] (_getByLocator) -> Locator info found for XPATH attribute as: //a[@href='/jbilling/config/index']
17:17:40,617 INFO  [BrowserSelenium] ENTER --> (_parseElementOnXpath)
17:17:40,617 INFO  [BrowserSelenium] (_parseElementOnXpath) -> //a[@href='/jbilling/config/index'] is used
17:17:40,617 INFO  [BrowserSelenium] EXIT --> (_parseElementOnXpath)
17:17:40,617 INFO  [BrowserSelenium] EXIT --> (_getByLocator)
17:17:40,657 INFO  [BrowserSelenium] ENTER --> (_getByLocator)
17:17:40,657 INFO  [BrowserSelenium] (_getByLocator) -> Getting locator for null
17:17:40,657 INFO  [BrowserSelenium] (_getByLocator) -> Locator info found for XPATH attribute as: //a[@href='/jbilling/config/index']
17:17:40,657 INFO  [BrowserSelenium] ENTER --> (_parseElementOnXpath)
17:17:40,657 INFO  [BrowserSelenium] (_parseElementOnXpath) -> //a[@href='/jbilling/config/index'] is used
17:17:40,657 INFO  [BrowserSelenium] EXIT --> (_parseElementOnXpath)
17:17:40,657 INFO  [BrowserSelenium] EXIT --> (_getByLocator)
17:17:40,689 INFO  [BrowserSelenium] ENTER --> (_getByLocator)
17:17:40,689 INFO  [BrowserSelenium] (_getByLocator) -> Getting locator for null
17:17:40,689 INFO  [BrowserSelenium] (_getByLocator) -> Locator info found for XPATH attribute as: //a[@href='/jbilling/config/index']
17:17:40,689 INFO  [BrowserSelenium] ENTER --> (_parseElementOnXpath)
17:17:40,689 INFO  [BrowserSelenium] (_parseElementOnXpath) -> //a[@href='/jbilling/config/index'] is used
17:17:40,689 INFO  [BrowserSelenium] EXIT --> (_parseElementOnXpath)
17:17:40,689 INFO  [BrowserSelenium] EXIT --> (_getByLocator)
17:17:40,709 INFO  [BrowserSelenium] ENTER --> (_getByLocator)
17:17:40,709 INFO  [BrowserSelenium] (_getByLocator) -> Getting locator for null
17:17:40,709 INFO  [BrowserSelenium] (_getByLocator) -> Locator info found for XPATH attribute as: //a[@href='/jbilling/config/index']
17:17:40,709 INFO  [BrowserSelenium] ENTER --> (_parseElementOnXpath)
17:17:40,709 INFO  [BrowserSelenium] (_parseElementOnXpath) -> //a[@href='/jbilling/config/index'] is used
17:17:40,709 INFO  [BrowserSelenium] EXIT --> (_parseElementOnXpath)
17:17:40,709 INFO  [BrowserSelenium] EXIT --> (_getByLocator)
17:17:40,729 INFO  [BrowserSelenium] ENTER --> (_getByLocator)
17:17:40,729 INFO  [BrowserSelenium] (_getByLocator) -> Getting locator for null
17:17:40,729 INFO  [BrowserSelenium] (_getByLocator) -> Locator info found for XPATH attribute as: //a[@href='/jbilling/config/index']
17:17:40,729 INFO  [BrowserSelenium] ENTER --> (_parseElementOnXpath)
17:17:40,729 INFO  [BrowserSelenium] (_parseElementOnXpath) -> //a[@href='/jbilling/config/index'] is used
17:17:40,729 INFO  [BrowserSelenium] EXIT --> (_parseElementOnXpath)
17:17:40,729 INFO  [BrowserSelenium] EXIT --> (_getByLocator)
17:17:40,749 INFO  [BrowserSelenium] ENTER --> (_getByLocator)
17:17:40,749 INFO  [BrowserSelenium] (_getByLocator) -> Getting locator for null
17:17:40,749 INFO  [BrowserSelenium] (_getByLocator) -> Locator info found for XPATH attribute as: //a[@href='/jbilling/config/index']
17:17:40,749 INFO  [BrowserSelenium] ENTER --> (_parseElementOnXpath)
17:17:40,749 INFO  [BrowserSelenium] (_parseElementOnXpath) -> //a[@href='/jbilling/config/index'] is used
17:17:40,749 INFO  [BrowserSelenium] EXIT --> (_parseElementOnXpath)
17:17:40,749 INFO  [BrowserSelenium] EXIT --> (_getByLocator)
17:17:40,759 INFO  [BrowserSelenium] ENTER --> (_getByLocator)
17:17:40,759 INFO  [BrowserSelenium] (_getByLocator) -> Getting locator for null
17:17:40,759 INFO  [BrowserSelenium] (_getByLocator) -> Locator info found for XPATH attribute as: //a[@href='/jbilling/config/index']
17:17:40,759 INFO  [BrowserSelenium] ENTER --> (_parseElementOnXpath)
17:17:40,759 INFO  [BrowserSelenium] (_parseElementOnXpath) -> //a[@href='/jbilling/config/index'] is used
17:17:40,769 INFO  [BrowserSelenium] EXIT --> (_parseElementOnXpath)
17:17:40,769 INFO  [BrowserSelenium] EXIT --> (_getByLocator)
17:17:40,779 INFO  [BrowserSelenium] ENTER --> (_getByLocator)
17:17:40,779 INFO  [BrowserSelenium] (_getByLocator) -> Getting locator for null
17:17:40,779 INFO  [BrowserSelenium] (_getByLocator) -> Locator info found for XPATH attribute as: //a[@href='/jbilling/config/index']
17:17:40,779 INFO  [BrowserSelenium] ENTER --> (_parseElementOnXpath)
17:17:40,779 INFO  [BrowserSelenium] (_parseElementOnXpath) -> //a[@href='/jbilling/config/index'] is used
17:17:40,789 INFO  [BrowserSelenium] EXIT --> (_parseElementOnXpath)
17:17:40,789 INFO  [BrowserSelenium] EXIT --> (_getByLocator)
17:17:40,799 INFO  [BrowserSelenium] ENTER --> (_getByLocator)
17:17:40,799 INFO  [BrowserSelenium] (_getByLocator) -> Getting locator for null
17:17:40,799 INFO  [BrowserSelenium] (_getByLocator) -> Locator info found for XPATH attribute as: //a[@href='/jbilling/config/index']
17:17:40,799 INFO  [BrowserSelenium] ENTER --> (_parseElementOnXpath)
17:17:40,799 INFO  [BrowserSelenium] (_parseElementOnXpath) -> //a[@href='/jbilling/config/index'] is used
17:17:40,799 INFO  [BrowserSelenium] EXIT --> (_parseElementOnXpath)
17:17:40,799 INFO  [BrowserSelenium] EXIT --> (_getByLocator)
17:17:40,819 INFO  [BrowserSelenium] ENTER --> (_getByLocator)
17:17:40,819 INFO  [BrowserSelenium] (_getByLocator) -> Getting locator for null
17:17:40,819 INFO  [BrowserSelenium] (_getByLocator) -> Locator info found for XPATH attribute as: //a[@href='/jbilling/config/index']
17:17:40,819 INFO  [BrowserSelenium] ENTER --> (_parseElementOnXpath)
17:17:40,819 INFO  [BrowserSelenium] (_parseElementOnXpath) -> //a[@href='/jbilling/config/index'] is used
17:17:40,819 INFO  [BrowserSelenium] EXIT --> (_parseElementOnXpath)
17:17:40,819 INFO  [BrowserSelenium] EXIT --> (_getByLocator)
17:17:40,839 INFO  [BrowserSelenium] ENTER --> (_getByLocator)
17:17:40,839 INFO  [BrowserSelenium] (_getByLocator) -> Getting locator for null
17:17:40,839 INFO  [BrowserSelenium] (_getByLocator) -> Locator info found for XPATH attribute as: //a[@href='/jbilling/config/index']
17:17:40,839 INFO  [BrowserSelenium] ENTER --> (_parseElementOnXpath)
17:17:40,839 INFO  [BrowserSelenium] (_parseElementOnXpath) -> //a[@href='/jbilling/config/index'] is used
17:17:40,839 INFO  [BrowserSelenium] EXIT --> (_parseElementOnXpath)
17:17:40,839 INFO  [BrowserSelenium] EXIT --> (_getByLocator)
17:17:40,869 INFO  [BrowserSelenium] ENTER --> (_getByLocator)
17:17:40,869 INFO  [BrowserSelenium] (_getByLocator) -> Getting locator for null
17:17:40,869 INFO  [BrowserSelenium] (_getByLocator) -> Locator info found for XPATH attribute as: //a[@href='/jbilling/config/index']
17:17:40,869 INFO  [BrowserSelenium] ENTER --> (_parseElementOnXpath)
17:17:40,869 INFO  [BrowserSelenium] (_parseElementOnXpath) -> //a[@href='/jbilling/config/index'] is used
17:17:40,869 INFO  [BrowserSelenium] EXIT --> (_parseElementOnXpath)
17:17:40,869 INFO  [BrowserSelenium] EXIT --> (_getByLocator)
17:17:40,889 INFO  [BrowserSelenium] ENTER --> (_getByLocator)
17:17:40,889 INFO  [BrowserSelenium] (_getByLocator) -> Getting locator for null
17:17:40,889 INFO  [BrowserSelenium] (_getByLocator) -> Locator info found for XPATH attribute as: //a[@href='/jbilling/config/index']
17:17:40,889 INFO  [BrowserSelenium] ENTER --> (_parseElementOnXpath)
17:17:40,889 INFO  [BrowserSelenium] (_parseElementOnXpath) -> //a[@href='/jbilling/config/index'] is used
17:17:40,889 INFO  [BrowserSelenium] EXIT --> (_parseElementOnXpath)
17:17:40,889 INFO  [BrowserSelenium] EXIT --> (_getByLocator)
17:17:40,909 INFO  [BrowserSelenium] ENTER --> (_getByLocator)
17:17:40,919 INFO  [BrowserSelenium] (_getByLocator) -> Getting locator for null
17:17:40,919 INFO  [BrowserSelenium] (_getByLocator) -> Locator info found for XPATH attribute as: //a[@href='/jbilling/config/index']
17:17:40,919 INFO  [BrowserSelenium] ENTER --> (_parseElementOnXpath)
17:17:40,919 INFO  [BrowserSelenium] (_parseElementOnXpath) -> //a[@href='/jbilling/config/index'] is used
17:17:40,919 INFO  [BrowserSelenium] EXIT --> (_parseElementOnXpath)
17:17:40,919 INFO  [BrowserSelenium] EXIT --> (_getByLocator)
17:17:40,939 INFO  [BrowserSelenium] ENTER --> (_getByLocator)
17:17:40,939 INFO  [BrowserSelenium] (_getByLocator) -> Getting locator for null
17:17:40,939 INFO  [BrowserSelenium] (_getByLocator) -> Locator info found for XPATH attribute as: //a[@href='/jbilling/config/index']
17:17:40,939 INFO  [BrowserSelenium] ENTER --> (_parseElementOnXpath)
17:17:40,939 INFO  [BrowserSelenium] (_parseElementOnXpath) -> //a[@href='/jbilling/config/index'] is used
17:17:40,939 INFO  [BrowserSelenium] EXIT --> (_parseElementOnXpath)
17:17:40,939 INFO  [BrowserSelenium] EXIT --> (_getByLocator)
17:17:40,949 INFO  [BrowserSelenium] ENTER --> (_getByLocator)
17:17:40,959 INFO  [BrowserSelenium] (_getByLocator) -> Getting locator for null
17:17:40,959 INFO  [BrowserSelenium] (_getByLocator) -> Locator info found for XPATH attribute as: //a[@href='/jbilling/config/index']
17:17:40,959 INFO  [BrowserSelenium] ENTER --> (_parseElementOnXpath)
17:17:40,959 INFO  [BrowserSelenium] (_parseElementOnXpath) -> //a[@href='/jbilling/config/index'] is used
17:17:40,959 INFO  [BrowserSelenium] EXIT --> (_parseElementOnXpath)
17:17:40,959 INFO  [BrowserSelenium] EXIT --> (_getByLocator)
17:17:40,979 INFO  [BrowserSelenium] ENTER --> (_getByLocator)
17:17:40,979 INFO  [BrowserSelenium] (_getByLocator) -> Getting locator for null
17:17:40,979 INFO  [BrowserSelenium] (_getByLocator) -> Locator info found for XPATH attribute as: //a[@href='/jbilling/config/index']
17:17:40,979 INFO  [BrowserSelenium] ENTER --> (_parseElementOnXpath)
17:17:40,979 INFO  [BrowserSelenium] (_parseElementOnXpath) -> //a[@href='/jbilling/config/index'] is used
17:17:40,979 INFO  [BrowserSelenium] EXIT --> (_parseElementOnXpath)
17:17:40,979 INFO  [BrowserSelenium] EXIT --> (_getByLocator)
17:17:40,999 INFO  [BrowserSelenium] ENTER --> (_getByLocator)
17:17:40,999 INFO  [BrowserSelenium] (_getByLocator) -> Getting locator for null
17:17:40,999 INFO  [BrowserSelenium] (_getByLocator) -> Locator info found for XPATH attribute as: //a[@href='/jbilling/config/index']
17:17:40,999 INFO  [BrowserSelenium] ENTER --> (_parseElementOnXpath)
17:17:40,999 INFO  [BrowserSelenium] (_parseElementOnXpath) -> //a[@href='/jbilling/config/index'] is used
17:17:40,999 INFO  [BrowserSelenium] EXIT --> (_parseElementOnXpath)
17:17:40,999 INFO  [BrowserSelenium] EXIT --> (_getByLocator)
17:17:41,029 INFO  [BrowserSelenium] ENTER --> (_getByLocator)
17:17:41,029 INFO  [BrowserSelenium] (_getByLocator) -> Getting locator for null
17:17:41,029 INFO  [BrowserSelenium] (_getByLocator) -> Locator info found for XPATH attribute as: //a[@href='/jbilling/config/index']
17:17:41,029 INFO  [BrowserSelenium] ENTER --> (_parseElementOnXpath)
17:17:41,029 INFO  [BrowserSelenium] (_parseElementOnXpath) -> //a[@href='/jbilling/config/index'] is used
17:17:41,029 INFO  [BrowserSelenium] EXIT --> (_parseElementOnXpath)
17:17:41,029 INFO  [BrowserSelenium] EXIT --> (_getByLocator)
17:17:41,049 INFO  [BrowserSelenium] ENTER --> (_getByLocator)
17:17:41,049 INFO  [BrowserSelenium] (_getByLocator) -> Getting locator for null
17:17:41,049 INFO  [BrowserSelenium] (_getByLocator) -> Locator info found for XPATH attribute as: //a[@href='/jbilling/config/index']
17:17:41,049 INFO  [BrowserSelenium] ENTER --> (_parseElementOnXpath)
17:17:41,049 INFO  [BrowserSelenium] (_parseElementOnXpath) -> //a[@href='/jbilling/config/index'] is used
17:17:41,049 INFO  [BrowserSelenium] EXIT --> (_parseElementOnXpath)
17:17:41,049 INFO  [BrowserSelenium] EXIT --> (_getByLocator)
17:17:41,069 INFO  [BrowserSelenium] ENTER --> (_getByLocator)
17:17:41,069 INFO  [BrowserSelenium] (_getByLocator) -> Getting locator for null
17:17:41,069 INFO  [BrowserSelenium] (_getByLocator) -> Locator info found for XPATH attribute as: //a[@href='/jbilling/config/index']
17:17:41,069 INFO  [BrowserSelenium] ENTER --> (_parseElementOnXpath)
17:17:41,069 INFO  [BrowserSelenium] (_parseElementOnXpath) -> //a[@href='/jbilling/config/index'] is used
17:17:41,069 INFO  [BrowserSelenium] EXIT --> (_parseElementOnXpath)
17:17:41,069 INFO  [BrowserSelenium] EXIT --> (_getByLocator)
17:17:41,089 INFO  [BrowserSelenium] ENTER --> (_getByLocator)
17:17:41,089 INFO  [BrowserSelenium] (_getByLocator) -> Getting locator for null
17:17:41,089 INFO  [BrowserSelenium] (_getByLocator) -> Locator info found for XPATH attribute as: //a[@href='/jbilling/config/index']
17:17:41,089 INFO  [BrowserSelenium] ENTER --> (_parseElementOnXpath)
17:17:41,089 INFO  [BrowserSelenium] (_parseElementOnXpath) -> //a[@href='/jbilling/config/index'] is used
17:17:41,089 INFO  [BrowserSelenium] EXIT --> (_parseElementOnXpath)
17:17:41,089 INFO  [BrowserSelenium] EXIT --> (_getByLocator)
17:17:41,124 INFO  [BrowserSelenium] ENTER --> (_getByLocator)
17:17:41,124 INFO  [BrowserSelenium] (_getByLocator) -> Getting locator for null
17:17:41,124 INFO  [BrowserSelenium] (_getByLocator) -> Locator info found for XPATH attribute as: //a[@href='/jbilling/config/index']
17:17:41,125 INFO  [BrowserSelenium] ENTER --> (_parseElementOnXpath)
17:17:41,125 INFO  [BrowserSelenium] (_parseElementOnXpath) -> //a[@href='/jbilling/config/index'] is used
17:17:41,125 INFO  [BrowserSelenium] EXIT --> (_parseElementOnXpath)
17:17:41,125 INFO  [BrowserSelenium] EXIT --> (_getByLocator)
17:17:41,151 INFO  [BrowserSelenium] ENTER --> (_getByLocator)
17:17:41,151 INFO  [BrowserSelenium] (_getByLocator) -> Getting locator for null
17:17:41,151 INFO  [BrowserSelenium] (_getByLocator) -> Locator info found for XPATH attribute as: //a[@href='/jbilling/config/index']
17:17:41,151 INFO  [BrowserSelenium] ENTER --> (_parseElementOnXpath)
17:17:41,151 INFO  [BrowserSelenium] (_parseElementOnXpath) -> //a[@href='/jbilling/config/index'] is used
17:17:41,152 INFO  [BrowserSelenium] EXIT --> (_parseElementOnXpath)
17:17:41,152 INFO  [BrowserSelenium] EXIT --> (_getByLocator)
17:17:41,173 INFO  [BrowserSelenium] ENTER --> (_getByLocator)
17:17:41,173 INFO  [BrowserSelenium] (_getByLocator) -> Getting locator for null
17:17:41,173 INFO  [BrowserSelenium] (_getByLocator) -> Locator info found for XPATH attribute as: //a[@href='/jbilling/config/index']
17:17:41,173 INFO  [BrowserSelenium] ENTER --> (_parseElementOnXpath)
17:17:41,174 INFO  [BrowserSelenium] (_parseElementOnXpath) -> //a[@href='/jbilling/config/index'] is used
17:17:41,174 INFO  [BrowserSelenium] EXIT --> (_parseElementOnXpath)
17:17:41,174 INFO  [BrowserSelenium] EXIT --> (_getByLocator)
17:17:41,193 INFO  [BrowserSelenium] ENTER --> (_getByLocator)
17:17:41,193 INFO  [BrowserSelenium] (_getByLocator) -> Getting locator for null
17:17:41,193 INFO  [BrowserSelenium] (_getByLocator) -> Locator info found for XPATH attribute as: //a[@href='/jbilling/config/index']
17:17:41,193 INFO  [BrowserSelenium] ENTER --> (_parseElementOnXpath)
17:17:41,193 INFO  [BrowserSelenium] (_parseElementOnXpath) -> //a[@href='/jbilling/config/index'] is used
17:17:41,193 INFO  [BrowserSelenium] EXIT --> (_parseElementOnXpath)
17:17:41,193 INFO  [BrowserSelenium] EXIT --> (_getByLocator)
17:17:41,213 INFO  [BrowserSelenium] ENTER --> (_getByLocator)
17:17:41,213 INFO  [BrowserSelenium] (_getByLocator) -> Getting locator for null
17:17:41,213 INFO  [BrowserSelenium] (_getByLocator) -> Locator info found for XPATH attribute as: //a[@href='/jbilling/config/index']
17:17:41,213 INFO  [BrowserSelenium] ENTER --> (_parseElementOnXpath)
17:17:41,213 INFO  [BrowserSelenium] (_parseElementOnXpath) -> //a[@href='/jbilling/config/index'] is used
17:17:41,213 INFO  [BrowserSelenium] EXIT --> (_parseElementOnXpath)
17:17:41,213 INFO  [BrowserSelenium] EXIT --> (_getByLocator)
17:17:41,233 INFO  [BrowserSelenium] ENTER --> (_getByLocator)
17:17:41,233 INFO  [BrowserSelenium] (_getByLocator) -> Getting locator for null
17:17:41,233 INFO  [BrowserSelenium] (_getByLocator) -> Locator info found for XPATH attribute as: //a[@href='/jbilling/config/index']
17:17:41,233 INFO  [BrowserSelenium] ENTER --> (_parseElementOnXpath)
17:17:41,233 INFO  [BrowserSelenium] (_parseElementOnXpath) -> //a[@href='/jbilling/config/index'] is used
17:17:41,233 INFO  [BrowserSelenium] EXIT --> (_parseElementOnXpath)
17:17:41,233 INFO  [BrowserSelenium] EXIT --> (_getByLocator)
17:17:41,253 INFO  [BrowserSelenium] ENTER --> (_getByLocator)
17:17:41,253 INFO  [BrowserSelenium] (_getByLocator) -> Getting locator for null
17:17:41,253 INFO  [BrowserSelenium] (_getByLocator) -> Locator info found for XPATH attribute as: //a[@href='/jbilling/config/index']
17:17:41,253 INFO  [BrowserSelenium] ENTER --> (_parseElementOnXpath)
17:17:41,253 INFO  [BrowserSelenium] (_parseElementOnXpath) -> //a[@href='/jbilling/config/index'] is used
17:17:41,263 INFO  [BrowserSelenium] EXIT --> (_parseElementOnXpath)
17:17:41,263 INFO  [BrowserSelenium] EXIT --> (_getByLocator)
17:17:41,283 INFO  [BrowserSelenium] ENTER --> (_getByLocator)
17:17:41,283 INFO  [BrowserSelenium] (_getByLocator) -> Getting locator for null
17:17:41,283 INFO  [BrowserSelenium] (_getByLocator) -> Locator info found for XPATH attribute as: //a[@href='/jbilling/config/index']
17:17:41,283 INFO  [BrowserSelenium] ENTER --> (_parseElementOnXpath)
17:17:41,283 INFO  [BrowserSelenium] (_parseElementOnXpath) -> //a[@href='/jbilling/config/index'] is used
17:17:41,283 INFO  [BrowserSelenium] EXIT --> (_parseElementOnXpath)
17:17:41,283 INFO  [BrowserSelenium] EXIT --> (_getByLocator)
17:17:41,303 INFO  [BrowserSelenium] ENTER --> (_getByLocator)
17:17:41,303 INFO  [BrowserSelenium] (_getByLocator) -> Getting locator for null
17:17:41,303 INFO  [BrowserSelenium] (_getByLocator) -> Locator info found for XPATH attribute as: //a[@href='/jbilling/config/index']
17:17:41,303 INFO  [BrowserSelenium] ENTER --> (_parseElementOnXpath)
17:17:41,303 INFO  [BrowserSelenium] (_parseElementOnXpath) -> //a[@href='/jbilling/config/index'] is used
17:17:41,303 INFO  [BrowserSelenium] EXIT --> (_parseElementOnXpath)
17:17:41,303 INFO  [BrowserSelenium] EXIT --> (_getByLocator)
17:17:41,323 INFO  [BrowserSelenium] ENTER --> (_getByLocator)
17:17:41,323 INFO  [BrowserSelenium] (_getByLocator) -> Getting locator for null
17:17:41,323 INFO  [BrowserSelenium] (_getByLocator) -> Locator info found for XPATH attribute as: //a[@href='/jbilling/config/index']
17:17:41,323 INFO  [BrowserSelenium] ENTER --> (_parseElementOnXpath)
17:17:41,323 INFO  [BrowserSelenium] (_parseElementOnXpath) -> //a[@href='/jbilling/config/index'] is used
17:17:41,323 INFO  [BrowserSelenium] EXIT --> (_parseElementOnXpath)
17:17:41,323 INFO  [BrowserSelenium] EXIT --> (_getByLocator)
17:17:41,343 INFO  [BrowserSelenium] ENTER --> (_getByLocator)
17:17:41,343 INFO  [BrowserSelenium] (_getByLocator) -> Getting locator for null
17:17:41,343 INFO  [BrowserSelenium] (_getByLocator) -> Locator info found for XPATH attribute as: //a[@href='/jbilling/config/index']
17:17:41,343 INFO  [BrowserSelenium] ENTER --> (_parseElementOnXpath)
17:17:41,343 INFO  [BrowserSelenium] (_parseElementOnXpath) -> //a[@href='/jbilling/config/index'] is used
17:17:41,343 INFO  [BrowserSelenium] EXIT --> (_parseElementOnXpath)
17:17:41,343 INFO  [BrowserSelenium] EXIT --> (_getByLocator)
17:17:41,363 INFO  [BrowserSelenium] ENTER --> (_getByLocator)
17:17:41,363 INFO  [BrowserSelenium] (_getByLocator) -> Getting locator for null
17:17:41,363 INFO  [BrowserSelenium] (_getByLocator) -> Locator info found for XPATH attribute as: //a[@href='/jbilling/config/index']
17:17:41,363 INFO  [BrowserSelenium] ENTER --> (_parseElementOnXpath)
17:17:41,363 INFO  [BrowserSelenium] (_parseElementOnXpath) -> //a[@href='/jbilling/config/index'] is used
17:17:41,363 INFO  [BrowserSelenium] EXIT --> (_parseElementOnXpath)
17:17:41,363 INFO  [BrowserSelenium] EXIT --> (_getByLocator)
17:17:41,383 INFO  [BrowserSelenium] ENTER --> (_getByLocator)
17:17:41,383 INFO  [BrowserSelenium] (_getByLocator) -> Getting locator for null
17:17:41,383 INFO  [BrowserSelenium] (_getByLocator) -> Locator info found for XPATH attribute as: //a[@href='/jbilling/config/index']
17:17:41,383 INFO  [BrowserSelenium] ENTER --> (_parseElementOnXpath)
17:17:41,383 INFO  [BrowserSelenium] (_parseElementOnXpath) -> //a[@href='/jbilling/config/index'] is used
17:17:41,383 INFO  [BrowserSelenium] EXIT --> (_parseElementOnXpath)
17:17:41,383 INFO  [BrowserSelenium] EXIT --> (_getByLocator)
17:17:41,403 INFO  [BrowserSelenium] ENTER --> (_getByLocator)
17:17:41,403 INFO  [BrowserSelenium] (_getByLocator) -> Getting locator for null
17:17:41,403 INFO  [BrowserSelenium] (_getByLocator) -> Locator info found for XPATH attribute as: //a[@href='/jbilling/config/index']
17:17:41,403 INFO  [BrowserSelenium] ENTER --> (_parseElementOnXpath)
17:17:41,403 INFO  [BrowserSelenium] (_parseElementOnXpath) -> //a[@href='/jbilling/config/index'] is used
17:17:41,403 INFO  [BrowserSelenium] EXIT --> (_parseElementOnXpath)
17:17:41,403 INFO  [BrowserSelenium] EXIT --> (_getByLocator)
17:17:41,423 INFO  [BrowserSelenium] ENTER --> (_getByLocator)
17:17:41,423 INFO  [BrowserSelenium] (_getByLocator) -> Getting locator for null
17:17:41,423 INFO  [BrowserSelenium] (_getByLocator) -> Locator info found for XPATH attribute as: //a[@href='/jbilling/config/index']
17:17:41,423 INFO  [BrowserSelenium] ENTER --> (_parseElementOnXpath)
17:17:41,423 INFO  [BrowserSelenium] (_parseElementOnXpath) -> //a[@href='/jbilling/config/index'] is used
17:17:41,423 INFO  [BrowserSelenium] EXIT --> (_parseElementOnXpath)
17:17:41,423 INFO  [BrowserSelenium] EXIT --> (_getByLocator)
17:17:41,443 INFO  [BrowserSelenium] ENTER --> (_getByLocator)
17:17:41,443 INFO  [BrowserSelenium] (_getByLocator) -> Getting locator for null
17:17:41,443 INFO  [BrowserSelenium] (_getByLocator) -> Locator info found for XPATH attribute as: //a[@href='/jbilling/config/index']
17:17:41,443 INFO  [BrowserSelenium] ENTER --> (_parseElementOnXpath)
17:17:41,443 INFO  [BrowserSelenium] (_parseElementOnXpath) -> //a[@href='/jbilling/config/index'] is used
17:17:41,443 INFO  [BrowserSelenium] EXIT --> (_parseElementOnXpath)
17:17:41,443 INFO  [BrowserSelenium] EXIT --> (_getByLocator)
17:17:41,463 INFO  [BrowserSelenium] ENTER --> (_getByLocator)
17:17:41,463 INFO  [BrowserSelenium] (_getByLocator) -> Getting locator for null
17:17:41,463 INFO  [BrowserSelenium] (_getByLocator) -> Locator info found for XPATH attribute as: //a[@href='/jbilling/config/index']
17:17:41,463 INFO  [BrowserSelenium] ENTER --> (_parseElementOnXpath)
17:17:41,463 INFO  [BrowserSelenium] (_parseElementOnXpath) -> //a[@href='/jbilling/config/index'] is used
17:17:41,463 INFO  [BrowserSelenium] EXIT --> (_parseElementOnXpath)
17:17:41,463 INFO  [BrowserSelenium] EXIT --> (_getByLocator)
17:17:41,483 INFO  [BrowserSelenium] ENTER --> (_getByLocator)
17:17:41,483 INFO  [BrowserSelenium] (_getByLocator) -> Getting locator for null
17:17:41,483 INFO  [BrowserSelenium] (_getByLocator) -> Locator info found for XPATH attribute as: //a[@href='/jbilling/config/index']
17:17:41,483 INFO  [BrowserSelenium] ENTER --> (_parseElementOnXpath)
17:17:41,483 INFO  [BrowserSelenium] (_parseElementOnXpath) -> //a[@href='/jbilling/config/index'] is used
17:17:41,483 INFO  [BrowserSelenium] EXIT --> (_parseElementOnXpath)
17:17:41,483 INFO  [BrowserSelenium] EXIT --> (_getByLocator)
17:17:41,503 INFO  [BrowserSelenium] ENTER --> (_getByLocator)
17:17:41,503 INFO  [BrowserSelenium] (_getByLocator) -> Getting locator for null
17:17:41,503 INFO  [BrowserSelenium] (_getByLocator) -> Locator info found for XPATH attribute as: //a[@href='/jbilling/config/index']
17:17:41,503 INFO  [BrowserSelenium] ENTER --> (_parseElementOnXpath)
17:17:41,503 INFO  [BrowserSelenium] (_parseElementOnXpath) -> //a[@href='/jbilling/config/index'] is used
17:17:41,503 INFO  [BrowserSelenium] EXIT --> (_parseElementOnXpath)
17:17:41,503 INFO  [BrowserSelenium] EXIT --> (_getByLocator)
17:17:41,513 INFO  [BrowserSelenium] ENTER --> (_getByLocator)
17:17:41,523 INFO  [BrowserSelenium] (_getByLocator) -> Getting locator for null
17:17:41,523 INFO  [BrowserSelenium] (_getByLocator) -> Locator info found for XPATH attribute as: //a[@href='/jbilling/config/index']
17:17:41,523 INFO  [BrowserSelenium] ENTER --> (_parseElementOnXpath)
17:17:41,523 INFO  [BrowserSelenium] (_parseElementOnXpath) -> //a[@href='/jbilling/config/index'] is used
17:17:41,523 INFO  [BrowserSelenium] EXIT --> (_parseElementOnXpath)
17:17:41,523 INFO  [BrowserSelenium] EXIT --> (_getByLocator)
17:17:41,533 INFO  [BrowserSelenium] ENTER --> (_getByLocator)
17:17:41,533 INFO  [BrowserSelenium] (_getByLocator) -> Getting locator for null
17:17:41,533 INFO  [BrowserSelenium] (_getByLocator) -> Locator info found for XPATH attribute as: //a[@href='/jbilling/config/index']
17:17:41,533 INFO  [BrowserSelenium] ENTER --> (_parseElementOnXpath)
17:17:41,533 INFO  [BrowserSelenium] (_parseElementOnXpath) -> //a[@href='/jbilling/config/index'] is used
17:17:41,533 INFO  [BrowserSelenium] EXIT --> (_parseElementOnXpath)
17:17:41,533 INFO  [BrowserSelenium] EXIT --> (_getByLocator)
17:17:41,563 INFO  [BrowserSelenium] ENTER --> (_getByLocator)
17:17:41,563 INFO  [BrowserSelenium] (_getByLocator) -> Getting locator for null
17:17:41,563 INFO  [BrowserSelenium] (_getByLocator) -> Locator info found for XPATH attribute as: //a[@href='/jbilling/config/index']
17:17:41,563 INFO  [BrowserSelenium] ENTER --> (_parseElementOnXpath)
17:17:41,563 INFO  [BrowserSelenium] (_parseElementOnXpath) -> //a[@href='/jbilling/config/index'] is used
17:17:41,563 INFO  [BrowserSelenium] EXIT --> (_parseElementOnXpath)
17:17:41,563 INFO  [BrowserSelenium] EXIT --> (_getByLocator)
17:17:41,583 INFO  [BrowserSelenium] ENTER --> (_getByLocator)
17:17:41,583 INFO  [BrowserSelenium] (_getByLocator) -> Getting locator for null
17:17:41,583 INFO  [BrowserSelenium] (_getByLocator) -> Locator info found for XPATH attribute as: //a[@href='/jbilling/config/index']
17:17:41,583 INFO  [BrowserSelenium] ENTER --> (_parseElementOnXpath)
17:17:41,583 INFO  [BrowserSelenium] (_parseElementOnXpath) -> //a[@href='/jbilling/config/index'] is used
17:17:41,583 INFO  [BrowserSelenium] EXIT --> (_parseElementOnXpath)
17:17:41,583 INFO  [BrowserSelenium] EXIT --> (_getByLocator)
17:17:41,603 INFO  [BrowserSelenium] ENTER --> (_getByLocator)
17:17:41,603 INFO  [BrowserSelenium] (_getByLocator) -> Getting locator for null
17:17:41,613 INFO  [BrowserSelenium] (_getByLocator) -> Locator info found for XPATH attribute as: //a[@href='/jbilling/config/index']
17:17:41,613 INFO  [BrowserSelenium] ENTER --> (_parseElementOnXpath)
17:17:41,613 INFO  [BrowserSelenium] (_parseElementOnXpath) -> //a[@href='/jbilling/config/index'] is used
17:17:41,613 INFO  [BrowserSelenium] EXIT --> (_parseElementOnXpath)
17:17:41,613 INFO  [BrowserSelenium] EXIT --> (_getByLocator)
17:17:41,633 INFO  [BrowserSelenium] ENTER --> (_getByLocator)
17:17:41,633 INFO  [BrowserSelenium] (_getByLocator) -> Getting locator for null
17:17:41,633 INFO  [BrowserSelenium] (_getByLocator) -> Locator info found for XPATH attribute as: //a[@href='/jbilling/config/index']
17:17:41,633 INFO  [BrowserSelenium] ENTER --> (_parseElementOnXpath)
17:17:41,633 INFO  [BrowserSelenium] (_parseElementOnXpath) -> //a[@href='/jbilling/config/index'] is used
17:17:41,633 INFO  [BrowserSelenium] EXIT --> (_parseElementOnXpath)
17:17:41,633 INFO  [BrowserSelenium] EXIT --> (_getByLocator)
17:17:41,653 INFO  [BrowserSelenium] ENTER --> (_getByLocator)
17:17:41,653 INFO  [BrowserSelenium] (_getByLocator) -> Getting locator for null
17:17:41,653 INFO  [BrowserSelenium] (_getByLocator) -> Locator info found for XPATH attribute as: //a[@href='/jbilling/config/index']
17:17:41,653 INFO  [BrowserSelenium] ENTER --> (_parseElementOnXpath)
17:17:41,653 INFO  [BrowserSelenium] (_parseElementOnXpath) -> //a[@href='/jbilling/config/index'] is used
17:17:41,653 INFO  [BrowserSelenium] EXIT --> (_parseElementOnXpath)
17:17:41,653 INFO  [BrowserSelenium] EXIT --> (_getByLocator)
17:17:41,673 INFO  [BrowserSelenium] ENTER --> (_getByLocator)
17:17:41,673 INFO  [BrowserSelenium] (_getByLocator) -> Getting locator for null
17:17:41,673 INFO  [BrowserSelenium] (_getByLocator) -> Locator info found for XPATH attribute as: //a[@href='/jbilling/config/index']
17:17:41,673 INFO  [BrowserSelenium] ENTER --> (_parseElementOnXpath)
17:17:41,673 INFO  [BrowserSelenium] (_parseElementOnXpath) -> //a[@href='/jbilling/config/index'] is used
17:17:41,673 INFO  [BrowserSelenium] EXIT --> (_parseElementOnXpath)
17:17:41,673 INFO  [BrowserSelenium] EXIT --> (_getByLocator)
17:17:41,693 INFO  [BrowserSelenium] ENTER --> (_getByLocator)
17:17:41,693 INFO  [BrowserSelenium] (_getByLocator) -> Getting locator for null
17:17:41,693 INFO  [BrowserSelenium] (_getByLocator) -> Locator info found for XPATH attribute as: //a[@href='/jbilling/config/index']
17:17:41,693 INFO  [BrowserSelenium] ENTER --> (_parseElementOnXpath)
17:17:41,693 INFO  [BrowserSelenium] (_parseElementOnXpath) -> //a[@href='/jbilling/config/index'] is used
17:17:41,693 INFO  [BrowserSelenium] EXIT --> (_parseElementOnXpath)
17:17:41,693 INFO  [BrowserSelenium] EXIT --> (_getByLocator)
17:17:41,723 INFO  [BrowserSelenium] ENTER --> (_getByLocator)
17:17:41,723 INFO  [BrowserSelenium] (_getByLocator) -> Getting locator for null
17:17:41,723 INFO  [BrowserSelenium] (_getByLocator) -> Locator info found for XPATH attribute as: //a[@href='/jbilling/config/index']
17:17:41,723 INFO  [BrowserSelenium] ENTER --> (_parseElementOnXpath)
17:17:41,723 INFO  [BrowserSelenium] (_parseElementOnXpath) -> //a[@href='/jbilling/config/index'] is used
17:17:41,723 INFO  [BrowserSelenium] EXIT --> (_parseElementOnXpath)
17:17:41,723 INFO  [BrowserSelenium] EXIT --> (_getByLocator)
17:17:41,743 INFO  [BrowserSelenium] ENTER --> (_getByLocator)
17:17:41,743 INFO  [BrowserSelenium] (_getByLocator) -> Getting locator for null
17:17:41,743 INFO  [BrowserSelenium] (_getByLocator) -> Locator info found for XPATH attribute as: //a[@href='/jbilling/config/index']
17:17:41,743 INFO  [BrowserSelenium] ENTER --> (_parseElementOnXpath)
17:17:41,743 INFO  [BrowserSelenium] (_parseElementOnXpath) -> //a[@href='/jbilling/config/index'] is used
17:17:41,743 INFO  [BrowserSelenium] EXIT --> (_parseElementOnXpath)
17:17:41,743 INFO  [BrowserSelenium] EXIT --> (_getByLocator)
17:17:41,763 INFO  [BrowserSelenium] ENTER --> (_getByLocator)
17:17:41,763 INFO  [BrowserSelenium] (_getByLocator) -> Getting locator for null
17:17:41,763 INFO  [BrowserSelenium] (_getByLocator) -> Locator info found for XPATH attribute as: //a[@href='/jbilling/config/index']
17:17:41,763 INFO  [BrowserSelenium] ENTER --> (_parseElementOnXpath)
17:17:41,763 INFO  [BrowserSelenium] (_parseElementOnXpath) -> //a[@href='/jbilling/config/index'] is used
17:17:41,763 INFO  [BrowserSelenium] EXIT --> (_parseElementOnXpath)
17:17:41,763 INFO  [BrowserSelenium] EXIT --> (_getByLocator)
17:17:41,793 INFO  [BrowserSelenium] ENTER --> (_getByLocator)
17:17:41,793 INFO  [BrowserSelenium] (_getByLocator) -> Getting locator for null
17:17:41,793 INFO  [BrowserSelenium] (_getByLocator) -> Locator info found for XPATH attribute as: //a[@href='/jbilling/config/index']
17:17:41,793 INFO  [BrowserSelenium] ENTER --> (_parseElementOnXpath)
17:17:41,793 INFO  [BrowserSelenium] (_parseElementOnXpath) -> //a[@href='/jbilling/config/index'] is used
17:17:41,793 INFO  [BrowserSelenium] EXIT --> (_parseElementOnXpath)
17:17:41,793 INFO  [BrowserSelenium] EXIT --> (_getByLocator)
17:17:41,813 INFO  [BrowserSelenium] ENTER --> (_getByLocator)
17:17:41,813 INFO  [BrowserSelenium] (_getByLocator) -> Getting locator for null
17:17:41,813 INFO  [BrowserSelenium] (_getByLocator) -> Locator info found for XPATH attribute as: //a[@href='/jbilling/config/index']
17:17:41,813 INFO  [BrowserSelenium] ENTER --> (_parseElementOnXpath)
17:17:41,813 INFO  [BrowserSelenium] (_parseElementOnXpath) -> //a[@href='/jbilling/config/index'] is used
17:17:41,813 INFO  [BrowserSelenium] EXIT --> (_parseElementOnXpath)
17:17:41,813 INFO  [BrowserSelenium] EXIT --> (_getByLocator)
17:17:41,833 INFO  [BrowserSelenium] ENTER --> (_getByLocator)
17:17:41,833 INFO  [BrowserSelenium] (_getByLocator) -> Getting locator for null
17:17:41,833 INFO  [BrowserSelenium] (_getByLocator) -> Locator info found for XPATH attribute as: //a[@href='/jbilling/config/index']
17:17:41,833 INFO  [BrowserSelenium] ENTER --> (_parseElementOnXpath)
17:17:41,833 INFO  [BrowserSelenium] (_parseElementOnXpath) -> //a[@href='/jbilling/config/index'] is used
17:17:41,833 INFO  [BrowserSelenium] EXIT --> (_parseElementOnXpath)
17:17:41,833 INFO  [BrowserSelenium] EXIT --> (_getByLocator)
17:17:41,853 INFO  [BrowserSelenium] ENTER --> (_getByLocator)
17:17:41,853 INFO  [BrowserSelenium] (_getByLocator) -> Getting locator for null
17:17:41,853 INFO  [BrowserSelenium] (_getByLocator) -> Locator info found for XPATH attribute as: //a[@href='/jbilling/config/index']
17:17:41,853 INFO  [BrowserSelenium] ENTER --> (_parseElementOnXpath)
17:17:41,863 INFO  [BrowserSelenium] (_parseElementOnXpath) -> //a[@href='/jbilling/config/index'] is used
17:17:41,863 INFO  [BrowserSelenium] EXIT --> (_parseElementOnXpath)
17:17:41,863 INFO  [BrowserSelenium] EXIT --> (_getByLocator)
17:17:41,883 INFO  [BrowserSelenium] ENTER --> (_getByLocator)
17:17:41,883 INFO  [BrowserSelenium] (_getByLocator) -> Getting locator for null
17:17:41,883 INFO  [BrowserSelenium] (_getByLocator) -> Locator info found for XPATH attribute as: //a[@href='/jbilling/config/index']
17:17:41,883 INFO  [BrowserSelenium] ENTER --> (_parseElementOnXpath)
17:17:41,883 INFO  [BrowserSelenium] (_parseElementOnXpath) -> //a[@href='/jbilling/config/index'] is used
17:17:41,883 INFO  [BrowserSelenium] EXIT --> (_parseElementOnXpath)
17:17:41,883 INFO  [BrowserSelenium] EXIT --> (_getByLocator)
17:17:41,903 INFO  [BrowserSelenium] ENTER --> (_getByLocator)
17:17:41,903 INFO  [BrowserSelenium] (_getByLocator) -> Getting locator for null
17:17:41,903 INFO  [BrowserSelenium] (_getByLocator) -> Locator info found for XPATH attribute as: //a[@href='/jbilling/config/index']
17:17:41,903 INFO  [BrowserSelenium] ENTER --> (_parseElementOnXpath)
17:17:41,903 INFO  [BrowserSelenium] (_parseElementOnXpath) -> //a[@href='/jbilling/config/index'] is used
17:17:41,903 INFO  [BrowserSelenium] EXIT --> (_parseElementOnXpath)
17:17:41,903 INFO  [BrowserSelenium] EXIT --> (_getByLocator)
17:17:41,923 INFO  [BrowserSelenium] ENTER --> (_getByLocator)
17:17:41,923 INFO  [BrowserSelenium] (_getByLocator) -> Getting locator for null
17:17:41,923 INFO  [BrowserSelenium] (_getByLocator) -> Locator info found for XPATH attribute as: //a[@href='/jbilling/config/index']
17:17:41,923 INFO  [BrowserSelenium] ENTER --> (_parseElementOnXpath)
17:17:41,923 INFO  [BrowserSelenium] (_parseElementOnXpath) -> //a[@href='/jbilling/config/index'] is used
17:17:41,923 INFO  [BrowserSelenium] EXIT --> (_parseElementOnXpath)
17:17:41,923 INFO  [BrowserSelenium] EXIT --> (_getByLocator)
17:17:41,943 INFO  [BrowserSelenium] ENTER --> (_getByLocator)
17:17:41,943 INFO  [BrowserSelenium] (_getByLocator) -> Getting locator for null
17:17:41,943 INFO  [BrowserSelenium] (_getByLocator) -> Locator info found for XPATH attribute as: //a[@href='/jbilling/config/index']
17:17:41,943 INFO  [BrowserSelenium] ENTER --> (_parseElementOnXpath)
17:17:41,943 INFO  [BrowserSelenium] (_parseElementOnXpath) -> //a[@href='/jbilling/config/index'] is used
17:17:41,943 INFO  [BrowserSelenium] EXIT --> (_parseElementOnXpath)
17:17:41,943 INFO  [BrowserSelenium] EXIT --> (_getByLocator)
17:17:41,963 INFO  [BrowserSelenium] ENTER --> (_getByLocator)
17:17:41,963 INFO  [BrowserSelenium] (_getByLocator) -> Getting locator for null
17:17:41,963 INFO  [BrowserSelenium] (_getByLocator) -> Locator info found for XPATH attribute as: //a[@href='/jbilling/config/index']
17:17:41,963 INFO  [BrowserSelenium] ENTER --> (_parseElementOnXpath)
17:17:41,963 INFO  [BrowserSelenium] (_parseElementOnXpath) -> //a[@href='/jbilling/config/index'] is used
17:17:41,963 INFO  [BrowserSelenium] EXIT --> (_parseElementOnXpath)
17:17:41,963 INFO  [BrowserSelenium] EXIT --> (_getByLocator)
17:17:41,983 INFO  [BrowserSelenium] ENTER --> (_getByLocator)
17:17:41,983 INFO  [BrowserSelenium] (_getByLocator) -> Getting locator for null
17:17:41,983 INFO  [BrowserSelenium] (_getByLocator) -> Locator info found for XPATH attribute as: //a[@href='/jbilling/config/index']
17:17:41,983 INFO  [BrowserSelenium] ENTER --> (_parseElementOnXpath)
17:17:41,983 INFO  [BrowserSelenium] (_parseElementOnXpath) -> //a[@href='/jbilling/config/index'] is used
17:17:41,983 INFO  [BrowserSelenium] EXIT --> (_parseElementOnXpath)
17:17:41,983 INFO  [BrowserSelenium] EXIT --> (_getByLocator)
17:17:42,003 INFO  [BrowserSelenium] ENTER --> (_getByLocator)
17:17:42,003 INFO  [BrowserSelenium] (_getByLocator) -> Getting locator for null
17:17:42,003 INFO  [BrowserSelenium] (_getByLocator) -> Locator info found for XPATH attribute as: //a[@href='/jbilling/config/index']
17:17:42,003 INFO  [BrowserSelenium] ENTER --> (_parseElementOnXpath)
17:17:42,003 INFO  [BrowserSelenium] (_parseElementOnXpath) -> //a[@href='/jbilling/config/index'] is used
17:17:42,003 INFO  [BrowserSelenium] EXIT --> (_parseElementOnXpath)
17:17:42,003 INFO  [BrowserSelenium] EXIT --> (_getByLocator)
17:17:42,023 INFO  [BrowserSelenium] ENTER --> (_getByLocator)
17:17:42,023 INFO  [BrowserSelenium] (_getByLocator) -> Getting locator for null
17:17:42,023 INFO  [BrowserSelenium] (_getByLocator) -> Locator info found for XPATH attribute as: //a[@href='/jbilling/config/index']
17:17:42,033 INFO  [BrowserSelenium] ENTER --> (_parseElementOnXpath)
17:17:42,033 INFO  [BrowserSelenium] (_parseElementOnXpath) -> //a[@href='/jbilling/config/index'] is used
17:17:42,033 INFO  [BrowserSelenium] EXIT --> (_parseElementOnXpath)
17:17:42,033 INFO  [BrowserSelenium] EXIT --> (_getByLocator)
17:17:42,043 INFO  [BrowserSelenium] ENTER --> (_getByLocator)
17:17:42,043 INFO  [BrowserSelenium] (_getByLocator) -> Getting locator for null
17:17:42,043 INFO  [BrowserSelenium] (_getByLocator) -> Locator info found for XPATH attribute as: //a[@href='/jbilling/config/index']
17:17:42,043 INFO  [BrowserSelenium] ENTER --> (_parseElementOnXpath)
17:17:42,043 INFO  [BrowserSelenium] (_parseElementOnXpath) -> //a[@href='/jbilling/config/index'] is used
17:17:42,043 INFO  [BrowserSelenium] EXIT --> (_parseElementOnXpath)
17:17:42,043 INFO  [BrowserSelenium] EXIT --> (_getByLocator)
17:17:42,063 INFO  [BrowserSelenium] ENTER --> (_getByLocator)
17:17:42,063 INFO  [BrowserSelenium] (_getByLocator) -> Getting locator for null
17:17:42,063 INFO  [BrowserSelenium] (_getByLocator) -> Locator info found for XPATH attribute as: //a[@href='/jbilling/config/index']
17:17:42,063 INFO  [BrowserSelenium] ENTER --> (_parseElementOnXpath)
17:17:42,063 INFO  [BrowserSelenium] (_parseElementOnXpath) -> //a[@href='/jbilling/config/index'] is used
17:17:42,063 INFO  [BrowserSelenium] EXIT --> (_parseElementOnXpath)
17:17:42,063 INFO  [BrowserSelenium] EXIT --> (_getByLocator)
17:17:42,083 INFO  [BrowserSelenium] ENTER --> (_getByLocator)
17:17:42,083 INFO  [BrowserSelenium] (_getByLocator) -> Getting locator for null
17:17:42,083 INFO  [BrowserSelenium] (_getByLocator) -> Locator info found for XPATH attribute as: //a[@href='/jbilling/config/index']
17:17:42,083 INFO  [BrowserSelenium] ENTER --> (_parseElementOnXpath)
17:17:42,083 INFO  [BrowserSelenium] (_parseElementOnXpath) -> //a[@href='/jbilling/config/index'] is used
17:17:42,083 INFO  [BrowserSelenium] EXIT --> (_parseElementOnXpath)
17:17:42,083 INFO  [BrowserSelenium] EXIT --> (_getByLocator)
17:17:42,103 INFO  [BrowserSelenium] ENTER --> (_getByLocator)
17:17:42,103 INFO  [BrowserSelenium] (_getByLocator) -> Getting locator for null
17:17:42,103 INFO  [BrowserSelenium] (_getByLocator) -> Locator info found for XPATH attribute as: //a[@href='/jbilling/config/index']
17:17:42,103 INFO  [BrowserSelenium] ENTER --> (_parseElementOnXpath)
17:17:42,103 INFO  [BrowserSelenium] (_parseElementOnXpath) -> //a[@href='/jbilling/config/index'] is used
17:17:42,103 INFO  [BrowserSelenium] EXIT --> (_parseElementOnXpath)
17:17:42,103 INFO  [BrowserSelenium] EXIT --> (_getByLocator)
17:17:42,133 INFO  [BrowserSelenium] ENTER --> (_getByLocator)
17:17:42,133 INFO  [BrowserSelenium] (_getByLocator) -> Getting locator for null
17:17:42,133 INFO  [BrowserSelenium] (_getByLocator) -> Locator info found for XPATH attribute as: //a[@href='/jbilling/config/index']
17:17:42,133 INFO  [BrowserSelenium] ENTER --> (_parseElementOnXpath)
17:17:42,133 INFO  [BrowserSelenium] (_parseElementOnXpath) -> //a[@href='/jbilling/config/index'] is used
17:17:42,133 INFO  [BrowserSelenium] EXIT --> (_parseElementOnXpath)
17:17:42,133 INFO  [BrowserSelenium] EXIT --> (_getByLocator)
17:17:42,153 INFO  [BrowserSelenium] ENTER --> (_getByLocator)
17:17:42,153 INFO  [BrowserSelenium] (_getByLocator) -> Getting locator for null
17:17:42,153 INFO  [BrowserSelenium] (_getByLocator) -> Locator info found for XPATH attribute as: //a[@href='/jbilling/config/index']
17:17:42,153 INFO  [BrowserSelenium] ENTER --> (_parseElementOnXpath)
17:17:42,153 INFO  [BrowserSelenium] (_parseElementOnXpath) -> //a[@href='/jbilling/config/index'] is used
17:17:42,153 INFO  [BrowserSelenium] EXIT --> (_parseElementOnXpath)
17:17:42,153 INFO  [BrowserSelenium] EXIT --> (_getByLocator)
17:17:42,173 INFO  [BrowserSelenium] ENTER --> (_getByLocator)
17:17:42,173 INFO  [BrowserSelenium] (_getByLocator) -> Getting locator for null
17:17:42,173 INFO  [BrowserSelenium] (_getByLocator) -> Locator info found for XPATH attribute as: //a[@href='/jbilling/config/index']
17:17:42,173 INFO  [BrowserSelenium] ENTER --> (_parseElementOnXpath)
17:17:42,173 INFO  [BrowserSelenium] (_parseElementOnXpath) -> //a[@href='/jbilling/config/index'] is used
17:17:42,173 INFO  [BrowserSelenium] EXIT --> (_parseElementOnXpath)
17:17:42,173 INFO  [BrowserSelenium] EXIT --> (_getByLocator)
17:17:42,203 INFO  [BrowserSelenium] ENTER --> (_getByLocator)
17:17:42,203 INFO  [BrowserSelenium] (_getByLocator) -> Getting locator for null
17:17:42,203 INFO  [BrowserSelenium] (_getByLocator) -> Locator info found for XPATH attribute as: //a[@href='/jbilling/config/index']
17:17:42,203 INFO  [BrowserSelenium] ENTER --> (_parseElementOnXpath)
17:17:42,203 INFO  [BrowserSelenium] (_parseElementOnXpath) -> //a[@href='/jbilling/config/index'] is used
17:17:42,203 INFO  [BrowserSelenium] EXIT --> (_parseElementOnXpath)
17:17:42,203 INFO  [BrowserSelenium] EXIT --> (_getByLocator)
17:17:42,223 INFO  [BrowserSelenium] ENTER --> (_getByLocator)
17:17:42,223 INFO  [BrowserSelenium] (_getByLocator) -> Getting locator for null
17:17:42,223 INFO  [BrowserSelenium] (_getByLocator) -> Locator info found for XPATH attribute as: //a[@href='/jbilling/config/index']
17:17:42,223 INFO  [BrowserSelenium] ENTER --> (_parseElementOnXpath)
17:17:42,223 INFO  [BrowserSelenium] (_parseElementOnXpath) -> //a[@href='/jbilling/config/index'] is used
17:17:42,223 INFO  [BrowserSelenium] EXIT --> (_parseElementOnXpath)
17:17:42,223 INFO  [BrowserSelenium] EXIT --> (_getByLocator)
17:17:42,243 INFO  [BrowserSelenium] ENTER --> (_getByLocator)
17:17:42,243 INFO  [BrowserSelenium] (_getByLocator) -> Getting locator for null
17:17:42,243 INFO  [BrowserSelenium] (_getByLocator) -> Locator info found for XPATH attribute as: //a[@href='/jbilling/config/index']
17:17:42,243 INFO  [BrowserSelenium] ENTER --> (_parseElementOnXpath)
17:17:42,243 INFO  [BrowserSelenium] (_parseElementOnXpath) -> //a[@href='/jbilling/config/index'] is used
17:17:42,243 INFO  [BrowserSelenium] EXIT --> (_parseElementOnXpath)
17:17:42,243 INFO  [BrowserSelenium] EXIT --> (_getByLocator)
17:17:42,253 INFO  [BrowserSelenium] ENTER --> (_getByLocator)
17:17:42,253 INFO  [BrowserSelenium] (_getByLocator) -> Getting locator for null
17:17:42,263 INFO  [BrowserSelenium] (_getByLocator) -> Locator info found for XPATH attribute as: //a[@href='/jbilling/config/index']
17:17:42,263 INFO  [BrowserSelenium] ENTER --> (_parseElementOnXpath)
17:17:42,263 INFO  [BrowserSelenium] (_parseElementOnXpath) -> //a[@href='/jbilling/config/index'] is used
17:17:42,263 INFO  [BrowserSelenium] EXIT --> (_parseElementOnXpath)
17:17:42,263 INFO  [BrowserSelenium] EXIT --> (_getByLocator)
17:17:42,273 INFO  [BrowserSelenium] ENTER --> (_getByLocator)
17:17:42,273 INFO  [BrowserSelenium] (_getByLocator) -> Getting locator for null
17:17:42,273 INFO  [BrowserSelenium] (_getByLocator) -> Locator info found for XPATH attribute as: //a[@href='/jbilling/config/index']
17:17:42,273 INFO  [BrowserSelenium] ENTER --> (_parseElementOnXpath)
17:17:42,273 INFO  [BrowserSelenium] (_parseElementOnXpath) -> //a[@href='/jbilling/config/index'] is used
17:17:42,273 INFO  [BrowserSelenium] EXIT --> (_parseElementOnXpath)
17:17:42,283 INFO  [BrowserSelenium] EXIT --> (_getByLocator)
17:17:42,293 INFO  [BrowserSelenium] ENTER --> (_getByLocator)
17:17:42,293 INFO  [BrowserSelenium] (_getByLocator) -> Getting locator for null
17:17:42,293 INFO  [BrowserSelenium] (_getByLocator) -> Locator info found for XPATH attribute as: //a[@href='/jbilling/config/index']
17:17:42,293 INFO  [BrowserSelenium] ENTER --> (_parseElementOnXpath)
17:17:42,293 INFO  [BrowserSelenium] (_parseElementOnXpath) -> //a[@href='/jbilling/config/index'] is used
17:17:42,293 INFO  [BrowserSelenium] EXIT --> (_parseElementOnXpath)
17:17:42,293 INFO  [BrowserSelenium] EXIT --> (_getByLocator)
17:17:42,313 INFO  [BrowserSelenium] ENTER --> (_getByLocator)
17:17:42,313 INFO  [BrowserSelenium] (_getByLocator) -> Getting locator for null
17:17:42,313 INFO  [BrowserSelenium] (_getByLocator) -> Locator info found for XPATH attribute as: //a[@href='/jbilling/config/index']
17:17:42,313 INFO  [BrowserSelenium] ENTER --> (_parseElementOnXpath)
17:17:42,313 INFO  [BrowserSelenium] (_parseElementOnXpath) -> //a[@href='/jbilling/config/index'] is used
17:17:42,313 INFO  [BrowserSelenium] EXIT --> (_parseElementOnXpath)
17:17:42,313 INFO  [BrowserSelenium] EXIT --> (_getByLocator)
17:17:42,333 INFO  [BrowserSelenium] ENTER --> (_getByLocator)
17:17:42,333 INFO  [BrowserSelenium] (_getByLocator) -> Getting locator for null
17:17:42,333 INFO  [BrowserSelenium] (_getByLocator) -> Locator info found for XPATH attribute as: //a[@href='/jbilling/config/index']
17:17:42,333 INFO  [BrowserSelenium] ENTER --> (_parseElementOnXpath)
17:17:42,333 INFO  [BrowserSelenium] (_parseElementOnXpath) -> //a[@href='/jbilling/config/index'] is used
17:17:42,333 INFO  [BrowserSelenium] EXIT --> (_parseElementOnXpath)
17:17:42,343 INFO  [BrowserSelenium] EXIT --> (_getByLocator)
17:17:42,353 INFO  [BrowserSelenium] ENTER --> (_getByLocator)
17:17:42,353 INFO  [BrowserSelenium] (_getByLocator) -> Getting locator for null
17:17:42,353 INFO  [BrowserSelenium] (_getByLocator) -> Locator info found for XPATH attribute as: //a[@href='/jbilling/config/index']
17:17:42,353 INFO  [BrowserSelenium] ENTER --> (_parseElementOnXpath)
17:17:42,353 INFO  [BrowserSelenium] (_parseElementOnXpath) -> //a[@href='/jbilling/config/index'] is used
17:17:42,353 INFO  [BrowserSelenium] EXIT --> (_parseElementOnXpath)
17:17:42,353 INFO  [BrowserSelenium] EXIT --> (_getByLocator)
17:17:42,373 INFO  [BrowserSelenium] ENTER --> (_getByLocator)
17:17:42,373 INFO  [BrowserSelenium] (_getByLocator) -> Getting locator for null
17:17:42,373 INFO  [BrowserSelenium] (_getByLocator) -> Locator info found for XPATH attribute as: //a[@href='/jbilling/config/index']
17:17:42,373 INFO  [BrowserSelenium] ENTER --> (_parseElementOnXpath)
17:17:42,373 INFO  [BrowserSelenium] (_parseElementOnXpath) -> //a[@href='/jbilling/config/index'] is used
17:17:42,383 INFO  [BrowserSelenium] EXIT --> (_parseElementOnXpath)
17:17:42,383 INFO  [BrowserSelenium] EXIT --> (_getByLocator)
17:17:42,403 INFO  [BrowserSelenium] ENTER --> (_getByLocator)
17:17:42,403 INFO  [BrowserSelenium] (_getByLocator) -> Getting locator for null
17:17:42,403 INFO  [BrowserSelenium] (_getByLocator) -> Locator info found for XPATH attribute as: //a[@href='/jbilling/config/index']
17:17:42,403 INFO  [BrowserSelenium] ENTER --> (_parseElementOnXpath)
17:17:42,403 INFO  [BrowserSelenium] (_parseElementOnXpath) -> //a[@href='/jbilling/config/index'] is used
17:17:42,403 INFO  [BrowserSelenium] EXIT --> (_parseElementOnXpath)
17:17:42,403 INFO  [BrowserSelenium] EXIT --> (_getByLocator)
17:17:42,413 INFO  [BrowserSelenium] ENTER --> (_getByLocator)
17:17:42,413 INFO  [BrowserSelenium] (_getByLocator) -> Getting locator for null
17:17:42,413 INFO  [BrowserSelenium] (_getByLocator) -> Locator info found for XPATH attribute as: //a[@href='/jbilling/config/index']
17:17:42,413 INFO  [BrowserSelenium] ENTER --> (_parseElementOnXpath)
17:17:42,413 INFO  [BrowserSelenium] (_parseElementOnXpath) -> //a[@href='/jbilling/config/index'] is used
17:17:42,413 INFO  [BrowserSelenium] EXIT --> (_parseElementOnXpath)
17:17:42,413 INFO  [BrowserSelenium] EXIT --> (_getByLocator)
17:17:42,443 INFO  [BrowserSelenium] ENTER --> (_getByLocator)
17:17:42,443 INFO  [BrowserSelenium] (_getByLocator) -> Getting locator for null
17:17:42,443 INFO  [BrowserSelenium] (_getByLocator) -> Locator info found for XPATH attribute as: //a[@href='/jbilling/config/index']
17:17:42,443 INFO  [BrowserSelenium] ENTER --> (_parseElementOnXpath)
17:17:42,443 INFO  [BrowserSelenium] (_parseElementOnXpath) -> //a[@href='/jbilling/config/index'] is used
17:17:42,443 INFO  [BrowserSelenium] EXIT --> (_parseElementOnXpath)
17:17:42,443 INFO  [BrowserSelenium] EXIT --> (_getByLocator)
17:17:42,463 INFO  [BrowserSelenium] ENTER --> (_getByLocator)
17:17:42,463 INFO  [BrowserSelenium] (_getByLocator) -> Getting locator for null
17:17:42,463 INFO  [BrowserSelenium] (_getByLocator) -> Locator info found for XPATH attribute as: //a[@href='/jbilling/config/index']
17:17:42,463 INFO  [BrowserSelenium] ENTER --> (_parseElementOnXpath)
17:17:42,463 INFO  [BrowserSelenium] (_parseElementOnXpath) -> //a[@href='/jbilling/config/index'] is used
17:17:42,463 INFO  [BrowserSelenium] EXIT --> (_parseElementOnXpath)
17:17:42,463 INFO  [BrowserSelenium] EXIT --> (_getByLocator)
17:17:42,483 INFO  [BrowserSelenium] ENTER --> (_getByLocator)
17:17:42,483 INFO  [BrowserSelenium] (_getByLocator) -> Getting locator for null
17:17:42,483 INFO  [BrowserSelenium] (_getByLocator) -> Locator info found for XPATH attribute as: //a[@href='/jbilling/config/index']
17:17:42,483 INFO  [BrowserSelenium] ENTER --> (_parseElementOnXpath)
17:17:42,483 INFO  [BrowserSelenium] (_parseElementOnXpath) -> //a[@href='/jbilling/config/index'] is used
17:17:42,483 INFO  [BrowserSelenium] EXIT --> (_parseElementOnXpath)
17:17:42,483 INFO  [BrowserSelenium] EXIT --> (_getByLocator)
17:17:42,503 INFO  [BrowserSelenium] ENTER --> (_getByLocator)
17:17:42,503 INFO  [BrowserSelenium] (_getByLocator) -> Getting locator for null
17:17:42,503 INFO  [BrowserSelenium] (_getByLocator) -> Locator info found for XPATH attribute as: //a[@href='/jbilling/config/index']
17:17:42,503 INFO  [BrowserSelenium] ENTER --> (_parseElementOnXpath)
17:17:42,503 INFO  [BrowserSelenium] (_parseElementOnXpath) -> //a[@href='/jbilling/config/index'] is used
17:17:42,503 INFO  [BrowserSelenium] EXIT --> (_parseElementOnXpath)
17:17:42,513 INFO  [BrowserSelenium] EXIT --> (_getByLocator)
17:17:42,523 INFO  [BrowserSelenium] ENTER --> (_getByLocator)
17:17:42,523 INFO  [BrowserSelenium] (_getByLocator) -> Getting locator for null
17:17:42,523 INFO  [BrowserSelenium] (_getByLocator) -> Locator info found for XPATH attribute as: //a[@href='/jbilling/config/index']
17:17:42,523 INFO  [BrowserSelenium] ENTER --> (_parseElementOnXpath)
17:17:42,523 INFO  [BrowserSelenium] (_parseElementOnXpath) -> //a[@href='/jbilling/config/index'] is used
17:17:42,523 INFO  [BrowserSelenium] EXIT --> (_parseElementOnXpath)
17:17:42,523 INFO  [BrowserSelenium] EXIT --> (_getByLocator)
17:17:42,543 INFO  [BrowserSelenium] ENTER --> (_getByLocator)
17:17:42,543 INFO  [BrowserSelenium] (_getByLocator) -> Getting locator for null
17:17:42,543 INFO  [BrowserSelenium] (_getByLocator) -> Locator info found for XPATH attribute as: //a[@href='/jbilling/config/index']
17:17:42,543 INFO  [BrowserSelenium] ENTER --> (_parseElementOnXpath)
17:17:42,543 INFO  [BrowserSelenium] (_parseElementOnXpath) -> //a[@href='/jbilling/config/index'] is used
17:17:42,543 INFO  [BrowserSelenium] EXIT --> (_parseElementOnXpath)
17:17:42,543 INFO  [BrowserSelenium] EXIT --> (_getByLocator)
17:17:42,563 INFO  [BrowserSelenium] ENTER --> (_getByLocator)
17:17:42,563 INFO  [BrowserSelenium] (_getByLocator) -> Getting locator for null
17:17:42,563 INFO  [BrowserSelenium] (_getByLocator) -> Locator info found for XPATH attribute as: //a[@href='/jbilling/config/index']
17:17:42,563 INFO  [BrowserSelenium] ENTER --> (_parseElementOnXpath)
17:17:42,563 INFO  [BrowserSelenium] (_parseElementOnXpath) -> //a[@href='/jbilling/config/index'] is used
17:17:42,563 INFO  [BrowserSelenium] EXIT --> (_parseElementOnXpath)
17:17:42,563 INFO  [BrowserSelenium] EXIT --> (_getByLocator)
17:17:42,583 INFO  [BrowserSelenium] ENTER --> (_getByLocator)
17:17:42,583 INFO  [BrowserSelenium] (_getByLocator) -> Getting locator for null
17:17:42,583 INFO  [BrowserSelenium] (_getByLocator) -> Locator info found for XPATH attribute as: //a[@href='/jbilling/config/index']
17:17:42,583 INFO  [BrowserSelenium] ENTER --> (_parseElementOnXpath)
17:17:42,583 INFO  [BrowserSelenium] (_parseElementOnXpath) -> //a[@href='/jbilling/config/index'] is used
17:17:42,583 INFO  [BrowserSelenium] EXIT --> (_parseElementOnXpath)
17:17:42,583 INFO  [BrowserSelenium] EXIT --> (_getByLocator)
17:17:42,623 INFO  [BrowserSelenium] ENTER --> (_getByLocator)
17:17:42,623 INFO  [BrowserSelenium] (_getByLocator) -> Getting locator for null
17:17:42,623 INFO  [BrowserSelenium] (_getByLocator) -> Locator info found for XPATH attribute as: //a[@href='/jbilling/config/index']
17:17:42,623 INFO  [BrowserSelenium] ENTER --> (_parseElementOnXpath)
17:17:42,623 INFO  [BrowserSelenium] (_parseElementOnXpath) -> //a[@href='/jbilling/config/index'] is used
17:17:42,623 INFO  [BrowserSelenium] EXIT --> (_parseElementOnXpath)
17:17:42,623 INFO  [BrowserSelenium] EXIT --> (_getByLocator)
17:17:42,643 INFO  [BrowserSelenium] ENTER --> (_getByLocator)
17:17:42,643 INFO  [BrowserSelenium] (_getByLocator) -> Getting locator for null
17:17:42,643 INFO  [BrowserSelenium] (_getByLocator) -> Locator info found for XPATH attribute as: //a[@href='/jbilling/config/index']
17:17:42,643 INFO  [BrowserSelenium] ENTER --> (_parseElementOnXpath)
17:17:42,643 INFO  [BrowserSelenium] (_parseElementOnXpath) -> //a[@href='/jbilling/config/index'] is used
17:17:42,643 INFO  [BrowserSelenium] EXIT --> (_parseElementOnXpath)
17:17:42,643 INFO  [BrowserSelenium] EXIT --> (_getByLocator)
17:17:42,663 INFO  [BrowserSelenium] ENTER --> (_getByLocator)
17:17:42,663 INFO  [BrowserSelenium] (_getByLocator) -> Getting locator for null
17:17:42,673 INFO  [BrowserSelenium] (_getByLocator) -> Locator info found for XPATH attribute as: //a[@href='/jbilling/config/index']
17:17:42,673 INFO  [BrowserSelenium] ENTER --> (_parseElementOnXpath)
17:17:42,673 INFO  [BrowserSelenium] (_parseElementOnXpath) -> //a[@href='/jbilling/config/index'] is used
17:17:42,673 INFO  [BrowserSelenium] EXIT --> (_parseElementOnXpath)
17:17:42,673 INFO  [BrowserSelenium] EXIT --> (_getByLocator)
17:17:42,693 INFO  [BrowserSelenium] ENTER --> (_getByLocator)
17:17:42,693 INFO  [BrowserSelenium] (_getByLocator) -> Getting locator for null
17:17:42,693 INFO  [BrowserSelenium] (_getByLocator) -> Locator info found for XPATH attribute as: //a[@href='/jbilling/config/index']
17:17:42,693 INFO  [BrowserSelenium] ENTER --> (_parseElementOnXpath)
17:17:42,693 INFO  [BrowserSelenium] (_parseElementOnXpath) -> //a[@href='/jbilling/config/index'] is used
17:17:42,693 INFO  [BrowserSelenium] EXIT --> (_parseElementOnXpath)
17:17:42,693 INFO  [BrowserSelenium] EXIT --> (_getByLocator)
17:17:42,713 INFO  [BrowserSelenium] ENTER --> (_getByLocator)
17:17:42,713 INFO  [BrowserSelenium] (_getByLocator) -> Getting locator for null
17:17:42,713 INFO  [BrowserSelenium] (_getByLocator) -> Locator info found for XPATH attribute as: //a[@href='/jbilling/config/index']
17:17:42,713 INFO  [BrowserSelenium] ENTER --> (_parseElementOnXpath)
17:17:42,713 INFO  [BrowserSelenium] (_parseElementOnXpath) -> //a[@href='/jbilling/config/index'] is used
17:17:42,713 INFO  [BrowserSelenium] EXIT --> (_parseElementOnXpath)
17:17:42,713 INFO  [BrowserSelenium] EXIT --> (_getByLocator)
17:17:42,733 INFO  [BrowserSelenium] ENTER --> (_getByLocator)
17:17:42,733 INFO  [BrowserSelenium] (_getByLocator) -> Getting locator for null
17:17:42,733 INFO  [BrowserSelenium] (_getByLocator) -> Locator info found for XPATH attribute as: //a[@href='/jbilling/config/index']
17:17:42,733 INFO  [BrowserSelenium] ENTER --> (_parseElementOnXpath)
17:17:42,733 INFO  [BrowserSelenium] (_parseElementOnXpath) -> //a[@href='/jbilling/config/index'] is used
17:17:42,733 INFO  [BrowserSelenium] EXIT --> (_parseElementOnXpath)
17:17:42,733 INFO  [BrowserSelenium] EXIT --> (_getByLocator)
17:17:42,753 INFO  [BrowserSelenium] ENTER --> (_getByLocator)
17:17:42,753 INFO  [BrowserSelenium] (_getByLocator) -> Getting locator for null
17:17:42,753 INFO  [BrowserSelenium] (_getByLocator) -> Locator info found for XPATH attribute as: //a[@href='/jbilling/config/index']
17:17:42,753 INFO  [BrowserSelenium] ENTER --> (_parseElementOnXpath)
17:17:42,753 INFO  [BrowserSelenium] (_parseElementOnXpath) -> //a[@href='/jbilling/config/index'] is used
17:17:42,753 INFO  [BrowserSelenium] EXIT --> (_parseElementOnXpath)
17:17:42,753 INFO  [BrowserSelenium] EXIT --> (_getByLocator)
17:17:42,763 INFO  [BrowserSelenium] ENTER --> (_getByLocator)
17:17:42,763 INFO  [BrowserSelenium] (_getByLocator) -> Getting locator for null
17:17:42,763 INFO  [BrowserSelenium] (_getByLocator) -> Locator info found for XPATH attribute as: //a[@href='/jbilling/config/index']
17:17:42,763 INFO  [BrowserSelenium] ENTER --> (_parseElementOnXpath)
17:17:42,763 INFO  [BrowserSelenium] (_parseElementOnXpath) -> //a[@href='/jbilling/config/index'] is used
17:17:42,763 INFO  [BrowserSelenium] EXIT --> (_parseElementOnXpath)
17:17:42,763 INFO  [BrowserSelenium] EXIT --> (_getByLocator)
17:17:42,783 INFO  [BrowserSelenium] ENTER --> (_getByLocator)
17:17:42,783 INFO  [BrowserSelenium] (_getByLocator) -> Getting locator for null
17:17:42,783 INFO  [BrowserSelenium] (_getByLocator) -> Locator info found for XPATH attribute as: //a[@href='/jbilling/config/index']
17:17:42,783 INFO  [BrowserSelenium] ENTER --> (_parseElementOnXpath)
17:17:42,783 INFO  [BrowserSelenium] (_parseElementOnXpath) -> //a[@href='/jbilling/config/index'] is used
17:17:42,783 INFO  [BrowserSelenium] EXIT --> (_parseElementOnXpath)
17:17:42,783 INFO  [BrowserSelenium] EXIT --> (_getByLocator)
17:17:42,804 INFO  [BrowserSelenium] ENTER --> (_getByLocator)
17:17:42,804 INFO  [BrowserSelenium] (_getByLocator) -> Getting locator for null
17:17:42,804 INFO  [BrowserSelenium] (_getByLocator) -> Locator info found for XPATH attribute as: //a[@href='/jbilling/config/index']
17:17:42,804 INFO  [BrowserSelenium] ENTER --> (_parseElementOnXpath)
17:17:42,804 INFO  [BrowserSelenium] (_parseElementOnXpath) -> //a[@href='/jbilling/config/index'] is used
17:17:42,804 INFO  [BrowserSelenium] EXIT --> (_parseElementOnXpath)
17:17:42,804 INFO  [BrowserSelenium] EXIT --> (_getByLocator)
17:17:42,824 INFO  [BrowserSelenium] ENTER --> (_getByLocator)
17:17:42,824 INFO  [BrowserSelenium] (_getByLocator) -> Getting locator for null
17:17:42,824 INFO  [BrowserSelenium] (_getByLocator) -> Locator info found for XPATH attribute as: //a[@href='/jbilling/config/index']
17:17:42,824 INFO  [BrowserSelenium] ENTER --> (_parseElementOnXpath)
17:17:42,824 INFO  [BrowserSelenium] (_parseElementOnXpath) -> //a[@href='/jbilling/config/index'] is used
17:17:42,824 INFO  [BrowserSelenium] EXIT --> (_parseElementOnXpath)
17:17:42,824 INFO  [BrowserSelenium] EXIT --> (_getByLocator)
17:17:42,844 INFO  [BrowserSelenium] ENTER --> (_getByLocator)
17:17:42,844 INFO  [BrowserSelenium] (_getByLocator) -> Getting locator for null
17:17:42,844 INFO  [BrowserSelenium] (_getByLocator) -> Locator info found for XPATH attribute as: //a[@href='/jbilling/config/index']
17:17:42,844 INFO  [BrowserSelenium] ENTER --> (_parseElementOnXpath)
17:17:42,844 INFO  [BrowserSelenium] (_parseElementOnXpath) -> //a[@href='/jbilling/config/index'] is used
17:17:42,844 INFO  [BrowserSelenium] EXIT --> (_parseElementOnXpath)
17:17:42,844 INFO  [BrowserSelenium] EXIT --> (_getByLocator)
17:17:42,864 INFO  [BrowserSelenium] ENTER --> (_getByLocator)
17:17:42,864 INFO  [BrowserSelenium] (_getByLocator) -> Getting locator for null
17:17:42,864 INFO  [BrowserSelenium] (_getByLocator) -> Locator info found for XPATH attribute as: //a[@href='/jbilling/config/index']
17:17:42,864 INFO  [BrowserSelenium] ENTER --> (_parseElementOnXpath)
17:17:42,864 INFO  [BrowserSelenium] (_parseElementOnXpath) -> //a[@href='/jbilling/config/index'] is used
17:17:42,864 INFO  [BrowserSelenium] EXIT --> (_parseElementOnXpath)
17:17:42,864 INFO  [BrowserSelenium] EXIT --> (_getByLocator)
17:17:42,884 INFO  [BrowserSelenium] ENTER --> (_getByLocator)
17:17:42,884 INFO  [BrowserSelenium] (_getByLocator) -> Getting locator for null
17:17:42,884 INFO  [BrowserSelenium] (_getByLocator) -> Locator info found for XPATH attribute as: //a[@href='/jbilling/config/index']
17:17:42,884 INFO  [BrowserSelenium] ENTER --> (_parseElementOnXpath)
17:17:42,884 INFO  [BrowserSelenium] (_parseElementOnXpath) -> //a[@href='/jbilling/config/index'] is used
17:17:42,884 INFO  [BrowserSelenium] EXIT --> (_parseElementOnXpath)
17:17:42,884 INFO  [BrowserSelenium] EXIT --> (_getByLocator)
17:17:42,904 INFO  [BrowserSelenium] ENTER --> (_getByLocator)
17:17:42,904 INFO  [BrowserSelenium] (_getByLocator) -> Getting locator for null
17:17:42,904 INFO  [BrowserSelenium] (_getByLocator) -> Locator info found for XPATH attribute as: //a[@href='/jbilling/config/index']
17:17:42,904 INFO  [BrowserSelenium] ENTER --> (_parseElementOnXpath)
17:17:42,904 INFO  [BrowserSelenium] (_parseElementOnXpath) -> //a[@href='/jbilling/config/index'] is used
17:17:42,904 INFO  [BrowserSelenium] EXIT --> (_parseElementOnXpath)
17:17:42,904 INFO  [BrowserSelenium] EXIT --> (_getByLocator)
17:17:42,924 INFO  [BrowserSelenium] ENTER --> (_getByLocator)
17:17:42,924 INFO  [BrowserSelenium] (_getByLocator) -> Getting locator for null
17:17:42,924 INFO  [BrowserSelenium] (_getByLocator) -> Locator info found for XPATH attribute as: //a[@href='/jbilling/config/index']
17:17:42,924 INFO  [BrowserSelenium] ENTER --> (_parseElementOnXpath)
17:17:42,924 INFO  [BrowserSelenium] (_parseElementOnXpath) -> //a[@href='/jbilling/config/index'] is used
17:17:42,924 INFO  [BrowserSelenium] EXIT --> (_parseElementOnXpath)
17:17:42,924 INFO  [BrowserSelenium] EXIT --> (_getByLocator)
17:17:42,944 INFO  [BrowserSelenium] ENTER --> (_getByLocator)
17:17:42,944 INFO  [BrowserSelenium] (_getByLocator) -> Getting locator for null
17:17:42,944 INFO  [BrowserSelenium] (_getByLocator) -> Locator info found for XPATH attribute as: //a[@href='/jbilling/config/index']
17:17:42,944 INFO  [BrowserSelenium] ENTER --> (_parseElementOnXpath)
17:17:42,944 INFO  [BrowserSelenium] (_parseElementOnXpath) -> //a[@href='/jbilling/config/index'] is used
17:17:42,944 INFO  [BrowserSelenium] EXIT --> (_parseElementOnXpath)
17:17:42,944 INFO  [BrowserSelenium] EXIT --> (_getByLocator)
17:17:42,954 INFO  [BrowserSelenium] ENTER --> (_getByLocator)
17:17:42,964 INFO  [BrowserSelenium] (_getByLocator) -> Getting locator for null
17:17:42,964 INFO  [BrowserSelenium] (_getByLocator) -> Locator info found for XPATH attribute as: //a[@href='/jbilling/config/index']
17:17:42,964 INFO  [BrowserSelenium] ENTER --> (_parseElementOnXpath)
17:17:42,964 INFO  [BrowserSelenium] (_parseElementOnXpath) -> //a[@href='/jbilling/config/index'] is used
17:17:42,964 INFO  [BrowserSelenium] EXIT --> (_parseElementOnXpath)
17:17:42,964 INFO  [BrowserSelenium] EXIT --> (_getByLocator)
17:17:42,974 INFO  [BrowserSelenium] ENTER --> (_getByLocator)
17:17:42,974 INFO  [BrowserSelenium] (_getByLocator) -> Getting locator for null
17:17:42,974 INFO  [BrowserSelenium] (_getByLocator) -> Locator info found for XPATH attribute as: //a[@href='/jbilling/config/index']
17:17:42,974 INFO  [BrowserSelenium] ENTER --> (_parseElementOnXpath)
17:17:42,974 INFO  [BrowserSelenium] (_parseElementOnXpath) -> //a[@href='/jbilling/config/index'] is used
17:17:42,974 INFO  [BrowserSelenium] EXIT --> (_parseElementOnXpath)
17:17:42,974 INFO  [BrowserSelenium] EXIT --> (_getByLocator)
17:17:42,994 INFO  [BrowserSelenium] ENTER --> (_getByLocator)
17:17:42,994 INFO  [BrowserSelenium] (_getByLocator) -> Getting locator for null
17:17:42,994 INFO  [BrowserSelenium] (_getByLocator) -> Locator info found for XPATH attribute as: //a[@href='/jbilling/config/index']
17:17:42,994 INFO  [BrowserSelenium] ENTER --> (_parseElementOnXpath)
17:17:42,994 INFO  [BrowserSelenium] (_parseElementOnXpath) -> //a[@href='/jbilling/config/index'] is used
17:17:42,994 INFO  [BrowserSelenium] EXIT --> (_parseElementOnXpath)
17:17:42,994 INFO  [BrowserSelenium] EXIT --> (_getByLocator)
17:17:43,024 INFO  [BrowserSelenium] ENTER --> (_getByLocator)
17:17:43,024 INFO  [BrowserSelenium] (_getByLocator) -> Getting locator for null
17:17:43,024 INFO  [BrowserSelenium] (_getByLocator) -> Locator info found for XPATH attribute as: //a[@href='/jbilling/config/index']
17:17:43,024 INFO  [BrowserSelenium] ENTER --> (_parseElementOnXpath)
17:17:43,024 INFO  [BrowserSelenium] (_parseElementOnXpath) -> //a[@href='/jbilling/config/index'] is used
17:17:43,024 INFO  [BrowserSelenium] EXIT --> (_parseElementOnXpath)
17:17:43,024 INFO  [BrowserSelenium] EXIT --> (_getByLocator)
17:17:43,054 INFO  [BrowserSelenium] ENTER --> (_getByLocator)
17:17:43,054 INFO  [BrowserSelenium] (_getByLocator) -> Getting locator for null
17:17:43,054 INFO  [BrowserSelenium] (_getByLocator) -> Locator info found for XPATH attribute as: //a[@href='/jbilling/config/index']
17:17:43,054 INFO  [BrowserSelenium] ENTER --> (_parseElementOnXpath)
17:17:43,054 INFO  [BrowserSelenium] (_parseElementOnXpath) -> //a[@href='/jbilling/config/index'] is used
17:17:43,054 INFO  [BrowserSelenium] EXIT --> (_parseElementOnXpath)
17:17:43,054 INFO  [BrowserSelenium] EXIT --> (_getByLocator)
17:17:43,074 INFO  [BrowserSelenium] ENTER --> (_getByLocator)
17:17:43,074 INFO  [BrowserSelenium] (_getByLocator) -> Getting locator for null
17:17:43,074 INFO  [BrowserSelenium] (_getByLocator) -> Locator info found for XPATH attribute as: //a[@href='/jbilling/config/index']
17:17:43,074 INFO  [BrowserSelenium] ENTER --> (_parseElementOnXpath)
17:17:43,074 INFO  [BrowserSelenium] (_parseElementOnXpath) -> //a[@href='/jbilling/config/index'] is used
17:17:43,074 INFO  [BrowserSelenium] EXIT --> (_parseElementOnXpath)
17:17:43,074 INFO  [BrowserSelenium] EXIT --> (_getByLocator)
17:17:43,094 INFO  [BrowserSelenium] ENTER --> (_getByLocator)
17:17:43,094 INFO  [BrowserSelenium] (_getByLocator) -> Getting locator for null
17:17:43,094 INFO  [BrowserSelenium] (_getByLocator) -> Locator info found for XPATH attribute as: //a[@href='/jbilling/config/index']
17:17:43,094 INFO  [BrowserSelenium] ENTER --> (_parseElementOnXpath)
17:17:43,094 INFO  [BrowserSelenium] (_parseElementOnXpath) -> //a[@href='/jbilling/config/index'] is used
17:17:43,094 INFO  [BrowserSelenium] EXIT --> (_parseElementOnXpath)
17:17:43,094 INFO  [BrowserSelenium] EXIT --> (_getByLocator)
17:17:43,114 INFO  [BrowserSelenium] ENTER --> (_getByLocator)
17:17:43,114 INFO  [BrowserSelenium] (_getByLocator) -> Getting locator for null
17:17:43,114 INFO  [BrowserSelenium] (_getByLocator) -> Locator info found for XPATH attribute as: //a[@href='/jbilling/config/index']
17:17:43,114 INFO  [BrowserSelenium] ENTER --> (_parseElementOnXpath)
17:17:43,114 INFO  [BrowserSelenium] (_parseElementOnXpath) -> //a[@href='/jbilling/config/index'] is used
17:17:43,114 INFO  [BrowserSelenium] EXIT --> (_parseElementOnXpath)
17:17:43,114 INFO  [BrowserSelenium] EXIT --> (_getByLocator)
17:17:43,134 INFO  [BrowserSelenium] ENTER --> (_getByLocator)
17:17:43,134 INFO  [BrowserSelenium] (_getByLocator) -> Getting locator for null
17:17:43,134 INFO  [BrowserSelenium] (_getByLocator) -> Locator info found for XPATH attribute as: //a[@href='/jbilling/config/index']
17:17:43,134 INFO  [BrowserSelenium] ENTER --> (_parseElementOnXpath)
17:17:43,134 INFO  [BrowserSelenium] (_parseElementOnXpath) -> //a[@href='/jbilling/config/index'] is used
17:17:43,134 INFO  [BrowserSelenium] EXIT --> (_parseElementOnXpath)
17:17:43,134 INFO  [BrowserSelenium] EXIT --> (_getByLocator)
17:17:43,154 INFO  [BrowserSelenium] ENTER --> (_getByLocator)
17:17:43,154 INFO  [BrowserSelenium] (_getByLocator) -> Getting locator for null
17:17:43,154 INFO  [BrowserSelenium] (_getByLocator) -> Locator info found for XPATH attribute as: //a[@href='/jbilling/config/index']
17:17:43,154 INFO  [BrowserSelenium] ENTER --> (_parseElementOnXpath)
17:17:43,154 INFO  [BrowserSelenium] (_parseElementOnXpath) -> //a[@href='/jbilling/config/index'] is used
17:17:43,154 INFO  [BrowserSelenium] EXIT --> (_parseElementOnXpath)
17:17:43,154 INFO  [BrowserSelenium] EXIT --> (_getByLocator)
17:17:43,174 INFO  [BrowserSelenium] ENTER --> (_getByLocator)
17:17:43,174 INFO  [BrowserSelenium] (_getByLocator) -> Getting locator for null
17:17:43,174 INFO  [BrowserSelenium] (_getByLocator) -> Locator info found for XPATH attribute as: //a[@href='/jbilling/config/index']
17:17:43,174 INFO  [BrowserSelenium] ENTER --> (_parseElementOnXpath)
17:17:43,174 INFO  [BrowserSelenium] (_parseElementOnXpath) -> //a[@href='/jbilling/config/index'] is used
17:17:43,174 INFO  [BrowserSelenium] EXIT --> (_parseElementOnXpath)
17:17:43,174 INFO  [BrowserSelenium] EXIT --> (_getByLocator)
17:17:43,194 INFO  [BrowserSelenium] ENTER --> (_getByLocator)
17:17:43,194 INFO  [BrowserSelenium] (_getByLocator) -> Getting locator for null
17:17:43,194 INFO  [BrowserSelenium] (_getByLocator) -> Locator info found for XPATH attribute as: //a[@href='/jbilling/config/index']
17:17:43,194 INFO  [BrowserSelenium] ENTER --> (_parseElementOnXpath)
17:17:43,194 INFO  [BrowserSelenium] (_parseElementOnXpath) -> //a[@href='/jbilling/config/index'] is used
17:17:43,194 INFO  [BrowserSelenium] EXIT --> (_parseElementOnXpath)
17:17:43,194 INFO  [BrowserSelenium] EXIT --> (_getByLocator)
17:17:43,214 INFO  [BrowserSelenium] ENTER --> (_getByLocator)
17:17:43,214 INFO  [BrowserSelenium] (_getByLocator) -> Getting locator for null
17:17:43,214 INFO  [BrowserSelenium] (_getByLocator) -> Locator info found for XPATH attribute as: //a[@href='/jbilling/config/index']
17:17:43,214 INFO  [BrowserSelenium] ENTER --> (_parseElementOnXpath)
17:17:43,214 INFO  [BrowserSelenium] (_parseElementOnXpath) -> //a[@href='/jbilling/config/index'] is used
17:17:43,214 INFO  [BrowserSelenium] EXIT --> (_parseElementOnXpath)
17:17:43,214 INFO  [BrowserSelenium] EXIT --> (_getByLocator)
17:17:43,224 INFO  [BrowserSelenium] ENTER --> (_getByLocator)
17:17:43,224 INFO  [BrowserSelenium] (_getByLocator) -> Getting locator for null
17:17:43,224 INFO  [BrowserSelenium] (_getByLocator) -> Locator info found for XPATH attribute as: //a[@href='/jbilling/config/index']
17:17:43,224 INFO  [BrowserSelenium] ENTER --> (_parseElementOnXpath)
17:17:43,224 INFO  [BrowserSelenium] (_parseElementOnXpath) -> //a[@href='/jbilling/config/index'] is used
17:17:43,224 INFO  [BrowserSelenium] EXIT --> (_parseElementOnXpath)
17:17:43,224 INFO  [BrowserSelenium] EXIT --> (_getByLocator)
17:17:43,244 INFO  [BrowserSelenium] ENTER --> (_getByLocator)
17:17:43,244 INFO  [BrowserSelenium] (_getByLocator) -> Getting locator for null
17:17:43,244 INFO  [BrowserSelenium] (_getByLocator) -> Locator info found for XPATH attribute as: //a[@href='/jbilling/config/index']
17:17:43,244 INFO  [BrowserSelenium] ENTER --> (_parseElementOnXpath)
17:17:43,244 INFO  [BrowserSelenium] (_parseElementOnXpath) -> //a[@href='/jbilling/config/index'] is used
17:17:43,244 INFO  [BrowserSelenium] EXIT --> (_parseElementOnXpath)
17:17:43,244 INFO  [BrowserSelenium] EXIT --> (_getByLocator)
17:17:43,274 INFO  [BrowserSelenium] ENTER --> (_getByLocator)
17:17:43,274 INFO  [BrowserSelenium] (_getByLocator) -> Getting locator for null
17:17:43,274 INFO  [BrowserSelenium] (_getByLocator) -> Locator info found for XPATH attribute as: //a[@href='/jbilling/config/index']
17:17:43,274 INFO  [BrowserSelenium] ENTER --> (_parseElementOnXpath)
17:17:43,274 INFO  [BrowserSelenium] (_parseElementOnXpath) -> //a[@href='/jbilling/config/index'] is used
17:17:43,274 INFO  [BrowserSelenium] EXIT --> (_parseElementOnXpath)
17:17:43,274 INFO  [BrowserSelenium] EXIT --> (_getByLocator)
17:17:43,284 INFO  [BrowserSelenium] ENTER --> (_getByLocator)
17:17:43,284 INFO  [BrowserSelenium] (_getByLocator) -> Getting locator for null
17:17:43,284 INFO  [BrowserSelenium] (_getByLocator) -> Locator info found for XPATH attribute as: //a[@href='/jbilling/config/index']
17:17:43,284 INFO  [BrowserSelenium] ENTER --> (_parseElementOnXpath)
17:17:43,284 INFO  [BrowserSelenium] (_parseElementOnXpath) -> //a[@href='/jbilling/config/index'] is used
17:17:43,284 INFO  [BrowserSelenium] EXIT --> (_parseElementOnXpath)
17:17:43,284 INFO  [BrowserSelenium] EXIT --> (_getByLocator)
17:17:43,304 INFO  [BrowserSelenium] ENTER --> (_getByLocator)
17:17:43,304 INFO  [BrowserSelenium] (_getByLocator) -> Getting locator for null
17:17:43,304 INFO  [BrowserSelenium] (_getByLocator) -> Locator info found for XPATH attribute as: //a[@href='/jbilling/config/index']
17:17:43,304 INFO  [BrowserSelenium] ENTER --> (_parseElementOnXpath)
17:17:43,304 INFO  [BrowserSelenium] (_parseElementOnXpath) -> //a[@href='/jbilling/config/index'] is used
17:17:43,304 INFO  [BrowserSelenium] EXIT --> (_parseElementOnXpath)
17:17:43,304 INFO  [BrowserSelenium] EXIT --> (_getByLocator)
17:17:43,324 INFO  [BrowserSelenium] ENTER --> (_getByLocator)
17:17:43,324 INFO  [BrowserSelenium] (_getByLocator) -> Getting locator for null
17:17:43,324 INFO  [BrowserSelenium] (_getByLocator) -> Locator info found for XPATH attribute as: //a[@href='/jbilling/config/index']
17:17:43,324 INFO  [BrowserSelenium] ENTER --> (_parseElementOnXpath)
17:17:43,324 INFO  [BrowserSelenium] (_parseElementOnXpath) -> //a[@href='/jbilling/config/index'] is used
17:17:43,324 INFO  [BrowserSelenium] EXIT --> (_parseElementOnXpath)
17:17:43,324 INFO  [BrowserSelenium] EXIT --> (_getByLocator)
17:17:43,344 INFO  [BrowserSelenium] ENTER --> (_getByLocator)
17:17:43,344 INFO  [BrowserSelenium] (_getByLocator) -> Getting locator for null
17:17:43,344 INFO  [BrowserSelenium] (_getByLocator) -> Locator info found for XPATH attribute as: //a[@href='/jbilling/config/index']
17:17:43,344 INFO  [BrowserSelenium] ENTER --> (_parseElementOnXpath)
17:17:43,344 INFO  [BrowserSelenium] (_parseElementOnXpath) -> //a[@href='/jbilling/config/index'] is used
17:17:43,344 INFO  [BrowserSelenium] EXIT --> (_parseElementOnXpath)
17:17:43,344 INFO  [BrowserSelenium] EXIT --> (_getByLocator)
17:17:43,364 INFO  [BrowserSelenium] ENTER --> (_getByLocator)
17:17:43,364 INFO  [BrowserSelenium] (_getByLocator) -> Getting locator for null
17:17:43,364 INFO  [BrowserSelenium] (_getByLocator) -> Locator info found for XPATH attribute as: //a[@href='/jbilling/config/index']
17:17:43,364 INFO  [BrowserSelenium] ENTER --> (_parseElementOnXpath)
17:17:43,364 INFO  [BrowserSelenium] (_parseElementOnXpath) -> //a[@href='/jbilling/config/index'] is used
17:17:43,364 INFO  [BrowserSelenium] EXIT --> (_parseElementOnXpath)
17:17:43,364 INFO  [BrowserSelenium] EXIT --> (_getByLocator)
17:17:43,384 INFO  [BrowserSelenium] ENTER --> (_getByLocator)
17:17:43,384 INFO  [BrowserSelenium] (_getByLocator) -> Getting locator for null
17:17:43,384 INFO  [BrowserSelenium] (_getByLocator) -> Locator info found for XPATH attribute as: //a[@href='/jbilling/config/index']
17:17:43,384 INFO  [BrowserSelenium] ENTER --> (_parseElementOnXpath)
17:17:43,384 INFO  [BrowserSelenium] (_parseElementOnXpath) -> //a[@href='/jbilling/config/index'] is used
17:17:43,384 INFO  [BrowserSelenium] EXIT --> (_parseElementOnXpath)
17:17:43,384 INFO  [BrowserSelenium] EXIT --> (_getByLocator)
17:17:43,404 INFO  [BrowserSelenium] ENTER --> (_getByLocator)
17:17:43,404 INFO  [BrowserSelenium] (_getByLocator) -> Getting locator for null
17:17:43,404 INFO  [BrowserSelenium] (_getByLocator) -> Locator info found for XPATH attribute as: //a[@href='/jbilling/config/index']
17:17:43,404 INFO  [BrowserSelenium] ENTER --> (_parseElementOnXpath)
17:17:43,404 INFO  [BrowserSelenium] (_parseElementOnXpath) -> //a[@href='/jbilling/config/index'] is used
17:17:43,404 INFO  [BrowserSelenium] EXIT --> (_parseElementOnXpath)
17:17:43,404 INFO  [BrowserSelenium] EXIT --> (_getByLocator)
17:17:43,434 INFO  [BrowserSelenium] ENTER --> (_getByLocator)
17:17:43,434 INFO  [BrowserSelenium] (_getByLocator) -> Getting locator for null
17:17:43,434 INFO  [BrowserSelenium] (_getByLocator) -> Locator info found for XPATH attribute as: //a[@href='/jbilling/config/index']
17:17:43,434 INFO  [BrowserSelenium] ENTER --> (_parseElementOnXpath)
17:17:43,434 INFO  [BrowserSelenium] (_parseElementOnXpath) -> //a[@href='/jbilling/config/index'] is used
17:17:43,434 INFO  [BrowserSelenium] EXIT --> (_parseElementOnXpath)
17:17:43,434 INFO  [BrowserSelenium] EXIT --> (_getByLocator)
17:17:43,454 INFO  [BrowserSelenium] ENTER --> (_getByLocator)
17:17:43,454 INFO  [BrowserSelenium] (_getByLocator) -> Getting locator for null
17:17:43,454 INFO  [BrowserSelenium] (_getByLocator) -> Locator info found for XPATH attribute as: //a[@href='/jbilling/config/index']
17:17:43,454 INFO  [BrowserSelenium] ENTER --> (_parseElementOnXpath)
17:17:43,454 INFO  [BrowserSelenium] (_parseElementOnXpath) -> //a[@href='/jbilling/config/index'] is used
17:17:43,454 INFO  [BrowserSelenium] EXIT --> (_parseElementOnXpath)
17:17:43,454 INFO  [BrowserSelenium] EXIT --> (_getByLocator)
17:17:43,464 INFO  [BrowserSelenium] ENTER --> (_getByLocator)
17:17:43,464 INFO  [BrowserSelenium] (_getByLocator) -> Getting locator for null
17:17:43,464 INFO  [BrowserSelenium] (_getByLocator) -> Locator info found for XPATH attribute as: //a[@href='/jbilling/config/index']
17:17:43,464 INFO  [BrowserSelenium] ENTER --> (_parseElementOnXpath)
17:17:43,464 INFO  [BrowserSelenium] (_parseElementOnXpath) -> //a[@href='/jbilling/config/index'] is used
17:17:43,464 INFO  [BrowserSelenium] EXIT --> (_parseElementOnXpath)
17:17:43,464 INFO  [BrowserSelenium] EXIT --> (_getByLocator)
17:17:43,484 INFO  [BrowserSelenium] ENTER --> (_getByLocator)
17:17:43,484 INFO  [BrowserSelenium] (_getByLocator) -> Getting locator for null
17:17:43,484 INFO  [BrowserSelenium] (_getByLocator) -> Locator info found for XPATH attribute as: //a[@href='/jbilling/config/index']
17:17:43,484 INFO  [BrowserSelenium] ENTER --> (_parseElementOnXpath)
17:17:43,484 INFO  [BrowserSelenium] (_parseElementOnXpath) -> //a[@href='/jbilling/config/index'] is used
17:17:43,484 INFO  [BrowserSelenium] EXIT --> (_parseElementOnXpath)
17:17:43,484 INFO  [BrowserSelenium] EXIT --> (_getByLocator)
17:17:43,504 INFO  [BrowserSelenium] ENTER --> (_getByLocator)
17:17:43,504 INFO  [BrowserSelenium] (_getByLocator) -> Getting locator for null
17:17:43,504 INFO  [BrowserSelenium] (_getByLocator) -> Locator info found for XPATH attribute as: //a[@href='/jbilling/config/index']
17:17:43,504 INFO  [BrowserSelenium] ENTER --> (_parseElementOnXpath)
17:17:43,504 INFO  [BrowserSelenium] (_parseElementOnXpath) -> //a[@href='/jbilling/config/index'] is used
17:17:43,504 INFO  [BrowserSelenium] EXIT --> (_parseElementOnXpath)
17:17:43,504 INFO  [BrowserSelenium] EXIT --> (_getByLocator)
17:17:43,524 INFO  [BrowserSelenium] ENTER --> (_getByLocator)
17:17:43,524 INFO  [BrowserSelenium] (_getByLocator) -> Getting locator for null
17:17:43,524 INFO  [BrowserSelenium] (_getByLocator) -> Locator info found for XPATH attribute as: //a[@href='/jbilling/config/index']
17:17:43,524 INFO  [BrowserSelenium] ENTER --> (_parseElementOnXpath)
17:17:43,524 INFO  [BrowserSelenium] (_parseElementOnXpath) -> //a[@href='/jbilling/config/index'] is used
17:17:43,524 INFO  [BrowserSelenium] EXIT --> (_parseElementOnXpath)
17:17:43,524 INFO  [BrowserSelenium] EXIT --> (_getByLocator)
17:17:43,544 INFO  [BrowserSelenium] ENTER --> (_getByLocator)
17:17:43,544 INFO  [BrowserSelenium] (_getByLocator) -> Getting locator for null
17:17:43,544 INFO  [BrowserSelenium] (_getByLocator) -> Locator info found for XPATH attribute as: //a[@href='/jbilling/config/index']
17:17:43,544 INFO  [BrowserSelenium] ENTER --> (_parseElementOnXpath)
17:17:43,544 INFO  [BrowserSelenium] (_parseElementOnXpath) -> //a[@href='/jbilling/config/index'] is used
17:17:43,544 INFO  [BrowserSelenium] EXIT --> (_parseElementOnXpath)
17:17:43,544 INFO  [BrowserSelenium] EXIT --> (_getByLocator)
17:17:43,564 INFO  [BrowserSelenium] ENTER --> (_getByLocator)
17:17:43,564 INFO  [BrowserSelenium] (_getByLocator) -> Getting locator for null
17:17:43,564 INFO  [BrowserSelenium] (_getByLocator) -> Locator info found for XPATH attribute as: //a[@href='/jbilling/config/index']
17:17:43,564 INFO  [BrowserSelenium] ENTER --> (_parseElementOnXpath)
17:17:43,564 INFO  [BrowserSelenium] (_parseElementOnXpath) -> //a[@href='/jbilling/config/index'] is used
17:17:43,564 INFO  [BrowserSelenium] EXIT --> (_parseElementOnXpath)
17:17:43,564 INFO  [BrowserSelenium] EXIT --> (_getByLocator)
17:17:43,584 INFO  [BrowserSelenium] ENTER --> (_getByLocator)
17:17:43,584 INFO  [BrowserSelenium] (_getByLocator) -> Getting locator for null
17:17:43,584 INFO  [BrowserSelenium] (_getByLocator) -> Locator info found for XPATH attribute as: //a[@href='/jbilling/config/index']
17:17:43,584 INFO  [BrowserSelenium] ENTER --> (_parseElementOnXpath)
17:17:43,584 INFO  [BrowserSelenium] (_parseElementOnXpath) -> //a[@href='/jbilling/config/index'] is used
17:17:43,584 INFO  [BrowserSelenium] EXIT --> (_parseElementOnXpath)
17:17:43,584 INFO  [BrowserSelenium] EXIT --> (_getByLocator)
17:17:43,604 INFO  [BrowserSelenium] ENTER --> (_getByLocator)
17:17:43,604 INFO  [BrowserSelenium] (_getByLocator) -> Getting locator for null
17:17:43,604 INFO  [BrowserSelenium] (_getByLocator) -> Locator info found for XPATH attribute as: //a[@href='/jbilling/config/index']
17:17:43,604 INFO  [BrowserSelenium] ENTER --> (_parseElementOnXpath)
17:17:43,604 INFO  [BrowserSelenium] (_parseElementOnXpath) -> //a[@href='/jbilling/config/index'] is used
17:17:43,604 INFO  [BrowserSelenium] EXIT --> (_parseElementOnXpath)
17:17:43,604 INFO  [BrowserSelenium] EXIT --> (_getByLocator)
17:17:43,614 INFO  [BrowserSelenium] ENTER --> (_getByLocator)
17:17:43,614 INFO  [BrowserSelenium] (_getByLocator) -> Getting locator for null
17:17:43,614 INFO  [BrowserSelenium] (_getByLocator) -> Locator info found for XPATH attribute as: //a[@href='/jbilling/config/index']
17:17:43,614 INFO  [BrowserSelenium] ENTER --> (_parseElementOnXpath)
17:17:43,614 INFO  [BrowserSelenium] (_parseElementOnXpath) -> //a[@href='/jbilling/config/index'] is used
17:17:43,614 INFO  [BrowserSelenium] EXIT --> (_parseElementOnXpath)
17:17:43,614 INFO  [BrowserSelenium] EXIT --> (_getByLocator)
17:17:43,634 INFO  [BrowserSelenium] ENTER --> (_getByLocator)
17:17:43,634 INFO  [BrowserSelenium] (_getByLocator) -> Getting locator for null
17:17:43,634 INFO  [BrowserSelenium] (_getByLocator) -> Locator info found for XPATH attribute as: //a[@href='/jbilling/config/index']
17:17:43,634 INFO  [BrowserSelenium] ENTER --> (_parseElementOnXpath)
17:17:43,634 INFO  [BrowserSelenium] (_parseElementOnXpath) -> //a[@href='/jbilling/config/index'] is used
17:17:43,634 INFO  [BrowserSelenium] EXIT --> (_parseElementOnXpath)
17:17:43,634 INFO  [BrowserSelenium] EXIT --> (_getByLocator)
17:17:43,654 INFO  [BrowserSelenium] ENTER --> (_getByLocator)
17:17:43,654 INFO  [BrowserSelenium] (_getByLocator) -> Getting locator for null
17:17:43,654 INFO  [BrowserSelenium] (_getByLocator) -> Locator info found for XPATH attribute as: //a[@href='/jbilling/config/index']
17:17:43,654 INFO  [BrowserSelenium] ENTER --> (_parseElementOnXpath)
17:17:43,654 INFO  [BrowserSelenium] (_parseElementOnXpath) -> //a[@href='/jbilling/config/index'] is used
17:17:43,654 INFO  [BrowserSelenium] EXIT --> (_parseElementOnXpath)
17:17:43,654 INFO  [BrowserSelenium] EXIT --> (_getByLocator)
17:17:43,674 INFO  [BrowserSelenium] ENTER --> (_getByLocator)
17:17:43,674 INFO  [BrowserSelenium] (_getByLocator) -> Getting locator for null
17:17:43,674 INFO  [BrowserSelenium] (_getByLocator) -> Locator info found for XPATH attribute as: //a[@href='/jbilling/config/index']
17:17:43,674 INFO  [BrowserSelenium] ENTER --> (_parseElementOnXpath)
17:17:43,674 INFO  [BrowserSelenium] (_parseElementOnXpath) -> //a[@href='/jbilling/config/index'] is used
17:17:43,674 INFO  [BrowserSelenium] EXIT --> (_parseElementOnXpath)
17:17:43,674 INFO  [BrowserSelenium] EXIT --> (_getByLocator)
17:17:43,694 INFO  [BrowserSelenium] ENTER --> (_getByLocator)
17:17:43,694 INFO  [BrowserSelenium] (_getByLocator) -> Getting locator for null
17:17:43,694 INFO  [BrowserSelenium] (_getByLocator) -> Locator info found for XPATH attribute as: //a[@href='/jbilling/config/index']
17:17:43,694 INFO  [BrowserSelenium] ENTER --> (_parseElementOnXpath)
17:17:43,694 INFO  [BrowserSelenium] (_parseElementOnXpath) -> //a[@href='/jbilling/config/index'] is used
17:17:43,694 INFO  [BrowserSelenium] EXIT --> (_parseElementOnXpath)
17:17:43,694 INFO  [BrowserSelenium] EXIT --> (_getByLocator)
17:17:43,714 INFO  [BrowserSelenium] ENTER --> (_getByLocator)
17:17:43,714 INFO  [BrowserSelenium] (_getByLocator) -> Getting locator for null
17:17:43,714 INFO  [BrowserSelenium] (_getByLocator) -> Locator info found for XPATH attribute as: //a[@href='/jbilling/config/index']
17:17:43,714 INFO  [BrowserSelenium] ENTER --> (_parseElementOnXpath)
17:17:43,714 INFO  [BrowserSelenium] (_parseElementOnXpath) -> //a[@href='/jbilling/config/index'] is used
17:17:43,714 INFO  [BrowserSelenium] EXIT --> (_parseElementOnXpath)
17:17:43,714 INFO  [BrowserSelenium] EXIT --> (_getByLocator)
17:17:43,734 INFO  [BrowserSelenium] ENTER --> (_getByLocator)
17:17:43,734 INFO  [BrowserSelenium] (_getByLocator) -> Getting locator for null
17:17:43,734 INFO  [BrowserSelenium] (_getByLocator) -> Locator info found for XPATH attribute as: //a[@href='/jbilling/config/index']
17:17:43,734 INFO  [BrowserSelenium] ENTER --> (_parseElementOnXpath)
17:17:43,734 INFO  [BrowserSelenium] (_parseElementOnXpath) -> //a[@href='/jbilling/config/index'] is used
17:17:43,734 INFO  [BrowserSelenium] EXIT --> (_parseElementOnXpath)
17:17:43,734 INFO  [BrowserSelenium] EXIT --> (_getByLocator)
17:17:43,754 INFO  [BrowserSelenium] ENTER --> (_getByLocator)
17:17:43,754 INFO  [BrowserSelenium] (_getByLocator) -> Getting locator for null
17:17:43,754 INFO  [BrowserSelenium] (_getByLocator) -> Locator info found for XPATH attribute as: //a[@href='/jbilling/config/index']
17:17:43,754 INFO  [BrowserSelenium] ENTER --> (_parseElementOnXpath)
17:17:43,754 INFO  [BrowserSelenium] (_parseElementOnXpath) -> //a[@href='/jbilling/config/index'] is used
17:17:43,754 INFO  [BrowserSelenium] EXIT --> (_parseElementOnXpath)
17:17:43,754 INFO  [BrowserSelenium] EXIT --> (_getByLocator)
17:17:43,774 INFO  [BrowserSelenium] ENTER --> (_getByLocator)
17:17:43,774 INFO  [BrowserSelenium] (_getByLocator) -> Getting locator for null
17:17:43,774 INFO  [BrowserSelenium] (_getByLocator) -> Locator info found for XPATH attribute as: //a[@href='/jbilling/config/index']
17:17:43,774 INFO  [BrowserSelenium] ENTER --> (_parseElementOnXpath)
17:17:43,774 INFO  [BrowserSelenium] (_parseElementOnXpath) -> //a[@href='/jbilling/config/index'] is used
17:17:43,774 INFO  [BrowserSelenium] EXIT --> (_parseElementOnXpath)
17:17:43,774 INFO  [BrowserSelenium] EXIT --> (_getByLocator)
17:17:43,784 INFO  [BrowserSelenium] ENTER --> (_getByLocator)
17:17:43,784 INFO  [BrowserSelenium] (_getByLocator) -> Getting locator for null
17:17:43,784 INFO  [BrowserSelenium] (_getByLocator) -> Locator info found for XPATH attribute as: //a[@href='/jbilling/config/index']
17:17:43,784 INFO  [BrowserSelenium] ENTER --> (_parseElementOnXpath)
17:17:43,784 INFO  [BrowserSelenium] (_parseElementOnXpath) -> //a[@href='/jbilling/config/index'] is used
17:17:43,784 INFO  [BrowserSelenium] EXIT --> (_parseElementOnXpath)
17:17:43,794 INFO  [BrowserSelenium] EXIT --> (_getByLocator)
17:17:43,804 INFO  [BrowserSelenium] ENTER --> (_getByLocator)
17:17:43,804 INFO  [BrowserSelenium] (_getByLocator) -> Getting locator for null
17:17:43,804 INFO  [BrowserSelenium] (_getByLocator) -> Locator info found for XPATH attribute as: //a[@href='/jbilling/config/index']
17:17:43,804 INFO  [BrowserSelenium] ENTER --> (_parseElementOnXpath)
17:17:43,804 INFO  [BrowserSelenium] (_parseElementOnXpath) -> //a[@href='/jbilling/config/index'] is used
17:17:43,804 INFO  [BrowserSelenium] EXIT --> (_parseElementOnXpath)
17:17:43,804 INFO  [BrowserSelenium] EXIT --> (_getByLocator)
17:17:43,834 INFO  [BrowserSelenium] ENTER --> (_getByLocator)
17:17:43,834 INFO  [BrowserSelenium] (_getByLocator) -> Getting locator for null
17:17:43,834 INFO  [BrowserSelenium] (_getByLocator) -> Locator info found for XPATH attribute as: //a[@href='/jbilling/config/index']
17:17:43,834 INFO  [BrowserSelenium] ENTER --> (_parseElementOnXpath)
17:17:43,834 INFO  [BrowserSelenium] (_parseElementOnXpath) -> //a[@href='/jbilling/config/index'] is used
17:17:43,834 INFO  [BrowserSelenium] EXIT --> (_parseElementOnXpath)
17:17:43,834 INFO  [BrowserSelenium] EXIT --> (_getByLocator)
17:17:43,854 INFO  [BrowserSelenium] ENTER --> (_getByLocator)
17:17:43,854 INFO  [BrowserSelenium] (_getByLocator) -> Getting locator for null
17:17:43,854 INFO  [BrowserSelenium] (_getByLocator) -> Locator info found for XPATH attribute as: //a[@href='/jbilling/config/index']
17:17:43,854 INFO  [BrowserSelenium] ENTER --> (_parseElementOnXpath)
17:17:43,854 INFO  [BrowserSelenium] (_parseElementOnXpath) -> //a[@href='/jbilling/config/index'] is used
17:17:43,854 INFO  [BrowserSelenium] EXIT --> (_parseElementOnXpath)
17:17:43,854 INFO  [BrowserSelenium] EXIT --> (_getByLocator)
17:17:43,884 INFO  [BrowserSelenium] ENTER --> (_getByLocator)
17:17:43,884 INFO  [BrowserSelenium] (_getByLocator) -> Getting locator for null
17:17:43,884 INFO  [BrowserSelenium] (_getByLocator) -> Locator info found for XPATH attribute as: //a[@href='/jbilling/config/index']
17:17:43,884 INFO  [BrowserSelenium] ENTER --> (_parseElementOnXpath)
17:17:43,884 INFO  [BrowserSelenium] (_parseElementOnXpath) -> //a[@href='/jbilling/config/index'] is used
17:17:43,884 INFO  [BrowserSelenium] EXIT --> (_parseElementOnXpath)
17:17:43,884 INFO  [BrowserSelenium] EXIT --> (_getByLocator)
17:17:43,904 INFO  [BrowserSelenium] ENTER --> (_getByLocator)
17:17:43,904 INFO  [BrowserSelenium] (_getByLocator) -> Getting locator for null
17:17:43,904 INFO  [BrowserSelenium] (_getByLocator) -> Locator info found for XPATH attribute as: //a[@href='/jbilling/config/index']
17:17:43,904 INFO  [BrowserSelenium] ENTER --> (_parseElementOnXpath)
17:17:43,904 INFO  [BrowserSelenium] (_parseElementOnXpath) -> //a[@href='/jbilling/config/index'] is used
17:17:43,904 INFO  [BrowserSelenium] EXIT --> (_parseElementOnXpath)
17:17:43,904 INFO  [BrowserSelenium] EXIT --> (_getByLocator)
17:17:43,924 INFO  [BrowserSelenium] ENTER --> (_getByLocator)
17:17:43,924 INFO  [BrowserSelenium] (_getByLocator) -> Getting locator for null
17:17:43,924 INFO  [BrowserSelenium] (_getByLocator) -> Locator info found for XPATH attribute as: //a[@href='/jbilling/config/index']
17:17:43,924 INFO  [BrowserSelenium] ENTER --> (_parseElementOnXpath)
17:17:43,924 INFO  [BrowserSelenium] (_parseElementOnXpath) -> //a[@href='/jbilling/config/index'] is used
17:17:43,924 INFO  [BrowserSelenium] EXIT --> (_parseElementOnXpath)
17:17:43,924 INFO  [BrowserSelenium] EXIT --> (_getByLocator)
17:17:43,944 INFO  [BrowserSelenium] ENTER --> (_getByLocator)
17:17:43,944 INFO  [BrowserSelenium] (_getByLocator) -> Getting locator for null
17:17:43,944 INFO  [BrowserSelenium] (_getByLocator) -> Locator info found for XPATH attribute as: //a[@href='/jbilling/config/index']
17:17:43,944 INFO  [BrowserSelenium] ENTER --> (_parseElementOnXpath)
17:17:43,944 INFO  [BrowserSelenium] (_parseElementOnXpath) -> //a[@href='/jbilling/config/index'] is used
17:17:43,944 INFO  [BrowserSelenium] EXIT --> (_parseElementOnXpath)
17:17:43,944 INFO  [BrowserSelenium] EXIT --> (_getByLocator)
17:17:43,964 INFO  [BrowserSelenium] ENTER --> (_getByLocator)
17:17:43,964 INFO  [BrowserSelenium] (_getByLocator) -> Getting locator for null
17:17:43,964 INFO  [BrowserSelenium] (_getByLocator) -> Locator info found for XPATH attribute as: //a[@href='/jbilling/config/index']
17:17:43,964 INFO  [BrowserSelenium] ENTER --> (_parseElementOnXpath)
17:17:43,964 INFO  [BrowserSelenium] (_parseElementOnXpath) -> //a[@href='/jbilling/config/index'] is used
17:17:43,964 INFO  [BrowserSelenium] EXIT --> (_parseElementOnXpath)
17:17:43,964 INFO  [BrowserSelenium] EXIT --> (_getByLocator)
17:17:43,984 INFO  [BrowserSelenium] ENTER --> (_getByLocator)
17:17:43,984 INFO  [BrowserSelenium] (_getByLocator) -> Getting locator for null
17:17:43,984 INFO  [BrowserSelenium] (_getByLocator) -> Locator info found for XPATH attribute as: //a[@href='/jbilling/config/index']
17:17:43,984 INFO  [BrowserSelenium] ENTER --> (_parseElementOnXpath)
17:17:43,984 INFO  [BrowserSelenium] (_parseElementOnXpath) -> //a[@href='/jbilling/config/index'] is used
17:17:43,984 INFO  [BrowserSelenium] EXIT --> (_parseElementOnXpath)
17:17:43,984 INFO  [BrowserSelenium] EXIT --> (_getByLocator)
17:17:44,004 INFO  [BrowserSelenium] ENTER --> (_getByLocator)
17:17:44,004 INFO  [BrowserSelenium] (_getByLocator) -> Getting locator for null
17:17:44,004 INFO  [BrowserSelenium] (_getByLocator) -> Locator info found for XPATH attribute as: //a[@href='/jbilling/config/index']
17:17:44,004 INFO  [BrowserSelenium] ENTER --> (_parseElementOnXpath)
17:17:44,004 INFO  [BrowserSelenium] (_parseElementOnXpath) -> //a[@href='/jbilling/config/index'] is used
17:17:44,004 INFO  [BrowserSelenium] EXIT --> (_parseElementOnXpath)
17:17:44,004 INFO  [BrowserSelenium] EXIT --> (_getByLocator)
17:17:44,014 INFO  [BrowserSelenium] ENTER --> (_getByLocator)
17:17:44,014 INFO  [BrowserSelenium] (_getByLocator) -> Getting locator for null
17:17:44,014 INFO  [BrowserSelenium] (_getByLocator) -> Locator info found for XPATH attribute as: //a[@href='/jbilling/config/index']
17:17:44,014 INFO  [BrowserSelenium] ENTER --> (_parseElementOnXpath)
17:17:44,014 INFO  [BrowserSelenium] (_parseElementOnXpath) -> //a[@href='/jbilling/config/index'] is used
17:17:44,014 INFO  [BrowserSelenium] EXIT --> (_parseElementOnXpath)
17:17:44,014 INFO  [BrowserSelenium] EXIT --> (_getByLocator)
17:17:44,034 INFO  [BrowserSelenium] ENTER --> (_getByLocator)
17:17:44,034 INFO  [BrowserSelenium] (_getByLocator) -> Getting locator for null
17:17:44,034 INFO  [BrowserSelenium] (_getByLocator) -> Locator info found for XPATH attribute as: //a[@href='/jbilling/config/index']
17:17:44,034 INFO  [BrowserSelenium] ENTER --> (_parseElementOnXpath)
17:17:44,034 INFO  [BrowserSelenium] (_parseElementOnXpath) -> //a[@href='/jbilling/config/index'] is used
17:17:44,034 INFO  [BrowserSelenium] EXIT --> (_parseElementOnXpath)
17:17:44,044 INFO  [BrowserSelenium] EXIT --> (_getByLocator)
17:17:44,054 INFO  [BrowserSelenium] ENTER --> (_getByLocator)
17:17:44,054 INFO  [BrowserSelenium] (_getByLocator) -> Getting locator for null
17:17:44,054 INFO  [BrowserSelenium] (_getByLocator) -> Locator info found for XPATH attribute as: //a[@href='/jbilling/config/index']
17:17:44,054 INFO  [BrowserSelenium] ENTER --> (_parseElementOnXpath)
17:17:44,054 INFO  [BrowserSelenium] (_parseElementOnXpath) -> //a[@href='/jbilling/config/index'] is used
17:17:44,054 INFO  [BrowserSelenium] EXIT --> (_parseElementOnXpath)
17:17:44,054 INFO  [BrowserSelenium] EXIT --> (_getByLocator)
17:17:44,084 INFO  [BrowserSelenium] ENTER --> (_getByLocator)
17:17:44,084 INFO  [BrowserSelenium] (_getByLocator) -> Getting locator for null
17:17:44,084 INFO  [BrowserSelenium] (_getByLocator) -> Locator info found for XPATH attribute as: //a[@href='/jbilling/config/index']
17:17:44,084 INFO  [BrowserSelenium] ENTER --> (_parseElementOnXpath)
17:17:44,084 INFO  [BrowserSelenium] (_parseElementOnXpath) -> //a[@href='/jbilling/config/index'] is used
17:17:44,084 INFO  [BrowserSelenium] EXIT --> (_parseElementOnXpath)
17:17:44,084 INFO  [BrowserSelenium] EXIT --> (_getByLocator)
17:17:44,124 INFO  [BrowserSelenium] ENTER --> (_getByLocator)
17:17:44,124 INFO  [BrowserSelenium] (_getByLocator) -> Getting locator for null
17:17:44,124 INFO  [BrowserSelenium] (_getByLocator) -> Locator info found for XPATH attribute as: //a[@href='/jbilling/config/index']
17:17:44,124 INFO  [BrowserSelenium] ENTER --> (_parseElementOnXpath)
17:17:44,124 INFO  [BrowserSelenium] (_parseElementOnXpath) -> //a[@href='/jbilling/config/index'] is used
17:17:44,124 INFO  [BrowserSelenium] EXIT --> (_parseElementOnXpath)
17:17:44,124 INFO  [BrowserSelenium] EXIT --> (_getByLocator)
17:17:44,154 INFO  [BrowserSelenium] ENTER --> (_getByLocator)
17:17:44,154 INFO  [BrowserSelenium] (_getByLocator) -> Getting locator for null
17:17:44,154 INFO  [BrowserSelenium] (_getByLocator) -> Locator info found for XPATH attribute as: //a[@href='/jbilling/config/index']
17:17:44,154 INFO  [BrowserSelenium] ENTER --> (_parseElementOnXpath)
17:17:44,154 INFO  [BrowserSelenium] (_parseElementOnXpath) -> //a[@href='/jbilling/config/index'] is used
17:17:44,154 INFO  [BrowserSelenium] EXIT --> (_parseElementOnXpath)
17:17:44,154 INFO  [BrowserSelenium] EXIT --> (_getByLocator)
17:17:44,187 INFO  [BrowserSelenium] ENTER --> (_getByLocator)
17:17:44,187 INFO  [BrowserSelenium] (_getByLocator) -> Getting locator for null
17:17:44,187 INFO  [BrowserSelenium] (_getByLocator) -> Locator info found for XPATH attribute as: //a[@href='/jbilling/config/index']
17:17:44,187 INFO  [BrowserSelenium] ENTER --> (_parseElementOnXpath)
17:17:44,188 INFO  [BrowserSelenium] (_parseElementOnXpath) -> //a[@href='/jbilling/config/index'] is used
17:17:44,188 INFO  [BrowserSelenium] EXIT --> (_parseElementOnXpath)
17:17:44,188 INFO  [BrowserSelenium] EXIT --> (_getByLocator)
17:17:44,216 INFO  [BrowserSelenium] ENTER --> (_getByLocator)
17:17:44,216 INFO  [BrowserSelenium] (_getByLocator) -> Getting locator for null
17:17:44,216 INFO  [BrowserSelenium] (_getByLocator) -> Locator info found for XPATH attribute as: //a[@href='/jbilling/config/index']
17:17:44,217 INFO  [BrowserSelenium] ENTER --> (_parseElementOnXpath)
17:17:44,217 INFO  [BrowserSelenium] (_parseElementOnXpath) -> //a[@href='/jbilling/config/index'] is used
17:17:44,217 INFO  [BrowserSelenium] EXIT --> (_parseElementOnXpath)
17:17:44,217 INFO  [BrowserSelenium] EXIT --> (_getByLocator)
17:17:44,251 INFO  [BrowserSelenium] ENTER --> (_getByLocator)
17:17:44,252 INFO  [BrowserSelenium] (_getByLocator) -> Getting locator for null
17:17:44,252 INFO  [BrowserSelenium] (_getByLocator) -> Locator info found for XPATH attribute as: //a[@href='/jbilling/config/index']
17:17:44,252 INFO  [BrowserSelenium] ENTER --> (_parseElementOnXpath)
17:17:44,252 INFO  [BrowserSelenium] (_parseElementOnXpath) -> //a[@href='/jbilling/config/index'] is used
17:17:44,252 INFO  [BrowserSelenium] EXIT --> (_parseElementOnXpath)
17:17:44,253 INFO  [BrowserSelenium] EXIT --> (_getByLocator)
17:17:44,281 INFO  [BrowserSelenium] ENTER --> (_getByLocator)
17:17:44,281 INFO  [BrowserSelenium] (_getByLocator) -> Getting locator for null
17:17:44,281 INFO  [BrowserSelenium] (_getByLocator) -> Locator info found for XPATH attribute as: //a[@href='/jbilling/config/index']
17:17:44,281 INFO  [BrowserSelenium] ENTER --> (_parseElementOnXpath)
17:17:44,282 INFO  [BrowserSelenium] (_parseElementOnXpath) -> //a[@href='/jbilling/config/index'] is used
17:17:44,282 INFO  [BrowserSelenium] EXIT --> (_parseElementOnXpath)
17:17:44,282 INFO  [BrowserSelenium] EXIT --> (_getByLocator)
17:17:44,309 INFO  [BrowserSelenium] ENTER --> (_getByLocator)
17:17:44,309 INFO  [BrowserSelenium] (_getByLocator) -> Getting locator for null
17:17:44,309 INFO  [BrowserSelenium] (_getByLocator) -> Locator info found for XPATH attribute as: //a[@href='/jbilling/config/index']
17:17:44,310 INFO  [BrowserSelenium] ENTER --> (_parseElementOnXpath)
17:17:44,310 INFO  [BrowserSelenium] (_parseElementOnXpath) -> //a[@href='/jbilling/config/index'] is used
17:17:44,310 INFO  [BrowserSelenium] EXIT --> (_parseElementOnXpath)
17:17:44,310 INFO  [BrowserSelenium] EXIT --> (_getByLocator)
17:17:44,339 INFO  [BrowserSelenium] ENTER --> (_getByLocator)
17:17:44,340 INFO  [BrowserSelenium] (_getByLocator) -> Getting locator for null
17:17:44,340 INFO  [BrowserSelenium] (_getByLocator) -> Locator info found for XPATH attribute as: //a[@href='/jbilling/config/index']
17:17:44,340 INFO  [BrowserSelenium] ENTER --> (_parseElementOnXpath)
17:17:44,340 INFO  [BrowserSelenium] (_parseElementOnXpath) -> //a[@href='/jbilling/config/index'] is used
17:17:44,340 INFO  [BrowserSelenium] EXIT --> (_parseElementOnXpath)
17:17:44,340 INFO  [BrowserSelenium] EXIT --> (_getByLocator)
17:17:44,366 INFO  [BrowserSelenium] ENTER --> (_getByLocator)
17:17:44,366 INFO  [BrowserSelenium] (_getByLocator) -> Getting locator for null
17:17:44,366 INFO  [BrowserSelenium] (_getByLocator) -> Locator info found for XPATH attribute as: //a[@href='/jbilling/config/index']
17:17:44,366 INFO  [BrowserSelenium] ENTER --> (_parseElementOnXpath)
17:17:44,366 INFO  [BrowserSelenium] (_parseElementOnXpath) -> //a[@href='/jbilling/config/index'] is used
17:17:44,366 INFO  [BrowserSelenium] EXIT --> (_parseElementOnXpath)
17:17:44,366 INFO  [BrowserSelenium] EXIT --> (_getByLocator)
17:17:44,386 INFO  [BrowserSelenium] ENTER --> (_getByLocator)
17:17:44,386 INFO  [BrowserSelenium] (_getByLocator) -> Getting locator for null
17:17:44,386 INFO  [BrowserSelenium] (_getByLocator) -> Locator info found for XPATH attribute as: //a[@href='/jbilling/config/index']
17:17:44,386 INFO  [BrowserSelenium] ENTER --> (_parseElementOnXpath)
17:17:44,386 INFO  [BrowserSelenium] (_parseElementOnXpath) -> //a[@href='/jbilling/config/index'] is used
17:17:44,386 INFO  [BrowserSelenium] EXIT --> (_parseElementOnXpath)
17:17:44,386 INFO  [BrowserSelenium] EXIT --> (_getByLocator)
17:17:44,416 INFO  [BrowserSelenium] ENTER --> (_getByLocator)
17:17:44,416 INFO  [BrowserSelenium] (_getByLocator) -> Getting locator for null
17:17:44,416 INFO  [BrowserSelenium] (_getByLocator) -> Locator info found for XPATH attribute as: //a[@href='/jbilling/config/index']
17:17:44,416 INFO  [BrowserSelenium] ENTER --> (_parseElementOnXpath)
17:17:44,416 INFO  [BrowserSelenium] (_parseElementOnXpath) -> //a[@href='/jbilling/config/index'] is used
17:17:44,416 INFO  [BrowserSelenium] EXIT --> (_parseElementOnXpath)
17:17:44,416 INFO  [BrowserSelenium] EXIT --> (_getByLocator)
17:17:44,436 INFO  [BrowserSelenium] ENTER --> (_getByLocator)
17:17:44,436 INFO  [BrowserSelenium] (_getByLocator) -> Getting locator for null
17:17:44,436 INFO  [BrowserSelenium] (_getByLocator) -> Locator info found for XPATH attribute as: //a[@href='/jbilling/config/index']
17:17:44,436 INFO  [BrowserSelenium] ENTER --> (_parseElementOnXpath)
17:17:44,436 INFO  [BrowserSelenium] (_parseElementOnXpath) -> //a[@href='/jbilling/config/index'] is used
17:17:44,436 INFO  [BrowserSelenium] EXIT --> (_parseElementOnXpath)
17:17:44,436 INFO  [BrowserSelenium] EXIT --> (_getByLocator)
17:17:44,466 INFO  [BrowserSelenium] ENTER --> (_getByLocator)
17:17:44,466 INFO  [BrowserSelenium] (_getByLocator) -> Getting locator for null
17:17:44,466 INFO  [BrowserSelenium] (_getByLocator) -> Locator info found for XPATH attribute as: //a[@href='/jbilling/config/index']
17:17:44,466 INFO  [BrowserSelenium] ENTER --> (_parseElementOnXpath)
17:17:44,466 INFO  [BrowserSelenium] (_parseElementOnXpath) -> //a[@href='/jbilling/config/index'] is used
17:17:44,466 INFO  [BrowserSelenium] EXIT --> (_parseElementOnXpath)
17:17:44,466 INFO  [BrowserSelenium] EXIT --> (_getByLocator)
17:17:44,496 INFO  [BrowserSelenium] ENTER --> (_getByLocator)
17:17:44,496 INFO  [BrowserSelenium] (_getByLocator) -> Getting locator for null
17:17:44,496 INFO  [BrowserSelenium] (_getByLocator) -> Locator info found for XPATH attribute as: //a[@href='/jbilling/config/index']
17:17:44,496 INFO  [BrowserSelenium] ENTER --> (_parseElementOnXpath)
17:17:44,496 INFO  [BrowserSelenium] (_parseElementOnXpath) -> //a[@href='/jbilling/config/index'] is used
17:17:44,496 INFO  [BrowserSelenium] EXIT --> (_parseElementOnXpath)
17:17:44,496 INFO  [BrowserSelenium] EXIT --> (_getByLocator)
17:17:44,526 INFO  [BrowserSelenium] ENTER --> (_getByLocator)
17:17:44,526 INFO  [BrowserSelenium] (_getByLocator) -> Getting locator for null
17:17:44,526 INFO  [BrowserSelenium] (_getByLocator) -> Locator info found for XPATH attribute as: //a[@href='/jbilling/config/index']
17:17:44,526 INFO  [BrowserSelenium] ENTER --> (_parseElementOnXpath)
17:17:44,526 INFO  [BrowserSelenium] (_parseElementOnXpath) -> //a[@href='/jbilling/config/index'] is used
17:17:44,526 INFO  [BrowserSelenium] EXIT --> (_parseElementOnXpath)
17:17:44,526 INFO  [BrowserSelenium] EXIT --> (_getByLocator)
17:17:44,546 INFO  [BrowserSelenium] ENTER --> (_getByLocator)
17:17:44,546 INFO  [BrowserSelenium] (_getByLocator) -> Getting locator for null
17:17:44,546 INFO  [BrowserSelenium] (_getByLocator) -> Locator info found for XPATH attribute as: //a[@href='/jbilling/config/index']
17:17:44,546 INFO  [BrowserSelenium] ENTER --> (_parseElementOnXpath)
17:17:44,546 INFO  [BrowserSelenium] (_parseElementOnXpath) -> //a[@href='/jbilling/config/index'] is used
17:17:44,546 INFO  [BrowserSelenium] EXIT --> (_parseElementOnXpath)
17:17:44,546 INFO  [BrowserSelenium] EXIT --> (_getByLocator)
17:17:44,576 INFO  [BrowserSelenium] ENTER --> (_getByLocator)
17:17:44,576 INFO  [BrowserSelenium] (_getByLocator) -> Getting locator for null
17:17:44,576 INFO  [BrowserSelenium] (_getByLocator) -> Locator info found for XPATH attribute as: //a[@href='/jbilling/config/index']
17:17:44,576 INFO  [BrowserSelenium] ENTER --> (_parseElementOnXpath)
17:17:44,576 INFO  [BrowserSelenium] (_parseElementOnXpath) -> //a[@href='/jbilling/config/index'] is used
17:17:44,576 INFO  [BrowserSelenium] EXIT --> (_parseElementOnXpath)
17:17:44,576 INFO  [BrowserSelenium] EXIT --> (_getByLocator)
17:17:44,596 INFO  [BrowserSelenium] ENTER --> (_getByLocator)
17:17:44,596 INFO  [BrowserSelenium] (_getByLocator) -> Getting locator for null
17:17:44,596 INFO  [BrowserSelenium] (_getByLocator) -> Locator info found for XPATH attribute as: //a[@href='/jbilling/config/index']
17:17:44,596 INFO  [BrowserSelenium] ENTER --> (_parseElementOnXpath)
17:17:44,596 INFO  [BrowserSelenium] (_parseElementOnXpath) -> //a[@href='/jbilling/config/index'] is used
17:17:44,596 INFO  [BrowserSelenium] EXIT --> (_parseElementOnXpath)
17:17:44,596 INFO  [BrowserSelenium] EXIT --> (_getByLocator)
17:17:44,626 INFO  [BrowserSelenium] ENTER --> (_getByLocator)
17:17:44,626 INFO  [BrowserSelenium] (_getByLocator) -> Getting locator for null
17:17:44,626 INFO  [BrowserSelenium] (_getByLocator) -> Locator info found for XPATH attribute as: //a[@href='/jbilling/config/index']
17:17:44,626 INFO  [BrowserSelenium] ENTER --> (_parseElementOnXpath)
17:17:44,626 INFO  [BrowserSelenium] (_parseElementOnXpath) -> //a[@href='/jbilling/config/index'] is used
17:17:44,626 INFO  [BrowserSelenium] EXIT --> (_parseElementOnXpath)
17:17:44,626 INFO  [BrowserSelenium] EXIT --> (_getByLocator)
17:17:44,656 INFO  [BrowserSelenium] ENTER --> (_getByLocator)
17:17:44,656 INFO  [BrowserSelenium] (_getByLocator) -> Getting locator for null
17:17:44,656 INFO  [BrowserSelenium] (_getByLocator) -> Locator info found for XPATH attribute as: //a[@href='/jbilling/config/index']
17:17:44,656 INFO  [BrowserSelenium] ENTER --> (_parseElementOnXpath)
17:17:44,656 INFO  [BrowserSelenium] (_parseElementOnXpath) -> //a[@href='/jbilling/config/index'] is used
17:17:44,656 INFO  [BrowserSelenium] EXIT --> (_parseElementOnXpath)
17:17:44,656 INFO  [BrowserSelenium] EXIT --> (_getByLocator)
17:17:44,676 INFO  [BrowserSelenium] ENTER --> (_getByLocator)
17:17:44,676 INFO  [BrowserSelenium] (_getByLocator) -> Getting locator for null
17:17:44,676 INFO  [BrowserSelenium] (_getByLocator) -> Locator info found for XPATH attribute as: //a[@href='/jbilling/config/index']
17:17:44,676 INFO  [BrowserSelenium] ENTER --> (_parseElementOnXpath)
17:17:44,676 INFO  [BrowserSelenium] (_parseElementOnXpath) -> //a[@href='/jbilling/config/index'] is used
17:17:44,676 INFO  [BrowserSelenium] EXIT --> (_parseElementOnXpath)
17:17:44,686 INFO  [BrowserSelenium] EXIT --> (_getByLocator)
17:17:44,706 INFO  [BrowserSelenium] ENTER --> (_getByLocator)
17:17:44,706 INFO  [BrowserSelenium] (_getByLocator) -> Getting locator for null
17:17:44,706 INFO  [BrowserSelenium] (_getByLocator) -> Locator info found for XPATH attribute as: //a[@href='/jbilling/config/index']
17:17:44,706 INFO  [BrowserSelenium] ENTER --> (_parseElementOnXpath)
17:17:44,706 INFO  [BrowserSelenium] (_parseElementOnXpath) -> //a[@href='/jbilling/config/index'] is used
17:17:44,706 INFO  [BrowserSelenium] EXIT --> (_parseElementOnXpath)
17:17:44,706 INFO  [BrowserSelenium] EXIT --> (_getByLocator)
17:17:44,726 INFO  [BrowserSelenium] ENTER --> (_getByLocator)
17:17:44,726 INFO  [BrowserSelenium] (_getByLocator) -> Getting locator for null
17:17:44,726 INFO  [BrowserSelenium] (_getByLocator) -> Locator info found for XPATH attribute as: //a[@href='/jbilling/config/index']
17:17:44,726 INFO  [BrowserSelenium] ENTER --> (_parseElementOnXpath)
17:17:44,726 INFO  [BrowserSelenium] (_parseElementOnXpath) -> //a[@href='/jbilling/config/index'] is used
17:17:44,726 INFO  [BrowserSelenium] EXIT --> (_parseElementOnXpath)
17:17:44,726 INFO  [BrowserSelenium] EXIT --> (_getByLocator)
17:17:44,746 INFO  [BrowserSelenium] ENTER --> (_getByLocator)
17:17:44,746 INFO  [BrowserSelenium] (_getByLocator) -> Getting locator for null
17:17:44,746 INFO  [BrowserSelenium] (_getByLocator) -> Locator info found for XPATH attribute as: //a[@href='/jbilling/config/index']
17:17:44,746 INFO  [BrowserSelenium] ENTER --> (_parseElementOnXpath)
17:17:44,746 INFO  [BrowserSelenium] (_parseElementOnXpath) -> //a[@href='/jbilling/config/index'] is used
17:17:44,746 INFO  [BrowserSelenium] EXIT --> (_parseElementOnXpath)
17:17:44,746 INFO  [BrowserSelenium] EXIT --> (_getByLocator)
17:17:44,776 INFO  [BrowserSelenium] ENTER --> (_getByLocator)
17:17:44,776 INFO  [BrowserSelenium] (_getByLocator) -> Getting locator for null
17:17:44,776 INFO  [BrowserSelenium] (_getByLocator) -> Locator info found for XPATH attribute as: //a[@href='/jbilling/config/index']
17:17:44,776 INFO  [BrowserSelenium] ENTER --> (_parseElementOnXpath)
17:17:44,776 INFO  [BrowserSelenium] (_parseElementOnXpath) -> //a[@href='/jbilling/config/index'] is used
17:17:44,776 INFO  [BrowserSelenium] EXIT --> (_parseElementOnXpath)
17:17:44,776 INFO  [BrowserSelenium] EXIT --> (_getByLocator)
17:17:44,796 INFO  [BrowserSelenium] ENTER --> (_getByLocator)
17:17:44,796 INFO  [BrowserSelenium] (_getByLocator) -> Getting locator for null
17:17:44,796 INFO  [BrowserSelenium] (_getByLocator) -> Locator info found for XPATH attribute as: //a[@href='/jbilling/config/index']
17:17:44,796 INFO  [BrowserSelenium] ENTER --> (_parseElementOnXpath)
17:17:44,796 INFO  [BrowserSelenium] (_parseElementOnXpath) -> //a[@href='/jbilling/config/index'] is used
17:17:44,796 INFO  [BrowserSelenium] EXIT --> (_parseElementOnXpath)
17:17:44,796 INFO  [BrowserSelenium] EXIT --> (_getByLocator)
17:17:44,816 INFO  [BrowserSelenium] ENTER --> (_getByLocator)
17:17:44,816 INFO  [BrowserSelenium] (_getByLocator) -> Getting locator for null
17:17:44,816 INFO  [BrowserSelenium] (_getByLocator) -> Locator info found for XPATH attribute as: //a[@href='/jbilling/config/index']
17:17:44,816 INFO  [BrowserSelenium] ENTER --> (_parseElementOnXpath)
17:17:44,816 INFO  [BrowserSelenium] (_parseElementOnXpath) -> //a[@href='/jbilling/config/index'] is used
17:17:44,816 INFO  [BrowserSelenium] EXIT --> (_parseElementOnXpath)
17:17:44,816 INFO  [BrowserSelenium] EXIT --> (_getByLocator)
17:17:44,836 INFO  [BrowserSelenium] ENTER --> (_getByLocator)
17:17:44,836 INFO  [BrowserSelenium] (_getByLocator) -> Getting locator for null
17:17:44,836 INFO  [BrowserSelenium] (_getByLocator) -> Locator info found for XPATH attribute as: //a[@href='/jbilling/config/index']
17:17:44,836 INFO  [BrowserSelenium] ENTER --> (_parseElementOnXpath)
17:17:44,836 INFO  [BrowserSelenium] (_parseElementOnXpath) -> //a[@href='/jbilling/config/index'] is used
17:17:44,836 INFO  [BrowserSelenium] EXIT --> (_parseElementOnXpath)
17:17:44,836 INFO  [BrowserSelenium] EXIT --> (_getByLocator)
17:17:44,856 INFO  [BrowserSelenium] ENTER --> (_getByLocator)
17:17:44,856 INFO  [BrowserSelenium] (_getByLocator) -> Getting locator for null
17:17:44,856 INFO  [BrowserSelenium] (_getByLocator) -> Locator info found for XPATH attribute as: //a[@href='/jbilling/config/index']
17:17:44,856 INFO  [BrowserSelenium] ENTER --> (_parseElementOnXpath)
17:17:44,856 INFO  [BrowserSelenium] (_parseElementOnXpath) -> //a[@href='/jbilling/config/index'] is used
17:17:44,856 INFO  [BrowserSelenium] EXIT --> (_parseElementOnXpath)
17:17:44,856 INFO  [BrowserSelenium] EXIT --> (_getByLocator)
17:17:44,886 INFO  [BrowserSelenium] ENTER --> (_getByLocator)
17:17:44,886 INFO  [BrowserSelenium] (_getByLocator) -> Getting locator for null
17:17:44,886 INFO  [BrowserSelenium] (_getByLocator) -> Locator info found for XPATH attribute as: //a[@href='/jbilling/config/index']
17:17:44,886 INFO  [BrowserSelenium] ENTER --> (_parseElementOnXpath)
17:17:44,886 INFO  [BrowserSelenium] (_parseElementOnXpath) -> //a[@href='/jbilling/config/index'] is used
17:17:44,886 INFO  [BrowserSelenium] EXIT --> (_parseElementOnXpath)
17:17:44,886 INFO  [BrowserSelenium] EXIT --> (_getByLocator)
17:17:44,896 INFO  [BrowserSelenium] ENTER --> (_getByLocator)
17:17:44,896 INFO  [BrowserSelenium] (_getByLocator) -> Getting locator for null
17:17:44,896 INFO  [BrowserSelenium] (_getByLocator) -> Locator info found for XPATH attribute as: //a[@href='/jbilling/config/index']
17:17:44,896 INFO  [BrowserSelenium] ENTER --> (_parseElementOnXpath)
17:17:44,896 INFO  [BrowserSelenium] (_parseElementOnXpath) -> //a[@href='/jbilling/config/index'] is used
17:17:44,906 INFO  [BrowserSelenium] EXIT --> (_parseElementOnXpath)
17:17:44,906 INFO  [BrowserSelenium] EXIT --> (_getByLocator)
17:17:44,916 INFO  [BrowserSelenium] ENTER --> (_getByLocator)
17:17:44,916 INFO  [BrowserSelenium] (_getByLocator) -> Getting locator for null
17:17:44,916 INFO  [BrowserSelenium] (_getByLocator) -> Locator info found for XPATH attribute as: //a[@href='/jbilling/config/index']
17:17:44,916 INFO  [BrowserSelenium] ENTER --> (_parseElementOnXpath)
17:17:44,916 INFO  [BrowserSelenium] (_parseElementOnXpath) -> //a[@href='/jbilling/config/index'] is used
17:17:44,916 INFO  [BrowserSelenium] EXIT --> (_parseElementOnXpath)
17:17:44,916 INFO  [BrowserSelenium] EXIT --> (_getByLocator)
17:17:44,936 INFO  [BrowserSelenium] ENTER --> (_getByLocator)
17:17:44,936 INFO  [BrowserSelenium] (_getByLocator) -> Getting locator for null
17:17:44,936 INFO  [BrowserSelenium] (_getByLocator) -> Locator info found for XPATH attribute as: //a[@href='/jbilling/config/index']
17:17:44,936 INFO  [BrowserSelenium] ENTER --> (_parseElementOnXpath)
17:17:44,936 INFO  [BrowserSelenium] (_parseElementOnXpath) -> //a[@href='/jbilling/config/index'] is used
17:17:44,936 INFO  [BrowserSelenium] EXIT --> (_parseElementOnXpath)
17:17:44,936 INFO  [BrowserSelenium] EXIT --> (_getByLocator)
17:17:44,956 INFO  [BrowserSelenium] ENTER --> (_getByLocator)
17:17:44,956 INFO  [BrowserSelenium] (_getByLocator) -> Getting locator for null
17:17:44,956 INFO  [BrowserSelenium] (_getByLocator) -> Locator info found for XPATH attribute as: //a[@href='/jbilling/config/index']
17:17:44,956 INFO  [BrowserSelenium] ENTER --> (_parseElementOnXpath)
17:17:44,956 INFO  [BrowserSelenium] (_parseElementOnXpath) -> //a[@href='/jbilling/config/index'] is used
17:17:44,956 INFO  [BrowserSelenium] EXIT --> (_parseElementOnXpath)
17:17:44,956 INFO  [BrowserSelenium] EXIT --> (_getByLocator)
17:17:44,976 INFO  [BrowserSelenium] ENTER --> (_getByLocator)
17:17:44,976 INFO  [BrowserSelenium] (_getByLocator) -> Getting locator for null
17:17:44,976 INFO  [BrowserSelenium] (_getByLocator) -> Locator info found for XPATH attribute as: //a[@href='/jbilling/config/index']
17:17:44,976 INFO  [BrowserSelenium] ENTER --> (_parseElementOnXpath)
17:17:44,976 INFO  [BrowserSelenium] (_parseElementOnXpath) -> //a[@href='/jbilling/config/index'] is used
17:17:44,976 INFO  [BrowserSelenium] EXIT --> (_parseElementOnXpath)
17:17:44,976 INFO  [BrowserSelenium] EXIT --> (_getByLocator)
17:17:44,996 INFO  [BrowserSelenium] ENTER --> (_getByLocator)
17:17:44,996 INFO  [BrowserSelenium] (_getByLocator) -> Getting locator for null
17:17:44,996 INFO  [BrowserSelenium] (_getByLocator) -> Locator info found for XPATH attribute as: //a[@href='/jbilling/config/index']
17:17:44,996 INFO  [BrowserSelenium] ENTER --> (_parseElementOnXpath)
17:17:44,996 INFO  [BrowserSelenium] (_parseElementOnXpath) -> //a[@href='/jbilling/config/index'] is used
17:17:44,996 INFO  [BrowserSelenium] EXIT --> (_parseElementOnXpath)
17:17:44,996 INFO  [BrowserSelenium] EXIT --> (_getByLocator)
17:17:45,016 INFO  [BrowserSelenium] ENTER --> (_getByLocator)
17:17:45,016 INFO  [BrowserSelenium] (_getByLocator) -> Getting locator for null
17:17:45,016 INFO  [BrowserSelenium] (_getByLocator) -> Locator info found for XPATH attribute as: //a[@href='/jbilling/config/index']
17:17:45,016 INFO  [BrowserSelenium] ENTER --> (_parseElementOnXpath)
17:17:45,016 INFO  [BrowserSelenium] (_parseElementOnXpath) -> //a[@href='/jbilling/config/index'] is used
17:17:45,016 INFO  [BrowserSelenium] EXIT --> (_parseElementOnXpath)
17:17:45,016 INFO  [BrowserSelenium] EXIT --> (_getByLocator)
17:17:45,726 INFO  [BrowserSelenium] ENTER --> (_getByLocator)
17:17:45,726 INFO  [BrowserSelenium] (_getByLocator) -> Getting locator for null
17:17:45,726 INFO  [BrowserSelenium] (_getByLocator) -> Locator info found for XPATH attribute as: //a[@href='/jbilling/config/index']
17:17:45,726 INFO  [BrowserSelenium] ENTER --> (_parseElementOnXpath)
17:17:45,726 INFO  [BrowserSelenium] (_parseElementOnXpath) -> //a[@href='/jbilling/config/index'] is used
17:17:45,726 INFO  [BrowserSelenium] EXIT --> (_parseElementOnXpath)
17:17:45,726 INFO  [BrowserSelenium] EXIT --> (_getByLocator)
17:17:45,746 INFO  [BrowserSelenium] ENTER --> (_getByLocator)
17:17:45,746 INFO  [BrowserSelenium] (_getByLocator) -> Getting locator for null
17:17:45,746 INFO  [BrowserSelenium] (_getByLocator) -> Locator info found for XPATH attribute as: //a[@href='/jbilling/config/index']
17:17:45,746 INFO  [BrowserSelenium] ENTER --> (_parseElementOnXpath)
17:17:45,756 INFO  [BrowserSelenium] (_parseElementOnXpath) -> //a[@href='/jbilling/config/index'] is used
17:17:45,756 INFO  [BrowserSelenium] EXIT --> (_parseElementOnXpath)
17:17:45,756 INFO  [BrowserSelenium] EXIT --> (_getByLocator)
17:17:45,776 INFO  [BrowserSelenium] ENTER --> (_getByLocator)
17:17:45,776 INFO  [BrowserSelenium] (_getByLocator) -> Getting locator for null
17:17:45,776 INFO  [BrowserSelenium] (_getByLocator) -> Locator info found for XPATH attribute as: //a[@href='/jbilling/config/index']
17:17:45,776 INFO  [BrowserSelenium] ENTER --> (_parseElementOnXpath)
17:17:45,776 INFO  [BrowserSelenium] (_parseElementOnXpath) -> //a[@href='/jbilling/config/index'] is used
17:17:45,776 INFO  [BrowserSelenium] EXIT --> (_parseElementOnXpath)
17:17:45,776 INFO  [BrowserSelenium] EXIT --> (_getByLocator)
17:17:45,796 INFO  [BrowserSelenium] ENTER --> (_getByLocator)
17:17:45,796 INFO  [BrowserSelenium] (_getByLocator) -> Getting locator for null
17:17:45,796 INFO  [BrowserSelenium] (_getByLocator) -> Locator info found for XPATH attribute as: //a[@href='/jbilling/config/index']
17:17:45,796 INFO  [BrowserSelenium] ENTER --> (_parseElementOnXpath)
17:17:45,796 INFO  [BrowserSelenium] (_parseElementOnXpath) -> //a[@href='/jbilling/config/index'] is used
17:17:45,796 INFO  [BrowserSelenium] EXIT --> (_parseElementOnXpath)
17:17:45,796 INFO  [BrowserSelenium] EXIT --> (_getByLocator)
17:17:45,806 INFO  [BrowserSelenium] ENTER --> (_getByLocator)
17:17:45,806 INFO  [BrowserSelenium] (_getByLocator) -> Getting locator for null
17:17:45,806 INFO  [BrowserSelenium] (_getByLocator) -> Locator info found for XPATH attribute as: //a[@href='/jbilling/config/index']
17:17:45,806 INFO  [BrowserSelenium] ENTER --> (_parseElementOnXpath)
17:17:45,806 INFO  [BrowserSelenium] (_parseElementOnXpath) -> //a[@href='/jbilling/config/index'] is used
17:17:45,806 INFO  [BrowserSelenium] EXIT --> (_parseElementOnXpath)
17:17:45,806 INFO  [BrowserSelenium] EXIT --> (_getByLocator)
17:18:15,956 INFO  [BrowserSelenium] ENTER --> (_getByLocator)
17:18:15,956 INFO  [BrowserSelenium] (_getByLocator) -> Getting locator for null
17:18:15,956 INFO  [BrowserSelenium] (_getByLocator) -> Locator info found for XPATH attribute as: //a[@href='/jbilling/config/index']
17:18:15,956 INFO  [BrowserSelenium] ENTER --> (_parseElementOnXpath)
17:18:15,956 INFO  [BrowserSelenium] (_parseElementOnXpath) -> //a[@href='/jbilling/config/index'] is used
17:18:15,956 INFO  [BrowserSelenium] EXIT --> (_parseElementOnXpath)
17:18:15,956 INFO  [BrowserSelenium] EXIT --> (_getByLocator)
17:18:15,966 INFO  [BrowserSelenium] ENTER --> (_clickUsingJavaScript)
17:18:15,986 INFO  [BrowserSelenium] EXIT --> (_clickUsingJavaScript)
17:18:15,986 INFO  [BrowserSelenium] EXIT --> (clickLinkText)
17:18:15,986 INFO  [BrowserSelenium] ENTER --> (initElements)
17:18:15,986 INFO  [BrowserSelenium] (initElements) -> ID set to field: 
17:18:15,986 INFO  [BrowserSelenium] (initElements) -> Name set to field: 
17:18:15,986 INFO  [BrowserSelenium] (initElements) -> CSS set to field: 
17:18:15,986 INFO  [BrowserSelenium] (initElements) -> XPath set to field: //div[@class='menu-items']/ul/li
17:18:15,986 INFO  [BrowserSelenium] (initElements) -> ID set to field: 
17:18:15,986 INFO  [BrowserSelenium] (initElements) -> Name set to field: 
17:18:15,986 INFO  [BrowserSelenium] (initElements) -> CSS set to field: 
17:18:15,986 INFO  [BrowserSelenium] (initElements) -> XPath set to field: //div[@id='column1']/div[@class='table-box']/table/tbody//td/a/strong
17:18:15,986 INFO  [BrowserSelenium] (initElements) -> ID set to field: 
17:18:15,986 INFO  [BrowserSelenium] (initElements) -> Name set to field: 
17:18:15,986 INFO  [BrowserSelenium] (initElements) -> CSS set to field: 
17:18:15,986 INFO  [BrowserSelenium] (initElements) -> XPath set to field: //span[text()='Add New']
17:18:15,986 INFO  [BrowserSelenium] (initElements) -> ID set to field: 
17:18:15,986 INFO  [BrowserSelenium] (initElements) -> Name set to field: 
17:18:15,986 INFO  [BrowserSelenium] (initElements) -> CSS set to field: 
17:18:15,986 INFO  [BrowserSelenium] (initElements) -> XPath set to field: //span[text()='Save Changes']
17:18:15,986 INFO  [BrowserSelenium] (initElements) -> ID set to field: 
17:18:15,986 INFO  [BrowserSelenium] (initElements) -> Name set to field: 
17:18:15,986 INFO  [BrowserSelenium] (initElements) -> CSS set to field: 
17:18:15,986 INFO  [BrowserSelenium] (initElements) -> XPath set to field: //span[text()='Cancel']
17:18:15,986 INFO  [BrowserSelenium] (initElements) -> ID set to field: 
17:18:15,986 INFO  [BrowserSelenium] (initElements) -> Name set to field: 
17:18:15,986 INFO  [BrowserSelenium] (initElements) -> CSS set to field: 
17:18:15,986 INFO  [BrowserSelenium] (initElements) -> XPath set to field: //span[text()='Upload File']
17:18:15,986 INFO  [BrowserSelenium] (initElements) -> ID set to field: 
17:18:15,986 INFO  [BrowserSelenium] (initElements) -> Name set to field: 
17:18:15,986 INFO  [BrowserSelenium] (initElements) -> CSS set to field: 
17:18:15,986 INFO  [BrowserSelenium] (initElements) -> XPath set to field: //input[@type='file']
17:18:15,986 INFO  [BrowserSelenium] (initElements) -> ID set to field: 
17:18:15,986 INFO  [BrowserSelenium] (initElements) -> Name set to field: 
17:18:15,986 INFO  [BrowserSelenium] (initElements) -> CSS set to field: 
17:18:15,986 INFO  [BrowserSelenium] (initElements) -> XPath set to field: //span[contains(text(),'Edit')]
17:18:15,986 INFO  [BrowserSelenium] (initElements) -> ID set to field: 
17:18:15,986 INFO  [BrowserSelenium] (initElements) -> Name set to field: 
17:18:15,986 INFO  [BrowserSelenium] (initElements) -> CSS set to field: 
17:18:15,986 INFO  [BrowserSelenium] (initElements) -> XPath set to field: //a[@class='submit save']
17:18:15,986 INFO  [BrowserSelenium] (initElements) -> ID set to field: 
17:18:15,986 INFO  [BrowserSelenium] (initElements) -> Name set to field: 
17:18:15,986 INFO  [BrowserSelenium] (initElements) -> CSS set to field: 
17:18:15,986 INFO  [BrowserSelenium] (initElements) -> XPath set to field: //select[@id='typeId']
17:18:15,996 INFO  [BrowserSelenium] (initElements) -> ID set to field: 
17:18:15,996 INFO  [BrowserSelenium] (initElements) -> Name set to field: 
17:18:15,996 INFO  [BrowserSelenium] (initElements) -> CSS set to field: 
17:18:15,996 INFO  [BrowserSelenium] (initElements) -> XPath set to field: //input[@id='processingOrder']
17:18:15,996 INFO  [BrowserSelenium] (initElements) -> ID set to field: 
17:18:15,996 INFO  [BrowserSelenium] (initElements) -> Name set to field: 
17:18:15,996 INFO  [BrowserSelenium] (initElements) -> CSS set to field: 
17:18:15,996 INFO  [BrowserSelenium] (initElements) -> XPath set to field: //input[@id='name']
17:18:15,996 INFO  [BrowserSelenium] (initElements) -> ID set to field: 
17:18:15,996 INFO  [BrowserSelenium] (initElements) -> Name set to field: 
17:18:15,996 INFO  [BrowserSelenium] (initElements) -> CSS set to field: 
17:18:15,996 INFO  [BrowserSelenium] (initElements) -> XPath set to field: //input[@id='plgDynamic.1.name']
17:18:15,996 INFO  [BrowserSelenium] (initElements) -> ID set to field: 
17:18:15,996 INFO  [BrowserSelenium] (initElements) -> Name set to field: 
17:18:15,996 INFO  [BrowserSelenium] (initElements) -> CSS set to field: 
17:18:15,996 INFO  [BrowserSelenium] (initElements) -> XPath set to field: //input[@id='plgDynamic.1.value']
17:18:15,996 INFO  [BrowserSelenium] (initElements) -> ID set to field: 
17:18:15,996 INFO  [BrowserSelenium] (initElements) -> Name set to field: 
17:18:15,996 INFO  [BrowserSelenium] (initElements) -> CSS set to field: 
17:18:15,996 INFO  [BrowserSelenium] (initElements) -> XPath set to field: //img[@alt='add']
17:18:15,996 INFO  [BrowserSelenium] (initElements) -> ID set to field: 
17:18:15,996 INFO  [BrowserSelenium] (initElements) -> Name set to field: 
17:18:15,996 INFO  [BrowserSelenium] (initElements) -> CSS set to field: 
17:18:15,996 INFO  [BrowserSelenium] (initElements) -> XPath set to field: //img[@alt='remove']
17:18:15,996 INFO  [BrowserSelenium] (initElements) -> ID set to field: 
17:18:15,996 INFO  [BrowserSelenium] (initElements) -> Name set to field: 
17:18:15,996 INFO  [BrowserSelenium] (initElements) -> CSS set to field: 
17:18:15,996 INFO  [BrowserSelenium] (initElements) -> XPath set to field: //span[text()='Save Plug-in']
17:18:15,996 INFO  [BrowserSelenium] (initElements) -> ID set to field: 
17:18:15,996 INFO  [BrowserSelenium] (initElements) -> Name set to field: 
17:18:15,996 INFO  [BrowserSelenium] (initElements) -> CSS set to field: 
17:18:15,996 INFO  [BrowserSelenium] (initElements) -> XPath set to field: //input[@id='nextRunDate']
17:18:15,996 INFO  [BrowserSelenium] (initElements) -> ID set to field: 
17:18:15,996 INFO  [BrowserSelenium] (initElements) -> Name set to field: 
17:18:15,996 INFO  [BrowserSelenium] (initElements) -> CSS set to field: 
17:18:15,996 INFO  [BrowserSelenium] (initElements) -> XPath set to field: //input[@id='generateReport']
17:18:15,996 INFO  [BrowserSelenium] (initElements) -> ID set to field: 
17:18:15,996 INFO  [BrowserSelenium] (initElements) -> Name set to field: 
17:18:15,996 INFO  [BrowserSelenium] (initElements) -> CSS set to field: 
17:18:15,996 INFO  [BrowserSelenium] (initElements) -> XPath set to field: //select[@id='periodUnitId']
17:18:15,996 INFO  [BrowserSelenium] (initElements) -> ID set to field: 
17:18:15,996 INFO  [BrowserSelenium] (initElements) -> Name set to field: 
17:18:15,996 INFO  [BrowserSelenium] (initElements) -> CSS set to field: 
17:18:15,996 INFO  [BrowserSelenium] (initElements) -> XPath set to field: //select[@id='usagePool.consumptionActions.1.type']
17:18:15,996 INFO  [BrowserSelenium] (initElements) -> ID set to field: 
17:18:15,996 INFO  [BrowserSelenium] (initElements) -> Name set to field: 
17:18:15,996 INFO  [BrowserSelenium] (initElements) -> CSS set to field: 
17:18:15,996 INFO  [BrowserSelenium] (initElements) -> XPath set to field: //select[@id='usagePool.consumptionActions.1.notificationId']
17:18:15,996 INFO  [BrowserSelenium] (initElements) -> ID set to field: 
17:18:15,996 INFO  [BrowserSelenium] (initElements) -> Name set to field: 
17:18:15,996 INFO  [BrowserSelenium] (initElements) -> CSS set to field: 
17:18:15,996 INFO  [BrowserSelenium] (initElements) -> XPath set to field: //select[@id='usagePool.consumptionActions.1.mediumType']
17:18:15,996 INFO  [BrowserSelenium] (initElements) -> ID set to field: 
17:18:15,996 INFO  [BrowserSelenium] (initElements) -> Name set to field: 
17:18:15,996 INFO  [BrowserSelenium] (initElements) -> CSS set to field: 
17:18:15,996 INFO  [BrowserSelenium] (initElements) -> XPath set to field: //select[@id='usagePool.consumptionActions.2.type']
17:18:15,996 INFO  [BrowserSelenium] (initElements) -> ID set to field: 
17:18:16,006 INFO  [BrowserSelenium] (initElements) -> Name set to field: 
17:18:16,006 INFO  [BrowserSelenium] (initElements) -> CSS set to field: 
17:18:16,006 INFO  [BrowserSelenium] (initElements) -> XPath set to field: //select[@id = 'usagePool.itemTypes']
17:18:16,006 INFO  [BrowserSelenium] (initElements) -> ID set to field: 
17:18:16,006 INFO  [BrowserSelenium] (initElements) -> Name set to field: 
17:18:16,006 INFO  [BrowserSelenium] (initElements) -> CSS set to field: 
17:18:16,006 INFO  [BrowserSelenium] (initElements) -> XPath set to field: //select[@id = 'usagePool.items']
17:18:16,006 INFO  [BrowserSelenium] (initElements) -> ID set to field: 
17:18:16,006 INFO  [BrowserSelenium] (initElements) -> Name set to field: 
17:18:16,006 INFO  [BrowserSelenium] (initElements) -> CSS set to field: 
17:18:16,006 INFO  [BrowserSelenium] (initElements) -> XPath set to field: //input[@id='maximumPeriods']
17:18:16,006 INFO  [BrowserSelenium] (initElements) -> ID set to field: 
17:18:16,006 INFO  [BrowserSelenium] (initElements) -> Name set to field: 
17:18:16,006 INFO  [BrowserSelenium] (initElements) -> CSS set to field: 
17:18:16,006 INFO  [BrowserSelenium] (initElements) -> XPath set to field: //input[@id='billing.proratingType.neverProrating']
17:18:16,006 INFO  [BrowserSelenium] (initElements) -> ID set to field: 
17:18:16,006 INFO  [BrowserSelenium] (initElements) -> Name set to field: 
17:18:16,006 INFO  [BrowserSelenium] (initElements) -> CSS set to field: 
17:18:16,006 INFO  [BrowserSelenium] (initElements) -> XPath set to field: //span[text()='Run Commission Process']
17:18:16,006 INFO  [BrowserSelenium] (initElements) -> ID set to field: 
17:18:16,006 INFO  [BrowserSelenium] (initElements) -> Name set to field: 
17:18:16,006 INFO  [BrowserSelenium] (initElements) -> CSS set to field: 
17:18:16,006 INFO  [BrowserSelenium] (initElements) -> XPath set to field: //span[text()='Run Billing']
17:18:16,006 INFO  [BrowserSelenium] (initElements) -> ID set to field: 
17:18:16,006 INFO  [BrowserSelenium] (initElements) -> Name set to field: 
17:18:16,006 INFO  [BrowserSelenium] (initElements) -> CSS set to field: 
17:18:16,006 INFO  [BrowserSelenium] (initElements) -> XPath set to field: //input[@id='obj[0].statusStr']
17:18:16,006 INFO  [BrowserSelenium] (initElements) -> ID set to field: 
17:18:16,006 INFO  [BrowserSelenium] (initElements) -> Name set to field: 
17:18:16,006 INFO  [BrowserSelenium] (initElements) -> CSS set to field: 
17:18:16,006 INFO  [BrowserSelenium] (initElements) -> XPath set to field: //input[@id='obj[0].days']
17:18:16,006 INFO  [BrowserSelenium] (initElements) -> ID set to field: 
17:18:16,006 INFO  [BrowserSelenium] (initElements) -> Name set to field: 
17:18:16,006 INFO  [BrowserSelenium] (initElements) -> CSS set to field: 
17:18:16,006 INFO  [BrowserSelenium] (initElements) -> XPath set to field: //input[@id='obj[0].sendNotification']
17:18:16,006 INFO  [BrowserSelenium] (initElements) -> ID set to field: 
17:18:16,006 INFO  [BrowserSelenium] (initElements) -> Name set to field: 
17:18:16,006 INFO  [BrowserSelenium] (initElements) -> CSS set to field: 
17:18:16,006 INFO  [BrowserSelenium] (initElements) -> XPath set to field: //input[@id='obj[0].paymentRetry']
17:18:16,006 INFO  [BrowserSelenium] (initElements) -> ID set to field: 
17:18:16,006 INFO  [BrowserSelenium] (initElements) -> Name set to field: 
17:18:16,006 INFO  [BrowserSelenium] (initElements) -> CSS set to field: 
17:18:16,006 INFO  [BrowserSelenium] (initElements) -> XPath set to field: //input[@id='obj[0].suspended']
17:18:16,006 INFO  [BrowserSelenium] (initElements) -> ID set to field: 
17:18:16,006 INFO  [BrowserSelenium] (initElements) -> Name set to field: 
17:18:16,006 INFO  [BrowserSelenium] (initElements) -> CSS set to field: 
17:18:16,006 INFO  [BrowserSelenium] (initElements) -> XPath set to field: //table[@id='ageingStepTable']/tbody/tr[2]/td[1]/strong
17:18:16,006 INFO  [BrowserSelenium] (initElements) -> ID set to field: 
17:18:16,006 INFO  [BrowserSelenium] (initElements) -> Name set to field: 
17:18:16,006 INFO  [BrowserSelenium] (initElements) -> CSS set to field: 
17:18:16,006 INFO  [BrowserSelenium] (initElements) -> XPath set to field: //input[@id='obj[1].statusStr']
17:18:16,006 INFO  [BrowserSelenium] (initElements) -> ID set to field: 
17:18:16,006 INFO  [BrowserSelenium] (initElements) -> Name set to field: 
17:18:16,016 INFO  [BrowserSelenium] (initElements) -> CSS set to field: 
17:18:16,016 INFO  [BrowserSelenium] (initElements) -> XPath set to field: //input[@id='obj[1].days']
17:18:16,016 INFO  [BrowserSelenium] (initElements) -> ID set to field: 
17:18:16,016 INFO  [BrowserSelenium] (initElements) -> Name set to field: 
17:18:16,016 INFO  [BrowserSelenium] (initElements) -> CSS set to field: 
17:18:16,016 INFO  [BrowserSelenium] (initElements) -> XPath set to field: //input[@id='obj[1].sendNotification']
17:18:16,016 INFO  [BrowserSelenium] (initElements) -> ID set to field: 
17:18:16,016 INFO  [BrowserSelenium] (initElements) -> Name set to field: 
17:18:16,016 INFO  [BrowserSelenium] (initElements) -> CSS set to field: 
17:18:16,016 INFO  [BrowserSelenium] (initElements) -> XPath set to field: //input[@id='obj[1].paymentRetry']
17:18:16,016 INFO  [BrowserSelenium] (initElements) -> ID set to field: 
17:18:16,016 INFO  [BrowserSelenium] (initElements) -> Name set to field: 
17:18:16,016 INFO  [BrowserSelenium] (initElements) -> CSS set to field: 
17:18:16,016 INFO  [BrowserSelenium] (initElements) -> XPath set to field: //input[@id='obj[1].suspended']
17:18:16,016 INFO  [BrowserSelenium] (initElements) -> ID set to field: 
17:18:16,016 INFO  [BrowserSelenium] (initElements) -> Name set to field: 
17:18:16,016 INFO  [BrowserSelenium] (initElements) -> CSS set to field: 
17:18:16,016 INFO  [BrowserSelenium] (initElements) -> XPath set to field: //input[@id='obj[2].statusStr']
17:18:16,016 INFO  [BrowserSelenium] (initElements) -> ID set to field: 
17:18:16,016 INFO  [BrowserSelenium] (initElements) -> Name set to field: 
17:18:16,016 INFO  [BrowserSelenium] (initElements) -> CSS set to field: 
17:18:16,016 INFO  [BrowserSelenium] (initElements) -> XPath set to field: //input[@id='obj[2].days']
17:18:16,016 INFO  [BrowserSelenium] (initElements) -> ID set to field: 
17:18:16,016 INFO  [BrowserSelenium] (initElements) -> Name set to field: 
17:18:16,016 INFO  [BrowserSelenium] (initElements) -> CSS set to field: 
17:18:16,016 INFO  [BrowserSelenium] (initElements) -> XPath set to field: //input[@id='obj[2].sendNotification']
17:18:16,016 INFO  [BrowserSelenium] (initElements) -> ID set to field: 
17:18:16,016 INFO  [BrowserSelenium] (initElements) -> Name set to field: 
17:18:16,016 INFO  [BrowserSelenium] (initElements) -> CSS set to field: 
17:18:16,016 INFO  [BrowserSelenium] (initElements) -> XPath set to field: //input[@id='obj[2].sendNotification']
17:18:16,016 INFO  [BrowserSelenium] (initElements) -> ID set to field: 
17:18:16,016 INFO  [BrowserSelenium] (initElements) -> Name set to field: 
17:18:16,016 INFO  [BrowserSelenium] (initElements) -> CSS set to field: 
17:18:16,016 INFO  [BrowserSelenium] (initElements) -> XPath set to field: //input[@id='obj[2].suspended']
17:18:16,016 INFO  [BrowserSelenium] (initElements) -> ID set to field: 
17:18:16,016 INFO  [BrowserSelenium] (initElements) -> Name set to field: 
17:18:16,016 INFO  [BrowserSelenium] (initElements) -> CSS set to field: 
17:18:16,016 INFO  [BrowserSelenium] (initElements) -> XPath set to field: //input[@id='obj[3].statusStr']
17:18:16,016 INFO  [BrowserSelenium] (initElements) -> ID set to field: 
17:18:16,016 INFO  [BrowserSelenium] (initElements) -> Name set to field: 
17:18:16,016 INFO  [BrowserSelenium] (initElements) -> CSS set to field: 
17:18:16,016 INFO  [BrowserSelenium] (initElements) -> XPath set to field: //input[@id='obj[3].days']
17:18:16,016 INFO  [BrowserSelenium] (initElements) -> ID set to field: 
17:18:16,016 INFO  [BrowserSelenium] (initElements) -> Name set to field: 
17:18:16,016 INFO  [BrowserSelenium] (initElements) -> CSS set to field: 
17:18:16,016 INFO  [BrowserSelenium] (initElements) -> XPath set to field: //input[@id='obj[3].sendNotification']
17:18:16,026 INFO  [BrowserSelenium] (initElements) -> ID set to field: 
17:18:16,026 INFO  [BrowserSelenium] (initElements) -> Name set to field: 
17:18:16,026 INFO  [BrowserSelenium] (initElements) -> CSS set to field: 
17:18:16,026 INFO  [BrowserSelenium] (initElements) -> XPath set to field: //input[@id='obj[3].paymentRetry']
17:18:16,026 INFO  [BrowserSelenium] (initElements) -> ID set to field: 
17:18:16,026 INFO  [BrowserSelenium] (initElements) -> Name set to field: 
17:18:16,026 INFO  [BrowserSelenium] (initElements) -> CSS set to field: 
17:18:16,026 INFO  [BrowserSelenium] (initElements) -> XPath set to field: //input[@name='obj[1].description_1']
17:18:16,026 INFO  [BrowserSelenium] (initElements) -> ID set to field: 
17:18:16,026 INFO  [BrowserSelenium] (initElements) -> Name set to field: 
17:18:16,026 INFO  [BrowserSelenium] (initElements) -> CSS set to field: 
17:18:16,026 INFO  [BrowserSelenium] (initElements) -> XPath set to field: //input[@name='obj[2].description_1']
17:18:16,026 INFO  [BrowserSelenium] (initElements) -> ID set to field: 
17:18:16,026 INFO  [BrowserSelenium] (initElements) -> Name set to field: 
17:18:16,026 INFO  [BrowserSelenium] (initElements) -> CSS set to field: 
17:18:16,026 INFO  [BrowserSelenium] (initElements) -> XPath set to field: //input[@name='obj[3].description_1']
17:18:16,026 INFO  [BrowserSelenium] (initElements) -> ID set to field: 
17:18:16,026 INFO  [BrowserSelenium] (initElements) -> Name set to field: 
17:18:16,026 INFO  [BrowserSelenium] (initElements) -> CSS set to field: 
17:18:16,026 INFO  [BrowserSelenium] (initElements) -> XPath set to field: //input[@id='obj[3].suspended']
17:18:16,026 INFO  [BrowserSelenium] (initElements) -> ID set to field: 
17:18:16,026 INFO  [BrowserSelenium] (initElements) -> Name set to field: 
17:18:16,026 INFO  [BrowserSelenium] (initElements) -> CSS set to field: 
17:18:16,026 INFO  [BrowserSelenium] (initElements) -> XPath set to field: //input[@id='collectionsRunDate']
17:18:16,026 INFO  [BrowserSelenium] (initElements) -> ID set to field: 
17:18:16,026 INFO  [BrowserSelenium] (initElements) -> Name set to field: 
17:18:16,026 INFO  [BrowserSelenium] (initElements) -> CSS set to field: 
17:18:16,026 INFO  [BrowserSelenium] (initElements) -> XPath set to field: //input[@id='run' and @value='Run Collections']
17:18:16,026 INFO  [BrowserSelenium] (initElements) -> ID set to field: 
17:18:16,026 INFO  [BrowserSelenium] (initElements) -> Name set to field: 
17:18:16,026 INFO  [BrowserSelenium] (initElements) -> CSS set to field: 
17:18:16,026 INFO  [BrowserSelenium] (initElements) -> XPath set to field: //span[text()='Run Collections']
17:18:16,026 INFO  [BrowserSelenium] (initElements) -> ID set to field: 
17:18:16,026 INFO  [BrowserSelenium] (initElements) -> Name set to field: 
17:18:16,026 INFO  [BrowserSelenium] (initElements) -> CSS set to field: 
17:18:16,026 INFO  [BrowserSelenium] (initElements) -> XPath set to field: //img[@alt='add']
17:18:16,026 INFO  [BrowserSelenium] (initElements) -> ID set to field: 
17:18:16,026 INFO  [BrowserSelenium] (initElements) -> Name set to field: 
17:18:16,026 INFO  [BrowserSelenium] (initElements) -> CSS set to field: 
17:18:16,026 INFO  [BrowserSelenium] (initElements) -> XPath set to field: //table[@id='users']/tbody//td/a/strong
17:18:16,026 INFO  [BrowserSelenium] (initElements) -> ID set to field: 
17:18:16,026 INFO  [BrowserSelenium] (initElements) -> Name set to field: 
17:18:16,036 INFO  [BrowserSelenium] (initElements) -> CSS set to field: 
17:18:16,036 INFO  [BrowserSelenium] (initElements) -> XPath set to field: //table[@id='usagePools']/tbody//td/a/strong
17:18:16,036 INFO  [BrowserSelenium] (initElements) -> ID set to field: 
17:18:16,036 INFO  [BrowserSelenium] (initElements) -> Name set to field: 
17:18:16,036 INFO  [BrowserSelenium] (initElements) -> CSS set to field: 
17:18:16,036 INFO  [BrowserSelenium] (initElements) -> XPath set to field: //table[@id='data_grid_column1']/tbody//td/div
17:18:16,036 INFO  [BrowserSelenium] (initElements) -> ID set to field: 
17:18:16,036 INFO  [BrowserSelenium] (initElements) -> Name set to field: 
17:18:16,036 INFO  [BrowserSelenium] (initElements) -> CSS set to field: 
17:18:16,036 INFO  [BrowserSelenium] (initElements) -> XPath set to field: //table[@id='users']
17:18:16,036 INFO  [BrowserSelenium] (initElements) -> ID set to field: 
17:18:16,036 INFO  [BrowserSelenium] (initElements) -> Name set to field: 
17:18:16,036 INFO  [BrowserSelenium] (initElements) -> CSS set to field: 
17:18:16,036 INFO  [BrowserSelenium] (initElements) -> XPath set to field: //table[@id='users']/tbody//td/a/strong
17:18:16,036 INFO  [BrowserSelenium] (initElements) -> ID set to field: 
17:18:16,036 INFO  [BrowserSelenium] (initElements) -> Name set to field: 
17:18:16,036 INFO  [BrowserSelenium] (initElements) -> CSS set to field: 
17:18:16,036 INFO  [BrowserSelenium] (initElements) -> XPath set to field: //span[text()='Permissions']
17:18:16,036 INFO  [BrowserSelenium] (initElements) -> ID set to field: 
17:18:16,036 INFO  [BrowserSelenium] (initElements) -> Name set to field: 
17:18:16,036 INFO  [BrowserSelenium] (initElements) -> CSS set to field: 
17:18:16,036 INFO  [BrowserSelenium] (initElements) -> XPath set to field: //label[contains(text(),'Edit plug-in')]/preceding-sibling::input[@type='box']
17:18:16,036 INFO  [BrowserSelenium] (initElements) -> ID set to field: 
17:18:16,036 INFO  [BrowserSelenium] (initElements) -> Name set to field: 
17:18:16,036 INFO  [BrowserSelenium] (initElements) -> CSS set to field: 
17:18:16,036 INFO  [BrowserSelenium] (initElements) -> XPath set to field: //input[@id = 'permission.1902']
17:18:16,036 INFO  [BrowserSelenium] (initElements) -> ID set to field: 
17:18:16,036 INFO  [BrowserSelenium] (initElements) -> Name set to field: 
17:18:16,036 INFO  [BrowserSelenium] (initElements) -> CSS set to field: 
17:18:16,036 INFO  [BrowserSelenium] (initElements) -> XPath set to field: //label[contains(text(),'Edit payment')]/preceding-sibling::input[@type='checkbox']
17:18:16,036 INFO  [BrowserSelenium] (initElements) -> ID set to field: 
17:18:16,036 INFO  [BrowserSelenium] (initElements) -> Name set to field: 
17:18:16,036 INFO  [BrowserSelenium] (initElements) -> CSS set to field: 
17:18:16,036 INFO  [BrowserSelenium] (initElements) -> XPath set to field: //label[contains(text(),'Delete payment')]/preceding-sibling::input[@type='checkbox']
17:18:16,036 INFO  [BrowserSelenium] (initElements) -> ID set to field: 
17:18:16,036 INFO  [BrowserSelenium] (initElements) -> Name set to field: 
17:18:16,036 INFO  [BrowserSelenium] (initElements) -> CSS set to field: 
17:18:16,036 INFO  [BrowserSelenium] (initElements) -> XPath set to field: //span[contains(text(),'Copy Company')]
17:18:16,036 INFO  [BrowserSelenium] (initElements) -> ID set to field: 
17:18:16,036 INFO  [BrowserSelenium] (initElements) -> Name set to field: 
17:18:16,036 INFO  [BrowserSelenium] (initElements) -> CSS set to field: 
17:18:16,036 INFO  [BrowserSelenium] (initElements) -> XPath set to field: //input[@id='isCompanyChild']
17:18:16,036 INFO  [BrowserSelenium] (initElements) -> ID set to field: 
17:18:16,036 INFO  [BrowserSelenium] (initElements) -> Name set to field: 
17:18:16,036 INFO  [BrowserSelenium] (initElements) -> CSS set to field: 
17:18:16,036 INFO  [BrowserSelenium] (initElements) -> XPath set to field: //input[@id='childCompany']
17:18:16,036 INFO  [BrowserSelenium] (initElements) -> ID set to field: 
17:18:16,036 INFO  [BrowserSelenium] (initElements) -> Name set to field: 
17:18:16,036 INFO  [BrowserSelenium] (initElements) -> CSS set to field: 
17:18:16,036 INFO  [BrowserSelenium] (initElements) -> XPath set to field: //button/span[text()='Yes']
17:18:16,036 INFO  [BrowserSelenium] (initElements) -> ID set to field: 
17:18:16,036 INFO  [BrowserSelenium] (initElements) -> Name set to field: 
17:18:16,036 INFO  [BrowserSelenium] (initElements) -> CSS set to field: 
17:18:16,036 INFO  [BrowserSelenium] (initElements) -> XPath set to field: //button/span[text()='No']
17:18:16,036 INFO  [BrowserSelenium] (initElements) -> ID set to field: 
17:18:16,036 INFO  [BrowserSelenium] (initElements) -> Name set to field: 
17:18:16,036 INFO  [BrowserSelenium] (initElements) -> CSS set to field: 
17:18:16,036 INFO  [BrowserSelenium] (initElements) -> XPath set to field: //strong[text()='Done']/../p
17:18:16,036 INFO  [BrowserSelenium] (initElements) -> ID set to field: 
17:18:16,036 INFO  [BrowserSelenium] (initElements) -> Name set to field: 
17:18:16,036 INFO  [BrowserSelenium] (initElements) -> CSS set to field: 
17:18:16,036 INFO  [BrowserSelenium] (initElements) -> XPath set to field: //input[@id='name']
17:18:16,036 INFO  [BrowserSelenium] (initElements) -> ID set to field: 
17:18:16,036 INFO  [BrowserSelenium] (initElements) -> Name set to field: 
17:18:16,036 INFO  [BrowserSelenium] (initElements) -> CSS set to field: 
17:18:16,036 INFO  [BrowserSelenium] (initElements) -> XPath set to field: //input[@id='orderValue']
17:18:16,036 INFO  [BrowserSelenium] (initElements) -> ID set to field: 
17:18:16,036 INFO  [BrowserSelenium] (initElements) -> Name set to field: 
17:18:16,036 INFO  [BrowserSelenium] (initElements) -> CSS set to field: 
17:18:16,036 INFO  [BrowserSelenium] (initElements) -> XPath set to field: //select[@id='mediationJobLauncher']
17:18:16,036 INFO  [BrowserSelenium] (initElements) -> ID set to field: 
17:18:16,036 INFO  [BrowserSelenium] (initElements) -> Name set to field: 
17:18:16,036 INFO  [BrowserSelenium] (initElements) -> CSS set to field: 
17:18:16,036 INFO  [BrowserSelenium] (initElements) -> XPath set to field: //input[@id='global']
17:18:16,036 INFO  [BrowserSelenium] (initElements) -> ID set to field: 
17:18:16,036 INFO  [BrowserSelenium] (initElements) -> Name set to field: 
17:18:16,036 INFO  [BrowserSelenium] (initElements) -> CSS set to field: 
17:18:16,036 INFO  [BrowserSelenium] (initElements) -> XPath set to field: //span[text()='Run Mediation']
17:18:16,036 INFO  [BrowserSelenium] (initElements) -> ID set to field: 
17:18:16,036 INFO  [BrowserSelenium] (initElements) -> Name set to field: 
17:18:16,036 INFO  [BrowserSelenium] (initElements) -> CSS set to field: 
17:18:16,036 INFO  [BrowserSelenium] (initElements) -> XPath set to field: //input[@id='description']
17:18:16,036 INFO  [BrowserSelenium] (initElements) -> ID set to field: 
17:18:16,036 INFO  [BrowserSelenium] (initElements) -> Name set to field: 
17:18:16,036 INFO  [BrowserSelenium] (initElements) -> CSS set to field: 
17:18:16,036 INFO  [BrowserSelenium] (initElements) -> XPath set to field: //select[@id='periodUnitId']
17:18:16,036 INFO  [BrowserSelenium] (initElements) -> ID set to field: 
17:18:16,036 INFO  [BrowserSelenium] (initElements) -> Name set to field: 
17:18:16,036 INFO  [BrowserSelenium] (initElements) -> CSS set to field: 
17:18:16,036 INFO  [BrowserSelenium] (initElements) -> XPath set to field: //input[@id='value']
17:18:16,036 INFO  [BrowserSelenium] (initElements) -> ID set to field: 
17:18:16,036 INFO  [BrowserSelenium] (initElements) -> Name set to field: 
17:18:16,036 INFO  [BrowserSelenium] (initElements) -> CSS set to field: 
17:18:16,036 INFO  [BrowserSelenium] (initElements) -> XPath set to field: //strong[text()='Should use JQGrid for tables']/parent::a
17:18:16,036 INFO  [BrowserSelenium] (initElements) -> ID set to field: 
17:18:16,036 INFO  [BrowserSelenium] (initElements) -> Name set to field: 
17:18:16,036 INFO  [BrowserSelenium] (initElements) -> CSS set to field: 
17:18:16,046 INFO  [BrowserSelenium] (initElements) -> XPath set to field: //div[text()='Should use JQGrid for tables']/parent::td
17:18:16,046 INFO  [BrowserSelenium] (initElements) -> ID set to field: 
17:18:16,046 INFO  [BrowserSelenium] (initElements) -> Name set to field: 
17:18:16,046 INFO  [BrowserSelenium] (initElements) -> CSS set to field: 
17:18:16,046 INFO  [BrowserSelenium] (initElements) -> XPath set to field: //strong[text()='ITG invoice notification']/parent::a
17:18:16,046 INFO  [BrowserSelenium] (initElements) -> ID set to field: 
17:18:16,046 INFO  [BrowserSelenium] (initElements) -> Name set to field: 
17:18:16,046 INFO  [BrowserSelenium] (initElements) -> CSS set to field: 
17:18:16,046 INFO  [BrowserSelenium] (initElements) -> XPath set to field: //input[@id='preference.value']
17:18:16,046 INFO  [BrowserSelenium] (initElements) -> ID set to field: 
17:18:16,046 INFO  [BrowserSelenium] (initElements) -> Name set to field: 
17:18:16,046 INFO  [BrowserSelenium] (initElements) -> CSS set to field: 
17:18:16,046 INFO  [BrowserSelenium] (initElements) -> XPath set to field: //input[@id='description']
17:18:16,046 INFO  [BrowserSelenium] (initElements) -> ID set to field: 
17:18:16,046 INFO  [BrowserSelenium] (initElements) -> Name set to field: 
17:18:16,046 INFO  [BrowserSelenium] (initElements) -> CSS set to field: 
17:18:16,046 INFO  [BrowserSelenium] (initElements) -> XPath set to field: //input[@id='mainSubscription.nextInvoiceDayOfPeriod']
17:18:16,046 INFO  [BrowserSelenium] (initElements) -> ID set to field: 
17:18:16,046 INFO  [BrowserSelenium] (initElements) -> Name set to field: 
17:18:16,046 INFO  [BrowserSelenium] (initElements) -> CSS set to field: 
17:18:16,046 INFO  [BrowserSelenium] (initElements) -> XPath set to field: //input[@id='invoiceDesign']
17:18:16,046 INFO  [BrowserSelenium] (initElements) -> ID set to field: 
17:18:16,046 INFO  [BrowserSelenium] (initElements) -> Name set to field: 
17:18:16,046 INFO  [BrowserSelenium] (initElements) -> CSS set to field: 
17:18:16,046 INFO  [BrowserSelenium] (initElements) -> XPath set to field: //table[@id='periods']
17:18:16,046 INFO  [BrowserSelenium] (initElements) -> ID set to field: 
17:18:16,046 INFO  [BrowserSelenium] (initElements) -> Name set to field: 
17:18:16,046 INFO  [BrowserSelenium] (initElements) -> CSS set to field: 
17:18:16,046 INFO  [BrowserSelenium] (initElements) -> XPath set to field: //input[@class='cb checkbox']
17:18:16,046 INFO  [BrowserSelenium] (initElements) -> ID set to field: 
17:18:16,046 INFO  [BrowserSelenium] (initElements) -> Name set to field: 
17:18:16,046 INFO  [BrowserSelenium] (initElements) -> CSS set to field: 
17:18:16,046 INFO  [BrowserSelenium] (initElements) -> XPath set to field: //table[@id='periods']/tbody//td/a/strong
17:18:16,046 INFO  [BrowserSelenium] (initElements) -> ID set to field: 
17:18:16,046 INFO  [BrowserSelenium] (initElements) -> Name set to field: 
17:18:16,046 INFO  [BrowserSelenium] (initElements) -> CSS set to field: 
17:18:16,046 INFO  [BrowserSelenium] (initElements) -> XPath set to field: //table[@id='categories']
17:18:16,046 INFO  [BrowserSelenium] (initElements) -> ID set to field: 
17:18:16,046 INFO  [BrowserSelenium] (initElements) -> Name set to field: 
17:18:16,046 INFO  [BrowserSelenium] (initElements) -> CSS set to field: 
17:18:16,046 INFO  [BrowserSelenium] (initElements) -> XPath set to field: //table[@id='periods']/tbody/tr[1]/td/a[1]/strong
17:18:16,046 INFO  [BrowserSelenium] (initElements) -> ID set to field: 
17:18:16,046 INFO  [BrowserSelenium] (initElements) -> Name set to field: 
17:18:16,046 INFO  [BrowserSelenium] (initElements) -> CSS set to field: 
17:18:16,046 INFO  [BrowserSelenium] (initElements) -> XPath set to field: //span[text()='Add Information Type']
17:18:16,046 INFO  [BrowserSelenium] (initElements) -> ID set to field: 
17:18:16,046 INFO  [BrowserSelenium] (initElements) -> Name set to field: 
17:18:16,046 INFO  [BrowserSelenium] (initElements) -> CSS set to field: 
17:18:16,046 INFO  [BrowserSelenium] (initElements) -> XPath set to field: //input[@id='name']
17:18:16,046 INFO  [BrowserSelenium] (initElements) -> ID set to field: 
17:18:16,046 INFO  [BrowserSelenium] (initElements) -> Name set to field: 
17:18:16,046 INFO  [BrowserSelenium] (initElements) -> CSS set to field: 
17:18:16,046 INFO  [BrowserSelenium] (initElements) -> XPath set to field: //span[text()='Add New Metafield']
17:18:16,046 INFO  [BrowserSelenium] (initElements) -> ID set to field: 
17:18:16,046 INFO  [BrowserSelenium] (initElements) -> Name set to field: 
17:18:16,046 INFO  [BrowserSelenium] (initElements) -> CSS set to field: 
17:18:16,046 INFO  [BrowserSelenium] (initElements) -> XPath set to field: //span[text()='-']/parent::li
17:18:16,046 INFO  [BrowserSelenium] (initElements) -> ID set to field: 
17:18:16,046 INFO  [BrowserSelenium] (initElements) -> Name set to field: 
17:18:16,046 INFO  [BrowserSelenium] (initElements) -> CSS set to field: 
17:18:16,046 INFO  [BrowserSelenium] (initElements) -> XPath set to field: //span[text()='-']
17:18:16,046 INFO  [BrowserSelenium] (initElements) -> ID set to field: 
17:18:16,046 INFO  [BrowserSelenium] (initElements) -> Name set to field: 
17:18:16,046 INFO  [BrowserSelenium] (initElements) -> CSS set to field: 
17:18:16,046 INFO  [BrowserSelenium] (initElements) -> XPath set to field: //input[@id='metaField0.name']
17:18:16,046 INFO  [BrowserSelenium] (initElements) -> ID set to field: 
17:18:16,046 INFO  [BrowserSelenium] (initElements) -> Name set to field: 
17:18:16,046 INFO  [BrowserSelenium] (initElements) -> CSS set to field: 
17:18:16,046 INFO  [BrowserSelenium] (initElements) -> XPath set to field: //select[@id='fieldType0']
17:18:16,046 INFO  [BrowserSelenium] (initElements) -> ID set to field: 
17:18:16,046 INFO  [BrowserSelenium] (initElements) -> Name set to field: 
17:18:16,046 INFO  [BrowserSelenium] (initElements) -> CSS set to field: 
17:18:16,046 INFO  [BrowserSelenium] (initElements) -> XPath set to field: //li[contains(@class,'active')]/following::li//a/span[contains(text(),'Update')]
17:18:16,046 INFO  [BrowserSelenium] (initElements) -> ID set to field: 
17:18:16,046 INFO  [BrowserSelenium] (initElements) -> Name set to field: 
17:18:16,046 INFO  [BrowserSelenium] (initElements) -> CSS set to field: 
17:18:16,046 INFO  [BrowserSelenium] (initElements) -> XPath set to field: //li[contains(@class,'active')]/following::li//a/span[contains(text(),'Remove')]
17:18:16,046 INFO  [BrowserSelenium] (initElements) -> ID set to field: 
17:18:16,046 INFO  [BrowserSelenium] (initElements) -> Name set to field: 
17:18:16,046 INFO  [BrowserSelenium] (initElements) -> CSS set to field: 
17:18:16,046 INFO  [BrowserSelenium] (initElements) -> XPath set to field: //div[@id='review-box']//span[text()='Save Changes']
17:18:16,046 INFO  [BrowserSelenium] (initElements) -> ID set to field: 
17:18:16,046 INFO  [BrowserSelenium] (initElements) -> Name set to field: 
17:18:16,046 INFO  [BrowserSelenium] (initElements) -> CSS set to field: 
17:18:16,046 INFO  [BrowserSelenium] (initElements) -> XPath set to field: //span[text()='Prices']
17:18:16,046 INFO  [BrowserSelenium] (initElements) -> ID set to field: 
17:18:16,046 INFO  [BrowserSelenium] (initElements) -> Name set to field: 
17:18:16,046 INFO  [BrowserSelenium] (initElements) -> CSS set to field: 
17:18:16,046 INFO  [BrowserSelenium] (initElements) -> XPath set to field: //select[@id='typeId']
17:18:16,046 INFO  [BrowserSelenium] (initElements) -> ID set to field: 
17:18:16,046 INFO  [BrowserSelenium] (initElements) -> Name set to field: 
17:18:16,046 INFO  [BrowserSelenium] (initElements) -> CSS set to field: 
17:18:16,046 INFO  [BrowserSelenium] (initElements) -> XPath set to field: //table[@id='products']
17:18:16,046 INFO  [BrowserSelenium] (initElements) -> ID set to field: 
17:18:16,046 INFO  [BrowserSelenium] (initElements) -> Name set to field: 
17:18:16,046 INFO  [BrowserSelenium] (initElements) -> CSS set to field: 
17:18:16,046 INFO  [BrowserSelenium] (initElements) -> XPath set to field: //table[@id='products']/tbody//td/a/strong
17:18:16,046 INFO  [BrowserSelenium] (initElements) -> ID set to field: 
17:18:16,046 INFO  [BrowserSelenium] (initElements) -> Name set to field: 
17:18:16,046 INFO  [BrowserSelenium] (initElements) -> CSS set to field: 
17:18:16,056 INFO  [BrowserSelenium] (initElements) -> XPath set to field: //span[text()='Add price']
17:18:16,056 INFO  [BrowserSelenium] (initElements) -> ID set to field: 
17:18:16,056 INFO  [BrowserSelenium] (initElements) -> Name set to field: 
17:18:16,056 INFO  [BrowserSelenium] (initElements) -> CSS set to field: 
17:18:16,056 INFO  [BrowserSelenium] (initElements) -> XPath set to field: //input[@id = 'model.0.rateAsDecimal']
17:18:16,056 INFO  [BrowserSelenium] (initElements) -> ID set to field: 
17:18:16,056 INFO  [BrowserSelenium] (initElements) -> Name set to field: 
17:18:16,056 INFO  [BrowserSelenium] (initElements) -> CSS set to field: 
17:18:16,056 INFO  [BrowserSelenium] (initElements) -> XPath set to field: //img[@alt='edit']
17:18:16,056 INFO  [BrowserSelenium] (initElements) -> ID set to field: 
17:18:16,056 INFO  [BrowserSelenium] (initElements) -> Name set to field: 
17:18:16,056 INFO  [BrowserSelenium] (initElements) -> CSS set to field: 
17:18:16,056 INFO  [BrowserSelenium] (initElements) -> XPath set to field: //select[@id='templateId']
17:18:16,056 INFO  [BrowserSelenium] (initElements) -> ID set to field: 
17:18:16,056 INFO  [BrowserSelenium] (initElements) -> Name set to field: 
17:18:16,056 INFO  [BrowserSelenium] (initElements) -> CSS set to field: 
17:18:16,056 INFO  [BrowserSelenium] (initElements) -> XPath set to field: //option[text()='Payment Card']
17:18:16,056 INFO  [BrowserSelenium] (initElements) -> ID set to field: methodName
17:18:16,056 INFO  [BrowserSelenium] (initElements) -> Name set to field: 
17:18:16,056 INFO  [BrowserSelenium] (initElements) -> CSS set to field: 
17:18:16,056 INFO  [BrowserSelenium] (initElements) -> XPath set to field: 
17:18:16,056 INFO  [BrowserSelenium] (initElements) -> ID set to field: isRecurring
17:18:16,056 INFO  [BrowserSelenium] (initElements) -> Name set to field: 
17:18:16,056 INFO  [BrowserSelenium] (initElements) -> CSS set to field: 
17:18:16,056 INFO  [BrowserSelenium] (initElements) -> XPath set to field: 
17:18:16,056 INFO  [BrowserSelenium] (initElements) -> ID set to field: allAccount
17:18:16,056 INFO  [BrowserSelenium] (initElements) -> Name set to field: 
17:18:16,056 INFO  [BrowserSelenium] (initElements) -> CSS set to field: 
17:18:16,056 INFO  [BrowserSelenium] (initElements) -> XPath set to field: 
17:18:16,056 INFO  [BrowserSelenium] (initElements) -> ID set to field: 
17:18:16,056 INFO  [BrowserSelenium] (initElements) -> Name set to field: 
17:18:16,056 INFO  [BrowserSelenium] (initElements) -> CSS set to field: 
17:18:16,056 INFO  [BrowserSelenium] (initElements) -> XPath set to field: //select[@id='accountTypes']
17:18:16,056 INFO  [BrowserSelenium] (initElements) -> ID set to field: 
17:18:16,056 INFO  [BrowserSelenium] (initElements) -> Name set to field: 
17:18:16,056 INFO  [BrowserSelenium] (initElements) -> CSS set to field: 
17:18:16,056 INFO  [BrowserSelenium] (initElements) -> XPath set to field: //span[text()='cc.number']/parent::li
17:18:16,056 INFO  [BrowserSelenium] (initElements) -> ID set to field: 
17:18:16,056 INFO  [BrowserSelenium] (initElements) -> Name set to field: 
17:18:16,056 INFO  [BrowserSelenium] (initElements) -> CSS set to field: 
17:18:16,056 INFO  [BrowserSelenium] (initElements) -> XPath set to field: //span[text() = 'cc.number']
17:18:16,056 INFO  [BrowserSelenium] (initElements) -> ID set to field: 
17:18:16,056 INFO  [BrowserSelenium] (initElements) -> Name set to field: 
17:18:16,056 INFO  [BrowserSelenium] (initElements) -> CSS set to field: 
17:18:16,056 INFO  [BrowserSelenium] (initElements) -> XPath set to field: //span[text()='cc.number']/parent::li/following::li[contains(@id,'editor')]//select[contains(@id,'newDescriptionLanguage')]
17:18:16,056 INFO  [BrowserSelenium] (initElements) -> ID set to field: 
17:18:16,056 INFO  [BrowserSelenium] (initElements) -> Name set to field: 
17:18:16,056 INFO  [BrowserSelenium] (initElements) -> CSS set to field: 
17:18:16,056 INFO  [BrowserSelenium] (initElements) -> XPath set to field: //span[text()='cc.number']/parent::li/following::li[contains(@id,'editor')]//a[contains(@onclick,'addNewDescription')]/img
17:18:16,056 INFO  [BrowserSelenium] (initElements) -> ID set to field: 
17:18:16,056 INFO  [BrowserSelenium] (initElements) -> Name set to field: 
17:18:16,056 INFO  [BrowserSelenium] (initElements) -> CSS set to field: 
17:18:16,056 INFO  [BrowserSelenium] (initElements) -> XPath set to field: //span[text()='cc.number']/../..//label[text()='English Error message']/../div/input[1]
17:18:16,056 INFO  [BrowserSelenium] (initElements) -> ID set to field: 
17:18:16,056 INFO  [BrowserSelenium] (initElements) -> Name set to field: 
17:18:16,056 INFO  [BrowserSelenium] (initElements) -> CSS set to field: 
17:18:16,056 INFO  [BrowserSelenium] (initElements) -> XPath set to field: //span[text()='cc.number']/parent::li/following::li//div[contains(@id,'descriptions')]//a/img[contains(@src,'cross.png')]
17:18:16,056 INFO  [BrowserSelenium] (initElements) -> ID set to field: 
17:18:16,056 INFO  [BrowserSelenium] (initElements) -> Name set to field: 
17:18:16,056 INFO  [BrowserSelenium] (initElements) -> CSS set to field: 
17:18:16,056 INFO  [BrowserSelenium] (initElements) -> XPath set to field: //span[text()='cc.number']/parent::li/following::li[contains(@id,'editor')]//a//span[text()='Update']
17:18:16,056 INFO  [BrowserSelenium] (initElements) -> ID set to field: 
17:18:16,056 INFO  [BrowserSelenium] (initElements) -> Name set to field: 
17:18:16,056 INFO  [BrowserSelenium] (initElements) -> CSS set to field: 
17:18:16,056 INFO  [BrowserSelenium] (initElements) -> XPath set to field: //span[text()='cc.expiry.date']/parent::li
17:18:16,056 INFO  [BrowserSelenium] (initElements) -> ID set to field: 
17:18:16,066 INFO  [BrowserSelenium] (initElements) -> Name set to field: 
17:18:16,066 INFO  [BrowserSelenium] (initElements) -> CSS set to field: 
17:18:16,066 INFO  [BrowserSelenium] (initElements) -> XPath set to field: //span[text()='cc.expiry.date']/../..
17:18:16,066 INFO  [BrowserSelenium] (initElements) -> ID set to field: 
17:18:16,066 INFO  [BrowserSelenium] (initElements) -> Name set to field: 
17:18:16,066 INFO  [BrowserSelenium] (initElements) -> CSS set to field: 
17:18:16,066 INFO  [BrowserSelenium] (initElements) -> XPath set to field: //span[text()='cc.expiry.date']/parent::li/following::li[contains(@id,'editor')]//select[contains(@id,'newDescriptionLanguage')]
17:18:16,066 INFO  [BrowserSelenium] (initElements) -> ID set to field: 
17:18:16,066 INFO  [BrowserSelenium] (initElements) -> Name set to field: 
17:18:16,066 INFO  [BrowserSelenium] (initElements) -> CSS set to field: 
17:18:16,066 INFO  [BrowserSelenium] (initElements) -> XPath set to field: //span[text()='cc.expiry.date']/parent::li/following::li[contains(@id,'editor')]//a[contains(@onclick,'addNewDescription')]/img
17:18:16,066 INFO  [BrowserSelenium] (initElements) -> ID set to field: 
17:18:16,066 INFO  [BrowserSelenium] (initElements) -> Name set to field: 
17:18:16,066 INFO  [BrowserSelenium] (initElements) -> CSS set to field: 
17:18:16,066 INFO  [BrowserSelenium] (initElements) -> XPath set to field: //span[text()='cc.expiry.date']/../..//label[text()='English Error message']/../div/input[1]
17:18:16,066 INFO  [BrowserSelenium] (initElements) -> ID set to field: 
17:18:16,066 INFO  [BrowserSelenium] (initElements) -> Name set to field: 
17:18:16,066 INFO  [BrowserSelenium] (initElements) -> CSS set to field: 
17:18:16,066 INFO  [BrowserSelenium] (initElements) -> XPath set to field: //span[text()='cc.expiry.date']/parent::li/following::li//div[contains(@id,'descriptions')]//a/img[contains(@src,'cross.png')]
17:18:16,066 INFO  [BrowserSelenium] (initElements) -> ID set to field: 
17:18:16,066 INFO  [BrowserSelenium] (initElements) -> Name set to field: 
17:18:16,066 INFO  [BrowserSelenium] (initElements) -> CSS set to field: 
17:18:16,066 INFO  [BrowserSelenium] (initElements) -> XPath set to field: //span[text()='cc.expiry.date']/parent::li/following::li[contains(@id,'editor')]//a//span[text()='Update']
17:18:16,066 INFO  [BrowserSelenium] (initElements) -> ID set to field: 
17:18:16,066 INFO  [BrowserSelenium] (initElements) -> Name set to field: 
17:18:16,066 INFO  [BrowserSelenium] (initElements) -> CSS set to field: 
17:18:16,066 INFO  [BrowserSelenium] (initElements) -> XPath set to field: //div[@class = 'buttons']//a[contains(@onclick,'submit')]
17:18:16,066 INFO  [BrowserSelenium] (initElements) -> ID set to field: 
17:18:16,066 INFO  [BrowserSelenium] (initElements) -> Name set to field: 
17:18:16,066 INFO  [BrowserSelenium] (initElements) -> CSS set to field: 
17:18:16,066 INFO  [BrowserSelenium] (initElements) -> XPath set to field: //div[@id='breadcrumbs']
17:18:16,066 INFO  [BrowserSelenium] (initElements) -> ID set to field: description
17:18:16,066 INFO  [BrowserSelenium] (initElements) -> Name set to field: 
17:18:16,066 INFO  [BrowserSelenium] (initElements) -> CSS set to field: 
17:18:16,066 INFO  [BrowserSelenium] (initElements) -> XPath set to field: 
17:18:16,066 INFO  [BrowserSelenium] (initElements) -> ID set to field: address1
17:18:16,066 INFO  [BrowserSelenium] (initElements) -> Name set to field: 
17:18:16,066 INFO  [BrowserSelenium] (initElements) -> CSS set to field: 
17:18:16,066 INFO  [BrowserSelenium] (initElements) -> XPath set to field: 
17:18:16,066 INFO  [BrowserSelenium] (initElements) -> ID set to field: city
17:18:16,066 INFO  [BrowserSelenium] (initElements) -> Name set to field: 
17:18:16,066 INFO  [BrowserSelenium] (initElements) -> CSS set to field: 
17:18:16,066 INFO  [BrowserSelenium] (initElements) -> XPath set to field: 
17:18:16,066 INFO  [BrowserSelenium] (initElements) -> ID set to field: stateProvince
17:18:16,066 INFO  [BrowserSelenium] (initElements) -> Name set to field: 
17:18:16,066 INFO  [BrowserSelenium] (initElements) -> CSS set to field: 
17:18:16,066 INFO  [BrowserSelenium] (initElements) -> XPath set to field: 
17:18:16,066 INFO  [BrowserSelenium] (initElements) -> ID set to field: 
17:18:16,066 INFO  [BrowserSelenium] (initElements) -> Name set to field: 
17:18:16,066 INFO  [BrowserSelenium] (initElements) -> CSS set to field: 
17:18:16,066 INFO  [BrowserSelenium] (initElements) -> XPath set to field: //label[contains(text(),'View plugin-in')]/../input[2]
17:18:16,066 INFO  [BrowserSelenium] (initElements) -> ID set to field: 
17:18:16,066 INFO  [BrowserSelenium] (initElements) -> Name set to field: 
17:18:16,066 INFO  [BrowserSelenium] (initElements) -> CSS set to field: 
17:18:16,066 INFO  [BrowserSelenium] (initElements) -> XPath set to field: //label[contains(text(),'Edit plug-in')]/../input[2]
17:18:16,066 INFO  [BrowserSelenium] (initElements) -> ID set to field: 
17:18:16,066 INFO  [BrowserSelenium] (initElements) -> Name set to field: 
17:18:16,066 INFO  [BrowserSelenium] (initElements) -> CSS set to field: 
17:18:16,066 INFO  [BrowserSelenium] (initElements) -> XPath set to field: //label[contains(text(),'Edit role')]/../input[2]
17:18:16,066 INFO  [BrowserSelenium] (initElements) -> ID set to field: 
17:18:16,066 INFO  [BrowserSelenium] (initElements) -> Name set to field: 
17:18:16,066 INFO  [BrowserSelenium] (initElements) -> CSS set to field: 
17:18:16,066 INFO  [BrowserSelenium] (initElements) -> XPath set to field: //div[@id='error-messages']/following-sibling::div//p
17:18:16,066 INFO  [BrowserSelenium] (initElements) -> ID set to field: roles
17:18:16,066 INFO  [BrowserSelenium] (initElements) -> Name set to field: 
17:18:16,066 INFO  [BrowserSelenium] (initElements) -> CSS set to field: 
17:18:16,066 INFO  [BrowserSelenium] (initElements) -> XPath set to field: 
17:18:16,066 INFO  [BrowserSelenium] (initElements) -> ID set to field: 
17:18:16,066 INFO  [BrowserSelenium] (initElements) -> Name set to field: 
17:18:16,076 INFO  [BrowserSelenium] (initElements) -> CSS set to field: 
17:18:16,076 INFO  [BrowserSelenium] (initElements) -> XPath set to field: //label[text()='Show agent menu']/../input[2]
17:18:16,076 INFO  [BrowserSelenium] (initElements) -> ID set to field: 
17:18:16,076 INFO  [BrowserSelenium] (initElements) -> Name set to field: 
17:18:16,076 INFO  [BrowserSelenium] (initElements) -> CSS set to field: 
17:18:16,076 INFO  [BrowserSelenium] (initElements) -> XPath set to field: //label[text()='Edit agent']/../input[2]
17:18:16,076 INFO  [BrowserSelenium] (initElements) -> ID set to field: 
17:18:16,076 INFO  [BrowserSelenium] (initElements) -> Name set to field: 
17:18:16,076 INFO  [BrowserSelenium] (initElements) -> CSS set to field: 
17:18:16,076 INFO  [BrowserSelenium] (initElements) -> XPath set to field: //label[text()='View agent details']/../input[2]
17:18:16,076 INFO  [BrowserSelenium] (initElements) -> ID set to field: 
17:18:16,076 INFO  [BrowserSelenium] (initElements) -> Name set to field: 
17:18:16,076 INFO  [BrowserSelenium] (initElements) -> CSS set to field: 
17:18:16,076 INFO  [BrowserSelenium] (initElements) -> XPath set to field: //a[@class='submit delete']
17:18:16,076 INFO  [BrowserSelenium] (initElements) -> ID set to field: creditLimitAsDecimal
17:18:16,076 INFO  [BrowserSelenium] (initElements) -> Name set to field: 
17:18:16,076 INFO  [BrowserSelenium] (initElements) -> CSS set to field: 
17:18:16,076 INFO  [BrowserSelenium] (initElements) -> XPath set to field: 
17:18:16,076 INFO  [BrowserSelenium] (initElements) -> ID set to field: creditNotificationLimit1AsDecimal
17:18:16,076 INFO  [BrowserSelenium] (initElements) -> Name set to field: 
17:18:16,076 INFO  [BrowserSelenium] (initElements) -> CSS set to field: 
17:18:16,076 INFO  [BrowserSelenium] (initElements) -> XPath set to field: 
17:18:16,076 INFO  [BrowserSelenium] (initElements) -> ID set to field: creditNotificationLimit2AsDecimal
17:18:16,076 INFO  [BrowserSelenium] (initElements) -> Name set to field: 
17:18:16,076 INFO  [BrowserSelenium] (initElements) -> CSS set to field: 
17:18:16,076 INFO  [BrowserSelenium] (initElements) -> XPath set to field: 
17:18:16,076 INFO  [BrowserSelenium] (initElements) -> ID set to field: 
17:18:16,076 INFO  [BrowserSelenium] (initElements) -> Name set to field: 
17:18:16,076 INFO  [BrowserSelenium] (initElements) -> CSS set to field: 
17:18:16,076 INFO  [BrowserSelenium] (initElements) -> XPath set to field: //div[@id='messages']//ul/li
17:18:16,076 INFO  [BrowserSelenium] (initElements) -> ID set to field: payment-method-select
17:18:16,076 INFO  [BrowserSelenium] (initElements) -> Name set to field: 
17:18:16,076 INFO  [BrowserSelenium] (initElements) -> CSS set to field: 
17:18:16,076 INFO  [BrowserSelenium] (initElements) -> XPath set to field: 
17:18:16,076 INFO  [BrowserSelenium] (initElements) -> ID set to field: gs_typeId
17:18:16,076 INFO  [BrowserSelenium] (initElements) -> Name set to field: 
17:18:16,076 INFO  [BrowserSelenium] (initElements) -> CSS set to field: 
17:18:16,076 INFO  [BrowserSelenium] (initElements) -> XPath set to field: 
17:18:16,076 INFO  [BrowserSelenium] (initElements) -> ID set to field: 
17:18:16,076 INFO  [BrowserSelenium] (initElements) -> Name set to field: 
17:18:16,076 INFO  [BrowserSelenium] (initElements) -> CSS set to field: 
17:18:16,076 INFO  [BrowserSelenium] (initElements) -> XPath set to field: //option[text()='
17:18:16,076 INFO  [BrowserSelenium] (initElements) -> ID set to field: 
17:18:16,076 INFO  [BrowserSelenium] (initElements) -> Name set to field: 
17:18:16,076 INFO  [BrowserSelenium] (initElements) -> CSS set to field: 
17:18:16,076 INFO  [BrowserSelenium] (initElements) -> XPath set to field: //strong[contains(text(),'Payment gateway integration')]
17:18:16,076 INFO  [BrowserSelenium] (initElements) -> ID set to field: plg-parm-PaypalUserId
17:18:16,076 INFO  [BrowserSelenium] (initElements) -> Name set to field: 
17:18:16,076 INFO  [BrowserSelenium] (initElements) -> CSS set to field: 
17:18:16,076 INFO  [BrowserSelenium] (initElements) -> XPath set to field: 
17:18:16,076 INFO  [BrowserSelenium] (initElements) -> ID set to field: plg-parm-PaypalPassword
17:18:16,076 INFO  [BrowserSelenium] (initElements) -> Name set to field: 
17:18:16,076 INFO  [BrowserSelenium] (initElements) -> CSS set to field: 
17:18:16,076 INFO  [BrowserSelenium] (initElements) -> XPath set to field: 
17:18:16,076 INFO  [BrowserSelenium] (initElements) -> ID set to field: plg-parm-PaypalSignature
17:18:16,076 INFO  [BrowserSelenium] (initElements) -> Name set to field: 
17:18:16,076 INFO  [BrowserSelenium] (initElements) -> CSS set to field: 
17:18:16,086 INFO  [BrowserSelenium] (initElements) -> XPath set to field: 
17:18:16,086 INFO  [BrowserSelenium] (initElements) -> ID set to field: 
17:18:16,086 INFO  [BrowserSelenium] (initElements) -> Name set to field: 
17:18:16,086 INFO  [BrowserSelenium] (initElements) -> CSS set to field: 
17:18:16,086 INFO  [BrowserSelenium] (initElements) -> XPath set to field: //a[contains(text(),'Company')]
17:18:16,086 INFO  [BrowserSelenium] (initElements) -> ID set to field: 
17:18:16,086 INFO  [BrowserSelenium] (initElements) -> Name set to field: 
17:18:16,086 INFO  [BrowserSelenium] (initElements) -> CSS set to field: 
17:18:16,086 INFO  [BrowserSelenium] (initElements) -> XPath set to field: //div[@class='table-box']//tr//td//a
17:18:16,086 INFO  [BrowserSelenium] (initElements) -> ID set to field: metaField.name
17:18:16,086 INFO  [BrowserSelenium] (initElements) -> Name set to field: 
17:18:16,086 INFO  [BrowserSelenium] (initElements) -> CSS set to field: 
17:18:16,086 INFO  [BrowserSelenium] (initElements) -> XPath set to field: 
17:18:16,086 INFO  [BrowserSelenium] (initElements) -> ID set to field: metaField.dataType
17:18:16,086 INFO  [BrowserSelenium] (initElements) -> Name set to field: 
17:18:16,086 INFO  [BrowserSelenium] (initElements) -> CSS set to field: 
17:18:16,086 INFO  [BrowserSelenium] (initElements) -> XPath set to field: 
17:18:16,086 INFO  [BrowserSelenium] (initElements) -> ID set to field: mandatoryCheck
17:18:16,086 INFO  [BrowserSelenium] (initElements) -> Name set to field: 
17:18:16,086 INFO  [BrowserSelenium] (initElements) -> CSS set to field: 
17:18:16,086 INFO  [BrowserSelenium] (initElements) -> XPath set to field: 
17:18:16,086 INFO  [BrowserSelenium] (initElements) -> ID set to field: disableCheck
17:18:16,086 INFO  [BrowserSelenium] (initElements) -> Name set to field: 
17:18:16,086 INFO  [BrowserSelenium] (initElements) -> CSS set to field: 
17:18:16,086 INFO  [BrowserSelenium] (initElements) -> XPath set to field: 
17:18:16,086 INFO  [BrowserSelenium] (initElements) -> ID set to field: defaultValue
17:18:16,086 INFO  [BrowserSelenium] (initElements) -> Name set to field: 
17:18:16,086 INFO  [BrowserSelenium] (initElements) -> CSS set to field: 
17:18:16,086 INFO  [BrowserSelenium] (initElements) -> XPath set to field: 
17:18:16,086 INFO  [BrowserSelenium] (initElements) -> ID set to field: metaField.validationRule.ruleType
17:18:16,086 INFO  [BrowserSelenium] (initElements) -> Name set to field: 
17:18:16,086 INFO  [BrowserSelenium] (initElements) -> CSS set to field: 
17:18:16,086 INFO  [BrowserSelenium] (initElements) -> XPath set to field: 
17:18:16,086 INFO  [BrowserSelenium] (initElements) -> ID set to field: 
17:18:16,086 INFO  [BrowserSelenium] (initElements) -> Name set to field: 
17:18:16,086 INFO  [BrowserSelenium] (initElements) -> CSS set to field: 
17:18:16,086 INFO  [BrowserSelenium] (initElements) -> XPath set to field: //a[@class='submit save']/span
17:18:16,086 INFO  [BrowserSelenium] (initElements) -> ID set to field: 
17:18:16,086 INFO  [BrowserSelenium] (initElements) -> Name set to field: 
17:18:16,086 INFO  [BrowserSelenium] (initElements) -> CSS set to field: 
17:18:16,086 INFO  [BrowserSelenium] (initElements) -> XPath set to field: //a[@class='submit cancel']/span
17:18:16,086 INFO  [BrowserSelenium] (initElements) -> ID set to field: 
17:18:16,086 INFO  [BrowserSelenium] (initElements) -> Name set to field: 
17:18:16,086 INFO  [BrowserSelenium] (initElements) -> CSS set to field: 
17:18:16,086 INFO  [BrowserSelenium] (initElements) -> XPath set to field: //input[@id='helpCheck'] 
17:18:16,086 INFO  [BrowserSelenium] (initElements) -> ID set to field: 
17:18:16,086 INFO  [BrowserSelenium] (initElements) -> Name set to field: 
17:18:16,086 INFO  [BrowserSelenium] (initElements) -> CSS set to field: 
17:18:16,086 INFO  [BrowserSelenium] (initElements) -> XPath set to field: //table[@id='roles']//tbody//tr
17:18:16,086 INFO  [BrowserSelenium] (initElements) -> ID set to field: 
17:18:16,086 INFO  [BrowserSelenium] (initElements) -> Name set to field: 
17:18:16,086 INFO  [BrowserSelenium] (initElements) -> CSS set to field: 
17:18:16,086 INFO  [BrowserSelenium] (initElements) -> XPath set to field: //select[@id='vis-cols-multi-sel-group-left']//option
17:18:16,086 INFO  [BrowserSelenium] (initElements) -> ID set to field: 
17:18:16,086 INFO  [BrowserSelenium] (initElements) -> Name set to field: 
17:18:16,086 INFO  [BrowserSelenium] (initElements) -> CSS set to field: 
17:18:16,086 INFO  [BrowserSelenium] (initElements) -> XPath set to field: //a[@id='vis-cols-multi-sel-to-right']/span
17:18:16,086 INFO  [BrowserSelenium] (initElements) -> ID set to field: 
17:18:16,086 INFO  [BrowserSelenium] (initElements) -> Name set to field: 
17:18:16,086 INFO  [BrowserSelenium] (initElements) -> CSS set to field: 
17:18:16,086 INFO  [BrowserSelenium] (initElements) -> XPath set to field: //input[@id='name']
17:18:16,086 INFO  [BrowserSelenium] (initElements) -> ID set to field: 
17:18:16,086 INFO  [BrowserSelenium] (initElements) -> Name set to field: 
17:18:16,086 INFO  [BrowserSelenium] (initElements) -> CSS set to field: 
17:18:16,086 INFO  [BrowserSelenium] (initElements) -> XPath set to field: //table[@id='payments']
17:18:16,086 INFO  [BrowserSelenium] (initElements) -> ID set to field: 
17:18:16,096 INFO  [BrowserSelenium] (initElements) -> Name set to field: 
17:18:16,096 INFO  [BrowserSelenium] (initElements) -> CSS set to field: 
17:18:16,096 INFO  [BrowserSelenium] (initElements) -> XPath set to field: //div[text()='Should use JQGrid for tables']/..
17:18:16,096 INFO  [BrowserSelenium] (initElements) -> ID set to field: 
17:18:16,096 INFO  [BrowserSelenium] (initElements) -> Name set to field: 
17:18:16,096 INFO  [BrowserSelenium] (initElements) -> CSS set to field: 
17:18:16,096 INFO  [BrowserSelenium] (initElements) -> XPath set to field: //table[@class='jqTable ui-jqgrid-btable']//tbody//tr/td/div
17:18:16,096 INFO  [BrowserSelenium] (initElements) -> ID set to field: 
17:18:16,096 INFO  [BrowserSelenium] (initElements) -> Name set to field: 
17:18:16,096 INFO  [BrowserSelenium] (initElements) -> CSS set to field: 
17:18:16,096 INFO  [BrowserSelenium] (initElements) -> XPath set to field: //select[contains(@id,'paymentMethodTypeId')]
17:18:16,096 INFO  [BrowserSelenium] (initElements) -> ID set to field: disableCheck
17:18:16,096 INFO  [BrowserSelenium] (initElements) -> Name set to field: 
17:18:16,096 INFO  [BrowserSelenium] (initElements) -> CSS set to field: 
17:18:16,096 INFO  [BrowserSelenium] (initElements) -> XPath set to field: 
17:18:16,096 INFO  [BrowserSelenium] (initElements) -> ID set to field: 
17:18:16,096 INFO  [BrowserSelenium] (initElements) -> Name set to field: 
17:18:16,096 INFO  [BrowserSelenium] (initElements) -> CSS set to field: 
17:18:16,096 INFO  [BrowserSelenium] (initElements) -> XPath set to field: //select[contains(@id,'dataType')]
17:18:16,096 INFO  [BrowserSelenium] (initElements) -> ID set to field: 
17:18:16,096 INFO  [BrowserSelenium] (initElements) -> Name set to field: 
17:18:16,096 INFO  [BrowserSelenium] (initElements) -> CSS set to field: 
17:18:16,096 INFO  [BrowserSelenium] (initElements) -> XPath set to field: //div[@id='left-column']//li[21]
17:18:16,096 INFO  [BrowserSelenium] (initElements) -> ID set to field: 
17:18:16,096 INFO  [BrowserSelenium] (initElements) -> Name set to field: 
17:18:16,096 INFO  [BrowserSelenium] (initElements) -> CSS set to field: 
17:18:16,096 INFO  [BrowserSelenium] (initElements) -> XPath set to field: //div[@class='lang_description_1']//input[@id='obj_0_description_1']
17:18:16,096 INFO  [BrowserSelenium] (initElements) -> ID set to field: 
17:18:16,096 INFO  [BrowserSelenium] (initElements) -> Name set to field: 
17:18:16,096 INFO  [BrowserSelenium] (initElements) -> CSS set to field: 
17:18:16,096 INFO  [BrowserSelenium] (initElements) -> XPath set to field: //div[@class='lang_description_1']//input[@id='obj_1_description_1']
17:18:16,096 INFO  [BrowserSelenium] (initElements) -> ID set to field: 
17:18:16,096 INFO  [BrowserSelenium] (initElements) -> Name set to field: 
17:18:16,096 INFO  [BrowserSelenium] (initElements) -> CSS set to field: 
17:18:16,096 INFO  [BrowserSelenium] (initElements) -> XPath set to field: //strong[contains(text(),'Order Change Statuses')]
17:18:16,096 INFO  [BrowserSelenium] (initElements) -> ID set to field: 
17:18:16,096 INFO  [BrowserSelenium] (initElements) -> Name set to field: 
17:18:16,096 INFO  [BrowserSelenium] (initElements) -> CSS set to field: 
17:18:16,096 INFO  [BrowserSelenium] (initElements) -> XPath set to field: //*[@id='obj[1].order']
17:18:16,096 INFO  [BrowserSelenium] (initElements) -> ID set to field: 
17:18:16,096 INFO  [BrowserSelenium] (initElements) -> Name set to field: 
17:18:16,096 INFO  [BrowserSelenium] (initElements) -> CSS set to field: 
17:18:16,096 INFO  [BrowserSelenium] (initElements) -> XPath set to field: //*[@id='obj[1].applyToOrder']
17:18:16,096 INFO  [BrowserSelenium] (initElements) -> ID set to field: 
17:18:16,096 INFO  [BrowserSelenium] (initElements) -> Name set to field: 
17:18:16,096 INFO  [BrowserSelenium] (initElements) -> CSS set to field: 
17:18:16,096 INFO  [BrowserSelenium] (initElements) -> XPath set to field: //*[@id='obj[0].applyToOrder']
17:18:16,096 INFO  [BrowserSelenium] (initElements) -> ID set to field: 
17:18:16,096 INFO  [BrowserSelenium] (initElements) -> Name set to field: 
17:18:16,096 INFO  [BrowserSelenium] (initElements) -> CSS set to field: 
17:18:16,096 INFO  [BrowserSelenium] (initElements) -> XPath set to field: //table[@id='invoiceTemplates']
17:18:16,096 INFO  [BrowserSelenium] (initElements) -> ID set to field: 
17:18:16,096 INFO  [BrowserSelenium] (initElements) -> Name set to field: 
17:18:16,096 INFO  [BrowserSelenium] (initElements) -> CSS set to field: 
17:18:16,096 INFO  [BrowserSelenium] (initElements) -> XPath set to field: //*[@id='17']/em
17:18:16,096 INFO  [BrowserSelenium] (initElements) -> ID set to field: 
17:18:16,096 INFO  [BrowserSelenium] (initElements) -> Name set to field: 
17:18:16,096 INFO  [BrowserSelenium] (initElements) -> CSS set to field: 
17:18:16,096 INFO  [BrowserSelenium] (initElements) -> XPath set to field: //*[@id='processingOrder']
17:18:16,096 INFO  [BrowserSelenium] (initElements) -> ID set to field: 
17:18:16,096 INFO  [BrowserSelenium] (initElements) -> Name set to field: 
17:18:16,096 INFO  [BrowserSelenium] (initElements) -> CSS set to field: 
17:18:16,096 INFO  [BrowserSelenium] (initElements) -> XPath set to field: //*[@id='typeId']
17:18:16,096 INFO  [BrowserSelenium] (initElements) -> ID set to field: 
17:18:16,096 INFO  [BrowserSelenium] (initElements) -> Name set to field: 
17:18:16,106 INFO  [BrowserSelenium] (initElements) -> CSS set to field: 
17:18:16,106 INFO  [BrowserSelenium] (initElements) -> XPath set to field: //div[@class='heading']//strong
17:18:16,106 INFO  [BrowserSelenium] (initElements) -> ID set to field: 
17:18:16,106 INFO  [BrowserSelenium] (initElements) -> Name set to field: 
17:18:16,106 INFO  [BrowserSelenium] (initElements) -> CSS set to field: 
17:18:16,106 INFO  [BrowserSelenium] (initElements) -> XPath set to field: //*[@id='orderChangeStatusesTable']/tbody/tr[2]/td[5]/a/img
17:18:16,106 INFO  [BrowserSelenium] (initElements) -> ID set to field: 
17:18:16,106 INFO  [BrowserSelenium] (initElements) -> Name set to field: 
17:18:16,106 INFO  [BrowserSelenium] (initElements) -> CSS set to field: 
17:18:16,106 INFO  [BrowserSelenium] (initElements) -> XPath set to field: //*[@id='orderChangeStatusesTable']/tbody/tr[3]/td[5]/a/img
17:18:16,106 INFO  [BrowserSelenium] (initElements) -> ID set to field: 
17:18:16,106 INFO  [BrowserSelenium] (initElements) -> Name set to field: 
17:18:16,106 INFO  [BrowserSelenium] (initElements) -> CSS set to field: 
17:18:16,106 INFO  [BrowserSelenium] (initElements) -> XPath set to field: //*[@id='column1']/div/table/thead/tr/th[2]
17:18:16,106 INFO  [BrowserSelenium] (initElements) -> ID set to field: 
17:18:16,106 INFO  [BrowserSelenium] (initElements) -> Name set to field: 
17:18:16,106 INFO  [BrowserSelenium] (initElements) -> CSS set to field: 
17:18:16,106 INFO  [BrowserSelenium] (initElements) -> XPath set to field: //*[@id='CUSTOMER']/strong
17:18:16,106 INFO  [BrowserSelenium] (initElements) -> ID set to field: 
17:18:16,106 INFO  [BrowserSelenium] (initElements) -> Name set to field: 
17:18:16,106 INFO  [BrowserSelenium] (initElements) -> CSS set to field: 
17:18:16,106 INFO  [BrowserSelenium] (initElements) -> XPath set to field: //*[@id='column1']/div[1]/table/thead/tr/th
17:18:16,106 INFO  [BrowserSelenium] (initElements) -> ID set to field: 
17:18:16,106 INFO  [BrowserSelenium] (initElements) -> Name set to field: 
17:18:16,106 INFO  [BrowserSelenium] (initElements) -> CSS set to field: 
17:18:16,106 INFO  [BrowserSelenium] (initElements) -> XPath set to field: //*[@id='metaField.name']
17:18:16,106 INFO  [BrowserSelenium] (initElements) -> ID set to field: 
17:18:16,106 INFO  [BrowserSelenium] (initElements) -> Name set to field: 
17:18:16,106 INFO  [BrowserSelenium] (initElements) -> CSS set to field: 
17:18:16,106 INFO  [BrowserSelenium] (initElements) -> XPath set to field: //*[@id='metaField.dataType']
17:18:16,106 INFO  [BrowserSelenium] (initElements) -> ID set to field: 
17:18:16,106 INFO  [BrowserSelenium] (initElements) -> Name set to field: 
17:18:16,106 INFO  [BrowserSelenium] (initElements) -> CSS set to field: 
17:18:16,106 INFO  [BrowserSelenium] (initElements) -> XPath set to field: //*[@id='mandatoryCheck']
17:18:16,106 INFO  [BrowserSelenium] (initElements) -> ID set to field: 
17:18:16,106 INFO  [BrowserSelenium] (initElements) -> Name set to field: 
17:18:16,106 INFO  [BrowserSelenium] (initElements) -> CSS set to field: 
17:18:16,106 INFO  [BrowserSelenium] (initElements) -> XPath set to field: //*[@class='table-box']//strong[contains(text(),'Salary')]
17:18:16,106 INFO  [BrowserSelenium] (initElements) -> ID set to field: 
17:18:16,106 INFO  [BrowserSelenium] (initElements) -> Name set to field: 
17:18:16,106 INFO  [BrowserSelenium] (initElements) -> CSS set to field: 
17:18:16,106 INFO  [BrowserSelenium] (initElements) -> XPath set to field: (//button[@type='button'])[3]
17:18:16,106 INFO  [BrowserSelenium] (initElements) -> ID set to field: 
17:18:16,106 INFO  [BrowserSelenium] (initElements) -> Name set to field: 
17:18:16,106 INFO  [BrowserSelenium] (initElements) -> CSS set to field: 
17:18:16,106 INFO  [BrowserSelenium] (initElements) -> XPath set to field: //a[contains(text(),'Payment Method')]
17:18:16,106 INFO  [BrowserSelenium] (initElements) -> ID set to field: 
17:18:16,106 INFO  [BrowserSelenium] (initElements) -> Name set to field: 
17:18:16,106 INFO  [BrowserSelenium] (initElements) -> CSS set to field: 
17:18:16,106 INFO  [BrowserSelenium] (initElements) -> XPath set to field: //a[contains(text(),'Account Type')]
17:18:16,106 INFO  [BrowserSelenium] (initElements) -> ID set to field: 
17:18:16,106 INFO  [BrowserSelenium] (initElements) -> Name set to field: 
17:18:16,106 INFO  [BrowserSelenium] (initElements) -> CSS set to field: 
17:18:16,106 INFO  [BrowserSelenium] (initElements) -> XPath set to field: //div[@id='left-column']/div/ul//li//a[contains(text(),'Account Type')]
17:18:16,106 INFO  [BrowserSelenium] (initElements) -> ID set to field: 
17:18:16,106 INFO  [BrowserSelenium] (initElements) -> Name set to field: 
17:18:16,106 INFO  [BrowserSelenium] (initElements) -> CSS set to field: 
17:18:16,106 INFO  [BrowserSelenium] (initElements) -> XPath set to field: //div[@id='messages']/div[@class='msg-box error']/strong
17:18:16,106 INFO  [BrowserSelenium] (initElements) -> ID set to field: 
17:18:16,106 INFO  [BrowserSelenium] (initElements) -> Name set to field: 
17:18:16,106 INFO  [BrowserSelenium] (initElements) -> CSS set to field: 
17:18:16,106 INFO  [BrowserSelenium] (initElements) -> XPath set to field: //div[@id='messages']/div[@class='msg-box error']/ul/li
17:18:16,106 INFO  [BrowserSelenium] (initElements) -> ID set to field: 
17:18:16,106 INFO  [BrowserSelenium] (initElements) -> Name set to field: 
17:18:16,106 INFO  [BrowserSelenium] (initElements) -> CSS set to field: 
17:18:16,106 INFO  [BrowserSelenium] (initElements) -> XPath set to field: //a[contains(.,'Order Statuses')]
17:18:16,106 INFO  [BrowserSelenium] (initElements) -> ID set to field: 
17:18:16,106 INFO  [BrowserSelenium] (initElements) -> Name set to field: 
17:18:16,106 INFO  [BrowserSelenium] (initElements) -> CSS set to field: 
17:18:16,106 INFO  [BrowserSelenium] (initElements) -> XPath set to field: //a[contains(.,'INVOICE')]
17:18:16,116 INFO  [BrowserSelenium] (initElements) -> ID set to field: 
17:18:16,116 INFO  [BrowserSelenium] (initElements) -> Name set to field: 
17:18:16,116 INFO  [BrowserSelenium] (initElements) -> CSS set to field: 
17:18:16,116 INFO  [BrowserSelenium] (initElements) -> XPath set to field: //a[contains(.,'FINISHED')]
17:18:16,116 INFO  [BrowserSelenium] (initElements) -> ID set to field: 
17:18:16,116 INFO  [BrowserSelenium] (initElements) -> Name set to field: 
17:18:16,116 INFO  [BrowserSelenium] (initElements) -> CSS set to field: 
17:18:16,116 INFO  [BrowserSelenium] (initElements) -> XPath set to field: //a[contains(.,'NOT_INVOICE')]
17:18:16,116 INFO  [BrowserSelenium] (initElements) -> ID set to field: 
17:18:16,116 INFO  [BrowserSelenium] (initElements) -> Name set to field: 
17:18:16,116 INFO  [BrowserSelenium] (initElements) -> CSS set to field: 
17:18:16,116 INFO  [BrowserSelenium] (initElements) -> XPath set to field: //a[contains(.,'SUSPENDED_AGEING')]
17:18:16,116 INFO  [BrowserSelenium] (initElements) -> ID set to field: 
17:18:16,116 INFO  [BrowserSelenium] (initElements) -> Name set to field: 
17:18:16,116 INFO  [BrowserSelenium] (initElements) -> CSS set to field: 
17:18:16,116 INFO  [BrowserSelenium] (initElements) -> XPath set to field: //a[contains(.,'Active')]
17:18:16,116 INFO  [BrowserSelenium] (initElements) -> ID set to field: 
17:18:16,116 INFO  [BrowserSelenium] (initElements) -> Name set to field: 
17:18:16,116 INFO  [BrowserSelenium] (initElements) -> CSS set to field: 
17:18:16,116 INFO  [BrowserSelenium] (initElements) -> XPath set to field: //a[contains(.,'Finished')]
17:18:16,116 INFO  [BrowserSelenium] (initElements) -> ID set to field: 
17:18:16,116 INFO  [BrowserSelenium] (initElements) -> Name set to field: 
17:18:16,116 INFO  [BrowserSelenium] (initElements) -> CSS set to field: 
17:18:16,116 INFO  [BrowserSelenium] (initElements) -> XPath set to field: //a[contains(.,'Suspended')]
17:18:16,116 INFO  [BrowserSelenium] (initElements) -> ID set to field: 
17:18:16,116 INFO  [BrowserSelenium] (initElements) -> Name set to field: 
17:18:16,116 INFO  [BrowserSelenium] (initElements) -> CSS set to field: 
17:18:16,116 INFO  [BrowserSelenium] (initElements) -> XPath set to field: //a[contains(.,'Suspended ageing(auto)')]
17:18:16,116 INFO  [BrowserSelenium] (initElements) -> ID set to field: 
17:18:16,116 INFO  [BrowserSelenium] (initElements) -> Name set to field: 
17:18:16,116 INFO  [BrowserSelenium] (initElements) -> CSS set to field: 
17:18:16,116 INFO  [BrowserSelenium] (initElements) -> XPath set to field: //input[@id='description']
17:18:16,116 INFO  [BrowserSelenium] (initElements) -> ID set to field: 
17:18:16,116 INFO  [BrowserSelenium] (initElements) -> Name set to field: 
17:18:16,116 INFO  [BrowserSelenium] (initElements) -> CSS set to field: 
17:18:16,116 INFO  [BrowserSelenium] (initElements) -> XPath set to field: //select[contains(@id,'orderStatusFlag')]
17:18:16,116 INFO  [BrowserSelenium] (initElements) -> ID set to field: 
17:18:16,116 INFO  [BrowserSelenium] (initElements) -> Name set to field: 
17:18:16,116 INFO  [BrowserSelenium] (initElements) -> CSS set to field: 
17:18:16,116 INFO  [BrowserSelenium] (initElements) -> XPath set to field: //div[@id='error-messages']/ul/li
17:18:16,116 INFO  [BrowserSelenium] (initElements) -> ID set to field: 
17:18:16,116 INFO  [BrowserSelenium] (initElements) -> Name set to field: 
17:18:16,116 INFO  [BrowserSelenium] (initElements) -> CSS set to field: 
17:18:16,116 INFO  [BrowserSelenium] (initElements) -> XPath set to field: //div[@id='messages']//div[@class='msg-box error'][1]/ul/li
17:18:16,116 INFO  [BrowserSelenium] (initElements) -> ID set to field: 
17:18:16,116 INFO  [BrowserSelenium] (initElements) -> Name set to field: 
17:18:16,116 INFO  [BrowserSelenium] (initElements) -> CSS set to field: 
17:18:16,116 INFO  [BrowserSelenium] (initElements) -> XPath set to field: //div[@id='error-messages']/ul/li[1]
17:18:16,116 INFO  [BrowserSelenium] (initElements) -> ID set to field: 
17:18:16,116 INFO  [BrowserSelenium] (initElements) -> Name set to field: 
17:18:16,116 INFO  [BrowserSelenium] (initElements) -> CSS set to field: 
17:18:16,116 INFO  [BrowserSelenium] (initElements) -> XPath set to field: //div[@id='error-messages']/ul/li[2]
17:18:16,116 INFO  [BrowserSelenium] (initElements) -> ID set to field: name
17:18:16,116 INFO  [BrowserSelenium] (initElements) -> Name set to field: 
17:18:16,116 INFO  [BrowserSelenium] (initElements) -> CSS set to field: 
17:18:16,116 INFO  [BrowserSelenium] (initElements) -> XPath set to field: 
17:18:16,116 INFO  [BrowserSelenium] (initElements) -> ID set to field: usagePool.names[0].content
17:18:16,116 INFO  [BrowserSelenium] (initElements) -> Name set to field: 
17:18:16,116 INFO  [BrowserSelenium] (initElements) -> CSS set to field: 
17:18:16,116 INFO  [BrowserSelenium] (initElements) -> XPath set to field: 
17:18:16,126 INFO  [BrowserSelenium] (initElements) -> ID set to field: usagePool.cyclePeriodValue
17:18:16,126 INFO  [BrowserSelenium] (initElements) -> Name set to field: 
17:18:16,126 INFO  [BrowserSelenium] (initElements) -> CSS set to field: 
17:18:16,126 INFO  [BrowserSelenium] (initElements) -> XPath set to field: 
17:18:16,126 INFO  [BrowserSelenium] (initElements) -> ID set to field: usagePool.quantity
17:18:16,126 INFO  [BrowserSelenium] (initElements) -> Name set to field: 
17:18:16,126 INFO  [BrowserSelenium] (initElements) -> CSS set to field: 
17:18:16,126 INFO  [BrowserSelenium] (initElements) -> XPath set to field: 
17:18:16,126 INFO  [BrowserSelenium] (initElements) -> ID set to field: usagePool.consumptionActions.1.percentage
17:18:16,126 INFO  [BrowserSelenium] (initElements) -> Name set to field: 
17:18:16,126 INFO  [BrowserSelenium] (initElements) -> CSS set to field: 
17:18:16,126 INFO  [BrowserSelenium] (initElements) -> XPath set to field: 
17:18:16,126 INFO  [BrowserSelenium] (initElements) -> ID set to field: usagePool.consumptionActions.2.percentage
17:18:16,126 INFO  [BrowserSelenium] (initElements) -> Name set to field: 
17:18:16,126 INFO  [BrowserSelenium] (initElements) -> CSS set to field: 
17:18:16,126 INFO  [BrowserSelenium] (initElements) -> XPath set to field: 
17:18:16,126 INFO  [BrowserSelenium] (initElements) -> ID set to field: usagePool.consumptionActions.2.productId
17:18:16,126 INFO  [BrowserSelenium] (initElements) -> Name set to field: 
17:18:16,126 INFO  [BrowserSelenium] (initElements) -> CSS set to field: 
17:18:16,126 INFO  [BrowserSelenium] (initElements) -> XPath set to field: 
17:18:16,126 INFO  [BrowserSelenium] (initElements) -> ID set to field: 
17:18:16,126 INFO  [BrowserSelenium] (initElements) -> Name set to field: 
17:18:16,126 INFO  [BrowserSelenium] (initElements) -> CSS set to field: 
17:18:16,126 INFO  [BrowserSelenium] (initElements) -> XPath set to field: //input[contains(@id,'.value')]
17:18:16,126 INFO  [BrowserSelenium] (initElements) -> ID set to field: 
17:18:16,126 INFO  [BrowserSelenium] (initElements) -> Name set to field: 
17:18:16,126 INFO  [BrowserSelenium] (initElements) -> CSS set to field: 
17:18:16,126 INFO  [BrowserSelenium] (initElements) -> XPath set to field: //label[text()='1']/..//input[contains(@id,'.value')]
17:18:16,126 INFO  [BrowserSelenium] (initElements) -> ID set to field: 
17:18:16,126 INFO  [BrowserSelenium] (initElements) -> Name set to field: 
17:18:16,126 INFO  [BrowserSelenium] (initElements) -> CSS set to field: 
17:18:16,126 INFO  [BrowserSelenium] (initElements) -> XPath set to field: //table[@id='enumerations']/tbody/tr/td//strong
17:18:16,126 INFO  [BrowserSelenium] (initElements) -> ID set to field: 
17:18:16,126 INFO  [BrowserSelenium] (initElements) -> Name set to field: 
17:18:16,126 INFO  [BrowserSelenium] (initElements) -> CSS set to field: 
17:18:16,126 INFO  [BrowserSelenium] (initElements) -> XPath set to field: //img[@alt='Add more values']
17:18:16,126 INFO  [BrowserSelenium] (initElements) -> ID set to field: 
17:18:16,126 INFO  [BrowserSelenium] (initElements) -> Name set to field: 
17:18:16,126 INFO  [BrowserSelenium] (initElements) -> CSS set to field: 
17:18:16,126 INFO  [BrowserSelenium] (initElements) -> XPath set to field: //img[@alt='remove this value']
17:18:16,126 INFO  [BrowserSelenium] (initElements) -> ID set to field: 
17:18:16,126 INFO  [BrowserSelenium] (initElements) -> Name set to field: 
17:18:16,126 INFO  [BrowserSelenium] (initElements) -> CSS set to field: 
17:18:16,126 INFO  [BrowserSelenium] (initElements) -> XPath set to field: //span[@id='mandatory-meta-field']/../following::input[1]
17:18:16,126 INFO  [BrowserSelenium] (initElements) -> ID set to field: 
17:18:16,126 INFO  [BrowserSelenium] (initElements) -> Name set to field: 
17:18:16,126 INFO  [BrowserSelenium] (initElements) -> CSS set to field: 
17:18:16,126 INFO  [BrowserSelenium] (initElements) -> XPath set to field: //label[text()='MetaField Type']/following::select[1]
17:18:16,126 INFO  [BrowserSelenium] (initElements) -> ID set to field: 
17:18:16,126 INFO  [BrowserSelenium] (initElements) -> Name set to field: 
17:18:16,126 INFO  [BrowserSelenium] (initElements) -> CSS set to field: 
17:18:16,126 INFO  [BrowserSelenium] (initElements) -> XPath set to field: //a[contains(text(),'Meta Fields')]
17:18:16,126 INFO  [BrowserSelenium] (initElements) -> ID set to field: 
17:18:16,126 INFO  [BrowserSelenium] (initElements) -> Name set to field: 
17:18:16,126 INFO  [BrowserSelenium] (initElements) -> CSS set to field: 
17:18:16,126 INFO  [BrowserSelenium] (initElements) -> XPath set to field: //div[@class='table-box']/table/tbody/tr/td/a/strong
17:18:16,126 INFO  [BrowserSelenium] (initElements) -> ID set to field: 
17:18:16,126 INFO  [BrowserSelenium] (initElements) -> Name set to field: 
17:18:16,126 INFO  [BrowserSelenium] (initElements) -> CSS set to field: 
17:18:16,126 INFO  [BrowserSelenium] (initElements) -> XPath set to field: //ul[@id='metafield-ait']/form[1]//span[text()='Not Mandatory']
17:18:16,126 INFO  [BrowserSelenium] EXIT --> (initElements)
17:18:16,126 INFO  [BrowserSelenium] ENTER --> (selectListItem)
17:18:16,126 INFO  [BrowserSelenium] (selectListItem) -> Account Type to find
17:18:16,126 INFO  [BrowserSelenium] ENTER --> (_waitForJStoLoad)
17:18:19,532 INFO  [BrowserSelenium] EXIT --> (_waitForJStoLoad) --> DOM load wait done: true
17:18:19,532 INFO  [BrowserSelenium] ENTER --> (_getListItem)
17:18:19,532 INFO  [BrowserSelenium] (_setExtendedTextToXPath) ->  value set
17:18:19,562 INFO  [BrowserSelenium] ENTER --> (_getByLocator)
17:18:19,562 INFO  [BrowserSelenium] (_getByLocator) -> Getting locator for null
17:18:19,562 INFO  [BrowserSelenium] (_getByLocator) -> Locator info found for XPATH attribute as: //div[@class='menu-items']/ul/li
17:18:19,562 INFO  [BrowserSelenium] ENTER --> (_parseElementOnXpath)
17:18:19,562 INFO  [BrowserSelenium] (_parseElementOnXpath) -> //div[@class='menu-items']/ul/li is used
17:18:19,562 INFO  [BrowserSelenium] EXIT --> (_parseElementOnXpath)
17:18:19,562 INFO  [BrowserSelenium] EXIT --> (_getByLocator)
17:18:19,602 INFO  [BrowserSelenium] (_getListItem) -> targetValue to find in listbox: "Account Type"
17:18:19,612 INFO  [BrowserSelenium] (_getListItem) -> current element text by we.getText(): "All"
17:18:19,632 INFO  [BrowserSelenium] (_getListItem) -> targetValue to find in listbox: "Account Type"
17:18:19,652 INFO  [BrowserSelenium] (_getListItem) -> current element text by we.getText(): "Account Type"
17:18:19,662 INFO  [BrowserSelenium] (_getListItem) -> targetValue found at index: 1
17:18:19,682 INFO  [BrowserSelenium] (_getListItem) -> Account Type
17:18:19,682 INFO  [BrowserSelenium] EXIT --> (_getListItem)
17:18:19,762 INFO  [BrowserSelenium] EXIT --> (selectListItem)
17:18:19,762 INFO  [BrowserSelenium] ENTER --> (initElements)
17:18:19,762 INFO  [BrowserSelenium] (initElements) -> ID set to field: 
17:18:19,762 INFO  [BrowserSelenium] (initElements) -> Name set to field: 
17:18:19,762 INFO  [BrowserSelenium] (initElements) -> CSS set to field: 
17:18:19,762 INFO  [BrowserSelenium] (initElements) -> XPath set to field: //div[@class='menu-items']/ul/li
17:18:19,762 INFO  [BrowserSelenium] (initElements) -> ID set to field: 
17:18:19,762 INFO  [BrowserSelenium] (initElements) -> Name set to field: 
17:18:19,762 INFO  [BrowserSelenium] (initElements) -> CSS set to field: 
17:18:19,762 INFO  [BrowserSelenium] (initElements) -> XPath set to field: //div[@id='column1']/div[@class='table-box']/table/tbody//td/a/strong
17:18:19,762 INFO  [BrowserSelenium] (initElements) -> ID set to field: 
17:18:19,762 INFO  [BrowserSelenium] (initElements) -> Name set to field: 
17:18:19,762 INFO  [BrowserSelenium] (initElements) -> CSS set to field: 
17:18:19,762 INFO  [BrowserSelenium] (initElements) -> XPath set to field: //span[text()='Add New']
17:18:19,762 INFO  [BrowserSelenium] (initElements) -> ID set to field: 
17:18:19,762 INFO  [BrowserSelenium] (initElements) -> Name set to field: 
17:18:19,772 INFO  [BrowserSelenium] (initElements) -> CSS set to field: 
17:18:19,772 INFO  [BrowserSelenium] (initElements) -> XPath set to field: //span[text()='Save Changes']
17:18:19,772 INFO  [BrowserSelenium] (initElements) -> ID set to field: 
17:18:19,772 INFO  [BrowserSelenium] (initElements) -> Name set to field: 
17:18:19,772 INFO  [BrowserSelenium] (initElements) -> CSS set to field: 
17:18:19,772 INFO  [BrowserSelenium] (initElements) -> XPath set to field: //span[text()='Cancel']
17:18:19,772 INFO  [BrowserSelenium] (initElements) -> ID set to field: 
17:18:19,772 INFO  [BrowserSelenium] (initElements) -> Name set to field: 
17:18:19,772 INFO  [BrowserSelenium] (initElements) -> CSS set to field: 
17:18:19,772 INFO  [BrowserSelenium] (initElements) -> XPath set to field: //span[text()='Upload File']
17:18:19,772 INFO  [BrowserSelenium] (initElements) -> ID set to field: 
17:18:19,772 INFO  [BrowserSelenium] (initElements) -> Name set to field: 
17:18:19,772 INFO  [BrowserSelenium] (initElements) -> CSS set to field: 
17:18:19,772 INFO  [BrowserSelenium] (initElements) -> XPath set to field: //input[@type='file']
17:18:19,772 INFO  [BrowserSelenium] (initElements) -> ID set to field: 
17:18:19,772 INFO  [BrowserSelenium] (initElements) -> Name set to field: 
17:18:19,772 INFO  [BrowserSelenium] (initElements) -> CSS set to field: 
17:18:19,772 INFO  [BrowserSelenium] (initElements) -> XPath set to field: //span[contains(text(),'Edit')]
17:18:19,772 INFO  [BrowserSelenium] (initElements) -> ID set to field: 
17:18:19,772 INFO  [BrowserSelenium] (initElements) -> Name set to field: 
17:18:19,772 INFO  [BrowserSelenium] (initElements) -> CSS set to field: 
17:18:19,772 INFO  [BrowserSelenium] (initElements) -> XPath set to field: //a[@class='submit save']
17:18:19,772 INFO  [BrowserSelenium] (initElements) -> ID set to field: 
17:18:19,772 INFO  [BrowserSelenium] (initElements) -> Name set to field: 
17:18:19,772 INFO  [BrowserSelenium] (initElements) -> CSS set to field: 
17:18:19,772 INFO  [BrowserSelenium] (initElements) -> XPath set to field: //select[@id='typeId']
17:18:19,772 INFO  [BrowserSelenium] (initElements) -> ID set to field: 
17:18:19,772 INFO  [BrowserSelenium] (initElements) -> Name set to field: 
17:18:19,772 INFO  [BrowserSelenium] (initElements) -> CSS set to field: 
17:18:19,772 INFO  [BrowserSelenium] (initElements) -> XPath set to field: //input[@id='processingOrder']
17:18:19,772 INFO  [BrowserSelenium] (initElements) -> ID set to field: 
17:18:19,772 INFO  [BrowserSelenium] (initElements) -> Name set to field: 
17:18:19,772 INFO  [BrowserSelenium] (initElements) -> CSS set to field: 
17:18:19,772 INFO  [BrowserSelenium] (initElements) -> XPath set to field: //input[@id='name']
17:18:19,772 INFO  [BrowserSelenium] (initElements) -> ID set to field: 
17:18:19,772 INFO  [BrowserSelenium] (initElements) -> Name set to field: 
17:18:19,772 INFO  [BrowserSelenium] (initElements) -> CSS set to field: 
17:18:19,772 INFO  [BrowserSelenium] (initElements) -> XPath set to field: //input[@id='plgDynamic.1.name']
17:18:19,772 INFO  [BrowserSelenium] (initElements) -> ID set to field: 
17:18:19,772 INFO  [BrowserSelenium] (initElements) -> Name set to field: 
17:18:19,772 INFO  [BrowserSelenium] (initElements) -> CSS set to field: 
17:18:19,772 INFO  [BrowserSelenium] (initElements) -> XPath set to field: //input[@id='plgDynamic.1.value']
17:18:19,772 INFO  [BrowserSelenium] (initElements) -> ID set to field: 
17:18:19,772 INFO  [BrowserSelenium] (initElements) -> Name set to field: 
17:18:19,772 INFO  [BrowserSelenium] (initElements) -> CSS set to field: 
17:18:19,772 INFO  [BrowserSelenium] (initElements) -> XPath set to field: //img[@alt='add']
17:18:19,772 INFO  [BrowserSelenium] (initElements) -> ID set to field: 
17:18:19,772 INFO  [BrowserSelenium] (initElements) -> Name set to field: 
17:18:19,772 INFO  [BrowserSelenium] (initElements) -> CSS set to field: 
17:18:19,772 INFO  [BrowserSelenium] (initElements) -> XPath set to field: //img[@alt='remove']
17:18:19,772 INFO  [BrowserSelenium] (initElements) -> ID set to field: 
17:18:19,772 INFO  [BrowserSelenium] (initElements) -> Name set to field: 
17:18:19,782 INFO  [BrowserSelenium] (initElements) -> CSS set to field: 
17:18:19,782 INFO  [BrowserSelenium] (initElements) -> XPath set to field: //span[text()='Save Plug-in']
17:18:19,782 INFO  [BrowserSelenium] (initElements) -> ID set to field: 
17:18:19,782 INFO  [BrowserSelenium] (initElements) -> Name set to field: 
17:18:19,782 INFO  [BrowserSelenium] (initElements) -> CSS set to field: 
17:18:19,782 INFO  [BrowserSelenium] (initElements) -> XPath set to field: //input[@id='nextRunDate']
17:18:19,782 INFO  [BrowserSelenium] (initElements) -> ID set to field: 
17:18:19,782 INFO  [BrowserSelenium] (initElements) -> Name set to field: 
17:18:19,782 INFO  [BrowserSelenium] (initElements) -> CSS set to field: 
17:18:19,782 INFO  [BrowserSelenium] (initElements) -> XPath set to field: //input[@id='generateReport']
17:18:19,782 INFO  [BrowserSelenium] (initElements) -> ID set to field: 
17:18:19,782 INFO  [BrowserSelenium] (initElements) -> Name set to field: 
17:18:19,782 INFO  [BrowserSelenium] (initElements) -> CSS set to field: 
17:18:19,782 INFO  [BrowserSelenium] (initElements) -> XPath set to field: //select[@id='periodUnitId']
17:18:19,782 INFO  [BrowserSelenium] (initElements) -> ID set to field: 
17:18:19,782 INFO  [BrowserSelenium] (initElements) -> Name set to field: 
17:18:19,782 INFO  [BrowserSelenium] (initElements) -> CSS set to field: 
17:18:19,782 INFO  [BrowserSelenium] (initElements) -> XPath set to field: //select[@id='usagePool.consumptionActions.1.type']
17:18:19,782 INFO  [BrowserSelenium] (initElements) -> ID set to field: 
17:18:19,782 INFO  [BrowserSelenium] (initElements) -> Name set to field: 
17:18:19,782 INFO  [BrowserSelenium] (initElements) -> CSS set to field: 
17:18:19,782 INFO  [BrowserSelenium] (initElements) -> XPath set to field: //select[@id='usagePool.consumptionActions.1.notificationId']
17:18:19,782 INFO  [BrowserSelenium] (initElements) -> ID set to field: 
17:18:19,782 INFO  [BrowserSelenium] (initElements) -> Name set to field: 
17:18:19,782 INFO  [BrowserSelenium] (initElements) -> CSS set to field: 
17:18:19,782 INFO  [BrowserSelenium] (initElements) -> XPath set to field: //select[@id='usagePool.consumptionActions.1.mediumType']
17:18:19,782 INFO  [BrowserSelenium] (initElements) -> ID set to field: 
17:18:19,782 INFO  [BrowserSelenium] (initElements) -> Name set to field: 
17:18:19,782 INFO  [BrowserSelenium] (initElements) -> CSS set to field: 
17:18:19,782 INFO  [BrowserSelenium] (initElements) -> XPath set to field: //select[@id='usagePool.consumptionActions.2.type']
17:18:19,782 INFO  [BrowserSelenium] (initElements) -> ID set to field: 
17:18:19,782 INFO  [BrowserSelenium] (initElements) -> Name set to field: 
17:18:19,782 INFO  [BrowserSelenium] (initElements) -> CSS set to field: 
17:18:19,782 INFO  [BrowserSelenium] (initElements) -> XPath set to field: //select[@id = 'usagePool.itemTypes']
17:18:19,782 INFO  [BrowserSelenium] (initElements) -> ID set to field: 
17:18:19,782 INFO  [BrowserSelenium] (initElements) -> Name set to field: 
17:18:19,782 INFO  [BrowserSelenium] (initElements) -> CSS set to field: 
17:18:19,782 INFO  [BrowserSelenium] (initElements) -> XPath set to field: //select[@id = 'usagePool.items']
17:18:19,782 INFO  [BrowserSelenium] (initElements) -> ID set to field: 
17:18:19,782 INFO  [BrowserSelenium] (initElements) -> Name set to field: 
17:18:19,782 INFO  [BrowserSelenium] (initElements) -> CSS set to field: 
17:18:19,782 INFO  [BrowserSelenium] (initElements) -> XPath set to field: //input[@id='maximumPeriods']
17:18:19,782 INFO  [BrowserSelenium] (initElements) -> ID set to field: 
17:18:19,782 INFO  [BrowserSelenium] (initElements) -> Name set to field: 
17:18:19,782 INFO  [BrowserSelenium] (initElements) -> CSS set to field: 
17:18:19,782 INFO  [BrowserSelenium] (initElements) -> XPath set to field: //input[@id='billing.proratingType.neverProrating']
17:18:19,782 INFO  [BrowserSelenium] (initElements) -> ID set to field: 
17:18:19,782 INFO  [BrowserSelenium] (initElements) -> Name set to field: 
17:18:19,782 INFO  [BrowserSelenium] (initElements) -> CSS set to field: 
17:18:19,782 INFO  [BrowserSelenium] (initElements) -> XPath set to field: //span[text()='Run Commission Process']
17:18:19,782 INFO  [BrowserSelenium] (initElements) -> ID set to field: 
17:18:19,782 INFO  [BrowserSelenium] (initElements) -> Name set to field: 
17:18:19,782 INFO  [BrowserSelenium] (initElements) -> CSS set to field: 
17:18:19,782 INFO  [BrowserSelenium] (initElements) -> XPath set to field: //span[text()='Run Billing']
17:18:19,782 INFO  [BrowserSelenium] (initElements) -> ID set to field: 
17:18:19,782 INFO  [BrowserSelenium] (initElements) -> Name set to field: 
17:18:19,782 INFO  [BrowserSelenium] (initElements) -> CSS set to field: 
17:18:19,782 INFO  [BrowserSelenium] (initElements) -> XPath set to field: //input[@id='obj[0].statusStr']
17:18:19,782 INFO  [BrowserSelenium] (initElements) -> ID set to field: 
17:18:19,782 INFO  [BrowserSelenium] (initElements) -> Name set to field: 
17:18:19,782 INFO  [BrowserSelenium] (initElements) -> CSS set to field: 
17:18:19,782 INFO  [BrowserSelenium] (initElements) -> XPath set to field: //input[@id='obj[0].days']
17:18:19,782 INFO  [BrowserSelenium] (initElements) -> ID set to field: 
17:18:19,782 INFO  [BrowserSelenium] (initElements) -> Name set to field: 
17:18:19,782 INFO  [BrowserSelenium] (initElements) -> CSS set to field: 
17:18:19,782 INFO  [BrowserSelenium] (initElements) -> XPath set to field: //input[@id='obj[0].sendNotification']
17:18:19,782 INFO  [BrowserSelenium] (initElements) -> ID set to field: 
17:18:19,782 INFO  [BrowserSelenium] (initElements) -> Name set to field: 
17:18:19,782 INFO  [BrowserSelenium] (initElements) -> CSS set to field: 
17:18:19,782 INFO  [BrowserSelenium] (initElements) -> XPath set to field: //input[@id='obj[0].paymentRetry']
17:18:19,782 INFO  [BrowserSelenium] (initElements) -> ID set to field: 
17:18:19,782 INFO  [BrowserSelenium] (initElements) -> Name set to field: 
17:18:19,782 INFO  [BrowserSelenium] (initElements) -> CSS set to field: 
17:18:19,782 INFO  [BrowserSelenium] (initElements) -> XPath set to field: //input[@id='obj[0].suspended']
17:18:19,782 INFO  [BrowserSelenium] (initElements) -> ID set to field: 
17:18:19,782 INFO  [BrowserSelenium] (initElements) -> Name set to field: 
17:18:19,782 INFO  [BrowserSelenium] (initElements) -> CSS set to field: 
17:18:19,782 INFO  [BrowserSelenium] (initElements) -> XPath set to field: //table[@id='ageingStepTable']/tbody/tr[2]/td[1]/strong
17:18:19,792 INFO  [BrowserSelenium] (initElements) -> ID set to field: 
17:18:19,792 INFO  [BrowserSelenium] (initElements) -> Name set to field: 
17:18:19,792 INFO  [BrowserSelenium] (initElements) -> CSS set to field: 
17:18:19,792 INFO  [BrowserSelenium] (initElements) -> XPath set to field: //input[@id='obj[1].statusStr']
17:18:19,792 INFO  [BrowserSelenium] (initElements) -> ID set to field: 
17:18:19,792 INFO  [BrowserSelenium] (initElements) -> Name set to field: 
17:18:19,792 INFO  [BrowserSelenium] (initElements) -> CSS set to field: 
17:18:19,792 INFO  [BrowserSelenium] (initElements) -> XPath set to field: //input[@id='obj[1].days']
17:18:19,792 INFO  [BrowserSelenium] (initElements) -> ID set to field: 
17:18:19,792 INFO  [BrowserSelenium] (initElements) -> Name set to field: 
17:18:19,792 INFO  [BrowserSelenium] (initElements) -> CSS set to field: 
17:18:19,792 INFO  [BrowserSelenium] (initElements) -> XPath set to field: //input[@id='obj[1].sendNotification']
17:18:19,792 INFO  [BrowserSelenium] (initElements) -> ID set to field: 
17:18:19,792 INFO  [BrowserSelenium] (initElements) -> Name set to field: 
17:18:19,792 INFO  [BrowserSelenium] (initElements) -> CSS set to field: 
17:18:19,792 INFO  [BrowserSelenium] (initElements) -> XPath set to field: //input[@id='obj[1].paymentRetry']
17:18:19,792 INFO  [BrowserSelenium] (initElements) -> ID set to field: 
17:18:19,792 INFO  [BrowserSelenium] (initElements) -> Name set to field: 
17:18:19,792 INFO  [BrowserSelenium] (initElements) -> CSS set to field: 
17:18:19,792 INFO  [BrowserSelenium] (initElements) -> XPath set to field: //input[@id='obj[1].suspended']
17:18:19,792 INFO  [BrowserSelenium] (initElements) -> ID set to field: 
17:18:19,792 INFO  [BrowserSelenium] (initElements) -> Name set to field: 
17:18:19,792 INFO  [BrowserSelenium] (initElements) -> CSS set to field: 
17:18:19,792 INFO  [BrowserSelenium] (initElements) -> XPath set to field: //input[@id='obj[2].statusStr']
17:18:19,792 INFO  [BrowserSelenium] (initElements) -> ID set to field: 
17:18:19,792 INFO  [BrowserSelenium] (initElements) -> Name set to field: 
17:18:19,792 INFO  [BrowserSelenium] (initElements) -> CSS set to field: 
17:18:19,792 INFO  [BrowserSelenium] (initElements) -> XPath set to field: //input[@id='obj[2].days']
17:18:19,792 INFO  [BrowserSelenium] (initElements) -> ID set to field: 
17:18:19,792 INFO  [BrowserSelenium] (initElements) -> Name set to field: 
17:18:19,792 INFO  [BrowserSelenium] (initElements) -> CSS set to field: 
17:18:19,792 INFO  [BrowserSelenium] (initElements) -> XPath set to field: //input[@id='obj[2].sendNotification']
17:18:19,792 INFO  [BrowserSelenium] (initElements) -> ID set to field: 
17:18:19,792 INFO  [BrowserSelenium] (initElements) -> Name set to field: 
17:18:19,792 INFO  [BrowserSelenium] (initElements) -> CSS set to field: 
17:18:19,792 INFO  [BrowserSelenium] (initElements) -> XPath set to field: //input[@id='obj[2].sendNotification']
17:18:19,792 INFO  [BrowserSelenium] (initElements) -> ID set to field: 
17:18:19,792 INFO  [BrowserSelenium] (initElements) -> Name set to field: 
17:18:19,792 INFO  [BrowserSelenium] (initElements) -> CSS set to field: 
17:18:19,792 INFO  [BrowserSelenium] (initElements) -> XPath set to field: //input[@id='obj[2].suspended']
17:18:19,792 INFO  [BrowserSelenium] (initElements) -> ID set to field: 
17:18:19,792 INFO  [BrowserSelenium] (initElements) -> Name set to field: 
17:18:19,792 INFO  [BrowserSelenium] (initElements) -> CSS set to field: 
17:18:19,792 INFO  [BrowserSelenium] (initElements) -> XPath set to field: //input[@id='obj[3].statusStr']
17:18:19,792 INFO  [BrowserSelenium] (initElements) -> ID set to field: 
17:18:19,792 INFO  [BrowserSelenium] (initElements) -> Name set to field: 
17:18:19,792 INFO  [BrowserSelenium] (initElements) -> CSS set to field: 
17:18:19,792 INFO  [BrowserSelenium] (initElements) -> XPath set to field: //input[@id='obj[3].days']
17:18:19,792 INFO  [BrowserSelenium] (initElements) -> ID set to field: 
17:18:19,792 INFO  [BrowserSelenium] (initElements) -> Name set to field: 
17:18:19,792 INFO  [BrowserSelenium] (initElements) -> CSS set to field: 
17:18:19,792 INFO  [BrowserSelenium] (initElements) -> XPath set to field: //input[@id='obj[3].sendNotification']
17:18:19,792 INFO  [BrowserSelenium] (initElements) -> ID set to field: 
17:18:19,792 INFO  [BrowserSelenium] (initElements) -> Name set to field: 
17:18:19,802 INFO  [BrowserSelenium] (initElements) -> CSS set to field: 
17:18:19,802 INFO  [BrowserSelenium] (initElements) -> XPath set to field: //input[@id='obj[3].paymentRetry']
17:18:19,802 INFO  [BrowserSelenium] (initElements) -> ID set to field: 
17:18:19,802 INFO  [BrowserSelenium] (initElements) -> Name set to field: 
17:18:19,802 INFO  [BrowserSelenium] (initElements) -> CSS set to field: 
17:18:19,802 INFO  [BrowserSelenium] (initElements) -> XPath set to field: //input[@name='obj[1].description_1']
17:18:19,802 INFO  [BrowserSelenium] (initElements) -> ID set to field: 
17:18:19,802 INFO  [BrowserSelenium] (initElements) -> Name set to field: 
17:18:19,802 INFO  [BrowserSelenium] (initElements) -> CSS set to field: 
17:18:19,802 INFO  [BrowserSelenium] (initElements) -> XPath set to field: //input[@name='obj[2].description_1']
17:18:19,802 INFO  [BrowserSelenium] (initElements) -> ID set to field: 
17:18:19,802 INFO  [BrowserSelenium] (initElements) -> Name set to field: 
17:18:19,802 INFO  [BrowserSelenium] (initElements) -> CSS set to field: 
17:18:19,802 INFO  [BrowserSelenium] (initElements) -> XPath set to field: //input[@name='obj[3].description_1']
17:18:19,802 INFO  [BrowserSelenium] (initElements) -> ID set to field: 
17:18:19,802 INFO  [BrowserSelenium] (initElements) -> Name set to field: 
17:18:19,802 INFO  [BrowserSelenium] (initElements) -> CSS set to field: 
17:18:19,802 INFO  [BrowserSelenium] (initElements) -> XPath set to field: //input[@id='obj[3].suspended']
17:18:19,802 INFO  [BrowserSelenium] (initElements) -> ID set to field: 
17:18:19,802 INFO  [BrowserSelenium] (initElements) -> Name set to field: 
17:18:19,802 INFO  [BrowserSelenium] (initElements) -> CSS set to field: 
17:18:19,802 INFO  [BrowserSelenium] (initElements) -> XPath set to field: //input[@id='collectionsRunDate']
17:18:19,802 INFO  [BrowserSelenium] (initElements) -> ID set to field: 
17:18:19,802 INFO  [BrowserSelenium] (initElements) -> Name set to field: 
17:18:19,802 INFO  [BrowserSelenium] (initElements) -> CSS set to field: 
17:18:19,802 INFO  [BrowserSelenium] (initElements) -> XPath set to field: //input[@id='run' and @value='Run Collections']
17:18:19,802 INFO  [BrowserSelenium] (initElements) -> ID set to field: 
17:18:19,802 INFO  [BrowserSelenium] (initElements) -> Name set to field: 
17:18:19,802 INFO  [BrowserSelenium] (initElements) -> CSS set to field: 
17:18:19,802 INFO  [BrowserSelenium] (initElements) -> XPath set to field: //span[text()='Run Collections']
17:18:19,802 INFO  [BrowserSelenium] (initElements) -> ID set to field: 
17:18:19,802 INFO  [BrowserSelenium] (initElements) -> Name set to field: 
17:18:19,802 INFO  [BrowserSelenium] (initElements) -> CSS set to field: 
17:18:19,802 INFO  [BrowserSelenium] (initElements) -> XPath set to field: //img[@alt='add']
17:18:19,802 INFO  [BrowserSelenium] (initElements) -> ID set to field: 
17:18:19,802 INFO  [BrowserSelenium] (initElements) -> Name set to field: 
17:18:19,802 INFO  [BrowserSelenium] (initElements) -> CSS set to field: 
17:18:19,802 INFO  [BrowserSelenium] (initElements) -> XPath set to field: //table[@id='users']/tbody//td/a/strong
17:18:19,802 INFO  [BrowserSelenium] (initElements) -> ID set to field: 
17:18:19,802 INFO  [BrowserSelenium] (initElements) -> Name set to field: 
17:18:19,802 INFO  [BrowserSelenium] (initElements) -> CSS set to field: 
17:18:19,802 INFO  [BrowserSelenium] (initElements) -> XPath set to field: //table[@id='usagePools']/tbody//td/a/strong
17:18:19,802 INFO  [BrowserSelenium] (initElements) -> ID set to field: 
17:18:19,802 INFO  [BrowserSelenium] (initElements) -> Name set to field: 
17:18:19,802 INFO  [BrowserSelenium] (initElements) -> CSS set to field: 
17:18:19,802 INFO  [BrowserSelenium] (initElements) -> XPath set to field: //table[@id='data_grid_column1']/tbody//td/div
17:18:19,802 INFO  [BrowserSelenium] (initElements) -> ID set to field: 
17:18:19,802 INFO  [BrowserSelenium] (initElements) -> Name set to field: 
17:18:19,802 INFO  [BrowserSelenium] (initElements) -> CSS set to field: 
17:18:19,802 INFO  [BrowserSelenium] (initElements) -> XPath set to field: //table[@id='users']
17:18:19,802 INFO  [BrowserSelenium] (initElements) -> ID set to field: 
17:18:19,802 INFO  [BrowserSelenium] (initElements) -> Name set to field: 
17:18:19,802 INFO  [BrowserSelenium] (initElements) -> CSS set to field: 
17:18:19,802 INFO  [BrowserSelenium] (initElements) -> XPath set to field: //table[@id='users']/tbody//td/a/strong
17:18:19,802 INFO  [BrowserSelenium] (initElements) -> ID set to field: 
17:18:19,802 INFO  [BrowserSelenium] (initElements) -> Name set to field: 
17:18:19,802 INFO  [BrowserSelenium] (initElements) -> CSS set to field: 
17:18:19,802 INFO  [BrowserSelenium] (initElements) -> XPath set to field: //span[text()='Permissions']
17:18:19,802 INFO  [BrowserSelenium] (initElements) -> ID set to field: 
17:18:19,802 INFO  [BrowserSelenium] (initElements) -> Name set to field: 
17:18:19,802 INFO  [BrowserSelenium] (initElements) -> CSS set to field: 
17:18:19,802 INFO  [BrowserSelenium] (initElements) -> XPath set to field: //label[contains(text(),'Edit plug-in')]/preceding-sibling::input[@type='box']
17:18:19,802 INFO  [BrowserSelenium] (initElements) -> ID set to field: 
17:18:19,802 INFO  [BrowserSelenium] (initElements) -> Name set to field: 
17:18:19,802 INFO  [BrowserSelenium] (initElements) -> CSS set to field: 
17:18:19,802 INFO  [BrowserSelenium] (initElements) -> XPath set to field: //input[@id = 'permission.1902']
17:18:19,802 INFO  [BrowserSelenium] (initElements) -> ID set to field: 
17:18:19,802 INFO  [BrowserSelenium] (initElements) -> Name set to field: 
17:18:19,802 INFO  [BrowserSelenium] (initElements) -> CSS set to field: 
17:18:19,802 INFO  [BrowserSelenium] (initElements) -> XPath set to field: //label[contains(text(),'Edit payment')]/preceding-sibling::input[@type='checkbox']
17:18:19,802 INFO  [BrowserSelenium] (initElements) -> ID set to field: 
17:18:19,802 INFO  [BrowserSelenium] (initElements) -> Name set to field: 
17:18:19,802 INFO  [BrowserSelenium] (initElements) -> CSS set to field: 
17:18:19,802 INFO  [BrowserSelenium] (initElements) -> XPath set to field: //label[contains(text(),'Delete payment')]/preceding-sibling::input[@type='checkbox']
17:18:19,802 INFO  [BrowserSelenium] (initElements) -> ID set to field: 
17:18:19,802 INFO  [BrowserSelenium] (initElements) -> Name set to field: 
17:18:19,802 INFO  [BrowserSelenium] (initElements) -> CSS set to field: 
17:18:19,802 INFO  [BrowserSelenium] (initElements) -> XPath set to field: //span[contains(text(),'Copy Company')]
17:18:19,802 INFO  [BrowserSelenium] (initElements) -> ID set to field: 
17:18:19,802 INFO  [BrowserSelenium] (initElements) -> Name set to field: 
17:18:19,802 INFO  [BrowserSelenium] (initElements) -> CSS set to field: 
17:18:19,802 INFO  [BrowserSelenium] (initElements) -> XPath set to field: //input[@id='isCompanyChild']
17:18:19,802 INFO  [BrowserSelenium] (initElements) -> ID set to field: 
17:18:19,802 INFO  [BrowserSelenium] (initElements) -> Name set to field: 
17:18:19,802 INFO  [BrowserSelenium] (initElements) -> CSS set to field: 
17:18:19,802 INFO  [BrowserSelenium] (initElements) -> XPath set to field: //input[@id='childCompany']
17:18:19,802 INFO  [BrowserSelenium] (initElements) -> ID set to field: 
17:18:19,802 INFO  [BrowserSelenium] (initElements) -> Name set to field: 
17:18:19,802 INFO  [BrowserSelenium] (initElements) -> CSS set to field: 
17:18:19,812 INFO  [BrowserSelenium] (initElements) -> XPath set to field: //button/span[text()='Yes']
17:18:19,812 INFO  [BrowserSelenium] (initElements) -> ID set to field: 
17:18:19,812 INFO  [BrowserSelenium] (initElements) -> Name set to field: 
17:18:19,812 INFO  [BrowserSelenium] (initElements) -> CSS set to field: 
17:18:19,812 INFO  [BrowserSelenium] (initElements) -> XPath set to field: //button/span[text()='No']
17:18:19,812 INFO  [BrowserSelenium] (initElements) -> ID set to field: 
17:18:19,812 INFO  [BrowserSelenium] (initElements) -> Name set to field: 
17:18:19,812 INFO  [BrowserSelenium] (initElements) -> CSS set to field: 
17:18:19,812 INFO  [BrowserSelenium] (initElements) -> XPath set to field: //strong[text()='Done']/../p
17:18:19,812 INFO  [BrowserSelenium] (initElements) -> ID set to field: 
17:18:19,812 INFO  [BrowserSelenium] (initElements) -> Name set to field: 
17:18:19,812 INFO  [BrowserSelenium] (initElements) -> CSS set to field: 
17:18:19,812 INFO  [BrowserSelenium] (initElements) -> XPath set to field: //input[@id='name']
17:18:19,812 INFO  [BrowserSelenium] (initElements) -> ID set to field: 
17:18:19,812 INFO  [BrowserSelenium] (initElements) -> Name set to field: 
17:18:19,812 INFO  [BrowserSelenium] (initElements) -> CSS set to field: 
17:18:19,812 INFO  [BrowserSelenium] (initElements) -> XPath set to field: //input[@id='orderValue']
17:18:19,812 INFO  [BrowserSelenium] (initElements) -> ID set to field: 
17:18:19,812 INFO  [BrowserSelenium] (initElements) -> Name set to field: 
17:18:19,812 INFO  [BrowserSelenium] (initElements) -> CSS set to field: 
17:18:19,812 INFO  [BrowserSelenium] (initElements) -> XPath set to field: //select[@id='mediationJobLauncher']
17:18:19,812 INFO  [BrowserSelenium] (initElements) -> ID set to field: 
17:18:19,812 INFO  [BrowserSelenium] (initElements) -> Name set to field: 
17:18:19,812 INFO  [BrowserSelenium] (initElements) -> CSS set to field: 
17:18:19,812 INFO  [BrowserSelenium] (initElements) -> XPath set to field: //input[@id='global']
17:18:19,812 INFO  [BrowserSelenium] (initElements) -> ID set to field: 
17:18:19,812 INFO  [BrowserSelenium] (initElements) -> Name set to field: 
17:18:19,812 INFO  [BrowserSelenium] (initElements) -> CSS set to field: 
17:18:19,812 INFO  [BrowserSelenium] (initElements) -> XPath set to field: //span[text()='Run Mediation']
17:18:19,812 INFO  [BrowserSelenium] (initElements) -> ID set to field: 
17:18:19,812 INFO  [BrowserSelenium] (initElements) -> Name set to field: 
17:18:19,812 INFO  [BrowserSelenium] (initElements) -> CSS set to field: 
17:18:19,812 INFO  [BrowserSelenium] (initElements) -> XPath set to field: //input[@id='description']
17:18:19,812 INFO  [BrowserSelenium] (initElements) -> ID set to field: 
17:18:19,812 INFO  [BrowserSelenium] (initElements) -> Name set to field: 
17:18:19,812 INFO  [BrowserSelenium] (initElements) -> CSS set to field: 
17:18:19,812 INFO  [BrowserSelenium] (initElements) -> XPath set to field: //select[@id='periodUnitId']
17:18:19,812 INFO  [BrowserSelenium] (initElements) -> ID set to field: 
17:18:19,812 INFO  [BrowserSelenium] (initElements) -> Name set to field: 
17:18:19,812 INFO  [BrowserSelenium] (initElements) -> CSS set to field: 
17:18:19,812 INFO  [BrowserSelenium] (initElements) -> XPath set to field: //input[@id='value']
17:18:19,812 INFO  [BrowserSelenium] (initElements) -> ID set to field: 
17:18:19,812 INFO  [BrowserSelenium] (initElements) -> Name set to field: 
17:18:19,812 INFO  [BrowserSelenium] (initElements) -> CSS set to field: 
17:18:19,812 INFO  [BrowserSelenium] (initElements) -> XPath set to field: //strong[text()='Should use JQGrid for tables']/parent::a
17:18:19,812 INFO  [BrowserSelenium] (initElements) -> ID set to field: 
17:18:19,812 INFO  [BrowserSelenium] (initElements) -> Name set to field: 
17:18:19,812 INFO  [BrowserSelenium] (initElements) -> CSS set to field: 
17:18:19,812 INFO  [BrowserSelenium] (initElements) -> XPath set to field: //div[text()='Should use JQGrid for tables']/parent::td
17:18:19,812 INFO  [BrowserSelenium] (initElements) -> ID set to field: 
17:18:19,812 INFO  [BrowserSelenium] (initElements) -> Name set to field: 
17:18:19,812 INFO  [BrowserSelenium] (initElements) -> CSS set to field: 
17:18:19,812 INFO  [BrowserSelenium] (initElements) -> XPath set to field: //strong[text()='ITG invoice notification']/parent::a
17:18:19,812 INFO  [BrowserSelenium] (initElements) -> ID set to field: 
17:18:19,812 INFO  [BrowserSelenium] (initElements) -> Name set to field: 
17:18:19,812 INFO  [BrowserSelenium] (initElements) -> CSS set to field: 
17:18:19,812 INFO  [BrowserSelenium] (initElements) -> XPath set to field: //input[@id='preference.value']
17:18:19,812 INFO  [BrowserSelenium] (initElements) -> ID set to field: 
17:18:19,812 INFO  [BrowserSelenium] (initElements) -> Name set to field: 
17:18:19,812 INFO  [BrowserSelenium] (initElements) -> CSS set to field: 
17:18:19,812 INFO  [BrowserSelenium] (initElements) -> XPath set to field: //input[@id='description']
17:18:19,812 INFO  [BrowserSelenium] (initElements) -> ID set to field: 
17:18:19,812 INFO  [BrowserSelenium] (initElements) -> Name set to field: 
17:18:19,812 INFO  [BrowserSelenium] (initElements) -> CSS set to field: 
17:18:19,812 INFO  [BrowserSelenium] (initElements) -> XPath set to field: //input[@id='mainSubscription.nextInvoiceDayOfPeriod']
17:18:19,812 INFO  [BrowserSelenium] (initElements) -> ID set to field: 
17:18:19,812 INFO  [BrowserSelenium] (initElements) -> Name set to field: 
17:18:19,812 INFO  [BrowserSelenium] (initElements) -> CSS set to field: 
17:18:19,812 INFO  [BrowserSelenium] (initElements) -> XPath set to field: //input[@id='invoiceDesign']
17:18:19,812 INFO  [BrowserSelenium] (initElements) -> ID set to field: 
17:18:19,812 INFO  [BrowserSelenium] (initElements) -> Name set to field: 
17:18:19,812 INFO  [BrowserSelenium] (initElements) -> CSS set to field: 
17:18:19,812 INFO  [BrowserSelenium] (initElements) -> XPath set to field: //table[@id='periods']
17:18:19,812 INFO  [BrowserSelenium] (initElements) -> ID set to field: 
17:18:19,812 INFO  [BrowserSelenium] (initElements) -> Name set to field: 
17:18:19,812 INFO  [BrowserSelenium] (initElements) -> CSS set to field: 
17:18:19,812 INFO  [BrowserSelenium] (initElements) -> XPath set to field: //input[@class='cb checkbox']
17:18:19,812 INFO  [BrowserSelenium] (initElements) -> ID set to field: 
17:18:19,812 INFO  [BrowserSelenium] (initElements) -> Name set to field: 
17:18:19,812 INFO  [BrowserSelenium] (initElements) -> CSS set to field: 
17:18:19,812 INFO  [BrowserSelenium] (initElements) -> XPath set to field: //table[@id='periods']/tbody//td/a/strong
17:18:19,822 INFO  [BrowserSelenium] (initElements) -> ID set to field: 
17:18:19,822 INFO  [BrowserSelenium] (initElements) -> Name set to field: 
17:18:19,822 INFO  [BrowserSelenium] (initElements) -> CSS set to field: 
17:18:19,822 INFO  [BrowserSelenium] (initElements) -> XPath set to field: //table[@id='categories']
17:18:19,822 INFO  [BrowserSelenium] (initElements) -> ID set to field: 
17:18:19,822 INFO  [BrowserSelenium] (initElements) -> Name set to field: 
17:18:19,822 INFO  [BrowserSelenium] (initElements) -> CSS set to field: 
17:18:19,822 INFO  [BrowserSelenium] (initElements) -> XPath set to field: //table[@id='periods']/tbody/tr[1]/td/a[1]/strong
17:18:19,822 INFO  [BrowserSelenium] (initElements) -> ID set to field: 
17:18:19,822 INFO  [BrowserSelenium] (initElements) -> Name set to field: 
17:18:19,822 INFO  [BrowserSelenium] (initElements) -> CSS set to field: 
17:18:19,822 INFO  [BrowserSelenium] (initElements) -> XPath set to field: //span[text()='Add Information Type']
17:18:19,822 INFO  [BrowserSelenium] (initElements) -> ID set to field: 
17:18:19,822 INFO  [BrowserSelenium] (initElements) -> Name set to field: 
17:18:19,822 INFO  [BrowserSelenium] (initElements) -> CSS set to field: 
17:18:19,822 INFO  [BrowserSelenium] (initElements) -> XPath set to field: //input[@id='name']
17:18:19,822 INFO  [BrowserSelenium] (initElements) -> ID set to field: 
17:18:19,822 INFO  [BrowserSelenium] (initElements) -> Name set to field: 
17:18:19,822 INFO  [BrowserSelenium] (initElements) -> CSS set to field: 
17:18:19,822 INFO  [BrowserSelenium] (initElements) -> XPath set to field: //span[text()='Add New Metafield']
17:18:19,822 INFO  [BrowserSelenium] (initElements) -> ID set to field: 
17:18:19,822 INFO  [BrowserSelenium] (initElements) -> Name set to field: 
17:18:19,822 INFO  [BrowserSelenium] (initElements) -> CSS set to field: 
17:18:19,822 INFO  [BrowserSelenium] (initElements) -> XPath set to field: //span[text()='-']/parent::li
17:18:19,822 INFO  [BrowserSelenium] (initElements) -> ID set to field: 
17:18:19,822 INFO  [BrowserSelenium] (initElements) -> Name set to field: 
17:18:19,822 INFO  [BrowserSelenium] (initElements) -> CSS set to field: 
17:18:19,822 INFO  [BrowserSelenium] (initElements) -> XPath set to field: //span[text()='-']
17:18:19,822 INFO  [BrowserSelenium] (initElements) -> ID set to field: 
17:18:19,822 INFO  [BrowserSelenium] (initElements) -> Name set to field: 
17:18:19,822 INFO  [BrowserSelenium] (initElements) -> CSS set to field: 
17:18:19,822 INFO  [BrowserSelenium] (initElements) -> XPath set to field: //input[@id='metaField0.name']
17:18:19,822 INFO  [BrowserSelenium] (initElements) -> ID set to field: 
17:18:19,822 INFO  [BrowserSelenium] (initElements) -> Name set to field: 
17:18:19,822 INFO  [BrowserSelenium] (initElements) -> CSS set to field: 
17:18:19,822 INFO  [BrowserSelenium] (initElements) -> XPath set to field: //select[@id='fieldType0']
17:18:19,822 INFO  [BrowserSelenium] (initElements) -> ID set to field: 
17:18:19,822 INFO  [BrowserSelenium] (initElements) -> Name set to field: 
17:18:19,822 INFO  [BrowserSelenium] (initElements) -> CSS set to field: 
17:18:19,822 INFO  [BrowserSelenium] (initElements) -> XPath set to field: //li[contains(@class,'active')]/following::li//a/span[contains(text(),'Update')]
17:18:19,822 INFO  [BrowserSelenium] (initElements) -> ID set to field: 
17:18:19,822 INFO  [BrowserSelenium] (initElements) -> Name set to field: 
17:18:19,822 INFO  [BrowserSelenium] (initElements) -> CSS set to field: 
17:18:19,822 INFO  [BrowserSelenium] (initElements) -> XPath set to field: //li[contains(@class,'active')]/following::li//a/span[contains(text(),'Remove')]
17:18:19,822 INFO  [BrowserSelenium] (initElements) -> ID set to field: 
17:18:19,822 INFO  [BrowserSelenium] (initElements) -> Name set to field: 
17:18:19,822 INFO  [BrowserSelenium] (initElements) -> CSS set to field: 
17:18:19,822 INFO  [BrowserSelenium] (initElements) -> XPath set to field: //div[@id='review-box']//span[text()='Save Changes']
17:18:19,822 INFO  [BrowserSelenium] (initElements) -> ID set to field: 
17:18:19,822 INFO  [BrowserSelenium] (initElements) -> Name set to field: 
17:18:19,822 INFO  [BrowserSelenium] (initElements) -> CSS set to field: 
17:18:19,822 INFO  [BrowserSelenium] (initElements) -> XPath set to field: //span[text()='Prices']
17:18:19,822 INFO  [BrowserSelenium] (initElements) -> ID set to field: 
17:18:19,822 INFO  [BrowserSelenium] (initElements) -> Name set to field: 
17:18:19,822 INFO  [BrowserSelenium] (initElements) -> CSS set to field: 
17:18:19,822 INFO  [BrowserSelenium] (initElements) -> XPath set to field: //select[@id='typeId']
17:18:19,822 INFO  [BrowserSelenium] (initElements) -> ID set to field: 
17:18:19,832 INFO  [BrowserSelenium] (initElements) -> Name set to field: 
17:18:19,832 INFO  [BrowserSelenium] (initElements) -> CSS set to field: 
17:18:19,832 INFO  [BrowserSelenium] (initElements) -> XPath set to field: //table[@id='products']
17:18:19,832 INFO  [BrowserSelenium] (initElements) -> ID set to field: 
17:18:19,832 INFO  [BrowserSelenium] (initElements) -> Name set to field: 
17:18:19,832 INFO  [BrowserSelenium] (initElements) -> CSS set to field: 
17:18:19,832 INFO  [BrowserSelenium] (initElements) -> XPath set to field: //table[@id='products']/tbody//td/a/strong
17:18:19,832 INFO  [BrowserSelenium] (initElements) -> ID set to field: 
17:18:19,832 INFO  [BrowserSelenium] (initElements) -> Name set to field: 
17:18:19,832 INFO  [BrowserSelenium] (initElements) -> CSS set to field: 
17:18:19,832 INFO  [BrowserSelenium] (initElements) -> XPath set to field: //span[text()='Add price']
17:18:19,832 INFO  [BrowserSelenium] (initElements) -> ID set to field: 
17:18:19,832 INFO  [BrowserSelenium] (initElements) -> Name set to field: 
17:18:19,832 INFO  [BrowserSelenium] (initElements) -> CSS set to field: 
17:18:19,832 INFO  [BrowserSelenium] (initElements) -> XPath set to field: //input[@id = 'model.0.rateAsDecimal']
17:18:19,832 INFO  [BrowserSelenium] (initElements) -> ID set to field: 
17:18:19,832 INFO  [BrowserSelenium] (initElements) -> Name set to field: 
17:18:19,832 INFO  [BrowserSelenium] (initElements) -> CSS set to field: 
17:18:19,832 INFO  [BrowserSelenium] (initElements) -> XPath set to field: //img[@alt='edit']
17:18:19,832 INFO  [BrowserSelenium] (initElements) -> ID set to field: 
17:18:19,832 INFO  [BrowserSelenium] (initElements) -> Name set to field: 
17:18:19,832 INFO  [BrowserSelenium] (initElements) -> CSS set to field: 
17:18:19,832 INFO  [BrowserSelenium] (initElements) -> XPath set to field: //select[@id='templateId']
17:18:19,832 INFO  [BrowserSelenium] (initElements) -> ID set to field: 
17:18:19,832 INFO  [BrowserSelenium] (initElements) -> Name set to field: 
17:18:19,832 INFO  [BrowserSelenium] (initElements) -> CSS set to field: 
17:18:19,832 INFO  [BrowserSelenium] (initElements) -> XPath set to field: //option[text()='Payment Card']
17:18:19,832 INFO  [BrowserSelenium] (initElements) -> ID set to field: methodName
17:18:19,832 INFO  [BrowserSelenium] (initElements) -> Name set to field: 
17:18:19,832 INFO  [BrowserSelenium] (initElements) -> CSS set to field: 
17:18:19,832 INFO  [BrowserSelenium] (initElements) -> XPath set to field: 
17:18:19,832 INFO  [BrowserSelenium] (initElements) -> ID set to field: isRecurring
17:18:19,832 INFO  [BrowserSelenium] (initElements) -> Name set to field: 
17:18:19,832 INFO  [BrowserSelenium] (initElements) -> CSS set to field: 
17:18:19,832 INFO  [BrowserSelenium] (initElements) -> XPath set to field: 
17:18:19,832 INFO  [BrowserSelenium] (initElements) -> ID set to field: allAccount
17:18:19,832 INFO  [BrowserSelenium] (initElements) -> Name set to field: 
17:18:19,832 INFO  [BrowserSelenium] (initElements) -> CSS set to field: 
17:18:19,832 INFO  [BrowserSelenium] (initElements) -> XPath set to field: 
17:18:19,832 INFO  [BrowserSelenium] (initElements) -> ID set to field: 
17:18:19,832 INFO  [BrowserSelenium] (initElements) -> Name set to field: 
17:18:19,832 INFO  [BrowserSelenium] (initElements) -> CSS set to field: 
17:18:19,832 INFO  [BrowserSelenium] (initElements) -> XPath set to field: //select[@id='accountTypes']
17:18:19,832 INFO  [BrowserSelenium] (initElements) -> ID set to field: 
17:18:19,832 INFO  [BrowserSelenium] (initElements) -> Name set to field: 
17:18:19,832 INFO  [BrowserSelenium] (initElements) -> CSS set to field: 
17:18:19,832 INFO  [BrowserSelenium] (initElements) -> XPath set to field: //span[text()='cc.number']/parent::li
17:18:19,832 INFO  [BrowserSelenium] (initElements) -> ID set to field: 
17:18:19,832 INFO  [BrowserSelenium] (initElements) -> Name set to field: 
17:18:19,832 INFO  [BrowserSelenium] (initElements) -> CSS set to field: 
17:18:19,832 INFO  [BrowserSelenium] (initElements) -> XPath set to field: //span[text() = 'cc.number']
17:18:19,832 INFO  [BrowserSelenium] (initElements) -> ID set to field: 
17:18:19,832 INFO  [BrowserSelenium] (initElements) -> Name set to field: 
17:18:19,832 INFO  [BrowserSelenium] (initElements) -> CSS set to field: 
17:18:19,832 INFO  [BrowserSelenium] (initElements) -> XPath set to field: //span[text()='cc.number']/parent::li/following::li[contains(@id,'editor')]//select[contains(@id,'newDescriptionLanguage')]
17:18:19,832 INFO  [BrowserSelenium] (initElements) -> ID set to field: 
17:18:19,832 INFO  [BrowserSelenium] (initElements) -> Name set to field: 
17:18:19,832 INFO  [BrowserSelenium] (initElements) -> CSS set to field: 
17:18:19,832 INFO  [BrowserSelenium] (initElements) -> XPath set to field: //span[text()='cc.number']/parent::li/following::li[contains(@id,'editor')]//a[contains(@onclick,'addNewDescription')]/img
17:18:19,832 INFO  [BrowserSelenium] (initElements) -> ID set to field: 
17:18:19,832 INFO  [BrowserSelenium] (initElements) -> Name set to field: 
17:18:19,832 INFO  [BrowserSelenium] (initElements) -> CSS set to field: 
17:18:19,832 INFO  [BrowserSelenium] (initElements) -> XPath set to field: //span[text()='cc.number']/../..//label[text()='English Error message']/../div/input[1]
17:18:19,832 INFO  [BrowserSelenium] (initElements) -> ID set to field: 
17:18:19,832 INFO  [BrowserSelenium] (initElements) -> Name set to field: 
17:18:19,842 INFO  [BrowserSelenium] (initElements) -> CSS set to field: 
17:18:19,842 INFO  [BrowserSelenium] (initElements) -> XPath set to field: //span[text()='cc.number']/parent::li/following::li//div[contains(@id,'descriptions')]//a/img[contains(@src,'cross.png')]
17:18:19,842 INFO  [BrowserSelenium] (initElements) -> ID set to field: 
17:18:19,842 INFO  [BrowserSelenium] (initElements) -> Name set to field: 
17:18:19,842 INFO  [BrowserSelenium] (initElements) -> CSS set to field: 
17:18:19,842 INFO  [BrowserSelenium] (initElements) -> XPath set to field: //span[text()='cc.number']/parent::li/following::li[contains(@id,'editor')]//a//span[text()='Update']
17:18:19,842 INFO  [BrowserSelenium] (initElements) -> ID set to field: 
17:18:19,842 INFO  [BrowserSelenium] (initElements) -> Name set to field: 
17:18:19,842 INFO  [BrowserSelenium] (initElements) -> CSS set to field: 
17:18:19,842 INFO  [BrowserSelenium] (initElements) -> XPath set to field: //span[text()='cc.expiry.date']/parent::li
17:18:19,842 INFO  [BrowserSelenium] (initElements) -> ID set to field: 
17:18:19,842 INFO  [BrowserSelenium] (initElements) -> Name set to field: 
17:18:19,842 INFO  [BrowserSelenium] (initElements) -> CSS set to field: 
17:18:19,842 INFO  [BrowserSelenium] (initElements) -> XPath set to field: //span[text()='cc.expiry.date']/../..
17:18:19,842 INFO  [BrowserSelenium] (initElements) -> ID set to field: 
17:18:19,842 INFO  [BrowserSelenium] (initElements) -> Name set to field: 
17:18:19,842 INFO  [BrowserSelenium] (initElements) -> CSS set to field: 
17:18:19,842 INFO  [BrowserSelenium] (initElements) -> XPath set to field: //span[text()='cc.expiry.date']/parent::li/following::li[contains(@id,'editor')]//select[contains(@id,'newDescriptionLanguage')]
17:18:19,842 INFO  [BrowserSelenium] (initElements) -> ID set to field: 
17:18:19,842 INFO  [BrowserSelenium] (initElements) -> Name set to field: 
17:18:19,842 INFO  [BrowserSelenium] (initElements) -> CSS set to field: 
17:18:19,842 INFO  [BrowserSelenium] (initElements) -> XPath set to field: //span[text()='cc.expiry.date']/parent::li/following::li[contains(@id,'editor')]//a[contains(@onclick,'addNewDescription')]/img
17:18:19,842 INFO  [BrowserSelenium] (initElements) -> ID set to field: 
17:18:19,842 INFO  [BrowserSelenium] (initElements) -> Name set to field: 
17:18:19,842 INFO  [BrowserSelenium] (initElements) -> CSS set to field: 
17:18:19,842 INFO  [BrowserSelenium] (initElements) -> XPath set to field: //span[text()='cc.expiry.date']/../..//label[text()='English Error message']/../div/input[1]
17:18:19,842 INFO  [BrowserSelenium] (initElements) -> ID set to field: 
17:18:19,842 INFO  [BrowserSelenium] (initElements) -> Name set to field: 
17:18:19,842 INFO  [BrowserSelenium] (initElements) -> CSS set to field: 
17:18:19,842 INFO  [BrowserSelenium] (initElements) -> XPath set to field: //span[text()='cc.expiry.date']/parent::li/following::li//div[contains(@id,'descriptions')]//a/img[contains(@src,'cross.png')]
17:18:19,842 INFO  [BrowserSelenium] (initElements) -> ID set to field: 
17:18:19,842 INFO  [BrowserSelenium] (initElements) -> Name set to field: 
17:18:19,842 INFO  [BrowserSelenium] (initElements) -> CSS set to field: 
17:18:19,842 INFO  [BrowserSelenium] (initElements) -> XPath set to field: //span[text()='cc.expiry.date']/parent::li/following::li[contains(@id,'editor')]//a//span[text()='Update']
17:18:19,842 INFO  [BrowserSelenium] (initElements) -> ID set to field: 
17:18:19,842 INFO  [BrowserSelenium] (initElements) -> Name set to field: 
17:18:19,842 INFO  [BrowserSelenium] (initElements) -> CSS set to field: 
17:18:19,842 INFO  [BrowserSelenium] (initElements) -> XPath set to field: //div[@class = 'buttons']//a[contains(@onclick,'submit')]
17:18:19,842 INFO  [BrowserSelenium] (initElements) -> ID set to field: 
17:18:19,842 INFO  [BrowserSelenium] (initElements) -> Name set to field: 
17:18:19,842 INFO  [BrowserSelenium] (initElements) -> CSS set to field: 
17:18:19,842 INFO  [BrowserSelenium] (initElements) -> XPath set to field: //div[@id='breadcrumbs']
17:18:19,842 INFO  [BrowserSelenium] (initElements) -> ID set to field: description
17:18:19,842 INFO  [BrowserSelenium] (initElements) -> Name set to field: 
17:18:19,842 INFO  [BrowserSelenium] (initElements) -> CSS set to field: 
17:18:19,842 INFO  [BrowserSelenium] (initElements) -> XPath set to field: 
17:18:19,842 INFO  [BrowserSelenium] (initElements) -> ID set to field: address1
17:18:19,842 INFO  [BrowserSelenium] (initElements) -> Name set to field: 
17:18:19,842 INFO  [BrowserSelenium] (initElements) -> CSS set to field: 
17:18:19,842 INFO  [BrowserSelenium] (initElements) -> XPath set to field: 
17:18:19,842 INFO  [BrowserSelenium] (initElements) -> ID set to field: city
17:18:19,842 INFO  [BrowserSelenium] (initElements) -> Name set to field: 
17:18:19,842 INFO  [BrowserSelenium] (initElements) -> CSS set to field: 
17:18:19,842 INFO  [BrowserSelenium] (initElements) -> XPath set to field: 
17:18:19,842 INFO  [BrowserSelenium] (initElements) -> ID set to field: stateProvince
17:18:19,842 INFO  [BrowserSelenium] (initElements) -> Name set to field: 
17:18:19,842 INFO  [BrowserSelenium] (initElements) -> CSS set to field: 
17:18:19,842 INFO  [BrowserSelenium] (initElements) -> XPath set to field: 
17:18:19,842 INFO  [BrowserSelenium] (initElements) -> ID set to field: 
17:18:19,842 INFO  [BrowserSelenium] (initElements) -> Name set to field: 
17:18:19,842 INFO  [BrowserSelenium] (initElements) -> CSS set to field: 
17:18:19,842 INFO  [BrowserSelenium] (initElements) -> XPath set to field: //label[contains(text(),'View plugin-in')]/../input[2]
17:18:19,842 INFO  [BrowserSelenium] (initElements) -> ID set to field: 
17:18:19,842 INFO  [BrowserSelenium] (initElements) -> Name set to field: 
17:18:19,842 INFO  [BrowserSelenium] (initElements) -> CSS set to field: 
17:18:19,842 INFO  [BrowserSelenium] (initElements) -> XPath set to field: //label[contains(text(),'Edit plug-in')]/../input[2]
17:18:19,842 INFO  [BrowserSelenium] (initElements) -> ID set to field: 
17:18:19,842 INFO  [BrowserSelenium] (initElements) -> Name set to field: 
17:18:19,842 INFO  [BrowserSelenium] (initElements) -> CSS set to field: 
17:18:19,842 INFO  [BrowserSelenium] (initElements) -> XPath set to field: //label[contains(text(),'Edit role')]/../input[2]
17:18:19,842 INFO  [BrowserSelenium] (initElements) -> ID set to field: 
17:18:19,842 INFO  [BrowserSelenium] (initElements) -> Name set to field: 
17:18:19,842 INFO  [BrowserSelenium] (initElements) -> CSS set to field: 
17:18:19,842 INFO  [BrowserSelenium] (initElements) -> XPath set to field: //div[@id='error-messages']/following-sibling::div//p
17:18:19,842 INFO  [BrowserSelenium] (initElements) -> ID set to field: roles
17:18:19,852 INFO  [BrowserSelenium] (initElements) -> Name set to field: 
17:18:19,852 INFO  [BrowserSelenium] (initElements) -> CSS set to field: 
17:18:19,852 INFO  [BrowserSelenium] (initElements) -> XPath set to field: 
17:18:19,852 INFO  [BrowserSelenium] (initElements) -> ID set to field: 
17:18:19,852 INFO  [BrowserSelenium] (initElements) -> Name set to field: 
17:18:19,852 INFO  [BrowserSelenium] (initElements) -> CSS set to field: 
17:18:19,852 INFO  [BrowserSelenium] (initElements) -> XPath set to field: //label[text()='Show agent menu']/../input[2]
17:18:19,852 INFO  [BrowserSelenium] (initElements) -> ID set to field: 
17:18:19,852 INFO  [BrowserSelenium] (initElements) -> Name set to field: 
17:18:19,852 INFO  [BrowserSelenium] (initElements) -> CSS set to field: 
17:18:19,852 INFO  [BrowserSelenium] (initElements) -> XPath set to field: //label[text()='Edit agent']/../input[2]
17:18:19,852 INFO  [BrowserSelenium] (initElements) -> ID set to field: 
17:18:19,852 INFO  [BrowserSelenium] (initElements) -> Name set to field: 
17:18:19,852 INFO  [BrowserSelenium] (initElements) -> CSS set to field: 
17:18:19,852 INFO  [BrowserSelenium] (initElements) -> XPath set to field: //label[text()='View agent details']/../input[2]
17:18:19,852 INFO  [BrowserSelenium] (initElements) -> ID set to field: 
17:18:19,852 INFO  [BrowserSelenium] (initElements) -> Name set to field: 
17:18:19,852 INFO  [BrowserSelenium] (initElements) -> CSS set to field: 
17:18:19,852 INFO  [BrowserSelenium] (initElements) -> XPath set to field: //a[@class='submit delete']
17:18:19,852 INFO  [BrowserSelenium] (initElements) -> ID set to field: creditLimitAsDecimal
17:18:19,852 INFO  [BrowserSelenium] (initElements) -> Name set to field: 
17:18:19,852 INFO  [BrowserSelenium] (initElements) -> CSS set to field: 
17:18:19,852 INFO  [BrowserSelenium] (initElements) -> XPath set to field: 
17:18:19,852 INFO  [BrowserSelenium] (initElements) -> ID set to field: creditNotificationLimit1AsDecimal
17:18:19,852 INFO  [BrowserSelenium] (initElements) -> Name set to field: 
17:18:19,852 INFO  [BrowserSelenium] (initElements) -> CSS set to field: 
17:18:19,852 INFO  [BrowserSelenium] (initElements) -> XPath set to field: 
17:18:19,852 INFO  [BrowserSelenium] (initElements) -> ID set to field: creditNotificationLimit2AsDecimal
17:18:19,852 INFO  [BrowserSelenium] (initElements) -> Name set to field: 
17:18:19,852 INFO  [BrowserSelenium] (initElements) -> CSS set to field: 
17:18:19,852 INFO  [BrowserSelenium] (initElements) -> XPath set to field: 
17:18:19,852 INFO  [BrowserSelenium] (initElements) -> ID set to field: 
17:18:19,852 INFO  [BrowserSelenium] (initElements) -> Name set to field: 
17:18:19,852 INFO  [BrowserSelenium] (initElements) -> CSS set to field: 
17:18:19,852 INFO  [BrowserSelenium] (initElements) -> XPath set to field: //div[@id='messages']//ul/li
17:18:19,852 INFO  [BrowserSelenium] (initElements) -> ID set to field: payment-method-select
17:18:19,852 INFO  [BrowserSelenium] (initElements) -> Name set to field: 
17:18:19,852 INFO  [BrowserSelenium] (initElements) -> CSS set to field: 
17:18:19,852 INFO  [BrowserSelenium] (initElements) -> XPath set to field: 
17:18:19,852 INFO  [BrowserSelenium] (initElements) -> ID set to field: gs_typeId
17:18:19,852 INFO  [BrowserSelenium] (initElements) -> Name set to field: 
17:18:19,852 INFO  [BrowserSelenium] (initElements) -> CSS set to field: 
17:18:19,852 INFO  [BrowserSelenium] (initElements) -> XPath set to field: 
17:18:19,852 INFO  [BrowserSelenium] (initElements) -> ID set to field: 
17:18:19,852 INFO  [BrowserSelenium] (initElements) -> Name set to field: 
17:18:19,852 INFO  [BrowserSelenium] (initElements) -> CSS set to field: 
17:18:19,852 INFO  [BrowserSelenium] (initElements) -> XPath set to field: //option[text()='
17:18:19,852 INFO  [BrowserSelenium] (initElements) -> ID set to field: 
17:18:19,852 INFO  [BrowserSelenium] (initElements) -> Name set to field: 
17:18:19,852 INFO  [BrowserSelenium] (initElements) -> CSS set to field: 
17:18:19,852 INFO  [BrowserSelenium] (initElements) -> XPath set to field: //strong[contains(text(),'Payment gateway integration')]
17:18:19,852 INFO  [BrowserSelenium] (initElements) -> ID set to field: plg-parm-PaypalUserId
17:18:19,852 INFO  [BrowserSelenium] (initElements) -> Name set to field: 
17:18:19,852 INFO  [BrowserSelenium] (initElements) -> CSS set to field: 
17:18:19,852 INFO  [BrowserSelenium] (initElements) -> XPath set to field: 
17:18:19,852 INFO  [BrowserSelenium] (initElements) -> ID set to field: plg-parm-PaypalPassword
17:18:19,852 INFO  [BrowserSelenium] (initElements) -> Name set to field: 
17:18:19,852 INFO  [BrowserSelenium] (initElements) -> CSS set to field: 
17:18:19,852 INFO  [BrowserSelenium] (initElements) -> XPath set to field: 
17:18:19,852 INFO  [BrowserSelenium] (initElements) -> ID set to field: plg-parm-PaypalSignature
17:18:19,852 INFO  [BrowserSelenium] (initElements) -> Name set to field: 
17:18:19,852 INFO  [BrowserSelenium] (initElements) -> CSS set to field: 
17:18:19,852 INFO  [BrowserSelenium] (initElements) -> XPath set to field: 
17:18:19,852 INFO  [BrowserSelenium] (initElements) -> ID set to field: 
17:18:19,852 INFO  [BrowserSelenium] (initElements) -> Name set to field: 
17:18:19,852 INFO  [BrowserSelenium] (initElements) -> CSS set to field: 
17:18:19,852 INFO  [BrowserSelenium] (initElements) -> XPath set to field: //a[contains(text(),'Company')]
17:18:19,852 INFO  [BrowserSelenium] (initElements) -> ID set to field: 
17:18:19,852 INFO  [BrowserSelenium] (initElements) -> Name set to field: 
17:18:19,852 INFO  [BrowserSelenium] (initElements) -> CSS set to field: 
17:18:19,852 INFO  [BrowserSelenium] (initElements) -> XPath set to field: //div[@class='table-box']//tr//td//a
17:18:19,852 INFO  [BrowserSelenium] (initElements) -> ID set to field: metaField.name
17:18:19,852 INFO  [BrowserSelenium] (initElements) -> Name set to field: 
17:18:19,852 INFO  [BrowserSelenium] (initElements) -> CSS set to field: 
17:18:19,852 INFO  [BrowserSelenium] (initElements) -> XPath set to field: 
17:18:19,862 INFO  [BrowserSelenium] (initElements) -> ID set to field: metaField.dataType
17:18:19,862 INFO  [BrowserSelenium] (initElements) -> Name set to field: 
17:18:19,862 INFO  [BrowserSelenium] (initElements) -> CSS set to field: 
17:18:19,862 INFO  [BrowserSelenium] (initElements) -> XPath set to field: 
17:18:19,862 INFO  [BrowserSelenium] (initElements) -> ID set to field: mandatoryCheck
17:18:19,862 INFO  [BrowserSelenium] (initElements) -> Name set to field: 
17:18:19,862 INFO  [BrowserSelenium] (initElements) -> CSS set to field: 
17:18:19,862 INFO  [BrowserSelenium] (initElements) -> XPath set to field: 
17:18:19,862 INFO  [BrowserSelenium] (initElements) -> ID set to field: disableCheck
17:18:19,862 INFO  [BrowserSelenium] (initElements) -> Name set to field: 
17:18:19,862 INFO  [BrowserSelenium] (initElements) -> CSS set to field: 
17:18:19,862 INFO  [BrowserSelenium] (initElements) -> XPath set to field: 
17:18:19,862 INFO  [BrowserSelenium] (initElements) -> ID set to field: defaultValue
17:18:19,862 INFO  [BrowserSelenium] (initElements) -> Name set to field: 
17:18:19,862 INFO  [BrowserSelenium] (initElements) -> CSS set to field: 
17:18:19,862 INFO  [BrowserSelenium] (initElements) -> XPath set to field: 
17:18:19,862 INFO  [BrowserSelenium] (initElements) -> ID set to field: metaField.validationRule.ruleType
17:18:19,862 INFO  [BrowserSelenium] (initElements) -> Name set to field: 
17:18:19,862 INFO  [BrowserSelenium] (initElements) -> CSS set to field: 
17:18:19,862 INFO  [BrowserSelenium] (initElements) -> XPath set to field: 
17:18:19,862 INFO  [BrowserSelenium] (initElements) -> ID set to field: 
17:18:19,862 INFO  [BrowserSelenium] (initElements) -> Name set to field: 
17:18:19,862 INFO  [BrowserSelenium] (initElements) -> CSS set to field: 
17:18:19,862 INFO  [BrowserSelenium] (initElements) -> XPath set to field: //a[@class='submit save']/span
17:18:19,862 INFO  [BrowserSelenium] (initElements) -> ID set to field: 
17:18:19,862 INFO  [BrowserSelenium] (initElements) -> Name set to field: 
17:18:19,862 INFO  [BrowserSelenium] (initElements) -> CSS set to field: 
17:18:19,862 INFO  [BrowserSelenium] (initElements) -> XPath set to field: //a[@class='submit cancel']/span
17:18:19,862 INFO  [BrowserSelenium] (initElements) -> ID set to field: 
17:18:19,862 INFO  [BrowserSelenium] (initElements) -> Name set to field: 
17:18:19,862 INFO  [BrowserSelenium] (initElements) -> CSS set to field: 
17:18:19,862 INFO  [BrowserSelenium] (initElements) -> XPath set to field: //input[@id='helpCheck'] 
17:18:19,862 INFO  [BrowserSelenium] (initElements) -> ID set to field: 
17:18:19,862 INFO  [BrowserSelenium] (initElements) -> Name set to field: 
17:18:19,862 INFO  [BrowserSelenium] (initElements) -> CSS set to field: 
17:18:19,862 INFO  [BrowserSelenium] (initElements) -> XPath set to field: //table[@id='roles']//tbody//tr
17:18:19,862 INFO  [BrowserSelenium] (initElements) -> ID set to field: 
17:18:19,862 INFO  [BrowserSelenium] (initElements) -> Name set to field: 
17:18:19,862 INFO  [BrowserSelenium] (initElements) -> CSS set to field: 
17:18:19,862 INFO  [BrowserSelenium] (initElements) -> XPath set to field: //select[@id='vis-cols-multi-sel-group-left']//option
17:18:19,862 INFO  [BrowserSelenium] (initElements) -> ID set to field: 
17:18:19,862 INFO  [BrowserSelenium] (initElements) -> Name set to field: 
17:18:19,862 INFO  [BrowserSelenium] (initElements) -> CSS set to field: 
17:18:19,862 INFO  [BrowserSelenium] (initElements) -> XPath set to field: //a[@id='vis-cols-multi-sel-to-right']/span
17:18:19,862 INFO  [BrowserSelenium] (initElements) -> ID set to field: 
17:18:19,862 INFO  [BrowserSelenium] (initElements) -> Name set to field: 
17:18:19,862 INFO  [BrowserSelenium] (initElements) -> CSS set to field: 
17:18:19,862 INFO  [BrowserSelenium] (initElements) -> XPath set to field: //input[@id='name']
17:18:19,862 INFO  [BrowserSelenium] (initElements) -> ID set to field: 
17:18:19,862 INFO  [BrowserSelenium] (initElements) -> Name set to field: 
17:18:19,862 INFO  [BrowserSelenium] (initElements) -> CSS set to field: 
17:18:19,862 INFO  [BrowserSelenium] (initElements) -> XPath set to field: //table[@id='payments']
17:18:19,862 INFO  [BrowserSelenium] (initElements) -> ID set to field: 
17:18:19,862 INFO  [BrowserSelenium] (initElements) -> Name set to field: 
17:18:19,862 INFO  [BrowserSelenium] (initElements) -> CSS set to field: 
17:18:19,862 INFO  [BrowserSelenium] (initElements) -> XPath set to field: //div[text()='Should use JQGrid for tables']/..
17:18:19,862 INFO  [BrowserSelenium] (initElements) -> ID set to field: 
17:18:19,862 INFO  [BrowserSelenium] (initElements) -> Name set to field: 
17:18:19,862 INFO  [BrowserSelenium] (initElements) -> CSS set to field: 
17:18:19,862 INFO  [BrowserSelenium] (initElements) -> XPath set to field: //table[@class='jqTable ui-jqgrid-btable']//tbody//tr/td/div
17:18:19,862 INFO  [BrowserSelenium] (initElements) -> ID set to field: 
17:18:19,862 INFO  [BrowserSelenium] (initElements) -> Name set to field: 
17:18:19,862 INFO  [BrowserSelenium] (initElements) -> CSS set to field: 
17:18:19,862 INFO  [BrowserSelenium] (initElements) -> XPath set to field: //select[contains(@id,'paymentMethodTypeId')]
17:18:19,862 INFO  [BrowserSelenium] (initElements) -> ID set to field: disableCheck
17:18:19,872 INFO  [BrowserSelenium] (initElements) -> Name set to field: 
17:18:19,872 INFO  [BrowserSelenium] (initElements) -> CSS set to field: 
17:18:19,872 INFO  [BrowserSelenium] (initElements) -> XPath set to field: 
17:18:19,872 INFO  [BrowserSelenium] (initElements) -> ID set to field: 
17:18:19,872 INFO  [BrowserSelenium] (initElements) -> Name set to field: 
17:18:19,872 INFO  [BrowserSelenium] (initElements) -> CSS set to field: 
17:18:19,872 INFO  [BrowserSelenium] (initElements) -> XPath set to field: //select[contains(@id,'dataType')]
17:18:19,872 INFO  [BrowserSelenium] (initElements) -> ID set to field: 
17:18:19,872 INFO  [BrowserSelenium] (initElements) -> Name set to field: 
17:18:19,872 INFO  [BrowserSelenium] (initElements) -> CSS set to field: 
17:18:19,872 INFO  [BrowserSelenium] (initElements) -> XPath set to field: //div[@id='left-column']//li[21]
17:18:19,872 INFO  [BrowserSelenium] (initElements) -> ID set to field: 
17:18:19,872 INFO  [BrowserSelenium] (initElements) -> Name set to field: 
17:18:19,872 INFO  [BrowserSelenium] (initElements) -> CSS set to field: 
17:18:19,872 INFO  [BrowserSelenium] (initElements) -> XPath set to field: //div[@class='lang_description_1']//input[@id='obj_0_description_1']
17:18:19,872 INFO  [BrowserSelenium] (initElements) -> ID set to field: 
17:18:19,872 INFO  [BrowserSelenium] (initElements) -> Name set to field: 
17:18:19,872 INFO  [BrowserSelenium] (initElements) -> CSS set to field: 
17:18:19,872 INFO  [BrowserSelenium] (initElements) -> XPath set to field: //div[@class='lang_description_1']//input[@id='obj_1_description_1']
17:18:19,872 INFO  [BrowserSelenium] (initElements) -> ID set to field: 
17:18:19,872 INFO  [BrowserSelenium] (initElements) -> Name set to field: 
17:18:19,872 INFO  [BrowserSelenium] (initElements) -> CSS set to field: 
17:18:19,872 INFO  [BrowserSelenium] (initElements) -> XPath set to field: //strong[contains(text(),'Order Change Statuses')]
17:18:19,872 INFO  [BrowserSelenium] (initElements) -> ID set to field: 
17:18:19,872 INFO  [BrowserSelenium] (initElements) -> Name set to field: 
17:18:19,872 INFO  [BrowserSelenium] (initElements) -> CSS set to field: 
17:18:19,872 INFO  [BrowserSelenium] (initElements) -> XPath set to field: //*[@id='obj[1].order']
17:18:19,872 INFO  [BrowserSelenium] (initElements) -> ID set to field: 
17:18:19,872 INFO  [BrowserSelenium] (initElements) -> Name set to field: 
17:18:19,872 INFO  [BrowserSelenium] (initElements) -> CSS set to field: 
17:18:19,872 INFO  [BrowserSelenium] (initElements) -> XPath set to field: //*[@id='obj[1].applyToOrder']
17:18:19,872 INFO  [BrowserSelenium] (initElements) -> ID set to field: 
17:18:19,872 INFO  [BrowserSelenium] (initElements) -> Name set to field: 
17:18:19,872 INFO  [BrowserSelenium] (initElements) -> CSS set to field: 
17:18:19,872 INFO  [BrowserSelenium] (initElements) -> XPath set to field: //*[@id='obj[0].applyToOrder']
17:18:19,872 INFO  [BrowserSelenium] (initElements) -> ID set to field: 
17:18:19,872 INFO  [BrowserSelenium] (initElements) -> Name set to field: 
17:18:19,872 INFO  [BrowserSelenium] (initElements) -> CSS set to field: 
17:18:19,872 INFO  [BrowserSelenium] (initElements) -> XPath set to field: //table[@id='invoiceTemplates']
17:18:19,872 INFO  [BrowserSelenium] (initElements) -> ID set to field: 
17:18:19,872 INFO  [BrowserSelenium] (initElements) -> Name set to field: 
17:18:19,872 INFO  [BrowserSelenium] (initElements) -> CSS set to field: 
17:18:19,872 INFO  [BrowserSelenium] (initElements) -> XPath set to field: //*[@id='17']/em
17:18:19,872 INFO  [BrowserSelenium] (initElements) -> ID set to field: 
17:18:19,872 INFO  [BrowserSelenium] (initElements) -> Name set to field: 
17:18:19,872 INFO  [BrowserSelenium] (initElements) -> CSS set to field: 
17:18:19,872 INFO  [BrowserSelenium] (initElements) -> XPath set to field: //*[@id='processingOrder']
17:18:19,872 INFO  [BrowserSelenium] (initElements) -> ID set to field: 
17:18:19,872 INFO  [BrowserSelenium] (initElements) -> Name set to field: 
17:18:19,872 INFO  [BrowserSelenium] (initElements) -> CSS set to field: 
17:18:19,872 INFO  [BrowserSelenium] (initElements) -> XPath set to field: //*[@id='typeId']
17:18:19,872 INFO  [BrowserSelenium] (initElements) -> ID set to field: 
17:18:19,872 INFO  [BrowserSelenium] (initElements) -> Name set to field: 
17:18:19,872 INFO  [BrowserSelenium] (initElements) -> CSS set to field: 
17:18:19,872 INFO  [BrowserSelenium] (initElements) -> XPath set to field: //div[@class='heading']//strong
17:18:19,872 INFO  [BrowserSelenium] (initElements) -> ID set to field: 
17:18:19,872 INFO  [BrowserSelenium] (initElements) -> Name set to field: 
17:18:19,872 INFO  [BrowserSelenium] (initElements) -> CSS set to field: 
17:18:19,882 INFO  [BrowserSelenium] (initElements) -> XPath set to field: //*[@id='orderChangeStatusesTable']/tbody/tr[2]/td[5]/a/img
17:18:19,882 INFO  [BrowserSelenium] (initElements) -> ID set to field: 
17:18:19,882 INFO  [BrowserSelenium] (initElements) -> Name set to field: 
17:18:19,882 INFO  [BrowserSelenium] (initElements) -> CSS set to field: 
17:18:19,882 INFO  [BrowserSelenium] (initElements) -> XPath set to field: //*[@id='orderChangeStatusesTable']/tbody/tr[3]/td[5]/a/img
17:18:19,882 INFO  [BrowserSelenium] (initElements) -> ID set to field: 
17:18:19,882 INFO  [BrowserSelenium] (initElements) -> Name set to field: 
17:18:19,882 INFO  [BrowserSelenium] (initElements) -> CSS set to field: 
17:18:19,882 INFO  [BrowserSelenium] (initElements) -> XPath set to field: //*[@id='column1']/div/table/thead/tr/th[2]
17:18:19,882 INFO  [BrowserSelenium] (initElements) -> ID set to field: 
17:18:19,882 INFO  [BrowserSelenium] (initElements) -> Name set to field: 
17:18:19,882 INFO  [BrowserSelenium] (initElements) -> CSS set to field: 
17:18:19,882 INFO  [BrowserSelenium] (initElements) -> XPath set to field: //*[@id='CUSTOMER']/strong
17:18:19,882 INFO  [BrowserSelenium] (initElements) -> ID set to field: 
17:18:19,882 INFO  [BrowserSelenium] (initElements) -> Name set to field: 
17:18:19,882 INFO  [BrowserSelenium] (initElements) -> CSS set to field: 
17:18:19,882 INFO  [BrowserSelenium] (initElements) -> XPath set to field: //*[@id='column1']/div[1]/table/thead/tr/th
17:18:19,882 INFO  [BrowserSelenium] (initElements) -> ID set to field: 
17:18:19,882 INFO  [BrowserSelenium] (initElements) -> Name set to field: 
17:18:19,882 INFO  [BrowserSelenium] (initElements) -> CSS set to field: 
17:18:19,882 INFO  [BrowserSelenium] (initElements) -> XPath set to field: //*[@id='metaField.name']
17:18:19,882 INFO  [BrowserSelenium] (initElements) -> ID set to field: 
17:18:19,882 INFO  [BrowserSelenium] (initElements) -> Name set to field: 
17:18:19,882 INFO  [BrowserSelenium] (initElements) -> CSS set to field: 
17:18:19,882 INFO  [BrowserSelenium] (initElements) -> XPath set to field: //*[@id='metaField.dataType']
17:18:19,882 INFO  [BrowserSelenium] (initElements) -> ID set to field: 
17:18:19,882 INFO  [BrowserSelenium] (initElements) -> Name set to field: 
17:18:19,882 INFO  [BrowserSelenium] (initElements) -> CSS set to field: 
17:18:19,882 INFO  [BrowserSelenium] (initElements) -> XPath set to field: //*[@id='mandatoryCheck']
17:18:19,882 INFO  [BrowserSelenium] (initElements) -> ID set to field: 
17:18:19,882 INFO  [BrowserSelenium] (initElements) -> Name set to field: 
17:18:19,882 INFO  [BrowserSelenium] (initElements) -> CSS set to field: 
17:18:19,882 INFO  [BrowserSelenium] (initElements) -> XPath set to field: //*[@class='table-box']//strong[contains(text(),'Salary')]
17:18:19,882 INFO  [BrowserSelenium] (initElements) -> ID set to field: 
17:18:19,882 INFO  [BrowserSelenium] (initElements) -> Name set to field: 
17:18:19,882 INFO  [BrowserSelenium] (initElements) -> CSS set to field: 
17:18:19,882 INFO  [BrowserSelenium] (initElements) -> XPath set to field: (//button[@type='button'])[3]
17:18:19,882 INFO  [BrowserSelenium] (initElements) -> ID set to field: 
17:18:19,882 INFO  [BrowserSelenium] (initElements) -> Name set to field: 
17:18:19,882 INFO  [BrowserSelenium] (initElements) -> CSS set to field: 
17:18:19,882 INFO  [BrowserSelenium] (initElements) -> XPath set to field: //a[contains(text(),'Payment Method')]
17:18:19,882 INFO  [BrowserSelenium] (initElements) -> ID set to field: 
17:18:19,882 INFO  [BrowserSelenium] (initElements) -> Name set to field: 
17:18:19,882 INFO  [BrowserSelenium] (initElements) -> CSS set to field: 
17:18:19,882 INFO  [BrowserSelenium] (initElements) -> XPath set to field: //a[contains(text(),'Account Type')]
17:18:19,882 INFO  [BrowserSelenium] (initElements) -> ID set to field: 
17:18:19,882 INFO  [BrowserSelenium] (initElements) -> Name set to field: 
17:18:19,882 INFO  [BrowserSelenium] (initElements) -> CSS set to field: 
17:18:19,882 INFO  [BrowserSelenium] (initElements) -> XPath set to field: //div[@id='left-column']/div/ul//li//a[contains(text(),'Account Type')]
17:18:19,882 INFO  [BrowserSelenium] (initElements) -> ID set to field: 
17:18:19,882 INFO  [BrowserSelenium] (initElements) -> Name set to field: 
17:18:19,882 INFO  [BrowserSelenium] (initElements) -> CSS set to field: 
17:18:19,882 INFO  [BrowserSelenium] (initElements) -> XPath set to field: //div[@id='messages']/div[@class='msg-box error']/strong
17:18:19,882 INFO  [BrowserSelenium] (initElements) -> ID set to field: 
17:18:19,882 INFO  [BrowserSelenium] (initElements) -> Name set to field: 
17:18:19,882 INFO  [BrowserSelenium] (initElements) -> CSS set to field: 
17:18:19,882 INFO  [BrowserSelenium] (initElements) -> XPath set to field: //div[@id='messages']/div[@class='msg-box error']/ul/li
17:18:19,882 INFO  [BrowserSelenium] (initElements) -> ID set to field: 
17:18:19,882 INFO  [BrowserSelenium] (initElements) -> Name set to field: 
17:18:19,882 INFO  [BrowserSelenium] (initElements) -> CSS set to field: 
17:18:19,882 INFO  [BrowserSelenium] (initElements) -> XPath set to field: //a[contains(.,'Order Statuses')]
17:18:19,882 INFO  [BrowserSelenium] (initElements) -> ID set to field: 
17:18:19,882 INFO  [BrowserSelenium] (initElements) -> Name set to field: 
17:18:19,882 INFO  [BrowserSelenium] (initElements) -> CSS set to field: 
17:18:19,882 INFO  [BrowserSelenium] (initElements) -> XPath set to field: //a[contains(.,'INVOICE')]
17:18:19,882 INFO  [BrowserSelenium] (initElements) -> ID set to field: 
17:18:19,882 INFO  [BrowserSelenium] (initElements) -> Name set to field: 
17:18:19,882 INFO  [BrowserSelenium] (initElements) -> CSS set to field: 
17:18:19,882 INFO  [BrowserSelenium] (initElements) -> XPath set to field: //a[contains(.,'FINISHED')]
17:18:19,892 INFO  [BrowserSelenium] (initElements) -> ID set to field: 
17:18:19,892 INFO  [BrowserSelenium] (initElements) -> Name set to field: 
17:18:19,892 INFO  [BrowserSelenium] (initElements) -> CSS set to field: 
17:18:19,892 INFO  [BrowserSelenium] (initElements) -> XPath set to field: //a[contains(.,'NOT_INVOICE')]
17:18:19,892 INFO  [BrowserSelenium] (initElements) -> ID set to field: 
17:18:19,892 INFO  [BrowserSelenium] (initElements) -> Name set to field: 
17:18:19,892 INFO  [BrowserSelenium] (initElements) -> CSS set to field: 
17:18:19,892 INFO  [BrowserSelenium] (initElements) -> XPath set to field: //a[contains(.,'SUSPENDED_AGEING')]
17:18:19,892 INFO  [BrowserSelenium] (initElements) -> ID set to field: 
17:18:19,892 INFO  [BrowserSelenium] (initElements) -> Name set to field: 
17:18:19,892 INFO  [BrowserSelenium] (initElements) -> CSS set to field: 
17:18:19,892 INFO  [BrowserSelenium] (initElements) -> XPath set to field: //a[contains(.,'Active')]
17:18:19,892 INFO  [BrowserSelenium] (initElements) -> ID set to field: 
17:18:19,892 INFO  [BrowserSelenium] (initElements) -> Name set to field: 
17:18:19,892 INFO  [BrowserSelenium] (initElements) -> CSS set to field: 
17:18:19,892 INFO  [BrowserSelenium] (initElements) -> XPath set to field: //a[contains(.,'Finished')]
17:18:19,892 INFO  [BrowserSelenium] (initElements) -> ID set to field: 
17:18:19,892 INFO  [BrowserSelenium] (initElements) -> Name set to field: 
17:18:19,892 INFO  [BrowserSelenium] (initElements) -> CSS set to field: 
17:18:19,892 INFO  [BrowserSelenium] (initElements) -> XPath set to field: //a[contains(.,'Suspended')]
17:18:19,892 INFO  [BrowserSelenium] (initElements) -> ID set to field: 
17:18:19,892 INFO  [BrowserSelenium] (initElements) -> Name set to field: 
17:18:19,892 INFO  [BrowserSelenium] (initElements) -> CSS set to field: 
17:18:19,892 INFO  [BrowserSelenium] (initElements) -> XPath set to field: //a[contains(.,'Suspended ageing(auto)')]
17:18:19,892 INFO  [BrowserSelenium] (initElements) -> ID set to field: 
17:18:19,892 INFO  [BrowserSelenium] (initElements) -> Name set to field: 
17:18:19,892 INFO  [BrowserSelenium] (initElements) -> CSS set to field: 
17:18:19,892 INFO  [BrowserSelenium] (initElements) -> XPath set to field: //input[@id='description']
17:18:19,892 INFO  [BrowserSelenium] (initElements) -> ID set to field: 
17:18:19,892 INFO  [BrowserSelenium] (initElements) -> Name set to field: 
17:18:19,892 INFO  [BrowserSelenium] (initElements) -> CSS set to field: 
17:18:19,892 INFO  [BrowserSelenium] (initElements) -> XPath set to field: //select[contains(@id,'orderStatusFlag')]
17:18:19,892 INFO  [BrowserSelenium] (initElements) -> ID set to field: 
17:18:19,892 INFO  [BrowserSelenium] (initElements) -> Name set to field: 
17:18:19,892 INFO  [BrowserSelenium] (initElements) -> CSS set to field: 
17:18:19,892 INFO  [BrowserSelenium] (initElements) -> XPath set to field: //div[@id='error-messages']/ul/li
17:18:19,892 INFO  [BrowserSelenium] (initElements) -> ID set to field: 
17:18:19,892 INFO  [BrowserSelenium] (initElements) -> Name set to field: 
17:18:19,892 INFO  [BrowserSelenium] (initElements) -> CSS set to field: 
17:18:19,892 INFO  [BrowserSelenium] (initElements) -> XPath set to field: //div[@id='messages']//div[@class='msg-box error'][1]/ul/li
17:18:19,892 INFO  [BrowserSelenium] (initElements) -> ID set to field: 
17:18:19,892 INFO  [BrowserSelenium] (initElements) -> Name set to field: 
17:18:19,892 INFO  [BrowserSelenium] (initElements) -> CSS set to field: 
17:18:19,892 INFO  [BrowserSelenium] (initElements) -> XPath set to field: //div[@id='error-messages']/ul/li[1]
17:18:19,892 INFO  [BrowserSelenium] (initElements) -> ID set to field: 
17:18:19,892 INFO  [BrowserSelenium] (initElements) -> Name set to field: 
17:18:19,892 INFO  [BrowserSelenium] (initElements) -> CSS set to field: 
17:18:19,892 INFO  [BrowserSelenium] (initElements) -> XPath set to field: //div[@id='error-messages']/ul/li[2]
17:18:19,892 INFO  [BrowserSelenium] (initElements) -> ID set to field: name
17:18:19,892 INFO  [BrowserSelenium] (initElements) -> Name set to field: 
17:18:19,892 INFO  [BrowserSelenium] (initElements) -> CSS set to field: 
17:18:19,892 INFO  [BrowserSelenium] (initElements) -> XPath set to field: 
17:18:19,892 INFO  [BrowserSelenium] (initElements) -> ID set to field: usagePool.names[0].content
17:18:19,892 INFO  [BrowserSelenium] (initElements) -> Name set to field: 
17:18:19,892 INFO  [BrowserSelenium] (initElements) -> CSS set to field: 
17:18:19,892 INFO  [BrowserSelenium] (initElements) -> XPath set to field: 
17:18:19,892 INFO  [BrowserSelenium] (initElements) -> ID set to field: usagePool.cyclePeriodValue
17:18:19,892 INFO  [BrowserSelenium] (initElements) -> Name set to field: 
17:18:19,892 INFO  [BrowserSelenium] (initElements) -> CSS set to field: 
17:18:19,892 INFO  [BrowserSelenium] (initElements) -> XPath set to field: 
17:18:19,892 INFO  [BrowserSelenium] (initElements) -> ID set to field: usagePool.quantity
17:18:19,902 INFO  [BrowserSelenium] (initElements) -> Name set to field: 
17:18:19,902 INFO  [BrowserSelenium] (initElements) -> CSS set to field: 
17:18:19,902 INFO  [BrowserSelenium] (initElements) -> XPath set to field: 
17:18:19,902 INFO  [BrowserSelenium] (initElements) -> ID set to field: usagePool.consumptionActions.1.percentage
17:18:19,902 INFO  [BrowserSelenium] (initElements) -> Name set to field: 
17:18:19,902 INFO  [BrowserSelenium] (initElements) -> CSS set to field: 
17:18:19,902 INFO  [BrowserSelenium] (initElements) -> XPath set to field: 
17:18:19,902 INFO  [BrowserSelenium] (initElements) -> ID set to field: usagePool.consumptionActions.2.percentage
17:18:19,902 INFO  [BrowserSelenium] (initElements) -> Name set to field: 
17:18:19,902 INFO  [BrowserSelenium] (initElements) -> CSS set to field: 
17:18:19,902 INFO  [BrowserSelenium] (initElements) -> XPath set to field: 
17:18:19,902 INFO  [BrowserSelenium] (initElements) -> ID set to field: usagePool.consumptionActions.2.productId
17:18:19,902 INFO  [BrowserSelenium] (initElements) -> Name set to field: 
17:18:19,902 INFO  [BrowserSelenium] (initElements) -> CSS set to field: 
17:18:19,902 INFO  [BrowserSelenium] (initElements) -> XPath set to field: 
17:18:19,902 INFO  [BrowserSelenium] (initElements) -> ID set to field: 
17:18:19,902 INFO  [BrowserSelenium] (initElements) -> Name set to field: 
17:18:19,902 INFO  [BrowserSelenium] (initElements) -> CSS set to field: 
17:18:19,902 INFO  [BrowserSelenium] (initElements) -> XPath set to field: //input[contains(@id,'.value')]
17:18:19,902 INFO  [BrowserSelenium] (initElements) -> ID set to field: 
17:18:19,902 INFO  [BrowserSelenium] (initElements) -> Name set to field: 
17:18:19,902 INFO  [BrowserSelenium] (initElements) -> CSS set to field: 
17:18:19,902 INFO  [BrowserSelenium] (initElements) -> XPath set to field: //label[text()='1']/..//input[contains(@id,'.value')]
17:18:19,902 INFO  [BrowserSelenium] (initElements) -> ID set to field: 
17:18:19,902 INFO  [BrowserSelenium] (initElements) -> Name set to field: 
17:18:19,902 INFO  [BrowserSelenium] (initElements) -> CSS set to field: 
17:18:19,902 INFO  [BrowserSelenium] (initElements) -> XPath set to field: //table[@id='enumerations']/tbody/tr/td//strong
17:18:19,902 INFO  [BrowserSelenium] (initElements) -> ID set to field: 
17:18:19,902 INFO  [BrowserSelenium] (initElements) -> Name set to field: 
17:18:19,902 INFO  [BrowserSelenium] (initElements) -> CSS set to field: 
17:18:19,902 INFO  [BrowserSelenium] (initElements) -> XPath set to field: //img[@alt='Add more values']
17:18:19,902 INFO  [BrowserSelenium] (initElements) -> ID set to field: 
17:18:19,902 INFO  [BrowserSelenium] (initElements) -> Name set to field: 
17:18:19,902 INFO  [BrowserSelenium] (initElements) -> CSS set to field: 
17:18:19,902 INFO  [BrowserSelenium] (initElements) -> XPath set to field: //img[@alt='remove this value']
17:18:19,902 INFO  [BrowserSelenium] (initElements) -> ID set to field: 
17:18:19,902 INFO  [BrowserSelenium] (initElements) -> Name set to field: 
17:18:19,902 INFO  [BrowserSelenium] (initElements) -> CSS set to field: 
17:18:19,902 INFO  [BrowserSelenium] (initElements) -> XPath set to field: //span[@id='mandatory-meta-field']/../following::input[1]
17:18:19,902 INFO  [BrowserSelenium] (initElements) -> ID set to field: 
17:18:19,902 INFO  [BrowserSelenium] (initElements) -> Name set to field: 
17:18:19,902 INFO  [BrowserSelenium] (initElements) -> CSS set to field: 
17:18:19,902 INFO  [BrowserSelenium] (initElements) -> XPath set to field: //label[text()='MetaField Type']/following::select[1]
17:18:19,902 INFO  [BrowserSelenium] (initElements) -> ID set to field: 
17:18:19,902 INFO  [BrowserSelenium] (initElements) -> Name set to field: 
17:18:19,902 INFO  [BrowserSelenium] (initElements) -> CSS set to field: 
17:18:19,902 INFO  [BrowserSelenium] (initElements) -> XPath set to field: //a[contains(text(),'Meta Fields')]
17:18:19,902 INFO  [BrowserSelenium] (initElements) -> ID set to field: 
17:18:19,902 INFO  [BrowserSelenium] (initElements) -> Name set to field: 
17:18:19,902 INFO  [BrowserSelenium] (initElements) -> CSS set to field: 
17:18:19,902 INFO  [BrowserSelenium] (initElements) -> XPath set to field: //div[@class='table-box']/table/tbody/tr/td/a/strong
17:18:19,902 INFO  [BrowserSelenium] (initElements) -> ID set to field: 
17:18:19,902 INFO  [BrowserSelenium] (initElements) -> Name set to field: 
17:18:19,902 INFO  [BrowserSelenium] (initElements) -> CSS set to field: 
17:18:19,902 INFO  [BrowserSelenium] (initElements) -> XPath set to field: //ul[@id='metafield-ait']/form[1]//span[text()='Not Mandatory']
17:18:19,902 INFO  [BrowserSelenium] EXIT --> (initElements)
17:18:19,902 INFO  [BrowserSelenium] ENTER --> (clickLinkText)
17:18:19,902 INFO  [BrowserSelenium] ENTER --> (_waitForElement) --> Waiting for element: null
17:18:19,902 INFO  [BrowserSelenium] ENTER --> (waitForElement)
17:18:21,202 INFO  [BrowserSelenium] ENTER --> (_getByLocator)
17:18:21,202 INFO  [BrowserSelenium] (_getByLocator) -> Getting locator for null
17:18:21,202 INFO  [BrowserSelenium] (_getByLocator) -> Locator info found for XPATH attribute as: //span[text()='Add New']
17:18:21,202 INFO  [BrowserSelenium] ENTER --> (_parseElementOnXpath)
17:18:21,202 INFO  [BrowserSelenium] (_parseElementOnXpath) -> //span[text()='Add New'] is used
17:18:21,202 INFO  [BrowserSelenium] EXIT --> (_parseElementOnXpath)
17:18:21,202 INFO  [BrowserSelenium] EXIT --> (_getByLocator)
17:18:21,232 INFO  [BrowserSelenium] ENTER --> (_getByLocator)
17:18:21,232 INFO  [BrowserSelenium] (_getByLocator) -> Getting locator for null
17:18:21,232 INFO  [BrowserSelenium] (_getByLocator) -> Locator info found for XPATH attribute as: //span[text()='Add New']
17:18:21,232 INFO  [BrowserSelenium] ENTER --> (_parseElementOnXpath)
17:18:21,232 INFO  [BrowserSelenium] (_parseElementOnXpath) -> //span[text()='Add New'] is used
17:18:21,232 INFO  [BrowserSelenium] EXIT --> (_parseElementOnXpath)
17:18:21,232 INFO  [BrowserSelenium] EXIT --> (_getByLocator)
17:18:21,292 INFO  [BrowserSelenium] (waitForElement) -> element wait eligibility found: true
17:18:21,292 INFO  [BrowserSelenium] ENTER --> (_waitForJStoLoad)
17:18:21,852 INFO  [BrowserSelenium] EXIT --> (_waitForJStoLoad) --> DOM load wait done: true
17:18:21,852 INFO  [BrowserSelenium] (waitForElement) -> element wait eligibility set: true
17:18:21,852 INFO  [BrowserSelenium] EXIT --> (waitForElement)
17:18:21,852 INFO  [BrowserSelenium] EXIT --> (_waitForElement)
17:18:21,862 INFO  [BrowserSelenium] ENTER --> (_getByLocator)
17:18:21,862 INFO  [BrowserSelenium] (_getByLocator) -> Getting locator for null
17:18:21,862 INFO  [BrowserSelenium] (_getByLocator) -> Locator info found for XPATH attribute as: //span[text()='Add New']
17:18:21,862 INFO  [BrowserSelenium] ENTER --> (_parseElementOnXpath)
17:18:21,862 INFO  [BrowserSelenium] (_parseElementOnXpath) -> //span[text()='Add New'] is used
17:18:21,862 INFO  [BrowserSelenium] EXIT --> (_parseElementOnXpath)
17:18:21,862 INFO  [BrowserSelenium] EXIT --> (_getByLocator)
17:18:21,872 INFO  [BrowserSelenium] ENTER --> (_clickUsingJavaScript)
17:18:21,932 INFO  [BrowserSelenium] EXIT --> (_clickUsingJavaScript)
17:18:21,932 INFO  [BrowserSelenium] EXIT --> (clickLinkText)
17:18:21,932 INFO  [BrowserSelenium] ENTER --> (initElements)
17:18:21,932 INFO  [BrowserSelenium] (initElements) -> ID set to field: 
17:18:21,932 INFO  [BrowserSelenium] (initElements) -> Name set to field: 
17:18:21,932 INFO  [BrowserSelenium] (initElements) -> CSS set to field: 
17:18:21,942 INFO  [BrowserSelenium] (initElements) -> XPath set to field: //div[@class='menu-items']/ul/li
17:18:21,942 INFO  [BrowserSelenium] (initElements) -> ID set to field: 
17:18:21,942 INFO  [BrowserSelenium] (initElements) -> Name set to field: 
17:18:21,942 INFO  [BrowserSelenium] (initElements) -> CSS set to field: 
17:18:21,942 INFO  [BrowserSelenium] (initElements) -> XPath set to field: //div[@id='column1']/div[@class='table-box']/table/tbody//td/a/strong
17:18:21,942 INFO  [BrowserSelenium] (initElements) -> ID set to field: 
17:18:21,942 INFO  [BrowserSelenium] (initElements) -> Name set to field: 
17:18:21,942 INFO  [BrowserSelenium] (initElements) -> CSS set to field: 
17:18:21,942 INFO  [BrowserSelenium] (initElements) -> XPath set to field: //span[text()='Add New']
17:18:21,942 INFO  [BrowserSelenium] (initElements) -> ID set to field: 
17:18:21,942 INFO  [BrowserSelenium] (initElements) -> Name set to field: 
17:18:21,942 INFO  [BrowserSelenium] (initElements) -> CSS set to field: 
17:18:21,942 INFO  [BrowserSelenium] (initElements) -> XPath set to field: //span[text()='Save Changes']
17:18:21,942 INFO  [BrowserSelenium] (initElements) -> ID set to field: 
17:18:21,942 INFO  [BrowserSelenium] (initElements) -> Name set to field: 
17:18:21,942 INFO  [BrowserSelenium] (initElements) -> CSS set to field: 
17:18:21,942 INFO  [BrowserSelenium] (initElements) -> XPath set to field: //span[text()='Cancel']
17:18:21,942 INFO  [BrowserSelenium] (initElements) -> ID set to field: 
17:18:21,942 INFO  [BrowserSelenium] (initElements) -> Name set to field: 
17:18:21,942 INFO  [BrowserSelenium] (initElements) -> CSS set to field: 
17:18:21,942 INFO  [BrowserSelenium] (initElements) -> XPath set to field: //span[text()='Upload File']
17:18:21,942 INFO  [BrowserSelenium] (initElements) -> ID set to field: 
17:18:21,942 INFO  [BrowserSelenium] (initElements) -> Name set to field: 
17:18:21,942 INFO  [BrowserSelenium] (initElements) -> CSS set to field: 
17:18:21,942 INFO  [BrowserSelenium] (initElements) -> XPath set to field: //input[@type='file']
17:18:21,942 INFO  [BrowserSelenium] (initElements) -> ID set to field: 
17:18:21,942 INFO  [BrowserSelenium] (initElements) -> Name set to field: 
17:18:21,942 INFO  [BrowserSelenium] (initElements) -> CSS set to field: 
17:18:21,942 INFO  [BrowserSelenium] (initElements) -> XPath set to field: //span[contains(text(),'Edit')]
17:18:21,942 INFO  [BrowserSelenium] (initElements) -> ID set to field: 
17:18:21,942 INFO  [BrowserSelenium] (initElements) -> Name set to field: 
17:18:21,942 INFO  [BrowserSelenium] (initElements) -> CSS set to field: 
17:18:21,942 INFO  [BrowserSelenium] (initElements) -> XPath set to field: //a[@class='submit save']
17:18:21,942 INFO  [BrowserSelenium] (initElements) -> ID set to field: 
17:18:21,942 INFO  [BrowserSelenium] (initElements) -> Name set to field: 
17:18:21,942 INFO  [BrowserSelenium] (initElements) -> CSS set to field: 
17:18:21,942 INFO  [BrowserSelenium] (initElements) -> XPath set to field: //select[@id='typeId']
17:18:21,942 INFO  [BrowserSelenium] (initElements) -> ID set to field: 
17:18:21,942 INFO  [BrowserSelenium] (initElements) -> Name set to field: 
17:18:21,942 INFO  [BrowserSelenium] (initElements) -> CSS set to field: 
17:18:21,942 INFO  [BrowserSelenium] (initElements) -> XPath set to field: //input[@id='processingOrder']
17:18:21,942 INFO  [BrowserSelenium] (initElements) -> ID set to field: 
17:18:21,942 INFO  [BrowserSelenium] (initElements) -> Name set to field: 
17:18:21,942 INFO  [BrowserSelenium] (initElements) -> CSS set to field: 
17:18:21,942 INFO  [BrowserSelenium] (initElements) -> XPath set to field: //input[@id='name']
17:18:21,942 INFO  [BrowserSelenium] (initElements) -> ID set to field: 
17:18:21,942 INFO  [BrowserSelenium] (initElements) -> Name set to field: 
17:18:21,942 INFO  [BrowserSelenium] (initElements) -> CSS set to field: 
17:18:21,942 INFO  [BrowserSelenium] (initElements) -> XPath set to field: //input[@id='plgDynamic.1.name']
17:18:21,942 INFO  [BrowserSelenium] (initElements) -> ID set to field: 
17:18:21,942 INFO  [BrowserSelenium] (initElements) -> Name set to field: 
17:18:21,942 INFO  [BrowserSelenium] (initElements) -> CSS set to field: 
17:18:21,942 INFO  [BrowserSelenium] (initElements) -> XPath set to field: //input[@id='plgDynamic.1.value']
17:18:21,942 INFO  [BrowserSelenium] (initElements) -> ID set to field: 
17:18:21,942 INFO  [BrowserSelenium] (initElements) -> Name set to field: 
17:18:21,942 INFO  [BrowserSelenium] (initElements) -> CSS set to field: 
17:18:21,942 INFO  [BrowserSelenium] (initElements) -> XPath set to field: //img[@alt='add']
17:18:21,942 INFO  [BrowserSelenium] (initElements) -> ID set to field: 
17:18:21,952 INFO  [BrowserSelenium] (initElements) -> Name set to field: 
17:18:21,952 INFO  [BrowserSelenium] (initElements) -> CSS set to field: 
17:18:21,952 INFO  [BrowserSelenium] (initElements) -> XPath set to field: //img[@alt='remove']
17:18:21,952 INFO  [BrowserSelenium] (initElements) -> ID set to field: 
17:18:21,952 INFO  [BrowserSelenium] (initElements) -> Name set to field: 
17:18:21,952 INFO  [BrowserSelenium] (initElements) -> CSS set to field: 
17:18:21,952 INFO  [BrowserSelenium] (initElements) -> XPath set to field: //span[text()='Save Plug-in']
17:18:21,952 INFO  [BrowserSelenium] (initElements) -> ID set to field: 
17:18:21,952 INFO  [BrowserSelenium] (initElements) -> Name set to field: 
17:18:21,952 INFO  [BrowserSelenium] (initElements) -> CSS set to field: 
17:18:21,952 INFO  [BrowserSelenium] (initElements) -> XPath set to field: //input[@id='nextRunDate']
17:18:21,952 INFO  [BrowserSelenium] (initElements) -> ID set to field: 
17:18:21,952 INFO  [BrowserSelenium] (initElements) -> Name set to field: 
17:18:21,952 INFO  [BrowserSelenium] (initElements) -> CSS set to field: 
17:18:21,952 INFO  [BrowserSelenium] (initElements) -> XPath set to field: //input[@id='generateReport']
17:18:21,952 INFO  [BrowserSelenium] (initElements) -> ID set to field: 
17:18:21,952 INFO  [BrowserSelenium] (initElements) -> Name set to field: 
17:18:21,952 INFO  [BrowserSelenium] (initElements) -> CSS set to field: 
17:18:21,952 INFO  [BrowserSelenium] (initElements) -> XPath set to field: //select[@id='periodUnitId']
17:18:21,952 INFO  [BrowserSelenium] (initElements) -> ID set to field: 
17:18:21,952 INFO  [BrowserSelenium] (initElements) -> Name set to field: 
17:18:21,952 INFO  [BrowserSelenium] (initElements) -> CSS set to field: 
17:18:21,952 INFO  [BrowserSelenium] (initElements) -> XPath set to field: //select[@id='usagePool.consumptionActions.1.type']
17:18:21,952 INFO  [BrowserSelenium] (initElements) -> ID set to field: 
17:18:21,952 INFO  [BrowserSelenium] (initElements) -> Name set to field: 
17:18:21,952 INFO  [BrowserSelenium] (initElements) -> CSS set to field: 
17:18:21,952 INFO  [BrowserSelenium] (initElements) -> XPath set to field: //select[@id='usagePool.consumptionActions.1.notificationId']
17:18:21,952 INFO  [BrowserSelenium] (initElements) -> ID set to field: 
17:18:21,952 INFO  [BrowserSelenium] (initElements) -> Name set to field: 
17:18:21,952 INFO  [BrowserSelenium] (initElements) -> CSS set to field: 
17:18:21,952 INFO  [BrowserSelenium] (initElements) -> XPath set to field: //select[@id='usagePool.consumptionActions.1.mediumType']
17:18:21,952 INFO  [BrowserSelenium] (initElements) -> ID set to field: 
17:18:21,952 INFO  [BrowserSelenium] (initElements) -> Name set to field: 
17:18:21,952 INFO  [BrowserSelenium] (initElements) -> CSS set to field: 
17:18:21,952 INFO  [BrowserSelenium] (initElements) -> XPath set to field: //select[@id='usagePool.consumptionActions.2.type']
17:18:21,952 INFO  [BrowserSelenium] (initElements) -> ID set to field: 
17:18:21,952 INFO  [BrowserSelenium] (initElements) -> Name set to field: 
17:18:21,952 INFO  [BrowserSelenium] (initElements) -> CSS set to field: 
17:18:21,952 INFO  [BrowserSelenium] (initElements) -> XPath set to field: //select[@id = 'usagePool.itemTypes']
17:18:21,952 INFO  [BrowserSelenium] (initElements) -> ID set to field: 
17:18:21,952 INFO  [BrowserSelenium] (initElements) -> Name set to field: 
17:18:21,952 INFO  [BrowserSelenium] (initElements) -> CSS set to field: 
17:18:21,952 INFO  [BrowserSelenium] (initElements) -> XPath set to field: //select[@id = 'usagePool.items']
17:18:21,952 INFO  [BrowserSelenium] (initElements) -> ID set to field: 
17:18:21,952 INFO  [BrowserSelenium] (initElements) -> Name set to field: 
17:18:21,952 INFO  [BrowserSelenium] (initElements) -> CSS set to field: 
17:18:21,952 INFO  [BrowserSelenium] (initElements) -> XPath set to field: //input[@id='maximumPeriods']
17:18:21,952 INFO  [BrowserSelenium] (initElements) -> ID set to field: 
17:18:21,952 INFO  [BrowserSelenium] (initElements) -> Name set to field: 
17:18:21,952 INFO  [BrowserSelenium] (initElements) -> CSS set to field: 
17:18:21,952 INFO  [BrowserSelenium] (initElements) -> XPath set to field: //input[@id='billing.proratingType.neverProrating']
17:18:21,952 INFO  [BrowserSelenium] (initElements) -> ID set to field: 
17:18:21,952 INFO  [BrowserSelenium] (initElements) -> Name set to field: 
17:18:21,962 INFO  [BrowserSelenium] (initElements) -> CSS set to field: 
17:18:21,962 INFO  [BrowserSelenium] (initElements) -> XPath set to field: //span[text()='Run Commission Process']
17:18:21,962 INFO  [BrowserSelenium] (initElements) -> ID set to field: 
17:18:21,962 INFO  [BrowserSelenium] (initElements) -> Name set to field: 
17:18:21,962 INFO  [BrowserSelenium] (initElements) -> CSS set to field: 
17:18:21,962 INFO  [BrowserSelenium] (initElements) -> XPath set to field: //span[text()='Run Billing']
17:18:21,962 INFO  [BrowserSelenium] (initElements) -> ID set to field: 
17:18:21,962 INFO  [BrowserSelenium] (initElements) -> Name set to field: 
17:18:21,962 INFO  [BrowserSelenium] (initElements) -> CSS set to field: 
17:18:21,962 INFO  [BrowserSelenium] (initElements) -> XPath set to field: //input[@id='obj[0].statusStr']
17:18:21,962 INFO  [BrowserSelenium] (initElements) -> ID set to field: 
17:18:21,962 INFO  [BrowserSelenium] (initElements) -> Name set to field: 
17:18:21,962 INFO  [BrowserSelenium] (initElements) -> CSS set to field: 
17:18:21,962 INFO  [BrowserSelenium] (initElements) -> XPath set to field: //input[@id='obj[0].days']
17:18:21,962 INFO  [BrowserSelenium] (initElements) -> ID set to field: 
17:18:21,962 INFO  [BrowserSelenium] (initElements) -> Name set to field: 
17:18:21,962 INFO  [BrowserSelenium] (initElements) -> CSS set to field: 
17:18:21,962 INFO  [BrowserSelenium] (initElements) -> XPath set to field: //input[@id='obj[0].sendNotification']
17:18:21,962 INFO  [BrowserSelenium] (initElements) -> ID set to field: 
17:18:21,962 INFO  [BrowserSelenium] (initElements) -> Name set to field: 
17:18:21,962 INFO  [BrowserSelenium] (initElements) -> CSS set to field: 
17:18:21,962 INFO  [BrowserSelenium] (initElements) -> XPath set to field: //input[@id='obj[0].paymentRetry']
17:18:21,962 INFO  [BrowserSelenium] (initElements) -> ID set to field: 
17:18:21,962 INFO  [BrowserSelenium] (initElements) -> Name set to field: 
17:18:21,962 INFO  [BrowserSelenium] (initElements) -> CSS set to field: 
17:18:21,962 INFO  [BrowserSelenium] (initElements) -> XPath set to field: //input[@id='obj[0].suspended']
17:18:21,962 INFO  [BrowserSelenium] (initElements) -> ID set to field: 
17:18:21,962 INFO  [BrowserSelenium] (initElements) -> Name set to field: 
17:18:21,962 INFO  [BrowserSelenium] (initElements) -> CSS set to field: 
17:18:21,962 INFO  [BrowserSelenium] (initElements) -> XPath set to field: //table[@id='ageingStepTable']/tbody/tr[2]/td[1]/strong
17:18:21,962 INFO  [BrowserSelenium] (initElements) -> ID set to field: 
17:18:21,962 INFO  [BrowserSelenium] (initElements) -> Name set to field: 
17:18:21,962 INFO  [BrowserSelenium] (initElements) -> CSS set to field: 
17:18:21,962 INFO  [BrowserSelenium] (initElements) -> XPath set to field: //input[@id='obj[1].statusStr']
17:18:21,962 INFO  [BrowserSelenium] (initElements) -> ID set to field: 
17:18:21,962 INFO  [BrowserSelenium] (initElements) -> Name set to field: 
17:18:21,962 INFO  [BrowserSelenium] (initElements) -> CSS set to field: 
17:18:21,962 INFO  [BrowserSelenium] (initElements) -> XPath set to field: //input[@id='obj[1].days']
17:18:21,962 INFO  [BrowserSelenium] (initElements) -> ID set to field: 
17:18:21,962 INFO  [BrowserSelenium] (initElements) -> Name set to field: 
17:18:21,962 INFO  [BrowserSelenium] (initElements) -> CSS set to field: 
17:18:21,962 INFO  [BrowserSelenium] (initElements) -> XPath set to field: //input[@id='obj[1].sendNotification']
17:18:21,962 INFO  [BrowserSelenium] (initElements) -> ID set to field: 
17:18:21,962 INFO  [BrowserSelenium] (initElements) -> Name set to field: 
17:18:21,962 INFO  [BrowserSelenium] (initElements) -> CSS set to field: 
17:18:21,962 INFO  [BrowserSelenium] (initElements) -> XPath set to field: //input[@id='obj[1].paymentRetry']
17:18:21,962 INFO  [BrowserSelenium] (initElements) -> ID set to field: 
17:18:21,962 INFO  [BrowserSelenium] (initElements) -> Name set to field: 
17:18:21,962 INFO  [BrowserSelenium] (initElements) -> CSS set to field: 
17:18:21,962 INFO  [BrowserSelenium] (initElements) -> XPath set to field: //input[@id='obj[1].suspended']
17:18:21,962 INFO  [BrowserSelenium] (initElements) -> ID set to field: 
17:18:21,962 INFO  [BrowserSelenium] (initElements) -> Name set to field: 
17:18:21,962 INFO  [BrowserSelenium] (initElements) -> CSS set to field: 
17:18:21,962 INFO  [BrowserSelenium] (initElements) -> XPath set to field: //input[@id='obj[2].statusStr']
17:18:21,962 INFO  [BrowserSelenium] (initElements) -> ID set to field: 
17:18:21,962 INFO  [BrowserSelenium] (initElements) -> Name set to field: 
17:18:21,962 INFO  [BrowserSelenium] (initElements) -> CSS set to field: 
17:18:21,962 INFO  [BrowserSelenium] (initElements) -> XPath set to field: //input[@id='obj[2].days']
17:18:21,962 INFO  [BrowserSelenium] (initElements) -> ID set to field: 
17:18:21,962 INFO  [BrowserSelenium] (initElements) -> Name set to field: 
17:18:21,962 INFO  [BrowserSelenium] (initElements) -> CSS set to field: 
17:18:21,962 INFO  [BrowserSelenium] (initElements) -> XPath set to field: //input[@id='obj[2].sendNotification']
17:18:21,962 INFO  [BrowserSelenium] (initElements) -> ID set to field: 
17:18:21,962 INFO  [BrowserSelenium] (initElements) -> Name set to field: 
17:18:21,962 INFO  [BrowserSelenium] (initElements) -> CSS set to field: 
17:18:21,962 INFO  [BrowserSelenium] (initElements) -> XPath set to field: //input[@id='obj[2].sendNotification']
17:18:21,972 INFO  [BrowserSelenium] (initElements) -> ID set to field: 
17:18:21,972 INFO  [BrowserSelenium] (initElements) -> Name set to field: 
17:18:21,972 INFO  [BrowserSelenium] (initElements) -> CSS set to field: 
17:18:21,972 INFO  [BrowserSelenium] (initElements) -> XPath set to field: //input[@id='obj[2].suspended']
17:18:21,972 INFO  [BrowserSelenium] (initElements) -> ID set to field: 
17:18:21,972 INFO  [BrowserSelenium] (initElements) -> Name set to field: 
17:18:21,972 INFO  [BrowserSelenium] (initElements) -> CSS set to field: 
17:18:21,972 INFO  [BrowserSelenium] (initElements) -> XPath set to field: //input[@id='obj[3].statusStr']
17:18:21,972 INFO  [BrowserSelenium] (initElements) -> ID set to field: 
17:18:21,972 INFO  [BrowserSelenium] (initElements) -> Name set to field: 
17:18:21,972 INFO  [BrowserSelenium] (initElements) -> CSS set to field: 
17:18:21,972 INFO  [BrowserSelenium] (initElements) -> XPath set to field: //input[@id='obj[3].days']
17:18:21,972 INFO  [BrowserSelenium] (initElements) -> ID set to field: 
17:18:21,972 INFO  [BrowserSelenium] (initElements) -> Name set to field: 
17:18:21,972 INFO  [BrowserSelenium] (initElements) -> CSS set to field: 
17:18:21,972 INFO  [BrowserSelenium] (initElements) -> XPath set to field: //input[@id='obj[3].sendNotification']
17:18:21,972 INFO  [BrowserSelenium] (initElements) -> ID set to field: 
17:18:21,972 INFO  [BrowserSelenium] (initElements) -> Name set to field: 
17:18:21,972 INFO  [BrowserSelenium] (initElements) -> CSS set to field: 
17:18:21,972 INFO  [BrowserSelenium] (initElements) -> XPath set to field: //input[@id='obj[3].paymentRetry']
17:18:21,972 INFO  [BrowserSelenium] (initElements) -> ID set to field: 
17:18:21,972 INFO  [BrowserSelenium] (initElements) -> Name set to field: 
17:18:21,972 INFO  [BrowserSelenium] (initElements) -> CSS set to field: 
17:18:21,972 INFO  [BrowserSelenium] (initElements) -> XPath set to field: //input[@name='obj[1].description_1']
17:18:21,972 INFO  [BrowserSelenium] (initElements) -> ID set to field: 
17:18:21,972 INFO  [BrowserSelenium] (initElements) -> Name set to field: 
17:18:21,972 INFO  [BrowserSelenium] (initElements) -> CSS set to field: 
17:18:21,972 INFO  [BrowserSelenium] (initElements) -> XPath set to field: //input[@name='obj[2].description_1']
17:18:21,972 INFO  [BrowserSelenium] (initElements) -> ID set to field: 
17:18:21,972 INFO  [BrowserSelenium] (initElements) -> Name set to field: 
17:18:21,972 INFO  [BrowserSelenium] (initElements) -> CSS set to field: 
17:18:21,972 INFO  [BrowserSelenium] (initElements) -> XPath set to field: //input[@name='obj[3].description_1']
17:18:21,972 INFO  [BrowserSelenium] (initElements) -> ID set to field: 
17:18:21,972 INFO  [BrowserSelenium] (initElements) -> Name set to field: 
17:18:21,972 INFO  [BrowserSelenium] (initElements) -> CSS set to field: 
17:18:21,972 INFO  [BrowserSelenium] (initElements) -> XPath set to field: //input[@id='obj[3].suspended']
17:18:21,972 INFO  [BrowserSelenium] (initElements) -> ID set to field: 
17:18:21,972 INFO  [BrowserSelenium] (initElements) -> Name set to field: 
17:18:21,972 INFO  [BrowserSelenium] (initElements) -> CSS set to field: 
17:18:21,972 INFO  [BrowserSelenium] (initElements) -> XPath set to field: //input[@id='collectionsRunDate']
17:18:21,972 INFO  [BrowserSelenium] (initElements) -> ID set to field: 
17:18:21,972 INFO  [BrowserSelenium] (initElements) -> Name set to field: 
17:18:21,972 INFO  [BrowserSelenium] (initElements) -> CSS set to field: 
17:18:21,972 INFO  [BrowserSelenium] (initElements) -> XPath set to field: //input[@id='run' and @value='Run Collections']
17:18:21,972 INFO  [BrowserSelenium] (initElements) -> ID set to field: 
17:18:21,972 INFO  [BrowserSelenium] (initElements) -> Name set to field: 
17:18:21,972 INFO  [BrowserSelenium] (initElements) -> CSS set to field: 
17:18:21,972 INFO  [BrowserSelenium] (initElements) -> XPath set to field: //span[text()='Run Collections']
17:18:21,972 INFO  [BrowserSelenium] (initElements) -> ID set to field: 
17:18:21,972 INFO  [BrowserSelenium] (initElements) -> Name set to field: 
17:18:21,972 INFO  [BrowserSelenium] (initElements) -> CSS set to field: 
17:18:21,972 INFO  [BrowserSelenium] (initElements) -> XPath set to field: //img[@alt='add']
17:18:21,972 INFO  [BrowserSelenium] (initElements) -> ID set to field: 
17:18:21,972 INFO  [BrowserSelenium] (initElements) -> Name set to field: 
17:18:21,972 INFO  [BrowserSelenium] (initElements) -> CSS set to field: 
17:18:21,972 INFO  [BrowserSelenium] (initElements) -> XPath set to field: //table[@id='users']/tbody//td/a/strong
17:18:21,972 INFO  [BrowserSelenium] (initElements) -> ID set to field: 
17:18:21,972 INFO  [BrowserSelenium] (initElements) -> Name set to field: 
17:18:21,972 INFO  [BrowserSelenium] (initElements) -> CSS set to field: 
17:18:21,972 INFO  [BrowserSelenium] (initElements) -> XPath set to field: //table[@id='usagePools']/tbody//td/a/strong
17:18:21,972 INFO  [BrowserSelenium] (initElements) -> ID set to field: 
17:18:21,972 INFO  [BrowserSelenium] (initElements) -> Name set to field: 
17:18:21,972 INFO  [BrowserSelenium] (initElements) -> CSS set to field: 
17:18:21,972 INFO  [BrowserSelenium] (initElements) -> XPath set to field: //table[@id='data_grid_column1']/tbody//td/div
17:18:21,972 INFO  [BrowserSelenium] (initElements) -> ID set to field: 
17:18:21,972 INFO  [BrowserSelenium] (initElements) -> Name set to field: 
17:18:21,972 INFO  [BrowserSelenium] (initElements) -> CSS set to field: 
17:18:21,982 INFO  [BrowserSelenium] (initElements) -> XPath set to field: //table[@id='users']
17:18:21,982 INFO  [BrowserSelenium] (initElements) -> ID set to field: 
17:18:21,982 INFO  [BrowserSelenium] (initElements) -> Name set to field: 
17:18:21,982 INFO  [BrowserSelenium] (initElements) -> CSS set to field: 
17:18:21,982 INFO  [BrowserSelenium] (initElements) -> XPath set to field: //table[@id='users']/tbody//td/a/strong
17:18:21,982 INFO  [BrowserSelenium] (initElements) -> ID set to field: 
17:18:21,982 INFO  [BrowserSelenium] (initElements) -> Name set to field: 
17:18:21,982 INFO  [BrowserSelenium] (initElements) -> CSS set to field: 
17:18:21,982 INFO  [BrowserSelenium] (initElements) -> XPath set to field: //span[text()='Permissions']
17:18:21,982 INFO  [BrowserSelenium] (initElements) -> ID set to field: 
17:18:21,982 INFO  [BrowserSelenium] (initElements) -> Name set to field: 
17:18:21,982 INFO  [BrowserSelenium] (initElements) -> CSS set to field: 
17:18:21,982 INFO  [BrowserSelenium] (initElements) -> XPath set to field: //label[contains(text(),'Edit plug-in')]/preceding-sibling::input[@type='box']
17:18:21,982 INFO  [BrowserSelenium] (initElements) -> ID set to field: 
17:18:21,982 INFO  [BrowserSelenium] (initElements) -> Name set to field: 
17:18:21,982 INFO  [BrowserSelenium] (initElements) -> CSS set to field: 
17:18:21,982 INFO  [BrowserSelenium] (initElements) -> XPath set to field: //input[@id = 'permission.1902']
17:18:21,982 INFO  [BrowserSelenium] (initElements) -> ID set to field: 
17:18:21,982 INFO  [BrowserSelenium] (initElements) -> Name set to field: 
17:18:21,982 INFO  [BrowserSelenium] (initElements) -> CSS set to field: 
17:18:21,982 INFO  [BrowserSelenium] (initElements) -> XPath set to field: //label[contains(text(),'Edit payment')]/preceding-sibling::input[@type='checkbox']
17:18:21,982 INFO  [BrowserSelenium] (initElements) -> ID set to field: 
17:18:21,982 INFO  [BrowserSelenium] (initElements) -> Name set to field: 
17:18:21,982 INFO  [BrowserSelenium] (initElements) -> CSS set to field: 
17:18:21,982 INFO  [BrowserSelenium] (initElements) -> XPath set to field: //label[contains(text(),'Delete payment')]/preceding-sibling::input[@type='checkbox']
17:18:21,982 INFO  [BrowserSelenium] (initElements) -> ID set to field: 
17:18:21,982 INFO  [BrowserSelenium] (initElements) -> Name set to field: 
17:18:21,982 INFO  [BrowserSelenium] (initElements) -> CSS set to field: 
17:18:21,982 INFO  [BrowserSelenium] (initElements) -> XPath set to field: //span[contains(text(),'Copy Company')]
17:18:21,982 INFO  [BrowserSelenium] (initElements) -> ID set to field: 
17:18:21,982 INFO  [BrowserSelenium] (initElements) -> Name set to field: 
17:18:21,982 INFO  [BrowserSelenium] (initElements) -> CSS set to field: 
17:18:21,982 INFO  [BrowserSelenium] (initElements) -> XPath set to field: //input[@id='isCompanyChild']
17:18:21,982 INFO  [BrowserSelenium] (initElements) -> ID set to field: 
17:18:21,982 INFO  [BrowserSelenium] (initElements) -> Name set to field: 
17:18:21,982 INFO  [BrowserSelenium] (initElements) -> CSS set to field: 
17:18:21,982 INFO  [BrowserSelenium] (initElements) -> XPath set to field: //input[@id='childCompany']
17:18:21,982 INFO  [BrowserSelenium] (initElements) -> ID set to field: 
17:18:21,982 INFO  [BrowserSelenium] (initElements) -> Name set to field: 
17:18:21,982 INFO  [BrowserSelenium] (initElements) -> CSS set to field: 
17:18:21,982 INFO  [BrowserSelenium] (initElements) -> XPath set to field: //button/span[text()='Yes']
17:18:21,982 INFO  [BrowserSelenium] (initElements) -> ID set to field: 
17:18:21,982 INFO  [BrowserSelenium] (initElements) -> Name set to field: 
17:18:21,982 INFO  [BrowserSelenium] (initElements) -> CSS set to field: 
17:18:21,982 INFO  [BrowserSelenium] (initElements) -> XPath set to field: //button/span[text()='No']
17:18:21,982 INFO  [BrowserSelenium] (initElements) -> ID set to field: 
17:18:21,982 INFO  [BrowserSelenium] (initElements) -> Name set to field: 
17:18:21,982 INFO  [BrowserSelenium] (initElements) -> CSS set to field: 
17:18:21,982 INFO  [BrowserSelenium] (initElements) -> XPath set to field: //strong[text()='Done']/../p
17:18:21,982 INFO  [BrowserSelenium] (initElements) -> ID set to field: 
17:18:21,982 INFO  [BrowserSelenium] (initElements) -> Name set to field: 
17:18:21,982 INFO  [BrowserSelenium] (initElements) -> CSS set to field: 
17:18:21,982 INFO  [BrowserSelenium] (initElements) -> XPath set to field: //input[@id='name']
17:18:21,982 INFO  [BrowserSelenium] (initElements) -> ID set to field: 
17:18:21,982 INFO  [BrowserSelenium] (initElements) -> Name set to field: 
17:18:21,982 INFO  [BrowserSelenium] (initElements) -> CSS set to field: 
17:18:21,982 INFO  [BrowserSelenium] (initElements) -> XPath set to field: //input[@id='orderValue']
17:18:21,982 INFO  [BrowserSelenium] (initElements) -> ID set to field: 
17:18:21,982 INFO  [BrowserSelenium] (initElements) -> Name set to field: 
17:18:21,982 INFO  [BrowserSelenium] (initElements) -> CSS set to field: 
17:18:21,982 INFO  [BrowserSelenium] (initElements) -> XPath set to field: //select[@id='mediationJobLauncher']
17:18:21,982 INFO  [BrowserSelenium] (initElements) -> ID set to field: 
17:18:21,982 INFO  [BrowserSelenium] (initElements) -> Name set to field: 
17:18:21,982 INFO  [BrowserSelenium] (initElements) -> CSS set to field: 
17:18:21,982 INFO  [BrowserSelenium] (initElements) -> XPath set to field: //input[@id='global']
17:18:21,982 INFO  [BrowserSelenium] (initElements) -> ID set to field: 
17:18:21,982 INFO  [BrowserSelenium] (initElements) -> Name set to field: 
17:18:21,982 INFO  [BrowserSelenium] (initElements) -> CSS set to field: 
17:18:21,982 INFO  [BrowserSelenium] (initElements) -> XPath set to field: //span[text()='Run Mediation']
17:18:21,982 INFO  [BrowserSelenium] (initElements) -> ID set to field: 
17:18:21,982 INFO  [BrowserSelenium] (initElements) -> Name set to field: 
17:18:21,982 INFO  [BrowserSelenium] (initElements) -> CSS set to field: 
17:18:21,982 INFO  [BrowserSelenium] (initElements) -> XPath set to field: //input[@id='description']
17:18:21,982 INFO  [BrowserSelenium] (initElements) -> ID set to field: 
17:18:21,982 INFO  [BrowserSelenium] (initElements) -> Name set to field: 
17:18:21,982 INFO  [BrowserSelenium] (initElements) -> CSS set to field: 
17:18:21,982 INFO  [BrowserSelenium] (initElements) -> XPath set to field: //select[@id='periodUnitId']
17:18:21,982 INFO  [BrowserSelenium] (initElements) -> ID set to field: 
17:18:21,982 INFO  [BrowserSelenium] (initElements) -> Name set to field: 
17:18:21,982 INFO  [BrowserSelenium] (initElements) -> CSS set to field: 
17:18:21,982 INFO  [BrowserSelenium] (initElements) -> XPath set to field: //input[@id='value']
17:18:21,982 INFO  [BrowserSelenium] (initElements) -> ID set to field: 
17:18:21,982 INFO  [BrowserSelenium] (initElements) -> Name set to field: 
17:18:21,982 INFO  [BrowserSelenium] (initElements) -> CSS set to field: 
17:18:21,982 INFO  [BrowserSelenium] (initElements) -> XPath set to field: //strong[text()='Should use JQGrid for tables']/parent::a
17:18:21,982 INFO  [BrowserSelenium] (initElements) -> ID set to field: 
17:18:21,982 INFO  [BrowserSelenium] (initElements) -> Name set to field: 
17:18:21,982 INFO  [BrowserSelenium] (initElements) -> CSS set to field: 
17:18:21,982 INFO  [BrowserSelenium] (initElements) -> XPath set to field: //div[text()='Should use JQGrid for tables']/parent::td
17:18:21,982 INFO  [BrowserSelenium] (initElements) -> ID set to field: 
17:18:21,992 INFO  [BrowserSelenium] (initElements) -> Name set to field: 
17:18:21,992 INFO  [BrowserSelenium] (initElements) -> CSS set to field: 
17:18:21,992 INFO  [BrowserSelenium] (initElements) -> XPath set to field: //strong[text()='ITG invoice notification']/parent::a
17:18:21,992 INFO  [BrowserSelenium] (initElements) -> ID set to field: 
17:18:21,992 INFO  [BrowserSelenium] (initElements) -> Name set to field: 
17:18:21,992 INFO  [BrowserSelenium] (initElements) -> CSS set to field: 
17:18:21,992 INFO  [BrowserSelenium] (initElements) -> XPath set to field: //input[@id='preference.value']
17:18:21,992 INFO  [BrowserSelenium] (initElements) -> ID set to field: 
17:18:21,992 INFO  [BrowserSelenium] (initElements) -> Name set to field: 
17:18:21,992 INFO  [BrowserSelenium] (initElements) -> CSS set to field: 
17:18:21,992 INFO  [BrowserSelenium] (initElements) -> XPath set to field: //input[@id='description']
17:18:21,992 INFO  [BrowserSelenium] (initElements) -> ID set to field: 
17:18:21,992 INFO  [BrowserSelenium] (initElements) -> Name set to field: 
17:18:21,992 INFO  [BrowserSelenium] (initElements) -> CSS set to field: 
17:18:21,992 INFO  [BrowserSelenium] (initElements) -> XPath set to field: //input[@id='mainSubscription.nextInvoiceDayOfPeriod']
17:18:21,992 INFO  [BrowserSelenium] (initElements) -> ID set to field: 
17:18:21,992 INFO  [BrowserSelenium] (initElements) -> Name set to field: 
17:18:21,992 INFO  [BrowserSelenium] (initElements) -> CSS set to field: 
17:18:21,992 INFO  [BrowserSelenium] (initElements) -> XPath set to field: //input[@id='invoiceDesign']
17:18:21,992 INFO  [BrowserSelenium] (initElements) -> ID set to field: 
17:18:21,992 INFO  [BrowserSelenium] (initElements) -> Name set to field: 
17:18:21,992 INFO  [BrowserSelenium] (initElements) -> CSS set to field: 
17:18:21,992 INFO  [BrowserSelenium] (initElements) -> XPath set to field: //table[@id='periods']
17:18:21,992 INFO  [BrowserSelenium] (initElements) -> ID set to field: 
17:18:21,992 INFO  [BrowserSelenium] (initElements) -> Name set to field: 
17:18:21,992 INFO  [BrowserSelenium] (initElements) -> CSS set to field: 
17:18:21,992 INFO  [BrowserSelenium] (initElements) -> XPath set to field: //input[@class='cb checkbox']
17:18:21,992 INFO  [BrowserSelenium] (initElements) -> ID set to field: 
17:18:21,992 INFO  [BrowserSelenium] (initElements) -> Name set to field: 
17:18:21,992 INFO  [BrowserSelenium] (initElements) -> CSS set to field: 
17:18:21,992 INFO  [BrowserSelenium] (initElements) -> XPath set to field: //table[@id='periods']/tbody//td/a/strong
17:18:21,992 INFO  [BrowserSelenium] (initElements) -> ID set to field: 
17:18:21,992 INFO  [BrowserSelenium] (initElements) -> Name set to field: 
17:18:21,992 INFO  [BrowserSelenium] (initElements) -> CSS set to field: 
17:18:21,992 INFO  [BrowserSelenium] (initElements) -> XPath set to field: //table[@id='categories']
17:18:21,992 INFO  [BrowserSelenium] (initElements) -> ID set to field: 
17:18:21,992 INFO  [BrowserSelenium] (initElements) -> Name set to field: 
17:18:21,992 INFO  [BrowserSelenium] (initElements) -> CSS set to field: 
17:18:21,992 INFO  [BrowserSelenium] (initElements) -> XPath set to field: //table[@id='periods']/tbody/tr[1]/td/a[1]/strong
17:18:21,992 INFO  [BrowserSelenium] (initElements) -> ID set to field: 
17:18:21,992 INFO  [BrowserSelenium] (initElements) -> Name set to field: 
17:18:21,992 INFO  [BrowserSelenium] (initElements) -> CSS set to field: 
17:18:21,992 INFO  [BrowserSelenium] (initElements) -> XPath set to field: //span[text()='Add Information Type']
17:18:21,992 INFO  [BrowserSelenium] (initElements) -> ID set to field: 
17:18:21,992 INFO  [BrowserSelenium] (initElements) -> Name set to field: 
17:18:21,992 INFO  [BrowserSelenium] (initElements) -> CSS set to field: 
17:18:21,992 INFO  [BrowserSelenium] (initElements) -> XPath set to field: //input[@id='name']
17:18:21,992 INFO  [BrowserSelenium] (initElements) -> ID set to field: 
17:18:21,992 INFO  [BrowserSelenium] (initElements) -> Name set to field: 
17:18:21,992 INFO  [BrowserSelenium] (initElements) -> CSS set to field: 
17:18:21,992 INFO  [BrowserSelenium] (initElements) -> XPath set to field: //span[text()='Add New Metafield']
17:18:21,992 INFO  [BrowserSelenium] (initElements) -> ID set to field: 
17:18:21,992 INFO  [BrowserSelenium] (initElements) -> Name set to field: 
17:18:21,992 INFO  [BrowserSelenium] (initElements) -> CSS set to field: 
17:18:21,992 INFO  [BrowserSelenium] (initElements) -> XPath set to field: //span[text()='-']/parent::li
17:18:21,992 INFO  [BrowserSelenium] (initElements) -> ID set to field: 
17:18:21,992 INFO  [BrowserSelenium] (initElements) -> Name set to field: 
17:18:21,992 INFO  [BrowserSelenium] (initElements) -> CSS set to field: 
17:18:21,992 INFO  [BrowserSelenium] (initElements) -> XPath set to field: //span[text()='-']
17:18:21,992 INFO  [BrowserSelenium] (initElements) -> ID set to field: 
17:18:21,992 INFO  [BrowserSelenium] (initElements) -> Name set to field: 
17:18:21,992 INFO  [BrowserSelenium] (initElements) -> CSS set to field: 
17:18:21,992 INFO  [BrowserSelenium] (initElements) -> XPath set to field: //input[@id='metaField0.name']
17:18:21,992 INFO  [BrowserSelenium] (initElements) -> ID set to field: 
17:18:21,992 INFO  [BrowserSelenium] (initElements) -> Name set to field: 
17:18:21,992 INFO  [BrowserSelenium] (initElements) -> CSS set to field: 
17:18:21,992 INFO  [BrowserSelenium] (initElements) -> XPath set to field: //select[@id='fieldType0']
17:18:21,992 INFO  [BrowserSelenium] (initElements) -> ID set to field: 
17:18:21,992 INFO  [BrowserSelenium] (initElements) -> Name set to field: 
17:18:21,992 INFO  [BrowserSelenium] (initElements) -> CSS set to field: 
17:18:21,992 INFO  [BrowserSelenium] (initElements) -> XPath set to field: //li[contains(@class,'active')]/following::li//a/span[contains(text(),'Update')]
17:18:21,992 INFO  [BrowserSelenium] (initElements) -> ID set to field: 
17:18:21,992 INFO  [BrowserSelenium] (initElements) -> Name set to field: 
17:18:21,992 INFO  [BrowserSelenium] (initElements) -> CSS set to field: 
17:18:21,992 INFO  [BrowserSelenium] (initElements) -> XPath set to field: //li[contains(@class,'active')]/following::li//a/span[contains(text(),'Remove')]
17:18:21,992 INFO  [BrowserSelenium] (initElements) -> ID set to field: 
17:18:21,992 INFO  [BrowserSelenium] (initElements) -> Name set to field: 
17:18:21,992 INFO  [BrowserSelenium] (initElements) -> CSS set to field: 
17:18:21,992 INFO  [BrowserSelenium] (initElements) -> XPath set to field: //div[@id='review-box']//span[text()='Save Changes']
17:18:21,992 INFO  [BrowserSelenium] (initElements) -> ID set to field: 
17:18:21,992 INFO  [BrowserSelenium] (initElements) -> Name set to field: 
17:18:22,002 INFO  [BrowserSelenium] (initElements) -> CSS set to field: 
17:18:22,002 INFO  [BrowserSelenium] (initElements) -> XPath set to field: //span[text()='Prices']
17:18:22,002 INFO  [BrowserSelenium] (initElements) -> ID set to field: 
17:18:22,002 INFO  [BrowserSelenium] (initElements) -> Name set to field: 
17:18:22,002 INFO  [BrowserSelenium] (initElements) -> CSS set to field: 
17:18:22,002 INFO  [BrowserSelenium] (initElements) -> XPath set to field: //select[@id='typeId']
17:18:22,002 INFO  [BrowserSelenium] (initElements) -> ID set to field: 
17:18:22,002 INFO  [BrowserSelenium] (initElements) -> Name set to field: 
17:18:22,002 INFO  [BrowserSelenium] (initElements) -> CSS set to field: 
17:18:22,002 INFO  [BrowserSelenium] (initElements) -> XPath set to field: //table[@id='products']
17:18:22,002 INFO  [BrowserSelenium] (initElements) -> ID set to field: 
17:18:22,002 INFO  [BrowserSelenium] (initElements) -> Name set to field: 
17:18:22,002 INFO  [BrowserSelenium] (initElements) -> CSS set to field: 
17:18:22,002 INFO  [BrowserSelenium] (initElements) -> XPath set to field: //table[@id='products']/tbody//td/a/strong
17:18:22,002 INFO  [BrowserSelenium] (initElements) -> ID set to field: 
17:18:22,002 INFO  [BrowserSelenium] (initElements) -> Name set to field: 
17:18:22,002 INFO  [BrowserSelenium] (initElements) -> CSS set to field: 
17:18:22,002 INFO  [BrowserSelenium] (initElements) -> XPath set to field: //span[text()='Add price']
17:18:22,002 INFO  [BrowserSelenium] (initElements) -> ID set to field: 
17:18:22,002 INFO  [BrowserSelenium] (initElements) -> Name set to field: 
17:18:22,002 INFO  [BrowserSelenium] (initElements) -> CSS set to field: 
17:18:22,002 INFO  [BrowserSelenium] (initElements) -> XPath set to field: //input[@id = 'model.0.rateAsDecimal']
17:18:22,002 INFO  [BrowserSelenium] (initElements) -> ID set to field: 
17:18:22,002 INFO  [BrowserSelenium] (initElements) -> Name set to field: 
17:18:22,002 INFO  [BrowserSelenium] (initElements) -> CSS set to field: 
17:18:22,002 INFO  [BrowserSelenium] (initElements) -> XPath set to field: //img[@alt='edit']
17:18:22,002 INFO  [BrowserSelenium] (initElements) -> ID set to field: 
17:18:22,002 INFO  [BrowserSelenium] (initElements) -> Name set to field: 
17:18:22,002 INFO  [BrowserSelenium] (initElements) -> CSS set to field: 
17:18:22,002 INFO  [BrowserSelenium] (initElements) -> XPath set to field: //select[@id='templateId']
17:18:22,002 INFO  [BrowserSelenium] (initElements) -> ID set to field: 
17:18:22,002 INFO  [BrowserSelenium] (initElements) -> Name set to field: 
17:18:22,002 INFO  [BrowserSelenium] (initElements) -> CSS set to field: 
17:18:22,002 INFO  [BrowserSelenium] (initElements) -> XPath set to field: //option[text()='Payment Card']
17:18:22,002 INFO  [BrowserSelenium] (initElements) -> ID set to field: methodName
17:18:22,002 INFO  [BrowserSelenium] (initElements) -> Name set to field: 
17:18:22,002 INFO  [BrowserSelenium] (initElements) -> CSS set to field: 
17:18:22,002 INFO  [BrowserSelenium] (initElements) -> XPath set to field: 
17:18:22,002 INFO  [BrowserSelenium] (initElements) -> ID set to field: isRecurring
17:18:22,002 INFO  [BrowserSelenium] (initElements) -> Name set to field: 
17:18:22,002 INFO  [BrowserSelenium] (initElements) -> CSS set to field: 
17:18:22,002 INFO  [BrowserSelenium] (initElements) -> XPath set to field: 
17:18:22,002 INFO  [BrowserSelenium] (initElements) -> ID set to field: allAccount
17:18:22,002 INFO  [BrowserSelenium] (initElements) -> Name set to field: 
17:18:22,002 INFO  [BrowserSelenium] (initElements) -> CSS set to field: 
17:18:22,002 INFO  [BrowserSelenium] (initElements) -> XPath set to field: 
17:18:22,002 INFO  [BrowserSelenium] (initElements) -> ID set to field: 
17:18:22,002 INFO  [BrowserSelenium] (initElements) -> Name set to field: 
17:18:22,002 INFO  [BrowserSelenium] (initElements) -> CSS set to field: 
17:18:22,002 INFO  [BrowserSelenium] (initElements) -> XPath set to field: //select[@id='accountTypes']
17:18:22,002 INFO  [BrowserSelenium] (initElements) -> ID set to field: 
17:18:22,002 INFO  [BrowserSelenium] (initElements) -> Name set to field: 
17:18:22,002 INFO  [BrowserSelenium] (initElements) -> CSS set to field: 
17:18:22,002 INFO  [BrowserSelenium] (initElements) -> XPath set to field: //span[text()='cc.number']/parent::li
17:18:22,002 INFO  [BrowserSelenium] (initElements) -> ID set to field: 
17:18:22,002 INFO  [BrowserSelenium] (initElements) -> Name set to field: 
17:18:22,012 INFO  [BrowserSelenium] (initElements) -> CSS set to field: 
17:18:22,012 INFO  [BrowserSelenium] (initElements) -> XPath set to field: //span[text() = 'cc.number']
17:18:22,012 INFO  [BrowserSelenium] (initElements) -> ID set to field: 
17:18:22,012 INFO  [BrowserSelenium] (initElements) -> Name set to field: 
17:18:22,012 INFO  [BrowserSelenium] (initElements) -> CSS set to field: 
17:18:22,012 INFO  [BrowserSelenium] (initElements) -> XPath set to field: //span[text()='cc.number']/parent::li/following::li[contains(@id,'editor')]//select[contains(@id,'newDescriptionLanguage')]
17:18:22,012 INFO  [BrowserSelenium] (initElements) -> ID set to field: 
17:18:22,012 INFO  [BrowserSelenium] (initElements) -> Name set to field: 
17:18:22,012 INFO  [BrowserSelenium] (initElements) -> CSS set to field: 
17:18:22,012 INFO  [BrowserSelenium] (initElements) -> XPath set to field: //span[text()='cc.number']/parent::li/following::li[contains(@id,'editor')]//a[contains(@onclick,'addNewDescription')]/img
17:18:22,012 INFO  [BrowserSelenium] (initElements) -> ID set to field: 
17:18:22,012 INFO  [BrowserSelenium] (initElements) -> Name set to field: 
17:18:22,012 INFO  [BrowserSelenium] (initElements) -> CSS set to field: 
17:18:22,012 INFO  [BrowserSelenium] (initElements) -> XPath set to field: //span[text()='cc.number']/../..//label[text()='English Error message']/../div/input[1]
17:18:22,012 INFO  [BrowserSelenium] (initElements) -> ID set to field: 
17:18:22,012 INFO  [BrowserSelenium] (initElements) -> Name set to field: 
17:18:22,012 INFO  [BrowserSelenium] (initElements) -> CSS set to field: 
17:18:22,012 INFO  [BrowserSelenium] (initElements) -> XPath set to field: //span[text()='cc.number']/parent::li/following::li//div[contains(@id,'descriptions')]//a/img[contains(@src,'cross.png')]
17:18:22,012 INFO  [BrowserSelenium] (initElements) -> ID set to field: 
17:18:22,012 INFO  [BrowserSelenium] (initElements) -> Name set to field: 
17:18:22,012 INFO  [BrowserSelenium] (initElements) -> CSS set to field: 
17:18:22,012 INFO  [BrowserSelenium] (initElements) -> XPath set to field: //span[text()='cc.number']/parent::li/following::li[contains(@id,'editor')]//a//span[text()='Update']
17:18:22,012 INFO  [BrowserSelenium] (initElements) -> ID set to field: 
17:18:22,012 INFO  [BrowserSelenium] (initElements) -> Name set to field: 
17:18:22,012 INFO  [BrowserSelenium] (initElements) -> CSS set to field: 
17:18:22,012 INFO  [BrowserSelenium] (initElements) -> XPath set to field: //span[text()='cc.expiry.date']/parent::li
17:18:22,012 INFO  [BrowserSelenium] (initElements) -> ID set to field: 
17:18:22,012 INFO  [BrowserSelenium] (initElements) -> Name set to field: 
17:18:22,012 INFO  [BrowserSelenium] (initElements) -> CSS set to field: 
17:18:22,012 INFO  [BrowserSelenium] (initElements) -> XPath set to field: //span[text()='cc.expiry.date']/../..
17:18:22,012 INFO  [BrowserSelenium] (initElements) -> ID set to field: 
17:18:22,012 INFO  [BrowserSelenium] (initElements) -> Name set to field: 
17:18:22,012 INFO  [BrowserSelenium] (initElements) -> CSS set to field: 
17:18:22,012 INFO  [BrowserSelenium] (initElements) -> XPath set to field: //span[text()='cc.expiry.date']/parent::li/following::li[contains(@id,'editor')]//select[contains(@id,'newDescriptionLanguage')]
17:18:22,012 INFO  [BrowserSelenium] (initElements) -> ID set to field: 
17:18:22,012 INFO  [BrowserSelenium] (initElements) -> Name set to field: 
17:18:22,012 INFO  [BrowserSelenium] (initElements) -> CSS set to field: 
17:18:22,012 INFO  [BrowserSelenium] (initElements) -> XPath set to field: //span[text()='cc.expiry.date']/parent::li/following::li[contains(@id,'editor')]//a[contains(@onclick,'addNewDescription')]/img
17:18:22,012 INFO  [BrowserSelenium] (initElements) -> ID set to field: 
17:18:22,012 INFO  [BrowserSelenium] (initElements) -> Name set to field: 
17:18:22,012 INFO  [BrowserSelenium] (initElements) -> CSS set to field: 
17:18:22,012 INFO  [BrowserSelenium] (initElements) -> XPath set to field: //span[text()='cc.expiry.date']/../..//label[text()='English Error message']/../div/input[1]
17:18:22,012 INFO  [BrowserSelenium] (initElements) -> ID set to field: 
17:18:22,012 INFO  [BrowserSelenium] (initElements) -> Name set to field: 
17:18:22,012 INFO  [BrowserSelenium] (initElements) -> CSS set to field: 
17:18:22,012 INFO  [BrowserSelenium] (initElements) -> XPath set to field: //span[text()='cc.expiry.date']/parent::li/following::li//div[contains(@id,'descriptions')]//a/img[contains(@src,'cross.png')]
17:18:22,012 INFO  [BrowserSelenium] (initElements) -> ID set to field: 
17:18:22,012 INFO  [BrowserSelenium] (initElements) -> Name set to field: 
17:18:22,012 INFO  [BrowserSelenium] (initElements) -> CSS set to field: 
17:18:22,012 INFO  [BrowserSelenium] (initElements) -> XPath set to field: //span[text()='cc.expiry.date']/parent::li/following::li[contains(@id,'editor')]//a//span[text()='Update']
17:18:22,012 INFO  [BrowserSelenium] (initElements) -> ID set to field: 
17:18:22,012 INFO  [BrowserSelenium] (initElements) -> Name set to field: 
17:18:22,012 INFO  [BrowserSelenium] (initElements) -> CSS set to field: 
17:18:22,012 INFO  [BrowserSelenium] (initElements) -> XPath set to field: //div[@class = 'buttons']//a[contains(@onclick,'submit')]
17:18:22,012 INFO  [BrowserSelenium] (initElements) -> ID set to field: 
17:18:22,012 INFO  [BrowserSelenium] (initElements) -> Name set to field: 
17:18:22,012 INFO  [BrowserSelenium] (initElements) -> CSS set to field: 
17:18:22,012 INFO  [BrowserSelenium] (initElements) -> XPath set to field: //div[@id='breadcrumbs']
17:18:22,012 INFO  [BrowserSelenium] (initElements) -> ID set to field: description
17:18:22,012 INFO  [BrowserSelenium] (initElements) -> Name set to field: 
17:18:22,012 INFO  [BrowserSelenium] (initElements) -> CSS set to field: 
17:18:22,012 INFO  [BrowserSelenium] (initElements) -> XPath set to field: 
17:18:22,012 INFO  [BrowserSelenium] (initElements) -> ID set to field: address1
17:18:22,012 INFO  [BrowserSelenium] (initElements) -> Name set to field: 
17:18:22,012 INFO  [BrowserSelenium] (initElements) -> CSS set to field: 
17:18:22,012 INFO  [BrowserSelenium] (initElements) -> XPath set to field: 
17:18:22,012 INFO  [BrowserSelenium] (initElements) -> ID set to field: city
17:18:22,012 INFO  [BrowserSelenium] (initElements) -> Name set to field: 
17:18:22,012 INFO  [BrowserSelenium] (initElements) -> CSS set to field: 
17:18:22,012 INFO  [BrowserSelenium] (initElements) -> XPath set to field: 
17:18:22,012 INFO  [BrowserSelenium] (initElements) -> ID set to field: stateProvince
17:18:22,012 INFO  [BrowserSelenium] (initElements) -> Name set to field: 
17:18:22,012 INFO  [BrowserSelenium] (initElements) -> CSS set to field: 
17:18:22,012 INFO  [BrowserSelenium] (initElements) -> XPath set to field: 
17:18:22,022 INFO  [BrowserSelenium] (initElements) -> ID set to field: 
17:18:22,022 INFO  [BrowserSelenium] (initElements) -> Name set to field: 
17:18:22,022 INFO  [BrowserSelenium] (initElements) -> CSS set to field: 
17:18:22,022 INFO  [BrowserSelenium] (initElements) -> XPath set to field: //label[contains(text(),'View plugin-in')]/../input[2]
17:18:22,022 INFO  [BrowserSelenium] (initElements) -> ID set to field: 
17:18:22,022 INFO  [BrowserSelenium] (initElements) -> Name set to field: 
17:18:22,022 INFO  [BrowserSelenium] (initElements) -> CSS set to field: 
17:18:22,022 INFO  [BrowserSelenium] (initElements) -> XPath set to field: //label[contains(text(),'Edit plug-in')]/../input[2]
17:18:22,022 INFO  [BrowserSelenium] (initElements) -> ID set to field: 
17:18:22,022 INFO  [BrowserSelenium] (initElements) -> Name set to field: 
17:18:22,022 INFO  [BrowserSelenium] (initElements) -> CSS set to field: 
17:18:22,022 INFO  [BrowserSelenium] (initElements) -> XPath set to field: //label[contains(text(),'Edit role')]/../input[2]
17:18:22,022 INFO  [BrowserSelenium] (initElements) -> ID set to field: 
17:18:22,022 INFO  [BrowserSelenium] (initElements) -> Name set to field: 
17:18:22,022 INFO  [BrowserSelenium] (initElements) -> CSS set to field: 
17:18:22,022 INFO  [BrowserSelenium] (initElements) -> XPath set to field: //div[@id='error-messages']/following-sibling::div//p
17:18:22,022 INFO  [BrowserSelenium] (initElements) -> ID set to field: roles
17:18:22,022 INFO  [BrowserSelenium] (initElements) -> Name set to field: 
17:18:22,022 INFO  [BrowserSelenium] (initElements) -> CSS set to field: 
17:18:22,022 INFO  [BrowserSelenium] (initElements) -> XPath set to field: 
17:18:22,022 INFO  [BrowserSelenium] (initElements) -> ID set to field: 
17:18:22,022 INFO  [BrowserSelenium] (initElements) -> Name set to field: 
17:18:22,022 INFO  [BrowserSelenium] (initElements) -> CSS set to field: 
17:18:22,022 INFO  [BrowserSelenium] (initElements) -> XPath set to field: //label[text()='Show agent menu']/../input[2]
17:18:22,022 INFO  [BrowserSelenium] (initElements) -> ID set to field: 
17:18:22,022 INFO  [BrowserSelenium] (initElements) -> Name set to field: 
17:18:22,022 INFO  [BrowserSelenium] (initElements) -> CSS set to field: 
17:18:22,022 INFO  [BrowserSelenium] (initElements) -> XPath set to field: //label[text()='Edit agent']/../input[2]
17:18:22,022 INFO  [BrowserSelenium] (initElements) -> ID set to field: 
17:18:22,022 INFO  [BrowserSelenium] (initElements) -> Name set to field: 
17:18:22,022 INFO  [BrowserSelenium] (initElements) -> CSS set to field: 
17:18:22,022 INFO  [BrowserSelenium] (initElements) -> XPath set to field: //label[text()='View agent details']/../input[2]
17:18:22,022 INFO  [BrowserSelenium] (initElements) -> ID set to field: 
17:18:22,022 INFO  [BrowserSelenium] (initElements) -> Name set to field: 
17:18:22,022 INFO  [BrowserSelenium] (initElements) -> CSS set to field: 
17:18:22,022 INFO  [BrowserSelenium] (initElements) -> XPath set to field: //a[@class='submit delete']
17:18:22,022 INFO  [BrowserSelenium] (initElements) -> ID set to field: creditLimitAsDecimal
17:18:22,022 INFO  [BrowserSelenium] (initElements) -> Name set to field: 
17:18:22,022 INFO  [BrowserSelenium] (initElements) -> CSS set to field: 
17:18:22,022 INFO  [BrowserSelenium] (initElements) -> XPath set to field: 
17:18:22,022 INFO  [BrowserSelenium] (initElements) -> ID set to field: creditNotificationLimit1AsDecimal
17:18:22,022 INFO  [BrowserSelenium] (initElements) -> Name set to field: 
17:18:22,022 INFO  [BrowserSelenium] (initElements) -> CSS set to field: 
17:18:22,022 INFO  [BrowserSelenium] (initElements) -> XPath set to field: 
17:18:22,022 INFO  [BrowserSelenium] (initElements) -> ID set to field: creditNotificationLimit2AsDecimal
17:18:22,022 INFO  [BrowserSelenium] (initElements) -> Name set to field: 
17:18:22,022 INFO  [BrowserSelenium] (initElements) -> CSS set to field: 
17:18:22,022 INFO  [BrowserSelenium] (initElements) -> XPath set to field: 
17:18:22,022 INFO  [BrowserSelenium] (initElements) -> ID set to field: 
17:18:22,022 INFO  [BrowserSelenium] (initElements) -> Name set to field: 
17:18:22,022 INFO  [BrowserSelenium] (initElements) -> CSS set to field: 
17:18:22,022 INFO  [BrowserSelenium] (initElements) -> XPath set to field: //div[@id='messages']//ul/li
17:18:22,022 INFO  [BrowserSelenium] (initElements) -> ID set to field: payment-method-select
17:18:22,022 INFO  [BrowserSelenium] (initElements) -> Name set to field: 
17:18:22,022 INFO  [BrowserSelenium] (initElements) -> CSS set to field: 
17:18:22,022 INFO  [BrowserSelenium] (initElements) -> XPath set to field: 
17:18:22,022 INFO  [BrowserSelenium] (initElements) -> ID set to field: gs_typeId
17:18:22,022 INFO  [BrowserSelenium] (initElements) -> Name set to field: 
17:18:22,022 INFO  [BrowserSelenium] (initElements) -> CSS set to field: 
17:18:22,032 INFO  [BrowserSelenium] (initElements) -> XPath set to field: 
17:18:22,032 INFO  [BrowserSelenium] (initElements) -> ID set to field: 
17:18:22,032 INFO  [BrowserSelenium] (initElements) -> Name set to field: 
17:18:22,032 INFO  [BrowserSelenium] (initElements) -> CSS set to field: 
17:18:22,032 INFO  [BrowserSelenium] (initElements) -> XPath set to field: //option[text()='
17:18:22,032 INFO  [BrowserSelenium] (initElements) -> ID set to field: 
17:18:22,032 INFO  [BrowserSelenium] (initElements) -> Name set to field: 
17:18:22,032 INFO  [BrowserSelenium] (initElements) -> CSS set to field: 
17:18:22,032 INFO  [BrowserSelenium] (initElements) -> XPath set to field: //strong[contains(text(),'Payment gateway integration')]
17:18:22,032 INFO  [BrowserSelenium] (initElements) -> ID set to field: plg-parm-PaypalUserId
17:18:22,032 INFO  [BrowserSelenium] (initElements) -> Name set to field: 
17:18:22,032 INFO  [BrowserSelenium] (initElements) -> CSS set to field: 
17:18:22,032 INFO  [BrowserSelenium] (initElements) -> XPath set to field: 
17:18:22,032 INFO  [BrowserSelenium] (initElements) -> ID set to field: plg-parm-PaypalPassword
17:18:22,032 INFO  [BrowserSelenium] (initElements) -> Name set to field: 
17:18:22,032 INFO  [BrowserSelenium] (initElements) -> CSS set to field: 
17:18:22,032 INFO  [BrowserSelenium] (initElements) -> XPath set to field: 
17:18:22,032 INFO  [BrowserSelenium] (initElements) -> ID set to field: plg-parm-PaypalSignature
17:18:22,032 INFO  [BrowserSelenium] (initElements) -> Name set to field: 
17:18:22,032 INFO  [BrowserSelenium] (initElements) -> CSS set to field: 
17:18:22,032 INFO  [BrowserSelenium] (initElements) -> XPath set to field: 
17:18:22,032 INFO  [BrowserSelenium] (initElements) -> ID set to field: 
17:18:22,032 INFO  [BrowserSelenium] (initElements) -> Name set to field: 
17:18:22,032 INFO  [BrowserSelenium] (initElements) -> CSS set to field: 
17:18:22,032 INFO  [BrowserSelenium] (initElements) -> XPath set to field: //a[contains(text(),'Company')]
17:18:22,032 INFO  [BrowserSelenium] (initElements) -> ID set to field: 
17:18:22,032 INFO  [BrowserSelenium] (initElements) -> Name set to field: 
17:18:22,032 INFO  [BrowserSelenium] (initElements) -> CSS set to field: 
17:18:22,032 INFO  [BrowserSelenium] (initElements) -> XPath set to field: //div[@class='table-box']//tr//td//a
17:18:22,032 INFO  [BrowserSelenium] (initElements) -> ID set to field: metaField.name
17:18:22,032 INFO  [BrowserSelenium] (initElements) -> Name set to field: 
17:18:22,032 INFO  [BrowserSelenium] (initElements) -> CSS set to field: 
17:18:22,032 INFO  [BrowserSelenium] (initElements) -> XPath set to field: 
17:18:22,032 INFO  [BrowserSelenium] (initElements) -> ID set to field: metaField.dataType
17:18:22,032 INFO  [BrowserSelenium] (initElements) -> Name set to field: 
17:18:22,032 INFO  [BrowserSelenium] (initElements) -> CSS set to field: 
17:18:22,032 INFO  [BrowserSelenium] (initElements) -> XPath set to field: 
17:18:22,032 INFO  [BrowserSelenium] (initElements) -> ID set to field: mandatoryCheck
17:18:22,032 INFO  [BrowserSelenium] (initElements) -> Name set to field: 
17:18:22,032 INFO  [BrowserSelenium] (initElements) -> CSS set to field: 
17:18:22,032 INFO  [BrowserSelenium] (initElements) -> XPath set to field: 
17:18:22,032 INFO  [BrowserSelenium] (initElements) -> ID set to field: disableCheck
17:18:22,032 INFO  [BrowserSelenium] (initElements) -> Name set to field: 
17:18:22,032 INFO  [BrowserSelenium] (initElements) -> CSS set to field: 
17:18:22,032 INFO  [BrowserSelenium] (initElements) -> XPath set to field: 
17:18:22,032 INFO  [BrowserSelenium] (initElements) -> ID set to field: defaultValue
17:18:22,032 INFO  [BrowserSelenium] (initElements) -> Name set to field: 
17:18:22,032 INFO  [BrowserSelenium] (initElements) -> CSS set to field: 
17:18:22,032 INFO  [BrowserSelenium] (initElements) -> XPath set to field: 
17:18:22,032 INFO  [BrowserSelenium] (initElements) -> ID set to field: metaField.validationRule.ruleType
17:18:22,032 INFO  [BrowserSelenium] (initElements) -> Name set to field: 
17:18:22,032 INFO  [BrowserSelenium] (initElements) -> CSS set to field: 
17:18:22,032 INFO  [BrowserSelenium] (initElements) -> XPath set to field: 
17:18:22,032 INFO  [BrowserSelenium] (initElements) -> ID set to field: 
17:18:22,032 INFO  [BrowserSelenium] (initElements) -> Name set to field: 
17:18:22,032 INFO  [BrowserSelenium] (initElements) -> CSS set to field: 
17:18:22,032 INFO  [BrowserSelenium] (initElements) -> XPath set to field: //a[@class='submit save']/span
17:18:22,032 INFO  [BrowserSelenium] (initElements) -> ID set to field: 
17:18:22,032 INFO  [BrowserSelenium] (initElements) -> Name set to field: 
17:18:22,032 INFO  [BrowserSelenium] (initElements) -> CSS set to field: 
17:18:22,032 INFO  [BrowserSelenium] (initElements) -> XPath set to field: //a[@class='submit cancel']/span
17:18:22,032 INFO  [BrowserSelenium] (initElements) -> ID set to field: 
17:18:22,032 INFO  [BrowserSelenium] (initElements) -> Name set to field: 
17:18:22,032 INFO  [BrowserSelenium] (initElements) -> CSS set to field: 
17:18:22,032 INFO  [BrowserSelenium] (initElements) -> XPath set to field: //input[@id='helpCheck'] 
17:18:22,032 INFO  [BrowserSelenium] (initElements) -> ID set to field: 
17:18:22,032 INFO  [BrowserSelenium] (initElements) -> Name set to field: 
17:18:22,032 INFO  [BrowserSelenium] (initElements) -> CSS set to field: 
17:18:22,032 INFO  [BrowserSelenium] (initElements) -> XPath set to field: //table[@id='roles']//tbody//tr
17:18:22,032 INFO  [BrowserSelenium] (initElements) -> ID set to field: 
17:18:22,032 INFO  [BrowserSelenium] (initElements) -> Name set to field: 
17:18:22,032 INFO  [BrowserSelenium] (initElements) -> CSS set to field: 
17:18:22,032 INFO  [BrowserSelenium] (initElements) -> XPath set to field: //select[@id='vis-cols-multi-sel-group-left']//option
17:18:22,032 INFO  [BrowserSelenium] (initElements) -> ID set to field: 
17:18:22,042 INFO  [BrowserSelenium] (initElements) -> Name set to field: 
17:18:22,042 INFO  [BrowserSelenium] (initElements) -> CSS set to field: 
17:18:22,042 INFO  [BrowserSelenium] (initElements) -> XPath set to field: //a[@id='vis-cols-multi-sel-to-right']/span
17:18:22,042 INFO  [BrowserSelenium] (initElements) -> ID set to field: 
17:18:22,042 INFO  [BrowserSelenium] (initElements) -> Name set to field: 
17:18:22,042 INFO  [BrowserSelenium] (initElements) -> CSS set to field: 
17:18:22,042 INFO  [BrowserSelenium] (initElements) -> XPath set to field: //input[@id='name']
17:18:22,042 INFO  [BrowserSelenium] (initElements) -> ID set to field: 
17:18:22,042 INFO  [BrowserSelenium] (initElements) -> Name set to field: 
17:18:22,042 INFO  [BrowserSelenium] (initElements) -> CSS set to field: 
17:18:22,042 INFO  [BrowserSelenium] (initElements) -> XPath set to field: //table[@id='payments']
17:18:22,042 INFO  [BrowserSelenium] (initElements) -> ID set to field: 
17:18:22,042 INFO  [BrowserSelenium] (initElements) -> Name set to field: 
17:18:22,042 INFO  [BrowserSelenium] (initElements) -> CSS set to field: 
17:18:22,042 INFO  [BrowserSelenium] (initElements) -> XPath set to field: //div[text()='Should use JQGrid for tables']/..
17:18:22,042 INFO  [BrowserSelenium] (initElements) -> ID set to field: 
17:18:22,042 INFO  [BrowserSelenium] (initElements) -> Name set to field: 
17:18:22,042 INFO  [BrowserSelenium] (initElements) -> CSS set to field: 
17:18:22,042 INFO  [BrowserSelenium] (initElements) -> XPath set to field: //table[@class='jqTable ui-jqgrid-btable']//tbody//tr/td/div
17:18:22,042 INFO  [BrowserSelenium] (initElements) -> ID set to field: 
17:18:22,042 INFO  [BrowserSelenium] (initElements) -> Name set to field: 
17:18:22,042 INFO  [BrowserSelenium] (initElements) -> CSS set to field: 
17:18:22,042 INFO  [BrowserSelenium] (initElements) -> XPath set to field: //select[contains(@id,'paymentMethodTypeId')]
17:18:22,042 INFO  [BrowserSelenium] (initElements) -> ID set to field: disableCheck
17:18:22,042 INFO  [BrowserSelenium] (initElements) -> Name set to field: 
17:18:22,042 INFO  [BrowserSelenium] (initElements) -> CSS set to field: 
17:18:22,042 INFO  [BrowserSelenium] (initElements) -> XPath set to field: 
17:18:22,042 INFO  [BrowserSelenium] (initElements) -> ID set to field: 
17:18:22,042 INFO  [BrowserSelenium] (initElements) -> Name set to field: 
17:18:22,042 INFO  [BrowserSelenium] (initElements) -> CSS set to field: 
17:18:22,042 INFO  [BrowserSelenium] (initElements) -> XPath set to field: //select[contains(@id,'dataType')]
17:18:22,042 INFO  [BrowserSelenium] (initElements) -> ID set to field: 
17:18:22,042 INFO  [BrowserSelenium] (initElements) -> Name set to field: 
17:18:22,042 INFO  [BrowserSelenium] (initElements) -> CSS set to field: 
17:18:22,042 INFO  [BrowserSelenium] (initElements) -> XPath set to field: //div[@id='left-column']//li[21]
17:18:22,042 INFO  [BrowserSelenium] (initElements) -> ID set to field: 
17:18:22,042 INFO  [BrowserSelenium] (initElements) -> Name set to field: 
17:18:22,042 INFO  [BrowserSelenium] (initElements) -> CSS set to field: 
17:18:22,042 INFO  [BrowserSelenium] (initElements) -> XPath set to field: //div[@class='lang_description_1']//input[@id='obj_0_description_1']
17:18:22,042 INFO  [BrowserSelenium] (initElements) -> ID set to field: 
17:18:22,042 INFO  [BrowserSelenium] (initElements) -> Name set to field: 
17:18:22,042 INFO  [BrowserSelenium] (initElements) -> CSS set to field: 
17:18:22,042 INFO  [BrowserSelenium] (initElements) -> XPath set to field: //div[@class='lang_description_1']//input[@id='obj_1_description_1']
17:18:22,042 INFO  [BrowserSelenium] (initElements) -> ID set to field: 
17:18:22,042 INFO  [BrowserSelenium] (initElements) -> Name set to field: 
17:18:22,042 INFO  [BrowserSelenium] (initElements) -> CSS set to field: 
17:18:22,042 INFO  [BrowserSelenium] (initElements) -> XPath set to field: //strong[contains(text(),'Order Change Statuses')]
17:18:22,042 INFO  [BrowserSelenium] (initElements) -> ID set to field: 
17:18:22,042 INFO  [BrowserSelenium] (initElements) -> Name set to field: 
17:18:22,042 INFO  [BrowserSelenium] (initElements) -> CSS set to field: 
17:18:22,042 INFO  [BrowserSelenium] (initElements) -> XPath set to field: //*[@id='obj[1].order']
17:18:22,042 INFO  [BrowserSelenium] (initElements) -> ID set to field: 
17:18:22,042 INFO  [BrowserSelenium] (initElements) -> Name set to field: 
17:18:22,042 INFO  [BrowserSelenium] (initElements) -> CSS set to field: 
17:18:22,042 INFO  [BrowserSelenium] (initElements) -> XPath set to field: //*[@id='obj[1].applyToOrder']
17:18:22,042 INFO  [BrowserSelenium] (initElements) -> ID set to field: 
17:18:22,042 INFO  [BrowserSelenium] (initElements) -> Name set to field: 
17:18:22,042 INFO  [BrowserSelenium] (initElements) -> CSS set to field: 
17:18:22,042 INFO  [BrowserSelenium] (initElements) -> XPath set to field: //*[@id='obj[0].applyToOrder']
17:18:22,042 INFO  [BrowserSelenium] (initElements) -> ID set to field: 
17:18:22,042 INFO  [BrowserSelenium] (initElements) -> Name set to field: 
17:18:22,042 INFO  [BrowserSelenium] (initElements) -> CSS set to field: 
17:18:22,042 INFO  [BrowserSelenium] (initElements) -> XPath set to field: //table[@id='invoiceTemplates']
17:18:22,042 INFO  [BrowserSelenium] (initElements) -> ID set to field: 
17:18:22,042 INFO  [BrowserSelenium] (initElements) -> Name set to field: 
17:18:22,042 INFO  [BrowserSelenium] (initElements) -> CSS set to field: 
17:18:22,042 INFO  [BrowserSelenium] (initElements) -> XPath set to field: //*[@id='17']/em
17:18:22,042 INFO  [BrowserSelenium] (initElements) -> ID set to field: 
17:18:22,042 INFO  [BrowserSelenium] (initElements) -> Name set to field: 
17:18:22,042 INFO  [BrowserSelenium] (initElements) -> CSS set to field: 
17:18:22,042 INFO  [BrowserSelenium] (initElements) -> XPath set to field: //*[@id='processingOrder']
17:18:22,042 INFO  [BrowserSelenium] (initElements) -> ID set to field: 
17:18:22,042 INFO  [BrowserSelenium] (initElements) -> Name set to field: 
17:18:22,042 INFO  [BrowserSelenium] (initElements) -> CSS set to field: 
17:18:22,042 INFO  [BrowserSelenium] (initElements) -> XPath set to field: //*[@id='typeId']
17:18:22,042 INFO  [BrowserSelenium] (initElements) -> ID set to field: 
17:18:22,042 INFO  [BrowserSelenium] (initElements) -> Name set to field: 
17:18:22,042 INFO  [BrowserSelenium] (initElements) -> CSS set to field: 
17:18:22,042 INFO  [BrowserSelenium] (initElements) -> XPath set to field: //div[@class='heading']//strong
17:18:22,042 INFO  [BrowserSelenium] (initElements) -> ID set to field: 
17:18:22,042 INFO  [BrowserSelenium] (initElements) -> Name set to field: 
17:18:22,042 INFO  [BrowserSelenium] (initElements) -> CSS set to field: 
17:18:22,042 INFO  [BrowserSelenium] (initElements) -> XPath set to field: //*[@id='orderChangeStatusesTable']/tbody/tr[2]/td[5]/a/img
17:18:22,042 INFO  [BrowserSelenium] (initElements) -> ID set to field: 
17:18:22,042 INFO  [BrowserSelenium] (initElements) -> Name set to field: 
17:18:22,042 INFO  [BrowserSelenium] (initElements) -> CSS set to field: 
17:18:22,042 INFO  [BrowserSelenium] (initElements) -> XPath set to field: //*[@id='orderChangeStatusesTable']/tbody/tr[3]/td[5]/a/img
17:18:22,042 INFO  [BrowserSelenium] (initElements) -> ID set to field: 
17:18:22,042 INFO  [BrowserSelenium] (initElements) -> Name set to field: 
17:18:22,052 INFO  [BrowserSelenium] (initElements) -> CSS set to field: 
17:18:22,052 INFO  [BrowserSelenium] (initElements) -> XPath set to field: //*[@id='column1']/div/table/thead/tr/th[2]
17:18:22,052 INFO  [BrowserSelenium] (initElements) -> ID set to field: 
17:18:22,052 INFO  [BrowserSelenium] (initElements) -> Name set to field: 
17:18:22,052 INFO  [BrowserSelenium] (initElements) -> CSS set to field: 
17:18:22,052 INFO  [BrowserSelenium] (initElements) -> XPath set to field: //*[@id='CUSTOMER']/strong
17:18:22,052 INFO  [BrowserSelenium] (initElements) -> ID set to field: 
17:18:22,052 INFO  [BrowserSelenium] (initElements) -> Name set to field: 
17:18:22,052 INFO  [BrowserSelenium] (initElements) -> CSS set to field: 
17:18:22,052 INFO  [BrowserSelenium] (initElements) -> XPath set to field: //*[@id='column1']/div[1]/table/thead/tr/th
17:18:22,052 INFO  [BrowserSelenium] (initElements) -> ID set to field: 
17:18:22,052 INFO  [BrowserSelenium] (initElements) -> Name set to field: 
17:18:22,052 INFO  [BrowserSelenium] (initElements) -> CSS set to field: 
17:18:22,052 INFO  [BrowserSelenium] (initElements) -> XPath set to field: //*[@id='metaField.name']
17:18:22,052 INFO  [BrowserSelenium] (initElements) -> ID set to field: 
17:18:22,052 INFO  [BrowserSelenium] (initElements) -> Name set to field: 
17:18:22,052 INFO  [BrowserSelenium] (initElements) -> CSS set to field: 
17:18:22,052 INFO  [BrowserSelenium] (initElements) -> XPath set to field: //*[@id='metaField.dataType']
17:18:22,052 INFO  [BrowserSelenium] (initElements) -> ID set to field: 
17:18:22,052 INFO  [BrowserSelenium] (initElements) -> Name set to field: 
17:18:22,052 INFO  [BrowserSelenium] (initElements) -> CSS set to field: 
17:18:22,052 INFO  [BrowserSelenium] (initElements) -> XPath set to field: //*[@id='mandatoryCheck']
17:18:22,052 INFO  [BrowserSelenium] (initElements) -> ID set to field: 
17:18:22,052 INFO  [BrowserSelenium] (initElements) -> Name set to field: 
17:18:22,052 INFO  [BrowserSelenium] (initElements) -> CSS set to field: 
17:18:22,052 INFO  [BrowserSelenium] (initElements) -> XPath set to field: //*[@class='table-box']//strong[contains(text(),'Salary')]
17:18:22,052 INFO  [BrowserSelenium] (initElements) -> ID set to field: 
17:18:22,052 INFO  [BrowserSelenium] (initElements) -> Name set to field: 
17:18:22,052 INFO  [BrowserSelenium] (initElements) -> CSS set to field: 
17:18:22,052 INFO  [BrowserSelenium] (initElements) -> XPath set to field: (//button[@type='button'])[3]
17:18:22,052 INFO  [BrowserSelenium] (initElements) -> ID set to field: 
17:18:22,052 INFO  [BrowserSelenium] (initElements) -> Name set to field: 
17:18:22,052 INFO  [BrowserSelenium] (initElements) -> CSS set to field: 
17:18:22,052 INFO  [BrowserSelenium] (initElements) -> XPath set to field: //a[contains(text(),'Payment Method')]
17:18:22,052 INFO  [BrowserSelenium] (initElements) -> ID set to field: 
17:18:22,052 INFO  [BrowserSelenium] (initElements) -> Name set to field: 
17:18:22,052 INFO  [BrowserSelenium] (initElements) -> CSS set to field: 
17:18:22,052 INFO  [BrowserSelenium] (initElements) -> XPath set to field: //a[contains(text(),'Account Type')]
17:18:22,052 INFO  [BrowserSelenium] (initElements) -> ID set to field: 
17:18:22,052 INFO  [BrowserSelenium] (initElements) -> Name set to field: 
17:18:22,052 INFO  [BrowserSelenium] (initElements) -> CSS set to field: 
17:18:22,052 INFO  [BrowserSelenium] (initElements) -> XPath set to field: //div[@id='left-column']/div/ul//li//a[contains(text(),'Account Type')]
17:18:22,052 INFO  [BrowserSelenium] (initElements) -> ID set to field: 
17:18:22,052 INFO  [BrowserSelenium] (initElements) -> Name set to field: 
17:18:22,052 INFO  [BrowserSelenium] (initElements) -> CSS set to field: 
17:18:22,052 INFO  [BrowserSelenium] (initElements) -> XPath set to field: //div[@id='messages']/div[@class='msg-box error']/strong
17:18:22,052 INFO  [BrowserSelenium] (initElements) -> ID set to field: 
17:18:22,052 INFO  [BrowserSelenium] (initElements) -> Name set to field: 
17:18:22,052 INFO  [BrowserSelenium] (initElements) -> CSS set to field: 
17:18:22,052 INFO  [BrowserSelenium] (initElements) -> XPath set to field: //div[@id='messages']/div[@class='msg-box error']/ul/li
17:18:22,052 INFO  [BrowserSelenium] (initElements) -> ID set to field: 
17:18:22,052 INFO  [BrowserSelenium] (initElements) -> Name set to field: 
17:18:22,052 INFO  [BrowserSelenium] (initElements) -> CSS set to field: 
17:18:22,052 INFO  [BrowserSelenium] (initElements) -> XPath set to field: //a[contains(.,'Order Statuses')]
17:18:22,052 INFO  [BrowserSelenium] (initElements) -> ID set to field: 
17:18:22,052 INFO  [BrowserSelenium] (initElements) -> Name set to field: 
17:18:22,052 INFO  [BrowserSelenium] (initElements) -> CSS set to field: 
17:18:22,052 INFO  [BrowserSelenium] (initElements) -> XPath set to field: //a[contains(.,'INVOICE')]
17:18:22,062 INFO  [BrowserSelenium] (initElements) -> ID set to field: 
17:18:22,062 INFO  [BrowserSelenium] (initElements) -> Name set to field: 
17:18:22,062 INFO  [BrowserSelenium] (initElements) -> CSS set to field: 
17:18:22,062 INFO  [BrowserSelenium] (initElements) -> XPath set to field: //a[contains(.,'FINISHED')]
17:18:22,062 INFO  [BrowserSelenium] (initElements) -> ID set to field: 
17:18:22,062 INFO  [BrowserSelenium] (initElements) -> Name set to field: 
17:18:22,062 INFO  [BrowserSelenium] (initElements) -> CSS set to field: 
17:18:22,062 INFO  [BrowserSelenium] (initElements) -> XPath set to field: //a[contains(.,'NOT_INVOICE')]
17:18:22,062 INFO  [BrowserSelenium] (initElements) -> ID set to field: 
17:18:22,062 INFO  [BrowserSelenium] (initElements) -> Name set to field: 
17:18:22,062 INFO  [BrowserSelenium] (initElements) -> CSS set to field: 
17:18:22,062 INFO  [BrowserSelenium] (initElements) -> XPath set to field: //a[contains(.,'SUSPENDED_AGEING')]
17:18:22,062 INFO  [BrowserSelenium] (initElements) -> ID set to field: 
17:18:22,062 INFO  [BrowserSelenium] (initElements) -> Name set to field: 
17:18:22,062 INFO  [BrowserSelenium] (initElements) -> CSS set to field: 
17:18:22,062 INFO  [BrowserSelenium] (initElements) -> XPath set to field: //a[contains(.,'Active')]
17:18:22,062 INFO  [BrowserSelenium] (initElements) -> ID set to field: 
17:18:22,062 INFO  [BrowserSelenium] (initElements) -> Name set to field: 
17:18:22,062 INFO  [BrowserSelenium] (initElements) -> CSS set to field: 
17:18:22,062 INFO  [BrowserSelenium] (initElements) -> XPath set to field: //a[contains(.,'Finished')]
17:18:22,062 INFO  [BrowserSelenium] (initElements) -> ID set to field: 
17:18:22,062 INFO  [BrowserSelenium] (initElements) -> Name set to field: 
17:18:22,062 INFO  [BrowserSelenium] (initElements) -> CSS set to field: 
17:18:22,062 INFO  [BrowserSelenium] (initElements) -> XPath set to field: //a[contains(.,'Suspended')]
17:18:22,062 INFO  [BrowserSelenium] (initElements) -> ID set to field: 
17:18:22,062 INFO  [BrowserSelenium] (initElements) -> Name set to field: 
17:18:22,062 INFO  [BrowserSelenium] (initElements) -> CSS set to field: 
17:18:22,062 INFO  [BrowserSelenium] (initElements) -> XPath set to field: //a[contains(.,'Suspended ageing(auto)')]
17:18:22,062 INFO  [BrowserSelenium] (initElements) -> ID set to field: 
17:18:22,062 INFO  [BrowserSelenium] (initElements) -> Name set to field: 
17:18:22,062 INFO  [BrowserSelenium] (initElements) -> CSS set to field: 
17:18:22,062 INFO  [BrowserSelenium] (initElements) -> XPath set to field: //input[@id='description']
17:18:22,062 INFO  [BrowserSelenium] (initElements) -> ID set to field: 
17:18:22,062 INFO  [BrowserSelenium] (initElements) -> Name set to field: 
17:18:22,062 INFO  [BrowserSelenium] (initElements) -> CSS set to field: 
17:18:22,062 INFO  [BrowserSelenium] (initElements) -> XPath set to field: //select[contains(@id,'orderStatusFlag')]
17:18:22,062 INFO  [BrowserSelenium] (initElements) -> ID set to field: 
17:18:22,062 INFO  [BrowserSelenium] (initElements) -> Name set to field: 
17:18:22,062 INFO  [BrowserSelenium] (initElements) -> CSS set to field: 
17:18:22,062 INFO  [BrowserSelenium] (initElements) -> XPath set to field: //div[@id='error-messages']/ul/li
17:18:22,062 INFO  [BrowserSelenium] (initElements) -> ID set to field: 
17:18:22,062 INFO  [BrowserSelenium] (initElements) -> Name set to field: 
17:18:22,062 INFO  [BrowserSelenium] (initElements) -> CSS set to field: 
17:18:22,062 INFO  [BrowserSelenium] (initElements) -> XPath set to field: //div[@id='messages']//div[@class='msg-box error'][1]/ul/li
17:18:22,062 INFO  [BrowserSelenium] (initElements) -> ID set to field: 
17:18:22,062 INFO  [BrowserSelenium] (initElements) -> Name set to field: 
17:18:22,062 INFO  [BrowserSelenium] (initElements) -> CSS set to field: 
17:18:22,062 INFO  [BrowserSelenium] (initElements) -> XPath set to field: //div[@id='error-messages']/ul/li[1]
17:18:22,062 INFO  [BrowserSelenium] (initElements) -> ID set to field: 
17:18:22,062 INFO  [BrowserSelenium] (initElements) -> Name set to field: 
17:18:22,062 INFO  [BrowserSelenium] (initElements) -> CSS set to field: 
17:18:22,062 INFO  [BrowserSelenium] (initElements) -> XPath set to field: //div[@id='error-messages']/ul/li[2]
17:18:22,062 INFO  [BrowserSelenium] (initElements) -> ID set to field: name
17:18:22,062 INFO  [BrowserSelenium] (initElements) -> Name set to field: 
17:18:22,062 INFO  [BrowserSelenium] (initElements) -> CSS set to field: 
17:18:22,062 INFO  [BrowserSelenium] (initElements) -> XPath set to field: 
17:18:22,062 INFO  [BrowserSelenium] (initElements) -> ID set to field: usagePool.names[0].content
17:18:22,062 INFO  [BrowserSelenium] (initElements) -> Name set to field: 
17:18:22,062 INFO  [BrowserSelenium] (initElements) -> CSS set to field: 
17:18:22,062 INFO  [BrowserSelenium] (initElements) -> XPath set to field: 
17:18:22,062 INFO  [BrowserSelenium] (initElements) -> ID set to field: usagePool.cyclePeriodValue
17:18:22,062 INFO  [BrowserSelenium] (initElements) -> Name set to field: 
17:18:22,062 INFO  [BrowserSelenium] (initElements) -> CSS set to field: 
17:18:22,062 INFO  [BrowserSelenium] (initElements) -> XPath set to field: 
17:18:22,062 INFO  [BrowserSelenium] (initElements) -> ID set to field: usagePool.quantity
17:18:22,062 INFO  [BrowserSelenium] (initElements) -> Name set to field: 
17:18:22,062 INFO  [BrowserSelenium] (initElements) -> CSS set to field: 
17:18:22,062 INFO  [BrowserSelenium] (initElements) -> XPath set to field: 
17:18:22,062 INFO  [BrowserSelenium] (initElements) -> ID set to field: usagePool.consumptionActions.1.percentage
17:18:22,062 INFO  [BrowserSelenium] (initElements) -> Name set to field: 
17:18:22,062 INFO  [BrowserSelenium] (initElements) -> CSS set to field: 
17:18:22,062 INFO  [BrowserSelenium] (initElements) -> XPath set to field: 
17:18:22,072 INFO  [BrowserSelenium] (initElements) -> ID set to field: usagePool.consumptionActions.2.percentage
17:18:22,072 INFO  [BrowserSelenium] (initElements) -> Name set to field: 
17:18:22,072 INFO  [BrowserSelenium] (initElements) -> CSS set to field: 
17:18:22,072 INFO  [BrowserSelenium] (initElements) -> XPath set to field: 
17:18:22,072 INFO  [BrowserSelenium] (initElements) -> ID set to field: usagePool.consumptionActions.2.productId
17:18:22,072 INFO  [BrowserSelenium] (initElements) -> Name set to field: 
17:18:22,072 INFO  [BrowserSelenium] (initElements) -> CSS set to field: 
17:18:22,072 INFO  [BrowserSelenium] (initElements) -> XPath set to field: 
17:18:22,072 INFO  [BrowserSelenium] (initElements) -> ID set to field: 
17:18:22,072 INFO  [BrowserSelenium] (initElements) -> Name set to field: 
17:18:22,072 INFO  [BrowserSelenium] (initElements) -> CSS set to field: 
17:18:22,072 INFO  [BrowserSelenium] (initElements) -> XPath set to field: //input[contains(@id,'.value')]
17:18:22,072 INFO  [BrowserSelenium] (initElements) -> ID set to field: 
17:18:22,072 INFO  [BrowserSelenium] (initElements) -> Name set to field: 
17:18:22,072 INFO  [BrowserSelenium] (initElements) -> CSS set to field: 
17:18:22,072 INFO  [BrowserSelenium] (initElements) -> XPath set to field: //label[text()='1']/..//input[contains(@id,'.value')]
17:18:22,072 INFO  [BrowserSelenium] (initElements) -> ID set to field: 
17:18:22,072 INFO  [BrowserSelenium] (initElements) -> Name set to field: 
17:18:22,072 INFO  [BrowserSelenium] (initElements) -> CSS set to field: 
17:18:22,072 INFO  [BrowserSelenium] (initElements) -> XPath set to field: //table[@id='enumerations']/tbody/tr/td//strong
17:18:22,072 INFO  [BrowserSelenium] (initElements) -> ID set to field: 
17:18:22,072 INFO  [BrowserSelenium] (initElements) -> Name set to field: 
17:18:22,072 INFO  [BrowserSelenium] (initElements) -> CSS set to field: 
17:18:22,072 INFO  [BrowserSelenium] (initElements) -> XPath set to field: //img[@alt='Add more values']
17:18:22,072 INFO  [BrowserSelenium] (initElements) -> ID set to field: 
17:18:22,072 INFO  [BrowserSelenium] (initElements) -> Name set to field: 
17:18:22,072 INFO  [BrowserSelenium] (initElements) -> CSS set to field: 
17:18:22,072 INFO  [BrowserSelenium] (initElements) -> XPath set to field: //img[@alt='remove this value']
17:18:22,072 INFO  [BrowserSelenium] (initElements) -> ID set to field: 
17:18:22,072 INFO  [BrowserSelenium] (initElements) -> Name set to field: 
17:18:22,072 INFO  [BrowserSelenium] (initElements) -> CSS set to field: 
17:18:22,072 INFO  [BrowserSelenium] (initElements) -> XPath set to field: //span[@id='mandatory-meta-field']/../following::input[1]
17:18:22,072 INFO  [BrowserSelenium] (initElements) -> ID set to field: 
17:18:22,072 INFO  [BrowserSelenium] (initElements) -> Name set to field: 
17:18:22,072 INFO  [BrowserSelenium] (initElements) -> CSS set to field: 
17:18:22,072 INFO  [BrowserSelenium] (initElements) -> XPath set to field: //label[text()='MetaField Type']/following::select[1]
17:18:22,072 INFO  [BrowserSelenium] (initElements) -> ID set to field: 
17:18:22,072 INFO  [BrowserSelenium] (initElements) -> Name set to field: 
17:18:22,072 INFO  [BrowserSelenium] (initElements) -> CSS set to field: 
17:18:22,072 INFO  [BrowserSelenium] (initElements) -> XPath set to field: //a[contains(text(),'Meta Fields')]
17:18:22,072 INFO  [BrowserSelenium] (initElements) -> ID set to field: 
17:18:22,072 INFO  [BrowserSelenium] (initElements) -> Name set to field: 
17:18:22,072 INFO  [BrowserSelenium] (initElements) -> CSS set to field: 
17:18:22,072 INFO  [BrowserSelenium] (initElements) -> XPath set to field: //div[@class='table-box']/table/tbody/tr/td/a/strong
17:18:22,072 INFO  [BrowserSelenium] (initElements) -> ID set to field: 
17:18:22,072 INFO  [BrowserSelenium] (initElements) -> Name set to field: 
17:18:22,072 INFO  [BrowserSelenium] (initElements) -> CSS set to field: 
17:18:22,072 INFO  [BrowserSelenium] (initElements) -> XPath set to field: //ul[@id='metafield-ait']/form[1]//span[text()='Not Mandatory']
17:18:22,072 INFO  [BrowserSelenium] EXIT --> (initElements)
17:18:22,072 INFO  [BrowserSelenium] (_setExtendedTextToXPath) ->  value set
17:18:22,072 INFO  [BrowserSelenium] ENTER --> (_waitForElement) --> Waiting for element: null
17:18:22,072 INFO  [BrowserSelenium] ENTER --> (waitForElement)
17:18:23,132 INFO  [BrowserSelenium] ENTER --> (_getByLocator)
17:18:23,132 INFO  [BrowserSelenium] (_getByLocator) -> Getting locator for null
17:18:23,132 INFO  [BrowserSelenium] (_getByLocator) -> Locator info found for ID attribute as: payment-method-select
17:18:23,132 INFO  [BrowserSelenium] EXIT --> (_getByLocator)
17:18:23,162 INFO  [BrowserSelenium] ENTER --> (_getByLocator)
17:18:23,162 INFO  [BrowserSelenium] (_getByLocator) -> Getting locator for null
17:18:23,162 INFO  [BrowserSelenium] (_getByLocator) -> Locator info found for ID attribute as: payment-method-select
17:18:23,162 INFO  [BrowserSelenium] EXIT --> (_getByLocator)
17:18:23,202 INFO  [BrowserSelenium] (waitForElement) -> element wait eligibility found: true
17:18:23,202 INFO  [BrowserSelenium] ENTER --> (_waitForJStoLoad)
17:18:23,792 INFO  [BrowserSelenium] EXIT --> (_waitForJStoLoad) --> DOM load wait done: true
17:18:23,792 INFO  [BrowserSelenium] (waitForElement) -> element wait eligibility set: true
17:18:23,792 INFO  [BrowserSelenium] EXIT --> (waitForElement)
17:18:23,792 INFO  [BrowserSelenium] EXIT --> (_waitForElement)
17:18:23,802 INFO  [BrowserSelenium] ENTER --> (_getByLocator)
17:18:23,802 INFO  [BrowserSelenium] (_getByLocator) -> Getting locator for null
17:18:23,802 INFO  [BrowserSelenium] (_getByLocator) -> Locator info found for ID attribute as: payment-method-select
17:18:23,802 INFO  [BrowserSelenium] EXIT --> (_getByLocator)
17:18:23,832 INFO  [BrowserSelenium] (getDropDownOptionIsSelected) -> Target Value >>:::::::::::::::   ChequeRCXT
17:18:23,882 INFO  [BrowserSelenium] (getDropDownOptionIsSelected) -> Selected Options >>:::::::::::::::   [[[[[FirefoxDriver: firefox on WINDOWS (4427a933-eb64-4b98-bcf5-dfe621d8ebb5)] -> id: payment-method-select]] -> tag name: option], [[[[FirefoxDriver: firefox on WINDOWS (4427a933-eb64-4b98-bcf5-dfe621d8ebb5)] -> id: payment-method-select]] -> tag name: option], [[[[FirefoxDriver: firefox on WINDOWS (4427a933-eb64-4b98-bcf5-dfe621d8ebb5)] -> id: payment-method-select]] -> tag name: option], [[[[FirefoxDriver: firefox on WINDOWS (4427a933-eb64-4b98-bcf5-dfe621d8ebb5)] -> id: payment-method-select]] -> tag name: option]]
17:18:23,882 INFO  [BrowserSelenium] (getDropDownOptionIsSelected) -> Size of Options List >>:::::::::::::::   4
17:18:23,892 INFO  [BrowserSelenium] (getDropDownOptionIsSelected) -> content >>:::::::::::::::   ChequeRCXTC
17:18:23,902 INFO  [BrowserSelenium] (getDropDownOptionIsSelected) -> content >>:::::::::::::::   ChequeLKC
17:18:23,902 INFO  [BrowserSelenium] (getDropDownOptionIsSelected) -> content >>:::::::::::::::   To All AccountsRZJZG
17:18:23,922 INFO  [BrowserSelenium] (getDropDownOptionIsSelected) -> content >>:::::::::::::::   ChequeNETNE
]]></system-out>
  <system-err><![CDATA[]]></system-err>
</testsuite>
