<?xml version="1.0" encoding="UTF-8"?>
<!-- Generated by org.testng.reporters.JUnitReportReporter -->
<testsuite hostname="360LP" name="com.jbilling.test.verifyConfigureAndEditAccountType" tests="1" failures="0" timestamp="27 Jun 2016 20:42:21 GMT" time="44.753" errors="0">
  <testcase name="testAddAccountType" time="44.753" classname="com.jbilling.test.verifyConfigureAndEditAccountType"/>
</testsuite> <!-- com.jbilling.test.verifyConfigureAndEditAccountType -->
