<?xml version="1.0" encoding="UTF-8"?>
<!-- Generated by org.testng.reporters.JUnitReportReporter -->
<testsuite hostname="Shashank-PC" name="com.jbilling.test.VerifyUserAbleToLoginUsingValidCred" tests="2" failures="0" timestamp="29 Jul 2016 08:59:13 GMT" time="14.561" errors="0">
  <testcase name="TC01_2_loginWithValidCredentials" time="3.600" classname="com.jbilling.test.VerifyUserAbleToLoginUsingValidCred"/>
  <testcase name="TC01_1_loginWithInvalidCredentials" time="10.961" classname="com.jbilling.test.VerifyUserAbleToLoginUsingValidCred"/>
</testsuite> <!-- com.jbilling.test.VerifyUserAbleToLoginUsingValidCred -->
