<?xml version="1.0" encoding="UTF-8"?>
<!-- Generated by org.testng.reporters.JUnitReportReporter -->
<testsuite hostname="360LP" name="com.jbilling.test.SanityTestScript" tests="3" failures="0" timestamp="13 Jul 2016 10:18:07 GMT" time="283.288" errors="0">
  <testcase name="testAddAccountType" time="98.496" classname="com.jbilling.test.SanityTestScript"/>
  <testcase name="testAddInfoToAccountType" time="83.166" classname="com.jbilling.test.SanityTestScript"/>
  <testcase name="testAttachPaymentType" time="101.626" classname="com.jbilling.test.SanityTestScript"/>
</testsuite> <!-- com.jbilling.test.SanityTestScript -->
